2023-06-19 16:30:00,023 - AUGCON - INFO - logger initialized (/home/hjyoon/projects/augcon/config/exp0/finetune_da_false/without_target_domain_PH0038-iygoo/metacpc_perdomain_8421/tgt_target_domain_PH0034-ykha_seed0.yaml.log)
2023-06-19 16:30:00,023 - AUGCON - INFO - ================= Config =================
2023-06-19 16:30:00,023 - AUGCON - INFO -   mode: finetune
2023-06-19 16:30:00,023 - AUGCON - INFO -   seed: 0
2023-06-19 16:30:00,024 - AUGCON - INFO -   gpu: [4]
2023-06-19 16:30:00,024 - AUGCON - INFO -   num_workers: 1
2023-06-19 16:30:00,024 - AUGCON - INFO -   dist_url: tcp://localhost:10001
2023-06-19 16:30:00,024 - AUGCON - INFO -   dataset_name: ichar
2023-06-19 16:30:00,024 - AUGCON - INFO -   train_dataset_path: /mnt/sting/hjyoon/projects/cross/ICHAR/augcon/target_domain_PH0034-ykha/finetune/10shot/target/train.pkl
2023-06-19 16:30:00,024 - AUGCON - INFO -   test_dataset_path: /mnt/sting/hjyoon/projects/cross/ICHAR/augcon/target_domain_PH0034-ykha/finetune/10shot/target/test.pkl
2023-06-19 16:30:00,024 - AUGCON - INFO -   val_dataset_path: /mnt/sting/hjyoon/projects/cross/ICHAR/augcon/target_domain_PH0034-ykha/finetune/10shot/target/val.pkl
2023-06-19 16:30:00,024 - AUGCON - INFO -   input_channels: 3
2023-06-19 16:30:00,024 - AUGCON - INFO -   num_cls: 9
2023-06-19 16:30:00,024 - AUGCON - INFO -   optimizer: adam
2023-06-19 16:30:00,024 - AUGCON - INFO -   criterion: crossentropy
2023-06-19 16:30:00,024 - AUGCON - INFO -   start_epoch: 0
2023-06-19 16:30:00,024 - AUGCON - INFO -   epochs: 50
2023-06-19 16:30:00,024 - AUGCON - INFO -   batch_size: 4
2023-06-19 16:30:00,024 - AUGCON - INFO -   lr: 0.001
2023-06-19 16:30:00,024 - AUGCON - INFO -   wd: 0.0
2023-06-19 16:30:00,024 - AUGCON - INFO -   resume: 
2023-06-19 16:30:00,024 - AUGCON - INFO -   pretrained: /mnt/sting/hjyoon/projects/augcontrast/models/exp0/pretrain/without_target_domain_PH0038-iygoo/metacpc_perdomain_8421/checkpoint_0999.pth.tar
2023-06-19 16:30:00,024 - AUGCON - INFO -   ckpt_dir: /mnt/sting/hjyoon/projects/augcontrast/models/exp0/finetune_da_false/without_target_domain_PH0038-iygoo/metacpc_perdomain_8421/tgt_target_domain_PH0034-ykha_seed0
2023-06-19 16:30:00,024 - AUGCON - INFO -   log_freq: 5
2023-06-19 16:30:00,024 - AUGCON - INFO -   save_freq: 10
2023-06-19 16:30:00,024 - AUGCON - INFO -   pretext: metacpc
2023-06-19 16:30:00,024 - AUGCON - INFO -   enc_blocks: 4
2023-06-19 16:30:00,024 - AUGCON - INFO -   kernel_sizes: [8, 4, 2, 1]
2023-06-19 16:30:00,024 - AUGCON - INFO -   strides: [4, 2, 1, 1]
2023-06-19 16:30:00,024 - AUGCON - INFO -   agg_blocks: 5
2023-06-19 16:30:00,024 - AUGCON - INFO -   z_dim: 256
2023-06-19 16:30:00,024 - AUGCON - INFO -   pooling: mean
2023-06-19 16:30:00,024 - AUGCON - INFO -   pred_steps: 12
2023-06-19 16:30:00,024 - AUGCON - INFO -   n_negatives: 15
2023-06-19 16:30:00,024 - AUGCON - INFO -   offset: 4
2023-06-19 16:30:00,024 - AUGCON - INFO -   domain_adaptation: False
2023-06-19 16:30:00,024 - AUGCON - INFO -   task_steps: 10
2023-06-19 16:30:00,024 - AUGCON - INFO -   task_lr: 0.001
2023-06-19 16:30:00,024 - AUGCON - INFO -   reg_lambda: 0
2023-06-19 16:30:00,024 - AUGCON - INFO -   mlp: False
2023-06-19 16:30:00,024 - AUGCON - INFO -   freeze: True
2023-06-19 16:30:00,024 - AUGCON - INFO -   no_vars: False
2023-06-19 16:30:00,025 - AUGCON - INFO - ==========================================
2023-06-19 16:30:00,025 - AUGCON - INFO - Setting GPUs: [4]
2023-06-19 16:30:00,025 - AUGCON - INFO - GPUs [4] will be used
2023-06-19 16:30:00,025 - AUGCON - WARNING - You have chosen to seed training. 
2023-06-19 16:30:00,025 - AUGCON - WARNING - This will turn on the CUDNN deterministic setting, 
2023-06-19 16:30:00,025 - AUGCON - WARNING - which can slow down your training considerably! 
2023-06-19 16:30:00,025 - AUGCON - WARNING - You may see unexpected behavior when restarting 
2023-06-19 16:30:00,025 - AUGCON - WARNING - from checkpoints.
2023-06-19 16:30:00,061 - AUGCON - INFO - Executing MetaCPC
2023-06-19 16:30:00,062 - AUGCON - INFO - Logs are skipped during training
2023-06-19 16:30:19,246 - AUGCON - INFO - Single GPU is used for training - training 90 instances for each worker
2023-06-19 16:30:19,247 - AUGCON - INFO - Loading pretrained model from checkpoint - /mnt/sting/hjyoon/projects/augcontrast/models/exp0/pretrain/without_target_domain_PH0038-iygoo/metacpc_perdomain_8421/checkpoint_0999.pth.tar
2023-06-19 16:30:19,247 - AUGCON - INFO - Missing keys: []
2023-06-19 16:30:19,247 - AUGCON - INFO - Loading encoder parameters to the classifier
2023-06-19 16:30:19,247 - AUGCON - INFO - Missing keys: ['classifier.block.0.weight', 'classifier.block.0.bias']
2023-06-19 16:30:19,247 - AUGCON - INFO - Epoch [1/50]-(0/22) Loss: 2.0142, Acc(1): 50.00, Acc(5): 75.00
2023-06-19 16:30:19,247 - AUGCON - INFO - Epoch [1/50]-(5/22) Loss: 1.8734, Acc(1): 0.00, Acc(5): 100.00
2023-06-19 16:30:19,247 - AUGCON - INFO - Epoch [1/50]-(10/22) Loss: 2.5524, Acc(1): 0.00, Acc(5): 50.00
2023-06-19 16:30:19,247 - AUGCON - INFO - Epoch [1/50]-(15/22) Loss: 2.5099, Acc(1): 25.00, Acc(5): 50.00
2023-06-19 16:30:19,247 - AUGCON - INFO - Epoch [1/50]-(20/22) Loss: 2.3258, Acc(1): 0.00, Acc(5): 50.00
2023-06-19 16:30:19,247 - AUGCON - INFO - 	Validation Loss: 1.9384, Acc(1): 16.00, Acc(5): 95.00, F1: 0.04, Recall: 0.04, Precision: 0.04
2023-06-19 16:30:19,247 - AUGCON - INFO - Epoch [2/50]-(0/22) Loss: 2.0042, Acc(1): 25.00, Acc(5): 100.00
2023-06-19 16:30:19,247 - AUGCON - INFO - Epoch [2/50]-(5/22) Loss: 1.9453, Acc(1): 0.00, Acc(5): 100.00
2023-06-19 16:30:19,247 - AUGCON - INFO - Epoch [2/50]-(10/22) Loss: 2.0868, Acc(1): 25.00, Acc(5): 50.00
2023-06-19 16:30:19,247 - AUGCON - INFO - Epoch [2/50]-(15/22) Loss: 1.9564, Acc(1): 25.00, Acc(5): 75.00
2023-06-19 16:30:19,247 - AUGCON - INFO - Epoch [2/50]-(20/22) Loss: 1.6215, Acc(1): 75.00, Acc(5): 100.00
2023-06-19 16:30:19,248 - AUGCON - INFO - 	Validation Loss: 1.6809, Acc(1): 51.00, Acc(5): 99.00, F1: 0.12, Recall: 0.13, Precision: 0.11
2023-06-19 16:30:19,248 - AUGCON - INFO - Epoch [3/50]-(0/22) Loss: 1.4671, Acc(1): 50.00, Acc(5): 100.00
2023-06-19 16:30:19,248 - AUGCON - INFO - Epoch [3/50]-(5/22) Loss: 1.6078, Acc(1): 25.00, Acc(5): 100.00
2023-06-19 16:30:19,248 - AUGCON - INFO - Epoch [3/50]-(10/22) Loss: 1.6435, Acc(1): 50.00, Acc(5): 100.00
2023-06-19 16:30:19,248 - AUGCON - INFO - Epoch [3/50]-(15/22) Loss: 1.7828, Acc(1): 25.00, Acc(5): 100.00
2023-06-19 16:30:19,248 - AUGCON - INFO - Epoch [3/50]-(20/22) Loss: 1.7157, Acc(1): 50.00, Acc(5): 100.00
2023-06-19 16:30:19,248 - AUGCON - INFO - 	Validation Loss: 1.5246, Acc(1): 62.00, Acc(5): 97.00, F1: 0.13, Recall: 0.13, Precision: 0.14
2023-06-19 16:30:19,248 - AUGCON - INFO - Epoch [4/50]-(0/22) Loss: 1.5474, Acc(1): 50.00, Acc(5): 100.00
2023-06-19 16:30:19,248 - AUGCON - INFO - Epoch [4/50]-(5/22) Loss: 1.2714, Acc(1): 100.00, Acc(5): 100.00
2023-06-19 16:30:19,248 - AUGCON - INFO - Epoch [4/50]-(10/22) Loss: 1.3029, Acc(1): 100.00, Acc(5): 100.00
2023-06-19 16:30:19,248 - AUGCON - INFO - Epoch [4/50]-(15/22) Loss: 1.4976, Acc(1): 75.00, Acc(5): 100.00
2023-06-19 16:30:19,248 - AUGCON - INFO - Epoch [4/50]-(20/22) Loss: 1.5191, Acc(1): 25.00, Acc(5): 100.00
2023-06-19 16:30:19,249 - AUGCON - INFO - 	Validation Loss: 1.3888, Acc(1): 64.00, Acc(5): 99.00, F1: 0.13, Recall: 0.13, Precision: 0.13
2023-06-19 16:30:19,249 - AUGCON - INFO - Epoch [5/50]-(0/22) Loss: 1.3589, Acc(1): 50.00, Acc(5): 100.00
2023-06-19 16:30:19,249 - AUGCON - INFO - Epoch [5/50]-(5/22) Loss: 1.6720, Acc(1): 50.00, Acc(5): 100.00
2023-06-19 16:30:19,249 - AUGCON - INFO - Epoch [5/50]-(10/22) Loss: 1.8545, Acc(1): 0.00, Acc(5): 75.00
2023-06-19 16:30:19,249 - AUGCON - INFO - Epoch [5/50]-(15/22) Loss: 1.3103, Acc(1): 75.00, Acc(5): 100.00
2023-06-19 16:30:19,249 - AUGCON - INFO - Epoch [5/50]-(20/22) Loss: 1.0560, Acc(1): 100.00, Acc(5): 100.00
2023-06-19 16:30:19,249 - AUGCON - INFO - 	Validation Loss: 1.3440, Acc(1): 62.00, Acc(5): 98.00, F1: 0.13, Recall: 0.13, Precision: 0.13
2023-06-19 16:30:19,249 - AUGCON - INFO - Epoch [6/50]-(0/22) Loss: 1.1135, Acc(1): 100.00, Acc(5): 100.00
2023-06-19 16:30:19,249 - AUGCON - INFO - Epoch [6/50]-(5/22) Loss: 1.5924, Acc(1): 50.00, Acc(5): 100.00
2023-06-19 16:30:19,249 - AUGCON - INFO - Epoch [6/50]-(10/22) Loss: 1.2650, Acc(1): 75.00, Acc(5): 100.00
2023-06-19 16:30:19,249 - AUGCON - INFO - Epoch [6/50]-(15/22) Loss: 1.2694, Acc(1): 25.00, Acc(5): 100.00
2023-06-19 16:30:19,249 - AUGCON - INFO - Epoch [6/50]-(20/22) Loss: 1.2220, Acc(1): 100.00, Acc(5): 100.00
2023-06-19 16:30:19,249 - AUGCON - INFO - 	Validation Loss: 1.2622, Acc(1): 69.00, Acc(5): 98.00, F1: 0.15, Recall: 0.14, Precision: 0.17
2023-06-19 16:30:19,249 - AUGCON - INFO - Epoch [7/50]-(0/22) Loss: 1.3384, Acc(1): 50.00, Acc(5): 100.00
2023-06-19 16:30:19,249 - AUGCON - INFO - Epoch [7/50]-(5/22) Loss: 1.4538, Acc(1): 50.00, Acc(5): 100.00
2023-06-19 16:30:19,250 - AUGCON - INFO - Epoch [7/50]-(10/22) Loss: 1.3224, Acc(1): 25.00, Acc(5): 100.00
2023-06-19 16:30:19,250 - AUGCON - INFO - Epoch [7/50]-(15/22) Loss: 1.3502, Acc(1): 50.00, Acc(5): 100.00
2023-06-19 16:30:19,250 - AUGCON - INFO - Epoch [7/50]-(20/22) Loss: 0.9713, Acc(1): 100.00, Acc(5): 100.00
2023-06-19 16:30:19,250 - AUGCON - INFO - 	Validation Loss: 1.1694, Acc(1): 64.00, Acc(5): 100.00, F1: 0.13, Recall: 0.13, Precision: 0.13
2023-06-19 16:30:19,250 - AUGCON - INFO - Epoch [8/50]-(0/22) Loss: 0.9904, Acc(1): 75.00, Acc(5): 100.00
2023-06-19 16:30:19,250 - AUGCON - INFO - Epoch [8/50]-(5/22) Loss: 1.1123, Acc(1): 75.00, Acc(5): 100.00
2023-06-19 16:30:19,250 - AUGCON - INFO - Epoch [8/50]-(10/22) Loss: 1.7235, Acc(1): 25.00, Acc(5): 100.00
2023-06-19 16:30:19,250 - AUGCON - INFO - Epoch [8/50]-(15/22) Loss: 1.3705, Acc(1): 50.00, Acc(5): 75.00
2023-06-19 16:30:19,250 - AUGCON - INFO - Epoch [8/50]-(20/22) Loss: 1.3135, Acc(1): 50.00, Acc(5): 100.00
2023-06-19 16:30:19,250 - AUGCON - INFO - 	Validation Loss: 1.1119, Acc(1): 67.00, Acc(5): 100.00, F1: 0.14, Recall: 0.14, Precision: 0.14
2023-06-19 16:30:19,250 - AUGCON - INFO - Epoch [9/50]-(0/22) Loss: 0.7815, Acc(1): 100.00, Acc(5): 100.00
2023-06-19 16:30:19,250 - AUGCON - INFO - Epoch [9/50]-(5/22) Loss: 0.8832, Acc(1): 75.00, Acc(5): 100.00
2023-06-19 16:30:19,250 - AUGCON - INFO - Epoch [9/50]-(10/22) Loss: 0.9803, Acc(1): 75.00, Acc(5): 100.00
2023-06-19 16:30:19,250 - AUGCON - INFO - Epoch [9/50]-(15/22) Loss: 1.2501, Acc(1): 25.00, Acc(5): 100.00
2023-06-19 16:30:19,250 - AUGCON - INFO - Epoch [9/50]-(20/22) Loss: 0.9911, Acc(1): 75.00, Acc(5): 100.00
2023-06-19 16:30:19,251 - AUGCON - INFO - 	Validation Loss: 1.0822, Acc(1): 67.00, Acc(5): 100.00, F1: 0.14, Recall: 0.14, Precision: 0.14
2023-06-19 16:30:19,251 - AUGCON - INFO - Epoch [10/50]-(0/22) Loss: 0.9345, Acc(1): 100.00, Acc(5): 100.00
2023-06-19 16:30:19,251 - AUGCON - INFO - Epoch [10/50]-(5/22) Loss: 1.0991, Acc(1): 75.00, Acc(5): 100.00
2023-06-19 16:30:19,251 - AUGCON - INFO - Epoch [10/50]-(10/22) Loss: 1.0471, Acc(1): 50.00, Acc(5): 100.00
2023-06-19 16:30:19,251 - AUGCON - INFO - Epoch [10/50]-(15/22) Loss: 0.7760, Acc(1): 100.00, Acc(5): 100.00
2023-06-19 16:30:19,251 - AUGCON - INFO - Epoch [10/50]-(20/22) Loss: 1.5607, Acc(1): 50.00, Acc(5): 100.00
2023-06-19 16:30:19,251 - AUGCON - INFO - 	Validation Loss: 1.0577, Acc(1): 72.00, Acc(5): 100.00, F1: 0.16, Recall: 0.15, Precision: 0.17
2023-06-19 16:30:19,251 - AUGCON - INFO - Epoch [11/50]-(0/22) Loss: 1.4492, Acc(1): 50.00, Acc(5): 100.00
2023-06-19 16:30:19,251 - AUGCON - INFO - Epoch [11/50]-(5/22) Loss: 1.1404, Acc(1): 75.00, Acc(5): 100.00
2023-06-19 16:30:19,251 - AUGCON - INFO - Epoch [11/50]-(10/22) Loss: 0.9812, Acc(1): 50.00, Acc(5): 100.00
2023-06-19 16:30:19,251 - AUGCON - INFO - Epoch [11/50]-(15/22) Loss: 1.4476, Acc(1): 50.00, Acc(5): 100.00
2023-06-19 16:30:19,251 - AUGCON - INFO - Epoch [11/50]-(20/22) Loss: 0.8282, Acc(1): 75.00, Acc(5): 100.00
2023-06-19 16:30:19,251 - AUGCON - INFO - 	Validation Loss: 1.0042, Acc(1): 67.00, Acc(5): 100.00, F1: 0.13, Recall: 0.14, Precision: 0.13
2023-06-19 16:30:19,251 - AUGCON - INFO - Epoch [12/50]-(0/22) Loss: 0.9845, Acc(1): 75.00, Acc(5): 100.00
2023-06-19 16:30:19,251 - AUGCON - INFO - Epoch [12/50]-(5/22) Loss: 1.0149, Acc(1): 75.00, Acc(5): 100.00
2023-06-19 16:30:19,251 - AUGCON - INFO - Epoch [12/50]-(10/22) Loss: 0.7905, Acc(1): 100.00, Acc(5): 100.00
2023-06-19 16:30:19,252 - AUGCON - INFO - Epoch [12/50]-(15/22) Loss: 0.8858, Acc(1): 75.00, Acc(5): 100.00
2023-06-19 16:30:19,252 - AUGCON - INFO - Epoch [12/50]-(20/22) Loss: 1.2530, Acc(1): 50.00, Acc(5): 100.00
2023-06-19 16:30:19,252 - AUGCON - INFO - 	Validation Loss: 1.0149, Acc(1): 65.00, Acc(5): 100.00, F1: 0.14, Recall: 0.13, Precision: 0.14
2023-06-19 16:30:19,252 - AUGCON - INFO - Epoch [13/50]-(0/22) Loss: 0.7860, Acc(1): 75.00, Acc(5): 100.00
2023-06-19 16:30:19,252 - AUGCON - INFO - Epoch [13/50]-(5/22) Loss: 1.2012, Acc(1): 50.00, Acc(5): 100.00
2023-06-19 16:30:19,252 - AUGCON - INFO - Epoch [13/50]-(10/22) Loss: 0.9433, Acc(1): 75.00, Acc(5): 100.00
2023-06-19 16:30:19,252 - AUGCON - INFO - Epoch [13/50]-(15/22) Loss: 0.7144, Acc(1): 100.00, Acc(5): 100.00
2023-06-19 16:30:19,252 - AUGCON - INFO - Epoch [13/50]-(20/22) Loss: 0.8764, Acc(1): 75.00, Acc(5): 100.00
2023-06-19 16:30:19,252 - AUGCON - INFO - 	Validation Loss: 0.9729, Acc(1): 75.00, Acc(5): 100.00, F1: 0.16, Recall: 0.16, Precision: 0.17
2023-06-19 16:30:19,252 - AUGCON - INFO - Epoch [14/50]-(0/22) Loss: 0.8852, Acc(1): 75.00, Acc(5): 100.00
2023-06-19 16:30:19,252 - AUGCON - INFO - Epoch [14/50]-(5/22) Loss: 0.6734, Acc(1): 100.00, Acc(5): 100.00
2023-06-19 16:30:19,252 - AUGCON - INFO - Epoch [14/50]-(10/22) Loss: 1.1128, Acc(1): 50.00, Acc(5): 75.00
2023-06-19 16:30:19,252 - AUGCON - INFO - Epoch [14/50]-(15/22) Loss: 0.9170, Acc(1): 75.00, Acc(5): 100.00
2023-06-19 16:30:19,252 - AUGCON - INFO - Epoch [14/50]-(20/22) Loss: 1.1242, Acc(1): 50.00, Acc(5): 100.00
2023-06-19 16:30:19,253 - AUGCON - INFO - 	Validation Loss: 0.9501, Acc(1): 62.00, Acc(5): 100.00, F1: 0.12, Recall: 0.13, Precision: 0.11
2023-06-19 16:30:19,253 - AUGCON - INFO - Epoch [15/50]-(0/22) Loss: 0.6719, Acc(1): 100.00, Acc(5): 100.00
2023-06-19 16:30:19,253 - AUGCON - INFO - Epoch [15/50]-(5/22) Loss: 1.0769, Acc(1): 50.00, Acc(5): 100.00
2023-06-19 16:30:19,253 - AUGCON - INFO - Epoch [15/50]-(10/22) Loss: 0.8315, Acc(1): 75.00, Acc(5): 100.00
2023-06-19 16:30:19,253 - AUGCON - INFO - Epoch [15/50]-(15/22) Loss: 1.0604, Acc(1): 75.00, Acc(5): 100.00
2023-06-19 16:30:19,253 - AUGCON - INFO - Epoch [15/50]-(20/22) Loss: 0.9802, Acc(1): 50.00, Acc(5): 100.00
2023-06-19 16:30:19,253 - AUGCON - INFO - 	Validation Loss: 0.9116, Acc(1): 75.00, Acc(5): 100.00, F1: 0.17, Recall: 0.16, Precision: 0.18
2023-06-19 16:30:19,253 - AUGCON - INFO - Epoch [16/50]-(0/22) Loss: 0.5719, Acc(1): 100.00, Acc(5): 100.00
2023-06-19 16:30:19,253 - AUGCON - INFO - Epoch [16/50]-(5/22) Loss: 0.7918, Acc(1): 100.00, Acc(5): 100.00
2023-06-19 16:30:19,253 - AUGCON - INFO - Epoch [16/50]-(10/22) Loss: 1.0718, Acc(1): 50.00, Acc(5): 100.00
2023-06-19 16:30:19,253 - AUGCON - INFO - Epoch [16/50]-(15/22) Loss: 0.8208, Acc(1): 100.00, Acc(5): 100.00
2023-06-19 16:30:19,253 - AUGCON - INFO - Epoch [16/50]-(20/22) Loss: 0.7312, Acc(1): 75.00, Acc(5): 100.00
2023-06-19 16:30:19,253 - AUGCON - INFO - 	Validation Loss: 0.9152, Acc(1): 66.00, Acc(5): 100.00, F1: 0.13, Recall: 0.14, Precision: 0.13
2023-06-19 16:30:19,253 - AUGCON - INFO - Epoch [17/50]-(0/22) Loss: 0.8805, Acc(1): 75.00, Acc(5): 100.00
2023-06-19 16:30:19,253 - AUGCON - INFO - Epoch [17/50]-(5/22) Loss: 0.6218, Acc(1): 100.00, Acc(5): 100.00
2023-06-19 16:30:19,253 - AUGCON - INFO - Epoch [17/50]-(10/22) Loss: 0.8997, Acc(1): 75.00, Acc(5): 100.00
2023-06-19 16:30:19,254 - AUGCON - INFO - Epoch [17/50]-(15/22) Loss: 1.2055, Acc(1): 50.00, Acc(5): 100.00
2023-06-19 16:30:19,254 - AUGCON - INFO - Epoch [17/50]-(20/22) Loss: 0.5972, Acc(1): 100.00, Acc(5): 100.00
2023-06-19 16:30:19,254 - AUGCON - INFO - 	Validation Loss: 0.8826, Acc(1): 74.00, Acc(5): 100.00, F1: 0.16, Recall: 0.16, Precision: 0.17
2023-06-19 16:30:19,254 - AUGCON - INFO - Epoch [18/50]-(0/22) Loss: 1.3500, Acc(1): 50.00, Acc(5): 100.00
2023-06-19 16:30:19,254 - AUGCON - INFO - Epoch [18/50]-(5/22) Loss: 1.3491, Acc(1): 50.00, Acc(5): 100.00
2023-06-19 16:30:19,254 - AUGCON - INFO - Epoch [18/50]-(10/22) Loss: 0.9271, Acc(1): 50.00, Acc(5): 100.00
2023-06-19 16:30:19,254 - AUGCON - INFO - Epoch [18/50]-(15/22) Loss: 0.9706, Acc(1): 75.00, Acc(5): 100.00
2023-06-19 16:30:19,254 - AUGCON - INFO - Epoch [18/50]-(20/22) Loss: 0.6160, Acc(1): 100.00, Acc(5): 100.00
2023-06-19 16:30:19,254 - AUGCON - INFO - 	Validation Loss: 0.8753, Acc(1): 71.00, Acc(5): 100.00, F1: 0.15, Recall: 0.15, Precision: 0.15
2023-06-19 16:30:19,254 - AUGCON - INFO - Epoch [19/50]-(0/22) Loss: 0.6858, Acc(1): 100.00, Acc(5): 100.00
2023-06-19 16:30:19,254 - AUGCON - INFO - Epoch [19/50]-(5/22) Loss: 1.3218, Acc(1): 50.00, Acc(5): 100.00
2023-06-19 16:30:19,254 - AUGCON - INFO - Epoch [19/50]-(10/22) Loss: 1.1146, Acc(1): 50.00, Acc(5): 100.00
2023-06-19 16:30:19,254 - AUGCON - INFO - Epoch [19/50]-(15/22) Loss: 0.9758, Acc(1): 75.00, Acc(5): 100.00
2023-06-19 16:30:19,254 - AUGCON - INFO - Epoch [19/50]-(20/22) Loss: 0.5292, Acc(1): 100.00, Acc(5): 100.00
2023-06-19 16:30:19,254 - AUGCON - INFO - 	Validation Loss: 0.9024, Acc(1): 71.00, Acc(5): 100.00, F1: 0.16, Recall: 0.15, Precision: 0.17
2023-06-19 16:30:19,255 - AUGCON - INFO - Epoch [20/50]-(0/22) Loss: 0.3705, Acc(1): 100.00, Acc(5): 100.00
2023-06-19 16:30:19,255 - AUGCON - INFO - Epoch [20/50]-(5/22) Loss: 0.7134, Acc(1): 75.00, Acc(5): 100.00
2023-06-19 16:30:19,255 - AUGCON - INFO - Epoch [20/50]-(10/22) Loss: 1.0157, Acc(1): 75.00, Acc(5): 100.00
2023-06-19 16:30:19,255 - AUGCON - INFO - Epoch [20/50]-(15/22) Loss: 0.9925, Acc(1): 75.00, Acc(5): 100.00
2023-06-19 16:30:19,255 - AUGCON - INFO - Epoch [20/50]-(20/22) Loss: 0.8240, Acc(1): 75.00, Acc(5): 100.00
2023-06-19 16:30:19,255 - AUGCON - INFO - 	Validation Loss: 0.8602, Acc(1): 73.00, Acc(5): 100.00, F1: 0.16, Recall: 0.15, Precision: 0.17
2023-06-19 16:30:19,255 - AUGCON - INFO - Epoch [21/50]-(0/22) Loss: 0.9006, Acc(1): 75.00, Acc(5): 100.00
2023-06-19 16:30:19,255 - AUGCON - INFO - Epoch [21/50]-(5/22) Loss: 0.8208, Acc(1): 50.00, Acc(5): 100.00
2023-06-19 16:30:19,255 - AUGCON - INFO - Epoch [21/50]-(10/22) Loss: 0.8291, Acc(1): 75.00, Acc(5): 100.00
2023-06-19 16:30:19,255 - AUGCON - INFO - Epoch [21/50]-(15/22) Loss: 0.4496, Acc(1): 100.00, Acc(5): 100.00
2023-06-19 16:30:19,255 - AUGCON - INFO - Epoch [21/50]-(20/22) Loss: 1.0040, Acc(1): 75.00, Acc(5): 100.00
2023-06-19 16:30:19,255 - AUGCON - INFO - 	Validation Loss: 0.8196, Acc(1): 75.00, Acc(5): 100.00, F1: 0.16, Recall: 0.16, Precision: 0.17
2023-06-19 16:30:19,255 - AUGCON - INFO - Epoch [22/50]-(0/22) Loss: 1.1603, Acc(1): 50.00, Acc(5): 100.00
2023-06-19 16:30:19,255 - AUGCON - INFO - Epoch [22/50]-(5/22) Loss: 0.5958, Acc(1): 100.00, Acc(5): 100.00
2023-06-19 16:30:19,256 - AUGCON - INFO - Epoch [22/50]-(10/22) Loss: 0.8394, Acc(1): 75.00, Acc(5): 100.00
2023-06-19 16:30:19,256 - AUGCON - INFO - Epoch [22/50]-(15/22) Loss: 0.9020, Acc(1): 75.00, Acc(5): 100.00
2023-06-19 16:30:19,256 - AUGCON - INFO - Epoch [22/50]-(20/22) Loss: 0.6663, Acc(1): 75.00, Acc(5): 100.00
2023-06-19 16:30:19,256 - AUGCON - INFO - 	Validation Loss: 0.8132, Acc(1): 73.00, Acc(5): 100.00, F1: 0.16, Recall: 0.15, Precision: 0.16
2023-06-19 16:30:19,256 - AUGCON - INFO - Epoch [23/50]-(0/22) Loss: 0.2705, Acc(1): 100.00, Acc(5): 100.00
2023-06-19 16:30:19,256 - AUGCON - INFO - Epoch [23/50]-(5/22) Loss: 0.5151, Acc(1): 100.00, Acc(5): 100.00
2023-06-19 16:30:19,256 - AUGCON - INFO - Epoch [23/50]-(10/22) Loss: 0.4844, Acc(1): 100.00, Acc(5): 100.00
2023-06-19 16:30:19,256 - AUGCON - INFO - Epoch [23/50]-(15/22) Loss: 0.8007, Acc(1): 75.00, Acc(5): 100.00
2023-06-19 16:30:19,256 - AUGCON - INFO - Epoch [23/50]-(20/22) Loss: 0.7374, Acc(1): 75.00, Acc(5): 100.00
2023-06-19 16:30:19,256 - AUGCON - INFO - 	Validation Loss: 0.8173, Acc(1): 68.00, Acc(5): 100.00, F1: 0.14, Recall: 0.14, Precision: 0.14
2023-06-19 16:30:19,256 - AUGCON - INFO - Epoch [24/50]-(0/22) Loss: 0.7210, Acc(1): 75.00, Acc(5): 100.00
2023-06-19 16:30:19,256 - AUGCON - INFO - Epoch [24/50]-(5/22) Loss: 0.8742, Acc(1): 75.00, Acc(5): 100.00
2023-06-19 16:30:19,256 - AUGCON - INFO - Epoch [24/50]-(10/22) Loss: 0.7717, Acc(1): 75.00, Acc(5): 100.00
2023-06-19 16:30:19,256 - AUGCON - INFO - Epoch [24/50]-(15/22) Loss: 0.7218, Acc(1): 75.00, Acc(5): 100.00
2023-06-19 16:30:19,257 - AUGCON - INFO - Epoch [24/50]-(20/22) Loss: 0.8161, Acc(1): 75.00, Acc(5): 100.00
2023-06-19 16:30:19,257 - AUGCON - INFO - 	Validation Loss: 0.7886, Acc(1): 74.00, Acc(5): 100.00, F1: 0.16, Recall: 0.16, Precision: 0.16
2023-06-19 16:30:19,257 - AUGCON - INFO - Epoch [25/50]-(0/22) Loss: 1.0347, Acc(1): 50.00, Acc(5): 100.00
2023-06-19 16:30:19,257 - AUGCON - INFO - Epoch [25/50]-(5/22) Loss: 0.4763, Acc(1): 100.00, Acc(5): 100.00
2023-06-19 16:30:19,257 - AUGCON - INFO - Epoch [25/50]-(10/22) Loss: 0.5936, Acc(1): 100.00, Acc(5): 100.00
2023-06-19 16:30:19,257 - AUGCON - INFO - Epoch [25/50]-(15/22) Loss: 1.0496, Acc(1): 75.00, Acc(5): 100.00
2023-06-19 16:30:19,257 - AUGCON - INFO - Epoch [25/50]-(20/22) Loss: 0.6246, Acc(1): 100.00, Acc(5): 100.00
2023-06-19 16:30:19,257 - AUGCON - INFO - 	Validation Loss: 0.8190, Acc(1): 70.00, Acc(5): 100.00, F1: 0.15, Recall: 0.15, Precision: 0.15
2023-06-19 16:30:19,257 - AUGCON - INFO - Epoch [26/50]-(0/22) Loss: 0.3823, Acc(1): 100.00, Acc(5): 100.00
2023-06-19 16:30:19,257 - AUGCON - INFO - Epoch [26/50]-(5/22) Loss: 0.5524, Acc(1): 100.00, Acc(5): 100.00
2023-06-19 16:30:19,257 - AUGCON - INFO - Epoch [26/50]-(10/22) Loss: 1.2589, Acc(1): 25.00, Acc(5): 100.00
2023-06-19 16:30:19,257 - AUGCON - INFO - Epoch [26/50]-(15/22) Loss: 1.1423, Acc(1): 50.00, Acc(5): 100.00
2023-06-19 16:30:19,257 - AUGCON - INFO - Epoch [26/50]-(20/22) Loss: 1.2131, Acc(1): 50.00, Acc(5): 100.00
2023-06-19 16:30:19,257 - AUGCON - INFO - 	Validation Loss: 0.7579, Acc(1): 74.00, Acc(5): 100.00, F1: 0.16, Recall: 0.16, Precision: 0.16
2023-06-19 16:30:19,257 - AUGCON - INFO - Epoch [27/50]-(0/22) Loss: 0.6520, Acc(1): 75.00, Acc(5): 100.00
2023-06-19 16:30:19,257 - AUGCON - INFO - Epoch [27/50]-(5/22) Loss: 0.6203, Acc(1): 75.00, Acc(5): 100.00
2023-06-19 16:30:19,258 - AUGCON - INFO - Epoch [27/50]-(10/22) Loss: 0.9782, Acc(1): 50.00, Acc(5): 100.00
2023-06-19 16:30:19,258 - AUGCON - INFO - Epoch [27/50]-(15/22) Loss: 0.9499, Acc(1): 75.00, Acc(5): 100.00
2023-06-19 16:30:19,258 - AUGCON - INFO - Epoch [27/50]-(20/22) Loss: 0.5423, Acc(1): 100.00, Acc(5): 100.00
2023-06-19 16:30:19,258 - AUGCON - INFO - 	Validation Loss: 0.7565, Acc(1): 72.00, Acc(5): 100.00, F1: 0.15, Recall: 0.15, Precision: 0.15
2023-06-19 16:30:19,258 - AUGCON - INFO - Epoch [28/50]-(0/22) Loss: 0.7193, Acc(1): 75.00, Acc(5): 100.00
2023-06-19 16:30:19,258 - AUGCON - INFO - Epoch [28/50]-(5/22) Loss: 0.6912, Acc(1): 100.00, Acc(5): 100.00
2023-06-19 16:30:19,258 - AUGCON - INFO - Epoch [28/50]-(10/22) Loss: 0.5890, Acc(1): 75.00, Acc(5): 100.00
2023-06-19 16:30:19,258 - AUGCON - INFO - Epoch [28/50]-(15/22) Loss: 0.5598, Acc(1): 75.00, Acc(5): 100.00
2023-06-19 16:30:19,258 - AUGCON - INFO - Epoch [28/50]-(20/22) Loss: 0.6794, Acc(1): 100.00, Acc(5): 100.00
2023-06-19 16:30:19,258 - AUGCON - INFO - 	Validation Loss: 0.7664, Acc(1): 73.00, Acc(5): 100.00, F1: 0.16, Recall: 0.15, Precision: 0.16
2023-06-19 16:30:19,258 - AUGCON - INFO - Epoch [29/50]-(0/22) Loss: 0.8449, Acc(1): 75.00, Acc(5): 100.00
2023-06-19 16:30:19,258 - AUGCON - INFO - Epoch [29/50]-(5/22) Loss: 1.0481, Acc(1): 50.00, Acc(5): 100.00
2023-06-19 16:30:19,258 - AUGCON - INFO - Epoch [29/50]-(10/22) Loss: 0.4874, Acc(1): 100.00, Acc(5): 100.00
2023-06-19 16:30:19,258 - AUGCON - INFO - Epoch [29/50]-(15/22) Loss: 0.9609, Acc(1): 50.00, Acc(5): 100.00
2023-06-19 16:30:19,258 - AUGCON - INFO - Epoch [29/50]-(20/22) Loss: 1.3153, Acc(1): 50.00, Acc(5): 100.00
2023-06-19 16:30:19,259 - AUGCON - INFO - 	Validation Loss: 0.7866, Acc(1): 73.00, Acc(5): 100.00, F1: 0.16, Recall: 0.15, Precision: 0.16
2023-06-19 16:30:19,259 - AUGCON - INFO - Epoch [30/50]-(0/22) Loss: 0.2887, Acc(1): 100.00, Acc(5): 100.00
2023-06-19 16:30:19,259 - AUGCON - INFO - Epoch [30/50]-(5/22) Loss: 0.4837, Acc(1): 100.00, Acc(5): 100.00
2023-06-19 16:30:19,259 - AUGCON - INFO - Epoch [30/50]-(10/22) Loss: 0.9179, Acc(1): 50.00, Acc(5): 100.00
2023-06-19 16:30:19,259 - AUGCON - INFO - Epoch [30/50]-(15/22) Loss: 0.8465, Acc(1): 75.00, Acc(5): 100.00
2023-06-19 16:30:19,259 - AUGCON - INFO - Epoch [30/50]-(20/22) Loss: 0.7377, Acc(1): 75.00, Acc(5): 100.00
2023-06-19 16:30:19,259 - AUGCON - INFO - 	Validation Loss: 0.7542, Acc(1): 74.00, Acc(5): 100.00, F1: 0.16, Recall: 0.16, Precision: 0.17
2023-06-19 16:30:19,259 - AUGCON - INFO - Epoch [31/50]-(0/22) Loss: 0.7577, Acc(1): 75.00, Acc(5): 100.00
2023-06-19 16:30:19,259 - AUGCON - INFO - Epoch [31/50]-(5/22) Loss: 0.8812, Acc(1): 50.00, Acc(5): 100.00
2023-06-19 16:30:19,259 - AUGCON - INFO - Epoch [31/50]-(10/22) Loss: 0.7904, Acc(1): 75.00, Acc(5): 100.00
2023-06-19 16:30:19,259 - AUGCON - INFO - Epoch [31/50]-(15/22) Loss: 1.0821, Acc(1): 50.00, Acc(5): 100.00
2023-06-19 16:30:19,259 - AUGCON - INFO - Epoch [31/50]-(20/22) Loss: 0.4290, Acc(1): 100.00, Acc(5): 100.00
2023-06-19 16:30:19,259 - AUGCON - INFO - 	Validation Loss: 0.7565, Acc(1): 74.00, Acc(5): 100.00, F1: 0.16, Recall: 0.16, Precision: 0.17
2023-06-19 16:30:19,259 - AUGCON - INFO - Epoch [32/50]-(0/22) Loss: 0.7355, Acc(1): 75.00, Acc(5): 100.00
2023-06-19 16:30:19,259 - AUGCON - INFO - Epoch [32/50]-(5/22) Loss: 1.0685, Acc(1): 50.00, Acc(5): 100.00
2023-06-19 16:30:19,260 - AUGCON - INFO - Epoch [32/50]-(10/22) Loss: 0.4191, Acc(1): 100.00, Acc(5): 100.00
2023-06-19 16:30:19,260 - AUGCON - INFO - Epoch [32/50]-(15/22) Loss: 0.9543, Acc(1): 75.00, Acc(5): 100.00
2023-06-19 16:30:19,260 - AUGCON - INFO - Epoch [32/50]-(20/22) Loss: 0.5455, Acc(1): 100.00, Acc(5): 100.00
2023-06-19 16:30:19,260 - AUGCON - INFO - 	Validation Loss: 0.7569, Acc(1): 67.00, Acc(5): 100.00, F1: 0.14, Recall: 0.14, Precision: 0.14
2023-06-19 16:30:19,260 - AUGCON - INFO - Epoch [33/50]-(0/22) Loss: 0.4210, Acc(1): 100.00, Acc(5): 100.00
2023-06-19 16:30:19,260 - AUGCON - INFO - Epoch [33/50]-(5/22) Loss: 0.2722, Acc(1): 100.00, Acc(5): 100.00
2023-06-19 16:30:19,260 - AUGCON - INFO - Epoch [33/50]-(10/22) Loss: 0.2417, Acc(1): 100.00, Acc(5): 100.00
2023-06-19 16:30:19,260 - AUGCON - INFO - Epoch [33/50]-(15/22) Loss: 1.1597, Acc(1): 50.00, Acc(5): 100.00
2023-06-19 16:30:19,260 - AUGCON - INFO - Epoch [33/50]-(20/22) Loss: 0.7092, Acc(1): 75.00, Acc(5): 100.00
2023-06-19 16:30:19,260 - AUGCON - INFO - 	Validation Loss: 0.7388, Acc(1): 73.00, Acc(5): 100.00, F1: 0.16, Recall: 0.15, Precision: 0.16
2023-06-19 16:30:19,260 - AUGCON - INFO - Epoch [34/50]-(0/22) Loss: 0.7223, Acc(1): 100.00, Acc(5): 100.00
2023-06-19 16:30:19,260 - AUGCON - INFO - Epoch [34/50]-(5/22) Loss: 0.6802, Acc(1): 100.00, Acc(5): 100.00
2023-06-19 16:30:19,260 - AUGCON - INFO - Epoch [34/50]-(10/22) Loss: 0.5873, Acc(1): 75.00, Acc(5): 100.00
2023-06-19 16:30:19,260 - AUGCON - INFO - Epoch [34/50]-(15/22) Loss: 0.7146, Acc(1): 75.00, Acc(5): 100.00
2023-06-19 16:30:19,261 - AUGCON - INFO - Epoch [34/50]-(20/22) Loss: 1.5413, Acc(1): 25.00, Acc(5): 100.00
2023-06-19 16:30:19,261 - AUGCON - INFO - 	Validation Loss: 0.7161, Acc(1): 72.00, Acc(5): 100.00, F1: 0.16, Recall: 0.15, Precision: 0.16
2023-06-19 16:30:19,261 - AUGCON - INFO - Epoch [35/50]-(0/22) Loss: 0.2829, Acc(1): 100.00, Acc(5): 100.00
2023-06-19 16:30:19,261 - AUGCON - INFO - Epoch [35/50]-(5/22) Loss: 0.7927, Acc(1): 75.00, Acc(5): 100.00
2023-06-19 16:30:19,261 - AUGCON - INFO - Epoch [35/50]-(10/22) Loss: 0.5247, Acc(1): 100.00, Acc(5): 100.00
2023-06-19 16:30:19,261 - AUGCON - INFO - Epoch [35/50]-(15/22) Loss: 0.5191, Acc(1): 100.00, Acc(5): 100.00
2023-06-19 16:30:19,261 - AUGCON - INFO - Epoch [35/50]-(20/22) Loss: 0.5442, Acc(1): 75.00, Acc(5): 100.00
2023-06-19 16:30:19,261 - AUGCON - INFO - 	Validation Loss: 0.7005, Acc(1): 73.00, Acc(5): 100.00, F1: 0.16, Recall: 0.15, Precision: 0.16
2023-06-19 16:30:19,261 - AUGCON - INFO - Epoch [36/50]-(0/22) Loss: 0.7690, Acc(1): 75.00, Acc(5): 100.00
2023-06-19 16:30:19,261 - AUGCON - INFO - Epoch [36/50]-(5/22) Loss: 0.5701, Acc(1): 75.00, Acc(5): 100.00
2023-06-19 16:30:19,261 - AUGCON - INFO - Epoch [36/50]-(10/22) Loss: 0.6763, Acc(1): 100.00, Acc(5): 100.00
2023-06-19 16:30:19,261 - AUGCON - INFO - Epoch [36/50]-(15/22) Loss: 0.7298, Acc(1): 75.00, Acc(5): 100.00
2023-06-19 16:30:19,261 - AUGCON - INFO - Epoch [36/50]-(20/22) Loss: 0.8625, Acc(1): 75.00, Acc(5): 100.00
2023-06-19 16:30:19,262 - AUGCON - INFO - 	Validation Loss: 0.7363, Acc(1): 69.00, Acc(5): 100.00, F1: 0.15, Recall: 0.14, Precision: 0.15
2023-06-19 16:30:19,262 - AUGCON - INFO - Epoch [37/50]-(0/22) Loss: 0.4571, Acc(1): 100.00, Acc(5): 100.00
2023-06-19 16:30:19,262 - AUGCON - INFO - Epoch [37/50]-(5/22) Loss: 0.5378, Acc(1): 75.00, Acc(5): 100.00
2023-06-19 16:30:19,262 - AUGCON - INFO - Epoch [37/50]-(10/22) Loss: 0.6601, Acc(1): 75.00, Acc(5): 100.00
2023-06-19 16:30:19,262 - AUGCON - INFO - Epoch [37/50]-(15/22) Loss: 0.6291, Acc(1): 75.00, Acc(5): 100.00
2023-06-19 16:30:19,262 - AUGCON - INFO - Epoch [37/50]-(20/22) Loss: 0.9569, Acc(1): 50.00, Acc(5): 100.00
2023-06-19 16:30:19,262 - AUGCON - INFO - 	Validation Loss: 0.7132, Acc(1): 72.00, Acc(5): 100.00, F1: 0.15, Recall: 0.15, Precision: 0.15
2023-06-19 16:30:19,262 - AUGCON - INFO - Epoch [38/50]-(0/22) Loss: 0.5272, Acc(1): 75.00, Acc(5): 100.00
2023-06-19 16:30:19,262 - AUGCON - INFO - Epoch [38/50]-(5/22) Loss: 0.5468, Acc(1): 100.00, Acc(5): 100.00
2023-06-19 16:30:19,262 - AUGCON - INFO - Epoch [38/50]-(10/22) Loss: 0.9309, Acc(1): 50.00, Acc(5): 100.00
2023-06-19 16:30:19,262 - AUGCON - INFO - Epoch [38/50]-(15/22) Loss: 0.7432, Acc(1): 75.00, Acc(5): 100.00
2023-06-19 16:30:19,262 - AUGCON - INFO - Epoch [38/50]-(20/22) Loss: 0.4594, Acc(1): 100.00, Acc(5): 100.00
2023-06-19 16:30:19,262 - AUGCON - INFO - 	Validation Loss: 0.6787, Acc(1): 72.00, Acc(5): 100.00, F1: 0.16, Recall: 0.15, Precision: 0.16
2023-06-19 16:30:19,262 - AUGCON - INFO - Epoch [39/50]-(0/22) Loss: 0.3061, Acc(1): 100.00, Acc(5): 100.00
2023-06-19 16:30:19,262 - AUGCON - INFO - Epoch [39/50]-(5/22) Loss: 0.4278, Acc(1): 75.00, Acc(5): 100.00
2023-06-19 16:30:19,263 - AUGCON - INFO - Epoch [39/50]-(10/22) Loss: 0.9096, Acc(1): 50.00, Acc(5): 100.00
2023-06-19 16:30:19,263 - AUGCON - INFO - Epoch [39/50]-(15/22) Loss: 0.8343, Acc(1): 75.00, Acc(5): 100.00
2023-06-19 16:30:19,263 - AUGCON - INFO - Epoch [39/50]-(20/22) Loss: 0.3175, Acc(1): 100.00, Acc(5): 100.00
2023-06-19 16:30:19,263 - AUGCON - INFO - 	Validation Loss: 0.7261, Acc(1): 72.00, Acc(5): 100.00, F1: 0.16, Recall: 0.15, Precision: 0.16
2023-06-19 16:30:19,263 - AUGCON - INFO - Epoch [40/50]-(0/22) Loss: 1.0813, Acc(1): 50.00, Acc(5): 100.00
2023-06-19 16:30:19,263 - AUGCON - INFO - Epoch [40/50]-(5/22) Loss: 0.4976, Acc(1): 75.00, Acc(5): 100.00
2023-06-19 16:30:19,263 - AUGCON - INFO - Epoch [40/50]-(10/22) Loss: 1.0428, Acc(1): 75.00, Acc(5): 100.00
2023-06-19 16:30:19,263 - AUGCON - INFO - Epoch [40/50]-(15/22) Loss: 0.6229, Acc(1): 100.00, Acc(5): 100.00
2023-06-19 16:30:19,263 - AUGCON - INFO - Epoch [40/50]-(20/22) Loss: 0.4561, Acc(1): 100.00, Acc(5): 100.00
2023-06-19 16:30:19,263 - AUGCON - INFO - 	Validation Loss: 0.6485, Acc(1): 77.00, Acc(5): 100.00, F1: 0.16, Recall: 0.16, Precision: 0.17
2023-06-19 16:30:19,263 - AUGCON - INFO - Epoch [41/50]-(0/22) Loss: 0.4331, Acc(1): 100.00, Acc(5): 100.00
2023-06-19 16:30:19,263 - AUGCON - INFO - Epoch [41/50]-(5/22) Loss: 0.4077, Acc(1): 100.00, Acc(5): 100.00
2023-06-19 16:30:19,263 - AUGCON - INFO - Epoch [41/50]-(10/22) Loss: 0.2088, Acc(1): 100.00, Acc(5): 100.00
2023-06-19 16:30:19,264 - AUGCON - INFO - Epoch [41/50]-(15/22) Loss: 0.6437, Acc(1): 75.00, Acc(5): 100.00
2023-06-19 16:30:19,264 - AUGCON - INFO - Epoch [41/50]-(20/22) Loss: 0.9505, Acc(1): 50.00, Acc(5): 100.00
2023-06-19 16:30:19,264 - AUGCON - INFO - 	Validation Loss: 0.6906, Acc(1): 69.00, Acc(5): 100.00, F1: 0.15, Recall: 0.14, Precision: 0.15
2023-06-19 16:30:19,264 - AUGCON - INFO - Epoch [42/50]-(0/22) Loss: 0.3695, Acc(1): 100.00, Acc(5): 100.00
2023-06-19 16:30:19,264 - AUGCON - INFO - Epoch [42/50]-(5/22) Loss: 0.6822, Acc(1): 75.00, Acc(5): 100.00
2023-06-19 16:30:19,264 - AUGCON - INFO - Epoch [42/50]-(10/22) Loss: 0.5441, Acc(1): 75.00, Acc(5): 100.00
2023-06-19 16:30:19,264 - AUGCON - INFO - Epoch [42/50]-(15/22) Loss: 0.5541, Acc(1): 75.00, Acc(5): 100.00
2023-06-19 16:30:19,264 - AUGCON - INFO - Epoch [42/50]-(20/22) Loss: 0.8401, Acc(1): 75.00, Acc(5): 100.00
2023-06-19 16:30:19,264 - AUGCON - INFO - 	Validation Loss: 0.6470, Acc(1): 81.00, Acc(5): 100.00, F1: 0.18, Recall: 0.17, Precision: 0.19
2023-06-19 16:30:19,264 - AUGCON - INFO - Epoch [43/50]-(0/22) Loss: 0.2329, Acc(1): 100.00, Acc(5): 100.00
2023-06-19 16:30:19,264 - AUGCON - INFO - Epoch [43/50]-(5/22) Loss: 0.4461, Acc(1): 100.00, Acc(5): 100.00
2023-06-19 16:30:19,264 - AUGCON - INFO - Epoch [43/50]-(10/22) Loss: 0.5505, Acc(1): 75.00, Acc(5): 100.00
2023-06-19 16:30:19,264 - AUGCON - INFO - Epoch [43/50]-(15/22) Loss: 0.6953, Acc(1): 50.00, Acc(5): 100.00
2023-06-19 16:30:19,264 - AUGCON - INFO - Epoch [43/50]-(20/22) Loss: 0.9566, Acc(1): 50.00, Acc(5): 100.00
2023-06-19 16:30:19,264 - AUGCON - INFO - 	Validation Loss: 0.7067, Acc(1): 73.00, Acc(5): 100.00, F1: 0.16, Recall: 0.15, Precision: 0.17
2023-06-19 16:30:19,265 - AUGCON - INFO - Epoch [44/50]-(0/22) Loss: 0.5665, Acc(1): 75.00, Acc(5): 100.00
2023-06-19 16:30:19,265 - AUGCON - INFO - Epoch [44/50]-(5/22) Loss: 1.0067, Acc(1): 50.00, Acc(5): 100.00
2023-06-19 16:30:19,265 - AUGCON - INFO - Epoch [44/50]-(10/22) Loss: 0.4010, Acc(1): 100.00, Acc(5): 100.00
2023-06-19 16:30:19,265 - AUGCON - INFO - Epoch [44/50]-(15/22) Loss: 0.2630, Acc(1): 100.00, Acc(5): 100.00
2023-06-19 16:30:19,265 - AUGCON - INFO - Epoch [44/50]-(20/22) Loss: 0.4267, Acc(1): 100.00, Acc(5): 100.00
2023-06-19 16:30:19,265 - AUGCON - INFO - 	Validation Loss: 0.6544, Acc(1): 75.00, Acc(5): 100.00, F1: 0.16, Recall: 0.16, Precision: 0.17
2023-06-19 16:30:19,265 - AUGCON - INFO - Epoch [45/50]-(0/22) Loss: 0.4989, Acc(1): 75.00, Acc(5): 100.00
2023-06-19 16:30:19,265 - AUGCON - INFO - Epoch [45/50]-(5/22) Loss: 0.2784, Acc(1): 100.00, Acc(5): 100.00
2023-06-19 16:30:19,265 - AUGCON - INFO - Epoch [45/50]-(10/22) Loss: 0.1841, Acc(1): 100.00, Acc(5): 100.00
2023-06-19 16:30:19,265 - AUGCON - INFO - Epoch [45/50]-(15/22) Loss: 0.5272, Acc(1): 100.00, Acc(5): 100.00
2023-06-19 16:30:19,265 - AUGCON - INFO - Epoch [45/50]-(20/22) Loss: 0.6966, Acc(1): 75.00, Acc(5): 100.00
2023-06-19 16:30:19,265 - AUGCON - INFO - 	Validation Loss: 0.6360, Acc(1): 79.00, Acc(5): 100.00, F1: 0.17, Recall: 0.17, Precision: 0.18
2023-06-19 16:30:19,265 - AUGCON - INFO - Epoch [46/50]-(0/22) Loss: 0.3597, Acc(1): 100.00, Acc(5): 100.00
2023-06-19 16:30:19,265 - AUGCON - INFO - Epoch [46/50]-(5/22) Loss: 0.3596, Acc(1): 75.00, Acc(5): 100.00
2023-06-19 16:30:19,266 - AUGCON - INFO - Epoch [46/50]-(10/22) Loss: 0.3558, Acc(1): 100.00, Acc(5): 100.00
2023-06-19 16:30:19,266 - AUGCON - INFO - Epoch [46/50]-(15/22) Loss: 0.7031, Acc(1): 75.00, Acc(5): 100.00
2023-06-19 16:30:19,266 - AUGCON - INFO - Epoch [46/50]-(20/22) Loss: 0.4600, Acc(1): 100.00, Acc(5): 100.00
2023-06-19 16:30:19,266 - AUGCON - INFO - 	Validation Loss: 0.6729, Acc(1): 73.00, Acc(5): 100.00, F1: 0.16, Recall: 0.15, Precision: 0.16
2023-06-19 16:30:19,266 - AUGCON - INFO - Epoch [47/50]-(0/22) Loss: 0.2279, Acc(1): 100.00, Acc(5): 100.00
2023-06-19 16:30:19,266 - AUGCON - INFO - Epoch [47/50]-(5/22) Loss: 0.7990, Acc(1): 75.00, Acc(5): 100.00
2023-06-19 16:30:19,266 - AUGCON - INFO - Epoch [47/50]-(10/22) Loss: 0.7304, Acc(1): 75.00, Acc(5): 100.00
2023-06-19 16:30:19,266 - AUGCON - INFO - Epoch [47/50]-(15/22) Loss: 0.1916, Acc(1): 100.00, Acc(5): 100.00
2023-06-19 16:30:19,266 - AUGCON - INFO - Epoch [47/50]-(20/22) Loss: 0.3931, Acc(1): 75.00, Acc(5): 100.00
2023-06-19 16:30:19,266 - AUGCON - INFO - 	Validation Loss: 0.6561, Acc(1): 79.00, Acc(5): 100.00, F1: 0.17, Recall: 0.17, Precision: 0.18
2023-06-19 16:30:19,266 - AUGCON - INFO - Epoch [48/50]-(0/22) Loss: 0.6726, Acc(1): 75.00, Acc(5): 100.00
2023-06-19 16:30:19,266 - AUGCON - INFO - Epoch [48/50]-(5/22) Loss: 0.3756, Acc(1): 100.00, Acc(5): 100.00
2023-06-19 16:30:19,266 - AUGCON - INFO - Epoch [48/50]-(10/22) Loss: 0.9304, Acc(1): 75.00, Acc(5): 100.00
2023-06-19 16:30:19,266 - AUGCON - INFO - Epoch [48/50]-(15/22) Loss: 0.2778, Acc(1): 100.00, Acc(5): 100.00
2023-06-19 16:30:19,267 - AUGCON - INFO - Epoch [48/50]-(20/22) Loss: 0.7943, Acc(1): 75.00, Acc(5): 100.00
2023-06-19 16:30:19,267 - AUGCON - INFO - 	Validation Loss: 0.6461, Acc(1): 74.00, Acc(5): 100.00, F1: 0.16, Recall: 0.16, Precision: 0.16
2023-06-19 16:30:19,267 - AUGCON - INFO - Epoch [49/50]-(0/22) Loss: 0.7170, Acc(1): 75.00, Acc(5): 100.00
2023-06-19 16:30:19,267 - AUGCON - INFO - Epoch [49/50]-(5/22) Loss: 0.3376, Acc(1): 100.00, Acc(5): 100.00
2023-06-19 16:30:19,267 - AUGCON - INFO - Epoch [49/50]-(10/22) Loss: 1.0729, Acc(1): 75.00, Acc(5): 100.00
2023-06-19 16:30:19,267 - AUGCON - INFO - Epoch [49/50]-(15/22) Loss: 0.7928, Acc(1): 75.00, Acc(5): 100.00
2023-06-19 16:30:19,267 - AUGCON - INFO - Epoch [49/50]-(20/22) Loss: 0.4255, Acc(1): 75.00, Acc(5): 100.00
2023-06-19 16:30:19,267 - AUGCON - INFO - 	Validation Loss: 0.6418, Acc(1): 76.00, Acc(5): 100.00, F1: 0.17, Recall: 0.16, Precision: 0.18
2023-06-19 16:30:19,267 - AUGCON - INFO - Epoch [50/50]-(0/22) Loss: 0.7826, Acc(1): 75.00, Acc(5): 100.00
2023-06-19 16:30:19,267 - AUGCON - INFO - Epoch [50/50]-(5/22) Loss: 0.3962, Acc(1): 100.00, Acc(5): 100.00
2023-06-19 16:30:19,267 - AUGCON - INFO - Epoch [50/50]-(10/22) Loss: 0.5545, Acc(1): 75.00, Acc(5): 100.00
2023-06-19 16:30:19,267 - AUGCON - INFO - Epoch [50/50]-(15/22) Loss: 0.7242, Acc(1): 75.00, Acc(5): 100.00
2023-06-19 16:30:19,268 - AUGCON - INFO - Epoch [50/50]-(20/22) Loss: 0.3328, Acc(1): 100.00, Acc(5): 100.00
2023-06-19 16:30:19,268 - AUGCON - INFO - 	Validation Loss: 0.6288, Acc(1): 77.00, Acc(5): 100.00, F1: 0.17, Recall: 0.16, Precision: 0.17
2023-06-19 16:30:19,268 - AUGCON - INFO - 	Validation Loss: 0.5642, Acc(1): 79.33, Acc(5): 100.00, F1: 0.18, Recall: 0.18, Precision: 0.18
