2023-06-19 16:48:17,081 - AUGCON - INFO - logger initialized (/home/hjyoon/projects/augcon/config/exp0/finetune_da_true/without_target_domain_WA0002-bkkim/metacpc_random_8421/tgt_target_domain_WA4697-jhryu_seed0.yaml.log)
2023-06-19 16:48:17,081 - AUGCON - INFO - ================= Config =================
2023-06-19 16:48:17,081 - AUGCON - INFO -   mode: finetune
2023-06-19 16:48:17,081 - AUGCON - INFO -   seed: 0
2023-06-19 16:48:17,081 - AUGCON - INFO -   gpu: [7]
2023-06-19 16:48:17,081 - AUGCON - INFO -   num_workers: 1
2023-06-19 16:48:17,081 - AUGCON - INFO -   dist_url: tcp://localhost:10001
2023-06-19 16:48:17,081 - AUGCON - INFO -   dataset_name: ichar
2023-06-19 16:48:17,081 - AUGCON - INFO -   train_dataset_path: /mnt/sting/hjyoon/projects/cross/ICHAR/augcon/target_domain_WA4697-jhryu/finetune/10shot/target/train.pkl
2023-06-19 16:48:17,081 - AUGCON - INFO -   test_dataset_path: /mnt/sting/hjyoon/projects/cross/ICHAR/augcon/target_domain_WA4697-jhryu/finetune/10shot/target/test.pkl
2023-06-19 16:48:17,081 - AUGCON - INFO -   val_dataset_path: /mnt/sting/hjyoon/projects/cross/ICHAR/augcon/target_domain_WA4697-jhryu/finetune/10shot/target/val.pkl
2023-06-19 16:48:17,081 - AUGCON - INFO -   input_channels: 3
2023-06-19 16:48:17,081 - AUGCON - INFO -   num_cls: 9
2023-06-19 16:48:17,081 - AUGCON - INFO -   optimizer: adam
2023-06-19 16:48:17,081 - AUGCON - INFO -   criterion: crossentropy
2023-06-19 16:48:17,081 - AUGCON - INFO -   start_epoch: 0
2023-06-19 16:48:17,081 - AUGCON - INFO -   epochs: 50
2023-06-19 16:48:17,081 - AUGCON - INFO -   batch_size: 4
2023-06-19 16:48:17,081 - AUGCON - INFO -   lr: 0.001
2023-06-19 16:48:17,081 - AUGCON - INFO -   wd: 0.0
2023-06-19 16:48:17,081 - AUGCON - INFO -   resume: 
2023-06-19 16:48:17,081 - AUGCON - INFO -   pretrained: /mnt/sting/hjyoon/projects/augcontrast/models/exp0/pretrain/without_target_domain_WA0002-bkkim/metacpc_random_8421/checkpoint_0999.pth.tar
2023-06-19 16:48:17,081 - AUGCON - INFO -   ckpt_dir: /mnt/sting/hjyoon/projects/augcontrast/models/exp0/finetune_da_true/without_target_domain_WA0002-bkkim/metacpc_random_8421/tgt_target_domain_WA4697-jhryu_seed0
2023-06-19 16:48:17,081 - AUGCON - INFO -   log_freq: 5
2023-06-19 16:48:17,081 - AUGCON - INFO -   save_freq: 10
2023-06-19 16:48:17,082 - AUGCON - INFO -   pretext: metacpc
2023-06-19 16:48:17,082 - AUGCON - INFO -   enc_blocks: 4
2023-06-19 16:48:17,082 - AUGCON - INFO -   kernel_sizes: [8, 4, 2, 1]
2023-06-19 16:48:17,082 - AUGCON - INFO -   strides: [4, 2, 1, 1]
2023-06-19 16:48:17,082 - AUGCON - INFO -   agg_blocks: 5
2023-06-19 16:48:17,082 - AUGCON - INFO -   z_dim: 256
2023-06-19 16:48:17,082 - AUGCON - INFO -   pooling: mean
2023-06-19 16:48:17,082 - AUGCON - INFO -   pred_steps: 12
2023-06-19 16:48:17,082 - AUGCON - INFO -   n_negatives: 15
2023-06-19 16:48:17,082 - AUGCON - INFO -   offset: 4
2023-06-19 16:48:17,082 - AUGCON - INFO -   domain_adaptation: True
2023-06-19 16:48:17,082 - AUGCON - INFO -   task_steps: 10
2023-06-19 16:48:17,082 - AUGCON - INFO -   task_lr: 0.001
2023-06-19 16:48:17,082 - AUGCON - INFO -   reg_lambda: 0
2023-06-19 16:48:17,082 - AUGCON - INFO -   mlp: False
2023-06-19 16:48:17,082 - AUGCON - INFO -   freeze: True
2023-06-19 16:48:17,082 - AUGCON - INFO -   no_vars: False
2023-06-19 16:48:17,082 - AUGCON - INFO - ==========================================
2023-06-19 16:48:17,082 - AUGCON - INFO - Setting GPUs: [7]
2023-06-19 16:48:17,082 - AUGCON - INFO - GPUs [7] will be used
2023-06-19 16:48:17,083 - AUGCON - WARNING - You have chosen to seed training. 
2023-06-19 16:48:17,083 - AUGCON - WARNING - This will turn on the CUDNN deterministic setting, 
2023-06-19 16:48:17,083 - AUGCON - WARNING - which can slow down your training considerably! 
2023-06-19 16:48:17,083 - AUGCON - WARNING - You may see unexpected behavior when restarting 
2023-06-19 16:48:17,083 - AUGCON - WARNING - from checkpoints.
2023-06-19 16:48:17,114 - AUGCON - INFO - Executing MetaCPC
2023-06-19 16:48:17,114 - AUGCON - INFO - Logs are skipped during training
2023-06-19 16:48:34,585 - AUGCON - INFO - Single GPU is used for training - training 90 instances for each worker
2023-06-19 16:48:34,585 - AUGCON - INFO - Loading pretrained model from checkpoint - /mnt/sting/hjyoon/projects/augcontrast/models/exp0/pretrain/without_target_domain_WA0002-bkkim/metacpc_random_8421/checkpoint_0999.pth.tar
2023-06-19 16:48:34,585 - AUGCON - INFO - Missing keys: []
2023-06-19 16:48:34,585 - AUGCON - INFO - Perform domain adaptation step
2023-06-19 16:48:34,585 - AUGCON - INFO - 	meta-train [0/10] Loss: 2.2636, Acc(1): 21.71, Acc(5): 71.93
2023-06-19 16:48:34,585 - AUGCON - INFO - 	meta-train [1/10] Loss: 2.2122, Acc(1): 23.36, Acc(5): 73.19
2023-06-19 16:48:34,585 - AUGCON - INFO - 	meta-train [2/10] Loss: 2.2339, Acc(1): 22.29, Acc(5): 71.86
2023-06-19 16:48:34,585 - AUGCON - INFO - 	meta-train [3/10] Loss: 2.1841, Acc(1): 23.74, Acc(5): 74.90
2023-06-19 16:48:34,586 - AUGCON - INFO - 	meta-train [4/10] Loss: 2.1666, Acc(1): 24.04, Acc(5): 74.90
2023-06-19 16:48:34,586 - AUGCON - INFO - 	meta-train [5/10] Loss: 2.1880, Acc(1): 23.88, Acc(5): 74.15
2023-06-19 16:48:34,586 - AUGCON - INFO - 	meta-train [6/10] Loss: 2.1906, Acc(1): 24.55, Acc(5): 73.56
2023-06-19 16:48:34,586 - AUGCON - INFO - 	meta-train [7/10] Loss: 2.1927, Acc(1): 22.91, Acc(5): 73.51
2023-06-19 16:48:34,586 - AUGCON - INFO - 	meta-train [8/10] Loss: 2.1889, Acc(1): 24.02, Acc(5): 74.60
2023-06-19 16:48:34,586 - AUGCON - INFO - 	meta-train [9/10] Loss: 2.1592, Acc(1): 24.53, Acc(5): 75.87
2023-06-19 16:48:34,586 - AUGCON - INFO - Loading encoder parameters to the classifier
2023-06-19 16:48:34,586 - AUGCON - INFO - Missing keys: ['classifier.block.0.weight', 'classifier.block.0.bias']
2023-06-19 16:48:34,586 - AUGCON - INFO - Epoch [1/50]-(0/22) Loss: 2.5061, Acc(1): 25.00, Acc(5): 25.00
2023-06-19 16:48:34,586 - AUGCON - INFO - Epoch [1/50]-(5/22) Loss: 2.2724, Acc(1): 0.00, Acc(5): 50.00
2023-06-19 16:48:34,586 - AUGCON - INFO - Epoch [1/50]-(10/22) Loss: 2.6182, Acc(1): 0.00, Acc(5): 50.00
2023-06-19 16:48:34,586 - AUGCON - INFO - Epoch [1/50]-(15/22) Loss: 2.0875, Acc(1): 25.00, Acc(5): 75.00
2023-06-19 16:48:34,586 - AUGCON - INFO - Epoch [1/50]-(20/22) Loss: 2.4318, Acc(1): 0.00, Acc(5): 25.00
2023-06-19 16:48:34,586 - AUGCON - INFO - 	Validation Loss: 2.1309, Acc(1): 26.00, Acc(5): 62.00, F1: 0.06, Recall: 0.07, Precision: 0.06
2023-06-19 16:48:34,586 - AUGCON - INFO - Epoch [2/50]-(0/22) Loss: 2.2667, Acc(1): 0.00, Acc(5): 50.00
2023-06-19 16:48:34,586 - AUGCON - INFO - Epoch [2/50]-(5/22) Loss: 2.4492, Acc(1): 0.00, Acc(5): 50.00
2023-06-19 16:48:34,587 - AUGCON - INFO - Epoch [2/50]-(10/22) Loss: 2.2674, Acc(1): 25.00, Acc(5): 25.00
2023-06-19 16:48:34,587 - AUGCON - INFO - Epoch [2/50]-(15/22) Loss: 2.1676, Acc(1): 0.00, Acc(5): 75.00
2023-06-19 16:48:34,587 - AUGCON - INFO - Epoch [2/50]-(20/22) Loss: 2.2072, Acc(1): 0.00, Acc(5): 75.00
2023-06-19 16:48:34,587 - AUGCON - INFO - 	Validation Loss: 2.1053, Acc(1): 21.00, Acc(5): 77.00, F1: 0.05, Recall: 0.05, Precision: 0.05
2023-06-19 16:48:34,587 - AUGCON - INFO - Epoch [3/50]-(0/22) Loss: 1.9823, Acc(1): 50.00, Acc(5): 100.00
2023-06-19 16:48:34,587 - AUGCON - INFO - Epoch [3/50]-(5/22) Loss: 1.8909, Acc(1): 50.00, Acc(5): 100.00
2023-06-19 16:48:34,587 - AUGCON - INFO - Epoch [3/50]-(10/22) Loss: 2.4084, Acc(1): 0.00, Acc(5): 25.00
2023-06-19 16:48:34,587 - AUGCON - INFO - Epoch [3/50]-(15/22) Loss: 2.1666, Acc(1): 0.00, Acc(5): 75.00
2023-06-19 16:48:34,587 - AUGCON - INFO - Epoch [3/50]-(20/22) Loss: 2.0671, Acc(1): 25.00, Acc(5): 75.00
2023-06-19 16:48:34,587 - AUGCON - INFO - 	Validation Loss: 2.0404, Acc(1): 17.00, Acc(5): 94.00, F1: 0.05, Recall: 0.04, Precision: 0.05
2023-06-19 16:48:34,587 - AUGCON - INFO - Epoch [4/50]-(0/22) Loss: 2.1177, Acc(1): 0.00, Acc(5): 100.00
2023-06-19 16:48:34,587 - AUGCON - INFO - Epoch [4/50]-(5/22) Loss: 2.1247, Acc(1): 0.00, Acc(5): 100.00
2023-06-19 16:48:34,587 - AUGCON - INFO - Epoch [4/50]-(10/22) Loss: 2.1800, Acc(1): 0.00, Acc(5): 75.00
2023-06-19 16:48:34,587 - AUGCON - INFO - Epoch [4/50]-(15/22) Loss: 1.7200, Acc(1): 75.00, Acc(5): 75.00
2023-06-19 16:48:34,587 - AUGCON - INFO - Epoch [4/50]-(20/22) Loss: 2.1064, Acc(1): 25.00, Acc(5): 100.00
2023-06-19 16:48:34,587 - AUGCON - INFO - 	Validation Loss: 2.0188, Acc(1): 28.00, Acc(5): 78.00, F1: 0.06, Recall: 0.05, Precision: 0.10
2023-06-19 16:48:34,588 - AUGCON - INFO - Epoch [5/50]-(0/22) Loss: 1.9805, Acc(1): 25.00, Acc(5): 100.00
2023-06-19 16:48:34,588 - AUGCON - INFO - Epoch [5/50]-(5/22) Loss: 1.8682, Acc(1): 25.00, Acc(5): 75.00
2023-06-19 16:48:34,588 - AUGCON - INFO - Epoch [5/50]-(10/22) Loss: 1.9797, Acc(1): 50.00, Acc(5): 100.00
2023-06-19 16:48:34,588 - AUGCON - INFO - Epoch [5/50]-(15/22) Loss: 1.9004, Acc(1): 50.00, Acc(5): 100.00
2023-06-19 16:48:34,588 - AUGCON - INFO - Epoch [5/50]-(20/22) Loss: 2.2196, Acc(1): 0.00, Acc(5): 50.00
2023-06-19 16:48:34,588 - AUGCON - INFO - 	Validation Loss: 1.9178, Acc(1): 37.00, Acc(5): 88.00, F1: 0.09, Recall: 0.07, Precision: 0.13
2023-06-19 16:48:34,588 - AUGCON - INFO - Epoch [6/50]-(0/22) Loss: 1.9941, Acc(1): 50.00, Acc(5): 75.00
2023-06-19 16:48:34,588 - AUGCON - INFO - Epoch [6/50]-(5/22) Loss: 2.0108, Acc(1): 25.00, Acc(5): 75.00
2023-06-19 16:48:34,588 - AUGCON - INFO - Epoch [6/50]-(10/22) Loss: 1.8374, Acc(1): 0.00, Acc(5): 100.00
2023-06-19 16:48:34,588 - AUGCON - INFO - Epoch [6/50]-(15/22) Loss: 1.9481, Acc(1): 25.00, Acc(5): 75.00
2023-06-19 16:48:34,588 - AUGCON - INFO - Epoch [6/50]-(20/22) Loss: 1.7277, Acc(1): 50.00, Acc(5): 100.00
2023-06-19 16:48:34,588 - AUGCON - INFO - 	Validation Loss: 1.9087, Acc(1): 35.00, Acc(5): 79.00, F1: 0.08, Recall: 0.07, Precision: 0.11
2023-06-19 16:48:34,588 - AUGCON - INFO - Epoch [7/50]-(0/22) Loss: 1.5982, Acc(1): 50.00, Acc(5): 100.00
2023-06-19 16:48:34,588 - AUGCON - INFO - Epoch [7/50]-(5/22) Loss: 1.7366, Acc(1): 50.00, Acc(5): 75.00
2023-06-19 16:48:34,588 - AUGCON - INFO - Epoch [7/50]-(10/22) Loss: 2.1375, Acc(1): 25.00, Acc(5): 50.00
2023-06-19 16:48:34,589 - AUGCON - INFO - Epoch [7/50]-(15/22) Loss: 2.0866, Acc(1): 0.00, Acc(5): 100.00
2023-06-19 16:48:34,589 - AUGCON - INFO - Epoch [7/50]-(20/22) Loss: 2.0256, Acc(1): 0.00, Acc(5): 100.00
2023-06-19 16:48:34,589 - AUGCON - INFO - 	Validation Loss: 1.8759, Acc(1): 36.00, Acc(5): 96.00, F1: 0.08, Recall: 0.08, Precision: 0.07
2023-06-19 16:48:34,589 - AUGCON - INFO - Epoch [8/50]-(0/22) Loss: 1.8479, Acc(1): 50.00, Acc(5): 100.00
2023-06-19 16:48:34,589 - AUGCON - INFO - Epoch [8/50]-(5/22) Loss: 1.7439, Acc(1): 50.00, Acc(5): 100.00
2023-06-19 16:48:34,589 - AUGCON - INFO - Epoch [8/50]-(10/22) Loss: 1.8954, Acc(1): 25.00, Acc(5): 75.00
2023-06-19 16:48:34,589 - AUGCON - INFO - Epoch [8/50]-(15/22) Loss: 1.9167, Acc(1): 25.00, Acc(5): 100.00
2023-06-19 16:48:34,589 - AUGCON - INFO - Epoch [8/50]-(20/22) Loss: 1.7863, Acc(1): 50.00, Acc(5): 100.00
2023-06-19 16:48:34,589 - AUGCON - INFO - 	Validation Loss: 1.8396, Acc(1): 41.00, Acc(5): 85.00, F1: 0.10, Recall: 0.11, Precision: 0.10
2023-06-19 16:48:34,589 - AUGCON - INFO - Epoch [9/50]-(0/22) Loss: 1.7999, Acc(1): 75.00, Acc(5): 100.00
2023-06-19 16:48:34,589 - AUGCON - INFO - Epoch [9/50]-(5/22) Loss: 1.3993, Acc(1): 75.00, Acc(5): 100.00
2023-06-19 16:48:34,589 - AUGCON - INFO - Epoch [9/50]-(10/22) Loss: 1.8140, Acc(1): 0.00, Acc(5): 100.00
2023-06-19 16:48:34,589 - AUGCON - INFO - Epoch [9/50]-(15/22) Loss: 2.3078, Acc(1): 0.00, Acc(5): 50.00
2023-06-19 16:48:34,589 - AUGCON - INFO - Epoch [9/50]-(20/22) Loss: 1.7889, Acc(1): 25.00, Acc(5): 75.00
2023-06-19 16:48:34,589 - AUGCON - INFO - 	Validation Loss: 1.8052, Acc(1): 37.00, Acc(5): 94.00, F1: 0.10, Recall: 0.07, Precision: 0.15
2023-06-19 16:48:34,590 - AUGCON - INFO - Epoch [10/50]-(0/22) Loss: 1.5621, Acc(1): 25.00, Acc(5): 75.00
2023-06-19 16:48:34,590 - AUGCON - INFO - Epoch [10/50]-(5/22) Loss: 1.0532, Acc(1): 75.00, Acc(5): 100.00
2023-06-19 16:48:34,590 - AUGCON - INFO - Epoch [10/50]-(10/22) Loss: 1.8345, Acc(1): 25.00, Acc(5): 100.00
2023-06-19 16:48:34,590 - AUGCON - INFO - Epoch [10/50]-(15/22) Loss: 1.9659, Acc(1): 25.00, Acc(5): 75.00
2023-06-19 16:48:34,590 - AUGCON - INFO - Epoch [10/50]-(20/22) Loss: 1.6437, Acc(1): 25.00, Acc(5): 100.00
2023-06-19 16:48:34,590 - AUGCON - INFO - 	Validation Loss: 1.7817, Acc(1): 36.00, Acc(5): 88.00, F1: 0.07, Recall: 0.07, Precision: 0.08
2023-06-19 16:48:34,590 - AUGCON - INFO - Epoch [11/50]-(0/22) Loss: 1.7593, Acc(1): 25.00, Acc(5): 100.00
2023-06-19 16:48:34,590 - AUGCON - INFO - Epoch [11/50]-(5/22) Loss: 1.6114, Acc(1): 75.00, Acc(5): 100.00
2023-06-19 16:48:34,590 - AUGCON - INFO - Epoch [11/50]-(10/22) Loss: 1.5865, Acc(1): 50.00, Acc(5): 100.00
2023-06-19 16:48:34,590 - AUGCON - INFO - Epoch [11/50]-(15/22) Loss: 1.9154, Acc(1): 25.00, Acc(5): 100.00
2023-06-19 16:48:34,590 - AUGCON - INFO - Epoch [11/50]-(20/22) Loss: 2.2841, Acc(1): 0.00, Acc(5): 75.00
2023-06-19 16:48:34,590 - AUGCON - INFO - 	Validation Loss: 1.7820, Acc(1): 31.00, Acc(5): 85.00, F1: 0.07, Recall: 0.05, Precision: 0.09
2023-06-19 16:48:34,590 - AUGCON - INFO - Epoch [12/50]-(0/22) Loss: 1.7166, Acc(1): 50.00, Acc(5): 75.00
2023-06-19 16:48:34,590 - AUGCON - INFO - Epoch [12/50]-(5/22) Loss: 1.5533, Acc(1): 50.00, Acc(5): 100.00
2023-06-19 16:48:34,590 - AUGCON - INFO - Epoch [12/50]-(10/22) Loss: 2.0544, Acc(1): 0.00, Acc(5): 100.00
2023-06-19 16:48:34,590 - AUGCON - INFO - Epoch [12/50]-(15/22) Loss: 1.8786, Acc(1): 25.00, Acc(5): 75.00
2023-06-19 16:48:34,591 - AUGCON - INFO - Epoch [12/50]-(20/22) Loss: 1.6120, Acc(1): 25.00, Acc(5): 100.00
2023-06-19 16:48:34,591 - AUGCON - INFO - 	Validation Loss: 1.6981, Acc(1): 46.00, Acc(5): 95.00, F1: 0.12, Recall: 0.10, Precision: 0.14
2023-06-19 16:48:34,591 - AUGCON - INFO - Epoch [13/50]-(0/22) Loss: 1.5346, Acc(1): 50.00, Acc(5): 100.00
2023-06-19 16:48:34,591 - AUGCON - INFO - Epoch [13/50]-(5/22) Loss: 2.0936, Acc(1): 25.00, Acc(5): 50.00
2023-06-19 16:48:34,591 - AUGCON - INFO - Epoch [13/50]-(10/22) Loss: 1.7330, Acc(1): 25.00, Acc(5): 100.00
2023-06-19 16:48:34,591 - AUGCON - INFO - Epoch [13/50]-(15/22) Loss: 1.6899, Acc(1): 50.00, Acc(5): 100.00
2023-06-19 16:48:34,591 - AUGCON - INFO - Epoch [13/50]-(20/22) Loss: 1.2288, Acc(1): 50.00, Acc(5): 100.00
2023-06-19 16:48:34,591 - AUGCON - INFO - 	Validation Loss: 1.7038, Acc(1): 38.00, Acc(5): 97.00, F1: 0.09, Recall: 0.08, Precision: 0.10
2023-06-19 16:48:34,591 - AUGCON - INFO - Epoch [14/50]-(0/22) Loss: 1.8064, Acc(1): 25.00, Acc(5): 100.00
2023-06-19 16:48:34,591 - AUGCON - INFO - Epoch [14/50]-(5/22) Loss: 1.8714, Acc(1): 0.00, Acc(5): 75.00
2023-06-19 16:48:34,591 - AUGCON - INFO - Epoch [14/50]-(10/22) Loss: 1.5784, Acc(1): 25.00, Acc(5): 100.00
2023-06-19 16:48:34,591 - AUGCON - INFO - Epoch [14/50]-(15/22) Loss: 1.7395, Acc(1): 50.00, Acc(5): 100.00
2023-06-19 16:48:34,591 - AUGCON - INFO - Epoch [14/50]-(20/22) Loss: 1.8680, Acc(1): 25.00, Acc(5): 100.00
2023-06-19 16:48:34,591 - AUGCON - INFO - 	Validation Loss: 1.6800, Acc(1): 44.00, Acc(5): 98.00, F1: 0.12, Recall: 0.09, Precision: 0.21
2023-06-19 16:48:34,591 - AUGCON - INFO - Epoch [15/50]-(0/22) Loss: 1.7772, Acc(1): 25.00, Acc(5): 100.00
2023-06-19 16:48:34,591 - AUGCON - INFO - Epoch [15/50]-(5/22) Loss: 1.2765, Acc(1): 75.00, Acc(5): 100.00
2023-06-19 16:48:34,592 - AUGCON - INFO - Epoch [15/50]-(10/22) Loss: 1.6320, Acc(1): 50.00, Acc(5): 75.00
2023-06-19 16:48:34,592 - AUGCON - INFO - Epoch [15/50]-(15/22) Loss: 1.4807, Acc(1): 25.00, Acc(5): 100.00
2023-06-19 16:48:34,592 - AUGCON - INFO - Epoch [15/50]-(20/22) Loss: 1.6317, Acc(1): 50.00, Acc(5): 100.00
2023-06-19 16:48:34,592 - AUGCON - INFO - 	Validation Loss: 1.7067, Acc(1): 55.00, Acc(5): 83.00, F1: 0.13, Recall: 0.12, Precision: 0.15
2023-06-19 16:48:34,592 - AUGCON - INFO - Epoch [16/50]-(0/22) Loss: 1.5117, Acc(1): 50.00, Acc(5): 100.00
2023-06-19 16:48:34,592 - AUGCON - INFO - Epoch [16/50]-(5/22) Loss: 1.8710, Acc(1): 0.00, Acc(5): 75.00
2023-06-19 16:48:34,592 - AUGCON - INFO - Epoch [16/50]-(10/22) Loss: 1.8060, Acc(1): 25.00, Acc(5): 100.00
2023-06-19 16:48:34,592 - AUGCON - INFO - Epoch [16/50]-(15/22) Loss: 1.4844, Acc(1): 25.00, Acc(5): 100.00
2023-06-19 16:48:34,592 - AUGCON - INFO - Epoch [16/50]-(20/22) Loss: 2.1507, Acc(1): 25.00, Acc(5): 50.00
2023-06-19 16:48:34,592 - AUGCON - INFO - 	Validation Loss: 1.6311, Acc(1): 48.00, Acc(5): 96.00, F1: 0.12, Recall: 0.10, Precision: 0.14
2023-06-19 16:48:34,592 - AUGCON - INFO - Epoch [17/50]-(0/22) Loss: 1.4341, Acc(1): 75.00, Acc(5): 100.00
2023-06-19 16:48:34,592 - AUGCON - INFO - Epoch [17/50]-(5/22) Loss: 1.2144, Acc(1): 75.00, Acc(5): 75.00
2023-06-19 16:48:34,592 - AUGCON - INFO - Epoch [17/50]-(10/22) Loss: 1.6709, Acc(1): 50.00, Acc(5): 75.00
2023-06-19 16:48:34,592 - AUGCON - INFO - Epoch [17/50]-(15/22) Loss: 1.0597, Acc(1): 75.00, Acc(5): 100.00
2023-06-19 16:48:34,592 - AUGCON - INFO - Epoch [17/50]-(20/22) Loss: 1.6284, Acc(1): 75.00, Acc(5): 100.00
2023-06-19 16:48:34,593 - AUGCON - INFO - 	Validation Loss: 1.6529, Acc(1): 41.00, Acc(5): 94.00, F1: 0.09, Recall: 0.09, Precision: 0.09
2023-06-19 16:48:34,593 - AUGCON - INFO - Epoch [18/50]-(0/22) Loss: 1.4920, Acc(1): 25.00, Acc(5): 100.00
2023-06-19 16:48:34,593 - AUGCON - INFO - Epoch [18/50]-(5/22) Loss: 1.7991, Acc(1): 25.00, Acc(5): 100.00
2023-06-19 16:48:34,593 - AUGCON - INFO - Epoch [18/50]-(10/22) Loss: 1.0961, Acc(1): 100.00, Acc(5): 100.00
2023-06-19 16:48:34,593 - AUGCON - INFO - Epoch [18/50]-(15/22) Loss: 1.8380, Acc(1): 25.00, Acc(5): 100.00
2023-06-19 16:48:34,593 - AUGCON - INFO - Epoch [18/50]-(20/22) Loss: 1.6167, Acc(1): 50.00, Acc(5): 75.00
2023-06-19 16:48:34,593 - AUGCON - INFO - 	Validation Loss: 1.6474, Acc(1): 41.00, Acc(5): 100.00, F1: 0.10, Recall: 0.11, Precision: 0.09
2023-06-19 16:48:34,593 - AUGCON - INFO - Epoch [19/50]-(0/22) Loss: 1.2475, Acc(1): 75.00, Acc(5): 100.00
2023-06-19 16:48:34,593 - AUGCON - INFO - Epoch [19/50]-(5/22) Loss: 1.8612, Acc(1): 25.00, Acc(5): 100.00
2023-06-19 16:48:34,593 - AUGCON - INFO - Epoch [19/50]-(10/22) Loss: 1.7062, Acc(1): 25.00, Acc(5): 100.00
2023-06-19 16:48:34,593 - AUGCON - INFO - Epoch [19/50]-(15/22) Loss: 1.9750, Acc(1): 0.00, Acc(5): 75.00
2023-06-19 16:48:34,593 - AUGCON - INFO - Epoch [19/50]-(20/22) Loss: 1.5889, Acc(1): 25.00, Acc(5): 75.00
2023-06-19 16:48:34,593 - AUGCON - INFO - 	Validation Loss: 1.6256, Acc(1): 44.00, Acc(5): 83.00, F1: 0.12, Recall: 0.09, Precision: 0.16
2023-06-19 16:48:34,593 - AUGCON - INFO - Epoch [20/50]-(0/22) Loss: 1.4141, Acc(1): 75.00, Acc(5): 100.00
2023-06-19 16:48:34,593 - AUGCON - INFO - Epoch [20/50]-(5/22) Loss: 1.6491, Acc(1): 75.00, Acc(5): 100.00
2023-06-19 16:48:34,594 - AUGCON - INFO - Epoch [20/50]-(10/22) Loss: 1.2814, Acc(1): 25.00, Acc(5): 100.00
2023-06-19 16:48:34,594 - AUGCON - INFO - Epoch [20/50]-(15/22) Loss: 1.3756, Acc(1): 75.00, Acc(5): 100.00
2023-06-19 16:48:34,594 - AUGCON - INFO - Epoch [20/50]-(20/22) Loss: 1.3243, Acc(1): 50.00, Acc(5): 100.00
2023-06-19 16:48:34,594 - AUGCON - INFO - 	Validation Loss: 1.6056, Acc(1): 47.00, Acc(5): 92.00, F1: 0.12, Recall: 0.12, Precision: 0.12
2023-06-19 16:48:34,594 - AUGCON - INFO - Epoch [21/50]-(0/22) Loss: 1.4190, Acc(1): 50.00, Acc(5): 100.00
2023-06-19 16:48:34,594 - AUGCON - INFO - Epoch [21/50]-(5/22) Loss: 1.5117, Acc(1): 50.00, Acc(5): 100.00
2023-06-19 16:48:34,594 - AUGCON - INFO - Epoch [21/50]-(10/22) Loss: 1.2240, Acc(1): 100.00, Acc(5): 100.00
2023-06-19 16:48:34,594 - AUGCON - INFO - Epoch [21/50]-(15/22) Loss: 1.4783, Acc(1): 50.00, Acc(5): 100.00
2023-06-19 16:48:34,594 - AUGCON - INFO - Epoch [21/50]-(20/22) Loss: 1.8251, Acc(1): 0.00, Acc(5): 100.00
2023-06-19 16:48:34,594 - AUGCON - INFO - 	Validation Loss: 1.5892, Acc(1): 52.00, Acc(5): 95.00, F1: 0.14, Recall: 0.11, Precision: 0.18
2023-06-19 16:48:34,594 - AUGCON - INFO - Epoch [22/50]-(0/22) Loss: 1.4196, Acc(1): 75.00, Acc(5): 100.00
2023-06-19 16:48:34,594 - AUGCON - INFO - Epoch [22/50]-(5/22) Loss: 1.7427, Acc(1): 0.00, Acc(5): 100.00
2023-06-19 16:48:34,594 - AUGCON - INFO - Epoch [22/50]-(10/22) Loss: 1.5902, Acc(1): 25.00, Acc(5): 100.00
2023-06-19 16:48:34,594 - AUGCON - INFO - Epoch [22/50]-(15/22) Loss: 1.6919, Acc(1): 50.00, Acc(5): 75.00
2023-06-19 16:48:34,594 - AUGCON - INFO - Epoch [22/50]-(20/22) Loss: 1.3897, Acc(1): 50.00, Acc(5): 100.00
2023-06-19 16:48:34,594 - AUGCON - INFO - 	Validation Loss: 1.5690, Acc(1): 38.00, Acc(5): 94.00, F1: 0.10, Recall: 0.10, Precision: 0.10
2023-06-19 16:48:34,595 - AUGCON - INFO - Epoch [23/50]-(0/22) Loss: 1.4689, Acc(1): 75.00, Acc(5): 100.00
2023-06-19 16:48:34,595 - AUGCON - INFO - Epoch [23/50]-(5/22) Loss: 1.8323, Acc(1): 50.00, Acc(5): 75.00
2023-06-19 16:48:34,595 - AUGCON - INFO - Epoch [23/50]-(10/22) Loss: 1.4412, Acc(1): 75.00, Acc(5): 75.00
2023-06-19 16:48:34,595 - AUGCON - INFO - Epoch [23/50]-(15/22) Loss: 1.4214, Acc(1): 50.00, Acc(5): 100.00
2023-06-19 16:48:34,595 - AUGCON - INFO - Epoch [23/50]-(20/22) Loss: 1.5974, Acc(1): 25.00, Acc(5): 100.00
2023-06-19 16:48:34,595 - AUGCON - INFO - 	Validation Loss: 1.5694, Acc(1): 38.00, Acc(5): 99.00, F1: 0.08, Recall: 0.07, Precision: 0.09
2023-06-19 16:48:34,595 - AUGCON - INFO - Epoch [24/50]-(0/22) Loss: 1.4944, Acc(1): 75.00, Acc(5): 100.00
2023-06-19 16:48:34,595 - AUGCON - INFO - Epoch [24/50]-(5/22) Loss: 1.5707, Acc(1): 75.00, Acc(5): 100.00
2023-06-19 16:48:34,595 - AUGCON - INFO - Epoch [24/50]-(10/22) Loss: 1.3757, Acc(1): 50.00, Acc(5): 100.00
2023-06-19 16:48:34,595 - AUGCON - INFO - Epoch [24/50]-(15/22) Loss: 1.5035, Acc(1): 50.00, Acc(5): 100.00
2023-06-19 16:48:34,595 - AUGCON - INFO - Epoch [24/50]-(20/22) Loss: 1.3326, Acc(1): 50.00, Acc(5): 100.00
2023-06-19 16:48:34,595 - AUGCON - INFO - 	Validation Loss: 1.5420, Acc(1): 41.00, Acc(5): 98.00, F1: 0.10, Recall: 0.10, Precision: 0.09
2023-06-19 16:48:34,595 - AUGCON - INFO - Epoch [25/50]-(0/22) Loss: 1.3298, Acc(1): 75.00, Acc(5): 100.00
2023-06-19 16:48:34,595 - AUGCON - INFO - Epoch [25/50]-(5/22) Loss: 1.4889, Acc(1): 25.00, Acc(5): 100.00
2023-06-19 16:48:34,595 - AUGCON - INFO - Epoch [25/50]-(10/22) Loss: 1.2680, Acc(1): 50.00, Acc(5): 100.00
2023-06-19 16:48:34,595 - AUGCON - INFO - Epoch [25/50]-(15/22) Loss: 1.4707, Acc(1): 25.00, Acc(5): 100.00
2023-06-19 16:48:34,596 - AUGCON - INFO - Epoch [25/50]-(20/22) Loss: 1.4572, Acc(1): 100.00, Acc(5): 100.00
2023-06-19 16:48:34,596 - AUGCON - INFO - 	Validation Loss: 1.5046, Acc(1): 51.00, Acc(5): 97.00, F1: 0.12, Recall: 0.11, Precision: 0.13
2023-06-19 16:48:34,596 - AUGCON - INFO - Epoch [26/50]-(0/22) Loss: 1.1326, Acc(1): 75.00, Acc(5): 100.00
2023-06-19 16:48:34,596 - AUGCON - INFO - Epoch [26/50]-(5/22) Loss: 1.2230, Acc(1): 75.00, Acc(5): 100.00
2023-06-19 16:48:34,596 - AUGCON - INFO - Epoch [26/50]-(10/22) Loss: 1.5936, Acc(1): 50.00, Acc(5): 50.00
2023-06-19 16:48:34,596 - AUGCON - INFO - Epoch [26/50]-(15/22) Loss: 1.4831, Acc(1): 50.00, Acc(5): 100.00
2023-06-19 16:48:34,596 - AUGCON - INFO - Epoch [26/50]-(20/22) Loss: 1.7234, Acc(1): 0.00, Acc(5): 100.00
2023-06-19 16:48:34,596 - AUGCON - INFO - 	Validation Loss: 1.5309, Acc(1): 45.00, Acc(5): 97.00, F1: 0.11, Recall: 0.11, Precision: 0.11
2023-06-19 16:48:34,596 - AUGCON - INFO - Epoch [27/50]-(0/22) Loss: 1.0072, Acc(1): 75.00, Acc(5): 100.00
2023-06-19 16:48:34,596 - AUGCON - INFO - Epoch [27/50]-(5/22) Loss: 1.2602, Acc(1): 100.00, Acc(5): 100.00
2023-06-19 16:48:34,596 - AUGCON - INFO - Epoch [27/50]-(10/22) Loss: 1.8909, Acc(1): 0.00, Acc(5): 75.00
2023-06-19 16:48:34,596 - AUGCON - INFO - Epoch [27/50]-(15/22) Loss: 1.6164, Acc(1): 50.00, Acc(5): 100.00
2023-06-19 16:48:34,596 - AUGCON - INFO - Epoch [27/50]-(20/22) Loss: 1.4414, Acc(1): 25.00, Acc(5): 100.00
2023-06-19 16:48:34,596 - AUGCON - INFO - 	Validation Loss: 1.5184, Acc(1): 39.00, Acc(5): 96.00, F1: 0.10, Recall: 0.09, Precision: 0.10
2023-06-19 16:48:34,596 - AUGCON - INFO - Epoch [28/50]-(0/22) Loss: 1.6987, Acc(1): 0.00, Acc(5): 100.00
2023-06-19 16:48:34,597 - AUGCON - INFO - Epoch [28/50]-(5/22) Loss: 1.0571, Acc(1): 75.00, Acc(5): 75.00
2023-06-19 16:48:34,597 - AUGCON - INFO - Epoch [28/50]-(10/22) Loss: 1.2978, Acc(1): 50.00, Acc(5): 100.00
2023-06-19 16:48:34,597 - AUGCON - INFO - Epoch [28/50]-(15/22) Loss: 2.0269, Acc(1): 25.00, Acc(5): 50.00
2023-06-19 16:48:34,597 - AUGCON - INFO - Epoch [28/50]-(20/22) Loss: 1.6088, Acc(1): 25.00, Acc(5): 75.00
2023-06-19 16:48:34,597 - AUGCON - INFO - 	Validation Loss: 1.5035, Acc(1): 49.00, Acc(5): 92.00, F1: 0.13, Recall: 0.10, Precision: 0.18
2023-06-19 16:48:34,597 - AUGCON - INFO - Epoch [29/50]-(0/22) Loss: 1.4805, Acc(1): 75.00, Acc(5): 100.00
2023-06-19 16:48:34,597 - AUGCON - INFO - Epoch [29/50]-(5/22) Loss: 1.4181, Acc(1): 25.00, Acc(5): 100.00
2023-06-19 16:48:34,597 - AUGCON - INFO - Epoch [29/50]-(10/22) Loss: 1.5844, Acc(1): 25.00, Acc(5): 100.00
2023-06-19 16:48:34,597 - AUGCON - INFO - Epoch [29/50]-(15/22) Loss: 1.7935, Acc(1): 25.00, Acc(5): 100.00
2023-06-19 16:48:34,597 - AUGCON - INFO - Epoch [29/50]-(20/22) Loss: 1.1535, Acc(1): 75.00, Acc(5): 100.00
2023-06-19 16:48:34,597 - AUGCON - INFO - 	Validation Loss: 1.4724, Acc(1): 61.00, Acc(5): 99.00, F1: 0.15, Recall: 0.15, Precision: 0.15
2023-06-19 16:48:34,597 - AUGCON - INFO - Epoch [30/50]-(0/22) Loss: 1.0875, Acc(1): 75.00, Acc(5): 100.00
2023-06-19 16:48:34,597 - AUGCON - INFO - Epoch [30/50]-(5/22) Loss: 0.8215, Acc(1): 100.00, Acc(5): 100.00
2023-06-19 16:48:34,597 - AUGCON - INFO - Epoch [30/50]-(10/22) Loss: 1.1386, Acc(1): 75.00, Acc(5): 100.00
2023-06-19 16:48:34,597 - AUGCON - INFO - Epoch [30/50]-(15/22) Loss: 2.1829, Acc(1): 0.00, Acc(5): 50.00
2023-06-19 16:48:34,598 - AUGCON - INFO - Epoch [30/50]-(20/22) Loss: 1.5913, Acc(1): 25.00, Acc(5): 100.00
2023-06-19 16:48:34,598 - AUGCON - INFO - 	Validation Loss: 1.4630, Acc(1): 50.00, Acc(5): 95.00, F1: 0.13, Recall: 0.10, Precision: 0.19
2023-06-19 16:48:34,598 - AUGCON - INFO - Epoch [31/50]-(0/22) Loss: 1.7129, Acc(1): 50.00, Acc(5): 100.00
2023-06-19 16:48:34,598 - AUGCON - INFO - Epoch [31/50]-(5/22) Loss: 1.4195, Acc(1): 50.00, Acc(5): 100.00
2023-06-19 16:48:34,598 - AUGCON - INFO - Epoch [31/50]-(10/22) Loss: 1.4856, Acc(1): 50.00, Acc(5): 100.00
2023-06-19 16:48:34,598 - AUGCON - INFO - Epoch [31/50]-(15/22) Loss: 1.2989, Acc(1): 50.00, Acc(5): 100.00
2023-06-19 16:48:34,598 - AUGCON - INFO - Epoch [31/50]-(20/22) Loss: 1.4913, Acc(1): 50.00, Acc(5): 100.00
2023-06-19 16:48:34,598 - AUGCON - INFO - 	Validation Loss: 1.4445, Acc(1): 56.00, Acc(5): 100.00, F1: 0.14, Recall: 0.12, Precision: 0.16
2023-06-19 16:48:34,598 - AUGCON - INFO - Epoch [32/50]-(0/22) Loss: 1.1609, Acc(1): 75.00, Acc(5): 100.00
2023-06-19 16:48:34,598 - AUGCON - INFO - Epoch [32/50]-(5/22) Loss: 1.4081, Acc(1): 50.00, Acc(5): 100.00
2023-06-19 16:48:34,598 - AUGCON - INFO - Epoch [32/50]-(10/22) Loss: 1.5261, Acc(1): 50.00, Acc(5): 100.00
2023-06-19 16:48:34,598 - AUGCON - INFO - Epoch [32/50]-(15/22) Loss: 1.4545, Acc(1): 25.00, Acc(5): 100.00
2023-06-19 16:48:34,598 - AUGCON - INFO - Epoch [32/50]-(20/22) Loss: 2.0010, Acc(1): 25.00, Acc(5): 50.00
2023-06-19 16:48:34,598 - AUGCON - INFO - 	Validation Loss: 1.4615, Acc(1): 45.00, Acc(5): 96.00, F1: 0.12, Recall: 0.09, Precision: 0.16
2023-06-19 16:48:34,598 - AUGCON - INFO - Epoch [33/50]-(0/22) Loss: 1.2891, Acc(1): 50.00, Acc(5): 100.00
2023-06-19 16:48:34,598 - AUGCON - INFO - Epoch [33/50]-(5/22) Loss: 1.2161, Acc(1): 25.00, Acc(5): 100.00
2023-06-19 16:48:34,599 - AUGCON - INFO - Epoch [33/50]-(10/22) Loss: 1.1081, Acc(1): 75.00, Acc(5): 100.00
2023-06-19 16:48:34,599 - AUGCON - INFO - Epoch [33/50]-(15/22) Loss: 1.3254, Acc(1): 50.00, Acc(5): 100.00
2023-06-19 16:48:34,599 - AUGCON - INFO - Epoch [33/50]-(20/22) Loss: 1.2502, Acc(1): 50.00, Acc(5): 100.00
2023-06-19 16:48:34,599 - AUGCON - INFO - 	Validation Loss: 1.4626, Acc(1): 56.00, Acc(5): 96.00, F1: 0.13, Recall: 0.13, Precision: 0.13
2023-06-19 16:48:34,599 - AUGCON - INFO - Epoch [34/50]-(0/22) Loss: 1.4576, Acc(1): 50.00, Acc(5): 100.00
2023-06-19 16:48:34,599 - AUGCON - INFO - Epoch [34/50]-(5/22) Loss: 0.8493, Acc(1): 75.00, Acc(5): 100.00
2023-06-19 16:48:34,599 - AUGCON - INFO - Epoch [34/50]-(10/22) Loss: 1.4671, Acc(1): 25.00, Acc(5): 100.00
2023-06-19 16:48:34,599 - AUGCON - INFO - Epoch [34/50]-(15/22) Loss: 1.6433, Acc(1): 25.00, Acc(5): 100.00
2023-06-19 16:48:34,599 - AUGCON - INFO - Epoch [34/50]-(20/22) Loss: 1.3915, Acc(1): 50.00, Acc(5): 100.00
2023-06-19 16:48:34,599 - AUGCON - INFO - 	Validation Loss: 1.4384, Acc(1): 52.00, Acc(5): 97.00, F1: 0.13, Recall: 0.11, Precision: 0.16
2023-06-19 16:48:34,599 - AUGCON - INFO - Epoch [35/50]-(0/22) Loss: 1.8437, Acc(1): 25.00, Acc(5): 75.00
2023-06-19 16:48:34,599 - AUGCON - INFO - Epoch [35/50]-(5/22) Loss: 0.5775, Acc(1): 100.00, Acc(5): 100.00
2023-06-19 16:48:34,599 - AUGCON - INFO - Epoch [35/50]-(10/22) Loss: 1.7281, Acc(1): 50.00, Acc(5): 100.00
2023-06-19 16:48:34,599 - AUGCON - INFO - Epoch [35/50]-(15/22) Loss: 1.3859, Acc(1): 50.00, Acc(5): 75.00
2023-06-19 16:48:34,599 - AUGCON - INFO - Epoch [35/50]-(20/22) Loss: 1.2157, Acc(1): 50.00, Acc(5): 100.00
2023-06-19 16:48:34,599 - AUGCON - INFO - 	Validation Loss: 1.4158, Acc(1): 48.00, Acc(5): 97.00, F1: 0.12, Recall: 0.11, Precision: 0.14
2023-06-19 16:48:34,600 - AUGCON - INFO - Epoch [36/50]-(0/22) Loss: 1.5342, Acc(1): 50.00, Acc(5): 100.00
2023-06-19 16:48:34,600 - AUGCON - INFO - Epoch [36/50]-(5/22) Loss: 0.8913, Acc(1): 75.00, Acc(5): 100.00
2023-06-19 16:48:34,600 - AUGCON - INFO - Epoch [36/50]-(10/22) Loss: 1.0271, Acc(1): 75.00, Acc(5): 100.00
2023-06-19 16:48:34,600 - AUGCON - INFO - Epoch [36/50]-(15/22) Loss: 1.4623, Acc(1): 50.00, Acc(5): 100.00
2023-06-19 16:48:34,600 - AUGCON - INFO - Epoch [36/50]-(20/22) Loss: 1.5237, Acc(1): 25.00, Acc(5): 100.00
2023-06-19 16:48:34,600 - AUGCON - INFO - 	Validation Loss: 1.4339, Acc(1): 44.00, Acc(5): 93.00, F1: 0.11, Recall: 0.11, Precision: 0.12
2023-06-19 16:48:34,600 - AUGCON - INFO - Epoch [37/50]-(0/22) Loss: 1.4480, Acc(1): 50.00, Acc(5): 100.00
2023-06-19 16:48:34,600 - AUGCON - INFO - Epoch [37/50]-(5/22) Loss: 1.2773, Acc(1): 25.00, Acc(5): 100.00
2023-06-19 16:48:34,600 - AUGCON - INFO - Epoch [37/50]-(10/22) Loss: 1.1013, Acc(1): 100.00, Acc(5): 100.00
2023-06-19 16:48:34,600 - AUGCON - INFO - Epoch [37/50]-(15/22) Loss: 0.9302, Acc(1): 75.00, Acc(5): 100.00
2023-06-19 16:48:34,600 - AUGCON - INFO - Epoch [37/50]-(20/22) Loss: 1.7148, Acc(1): 25.00, Acc(5): 100.00
2023-06-19 16:48:34,600 - AUGCON - INFO - 	Validation Loss: 1.4391, Acc(1): 48.00, Acc(5): 94.00, F1: 0.11, Recall: 0.10, Precision: 0.12
2023-06-19 16:48:34,600 - AUGCON - INFO - Epoch [38/50]-(0/22) Loss: 1.0895, Acc(1): 75.00, Acc(5): 100.00
2023-06-19 16:48:34,600 - AUGCON - INFO - Epoch [38/50]-(5/22) Loss: 1.2012, Acc(1): 75.00, Acc(5): 100.00
2023-06-19 16:48:34,600 - AUGCON - INFO - Epoch [38/50]-(10/22) Loss: 1.8048, Acc(1): 50.00, Acc(5): 75.00
2023-06-19 16:48:34,601 - AUGCON - INFO - Epoch [38/50]-(15/22) Loss: 1.4189, Acc(1): 50.00, Acc(5): 100.00
2023-06-19 16:48:34,601 - AUGCON - INFO - Epoch [38/50]-(20/22) Loss: 1.1232, Acc(1): 50.00, Acc(5): 100.00
2023-06-19 16:48:34,601 - AUGCON - INFO - 	Validation Loss: 1.4089, Acc(1): 47.00, Acc(5): 98.00, F1: 0.12, Recall: 0.11, Precision: 0.13
2023-06-19 16:48:34,601 - AUGCON - INFO - Epoch [39/50]-(0/22) Loss: 1.5666, Acc(1): 50.00, Acc(5): 75.00
2023-06-19 16:48:34,601 - AUGCON - INFO - Epoch [39/50]-(5/22) Loss: 1.3661, Acc(1): 50.00, Acc(5): 100.00
2023-06-19 16:48:34,601 - AUGCON - INFO - Epoch [39/50]-(10/22) Loss: 1.2864, Acc(1): 25.00, Acc(5): 100.00
2023-06-19 16:48:34,601 - AUGCON - INFO - Epoch [39/50]-(15/22) Loss: 1.8806, Acc(1): 0.00, Acc(5): 100.00
2023-06-19 16:48:34,601 - AUGCON - INFO - Epoch [39/50]-(20/22) Loss: 0.8144, Acc(1): 75.00, Acc(5): 100.00
2023-06-19 16:48:34,601 - AUGCON - INFO - 	Validation Loss: 1.4098, Acc(1): 45.00, Acc(5): 98.00, F1: 0.11, Recall: 0.11, Precision: 0.11
2023-06-19 16:48:34,601 - AUGCON - INFO - Epoch [40/50]-(0/22) Loss: 1.4730, Acc(1): 50.00, Acc(5): 100.00
2023-06-19 16:48:34,601 - AUGCON - INFO - Epoch [40/50]-(5/22) Loss: 0.9823, Acc(1): 50.00, Acc(5): 100.00
2023-06-19 16:48:34,601 - AUGCON - INFO - Epoch [40/50]-(10/22) Loss: 1.2501, Acc(1): 75.00, Acc(5): 100.00
2023-06-19 16:48:34,601 - AUGCON - INFO - Epoch [40/50]-(15/22) Loss: 1.0421, Acc(1): 75.00, Acc(5): 100.00
2023-06-19 16:48:34,601 - AUGCON - INFO - Epoch [40/50]-(20/22) Loss: 1.3139, Acc(1): 100.00, Acc(5): 100.00
2023-06-19 16:48:34,601 - AUGCON - INFO - 	Validation Loss: 1.4185, Acc(1): 59.00, Acc(5): 97.00, F1: 0.15, Recall: 0.15, Precision: 0.15
2023-06-19 16:48:34,601 - AUGCON - INFO - Epoch [41/50]-(0/22) Loss: 1.1627, Acc(1): 100.00, Acc(5): 100.00
2023-06-19 16:48:34,602 - AUGCON - INFO - Epoch [41/50]-(5/22) Loss: 1.2084, Acc(1): 75.00, Acc(5): 100.00
2023-06-19 16:48:34,602 - AUGCON - INFO - Epoch [41/50]-(10/22) Loss: 1.0418, Acc(1): 100.00, Acc(5): 100.00
2023-06-19 16:48:34,602 - AUGCON - INFO - Epoch [41/50]-(15/22) Loss: 1.5864, Acc(1): 25.00, Acc(5): 100.00
2023-06-19 16:48:34,602 - AUGCON - INFO - Epoch [41/50]-(20/22) Loss: 1.4745, Acc(1): 50.00, Acc(5): 100.00
2023-06-19 16:48:34,602 - AUGCON - INFO - 	Validation Loss: 1.3865, Acc(1): 62.00, Acc(5): 98.00, F1: 0.16, Recall: 0.14, Precision: 0.18
2023-06-19 16:48:34,602 - AUGCON - INFO - Epoch [42/50]-(0/22) Loss: 0.8546, Acc(1): 100.00, Acc(5): 100.00
2023-06-19 16:48:34,602 - AUGCON - INFO - Epoch [42/50]-(5/22) Loss: 1.2646, Acc(1): 25.00, Acc(5): 100.00
2023-06-19 16:48:34,602 - AUGCON - INFO - Epoch [42/50]-(10/22) Loss: 1.4594, Acc(1): 25.00, Acc(5): 100.00
2023-06-19 16:48:34,602 - AUGCON - INFO - Epoch [42/50]-(15/22) Loss: 1.4797, Acc(1): 25.00, Acc(5): 100.00
2023-06-19 16:48:34,602 - AUGCON - INFO - Epoch [42/50]-(20/22) Loss: 1.7368, Acc(1): 75.00, Acc(5): 75.00
2023-06-19 16:48:34,602 - AUGCON - INFO - 	Validation Loss: 1.4020, Acc(1): 52.00, Acc(5): 97.00, F1: 0.12, Recall: 0.12, Precision: 0.13
2023-06-19 16:48:34,602 - AUGCON - INFO - Epoch [43/50]-(0/22) Loss: 0.7682, Acc(1): 75.00, Acc(5): 100.00
2023-06-19 16:48:34,602 - AUGCON - INFO - Epoch [43/50]-(5/22) Loss: 0.9694, Acc(1): 75.00, Acc(5): 100.00
2023-06-19 16:48:34,602 - AUGCON - INFO - Epoch [43/50]-(10/22) Loss: 1.5503, Acc(1): 50.00, Acc(5): 100.00
2023-06-19 16:48:34,602 - AUGCON - INFO - Epoch [43/50]-(15/22) Loss: 1.0306, Acc(1): 75.00, Acc(5): 100.00
2023-06-19 16:48:34,602 - AUGCON - INFO - Epoch [43/50]-(20/22) Loss: 1.6191, Acc(1): 50.00, Acc(5): 75.00
2023-06-19 16:48:34,603 - AUGCON - INFO - 	Validation Loss: 1.3535, Acc(1): 54.00, Acc(5): 97.00, F1: 0.14, Recall: 0.11, Precision: 0.18
2023-06-19 16:48:34,603 - AUGCON - INFO - Epoch [44/50]-(0/22) Loss: 1.7888, Acc(1): 50.00, Acc(5): 75.00
2023-06-19 16:48:34,603 - AUGCON - INFO - Epoch [44/50]-(5/22) Loss: 1.3933, Acc(1): 25.00, Acc(5): 100.00
2023-06-19 16:48:34,603 - AUGCON - INFO - Epoch [44/50]-(10/22) Loss: 1.1700, Acc(1): 50.00, Acc(5): 100.00
2023-06-19 16:48:34,603 - AUGCON - INFO - Epoch [44/50]-(15/22) Loss: 1.9362, Acc(1): 25.00, Acc(5): 75.00
2023-06-19 16:48:34,603 - AUGCON - INFO - Epoch [44/50]-(20/22) Loss: 1.3404, Acc(1): 50.00, Acc(5): 100.00
2023-06-19 16:48:34,603 - AUGCON - INFO - 	Validation Loss: 1.3913, Acc(1): 56.00, Acc(5): 99.00, F1: 0.14, Recall: 0.14, Precision: 0.13
2023-06-19 16:48:34,603 - AUGCON - INFO - Epoch [45/50]-(0/22) Loss: 0.6288, Acc(1): 75.00, Acc(5): 100.00
2023-06-19 16:48:34,603 - AUGCON - INFO - Epoch [45/50]-(5/22) Loss: 1.7217, Acc(1): 25.00, Acc(5): 75.00
2023-06-19 16:48:34,603 - AUGCON - INFO - Epoch [45/50]-(10/22) Loss: 2.0228, Acc(1): 0.00, Acc(5): 100.00
2023-06-19 16:48:34,603 - AUGCON - INFO - Epoch [45/50]-(15/22) Loss: 1.3374, Acc(1): 50.00, Acc(5): 100.00
2023-06-19 16:48:34,603 - AUGCON - INFO - Epoch [45/50]-(20/22) Loss: 1.5908, Acc(1): 25.00, Acc(5): 100.00
2023-06-19 16:48:34,603 - AUGCON - INFO - 	Validation Loss: 1.3587, Acc(1): 48.00, Acc(5): 98.00, F1: 0.12, Recall: 0.10, Precision: 0.16
2023-06-19 16:48:34,603 - AUGCON - INFO - Epoch [46/50]-(0/22) Loss: 1.2027, Acc(1): 50.00, Acc(5): 100.00
2023-06-19 16:48:34,603 - AUGCON - INFO - Epoch [46/50]-(5/22) Loss: 1.4526, Acc(1): 50.00, Acc(5): 100.00
2023-06-19 16:48:34,603 - AUGCON - INFO - Epoch [46/50]-(10/22) Loss: 1.5802, Acc(1): 50.00, Acc(5): 100.00
2023-06-19 16:48:34,604 - AUGCON - INFO - Epoch [46/50]-(15/22) Loss: 1.7657, Acc(1): 75.00, Acc(5): 75.00
2023-06-19 16:48:34,604 - AUGCON - INFO - Epoch [46/50]-(20/22) Loss: 0.7609, Acc(1): 100.00, Acc(5): 100.00
2023-06-19 16:48:34,604 - AUGCON - INFO - 	Validation Loss: 1.3213, Acc(1): 61.00, Acc(5): 98.00, F1: 0.15, Recall: 0.14, Precision: 0.16
2023-06-19 16:48:34,604 - AUGCON - INFO - Epoch [47/50]-(0/22) Loss: 1.7397, Acc(1): 25.00, Acc(5): 75.00
2023-06-19 16:48:34,604 - AUGCON - INFO - Epoch [47/50]-(5/22) Loss: 1.2464, Acc(1): 75.00, Acc(5): 100.00
2023-06-19 16:48:34,604 - AUGCON - INFO - Epoch [47/50]-(10/22) Loss: 1.1598, Acc(1): 50.00, Acc(5): 100.00
2023-06-19 16:48:34,604 - AUGCON - INFO - Epoch [47/50]-(15/22) Loss: 1.2009, Acc(1): 75.00, Acc(5): 75.00
2023-06-19 16:48:34,604 - AUGCON - INFO - Epoch [47/50]-(20/22) Loss: 1.2442, Acc(1): 75.00, Acc(5): 100.00
2023-06-19 16:48:34,604 - AUGCON - INFO - 	Validation Loss: 1.3213, Acc(1): 60.00, Acc(5): 98.00, F1: 0.15, Recall: 0.13, Precision: 0.19
2023-06-19 16:48:34,604 - AUGCON - INFO - Epoch [48/50]-(0/22) Loss: 0.8773, Acc(1): 75.00, Acc(5): 100.00
2023-06-19 16:48:34,604 - AUGCON - INFO - Epoch [48/50]-(5/22) Loss: 1.9953, Acc(1): 50.00, Acc(5): 75.00
2023-06-19 16:48:34,605 - AUGCON - INFO - Epoch [48/50]-(10/22) Loss: 1.0480, Acc(1): 75.00, Acc(5): 100.00
2023-06-19 16:48:34,605 - AUGCON - INFO - Epoch [48/50]-(15/22) Loss: 1.1666, Acc(1): 100.00, Acc(5): 100.00
2023-06-19 16:48:34,605 - AUGCON - INFO - Epoch [48/50]-(20/22) Loss: 1.6377, Acc(1): 25.00, Acc(5): 100.00
2023-06-19 16:48:34,605 - AUGCON - INFO - 	Validation Loss: 1.3656, Acc(1): 49.00, Acc(5): 97.00, F1: 0.12, Recall: 0.10, Precision: 0.14
2023-06-19 16:48:34,605 - AUGCON - INFO - Epoch [49/50]-(0/22) Loss: 1.3904, Acc(1): 50.00, Acc(5): 100.00
2023-06-19 16:48:34,605 - AUGCON - INFO - Epoch [49/50]-(5/22) Loss: 0.8422, Acc(1): 100.00, Acc(5): 100.00
2023-06-19 16:48:34,605 - AUGCON - INFO - Epoch [49/50]-(10/22) Loss: 1.1885, Acc(1): 75.00, Acc(5): 100.00
2023-06-19 16:48:34,605 - AUGCON - INFO - Epoch [49/50]-(15/22) Loss: 1.2599, Acc(1): 75.00, Acc(5): 100.00
2023-06-19 16:48:34,605 - AUGCON - INFO - Epoch [49/50]-(20/22) Loss: 1.6399, Acc(1): 50.00, Acc(5): 75.00
2023-06-19 16:48:34,605 - AUGCON - INFO - 	Validation Loss: 1.2946, Acc(1): 57.00, Acc(5): 97.00, F1: 0.14, Recall: 0.12, Precision: 0.16
2023-06-19 16:48:34,605 - AUGCON - INFO - Epoch [50/50]-(0/22) Loss: 1.3932, Acc(1): 75.00, Acc(5): 75.00
2023-06-19 16:48:34,605 - AUGCON - INFO - Epoch [50/50]-(5/22) Loss: 1.4467, Acc(1): 75.00, Acc(5): 100.00
2023-06-19 16:48:34,605 - AUGCON - INFO - Epoch [50/50]-(10/22) Loss: 0.9850, Acc(1): 75.00, Acc(5): 100.00
2023-06-19 16:48:34,605 - AUGCON - INFO - Epoch [50/50]-(15/22) Loss: 0.9019, Acc(1): 50.00, Acc(5): 100.00
2023-06-19 16:48:34,605 - AUGCON - INFO - Epoch [50/50]-(20/22) Loss: 1.5754, Acc(1): 50.00, Acc(5): 100.00
2023-06-19 16:48:34,605 - AUGCON - INFO - 	Validation Loss: 1.3430, Acc(1): 58.00, Acc(5): 97.00, F1: 0.15, Recall: 0.13, Precision: 0.17
2023-06-19 16:48:34,606 - AUGCON - INFO - 	Validation Loss: 1.3801, Acc(1): 54.33, Acc(5): 95.00, F1: 0.13, Recall: 0.11, Precision: 0.16
