2023-06-19 16:22:44,912 - AUGCON - INFO - logger initialized (/home/hjyoon/projects/augcon/config/exp0/finetune_da_false/without_target_domain_WA0003-hskim/cpc_perdomain_8421/tgt_target_domain_PH0034-ykha_seed0.yaml.log)
2023-06-19 16:22:44,912 - AUGCON - INFO - ================= Config =================
2023-06-19 16:22:44,912 - AUGCON - INFO -   mode: finetune
2023-06-19 16:22:44,912 - AUGCON - INFO -   seed: 0
2023-06-19 16:22:44,912 - AUGCON - INFO -   gpu: [0]
2023-06-19 16:22:44,912 - AUGCON - INFO -   num_workers: 1
2023-06-19 16:22:44,912 - AUGCON - INFO -   dist_url: tcp://localhost:10001
2023-06-19 16:22:44,912 - AUGCON - INFO -   dataset_name: ichar
2023-06-19 16:22:44,912 - AUGCON - INFO -   train_dataset_path: /mnt/sting/hjyoon/projects/cross/ICHAR/augcon/target_domain_PH0034-ykha/finetune/10shot/target/train.pkl
2023-06-19 16:22:44,912 - AUGCON - INFO -   test_dataset_path: /mnt/sting/hjyoon/projects/cross/ICHAR/augcon/target_domain_PH0034-ykha/finetune/10shot/target/test.pkl
2023-06-19 16:22:44,912 - AUGCON - INFO -   val_dataset_path: /mnt/sting/hjyoon/projects/cross/ICHAR/augcon/target_domain_PH0034-ykha/finetune/10shot/target/val.pkl
2023-06-19 16:22:44,912 - AUGCON - INFO -   input_channels: 3
2023-06-19 16:22:44,912 - AUGCON - INFO -   num_cls: 9
2023-06-19 16:22:44,912 - AUGCON - INFO -   optimizer: adam
2023-06-19 16:22:44,912 - AUGCON - INFO -   criterion: crossentropy
2023-06-19 16:22:44,912 - AUGCON - INFO -   start_epoch: 0
2023-06-19 16:22:44,912 - AUGCON - INFO -   epochs: 50
2023-06-19 16:22:44,912 - AUGCON - INFO -   batch_size: 4
2023-06-19 16:22:44,912 - AUGCON - INFO -   lr: 0.001
2023-06-19 16:22:44,912 - AUGCON - INFO -   wd: 0.0
2023-06-19 16:22:44,912 - AUGCON - INFO -   resume: 
2023-06-19 16:22:44,912 - AUGCON - INFO -   pretrained: /mnt/sting/hjyoon/projects/augcontrast/models/exp0/pretrain/without_target_domain_WA0003-hskim/cpc_perdomain_8421//checkpoint_0099.pth.tar
2023-06-19 16:22:44,912 - AUGCON - INFO -   ckpt_dir: /mnt/sting/hjyoon/projects/augcontrast/models/exp0/finetune_da_false/without_target_domain_WA0003-hskim/cpc_perdomain_8421/tgt_target_domain_PH0034-ykha_seed0
2023-06-19 16:22:44,912 - AUGCON - INFO -   log_freq: 5
2023-06-19 16:22:44,912 - AUGCON - INFO -   save_freq: 10
2023-06-19 16:22:44,913 - AUGCON - INFO -   pretext: metacpc
2023-06-19 16:22:44,913 - AUGCON - INFO -   enc_blocks: 4
2023-06-19 16:22:44,913 - AUGCON - INFO -   kernel_sizes: [8, 4, 2, 1]
2023-06-19 16:22:44,913 - AUGCON - INFO -   strides: [4, 2, 1, 1]
2023-06-19 16:22:44,913 - AUGCON - INFO -   agg_blocks: 5
2023-06-19 16:22:44,913 - AUGCON - INFO -   z_dim: 256
2023-06-19 16:22:44,913 - AUGCON - INFO -   pooling: mean
2023-06-19 16:22:44,913 - AUGCON - INFO -   pred_steps: 12
2023-06-19 16:22:44,913 - AUGCON - INFO -   n_negatives: 15
2023-06-19 16:22:44,913 - AUGCON - INFO -   offset: 4
2023-06-19 16:22:44,913 - AUGCON - INFO -   domain_adaptation: False
2023-06-19 16:22:44,913 - AUGCON - INFO -   task_steps: 10
2023-06-19 16:22:44,913 - AUGCON - INFO -   task_lr: 0.001
2023-06-19 16:22:44,913 - AUGCON - INFO -   reg_lambda: 0
2023-06-19 16:22:44,913 - AUGCON - INFO -   mlp: False
2023-06-19 16:22:44,913 - AUGCON - INFO -   freeze: True
2023-06-19 16:22:44,913 - AUGCON - INFO -   no_vars: True
2023-06-19 16:22:44,913 - AUGCON - INFO - ==========================================
2023-06-19 16:22:44,913 - AUGCON - INFO - Setting GPUs: [0]
2023-06-19 16:22:44,913 - AUGCON - INFO - GPUs [0] will be used
2023-06-19 16:22:44,914 - AUGCON - WARNING - You have chosen to seed training. 
2023-06-19 16:22:44,914 - AUGCON - WARNING - This will turn on the CUDNN deterministic setting, 
2023-06-19 16:22:44,914 - AUGCON - WARNING - which can slow down your training considerably! 
2023-06-19 16:22:44,914 - AUGCON - WARNING - You may see unexpected behavior when restarting 
2023-06-19 16:22:44,914 - AUGCON - WARNING - from checkpoints.
2023-06-19 16:22:44,957 - AUGCON - INFO - Executing MetaCPC
2023-06-19 16:22:44,957 - AUGCON - INFO - Logs are skipped during training
2023-06-19 16:23:02,918 - AUGCON - INFO - Single GPU is used for training - training 90 instances for each worker
2023-06-19 16:23:02,918 - AUGCON - INFO - Loading pretrained model from checkpoint - /mnt/sting/hjyoon/projects/augcontrast/models/exp0/pretrain/without_target_domain_WA0003-hskim/cpc_perdomain_8421//checkpoint_0099.pth.tar
2023-06-19 16:23:02,918 - AUGCON - INFO - Missing keys: ['predictor.vars.0', 'predictor.vars.1']
2023-06-19 16:23:02,918 - AUGCON - INFO - Loading encoder parameters to the classifier
2023-06-19 16:23:02,918 - AUGCON - INFO - Missing keys: ['classifier.block.0.weight', 'classifier.block.0.bias']
2023-06-19 16:23:02,918 - AUGCON - INFO - Epoch [1/50]-(0/22) Loss: 2.4520, Acc(1): 0.00, Acc(5): 25.00
2023-06-19 16:23:02,918 - AUGCON - INFO - Epoch [1/50]-(5/22) Loss: 2.0131, Acc(1): 0.00, Acc(5): 100.00
2023-06-19 16:23:02,919 - AUGCON - INFO - Epoch [1/50]-(10/22) Loss: 2.9050, Acc(1): 0.00, Acc(5): 50.00
2023-06-19 16:23:02,919 - AUGCON - INFO - Epoch [1/50]-(15/22) Loss: 2.8277, Acc(1): 25.00, Acc(5): 25.00
2023-06-19 16:23:02,919 - AUGCON - INFO - Epoch [1/50]-(20/22) Loss: 2.3638, Acc(1): 0.00, Acc(5): 100.00
2023-06-19 16:23:02,919 - AUGCON - INFO - 	Validation Loss: 1.6428, Acc(1): 47.00, Acc(5): 100.00, F1: 0.09, Recall: 0.09, Precision: 0.08
2023-06-19 16:23:02,919 - AUGCON - INFO - Epoch [2/50]-(0/22) Loss: 2.0010, Acc(1): 25.00, Acc(5): 100.00
2023-06-19 16:23:02,919 - AUGCON - INFO - Epoch [2/50]-(5/22) Loss: 1.8017, Acc(1): 0.00, Acc(5): 100.00
2023-06-19 16:23:02,919 - AUGCON - INFO - Epoch [2/50]-(10/22) Loss: 1.2420, Acc(1): 75.00, Acc(5): 100.00
2023-06-19 16:23:02,919 - AUGCON - INFO - Epoch [2/50]-(15/22) Loss: 1.3593, Acc(1): 75.00, Acc(5): 100.00
2023-06-19 16:23:02,919 - AUGCON - INFO - Epoch [2/50]-(20/22) Loss: 1.1806, Acc(1): 50.00, Acc(5): 100.00
2023-06-19 16:23:02,919 - AUGCON - INFO - 	Validation Loss: 1.1285, Acc(1): 67.00, Acc(5): 100.00, F1: 0.14, Recall: 0.15, Precision: 0.14
2023-06-19 16:23:02,919 - AUGCON - INFO - Epoch [3/50]-(0/22) Loss: 1.3733, Acc(1): 75.00, Acc(5): 100.00
2023-06-19 16:23:02,920 - AUGCON - INFO - Epoch [3/50]-(5/22) Loss: 1.2630, Acc(1): 100.00, Acc(5): 100.00
2023-06-19 16:23:02,920 - AUGCON - INFO - Epoch [3/50]-(10/22) Loss: 1.6373, Acc(1): 25.00, Acc(5): 100.00
2023-06-19 16:23:02,920 - AUGCON - INFO - Epoch [3/50]-(15/22) Loss: 1.3135, Acc(1): 50.00, Acc(5): 100.00
2023-06-19 16:23:02,920 - AUGCON - INFO - Epoch [3/50]-(20/22) Loss: 0.8952, Acc(1): 75.00, Acc(5): 100.00
2023-06-19 16:23:02,920 - AUGCON - INFO - 	Validation Loss: 0.9120, Acc(1): 78.00, Acc(5): 100.00, F1: 0.17, Recall: 0.17, Precision: 0.17
2023-06-19 16:23:02,920 - AUGCON - INFO - Epoch [4/50]-(0/22) Loss: 1.0322, Acc(1): 50.00, Acc(5): 100.00
2023-06-19 16:23:02,920 - AUGCON - INFO - Epoch [4/50]-(5/22) Loss: 0.4756, Acc(1): 100.00, Acc(5): 100.00
2023-06-19 16:23:02,920 - AUGCON - INFO - Epoch [4/50]-(10/22) Loss: 0.9298, Acc(1): 75.00, Acc(5): 100.00
2023-06-19 16:23:02,920 - AUGCON - INFO - Epoch [4/50]-(15/22) Loss: 0.8687, Acc(1): 100.00, Acc(5): 100.00
2023-06-19 16:23:02,920 - AUGCON - INFO - Epoch [4/50]-(20/22) Loss: 1.0106, Acc(1): 75.00, Acc(5): 100.00
2023-06-19 16:23:02,920 - AUGCON - INFO - 	Validation Loss: 0.7775, Acc(1): 83.00, Acc(5): 100.00, F1: 0.18, Recall: 0.18, Precision: 0.18
2023-06-19 16:23:02,921 - AUGCON - INFO - Epoch [5/50]-(0/22) Loss: 0.7576, Acc(1): 100.00, Acc(5): 100.00
2023-06-19 16:23:02,921 - AUGCON - INFO - Epoch [5/50]-(5/22) Loss: 0.6724, Acc(1): 100.00, Acc(5): 100.00
2023-06-19 16:23:02,921 - AUGCON - INFO - Epoch [5/50]-(10/22) Loss: 1.1817, Acc(1): 50.00, Acc(5): 100.00
2023-06-19 16:23:02,921 - AUGCON - INFO - Epoch [5/50]-(15/22) Loss: 0.7395, Acc(1): 100.00, Acc(5): 100.00
2023-06-19 16:23:02,921 - AUGCON - INFO - Epoch [5/50]-(20/22) Loss: 0.5063, Acc(1): 100.00, Acc(5): 100.00
2023-06-19 16:23:02,921 - AUGCON - INFO - 	Validation Loss: 0.7104, Acc(1): 82.00, Acc(5): 100.00, F1: 0.18, Recall: 0.18, Precision: 0.18
2023-06-19 16:23:02,921 - AUGCON - INFO - Epoch [6/50]-(0/22) Loss: 0.7321, Acc(1): 100.00, Acc(5): 100.00
2023-06-19 16:23:02,921 - AUGCON - INFO - Epoch [6/50]-(5/22) Loss: 0.8427, Acc(1): 75.00, Acc(5): 100.00
2023-06-19 16:23:02,921 - AUGCON - INFO - Epoch [6/50]-(10/22) Loss: 0.6954, Acc(1): 75.00, Acc(5): 100.00
2023-06-19 16:23:02,921 - AUGCON - INFO - Epoch [6/50]-(15/22) Loss: 0.8711, Acc(1): 75.00, Acc(5): 100.00
2023-06-19 16:23:02,921 - AUGCON - INFO - Epoch [6/50]-(20/22) Loss: 0.4800, Acc(1): 100.00, Acc(5): 100.00
2023-06-19 16:23:02,922 - AUGCON - INFO - 	Validation Loss: 0.6616, Acc(1): 87.00, Acc(5): 100.00, F1: 0.19, Recall: 0.19, Precision: 0.20
2023-06-19 16:23:02,922 - AUGCON - INFO - Epoch [7/50]-(0/22) Loss: 0.8046, Acc(1): 75.00, Acc(5): 100.00
2023-06-19 16:23:02,922 - AUGCON - INFO - Epoch [7/50]-(5/22) Loss: 0.7040, Acc(1): 75.00, Acc(5): 100.00
2023-06-19 16:23:02,922 - AUGCON - INFO - Epoch [7/50]-(10/22) Loss: 0.7127, Acc(1): 75.00, Acc(5): 100.00
2023-06-19 16:23:02,922 - AUGCON - INFO - Epoch [7/50]-(15/22) Loss: 0.6442, Acc(1): 75.00, Acc(5): 100.00
2023-06-19 16:23:02,922 - AUGCON - INFO - Epoch [7/50]-(20/22) Loss: 0.7816, Acc(1): 100.00, Acc(5): 100.00
2023-06-19 16:23:02,922 - AUGCON - INFO - 	Validation Loss: 0.6042, Acc(1): 84.00, Acc(5): 100.00, F1: 0.18, Recall: 0.18, Precision: 0.18
2023-06-19 16:23:02,922 - AUGCON - INFO - Epoch [8/50]-(0/22) Loss: 0.7435, Acc(1): 100.00, Acc(5): 100.00
2023-06-19 16:23:02,922 - AUGCON - INFO - Epoch [8/50]-(5/22) Loss: 1.0541, Acc(1): 75.00, Acc(5): 100.00
2023-06-19 16:23:02,922 - AUGCON - INFO - Epoch [8/50]-(10/22) Loss: 0.6231, Acc(1): 100.00, Acc(5): 100.00
2023-06-19 16:23:02,922 - AUGCON - INFO - Epoch [8/50]-(15/22) Loss: 0.8347, Acc(1): 75.00, Acc(5): 100.00
2023-06-19 16:23:02,922 - AUGCON - INFO - Epoch [8/50]-(20/22) Loss: 1.1231, Acc(1): 50.00, Acc(5): 100.00
2023-06-19 16:23:02,923 - AUGCON - INFO - 	Validation Loss: 0.5885, Acc(1): 85.00, Acc(5): 100.00, F1: 0.19, Recall: 0.18, Precision: 0.19
2023-06-19 16:23:02,923 - AUGCON - INFO - Epoch [9/50]-(0/22) Loss: 0.4575, Acc(1): 100.00, Acc(5): 100.00
2023-06-19 16:23:02,923 - AUGCON - INFO - Epoch [9/50]-(5/22) Loss: 0.6407, Acc(1): 100.00, Acc(5): 100.00
2023-06-19 16:23:02,923 - AUGCON - INFO - Epoch [9/50]-(10/22) Loss: 0.3577, Acc(1): 100.00, Acc(5): 100.00
2023-06-19 16:23:02,923 - AUGCON - INFO - Epoch [9/50]-(15/22) Loss: 0.8831, Acc(1): 75.00, Acc(5): 100.00
2023-06-19 16:23:02,923 - AUGCON - INFO - Epoch [9/50]-(20/22) Loss: 0.7193, Acc(1): 75.00, Acc(5): 100.00
2023-06-19 16:23:02,923 - AUGCON - INFO - 	Validation Loss: 0.5707, Acc(1): 82.00, Acc(5): 100.00, F1: 0.18, Recall: 0.18, Precision: 0.18
2023-06-19 16:23:02,923 - AUGCON - INFO - Epoch [10/50]-(0/22) Loss: 0.4911, Acc(1): 100.00, Acc(5): 100.00
2023-06-19 16:23:02,923 - AUGCON - INFO - Epoch [10/50]-(5/22) Loss: 0.6552, Acc(1): 100.00, Acc(5): 100.00
2023-06-19 16:23:02,923 - AUGCON - INFO - Epoch [10/50]-(10/22) Loss: 0.4457, Acc(1): 100.00, Acc(5): 100.00
2023-06-19 16:23:02,923 - AUGCON - INFO - Epoch [10/50]-(15/22) Loss: 0.6559, Acc(1): 75.00, Acc(5): 100.00
2023-06-19 16:23:02,923 - AUGCON - INFO - Epoch [10/50]-(20/22) Loss: 0.9082, Acc(1): 75.00, Acc(5): 100.00
2023-06-19 16:23:02,924 - AUGCON - INFO - 	Validation Loss: 0.5563, Acc(1): 84.00, Acc(5): 100.00, F1: 0.19, Recall: 0.18, Precision: 0.19
2023-06-19 16:23:02,924 - AUGCON - INFO - Epoch [11/50]-(0/22) Loss: 1.1924, Acc(1): 50.00, Acc(5): 100.00
2023-06-19 16:23:02,924 - AUGCON - INFO - Epoch [11/50]-(5/22) Loss: 0.6144, Acc(1): 75.00, Acc(5): 100.00
2023-06-19 16:23:02,924 - AUGCON - INFO - Epoch [11/50]-(10/22) Loss: 0.7914, Acc(1): 50.00, Acc(5): 100.00
2023-06-19 16:23:02,924 - AUGCON - INFO - Epoch [11/50]-(15/22) Loss: 0.4499, Acc(1): 100.00, Acc(5): 100.00
2023-06-19 16:23:02,924 - AUGCON - INFO - Epoch [11/50]-(20/22) Loss: 0.4926, Acc(1): 100.00, Acc(5): 100.00
2023-06-19 16:23:02,924 - AUGCON - INFO - 	Validation Loss: 0.5220, Acc(1): 83.00, Acc(5): 100.00, F1: 0.18, Recall: 0.18, Precision: 0.18
2023-06-19 16:23:02,924 - AUGCON - INFO - Epoch [12/50]-(0/22) Loss: 1.1656, Acc(1): 50.00, Acc(5): 100.00
2023-06-19 16:23:02,924 - AUGCON - INFO - Epoch [12/50]-(5/22) Loss: 0.8202, Acc(1): 75.00, Acc(5): 100.00
2023-06-19 16:23:02,924 - AUGCON - INFO - Epoch [12/50]-(10/22) Loss: 0.4924, Acc(1): 100.00, Acc(5): 100.00
2023-06-19 16:23:02,924 - AUGCON - INFO - Epoch [12/50]-(15/22) Loss: 0.2725, Acc(1): 100.00, Acc(5): 100.00
2023-06-19 16:23:02,925 - AUGCON - INFO - Epoch [12/50]-(20/22) Loss: 0.4843, Acc(1): 100.00, Acc(5): 100.00
2023-06-19 16:23:02,925 - AUGCON - INFO - 	Validation Loss: 0.5122, Acc(1): 82.00, Acc(5): 100.00, F1: 0.18, Recall: 0.18, Precision: 0.17
2023-06-19 16:23:02,925 - AUGCON - INFO - Epoch [13/50]-(0/22) Loss: 0.4925, Acc(1): 75.00, Acc(5): 100.00
2023-06-19 16:23:02,925 - AUGCON - INFO - Epoch [13/50]-(5/22) Loss: 0.8071, Acc(1): 75.00, Acc(5): 100.00
2023-06-19 16:23:02,925 - AUGCON - INFO - Epoch [13/50]-(10/22) Loss: 0.5365, Acc(1): 100.00, Acc(5): 100.00
2023-06-19 16:23:02,925 - AUGCON - INFO - Epoch [13/50]-(15/22) Loss: 0.6375, Acc(1): 100.00, Acc(5): 100.00
2023-06-19 16:23:02,925 - AUGCON - INFO - Epoch [13/50]-(20/22) Loss: 0.2929, Acc(1): 100.00, Acc(5): 100.00
2023-06-19 16:23:02,925 - AUGCON - INFO - 	Validation Loss: 0.4881, Acc(1): 83.00, Acc(5): 100.00, F1: 0.18, Recall: 0.18, Precision: 0.19
2023-06-19 16:23:02,925 - AUGCON - INFO - Epoch [14/50]-(0/22) Loss: 1.0387, Acc(1): 50.00, Acc(5): 100.00
2023-06-19 16:23:02,925 - AUGCON - INFO - Epoch [14/50]-(5/22) Loss: 0.3977, Acc(1): 100.00, Acc(5): 100.00
2023-06-19 16:23:02,925 - AUGCON - INFO - Epoch [14/50]-(10/22) Loss: 0.5489, Acc(1): 75.00, Acc(5): 100.00
2023-06-19 16:23:02,925 - AUGCON - INFO - Epoch [14/50]-(15/22) Loss: 0.5130, Acc(1): 100.00, Acc(5): 100.00
2023-06-19 16:23:02,926 - AUGCON - INFO - Epoch [14/50]-(20/22) Loss: 0.5359, Acc(1): 100.00, Acc(5): 100.00
2023-06-19 16:23:02,926 - AUGCON - INFO - 	Validation Loss: 0.4973, Acc(1): 81.00, Acc(5): 100.00, F1: 0.17, Recall: 0.17, Precision: 0.17
2023-06-19 16:23:02,926 - AUGCON - INFO - Epoch [15/50]-(0/22) Loss: 0.3648, Acc(1): 100.00, Acc(5): 100.00
2023-06-19 16:23:02,926 - AUGCON - INFO - Epoch [15/50]-(5/22) Loss: 1.0693, Acc(1): 50.00, Acc(5): 100.00
2023-06-19 16:23:02,926 - AUGCON - INFO - Epoch [15/50]-(10/22) Loss: 0.4447, Acc(1): 100.00, Acc(5): 100.00
2023-06-19 16:23:02,926 - AUGCON - INFO - Epoch [15/50]-(15/22) Loss: 0.4176, Acc(1): 100.00, Acc(5): 100.00
2023-06-19 16:23:02,926 - AUGCON - INFO - Epoch [15/50]-(20/22) Loss: 0.4534, Acc(1): 100.00, Acc(5): 100.00
2023-06-19 16:23:02,926 - AUGCON - INFO - 	Validation Loss: 0.4732, Acc(1): 86.00, Acc(5): 100.00, F1: 0.19, Recall: 0.19, Precision: 0.19
2023-06-19 16:23:02,926 - AUGCON - INFO - Epoch [16/50]-(0/22) Loss: 0.2213, Acc(1): 100.00, Acc(5): 100.00
2023-06-19 16:23:02,926 - AUGCON - INFO - Epoch [16/50]-(5/22) Loss: 0.3780, Acc(1): 100.00, Acc(5): 100.00
2023-06-19 16:23:02,926 - AUGCON - INFO - Epoch [16/50]-(10/22) Loss: 0.4783, Acc(1): 100.00, Acc(5): 100.00
2023-06-19 16:23:02,927 - AUGCON - INFO - Epoch [16/50]-(15/22) Loss: 0.3882, Acc(1): 100.00, Acc(5): 100.00
2023-06-19 16:23:02,927 - AUGCON - INFO - Epoch [16/50]-(20/22) Loss: 0.0801, Acc(1): 100.00, Acc(5): 100.00
2023-06-19 16:23:02,927 - AUGCON - INFO - 	Validation Loss: 0.4634, Acc(1): 84.00, Acc(5): 100.00, F1: 0.18, Recall: 0.18, Precision: 0.18
2023-06-19 16:23:02,927 - AUGCON - INFO - Epoch [17/50]-(0/22) Loss: 0.1593, Acc(1): 100.00, Acc(5): 100.00
2023-06-19 16:23:02,927 - AUGCON - INFO - Epoch [17/50]-(5/22) Loss: 0.3350, Acc(1): 100.00, Acc(5): 100.00
2023-06-19 16:23:02,927 - AUGCON - INFO - Epoch [17/50]-(10/22) Loss: 0.5261, Acc(1): 100.00, Acc(5): 100.00
2023-06-19 16:23:02,927 - AUGCON - INFO - Epoch [17/50]-(15/22) Loss: 0.4525, Acc(1): 100.00, Acc(5): 100.00
2023-06-19 16:23:02,927 - AUGCON - INFO - Epoch [17/50]-(20/22) Loss: 0.4881, Acc(1): 75.00, Acc(5): 100.00
2023-06-19 16:23:02,927 - AUGCON - INFO - 	Validation Loss: 0.4579, Acc(1): 85.00, Acc(5): 100.00, F1: 0.18, Recall: 0.18, Precision: 0.18
2023-06-19 16:23:02,927 - AUGCON - INFO - Epoch [18/50]-(0/22) Loss: 0.8990, Acc(1): 50.00, Acc(5): 100.00
2023-06-19 16:23:02,927 - AUGCON - INFO - Epoch [18/50]-(5/22) Loss: 1.0481, Acc(1): 50.00, Acc(5): 100.00
2023-06-19 16:23:02,927 - AUGCON - INFO - Epoch [18/50]-(10/22) Loss: 0.3045, Acc(1): 100.00, Acc(5): 100.00
2023-06-19 16:23:02,928 - AUGCON - INFO - Epoch [18/50]-(15/22) Loss: 0.6704, Acc(1): 100.00, Acc(5): 100.00
2023-06-19 16:23:02,928 - AUGCON - INFO - Epoch [18/50]-(20/22) Loss: 0.5555, Acc(1): 75.00, Acc(5): 100.00
2023-06-19 16:23:02,928 - AUGCON - INFO - 	Validation Loss: 0.4490, Acc(1): 85.00, Acc(5): 100.00, F1: 0.19, Recall: 0.18, Precision: 0.19
2023-06-19 16:23:02,928 - AUGCON - INFO - Epoch [19/50]-(0/22) Loss: 0.3830, Acc(1): 75.00, Acc(5): 100.00
2023-06-19 16:23:02,928 - AUGCON - INFO - Epoch [19/50]-(5/22) Loss: 1.0077, Acc(1): 50.00, Acc(5): 100.00
2023-06-19 16:23:02,928 - AUGCON - INFO - Epoch [19/50]-(10/22) Loss: 1.2488, Acc(1): 50.00, Acc(5): 100.00
2023-06-19 16:23:02,928 - AUGCON - INFO - Epoch [19/50]-(15/22) Loss: 0.6454, Acc(1): 100.00, Acc(5): 100.00
2023-06-19 16:23:02,928 - AUGCON - INFO - Epoch [19/50]-(20/22) Loss: 0.1875, Acc(1): 100.00, Acc(5): 100.00
2023-06-19 16:23:02,928 - AUGCON - INFO - 	Validation Loss: 0.4609, Acc(1): 86.00, Acc(5): 100.00, F1: 0.19, Recall: 0.19, Precision: 0.19
2023-06-19 16:23:02,928 - AUGCON - INFO - Epoch [20/50]-(0/22) Loss: 0.0828, Acc(1): 100.00, Acc(5): 100.00
2023-06-19 16:23:02,928 - AUGCON - INFO - Epoch [20/50]-(5/22) Loss: 0.3750, Acc(1): 100.00, Acc(5): 100.00
2023-06-19 16:23:02,929 - AUGCON - INFO - Epoch [20/50]-(10/22) Loss: 0.5615, Acc(1): 75.00, Acc(5): 100.00
2023-06-19 16:23:02,929 - AUGCON - INFO - Epoch [20/50]-(15/22) Loss: 0.3387, Acc(1): 100.00, Acc(5): 100.00
2023-06-19 16:23:02,929 - AUGCON - INFO - Epoch [20/50]-(20/22) Loss: 0.3526, Acc(1): 100.00, Acc(5): 100.00
2023-06-19 16:23:02,929 - AUGCON - INFO - 	Validation Loss: 0.4241, Acc(1): 84.00, Acc(5): 100.00, F1: 0.18, Recall: 0.18, Precision: 0.19
2023-06-19 16:23:02,929 - AUGCON - INFO - Epoch [21/50]-(0/22) Loss: 0.6099, Acc(1): 75.00, Acc(5): 100.00
2023-06-19 16:23:02,929 - AUGCON - INFO - Epoch [21/50]-(5/22) Loss: 0.3423, Acc(1): 100.00, Acc(5): 100.00
2023-06-19 16:23:02,929 - AUGCON - INFO - Epoch [21/50]-(10/22) Loss: 0.4527, Acc(1): 75.00, Acc(5): 100.00
2023-06-19 16:23:02,929 - AUGCON - INFO - Epoch [21/50]-(15/22) Loss: 0.1915, Acc(1): 100.00, Acc(5): 100.00
2023-06-19 16:23:02,929 - AUGCON - INFO - Epoch [21/50]-(20/22) Loss: 0.6135, Acc(1): 75.00, Acc(5): 100.00
2023-06-19 16:23:02,929 - AUGCON - INFO - 	Validation Loss: 0.4166, Acc(1): 83.00, Acc(5): 100.00, F1: 0.18, Recall: 0.18, Precision: 0.18
2023-06-19 16:23:02,929 - AUGCON - INFO - Epoch [22/50]-(0/22) Loss: 1.4095, Acc(1): 50.00, Acc(5): 100.00
2023-06-19 16:23:02,929 - AUGCON - INFO - Epoch [22/50]-(5/22) Loss: 0.3558, Acc(1): 100.00, Acc(5): 100.00
2023-06-19 16:23:02,930 - AUGCON - INFO - Epoch [22/50]-(10/22) Loss: 0.5609, Acc(1): 75.00, Acc(5): 100.00
2023-06-19 16:23:02,930 - AUGCON - INFO - Epoch [22/50]-(15/22) Loss: 0.3138, Acc(1): 100.00, Acc(5): 100.00
2023-06-19 16:23:02,930 - AUGCON - INFO - Epoch [22/50]-(20/22) Loss: 0.3439, Acc(1): 100.00, Acc(5): 100.00
2023-06-19 16:23:02,930 - AUGCON - INFO - 	Validation Loss: 0.3895, Acc(1): 84.00, Acc(5): 100.00, F1: 0.18, Recall: 0.18, Precision: 0.18
2023-06-19 16:23:02,930 - AUGCON - INFO - Epoch [23/50]-(0/22) Loss: 0.4380, Acc(1): 75.00, Acc(5): 100.00
2023-06-19 16:23:02,930 - AUGCON - INFO - Epoch [23/50]-(5/22) Loss: 0.4968, Acc(1): 100.00, Acc(5): 100.00
2023-06-19 16:23:02,930 - AUGCON - INFO - Epoch [23/50]-(10/22) Loss: 0.1644, Acc(1): 100.00, Acc(5): 100.00
2023-06-19 16:23:02,930 - AUGCON - INFO - Epoch [23/50]-(15/22) Loss: 0.6843, Acc(1): 75.00, Acc(5): 100.00
2023-06-19 16:23:02,930 - AUGCON - INFO - Epoch [23/50]-(20/22) Loss: 0.5224, Acc(1): 75.00, Acc(5): 100.00
2023-06-19 16:23:02,930 - AUGCON - INFO - 	Validation Loss: 0.4200, Acc(1): 83.00, Acc(5): 100.00, F1: 0.18, Recall: 0.18, Precision: 0.18
2023-06-19 16:23:02,931 - AUGCON - INFO - Epoch [24/50]-(0/22) Loss: 0.3295, Acc(1): 100.00, Acc(5): 100.00
2023-06-19 16:23:02,931 - AUGCON - INFO - Epoch [24/50]-(5/22) Loss: 0.8125, Acc(1): 75.00, Acc(5): 100.00
2023-06-19 16:23:02,931 - AUGCON - INFO - Epoch [24/50]-(10/22) Loss: 0.4760, Acc(1): 75.00, Acc(5): 100.00
2023-06-19 16:23:02,931 - AUGCON - INFO - Epoch [24/50]-(15/22) Loss: 0.3122, Acc(1): 100.00, Acc(5): 100.00
2023-06-19 16:23:02,931 - AUGCON - INFO - Epoch [24/50]-(20/22) Loss: 0.4289, Acc(1): 75.00, Acc(5): 100.00
2023-06-19 16:23:02,931 - AUGCON - INFO - 	Validation Loss: 0.3898, Acc(1): 85.00, Acc(5): 100.00, F1: 0.18, Recall: 0.18, Precision: 0.18
2023-06-19 16:23:02,931 - AUGCON - INFO - Epoch [25/50]-(0/22) Loss: 0.1776, Acc(1): 100.00, Acc(5): 100.00
2023-06-19 16:23:02,931 - AUGCON - INFO - Epoch [25/50]-(5/22) Loss: 0.1459, Acc(1): 100.00, Acc(5): 100.00
2023-06-19 16:23:02,931 - AUGCON - INFO - Epoch [25/50]-(10/22) Loss: 0.2887, Acc(1): 100.00, Acc(5): 100.00
2023-06-19 16:23:02,931 - AUGCON - INFO - Epoch [25/50]-(15/22) Loss: 0.7205, Acc(1): 75.00, Acc(5): 100.00
2023-06-19 16:23:02,931 - AUGCON - INFO - Epoch [25/50]-(20/22) Loss: 0.1916, Acc(1): 100.00, Acc(5): 100.00
2023-06-19 16:23:02,931 - AUGCON - INFO - 	Validation Loss: 0.3934, Acc(1): 82.00, Acc(5): 100.00, F1: 0.18, Recall: 0.18, Precision: 0.18
2023-06-19 16:23:02,931 - AUGCON - INFO - Epoch [26/50]-(0/22) Loss: 0.1632, Acc(1): 100.00, Acc(5): 100.00
2023-06-19 16:23:02,932 - AUGCON - INFO - Epoch [26/50]-(5/22) Loss: 0.3499, Acc(1): 100.00, Acc(5): 100.00
2023-06-19 16:23:02,932 - AUGCON - INFO - Epoch [26/50]-(10/22) Loss: 0.3878, Acc(1): 100.00, Acc(5): 100.00
2023-06-19 16:23:02,932 - AUGCON - INFO - Epoch [26/50]-(15/22) Loss: 0.7394, Acc(1): 75.00, Acc(5): 100.00
2023-06-19 16:23:02,932 - AUGCON - INFO - Epoch [26/50]-(20/22) Loss: 0.7350, Acc(1): 75.00, Acc(5): 100.00
2023-06-19 16:23:02,932 - AUGCON - INFO - 	Validation Loss: 0.3583, Acc(1): 87.00, Acc(5): 100.00, F1: 0.19, Recall: 0.19, Precision: 0.18
2023-06-19 16:23:02,932 - AUGCON - INFO - Epoch [27/50]-(0/22) Loss: 0.3438, Acc(1): 100.00, Acc(5): 100.00
2023-06-19 16:23:02,932 - AUGCON - INFO - Epoch [27/50]-(5/22) Loss: 0.1428, Acc(1): 100.00, Acc(5): 100.00
2023-06-19 16:23:02,932 - AUGCON - INFO - Epoch [27/50]-(10/22) Loss: 1.1494, Acc(1): 50.00, Acc(5): 100.00
2023-06-19 16:23:02,932 - AUGCON - INFO - Epoch [27/50]-(15/22) Loss: 0.5299, Acc(1): 75.00, Acc(5): 100.00
2023-06-19 16:23:02,932 - AUGCON - INFO - Epoch [27/50]-(20/22) Loss: 0.0701, Acc(1): 100.00, Acc(5): 100.00
2023-06-19 16:23:02,932 - AUGCON - INFO - 	Validation Loss: 0.3602, Acc(1): 90.00, Acc(5): 100.00, F1: 0.20, Recall: 0.20, Precision: 0.21
2023-06-19 16:23:02,932 - AUGCON - INFO - Epoch [28/50]-(0/22) Loss: 0.5241, Acc(1): 75.00, Acc(5): 100.00
2023-06-19 16:23:02,932 - AUGCON - INFO - Epoch [28/50]-(5/22) Loss: 0.2211, Acc(1): 100.00, Acc(5): 100.00
2023-06-19 16:23:02,932 - AUGCON - INFO - Epoch [28/50]-(10/22) Loss: 0.4624, Acc(1): 75.00, Acc(5): 100.00
2023-06-19 16:23:02,933 - AUGCON - INFO - Epoch [28/50]-(15/22) Loss: 0.3077, Acc(1): 75.00, Acc(5): 100.00
2023-06-19 16:23:02,933 - AUGCON - INFO - Epoch [28/50]-(20/22) Loss: 0.4238, Acc(1): 100.00, Acc(5): 100.00
2023-06-19 16:23:02,933 - AUGCON - INFO - 	Validation Loss: 0.3706, Acc(1): 88.00, Acc(5): 100.00, F1: 0.19, Recall: 0.19, Precision: 0.20
2023-06-19 16:23:02,933 - AUGCON - INFO - Epoch [29/50]-(0/22) Loss: 0.5138, Acc(1): 75.00, Acc(5): 100.00
2023-06-19 16:23:02,933 - AUGCON - INFO - Epoch [29/50]-(5/22) Loss: 0.5628, Acc(1): 75.00, Acc(5): 100.00
2023-06-19 16:23:02,933 - AUGCON - INFO - Epoch [29/50]-(10/22) Loss: 0.4135, Acc(1): 75.00, Acc(5): 100.00
2023-06-19 16:23:02,933 - AUGCON - INFO - Epoch [29/50]-(15/22) Loss: 0.5928, Acc(1): 50.00, Acc(5): 100.00
2023-06-19 16:23:02,933 - AUGCON - INFO - Epoch [29/50]-(20/22) Loss: 0.6240, Acc(1): 50.00, Acc(5): 100.00
2023-06-19 16:23:02,933 - AUGCON - INFO - 	Validation Loss: 0.3686, Acc(1): 87.00, Acc(5): 100.00, F1: 0.19, Recall: 0.19, Precision: 0.19
2023-06-19 16:23:02,933 - AUGCON - INFO - Epoch [30/50]-(0/22) Loss: 0.1200, Acc(1): 100.00, Acc(5): 100.00
2023-06-19 16:23:02,933 - AUGCON - INFO - Epoch [30/50]-(5/22) Loss: 0.6486, Acc(1): 75.00, Acc(5): 100.00
2023-06-19 16:23:02,933 - AUGCON - INFO - Epoch [30/50]-(10/22) Loss: 0.9213, Acc(1): 50.00, Acc(5): 100.00
2023-06-19 16:23:02,933 - AUGCON - INFO - Epoch [30/50]-(15/22) Loss: 0.3818, Acc(1): 100.00, Acc(5): 100.00
2023-06-19 16:23:02,933 - AUGCON - INFO - Epoch [30/50]-(20/22) Loss: 0.5281, Acc(1): 75.00, Acc(5): 100.00
2023-06-19 16:23:02,934 - AUGCON - INFO - 	Validation Loss: 0.3817, Acc(1): 86.00, Acc(5): 100.00, F1: 0.19, Recall: 0.19, Precision: 0.19
2023-06-19 16:23:02,934 - AUGCON - INFO - Epoch [31/50]-(0/22) Loss: 0.2203, Acc(1): 100.00, Acc(5): 100.00
2023-06-19 16:23:02,934 - AUGCON - INFO - Epoch [31/50]-(5/22) Loss: 0.7306, Acc(1): 75.00, Acc(5): 100.00
2023-06-19 16:23:02,934 - AUGCON - INFO - Epoch [31/50]-(10/22) Loss: 0.6662, Acc(1): 75.00, Acc(5): 100.00
2023-06-19 16:23:02,934 - AUGCON - INFO - Epoch [31/50]-(15/22) Loss: 0.3869, Acc(1): 100.00, Acc(5): 100.00
2023-06-19 16:23:02,934 - AUGCON - INFO - Epoch [31/50]-(20/22) Loss: 0.1738, Acc(1): 100.00, Acc(5): 100.00
2023-06-19 16:23:02,934 - AUGCON - INFO - 	Validation Loss: 0.3582, Acc(1): 85.00, Acc(5): 100.00, F1: 0.18, Recall: 0.18, Precision: 0.18
2023-06-19 16:23:02,934 - AUGCON - INFO - Epoch [32/50]-(0/22) Loss: 0.2337, Acc(1): 100.00, Acc(5): 100.00
2023-06-19 16:23:02,934 - AUGCON - INFO - Epoch [32/50]-(5/22) Loss: 0.5185, Acc(1): 75.00, Acc(5): 100.00
2023-06-19 16:23:02,934 - AUGCON - INFO - Epoch [32/50]-(10/22) Loss: 0.2502, Acc(1): 100.00, Acc(5): 100.00
2023-06-19 16:23:02,934 - AUGCON - INFO - Epoch [32/50]-(15/22) Loss: 0.6455, Acc(1): 75.00, Acc(5): 100.00
2023-06-19 16:23:02,934 - AUGCON - INFO - Epoch [32/50]-(20/22) Loss: 0.2865, Acc(1): 100.00, Acc(5): 100.00
2023-06-19 16:23:02,934 - AUGCON - INFO - 	Validation Loss: 0.3702, Acc(1): 87.00, Acc(5): 100.00, F1: 0.19, Recall: 0.19, Precision: 0.19
2023-06-19 16:23:02,934 - AUGCON - INFO - Epoch [33/50]-(0/22) Loss: 0.3617, Acc(1): 100.00, Acc(5): 100.00
2023-06-19 16:23:02,935 - AUGCON - INFO - Epoch [33/50]-(5/22) Loss: 0.3211, Acc(1): 100.00, Acc(5): 100.00
2023-06-19 16:23:02,935 - AUGCON - INFO - Epoch [33/50]-(10/22) Loss: 0.1283, Acc(1): 100.00, Acc(5): 100.00
2023-06-19 16:23:02,935 - AUGCON - INFO - Epoch [33/50]-(15/22) Loss: 0.8257, Acc(1): 75.00, Acc(5): 100.00
2023-06-19 16:23:02,935 - AUGCON - INFO - Epoch [33/50]-(20/22) Loss: 0.3471, Acc(1): 100.00, Acc(5): 100.00
2023-06-19 16:23:02,935 - AUGCON - INFO - 	Validation Loss: 0.4017, Acc(1): 85.00, Acc(5): 100.00, F1: 0.19, Recall: 0.18, Precision: 0.19
2023-06-19 16:23:02,935 - AUGCON - INFO - Epoch [34/50]-(0/22) Loss: 0.2110, Acc(1): 100.00, Acc(5): 100.00
2023-06-19 16:23:02,935 - AUGCON - INFO - Epoch [34/50]-(5/22) Loss: 0.3132, Acc(1): 100.00, Acc(5): 100.00
2023-06-19 16:23:02,935 - AUGCON - INFO - Epoch [34/50]-(10/22) Loss: 0.1855, Acc(1): 100.00, Acc(5): 100.00
2023-06-19 16:23:02,935 - AUGCON - INFO - Epoch [34/50]-(15/22) Loss: 0.1692, Acc(1): 100.00, Acc(5): 100.00
2023-06-19 16:23:02,935 - AUGCON - INFO - Epoch [34/50]-(20/22) Loss: 1.2715, Acc(1): 25.00, Acc(5): 100.00
2023-06-19 16:23:02,935 - AUGCON - INFO - 	Validation Loss: 0.3764, Acc(1): 86.00, Acc(5): 100.00, F1: 0.19, Recall: 0.19, Precision: 0.19
2023-06-19 16:23:02,935 - AUGCON - INFO - Epoch [35/50]-(0/22) Loss: 0.2378, Acc(1): 100.00, Acc(5): 100.00
2023-06-19 16:23:02,935 - AUGCON - INFO - Epoch [35/50]-(5/22) Loss: 0.4212, Acc(1): 75.00, Acc(5): 100.00
2023-06-19 16:23:02,935 - AUGCON - INFO - Epoch [35/50]-(10/22) Loss: 0.2142, Acc(1): 100.00, Acc(5): 100.00
2023-06-19 16:23:02,935 - AUGCON - INFO - Epoch [35/50]-(15/22) Loss: 0.1698, Acc(1): 100.00, Acc(5): 100.00
2023-06-19 16:23:02,936 - AUGCON - INFO - Epoch [35/50]-(20/22) Loss: 0.1580, Acc(1): 100.00, Acc(5): 100.00
2023-06-19 16:23:02,936 - AUGCON - INFO - 	Validation Loss: 0.3839, Acc(1): 85.00, Acc(5): 100.00, F1: 0.18, Recall: 0.18, Precision: 0.18
2023-06-19 16:23:02,936 - AUGCON - INFO - Epoch [36/50]-(0/22) Loss: 0.1498, Acc(1): 100.00, Acc(5): 100.00
2023-06-19 16:23:02,936 - AUGCON - INFO - Epoch [36/50]-(5/22) Loss: 0.6253, Acc(1): 75.00, Acc(5): 100.00
2023-06-19 16:23:02,936 - AUGCON - INFO - Epoch [36/50]-(10/22) Loss: 0.3490, Acc(1): 100.00, Acc(5): 100.00
2023-06-19 16:23:02,936 - AUGCON - INFO - Epoch [36/50]-(15/22) Loss: 0.1947, Acc(1): 100.00, Acc(5): 100.00
2023-06-19 16:23:02,936 - AUGCON - INFO - Epoch [36/50]-(20/22) Loss: 0.4777, Acc(1): 75.00, Acc(5): 100.00
2023-06-19 16:23:02,936 - AUGCON - INFO - 	Validation Loss: 0.3522, Acc(1): 87.00, Acc(5): 100.00, F1: 0.19, Recall: 0.19, Precision: 0.19
2023-06-19 16:23:02,936 - AUGCON - INFO - Epoch [37/50]-(0/22) Loss: 0.1654, Acc(1): 100.00, Acc(5): 100.00
2023-06-19 16:23:02,936 - AUGCON - INFO - Epoch [37/50]-(5/22) Loss: 0.2126, Acc(1): 100.00, Acc(5): 100.00
2023-06-19 16:23:02,936 - AUGCON - INFO - Epoch [37/50]-(10/22) Loss: 0.1087, Acc(1): 100.00, Acc(5): 100.00
2023-06-19 16:23:02,936 - AUGCON - INFO - Epoch [37/50]-(15/22) Loss: 0.5387, Acc(1): 75.00, Acc(5): 100.00
2023-06-19 16:23:02,936 - AUGCON - INFO - Epoch [37/50]-(20/22) Loss: 0.6090, Acc(1): 75.00, Acc(5): 100.00
2023-06-19 16:23:02,936 - AUGCON - INFO - 	Validation Loss: 0.3514, Acc(1): 86.00, Acc(5): 100.00, F1: 0.19, Recall: 0.19, Precision: 0.19
2023-06-19 16:23:02,936 - AUGCON - INFO - Epoch [38/50]-(0/22) Loss: 0.3863, Acc(1): 75.00, Acc(5): 100.00
2023-06-19 16:23:02,937 - AUGCON - INFO - Epoch [38/50]-(5/22) Loss: 0.3577, Acc(1): 75.00, Acc(5): 100.00
2023-06-19 16:23:02,937 - AUGCON - INFO - Epoch [38/50]-(10/22) Loss: 0.6350, Acc(1): 75.00, Acc(5): 100.00
2023-06-19 16:23:02,937 - AUGCON - INFO - Epoch [38/50]-(15/22) Loss: 0.7189, Acc(1): 75.00, Acc(5): 100.00
2023-06-19 16:23:02,937 - AUGCON - INFO - Epoch [38/50]-(20/22) Loss: 0.2556, Acc(1): 100.00, Acc(5): 100.00
2023-06-19 16:23:02,937 - AUGCON - INFO - 	Validation Loss: 0.3480, Acc(1): 91.00, Acc(5): 100.00, F1: 0.20, Recall: 0.20, Precision: 0.20
2023-06-19 16:23:02,937 - AUGCON - INFO - Epoch [39/50]-(0/22) Loss: 0.3266, Acc(1): 100.00, Acc(5): 100.00
2023-06-19 16:23:02,937 - AUGCON - INFO - Epoch [39/50]-(5/22) Loss: 0.1167, Acc(1): 100.00, Acc(5): 100.00
2023-06-19 16:23:02,937 - AUGCON - INFO - Epoch [39/50]-(10/22) Loss: 0.2212, Acc(1): 100.00, Acc(5): 100.00
2023-06-19 16:23:02,937 - AUGCON - INFO - Epoch [39/50]-(15/22) Loss: 0.5513, Acc(1): 75.00, Acc(5): 100.00
2023-06-19 16:23:02,937 - AUGCON - INFO - Epoch [39/50]-(20/22) Loss: 0.0881, Acc(1): 100.00, Acc(5): 100.00
2023-06-19 16:23:02,937 - AUGCON - INFO - 	Validation Loss: 0.3198, Acc(1): 89.00, Acc(5): 100.00, F1: 0.19, Recall: 0.19, Precision: 0.19
2023-06-19 16:23:02,937 - AUGCON - INFO - Epoch [40/50]-(0/22) Loss: 0.5780, Acc(1): 75.00, Acc(5): 100.00
2023-06-19 16:23:02,937 - AUGCON - INFO - Epoch [40/50]-(5/22) Loss: 0.3615, Acc(1): 75.00, Acc(5): 100.00
2023-06-19 16:23:02,937 - AUGCON - INFO - Epoch [40/50]-(10/22) Loss: 0.4280, Acc(1): 75.00, Acc(5): 100.00
2023-06-19 16:23:02,937 - AUGCON - INFO - Epoch [40/50]-(15/22) Loss: 0.2177, Acc(1): 100.00, Acc(5): 100.00
2023-06-19 16:23:02,938 - AUGCON - INFO - Epoch [40/50]-(20/22) Loss: 0.5589, Acc(1): 75.00, Acc(5): 100.00
2023-06-19 16:23:02,938 - AUGCON - INFO - 	Validation Loss: 0.3218, Acc(1): 88.00, Acc(5): 100.00, F1: 0.19, Recall: 0.19, Precision: 0.19
2023-06-19 16:23:02,938 - AUGCON - INFO - Epoch [41/50]-(0/22) Loss: 0.3018, Acc(1): 100.00, Acc(5): 100.00
2023-06-19 16:23:02,938 - AUGCON - INFO - Epoch [41/50]-(5/22) Loss: 0.2868, Acc(1): 100.00, Acc(5): 100.00
2023-06-19 16:23:02,938 - AUGCON - INFO - Epoch [41/50]-(10/22) Loss: 0.2026, Acc(1): 100.00, Acc(5): 100.00
2023-06-19 16:23:02,938 - AUGCON - INFO - Epoch [41/50]-(15/22) Loss: 0.1577, Acc(1): 100.00, Acc(5): 100.00
2023-06-19 16:23:02,938 - AUGCON - INFO - Epoch [41/50]-(20/22) Loss: 1.0216, Acc(1): 50.00, Acc(5): 100.00
2023-06-19 16:23:02,938 - AUGCON - INFO - 	Validation Loss: 0.3488, Acc(1): 89.00, Acc(5): 100.00, F1: 0.19, Recall: 0.19, Precision: 0.19
2023-06-19 16:23:02,938 - AUGCON - INFO - Epoch [42/50]-(0/22) Loss: 0.1080, Acc(1): 100.00, Acc(5): 100.00
2023-06-19 16:23:02,938 - AUGCON - INFO - Epoch [42/50]-(5/22) Loss: 0.1952, Acc(1): 100.00, Acc(5): 100.00
2023-06-19 16:23:02,938 - AUGCON - INFO - Epoch [42/50]-(10/22) Loss: 0.1869, Acc(1): 100.00, Acc(5): 100.00
2023-06-19 16:23:02,938 - AUGCON - INFO - Epoch [42/50]-(15/22) Loss: 0.0922, Acc(1): 100.00, Acc(5): 100.00
2023-06-19 16:23:02,938 - AUGCON - INFO - Epoch [42/50]-(20/22) Loss: 0.8317, Acc(1): 75.00, Acc(5): 100.00
2023-06-19 16:23:02,944 - AUGCON - INFO - 	Validation Loss: 0.3367, Acc(1): 88.00, Acc(5): 100.00, F1: 0.19, Recall: 0.19, Precision: 0.20
2023-06-19 16:23:02,944 - AUGCON - INFO - Epoch [43/50]-(0/22) Loss: 0.1241, Acc(1): 100.00, Acc(5): 100.00
2023-06-19 16:23:02,944 - AUGCON - INFO - Epoch [43/50]-(5/22) Loss: 0.2013, Acc(1): 100.00, Acc(5): 100.00
2023-06-19 16:23:02,944 - AUGCON - INFO - Epoch [43/50]-(10/22) Loss: 0.0903, Acc(1): 100.00, Acc(5): 100.00
2023-06-19 16:23:02,944 - AUGCON - INFO - Epoch [43/50]-(15/22) Loss: 0.1671, Acc(1): 100.00, Acc(5): 100.00
2023-06-19 16:23:02,944 - AUGCON - INFO - Epoch [43/50]-(20/22) Loss: 0.9777, Acc(1): 50.00, Acc(5): 100.00
2023-06-19 16:23:02,944 - AUGCON - INFO - 	Validation Loss: 0.3048, Acc(1): 90.00, Acc(5): 100.00, F1: 0.20, Recall: 0.20, Precision: 0.20
2023-06-19 16:23:02,944 - AUGCON - INFO - Epoch [44/50]-(0/22) Loss: 0.3817, Acc(1): 75.00, Acc(5): 100.00
2023-06-19 16:23:02,945 - AUGCON - INFO - Epoch [44/50]-(5/22) Loss: 0.4162, Acc(1): 75.00, Acc(5): 100.00
2023-06-19 16:23:02,945 - AUGCON - INFO - Epoch [44/50]-(10/22) Loss: 0.2110, Acc(1): 100.00, Acc(5): 100.00
2023-06-19 16:23:02,945 - AUGCON - INFO - Epoch [44/50]-(15/22) Loss: 0.2425, Acc(1): 100.00, Acc(5): 100.00
2023-06-19 16:23:02,945 - AUGCON - INFO - Epoch [44/50]-(20/22) Loss: 0.1970, Acc(1): 100.00, Acc(5): 100.00
2023-06-19 16:23:02,945 - AUGCON - INFO - 	Validation Loss: 0.3376, Acc(1): 88.00, Acc(5): 100.00, F1: 0.20, Recall: 0.19, Precision: 0.20
2023-06-19 16:23:02,945 - AUGCON - INFO - Epoch [45/50]-(0/22) Loss: 0.1869, Acc(1): 100.00, Acc(5): 100.00
2023-06-19 16:23:02,945 - AUGCON - INFO - Epoch [45/50]-(5/22) Loss: 0.1288, Acc(1): 100.00, Acc(5): 100.00
2023-06-19 16:23:02,945 - AUGCON - INFO - Epoch [45/50]-(10/22) Loss: 0.1136, Acc(1): 100.00, Acc(5): 100.00
2023-06-19 16:23:02,945 - AUGCON - INFO - Epoch [45/50]-(15/22) Loss: 0.3392, Acc(1): 100.00, Acc(5): 100.00
2023-06-19 16:23:02,945 - AUGCON - INFO - Epoch [45/50]-(20/22) Loss: 0.2216, Acc(1): 100.00, Acc(5): 100.00
2023-06-19 16:23:02,945 - AUGCON - INFO - 	Validation Loss: 0.3528, Acc(1): 86.00, Acc(5): 100.00, F1: 0.19, Recall: 0.19, Precision: 0.19
2023-06-19 16:23:02,945 - AUGCON - INFO - Epoch [46/50]-(0/22) Loss: 0.2653, Acc(1): 100.00, Acc(5): 100.00
2023-06-19 16:23:02,945 - AUGCON - INFO - Epoch [46/50]-(5/22) Loss: 0.0488, Acc(1): 100.00, Acc(5): 100.00
2023-06-19 16:23:02,946 - AUGCON - INFO - Epoch [46/50]-(10/22) Loss: 0.4256, Acc(1): 75.00, Acc(5): 100.00
2023-06-19 16:23:02,946 - AUGCON - INFO - Epoch [46/50]-(15/22) Loss: 0.5433, Acc(1): 75.00, Acc(5): 100.00
2023-06-19 16:23:02,946 - AUGCON - INFO - Epoch [46/50]-(20/22) Loss: 0.1599, Acc(1): 100.00, Acc(5): 100.00
2023-06-19 16:23:02,946 - AUGCON - INFO - 	Validation Loss: 0.3102, Acc(1): 90.00, Acc(5): 100.00, F1: 0.20, Recall: 0.20, Precision: 0.20
2023-06-19 16:23:02,946 - AUGCON - INFO - Epoch [47/50]-(0/22) Loss: 0.1424, Acc(1): 100.00, Acc(5): 100.00
2023-06-19 16:23:02,946 - AUGCON - INFO - Epoch [47/50]-(5/22) Loss: 0.7151, Acc(1): 75.00, Acc(5): 100.00
2023-06-19 16:23:02,946 - AUGCON - INFO - Epoch [47/50]-(10/22) Loss: 0.6198, Acc(1): 75.00, Acc(5): 100.00
2023-06-19 16:23:02,946 - AUGCON - INFO - Epoch [47/50]-(15/22) Loss: 0.3053, Acc(1): 75.00, Acc(5): 100.00
2023-06-19 16:23:02,946 - AUGCON - INFO - Epoch [47/50]-(20/22) Loss: 0.3300, Acc(1): 75.00, Acc(5): 100.00
2023-06-19 16:23:02,946 - AUGCON - INFO - 	Validation Loss: 0.3023, Acc(1): 88.00, Acc(5): 100.00, F1: 0.19, Recall: 0.19, Precision: 0.19
2023-06-19 16:23:02,946 - AUGCON - INFO - Epoch [48/50]-(0/22) Loss: 0.1426, Acc(1): 100.00, Acc(5): 100.00
2023-06-19 16:23:02,946 - AUGCON - INFO - Epoch [48/50]-(5/22) Loss: 0.1810, Acc(1): 100.00, Acc(5): 100.00
2023-06-19 16:23:02,947 - AUGCON - INFO - Epoch [48/50]-(10/22) Loss: 0.3226, Acc(1): 100.00, Acc(5): 100.00
2023-06-19 16:23:02,947 - AUGCON - INFO - Epoch [48/50]-(15/22) Loss: 0.0358, Acc(1): 100.00, Acc(5): 100.00
2023-06-19 16:23:02,947 - AUGCON - INFO - Epoch [48/50]-(20/22) Loss: 0.4990, Acc(1): 75.00, Acc(5): 100.00
2023-06-19 16:23:02,947 - AUGCON - INFO - 	Validation Loss: 0.3103, Acc(1): 89.00, Acc(5): 100.00, F1: 0.19, Recall: 0.19, Precision: 0.19
2023-06-19 16:23:02,947 - AUGCON - INFO - Epoch [49/50]-(0/22) Loss: 0.5540, Acc(1): 75.00, Acc(5): 100.00
2023-06-19 16:23:02,947 - AUGCON - INFO - Epoch [49/50]-(5/22) Loss: 0.1672, Acc(1): 100.00, Acc(5): 100.00
2023-06-19 16:23:02,947 - AUGCON - INFO - Epoch [49/50]-(10/22) Loss: 0.1811, Acc(1): 100.00, Acc(5): 100.00
2023-06-19 16:23:02,947 - AUGCON - INFO - Epoch [49/50]-(15/22) Loss: 0.3338, Acc(1): 75.00, Acc(5): 100.00
2023-06-19 16:23:02,947 - AUGCON - INFO - Epoch [49/50]-(20/22) Loss: 0.2547, Acc(1): 75.00, Acc(5): 100.00
2023-06-19 16:23:02,947 - AUGCON - INFO - 	Validation Loss: 0.3187, Acc(1): 90.00, Acc(5): 100.00, F1: 0.20, Recall: 0.20, Precision: 0.20
2023-06-19 16:23:02,947 - AUGCON - INFO - Epoch [50/50]-(0/22) Loss: 0.6499, Acc(1): 75.00, Acc(5): 100.00
2023-06-19 16:23:02,947 - AUGCON - INFO - Epoch [50/50]-(5/22) Loss: 0.1119, Acc(1): 100.00, Acc(5): 100.00
2023-06-19 16:23:02,947 - AUGCON - INFO - Epoch [50/50]-(10/22) Loss: 0.3077, Acc(1): 100.00, Acc(5): 100.00
2023-06-19 16:23:02,948 - AUGCON - INFO - Epoch [50/50]-(15/22) Loss: 0.6286, Acc(1): 75.00, Acc(5): 100.00
2023-06-19 16:23:02,948 - AUGCON - INFO - Epoch [50/50]-(20/22) Loss: 0.1325, Acc(1): 100.00, Acc(5): 100.00
2023-06-19 16:23:02,948 - AUGCON - INFO - 	Validation Loss: 0.3244, Acc(1): 90.00, Acc(5): 100.00, F1: 0.20, Recall: 0.20, Precision: 0.20
2023-06-19 16:23:02,948 - AUGCON - INFO - 	Validation Loss: 0.2704, Acc(1): 89.00, Acc(5): 100.00, F1: 0.20, Recall: 0.20, Precision: 0.19
