2023-06-19 16:23:59,105 - AUGCON - INFO - logger initialized (/home/hjyoon/projects/augcon/config/exp0/finetune_da_true/without_target_domain_PH0007-jskim/cpc_perdomain_8421/tgt_target_domain_PH0012-thanh_seed0.yaml.log)
2023-06-19 16:23:59,105 - AUGCON - INFO - ================= Config =================
2023-06-19 16:23:59,105 - AUGCON - INFO -   mode: finetune
2023-06-19 16:23:59,105 - AUGCON - INFO -   seed: 0
2023-06-19 16:23:59,105 - AUGCON - INFO -   gpu: [0]
2023-06-19 16:23:59,105 - AUGCON - INFO -   num_workers: 1
2023-06-19 16:23:59,105 - AUGCON - INFO -   dist_url: tcp://localhost:10001
2023-06-19 16:23:59,105 - AUGCON - INFO -   dataset_name: ichar
2023-06-19 16:23:59,105 - AUGCON - INFO -   train_dataset_path: /mnt/sting/hjyoon/projects/cross/ICHAR/augcon/target_domain_PH0012-thanh/finetune/10shot/target/train.pkl
2023-06-19 16:23:59,105 - AUGCON - INFO -   test_dataset_path: /mnt/sting/hjyoon/projects/cross/ICHAR/augcon/target_domain_PH0012-thanh/finetune/10shot/target/test.pkl
2023-06-19 16:23:59,105 - AUGCON - INFO -   val_dataset_path: /mnt/sting/hjyoon/projects/cross/ICHAR/augcon/target_domain_PH0012-thanh/finetune/10shot/target/val.pkl
2023-06-19 16:23:59,105 - AUGCON - INFO -   input_channels: 3
2023-06-19 16:23:59,105 - AUGCON - INFO -   num_cls: 9
2023-06-19 16:23:59,105 - AUGCON - INFO -   optimizer: adam
2023-06-19 16:23:59,105 - AUGCON - INFO -   criterion: crossentropy
2023-06-19 16:23:59,105 - AUGCON - INFO -   start_epoch: 0
2023-06-19 16:23:59,105 - AUGCON - INFO -   epochs: 50
2023-06-19 16:23:59,105 - AUGCON - INFO -   batch_size: 4
2023-06-19 16:23:59,106 - AUGCON - INFO -   lr: 0.001
2023-06-19 16:23:59,106 - AUGCON - INFO -   wd: 0.0
2023-06-19 16:23:59,106 - AUGCON - INFO -   resume: 
2023-06-19 16:23:59,106 - AUGCON - INFO -   pretrained: /mnt/sting/hjyoon/projects/augcontrast/models/exp0/pretrain/without_target_domain_PH0007-jskim/cpc_perdomain_8421//checkpoint_0099.pth.tar
2023-06-19 16:23:59,106 - AUGCON - INFO -   ckpt_dir: /mnt/sting/hjyoon/projects/augcontrast/models/exp0/finetune_da_true/without_target_domain_PH0007-jskim/cpc_perdomain_8421/tgt_target_domain_PH0012-thanh_seed0
2023-06-19 16:23:59,106 - AUGCON - INFO -   log_freq: 5
2023-06-19 16:23:59,106 - AUGCON - INFO -   save_freq: 10
2023-06-19 16:23:59,106 - AUGCON - INFO -   pretext: metacpc
2023-06-19 16:23:59,106 - AUGCON - INFO -   enc_blocks: 4
2023-06-19 16:23:59,106 - AUGCON - INFO -   kernel_sizes: [8, 4, 2, 1]
2023-06-19 16:23:59,106 - AUGCON - INFO -   strides: [4, 2, 1, 1]
2023-06-19 16:23:59,106 - AUGCON - INFO -   agg_blocks: 5
2023-06-19 16:23:59,106 - AUGCON - INFO -   z_dim: 256
2023-06-19 16:23:59,106 - AUGCON - INFO -   pooling: mean
2023-06-19 16:23:59,106 - AUGCON - INFO -   pred_steps: 12
2023-06-19 16:23:59,106 - AUGCON - INFO -   n_negatives: 15
2023-06-19 16:23:59,106 - AUGCON - INFO -   offset: 4
2023-06-19 16:23:59,106 - AUGCON - INFO -   domain_adaptation: True
2023-06-19 16:23:59,106 - AUGCON - INFO -   task_steps: 10
2023-06-19 16:23:59,106 - AUGCON - INFO -   task_lr: 0.001
2023-06-19 16:23:59,106 - AUGCON - INFO -   reg_lambda: 0
2023-06-19 16:23:59,106 - AUGCON - INFO -   mlp: False
2023-06-19 16:23:59,106 - AUGCON - INFO -   freeze: True
2023-06-19 16:23:59,106 - AUGCON - INFO -   no_vars: True
2023-06-19 16:23:59,106 - AUGCON - INFO - ==========================================
2023-06-19 16:23:59,106 - AUGCON - INFO - Setting GPUs: [0]
2023-06-19 16:23:59,106 - AUGCON - INFO - GPUs [0] will be used
2023-06-19 16:23:59,107 - AUGCON - WARNING - You have chosen to seed training. 
2023-06-19 16:23:59,107 - AUGCON - WARNING - This will turn on the CUDNN deterministic setting, 
2023-06-19 16:23:59,107 - AUGCON - WARNING - which can slow down your training considerably! 
2023-06-19 16:23:59,107 - AUGCON - WARNING - You may see unexpected behavior when restarting 
2023-06-19 16:23:59,107 - AUGCON - WARNING - from checkpoints.
2023-06-19 16:23:59,135 - AUGCON - INFO - Executing MetaCPC
2023-06-19 16:23:59,135 - AUGCON - INFO - Logs are skipped during training
2023-06-19 16:24:18,278 - AUGCON - INFO - Single GPU is used for training - training 90 instances for each worker
2023-06-19 16:24:18,279 - AUGCON - INFO - Loading pretrained model from checkpoint - /mnt/sting/hjyoon/projects/augcontrast/models/exp0/pretrain/without_target_domain_PH0007-jskim/cpc_perdomain_8421//checkpoint_0099.pth.tar
2023-06-19 16:24:18,279 - AUGCON - INFO - Missing keys: ['predictor.vars.0', 'predictor.vars.1']
2023-06-19 16:24:18,279 - AUGCON - INFO - Perform domain adaptation step
2023-06-19 16:24:18,279 - AUGCON - INFO - 	meta-train [0/10] Loss: 3.1066, Acc(1): 5.57, Acc(5): 28.91
2023-06-19 16:24:18,279 - AUGCON - INFO - 	meta-train [1/10] Loss: 3.0656, Acc(1): 5.71, Acc(5): 29.08
2023-06-19 16:24:18,279 - AUGCON - INFO - 	meta-train [2/10] Loss: 3.0708, Acc(1): 5.80, Acc(5): 29.95
2023-06-19 16:24:18,279 - AUGCON - INFO - 	meta-train [3/10] Loss: 3.0612, Acc(1): 6.07, Acc(5): 30.09
2023-06-19 16:24:18,279 - AUGCON - INFO - 	meta-train [4/10] Loss: 3.0298, Acc(1): 6.03, Acc(5): 30.19
2023-06-19 16:24:18,279 - AUGCON - INFO - 	meta-train [5/10] Loss: 3.0036, Acc(1): 6.11, Acc(5): 30.72
2023-06-19 16:24:18,279 - AUGCON - INFO - 	meta-train [6/10] Loss: 2.9892, Acc(1): 6.17, Acc(5): 30.64
2023-06-19 16:24:18,279 - AUGCON - INFO - 	meta-train [7/10] Loss: 2.9661, Acc(1): 5.84, Acc(5): 30.84
2023-06-19 16:24:18,279 - AUGCON - INFO - 	meta-train [8/10] Loss: 2.9664, Acc(1): 5.91, Acc(5): 30.96
2023-06-19 16:24:18,279 - AUGCON - INFO - 	meta-train [9/10] Loss: 2.9577, Acc(1): 5.93, Acc(5): 30.81
2023-06-19 16:24:18,279 - AUGCON - INFO - Loading encoder parameters to the classifier
2023-06-19 16:24:18,280 - AUGCON - INFO - Missing keys: ['classifier.block.0.weight', 'classifier.block.0.bias']
2023-06-19 16:24:18,280 - AUGCON - INFO - Epoch [1/50]-(0/22) Loss: 1.9916, Acc(1): 25.00, Acc(5): 75.00
2023-06-19 16:24:18,280 - AUGCON - INFO - Epoch [1/50]-(5/22) Loss: 2.2604, Acc(1): 0.00, Acc(5): 75.00
2023-06-19 16:24:18,280 - AUGCON - INFO - Epoch [1/50]-(10/22) Loss: 2.3761, Acc(1): 0.00, Acc(5): 50.00
2023-06-19 16:24:18,280 - AUGCON - INFO - Epoch [1/50]-(15/22) Loss: 2.1236, Acc(1): 50.00, Acc(5): 75.00
2023-06-19 16:24:18,280 - AUGCON - INFO - Epoch [1/50]-(20/22) Loss: 2.4110, Acc(1): 0.00, Acc(5): 25.00
2023-06-19 16:24:18,280 - AUGCON - INFO - 	Validation Loss: 2.0785, Acc(1): 29.00, Acc(5): 76.00, F1: 0.07, Recall: 0.09, Precision: 0.06
2023-06-19 16:24:18,280 - AUGCON - INFO - Epoch [2/50]-(0/22) Loss: 2.1490, Acc(1): 0.00, Acc(5): 75.00
2023-06-19 16:24:18,280 - AUGCON - INFO - Epoch [2/50]-(5/22) Loss: 2.2402, Acc(1): 0.00, Acc(5): 50.00
2023-06-19 16:24:18,280 - AUGCON - INFO - Epoch [2/50]-(10/22) Loss: 2.1740, Acc(1): 25.00, Acc(5): 50.00
2023-06-19 16:24:18,280 - AUGCON - INFO - Epoch [2/50]-(15/22) Loss: 2.2851, Acc(1): 0.00, Acc(5): 50.00
2023-06-19 16:24:18,280 - AUGCON - INFO - Epoch [2/50]-(20/22) Loss: 2.0885, Acc(1): 0.00, Acc(5): 75.00
2023-06-19 16:24:18,280 - AUGCON - INFO - 	Validation Loss: 1.9525, Acc(1): 41.00, Acc(5): 93.00, F1: 0.10, Recall: 0.12, Precision: 0.09
2023-06-19 16:24:18,280 - AUGCON - INFO - Epoch [3/50]-(0/22) Loss: 1.9644, Acc(1): 50.00, Acc(5): 100.00
2023-06-19 16:24:18,280 - AUGCON - INFO - Epoch [3/50]-(5/22) Loss: 1.8858, Acc(1): 50.00, Acc(5): 100.00
2023-06-19 16:24:18,281 - AUGCON - INFO - Epoch [3/50]-(10/22) Loss: 2.1305, Acc(1): 25.00, Acc(5): 50.00
2023-06-19 16:24:18,281 - AUGCON - INFO - Epoch [3/50]-(15/22) Loss: 2.1022, Acc(1): 0.00, Acc(5): 100.00
2023-06-19 16:24:18,281 - AUGCON - INFO - Epoch [3/50]-(20/22) Loss: 2.0161, Acc(1): 25.00, Acc(5): 100.00
2023-06-19 16:24:18,281 - AUGCON - INFO - 	Validation Loss: 1.8531, Acc(1): 43.00, Acc(5): 93.00, F1: 0.15, Recall: 0.13, Precision: 0.17
2023-06-19 16:24:18,281 - AUGCON - INFO - Epoch [4/50]-(0/22) Loss: 2.0509, Acc(1): 25.00, Acc(5): 75.00
2023-06-19 16:24:18,281 - AUGCON - INFO - Epoch [4/50]-(5/22) Loss: 1.8981, Acc(1): 25.00, Acc(5): 100.00
2023-06-19 16:24:18,281 - AUGCON - INFO - Epoch [4/50]-(10/22) Loss: 1.7216, Acc(1): 25.00, Acc(5): 100.00
2023-06-19 16:24:18,281 - AUGCON - INFO - Epoch [4/50]-(15/22) Loss: 1.8069, Acc(1): 50.00, Acc(5): 100.00
2023-06-19 16:24:18,281 - AUGCON - INFO - Epoch [4/50]-(20/22) Loss: 1.8133, Acc(1): 50.00, Acc(5): 100.00
2023-06-19 16:24:18,281 - AUGCON - INFO - 	Validation Loss: 1.7650, Acc(1): 46.00, Acc(5): 96.00, F1: 0.10, Recall: 0.09, Precision: 0.11
2023-06-19 16:24:18,281 - AUGCON - INFO - Epoch [5/50]-(0/22) Loss: 1.8336, Acc(1): 50.00, Acc(5): 75.00
2023-06-19 16:24:18,281 - AUGCON - INFO - Epoch [5/50]-(5/22) Loss: 1.5777, Acc(1): 75.00, Acc(5): 100.00
2023-06-19 16:24:18,281 - AUGCON - INFO - Epoch [5/50]-(10/22) Loss: 1.6074, Acc(1): 100.00, Acc(5): 100.00
2023-06-19 16:24:18,281 - AUGCON - INFO - Epoch [5/50]-(15/22) Loss: 1.6443, Acc(1): 75.00, Acc(5): 100.00
2023-06-19 16:24:18,281 - AUGCON - INFO - Epoch [5/50]-(20/22) Loss: 1.8383, Acc(1): 50.00, Acc(5): 50.00
2023-06-19 16:24:18,282 - AUGCON - INFO - 	Validation Loss: 1.6124, Acc(1): 63.00, Acc(5): 93.00, F1: 0.17, Recall: 0.14, Precision: 0.21
2023-06-19 16:24:18,282 - AUGCON - INFO - Epoch [6/50]-(0/22) Loss: 1.8027, Acc(1): 50.00, Acc(5): 75.00
2023-06-19 16:24:18,282 - AUGCON - INFO - Epoch [6/50]-(5/22) Loss: 1.4649, Acc(1): 75.00, Acc(5): 100.00
2023-06-19 16:24:18,282 - AUGCON - INFO - Epoch [6/50]-(10/22) Loss: 1.9032, Acc(1): 25.00, Acc(5): 50.00
2023-06-19 16:24:18,282 - AUGCON - INFO - Epoch [6/50]-(15/22) Loss: 1.1972, Acc(1): 75.00, Acc(5): 100.00
2023-06-19 16:24:18,282 - AUGCON - INFO - Epoch [6/50]-(20/22) Loss: 1.6439, Acc(1): 50.00, Acc(5): 75.00
2023-06-19 16:24:18,282 - AUGCON - INFO - 	Validation Loss: 1.6049, Acc(1): 66.00, Acc(5): 96.00, F1: 0.16, Recall: 0.15, Precision: 0.17
2023-06-19 16:24:18,282 - AUGCON - INFO - Epoch [7/50]-(0/22) Loss: 1.9379, Acc(1): 0.00, Acc(5): 100.00
2023-06-19 16:24:18,282 - AUGCON - INFO - Epoch [7/50]-(5/22) Loss: 1.8329, Acc(1): 25.00, Acc(5): 100.00
2023-06-19 16:24:18,282 - AUGCON - INFO - Epoch [7/50]-(10/22) Loss: 2.0616, Acc(1): 25.00, Acc(5): 50.00
2023-06-19 16:24:18,282 - AUGCON - INFO - Epoch [7/50]-(15/22) Loss: 1.5673, Acc(1): 25.00, Acc(5): 100.00
2023-06-19 16:24:18,282 - AUGCON - INFO - Epoch [7/50]-(20/22) Loss: 1.6335, Acc(1): 50.00, Acc(5): 100.00
2023-06-19 16:24:18,283 - AUGCON - INFO - 	Validation Loss: 1.5285, Acc(1): 66.00, Acc(5): 98.00, F1: 0.17, Recall: 0.15, Precision: 0.20
2023-06-19 16:24:18,283 - AUGCON - INFO - Epoch [8/50]-(0/22) Loss: 1.2161, Acc(1): 75.00, Acc(5): 100.00
2023-06-19 16:24:18,283 - AUGCON - INFO - Epoch [8/50]-(5/22) Loss: 1.5092, Acc(1): 50.00, Acc(5): 100.00
2023-06-19 16:24:18,283 - AUGCON - INFO - Epoch [8/50]-(10/22) Loss: 1.6624, Acc(1): 25.00, Acc(5): 75.00
2023-06-19 16:24:18,283 - AUGCON - INFO - Epoch [8/50]-(15/22) Loss: 1.9449, Acc(1): 25.00, Acc(5): 75.00
2023-06-19 16:24:18,283 - AUGCON - INFO - Epoch [8/50]-(20/22) Loss: 1.9719, Acc(1): 25.00, Acc(5): 75.00
2023-06-19 16:24:18,283 - AUGCON - INFO - 	Validation Loss: 1.4897, Acc(1): 59.00, Acc(5): 95.00, F1: 0.15, Recall: 0.17, Precision: 0.13
2023-06-19 16:24:18,283 - AUGCON - INFO - Epoch [9/50]-(0/22) Loss: 1.6226, Acc(1): 50.00, Acc(5): 100.00
2023-06-19 16:24:18,283 - AUGCON - INFO - Epoch [9/50]-(5/22) Loss: 2.0845, Acc(1): 0.00, Acc(5): 100.00
2023-06-19 16:24:18,283 - AUGCON - INFO - Epoch [9/50]-(10/22) Loss: 1.3523, Acc(1): 50.00, Acc(5): 100.00
2023-06-19 16:24:18,283 - AUGCON - INFO - Epoch [9/50]-(15/22) Loss: 1.3778, Acc(1): 75.00, Acc(5): 100.00
2023-06-19 16:24:18,284 - AUGCON - INFO - Epoch [9/50]-(20/22) Loss: 1.4811, Acc(1): 25.00, Acc(5): 100.00
2023-06-19 16:24:18,284 - AUGCON - INFO - 	Validation Loss: 1.4498, Acc(1): 64.00, Acc(5): 96.00, F1: 0.15, Recall: 0.14, Precision: 0.16
2023-06-19 16:24:18,284 - AUGCON - INFO - Epoch [10/50]-(0/22) Loss: 1.6429, Acc(1): 75.00, Acc(5): 100.00
2023-06-19 16:24:18,284 - AUGCON - INFO - Epoch [10/50]-(5/22) Loss: 1.3263, Acc(1): 75.00, Acc(5): 100.00
2023-06-19 16:24:18,284 - AUGCON - INFO - Epoch [10/50]-(10/22) Loss: 1.2496, Acc(1): 50.00, Acc(5): 100.00
2023-06-19 16:24:18,284 - AUGCON - INFO - Epoch [10/50]-(15/22) Loss: 1.5109, Acc(1): 50.00, Acc(5): 100.00
2023-06-19 16:24:18,284 - AUGCON - INFO - Epoch [10/50]-(20/22) Loss: 1.6834, Acc(1): 50.00, Acc(5): 100.00
2023-06-19 16:24:18,284 - AUGCON - INFO - 	Validation Loss: 1.4009, Acc(1): 65.00, Acc(5): 96.00, F1: 0.16, Recall: 0.15, Precision: 0.18
2023-06-19 16:24:18,284 - AUGCON - INFO - Epoch [11/50]-(0/22) Loss: 1.3629, Acc(1): 75.00, Acc(5): 100.00
2023-06-19 16:24:18,284 - AUGCON - INFO - Epoch [11/50]-(5/22) Loss: 1.4166, Acc(1): 100.00, Acc(5): 100.00
2023-06-19 16:24:18,284 - AUGCON - INFO - Epoch [11/50]-(10/22) Loss: 1.4610, Acc(1): 25.00, Acc(5): 100.00
2023-06-19 16:24:18,285 - AUGCON - INFO - Epoch [11/50]-(15/22) Loss: 0.8955, Acc(1): 100.00, Acc(5): 100.00
2023-06-19 16:24:18,285 - AUGCON - INFO - Epoch [11/50]-(20/22) Loss: 1.5673, Acc(1): 25.00, Acc(5): 100.00
2023-06-19 16:24:18,285 - AUGCON - INFO - 	Validation Loss: 1.3801, Acc(1): 64.00, Acc(5): 96.00, F1: 0.17, Recall: 0.14, Precision: 0.21
2023-06-19 16:24:18,285 - AUGCON - INFO - Epoch [12/50]-(0/22) Loss: 1.1674, Acc(1): 75.00, Acc(5): 100.00
2023-06-19 16:24:18,285 - AUGCON - INFO - Epoch [12/50]-(5/22) Loss: 1.5862, Acc(1): 50.00, Acc(5): 100.00
2023-06-19 16:24:18,285 - AUGCON - INFO - Epoch [12/50]-(10/22) Loss: 1.0752, Acc(1): 50.00, Acc(5): 100.00
2023-06-19 16:24:18,285 - AUGCON - INFO - Epoch [12/50]-(15/22) Loss: 1.4867, Acc(1): 75.00, Acc(5): 100.00
2023-06-19 16:24:18,285 - AUGCON - INFO - Epoch [12/50]-(20/22) Loss: 1.5655, Acc(1): 75.00, Acc(5): 100.00
2023-06-19 16:24:18,285 - AUGCON - INFO - 	Validation Loss: 1.3343, Acc(1): 70.00, Acc(5): 95.00, F1: 0.17, Recall: 0.16, Precision: 0.18
2023-06-19 16:24:18,285 - AUGCON - INFO - Epoch [13/50]-(0/22) Loss: 1.4651, Acc(1): 50.00, Acc(5): 100.00
2023-06-19 16:24:18,285 - AUGCON - INFO - Epoch [13/50]-(5/22) Loss: 1.4491, Acc(1): 100.00, Acc(5): 100.00
2023-06-19 16:24:18,286 - AUGCON - INFO - Epoch [13/50]-(10/22) Loss: 1.5788, Acc(1): 50.00, Acc(5): 100.00
2023-06-19 16:24:18,286 - AUGCON - INFO - Epoch [13/50]-(15/22) Loss: 1.6648, Acc(1): 50.00, Acc(5): 100.00
2023-06-19 16:24:18,286 - AUGCON - INFO - Epoch [13/50]-(20/22) Loss: 1.2788, Acc(1): 75.00, Acc(5): 100.00
2023-06-19 16:24:18,286 - AUGCON - INFO - 	Validation Loss: 1.3089, Acc(1): 68.00, Acc(5): 96.00, F1: 0.16, Recall: 0.15, Precision: 0.17
2023-06-19 16:24:18,286 - AUGCON - INFO - Epoch [14/50]-(0/22) Loss: 1.5063, Acc(1): 75.00, Acc(5): 100.00
2023-06-19 16:24:18,286 - AUGCON - INFO - Epoch [14/50]-(5/22) Loss: 1.4581, Acc(1): 75.00, Acc(5): 100.00
2023-06-19 16:24:18,286 - AUGCON - INFO - Epoch [14/50]-(10/22) Loss: 1.4688, Acc(1): 50.00, Acc(5): 100.00
2023-06-19 16:24:18,286 - AUGCON - INFO - Epoch [14/50]-(15/22) Loss: 2.0167, Acc(1): 0.00, Acc(5): 100.00
2023-06-19 16:24:18,286 - AUGCON - INFO - Epoch [14/50]-(20/22) Loss: 1.1831, Acc(1): 25.00, Acc(5): 100.00
2023-06-19 16:24:18,286 - AUGCON - INFO - 	Validation Loss: 1.2500, Acc(1): 66.00, Acc(5): 96.00, F1: 0.17, Recall: 0.15, Precision: 0.21
2023-06-19 16:24:18,286 - AUGCON - INFO - Epoch [15/50]-(0/22) Loss: 1.7219, Acc(1): 50.00, Acc(5): 100.00
2023-06-19 16:24:18,286 - AUGCON - INFO - Epoch [15/50]-(5/22) Loss: 1.1195, Acc(1): 75.00, Acc(5): 100.00
2023-06-19 16:24:18,287 - AUGCON - INFO - Epoch [15/50]-(10/22) Loss: 1.0000, Acc(1): 100.00, Acc(5): 100.00
2023-06-19 16:24:18,287 - AUGCON - INFO - Epoch [15/50]-(15/22) Loss: 1.5857, Acc(1): 50.00, Acc(5): 100.00
2023-06-19 16:24:18,287 - AUGCON - INFO - Epoch [15/50]-(20/22) Loss: 1.2195, Acc(1): 75.00, Acc(5): 100.00
2023-06-19 16:24:18,287 - AUGCON - INFO - 	Validation Loss: 1.2892, Acc(1): 70.00, Acc(5): 96.00, F1: 0.17, Recall: 0.16, Precision: 0.18
2023-06-19 16:24:18,287 - AUGCON - INFO - Epoch [16/50]-(0/22) Loss: 1.1896, Acc(1): 75.00, Acc(5): 100.00
2023-06-19 16:24:18,287 - AUGCON - INFO - Epoch [16/50]-(5/22) Loss: 1.4535, Acc(1): 50.00, Acc(5): 100.00
2023-06-19 16:24:18,287 - AUGCON - INFO - Epoch [16/50]-(10/22) Loss: 0.9664, Acc(1): 75.00, Acc(5): 100.00
2023-06-19 16:24:18,287 - AUGCON - INFO - Epoch [16/50]-(15/22) Loss: 1.7784, Acc(1): 25.00, Acc(5): 100.00
2023-06-19 16:24:18,287 - AUGCON - INFO - Epoch [16/50]-(20/22) Loss: 0.9924, Acc(1): 75.00, Acc(5): 100.00
2023-06-19 16:24:18,287 - AUGCON - INFO - 	Validation Loss: 1.2208, Acc(1): 70.00, Acc(5): 96.00, F1: 0.18, Recall: 0.16, Precision: 0.20
2023-06-19 16:24:18,287 - AUGCON - INFO - Epoch [17/50]-(0/22) Loss: 1.0674, Acc(1): 75.00, Acc(5): 100.00
2023-06-19 16:24:18,287 - AUGCON - INFO - Epoch [17/50]-(5/22) Loss: 1.4692, Acc(1): 50.00, Acc(5): 100.00
2023-06-19 16:24:18,288 - AUGCON - INFO - Epoch [17/50]-(10/22) Loss: 1.1676, Acc(1): 100.00, Acc(5): 100.00
2023-06-19 16:24:18,288 - AUGCON - INFO - Epoch [17/50]-(15/22) Loss: 1.0989, Acc(1): 75.00, Acc(5): 100.00
2023-06-19 16:24:18,288 - AUGCON - INFO - Epoch [17/50]-(20/22) Loss: 1.4614, Acc(1): 50.00, Acc(5): 100.00
2023-06-19 16:24:18,288 - AUGCON - INFO - 	Validation Loss: 1.2678, Acc(1): 62.00, Acc(5): 95.00, F1: 0.14, Recall: 0.14, Precision: 0.14
2023-06-19 16:24:18,288 - AUGCON - INFO - Epoch [18/50]-(0/22) Loss: 1.3544, Acc(1): 50.00, Acc(5): 100.00
2023-06-19 16:24:18,288 - AUGCON - INFO - Epoch [18/50]-(5/22) Loss: 1.3099, Acc(1): 75.00, Acc(5): 100.00
2023-06-19 16:24:18,288 - AUGCON - INFO - Epoch [18/50]-(10/22) Loss: 1.3915, Acc(1): 50.00, Acc(5): 100.00
2023-06-19 16:24:18,288 - AUGCON - INFO - Epoch [18/50]-(15/22) Loss: 1.1535, Acc(1): 75.00, Acc(5): 100.00
2023-06-19 16:24:18,288 - AUGCON - INFO - Epoch [18/50]-(20/22) Loss: 1.2430, Acc(1): 75.00, Acc(5): 100.00
2023-06-19 16:24:18,288 - AUGCON - INFO - 	Validation Loss: 1.2225, Acc(1): 78.00, Acc(5): 96.00, F1: 0.19, Recall: 0.18, Precision: 0.20
2023-06-19 16:24:18,289 - AUGCON - INFO - Epoch [19/50]-(0/22) Loss: 1.2902, Acc(1): 50.00, Acc(5): 100.00
2023-06-19 16:24:18,289 - AUGCON - INFO - Epoch [19/50]-(5/22) Loss: 1.0533, Acc(1): 75.00, Acc(5): 100.00
2023-06-19 16:24:18,289 - AUGCON - INFO - Epoch [19/50]-(10/22) Loss: 1.2714, Acc(1): 75.00, Acc(5): 100.00
2023-06-19 16:24:18,289 - AUGCON - INFO - Epoch [19/50]-(15/22) Loss: 1.5028, Acc(1): 50.00, Acc(5): 100.00
2023-06-19 16:24:18,289 - AUGCON - INFO - Epoch [19/50]-(20/22) Loss: 1.5906, Acc(1): 50.00, Acc(5): 100.00
2023-06-19 16:24:18,289 - AUGCON - INFO - 	Validation Loss: 1.2178, Acc(1): 72.00, Acc(5): 95.00, F1: 0.17, Recall: 0.16, Precision: 0.17
2023-06-19 16:24:18,289 - AUGCON - INFO - Epoch [20/50]-(0/22) Loss: 0.8439, Acc(1): 100.00, Acc(5): 100.00
2023-06-19 16:24:18,289 - AUGCON - INFO - Epoch [20/50]-(5/22) Loss: 0.9446, Acc(1): 75.00, Acc(5): 100.00
2023-06-19 16:24:18,289 - AUGCON - INFO - Epoch [20/50]-(10/22) Loss: 1.1869, Acc(1): 75.00, Acc(5): 100.00
2023-06-19 16:24:18,289 - AUGCON - INFO - Epoch [20/50]-(15/22) Loss: 1.3701, Acc(1): 50.00, Acc(5): 100.00
2023-06-19 16:24:18,289 - AUGCON - INFO - Epoch [20/50]-(20/22) Loss: 1.0375, Acc(1): 75.00, Acc(5): 100.00
2023-06-19 16:24:18,290 - AUGCON - INFO - 	Validation Loss: 1.1974, Acc(1): 72.00, Acc(5): 96.00, F1: 0.17, Recall: 0.17, Precision: 0.18
2023-06-19 16:24:18,290 - AUGCON - INFO - Epoch [21/50]-(0/22) Loss: 1.6297, Acc(1): 50.00, Acc(5): 100.00
2023-06-19 16:24:18,290 - AUGCON - INFO - Epoch [21/50]-(5/22) Loss: 1.0818, Acc(1): 75.00, Acc(5): 100.00
2023-06-19 16:24:18,290 - AUGCON - INFO - Epoch [21/50]-(10/22) Loss: 1.0250, Acc(1): 75.00, Acc(5): 100.00
2023-06-19 16:24:18,290 - AUGCON - INFO - Epoch [21/50]-(15/22) Loss: 1.1982, Acc(1): 50.00, Acc(5): 100.00
2023-06-19 16:24:18,290 - AUGCON - INFO - Epoch [21/50]-(20/22) Loss: 1.6543, Acc(1): 25.00, Acc(5): 100.00
2023-06-19 16:24:18,290 - AUGCON - INFO - 	Validation Loss: 1.1598, Acc(1): 72.00, Acc(5): 95.00, F1: 0.17, Recall: 0.16, Precision: 0.18
2023-06-19 16:24:18,290 - AUGCON - INFO - Epoch [22/50]-(0/22) Loss: 0.8028, Acc(1): 75.00, Acc(5): 100.00
2023-06-19 16:24:18,290 - AUGCON - INFO - Epoch [22/50]-(5/22) Loss: 1.1039, Acc(1): 75.00, Acc(5): 100.00
2023-06-19 16:24:18,290 - AUGCON - INFO - Epoch [22/50]-(10/22) Loss: 1.3546, Acc(1): 75.00, Acc(5): 100.00
2023-06-19 16:24:18,290 - AUGCON - INFO - Epoch [22/50]-(15/22) Loss: 1.1707, Acc(1): 100.00, Acc(5): 100.00
2023-06-19 16:24:18,291 - AUGCON - INFO - Epoch [22/50]-(20/22) Loss: 1.2359, Acc(1): 75.00, Acc(5): 100.00
2023-06-19 16:24:18,291 - AUGCON - INFO - 	Validation Loss: 1.1739, Acc(1): 72.00, Acc(5): 96.00, F1: 0.17, Recall: 0.16, Precision: 0.19
2023-06-19 16:24:18,291 - AUGCON - INFO - Epoch [23/50]-(0/22) Loss: 1.6554, Acc(1): 75.00, Acc(5): 100.00
2023-06-19 16:24:18,291 - AUGCON - INFO - Epoch [23/50]-(5/22) Loss: 0.8961, Acc(1): 100.00, Acc(5): 100.00
2023-06-19 16:24:18,291 - AUGCON - INFO - Epoch [23/50]-(10/22) Loss: 1.1097, Acc(1): 75.00, Acc(5): 100.00
2023-06-19 16:24:18,291 - AUGCON - INFO - Epoch [23/50]-(15/22) Loss: 0.6419, Acc(1): 100.00, Acc(5): 100.00
2023-06-19 16:24:18,291 - AUGCON - INFO - Epoch [23/50]-(20/22) Loss: 1.1508, Acc(1): 75.00, Acc(5): 100.00
2023-06-19 16:24:18,291 - AUGCON - INFO - 	Validation Loss: 1.1788, Acc(1): 66.00, Acc(5): 96.00, F1: 0.16, Recall: 0.15, Precision: 0.17
2023-06-19 16:24:18,291 - AUGCON - INFO - Epoch [24/50]-(0/22) Loss: 1.0495, Acc(1): 75.00, Acc(5): 100.00
2023-06-19 16:24:18,291 - AUGCON - INFO - Epoch [24/50]-(5/22) Loss: 0.8536, Acc(1): 75.00, Acc(5): 100.00
2023-06-19 16:24:18,291 - AUGCON - INFO - Epoch [24/50]-(10/22) Loss: 1.9914, Acc(1): 25.00, Acc(5): 100.00
2023-06-19 16:24:18,291 - AUGCON - INFO - Epoch [24/50]-(15/22) Loss: 0.8822, Acc(1): 100.00, Acc(5): 100.00
2023-06-19 16:24:18,292 - AUGCON - INFO - Epoch [24/50]-(20/22) Loss: 1.0837, Acc(1): 75.00, Acc(5): 100.00
2023-06-19 16:24:18,292 - AUGCON - INFO - 	Validation Loss: 1.1223, Acc(1): 70.00, Acc(5): 96.00, F1: 0.17, Recall: 0.16, Precision: 0.19
2023-06-19 16:24:18,292 - AUGCON - INFO - Epoch [25/50]-(0/22) Loss: 0.9894, Acc(1): 75.00, Acc(5): 100.00
2023-06-19 16:24:18,292 - AUGCON - INFO - Epoch [25/50]-(5/22) Loss: 1.1708, Acc(1): 100.00, Acc(5): 100.00
2023-06-19 16:24:18,292 - AUGCON - INFO - Epoch [25/50]-(10/22) Loss: 1.5717, Acc(1): 50.00, Acc(5): 100.00
2023-06-19 16:24:18,292 - AUGCON - INFO - Epoch [25/50]-(15/22) Loss: 1.2907, Acc(1): 75.00, Acc(5): 100.00
2023-06-19 16:24:18,292 - AUGCON - INFO - Epoch [25/50]-(20/22) Loss: 1.1280, Acc(1): 75.00, Acc(5): 100.00
2023-06-19 16:24:18,292 - AUGCON - INFO - 	Validation Loss: 1.1091, Acc(1): 70.00, Acc(5): 96.00, F1: 0.17, Recall: 0.16, Precision: 0.19
2023-06-19 16:24:18,292 - AUGCON - INFO - Epoch [26/50]-(0/22) Loss: 0.9005, Acc(1): 100.00, Acc(5): 100.00
2023-06-19 16:24:18,293 - AUGCON - INFO - Epoch [26/50]-(5/22) Loss: 1.6165, Acc(1): 25.00, Acc(5): 100.00
2023-06-19 16:24:18,293 - AUGCON - INFO - Epoch [26/50]-(10/22) Loss: 1.3305, Acc(1): 50.00, Acc(5): 100.00
2023-06-19 16:24:18,293 - AUGCON - INFO - Epoch [26/50]-(15/22) Loss: 1.7955, Acc(1): 50.00, Acc(5): 100.00
2023-06-19 16:24:18,293 - AUGCON - INFO - Epoch [26/50]-(20/22) Loss: 0.7994, Acc(1): 100.00, Acc(5): 100.00
2023-06-19 16:24:18,293 - AUGCON - INFO - 	Validation Loss: 1.1207, Acc(1): 74.00, Acc(5): 96.00, F1: 0.18, Recall: 0.17, Precision: 0.18
2023-06-19 16:24:18,293 - AUGCON - INFO - Epoch [27/50]-(0/22) Loss: 1.1918, Acc(1): 50.00, Acc(5): 100.00
2023-06-19 16:24:18,293 - AUGCON - INFO - Epoch [27/50]-(5/22) Loss: 1.1593, Acc(1): 75.00, Acc(5): 100.00
2023-06-19 16:24:18,293 - AUGCON - INFO - Epoch [27/50]-(10/22) Loss: 0.6776, Acc(1): 100.00, Acc(5): 100.00
2023-06-19 16:24:18,293 - AUGCON - INFO - Epoch [27/50]-(15/22) Loss: 1.2721, Acc(1): 50.00, Acc(5): 100.00
2023-06-19 16:24:18,293 - AUGCON - INFO - Epoch [27/50]-(20/22) Loss: 1.1481, Acc(1): 75.00, Acc(5): 100.00
2023-06-19 16:24:18,293 - AUGCON - INFO - 	Validation Loss: 1.1013, Acc(1): 72.00, Acc(5): 96.00, F1: 0.18, Recall: 0.17, Precision: 0.19
2023-06-19 16:24:18,293 - AUGCON - INFO - Epoch [28/50]-(0/22) Loss: 1.3522, Acc(1): 50.00, Acc(5): 100.00
2023-06-19 16:24:18,293 - AUGCON - INFO - Epoch [28/50]-(5/22) Loss: 1.2202, Acc(1): 50.00, Acc(5): 100.00
2023-06-19 16:24:18,293 - AUGCON - INFO - Epoch [28/50]-(10/22) Loss: 1.0383, Acc(1): 75.00, Acc(5): 100.00
2023-06-19 16:24:18,293 - AUGCON - INFO - Epoch [28/50]-(15/22) Loss: 0.7935, Acc(1): 100.00, Acc(5): 100.00
2023-06-19 16:24:18,293 - AUGCON - INFO - Epoch [28/50]-(20/22) Loss: 1.2471, Acc(1): 50.00, Acc(5): 100.00
2023-06-19 16:24:18,294 - AUGCON - INFO - 	Validation Loss: 1.0919, Acc(1): 71.00, Acc(5): 96.00, F1: 0.17, Recall: 0.16, Precision: 0.18
2023-06-19 16:24:18,294 - AUGCON - INFO - Epoch [29/50]-(0/22) Loss: 1.1499, Acc(1): 25.00, Acc(5): 100.00
2023-06-19 16:24:18,294 - AUGCON - INFO - Epoch [29/50]-(5/22) Loss: 1.0467, Acc(1): 75.00, Acc(5): 100.00
2023-06-19 16:24:18,294 - AUGCON - INFO - Epoch [29/50]-(10/22) Loss: 0.7917, Acc(1): 100.00, Acc(5): 100.00
2023-06-19 16:24:18,294 - AUGCON - INFO - Epoch [29/50]-(15/22) Loss: 0.7023, Acc(1): 75.00, Acc(5): 100.00
2023-06-19 16:24:18,294 - AUGCON - INFO - Epoch [29/50]-(20/22) Loss: 1.3298, Acc(1): 50.00, Acc(5): 100.00
2023-06-19 16:24:18,294 - AUGCON - INFO - 	Validation Loss: 1.0958, Acc(1): 72.00, Acc(5): 96.00, F1: 0.18, Recall: 0.17, Precision: 0.19
2023-06-19 16:24:18,294 - AUGCON - INFO - Epoch [30/50]-(0/22) Loss: 1.0574, Acc(1): 75.00, Acc(5): 100.00
2023-06-19 16:24:18,294 - AUGCON - INFO - Epoch [30/50]-(5/22) Loss: 1.4159, Acc(1): 50.00, Acc(5): 100.00
2023-06-19 16:24:18,294 - AUGCON - INFO - Epoch [30/50]-(10/22) Loss: 1.4729, Acc(1): 50.00, Acc(5): 100.00
2023-06-19 16:24:18,294 - AUGCON - INFO - Epoch [30/50]-(15/22) Loss: 0.7107, Acc(1): 75.00, Acc(5): 100.00
2023-06-19 16:24:18,294 - AUGCON - INFO - Epoch [30/50]-(20/22) Loss: 1.4137, Acc(1): 75.00, Acc(5): 100.00
2023-06-19 16:24:18,294 - AUGCON - INFO - 	Validation Loss: 1.0765, Acc(1): 75.00, Acc(5): 96.00, F1: 0.18, Recall: 0.17, Precision: 0.19
2023-06-19 16:24:18,294 - AUGCON - INFO - Epoch [31/50]-(0/22) Loss: 0.6973, Acc(1): 100.00, Acc(5): 100.00
2023-06-19 16:24:18,294 - AUGCON - INFO - Epoch [31/50]-(5/22) Loss: 1.1479, Acc(1): 50.00, Acc(5): 100.00
2023-06-19 16:24:18,294 - AUGCON - INFO - Epoch [31/50]-(10/22) Loss: 0.9668, Acc(1): 75.00, Acc(5): 100.00
2023-06-19 16:24:18,295 - AUGCON - INFO - Epoch [31/50]-(15/22) Loss: 1.3207, Acc(1): 25.00, Acc(5): 100.00
2023-06-19 16:24:18,295 - AUGCON - INFO - Epoch [31/50]-(20/22) Loss: 0.4526, Acc(1): 75.00, Acc(5): 100.00
2023-06-19 16:24:18,295 - AUGCON - INFO - 	Validation Loss: 1.0419, Acc(1): 71.00, Acc(5): 96.00, F1: 0.17, Recall: 0.16, Precision: 0.19
2023-06-19 16:24:18,295 - AUGCON - INFO - Epoch [32/50]-(0/22) Loss: 0.7908, Acc(1): 100.00, Acc(5): 100.00
2023-06-19 16:24:18,295 - AUGCON - INFO - Epoch [32/50]-(5/22) Loss: 1.0830, Acc(1): 75.00, Acc(5): 100.00
2023-06-19 16:24:18,295 - AUGCON - INFO - Epoch [32/50]-(10/22) Loss: 1.1010, Acc(1): 75.00, Acc(5): 100.00
2023-06-19 16:24:18,295 - AUGCON - INFO - Epoch [32/50]-(15/22) Loss: 0.7525, Acc(1): 100.00, Acc(5): 100.00
2023-06-19 16:24:18,295 - AUGCON - INFO - Epoch [32/50]-(20/22) Loss: 0.5604, Acc(1): 100.00, Acc(5): 100.00
2023-06-19 16:24:18,295 - AUGCON - INFO - 	Validation Loss: 1.0544, Acc(1): 73.00, Acc(5): 96.00, F1: 0.17, Recall: 0.17, Precision: 0.18
2023-06-19 16:24:18,295 - AUGCON - INFO - Epoch [33/50]-(0/22) Loss: 0.6619, Acc(1): 75.00, Acc(5): 100.00
2023-06-19 16:24:18,295 - AUGCON - INFO - Epoch [33/50]-(5/22) Loss: 0.9207, Acc(1): 100.00, Acc(5): 100.00
2023-06-19 16:24:18,295 - AUGCON - INFO - Epoch [33/50]-(10/22) Loss: 0.6689, Acc(1): 100.00, Acc(5): 100.00
2023-06-19 16:24:18,295 - AUGCON - INFO - Epoch [33/50]-(15/22) Loss: 1.0954, Acc(1): 50.00, Acc(5): 100.00
2023-06-19 16:24:18,295 - AUGCON - INFO - Epoch [33/50]-(20/22) Loss: 1.0947, Acc(1): 75.00, Acc(5): 100.00
2023-06-19 16:24:18,296 - AUGCON - INFO - 	Validation Loss: 1.0859, Acc(1): 73.00, Acc(5): 95.00, F1: 0.17, Recall: 0.17, Precision: 0.18
2023-06-19 16:24:18,296 - AUGCON - INFO - Epoch [34/50]-(0/22) Loss: 0.5944, Acc(1): 100.00, Acc(5): 100.00
2023-06-19 16:24:18,296 - AUGCON - INFO - Epoch [34/50]-(5/22) Loss: 1.3716, Acc(1): 50.00, Acc(5): 100.00
2023-06-19 16:24:18,296 - AUGCON - INFO - Epoch [34/50]-(10/22) Loss: 1.1086, Acc(1): 50.00, Acc(5): 100.00
2023-06-19 16:24:18,296 - AUGCON - INFO - Epoch [34/50]-(15/22) Loss: 1.5582, Acc(1): 50.00, Acc(5): 100.00
2023-06-19 16:24:18,299 - AUGCON - INFO - Epoch [34/50]-(20/22) Loss: 0.6275, Acc(1): 100.00, Acc(5): 100.00
2023-06-19 16:24:18,301 - AUGCON - INFO - 	Validation Loss: 1.0190, Acc(1): 74.00, Acc(5): 97.00, F1: 0.18, Recall: 0.17, Precision: 0.19
2023-06-19 16:24:18,301 - AUGCON - INFO - Epoch [35/50]-(0/22) Loss: 0.3191, Acc(1): 100.00, Acc(5): 100.00
2023-06-19 16:24:18,301 - AUGCON - INFO - Epoch [35/50]-(5/22) Loss: 1.1777, Acc(1): 50.00, Acc(5): 100.00
2023-06-19 16:24:18,301 - AUGCON - INFO - Epoch [35/50]-(10/22) Loss: 0.9055, Acc(1): 50.00, Acc(5): 100.00
2023-06-19 16:24:18,301 - AUGCON - INFO - Epoch [35/50]-(15/22) Loss: 1.3637, Acc(1): 50.00, Acc(5): 100.00
2023-06-19 16:24:18,301 - AUGCON - INFO - Epoch [35/50]-(20/22) Loss: 0.9925, Acc(1): 75.00, Acc(5): 100.00
2023-06-19 16:24:18,301 - AUGCON - INFO - 	Validation Loss: 1.0611, Acc(1): 71.00, Acc(5): 96.00, F1: 0.17, Recall: 0.16, Precision: 0.18
2023-06-19 16:24:18,302 - AUGCON - INFO - Epoch [36/50]-(0/22) Loss: 0.5704, Acc(1): 100.00, Acc(5): 100.00
2023-06-19 16:24:18,302 - AUGCON - INFO - Epoch [36/50]-(5/22) Loss: 1.5255, Acc(1): 25.00, Acc(5): 100.00
2023-06-19 16:24:18,302 - AUGCON - INFO - Epoch [36/50]-(10/22) Loss: 1.2820, Acc(1): 50.00, Acc(5): 100.00
2023-06-19 16:24:18,302 - AUGCON - INFO - Epoch [36/50]-(15/22) Loss: 1.3383, Acc(1): 75.00, Acc(5): 100.00
2023-06-19 16:24:18,302 - AUGCON - INFO - Epoch [36/50]-(20/22) Loss: 0.7712, Acc(1): 75.00, Acc(5): 100.00
2023-06-19 16:24:18,302 - AUGCON - INFO - 	Validation Loss: 1.0722, Acc(1): 72.00, Acc(5): 96.00, F1: 0.17, Recall: 0.17, Precision: 0.16
2023-06-19 16:24:18,302 - AUGCON - INFO - Epoch [37/50]-(0/22) Loss: 0.8984, Acc(1): 50.00, Acc(5): 100.00
2023-06-19 16:24:18,302 - AUGCON - INFO - Epoch [37/50]-(5/22) Loss: 0.9736, Acc(1): 75.00, Acc(5): 100.00
2023-06-19 16:24:18,302 - AUGCON - INFO - Epoch [37/50]-(10/22) Loss: 0.7258, Acc(1): 100.00, Acc(5): 100.00
2023-06-19 16:24:18,302 - AUGCON - INFO - Epoch [37/50]-(15/22) Loss: 0.8054, Acc(1): 75.00, Acc(5): 100.00
2023-06-19 16:24:18,302 - AUGCON - INFO - Epoch [37/50]-(20/22) Loss: 0.9872, Acc(1): 100.00, Acc(5): 100.00
2023-06-19 16:24:18,302 - AUGCON - INFO - 	Validation Loss: 0.9912, Acc(1): 74.00, Acc(5): 96.00, F1: 0.18, Recall: 0.17, Precision: 0.20
2023-06-19 16:24:18,302 - AUGCON - INFO - Epoch [38/50]-(0/22) Loss: 0.9834, Acc(1): 100.00, Acc(5): 100.00
2023-06-19 16:24:18,303 - AUGCON - INFO - Epoch [38/50]-(5/22) Loss: 0.5053, Acc(1): 75.00, Acc(5): 100.00
2023-06-19 16:24:18,303 - AUGCON - INFO - Epoch [38/50]-(10/22) Loss: 0.6257, Acc(1): 75.00, Acc(5): 100.00
2023-06-19 16:24:18,303 - AUGCON - INFO - Epoch [38/50]-(15/22) Loss: 1.2518, Acc(1): 50.00, Acc(5): 100.00
2023-06-19 16:24:18,303 - AUGCON - INFO - Epoch [38/50]-(20/22) Loss: 0.6386, Acc(1): 100.00, Acc(5): 100.00
2023-06-19 16:24:18,303 - AUGCON - INFO - 	Validation Loss: 1.0495, Acc(1): 73.00, Acc(5): 96.00, F1: 0.18, Recall: 0.17, Precision: 0.18
2023-06-19 16:24:18,303 - AUGCON - INFO - Epoch [39/50]-(0/22) Loss: 0.7615, Acc(1): 100.00, Acc(5): 100.00
2023-06-19 16:24:18,303 - AUGCON - INFO - Epoch [39/50]-(5/22) Loss: 0.9387, Acc(1): 50.00, Acc(5): 100.00
2023-06-19 16:24:18,303 - AUGCON - INFO - Epoch [39/50]-(10/22) Loss: 1.3707, Acc(1): 50.00, Acc(5): 100.00
2023-06-19 16:24:18,303 - AUGCON - INFO - Epoch [39/50]-(15/22) Loss: 1.3068, Acc(1): 50.00, Acc(5): 100.00
2023-06-19 16:24:18,303 - AUGCON - INFO - Epoch [39/50]-(20/22) Loss: 1.0654, Acc(1): 50.00, Acc(5): 100.00
2023-06-19 16:24:18,303 - AUGCON - INFO - 	Validation Loss: 1.0091, Acc(1): 76.00, Acc(5): 96.00, F1: 0.18, Recall: 0.18, Precision: 0.19
2023-06-19 16:24:18,303 - AUGCON - INFO - Epoch [40/50]-(0/22) Loss: 0.9996, Acc(1): 75.00, Acc(5): 100.00
2023-06-19 16:24:18,303 - AUGCON - INFO - Epoch [40/50]-(5/22) Loss: 0.9120, Acc(1): 75.00, Acc(5): 100.00
2023-06-19 16:24:18,304 - AUGCON - INFO - Epoch [40/50]-(10/22) Loss: 1.0006, Acc(1): 75.00, Acc(5): 100.00
2023-06-19 16:24:18,304 - AUGCON - INFO - Epoch [40/50]-(15/22) Loss: 1.0406, Acc(1): 50.00, Acc(5): 100.00
2023-06-19 16:24:18,304 - AUGCON - INFO - Epoch [40/50]-(20/22) Loss: 1.1346, Acc(1): 50.00, Acc(5): 100.00
2023-06-19 16:24:18,304 - AUGCON - INFO - 	Validation Loss: 1.0619, Acc(1): 73.00, Acc(5): 96.00, F1: 0.17, Recall: 0.17, Precision: 0.18
2023-06-19 16:24:18,304 - AUGCON - INFO - Epoch [41/50]-(0/22) Loss: 0.7742, Acc(1): 100.00, Acc(5): 100.00
2023-06-19 16:24:18,304 - AUGCON - INFO - Epoch [41/50]-(5/22) Loss: 0.7360, Acc(1): 100.00, Acc(5): 100.00
2023-06-19 16:24:18,304 - AUGCON - INFO - Epoch [41/50]-(10/22) Loss: 0.9386, Acc(1): 75.00, Acc(5): 100.00
2023-06-19 16:24:18,304 - AUGCON - INFO - Epoch [41/50]-(15/22) Loss: 1.7161, Acc(1): 25.00, Acc(5): 100.00
2023-06-19 16:24:18,304 - AUGCON - INFO - Epoch [41/50]-(20/22) Loss: 1.2202, Acc(1): 50.00, Acc(5): 100.00
2023-06-19 16:24:18,304 - AUGCON - INFO - 	Validation Loss: 1.0069, Acc(1): 69.00, Acc(5): 96.00, F1: 0.17, Recall: 0.16, Precision: 0.18
2023-06-19 16:24:18,304 - AUGCON - INFO - Epoch [42/50]-(0/22) Loss: 1.1067, Acc(1): 75.00, Acc(5): 100.00
2023-06-19 16:24:18,304 - AUGCON - INFO - Epoch [42/50]-(5/22) Loss: 0.6181, Acc(1): 75.00, Acc(5): 100.00
2023-06-19 16:24:18,305 - AUGCON - INFO - Epoch [42/50]-(10/22) Loss: 0.5368, Acc(1): 100.00, Acc(5): 100.00
2023-06-19 16:24:18,305 - AUGCON - INFO - Epoch [42/50]-(15/22) Loss: 0.6760, Acc(1): 100.00, Acc(5): 100.00
2023-06-19 16:24:18,305 - AUGCON - INFO - Epoch [42/50]-(20/22) Loss: 0.7579, Acc(1): 75.00, Acc(5): 100.00
2023-06-19 16:24:18,305 - AUGCON - INFO - 	Validation Loss: 1.0338, Acc(1): 72.00, Acc(5): 98.00, F1: 0.17, Recall: 0.16, Precision: 0.17
2023-06-19 16:24:18,305 - AUGCON - INFO - Epoch [43/50]-(0/22) Loss: 0.8247, Acc(1): 100.00, Acc(5): 100.00
2023-06-19 16:24:18,305 - AUGCON - INFO - Epoch [43/50]-(5/22) Loss: 1.0409, Acc(1): 75.00, Acc(5): 100.00
2023-06-19 16:24:18,305 - AUGCON - INFO - Epoch [43/50]-(10/22) Loss: 1.1637, Acc(1): 75.00, Acc(5): 100.00
2023-06-19 16:24:18,305 - AUGCON - INFO - Epoch [43/50]-(15/22) Loss: 1.1319, Acc(1): 50.00, Acc(5): 100.00
2023-06-19 16:24:18,305 - AUGCON - INFO - Epoch [43/50]-(20/22) Loss: 1.3920, Acc(1): 50.00, Acc(5): 100.00
2023-06-19 16:24:18,305 - AUGCON - INFO - 	Validation Loss: 0.9687, Acc(1): 73.00, Acc(5): 96.00, F1: 0.18, Recall: 0.17, Precision: 0.19
2023-06-19 16:24:18,305 - AUGCON - INFO - Epoch [44/50]-(0/22) Loss: 0.9452, Acc(1): 75.00, Acc(5): 100.00
2023-06-19 16:24:18,305 - AUGCON - INFO - Epoch [44/50]-(5/22) Loss: 1.0502, Acc(1): 50.00, Acc(5): 100.00
2023-06-19 16:24:18,306 - AUGCON - INFO - Epoch [44/50]-(10/22) Loss: 1.1983, Acc(1): 50.00, Acc(5): 100.00
2023-06-19 16:24:18,306 - AUGCON - INFO - Epoch [44/50]-(15/22) Loss: 0.6571, Acc(1): 100.00, Acc(5): 100.00
2023-06-19 16:24:18,306 - AUGCON - INFO - Epoch [44/50]-(20/22) Loss: 0.6328, Acc(1): 100.00, Acc(5): 100.00
2023-06-19 16:24:18,306 - AUGCON - INFO - 	Validation Loss: 1.0407, Acc(1): 75.00, Acc(5): 96.00, F1: 0.18, Recall: 0.18, Precision: 0.19
2023-06-19 16:24:18,306 - AUGCON - INFO - Epoch [45/50]-(0/22) Loss: 1.1956, Acc(1): 100.00, Acc(5): 100.00
2023-06-19 16:24:18,306 - AUGCON - INFO - Epoch [45/50]-(5/22) Loss: 0.4755, Acc(1): 100.00, Acc(5): 100.00
2023-06-19 16:24:18,306 - AUGCON - INFO - Epoch [45/50]-(10/22) Loss: 1.0007, Acc(1): 50.00, Acc(5): 100.00
2023-06-19 16:24:18,306 - AUGCON - INFO - Epoch [45/50]-(15/22) Loss: 1.4261, Acc(1): 50.00, Acc(5): 100.00
2023-06-19 16:24:18,306 - AUGCON - INFO - Epoch [45/50]-(20/22) Loss: 1.0219, Acc(1): 75.00, Acc(5): 100.00
2023-06-19 16:24:18,306 - AUGCON - INFO - 	Validation Loss: 0.9966, Acc(1): 76.00, Acc(5): 97.00, F1: 0.18, Recall: 0.18, Precision: 0.19
2023-06-19 16:24:18,306 - AUGCON - INFO - Epoch [46/50]-(0/22) Loss: 0.7070, Acc(1): 75.00, Acc(5): 100.00
2023-06-19 16:24:18,306 - AUGCON - INFO - Epoch [46/50]-(5/22) Loss: 1.1445, Acc(1): 25.00, Acc(5): 100.00
2023-06-19 16:24:18,307 - AUGCON - INFO - Epoch [46/50]-(10/22) Loss: 0.7068, Acc(1): 75.00, Acc(5): 100.00
2023-06-19 16:24:18,307 - AUGCON - INFO - Epoch [46/50]-(15/22) Loss: 1.1165, Acc(1): 50.00, Acc(5): 100.00
2023-06-19 16:24:18,307 - AUGCON - INFO - Epoch [46/50]-(20/22) Loss: 0.9317, Acc(1): 75.00, Acc(5): 100.00
2023-06-19 16:24:18,307 - AUGCON - INFO - 	Validation Loss: 0.9764, Acc(1): 75.00, Acc(5): 98.00, F1: 0.19, Recall: 0.17, Precision: 0.20
2023-06-19 16:24:18,307 - AUGCON - INFO - Epoch [47/50]-(0/22) Loss: 0.9317, Acc(1): 75.00, Acc(5): 100.00
2023-06-19 16:24:18,307 - AUGCON - INFO - Epoch [47/50]-(5/22) Loss: 0.9584, Acc(1): 75.00, Acc(5): 100.00
2023-06-19 16:24:18,307 - AUGCON - INFO - Epoch [47/50]-(10/22) Loss: 0.5514, Acc(1): 100.00, Acc(5): 100.00
2023-06-19 16:24:18,307 - AUGCON - INFO - Epoch [47/50]-(15/22) Loss: 0.5543, Acc(1): 100.00, Acc(5): 100.00
2023-06-19 16:24:18,307 - AUGCON - INFO - Epoch [47/50]-(20/22) Loss: 1.4884, Acc(1): 75.00, Acc(5): 100.00
2023-06-19 16:24:18,307 - AUGCON - INFO - 	Validation Loss: 0.9617, Acc(1): 76.00, Acc(5): 96.00, F1: 0.19, Recall: 0.18, Precision: 0.20
2023-06-19 16:24:18,307 - AUGCON - INFO - Epoch [48/50]-(0/22) Loss: 1.1342, Acc(1): 75.00, Acc(5): 100.00
2023-06-19 16:24:18,307 - AUGCON - INFO - Epoch [48/50]-(5/22) Loss: 0.3914, Acc(1): 100.00, Acc(5): 100.00
2023-06-19 16:24:18,308 - AUGCON - INFO - Epoch [48/50]-(10/22) Loss: 0.5472, Acc(1): 100.00, Acc(5): 100.00
2023-06-19 16:24:18,308 - AUGCON - INFO - Epoch [48/50]-(15/22) Loss: 0.8617, Acc(1): 50.00, Acc(5): 100.00
2023-06-19 16:24:18,308 - AUGCON - INFO - Epoch [48/50]-(20/22) Loss: 1.4966, Acc(1): 0.00, Acc(5): 100.00
2023-06-19 16:24:18,308 - AUGCON - INFO - 	Validation Loss: 0.9673, Acc(1): 75.00, Acc(5): 96.00, F1: 0.18, Recall: 0.18, Precision: 0.18
2023-06-19 16:24:18,308 - AUGCON - INFO - Epoch [49/50]-(0/22) Loss: 1.0453, Acc(1): 75.00, Acc(5): 100.00
2023-06-19 16:24:18,308 - AUGCON - INFO - Epoch [49/50]-(5/22) Loss: 1.1788, Acc(1): 75.00, Acc(5): 100.00
2023-06-19 16:24:18,308 - AUGCON - INFO - Epoch [49/50]-(10/22) Loss: 0.8893, Acc(1): 75.00, Acc(5): 100.00
2023-06-19 16:24:18,308 - AUGCON - INFO - Epoch [49/50]-(15/22) Loss: 1.4605, Acc(1): 50.00, Acc(5): 100.00
2023-06-19 16:24:18,308 - AUGCON - INFO - Epoch [49/50]-(20/22) Loss: 0.5549, Acc(1): 100.00, Acc(5): 100.00
2023-06-19 16:24:18,308 - AUGCON - INFO - 	Validation Loss: 0.9338, Acc(1): 77.00, Acc(5): 96.00, F1: 0.19, Recall: 0.18, Precision: 0.20
2023-06-19 16:24:18,308 - AUGCON - INFO - Epoch [50/50]-(0/22) Loss: 0.5912, Acc(1): 100.00, Acc(5): 100.00
2023-06-19 16:24:18,309 - AUGCON - INFO - Epoch [50/50]-(5/22) Loss: 0.6735, Acc(1): 75.00, Acc(5): 100.00
2023-06-19 16:24:18,309 - AUGCON - INFO - Epoch [50/50]-(10/22) Loss: 1.3328, Acc(1): 50.00, Acc(5): 100.00
2023-06-19 16:24:18,309 - AUGCON - INFO - Epoch [50/50]-(15/22) Loss: 1.8943, Acc(1): 0.00, Acc(5): 100.00
2023-06-19 16:24:18,309 - AUGCON - INFO - Epoch [50/50]-(20/22) Loss: 0.6108, Acc(1): 100.00, Acc(5): 100.00
2023-06-19 16:24:18,309 - AUGCON - INFO - 	Validation Loss: 0.9859, Acc(1): 74.00, Acc(5): 96.00, F1: 0.18, Recall: 0.17, Precision: 0.19
2023-06-19 16:24:18,309 - AUGCON - INFO - 	Validation Loss: 1.1202, Acc(1): 69.00, Acc(5): 93.33, F1: 0.17, Recall: 0.16, Precision: 0.17
