2023-06-19 16:26:50,460 - AUGCON - INFO - logger initialized (/home/hjyoon/projects/augcon/config/exp0/finetune_da_true/without_target_domain_PH0007-jskim/cpc_perdomain_8421/tgt_target_domain_WA4697-jhryu_seed0.yaml.log)
2023-06-19 16:26:50,460 - AUGCON - INFO - ================= Config =================
2023-06-19 16:26:50,460 - AUGCON - INFO -   mode: finetune
2023-06-19 16:26:50,460 - AUGCON - INFO -   seed: 0
2023-06-19 16:26:50,460 - AUGCON - INFO -   gpu: [0]
2023-06-19 16:26:50,460 - AUGCON - INFO -   num_workers: 1
2023-06-19 16:26:50,460 - AUGCON - INFO -   dist_url: tcp://localhost:10001
2023-06-19 16:26:50,460 - AUGCON - INFO -   dataset_name: ichar
2023-06-19 16:26:50,460 - AUGCON - INFO -   train_dataset_path: /mnt/sting/hjyoon/projects/cross/ICHAR/augcon/target_domain_WA4697-jhryu/finetune/10shot/target/train.pkl
2023-06-19 16:26:50,460 - AUGCON - INFO -   test_dataset_path: /mnt/sting/hjyoon/projects/cross/ICHAR/augcon/target_domain_WA4697-jhryu/finetune/10shot/target/test.pkl
2023-06-19 16:26:50,460 - AUGCON - INFO -   val_dataset_path: /mnt/sting/hjyoon/projects/cross/ICHAR/augcon/target_domain_WA4697-jhryu/finetune/10shot/target/val.pkl
2023-06-19 16:26:50,460 - AUGCON - INFO -   input_channels: 3
2023-06-19 16:26:50,461 - AUGCON - INFO -   num_cls: 9
2023-06-19 16:26:50,461 - AUGCON - INFO -   optimizer: adam
2023-06-19 16:26:50,461 - AUGCON - INFO -   criterion: crossentropy
2023-06-19 16:26:50,461 - AUGCON - INFO -   start_epoch: 0
2023-06-19 16:26:50,461 - AUGCON - INFO -   epochs: 50
2023-06-19 16:26:50,461 - AUGCON - INFO -   batch_size: 4
2023-06-19 16:26:50,461 - AUGCON - INFO -   lr: 0.001
2023-06-19 16:26:50,461 - AUGCON - INFO -   wd: 0.0
2023-06-19 16:26:50,461 - AUGCON - INFO -   resume: 
2023-06-19 16:26:50,461 - AUGCON - INFO -   pretrained: /mnt/sting/hjyoon/projects/augcontrast/models/exp0/pretrain/without_target_domain_PH0007-jskim/cpc_perdomain_8421//checkpoint_0099.pth.tar
2023-06-19 16:26:50,461 - AUGCON - INFO -   ckpt_dir: /mnt/sting/hjyoon/projects/augcontrast/models/exp0/finetune_da_true/without_target_domain_PH0007-jskim/cpc_perdomain_8421/tgt_target_domain_WA4697-jhryu_seed0
2023-06-19 16:26:50,461 - AUGCON - INFO -   log_freq: 5
2023-06-19 16:26:50,461 - AUGCON - INFO -   save_freq: 10
2023-06-19 16:26:50,461 - AUGCON - INFO -   pretext: metacpc
2023-06-19 16:26:50,461 - AUGCON - INFO -   enc_blocks: 4
2023-06-19 16:26:50,461 - AUGCON - INFO -   kernel_sizes: [8, 4, 2, 1]
2023-06-19 16:26:50,461 - AUGCON - INFO -   strides: [4, 2, 1, 1]
2023-06-19 16:26:50,461 - AUGCON - INFO -   agg_blocks: 5
2023-06-19 16:26:50,461 - AUGCON - INFO -   z_dim: 256
2023-06-19 16:26:50,461 - AUGCON - INFO -   pooling: mean
2023-06-19 16:26:50,461 - AUGCON - INFO -   pred_steps: 12
2023-06-19 16:26:50,461 - AUGCON - INFO -   n_negatives: 15
2023-06-19 16:26:50,461 - AUGCON - INFO -   offset: 4
2023-06-19 16:26:50,461 - AUGCON - INFO -   domain_adaptation: True
2023-06-19 16:26:50,461 - AUGCON - INFO -   task_steps: 10
2023-06-19 16:26:50,461 - AUGCON - INFO -   task_lr: 0.001
2023-06-19 16:26:50,461 - AUGCON - INFO -   reg_lambda: 0
2023-06-19 16:26:50,461 - AUGCON - INFO -   mlp: False
2023-06-19 16:26:50,461 - AUGCON - INFO -   freeze: True
2023-06-19 16:26:50,461 - AUGCON - INFO -   no_vars: True
2023-06-19 16:26:50,461 - AUGCON - INFO - ==========================================
2023-06-19 16:26:50,461 - AUGCON - INFO - Setting GPUs: [0]
2023-06-19 16:26:50,461 - AUGCON - INFO - GPUs [0] will be used
2023-06-19 16:26:50,462 - AUGCON - WARNING - You have chosen to seed training. 
2023-06-19 16:26:50,462 - AUGCON - WARNING - This will turn on the CUDNN deterministic setting, 
2023-06-19 16:26:50,462 - AUGCON - WARNING - which can slow down your training considerably! 
2023-06-19 16:26:50,462 - AUGCON - WARNING - You may see unexpected behavior when restarting 
2023-06-19 16:26:50,462 - AUGCON - WARNING - from checkpoints.
2023-06-19 16:26:50,498 - AUGCON - INFO - Executing MetaCPC
2023-06-19 16:26:50,499 - AUGCON - INFO - Logs are skipped during training
2023-06-19 16:27:09,936 - AUGCON - INFO - Single GPU is used for training - training 90 instances for each worker
2023-06-19 16:27:09,937 - AUGCON - INFO - Loading pretrained model from checkpoint - /mnt/sting/hjyoon/projects/augcontrast/models/exp0/pretrain/without_target_domain_PH0007-jskim/cpc_perdomain_8421//checkpoint_0099.pth.tar
2023-06-19 16:27:09,937 - AUGCON - INFO - Missing keys: ['predictor.vars.0', 'predictor.vars.1']
2023-06-19 16:27:09,937 - AUGCON - INFO - Perform domain adaptation step
2023-06-19 16:27:09,937 - AUGCON - INFO - 	meta-train [0/10] Loss: 2.8228, Acc(1): 5.77, Acc(5): 29.01
2023-06-19 16:27:09,937 - AUGCON - INFO - 	meta-train [1/10] Loss: 2.8136, Acc(1): 6.28, Acc(5): 30.40
2023-06-19 16:27:09,937 - AUGCON - INFO - 	meta-train [2/10] Loss: 2.8096, Acc(1): 6.10, Acc(5): 31.17
2023-06-19 16:27:09,937 - AUGCON - INFO - 	meta-train [3/10] Loss: 2.8082, Acc(1): 6.04, Acc(5): 31.00
2023-06-19 16:27:09,937 - AUGCON - INFO - 	meta-train [4/10] Loss: 2.8020, Acc(1): 6.44, Acc(5): 30.97
2023-06-19 16:27:09,937 - AUGCON - INFO - 	meta-train [5/10] Loss: 2.8070, Acc(1): 6.45, Acc(5): 31.51
2023-06-19 16:27:09,937 - AUGCON - INFO - 	meta-train [6/10] Loss: 2.8057, Acc(1): 5.99, Acc(5): 31.18
2023-06-19 16:27:09,937 - AUGCON - INFO - 	meta-train [7/10] Loss: 2.8017, Acc(1): 6.08, Acc(5): 30.83
2023-06-19 16:27:09,938 - AUGCON - INFO - 	meta-train [8/10] Loss: 2.8032, Acc(1): 6.25, Acc(5): 31.10
2023-06-19 16:27:09,938 - AUGCON - INFO - 	meta-train [9/10] Loss: 2.8044, Acc(1): 6.33, Acc(5): 30.82
2023-06-19 16:27:09,938 - AUGCON - INFO - Loading encoder parameters to the classifier
2023-06-19 16:27:09,938 - AUGCON - INFO - Missing keys: ['classifier.block.0.weight', 'classifier.block.0.bias']
2023-06-19 16:27:09,938 - AUGCON - INFO - Epoch [1/50]-(0/22) Loss: 2.8554, Acc(1): 0.00, Acc(5): 0.00
2023-06-19 16:27:09,938 - AUGCON - INFO - Epoch [1/50]-(5/22) Loss: 2.2435, Acc(1): 0.00, Acc(5): 50.00
2023-06-19 16:27:09,938 - AUGCON - INFO - Epoch [1/50]-(10/22) Loss: 2.2801, Acc(1): 0.00, Acc(5): 75.00
2023-06-19 16:27:09,938 - AUGCON - INFO - Epoch [1/50]-(15/22) Loss: 2.0913, Acc(1): 25.00, Acc(5): 50.00
2023-06-19 16:27:09,938 - AUGCON - INFO - Epoch [1/50]-(20/22) Loss: 2.2139, Acc(1): 0.00, Acc(5): 25.00
2023-06-19 16:27:09,938 - AUGCON - INFO - 	Validation Loss: 2.0432, Acc(1): 37.00, Acc(5): 83.00, F1: 0.09, Recall: 0.10, Precision: 0.08
2023-06-19 16:27:09,938 - AUGCON - INFO - Epoch [2/50]-(0/22) Loss: 2.1408, Acc(1): 0.00, Acc(5): 50.00
2023-06-19 16:27:09,938 - AUGCON - INFO - Epoch [2/50]-(5/22) Loss: 2.3570, Acc(1): 50.00, Acc(5): 50.00
2023-06-19 16:27:09,938 - AUGCON - INFO - Epoch [2/50]-(10/22) Loss: 1.9727, Acc(1): 25.00, Acc(5): 100.00
2023-06-19 16:27:09,938 - AUGCON - INFO - Epoch [2/50]-(15/22) Loss: 2.2794, Acc(1): 25.00, Acc(5): 75.00
2023-06-19 16:27:09,938 - AUGCON - INFO - Epoch [2/50]-(20/22) Loss: 2.1585, Acc(1): 50.00, Acc(5): 50.00
2023-06-19 16:27:09,939 - AUGCON - INFO - 	Validation Loss: 1.9182, Acc(1): 35.00, Acc(5): 95.00, F1: 0.09, Recall: 0.09, Precision: 0.08
2023-06-19 16:27:09,939 - AUGCON - INFO - Epoch [3/50]-(0/22) Loss: 1.9912, Acc(1): 25.00, Acc(5): 100.00
2023-06-19 16:27:09,939 - AUGCON - INFO - Epoch [3/50]-(5/22) Loss: 1.7690, Acc(1): 50.00, Acc(5): 75.00
2023-06-19 16:27:09,939 - AUGCON - INFO - Epoch [3/50]-(10/22) Loss: 2.2399, Acc(1): 0.00, Acc(5): 50.00
2023-06-19 16:27:09,939 - AUGCON - INFO - Epoch [3/50]-(15/22) Loss: 2.0338, Acc(1): 0.00, Acc(5): 100.00
2023-06-19 16:27:09,939 - AUGCON - INFO - Epoch [3/50]-(20/22) Loss: 1.8884, Acc(1): 50.00, Acc(5): 75.00
2023-06-19 16:27:09,939 - AUGCON - INFO - 	Validation Loss: 1.8322, Acc(1): 45.00, Acc(5): 89.00, F1: 0.11, Recall: 0.12, Precision: 0.11
2023-06-19 16:27:09,939 - AUGCON - INFO - Epoch [4/50]-(0/22) Loss: 1.5426, Acc(1): 50.00, Acc(5): 100.00
2023-06-19 16:27:09,939 - AUGCON - INFO - Epoch [4/50]-(5/22) Loss: 1.8555, Acc(1): 25.00, Acc(5): 75.00
2023-06-19 16:27:09,939 - AUGCON - INFO - Epoch [4/50]-(10/22) Loss: 1.5834, Acc(1): 75.00, Acc(5): 100.00
2023-06-19 16:27:09,939 - AUGCON - INFO - Epoch [4/50]-(15/22) Loss: 1.6620, Acc(1): 25.00, Acc(5): 100.00
2023-06-19 16:27:09,939 - AUGCON - INFO - Epoch [4/50]-(20/22) Loss: 1.8152, Acc(1): 25.00, Acc(5): 100.00
2023-06-19 16:27:09,939 - AUGCON - INFO - 	Validation Loss: 1.7640, Acc(1): 43.00, Acc(5): 86.00, F1: 0.11, Recall: 0.11, Precision: 0.11
2023-06-19 16:27:09,939 - AUGCON - INFO - Epoch [5/50]-(0/22) Loss: 1.7199, Acc(1): 50.00, Acc(5): 100.00
2023-06-19 16:27:09,939 - AUGCON - INFO - Epoch [5/50]-(5/22) Loss: 1.7945, Acc(1): 25.00, Acc(5): 75.00
2023-06-19 16:27:09,939 - AUGCON - INFO - Epoch [5/50]-(10/22) Loss: 1.6064, Acc(1): 50.00, Acc(5): 100.00
2023-06-19 16:27:09,940 - AUGCON - INFO - Epoch [5/50]-(15/22) Loss: 1.2169, Acc(1): 75.00, Acc(5): 100.00
2023-06-19 16:27:09,940 - AUGCON - INFO - Epoch [5/50]-(20/22) Loss: 2.0848, Acc(1): 25.00, Acc(5): 50.00
2023-06-19 16:27:09,940 - AUGCON - INFO - 	Validation Loss: 1.6450, Acc(1): 47.00, Acc(5): 95.00, F1: 0.13, Recall: 0.10, Precision: 0.18
2023-06-19 16:27:09,940 - AUGCON - INFO - Epoch [6/50]-(0/22) Loss: 1.6326, Acc(1): 50.00, Acc(5): 100.00
2023-06-19 16:27:09,940 - AUGCON - INFO - Epoch [6/50]-(5/22) Loss: 2.0313, Acc(1): 25.00, Acc(5): 100.00
2023-06-19 16:27:09,940 - AUGCON - INFO - Epoch [6/50]-(10/22) Loss: 1.6753, Acc(1): 50.00, Acc(5): 100.00
2023-06-19 16:27:09,940 - AUGCON - INFO - Epoch [6/50]-(15/22) Loss: 1.2701, Acc(1): 75.00, Acc(5): 100.00
2023-06-19 16:27:09,940 - AUGCON - INFO - Epoch [6/50]-(20/22) Loss: 1.4055, Acc(1): 50.00, Acc(5): 100.00
2023-06-19 16:27:09,940 - AUGCON - INFO - 	Validation Loss: 1.5994, Acc(1): 49.00, Acc(5): 95.00, F1: 0.12, Recall: 0.13, Precision: 0.12
2023-06-19 16:27:09,940 - AUGCON - INFO - Epoch [7/50]-(0/22) Loss: 1.3089, Acc(1): 75.00, Acc(5): 100.00
2023-06-19 16:27:09,940 - AUGCON - INFO - Epoch [7/50]-(5/22) Loss: 1.7579, Acc(1): 25.00, Acc(5): 75.00
2023-06-19 16:27:09,940 - AUGCON - INFO - Epoch [7/50]-(10/22) Loss: 2.2117, Acc(1): 25.00, Acc(5): 75.00
2023-06-19 16:27:09,940 - AUGCON - INFO - Epoch [7/50]-(15/22) Loss: 1.4377, Acc(1): 50.00, Acc(5): 100.00
2023-06-19 16:27:09,940 - AUGCON - INFO - Epoch [7/50]-(20/22) Loss: 1.7989, Acc(1): 25.00, Acc(5): 100.00
2023-06-19 16:27:09,940 - AUGCON - INFO - 	Validation Loss: 1.5539, Acc(1): 48.00, Acc(5): 94.00, F1: 0.11, Recall: 0.13, Precision: 0.10
2023-06-19 16:27:09,941 - AUGCON - INFO - Epoch [8/50]-(0/22) Loss: 1.2185, Acc(1): 75.00, Acc(5): 100.00
2023-06-19 16:27:09,941 - AUGCON - INFO - Epoch [8/50]-(5/22) Loss: 1.1433, Acc(1): 75.00, Acc(5): 100.00
2023-06-19 16:27:09,941 - AUGCON - INFO - Epoch [8/50]-(10/22) Loss: 2.0506, Acc(1): 0.00, Acc(5): 75.00
2023-06-19 16:27:09,941 - AUGCON - INFO - Epoch [8/50]-(15/22) Loss: 1.8755, Acc(1): 25.00, Acc(5): 100.00
2023-06-19 16:27:09,941 - AUGCON - INFO - Epoch [8/50]-(20/22) Loss: 1.7100, Acc(1): 75.00, Acc(5): 100.00
2023-06-19 16:27:09,941 - AUGCON - INFO - 	Validation Loss: 1.5109, Acc(1): 50.00, Acc(5): 96.00, F1: 0.12, Recall: 0.13, Precision: 0.11
2023-06-19 16:27:09,941 - AUGCON - INFO - Epoch [9/50]-(0/22) Loss: 1.7915, Acc(1): 75.00, Acc(5): 100.00
2023-06-19 16:27:09,941 - AUGCON - INFO - Epoch [9/50]-(5/22) Loss: 1.3958, Acc(1): 75.00, Acc(5): 100.00
2023-06-19 16:27:09,941 - AUGCON - INFO - Epoch [9/50]-(10/22) Loss: 1.5796, Acc(1): 50.00, Acc(5): 100.00
2023-06-19 16:27:09,941 - AUGCON - INFO - Epoch [9/50]-(15/22) Loss: 2.0629, Acc(1): 25.00, Acc(5): 50.00
2023-06-19 16:27:09,941 - AUGCON - INFO - Epoch [9/50]-(20/22) Loss: 1.5231, Acc(1): 75.00, Acc(5): 100.00
2023-06-19 16:27:09,941 - AUGCON - INFO - 	Validation Loss: 1.4654, Acc(1): 50.00, Acc(5): 94.00, F1: 0.13, Recall: 0.10, Precision: 0.17
2023-06-19 16:27:09,941 - AUGCON - INFO - Epoch [10/50]-(0/22) Loss: 1.3284, Acc(1): 50.00, Acc(5): 100.00
2023-06-19 16:27:09,941 - AUGCON - INFO - Epoch [10/50]-(5/22) Loss: 0.7146, Acc(1): 100.00, Acc(5): 100.00
2023-06-19 16:27:09,941 - AUGCON - INFO - Epoch [10/50]-(10/22) Loss: 1.4376, Acc(1): 50.00, Acc(5): 100.00
2023-06-19 16:27:09,941 - AUGCON - INFO - Epoch [10/50]-(15/22) Loss: 1.3292, Acc(1): 75.00, Acc(5): 100.00
2023-06-19 16:27:09,942 - AUGCON - INFO - Epoch [10/50]-(20/22) Loss: 1.4154, Acc(1): 50.00, Acc(5): 100.00
2023-06-19 16:27:09,942 - AUGCON - INFO - 	Validation Loss: 1.4469, Acc(1): 49.00, Acc(5): 96.00, F1: 0.11, Recall: 0.13, Precision: 0.10
2023-06-19 16:27:09,942 - AUGCON - INFO - Epoch [11/50]-(0/22) Loss: 1.6753, Acc(1): 25.00, Acc(5): 75.00
2023-06-19 16:27:09,942 - AUGCON - INFO - Epoch [11/50]-(5/22) Loss: 1.6074, Acc(1): 50.00, Acc(5): 100.00
2023-06-19 16:27:09,942 - AUGCON - INFO - Epoch [11/50]-(10/22) Loss: 1.3367, Acc(1): 25.00, Acc(5): 100.00
2023-06-19 16:27:09,942 - AUGCON - INFO - Epoch [11/50]-(15/22) Loss: 1.6161, Acc(1): 25.00, Acc(5): 75.00
2023-06-19 16:27:09,942 - AUGCON - INFO - Epoch [11/50]-(20/22) Loss: 1.8979, Acc(1): 25.00, Acc(5): 100.00
2023-06-19 16:27:09,942 - AUGCON - INFO - 	Validation Loss: 1.4392, Acc(1): 49.00, Acc(5): 95.00, F1: 0.14, Recall: 0.10, Precision: 0.19
2023-06-19 16:27:09,942 - AUGCON - INFO - Epoch [12/50]-(0/22) Loss: 1.0476, Acc(1): 75.00, Acc(5): 100.00
2023-06-19 16:27:09,942 - AUGCON - INFO - Epoch [12/50]-(5/22) Loss: 1.2935, Acc(1): 50.00, Acc(5): 100.00
2023-06-19 16:27:09,942 - AUGCON - INFO - Epoch [12/50]-(10/22) Loss: 0.9647, Acc(1): 75.00, Acc(5): 100.00
2023-06-19 16:27:09,942 - AUGCON - INFO - Epoch [12/50]-(15/22) Loss: 1.3547, Acc(1): 50.00, Acc(5): 100.00
2023-06-19 16:27:09,942 - AUGCON - INFO - Epoch [12/50]-(20/22) Loss: 1.3217, Acc(1): 50.00, Acc(5): 100.00
2023-06-19 16:27:09,942 - AUGCON - INFO - 	Validation Loss: 1.3596, Acc(1): 55.00, Acc(5): 95.00, F1: 0.14, Recall: 0.14, Precision: 0.13
2023-06-19 16:27:09,942 - AUGCON - INFO - Epoch [13/50]-(0/22) Loss: 1.1187, Acc(1): 75.00, Acc(5): 100.00
2023-06-19 16:27:09,942 - AUGCON - INFO - Epoch [13/50]-(5/22) Loss: 1.3933, Acc(1): 50.00, Acc(5): 100.00
2023-06-19 16:27:09,943 - AUGCON - INFO - Epoch [13/50]-(10/22) Loss: 1.8150, Acc(1): 25.00, Acc(5): 100.00
2023-06-19 16:27:09,943 - AUGCON - INFO - Epoch [13/50]-(15/22) Loss: 1.4667, Acc(1): 25.00, Acc(5): 100.00
2023-06-19 16:27:09,943 - AUGCON - INFO - Epoch [13/50]-(20/22) Loss: 0.8004, Acc(1): 75.00, Acc(5): 100.00
2023-06-19 16:27:09,943 - AUGCON - INFO - 	Validation Loss: 1.3750, Acc(1): 50.00, Acc(5): 95.00, F1: 0.12, Recall: 0.13, Precision: 0.11
2023-06-19 16:27:09,943 - AUGCON - INFO - Epoch [14/50]-(0/22) Loss: 1.8045, Acc(1): 25.00, Acc(5): 100.00
2023-06-19 16:27:09,943 - AUGCON - INFO - Epoch [14/50]-(5/22) Loss: 1.5269, Acc(1): 50.00, Acc(5): 100.00
2023-06-19 16:27:09,943 - AUGCON - INFO - Epoch [14/50]-(10/22) Loss: 1.1124, Acc(1): 50.00, Acc(5): 100.00
2023-06-19 16:27:09,943 - AUGCON - INFO - Epoch [14/50]-(15/22) Loss: 1.4586, Acc(1): 50.00, Acc(5): 100.00
2023-06-19 16:27:09,943 - AUGCON - INFO - Epoch [14/50]-(20/22) Loss: 1.6857, Acc(1): 25.00, Acc(5): 100.00
2023-06-19 16:27:09,943 - AUGCON - INFO - 	Validation Loss: 1.3375, Acc(1): 51.00, Acc(5): 96.00, F1: 0.15, Recall: 0.11, Precision: 0.23
2023-06-19 16:27:09,943 - AUGCON - INFO - Epoch [15/50]-(0/22) Loss: 1.4495, Acc(1): 25.00, Acc(5): 100.00
2023-06-19 16:27:09,943 - AUGCON - INFO - Epoch [15/50]-(5/22) Loss: 1.4690, Acc(1): 75.00, Acc(5): 100.00
2023-06-19 16:27:09,943 - AUGCON - INFO - Epoch [15/50]-(10/22) Loss: 1.5508, Acc(1): 75.00, Acc(5): 100.00
2023-06-19 16:27:09,943 - AUGCON - INFO - Epoch [15/50]-(15/22) Loss: 0.8330, Acc(1): 75.00, Acc(5): 100.00
2023-06-19 16:27:09,943 - AUGCON - INFO - Epoch [15/50]-(20/22) Loss: 1.2087, Acc(1): 50.00, Acc(5): 100.00
2023-06-19 16:27:09,943 - AUGCON - INFO - 	Validation Loss: 1.3862, Acc(1): 53.00, Acc(5): 94.00, F1: 0.13, Recall: 0.14, Precision: 0.12
2023-06-19 16:27:09,943 - AUGCON - INFO - Epoch [16/50]-(0/22) Loss: 1.0395, Acc(1): 75.00, Acc(5): 100.00
2023-06-19 16:27:09,944 - AUGCON - INFO - Epoch [16/50]-(5/22) Loss: 1.2508, Acc(1): 50.00, Acc(5): 100.00
2023-06-19 16:27:09,944 - AUGCON - INFO - Epoch [16/50]-(10/22) Loss: 1.2821, Acc(1): 75.00, Acc(5): 100.00
2023-06-19 16:27:09,944 - AUGCON - INFO - Epoch [16/50]-(15/22) Loss: 1.1843, Acc(1): 50.00, Acc(5): 100.00
2023-06-19 16:27:09,944 - AUGCON - INFO - Epoch [16/50]-(20/22) Loss: 2.2535, Acc(1): 25.00, Acc(5): 50.00
2023-06-19 16:27:09,944 - AUGCON - INFO - 	Validation Loss: 1.2992, Acc(1): 62.00, Acc(5): 95.00, F1: 0.15, Recall: 0.16, Precision: 0.15
2023-06-19 16:27:09,944 - AUGCON - INFO - Epoch [17/50]-(0/22) Loss: 0.9084, Acc(1): 100.00, Acc(5): 100.00
2023-06-19 16:27:09,944 - AUGCON - INFO - Epoch [17/50]-(5/22) Loss: 1.5219, Acc(1): 50.00, Acc(5): 100.00
2023-06-19 16:27:09,944 - AUGCON - INFO - Epoch [17/50]-(10/22) Loss: 1.0393, Acc(1): 75.00, Acc(5): 100.00
2023-06-19 16:27:09,944 - AUGCON - INFO - Epoch [17/50]-(15/22) Loss: 0.6873, Acc(1): 75.00, Acc(5): 100.00
2023-06-19 16:27:09,944 - AUGCON - INFO - Epoch [17/50]-(20/22) Loss: 1.7374, Acc(1): 25.00, Acc(5): 100.00
2023-06-19 16:27:09,944 - AUGCON - INFO - 	Validation Loss: 1.3092, Acc(1): 53.00, Acc(5): 95.00, F1: 0.13, Recall: 0.14, Precision: 0.13
2023-06-19 16:27:09,944 - AUGCON - INFO - Epoch [18/50]-(0/22) Loss: 1.1048, Acc(1): 75.00, Acc(5): 100.00
2023-06-19 16:27:09,944 - AUGCON - INFO - Epoch [18/50]-(5/22) Loss: 1.5106, Acc(1): 25.00, Acc(5): 100.00
2023-06-19 16:27:09,944 - AUGCON - INFO - Epoch [18/50]-(10/22) Loss: 0.7473, Acc(1): 100.00, Acc(5): 100.00
2023-06-19 16:27:09,944 - AUGCON - INFO - Epoch [18/50]-(15/22) Loss: 2.0162, Acc(1): 25.00, Acc(5): 100.00
2023-06-19 16:27:09,945 - AUGCON - INFO - Epoch [18/50]-(20/22) Loss: 1.2382, Acc(1): 50.00, Acc(5): 75.00
2023-06-19 16:27:09,945 - AUGCON - INFO - 	Validation Loss: 1.3268, Acc(1): 51.00, Acc(5): 95.00, F1: 0.12, Recall: 0.13, Precision: 0.11
2023-06-19 16:27:09,945 - AUGCON - INFO - Epoch [19/50]-(0/22) Loss: 0.9640, Acc(1): 75.00, Acc(5): 100.00
2023-06-19 16:27:09,945 - AUGCON - INFO - Epoch [19/50]-(5/22) Loss: 1.3765, Acc(1): 50.00, Acc(5): 75.00
2023-06-19 16:27:09,945 - AUGCON - INFO - Epoch [19/50]-(10/22) Loss: 1.2704, Acc(1): 50.00, Acc(5): 100.00
2023-06-19 16:27:09,945 - AUGCON - INFO - Epoch [19/50]-(15/22) Loss: 1.0732, Acc(1): 50.00, Acc(5): 100.00
2023-06-19 16:27:09,945 - AUGCON - INFO - Epoch [19/50]-(20/22) Loss: 1.4763, Acc(1): 25.00, Acc(5): 100.00
2023-06-19 16:27:09,945 - AUGCON - INFO - 	Validation Loss: 1.2912, Acc(1): 58.00, Acc(5): 97.00, F1: 0.16, Recall: 0.13, Precision: 0.23
2023-06-19 16:27:09,945 - AUGCON - INFO - Epoch [20/50]-(0/22) Loss: 0.9338, Acc(1): 75.00, Acc(5): 100.00
2023-06-19 16:27:09,945 - AUGCON - INFO - Epoch [20/50]-(5/22) Loss: 1.3930, Acc(1): 25.00, Acc(5): 100.00
2023-06-19 16:27:09,945 - AUGCON - INFO - Epoch [20/50]-(10/22) Loss: 1.2175, Acc(1): 50.00, Acc(5): 100.00
2023-06-19 16:27:09,945 - AUGCON - INFO - Epoch [20/50]-(15/22) Loss: 1.3129, Acc(1): 75.00, Acc(5): 100.00
2023-06-19 16:27:09,945 - AUGCON - INFO - Epoch [20/50]-(20/22) Loss: 1.2374, Acc(1): 50.00, Acc(5): 100.00
2023-06-19 16:27:09,945 - AUGCON - INFO - 	Validation Loss: 1.2544, Acc(1): 51.00, Acc(5): 96.00, F1: 0.13, Recall: 0.13, Precision: 0.12
2023-06-19 16:27:09,945 - AUGCON - INFO - Epoch [21/50]-(0/22) Loss: 1.3053, Acc(1): 50.00, Acc(5): 100.00
2023-06-19 16:27:09,945 - AUGCON - INFO - Epoch [21/50]-(5/22) Loss: 1.2500, Acc(1): 50.00, Acc(5): 100.00
2023-06-19 16:27:09,946 - AUGCON - INFO - Epoch [21/50]-(10/22) Loss: 1.4273, Acc(1): 50.00, Acc(5): 100.00
2023-06-19 16:27:09,946 - AUGCON - INFO - Epoch [21/50]-(15/22) Loss: 1.7807, Acc(1): 50.00, Acc(5): 100.00
2023-06-19 16:27:09,946 - AUGCON - INFO - Epoch [21/50]-(20/22) Loss: 1.1772, Acc(1): 50.00, Acc(5): 100.00
2023-06-19 16:27:09,946 - AUGCON - INFO - 	Validation Loss: 1.2499, Acc(1): 61.00, Acc(5): 97.00, F1: 0.17, Recall: 0.13, Precision: 0.22
2023-06-19 16:27:09,946 - AUGCON - INFO - Epoch [22/50]-(0/22) Loss: 0.3566, Acc(1): 100.00, Acc(5): 100.00
2023-06-19 16:27:09,946 - AUGCON - INFO - Epoch [22/50]-(5/22) Loss: 1.3977, Acc(1): 25.00, Acc(5): 100.00
2023-06-19 16:27:09,946 - AUGCON - INFO - Epoch [22/50]-(10/22) Loss: 1.2896, Acc(1): 50.00, Acc(5): 100.00
2023-06-19 16:27:09,946 - AUGCON - INFO - Epoch [22/50]-(15/22) Loss: 1.4309, Acc(1): 50.00, Acc(5): 100.00
2023-06-19 16:27:09,946 - AUGCON - INFO - Epoch [22/50]-(20/22) Loss: 0.9465, Acc(1): 75.00, Acc(5): 100.00
2023-06-19 16:27:09,946 - AUGCON - INFO - 	Validation Loss: 1.2351, Acc(1): 53.00, Acc(5): 95.00, F1: 0.13, Recall: 0.14, Precision: 0.11
2023-06-19 16:27:09,946 - AUGCON - INFO - Epoch [23/50]-(0/22) Loss: 1.3296, Acc(1): 75.00, Acc(5): 100.00
2023-06-19 16:27:09,946 - AUGCON - INFO - Epoch [23/50]-(5/22) Loss: 1.8737, Acc(1): 50.00, Acc(5): 75.00
2023-06-19 16:27:09,946 - AUGCON - INFO - Epoch [23/50]-(10/22) Loss: 0.9959, Acc(1): 50.00, Acc(5): 100.00
2023-06-19 16:27:09,946 - AUGCON - INFO - Epoch [23/50]-(15/22) Loss: 0.6417, Acc(1): 75.00, Acc(5): 100.00
2023-06-19 16:27:09,946 - AUGCON - INFO - Epoch [23/50]-(20/22) Loss: 1.3503, Acc(1): 75.00, Acc(5): 100.00
2023-06-19 16:27:09,946 - AUGCON - INFO - 	Validation Loss: 1.2326, Acc(1): 57.00, Acc(5): 97.00, F1: 0.14, Recall: 0.12, Precision: 0.17
2023-06-19 16:27:09,946 - AUGCON - INFO - Epoch [24/50]-(0/22) Loss: 0.9125, Acc(1): 75.00, Acc(5): 100.00
2023-06-19 16:27:09,947 - AUGCON - INFO - Epoch [24/50]-(5/22) Loss: 0.6686, Acc(1): 75.00, Acc(5): 100.00
2023-06-19 16:27:09,947 - AUGCON - INFO - Epoch [24/50]-(10/22) Loss: 1.1832, Acc(1): 50.00, Acc(5): 100.00
2023-06-19 16:27:09,947 - AUGCON - INFO - Epoch [24/50]-(15/22) Loss: 1.3756, Acc(1): 75.00, Acc(5): 100.00
2023-06-19 16:27:09,947 - AUGCON - INFO - Epoch [24/50]-(20/22) Loss: 1.0513, Acc(1): 75.00, Acc(5): 100.00
2023-06-19 16:27:09,947 - AUGCON - INFO - 	Validation Loss: 1.2090, Acc(1): 53.00, Acc(5): 94.00, F1: 0.12, Recall: 0.14, Precision: 0.11
2023-06-19 16:27:09,947 - AUGCON - INFO - Epoch [25/50]-(0/22) Loss: 0.8263, Acc(1): 100.00, Acc(5): 100.00
2023-06-19 16:27:09,947 - AUGCON - INFO - Epoch [25/50]-(5/22) Loss: 1.5699, Acc(1): 25.00, Acc(5): 100.00
2023-06-19 16:27:09,947 - AUGCON - INFO - Epoch [25/50]-(10/22) Loss: 1.2744, Acc(1): 50.00, Acc(5): 100.00
2023-06-19 16:27:09,947 - AUGCON - INFO - Epoch [25/50]-(15/22) Loss: 0.7119, Acc(1): 75.00, Acc(5): 100.00
2023-06-19 16:27:09,947 - AUGCON - INFO - Epoch [25/50]-(20/22) Loss: 0.7269, Acc(1): 75.00, Acc(5): 100.00
2023-06-19 16:27:09,947 - AUGCON - INFO - 	Validation Loss: 1.1967, Acc(1): 56.00, Acc(5): 96.00, F1: 0.14, Recall: 0.14, Precision: 0.13
2023-06-19 16:27:09,947 - AUGCON - INFO - Epoch [26/50]-(0/22) Loss: 1.2346, Acc(1): 25.00, Acc(5): 100.00
2023-06-19 16:27:09,947 - AUGCON - INFO - Epoch [26/50]-(5/22) Loss: 0.5671, Acc(1): 75.00, Acc(5): 100.00
2023-06-19 16:27:09,947 - AUGCON - INFO - Epoch [26/50]-(10/22) Loss: 1.5002, Acc(1): 50.00, Acc(5): 75.00
2023-06-19 16:27:09,947 - AUGCON - INFO - Epoch [26/50]-(15/22) Loss: 1.3298, Acc(1): 25.00, Acc(5): 100.00
2023-06-19 16:27:09,947 - AUGCON - INFO - Epoch [26/50]-(20/22) Loss: 1.0530, Acc(1): 50.00, Acc(5): 100.00
2023-06-19 16:27:09,948 - AUGCON - INFO - 	Validation Loss: 1.1862, Acc(1): 57.00, Acc(5): 95.00, F1: 0.13, Recall: 0.15, Precision: 0.12
2023-06-19 16:27:09,948 - AUGCON - INFO - Epoch [27/50]-(0/22) Loss: 0.9958, Acc(1): 75.00, Acc(5): 100.00
2023-06-19 16:27:09,948 - AUGCON - INFO - Epoch [27/50]-(5/22) Loss: 0.5492, Acc(1): 100.00, Acc(5): 100.00
2023-06-19 16:27:09,948 - AUGCON - INFO - Epoch [27/50]-(10/22) Loss: 1.8403, Acc(1): 25.00, Acc(5): 75.00
2023-06-19 16:27:09,948 - AUGCON - INFO - Epoch [27/50]-(15/22) Loss: 1.4520, Acc(1): 75.00, Acc(5): 100.00
2023-06-19 16:27:09,948 - AUGCON - INFO - Epoch [27/50]-(20/22) Loss: 1.3905, Acc(1): 25.00, Acc(5): 100.00
2023-06-19 16:27:09,948 - AUGCON - INFO - 	Validation Loss: 1.1934, Acc(1): 59.00, Acc(5): 97.00, F1: 0.14, Recall: 0.15, Precision: 0.13
2023-06-19 16:27:09,948 - AUGCON - INFO - Epoch [28/50]-(0/22) Loss: 1.6146, Acc(1): 0.00, Acc(5): 100.00
2023-06-19 16:27:09,948 - AUGCON - INFO - Epoch [28/50]-(5/22) Loss: 1.0436, Acc(1): 50.00, Acc(5): 100.00
2023-06-19 16:27:09,948 - AUGCON - INFO - Epoch [28/50]-(10/22) Loss: 0.6393, Acc(1): 75.00, Acc(5): 100.00
2023-06-19 16:27:09,948 - AUGCON - INFO - Epoch [28/50]-(15/22) Loss: 1.6724, Acc(1): 25.00, Acc(5): 100.00
2023-06-19 16:27:09,948 - AUGCON - INFO - Epoch [28/50]-(20/22) Loss: 1.0460, Acc(1): 50.00, Acc(5): 100.00
2023-06-19 16:27:09,948 - AUGCON - INFO - 	Validation Loss: 1.1942, Acc(1): 60.00, Acc(5): 97.00, F1: 0.17, Recall: 0.13, Precision: 0.23
2023-06-19 16:27:09,948 - AUGCON - INFO - Epoch [29/50]-(0/22) Loss: 0.7880, Acc(1): 50.00, Acc(5): 100.00
2023-06-19 16:27:09,948 - AUGCON - INFO - Epoch [29/50]-(5/22) Loss: 0.7700, Acc(1): 75.00, Acc(5): 100.00
2023-06-19 16:27:09,949 - AUGCON - INFO - Epoch [29/50]-(10/22) Loss: 1.1907, Acc(1): 50.00, Acc(5): 100.00
2023-06-19 16:27:09,949 - AUGCON - INFO - Epoch [29/50]-(15/22) Loss: 1.6759, Acc(1): 50.00, Acc(5): 100.00
2023-06-19 16:27:09,949 - AUGCON - INFO - Epoch [29/50]-(20/22) Loss: 0.4707, Acc(1): 100.00, Acc(5): 100.00
2023-06-19 16:27:09,949 - AUGCON - INFO - 	Validation Loss: 1.1557, Acc(1): 65.00, Acc(5): 95.00, F1: 0.16, Recall: 0.17, Precision: 0.15
2023-06-19 16:27:09,949 - AUGCON - INFO - Epoch [30/50]-(0/22) Loss: 1.1300, Acc(1): 75.00, Acc(5): 100.00
2023-06-19 16:27:09,949 - AUGCON - INFO - Epoch [30/50]-(5/22) Loss: 0.4782, Acc(1): 100.00, Acc(5): 100.00
2023-06-19 16:27:09,949 - AUGCON - INFO - Epoch [30/50]-(10/22) Loss: 1.0309, Acc(1): 75.00, Acc(5): 100.00
2023-06-19 16:27:09,949 - AUGCON - INFO - Epoch [30/50]-(15/22) Loss: 1.1800, Acc(1): 50.00, Acc(5): 100.00
2023-06-19 16:27:09,949 - AUGCON - INFO - Epoch [30/50]-(20/22) Loss: 1.6448, Acc(1): 25.00, Acc(5): 100.00
2023-06-19 16:27:09,949 - AUGCON - INFO - 	Validation Loss: 1.1661, Acc(1): 63.00, Acc(5): 96.00, F1: 0.17, Recall: 0.14, Precision: 0.22
2023-06-19 16:27:09,949 - AUGCON - INFO - Epoch [31/50]-(0/22) Loss: 1.5807, Acc(1): 25.00, Acc(5): 75.00
2023-06-19 16:27:09,949 - AUGCON - INFO - Epoch [31/50]-(5/22) Loss: 1.7261, Acc(1): 50.00, Acc(5): 100.00
2023-06-19 16:27:09,950 - AUGCON - INFO - Epoch [31/50]-(10/22) Loss: 1.2011, Acc(1): 50.00, Acc(5): 100.00
2023-06-19 16:27:09,950 - AUGCON - INFO - Epoch [31/50]-(15/22) Loss: 1.2754, Acc(1): 25.00, Acc(5): 100.00
2023-06-19 16:27:09,950 - AUGCON - INFO - Epoch [31/50]-(20/22) Loss: 0.8323, Acc(1): 100.00, Acc(5): 100.00
2023-06-19 16:27:09,950 - AUGCON - INFO - 	Validation Loss: 1.1580, Acc(1): 69.00, Acc(5): 96.00, F1: 0.16, Recall: 0.16, Precision: 0.17
2023-06-19 16:27:09,950 - AUGCON - INFO - Epoch [32/50]-(0/22) Loss: 0.7201, Acc(1): 100.00, Acc(5): 100.00
2023-06-19 16:27:09,950 - AUGCON - INFO - Epoch [32/50]-(5/22) Loss: 1.2031, Acc(1): 50.00, Acc(5): 100.00
2023-06-19 16:27:09,950 - AUGCON - INFO - Epoch [32/50]-(10/22) Loss: 1.0997, Acc(1): 50.00, Acc(5): 100.00
2023-06-19 16:27:09,950 - AUGCON - INFO - Epoch [32/50]-(15/22) Loss: 1.3203, Acc(1): 25.00, Acc(5): 100.00
2023-06-19 16:27:09,950 - AUGCON - INFO - Epoch [32/50]-(20/22) Loss: 1.5261, Acc(1): 50.00, Acc(5): 100.00
2023-06-19 16:27:09,950 - AUGCON - INFO - 	Validation Loss: 1.1545, Acc(1): 68.00, Acc(5): 95.00, F1: 0.16, Recall: 0.15, Precision: 0.18
2023-06-19 16:27:09,950 - AUGCON - INFO - Epoch [33/50]-(0/22) Loss: 1.0655, Acc(1): 75.00, Acc(5): 100.00
2023-06-19 16:27:09,951 - AUGCON - INFO - Epoch [33/50]-(5/22) Loss: 0.5167, Acc(1): 75.00, Acc(5): 100.00
2023-06-19 16:27:09,951 - AUGCON - INFO - Epoch [33/50]-(10/22) Loss: 1.0164, Acc(1): 75.00, Acc(5): 100.00
2023-06-19 16:27:09,951 - AUGCON - INFO - Epoch [33/50]-(15/22) Loss: 0.5750, Acc(1): 75.00, Acc(5): 100.00
2023-06-19 16:27:09,951 - AUGCON - INFO - Epoch [33/50]-(20/22) Loss: 0.3177, Acc(1): 100.00, Acc(5): 100.00
2023-06-19 16:27:09,951 - AUGCON - INFO - 	Validation Loss: 1.1644, Acc(1): 59.00, Acc(5): 96.00, F1: 0.15, Recall: 0.15, Precision: 0.14
2023-06-19 16:27:09,951 - AUGCON - INFO - Epoch [34/50]-(0/22) Loss: 1.7741, Acc(1): 25.00, Acc(5): 100.00
2023-06-19 16:27:09,951 - AUGCON - INFO - Epoch [34/50]-(5/22) Loss: 0.2795, Acc(1): 100.00, Acc(5): 100.00
2023-06-19 16:27:09,951 - AUGCON - INFO - Epoch [34/50]-(10/22) Loss: 1.2558, Acc(1): 25.00, Acc(5): 100.00
2023-06-19 16:27:09,951 - AUGCON - INFO - Epoch [34/50]-(15/22) Loss: 1.3571, Acc(1): 25.00, Acc(5): 100.00
2023-06-19 16:27:09,951 - AUGCON - INFO - Epoch [34/50]-(20/22) Loss: 0.7740, Acc(1): 75.00, Acc(5): 100.00
2023-06-19 16:27:09,951 - AUGCON - INFO - 	Validation Loss: 1.1566, Acc(1): 67.00, Acc(5): 95.00, F1: 0.16, Recall: 0.15, Precision: 0.17
2023-06-19 16:27:09,951 - AUGCON - INFO - Epoch [35/50]-(0/22) Loss: 1.4340, Acc(1): 50.00, Acc(5): 100.00
2023-06-19 16:27:09,952 - AUGCON - INFO - Epoch [35/50]-(5/22) Loss: 0.2455, Acc(1): 100.00, Acc(5): 100.00
2023-06-19 16:27:09,952 - AUGCON - INFO - Epoch [35/50]-(10/22) Loss: 1.3239, Acc(1): 25.00, Acc(5): 100.00
2023-06-19 16:27:09,952 - AUGCON - INFO - Epoch [35/50]-(15/22) Loss: 1.6484, Acc(1): 50.00, Acc(5): 100.00
2023-06-19 16:27:09,952 - AUGCON - INFO - Epoch [35/50]-(20/22) Loss: 0.5596, Acc(1): 75.00, Acc(5): 100.00
2023-06-19 16:27:09,952 - AUGCON - INFO - 	Validation Loss: 1.1466, Acc(1): 59.00, Acc(5): 96.00, F1: 0.16, Recall: 0.15, Precision: 0.16
2023-06-19 16:27:09,952 - AUGCON - INFO - Epoch [36/50]-(0/22) Loss: 1.0085, Acc(1): 75.00, Acc(5): 100.00
2023-06-19 16:27:09,952 - AUGCON - INFO - Epoch [36/50]-(5/22) Loss: 1.0031, Acc(1): 50.00, Acc(5): 100.00
2023-06-19 16:27:09,952 - AUGCON - INFO - Epoch [36/50]-(10/22) Loss: 0.8831, Acc(1): 75.00, Acc(5): 100.00
2023-06-19 16:27:09,952 - AUGCON - INFO - Epoch [36/50]-(15/22) Loss: 1.2800, Acc(1): 50.00, Acc(5): 100.00
2023-06-19 16:27:09,952 - AUGCON - INFO - Epoch [36/50]-(20/22) Loss: 0.6134, Acc(1): 75.00, Acc(5): 100.00
2023-06-19 16:27:09,953 - AUGCON - INFO - 	Validation Loss: 1.2049, Acc(1): 59.00, Acc(5): 97.00, F1: 0.14, Recall: 0.15, Precision: 0.13
2023-06-19 16:27:09,953 - AUGCON - INFO - Epoch [37/50]-(0/22) Loss: 1.6376, Acc(1): 50.00, Acc(5): 100.00
2023-06-19 16:27:09,953 - AUGCON - INFO - Epoch [37/50]-(5/22) Loss: 1.4164, Acc(1): 25.00, Acc(5): 100.00
2023-06-19 16:27:09,953 - AUGCON - INFO - Epoch [37/50]-(10/22) Loss: 0.4546, Acc(1): 75.00, Acc(5): 100.00
2023-06-19 16:27:09,953 - AUGCON - INFO - Epoch [37/50]-(15/22) Loss: 0.7400, Acc(1): 75.00, Acc(5): 100.00
2023-06-19 16:27:09,953 - AUGCON - INFO - Epoch [37/50]-(20/22) Loss: 1.4460, Acc(1): 25.00, Acc(5): 100.00
2023-06-19 16:27:09,953 - AUGCON - INFO - 	Validation Loss: 1.2030, Acc(1): 56.00, Acc(5): 95.00, F1: 0.13, Recall: 0.14, Precision: 0.13
2023-06-19 16:27:09,953 - AUGCON - INFO - Epoch [38/50]-(0/22) Loss: 1.2059, Acc(1): 50.00, Acc(5): 100.00
2023-06-19 16:27:09,953 - AUGCON - INFO - Epoch [38/50]-(5/22) Loss: 0.7606, Acc(1): 100.00, Acc(5): 100.00
2023-06-19 16:27:09,953 - AUGCON - INFO - Epoch [38/50]-(10/22) Loss: 1.4976, Acc(1): 25.00, Acc(5): 100.00
2023-06-19 16:27:09,953 - AUGCON - INFO - Epoch [38/50]-(15/22) Loss: 1.5495, Acc(1): 50.00, Acc(5): 75.00
2023-06-19 16:27:09,954 - AUGCON - INFO - Epoch [38/50]-(20/22) Loss: 0.8626, Acc(1): 75.00, Acc(5): 100.00
2023-06-19 16:27:09,954 - AUGCON - INFO - 	Validation Loss: 1.1471, Acc(1): 60.00, Acc(5): 96.00, F1: 0.15, Recall: 0.16, Precision: 0.15
2023-06-19 16:27:09,954 - AUGCON - INFO - Epoch [39/50]-(0/22) Loss: 1.7407, Acc(1): 25.00, Acc(5): 50.00
2023-06-19 16:27:09,954 - AUGCON - INFO - Epoch [39/50]-(5/22) Loss: 0.7239, Acc(1): 75.00, Acc(5): 100.00
2023-06-19 16:27:09,954 - AUGCON - INFO - Epoch [39/50]-(10/22) Loss: 1.0161, Acc(1): 50.00, Acc(5): 100.00
2023-06-19 16:27:09,954 - AUGCON - INFO - Epoch [39/50]-(15/22) Loss: 1.5262, Acc(1): 25.00, Acc(5): 100.00
2023-06-19 16:27:09,954 - AUGCON - INFO - Epoch [39/50]-(20/22) Loss: 0.8676, Acc(1): 75.00, Acc(5): 100.00
2023-06-19 16:27:09,954 - AUGCON - INFO - 	Validation Loss: 1.1715, Acc(1): 58.00, Acc(5): 95.00, F1: 0.14, Recall: 0.15, Precision: 0.13
2023-06-19 16:27:09,954 - AUGCON - INFO - Epoch [40/50]-(0/22) Loss: 1.2633, Acc(1): 25.00, Acc(5): 100.00
2023-06-19 16:27:09,954 - AUGCON - INFO - Epoch [40/50]-(5/22) Loss: 0.5847, Acc(1): 75.00, Acc(5): 100.00
2023-06-19 16:27:09,955 - AUGCON - INFO - Epoch [40/50]-(10/22) Loss: 1.1337, Acc(1): 100.00, Acc(5): 100.00
2023-06-19 16:27:09,955 - AUGCON - INFO - Epoch [40/50]-(15/22) Loss: 0.2970, Acc(1): 75.00, Acc(5): 100.00
2023-06-19 16:27:09,955 - AUGCON - INFO - Epoch [40/50]-(20/22) Loss: 0.8140, Acc(1): 75.00, Acc(5): 100.00
2023-06-19 16:27:09,955 - AUGCON - INFO - 	Validation Loss: 1.1130, Acc(1): 67.00, Acc(5): 96.00, F1: 0.17, Recall: 0.17, Precision: 0.16
2023-06-19 16:27:09,955 - AUGCON - INFO - Epoch [41/50]-(0/22) Loss: 0.5705, Acc(1): 100.00, Acc(5): 100.00
2023-06-19 16:27:09,955 - AUGCON - INFO - Epoch [41/50]-(5/22) Loss: 1.2021, Acc(1): 50.00, Acc(5): 100.00
2023-06-19 16:27:09,955 - AUGCON - INFO - Epoch [41/50]-(10/22) Loss: 0.6922, Acc(1): 75.00, Acc(5): 100.00
2023-06-19 16:27:09,955 - AUGCON - INFO - Epoch [41/50]-(15/22) Loss: 0.9562, Acc(1): 50.00, Acc(5): 100.00
2023-06-19 16:27:09,955 - AUGCON - INFO - Epoch [41/50]-(20/22) Loss: 0.6879, Acc(1): 75.00, Acc(5): 100.00
2023-06-19 16:27:09,955 - AUGCON - INFO - 	Validation Loss: 1.0915, Acc(1): 69.00, Acc(5): 96.00, F1: 0.18, Recall: 0.16, Precision: 0.22
2023-06-19 16:27:09,955 - AUGCON - INFO - Epoch [42/50]-(0/22) Loss: 0.7737, Acc(1): 75.00, Acc(5): 100.00
2023-06-19 16:27:09,956 - AUGCON - INFO - Epoch [42/50]-(5/22) Loss: 0.9600, Acc(1): 50.00, Acc(5): 100.00
2023-06-19 16:27:09,956 - AUGCON - INFO - Epoch [42/50]-(10/22) Loss: 1.7373, Acc(1): 25.00, Acc(5): 100.00
2023-06-19 16:27:09,956 - AUGCON - INFO - Epoch [42/50]-(15/22) Loss: 1.5549, Acc(1): 25.00, Acc(5): 100.00
2023-06-19 16:27:09,956 - AUGCON - INFO - Epoch [42/50]-(20/22) Loss: 0.9709, Acc(1): 75.00, Acc(5): 100.00
2023-06-19 16:27:09,956 - AUGCON - INFO - 	Validation Loss: 1.1665, Acc(1): 60.00, Acc(5): 97.00, F1: 0.14, Recall: 0.16, Precision: 0.13
2023-06-19 16:27:09,956 - AUGCON - INFO - Epoch [43/50]-(0/22) Loss: 0.3367, Acc(1): 100.00, Acc(5): 100.00
2023-06-19 16:27:09,956 - AUGCON - INFO - Epoch [43/50]-(5/22) Loss: 0.7632, Acc(1): 50.00, Acc(5): 100.00
2023-06-19 16:27:09,956 - AUGCON - INFO - Epoch [43/50]-(10/22) Loss: 1.7454, Acc(1): 50.00, Acc(5): 100.00
2023-06-19 16:27:09,957 - AUGCON - INFO - Epoch [43/50]-(15/22) Loss: 0.6334, Acc(1): 75.00, Acc(5): 100.00
2023-06-19 16:27:09,957 - AUGCON - INFO - Epoch [43/50]-(20/22) Loss: 1.0953, Acc(1): 50.00, Acc(5): 100.00
2023-06-19 16:27:09,957 - AUGCON - INFO - 	Validation Loss: 1.1741, Acc(1): 67.00, Acc(5): 97.00, F1: 0.17, Recall: 0.15, Precision: 0.21
2023-06-19 16:27:09,957 - AUGCON - INFO - Epoch [44/50]-(0/22) Loss: 1.6377, Acc(1): 25.00, Acc(5): 100.00
2023-06-19 16:27:09,957 - AUGCON - INFO - Epoch [44/50]-(5/22) Loss: 0.9289, Acc(1): 75.00, Acc(5): 100.00
2023-06-19 16:27:09,957 - AUGCON - INFO - Epoch [44/50]-(10/22) Loss: 0.7305, Acc(1): 75.00, Acc(5): 100.00
2023-06-19 16:27:09,957 - AUGCON - INFO - Epoch [44/50]-(15/22) Loss: 1.5812, Acc(1): 25.00, Acc(5): 100.00
2023-06-19 16:27:09,957 - AUGCON - INFO - Epoch [44/50]-(20/22) Loss: 0.9435, Acc(1): 50.00, Acc(5): 100.00
2023-06-19 16:27:09,957 - AUGCON - INFO - 	Validation Loss: 1.1050, Acc(1): 67.00, Acc(5): 96.00, F1: 0.16, Recall: 0.17, Precision: 0.15
2023-06-19 16:27:09,957 - AUGCON - INFO - Epoch [45/50]-(0/22) Loss: 0.2003, Acc(1): 100.00, Acc(5): 100.00
2023-06-19 16:27:09,957 - AUGCON - INFO - Epoch [45/50]-(5/22) Loss: 1.4710, Acc(1): 50.00, Acc(5): 75.00
2023-06-19 16:27:09,957 - AUGCON - INFO - Epoch [45/50]-(10/22) Loss: 2.0655, Acc(1): 0.00, Acc(5): 100.00
2023-06-19 16:27:09,957 - AUGCON - INFO - Epoch [45/50]-(15/22) Loss: 0.9407, Acc(1): 50.00, Acc(5): 100.00
2023-06-19 16:27:09,958 - AUGCON - INFO - Epoch [45/50]-(20/22) Loss: 1.7788, Acc(1): 25.00, Acc(5): 100.00
2023-06-19 16:27:09,958 - AUGCON - INFO - 	Validation Loss: 1.0989, Acc(1): 66.00, Acc(5): 97.00, F1: 0.18, Recall: 0.15, Precision: 0.22
2023-06-19 16:27:09,958 - AUGCON - INFO - Epoch [46/50]-(0/22) Loss: 0.4821, Acc(1): 75.00, Acc(5): 100.00
2023-06-19 16:27:09,958 - AUGCON - INFO - Epoch [46/50]-(5/22) Loss: 1.5113, Acc(1): 25.00, Acc(5): 100.00
2023-06-19 16:27:09,958 - AUGCON - INFO - Epoch [46/50]-(10/22) Loss: 1.2807, Acc(1): 75.00, Acc(5): 100.00
2023-06-19 16:27:09,958 - AUGCON - INFO - Epoch [46/50]-(15/22) Loss: 1.2496, Acc(1): 50.00, Acc(5): 100.00
2023-06-19 16:27:09,958 - AUGCON - INFO - Epoch [46/50]-(20/22) Loss: 0.4463, Acc(1): 75.00, Acc(5): 100.00
2023-06-19 16:27:09,958 - AUGCON - INFO - 	Validation Loss: 1.0429, Acc(1): 65.00, Acc(5): 96.00, F1: 0.16, Recall: 0.17, Precision: 0.15
2023-06-19 16:27:09,958 - AUGCON - INFO - Epoch [47/50]-(0/22) Loss: 1.4800, Acc(1): 25.00, Acc(5): 100.00
2023-06-19 16:27:09,958 - AUGCON - INFO - Epoch [47/50]-(5/22) Loss: 0.9051, Acc(1): 100.00, Acc(5): 100.00
2023-06-19 16:27:09,958 - AUGCON - INFO - Epoch [47/50]-(10/22) Loss: 1.1553, Acc(1): 25.00, Acc(5): 100.00
2023-06-19 16:27:09,958 - AUGCON - INFO - Epoch [47/50]-(15/22) Loss: 1.1808, Acc(1): 75.00, Acc(5): 100.00
2023-06-19 16:27:09,958 - AUGCON - INFO - Epoch [47/50]-(20/22) Loss: 1.1354, Acc(1): 50.00, Acc(5): 100.00
2023-06-19 16:27:09,958 - AUGCON - INFO - 	Validation Loss: 1.0909, Acc(1): 69.00, Acc(5): 96.00, F1: 0.18, Recall: 0.15, Precision: 0.22
2023-06-19 16:27:09,958 - AUGCON - INFO - Epoch [48/50]-(0/22) Loss: 0.8194, Acc(1): 75.00, Acc(5): 100.00
2023-06-19 16:27:09,959 - AUGCON - INFO - Epoch [48/50]-(5/22) Loss: 1.7601, Acc(1): 50.00, Acc(5): 75.00
2023-06-19 16:27:09,959 - AUGCON - INFO - Epoch [48/50]-(10/22) Loss: 0.9755, Acc(1): 50.00, Acc(5): 100.00
2023-06-19 16:27:09,959 - AUGCON - INFO - Epoch [48/50]-(15/22) Loss: 0.4072, Acc(1): 100.00, Acc(5): 100.00
2023-06-19 16:27:09,959 - AUGCON - INFO - Epoch [48/50]-(20/22) Loss: 1.7681, Acc(1): 0.00, Acc(5): 100.00
2023-06-19 16:27:09,959 - AUGCON - INFO - 	Validation Loss: 1.0791, Acc(1): 70.00, Acc(5): 97.00, F1: 0.17, Recall: 0.17, Precision: 0.17
2023-06-19 16:27:09,959 - AUGCON - INFO - Epoch [49/50]-(0/22) Loss: 1.1608, Acc(1): 50.00, Acc(5): 100.00
2023-06-19 16:27:09,959 - AUGCON - INFO - Epoch [49/50]-(5/22) Loss: 0.2785, Acc(1): 100.00, Acc(5): 100.00
2023-06-19 16:27:09,959 - AUGCON - INFO - Epoch [49/50]-(10/22) Loss: 1.3577, Acc(1): 75.00, Acc(5): 100.00
2023-06-19 16:27:09,959 - AUGCON - INFO - Epoch [49/50]-(15/22) Loss: 0.9398, Acc(1): 75.00, Acc(5): 75.00
2023-06-19 16:27:09,959 - AUGCON - INFO - Epoch [49/50]-(20/22) Loss: 0.9748, Acc(1): 75.00, Acc(5): 100.00
2023-06-19 16:27:09,959 - AUGCON - INFO - 	Validation Loss: 1.0695, Acc(1): 68.00, Acc(5): 96.00, F1: 0.16, Recall: 0.16, Precision: 0.17
2023-06-19 16:27:09,959 - AUGCON - INFO - Epoch [50/50]-(0/22) Loss: 1.2841, Acc(1): 25.00, Acc(5): 100.00
2023-06-19 16:27:09,959 - AUGCON - INFO - Epoch [50/50]-(5/22) Loss: 0.8497, Acc(1): 50.00, Acc(5): 100.00
2023-06-19 16:27:09,959 - AUGCON - INFO - Epoch [50/50]-(10/22) Loss: 0.5911, Acc(1): 75.00, Acc(5): 100.00
2023-06-19 16:27:09,959 - AUGCON - INFO - Epoch [50/50]-(15/22) Loss: 0.6308, Acc(1): 75.00, Acc(5): 100.00
2023-06-19 16:27:09,959 - AUGCON - INFO - Epoch [50/50]-(20/22) Loss: 1.0623, Acc(1): 75.00, Acc(5): 75.00
2023-06-19 16:27:09,960 - AUGCON - INFO - 	Validation Loss: 1.0989, Acc(1): 67.00, Acc(5): 96.00, F1: 0.17, Recall: 0.15, Precision: 0.19
2023-06-19 16:27:09,960 - AUGCON - INFO - 	Validation Loss: 1.0756, Acc(1): 69.67, Acc(5): 97.33, F1: 0.17, Recall: 0.16, Precision: 0.19
