2023-06-19 16:27:44,853 - AUGCON - INFO - logger initialized (/home/hjyoon/projects/augcon/config/exp0/finetune_da_false/without_target_domain_PH0014-wjlee/metacpc_perdomain_8421/tgt_target_domain_PH0034-ykha_seed0.yaml.log)
2023-06-19 16:27:44,853 - AUGCON - INFO - ================= Config =================
2023-06-19 16:27:44,853 - AUGCON - INFO -   mode: finetune
2023-06-19 16:27:44,853 - AUGCON - INFO -   seed: 0
2023-06-19 16:27:44,853 - AUGCON - INFO -   gpu: [2]
2023-06-19 16:27:44,853 - AUGCON - INFO -   num_workers: 1
2023-06-19 16:27:44,853 - AUGCON - INFO -   dist_url: tcp://localhost:10001
2023-06-19 16:27:44,853 - AUGCON - INFO -   dataset_name: ichar
2023-06-19 16:27:44,853 - AUGCON - INFO -   train_dataset_path: /mnt/sting/hjyoon/projects/cross/ICHAR/augcon/target_domain_PH0034-ykha/finetune/10shot/target/train.pkl
2023-06-19 16:27:44,853 - AUGCON - INFO -   test_dataset_path: /mnt/sting/hjyoon/projects/cross/ICHAR/augcon/target_domain_PH0034-ykha/finetune/10shot/target/test.pkl
2023-06-19 16:27:44,853 - AUGCON - INFO -   val_dataset_path: /mnt/sting/hjyoon/projects/cross/ICHAR/augcon/target_domain_PH0034-ykha/finetune/10shot/target/val.pkl
2023-06-19 16:27:44,854 - AUGCON - INFO -   input_channels: 3
2023-06-19 16:27:44,854 - AUGCON - INFO -   num_cls: 9
2023-06-19 16:27:44,854 - AUGCON - INFO -   optimizer: adam
2023-06-19 16:27:44,854 - AUGCON - INFO -   criterion: crossentropy
2023-06-19 16:27:44,854 - AUGCON - INFO -   start_epoch: 0
2023-06-19 16:27:44,854 - AUGCON - INFO -   epochs: 50
2023-06-19 16:27:44,854 - AUGCON - INFO -   batch_size: 4
2023-06-19 16:27:44,854 - AUGCON - INFO -   lr: 0.001
2023-06-19 16:27:44,854 - AUGCON - INFO -   wd: 0.0
2023-06-19 16:27:44,854 - AUGCON - INFO -   resume: 
2023-06-19 16:27:44,854 - AUGCON - INFO -   pretrained: /mnt/sting/hjyoon/projects/augcontrast/models/exp0/pretrain/without_target_domain_PH0014-wjlee/metacpc_perdomain_8421/checkpoint_0999.pth.tar
2023-06-19 16:27:44,854 - AUGCON - INFO -   ckpt_dir: /mnt/sting/hjyoon/projects/augcontrast/models/exp0/finetune_da_false/without_target_domain_PH0014-wjlee/metacpc_perdomain_8421/tgt_target_domain_PH0034-ykha_seed0
2023-06-19 16:27:44,854 - AUGCON - INFO -   log_freq: 5
2023-06-19 16:27:44,854 - AUGCON - INFO -   save_freq: 10
2023-06-19 16:27:44,854 - AUGCON - INFO -   pretext: metacpc
2023-06-19 16:27:44,854 - AUGCON - INFO -   enc_blocks: 4
2023-06-19 16:27:44,854 - AUGCON - INFO -   kernel_sizes: [8, 4, 2, 1]
2023-06-19 16:27:44,854 - AUGCON - INFO -   strides: [4, 2, 1, 1]
2023-06-19 16:27:44,854 - AUGCON - INFO -   agg_blocks: 5
2023-06-19 16:27:44,854 - AUGCON - INFO -   z_dim: 256
2023-06-19 16:27:44,854 - AUGCON - INFO -   pooling: mean
2023-06-19 16:27:44,854 - AUGCON - INFO -   pred_steps: 12
2023-06-19 16:27:44,854 - AUGCON - INFO -   n_negatives: 15
2023-06-19 16:27:44,854 - AUGCON - INFO -   offset: 4
2023-06-19 16:27:44,854 - AUGCON - INFO -   domain_adaptation: False
2023-06-19 16:27:44,854 - AUGCON - INFO -   task_steps: 10
2023-06-19 16:27:44,854 - AUGCON - INFO -   task_lr: 0.001
2023-06-19 16:27:44,854 - AUGCON - INFO -   reg_lambda: 0
2023-06-19 16:27:44,854 - AUGCON - INFO -   mlp: False
2023-06-19 16:27:44,854 - AUGCON - INFO -   freeze: True
2023-06-19 16:27:44,854 - AUGCON - INFO -   no_vars: False
2023-06-19 16:27:44,854 - AUGCON - INFO - ==========================================
2023-06-19 16:27:44,854 - AUGCON - INFO - Setting GPUs: [2]
2023-06-19 16:27:44,854 - AUGCON - INFO - GPUs [2] will be used
2023-06-19 16:27:44,855 - AUGCON - WARNING - You have chosen to seed training. 
2023-06-19 16:27:44,855 - AUGCON - WARNING - This will turn on the CUDNN deterministic setting, 
2023-06-19 16:27:44,855 - AUGCON - WARNING - which can slow down your training considerably! 
2023-06-19 16:27:44,855 - AUGCON - WARNING - You may see unexpected behavior when restarting 
2023-06-19 16:27:44,855 - AUGCON - WARNING - from checkpoints.
2023-06-19 16:27:44,883 - AUGCON - INFO - Executing MetaCPC
2023-06-19 16:27:44,884 - AUGCON - INFO - Logs are skipped during training
2023-06-19 16:28:01,773 - AUGCON - INFO - Single GPU is used for training - training 90 instances for each worker
2023-06-19 16:28:01,773 - AUGCON - INFO - Loading pretrained model from checkpoint - /mnt/sting/hjyoon/projects/augcontrast/models/exp0/pretrain/without_target_domain_PH0014-wjlee/metacpc_perdomain_8421/checkpoint_0999.pth.tar
2023-06-19 16:28:01,773 - AUGCON - INFO - Missing keys: []
2023-06-19 16:28:01,773 - AUGCON - INFO - Loading encoder parameters to the classifier
2023-06-19 16:28:01,773 - AUGCON - INFO - Missing keys: ['classifier.block.0.weight', 'classifier.block.0.bias']
2023-06-19 16:28:01,773 - AUGCON - INFO - Epoch [1/50]-(0/22) Loss: 2.0552, Acc(1): 25.00, Acc(5): 75.00
2023-06-19 16:28:01,773 - AUGCON - INFO - Epoch [1/50]-(5/22) Loss: 2.0759, Acc(1): 0.00, Acc(5): 75.00
2023-06-19 16:28:01,773 - AUGCON - INFO - Epoch [1/50]-(10/22) Loss: 2.7467, Acc(1): 0.00, Acc(5): 25.00
2023-06-19 16:28:01,773 - AUGCON - INFO - Epoch [1/50]-(15/22) Loss: 2.6193, Acc(1): 25.00, Acc(5): 50.00
2023-06-19 16:28:01,774 - AUGCON - INFO - Epoch [1/50]-(20/22) Loss: 2.6646, Acc(1): 0.00, Acc(5): 0.00
2023-06-19 16:28:01,774 - AUGCON - INFO - 	Validation Loss: 2.2765, Acc(1): 15.00, Acc(5): 39.00, F1: 0.05, Recall: 0.04, Precision: 0.07
2023-06-19 16:28:01,774 - AUGCON - INFO - Epoch [2/50]-(0/22) Loss: 2.2666, Acc(1): 0.00, Acc(5): 75.00
2023-06-19 16:28:01,774 - AUGCON - INFO - Epoch [2/50]-(5/22) Loss: 2.3460, Acc(1): 0.00, Acc(5): 50.00
2023-06-19 16:28:01,774 - AUGCON - INFO - Epoch [2/50]-(10/22) Loss: 2.5287, Acc(1): 0.00, Acc(5): 25.00
2023-06-19 16:28:01,774 - AUGCON - INFO - Epoch [2/50]-(15/22) Loss: 2.3936, Acc(1): 0.00, Acc(5): 25.00
2023-06-19 16:28:01,774 - AUGCON - INFO - Epoch [2/50]-(20/22) Loss: 2.2117, Acc(1): 25.00, Acc(5): 50.00
2023-06-19 16:28:01,774 - AUGCON - INFO - 	Validation Loss: 2.1836, Acc(1): 8.00, Acc(5): 59.00, F1: 0.02, Recall: 0.02, Precision: 0.02
2023-06-19 16:28:01,774 - AUGCON - INFO - Epoch [3/50]-(0/22) Loss: 2.0947, Acc(1): 25.00, Acc(5): 75.00
2023-06-19 16:28:01,774 - AUGCON - INFO - Epoch [3/50]-(5/22) Loss: 2.3778, Acc(1): 0.00, Acc(5): 25.00
2023-06-19 16:28:01,774 - AUGCON - INFO - Epoch [3/50]-(10/22) Loss: 2.2840, Acc(1): 0.00, Acc(5): 50.00
2023-06-19 16:28:01,774 - AUGCON - INFO - Epoch [3/50]-(15/22) Loss: 2.3760, Acc(1): 0.00, Acc(5): 25.00
2023-06-19 16:28:01,774 - AUGCON - INFO - Epoch [3/50]-(20/22) Loss: 2.2033, Acc(1): 25.00, Acc(5): 25.00
2023-06-19 16:28:01,774 - AUGCON - INFO - 	Validation Loss: 2.1658, Acc(1): 17.00, Acc(5): 61.00, F1: 0.04, Recall: 0.04, Precision: 0.04
2023-06-19 16:28:01,775 - AUGCON - INFO - Epoch [4/50]-(0/22) Loss: 2.1606, Acc(1): 0.00, Acc(5): 75.00
2023-06-19 16:28:01,775 - AUGCON - INFO - Epoch [4/50]-(5/22) Loss: 2.1715, Acc(1): 0.00, Acc(5): 100.00
2023-06-19 16:28:01,775 - AUGCON - INFO - Epoch [4/50]-(10/22) Loss: 2.1292, Acc(1): 0.00, Acc(5): 75.00
2023-06-19 16:28:01,775 - AUGCON - INFO - Epoch [4/50]-(15/22) Loss: 2.2760, Acc(1): 25.00, Acc(5): 50.00
2023-06-19 16:28:01,775 - AUGCON - INFO - Epoch [4/50]-(20/22) Loss: 2.3199, Acc(1): 0.00, Acc(5): 50.00
2023-06-19 16:28:01,775 - AUGCON - INFO - 	Validation Loss: 2.1432, Acc(1): 12.00, Acc(5): 70.00, F1: 0.03, Recall: 0.03, Precision: 0.03
2023-06-19 16:28:01,775 - AUGCON - INFO - Epoch [5/50]-(0/22) Loss: 2.1491, Acc(1): 25.00, Acc(5): 75.00
2023-06-19 16:28:01,775 - AUGCON - INFO - Epoch [5/50]-(5/22) Loss: 2.3397, Acc(1): 0.00, Acc(5): 25.00
2023-06-19 16:28:01,775 - AUGCON - INFO - Epoch [5/50]-(10/22) Loss: 2.2452, Acc(1): 0.00, Acc(5): 75.00
2023-06-19 16:28:01,775 - AUGCON - INFO - Epoch [5/50]-(15/22) Loss: 2.3372, Acc(1): 25.00, Acc(5): 25.00
2023-06-19 16:28:01,775 - AUGCON - INFO - Epoch [5/50]-(20/22) Loss: 2.2131, Acc(1): 0.00, Acc(5): 75.00
2023-06-19 16:28:01,775 - AUGCON - INFO - 	Validation Loss: 2.2123, Acc(1): 6.00, Acc(5): 51.00, F1: 0.01, Recall: 0.02, Precision: 0.01
2023-06-19 16:28:01,775 - AUGCON - INFO - Epoch [6/50]-(0/22) Loss: 2.1084, Acc(1): 0.00, Acc(5): 75.00
2023-06-19 16:28:01,775 - AUGCON - INFO - Epoch [6/50]-(5/22) Loss: 2.3313, Acc(1): 0.00, Acc(5): 25.00
2023-06-19 16:28:01,775 - AUGCON - INFO - Epoch [6/50]-(10/22) Loss: 2.3203, Acc(1): 0.00, Acc(5): 25.00
2023-06-19 16:28:01,775 - AUGCON - INFO - Epoch [6/50]-(15/22) Loss: 2.2500, Acc(1): 0.00, Acc(5): 25.00
2023-06-19 16:28:01,775 - AUGCON - INFO - Epoch [6/50]-(20/22) Loss: 2.3982, Acc(1): 0.00, Acc(5): 25.00
2023-06-19 16:28:01,776 - AUGCON - INFO - 	Validation Loss: 2.1747, Acc(1): 25.00, Acc(5): 54.00, F1: 0.05, Recall: 0.03, Precision: 0.11
2023-06-19 16:28:01,776 - AUGCON - INFO - Epoch [7/50]-(0/22) Loss: 2.1293, Acc(1): 25.00, Acc(5): 75.00
2023-06-19 16:28:01,776 - AUGCON - INFO - Epoch [7/50]-(5/22) Loss: 2.2862, Acc(1): 0.00, Acc(5): 50.00
2023-06-19 16:28:01,776 - AUGCON - INFO - Epoch [7/50]-(10/22) Loss: 2.1071, Acc(1): 25.00, Acc(5): 75.00
2023-06-19 16:28:01,776 - AUGCON - INFO - Epoch [7/50]-(15/22) Loss: 2.2072, Acc(1): 0.00, Acc(5): 50.00
2023-06-19 16:28:01,776 - AUGCON - INFO - Epoch [7/50]-(20/22) Loss: 2.3322, Acc(1): 0.00, Acc(5): 25.00
2023-06-19 16:28:01,776 - AUGCON - INFO - 	Validation Loss: 2.1169, Acc(1): 28.00, Acc(5): 85.00, F1: 0.06, Recall: 0.07, Precision: 0.06
2023-06-19 16:28:01,776 - AUGCON - INFO - Epoch [8/50]-(0/22) Loss: 2.2287, Acc(1): 0.00, Acc(5): 75.00
2023-06-19 16:28:01,776 - AUGCON - INFO - Epoch [8/50]-(5/22) Loss: 2.1710, Acc(1): 25.00, Acc(5): 50.00
2023-06-19 16:28:01,776 - AUGCON - INFO - Epoch [8/50]-(10/22) Loss: 2.5272, Acc(1): 0.00, Acc(5): 25.00
2023-06-19 16:28:01,776 - AUGCON - INFO - Epoch [8/50]-(15/22) Loss: 2.1570, Acc(1): 25.00, Acc(5): 50.00
2023-06-19 16:28:01,776 - AUGCON - INFO - Epoch [8/50]-(20/22) Loss: 2.4207, Acc(1): 0.00, Acc(5): 0.00
2023-06-19 16:28:01,776 - AUGCON - INFO - 	Validation Loss: 2.1252, Acc(1): 21.00, Acc(5): 73.00, F1: 0.03, Recall: 0.04, Precision: 0.03
2023-06-19 16:28:01,776 - AUGCON - INFO - Epoch [9/50]-(0/22) Loss: 2.1445, Acc(1): 0.00, Acc(5): 50.00
2023-06-19 16:28:01,776 - AUGCON - INFO - Epoch [9/50]-(5/22) Loss: 2.0925, Acc(1): 25.00, Acc(5): 75.00
2023-06-19 16:28:01,777 - AUGCON - INFO - Epoch [9/50]-(10/22) Loss: 2.0559, Acc(1): 50.00, Acc(5): 75.00
2023-06-19 16:28:01,777 - AUGCON - INFO - Epoch [9/50]-(15/22) Loss: 2.3050, Acc(1): 0.00, Acc(5): 25.00
2023-06-19 16:28:01,777 - AUGCON - INFO - Epoch [9/50]-(20/22) Loss: 2.3352, Acc(1): 0.00, Acc(5): 25.00
2023-06-19 16:28:01,777 - AUGCON - INFO - 	Validation Loss: 2.1072, Acc(1): 21.00, Acc(5): 91.00, F1: 0.05, Recall: 0.05, Precision: 0.04
2023-06-19 16:28:01,777 - AUGCON - INFO - Epoch [10/50]-(0/22) Loss: 2.0860, Acc(1): 50.00, Acc(5): 100.00
2023-06-19 16:28:01,777 - AUGCON - INFO - Epoch [10/50]-(5/22) Loss: 2.1361, Acc(1): 25.00, Acc(5): 50.00
2023-06-19 16:28:01,777 - AUGCON - INFO - Epoch [10/50]-(10/22) Loss: 1.9985, Acc(1): 25.00, Acc(5): 100.00
2023-06-19 16:28:01,777 - AUGCON - INFO - Epoch [10/50]-(15/22) Loss: 2.0983, Acc(1): 0.00, Acc(5): 75.00
2023-06-19 16:28:01,777 - AUGCON - INFO - Epoch [10/50]-(20/22) Loss: 2.3689, Acc(1): 0.00, Acc(5): 50.00
2023-06-19 16:28:01,777 - AUGCON - INFO - 	Validation Loss: 2.1336, Acc(1): 7.00, Acc(5): 80.00, F1: 0.03, Recall: 0.02, Precision: 0.06
2023-06-19 16:28:01,777 - AUGCON - INFO - Epoch [11/50]-(0/22) Loss: 2.2045, Acc(1): 25.00, Acc(5): 25.00
2023-06-19 16:28:01,777 - AUGCON - INFO - Epoch [11/50]-(5/22) Loss: 2.3480, Acc(1): 0.00, Acc(5): 50.00
2023-06-19 16:28:01,777 - AUGCON - INFO - Epoch [11/50]-(10/22) Loss: 2.0330, Acc(1): 50.00, Acc(5): 75.00
2023-06-19 16:28:01,777 - AUGCON - INFO - Epoch [11/50]-(15/22) Loss: 2.4222, Acc(1): 0.00, Acc(5): 50.00
2023-06-19 16:28:01,777 - AUGCON - INFO - Epoch [11/50]-(20/22) Loss: 2.2192, Acc(1): 25.00, Acc(5): 50.00
2023-06-19 16:28:01,777 - AUGCON - INFO - 	Validation Loss: 2.0654, Acc(1): 47.00, Acc(5): 89.00, F1: 0.09, Recall: 0.09, Precision: 0.09
2023-06-19 16:28:01,778 - AUGCON - INFO - Epoch [12/50]-(0/22) Loss: 2.2681, Acc(1): 0.00, Acc(5): 75.00
2023-06-19 16:28:01,778 - AUGCON - INFO - Epoch [12/50]-(5/22) Loss: 2.1456, Acc(1): 0.00, Acc(5): 75.00
2023-06-19 16:28:01,778 - AUGCON - INFO - Epoch [12/50]-(10/22) Loss: 2.1172, Acc(1): 25.00, Acc(5): 100.00
2023-06-19 16:28:01,778 - AUGCON - INFO - Epoch [12/50]-(15/22) Loss: 2.1676, Acc(1): 0.00, Acc(5): 75.00
2023-06-19 16:28:01,778 - AUGCON - INFO - Epoch [12/50]-(20/22) Loss: 2.2992, Acc(1): 0.00, Acc(5): 50.00
2023-06-19 16:28:01,778 - AUGCON - INFO - 	Validation Loss: 2.1339, Acc(1): 18.00, Acc(5): 66.00, F1: 0.02, Recall: 0.02, Precision: 0.05
2023-06-19 16:28:01,778 - AUGCON - INFO - Epoch [13/50]-(0/22) Loss: 2.0651, Acc(1): 25.00, Acc(5): 50.00
2023-06-19 16:28:01,778 - AUGCON - INFO - Epoch [13/50]-(5/22) Loss: 2.1825, Acc(1): 0.00, Acc(5): 75.00
2023-06-19 16:28:01,778 - AUGCON - INFO - Epoch [13/50]-(10/22) Loss: 2.2350, Acc(1): 0.00, Acc(5): 50.00
2023-06-19 16:28:01,778 - AUGCON - INFO - Epoch [13/50]-(15/22) Loss: 2.3666, Acc(1): 25.00, Acc(5): 25.00
2023-06-19 16:28:01,778 - AUGCON - INFO - Epoch [13/50]-(20/22) Loss: 2.1211, Acc(1): 0.00, Acc(5): 75.00
2023-06-19 16:28:01,778 - AUGCON - INFO - 	Validation Loss: 2.0842, Acc(1): 17.00, Acc(5): 86.00, F1: 0.04, Recall: 0.04, Precision: 0.04
2023-06-19 16:28:01,778 - AUGCON - INFO - Epoch [14/50]-(0/22) Loss: 2.1226, Acc(1): 0.00, Acc(5): 100.00
2023-06-19 16:28:01,778 - AUGCON - INFO - Epoch [14/50]-(5/22) Loss: 2.0283, Acc(1): 50.00, Acc(5): 100.00
2023-06-19 16:28:01,778 - AUGCON - INFO - Epoch [14/50]-(10/22) Loss: 2.0904, Acc(1): 25.00, Acc(5): 100.00
2023-06-19 16:28:01,778 - AUGCON - INFO - Epoch [14/50]-(15/22) Loss: 2.4211, Acc(1): 0.00, Acc(5): 25.00
2023-06-19 16:28:01,779 - AUGCON - INFO - Epoch [14/50]-(20/22) Loss: 2.4014, Acc(1): 0.00, Acc(5): 50.00
2023-06-19 16:28:01,779 - AUGCON - INFO - 	Validation Loss: 2.1175, Acc(1): 21.00, Acc(5): 79.00, F1: 0.04, Recall: 0.05, Precision: 0.04
2023-06-19 16:28:01,779 - AUGCON - INFO - Epoch [15/50]-(0/22) Loss: 2.1592, Acc(1): 0.00, Acc(5): 75.00
2023-06-19 16:28:01,779 - AUGCON - INFO - Epoch [15/50]-(5/22) Loss: 2.2695, Acc(1): 0.00, Acc(5): 50.00
2023-06-19 16:28:01,779 - AUGCON - INFO - Epoch [15/50]-(10/22) Loss: 2.0067, Acc(1): 0.00, Acc(5): 75.00
2023-06-19 16:28:01,779 - AUGCON - INFO - Epoch [15/50]-(15/22) Loss: 2.3152, Acc(1): 0.00, Acc(5): 25.00
2023-06-19 16:28:01,779 - AUGCON - INFO - Epoch [15/50]-(20/22) Loss: 2.5255, Acc(1): 0.00, Acc(5): 25.00
2023-06-19 16:28:01,779 - AUGCON - INFO - 	Validation Loss: 2.0658, Acc(1): 15.00, Acc(5): 82.00, F1: 0.05, Recall: 0.04, Precision: 0.07
2023-06-19 16:28:01,779 - AUGCON - INFO - Epoch [16/50]-(0/22) Loss: 2.0845, Acc(1): 0.00, Acc(5): 75.00
2023-06-19 16:28:01,779 - AUGCON - INFO - Epoch [16/50]-(5/22) Loss: 2.1690, Acc(1): 25.00, Acc(5): 50.00
2023-06-19 16:28:01,779 - AUGCON - INFO - Epoch [16/50]-(10/22) Loss: 2.3645, Acc(1): 0.00, Acc(5): 25.00
2023-06-19 16:28:01,779 - AUGCON - INFO - Epoch [16/50]-(15/22) Loss: 2.3216, Acc(1): 0.00, Acc(5): 50.00
2023-06-19 16:28:01,779 - AUGCON - INFO - Epoch [16/50]-(20/22) Loss: 2.1832, Acc(1): 0.00, Acc(5): 50.00
2023-06-19 16:28:01,779 - AUGCON - INFO - 	Validation Loss: 2.1144, Acc(1): 19.00, Acc(5): 80.00, F1: 0.03, Recall: 0.04, Precision: 0.03
2023-06-19 16:28:01,779 - AUGCON - INFO - Epoch [17/50]-(0/22) Loss: 2.1884, Acc(1): 0.00, Acc(5): 50.00
2023-06-19 16:28:01,780 - AUGCON - INFO - Epoch [17/50]-(5/22) Loss: 2.1306, Acc(1): 0.00, Acc(5): 100.00
2023-06-19 16:28:01,780 - AUGCON - INFO - Epoch [17/50]-(10/22) Loss: 2.3011, Acc(1): 0.00, Acc(5): 50.00
2023-06-19 16:28:01,780 - AUGCON - INFO - Epoch [17/50]-(15/22) Loss: 2.2430, Acc(1): 0.00, Acc(5): 75.00
2023-06-19 16:28:01,780 - AUGCON - INFO - Epoch [17/50]-(20/22) Loss: 2.1495, Acc(1): 0.00, Acc(5): 50.00
2023-06-19 16:28:01,780 - AUGCON - INFO - 	Validation Loss: 2.0764, Acc(1): 32.00, Acc(5): 88.00, F1: 0.08, Recall: 0.07, Precision: 0.09
2023-06-19 16:28:01,780 - AUGCON - INFO - Epoch [18/50]-(0/22) Loss: 2.1306, Acc(1): 50.00, Acc(5): 75.00
2023-06-19 16:28:01,780 - AUGCON - INFO - Epoch [18/50]-(5/22) Loss: 2.1029, Acc(1): 25.00, Acc(5): 75.00
2023-06-19 16:28:01,780 - AUGCON - INFO - Epoch [18/50]-(10/22) Loss: 2.4399, Acc(1): 0.00, Acc(5): 25.00
2023-06-19 16:28:01,780 - AUGCON - INFO - Epoch [18/50]-(15/22) Loss: 2.0864, Acc(1): 0.00, Acc(5): 100.00
2023-06-19 16:28:01,780 - AUGCON - INFO - Epoch [18/50]-(20/22) Loss: 2.0621, Acc(1): 25.00, Acc(5): 100.00
2023-06-19 16:28:01,781 - AUGCON - INFO - 	Validation Loss: 2.0549, Acc(1): 39.00, Acc(5): 85.00, F1: 0.07, Recall: 0.07, Precision: 0.06
2023-06-19 16:28:01,781 - AUGCON - INFO - Epoch [19/50]-(0/22) Loss: 2.0576, Acc(1): 0.00, Acc(5): 100.00
2023-06-19 16:28:01,781 - AUGCON - INFO - Epoch [19/50]-(5/22) Loss: 2.4044, Acc(1): 0.00, Acc(5): 50.00
2023-06-19 16:28:01,781 - AUGCON - INFO - Epoch [19/50]-(10/22) Loss: 2.2430, Acc(1): 25.00, Acc(5): 50.00
2023-06-19 16:28:01,781 - AUGCON - INFO - Epoch [19/50]-(15/22) Loss: 2.2666, Acc(1): 0.00, Acc(5): 50.00
2023-06-19 16:28:01,781 - AUGCON - INFO - Epoch [19/50]-(20/22) Loss: 1.9270, Acc(1): 50.00, Acc(5): 100.00
2023-06-19 16:28:01,781 - AUGCON - INFO - 	Validation Loss: 2.0700, Acc(1): 29.00, Acc(5): 82.00, F1: 0.08, Recall: 0.07, Precision: 0.08
2023-06-19 16:28:01,781 - AUGCON - INFO - Epoch [20/50]-(0/22) Loss: 1.9258, Acc(1): 0.00, Acc(5): 100.00
2023-06-19 16:28:01,781 - AUGCON - INFO - Epoch [20/50]-(5/22) Loss: 1.9364, Acc(1): 75.00, Acc(5): 100.00
2023-06-19 16:28:01,781 - AUGCON - INFO - Epoch [20/50]-(10/22) Loss: 2.0764, Acc(1): 25.00, Acc(5): 100.00
2023-06-19 16:28:01,781 - AUGCON - INFO - Epoch [20/50]-(15/22) Loss: 2.2567, Acc(1): 25.00, Acc(5): 50.00
2023-06-19 16:28:01,782 - AUGCON - INFO - Epoch [20/50]-(20/22) Loss: 2.1408, Acc(1): 0.00, Acc(5): 75.00
2023-06-19 16:28:01,782 - AUGCON - INFO - 	Validation Loss: 2.0706, Acc(1): 20.00, Acc(5): 92.00, F1: 0.03, Recall: 0.02, Precision: 0.05
2023-06-19 16:28:01,782 - AUGCON - INFO - Epoch [21/50]-(0/22) Loss: 1.9558, Acc(1): 75.00, Acc(5): 100.00
2023-06-19 16:28:01,782 - AUGCON - INFO - Epoch [21/50]-(5/22) Loss: 2.0377, Acc(1): 25.00, Acc(5): 100.00
2023-06-19 16:28:01,782 - AUGCON - INFO - Epoch [21/50]-(10/22) Loss: 2.1505, Acc(1): 25.00, Acc(5): 50.00
2023-06-19 16:28:01,782 - AUGCON - INFO - Epoch [21/50]-(15/22) Loss: 1.9686, Acc(1): 50.00, Acc(5): 100.00
2023-06-19 16:28:01,782 - AUGCON - INFO - Epoch [21/50]-(20/22) Loss: 2.1840, Acc(1): 0.00, Acc(5): 75.00
2023-06-19 16:28:01,782 - AUGCON - INFO - 	Validation Loss: 2.0144, Acc(1): 29.00, Acc(5): 91.00, F1: 0.09, Recall: 0.07, Precision: 0.10
2023-06-19 16:28:01,782 - AUGCON - INFO - Epoch [22/50]-(0/22) Loss: 2.1446, Acc(1): 0.00, Acc(5): 75.00
2023-06-19 16:28:01,782 - AUGCON - INFO - Epoch [22/50]-(5/22) Loss: 2.0939, Acc(1): 0.00, Acc(5): 100.00
2023-06-19 16:28:01,783 - AUGCON - INFO - Epoch [22/50]-(10/22) Loss: 2.0255, Acc(1): 50.00, Acc(5): 75.00
2023-06-19 16:28:01,783 - AUGCON - INFO - Epoch [22/50]-(15/22) Loss: 2.1484, Acc(1): 0.00, Acc(5): 75.00
2023-06-19 16:28:01,783 - AUGCON - INFO - Epoch [22/50]-(20/22) Loss: 2.0459, Acc(1): 50.00, Acc(5): 75.00
2023-06-19 16:28:01,783 - AUGCON - INFO - 	Validation Loss: 2.0137, Acc(1): 43.00, Acc(5): 93.00, F1: 0.09, Recall: 0.09, Precision: 0.09
2023-06-19 16:28:01,783 - AUGCON - INFO - Epoch [23/50]-(0/22) Loss: 1.9376, Acc(1): 75.00, Acc(5): 100.00
2023-06-19 16:28:01,783 - AUGCON - INFO - Epoch [23/50]-(5/22) Loss: 1.9851, Acc(1): 25.00, Acc(5): 100.00
2023-06-19 16:28:01,783 - AUGCON - INFO - Epoch [23/50]-(10/22) Loss: 2.0443, Acc(1): 0.00, Acc(5): 100.00
2023-06-19 16:28:01,783 - AUGCON - INFO - Epoch [23/50]-(15/22) Loss: 2.2025, Acc(1): 0.00, Acc(5): 75.00
2023-06-19 16:28:01,783 - AUGCON - INFO - Epoch [23/50]-(20/22) Loss: 2.0076, Acc(1): 50.00, Acc(5): 75.00
2023-06-19 16:28:01,783 - AUGCON - INFO - 	Validation Loss: 2.0181, Acc(1): 38.00, Acc(5): 94.00, F1: 0.06, Recall: 0.07, Precision: 0.06
2023-06-19 16:28:01,783 - AUGCON - INFO - Epoch [24/50]-(0/22) Loss: 2.0888, Acc(1): 50.00, Acc(5): 75.00
2023-06-19 16:28:01,783 - AUGCON - INFO - Epoch [24/50]-(5/22) Loss: 2.0069, Acc(1): 25.00, Acc(5): 75.00
2023-06-19 16:28:01,784 - AUGCON - INFO - Epoch [24/50]-(10/22) Loss: 2.0841, Acc(1): 50.00, Acc(5): 75.00
2023-06-19 16:28:01,784 - AUGCON - INFO - Epoch [24/50]-(15/22) Loss: 2.1349, Acc(1): 0.00, Acc(5): 75.00
2023-06-19 16:28:01,784 - AUGCON - INFO - Epoch [24/50]-(20/22) Loss: 2.0037, Acc(1): 75.00, Acc(5): 100.00
2023-06-19 16:28:01,784 - AUGCON - INFO - 	Validation Loss: 2.0230, Acc(1): 34.00, Acc(5): 92.00, F1: 0.06, Recall: 0.06, Precision: 0.06
2023-06-19 16:28:01,784 - AUGCON - INFO - Epoch [25/50]-(0/22) Loss: 2.0165, Acc(1): 25.00, Acc(5): 100.00
2023-06-19 16:28:01,784 - AUGCON - INFO - Epoch [25/50]-(5/22) Loss: 1.8575, Acc(1): 50.00, Acc(5): 100.00
2023-06-19 16:28:01,784 - AUGCON - INFO - Epoch [25/50]-(10/22) Loss: 1.9172, Acc(1): 25.00, Acc(5): 100.00
2023-06-19 16:28:01,784 - AUGCON - INFO - Epoch [25/50]-(15/22) Loss: 2.2104, Acc(1): 50.00, Acc(5): 50.00
2023-06-19 16:28:01,784 - AUGCON - INFO - Epoch [25/50]-(20/22) Loss: 1.8730, Acc(1): 50.00, Acc(5): 100.00
2023-06-19 16:28:01,784 - AUGCON - INFO - 	Validation Loss: 2.0345, Acc(1): 31.00, Acc(5): 95.00, F1: 0.04, Recall: 0.05, Precision: 0.04
2023-06-19 16:28:01,784 - AUGCON - INFO - Epoch [26/50]-(0/22) Loss: 1.9210, Acc(1): 25.00, Acc(5): 100.00
2023-06-19 16:28:01,785 - AUGCON - INFO - Epoch [26/50]-(5/22) Loss: 1.9499, Acc(1): 0.00, Acc(5): 100.00
2023-06-19 16:28:01,785 - AUGCON - INFO - Epoch [26/50]-(10/22) Loss: 2.2794, Acc(1): 0.00, Acc(5): 50.00
2023-06-19 16:28:01,785 - AUGCON - INFO - Epoch [26/50]-(15/22) Loss: 2.0262, Acc(1): 25.00, Acc(5): 75.00
2023-06-19 16:28:01,785 - AUGCON - INFO - Epoch [26/50]-(20/22) Loss: 2.2014, Acc(1): 0.00, Acc(5): 50.00
2023-06-19 16:28:01,785 - AUGCON - INFO - 	Validation Loss: 1.9891, Acc(1): 38.00, Acc(5): 91.00, F1: 0.05, Recall: 0.07, Precision: 0.05
2023-06-19 16:28:01,785 - AUGCON - INFO - Epoch [27/50]-(0/22) Loss: 2.1069, Acc(1): 25.00, Acc(5): 100.00
2023-06-19 16:28:01,785 - AUGCON - INFO - Epoch [27/50]-(5/22) Loss: 2.1396, Acc(1): 25.00, Acc(5): 75.00
2023-06-19 16:28:01,785 - AUGCON - INFO - Epoch [27/50]-(10/22) Loss: 1.9901, Acc(1): 25.00, Acc(5): 100.00
2023-06-19 16:28:01,785 - AUGCON - INFO - Epoch [27/50]-(15/22) Loss: 2.2255, Acc(1): 0.00, Acc(5): 25.00
2023-06-19 16:28:01,786 - AUGCON - INFO - Epoch [27/50]-(20/22) Loss: 1.9761, Acc(1): 25.00, Acc(5): 75.00
2023-06-19 16:28:01,786 - AUGCON - INFO - 	Validation Loss: 1.9795, Acc(1): 34.00, Acc(5): 96.00, F1: 0.08, Recall: 0.06, Precision: 0.12
2023-06-19 16:28:01,786 - AUGCON - INFO - Epoch [28/50]-(0/22) Loss: 1.9266, Acc(1): 25.00, Acc(5): 100.00
2023-06-19 16:28:01,786 - AUGCON - INFO - Epoch [28/50]-(5/22) Loss: 1.9883, Acc(1): 25.00, Acc(5): 100.00
2023-06-19 16:28:01,786 - AUGCON - INFO - Epoch [28/50]-(10/22) Loss: 1.9100, Acc(1): 25.00, Acc(5): 75.00
2023-06-19 16:28:01,786 - AUGCON - INFO - Epoch [28/50]-(15/22) Loss: 1.8155, Acc(1): 50.00, Acc(5): 100.00
2023-06-19 16:28:01,786 - AUGCON - INFO - Epoch [28/50]-(20/22) Loss: 2.1163, Acc(1): 25.00, Acc(5): 100.00
2023-06-19 16:28:01,786 - AUGCON - INFO - 	Validation Loss: 1.9670, Acc(1): 44.00, Acc(5): 94.00, F1: 0.09, Recall: 0.08, Precision: 0.10
2023-06-19 16:28:01,786 - AUGCON - INFO - Epoch [29/50]-(0/22) Loss: 1.9701, Acc(1): 100.00, Acc(5): 100.00
2023-06-19 16:28:01,786 - AUGCON - INFO - Epoch [29/50]-(5/22) Loss: 2.1462, Acc(1): 25.00, Acc(5): 100.00
2023-06-19 16:28:01,786 - AUGCON - INFO - Epoch [29/50]-(10/22) Loss: 2.0712, Acc(1): 0.00, Acc(5): 75.00
2023-06-19 16:28:01,787 - AUGCON - INFO - Epoch [29/50]-(15/22) Loss: 2.2785, Acc(1): 25.00, Acc(5): 50.00
2023-06-19 16:28:01,787 - AUGCON - INFO - Epoch [29/50]-(20/22) Loss: 2.0479, Acc(1): 50.00, Acc(5): 75.00
2023-06-19 16:28:01,787 - AUGCON - INFO - 	Validation Loss: 1.9711, Acc(1): 48.00, Acc(5): 90.00, F1: 0.08, Recall: 0.09, Precision: 0.08
2023-06-19 16:28:01,787 - AUGCON - INFO - Epoch [30/50]-(0/22) Loss: 1.7342, Acc(1): 100.00, Acc(5): 100.00
2023-06-19 16:28:01,787 - AUGCON - INFO - Epoch [30/50]-(5/22) Loss: 2.1215, Acc(1): 25.00, Acc(5): 50.00
2023-06-19 16:28:01,787 - AUGCON - INFO - Epoch [30/50]-(10/22) Loss: 2.0434, Acc(1): 0.00, Acc(5): 100.00
2023-06-19 16:28:01,787 - AUGCON - INFO - Epoch [30/50]-(15/22) Loss: 2.0529, Acc(1): 0.00, Acc(5): 100.00
2023-06-19 16:28:01,787 - AUGCON - INFO - Epoch [30/50]-(20/22) Loss: 2.1509, Acc(1): 25.00, Acc(5): 50.00
2023-06-19 16:28:01,787 - AUGCON - INFO - 	Validation Loss: 1.9442, Acc(1): 44.00, Acc(5): 92.00, F1: 0.11, Recall: 0.09, Precision: 0.14
2023-06-19 16:28:01,787 - AUGCON - INFO - Epoch [31/50]-(0/22) Loss: 1.9169, Acc(1): 75.00, Acc(5): 75.00
2023-06-19 16:28:01,788 - AUGCON - INFO - Epoch [31/50]-(5/22) Loss: 1.9156, Acc(1): 50.00, Acc(5): 100.00
2023-06-19 16:28:01,788 - AUGCON - INFO - Epoch [31/50]-(10/22) Loss: 2.0868, Acc(1): 0.00, Acc(5): 75.00
2023-06-19 16:28:01,788 - AUGCON - INFO - Epoch [31/50]-(15/22) Loss: 2.1450, Acc(1): 0.00, Acc(5): 100.00
2023-06-19 16:28:01,788 - AUGCON - INFO - Epoch [31/50]-(20/22) Loss: 2.1340, Acc(1): 0.00, Acc(5): 100.00
2023-06-19 16:28:01,788 - AUGCON - INFO - 	Validation Loss: 1.9856, Acc(1): 36.00, Acc(5): 98.00, F1: 0.10, Recall: 0.09, Precision: 0.11
2023-06-19 16:28:01,788 - AUGCON - INFO - Epoch [32/50]-(0/22) Loss: 1.7951, Acc(1): 75.00, Acc(5): 100.00
2023-06-19 16:28:01,788 - AUGCON - INFO - Epoch [32/50]-(5/22) Loss: 2.0579, Acc(1): 25.00, Acc(5): 75.00
2023-06-19 16:28:01,788 - AUGCON - INFO - Epoch [32/50]-(10/22) Loss: 2.0405, Acc(1): 25.00, Acc(5): 75.00
2023-06-19 16:28:01,788 - AUGCON - INFO - Epoch [32/50]-(15/22) Loss: 2.0219, Acc(1): 25.00, Acc(5): 75.00
2023-06-19 16:28:01,788 - AUGCON - INFO - Epoch [32/50]-(20/22) Loss: 2.0728, Acc(1): 0.00, Acc(5): 100.00
2023-06-19 16:28:01,788 - AUGCON - INFO - 	Validation Loss: 1.9644, Acc(1): 38.00, Acc(5): 77.00, F1: 0.08, Recall: 0.07, Precision: 0.09
2023-06-19 16:28:01,789 - AUGCON - INFO - Epoch [33/50]-(0/22) Loss: 1.9878, Acc(1): 50.00, Acc(5): 75.00
2023-06-19 16:28:01,789 - AUGCON - INFO - Epoch [33/50]-(5/22) Loss: 1.8608, Acc(1): 75.00, Acc(5): 100.00
2023-06-19 16:28:01,789 - AUGCON - INFO - Epoch [33/50]-(10/22) Loss: 1.7025, Acc(1): 75.00, Acc(5): 100.00
2023-06-19 16:28:01,789 - AUGCON - INFO - Epoch [33/50]-(15/22) Loss: 2.0816, Acc(1): 50.00, Acc(5): 50.00
2023-06-19 16:28:01,789 - AUGCON - INFO - Epoch [33/50]-(20/22) Loss: 2.1266, Acc(1): 25.00, Acc(5): 75.00
2023-06-19 16:28:01,789 - AUGCON - INFO - 	Validation Loss: 1.9857, Acc(1): 55.00, Acc(5): 82.00, F1: 0.11, Recall: 0.11, Precision: 0.11
2023-06-19 16:28:01,789 - AUGCON - INFO - Epoch [34/50]-(0/22) Loss: 2.1877, Acc(1): 25.00, Acc(5): 50.00
2023-06-19 16:28:01,789 - AUGCON - INFO - Epoch [34/50]-(5/22) Loss: 2.1275, Acc(1): 0.00, Acc(5): 100.00
2023-06-19 16:28:01,789 - AUGCON - INFO - Epoch [34/50]-(10/22) Loss: 2.0837, Acc(1): 0.00, Acc(5): 100.00
2023-06-19 16:28:01,789 - AUGCON - INFO - Epoch [34/50]-(15/22) Loss: 2.1541, Acc(1): 0.00, Acc(5): 75.00
2023-06-19 16:28:01,789 - AUGCON - INFO - Epoch [34/50]-(20/22) Loss: 2.2028, Acc(1): 25.00, Acc(5): 50.00
2023-06-19 16:28:01,789 - AUGCON - INFO - 	Validation Loss: 1.9190, Acc(1): 51.00, Acc(5): 99.00, F1: 0.10, Recall: 0.10, Precision: 0.10
2023-06-19 16:28:01,789 - AUGCON - INFO - Epoch [35/50]-(0/22) Loss: 1.9430, Acc(1): 50.00, Acc(5): 100.00
2023-06-19 16:28:01,789 - AUGCON - INFO - Epoch [35/50]-(5/22) Loss: 2.0280, Acc(1): 50.00, Acc(5): 75.00
2023-06-19 16:28:01,790 - AUGCON - INFO - Epoch [35/50]-(10/22) Loss: 1.9974, Acc(1): 0.00, Acc(5): 100.00
2023-06-19 16:28:01,790 - AUGCON - INFO - Epoch [35/50]-(15/22) Loss: 2.0626, Acc(1): 0.00, Acc(5): 75.00
2023-06-19 16:28:01,790 - AUGCON - INFO - Epoch [35/50]-(20/22) Loss: 2.2017, Acc(1): 0.00, Acc(5): 50.00
2023-06-19 16:28:01,790 - AUGCON - INFO - 	Validation Loss: 1.9728, Acc(1): 36.00, Acc(5): 87.00, F1: 0.05, Recall: 0.06, Precision: 0.05
2023-06-19 16:28:01,790 - AUGCON - INFO - Epoch [36/50]-(0/22) Loss: 2.1450, Acc(1): 0.00, Acc(5): 75.00
2023-06-19 16:28:01,790 - AUGCON - INFO - Epoch [36/50]-(5/22) Loss: 1.8951, Acc(1): 50.00, Acc(5): 100.00
2023-06-19 16:28:01,790 - AUGCON - INFO - Epoch [36/50]-(10/22) Loss: 2.1401, Acc(1): 0.00, Acc(5): 75.00
2023-06-19 16:28:01,790 - AUGCON - INFO - Epoch [36/50]-(15/22) Loss: 1.9998, Acc(1): 25.00, Acc(5): 100.00
2023-06-19 16:28:01,790 - AUGCON - INFO - Epoch [36/50]-(20/22) Loss: 2.2605, Acc(1): 0.00, Acc(5): 25.00
2023-06-19 16:28:01,790 - AUGCON - INFO - 	Validation Loss: 1.9563, Acc(1): 52.00, Acc(5): 90.00, F1: 0.11, Recall: 0.10, Precision: 0.12
2023-06-19 16:28:01,790 - AUGCON - INFO - Epoch [37/50]-(0/22) Loss: 1.9414, Acc(1): 50.00, Acc(5): 100.00
2023-06-19 16:28:01,790 - AUGCON - INFO - Epoch [37/50]-(5/22) Loss: 1.7694, Acc(1): 50.00, Acc(5): 100.00
2023-06-19 16:28:01,790 - AUGCON - INFO - Epoch [37/50]-(10/22) Loss: 1.9990, Acc(1): 25.00, Acc(5): 75.00
2023-06-19 16:28:01,790 - AUGCON - INFO - Epoch [37/50]-(15/22) Loss: 1.9439, Acc(1): 50.00, Acc(5): 100.00
2023-06-19 16:28:01,790 - AUGCON - INFO - Epoch [37/50]-(20/22) Loss: 2.0519, Acc(1): 25.00, Acc(5): 100.00
2023-06-19 16:28:01,790 - AUGCON - INFO - 	Validation Loss: 1.9542, Acc(1): 34.00, Acc(5): 90.00, F1: 0.06, Recall: 0.06, Precision: 0.05
2023-06-19 16:28:01,791 - AUGCON - INFO - Epoch [38/50]-(0/22) Loss: 1.8588, Acc(1): 50.00, Acc(5): 100.00
2023-06-19 16:28:01,791 - AUGCON - INFO - Epoch [38/50]-(5/22) Loss: 2.1649, Acc(1): 25.00, Acc(5): 50.00
2023-06-19 16:28:01,791 - AUGCON - INFO - Epoch [38/50]-(10/22) Loss: 2.1224, Acc(1): 25.00, Acc(5): 75.00
2023-06-19 16:28:01,791 - AUGCON - INFO - Epoch [38/50]-(15/22) Loss: 1.9969, Acc(1): 0.00, Acc(5): 100.00
2023-06-19 16:28:01,791 - AUGCON - INFO - Epoch [38/50]-(20/22) Loss: 2.0087, Acc(1): 25.00, Acc(5): 75.00
2023-06-19 16:28:01,791 - AUGCON - INFO - 	Validation Loss: 1.9311, Acc(1): 32.00, Acc(5): 97.00, F1: 0.06, Recall: 0.05, Precision: 0.08
2023-06-19 16:28:01,791 - AUGCON - INFO - Epoch [39/50]-(0/22) Loss: 1.6930, Acc(1): 75.00, Acc(5): 100.00
2023-06-19 16:28:01,791 - AUGCON - INFO - Epoch [39/50]-(5/22) Loss: 1.8774, Acc(1): 50.00, Acc(5): 100.00
2023-06-19 16:28:01,791 - AUGCON - INFO - Epoch [39/50]-(10/22) Loss: 2.0192, Acc(1): 50.00, Acc(5): 75.00
2023-06-19 16:28:01,791 - AUGCON - INFO - Epoch [39/50]-(15/22) Loss: 2.1969, Acc(1): 25.00, Acc(5): 50.00
2023-06-19 16:28:01,791 - AUGCON - INFO - Epoch [39/50]-(20/22) Loss: 1.8954, Acc(1): 50.00, Acc(5): 100.00
2023-06-19 16:28:01,791 - AUGCON - INFO - 	Validation Loss: 1.9563, Acc(1): 39.00, Acc(5): 82.00, F1: 0.09, Recall: 0.09, Precision: 0.08
2023-06-19 16:28:01,791 - AUGCON - INFO - Epoch [40/50]-(0/22) Loss: 2.1761, Acc(1): 0.00, Acc(5): 75.00
2023-06-19 16:28:01,791 - AUGCON - INFO - Epoch [40/50]-(5/22) Loss: 2.0241, Acc(1): 25.00, Acc(5): 100.00
2023-06-19 16:28:01,791 - AUGCON - INFO - Epoch [40/50]-(10/22) Loss: 2.0043, Acc(1): 25.00, Acc(5): 100.00
2023-06-19 16:28:01,791 - AUGCON - INFO - Epoch [40/50]-(15/22) Loss: 1.8483, Acc(1): 25.00, Acc(5): 100.00
2023-06-19 16:28:01,792 - AUGCON - INFO - Epoch [40/50]-(20/22) Loss: 2.0344, Acc(1): 0.00, Acc(5): 100.00
2023-06-19 16:28:01,792 - AUGCON - INFO - 	Validation Loss: 1.8743, Acc(1): 37.00, Acc(5): 94.00, F1: 0.06, Recall: 0.06, Precision: 0.05
2023-06-19 16:28:01,792 - AUGCON - INFO - Epoch [41/50]-(0/22) Loss: 1.9574, Acc(1): 25.00, Acc(5): 75.00
2023-06-19 16:28:01,792 - AUGCON - INFO - Epoch [41/50]-(5/22) Loss: 2.0047, Acc(1): 50.00, Acc(5): 100.00
2023-06-19 16:28:01,792 - AUGCON - INFO - Epoch [41/50]-(10/22) Loss: 1.6667, Acc(1): 100.00, Acc(5): 100.00
2023-06-19 16:28:01,792 - AUGCON - INFO - Epoch [41/50]-(15/22) Loss: 1.8461, Acc(1): 50.00, Acc(5): 75.00
2023-06-19 16:28:01,792 - AUGCON - INFO - Epoch [41/50]-(20/22) Loss: 2.2500, Acc(1): 25.00, Acc(5): 50.00
2023-06-19 16:28:01,792 - AUGCON - INFO - 	Validation Loss: 1.8942, Acc(1): 42.00, Acc(5): 90.00, F1: 0.07, Recall: 0.08, Precision: 0.07
2023-06-19 16:28:01,792 - AUGCON - INFO - Epoch [42/50]-(0/22) Loss: 1.7241, Acc(1): 75.00, Acc(5): 100.00
2023-06-19 16:28:01,792 - AUGCON - INFO - Epoch [42/50]-(5/22) Loss: 1.7144, Acc(1): 75.00, Acc(5): 100.00
2023-06-19 16:28:01,792 - AUGCON - INFO - Epoch [42/50]-(10/22) Loss: 1.9671, Acc(1): 25.00, Acc(5): 100.00
2023-06-19 16:28:01,792 - AUGCON - INFO - Epoch [42/50]-(15/22) Loss: 2.0313, Acc(1): 50.00, Acc(5): 50.00
2023-06-19 16:28:01,792 - AUGCON - INFO - Epoch [42/50]-(20/22) Loss: 2.1132, Acc(1): 0.00, Acc(5): 75.00
2023-06-19 16:28:01,792 - AUGCON - INFO - 	Validation Loss: 1.8803, Acc(1): 47.00, Acc(5): 100.00, F1: 0.12, Recall: 0.10, Precision: 0.15
2023-06-19 16:28:01,792 - AUGCON - INFO - Epoch [43/50]-(0/22) Loss: 1.7869, Acc(1): 75.00, Acc(5): 100.00
2023-06-19 16:28:01,793 - AUGCON - INFO - Epoch [43/50]-(5/22) Loss: 1.7813, Acc(1): 50.00, Acc(5): 100.00
2023-06-19 16:28:01,793 - AUGCON - INFO - Epoch [43/50]-(10/22) Loss: 1.8297, Acc(1): 50.00, Acc(5): 100.00
2023-06-19 16:28:01,793 - AUGCON - INFO - Epoch [43/50]-(15/22) Loss: 1.8030, Acc(1): 50.00, Acc(5): 50.00
2023-06-19 16:28:01,793 - AUGCON - INFO - Epoch [43/50]-(20/22) Loss: 2.0712, Acc(1): 50.00, Acc(5): 50.00
2023-06-19 16:28:01,793 - AUGCON - INFO - 	Validation Loss: 1.8994, Acc(1): 52.00, Acc(5): 87.00, F1: 0.11, Recall: 0.10, Precision: 0.12
2023-06-19 16:28:01,793 - AUGCON - INFO - Epoch [44/50]-(0/22) Loss: 1.9014, Acc(1): 50.00, Acc(5): 100.00
2023-06-19 16:28:01,793 - AUGCON - INFO - Epoch [44/50]-(5/22) Loss: 2.1384, Acc(1): 0.00, Acc(5): 75.00
2023-06-19 16:28:01,793 - AUGCON - INFO - Epoch [44/50]-(10/22) Loss: 1.9816, Acc(1): 25.00, Acc(5): 100.00
2023-06-19 16:28:01,793 - AUGCON - INFO - Epoch [44/50]-(15/22) Loss: 1.7435, Acc(1): 50.00, Acc(5): 100.00
2023-06-19 16:28:01,793 - AUGCON - INFO - Epoch [44/50]-(20/22) Loss: 1.9716, Acc(1): 25.00, Acc(5): 100.00
2023-06-19 16:28:01,793 - AUGCON - INFO - 	Validation Loss: 1.8969, Acc(1): 45.00, Acc(5): 94.00, F1: 0.10, Recall: 0.08, Precision: 0.13
2023-06-19 16:28:01,793 - AUGCON - INFO - Epoch [45/50]-(0/22) Loss: 1.7728, Acc(1): 75.00, Acc(5): 100.00
2023-06-19 16:28:01,794 - AUGCON - INFO - Epoch [45/50]-(5/22) Loss: 1.8905, Acc(1): 75.00, Acc(5): 75.00
2023-06-19 16:28:01,794 - AUGCON - INFO - Epoch [45/50]-(10/22) Loss: 1.7914, Acc(1): 25.00, Acc(5): 100.00
2023-06-19 16:28:01,794 - AUGCON - INFO - Epoch [45/50]-(15/22) Loss: 2.0909, Acc(1): 25.00, Acc(5): 75.00
2023-06-19 16:28:01,794 - AUGCON - INFO - Epoch [45/50]-(20/22) Loss: 1.8934, Acc(1): 25.00, Acc(5): 100.00
2023-06-19 16:28:01,794 - AUGCON - INFO - 	Validation Loss: 1.8282, Acc(1): 41.00, Acc(5): 94.00, F1: 0.11, Recall: 0.10, Precision: 0.11
2023-06-19 16:28:01,794 - AUGCON - INFO - Epoch [46/50]-(0/22) Loss: 1.8564, Acc(1): 75.00, Acc(5): 100.00
2023-06-19 16:28:01,794 - AUGCON - INFO - Epoch [46/50]-(5/22) Loss: 1.8533, Acc(1): 75.00, Acc(5): 100.00
2023-06-19 16:28:01,794 - AUGCON - INFO - Epoch [46/50]-(10/22) Loss: 1.9525, Acc(1): 25.00, Acc(5): 100.00
2023-06-19 16:28:01,794 - AUGCON - INFO - Epoch [46/50]-(15/22) Loss: 1.9599, Acc(1): 25.00, Acc(5): 100.00
2023-06-19 16:28:01,795 - AUGCON - INFO - Epoch [46/50]-(20/22) Loss: 2.0104, Acc(1): 0.00, Acc(5): 100.00
2023-06-19 16:28:01,795 - AUGCON - INFO - 	Validation Loss: 1.8895, Acc(1): 43.00, Acc(5): 95.00, F1: 0.10, Recall: 0.10, Precision: 0.11
2023-06-19 16:28:01,795 - AUGCON - INFO - Epoch [47/50]-(0/22) Loss: 1.7243, Acc(1): 50.00, Acc(5): 100.00
2023-06-19 16:28:01,795 - AUGCON - INFO - Epoch [47/50]-(5/22) Loss: 1.9444, Acc(1): 25.00, Acc(5): 100.00
2023-06-19 16:28:01,795 - AUGCON - INFO - Epoch [47/50]-(10/22) Loss: 2.0122, Acc(1): 0.00, Acc(5): 75.00
2023-06-19 16:28:01,795 - AUGCON - INFO - Epoch [47/50]-(15/22) Loss: 1.7392, Acc(1): 50.00, Acc(5): 100.00
2023-06-19 16:28:01,795 - AUGCON - INFO - Epoch [47/50]-(20/22) Loss: 1.8407, Acc(1): 25.00, Acc(5): 100.00
2023-06-19 16:28:01,795 - AUGCON - INFO - 	Validation Loss: 1.8575, Acc(1): 45.00, Acc(5): 96.00, F1: 0.09, Recall: 0.08, Precision: 0.10
2023-06-19 16:28:01,795 - AUGCON - INFO - Epoch [48/50]-(0/22) Loss: 1.8793, Acc(1): 25.00, Acc(5): 100.00
2023-06-19 16:28:01,795 - AUGCON - INFO - Epoch [48/50]-(5/22) Loss: 1.8086, Acc(1): 50.00, Acc(5): 100.00
2023-06-19 16:28:01,795 - AUGCON - INFO - Epoch [48/50]-(10/22) Loss: 2.1795, Acc(1): 25.00, Acc(5): 75.00
2023-06-19 16:28:01,795 - AUGCON - INFO - Epoch [48/50]-(15/22) Loss: 1.6574, Acc(1): 75.00, Acc(5): 100.00
2023-06-19 16:28:01,796 - AUGCON - INFO - Epoch [48/50]-(20/22) Loss: 1.9296, Acc(1): 50.00, Acc(5): 100.00
2023-06-19 16:28:01,796 - AUGCON - INFO - 	Validation Loss: 1.9035, Acc(1): 34.00, Acc(5): 93.00, F1: 0.05, Recall: 0.06, Precision: 0.04
2023-06-19 16:28:01,796 - AUGCON - INFO - Epoch [49/50]-(0/22) Loss: 1.9621, Acc(1): 25.00, Acc(5): 100.00
2023-06-19 16:28:01,796 - AUGCON - INFO - Epoch [49/50]-(5/22) Loss: 1.9161, Acc(1): 50.00, Acc(5): 100.00
2023-06-19 16:28:01,796 - AUGCON - INFO - Epoch [49/50]-(10/22) Loss: 2.2581, Acc(1): 25.00, Acc(5): 50.00
2023-06-19 16:28:01,796 - AUGCON - INFO - Epoch [49/50]-(15/22) Loss: 1.9510, Acc(1): 25.00, Acc(5): 100.00
2023-06-19 16:28:01,796 - AUGCON - INFO - Epoch [49/50]-(20/22) Loss: 1.8363, Acc(1): 75.00, Acc(5): 75.00
2023-06-19 16:28:01,796 - AUGCON - INFO - 	Validation Loss: 1.8662, Acc(1): 48.00, Acc(5): 96.00, F1: 0.11, Recall: 0.09, Precision: 0.13
2023-06-19 16:28:01,796 - AUGCON - INFO - Epoch [50/50]-(0/22) Loss: 1.9315, Acc(1): 25.00, Acc(5): 100.00
2023-06-19 16:28:01,796 - AUGCON - INFO - Epoch [50/50]-(5/22) Loss: 1.8043, Acc(1): 75.00, Acc(5): 100.00
2023-06-19 16:28:01,796 - AUGCON - INFO - Epoch [50/50]-(10/22) Loss: 1.6578, Acc(1): 75.00, Acc(5): 100.00
2023-06-19 16:28:01,796 - AUGCON - INFO - Epoch [50/50]-(15/22) Loss: 1.8124, Acc(1): 75.00, Acc(5): 100.00
2023-06-19 16:28:01,797 - AUGCON - INFO - Epoch [50/50]-(20/22) Loss: 1.7105, Acc(1): 50.00, Acc(5): 100.00
2023-06-19 16:28:01,797 - AUGCON - INFO - 	Validation Loss: 1.8589, Acc(1): 41.00, Acc(5): 96.00, F1: 0.09, Recall: 0.07, Precision: 0.11
2023-06-19 16:28:01,797 - AUGCON - INFO - 	Validation Loss: 1.8107, Acc(1): 43.00, Acc(5): 96.00, F1: 0.09, Recall: 0.08, Precision: 0.12
