2023-06-19 16:29:04,411 - AUGCON - INFO - logger initialized (/home/hjyoon/projects/augcon/config/exp0/finetune_da_false/without_target_domain_PH0014-wjlee/metacpc_perdomain_8421/tgt_target_domain_WA0002-bkkim_seed0.yaml.log)
2023-06-19 16:29:04,413 - AUGCON - INFO - ================= Config =================
2023-06-19 16:29:04,413 - AUGCON - INFO -   mode: finetune
2023-06-19 16:29:04,413 - AUGCON - INFO -   seed: 0
2023-06-19 16:29:04,413 - AUGCON - INFO -   gpu: [2]
2023-06-19 16:29:04,413 - AUGCON - INFO -   num_workers: 1
2023-06-19 16:29:04,413 - AUGCON - INFO -   dist_url: tcp://localhost:10001
2023-06-19 16:29:04,413 - AUGCON - INFO -   dataset_name: ichar
2023-06-19 16:29:04,413 - AUGCON - INFO -   train_dataset_path: /mnt/sting/hjyoon/projects/cross/ICHAR/augcon/target_domain_WA0002-bkkim/finetune/10shot/target/train.pkl
2023-06-19 16:29:04,413 - AUGCON - INFO -   test_dataset_path: /mnt/sting/hjyoon/projects/cross/ICHAR/augcon/target_domain_WA0002-bkkim/finetune/10shot/target/test.pkl
2023-06-19 16:29:04,413 - AUGCON - INFO -   val_dataset_path: /mnt/sting/hjyoon/projects/cross/ICHAR/augcon/target_domain_WA0002-bkkim/finetune/10shot/target/val.pkl
2023-06-19 16:29:04,413 - AUGCON - INFO -   input_channels: 3
2023-06-19 16:29:04,413 - AUGCON - INFO -   num_cls: 9
2023-06-19 16:29:04,413 - AUGCON - INFO -   optimizer: adam
2023-06-19 16:29:04,413 - AUGCON - INFO -   criterion: crossentropy
2023-06-19 16:29:04,413 - AUGCON - INFO -   start_epoch: 0
2023-06-19 16:29:04,413 - AUGCON - INFO -   epochs: 50
2023-06-19 16:29:04,413 - AUGCON - INFO -   batch_size: 4
2023-06-19 16:29:04,413 - AUGCON - INFO -   lr: 0.001
2023-06-19 16:29:04,413 - AUGCON - INFO -   wd: 0.0
2023-06-19 16:29:04,413 - AUGCON - INFO -   resume: 
2023-06-19 16:29:04,414 - AUGCON - INFO -   pretrained: /mnt/sting/hjyoon/projects/augcontrast/models/exp0/pretrain/without_target_domain_PH0014-wjlee/metacpc_perdomain_8421/checkpoint_0999.pth.tar
2023-06-19 16:29:04,414 - AUGCON - INFO -   ckpt_dir: /mnt/sting/hjyoon/projects/augcontrast/models/exp0/finetune_da_false/without_target_domain_PH0014-wjlee/metacpc_perdomain_8421/tgt_target_domain_WA0002-bkkim_seed0
2023-06-19 16:29:04,414 - AUGCON - INFO -   log_freq: 5
2023-06-19 16:29:04,414 - AUGCON - INFO -   save_freq: 10
2023-06-19 16:29:04,414 - AUGCON - INFO -   pretext: metacpc
2023-06-19 16:29:04,414 - AUGCON - INFO -   enc_blocks: 4
2023-06-19 16:29:04,414 - AUGCON - INFO -   kernel_sizes: [8, 4, 2, 1]
2023-06-19 16:29:04,414 - AUGCON - INFO -   strides: [4, 2, 1, 1]
2023-06-19 16:29:04,414 - AUGCON - INFO -   agg_blocks: 5
2023-06-19 16:29:04,414 - AUGCON - INFO -   z_dim: 256
2023-06-19 16:29:04,414 - AUGCON - INFO -   pooling: mean
2023-06-19 16:29:04,414 - AUGCON - INFO -   pred_steps: 12
2023-06-19 16:29:04,414 - AUGCON - INFO -   n_negatives: 15
2023-06-19 16:29:04,414 - AUGCON - INFO -   offset: 4
2023-06-19 16:29:04,414 - AUGCON - INFO -   domain_adaptation: False
2023-06-19 16:29:04,414 - AUGCON - INFO -   task_steps: 10
2023-06-19 16:29:04,414 - AUGCON - INFO -   task_lr: 0.001
2023-06-19 16:29:04,414 - AUGCON - INFO -   reg_lambda: 0
2023-06-19 16:29:04,414 - AUGCON - INFO -   mlp: False
2023-06-19 16:29:04,414 - AUGCON - INFO -   freeze: True
2023-06-19 16:29:04,414 - AUGCON - INFO -   no_vars: False
2023-06-19 16:29:04,414 - AUGCON - INFO - ==========================================
2023-06-19 16:29:04,414 - AUGCON - INFO - Setting GPUs: [2]
2023-06-19 16:29:04,414 - AUGCON - INFO - GPUs [2] will be used
2023-06-19 16:29:04,415 - AUGCON - WARNING - You have chosen to seed training. 
2023-06-19 16:29:04,415 - AUGCON - WARNING - This will turn on the CUDNN deterministic setting, 
2023-06-19 16:29:04,415 - AUGCON - WARNING - which can slow down your training considerably! 
2023-06-19 16:29:04,415 - AUGCON - WARNING - You may see unexpected behavior when restarting 
2023-06-19 16:29:04,415 - AUGCON - WARNING - from checkpoints.
2023-06-19 16:29:04,468 - AUGCON - INFO - Executing MetaCPC
2023-06-19 16:29:04,468 - AUGCON - INFO - Logs are skipped during training
2023-06-19 16:29:22,483 - AUGCON - INFO - Single GPU is used for training - training 90 instances for each worker
2023-06-19 16:29:22,483 - AUGCON - INFO - Loading pretrained model from checkpoint - /mnt/sting/hjyoon/projects/augcontrast/models/exp0/pretrain/without_target_domain_PH0014-wjlee/metacpc_perdomain_8421/checkpoint_0999.pth.tar
2023-06-19 16:29:22,483 - AUGCON - INFO - Missing keys: []
2023-06-19 16:29:22,483 - AUGCON - INFO - Loading encoder parameters to the classifier
2023-06-19 16:29:22,483 - AUGCON - INFO - Missing keys: ['classifier.block.0.weight', 'classifier.block.0.bias']
2023-06-19 16:29:22,483 - AUGCON - INFO - Epoch [1/50]-(0/22) Loss: 2.2069, Acc(1): 0.00, Acc(5): 75.00
2023-06-19 16:29:22,483 - AUGCON - INFO - Epoch [1/50]-(5/22) Loss: 2.2192, Acc(1): 0.00, Acc(5): 75.00
2023-06-19 16:29:22,484 - AUGCON - INFO - Epoch [1/50]-(10/22) Loss: 2.7275, Acc(1): 0.00, Acc(5): 50.00
2023-06-19 16:29:22,484 - AUGCON - INFO - Epoch [1/50]-(15/22) Loss: 2.6227, Acc(1): 25.00, Acc(5): 50.00
2023-06-19 16:29:22,484 - AUGCON - INFO - Epoch [1/50]-(20/22) Loss: 2.6800, Acc(1): 0.00, Acc(5): 25.00
2023-06-19 16:29:22,484 - AUGCON - INFO - 	Validation Loss: 2.2724, Acc(1): 16.00, Acc(5): 61.00, F1: 0.04, Recall: 0.04, Precision: 0.04
2023-06-19 16:29:22,484 - AUGCON - INFO - Epoch [2/50]-(0/22) Loss: 2.3451, Acc(1): 0.00, Acc(5): 25.00
2023-06-19 16:29:22,485 - AUGCON - INFO - Epoch [2/50]-(5/22) Loss: 2.2985, Acc(1): 0.00, Acc(5): 50.00
2023-06-19 16:29:22,485 - AUGCON - INFO - Epoch [2/50]-(10/22) Loss: 2.4701, Acc(1): 0.00, Acc(5): 25.00
2023-06-19 16:29:22,485 - AUGCON - INFO - Epoch [2/50]-(15/22) Loss: 2.3633, Acc(1): 0.00, Acc(5): 50.00
2023-06-19 16:29:22,485 - AUGCON - INFO - Epoch [2/50]-(20/22) Loss: 2.1140, Acc(1): 25.00, Acc(5): 75.00
2023-06-19 16:29:22,485 - AUGCON - INFO - 	Validation Loss: 2.1238, Acc(1): 27.00, Acc(5): 71.00, F1: 0.05, Recall: 0.04, Precision: 0.10
2023-06-19 16:29:22,486 - AUGCON - INFO - Epoch [3/50]-(0/22) Loss: 1.9935, Acc(1): 75.00, Acc(5): 75.00
2023-06-19 16:29:22,486 - AUGCON - INFO - Epoch [3/50]-(5/22) Loss: 2.3763, Acc(1): 0.00, Acc(5): 25.00
2023-06-19 16:29:22,486 - AUGCON - INFO - Epoch [3/50]-(10/22) Loss: 2.2227, Acc(1): 0.00, Acc(5): 75.00
2023-06-19 16:29:22,486 - AUGCON - INFO - Epoch [3/50]-(15/22) Loss: 2.3014, Acc(1): 0.00, Acc(5): 50.00
2023-06-19 16:29:22,486 - AUGCON - INFO - Epoch [3/50]-(20/22) Loss: 2.1775, Acc(1): 25.00, Acc(5): 50.00
2023-06-19 16:29:22,486 - AUGCON - INFO - 	Validation Loss: 2.1073, Acc(1): 26.00, Acc(5): 90.00, F1: 0.07, Recall: 0.07, Precision: 0.07
2023-06-19 16:29:22,486 - AUGCON - INFO - Epoch [4/50]-(0/22) Loss: 2.1093, Acc(1): 25.00, Acc(5): 75.00
2023-06-19 16:29:22,486 - AUGCON - INFO - Epoch [4/50]-(5/22) Loss: 2.1469, Acc(1): 0.00, Acc(5): 100.00
2023-06-19 16:29:22,486 - AUGCON - INFO - Epoch [4/50]-(10/22) Loss: 2.0873, Acc(1): 0.00, Acc(5): 100.00
2023-06-19 16:29:22,486 - AUGCON - INFO - Epoch [4/50]-(15/22) Loss: 2.2767, Acc(1): 25.00, Acc(5): 50.00
2023-06-19 16:29:22,486 - AUGCON - INFO - Epoch [4/50]-(20/22) Loss: 2.2109, Acc(1): 0.00, Acc(5): 75.00
2023-06-19 16:29:22,486 - AUGCON - INFO - 	Validation Loss: 2.0390, Acc(1): 28.00, Acc(5): 86.00, F1: 0.05, Recall: 0.04, Precision: 0.08
2023-06-19 16:29:22,486 - AUGCON - INFO - Epoch [5/50]-(0/22) Loss: 2.1206, Acc(1): 25.00, Acc(5): 75.00
2023-06-19 16:29:22,487 - AUGCON - INFO - Epoch [5/50]-(5/22) Loss: 2.3086, Acc(1): 0.00, Acc(5): 25.00
2023-06-19 16:29:22,487 - AUGCON - INFO - Epoch [5/50]-(10/22) Loss: 2.0656, Acc(1): 0.00, Acc(5): 75.00
2023-06-19 16:29:22,487 - AUGCON - INFO - Epoch [5/50]-(15/22) Loss: 2.3282, Acc(1): 25.00, Acc(5): 25.00
2023-06-19 16:29:22,487 - AUGCON - INFO - Epoch [5/50]-(20/22) Loss: 2.2076, Acc(1): 0.00, Acc(5): 50.00
2023-06-19 16:29:22,487 - AUGCON - INFO - 	Validation Loss: 2.1191, Acc(1): 26.00, Acc(5): 69.00, F1: 0.07, Recall: 0.07, Precision: 0.08
2023-06-19 16:29:22,487 - AUGCON - INFO - Epoch [6/50]-(0/22) Loss: 2.0996, Acc(1): 50.00, Acc(5): 75.00
2023-06-19 16:29:22,487 - AUGCON - INFO - Epoch [6/50]-(5/22) Loss: 2.3381, Acc(1): 0.00, Acc(5): 25.00
2023-06-19 16:29:22,487 - AUGCON - INFO - Epoch [6/50]-(10/22) Loss: 2.2621, Acc(1): 25.00, Acc(5): 50.00
2023-06-19 16:29:22,487 - AUGCON - INFO - Epoch [6/50]-(15/22) Loss: 2.0206, Acc(1): 50.00, Acc(5): 75.00
2023-06-19 16:29:22,487 - AUGCON - INFO - Epoch [6/50]-(20/22) Loss: 2.2480, Acc(1): 25.00, Acc(5): 25.00
2023-06-19 16:29:22,487 - AUGCON - INFO - 	Validation Loss: 2.0142, Acc(1): 22.00, Acc(5): 85.00, F1: 0.05, Recall: 0.06, Precision: 0.04
2023-06-19 16:29:22,487 - AUGCON - INFO - Epoch [7/50]-(0/22) Loss: 1.9889, Acc(1): 50.00, Acc(5): 75.00
2023-06-19 16:29:22,488 - AUGCON - INFO - Epoch [7/50]-(5/22) Loss: 2.2220, Acc(1): 0.00, Acc(5): 50.00
2023-06-19 16:29:22,488 - AUGCON - INFO - Epoch [7/50]-(10/22) Loss: 1.9123, Acc(1): 50.00, Acc(5): 100.00
2023-06-19 16:29:22,488 - AUGCON - INFO - Epoch [7/50]-(15/22) Loss: 2.0107, Acc(1): 25.00, Acc(5): 75.00
2023-06-19 16:29:22,488 - AUGCON - INFO - Epoch [7/50]-(20/22) Loss: 2.0852, Acc(1): 0.00, Acc(5): 75.00
2023-06-19 16:29:22,488 - AUGCON - INFO - 	Validation Loss: 2.0032, Acc(1): 29.00, Acc(5): 91.00, F1: 0.08, Recall: 0.08, Precision: 0.08
2023-06-19 16:29:22,488 - AUGCON - INFO - Epoch [8/50]-(0/22) Loss: 2.0173, Acc(1): 25.00, Acc(5): 75.00
2023-06-19 16:29:22,488 - AUGCON - INFO - Epoch [8/50]-(5/22) Loss: 1.8888, Acc(1): 50.00, Acc(5): 75.00
2023-06-19 16:29:22,488 - AUGCON - INFO - Epoch [8/50]-(10/22) Loss: 2.4290, Acc(1): 0.00, Acc(5): 25.00
2023-06-19 16:29:22,488 - AUGCON - INFO - Epoch [8/50]-(15/22) Loss: 1.9749, Acc(1): 25.00, Acc(5): 50.00
2023-06-19 16:29:22,488 - AUGCON - INFO - Epoch [8/50]-(20/22) Loss: 2.0751, Acc(1): 50.00, Acc(5): 50.00
2023-06-19 16:29:22,488 - AUGCON - INFO - 	Validation Loss: 1.9968, Acc(1): 30.00, Acc(5): 91.00, F1: 0.08, Recall: 0.08, Precision: 0.08
2023-06-19 16:29:22,488 - AUGCON - INFO - Epoch [9/50]-(0/22) Loss: 2.0313, Acc(1): 0.00, Acc(5): 100.00
2023-06-19 16:29:22,489 - AUGCON - INFO - Epoch [9/50]-(5/22) Loss: 1.9804, Acc(1): 25.00, Acc(5): 100.00
2023-06-19 16:29:22,489 - AUGCON - INFO - Epoch [9/50]-(10/22) Loss: 2.0186, Acc(1): 50.00, Acc(5): 75.00
2023-06-19 16:29:22,489 - AUGCON - INFO - Epoch [9/50]-(15/22) Loss: 2.2077, Acc(1): 25.00, Acc(5): 25.00
2023-06-19 16:29:22,489 - AUGCON - INFO - Epoch [9/50]-(20/22) Loss: 2.1836, Acc(1): 25.00, Acc(5): 50.00
2023-06-19 16:29:22,489 - AUGCON - INFO - 	Validation Loss: 1.9638, Acc(1): 40.00, Acc(5): 89.00, F1: 0.10, Recall: 0.11, Precision: 0.10
2023-06-19 16:29:22,489 - AUGCON - INFO - Epoch [10/50]-(0/22) Loss: 1.9379, Acc(1): 50.00, Acc(5): 75.00
2023-06-19 16:29:22,489 - AUGCON - INFO - Epoch [10/50]-(5/22) Loss: 2.0084, Acc(1): 50.00, Acc(5): 50.00
2023-06-19 16:29:22,489 - AUGCON - INFO - Epoch [10/50]-(10/22) Loss: 1.8415, Acc(1): 50.00, Acc(5): 100.00
2023-06-19 16:29:22,489 - AUGCON - INFO - Epoch [10/50]-(15/22) Loss: 1.8937, Acc(1): 50.00, Acc(5): 75.00
2023-06-19 16:29:22,489 - AUGCON - INFO - Epoch [10/50]-(20/22) Loss: 2.2384, Acc(1): 0.00, Acc(5): 50.00
2023-06-19 16:29:22,489 - AUGCON - INFO - 	Validation Loss: 1.9435, Acc(1): 27.00, Acc(5): 89.00, F1: 0.07, Recall: 0.07, Precision: 0.07
2023-06-19 16:29:22,489 - AUGCON - INFO - Epoch [11/50]-(0/22) Loss: 1.6978, Acc(1): 75.00, Acc(5): 100.00
2023-06-19 16:29:22,490 - AUGCON - INFO - Epoch [11/50]-(5/22) Loss: 2.2672, Acc(1): 0.00, Acc(5): 25.00
2023-06-19 16:29:22,490 - AUGCON - INFO - Epoch [11/50]-(10/22) Loss: 1.5943, Acc(1): 75.00, Acc(5): 100.00
2023-06-19 16:29:22,490 - AUGCON - INFO - Epoch [11/50]-(15/22) Loss: 2.3693, Acc(1): 0.00, Acc(5): 50.00
2023-06-19 16:29:22,490 - AUGCON - INFO - Epoch [11/50]-(20/22) Loss: 2.1258, Acc(1): 25.00, Acc(5): 75.00
2023-06-19 16:29:22,490 - AUGCON - INFO - 	Validation Loss: 1.9097, Acc(1): 39.00, Acc(5): 94.00, F1: 0.10, Recall: 0.11, Precision: 0.09
2023-06-19 16:29:22,490 - AUGCON - INFO - Epoch [12/50]-(0/22) Loss: 1.8599, Acc(1): 25.00, Acc(5): 100.00
2023-06-19 16:29:22,490 - AUGCON - INFO - Epoch [12/50]-(5/22) Loss: 1.7442, Acc(1): 50.00, Acc(5): 100.00
2023-06-19 16:29:22,490 - AUGCON - INFO - Epoch [12/50]-(10/22) Loss: 1.9421, Acc(1): 25.00, Acc(5): 100.00
2023-06-19 16:29:22,490 - AUGCON - INFO - Epoch [12/50]-(15/22) Loss: 1.9432, Acc(1): 0.00, Acc(5): 75.00
2023-06-19 16:29:22,490 - AUGCON - INFO - Epoch [12/50]-(20/22) Loss: 1.9966, Acc(1): 25.00, Acc(5): 50.00
2023-06-19 16:29:22,490 - AUGCON - INFO - 	Validation Loss: 1.9430, Acc(1): 20.00, Acc(5): 85.00, F1: 0.05, Recall: 0.06, Precision: 0.04
2023-06-19 16:29:22,490 - AUGCON - INFO - Epoch [13/50]-(0/22) Loss: 1.7265, Acc(1): 50.00, Acc(5): 100.00
2023-06-19 16:29:22,490 - AUGCON - INFO - Epoch [13/50]-(5/22) Loss: 1.9737, Acc(1): 25.00, Acc(5): 75.00
2023-06-19 16:29:22,491 - AUGCON - INFO - Epoch [13/50]-(10/22) Loss: 1.7417, Acc(1): 50.00, Acc(5): 75.00
2023-06-19 16:29:22,491 - AUGCON - INFO - Epoch [13/50]-(15/22) Loss: 2.0422, Acc(1): 25.00, Acc(5): 50.00
2023-06-19 16:29:22,491 - AUGCON - INFO - Epoch [13/50]-(20/22) Loss: 1.9624, Acc(1): 25.00, Acc(5): 75.00
2023-06-19 16:29:22,491 - AUGCON - INFO - 	Validation Loss: 1.8394, Acc(1): 49.00, Acc(5): 93.00, F1: 0.14, Recall: 0.10, Precision: 0.20
2023-06-19 16:29:22,491 - AUGCON - INFO - Epoch [14/50]-(0/22) Loss: 1.9619, Acc(1): 0.00, Acc(5): 100.00
2023-06-19 16:29:22,491 - AUGCON - INFO - Epoch [14/50]-(5/22) Loss: 1.5488, Acc(1): 50.00, Acc(5): 100.00
2023-06-19 16:29:22,491 - AUGCON - INFO - Epoch [14/50]-(10/22) Loss: 1.7849, Acc(1): 50.00, Acc(5): 100.00
2023-06-19 16:29:22,491 - AUGCON - INFO - Epoch [14/50]-(15/22) Loss: 2.1779, Acc(1): 0.00, Acc(5): 50.00
2023-06-19 16:29:22,491 - AUGCON - INFO - Epoch [14/50]-(20/22) Loss: 2.1832, Acc(1): 0.00, Acc(5): 50.00
2023-06-19 16:29:22,491 - AUGCON - INFO - 	Validation Loss: 1.8812, Acc(1): 32.00, Acc(5): 84.00, F1: 0.07, Recall: 0.09, Precision: 0.06
2023-06-19 16:29:22,491 - AUGCON - INFO - Epoch [15/50]-(0/22) Loss: 2.0097, Acc(1): 0.00, Acc(5): 100.00
2023-06-19 16:29:22,491 - AUGCON - INFO - Epoch [15/50]-(5/22) Loss: 1.6266, Acc(1): 50.00, Acc(5): 100.00
2023-06-19 16:29:22,492 - AUGCON - INFO - Epoch [15/50]-(10/22) Loss: 1.6155, Acc(1): 50.00, Acc(5): 75.00
2023-06-19 16:29:22,492 - AUGCON - INFO - Epoch [15/50]-(15/22) Loss: 1.7908, Acc(1): 50.00, Acc(5): 100.00
2023-06-19 16:29:22,492 - AUGCON - INFO - Epoch [15/50]-(20/22) Loss: 2.4257, Acc(1): 0.00, Acc(5): 50.00
2023-06-19 16:29:22,492 - AUGCON - INFO - 	Validation Loss: 1.8450, Acc(1): 31.00, Acc(5): 91.00, F1: 0.10, Recall: 0.09, Precision: 0.13
2023-06-19 16:29:22,492 - AUGCON - INFO - Epoch [16/50]-(0/22) Loss: 1.9358, Acc(1): 0.00, Acc(5): 100.00
2023-06-19 16:29:22,492 - AUGCON - INFO - Epoch [16/50]-(5/22) Loss: 1.9738, Acc(1): 25.00, Acc(5): 75.00
2023-06-19 16:29:22,492 - AUGCON - INFO - Epoch [16/50]-(10/22) Loss: 1.8701, Acc(1): 25.00, Acc(5): 75.00
2023-06-19 16:29:22,492 - AUGCON - INFO - Epoch [16/50]-(15/22) Loss: 1.8403, Acc(1): 50.00, Acc(5): 50.00
2023-06-19 16:29:22,492 - AUGCON - INFO - Epoch [16/50]-(20/22) Loss: 1.8536, Acc(1): 50.00, Acc(5): 100.00
2023-06-19 16:29:22,492 - AUGCON - INFO - 	Validation Loss: 1.8569, Acc(1): 32.00, Acc(5): 84.00, F1: 0.07, Recall: 0.09, Precision: 0.06
2023-06-19 16:29:22,492 - AUGCON - INFO - Epoch [17/50]-(0/22) Loss: 2.0750, Acc(1): 0.00, Acc(5): 75.00
2023-06-19 16:29:22,492 - AUGCON - INFO - Epoch [17/50]-(5/22) Loss: 1.7903, Acc(1): 25.00, Acc(5): 100.00
2023-06-19 16:29:22,493 - AUGCON - INFO - Epoch [17/50]-(10/22) Loss: 1.9958, Acc(1): 25.00, Acc(5): 50.00
2023-06-19 16:29:22,493 - AUGCON - INFO - Epoch [17/50]-(15/22) Loss: 2.0040, Acc(1): 25.00, Acc(5): 100.00
2023-06-19 16:29:22,493 - AUGCON - INFO - Epoch [17/50]-(20/22) Loss: 1.8077, Acc(1): 25.00, Acc(5): 75.00
2023-06-19 16:29:22,493 - AUGCON - INFO - 	Validation Loss: 1.8124, Acc(1): 35.00, Acc(5): 92.00, F1: 0.11, Recall: 0.10, Precision: 0.12
2023-06-19 16:29:22,493 - AUGCON - INFO - Epoch [18/50]-(0/22) Loss: 1.5563, Acc(1): 50.00, Acc(5): 100.00
2023-06-19 16:29:22,493 - AUGCON - INFO - Epoch [18/50]-(5/22) Loss: 1.9856, Acc(1): 25.00, Acc(5): 75.00
2023-06-19 16:29:22,493 - AUGCON - INFO - Epoch [18/50]-(10/22) Loss: 2.3839, Acc(1): 0.00, Acc(5): 25.00
2023-06-19 16:29:22,493 - AUGCON - INFO - Epoch [18/50]-(15/22) Loss: 1.7983, Acc(1): 25.00, Acc(5): 100.00
2023-06-19 16:29:22,493 - AUGCON - INFO - Epoch [18/50]-(20/22) Loss: 1.8234, Acc(1): 25.00, Acc(5): 100.00
2023-06-19 16:29:22,493 - AUGCON - INFO - 	Validation Loss: 1.8095, Acc(1): 34.00, Acc(5): 94.00, F1: 0.10, Recall: 0.09, Precision: 0.12
2023-06-19 16:29:22,493 - AUGCON - INFO - Epoch [19/50]-(0/22) Loss: 1.7855, Acc(1): 50.00, Acc(5): 100.00
2023-06-19 16:29:22,493 - AUGCON - INFO - Epoch [19/50]-(5/22) Loss: 2.1529, Acc(1): 25.00, Acc(5): 25.00
2023-06-19 16:29:22,493 - AUGCON - INFO - Epoch [19/50]-(10/22) Loss: 1.9420, Acc(1): 0.00, Acc(5): 75.00
2023-06-19 16:29:22,494 - AUGCON - INFO - Epoch [19/50]-(15/22) Loss: 1.8937, Acc(1): 25.00, Acc(5): 75.00
2023-06-19 16:29:22,494 - AUGCON - INFO - Epoch [19/50]-(20/22) Loss: 1.4877, Acc(1): 50.00, Acc(5): 100.00
2023-06-19 16:29:22,494 - AUGCON - INFO - 	Validation Loss: 1.7909, Acc(1): 43.00, Acc(5): 81.00, F1: 0.11, Recall: 0.12, Precision: 0.10
2023-06-19 16:29:22,494 - AUGCON - INFO - Epoch [20/50]-(0/22) Loss: 2.0141, Acc(1): 25.00, Acc(5): 100.00
2023-06-19 16:29:22,494 - AUGCON - INFO - Epoch [20/50]-(5/22) Loss: 1.6845, Acc(1): 50.00, Acc(5): 100.00
2023-06-19 16:29:22,494 - AUGCON - INFO - Epoch [20/50]-(10/22) Loss: 1.7655, Acc(1): 25.00, Acc(5): 100.00
2023-06-19 16:29:22,494 - AUGCON - INFO - Epoch [20/50]-(15/22) Loss: 1.9756, Acc(1): 25.00, Acc(5): 75.00
2023-06-19 16:29:22,494 - AUGCON - INFO - Epoch [20/50]-(20/22) Loss: 1.9717, Acc(1): 25.00, Acc(5): 100.00
2023-06-19 16:29:22,494 - AUGCON - INFO - 	Validation Loss: 1.8064, Acc(1): 32.00, Acc(5): 92.00, F1: 0.10, Recall: 0.09, Precision: 0.12
2023-06-19 16:29:22,494 - AUGCON - INFO - Epoch [21/50]-(0/22) Loss: 1.2841, Acc(1): 75.00, Acc(5): 100.00
2023-06-19 16:29:22,494 - AUGCON - INFO - Epoch [21/50]-(5/22) Loss: 1.6237, Acc(1): 25.00, Acc(5): 100.00
2023-06-19 16:29:22,494 - AUGCON - INFO - Epoch [21/50]-(10/22) Loss: 1.9731, Acc(1): 0.00, Acc(5): 75.00
2023-06-19 16:29:22,495 - AUGCON - INFO - Epoch [21/50]-(15/22) Loss: 1.4784, Acc(1): 75.00, Acc(5): 100.00
2023-06-19 16:29:22,495 - AUGCON - INFO - Epoch [21/50]-(20/22) Loss: 1.9724, Acc(1): 25.00, Acc(5): 75.00
2023-06-19 16:29:22,495 - AUGCON - INFO - 	Validation Loss: 1.7266, Acc(1): 39.00, Acc(5): 91.00, F1: 0.10, Recall: 0.10, Precision: 0.10
2023-06-19 16:29:22,495 - AUGCON - INFO - Epoch [22/50]-(0/22) Loss: 1.6440, Acc(1): 25.00, Acc(5): 100.00
2023-06-19 16:29:22,495 - AUGCON - INFO - Epoch [22/50]-(5/22) Loss: 2.1202, Acc(1): 0.00, Acc(5): 100.00
2023-06-19 16:29:22,495 - AUGCON - INFO - Epoch [22/50]-(10/22) Loss: 1.7668, Acc(1): 25.00, Acc(5): 100.00
2023-06-19 16:29:22,495 - AUGCON - INFO - Epoch [22/50]-(15/22) Loss: 1.9939, Acc(1): 0.00, Acc(5): 75.00
2023-06-19 16:29:22,495 - AUGCON - INFO - Epoch [22/50]-(20/22) Loss: 1.4854, Acc(1): 75.00, Acc(5): 75.00
2023-06-19 16:29:22,495 - AUGCON - INFO - 	Validation Loss: 1.7225, Acc(1): 49.00, Acc(5): 91.00, F1: 0.13, Recall: 0.13, Precision: 0.12
2023-06-19 16:29:22,495 - AUGCON - INFO - Epoch [23/50]-(0/22) Loss: 1.5978, Acc(1): 75.00, Acc(5): 100.00
2023-06-19 16:29:22,495 - AUGCON - INFO - Epoch [23/50]-(5/22) Loss: 1.1120, Acc(1): 75.00, Acc(5): 100.00
2023-06-19 16:29:22,495 - AUGCON - INFO - Epoch [23/50]-(10/22) Loss: 1.8257, Acc(1): 25.00, Acc(5): 100.00
2023-06-19 16:29:22,495 - AUGCON - INFO - Epoch [23/50]-(15/22) Loss: 2.0399, Acc(1): 0.00, Acc(5): 50.00
2023-06-19 16:29:22,496 - AUGCON - INFO - Epoch [23/50]-(20/22) Loss: 1.7978, Acc(1): 25.00, Acc(5): 100.00
2023-06-19 16:29:22,496 - AUGCON - INFO - 	Validation Loss: 1.7372, Acc(1): 47.00, Acc(5): 93.00, F1: 0.11, Recall: 0.12, Precision: 0.11
2023-06-19 16:29:22,496 - AUGCON - INFO - Epoch [24/50]-(0/22) Loss: 1.6642, Acc(1): 50.00, Acc(5): 75.00
2023-06-19 16:29:22,496 - AUGCON - INFO - Epoch [24/50]-(5/22) Loss: 1.6367, Acc(1): 50.00, Acc(5): 100.00
2023-06-19 16:29:22,496 - AUGCON - INFO - Epoch [24/50]-(10/22) Loss: 1.9462, Acc(1): 25.00, Acc(5): 75.00
2023-06-19 16:29:22,496 - AUGCON - INFO - Epoch [24/50]-(15/22) Loss: 1.7734, Acc(1): 25.00, Acc(5): 75.00
2023-06-19 16:29:22,496 - AUGCON - INFO - Epoch [24/50]-(20/22) Loss: 1.5925, Acc(1): 75.00, Acc(5): 100.00
2023-06-19 16:29:22,496 - AUGCON - INFO - 	Validation Loss: 1.7452, Acc(1): 33.00, Acc(5): 92.00, F1: 0.09, Recall: 0.09, Precision: 0.09
2023-06-19 16:29:22,496 - AUGCON - INFO - Epoch [25/50]-(0/22) Loss: 1.9403, Acc(1): 25.00, Acc(5): 100.00
2023-06-19 16:29:22,497 - AUGCON - INFO - Epoch [25/50]-(5/22) Loss: 1.5177, Acc(1): 50.00, Acc(5): 100.00
2023-06-19 16:29:22,497 - AUGCON - INFO - Epoch [25/50]-(10/22) Loss: 1.4613, Acc(1): 25.00, Acc(5): 100.00
2023-06-19 16:29:22,497 - AUGCON - INFO - Epoch [25/50]-(15/22) Loss: 1.8583, Acc(1): 50.00, Acc(5): 75.00
2023-06-19 16:29:22,497 - AUGCON - INFO - Epoch [25/50]-(20/22) Loss: 1.8811, Acc(1): 25.00, Acc(5): 100.00
2023-06-19 16:29:22,497 - AUGCON - INFO - 	Validation Loss: 1.6990, Acc(1): 46.00, Acc(5): 96.00, F1: 0.11, Recall: 0.12, Precision: 0.10
2023-06-19 16:29:22,497 - AUGCON - INFO - Epoch [26/50]-(0/22) Loss: 1.7514, Acc(1): 75.00, Acc(5): 100.00
2023-06-19 16:29:22,497 - AUGCON - INFO - Epoch [26/50]-(5/22) Loss: 1.0124, Acc(1): 50.00, Acc(5): 100.00
2023-06-19 16:29:22,497 - AUGCON - INFO - Epoch [26/50]-(10/22) Loss: 2.3262, Acc(1): 0.00, Acc(5): 25.00
2023-06-19 16:29:22,497 - AUGCON - INFO - Epoch [26/50]-(15/22) Loss: 1.9670, Acc(1): 50.00, Acc(5): 75.00
2023-06-19 16:29:22,497 - AUGCON - INFO - Epoch [26/50]-(20/22) Loss: 1.4635, Acc(1): 50.00, Acc(5): 75.00
2023-06-19 16:29:22,497 - AUGCON - INFO - 	Validation Loss: 1.7062, Acc(1): 32.00, Acc(5): 91.00, F1: 0.08, Recall: 0.05, Precision: 0.17
2023-06-19 16:29:22,497 - AUGCON - INFO - Epoch [27/50]-(0/22) Loss: 1.4634, Acc(1): 50.00, Acc(5): 75.00
2023-06-19 16:29:22,498 - AUGCON - INFO - Epoch [27/50]-(5/22) Loss: 1.9338, Acc(1): 0.00, Acc(5): 75.00
2023-06-19 16:29:22,498 - AUGCON - INFO - Epoch [27/50]-(10/22) Loss: 1.6393, Acc(1): 50.00, Acc(5): 100.00
2023-06-19 16:29:22,498 - AUGCON - INFO - Epoch [27/50]-(15/22) Loss: 1.9795, Acc(1): 25.00, Acc(5): 50.00
2023-06-19 16:29:22,498 - AUGCON - INFO - Epoch [27/50]-(20/22) Loss: 1.8120, Acc(1): 25.00, Acc(5): 100.00
2023-06-19 16:29:22,498 - AUGCON - INFO - 	Validation Loss: 1.6814, Acc(1): 30.00, Acc(5): 99.00, F1: 0.07, Recall: 0.06, Precision: 0.07
2023-06-19 16:29:22,498 - AUGCON - INFO - Epoch [28/50]-(0/22) Loss: 1.9199, Acc(1): 50.00, Acc(5): 100.00
2023-06-19 16:29:22,498 - AUGCON - INFO - Epoch [28/50]-(5/22) Loss: 1.9340, Acc(1): 0.00, Acc(5): 100.00
2023-06-19 16:29:22,498 - AUGCON - INFO - Epoch [28/50]-(10/22) Loss: 1.1473, Acc(1): 75.00, Acc(5): 100.00
2023-06-19 16:29:22,498 - AUGCON - INFO - Epoch [28/50]-(15/22) Loss: 1.7352, Acc(1): 0.00, Acc(5): 100.00
2023-06-19 16:29:22,498 - AUGCON - INFO - Epoch [28/50]-(20/22) Loss: 1.5724, Acc(1): 50.00, Acc(5): 100.00
2023-06-19 16:29:22,498 - AUGCON - INFO - 	Validation Loss: 1.6691, Acc(1): 46.00, Acc(5): 90.00, F1: 0.12, Recall: 0.13, Precision: 0.11
2023-06-19 16:29:22,498 - AUGCON - INFO - Epoch [29/50]-(0/22) Loss: 1.8999, Acc(1): 75.00, Acc(5): 100.00
2023-06-19 16:29:22,498 - AUGCON - INFO - Epoch [29/50]-(5/22) Loss: 2.0996, Acc(1): 0.00, Acc(5): 100.00
2023-06-19 16:29:22,499 - AUGCON - INFO - Epoch [29/50]-(10/22) Loss: 1.8562, Acc(1): 25.00, Acc(5): 75.00
2023-06-19 16:29:22,499 - AUGCON - INFO - Epoch [29/50]-(15/22) Loss: 1.9866, Acc(1): 0.00, Acc(5): 75.00
2023-06-19 16:29:22,499 - AUGCON - INFO - Epoch [29/50]-(20/22) Loss: 1.6279, Acc(1): 25.00, Acc(5): 100.00
2023-06-19 16:29:22,499 - AUGCON - INFO - 	Validation Loss: 1.6515, Acc(1): 49.00, Acc(5): 93.00, F1: 0.14, Recall: 0.13, Precision: 0.14
2023-06-19 16:29:22,499 - AUGCON - INFO - Epoch [30/50]-(0/22) Loss: 1.6887, Acc(1): 50.00, Acc(5): 100.00
2023-06-19 16:29:22,499 - AUGCON - INFO - Epoch [30/50]-(5/22) Loss: 1.8773, Acc(1): 0.00, Acc(5): 75.00
2023-06-19 16:29:22,499 - AUGCON - INFO - Epoch [30/50]-(10/22) Loss: 1.5633, Acc(1): 50.00, Acc(5): 100.00
2023-06-19 16:29:22,499 - AUGCON - INFO - Epoch [30/50]-(15/22) Loss: 1.6342, Acc(1): 25.00, Acc(5): 100.00
2023-06-19 16:29:22,499 - AUGCON - INFO - Epoch [30/50]-(20/22) Loss: 1.9232, Acc(1): 25.00, Acc(5): 75.00
2023-06-19 16:29:22,499 - AUGCON - INFO - 	Validation Loss: 1.6372, Acc(1): 53.00, Acc(5): 94.00, F1: 0.15, Recall: 0.15, Precision: 0.15
2023-06-19 16:29:22,499 - AUGCON - INFO - Epoch [31/50]-(0/22) Loss: 1.6737, Acc(1): 50.00, Acc(5): 100.00
2023-06-19 16:29:22,499 - AUGCON - INFO - Epoch [31/50]-(5/22) Loss: 1.6436, Acc(1): 50.00, Acc(5): 100.00
2023-06-19 16:29:22,499 - AUGCON - INFO - Epoch [31/50]-(10/22) Loss: 2.0014, Acc(1): 25.00, Acc(5): 100.00
2023-06-19 16:29:22,500 - AUGCON - INFO - Epoch [31/50]-(15/22) Loss: 2.0228, Acc(1): 0.00, Acc(5): 100.00
2023-06-19 16:29:22,500 - AUGCON - INFO - Epoch [31/50]-(20/22) Loss: 2.0020, Acc(1): 25.00, Acc(5): 75.00
2023-06-19 16:29:22,500 - AUGCON - INFO - 	Validation Loss: 1.6590, Acc(1): 40.00, Acc(5): 89.00, F1: 0.10, Recall: 0.11, Precision: 0.09
2023-06-19 16:29:22,500 - AUGCON - INFO - Epoch [32/50]-(0/22) Loss: 1.5758, Acc(1): 50.00, Acc(5): 100.00
2023-06-19 16:29:22,500 - AUGCON - INFO - Epoch [32/50]-(5/22) Loss: 1.7821, Acc(1): 50.00, Acc(5): 75.00
2023-06-19 16:29:22,500 - AUGCON - INFO - Epoch [32/50]-(10/22) Loss: 1.1547, Acc(1): 75.00, Acc(5): 100.00
2023-06-19 16:29:22,500 - AUGCON - INFO - Epoch [32/50]-(15/22) Loss: 1.5180, Acc(1): 50.00, Acc(5): 75.00
2023-06-19 16:29:22,500 - AUGCON - INFO - Epoch [32/50]-(20/22) Loss: 1.8125, Acc(1): 25.00, Acc(5): 100.00
2023-06-19 16:29:22,500 - AUGCON - INFO - 	Validation Loss: 1.6372, Acc(1): 38.00, Acc(5): 98.00, F1: 0.09, Recall: 0.10, Precision: 0.08
2023-06-19 16:29:22,500 - AUGCON - INFO - Epoch [33/50]-(0/22) Loss: 1.7623, Acc(1): 0.00, Acc(5): 100.00
2023-06-19 16:29:22,500 - AUGCON - INFO - Epoch [33/50]-(5/22) Loss: 1.3789, Acc(1): 50.00, Acc(5): 100.00
2023-06-19 16:29:22,500 - AUGCON - INFO - Epoch [33/50]-(10/22) Loss: 1.7595, Acc(1): 50.00, Acc(5): 100.00
2023-06-19 16:29:22,501 - AUGCON - INFO - Epoch [33/50]-(15/22) Loss: 2.0544, Acc(1): 25.00, Acc(5): 75.00
2023-06-19 16:29:22,501 - AUGCON - INFO - Epoch [33/50]-(20/22) Loss: 1.6684, Acc(1): 25.00, Acc(5): 75.00
2023-06-19 16:29:22,501 - AUGCON - INFO - 	Validation Loss: 1.6567, Acc(1): 48.00, Acc(5): 88.00, F1: 0.11, Recall: 0.13, Precision: 0.10
2023-06-19 16:29:22,501 - AUGCON - INFO - Epoch [34/50]-(0/22) Loss: 1.5222, Acc(1): 50.00, Acc(5): 50.00
2023-06-19 16:29:22,501 - AUGCON - INFO - Epoch [34/50]-(5/22) Loss: 2.0314, Acc(1): 0.00, Acc(5): 100.00
2023-06-19 16:29:22,501 - AUGCON - INFO - Epoch [34/50]-(10/22) Loss: 2.1316, Acc(1): 0.00, Acc(5): 100.00
2023-06-19 16:29:22,501 - AUGCON - INFO - Epoch [34/50]-(15/22) Loss: 1.8051, Acc(1): 0.00, Acc(5): 75.00
2023-06-19 16:29:22,501 - AUGCON - INFO - Epoch [34/50]-(20/22) Loss: 2.0515, Acc(1): 0.00, Acc(5): 75.00
2023-06-19 16:29:22,501 - AUGCON - INFO - 	Validation Loss: 1.6335, Acc(1): 56.00, Acc(5): 92.00, F1: 0.15, Recall: 0.15, Precision: 0.14
2023-06-19 16:29:22,501 - AUGCON - INFO - Epoch [35/50]-(0/22) Loss: 1.1392, Acc(1): 75.00, Acc(5): 75.00
2023-06-19 16:29:22,501 - AUGCON - INFO - Epoch [35/50]-(5/22) Loss: 2.0511, Acc(1): 25.00, Acc(5): 75.00
2023-06-19 16:29:22,501 - AUGCON - INFO - Epoch [35/50]-(10/22) Loss: 1.3958, Acc(1): 50.00, Acc(5): 100.00
2023-06-19 16:29:22,501 - AUGCON - INFO - Epoch [35/50]-(15/22) Loss: 1.7346, Acc(1): 25.00, Acc(5): 75.00
2023-06-19 16:29:22,502 - AUGCON - INFO - Epoch [35/50]-(20/22) Loss: 1.6987, Acc(1): 25.00, Acc(5): 75.00
2023-06-19 16:29:22,502 - AUGCON - INFO - 	Validation Loss: 1.6466, Acc(1): 43.00, Acc(5): 85.00, F1: 0.10, Recall: 0.10, Precision: 0.09
2023-06-19 16:29:22,502 - AUGCON - INFO - Epoch [36/50]-(0/22) Loss: 1.7310, Acc(1): 25.00, Acc(5): 75.00
2023-06-19 16:29:22,502 - AUGCON - INFO - Epoch [36/50]-(5/22) Loss: 2.1714, Acc(1): 0.00, Acc(5): 50.00
2023-06-19 16:29:22,502 - AUGCON - INFO - Epoch [36/50]-(10/22) Loss: 1.4592, Acc(1): 50.00, Acc(5): 100.00
2023-06-19 16:29:22,502 - AUGCON - INFO - Epoch [36/50]-(15/22) Loss: 2.0820, Acc(1): 0.00, Acc(5): 75.00
2023-06-19 16:29:22,502 - AUGCON - INFO - Epoch [36/50]-(20/22) Loss: 1.8335, Acc(1): 25.00, Acc(5): 100.00
2023-06-19 16:29:22,502 - AUGCON - INFO - 	Validation Loss: 1.6325, Acc(1): 52.00, Acc(5): 85.00, F1: 0.15, Recall: 0.14, Precision: 0.16
2023-06-19 16:29:22,502 - AUGCON - INFO - Epoch [37/50]-(0/22) Loss: 1.6651, Acc(1): 75.00, Acc(5): 100.00
2023-06-19 16:29:22,502 - AUGCON - INFO - Epoch [37/50]-(5/22) Loss: 1.5011, Acc(1): 50.00, Acc(5): 100.00
2023-06-19 16:29:22,502 - AUGCON - INFO - Epoch [37/50]-(10/22) Loss: 1.8249, Acc(1): 50.00, Acc(5): 100.00
2023-06-19 16:29:22,502 - AUGCON - INFO - Epoch [37/50]-(15/22) Loss: 1.3225, Acc(1): 75.00, Acc(5): 100.00
2023-06-19 16:29:22,502 - AUGCON - INFO - Epoch [37/50]-(20/22) Loss: 1.6950, Acc(1): 25.00, Acc(5): 100.00
2023-06-19 16:29:22,503 - AUGCON - INFO - 	Validation Loss: 1.5932, Acc(1): 45.00, Acc(5): 89.00, F1: 0.11, Recall: 0.12, Precision: 0.10
2023-06-19 16:29:22,503 - AUGCON - INFO - Epoch [38/50]-(0/22) Loss: 1.0728, Acc(1): 75.00, Acc(5): 100.00
2023-06-19 16:29:22,503 - AUGCON - INFO - Epoch [38/50]-(5/22) Loss: 2.0398, Acc(1): 25.00, Acc(5): 50.00
2023-06-19 16:29:22,503 - AUGCON - INFO - Epoch [38/50]-(10/22) Loss: 2.0338, Acc(1): 25.00, Acc(5): 100.00
2023-06-19 16:29:22,503 - AUGCON - INFO - Epoch [38/50]-(15/22) Loss: 1.1506, Acc(1): 75.00, Acc(5): 100.00
2023-06-19 16:29:22,503 - AUGCON - INFO - Epoch [38/50]-(20/22) Loss: 1.4966, Acc(1): 25.00, Acc(5): 100.00
2023-06-19 16:29:22,503 - AUGCON - INFO - 	Validation Loss: 1.6401, Acc(1): 28.00, Acc(5): 92.00, F1: 0.07, Recall: 0.07, Precision: 0.06
2023-06-19 16:29:22,503 - AUGCON - INFO - Epoch [39/50]-(0/22) Loss: 1.6617, Acc(1): 25.00, Acc(5): 100.00
2023-06-19 16:29:22,503 - AUGCON - INFO - Epoch [39/50]-(5/22) Loss: 1.2717, Acc(1): 50.00, Acc(5): 100.00
2023-06-19 16:29:22,503 - AUGCON - INFO - Epoch [39/50]-(10/22) Loss: 1.8543, Acc(1): 50.00, Acc(5): 75.00
2023-06-19 16:29:22,503 - AUGCON - INFO - Epoch [39/50]-(15/22) Loss: 1.3593, Acc(1): 50.00, Acc(5): 100.00
2023-06-19 16:29:22,503 - AUGCON - INFO - Epoch [39/50]-(20/22) Loss: 1.5366, Acc(1): 75.00, Acc(5): 75.00
2023-06-19 16:29:22,504 - AUGCON - INFO - 	Validation Loss: 1.6454, Acc(1): 48.00, Acc(5): 92.00, F1: 0.13, Recall: 0.13, Precision: 0.13
2023-06-19 16:29:22,504 - AUGCON - INFO - Epoch [40/50]-(0/22) Loss: 1.4355, Acc(1): 50.00, Acc(5): 75.00
2023-06-19 16:29:22,504 - AUGCON - INFO - Epoch [40/50]-(5/22) Loss: 1.4887, Acc(1): 50.00, Acc(5): 100.00
2023-06-19 16:29:22,504 - AUGCON - INFO - Epoch [40/50]-(10/22) Loss: 1.6669, Acc(1): 25.00, Acc(5): 100.00
2023-06-19 16:29:22,504 - AUGCON - INFO - Epoch [40/50]-(15/22) Loss: 1.7321, Acc(1): 50.00, Acc(5): 100.00
2023-06-19 16:29:22,504 - AUGCON - INFO - Epoch [40/50]-(20/22) Loss: 1.6654, Acc(1): 0.00, Acc(5): 75.00
2023-06-19 16:29:22,504 - AUGCON - INFO - 	Validation Loss: 1.5588, Acc(1): 55.00, Acc(5): 98.00, F1: 0.15, Recall: 0.11, Precision: 0.25
2023-06-19 16:29:22,504 - AUGCON - INFO - Epoch [41/50]-(0/22) Loss: 1.6209, Acc(1): 25.00, Acc(5): 100.00
2023-06-19 16:29:22,504 - AUGCON - INFO - Epoch [41/50]-(5/22) Loss: 1.3538, Acc(1): 50.00, Acc(5): 100.00
2023-06-19 16:29:22,504 - AUGCON - INFO - Epoch [41/50]-(10/22) Loss: 1.5581, Acc(1): 50.00, Acc(5): 100.00
2023-06-19 16:29:22,504 - AUGCON - INFO - Epoch [41/50]-(15/22) Loss: 1.8448, Acc(1): 25.00, Acc(5): 75.00
2023-06-19 16:29:22,504 - AUGCON - INFO - Epoch [41/50]-(20/22) Loss: 1.6762, Acc(1): 0.00, Acc(5): 100.00
2023-06-19 16:29:22,504 - AUGCON - INFO - 	Validation Loss: 1.6156, Acc(1): 39.00, Acc(5): 88.00, F1: 0.09, Recall: 0.11, Precision: 0.08
2023-06-19 16:29:22,505 - AUGCON - INFO - Epoch [42/50]-(0/22) Loss: 1.3090, Acc(1): 75.00, Acc(5): 100.00
2023-06-19 16:29:22,505 - AUGCON - INFO - Epoch [42/50]-(5/22) Loss: 1.7155, Acc(1): 50.00, Acc(5): 100.00
2023-06-19 16:29:22,505 - AUGCON - INFO - Epoch [42/50]-(10/22) Loss: 1.9842, Acc(1): 0.00, Acc(5): 75.00
2023-06-19 16:29:22,505 - AUGCON - INFO - Epoch [42/50]-(15/22) Loss: 1.5472, Acc(1): 50.00, Acc(5): 75.00
2023-06-19 16:29:22,505 - AUGCON - INFO - Epoch [42/50]-(20/22) Loss: 1.3609, Acc(1): 50.00, Acc(5): 100.00
2023-06-19 16:29:22,505 - AUGCON - INFO - 	Validation Loss: 1.5781, Acc(1): 42.00, Acc(5): 89.00, F1: 0.12, Recall: 0.11, Precision: 0.14
2023-06-19 16:29:22,505 - AUGCON - INFO - Epoch [43/50]-(0/22) Loss: 1.6690, Acc(1): 50.00, Acc(5): 75.00
2023-06-19 16:29:22,505 - AUGCON - INFO - Epoch [43/50]-(5/22) Loss: 1.7041, Acc(1): 25.00, Acc(5): 75.00
2023-06-19 16:29:22,505 - AUGCON - INFO - Epoch [43/50]-(10/22) Loss: 1.5530, Acc(1): 50.00, Acc(5): 100.00
2023-06-19 16:29:22,505 - AUGCON - INFO - Epoch [43/50]-(15/22) Loss: 1.8749, Acc(1): 50.00, Acc(5): 100.00
2023-06-19 16:29:22,505 - AUGCON - INFO - Epoch [43/50]-(20/22) Loss: 1.5271, Acc(1): 25.00, Acc(5): 100.00
2023-06-19 16:29:22,505 - AUGCON - INFO - 	Validation Loss: 1.5630, Acc(1): 50.00, Acc(5): 97.00, F1: 0.12, Recall: 0.14, Precision: 0.11
2023-06-19 16:29:22,506 - AUGCON - INFO - Epoch [44/50]-(0/22) Loss: 1.0190, Acc(1): 75.00, Acc(5): 100.00
2023-06-19 16:29:22,506 - AUGCON - INFO - Epoch [44/50]-(5/22) Loss: 1.7631, Acc(1): 25.00, Acc(5): 75.00
2023-06-19 16:29:22,506 - AUGCON - INFO - Epoch [44/50]-(10/22) Loss: 1.6969, Acc(1): 25.00, Acc(5): 100.00
2023-06-19 16:29:22,506 - AUGCON - INFO - Epoch [44/50]-(15/22) Loss: 1.1699, Acc(1): 75.00, Acc(5): 100.00
2023-06-19 16:29:22,506 - AUGCON - INFO - Epoch [44/50]-(20/22) Loss: 1.6007, Acc(1): 25.00, Acc(5): 100.00
2023-06-19 16:29:22,506 - AUGCON - INFO - 	Validation Loss: 1.5908, Acc(1): 33.00, Acc(5): 96.00, F1: 0.09, Recall: 0.09, Precision: 0.10
2023-06-19 16:29:22,506 - AUGCON - INFO - Epoch [45/50]-(0/22) Loss: 1.3989, Acc(1): 100.00, Acc(5): 100.00
2023-06-19 16:29:22,506 - AUGCON - INFO - Epoch [45/50]-(5/22) Loss: 1.2741, Acc(1): 25.00, Acc(5): 100.00
2023-06-19 16:29:22,506 - AUGCON - INFO - Epoch [45/50]-(10/22) Loss: 1.2315, Acc(1): 25.00, Acc(5): 100.00
2023-06-19 16:29:22,506 - AUGCON - INFO - Epoch [45/50]-(15/22) Loss: 1.4330, Acc(1): 25.00, Acc(5): 75.00
2023-06-19 16:29:22,506 - AUGCON - INFO - Epoch [45/50]-(20/22) Loss: 1.3319, Acc(1): 50.00, Acc(5): 100.00
2023-06-19 16:29:22,506 - AUGCON - INFO - 	Validation Loss: 1.5497, Acc(1): 46.00, Acc(5): 95.00, F1: 0.11, Recall: 0.11, Precision: 0.12
2023-06-19 16:29:22,506 - AUGCON - INFO - Epoch [46/50]-(0/22) Loss: 1.7577, Acc(1): 25.00, Acc(5): 75.00
2023-06-19 16:29:22,507 - AUGCON - INFO - Epoch [46/50]-(5/22) Loss: 1.8083, Acc(1): 25.00, Acc(5): 75.00
2023-06-19 16:29:22,507 - AUGCON - INFO - Epoch [46/50]-(10/22) Loss: 1.2667, Acc(1): 75.00, Acc(5): 100.00
2023-06-19 16:29:22,507 - AUGCON - INFO - Epoch [46/50]-(15/22) Loss: 1.4786, Acc(1): 0.00, Acc(5): 100.00
2023-06-19 16:29:22,507 - AUGCON - INFO - Epoch [46/50]-(20/22) Loss: 1.8518, Acc(1): 25.00, Acc(5): 75.00
2023-06-19 16:29:22,507 - AUGCON - INFO - 	Validation Loss: 1.6041, Acc(1): 47.00, Acc(5): 90.00, F1: 0.13, Recall: 0.13, Precision: 0.14
2023-06-19 16:29:22,507 - AUGCON - INFO - Epoch [47/50]-(0/22) Loss: 1.5058, Acc(1): 50.00, Acc(5): 75.00
2023-06-19 16:29:22,507 - AUGCON - INFO - Epoch [47/50]-(5/22) Loss: 1.0438, Acc(1): 50.00, Acc(5): 100.00
2023-06-19 16:29:22,507 - AUGCON - INFO - Epoch [47/50]-(10/22) Loss: 1.5639, Acc(1): 0.00, Acc(5): 100.00
2023-06-19 16:29:22,507 - AUGCON - INFO - Epoch [47/50]-(15/22) Loss: 1.4728, Acc(1): 50.00, Acc(5): 100.00
2023-06-19 16:29:22,507 - AUGCON - INFO - Epoch [47/50]-(20/22) Loss: 1.4368, Acc(1): 25.00, Acc(5): 100.00
2023-06-19 16:29:22,507 - AUGCON - INFO - 	Validation Loss: 1.5512, Acc(1): 41.00, Acc(5): 97.00, F1: 0.10, Recall: 0.11, Precision: 0.09
2023-06-19 16:29:22,507 - AUGCON - INFO - Epoch [48/50]-(0/22) Loss: 1.8380, Acc(1): 25.00, Acc(5): 100.00
2023-06-19 16:29:22,507 - AUGCON - INFO - Epoch [48/50]-(5/22) Loss: 1.7797, Acc(1): 0.00, Acc(5): 100.00
2023-06-19 16:29:22,508 - AUGCON - INFO - Epoch [48/50]-(10/22) Loss: 1.3748, Acc(1): 50.00, Acc(5): 100.00
2023-06-19 16:29:22,508 - AUGCON - INFO - Epoch [48/50]-(15/22) Loss: 1.3727, Acc(1): 75.00, Acc(5): 100.00
2023-06-19 16:29:22,508 - AUGCON - INFO - Epoch [48/50]-(20/22) Loss: 1.4011, Acc(1): 50.00, Acc(5): 75.00
2023-06-19 16:29:22,508 - AUGCON - INFO - 	Validation Loss: 1.5977, Acc(1): 35.00, Acc(5): 86.00, F1: 0.08, Recall: 0.09, Precision: 0.07
2023-06-19 16:29:22,508 - AUGCON - INFO - Epoch [49/50]-(0/22) Loss: 0.9641, Acc(1): 75.00, Acc(5): 100.00
2023-06-19 16:29:22,508 - AUGCON - INFO - Epoch [49/50]-(5/22) Loss: 1.2245, Acc(1): 25.00, Acc(5): 100.00
2023-06-19 16:29:22,508 - AUGCON - INFO - Epoch [49/50]-(10/22) Loss: 2.1667, Acc(1): 0.00, Acc(5): 75.00
2023-06-19 16:29:22,508 - AUGCON - INFO - Epoch [49/50]-(15/22) Loss: 1.2764, Acc(1): 25.00, Acc(5): 100.00
2023-06-19 16:29:22,508 - AUGCON - INFO - Epoch [49/50]-(20/22) Loss: 1.5056, Acc(1): 25.00, Acc(5): 75.00
2023-06-19 16:29:22,508 - AUGCON - INFO - 	Validation Loss: 1.5601, Acc(1): 38.00, Acc(5): 94.00, F1: 0.12, Recall: 0.10, Precision: 0.13
2023-06-19 16:29:22,508 - AUGCON - INFO - Epoch [50/50]-(0/22) Loss: 0.8273, Acc(1): 75.00, Acc(5): 100.00
2023-06-19 16:29:22,508 - AUGCON - INFO - Epoch [50/50]-(5/22) Loss: 1.3579, Acc(1): 25.00, Acc(5): 100.00
2023-06-19 16:29:22,509 - AUGCON - INFO - Epoch [50/50]-(10/22) Loss: 0.9973, Acc(1): 50.00, Acc(5): 100.00
2023-06-19 16:29:22,509 - AUGCON - INFO - Epoch [50/50]-(15/22) Loss: 1.3490, Acc(1): 25.00, Acc(5): 100.00
2023-06-19 16:29:22,509 - AUGCON - INFO - Epoch [50/50]-(20/22) Loss: 1.5504, Acc(1): 50.00, Acc(5): 100.00
2023-06-19 16:29:22,509 - AUGCON - INFO - 	Validation Loss: 1.5316, Acc(1): 47.00, Acc(5): 96.00, F1: 0.11, Recall: 0.13, Precision: 0.09
2023-06-19 16:29:22,509 - AUGCON - INFO - 	Validation Loss: 1.5491, Acc(1): 42.67, Acc(5): 99.00, F1: 0.09, Recall: 0.11, Precision: 0.08
