2023-06-19 16:39:25,430 - AUGCON - INFO - logger initialized (/home/hjyoon/projects/augcon/config/exp0/finetune_da_true/without_target_domain_PH0014-wjlee/cpc_random_8421/tgt_target_domain_PH0045-sjlee_seed0.yaml.log)
2023-06-19 16:39:25,430 - AUGCON - INFO - ================= Config =================
2023-06-19 16:39:25,430 - AUGCON - INFO -   mode: finetune
2023-06-19 16:39:25,430 - AUGCON - INFO -   seed: 0
2023-06-19 16:39:25,430 - AUGCON - INFO -   gpu: [2]
2023-06-19 16:39:25,430 - AUGCON - INFO -   num_workers: 1
2023-06-19 16:39:25,431 - AUGCON - INFO -   dist_url: tcp://localhost:10001
2023-06-19 16:39:25,431 - AUGCON - INFO -   dataset_name: ichar
2023-06-19 16:39:25,431 - AUGCON - INFO -   train_dataset_path: /mnt/sting/hjyoon/projects/cross/ICHAR/augcon/target_domain_PH0045-sjlee/finetune/10shot/target/train.pkl
2023-06-19 16:39:25,431 - AUGCON - INFO -   test_dataset_path: /mnt/sting/hjyoon/projects/cross/ICHAR/augcon/target_domain_PH0045-sjlee/finetune/10shot/target/test.pkl
2023-06-19 16:39:25,431 - AUGCON - INFO -   val_dataset_path: /mnt/sting/hjyoon/projects/cross/ICHAR/augcon/target_domain_PH0045-sjlee/finetune/10shot/target/val.pkl
2023-06-19 16:39:25,431 - AUGCON - INFO -   input_channels: 3
2023-06-19 16:39:25,431 - AUGCON - INFO -   num_cls: 9
2023-06-19 16:39:25,431 - AUGCON - INFO -   optimizer: adam
2023-06-19 16:39:25,431 - AUGCON - INFO -   criterion: crossentropy
2023-06-19 16:39:25,431 - AUGCON - INFO -   start_epoch: 0
2023-06-19 16:39:25,431 - AUGCON - INFO -   epochs: 50
2023-06-19 16:39:25,431 - AUGCON - INFO -   batch_size: 4
2023-06-19 16:39:25,431 - AUGCON - INFO -   lr: 0.001
2023-06-19 16:39:25,431 - AUGCON - INFO -   wd: 0.0
2023-06-19 16:39:25,431 - AUGCON - INFO -   resume: 
2023-06-19 16:39:25,431 - AUGCON - INFO -   pretrained: /mnt/sting/hjyoon/projects/augcontrast/models/exp0/pretrain/without_target_domain_PH0014-wjlee/cpc_random_8421//checkpoint_0099.pth.tar
2023-06-19 16:39:25,431 - AUGCON - INFO -   ckpt_dir: /mnt/sting/hjyoon/projects/augcontrast/models/exp0/finetune_da_true/without_target_domain_PH0014-wjlee/cpc_random_8421/tgt_target_domain_PH0045-sjlee_seed0
2023-06-19 16:39:25,431 - AUGCON - INFO -   log_freq: 5
2023-06-19 16:39:25,431 - AUGCON - INFO -   save_freq: 10
2023-06-19 16:39:25,431 - AUGCON - INFO -   pretext: metacpc
2023-06-19 16:39:25,431 - AUGCON - INFO -   enc_blocks: 4
2023-06-19 16:39:25,431 - AUGCON - INFO -   kernel_sizes: [8, 4, 2, 1]
2023-06-19 16:39:25,431 - AUGCON - INFO -   strides: [4, 2, 1, 1]
2023-06-19 16:39:25,431 - AUGCON - INFO -   agg_blocks: 5
2023-06-19 16:39:25,431 - AUGCON - INFO -   z_dim: 256
2023-06-19 16:39:25,431 - AUGCON - INFO -   pooling: mean
2023-06-19 16:39:25,431 - AUGCON - INFO -   pred_steps: 12
2023-06-19 16:39:25,431 - AUGCON - INFO -   n_negatives: 15
2023-06-19 16:39:25,431 - AUGCON - INFO -   offset: 4
2023-06-19 16:39:25,431 - AUGCON - INFO -   domain_adaptation: True
2023-06-19 16:39:25,431 - AUGCON - INFO -   task_steps: 10
2023-06-19 16:39:25,431 - AUGCON - INFO -   task_lr: 0.001
2023-06-19 16:39:25,431 - AUGCON - INFO -   reg_lambda: 0
2023-06-19 16:39:25,431 - AUGCON - INFO -   mlp: False
2023-06-19 16:39:25,431 - AUGCON - INFO -   freeze: True
2023-06-19 16:39:25,431 - AUGCON - INFO -   no_vars: True
2023-06-19 16:39:25,431 - AUGCON - INFO - ==========================================
2023-06-19 16:39:25,431 - AUGCON - INFO - Setting GPUs: [2]
2023-06-19 16:39:25,432 - AUGCON - INFO - GPUs [2] will be used
2023-06-19 16:39:25,432 - AUGCON - WARNING - You have chosen to seed training. 
2023-06-19 16:39:25,432 - AUGCON - WARNING - This will turn on the CUDNN deterministic setting, 
2023-06-19 16:39:25,432 - AUGCON - WARNING - which can slow down your training considerably! 
2023-06-19 16:39:25,432 - AUGCON - WARNING - You may see unexpected behavior when restarting 
2023-06-19 16:39:25,432 - AUGCON - WARNING - from checkpoints.
2023-06-19 16:39:25,468 - AUGCON - INFO - Executing MetaCPC
2023-06-19 16:39:25,468 - AUGCON - INFO - Logs are skipped during training
2023-06-19 16:39:45,227 - AUGCON - INFO - Single GPU is used for training - training 90 instances for each worker
2023-06-19 16:39:45,227 - AUGCON - INFO - Loading pretrained model from checkpoint - /mnt/sting/hjyoon/projects/augcontrast/models/exp0/pretrain/without_target_domain_PH0014-wjlee/cpc_random_8421//checkpoint_0099.pth.tar
2023-06-19 16:39:45,227 - AUGCON - INFO - Missing keys: ['predictor.vars.0', 'predictor.vars.1']
2023-06-19 16:39:45,227 - AUGCON - INFO - Perform domain adaptation step
2023-06-19 16:39:45,227 - AUGCON - INFO - 	meta-train [0/10] Loss: 2.8192, Acc(1): 6.08, Acc(5): 30.62
2023-06-19 16:39:45,227 - AUGCON - INFO - 	meta-train [1/10] Loss: 2.8189, Acc(1): 5.94, Acc(5): 30.38
2023-06-19 16:39:45,227 - AUGCON - INFO - 	meta-train [2/10] Loss: 2.8163, Acc(1): 6.04, Acc(5): 30.87
2023-06-19 16:39:45,227 - AUGCON - INFO - 	meta-train [3/10] Loss: 2.8116, Acc(1): 6.19, Acc(5): 31.41
2023-06-19 16:39:45,227 - AUGCON - INFO - 	meta-train [4/10] Loss: 2.8076, Acc(1): 6.31, Acc(5): 31.45
2023-06-19 16:39:45,228 - AUGCON - INFO - 	meta-train [5/10] Loss: 2.8080, Acc(1): 6.28, Acc(5): 31.51
2023-06-19 16:39:45,228 - AUGCON - INFO - 	meta-train [6/10] Loss: 2.8025, Acc(1): 5.85, Acc(5): 31.44
2023-06-19 16:39:45,228 - AUGCON - INFO - 	meta-train [7/10] Loss: 2.8017, Acc(1): 6.33, Acc(5): 31.76
2023-06-19 16:39:45,228 - AUGCON - INFO - 	meta-train [8/10] Loss: 2.8007, Acc(1): 6.35, Acc(5): 32.31
2023-06-19 16:39:45,228 - AUGCON - INFO - 	meta-train [9/10] Loss: 2.8012, Acc(1): 6.27, Acc(5): 31.94
2023-06-19 16:39:45,228 - AUGCON - INFO - Loading encoder parameters to the classifier
2023-06-19 16:39:45,228 - AUGCON - INFO - Missing keys: ['classifier.block.0.weight', 'classifier.block.0.bias']
2023-06-19 16:39:45,228 - AUGCON - INFO - Epoch [1/50]-(0/22) Loss: 2.2564, Acc(1): 0.00, Acc(5): 75.00
2023-06-19 16:39:45,228 - AUGCON - INFO - Epoch [1/50]-(5/22) Loss: 1.9392, Acc(1): 25.00, Acc(5): 100.00
2023-06-19 16:39:45,228 - AUGCON - INFO - Epoch [1/50]-(10/22) Loss: 2.1333, Acc(1): 0.00, Acc(5): 75.00
2023-06-19 16:39:45,228 - AUGCON - INFO - Epoch [1/50]-(15/22) Loss: 1.9253, Acc(1): 25.00, Acc(5): 75.00
2023-06-19 16:39:45,228 - AUGCON - INFO - Epoch [1/50]-(20/22) Loss: 2.3207, Acc(1): 0.00, Acc(5): 25.00
2023-06-19 16:39:45,228 - AUGCON - INFO - 	Validation Loss: 1.8328, Acc(1): 26.00, Acc(5): 87.00, F1: 0.08, Recall: 0.07, Precision: 0.08
2023-06-19 16:39:45,228 - AUGCON - INFO - Epoch [2/50]-(0/22) Loss: 1.3159, Acc(1): 50.00, Acc(5): 100.00
2023-06-19 16:39:45,228 - AUGCON - INFO - Epoch [2/50]-(5/22) Loss: 1.8535, Acc(1): 25.00, Acc(5): 50.00
2023-06-19 16:39:45,229 - AUGCON - INFO - Epoch [2/50]-(10/22) Loss: 1.8872, Acc(1): 25.00, Acc(5): 100.00
2023-06-19 16:39:45,229 - AUGCON - INFO - Epoch [2/50]-(15/22) Loss: 1.5253, Acc(1): 75.00, Acc(5): 75.00
2023-06-19 16:39:45,229 - AUGCON - INFO - Epoch [2/50]-(20/22) Loss: 1.8416, Acc(1): 50.00, Acc(5): 75.00
2023-06-19 16:39:45,229 - AUGCON - INFO - 	Validation Loss: 1.6045, Acc(1): 45.00, Acc(5): 93.00, F1: 0.10, Recall: 0.12, Precision: 0.08
2023-06-19 16:39:45,229 - AUGCON - INFO - Epoch [3/50]-(0/22) Loss: 1.1365, Acc(1): 100.00, Acc(5): 100.00
2023-06-19 16:39:45,229 - AUGCON - INFO - Epoch [3/50]-(5/22) Loss: 1.5898, Acc(1): 75.00, Acc(5): 100.00
2023-06-19 16:39:45,229 - AUGCON - INFO - Epoch [3/50]-(10/22) Loss: 1.8668, Acc(1): 25.00, Acc(5): 100.00
2023-06-19 16:39:45,229 - AUGCON - INFO - Epoch [3/50]-(15/22) Loss: 1.8556, Acc(1): 25.00, Acc(5): 75.00
2023-06-19 16:39:45,229 - AUGCON - INFO - Epoch [3/50]-(20/22) Loss: 1.7151, Acc(1): 50.00, Acc(5): 100.00
2023-06-19 16:39:45,229 - AUGCON - INFO - 	Validation Loss: 1.4737, Acc(1): 52.00, Acc(5): 100.00, F1: 0.14, Recall: 0.15, Precision: 0.14
2023-06-19 16:39:45,229 - AUGCON - INFO - Epoch [4/50]-(0/22) Loss: 1.5967, Acc(1): 25.00, Acc(5): 100.00
2023-06-19 16:39:45,229 - AUGCON - INFO - Epoch [4/50]-(5/22) Loss: 1.5095, Acc(1): 25.00, Acc(5): 100.00
2023-06-19 16:39:45,229 - AUGCON - INFO - Epoch [4/50]-(10/22) Loss: 2.0220, Acc(1): 0.00, Acc(5): 100.00
2023-06-19 16:39:45,229 - AUGCON - INFO - Epoch [4/50]-(15/22) Loss: 1.5800, Acc(1): 25.00, Acc(5): 100.00
2023-06-19 16:39:45,229 - AUGCON - INFO - Epoch [4/50]-(20/22) Loss: 1.0105, Acc(1): 75.00, Acc(5): 100.00
2023-06-19 16:39:45,229 - AUGCON - INFO - 	Validation Loss: 1.3669, Acc(1): 74.00, Acc(5): 100.00, F1: 0.18, Recall: 0.17, Precision: 0.19
2023-06-19 16:39:45,230 - AUGCON - INFO - Epoch [5/50]-(0/22) Loss: 1.6796, Acc(1): 25.00, Acc(5): 100.00
2023-06-19 16:39:45,230 - AUGCON - INFO - Epoch [5/50]-(5/22) Loss: 1.5423, Acc(1): 50.00, Acc(5): 100.00
2023-06-19 16:39:45,230 - AUGCON - INFO - Epoch [5/50]-(10/22) Loss: 1.3408, Acc(1): 75.00, Acc(5): 100.00
2023-06-19 16:39:45,230 - AUGCON - INFO - Epoch [5/50]-(15/22) Loss: 1.2992, Acc(1): 75.00, Acc(5): 100.00
2023-06-19 16:39:45,230 - AUGCON - INFO - Epoch [5/50]-(20/22) Loss: 1.8055, Acc(1): 0.00, Acc(5): 100.00
2023-06-19 16:39:45,230 - AUGCON - INFO - 	Validation Loss: 1.3132, Acc(1): 76.00, Acc(5): 99.00, F1: 0.18, Recall: 0.17, Precision: 0.19
2023-06-19 16:39:45,230 - AUGCON - INFO - Epoch [6/50]-(0/22) Loss: 1.3129, Acc(1): 50.00, Acc(5): 100.00
2023-06-19 16:39:45,230 - AUGCON - INFO - Epoch [6/50]-(5/22) Loss: 0.9073, Acc(1): 100.00, Acc(5): 100.00
2023-06-19 16:39:45,230 - AUGCON - INFO - Epoch [6/50]-(10/22) Loss: 1.4953, Acc(1): 25.00, Acc(5): 100.00
2023-06-19 16:39:45,230 - AUGCON - INFO - Epoch [6/50]-(15/22) Loss: 1.4328, Acc(1): 75.00, Acc(5): 75.00
2023-06-19 16:39:45,230 - AUGCON - INFO - Epoch [6/50]-(20/22) Loss: 1.2000, Acc(1): 75.00, Acc(5): 100.00
2023-06-19 16:39:45,230 - AUGCON - INFO - 	Validation Loss: 1.2403, Acc(1): 72.00, Acc(5): 100.00, F1: 0.18, Recall: 0.19, Precision: 0.18
2023-06-19 16:39:45,230 - AUGCON - INFO - Epoch [7/50]-(0/22) Loss: 1.6664, Acc(1): 50.00, Acc(5): 100.00
2023-06-19 16:39:45,230 - AUGCON - INFO - Epoch [7/50]-(5/22) Loss: 1.0693, Acc(1): 75.00, Acc(5): 100.00
2023-06-19 16:39:45,230 - AUGCON - INFO - Epoch [7/50]-(10/22) Loss: 1.2007, Acc(1): 75.00, Acc(5): 100.00
2023-06-19 16:39:45,230 - AUGCON - INFO - Epoch [7/50]-(15/22) Loss: 1.2617, Acc(1): 75.00, Acc(5): 100.00
2023-06-19 16:39:45,231 - AUGCON - INFO - Epoch [7/50]-(20/22) Loss: 1.0288, Acc(1): 75.00, Acc(5): 100.00
2023-06-19 16:39:45,231 - AUGCON - INFO - 	Validation Loss: 1.1828, Acc(1): 76.00, Acc(5): 100.00, F1: 0.18, Recall: 0.18, Precision: 0.18
2023-06-19 16:39:45,231 - AUGCON - INFO - Epoch [8/50]-(0/22) Loss: 1.4709, Acc(1): 75.00, Acc(5): 100.00
2023-06-19 16:39:45,231 - AUGCON - INFO - Epoch [8/50]-(5/22) Loss: 1.2448, Acc(1): 75.00, Acc(5): 100.00
2023-06-19 16:39:45,231 - AUGCON - INFO - Epoch [8/50]-(10/22) Loss: 1.2285, Acc(1): 25.00, Acc(5): 100.00
2023-06-19 16:39:45,231 - AUGCON - INFO - Epoch [8/50]-(15/22) Loss: 0.8325, Acc(1): 100.00, Acc(5): 100.00
2023-06-19 16:39:45,231 - AUGCON - INFO - Epoch [8/50]-(20/22) Loss: 1.0230, Acc(1): 50.00, Acc(5): 100.00
2023-06-19 16:39:45,231 - AUGCON - INFO - 	Validation Loss: 1.1252, Acc(1): 74.00, Acc(5): 100.00, F1: 0.18, Recall: 0.16, Precision: 0.20
2023-06-19 16:39:45,231 - AUGCON - INFO - Epoch [9/50]-(0/22) Loss: 0.5505, Acc(1): 100.00, Acc(5): 100.00
2023-06-19 16:39:45,231 - AUGCON - INFO - Epoch [9/50]-(5/22) Loss: 1.4497, Acc(1): 75.00, Acc(5): 100.00
2023-06-19 16:39:45,231 - AUGCON - INFO - Epoch [9/50]-(10/22) Loss: 1.2181, Acc(1): 25.00, Acc(5): 100.00
2023-06-19 16:39:45,231 - AUGCON - INFO - Epoch [9/50]-(15/22) Loss: 1.1813, Acc(1): 25.00, Acc(5): 100.00
2023-06-19 16:39:45,231 - AUGCON - INFO - Epoch [9/50]-(20/22) Loss: 1.0349, Acc(1): 75.00, Acc(5): 100.00
2023-06-19 16:39:45,231 - AUGCON - INFO - 	Validation Loss: 1.1154, Acc(1): 77.00, Acc(5): 100.00, F1: 0.18, Recall: 0.19, Precision: 0.18
2023-06-19 16:39:45,231 - AUGCON - INFO - Epoch [10/50]-(0/22) Loss: 0.8902, Acc(1): 75.00, Acc(5): 100.00
2023-06-19 16:39:45,231 - AUGCON - INFO - Epoch [10/50]-(5/22) Loss: 1.0994, Acc(1): 100.00, Acc(5): 100.00
2023-06-19 16:39:45,231 - AUGCON - INFO - Epoch [10/50]-(10/22) Loss: 1.2776, Acc(1): 25.00, Acc(5): 100.00
2023-06-19 16:39:45,232 - AUGCON - INFO - Epoch [10/50]-(15/22) Loss: 0.9589, Acc(1): 50.00, Acc(5): 100.00
2023-06-19 16:39:45,232 - AUGCON - INFO - Epoch [10/50]-(20/22) Loss: 1.1266, Acc(1): 50.00, Acc(5): 100.00
2023-06-19 16:39:45,232 - AUGCON - INFO - 	Validation Loss: 1.0547, Acc(1): 76.00, Acc(5): 100.00, F1: 0.19, Recall: 0.17, Precision: 0.21
2023-06-19 16:39:45,232 - AUGCON - INFO - Epoch [11/50]-(0/22) Loss: 1.1665, Acc(1): 75.00, Acc(5): 100.00
2023-06-19 16:39:45,232 - AUGCON - INFO - Epoch [11/50]-(5/22) Loss: 0.9742, Acc(1): 100.00, Acc(5): 100.00
2023-06-19 16:39:45,232 - AUGCON - INFO - Epoch [11/50]-(10/22) Loss: 1.0116, Acc(1): 75.00, Acc(5): 100.00
2023-06-19 16:39:45,232 - AUGCON - INFO - Epoch [11/50]-(15/22) Loss: 0.8321, Acc(1): 100.00, Acc(5): 100.00
2023-06-19 16:39:45,232 - AUGCON - INFO - Epoch [11/50]-(20/22) Loss: 0.7764, Acc(1): 75.00, Acc(5): 100.00
2023-06-19 16:39:45,232 - AUGCON - INFO - 	Validation Loss: 1.0497, Acc(1): 80.00, Acc(5): 100.00, F1: 0.19, Recall: 0.19, Precision: 0.19
2023-06-19 16:39:45,232 - AUGCON - INFO - Epoch [12/50]-(0/22) Loss: 1.0031, Acc(1): 75.00, Acc(5): 100.00
2023-06-19 16:39:45,232 - AUGCON - INFO - Epoch [12/50]-(5/22) Loss: 1.2704, Acc(1): 50.00, Acc(5): 100.00
2023-06-19 16:39:45,232 - AUGCON - INFO - Epoch [12/50]-(10/22) Loss: 1.3383, Acc(1): 25.00, Acc(5): 100.00
2023-06-19 16:39:45,232 - AUGCON - INFO - Epoch [12/50]-(15/22) Loss: 0.8924, Acc(1): 100.00, Acc(5): 100.00
2023-06-19 16:39:45,232 - AUGCON - INFO - Epoch [12/50]-(20/22) Loss: 0.9515, Acc(1): 75.00, Acc(5): 100.00
2023-06-19 16:39:45,233 - AUGCON - INFO - 	Validation Loss: 1.0070, Acc(1): 82.00, Acc(5): 100.00, F1: 0.20, Recall: 0.18, Precision: 0.22
2023-06-19 16:39:45,233 - AUGCON - INFO - Epoch [13/50]-(0/22) Loss: 1.1079, Acc(1): 50.00, Acc(5): 100.00
2023-06-19 16:39:45,233 - AUGCON - INFO - Epoch [13/50]-(5/22) Loss: 0.9529, Acc(1): 100.00, Acc(5): 100.00
2023-06-19 16:39:45,233 - AUGCON - INFO - Epoch [13/50]-(10/22) Loss: 0.6805, Acc(1): 100.00, Acc(5): 100.00
2023-06-19 16:39:45,233 - AUGCON - INFO - Epoch [13/50]-(15/22) Loss: 1.1845, Acc(1): 50.00, Acc(5): 100.00
2023-06-19 16:39:45,233 - AUGCON - INFO - Epoch [13/50]-(20/22) Loss: 0.8370, Acc(1): 100.00, Acc(5): 100.00
2023-06-19 16:39:45,233 - AUGCON - INFO - 	Validation Loss: 1.0558, Acc(1): 56.00, Acc(5): 100.00, F1: 0.14, Recall: 0.15, Precision: 0.12
2023-06-19 16:39:45,233 - AUGCON - INFO - Epoch [14/50]-(0/22) Loss: 0.8533, Acc(1): 75.00, Acc(5): 100.00
2023-06-19 16:39:45,233 - AUGCON - INFO - Epoch [14/50]-(5/22) Loss: 1.2046, Acc(1): 75.00, Acc(5): 100.00
2023-06-19 16:39:45,233 - AUGCON - INFO - Epoch [14/50]-(10/22) Loss: 0.8398, Acc(1): 75.00, Acc(5): 100.00
2023-06-19 16:39:45,233 - AUGCON - INFO - Epoch [14/50]-(15/22) Loss: 0.6169, Acc(1): 100.00, Acc(5): 100.00
2023-06-19 16:39:45,233 - AUGCON - INFO - Epoch [14/50]-(20/22) Loss: 0.8598, Acc(1): 75.00, Acc(5): 100.00
2023-06-19 16:39:45,233 - AUGCON - INFO - 	Validation Loss: 0.9860, Acc(1): 77.00, Acc(5): 100.00, F1: 0.19, Recall: 0.19, Precision: 0.19
2023-06-19 16:39:45,233 - AUGCON - INFO - Epoch [15/50]-(0/22) Loss: 0.7436, Acc(1): 100.00, Acc(5): 100.00
2023-06-19 16:39:45,233 - AUGCON - INFO - Epoch [15/50]-(5/22) Loss: 0.5589, Acc(1): 100.00, Acc(5): 100.00
2023-06-19 16:39:45,233 - AUGCON - INFO - Epoch [15/50]-(10/22) Loss: 0.7617, Acc(1): 75.00, Acc(5): 100.00
2023-06-19 16:39:45,234 - AUGCON - INFO - Epoch [15/50]-(15/22) Loss: 1.3403, Acc(1): 50.00, Acc(5): 100.00
2023-06-19 16:39:45,234 - AUGCON - INFO - Epoch [15/50]-(20/22) Loss: 0.7480, Acc(1): 100.00, Acc(5): 100.00
2023-06-19 16:39:45,234 - AUGCON - INFO - 	Validation Loss: 0.9506, Acc(1): 82.00, Acc(5): 100.00, F1: 0.19, Recall: 0.19, Precision: 0.19
2023-06-19 16:39:45,234 - AUGCON - INFO - Epoch [16/50]-(0/22) Loss: 0.6242, Acc(1): 100.00, Acc(5): 100.00
2023-06-19 16:39:45,234 - AUGCON - INFO - Epoch [16/50]-(5/22) Loss: 0.8699, Acc(1): 50.00, Acc(5): 100.00
2023-06-19 16:39:45,234 - AUGCON - INFO - Epoch [16/50]-(10/22) Loss: 0.9179, Acc(1): 100.00, Acc(5): 100.00
2023-06-19 16:39:45,234 - AUGCON - INFO - Epoch [16/50]-(15/22) Loss: 0.8667, Acc(1): 50.00, Acc(5): 100.00
2023-06-19 16:39:45,234 - AUGCON - INFO - Epoch [16/50]-(20/22) Loss: 1.2760, Acc(1): 25.00, Acc(5): 100.00
2023-06-19 16:39:45,234 - AUGCON - INFO - 	Validation Loss: 0.9672, Acc(1): 64.00, Acc(5): 100.00, F1: 0.14, Recall: 0.15, Precision: 0.14
2023-06-19 16:39:45,234 - AUGCON - INFO - Epoch [17/50]-(0/22) Loss: 0.9218, Acc(1): 100.00, Acc(5): 100.00
2023-06-19 16:39:45,234 - AUGCON - INFO - Epoch [17/50]-(5/22) Loss: 0.7867, Acc(1): 100.00, Acc(5): 100.00
2023-06-19 16:39:45,234 - AUGCON - INFO - Epoch [17/50]-(10/22) Loss: 1.7782, Acc(1): 50.00, Acc(5): 100.00
2023-06-19 16:39:45,234 - AUGCON - INFO - Epoch [17/50]-(15/22) Loss: 0.9480, Acc(1): 100.00, Acc(5): 100.00
2023-06-19 16:39:45,234 - AUGCON - INFO - Epoch [17/50]-(20/22) Loss: 0.7176, Acc(1): 75.00, Acc(5): 100.00
2023-06-19 16:39:45,234 - AUGCON - INFO - 	Validation Loss: 0.9368, Acc(1): 72.00, Acc(5): 100.00, F1: 0.18, Recall: 0.19, Precision: 0.17
2023-06-19 16:39:45,234 - AUGCON - INFO - Epoch [18/50]-(0/22) Loss: 1.1075, Acc(1): 50.00, Acc(5): 100.00
2023-06-19 16:39:45,234 - AUGCON - INFO - Epoch [18/50]-(5/22) Loss: 0.8809, Acc(1): 50.00, Acc(5): 100.00
2023-06-19 16:39:45,235 - AUGCON - INFO - Epoch [18/50]-(10/22) Loss: 1.0113, Acc(1): 75.00, Acc(5): 100.00
2023-06-19 16:39:45,235 - AUGCON - INFO - Epoch [18/50]-(15/22) Loss: 0.7612, Acc(1): 75.00, Acc(5): 100.00
2023-06-19 16:39:45,235 - AUGCON - INFO - Epoch [18/50]-(20/22) Loss: 0.9671, Acc(1): 75.00, Acc(5): 100.00
2023-06-19 16:39:45,235 - AUGCON - INFO - 	Validation Loss: 0.9167, Acc(1): 80.00, Acc(5): 100.00, F1: 0.19, Recall: 0.19, Precision: 0.19
2023-06-19 16:39:45,235 - AUGCON - INFO - Epoch [19/50]-(0/22) Loss: 1.6399, Acc(1): 50.00, Acc(5): 100.00
2023-06-19 16:39:45,235 - AUGCON - INFO - Epoch [19/50]-(5/22) Loss: 0.9844, Acc(1): 100.00, Acc(5): 100.00
2023-06-19 16:39:45,235 - AUGCON - INFO - Epoch [19/50]-(10/22) Loss: 0.9944, Acc(1): 75.00, Acc(5): 100.00
2023-06-19 16:39:45,235 - AUGCON - INFO - Epoch [19/50]-(15/22) Loss: 1.0688, Acc(1): 100.00, Acc(5): 100.00
2023-06-19 16:39:45,235 - AUGCON - INFO - Epoch [19/50]-(20/22) Loss: 1.0243, Acc(1): 75.00, Acc(5): 100.00
2023-06-19 16:39:45,235 - AUGCON - INFO - 	Validation Loss: 0.9124, Acc(1): 77.00, Acc(5): 100.00, F1: 0.18, Recall: 0.20, Precision: 0.17
2023-06-19 16:39:45,235 - AUGCON - INFO - Epoch [20/50]-(0/22) Loss: 0.5504, Acc(1): 100.00, Acc(5): 100.00
2023-06-19 16:39:45,235 - AUGCON - INFO - Epoch [20/50]-(5/22) Loss: 0.7762, Acc(1): 75.00, Acc(5): 100.00
2023-06-19 16:39:45,235 - AUGCON - INFO - Epoch [20/50]-(10/22) Loss: 0.8685, Acc(1): 75.00, Acc(5): 100.00
2023-06-19 16:39:45,235 - AUGCON - INFO - Epoch [20/50]-(15/22) Loss: 1.1314, Acc(1): 25.00, Acc(5): 100.00
2023-06-19 16:39:45,235 - AUGCON - INFO - Epoch [20/50]-(20/22) Loss: 0.6762, Acc(1): 50.00, Acc(5): 100.00
2023-06-19 16:39:45,235 - AUGCON - INFO - 	Validation Loss: 0.8661, Acc(1): 81.00, Acc(5): 100.00, F1: 0.20, Recall: 0.19, Precision: 0.21
2023-06-19 16:39:45,235 - AUGCON - INFO - Epoch [21/50]-(0/22) Loss: 1.1236, Acc(1): 75.00, Acc(5): 100.00
2023-06-19 16:39:45,236 - AUGCON - INFO - Epoch [21/50]-(5/22) Loss: 1.0850, Acc(1): 75.00, Acc(5): 100.00
2023-06-19 16:39:45,236 - AUGCON - INFO - Epoch [21/50]-(10/22) Loss: 0.9241, Acc(1): 50.00, Acc(5): 100.00
2023-06-19 16:39:45,236 - AUGCON - INFO - Epoch [21/50]-(15/22) Loss: 0.3600, Acc(1): 100.00, Acc(5): 100.00
2023-06-19 16:39:45,236 - AUGCON - INFO - Epoch [21/50]-(20/22) Loss: 0.8878, Acc(1): 50.00, Acc(5): 100.00
2023-06-19 16:39:45,236 - AUGCON - INFO - 	Validation Loss: 0.8602, Acc(1): 79.00, Acc(5): 100.00, F1: 0.19, Recall: 0.19, Precision: 0.20
2023-06-19 16:39:45,236 - AUGCON - INFO - Epoch [22/50]-(0/22) Loss: 1.0572, Acc(1): 100.00, Acc(5): 100.00
2023-06-19 16:39:45,236 - AUGCON - INFO - Epoch [22/50]-(5/22) Loss: 0.8974, Acc(1): 75.00, Acc(5): 100.00
2023-06-19 16:39:45,236 - AUGCON - INFO - Epoch [22/50]-(10/22) Loss: 1.3781, Acc(1): 25.00, Acc(5): 100.00
2023-06-19 16:39:45,236 - AUGCON - INFO - Epoch [22/50]-(15/22) Loss: 1.0831, Acc(1): 50.00, Acc(5): 100.00
2023-06-19 16:39:45,236 - AUGCON - INFO - Epoch [22/50]-(20/22) Loss: 1.1994, Acc(1): 50.00, Acc(5): 100.00
2023-06-19 16:39:45,236 - AUGCON - INFO - 	Validation Loss: 0.8793, Acc(1): 72.00, Acc(5): 100.00, F1: 0.18, Recall: 0.19, Precision: 0.17
2023-06-19 16:39:45,236 - AUGCON - INFO - Epoch [23/50]-(0/22) Loss: 0.5876, Acc(1): 75.00, Acc(5): 100.00
2023-06-19 16:39:45,236 - AUGCON - INFO - Epoch [23/50]-(5/22) Loss: 0.6266, Acc(1): 100.00, Acc(5): 100.00
2023-06-19 16:39:45,236 - AUGCON - INFO - Epoch [23/50]-(10/22) Loss: 1.2381, Acc(1): 50.00, Acc(5): 100.00
2023-06-19 16:39:45,236 - AUGCON - INFO - Epoch [23/50]-(15/22) Loss: 1.1558, Acc(1): 50.00, Acc(5): 100.00
2023-06-19 16:39:45,237 - AUGCON - INFO - Epoch [23/50]-(20/22) Loss: 0.8641, Acc(1): 100.00, Acc(5): 100.00
2023-06-19 16:39:45,237 - AUGCON - INFO - 	Validation Loss: 0.9148, Acc(1): 69.00, Acc(5): 100.00, F1: 0.18, Recall: 0.19, Precision: 0.16
2023-06-19 16:39:45,237 - AUGCON - INFO - Epoch [24/50]-(0/22) Loss: 1.0798, Acc(1): 50.00, Acc(5): 100.00
2023-06-19 16:39:45,237 - AUGCON - INFO - Epoch [24/50]-(5/22) Loss: 1.0112, Acc(1): 50.00, Acc(5): 100.00
2023-06-19 16:39:45,237 - AUGCON - INFO - Epoch [24/50]-(10/22) Loss: 1.0854, Acc(1): 75.00, Acc(5): 100.00
2023-06-19 16:39:45,237 - AUGCON - INFO - Epoch [24/50]-(15/22) Loss: 0.6845, Acc(1): 75.00, Acc(5): 100.00
2023-06-19 16:39:45,237 - AUGCON - INFO - Epoch [24/50]-(20/22) Loss: 0.6579, Acc(1): 75.00, Acc(5): 100.00
2023-06-19 16:39:45,237 - AUGCON - INFO - 	Validation Loss: 0.8417, Acc(1): 78.00, Acc(5): 100.00, F1: 0.19, Recall: 0.19, Precision: 0.19
2023-06-19 16:39:45,237 - AUGCON - INFO - Epoch [25/50]-(0/22) Loss: 0.5727, Acc(1): 100.00, Acc(5): 100.00
2023-06-19 16:39:45,237 - AUGCON - INFO - Epoch [25/50]-(5/22) Loss: 0.9059, Acc(1): 50.00, Acc(5): 100.00
2023-06-19 16:39:45,237 - AUGCON - INFO - Epoch [25/50]-(10/22) Loss: 0.5203, Acc(1): 75.00, Acc(5): 100.00
2023-06-19 16:39:45,237 - AUGCON - INFO - Epoch [25/50]-(15/22) Loss: 0.8926, Acc(1): 75.00, Acc(5): 100.00
2023-06-19 16:39:45,237 - AUGCON - INFO - Epoch [25/50]-(20/22) Loss: 1.5790, Acc(1): 75.00, Acc(5): 100.00
2023-06-19 16:39:45,237 - AUGCON - INFO - 	Validation Loss: 0.8290, Acc(1): 81.00, Acc(5): 100.00, F1: 0.19, Recall: 0.20, Precision: 0.18
2023-06-19 16:39:45,237 - AUGCON - INFO - Epoch [26/50]-(0/22) Loss: 0.9248, Acc(1): 50.00, Acc(5): 100.00
2023-06-19 16:39:45,237 - AUGCON - INFO - Epoch [26/50]-(5/22) Loss: 0.6988, Acc(1): 100.00, Acc(5): 100.00
2023-06-19 16:39:45,237 - AUGCON - INFO - Epoch [26/50]-(10/22) Loss: 1.0070, Acc(1): 50.00, Acc(5): 100.00
2023-06-19 16:39:45,238 - AUGCON - INFO - Epoch [26/50]-(15/22) Loss: 0.5311, Acc(1): 75.00, Acc(5): 100.00
2023-06-19 16:39:45,238 - AUGCON - INFO - Epoch [26/50]-(20/22) Loss: 0.9093, Acc(1): 75.00, Acc(5): 100.00
2023-06-19 16:39:45,238 - AUGCON - INFO - 	Validation Loss: 0.7844, Acc(1): 80.00, Acc(5): 100.00, F1: 0.20, Recall: 0.19, Precision: 0.20
2023-06-19 16:39:45,238 - AUGCON - INFO - Epoch [27/50]-(0/22) Loss: 1.1170, Acc(1): 25.00, Acc(5): 100.00
2023-06-19 16:39:45,238 - AUGCON - INFO - Epoch [27/50]-(5/22) Loss: 0.9584, Acc(1): 75.00, Acc(5): 100.00
2023-06-19 16:39:45,238 - AUGCON - INFO - Epoch [27/50]-(10/22) Loss: 0.5488, Acc(1): 100.00, Acc(5): 100.00
2023-06-19 16:39:45,238 - AUGCON - INFO - Epoch [27/50]-(15/22) Loss: 0.5506, Acc(1): 100.00, Acc(5): 100.00
2023-06-19 16:39:45,238 - AUGCON - INFO - Epoch [27/50]-(20/22) Loss: 1.6565, Acc(1): 50.00, Acc(5): 100.00
2023-06-19 16:39:45,238 - AUGCON - INFO - 	Validation Loss: 0.7689, Acc(1): 78.00, Acc(5): 100.00, F1: 0.19, Recall: 0.19, Precision: 0.19
2023-06-19 16:39:45,238 - AUGCON - INFO - Epoch [28/50]-(0/22) Loss: 0.6340, Acc(1): 75.00, Acc(5): 100.00
2023-06-19 16:39:45,238 - AUGCON - INFO - Epoch [28/50]-(5/22) Loss: 0.8109, Acc(1): 75.00, Acc(5): 100.00
2023-06-19 16:39:45,238 - AUGCON - INFO - Epoch [28/50]-(10/22) Loss: 0.8669, Acc(1): 75.00, Acc(5): 100.00
2023-06-19 16:39:45,238 - AUGCON - INFO - Epoch [28/50]-(15/22) Loss: 0.5349, Acc(1): 75.00, Acc(5): 100.00
2023-06-19 16:39:45,238 - AUGCON - INFO - Epoch [28/50]-(20/22) Loss: 0.7495, Acc(1): 75.00, Acc(5): 100.00
2023-06-19 16:39:45,238 - AUGCON - INFO - 	Validation Loss: 0.7752, Acc(1): 78.00, Acc(5): 100.00, F1: 0.19, Recall: 0.19, Precision: 0.20
2023-06-19 16:39:45,238 - AUGCON - INFO - Epoch [29/50]-(0/22) Loss: 0.8045, Acc(1): 75.00, Acc(5): 100.00
2023-06-19 16:39:45,239 - AUGCON - INFO - Epoch [29/50]-(5/22) Loss: 1.0449, Acc(1): 75.00, Acc(5): 100.00
2023-06-19 16:39:45,239 - AUGCON - INFO - Epoch [29/50]-(10/22) Loss: 0.5673, Acc(1): 100.00, Acc(5): 100.00
2023-06-19 16:39:45,239 - AUGCON - INFO - Epoch [29/50]-(15/22) Loss: 0.8584, Acc(1): 50.00, Acc(5): 100.00
2023-06-19 16:39:45,239 - AUGCON - INFO - Epoch [29/50]-(20/22) Loss: 0.9316, Acc(1): 75.00, Acc(5): 100.00
2023-06-19 16:39:45,239 - AUGCON - INFO - 	Validation Loss: 0.7562, Acc(1): 90.00, Acc(5): 100.00, F1: 0.21, Recall: 0.21, Precision: 0.22
2023-06-19 16:39:45,239 - AUGCON - INFO - Epoch [30/50]-(0/22) Loss: 0.7686, Acc(1): 75.00, Acc(5): 100.00
2023-06-19 16:39:45,239 - AUGCON - INFO - Epoch [30/50]-(5/22) Loss: 0.8193, Acc(1): 75.00, Acc(5): 100.00
2023-06-19 16:39:45,239 - AUGCON - INFO - Epoch [30/50]-(10/22) Loss: 0.8333, Acc(1): 50.00, Acc(5): 100.00
2023-06-19 16:39:45,239 - AUGCON - INFO - Epoch [30/50]-(15/22) Loss: 1.0576, Acc(1): 75.00, Acc(5): 100.00
2023-06-19 16:39:45,239 - AUGCON - INFO - Epoch [30/50]-(20/22) Loss: 0.5911, Acc(1): 100.00, Acc(5): 100.00
2023-06-19 16:39:45,239 - AUGCON - INFO - 	Validation Loss: 0.8116, Acc(1): 76.00, Acc(5): 100.00, F1: 0.19, Recall: 0.19, Precision: 0.18
2023-06-19 16:39:45,239 - AUGCON - INFO - Epoch [31/50]-(0/22) Loss: 1.0555, Acc(1): 50.00, Acc(5): 100.00
2023-06-19 16:39:45,239 - AUGCON - INFO - Epoch [31/50]-(5/22) Loss: 0.5443, Acc(1): 75.00, Acc(5): 100.00
2023-06-19 16:39:45,239 - AUGCON - INFO - Epoch [31/50]-(10/22) Loss: 0.8374, Acc(1): 100.00, Acc(5): 100.00
2023-06-19 16:39:45,239 - AUGCON - INFO - Epoch [31/50]-(15/22) Loss: 0.6384, Acc(1): 75.00, Acc(5): 100.00
2023-06-19 16:39:45,239 - AUGCON - INFO - Epoch [31/50]-(20/22) Loss: 0.8034, Acc(1): 50.00, Acc(5): 100.00
2023-06-19 16:39:45,239 - AUGCON - INFO - 	Validation Loss: 0.8081, Acc(1): 70.00, Acc(5): 100.00, F1: 0.16, Recall: 0.17, Precision: 0.16
2023-06-19 16:39:45,240 - AUGCON - INFO - Epoch [32/50]-(0/22) Loss: 0.8070, Acc(1): 50.00, Acc(5): 100.00
2023-06-19 16:39:45,240 - AUGCON - INFO - Epoch [32/50]-(5/22) Loss: 0.8523, Acc(1): 100.00, Acc(5): 100.00
2023-06-19 16:39:45,240 - AUGCON - INFO - Epoch [32/50]-(10/22) Loss: 0.3358, Acc(1): 100.00, Acc(5): 100.00
2023-06-19 16:39:45,240 - AUGCON - INFO - Epoch [32/50]-(15/22) Loss: 0.7480, Acc(1): 50.00, Acc(5): 100.00
2023-06-19 16:39:45,240 - AUGCON - INFO - Epoch [32/50]-(20/22) Loss: 0.5305, Acc(1): 100.00, Acc(5): 100.00
2023-06-19 16:39:45,240 - AUGCON - INFO - 	Validation Loss: 0.7387, Acc(1): 81.00, Acc(5): 100.00, F1: 0.20, Recall: 0.19, Precision: 0.21
2023-06-19 16:39:45,240 - AUGCON - INFO - Epoch [33/50]-(0/22) Loss: 0.6458, Acc(1): 75.00, Acc(5): 100.00
2023-06-19 16:39:45,240 - AUGCON - INFO - Epoch [33/50]-(5/22) Loss: 0.7602, Acc(1): 100.00, Acc(5): 100.00
2023-06-19 16:39:45,240 - AUGCON - INFO - Epoch [33/50]-(10/22) Loss: 0.8983, Acc(1): 50.00, Acc(5): 100.00
2023-06-19 16:39:45,240 - AUGCON - INFO - Epoch [33/50]-(15/22) Loss: 0.7730, Acc(1): 100.00, Acc(5): 100.00
2023-06-19 16:39:45,240 - AUGCON - INFO - Epoch [33/50]-(20/22) Loss: 0.7981, Acc(1): 50.00, Acc(5): 100.00
2023-06-19 16:39:45,240 - AUGCON - INFO - 	Validation Loss: 0.7293, Acc(1): 84.00, Acc(5): 100.00, F1: 0.20, Recall: 0.19, Precision: 0.20
2023-06-19 16:39:45,240 - AUGCON - INFO - Epoch [34/50]-(0/22) Loss: 0.3189, Acc(1): 100.00, Acc(5): 100.00
2023-06-19 16:39:45,240 - AUGCON - INFO - Epoch [34/50]-(5/22) Loss: 0.6203, Acc(1): 100.00, Acc(5): 100.00
2023-06-19 16:39:45,240 - AUGCON - INFO - Epoch [34/50]-(10/22) Loss: 0.2251, Acc(1): 100.00, Acc(5): 100.00
2023-06-19 16:39:45,240 - AUGCON - INFO - Epoch [34/50]-(15/22) Loss: 0.9709, Acc(1): 75.00, Acc(5): 100.00
2023-06-19 16:39:45,241 - AUGCON - INFO - Epoch [34/50]-(20/22) Loss: 0.7485, Acc(1): 100.00, Acc(5): 100.00
2023-06-19 16:39:45,241 - AUGCON - INFO - 	Validation Loss: 0.7273, Acc(1): 79.00, Acc(5): 100.00, F1: 0.19, Recall: 0.19, Precision: 0.18
2023-06-19 16:39:45,241 - AUGCON - INFO - Epoch [35/50]-(0/22) Loss: 0.9303, Acc(1): 50.00, Acc(5): 100.00
2023-06-19 16:39:45,241 - AUGCON - INFO - Epoch [35/50]-(5/22) Loss: 1.0968, Acc(1): 50.00, Acc(5): 100.00
2023-06-19 16:39:45,241 - AUGCON - INFO - Epoch [35/50]-(10/22) Loss: 0.7744, Acc(1): 75.00, Acc(5): 100.00
2023-06-19 16:39:45,241 - AUGCON - INFO - Epoch [35/50]-(15/22) Loss: 0.8095, Acc(1): 75.00, Acc(5): 100.00
2023-06-19 16:39:45,241 - AUGCON - INFO - Epoch [35/50]-(20/22) Loss: 0.7015, Acc(1): 100.00, Acc(5): 100.00
2023-06-19 16:39:45,241 - AUGCON - INFO - 	Validation Loss: 0.7303, Acc(1): 83.00, Acc(5): 100.00, F1: 0.19, Recall: 0.19, Precision: 0.19
2023-06-19 16:39:45,241 - AUGCON - INFO - Epoch [36/50]-(0/22) Loss: 0.7737, Acc(1): 75.00, Acc(5): 100.00
2023-06-19 16:39:45,241 - AUGCON - INFO - Epoch [36/50]-(5/22) Loss: 0.8116, Acc(1): 50.00, Acc(5): 100.00
2023-06-19 16:39:45,241 - AUGCON - INFO - Epoch [36/50]-(10/22) Loss: 0.8468, Acc(1): 75.00, Acc(5): 100.00
2023-06-19 16:39:45,241 - AUGCON - INFO - Epoch [36/50]-(15/22) Loss: 0.6119, Acc(1): 50.00, Acc(5): 100.00
2023-06-19 16:39:45,241 - AUGCON - INFO - Epoch [36/50]-(20/22) Loss: 1.1143, Acc(1): 75.00, Acc(5): 100.00
2023-06-19 16:39:45,241 - AUGCON - INFO - 	Validation Loss: 0.7386, Acc(1): 76.00, Acc(5): 100.00, F1: 0.18, Recall: 0.19, Precision: 0.17
2023-06-19 16:39:45,241 - AUGCON - INFO - Epoch [37/50]-(0/22) Loss: 0.3957, Acc(1): 75.00, Acc(5): 100.00
2023-06-19 16:39:45,241 - AUGCON - INFO - Epoch [37/50]-(5/22) Loss: 0.6029, Acc(1): 75.00, Acc(5): 100.00
2023-06-19 16:39:45,242 - AUGCON - INFO - Epoch [37/50]-(10/22) Loss: 0.5593, Acc(1): 100.00, Acc(5): 100.00
2023-06-19 16:39:45,242 - AUGCON - INFO - Epoch [37/50]-(15/22) Loss: 0.3798, Acc(1): 100.00, Acc(5): 100.00
2023-06-19 16:39:45,242 - AUGCON - INFO - Epoch [37/50]-(20/22) Loss: 1.3262, Acc(1): 50.00, Acc(5): 100.00
2023-06-19 16:39:45,242 - AUGCON - INFO - 	Validation Loss: 0.7229, Acc(1): 78.00, Acc(5): 100.00, F1: 0.19, Recall: 0.19, Precision: 0.19
2023-06-19 16:39:45,242 - AUGCON - INFO - Epoch [38/50]-(0/22) Loss: 0.6379, Acc(1): 100.00, Acc(5): 100.00
2023-06-19 16:39:45,242 - AUGCON - INFO - Epoch [38/50]-(5/22) Loss: 0.3612, Acc(1): 100.00, Acc(5): 100.00
2023-06-19 16:39:45,242 - AUGCON - INFO - Epoch [38/50]-(10/22) Loss: 0.4565, Acc(1): 100.00, Acc(5): 100.00
2023-06-19 16:39:45,242 - AUGCON - INFO - Epoch [38/50]-(15/22) Loss: 1.1168, Acc(1): 50.00, Acc(5): 100.00
2023-06-19 16:39:45,242 - AUGCON - INFO - Epoch [38/50]-(20/22) Loss: 0.7077, Acc(1): 75.00, Acc(5): 100.00
2023-06-19 16:39:45,242 - AUGCON - INFO - 	Validation Loss: 0.7115, Acc(1): 84.00, Acc(5): 100.00, F1: 0.20, Recall: 0.19, Precision: 0.20
2023-06-19 16:39:45,242 - AUGCON - INFO - Epoch [39/50]-(0/22) Loss: 0.4465, Acc(1): 100.00, Acc(5): 100.00
2023-06-19 16:39:45,242 - AUGCON - INFO - Epoch [39/50]-(5/22) Loss: 0.7432, Acc(1): 100.00, Acc(5): 100.00
2023-06-19 16:39:45,242 - AUGCON - INFO - Epoch [39/50]-(10/22) Loss: 0.7214, Acc(1): 75.00, Acc(5): 100.00
2023-06-19 16:39:45,242 - AUGCON - INFO - Epoch [39/50]-(15/22) Loss: 0.2817, Acc(1): 100.00, Acc(5): 100.00
2023-06-19 16:39:45,242 - AUGCON - INFO - Epoch [39/50]-(20/22) Loss: 1.1114, Acc(1): 25.00, Acc(5): 100.00
2023-06-19 16:39:45,242 - AUGCON - INFO - 	Validation Loss: 0.6969, Acc(1): 85.00, Acc(5): 100.00, F1: 0.20, Recall: 0.19, Precision: 0.21
2023-06-19 16:39:45,243 - AUGCON - INFO - Epoch [40/50]-(0/22) Loss: 0.7831, Acc(1): 75.00, Acc(5): 100.00
2023-06-19 16:39:45,243 - AUGCON - INFO - Epoch [40/50]-(5/22) Loss: 1.3130, Acc(1): 50.00, Acc(5): 100.00
2023-06-19 16:39:45,243 - AUGCON - INFO - Epoch [40/50]-(10/22) Loss: 0.9681, Acc(1): 50.00, Acc(5): 100.00
2023-06-19 16:39:45,243 - AUGCON - INFO - Epoch [40/50]-(15/22) Loss: 0.7275, Acc(1): 100.00, Acc(5): 100.00
2023-06-19 16:39:45,243 - AUGCON - INFO - Epoch [40/50]-(20/22) Loss: 0.6561, Acc(1): 100.00, Acc(5): 100.00
2023-06-19 16:39:45,243 - AUGCON - INFO - 	Validation Loss: 0.6930, Acc(1): 84.00, Acc(5): 100.00, F1: 0.20, Recall: 0.20, Precision: 0.20
2023-06-19 16:39:45,243 - AUGCON - INFO - Epoch [41/50]-(0/22) Loss: 1.1010, Acc(1): 50.00, Acc(5): 100.00
2023-06-19 16:39:45,243 - AUGCON - INFO - Epoch [41/50]-(5/22) Loss: 0.5680, Acc(1): 100.00, Acc(5): 100.00
2023-06-19 16:39:45,243 - AUGCON - INFO - Epoch [41/50]-(10/22) Loss: 0.8417, Acc(1): 75.00, Acc(5): 100.00
2023-06-19 16:39:45,243 - AUGCON - INFO - Epoch [41/50]-(15/22) Loss: 0.3846, Acc(1): 100.00, Acc(5): 100.00
2023-06-19 16:39:45,243 - AUGCON - INFO - Epoch [41/50]-(20/22) Loss: 0.5426, Acc(1): 100.00, Acc(5): 100.00
2023-06-19 16:39:45,243 - AUGCON - INFO - 	Validation Loss: 0.7160, Acc(1): 81.00, Acc(5): 100.00, F1: 0.19, Recall: 0.20, Precision: 0.19
2023-06-19 16:39:45,243 - AUGCON - INFO - Epoch [42/50]-(0/22) Loss: 0.9326, Acc(1): 75.00, Acc(5): 100.00
2023-06-19 16:39:45,243 - AUGCON - INFO - Epoch [42/50]-(5/22) Loss: 0.8931, Acc(1): 50.00, Acc(5): 100.00
2023-06-19 16:39:45,243 - AUGCON - INFO - Epoch [42/50]-(10/22) Loss: 0.2702, Acc(1): 100.00, Acc(5): 100.00
2023-06-19 16:39:45,243 - AUGCON - INFO - Epoch [42/50]-(15/22) Loss: 0.3514, Acc(1): 100.00, Acc(5): 100.00
2023-06-19 16:39:45,244 - AUGCON - INFO - Epoch [42/50]-(20/22) Loss: 0.6745, Acc(1): 75.00, Acc(5): 100.00
2023-06-19 16:39:45,244 - AUGCON - INFO - 	Validation Loss: 0.6664, Acc(1): 84.00, Acc(5): 100.00, F1: 0.20, Recall: 0.19, Precision: 0.22
2023-06-19 16:39:45,244 - AUGCON - INFO - Epoch [43/50]-(0/22) Loss: 0.9608, Acc(1): 50.00, Acc(5): 100.00
2023-06-19 16:39:45,244 - AUGCON - INFO - Epoch [43/50]-(5/22) Loss: 0.5350, Acc(1): 75.00, Acc(5): 100.00
2023-06-19 16:39:45,244 - AUGCON - INFO - Epoch [43/50]-(10/22) Loss: 0.5598, Acc(1): 100.00, Acc(5): 100.00
2023-06-19 16:39:45,244 - AUGCON - INFO - Epoch [43/50]-(15/22) Loss: 0.9374, Acc(1): 50.00, Acc(5): 100.00
2023-06-19 16:39:45,244 - AUGCON - INFO - Epoch [43/50]-(20/22) Loss: 0.5030, Acc(1): 100.00, Acc(5): 100.00
2023-06-19 16:39:45,244 - AUGCON - INFO - 	Validation Loss: 0.6856, Acc(1): 81.00, Acc(5): 100.00, F1: 0.20, Recall: 0.21, Precision: 0.19
2023-06-19 16:39:45,244 - AUGCON - INFO - Epoch [44/50]-(0/22) Loss: 0.3764, Acc(1): 100.00, Acc(5): 100.00
2023-06-19 16:39:45,244 - AUGCON - INFO - Epoch [44/50]-(5/22) Loss: 0.2139, Acc(1): 100.00, Acc(5): 100.00
2023-06-19 16:39:45,244 - AUGCON - INFO - Epoch [44/50]-(10/22) Loss: 0.3118, Acc(1): 100.00, Acc(5): 100.00
2023-06-19 16:39:45,244 - AUGCON - INFO - Epoch [44/50]-(15/22) Loss: 0.6454, Acc(1): 75.00, Acc(5): 100.00
2023-06-19 16:39:45,244 - AUGCON - INFO - Epoch [44/50]-(20/22) Loss: 1.1271, Acc(1): 75.00, Acc(5): 100.00
2023-06-19 16:39:45,244 - AUGCON - INFO - 	Validation Loss: 0.7101, Acc(1): 79.00, Acc(5): 100.00, F1: 0.19, Recall: 0.19, Precision: 0.18
2023-06-19 16:39:45,244 - AUGCON - INFO - Epoch [45/50]-(0/22) Loss: 0.5273, Acc(1): 100.00, Acc(5): 100.00
2023-06-19 16:39:45,244 - AUGCON - INFO - Epoch [45/50]-(5/22) Loss: 0.8119, Acc(1): 50.00, Acc(5): 100.00
2023-06-19 16:39:45,245 - AUGCON - INFO - Epoch [45/50]-(10/22) Loss: 0.4182, Acc(1): 75.00, Acc(5): 100.00
2023-06-19 16:39:45,245 - AUGCON - INFO - Epoch [45/50]-(15/22) Loss: 0.8412, Acc(1): 75.00, Acc(5): 100.00
2023-06-19 16:39:45,245 - AUGCON - INFO - Epoch [45/50]-(20/22) Loss: 0.7220, Acc(1): 75.00, Acc(5): 100.00
2023-06-19 16:39:45,245 - AUGCON - INFO - 	Validation Loss: 0.6656, Acc(1): 84.00, Acc(5): 100.00, F1: 0.20, Recall: 0.20, Precision: 0.21
2023-06-19 16:39:45,245 - AUGCON - INFO - Epoch [46/50]-(0/22) Loss: 0.5160, Acc(1): 100.00, Acc(5): 100.00
2023-06-19 16:39:45,245 - AUGCON - INFO - Epoch [46/50]-(5/22) Loss: 0.6125, Acc(1): 75.00, Acc(5): 100.00
2023-06-19 16:39:45,245 - AUGCON - INFO - Epoch [46/50]-(10/22) Loss: 0.5101, Acc(1): 100.00, Acc(5): 100.00
2023-06-19 16:39:45,245 - AUGCON - INFO - Epoch [46/50]-(15/22) Loss: 0.7763, Acc(1): 75.00, Acc(5): 100.00
2023-06-19 16:39:45,245 - AUGCON - INFO - Epoch [46/50]-(20/22) Loss: 0.7171, Acc(1): 75.00, Acc(5): 100.00
2023-06-19 16:39:45,245 - AUGCON - INFO - 	Validation Loss: 0.6908, Acc(1): 81.00, Acc(5): 100.00, F1: 0.19, Recall: 0.20, Precision: 0.19
2023-06-19 16:39:45,245 - AUGCON - INFO - Epoch [47/50]-(0/22) Loss: 0.7919, Acc(1): 75.00, Acc(5): 100.00
2023-06-19 16:39:45,245 - AUGCON - INFO - Epoch [47/50]-(5/22) Loss: 0.3194, Acc(1): 100.00, Acc(5): 100.00
2023-06-19 16:39:45,245 - AUGCON - INFO - Epoch [47/50]-(10/22) Loss: 1.0713, Acc(1): 50.00, Acc(5): 100.00
2023-06-19 16:39:45,245 - AUGCON - INFO - Epoch [47/50]-(15/22) Loss: 0.4730, Acc(1): 100.00, Acc(5): 100.00
2023-06-19 16:39:45,245 - AUGCON - INFO - Epoch [47/50]-(20/22) Loss: 0.7961, Acc(1): 50.00, Acc(5): 100.00
2023-06-19 16:39:45,245 - AUGCON - INFO - 	Validation Loss: 0.6989, Acc(1): 80.00, Acc(5): 100.00, F1: 0.19, Recall: 0.19, Precision: 0.19
2023-06-19 16:39:45,246 - AUGCON - INFO - Epoch [48/50]-(0/22) Loss: 0.3892, Acc(1): 100.00, Acc(5): 100.00
2023-06-19 16:39:45,246 - AUGCON - INFO - Epoch [48/50]-(5/22) Loss: 0.3012, Acc(1): 100.00, Acc(5): 100.00
2023-06-19 16:39:45,246 - AUGCON - INFO - Epoch [48/50]-(10/22) Loss: 0.7905, Acc(1): 75.00, Acc(5): 100.00
2023-06-19 16:39:45,246 - AUGCON - INFO - Epoch [48/50]-(15/22) Loss: 0.6136, Acc(1): 75.00, Acc(5): 100.00
2023-06-19 16:39:45,246 - AUGCON - INFO - Epoch [48/50]-(20/22) Loss: 0.6979, Acc(1): 75.00, Acc(5): 100.00
2023-06-19 16:39:45,246 - AUGCON - INFO - 	Validation Loss: 0.7214, Acc(1): 86.00, Acc(5): 100.00, F1: 0.20, Recall: 0.20, Precision: 0.20
2023-06-19 16:39:45,246 - AUGCON - INFO - Epoch [49/50]-(0/22) Loss: 0.7481, Acc(1): 75.00, Acc(5): 100.00
2023-06-19 16:39:45,246 - AUGCON - INFO - Epoch [49/50]-(5/22) Loss: 0.5928, Acc(1): 100.00, Acc(5): 100.00
2023-06-19 16:39:45,246 - AUGCON - INFO - Epoch [49/50]-(10/22) Loss: 0.9539, Acc(1): 75.00, Acc(5): 100.00
2023-06-19 16:39:45,246 - AUGCON - INFO - Epoch [49/50]-(15/22) Loss: 0.4688, Acc(1): 100.00, Acc(5): 100.00
2023-06-19 16:39:45,246 - AUGCON - INFO - Epoch [49/50]-(20/22) Loss: 0.4134, Acc(1): 100.00, Acc(5): 100.00
2023-06-19 16:39:45,246 - AUGCON - INFO - 	Validation Loss: 0.7289, Acc(1): 77.00, Acc(5): 100.00, F1: 0.18, Recall: 0.19, Precision: 0.18
2023-06-19 16:39:45,246 - AUGCON - INFO - Epoch [50/50]-(0/22) Loss: 0.3556, Acc(1): 100.00, Acc(5): 100.00
2023-06-19 16:39:45,246 - AUGCON - INFO - Epoch [50/50]-(5/22) Loss: 1.2023, Acc(1): 50.00, Acc(5): 100.00
2023-06-19 16:39:45,246 - AUGCON - INFO - Epoch [50/50]-(10/22) Loss: 0.5570, Acc(1): 75.00, Acc(5): 100.00
2023-06-19 16:39:45,246 - AUGCON - INFO - Epoch [50/50]-(15/22) Loss: 0.8691, Acc(1): 50.00, Acc(5): 100.00
2023-06-19 16:39:45,246 - AUGCON - INFO - Epoch [50/50]-(20/22) Loss: 0.6837, Acc(1): 75.00, Acc(5): 100.00
2023-06-19 16:39:45,247 - AUGCON - INFO - 	Validation Loss: 0.6808, Acc(1): 81.00, Acc(5): 100.00, F1: 0.20, Recall: 0.20, Precision: 0.19
2023-06-19 16:39:45,247 - AUGCON - INFO - 	Validation Loss: 0.6661, Acc(1): 81.00, Acc(5): 100.00, F1: 0.20, Recall: 0.20, Precision: 0.20
