2023-06-19 16:37:56,923 - AUGCON - INFO - logger initialized (/home/hjyoon/projects/augcon/config/exp0/finetune_da_true/without_target_domain_PH0014-wjlee/cpc_random_8421/tgt_target_domain_PH0014-wjlee_seed0.yaml.log)
2023-06-19 16:37:56,923 - AUGCON - INFO - ================= Config =================
2023-06-19 16:37:56,923 - AUGCON - INFO -   mode: finetune
2023-06-19 16:37:56,923 - AUGCON - INFO -   seed: 0
2023-06-19 16:37:56,923 - AUGCON - INFO -   gpu: [2]
2023-06-19 16:37:56,923 - AUGCON - INFO -   num_workers: 1
2023-06-19 16:37:56,923 - AUGCON - INFO -   dist_url: tcp://localhost:10001
2023-06-19 16:37:56,923 - AUGCON - INFO -   dataset_name: ichar
2023-06-19 16:37:56,923 - AUGCON - INFO -   train_dataset_path: /mnt/sting/hjyoon/projects/cross/ICHAR/augcon/target_domain_PH0014-wjlee/finetune/10shot/target/train.pkl
2023-06-19 16:37:56,923 - AUGCON - INFO -   test_dataset_path: /mnt/sting/hjyoon/projects/cross/ICHAR/augcon/target_domain_PH0014-wjlee/finetune/10shot/target/test.pkl
2023-06-19 16:37:56,923 - AUGCON - INFO -   val_dataset_path: /mnt/sting/hjyoon/projects/cross/ICHAR/augcon/target_domain_PH0014-wjlee/finetune/10shot/target/val.pkl
2023-06-19 16:37:56,923 - AUGCON - INFO -   input_channels: 3
2023-06-19 16:37:56,923 - AUGCON - INFO -   num_cls: 9
2023-06-19 16:37:56,923 - AUGCON - INFO -   optimizer: adam
2023-06-19 16:37:56,923 - AUGCON - INFO -   criterion: crossentropy
2023-06-19 16:37:56,923 - AUGCON - INFO -   start_epoch: 0
2023-06-19 16:37:56,923 - AUGCON - INFO -   epochs: 50
2023-06-19 16:37:56,923 - AUGCON - INFO -   batch_size: 4
2023-06-19 16:37:56,923 - AUGCON - INFO -   lr: 0.001
2023-06-19 16:37:56,923 - AUGCON - INFO -   wd: 0.0
2023-06-19 16:37:56,924 - AUGCON - INFO -   resume: 
2023-06-19 16:37:56,924 - AUGCON - INFO -   pretrained: /mnt/sting/hjyoon/projects/augcontrast/models/exp0/pretrain/without_target_domain_PH0014-wjlee/cpc_random_8421//checkpoint_0099.pth.tar
2023-06-19 16:37:56,924 - AUGCON - INFO -   ckpt_dir: /mnt/sting/hjyoon/projects/augcontrast/models/exp0/finetune_da_true/without_target_domain_PH0014-wjlee/cpc_random_8421/tgt_target_domain_PH0014-wjlee_seed0
2023-06-19 16:37:56,924 - AUGCON - INFO -   log_freq: 5
2023-06-19 16:37:56,924 - AUGCON - INFO -   save_freq: 10
2023-06-19 16:37:56,924 - AUGCON - INFO -   pretext: metacpc
2023-06-19 16:37:56,924 - AUGCON - INFO -   enc_blocks: 4
2023-06-19 16:37:56,924 - AUGCON - INFO -   kernel_sizes: [8, 4, 2, 1]
2023-06-19 16:37:56,924 - AUGCON - INFO -   strides: [4, 2, 1, 1]
2023-06-19 16:37:56,924 - AUGCON - INFO -   agg_blocks: 5
2023-06-19 16:37:56,924 - AUGCON - INFO -   z_dim: 256
2023-06-19 16:37:56,924 - AUGCON - INFO -   pooling: mean
2023-06-19 16:37:56,924 - AUGCON - INFO -   pred_steps: 12
2023-06-19 16:37:56,924 - AUGCON - INFO -   n_negatives: 15
2023-06-19 16:37:56,924 - AUGCON - INFO -   offset: 4
2023-06-19 16:37:56,924 - AUGCON - INFO -   domain_adaptation: True
2023-06-19 16:37:56,924 - AUGCON - INFO -   task_steps: 10
2023-06-19 16:37:56,924 - AUGCON - INFO -   task_lr: 0.001
2023-06-19 16:37:56,924 - AUGCON - INFO -   reg_lambda: 0
2023-06-19 16:37:56,924 - AUGCON - INFO -   mlp: False
2023-06-19 16:37:56,924 - AUGCON - INFO -   freeze: True
2023-06-19 16:37:56,924 - AUGCON - INFO -   no_vars: True
2023-06-19 16:37:56,924 - AUGCON - INFO - ==========================================
2023-06-19 16:37:56,924 - AUGCON - INFO - Setting GPUs: [2]
2023-06-19 16:37:56,924 - AUGCON - INFO - GPUs [2] will be used
2023-06-19 16:37:56,925 - AUGCON - WARNING - You have chosen to seed training. 
2023-06-19 16:37:56,925 - AUGCON - WARNING - This will turn on the CUDNN deterministic setting, 
2023-06-19 16:37:56,925 - AUGCON - WARNING - which can slow down your training considerably! 
2023-06-19 16:37:56,925 - AUGCON - WARNING - You may see unexpected behavior when restarting 
2023-06-19 16:37:56,925 - AUGCON - WARNING - from checkpoints.
2023-06-19 16:37:56,958 - AUGCON - INFO - Executing MetaCPC
2023-06-19 16:37:56,958 - AUGCON - INFO - Logs are skipped during training
2023-06-19 16:38:16,993 - AUGCON - INFO - Single GPU is used for training - training 90 instances for each worker
2023-06-19 16:38:16,994 - AUGCON - INFO - Loading pretrained model from checkpoint - /mnt/sting/hjyoon/projects/augcontrast/models/exp0/pretrain/without_target_domain_PH0014-wjlee/cpc_random_8421//checkpoint_0099.pth.tar
2023-06-19 16:38:16,994 - AUGCON - INFO - Missing keys: ['predictor.vars.0', 'predictor.vars.1']
2023-06-19 16:38:16,994 - AUGCON - INFO - Perform domain adaptation step
2023-06-19 16:38:16,994 - AUGCON - INFO - 	meta-train [0/10] Loss: 2.8684, Acc(1): 5.98, Acc(5): 29.96
2023-06-19 16:38:16,994 - AUGCON - INFO - 	meta-train [1/10] Loss: 2.8630, Acc(1): 5.97, Acc(5): 30.01
2023-06-19 16:38:16,994 - AUGCON - INFO - 	meta-train [2/10] Loss: 2.8521, Acc(1): 6.34, Acc(5): 30.23
2023-06-19 16:38:16,994 - AUGCON - INFO - 	meta-train [3/10] Loss: 2.8461, Acc(1): 6.35, Acc(5): 30.28
2023-06-19 16:38:16,994 - AUGCON - INFO - 	meta-train [4/10] Loss: 2.8406, Acc(1): 6.32, Acc(5): 29.46
2023-06-19 16:38:16,994 - AUGCON - INFO - 	meta-train [5/10] Loss: 2.8411, Acc(1): 6.18, Acc(5): 30.15
2023-06-19 16:38:16,995 - AUGCON - INFO - 	meta-train [6/10] Loss: 2.8287, Acc(1): 6.36, Acc(5): 30.49
2023-06-19 16:38:16,995 - AUGCON - INFO - 	meta-train [7/10] Loss: 2.8248, Acc(1): 6.55, Acc(5): 30.90
2023-06-19 16:38:16,995 - AUGCON - INFO - 	meta-train [8/10] Loss: 2.8159, Acc(1): 6.43, Acc(5): 30.49
2023-06-19 16:38:16,995 - AUGCON - INFO - 	meta-train [9/10] Loss: 2.8072, Acc(1): 6.30, Acc(5): 30.96
2023-06-19 16:38:16,995 - AUGCON - INFO - Loading encoder parameters to the classifier
2023-06-19 16:38:16,995 - AUGCON - INFO - Missing keys: ['classifier.block.0.weight', 'classifier.block.0.bias']
2023-06-19 16:38:16,995 - AUGCON - INFO - Epoch [1/50]-(0/22) Loss: 2.0807, Acc(1): 25.00, Acc(5): 75.00
2023-06-19 16:38:16,995 - AUGCON - INFO - Epoch [1/50]-(5/22) Loss: 2.1678, Acc(1): 0.00, Acc(5): 75.00
2023-06-19 16:38:16,995 - AUGCON - INFO - Epoch [1/50]-(10/22) Loss: 2.6815, Acc(1): 0.00, Acc(5): 50.00
2023-06-19 16:38:16,995 - AUGCON - INFO - Epoch [1/50]-(15/22) Loss: 2.0938, Acc(1): 25.00, Acc(5): 75.00
2023-06-19 16:38:16,995 - AUGCON - INFO - Epoch [1/50]-(20/22) Loss: 2.2363, Acc(1): 0.00, Acc(5): 50.00
2023-06-19 16:38:16,995 - AUGCON - INFO - 	Validation Loss: 2.1292, Acc(1): 10.00, Acc(5): 85.00, F1: 0.03, Recall: 0.02, Precision: 0.03
2023-06-19 16:38:16,996 - AUGCON - INFO - Epoch [2/50]-(0/22) Loss: 2.0542, Acc(1): 0.00, Acc(5): 100.00
2023-06-19 16:38:16,996 - AUGCON - INFO - Epoch [2/50]-(5/22) Loss: 2.3311, Acc(1): 0.00, Acc(5): 50.00
2023-06-19 16:38:16,996 - AUGCON - INFO - Epoch [2/50]-(10/22) Loss: 2.0922, Acc(1): 0.00, Acc(5): 75.00
2023-06-19 16:38:16,996 - AUGCON - INFO - Epoch [2/50]-(15/22) Loss: 2.0733, Acc(1): 0.00, Acc(5): 75.00
2023-06-19 16:38:16,996 - AUGCON - INFO - Epoch [2/50]-(20/22) Loss: 2.3308, Acc(1): 0.00, Acc(5): 25.00
2023-06-19 16:38:16,996 - AUGCON - INFO - 	Validation Loss: 1.9462, Acc(1): 37.00, Acc(5): 89.00, F1: 0.10, Recall: 0.09, Precision: 0.11
2023-06-19 16:38:16,996 - AUGCON - INFO - Epoch [3/50]-(0/22) Loss: 1.8296, Acc(1): 50.00, Acc(5): 100.00
2023-06-19 16:38:16,996 - AUGCON - INFO - Epoch [3/50]-(5/22) Loss: 1.6675, Acc(1): 50.00, Acc(5): 75.00
2023-06-19 16:38:16,997 - AUGCON - INFO - Epoch [3/50]-(10/22) Loss: 2.0796, Acc(1): 25.00, Acc(5): 75.00
2023-06-19 16:38:16,997 - AUGCON - INFO - Epoch [3/50]-(15/22) Loss: 1.8278, Acc(1): 25.00, Acc(5): 100.00
2023-06-19 16:38:16,997 - AUGCON - INFO - Epoch [3/50]-(20/22) Loss: 1.8050, Acc(1): 50.00, Acc(5): 100.00
2023-06-19 16:38:16,997 - AUGCON - INFO - 	Validation Loss: 1.7868, Acc(1): 48.00, Acc(5): 98.00, F1: 0.09, Recall: 0.11, Precision: 0.08
2023-06-19 16:38:16,997 - AUGCON - INFO - Epoch [4/50]-(0/22) Loss: 1.8787, Acc(1): 25.00, Acc(5): 100.00
2023-06-19 16:38:16,997 - AUGCON - INFO - Epoch [4/50]-(5/22) Loss: 1.7625, Acc(1): 75.00, Acc(5): 100.00
2023-06-19 16:38:16,997 - AUGCON - INFO - Epoch [4/50]-(10/22) Loss: 2.0647, Acc(1): 0.00, Acc(5): 75.00
2023-06-19 16:38:16,997 - AUGCON - INFO - Epoch [4/50]-(15/22) Loss: 1.8245, Acc(1): 25.00, Acc(5): 75.00
2023-06-19 16:38:16,997 - AUGCON - INFO - Epoch [4/50]-(20/22) Loss: 1.7158, Acc(1): 50.00, Acc(5): 75.00
2023-06-19 16:38:16,998 - AUGCON - INFO - 	Validation Loss: 1.7115, Acc(1): 46.00, Acc(5): 94.00, F1: 0.11, Recall: 0.11, Precision: 0.10
2023-06-19 16:38:16,998 - AUGCON - INFO - Epoch [5/50]-(0/22) Loss: 1.7264, Acc(1): 50.00, Acc(5): 100.00
2023-06-19 16:38:16,998 - AUGCON - INFO - Epoch [5/50]-(5/22) Loss: 1.7921, Acc(1): 50.00, Acc(5): 75.00
2023-06-19 16:38:16,998 - AUGCON - INFO - Epoch [5/50]-(10/22) Loss: 1.9391, Acc(1): 0.00, Acc(5): 100.00
2023-06-19 16:38:16,998 - AUGCON - INFO - Epoch [5/50]-(15/22) Loss: 1.5292, Acc(1): 75.00, Acc(5): 100.00
2023-06-19 16:38:16,998 - AUGCON - INFO - Epoch [5/50]-(20/22) Loss: 1.8867, Acc(1): 25.00, Acc(5): 75.00
2023-06-19 16:38:16,998 - AUGCON - INFO - 	Validation Loss: 1.6012, Acc(1): 62.00, Acc(5): 97.00, F1: 0.13, Recall: 0.13, Precision: 0.13
2023-06-19 16:38:16,998 - AUGCON - INFO - Epoch [6/50]-(0/22) Loss: 1.8309, Acc(1): 0.00, Acc(5): 100.00
2023-06-19 16:38:16,998 - AUGCON - INFO - Epoch [6/50]-(5/22) Loss: 1.6435, Acc(1): 75.00, Acc(5): 100.00
2023-06-19 16:38:16,998 - AUGCON - INFO - Epoch [6/50]-(10/22) Loss: 1.5402, Acc(1): 50.00, Acc(5): 100.00
2023-06-19 16:38:16,999 - AUGCON - INFO - Epoch [6/50]-(15/22) Loss: 1.3576, Acc(1): 75.00, Acc(5): 100.00
2023-06-19 16:38:16,999 - AUGCON - INFO - Epoch [6/50]-(20/22) Loss: 1.3463, Acc(1): 50.00, Acc(5): 100.00
2023-06-19 16:38:16,999 - AUGCON - INFO - 	Validation Loss: 1.5361, Acc(1): 58.00, Acc(5): 97.00, F1: 0.13, Recall: 0.12, Precision: 0.14
2023-06-19 16:38:16,999 - AUGCON - INFO - Epoch [7/50]-(0/22) Loss: 1.8405, Acc(1): 25.00, Acc(5): 100.00
2023-06-19 16:38:16,999 - AUGCON - INFO - Epoch [7/50]-(5/22) Loss: 1.4799, Acc(1): 50.00, Acc(5): 100.00
2023-06-19 16:38:16,999 - AUGCON - INFO - Epoch [7/50]-(10/22) Loss: 1.9407, Acc(1): 25.00, Acc(5): 100.00
2023-06-19 16:38:16,999 - AUGCON - INFO - Epoch [7/50]-(15/22) Loss: 1.2571, Acc(1): 75.00, Acc(5): 100.00
2023-06-19 16:38:16,999 - AUGCON - INFO - Epoch [7/50]-(20/22) Loss: 1.7983, Acc(1): 25.00, Acc(5): 100.00
2023-06-19 16:38:16,999 - AUGCON - INFO - 	Validation Loss: 1.4701, Acc(1): 60.00, Acc(5): 96.00, F1: 0.13, Recall: 0.13, Precision: 0.13
2023-06-19 16:38:17,000 - AUGCON - INFO - Epoch [8/50]-(0/22) Loss: 1.3631, Acc(1): 75.00, Acc(5): 100.00
2023-06-19 16:38:17,000 - AUGCON - INFO - Epoch [8/50]-(5/22) Loss: 1.2132, Acc(1): 50.00, Acc(5): 100.00
2023-06-19 16:38:17,000 - AUGCON - INFO - Epoch [8/50]-(10/22) Loss: 1.6549, Acc(1): 50.00, Acc(5): 100.00
2023-06-19 16:38:17,000 - AUGCON - INFO - Epoch [8/50]-(15/22) Loss: 1.6960, Acc(1): 25.00, Acc(5): 100.00
2023-06-19 16:38:17,000 - AUGCON - INFO - Epoch [8/50]-(20/22) Loss: 1.5889, Acc(1): 25.00, Acc(5): 100.00
2023-06-19 16:38:17,000 - AUGCON - INFO - 	Validation Loss: 1.4658, Acc(1): 59.00, Acc(5): 95.00, F1: 0.13, Recall: 0.11, Precision: 0.15
2023-06-19 16:38:17,000 - AUGCON - INFO - Epoch [9/50]-(0/22) Loss: 1.1755, Acc(1): 75.00, Acc(5): 100.00
2023-06-19 16:38:17,000 - AUGCON - INFO - Epoch [9/50]-(5/22) Loss: 1.6001, Acc(1): 0.00, Acc(5): 100.00
2023-06-19 16:38:17,000 - AUGCON - INFO - Epoch [9/50]-(10/22) Loss: 1.4938, Acc(1): 50.00, Acc(5): 100.00
2023-06-19 16:38:17,000 - AUGCON - INFO - Epoch [9/50]-(15/22) Loss: 1.8144, Acc(1): 25.00, Acc(5): 100.00
2023-06-19 16:38:17,001 - AUGCON - INFO - Epoch [9/50]-(20/22) Loss: 1.4399, Acc(1): 50.00, Acc(5): 100.00
2023-06-19 16:38:17,001 - AUGCON - INFO - 	Validation Loss: 1.4460, Acc(1): 56.00, Acc(5): 97.00, F1: 0.13, Recall: 0.13, Precision: 0.12
2023-06-19 16:38:17,001 - AUGCON - INFO - Epoch [10/50]-(0/22) Loss: 1.2784, Acc(1): 75.00, Acc(5): 100.00
2023-06-19 16:38:17,001 - AUGCON - INFO - Epoch [10/50]-(5/22) Loss: 1.3384, Acc(1): 75.00, Acc(5): 100.00
2023-06-19 16:38:17,001 - AUGCON - INFO - Epoch [10/50]-(10/22) Loss: 1.4711, Acc(1): 50.00, Acc(5): 75.00
2023-06-19 16:38:17,001 - AUGCON - INFO - Epoch [10/50]-(15/22) Loss: 1.0871, Acc(1): 50.00, Acc(5): 100.00
2023-06-19 16:38:17,001 - AUGCON - INFO - Epoch [10/50]-(20/22) Loss: 1.2051, Acc(1): 100.00, Acc(5): 100.00
2023-06-19 16:38:17,001 - AUGCON - INFO - 	Validation Loss: 1.3795, Acc(1): 68.00, Acc(5): 97.00, F1: 0.14, Recall: 0.13, Precision: 0.14
2023-06-19 16:38:17,001 - AUGCON - INFO - Epoch [11/50]-(0/22) Loss: 1.5279, Acc(1): 50.00, Acc(5): 100.00
2023-06-19 16:38:17,001 - AUGCON - INFO - Epoch [11/50]-(5/22) Loss: 1.1236, Acc(1): 50.00, Acc(5): 100.00
2023-06-19 16:38:17,001 - AUGCON - INFO - Epoch [11/50]-(10/22) Loss: 1.6479, Acc(1): 25.00, Acc(5): 100.00
2023-06-19 16:38:17,001 - AUGCON - INFO - Epoch [11/50]-(15/22) Loss: 2.0880, Acc(1): 25.00, Acc(5): 75.00
2023-06-19 16:38:17,002 - AUGCON - INFO - Epoch [11/50]-(20/22) Loss: 1.6964, Acc(1): 25.00, Acc(5): 100.00
2023-06-19 16:38:17,002 - AUGCON - INFO - 	Validation Loss: 1.3612, Acc(1): 57.00, Acc(5): 97.00, F1: 0.12, Recall: 0.13, Precision: 0.12
2023-06-19 16:38:17,002 - AUGCON - INFO - Epoch [12/50]-(0/22) Loss: 1.4384, Acc(1): 50.00, Acc(5): 75.00
2023-06-19 16:38:17,002 - AUGCON - INFO - Epoch [12/50]-(5/22) Loss: 1.3853, Acc(1): 25.00, Acc(5): 100.00
2023-06-19 16:38:17,002 - AUGCON - INFO - Epoch [12/50]-(10/22) Loss: 1.4881, Acc(1): 50.00, Acc(5): 75.00
2023-06-19 16:38:17,002 - AUGCON - INFO - Epoch [12/50]-(15/22) Loss: 1.0770, Acc(1): 75.00, Acc(5): 100.00
2023-06-19 16:38:17,002 - AUGCON - INFO - Epoch [12/50]-(20/22) Loss: 1.1222, Acc(1): 75.00, Acc(5): 100.00
2023-06-19 16:38:17,002 - AUGCON - INFO - 	Validation Loss: 1.3563, Acc(1): 66.00, Acc(5): 96.00, F1: 0.13, Recall: 0.13, Precision: 0.14
2023-06-19 16:38:17,002 - AUGCON - INFO - Epoch [13/50]-(0/22) Loss: 1.2424, Acc(1): 25.00, Acc(5): 100.00
2023-06-19 16:38:17,002 - AUGCON - INFO - Epoch [13/50]-(5/22) Loss: 1.0959, Acc(1): 75.00, Acc(5): 100.00
2023-06-19 16:38:17,002 - AUGCON - INFO - Epoch [13/50]-(10/22) Loss: 1.7110, Acc(1): 0.00, Acc(5): 75.00
2023-06-19 16:38:17,002 - AUGCON - INFO - Epoch [13/50]-(15/22) Loss: 1.2700, Acc(1): 25.00, Acc(5): 100.00
2023-06-19 16:38:17,003 - AUGCON - INFO - Epoch [13/50]-(20/22) Loss: 1.1695, Acc(1): 100.00, Acc(5): 100.00
2023-06-19 16:38:17,003 - AUGCON - INFO - 	Validation Loss: 1.3127, Acc(1): 67.00, Acc(5): 96.00, F1: 0.13, Recall: 0.13, Precision: 0.13
2023-06-19 16:38:17,003 - AUGCON - INFO - Epoch [14/50]-(0/22) Loss: 1.4545, Acc(1): 50.00, Acc(5): 100.00
2023-06-19 16:38:17,003 - AUGCON - INFO - Epoch [14/50]-(5/22) Loss: 1.3951, Acc(1): 0.00, Acc(5): 100.00
2023-06-19 16:38:17,003 - AUGCON - INFO - Epoch [14/50]-(10/22) Loss: 1.3740, Acc(1): 50.00, Acc(5): 100.00
2023-06-19 16:38:17,003 - AUGCON - INFO - Epoch [14/50]-(15/22) Loss: 1.1082, Acc(1): 50.00, Acc(5): 100.00
2023-06-19 16:38:17,003 - AUGCON - INFO - Epoch [14/50]-(20/22) Loss: 1.0691, Acc(1): 100.00, Acc(5): 100.00
2023-06-19 16:38:17,003 - AUGCON - INFO - 	Validation Loss: 1.2945, Acc(1): 66.00, Acc(5): 96.00, F1: 0.14, Recall: 0.13, Precision: 0.15
2023-06-19 16:38:17,003 - AUGCON - INFO - Epoch [15/50]-(0/22) Loss: 0.9197, Acc(1): 75.00, Acc(5): 100.00
2023-06-19 16:38:17,003 - AUGCON - INFO - Epoch [15/50]-(5/22) Loss: 1.2386, Acc(1): 75.00, Acc(5): 100.00
2023-06-19 16:38:17,003 - AUGCON - INFO - Epoch [15/50]-(10/22) Loss: 0.8873, Acc(1): 100.00, Acc(5): 100.00
2023-06-19 16:38:17,004 - AUGCON - INFO - Epoch [15/50]-(15/22) Loss: 1.3748, Acc(1): 75.00, Acc(5): 100.00
2023-06-19 16:38:17,004 - AUGCON - INFO - Epoch [15/50]-(20/22) Loss: 1.1233, Acc(1): 75.00, Acc(5): 100.00
2023-06-19 16:38:17,004 - AUGCON - INFO - 	Validation Loss: 1.2637, Acc(1): 65.00, Acc(5): 97.00, F1: 0.13, Recall: 0.13, Precision: 0.13
2023-06-19 16:38:17,004 - AUGCON - INFO - Epoch [16/50]-(0/22) Loss: 1.2400, Acc(1): 50.00, Acc(5): 100.00
2023-06-19 16:38:17,004 - AUGCON - INFO - Epoch [16/50]-(5/22) Loss: 1.0297, Acc(1): 75.00, Acc(5): 100.00
2023-06-19 16:38:17,004 - AUGCON - INFO - Epoch [16/50]-(10/22) Loss: 1.0167, Acc(1): 75.00, Acc(5): 100.00
2023-06-19 16:38:17,004 - AUGCON - INFO - Epoch [16/50]-(15/22) Loss: 1.2474, Acc(1): 50.00, Acc(5): 100.00
2023-06-19 16:38:17,004 - AUGCON - INFO - Epoch [16/50]-(20/22) Loss: 2.0992, Acc(1): 50.00, Acc(5): 75.00
2023-06-19 16:38:17,004 - AUGCON - INFO - 	Validation Loss: 1.3219, Acc(1): 67.00, Acc(5): 96.00, F1: 0.14, Recall: 0.13, Precision: 0.15
2023-06-19 16:38:17,004 - AUGCON - INFO - Epoch [17/50]-(0/22) Loss: 1.2055, Acc(1): 50.00, Acc(5): 100.00
2023-06-19 16:38:17,004 - AUGCON - INFO - Epoch [17/50]-(5/22) Loss: 1.1430, Acc(1): 50.00, Acc(5): 100.00
2023-06-19 16:38:17,005 - AUGCON - INFO - Epoch [17/50]-(10/22) Loss: 1.2228, Acc(1): 50.00, Acc(5): 100.00
2023-06-19 16:38:17,005 - AUGCON - INFO - Epoch [17/50]-(15/22) Loss: 1.0663, Acc(1): 75.00, Acc(5): 100.00
2023-06-19 16:38:17,005 - AUGCON - INFO - Epoch [17/50]-(20/22) Loss: 1.3263, Acc(1): 50.00, Acc(5): 100.00
2023-06-19 16:38:17,005 - AUGCON - INFO - 	Validation Loss: 1.2393, Acc(1): 72.00, Acc(5): 97.00, F1: 0.14, Recall: 0.14, Precision: 0.14
2023-06-19 16:38:17,005 - AUGCON - INFO - Epoch [18/50]-(0/22) Loss: 1.0959, Acc(1): 75.00, Acc(5): 100.00
2023-06-19 16:38:17,005 - AUGCON - INFO - Epoch [18/50]-(5/22) Loss: 1.2506, Acc(1): 50.00, Acc(5): 100.00
2023-06-19 16:38:17,005 - AUGCON - INFO - Epoch [18/50]-(10/22) Loss: 1.9479, Acc(1): 0.00, Acc(5): 100.00
2023-06-19 16:38:17,005 - AUGCON - INFO - Epoch [18/50]-(15/22) Loss: 1.1288, Acc(1): 75.00, Acc(5): 100.00
2023-06-19 16:38:17,005 - AUGCON - INFO - Epoch [18/50]-(20/22) Loss: 1.4033, Acc(1): 50.00, Acc(5): 100.00
2023-06-19 16:38:17,005 - AUGCON - INFO - 	Validation Loss: 1.2354, Acc(1): 74.00, Acc(5): 96.00, F1: 0.15, Recall: 0.15, Precision: 0.15
2023-06-19 16:38:17,005 - AUGCON - INFO - Epoch [19/50]-(0/22) Loss: 1.1709, Acc(1): 75.00, Acc(5): 100.00
2023-06-19 16:38:17,005 - AUGCON - INFO - Epoch [19/50]-(5/22) Loss: 1.0120, Acc(1): 75.00, Acc(5): 100.00
2023-06-19 16:38:17,006 - AUGCON - INFO - Epoch [19/50]-(10/22) Loss: 0.9861, Acc(1): 50.00, Acc(5): 100.00
2023-06-19 16:38:17,006 - AUGCON - INFO - Epoch [19/50]-(15/22) Loss: 0.8890, Acc(1): 75.00, Acc(5): 100.00
2023-06-19 16:38:17,006 - AUGCON - INFO - Epoch [19/50]-(20/22) Loss: 1.1901, Acc(1): 50.00, Acc(5): 100.00
2023-06-19 16:38:17,006 - AUGCON - INFO - 	Validation Loss: 1.2031, Acc(1): 70.00, Acc(5): 97.00, F1: 0.14, Recall: 0.14, Precision: 0.15
2023-06-19 16:38:17,006 - AUGCON - INFO - Epoch [20/50]-(0/22) Loss: 0.7652, Acc(1): 100.00, Acc(5): 100.00
2023-06-19 16:38:17,006 - AUGCON - INFO - Epoch [20/50]-(5/22) Loss: 1.1910, Acc(1): 75.00, Acc(5): 100.00
2023-06-19 16:38:17,006 - AUGCON - INFO - Epoch [20/50]-(10/22) Loss: 1.3635, Acc(1): 50.00, Acc(5): 100.00
2023-06-19 16:38:17,006 - AUGCON - INFO - Epoch [20/50]-(15/22) Loss: 1.3080, Acc(1): 75.00, Acc(5): 100.00
2023-06-19 16:38:17,006 - AUGCON - INFO - Epoch [20/50]-(20/22) Loss: 0.9402, Acc(1): 75.00, Acc(5): 100.00
2023-06-19 16:38:17,006 - AUGCON - INFO - 	Validation Loss: 1.2643, Acc(1): 69.00, Acc(5): 96.00, F1: 0.14, Recall: 0.14, Precision: 0.14
2023-06-19 16:38:17,006 - AUGCON - INFO - Epoch [21/50]-(0/22) Loss: 0.6590, Acc(1): 100.00, Acc(5): 100.00
2023-06-19 16:38:17,007 - AUGCON - INFO - Epoch [21/50]-(5/22) Loss: 1.1750, Acc(1): 50.00, Acc(5): 100.00
2023-06-19 16:38:17,007 - AUGCON - INFO - Epoch [21/50]-(10/22) Loss: 0.9386, Acc(1): 75.00, Acc(5): 100.00
2023-06-19 16:38:17,007 - AUGCON - INFO - Epoch [21/50]-(15/22) Loss: 1.4845, Acc(1): 50.00, Acc(5): 75.00
2023-06-19 16:38:17,007 - AUGCON - INFO - Epoch [21/50]-(20/22) Loss: 0.9777, Acc(1): 100.00, Acc(5): 100.00
2023-06-19 16:38:17,007 - AUGCON - INFO - 	Validation Loss: 1.1916, Acc(1): 67.00, Acc(5): 96.00, F1: 0.14, Recall: 0.13, Precision: 0.14
2023-06-19 16:38:17,007 - AUGCON - INFO - Epoch [22/50]-(0/22) Loss: 1.4614, Acc(1): 25.00, Acc(5): 100.00
2023-06-19 16:38:17,007 - AUGCON - INFO - Epoch [22/50]-(5/22) Loss: 0.9151, Acc(1): 100.00, Acc(5): 100.00
2023-06-19 16:38:17,007 - AUGCON - INFO - Epoch [22/50]-(10/22) Loss: 1.4631, Acc(1): 25.00, Acc(5): 100.00
2023-06-19 16:38:17,007 - AUGCON - INFO - Epoch [22/50]-(15/22) Loss: 1.4322, Acc(1): 50.00, Acc(5): 100.00
2023-06-19 16:38:17,007 - AUGCON - INFO - Epoch [22/50]-(20/22) Loss: 1.4925, Acc(1): 25.00, Acc(5): 100.00
2023-06-19 16:38:17,007 - AUGCON - INFO - 	Validation Loss: 1.2353, Acc(1): 69.00, Acc(5): 97.00, F1: 0.14, Recall: 0.14, Precision: 0.14
2023-06-19 16:38:17,007 - AUGCON - INFO - Epoch [23/50]-(0/22) Loss: 0.8020, Acc(1): 75.00, Acc(5): 100.00
2023-06-19 16:38:17,008 - AUGCON - INFO - Epoch [23/50]-(5/22) Loss: 1.1079, Acc(1): 75.00, Acc(5): 100.00
2023-06-19 16:38:17,008 - AUGCON - INFO - Epoch [23/50]-(10/22) Loss: 1.1784, Acc(1): 75.00, Acc(5): 75.00
2023-06-19 16:38:17,008 - AUGCON - INFO - Epoch [23/50]-(15/22) Loss: 1.2100, Acc(1): 50.00, Acc(5): 75.00
2023-06-19 16:38:17,008 - AUGCON - INFO - Epoch [23/50]-(20/22) Loss: 0.7790, Acc(1): 75.00, Acc(5): 100.00
2023-06-19 16:38:17,008 - AUGCON - INFO - 	Validation Loss: 1.2002, Acc(1): 66.00, Acc(5): 97.00, F1: 0.14, Recall: 0.14, Precision: 0.13
2023-06-19 16:38:17,008 - AUGCON - INFO - Epoch [24/50]-(0/22) Loss: 0.8505, Acc(1): 75.00, Acc(5): 100.00
2023-06-19 16:38:17,008 - AUGCON - INFO - Epoch [24/50]-(5/22) Loss: 1.2422, Acc(1): 50.00, Acc(5): 100.00
2023-06-19 16:38:17,008 - AUGCON - INFO - Epoch [24/50]-(10/22) Loss: 0.8973, Acc(1): 75.00, Acc(5): 100.00
2023-06-19 16:38:17,008 - AUGCON - INFO - Epoch [24/50]-(15/22) Loss: 1.5067, Acc(1): 50.00, Acc(5): 100.00
2023-06-19 16:38:17,008 - AUGCON - INFO - Epoch [24/50]-(20/22) Loss: 0.9849, Acc(1): 75.00, Acc(5): 100.00
2023-06-19 16:38:17,008 - AUGCON - INFO - 	Validation Loss: 1.1891, Acc(1): 70.00, Acc(5): 97.00, F1: 0.14, Recall: 0.14, Precision: 0.15
2023-06-19 16:38:17,009 - AUGCON - INFO - Epoch [25/50]-(0/22) Loss: 1.2859, Acc(1): 50.00, Acc(5): 100.00
2023-06-19 16:38:17,009 - AUGCON - INFO - Epoch [25/50]-(5/22) Loss: 1.2857, Acc(1): 50.00, Acc(5): 100.00
2023-06-19 16:38:17,009 - AUGCON - INFO - Epoch [25/50]-(10/22) Loss: 1.2175, Acc(1): 75.00, Acc(5): 100.00
2023-06-19 16:38:17,009 - AUGCON - INFO - Epoch [25/50]-(15/22) Loss: 1.7527, Acc(1): 50.00, Acc(5): 100.00
2023-06-19 16:38:17,009 - AUGCON - INFO - Epoch [25/50]-(20/22) Loss: 0.9878, Acc(1): 75.00, Acc(5): 100.00
2023-06-19 16:38:17,009 - AUGCON - INFO - 	Validation Loss: 1.2057, Acc(1): 69.00, Acc(5): 97.00, F1: 0.14, Recall: 0.14, Precision: 0.15
2023-06-19 16:38:17,009 - AUGCON - INFO - Epoch [26/50]-(0/22) Loss: 1.0867, Acc(1): 50.00, Acc(5): 100.00
2023-06-19 16:38:17,009 - AUGCON - INFO - Epoch [26/50]-(5/22) Loss: 0.7405, Acc(1): 75.00, Acc(5): 100.00
2023-06-19 16:38:17,009 - AUGCON - INFO - Epoch [26/50]-(10/22) Loss: 0.8975, Acc(1): 75.00, Acc(5): 100.00
2023-06-19 16:38:17,009 - AUGCON - INFO - Epoch [26/50]-(15/22) Loss: 0.4626, Acc(1): 100.00, Acc(5): 100.00
2023-06-19 16:38:17,009 - AUGCON - INFO - Epoch [26/50]-(20/22) Loss: 1.0777, Acc(1): 50.00, Acc(5): 100.00
2023-06-19 16:38:17,010 - AUGCON - INFO - 	Validation Loss: 1.1335, Acc(1): 72.00, Acc(5): 97.00, F1: 0.15, Recall: 0.14, Precision: 0.16
2023-06-19 16:38:17,010 - AUGCON - INFO - Epoch [27/50]-(0/22) Loss: 1.0705, Acc(1): 50.00, Acc(5): 100.00
2023-06-19 16:38:17,010 - AUGCON - INFO - Epoch [27/50]-(5/22) Loss: 1.0449, Acc(1): 75.00, Acc(5): 100.00
2023-06-19 16:38:17,010 - AUGCON - INFO - Epoch [27/50]-(10/22) Loss: 0.8412, Acc(1): 100.00, Acc(5): 100.00
2023-06-19 16:38:17,010 - AUGCON - INFO - Epoch [27/50]-(15/22) Loss: 0.9572, Acc(1): 75.00, Acc(5): 100.00
2023-06-19 16:38:17,010 - AUGCON - INFO - Epoch [27/50]-(20/22) Loss: 1.7614, Acc(1): 25.00, Acc(5): 75.00
2023-06-19 16:38:17,010 - AUGCON - INFO - 	Validation Loss: 1.1716, Acc(1): 70.00, Acc(5): 97.00, F1: 0.14, Recall: 0.14, Precision: 0.14
2023-06-19 16:38:17,010 - AUGCON - INFO - Epoch [28/50]-(0/22) Loss: 1.5310, Acc(1): 50.00, Acc(5): 75.00
2023-06-19 16:38:17,010 - AUGCON - INFO - Epoch [28/50]-(5/22) Loss: 1.1687, Acc(1): 75.00, Acc(5): 100.00
2023-06-19 16:38:17,010 - AUGCON - INFO - Epoch [28/50]-(10/22) Loss: 1.0892, Acc(1): 50.00, Acc(5): 100.00
2023-06-19 16:38:17,010 - AUGCON - INFO - Epoch [28/50]-(15/22) Loss: 1.0814, Acc(1): 75.00, Acc(5): 100.00
2023-06-19 16:38:17,011 - AUGCON - INFO - Epoch [28/50]-(20/22) Loss: 0.9872, Acc(1): 75.00, Acc(5): 100.00
2023-06-19 16:38:17,011 - AUGCON - INFO - 	Validation Loss: 1.1561, Acc(1): 70.00, Acc(5): 97.00, F1: 0.14, Recall: 0.14, Precision: 0.14
2023-06-19 16:38:17,011 - AUGCON - INFO - Epoch [29/50]-(0/22) Loss: 0.5623, Acc(1): 100.00, Acc(5): 100.00
2023-06-19 16:38:17,011 - AUGCON - INFO - Epoch [29/50]-(5/22) Loss: 1.5652, Acc(1): 75.00, Acc(5): 100.00
2023-06-19 16:38:17,011 - AUGCON - INFO - Epoch [29/50]-(10/22) Loss: 1.0310, Acc(1): 75.00, Acc(5): 100.00
2023-06-19 16:38:17,011 - AUGCON - INFO - Epoch [29/50]-(15/22) Loss: 0.8755, Acc(1): 75.00, Acc(5): 100.00
2023-06-19 16:38:17,011 - AUGCON - INFO - Epoch [29/50]-(20/22) Loss: 1.3512, Acc(1): 0.00, Acc(5): 100.00
2023-06-19 16:38:17,011 - AUGCON - INFO - 	Validation Loss: 1.1655, Acc(1): 67.00, Acc(5): 96.00, F1: 0.14, Recall: 0.13, Precision: 0.15
2023-06-19 16:38:17,011 - AUGCON - INFO - Epoch [30/50]-(0/22) Loss: 1.0434, Acc(1): 75.00, Acc(5): 100.00
2023-06-19 16:38:17,011 - AUGCON - INFO - Epoch [30/50]-(5/22) Loss: 1.0836, Acc(1): 50.00, Acc(5): 100.00
2023-06-19 16:38:17,011 - AUGCON - INFO - Epoch [30/50]-(10/22) Loss: 0.7092, Acc(1): 100.00, Acc(5): 100.00
2023-06-19 16:38:17,011 - AUGCON - INFO - Epoch [30/50]-(15/22) Loss: 0.6789, Acc(1): 100.00, Acc(5): 100.00
2023-06-19 16:38:17,012 - AUGCON - INFO - Epoch [30/50]-(20/22) Loss: 0.9303, Acc(1): 75.00, Acc(5): 100.00
2023-06-19 16:38:17,012 - AUGCON - INFO - 	Validation Loss: 1.1519, Acc(1): 72.00, Acc(5): 97.00, F1: 0.15, Recall: 0.14, Precision: 0.15
2023-06-19 16:38:17,012 - AUGCON - INFO - Epoch [31/50]-(0/22) Loss: 1.3504, Acc(1): 25.00, Acc(5): 100.00
2023-06-19 16:38:17,012 - AUGCON - INFO - Epoch [31/50]-(5/22) Loss: 1.0723, Acc(1): 75.00, Acc(5): 100.00
2023-06-19 16:38:17,012 - AUGCON - INFO - Epoch [31/50]-(10/22) Loss: 1.1002, Acc(1): 50.00, Acc(5): 100.00
2023-06-19 16:38:17,012 - AUGCON - INFO - Epoch [31/50]-(15/22) Loss: 1.1040, Acc(1): 50.00, Acc(5): 100.00
2023-06-19 16:38:17,012 - AUGCON - INFO - Epoch [31/50]-(20/22) Loss: 1.0597, Acc(1): 75.00, Acc(5): 100.00
2023-06-19 16:38:17,012 - AUGCON - INFO - 	Validation Loss: 1.1630, Acc(1): 69.00, Acc(5): 97.00, F1: 0.14, Recall: 0.14, Precision: 0.14
2023-06-19 16:38:17,012 - AUGCON - INFO - Epoch [32/50]-(0/22) Loss: 0.5276, Acc(1): 100.00, Acc(5): 100.00
2023-06-19 16:38:17,012 - AUGCON - INFO - Epoch [32/50]-(5/22) Loss: 1.0028, Acc(1): 50.00, Acc(5): 100.00
2023-06-19 16:38:17,012 - AUGCON - INFO - Epoch [32/50]-(10/22) Loss: 0.8147, Acc(1): 75.00, Acc(5): 100.00
2023-06-19 16:38:17,013 - AUGCON - INFO - Epoch [32/50]-(15/22) Loss: 0.8471, Acc(1): 100.00, Acc(5): 100.00
2023-06-19 16:38:17,013 - AUGCON - INFO - Epoch [32/50]-(20/22) Loss: 1.8770, Acc(1): 0.00, Acc(5): 100.00
2023-06-19 16:38:17,013 - AUGCON - INFO - 	Validation Loss: 1.1910, Acc(1): 65.00, Acc(5): 97.00, F1: 0.13, Recall: 0.13, Precision: 0.14
2023-06-19 16:38:17,013 - AUGCON - INFO - Epoch [33/50]-(0/22) Loss: 0.4891, Acc(1): 75.00, Acc(5): 100.00
2023-06-19 16:38:17,013 - AUGCON - INFO - Epoch [33/50]-(5/22) Loss: 1.0051, Acc(1): 50.00, Acc(5): 100.00
2023-06-19 16:38:17,013 - AUGCON - INFO - Epoch [33/50]-(10/22) Loss: 0.8724, Acc(1): 75.00, Acc(5): 100.00
2023-06-19 16:38:17,013 - AUGCON - INFO - Epoch [33/50]-(15/22) Loss: 1.4102, Acc(1): 50.00, Acc(5): 75.00
2023-06-19 16:38:17,013 - AUGCON - INFO - Epoch [33/50]-(20/22) Loss: 1.3540, Acc(1): 50.00, Acc(5): 100.00
2023-06-19 16:38:17,013 - AUGCON - INFO - 	Validation Loss: 1.1870, Acc(1): 67.00, Acc(5): 96.00, F1: 0.14, Recall: 0.13, Precision: 0.15
2023-06-19 16:38:17,013 - AUGCON - INFO - Epoch [34/50]-(0/22) Loss: 0.8921, Acc(1): 100.00, Acc(5): 100.00
2023-06-19 16:38:17,014 - AUGCON - INFO - Epoch [34/50]-(5/22) Loss: 0.8231, Acc(1): 50.00, Acc(5): 100.00
2023-06-19 16:38:17,014 - AUGCON - INFO - Epoch [34/50]-(10/22) Loss: 0.6464, Acc(1): 100.00, Acc(5): 100.00
2023-06-19 16:38:17,014 - AUGCON - INFO - Epoch [34/50]-(15/22) Loss: 1.3953, Acc(1): 50.00, Acc(5): 75.00
2023-06-19 16:38:17,014 - AUGCON - INFO - Epoch [34/50]-(20/22) Loss: 1.5619, Acc(1): 50.00, Acc(5): 100.00
2023-06-19 16:38:17,014 - AUGCON - INFO - 	Validation Loss: 1.1301, Acc(1): 68.00, Acc(5): 96.00, F1: 0.14, Recall: 0.14, Precision: 0.15
2023-06-19 16:38:17,014 - AUGCON - INFO - Epoch [35/50]-(0/22) Loss: 1.7254, Acc(1): 25.00, Acc(5): 100.00
2023-06-19 16:38:17,014 - AUGCON - INFO - Epoch [35/50]-(5/22) Loss: 0.9278, Acc(1): 75.00, Acc(5): 100.00
2023-06-19 16:38:17,014 - AUGCON - INFO - Epoch [35/50]-(10/22) Loss: 0.4168, Acc(1): 100.00, Acc(5): 100.00
2023-06-19 16:38:17,014 - AUGCON - INFO - Epoch [35/50]-(15/22) Loss: 1.2287, Acc(1): 50.00, Acc(5): 100.00
2023-06-19 16:38:17,014 - AUGCON - INFO - Epoch [35/50]-(20/22) Loss: 1.0235, Acc(1): 75.00, Acc(5): 100.00
2023-06-19 16:38:17,014 - AUGCON - INFO - 	Validation Loss: 1.1357, Acc(1): 68.00, Acc(5): 97.00, F1: 0.14, Recall: 0.13, Precision: 0.15
2023-06-19 16:38:17,014 - AUGCON - INFO - Epoch [36/50]-(0/22) Loss: 0.6894, Acc(1): 100.00, Acc(5): 100.00
2023-06-19 16:38:17,015 - AUGCON - INFO - Epoch [36/50]-(5/22) Loss: 1.1705, Acc(1): 75.00, Acc(5): 100.00
2023-06-19 16:38:17,015 - AUGCON - INFO - Epoch [36/50]-(10/22) Loss: 1.3394, Acc(1): 50.00, Acc(5): 100.00
2023-06-19 16:38:17,015 - AUGCON - INFO - Epoch [36/50]-(15/22) Loss: 1.0320, Acc(1): 25.00, Acc(5): 100.00
2023-06-19 16:38:17,015 - AUGCON - INFO - Epoch [36/50]-(20/22) Loss: 1.4822, Acc(1): 50.00, Acc(5): 100.00
2023-06-19 16:38:17,015 - AUGCON - INFO - 	Validation Loss: 1.1507, Acc(1): 72.00, Acc(5): 96.00, F1: 0.15, Recall: 0.14, Precision: 0.17
2023-06-19 16:38:17,015 - AUGCON - INFO - Epoch [37/50]-(0/22) Loss: 0.6883, Acc(1): 100.00, Acc(5): 100.00
2023-06-19 16:38:17,015 - AUGCON - INFO - Epoch [37/50]-(5/22) Loss: 1.3731, Acc(1): 50.00, Acc(5): 75.00
2023-06-19 16:38:17,015 - AUGCON - INFO - Epoch [37/50]-(10/22) Loss: 0.5498, Acc(1): 75.00, Acc(5): 100.00
2023-06-19 16:38:17,015 - AUGCON - INFO - Epoch [37/50]-(15/22) Loss: 0.6085, Acc(1): 100.00, Acc(5): 100.00
2023-06-19 16:38:17,015 - AUGCON - INFO - Epoch [37/50]-(20/22) Loss: 1.5273, Acc(1): 25.00, Acc(5): 100.00
2023-06-19 16:38:17,015 - AUGCON - INFO - 	Validation Loss: 1.1171, Acc(1): 69.00, Acc(5): 97.00, F1: 0.14, Recall: 0.14, Precision: 0.14
2023-06-19 16:38:17,016 - AUGCON - INFO - Epoch [38/50]-(0/22) Loss: 0.6076, Acc(1): 100.00, Acc(5): 100.00
2023-06-19 16:38:17,016 - AUGCON - INFO - Epoch [38/50]-(5/22) Loss: 0.5674, Acc(1): 75.00, Acc(5): 100.00
2023-06-19 16:38:17,016 - AUGCON - INFO - Epoch [38/50]-(10/22) Loss: 1.0497, Acc(1): 75.00, Acc(5): 100.00
2023-06-19 16:38:17,016 - AUGCON - INFO - Epoch [38/50]-(15/22) Loss: 0.8230, Acc(1): 100.00, Acc(5): 100.00
2023-06-19 16:38:17,016 - AUGCON - INFO - Epoch [38/50]-(20/22) Loss: 0.7217, Acc(1): 100.00, Acc(5): 100.00
2023-06-19 16:38:17,016 - AUGCON - INFO - 	Validation Loss: 1.1623, Acc(1): 70.00, Acc(5): 96.00, F1: 0.14, Recall: 0.14, Precision: 0.15
2023-06-19 16:38:17,016 - AUGCON - INFO - Epoch [39/50]-(0/22) Loss: 0.7726, Acc(1): 75.00, Acc(5): 100.00
2023-06-19 16:38:17,016 - AUGCON - INFO - Epoch [39/50]-(5/22) Loss: 1.0463, Acc(1): 50.00, Acc(5): 100.00
2023-06-19 16:38:17,016 - AUGCON - INFO - Epoch [39/50]-(10/22) Loss: 0.8993, Acc(1): 50.00, Acc(5): 100.00
2023-06-19 16:38:17,016 - AUGCON - INFO - Epoch [39/50]-(15/22) Loss: 1.1464, Acc(1): 75.00, Acc(5): 100.00
2023-06-19 16:38:17,017 - AUGCON - INFO - Epoch [39/50]-(20/22) Loss: 1.2646, Acc(1): 50.00, Acc(5): 100.00
2023-06-19 16:38:17,017 - AUGCON - INFO - 	Validation Loss: 1.1395, Acc(1): 72.00, Acc(5): 96.00, F1: 0.15, Recall: 0.14, Precision: 0.16
2023-06-19 16:38:17,017 - AUGCON - INFO - Epoch [40/50]-(0/22) Loss: 0.8466, Acc(1): 75.00, Acc(5): 100.00
2023-06-19 16:38:17,017 - AUGCON - INFO - Epoch [40/50]-(5/22) Loss: 0.9058, Acc(1): 75.00, Acc(5): 100.00
2023-06-19 16:38:17,017 - AUGCON - INFO - Epoch [40/50]-(10/22) Loss: 1.1320, Acc(1): 50.00, Acc(5): 100.00
2023-06-19 16:38:17,017 - AUGCON - INFO - Epoch [40/50]-(15/22) Loss: 1.4896, Acc(1): 50.00, Acc(5): 100.00
2023-06-19 16:38:17,017 - AUGCON - INFO - Epoch [40/50]-(20/22) Loss: 1.0885, Acc(1): 75.00, Acc(5): 100.00
2023-06-19 16:38:17,017 - AUGCON - INFO - 	Validation Loss: 1.1413, Acc(1): 70.00, Acc(5): 97.00, F1: 0.14, Recall: 0.14, Precision: 0.14
2023-06-19 16:38:17,017 - AUGCON - INFO - Epoch [41/50]-(0/22) Loss: 0.7986, Acc(1): 50.00, Acc(5): 100.00
2023-06-19 16:38:17,018 - AUGCON - INFO - Epoch [41/50]-(5/22) Loss: 0.7384, Acc(1): 75.00, Acc(5): 100.00
2023-06-19 16:38:17,018 - AUGCON - INFO - Epoch [41/50]-(10/22) Loss: 0.6872, Acc(1): 75.00, Acc(5): 100.00
2023-06-19 16:38:17,018 - AUGCON - INFO - Epoch [41/50]-(15/22) Loss: 1.2091, Acc(1): 75.00, Acc(5): 100.00
2023-06-19 16:38:17,018 - AUGCON - INFO - Epoch [41/50]-(20/22) Loss: 1.1223, Acc(1): 50.00, Acc(5): 100.00
2023-06-19 16:38:17,018 - AUGCON - INFO - 	Validation Loss: 1.0759, Acc(1): 73.00, Acc(5): 97.00, F1: 0.15, Recall: 0.14, Precision: 0.15
2023-06-19 16:38:17,018 - AUGCON - INFO - Epoch [42/50]-(0/22) Loss: 1.3151, Acc(1): 75.00, Acc(5): 100.00
2023-06-19 16:38:17,018 - AUGCON - INFO - Epoch [42/50]-(5/22) Loss: 0.6207, Acc(1): 75.00, Acc(5): 100.00
2023-06-19 16:38:17,018 - AUGCON - INFO - Epoch [42/50]-(10/22) Loss: 1.0020, Acc(1): 50.00, Acc(5): 100.00
2023-06-19 16:38:17,018 - AUGCON - INFO - Epoch [42/50]-(15/22) Loss: 1.0238, Acc(1): 75.00, Acc(5): 100.00
2023-06-19 16:38:17,018 - AUGCON - INFO - Epoch [42/50]-(20/22) Loss: 0.7868, Acc(1): 50.00, Acc(5): 100.00
2023-06-19 16:38:17,019 - AUGCON - INFO - 	Validation Loss: 1.0793, Acc(1): 73.00, Acc(5): 97.00, F1: 0.15, Recall: 0.14, Precision: 0.15
2023-06-19 16:38:17,019 - AUGCON - INFO - Epoch [43/50]-(0/22) Loss: 0.5263, Acc(1): 100.00, Acc(5): 100.00
2023-06-19 16:38:17,019 - AUGCON - INFO - Epoch [43/50]-(5/22) Loss: 0.2292, Acc(1): 100.00, Acc(5): 100.00
2023-06-19 16:38:17,019 - AUGCON - INFO - Epoch [43/50]-(10/22) Loss: 1.0428, Acc(1): 50.00, Acc(5): 100.00
2023-06-19 16:38:17,019 - AUGCON - INFO - Epoch [43/50]-(15/22) Loss: 0.6168, Acc(1): 75.00, Acc(5): 100.00
2023-06-19 16:38:17,019 - AUGCON - INFO - Epoch [43/50]-(20/22) Loss: 0.6736, Acc(1): 75.00, Acc(5): 100.00
2023-06-19 16:38:17,019 - AUGCON - INFO - 	Validation Loss: 1.1303, Acc(1): 70.00, Acc(5): 96.00, F1: 0.15, Recall: 0.14, Precision: 0.15
2023-06-19 16:38:17,019 - AUGCON - INFO - Epoch [44/50]-(0/22) Loss: 0.2902, Acc(1): 100.00, Acc(5): 100.00
2023-06-19 16:38:17,019 - AUGCON - INFO - Epoch [44/50]-(5/22) Loss: 0.6626, Acc(1): 100.00, Acc(5): 100.00
2023-06-19 16:38:17,019 - AUGCON - INFO - Epoch [44/50]-(10/22) Loss: 0.9933, Acc(1): 75.00, Acc(5): 75.00
2023-06-19 16:38:17,020 - AUGCON - INFO - Epoch [44/50]-(15/22) Loss: 1.2467, Acc(1): 75.00, Acc(5): 100.00
2023-06-19 16:38:17,020 - AUGCON - INFO - Epoch [44/50]-(20/22) Loss: 1.6580, Acc(1): 0.00, Acc(5): 100.00
2023-06-19 16:38:17,020 - AUGCON - INFO - 	Validation Loss: 1.0976, Acc(1): 70.00, Acc(5): 95.00, F1: 0.15, Recall: 0.14, Precision: 0.16
2023-06-19 16:38:17,020 - AUGCON - INFO - Epoch [45/50]-(0/22) Loss: 1.1924, Acc(1): 75.00, Acc(5): 100.00
2023-06-19 16:38:17,020 - AUGCON - INFO - Epoch [45/50]-(5/22) Loss: 1.2005, Acc(1): 25.00, Acc(5): 100.00
2023-06-19 16:38:17,020 - AUGCON - INFO - Epoch [45/50]-(10/22) Loss: 0.3997, Acc(1): 100.00, Acc(5): 100.00
2023-06-19 16:38:17,020 - AUGCON - INFO - Epoch [45/50]-(15/22) Loss: 1.0495, Acc(1): 75.00, Acc(5): 100.00
2023-06-19 16:38:17,020 - AUGCON - INFO - Epoch [45/50]-(20/22) Loss: 1.6440, Acc(1): 25.00, Acc(5): 100.00
2023-06-19 16:38:17,020 - AUGCON - INFO - 	Validation Loss: 1.1424, Acc(1): 71.00, Acc(5): 97.00, F1: 0.15, Recall: 0.14, Precision: 0.15
2023-06-19 16:38:17,020 - AUGCON - INFO - Epoch [46/50]-(0/22) Loss: 0.5746, Acc(1): 75.00, Acc(5): 100.00
2023-06-19 16:38:17,020 - AUGCON - INFO - Epoch [46/50]-(5/22) Loss: 0.6391, Acc(1): 100.00, Acc(5): 100.00
2023-06-19 16:38:17,020 - AUGCON - INFO - Epoch [46/50]-(10/22) Loss: 0.8140, Acc(1): 50.00, Acc(5): 100.00
2023-06-19 16:38:17,021 - AUGCON - INFO - Epoch [46/50]-(15/22) Loss: 0.9437, Acc(1): 75.00, Acc(5): 100.00
2023-06-19 16:38:17,021 - AUGCON - INFO - Epoch [46/50]-(20/22) Loss: 0.6520, Acc(1): 75.00, Acc(5): 100.00
2023-06-19 16:38:17,021 - AUGCON - INFO - 	Validation Loss: 1.0803, Acc(1): 69.00, Acc(5): 97.00, F1: 0.14, Recall: 0.13, Precision: 0.15
2023-06-19 16:38:17,021 - AUGCON - INFO - Epoch [47/50]-(0/22) Loss: 1.0063, Acc(1): 75.00, Acc(5): 100.00
2023-06-19 16:38:17,021 - AUGCON - INFO - Epoch [47/50]-(5/22) Loss: 0.3617, Acc(1): 100.00, Acc(5): 100.00
2023-06-19 16:38:17,021 - AUGCON - INFO - Epoch [47/50]-(10/22) Loss: 0.5638, Acc(1): 100.00, Acc(5): 100.00
2023-06-19 16:38:17,021 - AUGCON - INFO - Epoch [47/50]-(15/22) Loss: 1.1101, Acc(1): 50.00, Acc(5): 100.00
2023-06-19 16:38:17,021 - AUGCON - INFO - Epoch [47/50]-(20/22) Loss: 0.9063, Acc(1): 75.00, Acc(5): 100.00
2023-06-19 16:38:17,021 - AUGCON - INFO - 	Validation Loss: 1.0555, Acc(1): 73.00, Acc(5): 97.00, F1: 0.15, Recall: 0.14, Precision: 0.15
2023-06-19 16:38:17,021 - AUGCON - INFO - Epoch [48/50]-(0/22) Loss: 0.5328, Acc(1): 100.00, Acc(5): 100.00
2023-06-19 16:38:17,021 - AUGCON - INFO - Epoch [48/50]-(5/22) Loss: 1.0325, Acc(1): 50.00, Acc(5): 100.00
2023-06-19 16:38:17,021 - AUGCON - INFO - Epoch [48/50]-(10/22) Loss: 0.7698, Acc(1): 75.00, Acc(5): 100.00
2023-06-19 16:38:17,021 - AUGCON - INFO - Epoch [48/50]-(15/22) Loss: 0.8081, Acc(1): 50.00, Acc(5): 100.00
2023-06-19 16:38:17,021 - AUGCON - INFO - Epoch [48/50]-(20/22) Loss: 1.3694, Acc(1): 50.00, Acc(5): 100.00
2023-06-19 16:38:17,021 - AUGCON - INFO - 	Validation Loss: 1.1201, Acc(1): 73.00, Acc(5): 97.00, F1: 0.15, Recall: 0.15, Precision: 0.15
2023-06-19 16:38:17,022 - AUGCON - INFO - Epoch [49/50]-(0/22) Loss: 0.8415, Acc(1): 50.00, Acc(5): 100.00
2023-06-19 16:38:17,022 - AUGCON - INFO - Epoch [49/50]-(5/22) Loss: 0.8789, Acc(1): 75.00, Acc(5): 100.00
2023-06-19 16:38:17,022 - AUGCON - INFO - Epoch [49/50]-(10/22) Loss: 1.2448, Acc(1): 50.00, Acc(5): 100.00
2023-06-19 16:38:17,022 - AUGCON - INFO - Epoch [49/50]-(15/22) Loss: 0.2740, Acc(1): 100.00, Acc(5): 100.00
2023-06-19 16:38:17,022 - AUGCON - INFO - Epoch [49/50]-(20/22) Loss: 0.7556, Acc(1): 75.00, Acc(5): 100.00
2023-06-19 16:38:17,022 - AUGCON - INFO - 	Validation Loss: 1.1099, Acc(1): 74.00, Acc(5): 96.00, F1: 0.15, Recall: 0.15, Precision: 0.16
2023-06-19 16:38:17,022 - AUGCON - INFO - Epoch [50/50]-(0/22) Loss: 1.5530, Acc(1): 25.00, Acc(5): 100.00
2023-06-19 16:38:17,022 - AUGCON - INFO - Epoch [50/50]-(5/22) Loss: 0.8204, Acc(1): 75.00, Acc(5): 100.00
2023-06-19 16:38:17,022 - AUGCON - INFO - Epoch [50/50]-(10/22) Loss: 0.5902, Acc(1): 75.00, Acc(5): 100.00
2023-06-19 16:38:17,022 - AUGCON - INFO - Epoch [50/50]-(15/22) Loss: 0.6838, Acc(1): 50.00, Acc(5): 100.00
2023-06-19 16:38:17,022 - AUGCON - INFO - Epoch [50/50]-(20/22) Loss: 0.9395, Acc(1): 75.00, Acc(5): 100.00
2023-06-19 16:38:17,022 - AUGCON - INFO - 	Validation Loss: 1.1025, Acc(1): 69.00, Acc(5): 97.00, F1: 0.14, Recall: 0.14, Precision: 0.14
2023-06-19 16:38:17,022 - AUGCON - INFO - 	Validation Loss: 1.0371, Acc(1): 72.67, Acc(5): 96.67, F1: 0.17, Recall: 0.17, Precision: 0.17
