2023-06-19 16:47:37,199 - AUGCON - INFO - logger initialized (/home/hjyoon/projects/augcon/config/exp0/finetune_da_true/without_target_domain_PH0038-iygoo/metacpc_random_8421/tgt_target_domain_PH0014-wjlee_seed0.yaml.log)
2023-06-19 16:47:37,199 - AUGCON - INFO - ================= Config =================
2023-06-19 16:47:37,199 - AUGCON - INFO -   mode: finetune
2023-06-19 16:47:37,199 - AUGCON - INFO -   seed: 0
2023-06-19 16:47:37,199 - AUGCON - INFO -   gpu: [4]
2023-06-19 16:47:37,199 - AUGCON - INFO -   num_workers: 1
2023-06-19 16:47:37,199 - AUGCON - INFO -   dist_url: tcp://localhost:10001
2023-06-19 16:47:37,199 - AUGCON - INFO -   dataset_name: ichar
2023-06-19 16:47:37,199 - AUGCON - INFO -   train_dataset_path: /mnt/sting/hjyoon/projects/cross/ICHAR/augcon/target_domain_PH0014-wjlee/finetune/10shot/target/train.pkl
2023-06-19 16:47:37,199 - AUGCON - INFO -   test_dataset_path: /mnt/sting/hjyoon/projects/cross/ICHAR/augcon/target_domain_PH0014-wjlee/finetune/10shot/target/test.pkl
2023-06-19 16:47:37,199 - AUGCON - INFO -   val_dataset_path: /mnt/sting/hjyoon/projects/cross/ICHAR/augcon/target_domain_PH0014-wjlee/finetune/10shot/target/val.pkl
2023-06-19 16:47:37,199 - AUGCON - INFO -   input_channels: 3
2023-06-19 16:47:37,199 - AUGCON - INFO -   num_cls: 9
2023-06-19 16:47:37,200 - AUGCON - INFO -   optimizer: adam
2023-06-19 16:47:37,200 - AUGCON - INFO -   criterion: crossentropy
2023-06-19 16:47:37,200 - AUGCON - INFO -   start_epoch: 0
2023-06-19 16:47:37,200 - AUGCON - INFO -   epochs: 50
2023-06-19 16:47:37,200 - AUGCON - INFO -   batch_size: 4
2023-06-19 16:47:37,200 - AUGCON - INFO -   lr: 0.001
2023-06-19 16:47:37,200 - AUGCON - INFO -   wd: 0.0
2023-06-19 16:47:37,200 - AUGCON - INFO -   resume: 
2023-06-19 16:47:37,200 - AUGCON - INFO -   pretrained: /mnt/sting/hjyoon/projects/augcontrast/models/exp0/pretrain/without_target_domain_PH0038-iygoo/metacpc_random_8421/checkpoint_0999.pth.tar
2023-06-19 16:47:37,200 - AUGCON - INFO -   ckpt_dir: /mnt/sting/hjyoon/projects/augcontrast/models/exp0/finetune_da_true/without_target_domain_PH0038-iygoo/metacpc_random_8421/tgt_target_domain_PH0014-wjlee_seed0
2023-06-19 16:47:37,200 - AUGCON - INFO -   log_freq: 5
2023-06-19 16:47:37,200 - AUGCON - INFO -   save_freq: 10
2023-06-19 16:47:37,200 - AUGCON - INFO -   pretext: metacpc
2023-06-19 16:47:37,200 - AUGCON - INFO -   enc_blocks: 4
2023-06-19 16:47:37,200 - AUGCON - INFO -   kernel_sizes: [8, 4, 2, 1]
2023-06-19 16:47:37,200 - AUGCON - INFO -   strides: [4, 2, 1, 1]
2023-06-19 16:47:37,200 - AUGCON - INFO -   agg_blocks: 5
2023-06-19 16:47:37,200 - AUGCON - INFO -   z_dim: 256
2023-06-19 16:47:37,200 - AUGCON - INFO -   pooling: mean
2023-06-19 16:47:37,200 - AUGCON - INFO -   pred_steps: 12
2023-06-19 16:47:37,200 - AUGCON - INFO -   n_negatives: 15
2023-06-19 16:47:37,200 - AUGCON - INFO -   offset: 4
2023-06-19 16:47:37,200 - AUGCON - INFO -   domain_adaptation: True
2023-06-19 16:47:37,200 - AUGCON - INFO -   task_steps: 10
2023-06-19 16:47:37,200 - AUGCON - INFO -   task_lr: 0.001
2023-06-19 16:47:37,200 - AUGCON - INFO -   reg_lambda: 0
2023-06-19 16:47:37,200 - AUGCON - INFO -   mlp: False
2023-06-19 16:47:37,200 - AUGCON - INFO -   freeze: True
2023-06-19 16:47:37,200 - AUGCON - INFO -   no_vars: False
2023-06-19 16:47:37,200 - AUGCON - INFO - ==========================================
2023-06-19 16:47:37,200 - AUGCON - INFO - Setting GPUs: [4]
2023-06-19 16:47:37,200 - AUGCON - INFO - GPUs [4] will be used
2023-06-19 16:47:37,201 - AUGCON - WARNING - You have chosen to seed training. 
2023-06-19 16:47:37,201 - AUGCON - WARNING - This will turn on the CUDNN deterministic setting, 
2023-06-19 16:47:37,201 - AUGCON - WARNING - which can slow down your training considerably! 
2023-06-19 16:47:37,201 - AUGCON - WARNING - You may see unexpected behavior when restarting 
2023-06-19 16:47:37,201 - AUGCON - WARNING - from checkpoints.
2023-06-19 16:47:37,224 - AUGCON - INFO - Executing MetaCPC
2023-06-19 16:47:37,224 - AUGCON - INFO - Logs are skipped during training
2023-06-19 16:47:55,692 - AUGCON - INFO - Single GPU is used for training - training 90 instances for each worker
2023-06-19 16:47:55,692 - AUGCON - INFO - Loading pretrained model from checkpoint - /mnt/sting/hjyoon/projects/augcontrast/models/exp0/pretrain/without_target_domain_PH0038-iygoo/metacpc_random_8421/checkpoint_0999.pth.tar
2023-06-19 16:47:55,693 - AUGCON - INFO - Missing keys: []
2023-06-19 16:47:55,693 - AUGCON - INFO - Perform domain adaptation step
2023-06-19 16:47:55,693 - AUGCON - INFO - 	meta-train [0/10] Loss: 29.1688, Acc(1): 6.38, Acc(5): 31.91
2023-06-19 16:47:55,693 - AUGCON - INFO - 	meta-train [1/10] Loss: 18.2297, Acc(1): 5.98, Acc(5): 31.09
2023-06-19 16:47:55,693 - AUGCON - INFO - 	meta-train [2/10] Loss: 10.1763, Acc(1): 6.62, Acc(5): 32.06
2023-06-19 16:47:55,693 - AUGCON - INFO - 	meta-train [3/10] Loss: 5.0347, Acc(1): 8.40, Acc(5): 36.84
2023-06-19 16:47:55,693 - AUGCON - INFO - 	meta-train [4/10] Loss: 2.4628, Acc(1): 19.24, Acc(5): 64.15
2023-06-19 16:47:55,693 - AUGCON - INFO - 	meta-train [5/10] Loss: 1.7309, Acc(1): 33.17, Acc(5): 86.43
2023-06-19 16:47:55,693 - AUGCON - INFO - 	meta-train [6/10] Loss: 1.3570, Acc(1): 45.56, Acc(5): 94.00
2023-06-19 16:47:55,693 - AUGCON - INFO - 	meta-train [7/10] Loss: 1.2130, Acc(1): 51.42, Acc(5): 95.62
2023-06-19 16:47:55,693 - AUGCON - INFO - 	meta-train [8/10] Loss: 1.1979, Acc(1): 51.42, Acc(5): 95.95
2023-06-19 16:47:55,693 - AUGCON - INFO - 	meta-train [9/10] Loss: 1.1898, Acc(1): 50.74, Acc(5): 96.15
2023-06-19 16:47:55,694 - AUGCON - INFO - Loading encoder parameters to the classifier
2023-06-19 16:47:55,694 - AUGCON - INFO - Missing keys: ['classifier.block.0.weight', 'classifier.block.0.bias']
2023-06-19 16:47:55,694 - AUGCON - INFO - Epoch [1/50]-(0/22) Loss: 2.3568, Acc(1): 0.00, Acc(5): 25.00
2023-06-19 16:47:55,694 - AUGCON - INFO - Epoch [1/50]-(5/22) Loss: 2.0322, Acc(1): 50.00, Acc(5): 50.00
2023-06-19 16:47:55,694 - AUGCON - INFO - Epoch [1/50]-(10/22) Loss: 2.4760, Acc(1): 0.00, Acc(5): 50.00
2023-06-19 16:47:55,694 - AUGCON - INFO - Epoch [1/50]-(15/22) Loss: 2.2533, Acc(1): 50.00, Acc(5): 75.00
2023-06-19 16:47:55,694 - AUGCON - INFO - Epoch [1/50]-(20/22) Loss: 2.5465, Acc(1): 25.00, Acc(5): 50.00
2023-06-19 16:47:55,694 - AUGCON - INFO - 	Validation Loss: 1.8878, Acc(1): 31.00, Acc(5): 89.00, F1: 0.07, Recall: 0.07, Precision: 0.07
2023-06-19 16:47:55,694 - AUGCON - INFO - Epoch [2/50]-(0/22) Loss: 1.7901, Acc(1): 50.00, Acc(5): 75.00
2023-06-19 16:47:55,694 - AUGCON - INFO - Epoch [2/50]-(5/22) Loss: 2.2073, Acc(1): 0.00, Acc(5): 50.00
2023-06-19 16:47:55,694 - AUGCON - INFO - Epoch [2/50]-(10/22) Loss: 1.8256, Acc(1): 50.00, Acc(5): 100.00
2023-06-19 16:47:55,694 - AUGCON - INFO - Epoch [2/50]-(15/22) Loss: 1.7165, Acc(1): 25.00, Acc(5): 75.00
2023-06-19 16:47:55,694 - AUGCON - INFO - Epoch [2/50]-(20/22) Loss: 2.0300, Acc(1): 25.00, Acc(5): 100.00
2023-06-19 16:47:55,694 - AUGCON - INFO - 	Validation Loss: 1.6202, Acc(1): 54.00, Acc(5): 95.00, F1: 0.12, Recall: 0.12, Precision: 0.13
2023-06-19 16:47:55,695 - AUGCON - INFO - Epoch [3/50]-(0/22) Loss: 1.3051, Acc(1): 75.00, Acc(5): 100.00
2023-06-19 16:47:55,695 - AUGCON - INFO - Epoch [3/50]-(5/22) Loss: 1.4098, Acc(1): 50.00, Acc(5): 100.00
2023-06-19 16:47:55,695 - AUGCON - INFO - Epoch [3/50]-(10/22) Loss: 1.5879, Acc(1): 25.00, Acc(5): 100.00
2023-06-19 16:47:55,695 - AUGCON - INFO - Epoch [3/50]-(15/22) Loss: 1.3183, Acc(1): 50.00, Acc(5): 100.00
2023-06-19 16:47:55,695 - AUGCON - INFO - Epoch [3/50]-(20/22) Loss: 1.4633, Acc(1): 50.00, Acc(5): 100.00
2023-06-19 16:47:55,695 - AUGCON - INFO - 	Validation Loss: 1.4381, Acc(1): 64.00, Acc(5): 97.00, F1: 0.14, Recall: 0.13, Precision: 0.14
2023-06-19 16:47:55,695 - AUGCON - INFO - Epoch [4/50]-(0/22) Loss: 1.2487, Acc(1): 75.00, Acc(5): 100.00
2023-06-19 16:47:55,695 - AUGCON - INFO - Epoch [4/50]-(5/22) Loss: 1.2315, Acc(1): 50.00, Acc(5): 100.00
2023-06-19 16:47:55,695 - AUGCON - INFO - Epoch [4/50]-(10/22) Loss: 1.9331, Acc(1): 25.00, Acc(5): 100.00
2023-06-19 16:47:55,695 - AUGCON - INFO - Epoch [4/50]-(15/22) Loss: 1.3306, Acc(1): 50.00, Acc(5): 100.00
2023-06-19 16:47:55,695 - AUGCON - INFO - Epoch [4/50]-(20/22) Loss: 1.2052, Acc(1): 50.00, Acc(5): 100.00
2023-06-19 16:47:55,695 - AUGCON - INFO - 	Validation Loss: 1.3725, Acc(1): 58.00, Acc(5): 95.00, F1: 0.14, Recall: 0.13, Precision: 0.14
2023-06-19 16:47:55,695 - AUGCON - INFO - Epoch [5/50]-(0/22) Loss: 1.1394, Acc(1): 100.00, Acc(5): 100.00
2023-06-19 16:47:55,696 - AUGCON - INFO - Epoch [5/50]-(5/22) Loss: 1.3924, Acc(1): 75.00, Acc(5): 100.00
2023-06-19 16:47:55,696 - AUGCON - INFO - Epoch [5/50]-(10/22) Loss: 1.4034, Acc(1): 75.00, Acc(5): 100.00
2023-06-19 16:47:55,696 - AUGCON - INFO - Epoch [5/50]-(15/22) Loss: 1.0115, Acc(1): 75.00, Acc(5): 100.00
2023-06-19 16:47:55,696 - AUGCON - INFO - Epoch [5/50]-(20/22) Loss: 1.7231, Acc(1): 25.00, Acc(5): 100.00
2023-06-19 16:47:55,696 - AUGCON - INFO - 	Validation Loss: 1.2666, Acc(1): 63.00, Acc(5): 96.00, F1: 0.13, Recall: 0.12, Precision: 0.14
2023-06-19 16:47:55,696 - AUGCON - INFO - Epoch [6/50]-(0/22) Loss: 1.2125, Acc(1): 50.00, Acc(5): 100.00
2023-06-19 16:47:55,696 - AUGCON - INFO - Epoch [6/50]-(5/22) Loss: 1.1988, Acc(1): 75.00, Acc(5): 100.00
2023-06-19 16:47:55,696 - AUGCON - INFO - Epoch [6/50]-(10/22) Loss: 1.4027, Acc(1): 25.00, Acc(5): 100.00
2023-06-19 16:47:55,696 - AUGCON - INFO - Epoch [6/50]-(15/22) Loss: 1.2126, Acc(1): 50.00, Acc(5): 100.00
2023-06-19 16:47:55,696 - AUGCON - INFO - Epoch [6/50]-(20/22) Loss: 1.1704, Acc(1): 75.00, Acc(5): 100.00
2023-06-19 16:47:55,696 - AUGCON - INFO - 	Validation Loss: 1.2310, Acc(1): 63.00, Acc(5): 96.00, F1: 0.13, Recall: 0.12, Precision: 0.15
2023-06-19 16:47:55,696 - AUGCON - INFO - Epoch [7/50]-(0/22) Loss: 1.4200, Acc(1): 50.00, Acc(5): 100.00
2023-06-19 16:47:55,697 - AUGCON - INFO - Epoch [7/50]-(5/22) Loss: 1.0989, Acc(1): 50.00, Acc(5): 100.00
2023-06-19 16:47:55,697 - AUGCON - INFO - Epoch [7/50]-(10/22) Loss: 1.4114, Acc(1): 25.00, Acc(5): 100.00
2023-06-19 16:47:55,697 - AUGCON - INFO - Epoch [7/50]-(15/22) Loss: 0.8692, Acc(1): 75.00, Acc(5): 100.00
2023-06-19 16:47:55,697 - AUGCON - INFO - Epoch [7/50]-(20/22) Loss: 1.5217, Acc(1): 50.00, Acc(5): 100.00
2023-06-19 16:47:55,697 - AUGCON - INFO - 	Validation Loss: 1.1901, Acc(1): 64.00, Acc(5): 96.00, F1: 0.14, Recall: 0.13, Precision: 0.16
2023-06-19 16:47:55,697 - AUGCON - INFO - Epoch [8/50]-(0/22) Loss: 1.2698, Acc(1): 50.00, Acc(5): 100.00
2023-06-19 16:47:55,697 - AUGCON - INFO - Epoch [8/50]-(5/22) Loss: 0.6212, Acc(1): 75.00, Acc(5): 100.00
2023-06-19 16:47:55,697 - AUGCON - INFO - Epoch [8/50]-(10/22) Loss: 1.5425, Acc(1): 50.00, Acc(5): 100.00
2023-06-19 16:47:55,697 - AUGCON - INFO - Epoch [8/50]-(15/22) Loss: 1.0638, Acc(1): 75.00, Acc(5): 100.00
2023-06-19 16:47:55,697 - AUGCON - INFO - Epoch [8/50]-(20/22) Loss: 0.9736, Acc(1): 75.00, Acc(5): 100.00
2023-06-19 16:47:55,697 - AUGCON - INFO - 	Validation Loss: 1.1753, Acc(1): 68.00, Acc(5): 95.00, F1: 0.14, Recall: 0.13, Precision: 0.15
2023-06-19 16:47:55,697 - AUGCON - INFO - Epoch [9/50]-(0/22) Loss: 0.3974, Acc(1): 100.00, Acc(5): 100.00
2023-06-19 16:47:55,697 - AUGCON - INFO - Epoch [9/50]-(5/22) Loss: 1.5908, Acc(1): 25.00, Acc(5): 100.00
2023-06-19 16:47:55,698 - AUGCON - INFO - Epoch [9/50]-(10/22) Loss: 0.9655, Acc(1): 50.00, Acc(5): 100.00
2023-06-19 16:47:55,698 - AUGCON - INFO - Epoch [9/50]-(15/22) Loss: 2.1072, Acc(1): 25.00, Acc(5): 100.00
2023-06-19 16:47:55,698 - AUGCON - INFO - Epoch [9/50]-(20/22) Loss: 1.0085, Acc(1): 50.00, Acc(5): 100.00
2023-06-19 16:47:55,698 - AUGCON - INFO - 	Validation Loss: 1.1831, Acc(1): 61.00, Acc(5): 95.00, F1: 0.14, Recall: 0.13, Precision: 0.15
2023-06-19 16:47:55,698 - AUGCON - INFO - Epoch [10/50]-(0/22) Loss: 0.7522, Acc(1): 100.00, Acc(5): 100.00
2023-06-19 16:47:55,698 - AUGCON - INFO - Epoch [10/50]-(5/22) Loss: 1.2209, Acc(1): 100.00, Acc(5): 100.00
2023-06-19 16:47:55,698 - AUGCON - INFO - Epoch [10/50]-(10/22) Loss: 1.0020, Acc(1): 75.00, Acc(5): 100.00
2023-06-19 16:47:55,698 - AUGCON - INFO - Epoch [10/50]-(15/22) Loss: 0.6193, Acc(1): 100.00, Acc(5): 100.00
2023-06-19 16:47:55,698 - AUGCON - INFO - Epoch [10/50]-(20/22) Loss: 0.8409, Acc(1): 100.00, Acc(5): 100.00
2023-06-19 16:47:55,698 - AUGCON - INFO - 	Validation Loss: 1.1102, Acc(1): 77.00, Acc(5): 96.00, F1: 0.16, Recall: 0.15, Precision: 0.18
2023-06-19 16:47:55,698 - AUGCON - INFO - Epoch [11/50]-(0/22) Loss: 1.1942, Acc(1): 50.00, Acc(5): 100.00
2023-06-19 16:47:55,698 - AUGCON - INFO - Epoch [11/50]-(5/22) Loss: 0.7421, Acc(1): 100.00, Acc(5): 100.00
2023-06-19 16:47:55,698 - AUGCON - INFO - Epoch [11/50]-(10/22) Loss: 1.0131, Acc(1): 75.00, Acc(5): 100.00
2023-06-19 16:47:55,698 - AUGCON - INFO - Epoch [11/50]-(15/22) Loss: 2.0210, Acc(1): 25.00, Acc(5): 100.00
2023-06-19 16:47:55,699 - AUGCON - INFO - Epoch [11/50]-(20/22) Loss: 0.7634, Acc(1): 75.00, Acc(5): 100.00
2023-06-19 16:47:55,699 - AUGCON - INFO - 	Validation Loss: 1.1337, Acc(1): 66.00, Acc(5): 96.00, F1: 0.15, Recall: 0.14, Precision: 0.16
2023-06-19 16:47:55,699 - AUGCON - INFO - Epoch [12/50]-(0/22) Loss: 1.2395, Acc(1): 50.00, Acc(5): 100.00
2023-06-19 16:47:55,699 - AUGCON - INFO - Epoch [12/50]-(5/22) Loss: 0.7066, Acc(1): 100.00, Acc(5): 100.00
2023-06-19 16:47:55,699 - AUGCON - INFO - Epoch [12/50]-(10/22) Loss: 1.0133, Acc(1): 50.00, Acc(5): 100.00
2023-06-19 16:47:55,699 - AUGCON - INFO - Epoch [12/50]-(15/22) Loss: 0.7700, Acc(1): 75.00, Acc(5): 100.00
2023-06-19 16:47:55,699 - AUGCON - INFO - Epoch [12/50]-(20/22) Loss: 0.6671, Acc(1): 75.00, Acc(5): 100.00
2023-06-19 16:47:55,699 - AUGCON - INFO - 	Validation Loss: 1.0921, Acc(1): 72.00, Acc(5): 95.00, F1: 0.15, Recall: 0.14, Precision: 0.17
2023-06-19 16:47:55,699 - AUGCON - INFO - Epoch [13/50]-(0/22) Loss: 1.0721, Acc(1): 75.00, Acc(5): 100.00
2023-06-19 16:47:55,699 - AUGCON - INFO - Epoch [13/50]-(5/22) Loss: 0.5926, Acc(1): 100.00, Acc(5): 100.00
2023-06-19 16:47:55,699 - AUGCON - INFO - Epoch [13/50]-(10/22) Loss: 1.5729, Acc(1): 25.00, Acc(5): 100.00
2023-06-19 16:47:55,699 - AUGCON - INFO - Epoch [13/50]-(15/22) Loss: 0.5191, Acc(1): 75.00, Acc(5): 100.00
2023-06-19 16:47:55,699 - AUGCON - INFO - Epoch [13/50]-(20/22) Loss: 0.8594, Acc(1): 100.00, Acc(5): 100.00
2023-06-19 16:47:55,700 - AUGCON - INFO - 	Validation Loss: 1.0913, Acc(1): 66.00, Acc(5): 94.00, F1: 0.14, Recall: 0.14, Precision: 0.15
2023-06-19 16:47:55,700 - AUGCON - INFO - Epoch [14/50]-(0/22) Loss: 0.7524, Acc(1): 100.00, Acc(5): 100.00
2023-06-19 16:47:55,700 - AUGCON - INFO - Epoch [14/50]-(5/22) Loss: 0.7054, Acc(1): 100.00, Acc(5): 100.00
2023-06-19 16:47:55,700 - AUGCON - INFO - Epoch [14/50]-(10/22) Loss: 0.8753, Acc(1): 75.00, Acc(5): 100.00
2023-06-19 16:47:55,700 - AUGCON - INFO - Epoch [14/50]-(15/22) Loss: 0.7402, Acc(1): 75.00, Acc(5): 100.00
2023-06-19 16:47:55,700 - AUGCON - INFO - Epoch [14/50]-(20/22) Loss: 0.6881, Acc(1): 75.00, Acc(5): 100.00
2023-06-19 16:47:55,700 - AUGCON - INFO - 	Validation Loss: 1.0658, Acc(1): 73.00, Acc(5): 95.00, F1: 0.16, Recall: 0.15, Precision: 0.17
2023-06-19 16:47:55,700 - AUGCON - INFO - Epoch [15/50]-(0/22) Loss: 0.4606, Acc(1): 100.00, Acc(5): 100.00
2023-06-19 16:47:55,700 - AUGCON - INFO - Epoch [15/50]-(5/22) Loss: 1.0857, Acc(1): 75.00, Acc(5): 100.00
2023-06-19 16:47:55,700 - AUGCON - INFO - Epoch [15/50]-(10/22) Loss: 0.4086, Acc(1): 100.00, Acc(5): 100.00
2023-06-19 16:47:55,700 - AUGCON - INFO - Epoch [15/50]-(15/22) Loss: 1.3405, Acc(1): 25.00, Acc(5): 100.00
2023-06-19 16:47:55,700 - AUGCON - INFO - Epoch [15/50]-(20/22) Loss: 0.8431, Acc(1): 100.00, Acc(5): 100.00
2023-06-19 16:47:55,700 - AUGCON - INFO - 	Validation Loss: 1.0539, Acc(1): 72.00, Acc(5): 93.00, F1: 0.15, Recall: 0.14, Precision: 0.17
2023-06-19 16:47:55,700 - AUGCON - INFO - Epoch [16/50]-(0/22) Loss: 0.7895, Acc(1): 75.00, Acc(5): 100.00
2023-06-19 16:47:55,701 - AUGCON - INFO - Epoch [16/50]-(5/22) Loss: 0.2765, Acc(1): 100.00, Acc(5): 100.00
2023-06-19 16:47:55,701 - AUGCON - INFO - Epoch [16/50]-(10/22) Loss: 1.1797, Acc(1): 50.00, Acc(5): 100.00
2023-06-19 16:47:55,701 - AUGCON - INFO - Epoch [16/50]-(15/22) Loss: 0.6896, Acc(1): 75.00, Acc(5): 100.00
2023-06-19 16:47:55,701 - AUGCON - INFO - Epoch [16/50]-(20/22) Loss: 1.7765, Acc(1): 50.00, Acc(5): 100.00
2023-06-19 16:47:55,701 - AUGCON - INFO - 	Validation Loss: 1.1314, Acc(1): 69.00, Acc(5): 95.00, F1: 0.15, Recall: 0.14, Precision: 0.17
2023-06-19 16:47:55,701 - AUGCON - INFO - Epoch [17/50]-(0/22) Loss: 0.9652, Acc(1): 50.00, Acc(5): 100.00
2023-06-19 16:47:55,701 - AUGCON - INFO - Epoch [17/50]-(5/22) Loss: 0.6843, Acc(1): 75.00, Acc(5): 100.00
2023-06-19 16:47:55,701 - AUGCON - INFO - Epoch [17/50]-(10/22) Loss: 0.7834, Acc(1): 75.00, Acc(5): 100.00
2023-06-19 16:47:55,701 - AUGCON - INFO - Epoch [17/50]-(15/22) Loss: 0.9751, Acc(1): 50.00, Acc(5): 100.00
2023-06-19 16:47:55,701 - AUGCON - INFO - Epoch [17/50]-(20/22) Loss: 1.0622, Acc(1): 50.00, Acc(5): 100.00
2023-06-19 16:47:55,701 - AUGCON - INFO - 	Validation Loss: 1.0349, Acc(1): 73.00, Acc(5): 96.00, F1: 0.15, Recall: 0.15, Precision: 0.16
2023-06-19 16:47:55,701 - AUGCON - INFO - Epoch [18/50]-(0/22) Loss: 0.7990, Acc(1): 50.00, Acc(5): 100.00
2023-06-19 16:47:55,701 - AUGCON - INFO - Epoch [18/50]-(5/22) Loss: 0.3969, Acc(1): 100.00, Acc(5): 100.00
2023-06-19 16:47:55,702 - AUGCON - INFO - Epoch [18/50]-(10/22) Loss: 1.8712, Acc(1): 25.00, Acc(5): 100.00
2023-06-19 16:47:55,702 - AUGCON - INFO - Epoch [18/50]-(15/22) Loss: 0.7505, Acc(1): 100.00, Acc(5): 100.00
2023-06-19 16:47:55,702 - AUGCON - INFO - Epoch [18/50]-(20/22) Loss: 1.0579, Acc(1): 75.00, Acc(5): 100.00
2023-06-19 16:47:55,702 - AUGCON - INFO - 	Validation Loss: 1.0416, Acc(1): 74.00, Acc(5): 94.00, F1: 0.16, Recall: 0.15, Precision: 0.17
2023-06-19 16:47:55,702 - AUGCON - INFO - Epoch [19/50]-(0/22) Loss: 0.6741, Acc(1): 100.00, Acc(5): 100.00
2023-06-19 16:47:55,702 - AUGCON - INFO - Epoch [19/50]-(5/22) Loss: 0.5077, Acc(1): 100.00, Acc(5): 100.00
2023-06-19 16:47:55,702 - AUGCON - INFO - Epoch [19/50]-(10/22) Loss: 0.6863, Acc(1): 100.00, Acc(5): 100.00
2023-06-19 16:47:55,702 - AUGCON - INFO - Epoch [19/50]-(15/22) Loss: 0.4642, Acc(1): 100.00, Acc(5): 100.00
2023-06-19 16:47:55,702 - AUGCON - INFO - Epoch [19/50]-(20/22) Loss: 0.6767, Acc(1): 100.00, Acc(5): 100.00
2023-06-19 16:47:55,702 - AUGCON - INFO - 	Validation Loss: 1.0295, Acc(1): 77.00, Acc(5): 93.00, F1: 0.16, Recall: 0.15, Precision: 0.18
2023-06-19 16:47:55,702 - AUGCON - INFO - Epoch [20/50]-(0/22) Loss: 0.6717, Acc(1): 75.00, Acc(5): 100.00
2023-06-19 16:47:55,702 - AUGCON - INFO - Epoch [20/50]-(5/22) Loss: 0.7604, Acc(1): 75.00, Acc(5): 100.00
2023-06-19 16:47:55,702 - AUGCON - INFO - Epoch [20/50]-(10/22) Loss: 0.9603, Acc(1): 50.00, Acc(5): 100.00
2023-06-19 16:47:55,702 - AUGCON - INFO - Epoch [20/50]-(15/22) Loss: 0.7049, Acc(1): 100.00, Acc(5): 100.00
2023-06-19 16:47:55,703 - AUGCON - INFO - Epoch [20/50]-(20/22) Loss: 0.6765, Acc(1): 100.00, Acc(5): 100.00
2023-06-19 16:47:55,703 - AUGCON - INFO - 	Validation Loss: 1.0884, Acc(1): 68.00, Acc(5): 94.00, F1: 0.15, Recall: 0.14, Precision: 0.16
2023-06-19 16:47:55,703 - AUGCON - INFO - Epoch [21/50]-(0/22) Loss: 0.3769, Acc(1): 100.00, Acc(5): 100.00
2023-06-19 16:47:55,703 - AUGCON - INFO - Epoch [21/50]-(5/22) Loss: 1.0670, Acc(1): 50.00, Acc(5): 100.00
2023-06-19 16:47:55,703 - AUGCON - INFO - Epoch [21/50]-(10/22) Loss: 0.8355, Acc(1): 50.00, Acc(5): 100.00
2023-06-19 16:47:55,703 - AUGCON - INFO - Epoch [21/50]-(15/22) Loss: 1.0678, Acc(1): 75.00, Acc(5): 100.00
2023-06-19 16:47:55,703 - AUGCON - INFO - Epoch [21/50]-(20/22) Loss: 0.2071, Acc(1): 100.00, Acc(5): 100.00
2023-06-19 16:47:55,703 - AUGCON - INFO - 	Validation Loss: 1.0291, Acc(1): 72.00, Acc(5): 95.00, F1: 0.15, Recall: 0.15, Precision: 0.16
2023-06-19 16:47:55,703 - AUGCON - INFO - Epoch [22/50]-(0/22) Loss: 1.1716, Acc(1): 50.00, Acc(5): 100.00
2023-06-19 16:47:55,703 - AUGCON - INFO - Epoch [22/50]-(5/22) Loss: 0.5362, Acc(1): 100.00, Acc(5): 100.00
2023-06-19 16:47:55,703 - AUGCON - INFO - Epoch [22/50]-(10/22) Loss: 1.6039, Acc(1): 25.00, Acc(5): 100.00
2023-06-19 16:47:55,703 - AUGCON - INFO - Epoch [22/50]-(15/22) Loss: 1.1823, Acc(1): 25.00, Acc(5): 100.00
2023-06-19 16:47:55,703 - AUGCON - INFO - Epoch [22/50]-(20/22) Loss: 0.7455, Acc(1): 100.00, Acc(5): 100.00
2023-06-19 16:47:55,703 - AUGCON - INFO - 	Validation Loss: 1.0528, Acc(1): 72.00, Acc(5): 93.00, F1: 0.15, Recall: 0.15, Precision: 0.16
2023-06-19 16:47:55,704 - AUGCON - INFO - Epoch [23/50]-(0/22) Loss: 0.3700, Acc(1): 75.00, Acc(5): 100.00
2023-06-19 16:47:55,704 - AUGCON - INFO - Epoch [23/50]-(5/22) Loss: 0.6073, Acc(1): 75.00, Acc(5): 100.00
2023-06-19 16:47:55,704 - AUGCON - INFO - Epoch [23/50]-(10/22) Loss: 1.0085, Acc(1): 75.00, Acc(5): 100.00
2023-06-19 16:47:55,704 - AUGCON - INFO - Epoch [23/50]-(15/22) Loss: 1.0370, Acc(1): 25.00, Acc(5): 100.00
2023-06-19 16:47:55,704 - AUGCON - INFO - Epoch [23/50]-(20/22) Loss: 0.5300, Acc(1): 100.00, Acc(5): 100.00
2023-06-19 16:47:55,704 - AUGCON - INFO - 	Validation Loss: 1.0603, Acc(1): 73.00, Acc(5): 93.00, F1: 0.15, Recall: 0.15, Precision: 0.16
2023-06-19 16:47:55,704 - AUGCON - INFO - Epoch [24/50]-(0/22) Loss: 0.5161, Acc(1): 100.00, Acc(5): 100.00
2023-06-19 16:47:55,704 - AUGCON - INFO - Epoch [24/50]-(5/22) Loss: 0.9590, Acc(1): 50.00, Acc(5): 100.00
2023-06-19 16:47:55,704 - AUGCON - INFO - Epoch [24/50]-(10/22) Loss: 0.4256, Acc(1): 100.00, Acc(5): 100.00
2023-06-19 16:47:55,704 - AUGCON - INFO - Epoch [24/50]-(15/22) Loss: 1.2760, Acc(1): 50.00, Acc(5): 100.00
2023-06-19 16:47:55,704 - AUGCON - INFO - Epoch [24/50]-(20/22) Loss: 0.5578, Acc(1): 100.00, Acc(5): 100.00
2023-06-19 16:47:55,704 - AUGCON - INFO - 	Validation Loss: 1.0592, Acc(1): 74.00, Acc(5): 94.00, F1: 0.16, Recall: 0.15, Precision: 0.17
2023-06-19 16:47:55,705 - AUGCON - INFO - Epoch [25/50]-(0/22) Loss: 0.5550, Acc(1): 75.00, Acc(5): 100.00
2023-06-19 16:47:55,705 - AUGCON - INFO - Epoch [25/50]-(5/22) Loss: 0.9761, Acc(1): 75.00, Acc(5): 100.00
2023-06-19 16:47:55,705 - AUGCON - INFO - Epoch [25/50]-(10/22) Loss: 0.4016, Acc(1): 100.00, Acc(5): 100.00
2023-06-19 16:47:55,705 - AUGCON - INFO - Epoch [25/50]-(15/22) Loss: 1.3221, Acc(1): 50.00, Acc(5): 100.00
2023-06-19 16:47:55,705 - AUGCON - INFO - Epoch [25/50]-(20/22) Loss: 0.9237, Acc(1): 75.00, Acc(5): 100.00
2023-06-19 16:47:55,705 - AUGCON - INFO - 	Validation Loss: 1.0705, Acc(1): 68.00, Acc(5): 94.00, F1: 0.15, Recall: 0.14, Precision: 0.16
2023-06-19 16:47:55,705 - AUGCON - INFO - Epoch [26/50]-(0/22) Loss: 1.1420, Acc(1): 75.00, Acc(5): 100.00
2023-06-19 16:47:55,705 - AUGCON - INFO - Epoch [26/50]-(5/22) Loss: 0.4939, Acc(1): 75.00, Acc(5): 100.00
2023-06-19 16:47:55,705 - AUGCON - INFO - Epoch [26/50]-(10/22) Loss: 0.8378, Acc(1): 100.00, Acc(5): 100.00
2023-06-19 16:47:55,705 - AUGCON - INFO - Epoch [26/50]-(15/22) Loss: 0.0929, Acc(1): 100.00, Acc(5): 100.00
2023-06-19 16:47:55,705 - AUGCON - INFO - Epoch [26/50]-(20/22) Loss: 0.6837, Acc(1): 100.00, Acc(5): 100.00
2023-06-19 16:47:55,705 - AUGCON - INFO - 	Validation Loss: 1.0364, Acc(1): 73.00, Acc(5): 94.00, F1: 0.16, Recall: 0.15, Precision: 0.16
2023-06-19 16:47:55,705 - AUGCON - INFO - Epoch [27/50]-(0/22) Loss: 0.8717, Acc(1): 75.00, Acc(5): 100.00
2023-06-19 16:47:55,706 - AUGCON - INFO - Epoch [27/50]-(5/22) Loss: 0.6354, Acc(1): 50.00, Acc(5): 100.00
2023-06-19 16:47:55,706 - AUGCON - INFO - Epoch [27/50]-(10/22) Loss: 0.6181, Acc(1): 100.00, Acc(5): 100.00
2023-06-19 16:47:55,706 - AUGCON - INFO - Epoch [27/50]-(15/22) Loss: 0.3194, Acc(1): 100.00, Acc(5): 100.00
2023-06-19 16:47:55,706 - AUGCON - INFO - Epoch [27/50]-(20/22) Loss: 1.1279, Acc(1): 75.00, Acc(5): 100.00
2023-06-19 16:47:55,706 - AUGCON - INFO - 	Validation Loss: 1.0332, Acc(1): 77.00, Acc(5): 94.00, F1: 0.16, Recall: 0.15, Precision: 0.17
2023-06-19 16:47:55,706 - AUGCON - INFO - Epoch [28/50]-(0/22) Loss: 1.0912, Acc(1): 75.00, Acc(5): 100.00
2023-06-19 16:47:55,706 - AUGCON - INFO - Epoch [28/50]-(5/22) Loss: 1.3402, Acc(1): 50.00, Acc(5): 100.00
2023-06-19 16:47:55,706 - AUGCON - INFO - Epoch [28/50]-(10/22) Loss: 0.8386, Acc(1): 50.00, Acc(5): 100.00
2023-06-19 16:47:55,706 - AUGCON - INFO - Epoch [28/50]-(15/22) Loss: 0.6344, Acc(1): 75.00, Acc(5): 100.00
2023-06-19 16:47:55,706 - AUGCON - INFO - Epoch [28/50]-(20/22) Loss: 0.6661, Acc(1): 75.00, Acc(5): 100.00
2023-06-19 16:47:55,706 - AUGCON - INFO - 	Validation Loss: 1.0349, Acc(1): 76.00, Acc(5): 94.00, F1: 0.16, Recall: 0.15, Precision: 0.16
2023-06-19 16:47:55,706 - AUGCON - INFO - Epoch [29/50]-(0/22) Loss: 0.2918, Acc(1): 100.00, Acc(5): 100.00
2023-06-19 16:47:55,706 - AUGCON - INFO - Epoch [29/50]-(5/22) Loss: 0.7397, Acc(1): 75.00, Acc(5): 100.00
2023-06-19 16:47:55,707 - AUGCON - INFO - Epoch [29/50]-(10/22) Loss: 0.9201, Acc(1): 75.00, Acc(5): 100.00
2023-06-19 16:47:55,707 - AUGCON - INFO - Epoch [29/50]-(15/22) Loss: 0.5851, Acc(1): 100.00, Acc(5): 100.00
2023-06-19 16:47:55,707 - AUGCON - INFO - Epoch [29/50]-(20/22) Loss: 0.7484, Acc(1): 75.00, Acc(5): 100.00
2023-06-19 16:47:55,707 - AUGCON - INFO - 	Validation Loss: 1.0554, Acc(1): 71.00, Acc(5): 94.00, F1: 0.15, Recall: 0.14, Precision: 0.17
2023-06-19 16:47:55,707 - AUGCON - INFO - Epoch [30/50]-(0/22) Loss: 0.4809, Acc(1): 100.00, Acc(5): 100.00
2023-06-19 16:47:55,707 - AUGCON - INFO - Epoch [30/50]-(5/22) Loss: 0.7439, Acc(1): 75.00, Acc(5): 100.00
2023-06-19 16:47:55,707 - AUGCON - INFO - Epoch [30/50]-(10/22) Loss: 0.6686, Acc(1): 75.00, Acc(5): 100.00
2023-06-19 16:47:55,707 - AUGCON - INFO - Epoch [30/50]-(15/22) Loss: 0.6489, Acc(1): 75.00, Acc(5): 100.00
2023-06-19 16:47:55,707 - AUGCON - INFO - Epoch [30/50]-(20/22) Loss: 0.5222, Acc(1): 100.00, Acc(5): 100.00
2023-06-19 16:47:55,707 - AUGCON - INFO - 	Validation Loss: 1.0186, Acc(1): 74.00, Acc(5): 94.00, F1: 0.16, Recall: 0.15, Precision: 0.16
2023-06-19 16:47:55,707 - AUGCON - INFO - Epoch [31/50]-(0/22) Loss: 0.9747, Acc(1): 50.00, Acc(5): 100.00
2023-06-19 16:47:55,707 - AUGCON - INFO - Epoch [31/50]-(5/22) Loss: 0.8768, Acc(1): 75.00, Acc(5): 100.00
2023-06-19 16:47:55,707 - AUGCON - INFO - Epoch [31/50]-(10/22) Loss: 0.5439, Acc(1): 75.00, Acc(5): 100.00
2023-06-19 16:47:55,708 - AUGCON - INFO - Epoch [31/50]-(15/22) Loss: 0.5805, Acc(1): 75.00, Acc(5): 100.00
2023-06-19 16:47:55,708 - AUGCON - INFO - Epoch [31/50]-(20/22) Loss: 0.7720, Acc(1): 75.00, Acc(5): 100.00
2023-06-19 16:47:55,708 - AUGCON - INFO - 	Validation Loss: 1.0717, Acc(1): 69.00, Acc(5): 94.00, F1: 0.15, Recall: 0.15, Precision: 0.15
2023-06-19 16:47:55,708 - AUGCON - INFO - Epoch [32/50]-(0/22) Loss: 0.2443, Acc(1): 100.00, Acc(5): 100.00
2023-06-19 16:47:55,708 - AUGCON - INFO - Epoch [32/50]-(5/22) Loss: 0.5206, Acc(1): 100.00, Acc(5): 100.00
2023-06-19 16:47:55,708 - AUGCON - INFO - Epoch [32/50]-(10/22) Loss: 0.4986, Acc(1): 75.00, Acc(5): 100.00
2023-06-19 16:47:55,708 - AUGCON - INFO - Epoch [32/50]-(15/22) Loss: 0.5010, Acc(1): 100.00, Acc(5): 100.00
2023-06-19 16:47:55,708 - AUGCON - INFO - Epoch [32/50]-(20/22) Loss: 1.2542, Acc(1): 25.00, Acc(5): 100.00
2023-06-19 16:47:55,708 - AUGCON - INFO - 	Validation Loss: 1.0605, Acc(1): 70.00, Acc(5): 94.00, F1: 0.15, Recall: 0.15, Precision: 0.15
2023-06-19 16:47:55,708 - AUGCON - INFO - Epoch [33/50]-(0/22) Loss: 0.4393, Acc(1): 100.00, Acc(5): 100.00
2023-06-19 16:47:55,708 - AUGCON - INFO - Epoch [33/50]-(5/22) Loss: 0.7959, Acc(1): 75.00, Acc(5): 100.00
2023-06-19 16:47:55,708 - AUGCON - INFO - Epoch [33/50]-(10/22) Loss: 0.9254, Acc(1): 50.00, Acc(5): 100.00
2023-06-19 16:47:55,708 - AUGCON - INFO - Epoch [33/50]-(15/22) Loss: 0.8058, Acc(1): 50.00, Acc(5): 100.00
2023-06-19 16:47:55,708 - AUGCON - INFO - Epoch [33/50]-(20/22) Loss: 0.8401, Acc(1): 75.00, Acc(5): 100.00
2023-06-19 16:47:55,709 - AUGCON - INFO - 	Validation Loss: 1.0473, Acc(1): 74.00, Acc(5): 94.00, F1: 0.15, Recall: 0.15, Precision: 0.16
2023-06-19 16:47:55,709 - AUGCON - INFO - Epoch [34/50]-(0/22) Loss: 0.4589, Acc(1): 100.00, Acc(5): 100.00
2023-06-19 16:47:55,709 - AUGCON - INFO - Epoch [34/50]-(5/22) Loss: 0.5648, Acc(1): 75.00, Acc(5): 100.00
2023-06-19 16:47:55,709 - AUGCON - INFO - Epoch [34/50]-(10/22) Loss: 0.3452, Acc(1): 100.00, Acc(5): 100.00
2023-06-19 16:47:55,709 - AUGCON - INFO - Epoch [34/50]-(15/22) Loss: 1.0118, Acc(1): 50.00, Acc(5): 100.00
2023-06-19 16:47:55,709 - AUGCON - INFO - Epoch [34/50]-(20/22) Loss: 0.9620, Acc(1): 75.00, Acc(5): 100.00
2023-06-19 16:47:55,709 - AUGCON - INFO - 	Validation Loss: 1.0413, Acc(1): 72.00, Acc(5): 94.00, F1: 0.15, Recall: 0.15, Precision: 0.16
2023-06-19 16:47:55,709 - AUGCON - INFO - Epoch [35/50]-(0/22) Loss: 1.4926, Acc(1): 25.00, Acc(5): 100.00
2023-06-19 16:47:55,709 - AUGCON - INFO - Epoch [35/50]-(5/22) Loss: 0.5072, Acc(1): 75.00, Acc(5): 100.00
2023-06-19 16:47:55,709 - AUGCON - INFO - Epoch [35/50]-(10/22) Loss: 0.3749, Acc(1): 100.00, Acc(5): 100.00
2023-06-19 16:47:55,709 - AUGCON - INFO - Epoch [35/50]-(15/22) Loss: 0.8670, Acc(1): 75.00, Acc(5): 100.00
2023-06-19 16:47:55,709 - AUGCON - INFO - Epoch [35/50]-(20/22) Loss: 0.4586, Acc(1): 75.00, Acc(5): 100.00
2023-06-19 16:47:55,709 - AUGCON - INFO - 	Validation Loss: 1.0567, Acc(1): 70.00, Acc(5): 94.00, F1: 0.15, Recall: 0.15, Precision: 0.16
2023-06-19 16:47:55,710 - AUGCON - INFO - Epoch [36/50]-(0/22) Loss: 0.6344, Acc(1): 100.00, Acc(5): 100.00
2023-06-19 16:47:55,710 - AUGCON - INFO - Epoch [36/50]-(5/22) Loss: 0.6210, Acc(1): 100.00, Acc(5): 100.00
2023-06-19 16:47:55,710 - AUGCON - INFO - Epoch [36/50]-(10/22) Loss: 0.9950, Acc(1): 50.00, Acc(5): 100.00
2023-06-19 16:47:55,710 - AUGCON - INFO - Epoch [36/50]-(15/22) Loss: 1.0889, Acc(1): 25.00, Acc(5): 100.00
2023-06-19 16:47:55,710 - AUGCON - INFO - Epoch [36/50]-(20/22) Loss: 0.6760, Acc(1): 50.00, Acc(5): 100.00
2023-06-19 16:47:55,710 - AUGCON - INFO - 	Validation Loss: 1.0462, Acc(1): 72.00, Acc(5): 94.00, F1: 0.15, Recall: 0.15, Precision: 0.16
2023-06-19 16:47:55,710 - AUGCON - INFO - Epoch [37/50]-(0/22) Loss: 0.2208, Acc(1): 100.00, Acc(5): 100.00
2023-06-19 16:47:55,710 - AUGCON - INFO - Epoch [37/50]-(5/22) Loss: 0.8403, Acc(1): 75.00, Acc(5): 100.00
2023-06-19 16:47:55,710 - AUGCON - INFO - Epoch [37/50]-(10/22) Loss: 0.5553, Acc(1): 75.00, Acc(5): 100.00
2023-06-19 16:47:55,710 - AUGCON - INFO - Epoch [37/50]-(15/22) Loss: 0.3887, Acc(1): 100.00, Acc(5): 100.00
2023-06-19 16:47:55,710 - AUGCON - INFO - Epoch [37/50]-(20/22) Loss: 1.3631, Acc(1): 50.00, Acc(5): 100.00
2023-06-19 16:47:55,711 - AUGCON - INFO - 	Validation Loss: 1.0231, Acc(1): 77.00, Acc(5): 94.00, F1: 0.15, Recall: 0.16, Precision: 0.15
2023-06-19 16:47:55,711 - AUGCON - INFO - Epoch [38/50]-(0/22) Loss: 0.5355, Acc(1): 75.00, Acc(5): 100.00
2023-06-19 16:47:55,711 - AUGCON - INFO - Epoch [38/50]-(5/22) Loss: 0.4457, Acc(1): 75.00, Acc(5): 100.00
2023-06-19 16:47:55,711 - AUGCON - INFO - Epoch [38/50]-(10/22) Loss: 0.9557, Acc(1): 75.00, Acc(5): 100.00
2023-06-19 16:47:55,711 - AUGCON - INFO - Epoch [38/50]-(15/22) Loss: 0.6776, Acc(1): 75.00, Acc(5): 100.00
2023-06-19 16:47:55,711 - AUGCON - INFO - Epoch [38/50]-(20/22) Loss: 0.4332, Acc(1): 100.00, Acc(5): 100.00
2023-06-19 16:47:55,711 - AUGCON - INFO - 	Validation Loss: 1.0683, Acc(1): 70.00, Acc(5): 94.00, F1: 0.15, Recall: 0.14, Precision: 0.16
2023-06-19 16:47:55,711 - AUGCON - INFO - Epoch [39/50]-(0/22) Loss: 0.5284, Acc(1): 100.00, Acc(5): 100.00
2023-06-19 16:47:55,711 - AUGCON - INFO - Epoch [39/50]-(5/22) Loss: 0.4873, Acc(1): 75.00, Acc(5): 100.00
2023-06-19 16:47:55,711 - AUGCON - INFO - Epoch [39/50]-(10/22) Loss: 0.6884, Acc(1): 75.00, Acc(5): 100.00
2023-06-19 16:47:55,712 - AUGCON - INFO - Epoch [39/50]-(15/22) Loss: 0.7667, Acc(1): 75.00, Acc(5): 100.00
2023-06-19 16:47:55,712 - AUGCON - INFO - Epoch [39/50]-(20/22) Loss: 0.8948, Acc(1): 75.00, Acc(5): 100.00
2023-06-19 16:47:55,712 - AUGCON - INFO - 	Validation Loss: 1.0514, Acc(1): 71.00, Acc(5): 94.00, F1: 0.15, Recall: 0.14, Precision: 0.16
2023-06-19 16:47:55,712 - AUGCON - INFO - Epoch [40/50]-(0/22) Loss: 0.4050, Acc(1): 100.00, Acc(5): 100.00
2023-06-19 16:47:55,712 - AUGCON - INFO - Epoch [40/50]-(5/22) Loss: 0.3409, Acc(1): 100.00, Acc(5): 100.00
2023-06-19 16:47:55,712 - AUGCON - INFO - Epoch [40/50]-(10/22) Loss: 0.6553, Acc(1): 75.00, Acc(5): 100.00
2023-06-19 16:47:55,712 - AUGCON - INFO - Epoch [40/50]-(15/22) Loss: 0.6273, Acc(1): 75.00, Acc(5): 100.00
2023-06-19 16:47:55,712 - AUGCON - INFO - Epoch [40/50]-(20/22) Loss: 0.8336, Acc(1): 75.00, Acc(5): 100.00
2023-06-19 16:47:55,712 - AUGCON - INFO - 	Validation Loss: 1.0670, Acc(1): 74.00, Acc(5): 94.00, F1: 0.16, Recall: 0.15, Precision: 0.16
2023-06-19 16:47:55,712 - AUGCON - INFO - Epoch [41/50]-(0/22) Loss: 0.5532, Acc(1): 75.00, Acc(5): 100.00
2023-06-19 16:47:55,713 - AUGCON - INFO - Epoch [41/50]-(5/22) Loss: 0.6147, Acc(1): 75.00, Acc(5): 100.00
2023-06-19 16:47:55,713 - AUGCON - INFO - Epoch [41/50]-(10/22) Loss: 0.4988, Acc(1): 75.00, Acc(5): 100.00
2023-06-19 16:47:55,713 - AUGCON - INFO - Epoch [41/50]-(15/22) Loss: 0.6096, Acc(1): 75.00, Acc(5): 100.00
2023-06-19 16:47:55,713 - AUGCON - INFO - Epoch [41/50]-(20/22) Loss: 0.9424, Acc(1): 50.00, Acc(5): 100.00
2023-06-19 16:47:55,713 - AUGCON - INFO - 	Validation Loss: 1.0606, Acc(1): 74.00, Acc(5): 94.00, F1: 0.15, Recall: 0.15, Precision: 0.16
2023-06-19 16:47:55,713 - AUGCON - INFO - Epoch [42/50]-(0/22) Loss: 1.3528, Acc(1): 50.00, Acc(5): 100.00
2023-06-19 16:47:55,713 - AUGCON - INFO - Epoch [42/50]-(5/22) Loss: 0.4230, Acc(1): 100.00, Acc(5): 100.00
2023-06-19 16:47:55,713 - AUGCON - INFO - Epoch [42/50]-(10/22) Loss: 0.8280, Acc(1): 50.00, Acc(5): 100.00
2023-06-19 16:47:55,713 - AUGCON - INFO - Epoch [42/50]-(15/22) Loss: 0.5109, Acc(1): 75.00, Acc(5): 100.00
2023-06-19 16:47:55,713 - AUGCON - INFO - Epoch [42/50]-(20/22) Loss: 0.5140, Acc(1): 75.00, Acc(5): 100.00
2023-06-19 16:47:55,713 - AUGCON - INFO - 	Validation Loss: 1.0678, Acc(1): 74.00, Acc(5): 94.00, F1: 0.15, Recall: 0.15, Precision: 0.15
2023-06-19 16:47:55,713 - AUGCON - INFO - Epoch [43/50]-(0/22) Loss: 0.3347, Acc(1): 100.00, Acc(5): 100.00
2023-06-19 16:47:55,714 - AUGCON - INFO - Epoch [43/50]-(5/22) Loss: 0.1329, Acc(1): 100.00, Acc(5): 100.00
2023-06-19 16:47:55,714 - AUGCON - INFO - Epoch [43/50]-(10/22) Loss: 0.7764, Acc(1): 75.00, Acc(5): 100.00
2023-06-19 16:47:55,714 - AUGCON - INFO - Epoch [43/50]-(15/22) Loss: 0.5556, Acc(1): 100.00, Acc(5): 100.00
2023-06-19 16:47:55,714 - AUGCON - INFO - Epoch [43/50]-(20/22) Loss: 0.5798, Acc(1): 75.00, Acc(5): 100.00
2023-06-19 16:47:55,714 - AUGCON - INFO - 	Validation Loss: 1.0771, Acc(1): 71.00, Acc(5): 94.00, F1: 0.15, Recall: 0.15, Precision: 0.16
2023-06-19 16:47:55,714 - AUGCON - INFO - Epoch [44/50]-(0/22) Loss: 0.2851, Acc(1): 100.00, Acc(5): 100.00
2023-06-19 16:47:55,714 - AUGCON - INFO - Epoch [44/50]-(5/22) Loss: 0.4423, Acc(1): 75.00, Acc(5): 100.00
2023-06-19 16:47:55,714 - AUGCON - INFO - Epoch [44/50]-(10/22) Loss: 0.5921, Acc(1): 75.00, Acc(5): 100.00
2023-06-19 16:47:55,714 - AUGCON - INFO - Epoch [44/50]-(15/22) Loss: 0.4689, Acc(1): 100.00, Acc(5): 100.00
2023-06-19 16:47:55,714 - AUGCON - INFO - Epoch [44/50]-(20/22) Loss: 1.0953, Acc(1): 25.00, Acc(5): 100.00
2023-06-19 16:47:55,714 - AUGCON - INFO - 	Validation Loss: 1.0363, Acc(1): 72.00, Acc(5): 94.00, F1: 0.15, Recall: 0.15, Precision: 0.15
2023-06-19 16:47:55,715 - AUGCON - INFO - Epoch [45/50]-(0/22) Loss: 0.5541, Acc(1): 100.00, Acc(5): 100.00
2023-06-19 16:47:55,715 - AUGCON - INFO - Epoch [45/50]-(5/22) Loss: 1.2655, Acc(1): 25.00, Acc(5): 100.00
2023-06-19 16:47:55,715 - AUGCON - INFO - Epoch [45/50]-(10/22) Loss: 0.1732, Acc(1): 100.00, Acc(5): 100.00
2023-06-19 16:47:55,715 - AUGCON - INFO - Epoch [45/50]-(15/22) Loss: 0.5520, Acc(1): 75.00, Acc(5): 100.00
2023-06-19 16:47:55,715 - AUGCON - INFO - Epoch [45/50]-(20/22) Loss: 0.5441, Acc(1): 100.00, Acc(5): 100.00
2023-06-19 16:47:55,715 - AUGCON - INFO - 	Validation Loss: 1.1027, Acc(1): 70.00, Acc(5): 93.00, F1: 0.15, Recall: 0.14, Precision: 0.16
2023-06-19 16:47:55,715 - AUGCON - INFO - Epoch [46/50]-(0/22) Loss: 0.6189, Acc(1): 75.00, Acc(5): 100.00
2023-06-19 16:47:55,715 - AUGCON - INFO - Epoch [46/50]-(5/22) Loss: 0.2790, Acc(1): 100.00, Acc(5): 100.00
2023-06-19 16:47:55,715 - AUGCON - INFO - Epoch [46/50]-(10/22) Loss: 0.5457, Acc(1): 75.00, Acc(5): 100.00
2023-06-19 16:47:55,715 - AUGCON - INFO - Epoch [46/50]-(15/22) Loss: 1.1402, Acc(1): 50.00, Acc(5): 100.00
2023-06-19 16:47:55,716 - AUGCON - INFO - Epoch [46/50]-(20/22) Loss: 0.5942, Acc(1): 75.00, Acc(5): 100.00
2023-06-19 16:47:55,716 - AUGCON - INFO - 	Validation Loss: 1.0865, Acc(1): 74.00, Acc(5): 94.00, F1: 0.16, Recall: 0.15, Precision: 0.16
2023-06-19 16:47:55,716 - AUGCON - INFO - Epoch [47/50]-(0/22) Loss: 0.7901, Acc(1): 100.00, Acc(5): 100.00
2023-06-19 16:47:55,716 - AUGCON - INFO - Epoch [47/50]-(5/22) Loss: 0.3057, Acc(1): 100.00, Acc(5): 100.00
2023-06-19 16:47:55,716 - AUGCON - INFO - Epoch [47/50]-(10/22) Loss: 0.3825, Acc(1): 100.00, Acc(5): 100.00
2023-06-19 16:47:55,716 - AUGCON - INFO - Epoch [47/50]-(15/22) Loss: 1.3561, Acc(1): 25.00, Acc(5): 100.00
2023-06-19 16:47:55,716 - AUGCON - INFO - Epoch [47/50]-(20/22) Loss: 0.3695, Acc(1): 100.00, Acc(5): 100.00
2023-06-19 16:47:55,716 - AUGCON - INFO - 	Validation Loss: 1.0569, Acc(1): 77.00, Acc(5): 94.00, F1: 0.16, Recall: 0.16, Precision: 0.15
2023-06-19 16:47:55,716 - AUGCON - INFO - Epoch [48/50]-(0/22) Loss: 0.3867, Acc(1): 100.00, Acc(5): 100.00
2023-06-19 16:47:55,716 - AUGCON - INFO - Epoch [48/50]-(5/22) Loss: 0.5211, Acc(1): 100.00, Acc(5): 100.00
2023-06-19 16:47:55,717 - AUGCON - INFO - Epoch [48/50]-(10/22) Loss: 0.6727, Acc(1): 75.00, Acc(5): 100.00
2023-06-19 16:47:55,717 - AUGCON - INFO - Epoch [48/50]-(15/22) Loss: 0.4357, Acc(1): 75.00, Acc(5): 100.00
2023-06-19 16:47:55,717 - AUGCON - INFO - Epoch [48/50]-(20/22) Loss: 0.9512, Acc(1): 75.00, Acc(5): 100.00
2023-06-19 16:47:55,717 - AUGCON - INFO - 	Validation Loss: 1.0540, Acc(1): 77.00, Acc(5): 94.00, F1: 0.16, Recall: 0.15, Precision: 0.16
2023-06-19 16:47:55,717 - AUGCON - INFO - Epoch [49/50]-(0/22) Loss: 0.6482, Acc(1): 75.00, Acc(5): 100.00
2023-06-19 16:47:55,717 - AUGCON - INFO - Epoch [49/50]-(5/22) Loss: 0.5508, Acc(1): 75.00, Acc(5): 100.00
2023-06-19 16:47:55,717 - AUGCON - INFO - Epoch [49/50]-(10/22) Loss: 0.7232, Acc(1): 75.00, Acc(5): 100.00
2023-06-19 16:47:55,717 - AUGCON - INFO - Epoch [49/50]-(15/22) Loss: 0.0307, Acc(1): 100.00, Acc(5): 100.00
2023-06-19 16:47:55,717 - AUGCON - INFO - Epoch [49/50]-(20/22) Loss: 0.7083, Acc(1): 50.00, Acc(5): 100.00
2023-06-19 16:47:55,717 - AUGCON - INFO - 	Validation Loss: 1.0902, Acc(1): 72.00, Acc(5): 94.00, F1: 0.15, Recall: 0.15, Precision: 0.16
2023-06-19 16:47:55,717 - AUGCON - INFO - Epoch [50/50]-(0/22) Loss: 1.4211, Acc(1): 25.00, Acc(5): 100.00
2023-06-19 16:47:55,718 - AUGCON - INFO - Epoch [50/50]-(5/22) Loss: 0.4591, Acc(1): 100.00, Acc(5): 100.00
2023-06-19 16:47:55,718 - AUGCON - INFO - Epoch [50/50]-(10/22) Loss: 0.2205, Acc(1): 100.00, Acc(5): 100.00
2023-06-19 16:47:55,718 - AUGCON - INFO - Epoch [50/50]-(15/22) Loss: 0.2440, Acc(1): 100.00, Acc(5): 100.00
2023-06-19 16:47:55,718 - AUGCON - INFO - Epoch [50/50]-(20/22) Loss: 0.6083, Acc(1): 75.00, Acc(5): 100.00
2023-06-19 16:47:55,718 - AUGCON - INFO - 	Validation Loss: 1.1237, Acc(1): 72.00, Acc(5): 94.00, F1: 0.15, Recall: 0.15, Precision: 0.16
2023-06-19 16:47:55,718 - AUGCON - INFO - 	Validation Loss: 0.9364, Acc(1): 75.33, Acc(5): 97.33, F1: 0.18, Recall: 0.17, Precision: 0.19
