2023-06-19 16:48:36,938 - AUGCON - INFO - logger initialized (/home/hjyoon/projects/augcon/config/exp0/finetune_da_true/without_target_domain_PH0038-iygoo/metacpc_random_8421/tgt_target_domain_PH0041-hmkim_seed0.yaml.log)
2023-06-19 16:48:36,938 - AUGCON - INFO - ================= Config =================
2023-06-19 16:48:36,938 - AUGCON - INFO -   mode: finetune
2023-06-19 16:48:36,938 - AUGCON - INFO -   seed: 0
2023-06-19 16:48:36,938 - AUGCON - INFO -   gpu: [4]
2023-06-19 16:48:36,939 - AUGCON - INFO -   num_workers: 1
2023-06-19 16:48:36,939 - AUGCON - INFO -   dist_url: tcp://localhost:10001
2023-06-19 16:48:36,939 - AUGCON - INFO -   dataset_name: ichar
2023-06-19 16:48:36,939 - AUGCON - INFO -   train_dataset_path: /mnt/sting/hjyoon/projects/cross/ICHAR/augcon/target_domain_PH0041-hmkim/finetune/10shot/target/train.pkl
2023-06-19 16:48:36,939 - AUGCON - INFO -   test_dataset_path: /mnt/sting/hjyoon/projects/cross/ICHAR/augcon/target_domain_PH0041-hmkim/finetune/10shot/target/test.pkl
2023-06-19 16:48:36,939 - AUGCON - INFO -   val_dataset_path: /mnt/sting/hjyoon/projects/cross/ICHAR/augcon/target_domain_PH0041-hmkim/finetune/10shot/target/val.pkl
2023-06-19 16:48:36,939 - AUGCON - INFO -   input_channels: 3
2023-06-19 16:48:36,939 - AUGCON - INFO -   num_cls: 9
2023-06-19 16:48:36,939 - AUGCON - INFO -   optimizer: adam
2023-06-19 16:48:36,939 - AUGCON - INFO -   criterion: crossentropy
2023-06-19 16:48:36,939 - AUGCON - INFO -   start_epoch: 0
2023-06-19 16:48:36,939 - AUGCON - INFO -   epochs: 50
2023-06-19 16:48:36,939 - AUGCON - INFO -   batch_size: 4
2023-06-19 16:48:36,939 - AUGCON - INFO -   lr: 0.001
2023-06-19 16:48:36,939 - AUGCON - INFO -   wd: 0.0
2023-06-19 16:48:36,939 - AUGCON - INFO -   resume: 
2023-06-19 16:48:36,939 - AUGCON - INFO -   pretrained: /mnt/sting/hjyoon/projects/augcontrast/models/exp0/pretrain/without_target_domain_PH0038-iygoo/metacpc_random_8421/checkpoint_0999.pth.tar
2023-06-19 16:48:36,939 - AUGCON - INFO -   ckpt_dir: /mnt/sting/hjyoon/projects/augcontrast/models/exp0/finetune_da_true/without_target_domain_PH0038-iygoo/metacpc_random_8421/tgt_target_domain_PH0041-hmkim_seed0
2023-06-19 16:48:36,939 - AUGCON - INFO -   log_freq: 5
2023-06-19 16:48:36,939 - AUGCON - INFO -   save_freq: 10
2023-06-19 16:48:36,939 - AUGCON - INFO -   pretext: metacpc
2023-06-19 16:48:36,939 - AUGCON - INFO -   enc_blocks: 4
2023-06-19 16:48:36,939 - AUGCON - INFO -   kernel_sizes: [8, 4, 2, 1]
2023-06-19 16:48:36,939 - AUGCON - INFO -   strides: [4, 2, 1, 1]
2023-06-19 16:48:36,939 - AUGCON - INFO -   agg_blocks: 5
2023-06-19 16:48:36,939 - AUGCON - INFO -   z_dim: 256
2023-06-19 16:48:36,939 - AUGCON - INFO -   pooling: mean
2023-06-19 16:48:36,939 - AUGCON - INFO -   pred_steps: 12
2023-06-19 16:48:36,939 - AUGCON - INFO -   n_negatives: 15
2023-06-19 16:48:36,939 - AUGCON - INFO -   offset: 4
2023-06-19 16:48:36,939 - AUGCON - INFO -   domain_adaptation: True
2023-06-19 16:48:36,939 - AUGCON - INFO -   task_steps: 10
2023-06-19 16:48:36,939 - AUGCON - INFO -   task_lr: 0.001
2023-06-19 16:48:36,939 - AUGCON - INFO -   reg_lambda: 0
2023-06-19 16:48:36,939 - AUGCON - INFO -   mlp: False
2023-06-19 16:48:36,939 - AUGCON - INFO -   freeze: True
2023-06-19 16:48:36,939 - AUGCON - INFO -   no_vars: False
2023-06-19 16:48:36,939 - AUGCON - INFO - ==========================================
2023-06-19 16:48:36,940 - AUGCON - INFO - Setting GPUs: [4]
2023-06-19 16:48:36,940 - AUGCON - INFO - GPUs [4] will be used
2023-06-19 16:48:36,940 - AUGCON - WARNING - You have chosen to seed training. 
2023-06-19 16:48:36,940 - AUGCON - WARNING - This will turn on the CUDNN deterministic setting, 
2023-06-19 16:48:36,940 - AUGCON - WARNING - which can slow down your training considerably! 
2023-06-19 16:48:36,940 - AUGCON - WARNING - You may see unexpected behavior when restarting 
2023-06-19 16:48:36,940 - AUGCON - WARNING - from checkpoints.
2023-06-19 16:48:36,970 - AUGCON - INFO - Executing MetaCPC
2023-06-19 16:48:36,971 - AUGCON - INFO - Logs are skipped during training
2023-06-19 16:48:54,105 - AUGCON - INFO - Single GPU is used for training - training 90 instances for each worker
2023-06-19 16:48:54,106 - AUGCON - INFO - Loading pretrained model from checkpoint - /mnt/sting/hjyoon/projects/augcontrast/models/exp0/pretrain/without_target_domain_PH0038-iygoo/metacpc_random_8421/checkpoint_0999.pth.tar
2023-06-19 16:48:54,106 - AUGCON - INFO - Missing keys: []
2023-06-19 16:48:54,106 - AUGCON - INFO - Perform domain adaptation step
2023-06-19 16:48:54,106 - AUGCON - INFO - 	meta-train [0/10] Loss: 27.2507, Acc(1): 6.44, Acc(5): 31.02
2023-06-19 16:48:54,106 - AUGCON - INFO - 	meta-train [1/10] Loss: 17.7100, Acc(1): 6.25, Acc(5): 30.92
2023-06-19 16:48:54,106 - AUGCON - INFO - 	meta-train [2/10] Loss: 11.4051, Acc(1): 6.67, Acc(5): 32.14
2023-06-19 16:48:54,106 - AUGCON - INFO - 	meta-train [3/10] Loss: 7.3054, Acc(1): 6.77, Acc(5): 33.39
2023-06-19 16:48:54,107 - AUGCON - INFO - 	meta-train [4/10] Loss: 4.2743, Acc(1): 8.81, Acc(5): 39.91
2023-06-19 16:48:54,107 - AUGCON - INFO - 	meta-train [5/10] Loss: 1.6103, Acc(1): 40.99, Acc(5): 88.79
2023-06-19 16:48:54,107 - AUGCON - INFO - 	meta-train [6/10] Loss: 1.2647, Acc(1): 49.29, Acc(5): 95.40
2023-06-19 16:48:54,107 - AUGCON - INFO - 	meta-train [7/10] Loss: 1.1852, Acc(1): 52.48, Acc(5): 95.74
2023-06-19 16:48:54,107 - AUGCON - INFO - 	meta-train [8/10] Loss: 1.1816, Acc(1): 50.82, Acc(5): 96.22
2023-06-19 16:48:54,107 - AUGCON - INFO - 	meta-train [9/10] Loss: 1.1647, Acc(1): 52.81, Acc(5): 95.91
2023-06-19 16:48:54,108 - AUGCON - INFO - Loading encoder parameters to the classifier
2023-06-19 16:48:54,108 - AUGCON - INFO - Missing keys: ['classifier.block.0.weight', 'classifier.block.0.bias']
2023-06-19 16:48:54,108 - AUGCON - INFO - Epoch [1/50]-(0/22) Loss: 2.9806, Acc(1): 0.00, Acc(5): 50.00
2023-06-19 16:48:54,108 - AUGCON - INFO - Epoch [1/50]-(5/22) Loss: 2.3078, Acc(1): 0.00, Acc(5): 75.00
2023-06-19 16:48:54,108 - AUGCON - INFO - Epoch [1/50]-(10/22) Loss: 2.2141, Acc(1): 0.00, Acc(5): 75.00
2023-06-19 16:48:54,108 - AUGCON - INFO - Epoch [1/50]-(15/22) Loss: 1.8179, Acc(1): 50.00, Acc(5): 75.00
2023-06-19 16:48:54,108 - AUGCON - INFO - Epoch [1/50]-(20/22) Loss: 2.2923, Acc(1): 0.00, Acc(5): 50.00
2023-06-19 16:48:54,108 - AUGCON - INFO - 	Validation Loss: 1.9215, Acc(1): 35.00, Acc(5): 76.00, F1: 0.09, Recall: 0.10, Precision: 0.09
2023-06-19 16:48:54,108 - AUGCON - INFO - Epoch [2/50]-(0/22) Loss: 1.9304, Acc(1): 50.00, Acc(5): 100.00
2023-06-19 16:48:54,108 - AUGCON - INFO - Epoch [2/50]-(5/22) Loss: 1.8921, Acc(1): 50.00, Acc(5): 75.00
2023-06-19 16:48:54,109 - AUGCON - INFO - Epoch [2/50]-(10/22) Loss: 1.6891, Acc(1): 25.00, Acc(5): 100.00
2023-06-19 16:48:54,109 - AUGCON - INFO - Epoch [2/50]-(15/22) Loss: 1.5969, Acc(1): 75.00, Acc(5): 75.00
2023-06-19 16:48:54,109 - AUGCON - INFO - Epoch [2/50]-(20/22) Loss: 1.5240, Acc(1): 50.00, Acc(5): 100.00
2023-06-19 16:48:54,109 - AUGCON - INFO - 	Validation Loss: 1.5008, Acc(1): 65.00, Acc(5): 99.00, F1: 0.16, Recall: 0.15, Precision: 0.18
2023-06-19 16:48:54,109 - AUGCON - INFO - Epoch [3/50]-(0/22) Loss: 1.3311, Acc(1): 75.00, Acc(5): 100.00
2023-06-19 16:48:54,109 - AUGCON - INFO - Epoch [3/50]-(5/22) Loss: 1.2083, Acc(1): 75.00, Acc(5): 100.00
2023-06-19 16:48:54,109 - AUGCON - INFO - Epoch [3/50]-(10/22) Loss: 1.6101, Acc(1): 50.00, Acc(5): 75.00
2023-06-19 16:48:54,109 - AUGCON - INFO - Epoch [3/50]-(15/22) Loss: 1.3653, Acc(1): 75.00, Acc(5): 100.00
2023-06-19 16:48:54,109 - AUGCON - INFO - Epoch [3/50]-(20/22) Loss: 1.3317, Acc(1): 50.00, Acc(5): 100.00
2023-06-19 16:48:54,109 - AUGCON - INFO - 	Validation Loss: 1.2911, Acc(1): 56.00, Acc(5): 98.00, F1: 0.15, Recall: 0.15, Precision: 0.15
2023-06-19 16:48:54,109 - AUGCON - INFO - Epoch [4/50]-(0/22) Loss: 1.0534, Acc(1): 100.00, Acc(5): 100.00
2023-06-19 16:48:54,110 - AUGCON - INFO - Epoch [4/50]-(5/22) Loss: 1.4998, Acc(1): 25.00, Acc(5): 100.00
2023-06-19 16:48:54,110 - AUGCON - INFO - Epoch [4/50]-(10/22) Loss: 1.0475, Acc(1): 75.00, Acc(5): 100.00
2023-06-19 16:48:54,110 - AUGCON - INFO - Epoch [4/50]-(15/22) Loss: 1.2191, Acc(1): 50.00, Acc(5): 100.00
2023-06-19 16:48:54,110 - AUGCON - INFO - Epoch [4/50]-(20/22) Loss: 1.0451, Acc(1): 75.00, Acc(5): 100.00
2023-06-19 16:48:54,110 - AUGCON - INFO - 	Validation Loss: 1.1313, Acc(1): 70.00, Acc(5): 97.00, F1: 0.18, Recall: 0.17, Precision: 0.18
2023-06-19 16:48:54,110 - AUGCON - INFO - Epoch [5/50]-(0/22) Loss: 1.0418, Acc(1): 75.00, Acc(5): 100.00
2023-06-19 16:48:54,110 - AUGCON - INFO - Epoch [5/50]-(5/22) Loss: 1.0406, Acc(1): 100.00, Acc(5): 100.00
2023-06-19 16:48:54,110 - AUGCON - INFO - Epoch [5/50]-(10/22) Loss: 0.9210, Acc(1): 75.00, Acc(5): 100.00
2023-06-19 16:48:54,110 - AUGCON - INFO - Epoch [5/50]-(15/22) Loss: 0.5675, Acc(1): 75.00, Acc(5): 100.00
2023-06-19 16:48:54,110 - AUGCON - INFO - Epoch [5/50]-(20/22) Loss: 1.5782, Acc(1): 75.00, Acc(5): 100.00
2023-06-19 16:48:54,111 - AUGCON - INFO - 	Validation Loss: 1.0729, Acc(1): 63.00, Acc(5): 97.00, F1: 0.16, Recall: 0.17, Precision: 0.16
2023-06-19 16:48:54,111 - AUGCON - INFO - Epoch [6/50]-(0/22) Loss: 1.3721, Acc(1): 100.00, Acc(5): 100.00
2023-06-19 16:48:54,111 - AUGCON - INFO - Epoch [6/50]-(5/22) Loss: 0.7788, Acc(1): 100.00, Acc(5): 100.00
2023-06-19 16:48:54,111 - AUGCON - INFO - Epoch [6/50]-(10/22) Loss: 1.6037, Acc(1): 25.00, Acc(5): 100.00
2023-06-19 16:48:54,111 - AUGCON - INFO - Epoch [6/50]-(15/22) Loss: 0.7187, Acc(1): 100.00, Acc(5): 100.00
2023-06-19 16:48:54,111 - AUGCON - INFO - Epoch [6/50]-(20/22) Loss: 1.2330, Acc(1): 50.00, Acc(5): 100.00
2023-06-19 16:48:54,111 - AUGCON - INFO - 	Validation Loss: 0.9690, Acc(1): 64.00, Acc(5): 98.00, F1: 0.16, Recall: 0.17, Precision: 0.14
2023-06-19 16:48:54,111 - AUGCON - INFO - Epoch [7/50]-(0/22) Loss: 1.4941, Acc(1): 25.00, Acc(5): 100.00
2023-06-19 16:48:54,111 - AUGCON - INFO - Epoch [7/50]-(5/22) Loss: 1.1124, Acc(1): 50.00, Acc(5): 100.00
2023-06-19 16:48:54,111 - AUGCON - INFO - Epoch [7/50]-(10/22) Loss: 0.8997, Acc(1): 50.00, Acc(5): 100.00
2023-06-19 16:48:54,111 - AUGCON - INFO - Epoch [7/50]-(15/22) Loss: 0.8042, Acc(1): 75.00, Acc(5): 100.00
2023-06-19 16:48:54,111 - AUGCON - INFO - Epoch [7/50]-(20/22) Loss: 0.9615, Acc(1): 75.00, Acc(5): 100.00
2023-06-19 16:48:54,112 - AUGCON - INFO - 	Validation Loss: 0.9395, Acc(1): 64.00, Acc(5): 98.00, F1: 0.16, Recall: 0.17, Precision: 0.16
2023-06-19 16:48:54,112 - AUGCON - INFO - Epoch [8/50]-(0/22) Loss: 0.9365, Acc(1): 100.00, Acc(5): 100.00
2023-06-19 16:48:54,112 - AUGCON - INFO - Epoch [8/50]-(5/22) Loss: 1.2434, Acc(1): 75.00, Acc(5): 100.00
2023-06-19 16:48:54,112 - AUGCON - INFO - Epoch [8/50]-(10/22) Loss: 0.8763, Acc(1): 75.00, Acc(5): 100.00
2023-06-19 16:48:54,112 - AUGCON - INFO - Epoch [8/50]-(15/22) Loss: 0.7917, Acc(1): 75.00, Acc(5): 100.00
2023-06-19 16:48:54,112 - AUGCON - INFO - Epoch [8/50]-(20/22) Loss: 1.6023, Acc(1): 25.00, Acc(5): 75.00
2023-06-19 16:48:54,112 - AUGCON - INFO - 	Validation Loss: 0.8842, Acc(1): 63.00, Acc(5): 98.00, F1: 0.16, Recall: 0.17, Precision: 0.16
2023-06-19 16:48:54,112 - AUGCON - INFO - Epoch [9/50]-(0/22) Loss: 0.9524, Acc(1): 75.00, Acc(5): 100.00
2023-06-19 16:48:54,112 - AUGCON - INFO - Epoch [9/50]-(5/22) Loss: 1.9046, Acc(1): 0.00, Acc(5): 75.00
2023-06-19 16:48:54,112 - AUGCON - INFO - Epoch [9/50]-(10/22) Loss: 1.0798, Acc(1): 50.00, Acc(5): 100.00
2023-06-19 16:48:54,112 - AUGCON - INFO - Epoch [9/50]-(15/22) Loss: 0.7083, Acc(1): 75.00, Acc(5): 100.00
2023-06-19 16:48:54,113 - AUGCON - INFO - Epoch [9/50]-(20/22) Loss: 0.8679, Acc(1): 75.00, Acc(5): 100.00
2023-06-19 16:48:54,113 - AUGCON - INFO - 	Validation Loss: 0.8502, Acc(1): 66.00, Acc(5): 100.00, F1: 0.16, Recall: 0.18, Precision: 0.15
2023-06-19 16:48:54,113 - AUGCON - INFO - Epoch [10/50]-(0/22) Loss: 1.0049, Acc(1): 75.00, Acc(5): 100.00
2023-06-19 16:48:54,113 - AUGCON - INFO - Epoch [10/50]-(5/22) Loss: 1.0832, Acc(1): 75.00, Acc(5): 100.00
2023-06-19 16:48:54,113 - AUGCON - INFO - Epoch [10/50]-(10/22) Loss: 0.5951, Acc(1): 100.00, Acc(5): 100.00
2023-06-19 16:48:54,113 - AUGCON - INFO - Epoch [10/50]-(15/22) Loss: 0.9195, Acc(1): 75.00, Acc(5): 100.00
2023-06-19 16:48:54,113 - AUGCON - INFO - Epoch [10/50]-(20/22) Loss: 0.6335, Acc(1): 75.00, Acc(5): 100.00
2023-06-19 16:48:54,113 - AUGCON - INFO - 	Validation Loss: 0.8048, Acc(1): 65.00, Acc(5): 99.00, F1: 0.17, Recall: 0.17, Precision: 0.16
2023-06-19 16:48:54,113 - AUGCON - INFO - Epoch [11/50]-(0/22) Loss: 1.1506, Acc(1): 75.00, Acc(5): 100.00
2023-06-19 16:48:54,113 - AUGCON - INFO - Epoch [11/50]-(5/22) Loss: 0.8293, Acc(1): 100.00, Acc(5): 100.00
2023-06-19 16:48:54,113 - AUGCON - INFO - Epoch [11/50]-(10/22) Loss: 0.8027, Acc(1): 75.00, Acc(5): 100.00
2023-06-19 16:48:54,114 - AUGCON - INFO - Epoch [11/50]-(15/22) Loss: 0.3393, Acc(1): 100.00, Acc(5): 100.00
2023-06-19 16:48:54,114 - AUGCON - INFO - Epoch [11/50]-(20/22) Loss: 0.8247, Acc(1): 75.00, Acc(5): 100.00
2023-06-19 16:48:54,114 - AUGCON - INFO - 	Validation Loss: 0.7748, Acc(1): 75.00, Acc(5): 100.00, F1: 0.19, Recall: 0.20, Precision: 0.18
2023-06-19 16:48:54,114 - AUGCON - INFO - Epoch [12/50]-(0/22) Loss: 0.4964, Acc(1): 75.00, Acc(5): 100.00
2023-06-19 16:48:54,114 - AUGCON - INFO - Epoch [12/50]-(5/22) Loss: 0.7367, Acc(1): 75.00, Acc(5): 100.00
2023-06-19 16:48:54,114 - AUGCON - INFO - Epoch [12/50]-(10/22) Loss: 0.6675, Acc(1): 75.00, Acc(5): 100.00
2023-06-19 16:48:54,114 - AUGCON - INFO - Epoch [12/50]-(15/22) Loss: 0.6980, Acc(1): 100.00, Acc(5): 100.00
2023-06-19 16:48:54,114 - AUGCON - INFO - Epoch [12/50]-(20/22) Loss: 0.6599, Acc(1): 75.00, Acc(5): 100.00
2023-06-19 16:48:54,114 - AUGCON - INFO - 	Validation Loss: 0.7549, Acc(1): 68.00, Acc(5): 100.00, F1: 0.17, Recall: 0.18, Precision: 0.16
2023-06-19 16:48:54,114 - AUGCON - INFO - Epoch [13/50]-(0/22) Loss: 1.5601, Acc(1): 25.00, Acc(5): 100.00
2023-06-19 16:48:54,114 - AUGCON - INFO - Epoch [13/50]-(5/22) Loss: 0.4959, Acc(1): 100.00, Acc(5): 100.00
2023-06-19 16:48:54,115 - AUGCON - INFO - Epoch [13/50]-(10/22) Loss: 0.3392, Acc(1): 100.00, Acc(5): 100.00
2023-06-19 16:48:54,115 - AUGCON - INFO - Epoch [13/50]-(15/22) Loss: 0.6550, Acc(1): 75.00, Acc(5): 100.00
2023-06-19 16:48:54,115 - AUGCON - INFO - Epoch [13/50]-(20/22) Loss: 0.6451, Acc(1): 100.00, Acc(5): 100.00
2023-06-19 16:48:54,115 - AUGCON - INFO - 	Validation Loss: 0.7629, Acc(1): 69.00, Acc(5): 100.00, F1: 0.17, Recall: 0.19, Precision: 0.16
2023-06-19 16:48:54,115 - AUGCON - INFO - Epoch [14/50]-(0/22) Loss: 0.7583, Acc(1): 75.00, Acc(5): 100.00
2023-06-19 16:48:54,115 - AUGCON - INFO - Epoch [14/50]-(5/22) Loss: 0.6270, Acc(1): 75.00, Acc(5): 100.00
2023-06-19 16:48:54,115 - AUGCON - INFO - Epoch [14/50]-(10/22) Loss: 1.1609, Acc(1): 50.00, Acc(5): 100.00
2023-06-19 16:48:54,115 - AUGCON - INFO - Epoch [14/50]-(15/22) Loss: 0.9394, Acc(1): 50.00, Acc(5): 100.00
2023-06-19 16:48:54,115 - AUGCON - INFO - Epoch [14/50]-(20/22) Loss: 0.6657, Acc(1): 75.00, Acc(5): 100.00
2023-06-19 16:48:54,115 - AUGCON - INFO - 	Validation Loss: 0.7332, Acc(1): 71.00, Acc(5): 100.00, F1: 0.18, Recall: 0.19, Precision: 0.17
2023-06-19 16:48:54,115 - AUGCON - INFO - Epoch [15/50]-(0/22) Loss: 0.9218, Acc(1): 75.00, Acc(5): 100.00
2023-06-19 16:48:54,115 - AUGCON - INFO - Epoch [15/50]-(5/22) Loss: 0.4836, Acc(1): 75.00, Acc(5): 100.00
2023-06-19 16:48:54,116 - AUGCON - INFO - Epoch [15/50]-(10/22) Loss: 0.1970, Acc(1): 100.00, Acc(5): 100.00
2023-06-19 16:48:54,116 - AUGCON - INFO - Epoch [15/50]-(15/22) Loss: 1.2470, Acc(1): 50.00, Acc(5): 100.00
2023-06-19 16:48:54,116 - AUGCON - INFO - Epoch [15/50]-(20/22) Loss: 0.7381, Acc(1): 75.00, Acc(5): 100.00
2023-06-19 16:48:54,116 - AUGCON - INFO - 	Validation Loss: 0.7040, Acc(1): 83.00, Acc(5): 100.00, F1: 0.21, Recall: 0.22, Precision: 0.20
2023-06-19 16:48:54,116 - AUGCON - INFO - Epoch [16/50]-(0/22) Loss: 0.9760, Acc(1): 75.00, Acc(5): 100.00
2023-06-19 16:48:54,116 - AUGCON - INFO - Epoch [16/50]-(5/22) Loss: 0.6943, Acc(1): 75.00, Acc(5): 100.00
2023-06-19 16:48:54,116 - AUGCON - INFO - Epoch [16/50]-(10/22) Loss: 0.4640, Acc(1): 100.00, Acc(5): 100.00
2023-06-19 16:48:54,116 - AUGCON - INFO - Epoch [16/50]-(15/22) Loss: 0.8246, Acc(1): 50.00, Acc(5): 100.00
2023-06-19 16:48:54,116 - AUGCON - INFO - Epoch [16/50]-(20/22) Loss: 0.5901, Acc(1): 75.00, Acc(5): 100.00
2023-06-19 16:48:54,116 - AUGCON - INFO - 	Validation Loss: 0.6802, Acc(1): 74.00, Acc(5): 100.00, F1: 0.18, Recall: 0.20, Precision: 0.17
2023-06-19 16:48:54,116 - AUGCON - INFO - Epoch [17/50]-(0/22) Loss: 0.5686, Acc(1): 100.00, Acc(5): 100.00
2023-06-19 16:48:54,117 - AUGCON - INFO - Epoch [17/50]-(5/22) Loss: 0.5984, Acc(1): 100.00, Acc(5): 100.00
2023-06-19 16:48:54,117 - AUGCON - INFO - Epoch [17/50]-(10/22) Loss: 0.4881, Acc(1): 100.00, Acc(5): 100.00
2023-06-19 16:48:54,117 - AUGCON - INFO - Epoch [17/50]-(15/22) Loss: 0.6945, Acc(1): 100.00, Acc(5): 100.00
2023-06-19 16:48:54,117 - AUGCON - INFO - Epoch [17/50]-(20/22) Loss: 0.5158, Acc(1): 75.00, Acc(5): 100.00
2023-06-19 16:48:54,117 - AUGCON - INFO - 	Validation Loss: 0.6702, Acc(1): 79.00, Acc(5): 100.00, F1: 0.20, Recall: 0.21, Precision: 0.18
2023-06-19 16:48:54,117 - AUGCON - INFO - Epoch [18/50]-(0/22) Loss: 0.4395, Acc(1): 100.00, Acc(5): 100.00
2023-06-19 16:48:54,117 - AUGCON - INFO - Epoch [18/50]-(5/22) Loss: 0.5160, Acc(1): 75.00, Acc(5): 100.00
2023-06-19 16:48:54,117 - AUGCON - INFO - Epoch [18/50]-(10/22) Loss: 0.8645, Acc(1): 75.00, Acc(5): 100.00
2023-06-19 16:48:54,117 - AUGCON - INFO - Epoch [18/50]-(15/22) Loss: 1.0761, Acc(1): 75.00, Acc(5): 100.00
2023-06-19 16:48:54,117 - AUGCON - INFO - Epoch [18/50]-(20/22) Loss: 0.4139, Acc(1): 100.00, Acc(5): 100.00
2023-06-19 16:48:54,117 - AUGCON - INFO - 	Validation Loss: 0.6622, Acc(1): 80.00, Acc(5): 100.00, F1: 0.20, Recall: 0.21, Precision: 0.19
2023-06-19 16:48:54,118 - AUGCON - INFO - Epoch [19/50]-(0/22) Loss: 0.8988, Acc(1): 75.00, Acc(5): 100.00
2023-06-19 16:48:54,118 - AUGCON - INFO - Epoch [19/50]-(5/22) Loss: 0.3728, Acc(1): 100.00, Acc(5): 100.00
2023-06-19 16:48:54,118 - AUGCON - INFO - Epoch [19/50]-(10/22) Loss: 1.1263, Acc(1): 50.00, Acc(5): 100.00
2023-06-19 16:48:54,118 - AUGCON - INFO - Epoch [19/50]-(15/22) Loss: 0.5583, Acc(1): 75.00, Acc(5): 100.00
2023-06-19 16:48:54,118 - AUGCON - INFO - Epoch [19/50]-(20/22) Loss: 0.7107, Acc(1): 75.00, Acc(5): 100.00
2023-06-19 16:48:54,118 - AUGCON - INFO - 	Validation Loss: 0.6500, Acc(1): 81.00, Acc(5): 100.00, F1: 0.20, Recall: 0.22, Precision: 0.19
2023-06-19 16:48:54,118 - AUGCON - INFO - Epoch [20/50]-(0/22) Loss: 0.3600, Acc(1): 100.00, Acc(5): 100.00
2023-06-19 16:48:54,118 - AUGCON - INFO - Epoch [20/50]-(5/22) Loss: 0.7532, Acc(1): 100.00, Acc(5): 100.00
2023-06-19 16:48:54,118 - AUGCON - INFO - Epoch [20/50]-(10/22) Loss: 0.8966, Acc(1): 50.00, Acc(5): 100.00
2023-06-19 16:48:54,118 - AUGCON - INFO - Epoch [20/50]-(15/22) Loss: 1.0601, Acc(1): 50.00, Acc(5): 100.00
2023-06-19 16:48:54,118 - AUGCON - INFO - Epoch [20/50]-(20/22) Loss: 0.5288, Acc(1): 100.00, Acc(5): 100.00
2023-06-19 16:48:54,118 - AUGCON - INFO - 	Validation Loss: 0.6233, Acc(1): 81.00, Acc(5): 100.00, F1: 0.20, Recall: 0.22, Precision: 0.19
2023-06-19 16:48:54,119 - AUGCON - INFO - Epoch [21/50]-(0/22) Loss: 1.0134, Acc(1): 50.00, Acc(5): 100.00
2023-06-19 16:48:54,119 - AUGCON - INFO - Epoch [21/50]-(5/22) Loss: 0.4356, Acc(1): 75.00, Acc(5): 100.00
2023-06-19 16:48:54,119 - AUGCON - INFO - Epoch [21/50]-(10/22) Loss: 0.5606, Acc(1): 75.00, Acc(5): 100.00
2023-06-19 16:48:54,119 - AUGCON - INFO - Epoch [21/50]-(15/22) Loss: 0.3830, Acc(1): 100.00, Acc(5): 100.00
2023-06-19 16:48:54,119 - AUGCON - INFO - Epoch [21/50]-(20/22) Loss: 0.6298, Acc(1): 75.00, Acc(5): 100.00
2023-06-19 16:48:54,119 - AUGCON - INFO - 	Validation Loss: 0.6163, Acc(1): 82.00, Acc(5): 100.00, F1: 0.21, Recall: 0.22, Precision: 0.20
2023-06-19 16:48:54,119 - AUGCON - INFO - Epoch [22/50]-(0/22) Loss: 0.3162, Acc(1): 100.00, Acc(5): 100.00
2023-06-19 16:48:54,119 - AUGCON - INFO - Epoch [22/50]-(5/22) Loss: 0.7087, Acc(1): 100.00, Acc(5): 100.00
2023-06-19 16:48:54,119 - AUGCON - INFO - Epoch [22/50]-(10/22) Loss: 0.4306, Acc(1): 75.00, Acc(5): 100.00
2023-06-19 16:48:54,119 - AUGCON - INFO - Epoch [22/50]-(15/22) Loss: 1.0180, Acc(1): 75.00, Acc(5): 100.00
2023-06-19 16:48:54,119 - AUGCON - INFO - Epoch [22/50]-(20/22) Loss: 1.5041, Acc(1): 50.00, Acc(5): 100.00
2023-06-19 16:48:54,120 - AUGCON - INFO - 	Validation Loss: 0.6577, Acc(1): 78.00, Acc(5): 100.00, F1: 0.20, Recall: 0.21, Precision: 0.18
2023-06-19 16:48:54,120 - AUGCON - INFO - Epoch [23/50]-(0/22) Loss: 1.2589, Acc(1): 75.00, Acc(5): 100.00
2023-06-19 16:48:54,120 - AUGCON - INFO - Epoch [23/50]-(5/22) Loss: 0.3174, Acc(1): 100.00, Acc(5): 100.00
2023-06-19 16:48:54,120 - AUGCON - INFO - Epoch [23/50]-(10/22) Loss: 0.5247, Acc(1): 75.00, Acc(5): 100.00
2023-06-19 16:48:54,120 - AUGCON - INFO - Epoch [23/50]-(15/22) Loss: 0.7925, Acc(1): 75.00, Acc(5): 100.00
2023-06-19 16:48:54,120 - AUGCON - INFO - Epoch [23/50]-(20/22) Loss: 0.4537, Acc(1): 75.00, Acc(5): 100.00
2023-06-19 16:48:54,120 - AUGCON - INFO - 	Validation Loss: 0.6736, Acc(1): 79.00, Acc(5): 100.00, F1: 0.20, Recall: 0.21, Precision: 0.19
2023-06-19 16:48:54,120 - AUGCON - INFO - Epoch [24/50]-(0/22) Loss: 0.2370, Acc(1): 100.00, Acc(5): 100.00
2023-06-19 16:48:54,120 - AUGCON - INFO - Epoch [24/50]-(5/22) Loss: 0.4352, Acc(1): 100.00, Acc(5): 100.00
2023-06-19 16:48:54,120 - AUGCON - INFO - Epoch [24/50]-(10/22) Loss: 1.0253, Acc(1): 50.00, Acc(5): 100.00
2023-06-19 16:48:54,120 - AUGCON - INFO - Epoch [24/50]-(15/22) Loss: 0.2766, Acc(1): 100.00, Acc(5): 100.00
2023-06-19 16:48:54,121 - AUGCON - INFO - Epoch [24/50]-(20/22) Loss: 0.9614, Acc(1): 75.00, Acc(5): 100.00
2023-06-19 16:48:54,121 - AUGCON - INFO - 	Validation Loss: 0.6437, Acc(1): 80.00, Acc(5): 100.00, F1: 0.20, Recall: 0.21, Precision: 0.20
2023-06-19 16:48:54,121 - AUGCON - INFO - Epoch [25/50]-(0/22) Loss: 1.3722, Acc(1): 25.00, Acc(5): 100.00
2023-06-19 16:48:54,121 - AUGCON - INFO - Epoch [25/50]-(5/22) Loss: 1.1577, Acc(1): 50.00, Acc(5): 100.00
2023-06-19 16:48:54,121 - AUGCON - INFO - Epoch [25/50]-(10/22) Loss: 0.9850, Acc(1): 50.00, Acc(5): 100.00
2023-06-19 16:48:54,121 - AUGCON - INFO - Epoch [25/50]-(15/22) Loss: 0.4462, Acc(1): 100.00, Acc(5): 100.00
2023-06-19 16:48:54,121 - AUGCON - INFO - Epoch [25/50]-(20/22) Loss: 0.3496, Acc(1): 100.00, Acc(5): 100.00
2023-06-19 16:48:54,121 - AUGCON - INFO - 	Validation Loss: 0.6026, Acc(1): 80.00, Acc(5): 100.00, F1: 0.20, Recall: 0.21, Precision: 0.19
2023-06-19 16:48:54,121 - AUGCON - INFO - Epoch [26/50]-(0/22) Loss: 0.4005, Acc(1): 100.00, Acc(5): 100.00
2023-06-19 16:48:54,121 - AUGCON - INFO - Epoch [26/50]-(5/22) Loss: 0.5679, Acc(1): 100.00, Acc(5): 100.00
2023-06-19 16:48:54,121 - AUGCON - INFO - Epoch [26/50]-(10/22) Loss: 0.6806, Acc(1): 75.00, Acc(5): 100.00
2023-06-19 16:48:54,122 - AUGCON - INFO - Epoch [26/50]-(15/22) Loss: 0.9117, Acc(1): 50.00, Acc(5): 100.00
2023-06-19 16:48:54,122 - AUGCON - INFO - Epoch [26/50]-(20/22) Loss: 0.2871, Acc(1): 100.00, Acc(5): 100.00
2023-06-19 16:48:54,122 - AUGCON - INFO - 	Validation Loss: 0.6030, Acc(1): 81.00, Acc(5): 100.00, F1: 0.20, Recall: 0.22, Precision: 0.19
2023-06-19 16:48:54,122 - AUGCON - INFO - Epoch [27/50]-(0/22) Loss: 0.7467, Acc(1): 50.00, Acc(5): 100.00
2023-06-19 16:48:54,122 - AUGCON - INFO - Epoch [27/50]-(5/22) Loss: 0.4056, Acc(1): 100.00, Acc(5): 100.00
2023-06-19 16:48:54,122 - AUGCON - INFO - Epoch [27/50]-(10/22) Loss: 0.1747, Acc(1): 100.00, Acc(5): 100.00
2023-06-19 16:48:54,122 - AUGCON - INFO - Epoch [27/50]-(15/22) Loss: 0.3531, Acc(1): 100.00, Acc(5): 100.00
2023-06-19 16:48:54,122 - AUGCON - INFO - Epoch [27/50]-(20/22) Loss: 0.2810, Acc(1): 100.00, Acc(5): 100.00
2023-06-19 16:48:54,122 - AUGCON - INFO - 	Validation Loss: 0.5925, Acc(1): 80.00, Acc(5): 100.00, F1: 0.20, Recall: 0.21, Precision: 0.19
2023-06-19 16:48:54,122 - AUGCON - INFO - Epoch [28/50]-(0/22) Loss: 0.6730, Acc(1): 75.00, Acc(5): 100.00
2023-06-19 16:48:54,122 - AUGCON - INFO - Epoch [28/50]-(5/22) Loss: 0.5557, Acc(1): 75.00, Acc(5): 100.00
2023-06-19 16:48:54,123 - AUGCON - INFO - Epoch [28/50]-(10/22) Loss: 0.4273, Acc(1): 100.00, Acc(5): 100.00
2023-06-19 16:48:54,123 - AUGCON - INFO - Epoch [28/50]-(15/22) Loss: 0.1898, Acc(1): 100.00, Acc(5): 100.00
2023-06-19 16:48:54,123 - AUGCON - INFO - Epoch [28/50]-(20/22) Loss: 0.6393, Acc(1): 75.00, Acc(5): 100.00
2023-06-19 16:48:54,123 - AUGCON - INFO - 	Validation Loss: 0.5855, Acc(1): 82.00, Acc(5): 100.00, F1: 0.21, Recall: 0.22, Precision: 0.20
2023-06-19 16:48:54,123 - AUGCON - INFO - Epoch [29/50]-(0/22) Loss: 0.5742, Acc(1): 75.00, Acc(5): 100.00
2023-06-19 16:48:54,123 - AUGCON - INFO - Epoch [29/50]-(5/22) Loss: 0.7992, Acc(1): 75.00, Acc(5): 100.00
2023-06-19 16:48:54,123 - AUGCON - INFO - Epoch [29/50]-(10/22) Loss: 0.0975, Acc(1): 100.00, Acc(5): 100.00
2023-06-19 16:48:54,123 - AUGCON - INFO - Epoch [29/50]-(15/22) Loss: 0.8824, Acc(1): 75.00, Acc(5): 100.00
2023-06-19 16:48:54,123 - AUGCON - INFO - Epoch [29/50]-(20/22) Loss: 0.5223, Acc(1): 100.00, Acc(5): 100.00
2023-06-19 16:48:54,123 - AUGCON - INFO - 	Validation Loss: 0.5868, Acc(1): 81.00, Acc(5): 100.00, F1: 0.20, Recall: 0.22, Precision: 0.19
2023-06-19 16:48:54,123 - AUGCON - INFO - Epoch [30/50]-(0/22) Loss: 0.4893, Acc(1): 100.00, Acc(5): 100.00
2023-06-19 16:48:54,123 - AUGCON - INFO - Epoch [30/50]-(5/22) Loss: 0.4655, Acc(1): 100.00, Acc(5): 100.00
2023-06-19 16:48:54,124 - AUGCON - INFO - Epoch [30/50]-(10/22) Loss: 1.0289, Acc(1): 50.00, Acc(5): 100.00
2023-06-19 16:48:54,124 - AUGCON - INFO - Epoch [30/50]-(15/22) Loss: 0.5191, Acc(1): 100.00, Acc(5): 100.00
2023-06-19 16:48:54,124 - AUGCON - INFO - Epoch [30/50]-(20/22) Loss: 0.5069, Acc(1): 75.00, Acc(5): 100.00
2023-06-19 16:48:54,124 - AUGCON - INFO - 	Validation Loss: 0.5852, Acc(1): 82.00, Acc(5): 100.00, F1: 0.20, Recall: 0.22, Precision: 0.19
2023-06-19 16:48:54,124 - AUGCON - INFO - Epoch [31/50]-(0/22) Loss: 0.8159, Acc(1): 75.00, Acc(5): 100.00
2023-06-19 16:48:54,124 - AUGCON - INFO - Epoch [31/50]-(5/22) Loss: 0.3128, Acc(1): 100.00, Acc(5): 100.00
2023-06-19 16:48:54,124 - AUGCON - INFO - Epoch [31/50]-(10/22) Loss: 0.1339, Acc(1): 100.00, Acc(5): 100.00
2023-06-19 16:48:54,124 - AUGCON - INFO - Epoch [31/50]-(15/22) Loss: 0.9168, Acc(1): 50.00, Acc(5): 100.00
2023-06-19 16:48:54,124 - AUGCON - INFO - Epoch [31/50]-(20/22) Loss: 0.3670, Acc(1): 100.00, Acc(5): 100.00
2023-06-19 16:48:54,124 - AUGCON - INFO - 	Validation Loss: 0.5645, Acc(1): 84.00, Acc(5): 100.00, F1: 0.21, Recall: 0.22, Precision: 0.20
2023-06-19 16:48:54,124 - AUGCON - INFO - Epoch [32/50]-(0/22) Loss: 0.2468, Acc(1): 100.00, Acc(5): 100.00
2023-06-19 16:48:54,125 - AUGCON - INFO - Epoch [32/50]-(5/22) Loss: 0.6152, Acc(1): 75.00, Acc(5): 100.00
2023-06-19 16:48:54,125 - AUGCON - INFO - Epoch [32/50]-(10/22) Loss: 0.1117, Acc(1): 100.00, Acc(5): 100.00
2023-06-19 16:48:54,125 - AUGCON - INFO - Epoch [32/50]-(15/22) Loss: 0.3499, Acc(1): 100.00, Acc(5): 100.00
2023-06-19 16:48:54,125 - AUGCON - INFO - Epoch [32/50]-(20/22) Loss: 0.2305, Acc(1): 100.00, Acc(5): 100.00
2023-06-19 16:48:54,125 - AUGCON - INFO - 	Validation Loss: 0.5431, Acc(1): 83.00, Acc(5): 100.00, F1: 0.21, Recall: 0.22, Precision: 0.20
2023-06-19 16:48:54,125 - AUGCON - INFO - Epoch [33/50]-(0/22) Loss: 0.6761, Acc(1): 100.00, Acc(5): 100.00
2023-06-19 16:48:54,125 - AUGCON - INFO - Epoch [33/50]-(5/22) Loss: 0.3492, Acc(1): 100.00, Acc(5): 100.00
2023-06-19 16:48:54,125 - AUGCON - INFO - Epoch [33/50]-(10/22) Loss: 0.0582, Acc(1): 100.00, Acc(5): 100.00
2023-06-19 16:48:54,125 - AUGCON - INFO - Epoch [33/50]-(15/22) Loss: 0.6548, Acc(1): 75.00, Acc(5): 100.00
2023-06-19 16:48:54,125 - AUGCON - INFO - Epoch [33/50]-(20/22) Loss: 0.5511, Acc(1): 75.00, Acc(5): 100.00
2023-06-19 16:48:54,125 - AUGCON - INFO - 	Validation Loss: 0.5562, Acc(1): 80.00, Acc(5): 100.00, F1: 0.20, Recall: 0.21, Precision: 0.19
2023-06-19 16:48:54,125 - AUGCON - INFO - Epoch [34/50]-(0/22) Loss: 0.1447, Acc(1): 100.00, Acc(5): 100.00
2023-06-19 16:48:54,126 - AUGCON - INFO - Epoch [34/50]-(5/22) Loss: 0.5044, Acc(1): 100.00, Acc(5): 100.00
2023-06-19 16:48:54,126 - AUGCON - INFO - Epoch [34/50]-(10/22) Loss: 0.5943, Acc(1): 75.00, Acc(5): 100.00
2023-06-19 16:48:54,126 - AUGCON - INFO - Epoch [34/50]-(15/22) Loss: 0.4797, Acc(1): 75.00, Acc(5): 100.00
2023-06-19 16:48:54,126 - AUGCON - INFO - Epoch [34/50]-(20/22) Loss: 0.4451, Acc(1): 100.00, Acc(5): 100.00
2023-06-19 16:48:54,126 - AUGCON - INFO - 	Validation Loss: 0.5534, Acc(1): 79.00, Acc(5): 100.00, F1: 0.20, Recall: 0.21, Precision: 0.19
2023-06-19 16:48:54,126 - AUGCON - INFO - Epoch [35/50]-(0/22) Loss: 0.2868, Acc(1): 100.00, Acc(5): 100.00
2023-06-19 16:48:54,126 - AUGCON - INFO - Epoch [35/50]-(5/22) Loss: 0.9679, Acc(1): 50.00, Acc(5): 100.00
2023-06-19 16:48:54,126 - AUGCON - INFO - Epoch [35/50]-(10/22) Loss: 0.1041, Acc(1): 100.00, Acc(5): 100.00
2023-06-19 16:48:54,126 - AUGCON - INFO - Epoch [35/50]-(15/22) Loss: 0.5782, Acc(1): 50.00, Acc(5): 100.00
2023-06-19 16:48:54,126 - AUGCON - INFO - Epoch [35/50]-(20/22) Loss: 0.4998, Acc(1): 75.00, Acc(5): 100.00
2023-06-19 16:48:54,126 - AUGCON - INFO - 	Validation Loss: 0.5357, Acc(1): 82.00, Acc(5): 100.00, F1: 0.20, Recall: 0.22, Precision: 0.19
2023-06-19 16:48:54,126 - AUGCON - INFO - Epoch [36/50]-(0/22) Loss: 0.0997, Acc(1): 100.00, Acc(5): 100.00
2023-06-19 16:48:54,126 - AUGCON - INFO - Epoch [36/50]-(5/22) Loss: 0.8316, Acc(1): 50.00, Acc(5): 100.00
2023-06-19 16:48:54,127 - AUGCON - INFO - Epoch [36/50]-(10/22) Loss: 0.5616, Acc(1): 75.00, Acc(5): 100.00
2023-06-19 16:48:54,127 - AUGCON - INFO - Epoch [36/50]-(15/22) Loss: 0.8887, Acc(1): 50.00, Acc(5): 100.00
2023-06-19 16:48:54,127 - AUGCON - INFO - Epoch [36/50]-(20/22) Loss: 0.2345, Acc(1): 100.00, Acc(5): 100.00
2023-06-19 16:48:54,127 - AUGCON - INFO - 	Validation Loss: 0.5655, Acc(1): 81.00, Acc(5): 100.00, F1: 0.20, Recall: 0.22, Precision: 0.19
2023-06-19 16:48:54,127 - AUGCON - INFO - Epoch [37/50]-(0/22) Loss: 0.6236, Acc(1): 75.00, Acc(5): 100.00
2023-06-19 16:48:54,127 - AUGCON - INFO - Epoch [37/50]-(5/22) Loss: 0.6012, Acc(1): 75.00, Acc(5): 100.00
2023-06-19 16:48:54,127 - AUGCON - INFO - Epoch [37/50]-(10/22) Loss: 0.5460, Acc(1): 100.00, Acc(5): 100.00
2023-06-19 16:48:54,127 - AUGCON - INFO - Epoch [37/50]-(15/22) Loss: 0.4276, Acc(1): 100.00, Acc(5): 100.00
2023-06-19 16:48:54,127 - AUGCON - INFO - Epoch [37/50]-(20/22) Loss: 0.3950, Acc(1): 100.00, Acc(5): 100.00
2023-06-19 16:48:54,127 - AUGCON - INFO - 	Validation Loss: 0.5411, Acc(1): 81.00, Acc(5): 100.00, F1: 0.20, Recall: 0.21, Precision: 0.19
2023-06-19 16:48:54,127 - AUGCON - INFO - Epoch [38/50]-(0/22) Loss: 0.4380, Acc(1): 75.00, Acc(5): 100.00
2023-06-19 16:48:54,127 - AUGCON - INFO - Epoch [38/50]-(5/22) Loss: 0.4861, Acc(1): 100.00, Acc(5): 100.00
2023-06-19 16:48:54,127 - AUGCON - INFO - Epoch [38/50]-(10/22) Loss: 0.2042, Acc(1): 100.00, Acc(5): 100.00
2023-06-19 16:48:54,127 - AUGCON - INFO - Epoch [38/50]-(15/22) Loss: 0.6423, Acc(1): 50.00, Acc(5): 100.00
2023-06-19 16:48:54,128 - AUGCON - INFO - Epoch [38/50]-(20/22) Loss: 0.6217, Acc(1): 100.00, Acc(5): 100.00
2023-06-19 16:48:54,128 - AUGCON - INFO - 	Validation Loss: 0.5146, Acc(1): 82.00, Acc(5): 100.00, F1: 0.21, Recall: 0.22, Precision: 0.20
2023-06-19 16:48:54,128 - AUGCON - INFO - Epoch [39/50]-(0/22) Loss: 0.2683, Acc(1): 100.00, Acc(5): 100.00
2023-06-19 16:48:54,128 - AUGCON - INFO - Epoch [39/50]-(5/22) Loss: 0.1510, Acc(1): 100.00, Acc(5): 100.00
2023-06-19 16:48:54,128 - AUGCON - INFO - Epoch [39/50]-(10/22) Loss: 0.3961, Acc(1): 100.00, Acc(5): 100.00
2023-06-19 16:48:54,128 - AUGCON - INFO - Epoch [39/50]-(15/22) Loss: 0.6060, Acc(1): 50.00, Acc(5): 100.00
2023-06-19 16:48:54,128 - AUGCON - INFO - Epoch [39/50]-(20/22) Loss: 0.5811, Acc(1): 50.00, Acc(5): 100.00
2023-06-19 16:48:54,128 - AUGCON - INFO - 	Validation Loss: 0.5196, Acc(1): 78.00, Acc(5): 100.00, F1: 0.20, Recall: 0.21, Precision: 0.19
2023-06-19 16:48:54,128 - AUGCON - INFO - Epoch [40/50]-(0/22) Loss: 0.5973, Acc(1): 75.00, Acc(5): 100.00
2023-06-19 16:48:54,128 - AUGCON - INFO - Epoch [40/50]-(5/22) Loss: 0.5151, Acc(1): 100.00, Acc(5): 100.00
2023-06-19 16:48:54,128 - AUGCON - INFO - Epoch [40/50]-(10/22) Loss: 0.2940, Acc(1): 100.00, Acc(5): 100.00
2023-06-19 16:48:54,128 - AUGCON - INFO - Epoch [40/50]-(15/22) Loss: 0.1478, Acc(1): 100.00, Acc(5): 100.00
2023-06-19 16:48:54,128 - AUGCON - INFO - Epoch [40/50]-(20/22) Loss: 0.6779, Acc(1): 75.00, Acc(5): 100.00
2023-06-19 16:48:54,129 - AUGCON - INFO - 	Validation Loss: 0.5125, Acc(1): 84.00, Acc(5): 100.00, F1: 0.21, Recall: 0.22, Precision: 0.20
2023-06-19 16:48:54,129 - AUGCON - INFO - Epoch [41/50]-(0/22) Loss: 1.3033, Acc(1): 50.00, Acc(5): 100.00
2023-06-19 16:48:54,129 - AUGCON - INFO - Epoch [41/50]-(5/22) Loss: 0.1665, Acc(1): 100.00, Acc(5): 100.00
2023-06-19 16:48:54,129 - AUGCON - INFO - Epoch [41/50]-(10/22) Loss: 0.8158, Acc(1): 50.00, Acc(5): 100.00
2023-06-19 16:48:54,129 - AUGCON - INFO - Epoch [41/50]-(15/22) Loss: 0.5557, Acc(1): 75.00, Acc(5): 100.00
2023-06-19 16:48:54,129 - AUGCON - INFO - Epoch [41/50]-(20/22) Loss: 0.5428, Acc(1): 75.00, Acc(5): 100.00
2023-06-19 16:48:54,129 - AUGCON - INFO - 	Validation Loss: 0.5283, Acc(1): 83.00, Acc(5): 100.00, F1: 0.21, Recall: 0.22, Precision: 0.20
2023-06-19 16:48:54,129 - AUGCON - INFO - Epoch [42/50]-(0/22) Loss: 0.6175, Acc(1): 50.00, Acc(5): 100.00
2023-06-19 16:48:54,129 - AUGCON - INFO - Epoch [42/50]-(5/22) Loss: 0.8832, Acc(1): 75.00, Acc(5): 100.00
2023-06-19 16:48:54,129 - AUGCON - INFO - Epoch [42/50]-(10/22) Loss: 0.2935, Acc(1): 100.00, Acc(5): 100.00
2023-06-19 16:48:54,129 - AUGCON - INFO - Epoch [42/50]-(15/22) Loss: 0.1145, Acc(1): 100.00, Acc(5): 100.00
2023-06-19 16:48:54,129 - AUGCON - INFO - Epoch [42/50]-(20/22) Loss: 0.2549, Acc(1): 100.00, Acc(5): 100.00
2023-06-19 16:48:54,129 - AUGCON - INFO - 	Validation Loss: 0.5124, Acc(1): 82.00, Acc(5): 100.00, F1: 0.20, Recall: 0.22, Precision: 0.19
2023-06-19 16:48:54,130 - AUGCON - INFO - Epoch [43/50]-(0/22) Loss: 0.6328, Acc(1): 75.00, Acc(5): 100.00
2023-06-19 16:48:54,130 - AUGCON - INFO - Epoch [43/50]-(5/22) Loss: 0.6815, Acc(1): 75.00, Acc(5): 100.00
2023-06-19 16:48:54,130 - AUGCON - INFO - Epoch [43/50]-(10/22) Loss: 0.0779, Acc(1): 100.00, Acc(5): 100.00
2023-06-19 16:48:54,130 - AUGCON - INFO - Epoch [43/50]-(15/22) Loss: 0.3172, Acc(1): 100.00, Acc(5): 100.00
2023-06-19 16:48:54,130 - AUGCON - INFO - Epoch [43/50]-(20/22) Loss: 0.6557, Acc(1): 75.00, Acc(5): 100.00
2023-06-19 16:48:54,130 - AUGCON - INFO - 	Validation Loss: 0.4986, Acc(1): 84.00, Acc(5): 100.00, F1: 0.21, Recall: 0.22, Precision: 0.20
2023-06-19 16:48:54,130 - AUGCON - INFO - Epoch [44/50]-(0/22) Loss: 0.5732, Acc(1): 75.00, Acc(5): 100.00
2023-06-19 16:48:54,130 - AUGCON - INFO - Epoch [44/50]-(5/22) Loss: 0.2733, Acc(1): 100.00, Acc(5): 100.00
2023-06-19 16:48:54,130 - AUGCON - INFO - Epoch [44/50]-(10/22) Loss: 0.3953, Acc(1): 100.00, Acc(5): 100.00
2023-06-19 16:48:54,130 - AUGCON - INFO - Epoch [44/50]-(15/22) Loss: 0.5684, Acc(1): 75.00, Acc(5): 100.00
2023-06-19 16:48:54,130 - AUGCON - INFO - Epoch [44/50]-(20/22) Loss: 0.5337, Acc(1): 75.00, Acc(5): 100.00
2023-06-19 16:48:54,130 - AUGCON - INFO - 	Validation Loss: 0.5758, Acc(1): 82.00, Acc(5): 100.00, F1: 0.21, Recall: 0.22, Precision: 0.19
2023-06-19 16:48:54,130 - AUGCON - INFO - Epoch [45/50]-(0/22) Loss: 0.6681, Acc(1): 75.00, Acc(5): 100.00
2023-06-19 16:48:54,131 - AUGCON - INFO - Epoch [45/50]-(5/22) Loss: 0.4026, Acc(1): 75.00, Acc(5): 100.00
2023-06-19 16:48:54,131 - AUGCON - INFO - Epoch [45/50]-(10/22) Loss: 1.0771, Acc(1): 25.00, Acc(5): 100.00
2023-06-19 16:48:54,131 - AUGCON - INFO - Epoch [45/50]-(15/22) Loss: 0.4620, Acc(1): 75.00, Acc(5): 100.00
2023-06-19 16:48:54,131 - AUGCON - INFO - Epoch [45/50]-(20/22) Loss: 0.3446, Acc(1): 75.00, Acc(5): 100.00
2023-06-19 16:48:54,131 - AUGCON - INFO - 	Validation Loss: 0.4813, Acc(1): 82.00, Acc(5): 100.00, F1: 0.21, Recall: 0.22, Precision: 0.20
2023-06-19 16:48:54,131 - AUGCON - INFO - Epoch [46/50]-(0/22) Loss: 0.5218, Acc(1): 75.00, Acc(5): 100.00
2023-06-19 16:48:54,131 - AUGCON - INFO - Epoch [46/50]-(5/22) Loss: 0.5730, Acc(1): 75.00, Acc(5): 100.00
2023-06-19 16:48:54,131 - AUGCON - INFO - Epoch [46/50]-(10/22) Loss: 0.2425, Acc(1): 100.00, Acc(5): 100.00
2023-06-19 16:48:54,131 - AUGCON - INFO - Epoch [46/50]-(15/22) Loss: 0.2536, Acc(1): 100.00, Acc(5): 100.00
2023-06-19 16:48:54,131 - AUGCON - INFO - Epoch [46/50]-(20/22) Loss: 0.3949, Acc(1): 75.00, Acc(5): 100.00
2023-06-19 16:48:54,131 - AUGCON - INFO - 	Validation Loss: 0.4947, Acc(1): 82.00, Acc(5): 100.00, F1: 0.20, Recall: 0.22, Precision: 0.19
2023-06-19 16:48:54,131 - AUGCON - INFO - Epoch [47/50]-(0/22) Loss: 0.3016, Acc(1): 75.00, Acc(5): 100.00
2023-06-19 16:48:54,131 - AUGCON - INFO - Epoch [47/50]-(5/22) Loss: 0.3823, Acc(1): 75.00, Acc(5): 100.00
2023-06-19 16:48:54,131 - AUGCON - INFO - Epoch [47/50]-(10/22) Loss: 0.2432, Acc(1): 100.00, Acc(5): 100.00
2023-06-19 16:48:54,132 - AUGCON - INFO - Epoch [47/50]-(15/22) Loss: 0.1449, Acc(1): 100.00, Acc(5): 100.00
2023-06-19 16:48:54,132 - AUGCON - INFO - Epoch [47/50]-(20/22) Loss: 1.0248, Acc(1): 50.00, Acc(5): 100.00
2023-06-19 16:48:54,132 - AUGCON - INFO - 	Validation Loss: 0.5071, Acc(1): 83.00, Acc(5): 100.00, F1: 0.21, Recall: 0.22, Precision: 0.19
2023-06-19 16:48:54,132 - AUGCON - INFO - Epoch [48/50]-(0/22) Loss: 0.6342, Acc(1): 75.00, Acc(5): 100.00
2023-06-19 16:48:54,132 - AUGCON - INFO - Epoch [48/50]-(5/22) Loss: 0.2431, Acc(1): 100.00, Acc(5): 100.00
2023-06-19 16:48:54,132 - AUGCON - INFO - Epoch [48/50]-(10/22) Loss: 0.2035, Acc(1): 100.00, Acc(5): 100.00
2023-06-19 16:48:54,132 - AUGCON - INFO - Epoch [48/50]-(15/22) Loss: 0.1506, Acc(1): 100.00, Acc(5): 100.00
2023-06-19 16:48:54,132 - AUGCON - INFO - Epoch [48/50]-(20/22) Loss: 0.7126, Acc(1): 50.00, Acc(5): 100.00
2023-06-19 16:48:54,132 - AUGCON - INFO - 	Validation Loss: 0.5071, Acc(1): 84.00, Acc(5): 100.00, F1: 0.21, Recall: 0.22, Precision: 0.20
2023-06-19 16:48:54,132 - AUGCON - INFO - Epoch [49/50]-(0/22) Loss: 0.3009, Acc(1): 75.00, Acc(5): 100.00
2023-06-19 16:48:54,132 - AUGCON - INFO - Epoch [49/50]-(5/22) Loss: 0.2988, Acc(1): 100.00, Acc(5): 100.00
2023-06-19 16:48:54,132 - AUGCON - INFO - Epoch [49/50]-(10/22) Loss: 0.4701, Acc(1): 75.00, Acc(5): 100.00
2023-06-19 16:48:54,132 - AUGCON - INFO - Epoch [49/50]-(15/22) Loss: 0.2838, Acc(1): 100.00, Acc(5): 100.00
2023-06-19 16:48:54,133 - AUGCON - INFO - Epoch [49/50]-(20/22) Loss: 0.7033, Acc(1): 75.00, Acc(5): 100.00
2023-06-19 16:48:54,133 - AUGCON - INFO - 	Validation Loss: 0.5241, Acc(1): 84.00, Acc(5): 100.00, F1: 0.21, Recall: 0.22, Precision: 0.20
2023-06-19 16:48:54,133 - AUGCON - INFO - Epoch [50/50]-(0/22) Loss: 0.4445, Acc(1): 75.00, Acc(5): 100.00
2023-06-19 16:48:54,133 - AUGCON - INFO - Epoch [50/50]-(5/22) Loss: 0.6377, Acc(1): 75.00, Acc(5): 100.00
2023-06-19 16:48:54,133 - AUGCON - INFO - Epoch [50/50]-(10/22) Loss: 0.5717, Acc(1): 75.00, Acc(5): 100.00
2023-06-19 16:48:54,133 - AUGCON - INFO - Epoch [50/50]-(15/22) Loss: 0.7945, Acc(1): 50.00, Acc(5): 100.00
2023-06-19 16:48:54,133 - AUGCON - INFO - Epoch [50/50]-(20/22) Loss: 0.1489, Acc(1): 100.00, Acc(5): 100.00
2023-06-19 16:48:54,133 - AUGCON - INFO - 	Validation Loss: 0.4839, Acc(1): 83.00, Acc(5): 100.00, F1: 0.21, Recall: 0.22, Precision: 0.20
2023-06-19 16:48:54,133 - AUGCON - INFO - 	Validation Loss: 0.4060, Acc(1): 84.67, Acc(5): 100.00, F1: 0.21, Recall: 0.21, Precision: 0.21
