2023-06-19 16:41:37,544 - AUGCON - INFO - logger initialized (/home/hjyoon/projects/augcon/config/exp0/finetune_da_true/without_target_domain_WA0003-hskim/cpc_random_8421/tgt_target_domain_WA0002-bkkim_seed0.yaml.log)
2023-06-19 16:41:37,544 - AUGCON - INFO - ================= Config =================
2023-06-19 16:41:37,544 - AUGCON - INFO -   mode: finetune
2023-06-19 16:41:37,544 - AUGCON - INFO -   seed: 0
2023-06-19 16:41:37,544 - AUGCON - INFO -   gpu: [0]
2023-06-19 16:41:37,544 - AUGCON - INFO -   num_workers: 1
2023-06-19 16:41:37,544 - AUGCON - INFO -   dist_url: tcp://localhost:10001
2023-06-19 16:41:37,544 - AUGCON - INFO -   dataset_name: ichar
2023-06-19 16:41:37,545 - AUGCON - INFO -   train_dataset_path: /mnt/sting/hjyoon/projects/cross/ICHAR/augcon/target_domain_WA0002-bkkim/finetune/10shot/target/train.pkl
2023-06-19 16:41:37,545 - AUGCON - INFO -   test_dataset_path: /mnt/sting/hjyoon/projects/cross/ICHAR/augcon/target_domain_WA0002-bkkim/finetune/10shot/target/test.pkl
2023-06-19 16:41:37,545 - AUGCON - INFO -   val_dataset_path: /mnt/sting/hjyoon/projects/cross/ICHAR/augcon/target_domain_WA0002-bkkim/finetune/10shot/target/val.pkl
2023-06-19 16:41:37,545 - AUGCON - INFO -   input_channels: 3
2023-06-19 16:41:37,545 - AUGCON - INFO -   num_cls: 9
2023-06-19 16:41:37,545 - AUGCON - INFO -   optimizer: adam
2023-06-19 16:41:37,545 - AUGCON - INFO -   criterion: crossentropy
2023-06-19 16:41:37,545 - AUGCON - INFO -   start_epoch: 0
2023-06-19 16:41:37,545 - AUGCON - INFO -   epochs: 50
2023-06-19 16:41:37,545 - AUGCON - INFO -   batch_size: 4
2023-06-19 16:41:37,545 - AUGCON - INFO -   lr: 0.001
2023-06-19 16:41:37,545 - AUGCON - INFO -   wd: 0.0
2023-06-19 16:41:37,545 - AUGCON - INFO -   resume: 
2023-06-19 16:41:37,545 - AUGCON - INFO -   pretrained: /mnt/sting/hjyoon/projects/augcontrast/models/exp0/pretrain/without_target_domain_WA0003-hskim/cpc_random_8421//checkpoint_0099.pth.tar
2023-06-19 16:41:37,545 - AUGCON - INFO -   ckpt_dir: /mnt/sting/hjyoon/projects/augcontrast/models/exp0/finetune_da_true/without_target_domain_WA0003-hskim/cpc_random_8421/tgt_target_domain_WA0002-bkkim_seed0
2023-06-19 16:41:37,545 - AUGCON - INFO -   log_freq: 5
2023-06-19 16:41:37,545 - AUGCON - INFO -   save_freq: 10
2023-06-19 16:41:37,545 - AUGCON - INFO -   pretext: metacpc
2023-06-19 16:41:37,545 - AUGCON - INFO -   enc_blocks: 4
2023-06-19 16:41:37,545 - AUGCON - INFO -   kernel_sizes: [8, 4, 2, 1]
2023-06-19 16:41:37,545 - AUGCON - INFO -   strides: [4, 2, 1, 1]
2023-06-19 16:41:37,545 - AUGCON - INFO -   agg_blocks: 5
2023-06-19 16:41:37,545 - AUGCON - INFO -   z_dim: 256
2023-06-19 16:41:37,545 - AUGCON - INFO -   pooling: mean
2023-06-19 16:41:37,545 - AUGCON - INFO -   pred_steps: 12
2023-06-19 16:41:37,546 - AUGCON - INFO -   n_negatives: 15
2023-06-19 16:41:37,546 - AUGCON - INFO -   offset: 4
2023-06-19 16:41:37,546 - AUGCON - INFO -   domain_adaptation: True
2023-06-19 16:41:37,546 - AUGCON - INFO -   task_steps: 10
2023-06-19 16:41:37,546 - AUGCON - INFO -   task_lr: 0.001
2023-06-19 16:41:37,546 - AUGCON - INFO -   reg_lambda: 0
2023-06-19 16:41:37,546 - AUGCON - INFO -   mlp: False
2023-06-19 16:41:37,546 - AUGCON - INFO -   freeze: True
2023-06-19 16:41:37,546 - AUGCON - INFO -   no_vars: True
2023-06-19 16:41:37,546 - AUGCON - INFO - ==========================================
2023-06-19 16:41:37,546 - AUGCON - INFO - Setting GPUs: [0]
2023-06-19 16:41:37,546 - AUGCON - INFO - GPUs [0] will be used
2023-06-19 16:41:37,547 - AUGCON - WARNING - You have chosen to seed training. 
2023-06-19 16:41:37,547 - AUGCON - WARNING - This will turn on the CUDNN deterministic setting, 
2023-06-19 16:41:37,547 - AUGCON - WARNING - which can slow down your training considerably! 
2023-06-19 16:41:37,547 - AUGCON - WARNING - You may see unexpected behavior when restarting 
2023-06-19 16:41:37,547 - AUGCON - WARNING - from checkpoints.
2023-06-19 16:41:37,575 - AUGCON - INFO - Executing MetaCPC
2023-06-19 16:41:37,576 - AUGCON - INFO - Logs are skipped during training
2023-06-19 16:41:56,972 - AUGCON - INFO - Single GPU is used for training - training 90 instances for each worker
2023-06-19 16:41:56,972 - AUGCON - INFO - Loading pretrained model from checkpoint - /mnt/sting/hjyoon/projects/augcontrast/models/exp0/pretrain/without_target_domain_WA0003-hskim/cpc_random_8421//checkpoint_0099.pth.tar
2023-06-19 16:41:56,972 - AUGCON - INFO - Missing keys: ['predictor.vars.0', 'predictor.vars.1']
2023-06-19 16:41:56,972 - AUGCON - INFO - Perform domain adaptation step
2023-06-19 16:41:56,972 - AUGCON - INFO - 	meta-train [0/10] Loss: 2.8671, Acc(1): 7.25, Acc(5): 34.67
2023-06-19 16:41:56,972 - AUGCON - INFO - 	meta-train [1/10] Loss: 2.8528, Acc(1): 7.22, Acc(5): 34.97
2023-06-19 16:41:56,972 - AUGCON - INFO - 	meta-train [2/10] Loss: 2.8544, Acc(1): 7.20, Acc(5): 34.62
2023-06-19 16:41:56,972 - AUGCON - INFO - 	meta-train [3/10] Loss: 2.8442, Acc(1): 7.13, Acc(5): 34.45
2023-06-19 16:41:56,973 - AUGCON - INFO - 	meta-train [4/10] Loss: 2.8368, Acc(1): 7.22, Acc(5): 34.76
2023-06-19 16:41:56,973 - AUGCON - INFO - 	meta-train [5/10] Loss: 2.8369, Acc(1): 6.91, Acc(5): 34.50
2023-06-19 16:41:56,973 - AUGCON - INFO - 	meta-train [6/10] Loss: 2.8370, Acc(1): 7.08, Acc(5): 34.52
2023-06-19 16:41:56,973 - AUGCON - INFO - 	meta-train [7/10] Loss: 2.8299, Acc(1): 6.96, Acc(5): 34.87
2023-06-19 16:41:56,973 - AUGCON - INFO - 	meta-train [8/10] Loss: 2.8292, Acc(1): 7.17, Acc(5): 34.62
2023-06-19 16:41:56,973 - AUGCON - INFO - 	meta-train [9/10] Loss: 2.8266, Acc(1): 7.38, Acc(5): 34.87
2023-06-19 16:41:56,973 - AUGCON - INFO - Loading encoder parameters to the classifier
2023-06-19 16:41:56,973 - AUGCON - INFO - Missing keys: ['classifier.block.0.weight', 'classifier.block.0.bias']
2023-06-19 16:41:56,973 - AUGCON - INFO - Epoch [1/50]-(0/22) Loss: 2.3796, Acc(1): 0.00, Acc(5): 75.00
2023-06-19 16:41:56,973 - AUGCON - INFO - Epoch [1/50]-(5/22) Loss: 2.3536, Acc(1): 0.00, Acc(5): 75.00
2023-06-19 16:41:56,973 - AUGCON - INFO - Epoch [1/50]-(10/22) Loss: 2.6555, Acc(1): 0.00, Acc(5): 50.00
2023-06-19 16:41:56,973 - AUGCON - INFO - Epoch [1/50]-(15/22) Loss: 1.8969, Acc(1): 25.00, Acc(5): 75.00
2023-06-19 16:41:56,973 - AUGCON - INFO - Epoch [1/50]-(20/22) Loss: 1.7588, Acc(1): 25.00, Acc(5): 100.00
2023-06-19 16:41:56,973 - AUGCON - INFO - 	Validation Loss: 1.6762, Acc(1): 49.00, Acc(5): 100.00, F1: 0.14, Recall: 0.13, Precision: 0.15
2023-06-19 16:41:56,973 - AUGCON - INFO - Epoch [2/50]-(0/22) Loss: 1.5659, Acc(1): 50.00, Acc(5): 100.00
2023-06-19 16:41:56,974 - AUGCON - INFO - Epoch [2/50]-(5/22) Loss: 1.8285, Acc(1): 25.00, Acc(5): 100.00
2023-06-19 16:41:56,974 - AUGCON - INFO - Epoch [2/50]-(10/22) Loss: 1.7078, Acc(1): 25.00, Acc(5): 100.00
2023-06-19 16:41:56,974 - AUGCON - INFO - Epoch [2/50]-(15/22) Loss: 1.7413, Acc(1): 25.00, Acc(5): 75.00
2023-06-19 16:41:56,974 - AUGCON - INFO - Epoch [2/50]-(20/22) Loss: 1.7780, Acc(1): 0.00, Acc(5): 100.00
2023-06-19 16:41:56,974 - AUGCON - INFO - 	Validation Loss: 1.4110, Acc(1): 39.00, Acc(5): 100.00, F1: 0.11, Recall: 0.10, Precision: 0.13
2023-06-19 16:41:56,974 - AUGCON - INFO - Epoch [3/50]-(0/22) Loss: 1.1650, Acc(1): 50.00, Acc(5): 100.00
2023-06-19 16:41:56,974 - AUGCON - INFO - Epoch [3/50]-(5/22) Loss: 1.0732, Acc(1): 50.00, Acc(5): 100.00
2023-06-19 16:41:56,974 - AUGCON - INFO - Epoch [3/50]-(10/22) Loss: 1.6469, Acc(1): 0.00, Acc(5): 100.00
2023-06-19 16:41:56,974 - AUGCON - INFO - Epoch [3/50]-(15/22) Loss: 1.3549, Acc(1): 0.00, Acc(5): 100.00
2023-06-19 16:41:56,974 - AUGCON - INFO - Epoch [3/50]-(20/22) Loss: 1.3227, Acc(1): 50.00, Acc(5): 100.00
2023-06-19 16:41:56,974 - AUGCON - INFO - 	Validation Loss: 1.2406, Acc(1): 75.00, Acc(5): 100.00, F1: 0.19, Recall: 0.17, Precision: 0.23
2023-06-19 16:41:56,974 - AUGCON - INFO - Epoch [4/50]-(0/22) Loss: 1.1686, Acc(1): 50.00, Acc(5): 100.00
2023-06-19 16:41:56,974 - AUGCON - INFO - Epoch [4/50]-(5/22) Loss: 1.1342, Acc(1): 75.00, Acc(5): 100.00
2023-06-19 16:41:56,974 - AUGCON - INFO - Epoch [4/50]-(10/22) Loss: 1.1707, Acc(1): 50.00, Acc(5): 100.00
2023-06-19 16:41:56,974 - AUGCON - INFO - Epoch [4/50]-(15/22) Loss: 1.2819, Acc(1): 75.00, Acc(5): 100.00
2023-06-19 16:41:56,974 - AUGCON - INFO - Epoch [4/50]-(20/22) Loss: 1.1273, Acc(1): 75.00, Acc(5): 100.00
2023-06-19 16:41:56,975 - AUGCON - INFO - 	Validation Loss: 1.1847, Acc(1): 70.00, Acc(5): 100.00, F1: 0.18, Recall: 0.17, Precision: 0.20
2023-06-19 16:41:56,975 - AUGCON - INFO - Epoch [5/50]-(0/22) Loss: 1.0725, Acc(1): 75.00, Acc(5): 100.00
2023-06-19 16:41:56,975 - AUGCON - INFO - Epoch [5/50]-(5/22) Loss: 1.2798, Acc(1): 75.00, Acc(5): 100.00
2023-06-19 16:41:56,975 - AUGCON - INFO - Epoch [5/50]-(10/22) Loss: 0.8609, Acc(1): 100.00, Acc(5): 100.00
2023-06-19 16:41:56,975 - AUGCON - INFO - Epoch [5/50]-(15/22) Loss: 0.9413, Acc(1): 75.00, Acc(5): 100.00
2023-06-19 16:41:56,975 - AUGCON - INFO - Epoch [5/50]-(20/22) Loss: 1.1802, Acc(1): 50.00, Acc(5): 100.00
2023-06-19 16:41:56,975 - AUGCON - INFO - 	Validation Loss: 1.0829, Acc(1): 77.00, Acc(5): 100.00, F1: 0.18, Recall: 0.18, Precision: 0.17
2023-06-19 16:41:56,975 - AUGCON - INFO - Epoch [6/50]-(0/22) Loss: 1.1186, Acc(1): 75.00, Acc(5): 100.00
2023-06-19 16:41:56,975 - AUGCON - INFO - Epoch [6/50]-(5/22) Loss: 0.7782, Acc(1): 100.00, Acc(5): 100.00
2023-06-19 16:41:56,975 - AUGCON - INFO - Epoch [6/50]-(10/22) Loss: 1.4319, Acc(1): 50.00, Acc(5): 100.00
2023-06-19 16:41:56,975 - AUGCON - INFO - Epoch [6/50]-(15/22) Loss: 1.0814, Acc(1): 100.00, Acc(5): 100.00
2023-06-19 16:41:56,975 - AUGCON - INFO - Epoch [6/50]-(20/22) Loss: 1.2057, Acc(1): 75.00, Acc(5): 100.00
2023-06-19 16:41:56,975 - AUGCON - INFO - 	Validation Loss: 1.0181, Acc(1): 76.00, Acc(5): 100.00, F1: 0.19, Recall: 0.18, Precision: 0.19
2023-06-19 16:41:56,975 - AUGCON - INFO - Epoch [7/50]-(0/22) Loss: 1.2173, Acc(1): 50.00, Acc(5): 100.00
2023-06-19 16:41:56,975 - AUGCON - INFO - Epoch [7/50]-(5/22) Loss: 0.9741, Acc(1): 100.00, Acc(5): 100.00
2023-06-19 16:41:56,975 - AUGCON - INFO - Epoch [7/50]-(10/22) Loss: 0.6561, Acc(1): 100.00, Acc(5): 100.00
2023-06-19 16:41:56,975 - AUGCON - INFO - Epoch [7/50]-(15/22) Loss: 0.9744, Acc(1): 50.00, Acc(5): 100.00
2023-06-19 16:41:56,976 - AUGCON - INFO - Epoch [7/50]-(20/22) Loss: 0.9329, Acc(1): 75.00, Acc(5): 100.00
2023-06-19 16:41:56,976 - AUGCON - INFO - 	Validation Loss: 0.9901, Acc(1): 84.00, Acc(5): 100.00, F1: 0.21, Recall: 0.20, Precision: 0.22
2023-06-19 16:41:56,976 - AUGCON - INFO - Epoch [8/50]-(0/22) Loss: 0.9405, Acc(1): 100.00, Acc(5): 100.00
2023-06-19 16:41:56,976 - AUGCON - INFO - Epoch [8/50]-(5/22) Loss: 1.2386, Acc(1): 75.00, Acc(5): 100.00
2023-06-19 16:41:56,976 - AUGCON - INFO - Epoch [8/50]-(10/22) Loss: 0.9258, Acc(1): 75.00, Acc(5): 100.00
2023-06-19 16:41:56,976 - AUGCON - INFO - Epoch [8/50]-(15/22) Loss: 0.7786, Acc(1): 100.00, Acc(5): 100.00
2023-06-19 16:41:56,976 - AUGCON - INFO - Epoch [8/50]-(20/22) Loss: 0.8162, Acc(1): 75.00, Acc(5): 100.00
2023-06-19 16:41:56,976 - AUGCON - INFO - 	Validation Loss: 0.9345, Acc(1): 84.00, Acc(5): 100.00, F1: 0.21, Recall: 0.20, Precision: 0.21
2023-06-19 16:41:56,976 - AUGCON - INFO - Epoch [9/50]-(0/22) Loss: 0.5659, Acc(1): 100.00, Acc(5): 100.00
2023-06-19 16:41:56,976 - AUGCON - INFO - Epoch [9/50]-(5/22) Loss: 1.1901, Acc(1): 75.00, Acc(5): 100.00
2023-06-19 16:41:56,976 - AUGCON - INFO - Epoch [9/50]-(10/22) Loss: 1.1176, Acc(1): 75.00, Acc(5): 100.00
2023-06-19 16:41:56,976 - AUGCON - INFO - Epoch [9/50]-(15/22) Loss: 1.0017, Acc(1): 50.00, Acc(5): 100.00
2023-06-19 16:41:56,976 - AUGCON - INFO - Epoch [9/50]-(20/22) Loss: 1.1371, Acc(1): 75.00, Acc(5): 100.00
2023-06-19 16:41:56,976 - AUGCON - INFO - 	Validation Loss: 0.9293, Acc(1): 84.00, Acc(5): 100.00, F1: 0.21, Recall: 0.21, Precision: 0.20
2023-06-19 16:41:56,976 - AUGCON - INFO - Epoch [10/50]-(0/22) Loss: 1.1171, Acc(1): 50.00, Acc(5): 100.00
2023-06-19 16:41:56,977 - AUGCON - INFO - Epoch [10/50]-(5/22) Loss: 1.1322, Acc(1): 75.00, Acc(5): 100.00
2023-06-19 16:41:56,977 - AUGCON - INFO - Epoch [10/50]-(10/22) Loss: 0.8060, Acc(1): 100.00, Acc(5): 100.00
2023-06-19 16:41:56,977 - AUGCON - INFO - Epoch [10/50]-(15/22) Loss: 0.7872, Acc(1): 75.00, Acc(5): 100.00
2023-06-19 16:41:56,977 - AUGCON - INFO - Epoch [10/50]-(20/22) Loss: 1.1262, Acc(1): 50.00, Acc(5): 100.00
2023-06-19 16:41:56,977 - AUGCON - INFO - 	Validation Loss: 0.8938, Acc(1): 79.00, Acc(5): 100.00, F1: 0.20, Recall: 0.19, Precision: 0.21
2023-06-19 16:41:56,977 - AUGCON - INFO - Epoch [11/50]-(0/22) Loss: 0.8943, Acc(1): 75.00, Acc(5): 100.00
2023-06-19 16:41:56,977 - AUGCON - INFO - Epoch [11/50]-(5/22) Loss: 0.7952, Acc(1): 75.00, Acc(5): 100.00
2023-06-19 16:41:56,977 - AUGCON - INFO - Epoch [11/50]-(10/22) Loss: 0.6268, Acc(1): 100.00, Acc(5): 100.00
2023-06-19 16:41:56,977 - AUGCON - INFO - Epoch [11/50]-(15/22) Loss: 0.8001, Acc(1): 100.00, Acc(5): 100.00
2023-06-19 16:41:56,977 - AUGCON - INFO - Epoch [11/50]-(20/22) Loss: 0.3182, Acc(1): 100.00, Acc(5): 100.00
2023-06-19 16:41:56,977 - AUGCON - INFO - 	Validation Loss: 0.8794, Acc(1): 82.00, Acc(5): 100.00, F1: 0.21, Recall: 0.20, Precision: 0.22
2023-06-19 16:41:56,977 - AUGCON - INFO - Epoch [12/50]-(0/22) Loss: 0.5110, Acc(1): 100.00, Acc(5): 100.00
2023-06-19 16:41:56,977 - AUGCON - INFO - Epoch [12/50]-(5/22) Loss: 0.9545, Acc(1): 75.00, Acc(5): 100.00
2023-06-19 16:41:56,977 - AUGCON - INFO - Epoch [12/50]-(10/22) Loss: 1.1011, Acc(1): 75.00, Acc(5): 100.00
2023-06-19 16:41:56,977 - AUGCON - INFO - Epoch [12/50]-(15/22) Loss: 0.8305, Acc(1): 75.00, Acc(5): 100.00
2023-06-19 16:41:56,977 - AUGCON - INFO - Epoch [12/50]-(20/22) Loss: 0.9755, Acc(1): 50.00, Acc(5): 100.00
2023-06-19 16:41:56,977 - AUGCON - INFO - 	Validation Loss: 0.8127, Acc(1): 86.00, Acc(5): 100.00, F1: 0.21, Recall: 0.21, Precision: 0.21
2023-06-19 16:41:56,978 - AUGCON - INFO - Epoch [13/50]-(0/22) Loss: 0.8148, Acc(1): 75.00, Acc(5): 100.00
2023-06-19 16:41:56,978 - AUGCON - INFO - Epoch [13/50]-(5/22) Loss: 1.0197, Acc(1): 75.00, Acc(5): 100.00
2023-06-19 16:41:56,978 - AUGCON - INFO - Epoch [13/50]-(10/22) Loss: 0.7442, Acc(1): 100.00, Acc(5): 100.00
2023-06-19 16:41:56,978 - AUGCON - INFO - Epoch [13/50]-(15/22) Loss: 0.5734, Acc(1): 100.00, Acc(5): 100.00
2023-06-19 16:41:56,978 - AUGCON - INFO - Epoch [13/50]-(20/22) Loss: 1.0422, Acc(1): 50.00, Acc(5): 100.00
2023-06-19 16:41:56,978 - AUGCON - INFO - 	Validation Loss: 0.8544, Acc(1): 82.00, Acc(5): 100.00, F1: 0.20, Recall: 0.21, Precision: 0.20
2023-06-19 16:41:56,978 - AUGCON - INFO - Epoch [14/50]-(0/22) Loss: 0.7917, Acc(1): 75.00, Acc(5): 100.00
2023-06-19 16:41:56,978 - AUGCON - INFO - Epoch [14/50]-(5/22) Loss: 0.5882, Acc(1): 100.00, Acc(5): 100.00
2023-06-19 16:41:56,978 - AUGCON - INFO - Epoch [14/50]-(10/22) Loss: 0.7172, Acc(1): 100.00, Acc(5): 100.00
2023-06-19 16:41:56,978 - AUGCON - INFO - Epoch [14/50]-(15/22) Loss: 0.6071, Acc(1): 100.00, Acc(5): 100.00
2023-06-19 16:41:56,978 - AUGCON - INFO - Epoch [14/50]-(20/22) Loss: 0.8014, Acc(1): 75.00, Acc(5): 100.00
2023-06-19 16:41:56,978 - AUGCON - INFO - 	Validation Loss: 0.8259, Acc(1): 86.00, Acc(5): 100.00, F1: 0.21, Recall: 0.21, Precision: 0.21
2023-06-19 16:41:56,978 - AUGCON - INFO - Epoch [15/50]-(0/22) Loss: 0.5323, Acc(1): 100.00, Acc(5): 100.00
2023-06-19 16:41:56,978 - AUGCON - INFO - Epoch [15/50]-(5/22) Loss: 0.4537, Acc(1): 100.00, Acc(5): 100.00
2023-06-19 16:41:56,978 - AUGCON - INFO - Epoch [15/50]-(10/22) Loss: 0.5532, Acc(1): 100.00, Acc(5): 100.00
2023-06-19 16:41:56,978 - AUGCON - INFO - Epoch [15/50]-(15/22) Loss: 0.8562, Acc(1): 75.00, Acc(5): 100.00
2023-06-19 16:41:56,979 - AUGCON - INFO - Epoch [15/50]-(20/22) Loss: 0.4123, Acc(1): 100.00, Acc(5): 100.00
2023-06-19 16:41:56,979 - AUGCON - INFO - 	Validation Loss: 0.7647, Acc(1): 87.00, Acc(5): 100.00, F1: 0.22, Recall: 0.21, Precision: 0.22
2023-06-19 16:41:56,979 - AUGCON - INFO - Epoch [16/50]-(0/22) Loss: 0.6778, Acc(1): 100.00, Acc(5): 100.00
2023-06-19 16:41:56,979 - AUGCON - INFO - Epoch [16/50]-(5/22) Loss: 0.5877, Acc(1): 100.00, Acc(5): 100.00
2023-06-19 16:41:56,979 - AUGCON - INFO - Epoch [16/50]-(10/22) Loss: 0.4668, Acc(1): 100.00, Acc(5): 100.00
2023-06-19 16:41:56,979 - AUGCON - INFO - Epoch [16/50]-(15/22) Loss: 0.6740, Acc(1): 75.00, Acc(5): 100.00
2023-06-19 16:41:56,979 - AUGCON - INFO - Epoch [16/50]-(20/22) Loss: 1.5019, Acc(1): 50.00, Acc(5): 100.00
2023-06-19 16:41:56,979 - AUGCON - INFO - 	Validation Loss: 0.7879, Acc(1): 84.00, Acc(5): 100.00, F1: 0.21, Recall: 0.21, Precision: 0.21
2023-06-19 16:41:56,979 - AUGCON - INFO - Epoch [17/50]-(0/22) Loss: 0.4901, Acc(1): 100.00, Acc(5): 100.00
2023-06-19 16:41:56,979 - AUGCON - INFO - Epoch [17/50]-(5/22) Loss: 1.3633, Acc(1): 50.00, Acc(5): 100.00
2023-06-19 16:41:56,979 - AUGCON - INFO - Epoch [17/50]-(10/22) Loss: 0.5751, Acc(1): 100.00, Acc(5): 100.00
2023-06-19 16:41:56,979 - AUGCON - INFO - Epoch [17/50]-(15/22) Loss: 0.7873, Acc(1): 100.00, Acc(5): 100.00
2023-06-19 16:41:56,979 - AUGCON - INFO - Epoch [17/50]-(20/22) Loss: 0.3507, Acc(1): 100.00, Acc(5): 100.00
2023-06-19 16:41:56,979 - AUGCON - INFO - 	Validation Loss: 0.7591, Acc(1): 85.00, Acc(5): 100.00, F1: 0.21, Recall: 0.20, Precision: 0.23
2023-06-19 16:41:56,979 - AUGCON - INFO - Epoch [18/50]-(0/22) Loss: 1.0564, Acc(1): 75.00, Acc(5): 100.00
2023-06-19 16:41:56,979 - AUGCON - INFO - Epoch [18/50]-(5/22) Loss: 0.3588, Acc(1): 100.00, Acc(5): 100.00
2023-06-19 16:41:56,979 - AUGCON - INFO - Epoch [18/50]-(10/22) Loss: 0.7783, Acc(1): 100.00, Acc(5): 100.00
2023-06-19 16:41:56,980 - AUGCON - INFO - Epoch [18/50]-(15/22) Loss: 0.9449, Acc(1): 75.00, Acc(5): 100.00
2023-06-19 16:41:56,980 - AUGCON - INFO - Epoch [18/50]-(20/22) Loss: 0.7405, Acc(1): 75.00, Acc(5): 100.00
2023-06-19 16:41:56,980 - AUGCON - INFO - 	Validation Loss: 0.7416, Acc(1): 84.00, Acc(5): 100.00, F1: 0.21, Recall: 0.20, Precision: 0.21
2023-06-19 16:41:56,980 - AUGCON - INFO - Epoch [19/50]-(0/22) Loss: 0.5915, Acc(1): 100.00, Acc(5): 100.00
2023-06-19 16:41:56,980 - AUGCON - INFO - Epoch [19/50]-(5/22) Loss: 0.5697, Acc(1): 75.00, Acc(5): 100.00
2023-06-19 16:41:56,980 - AUGCON - INFO - Epoch [19/50]-(10/22) Loss: 0.4233, Acc(1): 100.00, Acc(5): 100.00
2023-06-19 16:41:56,980 - AUGCON - INFO - Epoch [19/50]-(15/22) Loss: 0.9258, Acc(1): 50.00, Acc(5): 100.00
2023-06-19 16:41:56,980 - AUGCON - INFO - Epoch [19/50]-(20/22) Loss: 0.5853, Acc(1): 100.00, Acc(5): 100.00
2023-06-19 16:41:56,980 - AUGCON - INFO - 	Validation Loss: 0.7591, Acc(1): 83.00, Acc(5): 100.00, F1: 0.20, Recall: 0.21, Precision: 0.20
2023-06-19 16:41:56,980 - AUGCON - INFO - Epoch [20/50]-(0/22) Loss: 0.4083, Acc(1): 100.00, Acc(5): 100.00
2023-06-19 16:41:56,980 - AUGCON - INFO - Epoch [20/50]-(5/22) Loss: 0.4490, Acc(1): 100.00, Acc(5): 100.00
2023-06-19 16:41:56,980 - AUGCON - INFO - Epoch [20/50]-(10/22) Loss: 0.7284, Acc(1): 75.00, Acc(5): 100.00
2023-06-19 16:41:56,980 - AUGCON - INFO - Epoch [20/50]-(15/22) Loss: 0.4956, Acc(1): 100.00, Acc(5): 100.00
2023-06-19 16:41:56,980 - AUGCON - INFO - Epoch [20/50]-(20/22) Loss: 1.0368, Acc(1): 75.00, Acc(5): 100.00
2023-06-19 16:41:56,980 - AUGCON - INFO - 	Validation Loss: 0.7065, Acc(1): 88.00, Acc(5): 100.00, F1: 0.21, Recall: 0.21, Precision: 0.22
2023-06-19 16:41:56,980 - AUGCON - INFO - Epoch [21/50]-(0/22) Loss: 0.3324, Acc(1): 100.00, Acc(5): 100.00
2023-06-19 16:41:56,981 - AUGCON - INFO - Epoch [21/50]-(5/22) Loss: 0.7255, Acc(1): 75.00, Acc(5): 100.00
2023-06-19 16:41:56,981 - AUGCON - INFO - Epoch [21/50]-(10/22) Loss: 0.4951, Acc(1): 75.00, Acc(5): 100.00
2023-06-19 16:41:56,981 - AUGCON - INFO - Epoch [21/50]-(15/22) Loss: 0.1981, Acc(1): 100.00, Acc(5): 100.00
2023-06-19 16:41:56,981 - AUGCON - INFO - Epoch [21/50]-(20/22) Loss: 0.8822, Acc(1): 50.00, Acc(5): 100.00
2023-06-19 16:41:56,981 - AUGCON - INFO - 	Validation Loss: 0.7250, Acc(1): 85.00, Acc(5): 100.00, F1: 0.21, Recall: 0.21, Precision: 0.21
2023-06-19 16:41:56,981 - AUGCON - INFO - Epoch [22/50]-(0/22) Loss: 0.6440, Acc(1): 100.00, Acc(5): 100.00
2023-06-19 16:41:56,981 - AUGCON - INFO - Epoch [22/50]-(5/22) Loss: 0.2455, Acc(1): 100.00, Acc(5): 100.00
2023-06-19 16:41:56,981 - AUGCON - INFO - Epoch [22/50]-(10/22) Loss: 0.4313, Acc(1): 100.00, Acc(5): 100.00
2023-06-19 16:41:56,981 - AUGCON - INFO - Epoch [22/50]-(15/22) Loss: 0.7696, Acc(1): 75.00, Acc(5): 100.00
2023-06-19 16:41:56,981 - AUGCON - INFO - Epoch [22/50]-(20/22) Loss: 0.8490, Acc(1): 50.00, Acc(5): 100.00
2023-06-19 16:41:56,981 - AUGCON - INFO - 	Validation Loss: 0.6873, Acc(1): 86.00, Acc(5): 100.00, F1: 0.21, Recall: 0.21, Precision: 0.20
2023-06-19 16:41:56,981 - AUGCON - INFO - Epoch [23/50]-(0/22) Loss: 0.3662, Acc(1): 100.00, Acc(5): 100.00
2023-06-19 16:41:56,981 - AUGCON - INFO - Epoch [23/50]-(5/22) Loss: 0.8438, Acc(1): 75.00, Acc(5): 100.00
2023-06-19 16:41:56,981 - AUGCON - INFO - Epoch [23/50]-(10/22) Loss: 0.7481, Acc(1): 100.00, Acc(5): 100.00
2023-06-19 16:41:56,981 - AUGCON - INFO - Epoch [23/50]-(15/22) Loss: 0.6294, Acc(1): 100.00, Acc(5): 100.00
2023-06-19 16:41:56,981 - AUGCON - INFO - Epoch [23/50]-(20/22) Loss: 0.5958, Acc(1): 75.00, Acc(5): 100.00
2023-06-19 16:41:56,982 - AUGCON - INFO - 	Validation Loss: 0.6875, Acc(1): 89.00, Acc(5): 100.00, F1: 0.22, Recall: 0.21, Precision: 0.22
2023-06-19 16:41:56,982 - AUGCON - INFO - Epoch [24/50]-(0/22) Loss: 0.5136, Acc(1): 100.00, Acc(5): 100.00
2023-06-19 16:41:56,982 - AUGCON - INFO - Epoch [24/50]-(5/22) Loss: 0.5733, Acc(1): 100.00, Acc(5): 100.00
2023-06-19 16:41:56,982 - AUGCON - INFO - Epoch [24/50]-(10/22) Loss: 0.6839, Acc(1): 75.00, Acc(5): 100.00
2023-06-19 16:41:56,982 - AUGCON - INFO - Epoch [24/50]-(15/22) Loss: 0.2922, Acc(1): 100.00, Acc(5): 100.00
2023-06-19 16:41:56,982 - AUGCON - INFO - Epoch [24/50]-(20/22) Loss: 0.5269, Acc(1): 100.00, Acc(5): 100.00
2023-06-19 16:41:56,982 - AUGCON - INFO - 	Validation Loss: 0.6857, Acc(1): 84.00, Acc(5): 100.00, F1: 0.20, Recall: 0.20, Precision: 0.21
2023-06-19 16:41:56,982 - AUGCON - INFO - Epoch [25/50]-(0/22) Loss: 0.4166, Acc(1): 100.00, Acc(5): 100.00
2023-06-19 16:41:56,982 - AUGCON - INFO - Epoch [25/50]-(5/22) Loss: 0.5384, Acc(1): 100.00, Acc(5): 100.00
2023-06-19 16:41:56,982 - AUGCON - INFO - Epoch [25/50]-(10/22) Loss: 0.8257, Acc(1): 50.00, Acc(5): 100.00
2023-06-19 16:41:56,982 - AUGCON - INFO - Epoch [25/50]-(15/22) Loss: 0.2996, Acc(1): 100.00, Acc(5): 100.00
2023-06-19 16:41:56,982 - AUGCON - INFO - Epoch [25/50]-(20/22) Loss: 0.5569, Acc(1): 100.00, Acc(5): 100.00
2023-06-19 16:41:56,982 - AUGCON - INFO - 	Validation Loss: 0.6708, Acc(1): 85.00, Acc(5): 100.00, F1: 0.21, Recall: 0.21, Precision: 0.21
2023-06-19 16:41:56,982 - AUGCON - INFO - Epoch [26/50]-(0/22) Loss: 0.3490, Acc(1): 100.00, Acc(5): 100.00
2023-06-19 16:41:56,982 - AUGCON - INFO - Epoch [26/50]-(5/22) Loss: 0.7884, Acc(1): 75.00, Acc(5): 100.00
2023-06-19 16:41:56,982 - AUGCON - INFO - Epoch [26/50]-(10/22) Loss: 0.7535, Acc(1): 75.00, Acc(5): 100.00
2023-06-19 16:41:56,982 - AUGCON - INFO - Epoch [26/50]-(15/22) Loss: 0.4316, Acc(1): 100.00, Acc(5): 100.00
2023-06-19 16:41:56,983 - AUGCON - INFO - Epoch [26/50]-(20/22) Loss: 0.3229, Acc(1): 100.00, Acc(5): 100.00
2023-06-19 16:41:56,983 - AUGCON - INFO - 	Validation Loss: 0.6518, Acc(1): 85.00, Acc(5): 100.00, F1: 0.21, Recall: 0.21, Precision: 0.21
2023-06-19 16:41:56,983 - AUGCON - INFO - Epoch [27/50]-(0/22) Loss: 0.5065, Acc(1): 100.00, Acc(5): 100.00
2023-06-19 16:41:56,983 - AUGCON - INFO - Epoch [27/50]-(5/22) Loss: 0.5549, Acc(1): 100.00, Acc(5): 100.00
2023-06-19 16:41:56,983 - AUGCON - INFO - Epoch [27/50]-(10/22) Loss: 0.2952, Acc(1): 100.00, Acc(5): 100.00
2023-06-19 16:41:56,983 - AUGCON - INFO - Epoch [27/50]-(15/22) Loss: 0.3725, Acc(1): 100.00, Acc(5): 100.00
2023-06-19 16:41:56,983 - AUGCON - INFO - Epoch [27/50]-(20/22) Loss: 0.3841, Acc(1): 100.00, Acc(5): 100.00
2023-06-19 16:41:56,983 - AUGCON - INFO - 	Validation Loss: 0.6622, Acc(1): 88.00, Acc(5): 100.00, F1: 0.22, Recall: 0.21, Precision: 0.23
2023-06-19 16:41:56,983 - AUGCON - INFO - Epoch [28/50]-(0/22) Loss: 0.1615, Acc(1): 100.00, Acc(5): 100.00
2023-06-19 16:41:56,983 - AUGCON - INFO - Epoch [28/50]-(5/22) Loss: 0.5116, Acc(1): 100.00, Acc(5): 100.00
2023-06-19 16:41:56,983 - AUGCON - INFO - Epoch [28/50]-(10/22) Loss: 0.6949, Acc(1): 75.00, Acc(5): 100.00
2023-06-19 16:41:56,983 - AUGCON - INFO - Epoch [28/50]-(15/22) Loss: 0.5164, Acc(1): 75.00, Acc(5): 100.00
2023-06-19 16:41:56,983 - AUGCON - INFO - Epoch [28/50]-(20/22) Loss: 0.6364, Acc(1): 75.00, Acc(5): 100.00
2023-06-19 16:41:56,983 - AUGCON - INFO - 	Validation Loss: 0.6484, Acc(1): 86.00, Acc(5): 100.00, F1: 0.21, Recall: 0.21, Precision: 0.21
2023-06-19 16:41:56,983 - AUGCON - INFO - Epoch [29/50]-(0/22) Loss: 0.5396, Acc(1): 100.00, Acc(5): 100.00
2023-06-19 16:41:56,983 - AUGCON - INFO - Epoch [29/50]-(5/22) Loss: 0.4939, Acc(1): 75.00, Acc(5): 100.00
2023-06-19 16:41:56,983 - AUGCON - INFO - Epoch [29/50]-(10/22) Loss: 0.3723, Acc(1): 100.00, Acc(5): 100.00
2023-06-19 16:41:56,984 - AUGCON - INFO - Epoch [29/50]-(15/22) Loss: 0.4617, Acc(1): 75.00, Acc(5): 100.00
2023-06-19 16:41:56,984 - AUGCON - INFO - Epoch [29/50]-(20/22) Loss: 0.3963, Acc(1): 100.00, Acc(5): 100.00
2023-06-19 16:41:56,984 - AUGCON - INFO - 	Validation Loss: 0.6147, Acc(1): 88.00, Acc(5): 100.00, F1: 0.21, Recall: 0.21, Precision: 0.22
2023-06-19 16:41:56,984 - AUGCON - INFO - Epoch [30/50]-(0/22) Loss: 0.3741, Acc(1): 100.00, Acc(5): 100.00
2023-06-19 16:41:56,984 - AUGCON - INFO - Epoch [30/50]-(5/22) Loss: 0.9480, Acc(1): 50.00, Acc(5): 100.00
2023-06-19 16:41:56,984 - AUGCON - INFO - Epoch [30/50]-(10/22) Loss: 0.2319, Acc(1): 100.00, Acc(5): 100.00
2023-06-19 16:41:56,984 - AUGCON - INFO - Epoch [30/50]-(15/22) Loss: 0.6290, Acc(1): 75.00, Acc(5): 100.00
2023-06-19 16:41:56,984 - AUGCON - INFO - Epoch [30/50]-(20/22) Loss: 0.3162, Acc(1): 100.00, Acc(5): 100.00
2023-06-19 16:41:56,984 - AUGCON - INFO - 	Validation Loss: 0.6434, Acc(1): 82.00, Acc(5): 100.00, F1: 0.20, Recall: 0.21, Precision: 0.20
2023-06-19 16:41:56,984 - AUGCON - INFO - Epoch [31/50]-(0/22) Loss: 1.0321, Acc(1): 75.00, Acc(5): 100.00
2023-06-19 16:41:56,984 - AUGCON - INFO - Epoch [31/50]-(5/22) Loss: 0.5305, Acc(1): 100.00, Acc(5): 100.00
2023-06-19 16:41:56,984 - AUGCON - INFO - Epoch [31/50]-(10/22) Loss: 0.3824, Acc(1): 100.00, Acc(5): 100.00
2023-06-19 16:41:56,984 - AUGCON - INFO - Epoch [31/50]-(15/22) Loss: 0.3119, Acc(1): 100.00, Acc(5): 100.00
2023-06-19 16:41:56,984 - AUGCON - INFO - Epoch [31/50]-(20/22) Loss: 0.3205, Acc(1): 100.00, Acc(5): 100.00
2023-06-19 16:41:56,984 - AUGCON - INFO - 	Validation Loss: 0.6456, Acc(1): 83.00, Acc(5): 100.00, F1: 0.21, Recall: 0.21, Precision: 0.20
2023-06-19 16:41:56,984 - AUGCON - INFO - Epoch [32/50]-(0/22) Loss: 0.5940, Acc(1): 75.00, Acc(5): 100.00
2023-06-19 16:41:56,985 - AUGCON - INFO - Epoch [32/50]-(5/22) Loss: 0.3432, Acc(1): 100.00, Acc(5): 100.00
2023-06-19 16:41:56,985 - AUGCON - INFO - Epoch [32/50]-(10/22) Loss: 0.6093, Acc(1): 75.00, Acc(5): 100.00
2023-06-19 16:41:56,985 - AUGCON - INFO - Epoch [32/50]-(15/22) Loss: 0.3076, Acc(1): 100.00, Acc(5): 100.00
2023-06-19 16:41:56,985 - AUGCON - INFO - Epoch [32/50]-(20/22) Loss: 0.6227, Acc(1): 100.00, Acc(5): 100.00
2023-06-19 16:41:56,985 - AUGCON - INFO - 	Validation Loss: 0.6532, Acc(1): 84.00, Acc(5): 100.00, F1: 0.21, Recall: 0.21, Precision: 0.20
2023-06-19 16:41:56,985 - AUGCON - INFO - Epoch [33/50]-(0/22) Loss: 0.6061, Acc(1): 100.00, Acc(5): 100.00
2023-06-19 16:41:56,985 - AUGCON - INFO - Epoch [33/50]-(5/22) Loss: 0.5034, Acc(1): 75.00, Acc(5): 100.00
2023-06-19 16:41:56,985 - AUGCON - INFO - Epoch [33/50]-(10/22) Loss: 0.1185, Acc(1): 100.00, Acc(5): 100.00
2023-06-19 16:41:56,985 - AUGCON - INFO - Epoch [33/50]-(15/22) Loss: 0.3073, Acc(1): 100.00, Acc(5): 100.00
2023-06-19 16:41:56,985 - AUGCON - INFO - Epoch [33/50]-(20/22) Loss: 0.5559, Acc(1): 100.00, Acc(5): 100.00
2023-06-19 16:41:56,985 - AUGCON - INFO - 	Validation Loss: 0.6077, Acc(1): 86.00, Acc(5): 100.00, F1: 0.21, Recall: 0.21, Precision: 0.21
2023-06-19 16:41:56,985 - AUGCON - INFO - Epoch [34/50]-(0/22) Loss: 0.1736, Acc(1): 100.00, Acc(5): 100.00
2023-06-19 16:41:56,985 - AUGCON - INFO - Epoch [34/50]-(5/22) Loss: 1.2307, Acc(1): 50.00, Acc(5): 100.00
2023-06-19 16:41:56,985 - AUGCON - INFO - Epoch [34/50]-(10/22) Loss: 0.2330, Acc(1): 100.00, Acc(5): 100.00
2023-06-19 16:41:56,985 - AUGCON - INFO - Epoch [34/50]-(15/22) Loss: 0.2198, Acc(1): 100.00, Acc(5): 100.00
2023-06-19 16:41:56,985 - AUGCON - INFO - Epoch [34/50]-(20/22) Loss: 0.4812, Acc(1): 100.00, Acc(5): 100.00
2023-06-19 16:41:56,986 - AUGCON - INFO - 	Validation Loss: 0.6256, Acc(1): 86.00, Acc(5): 100.00, F1: 0.21, Recall: 0.21, Precision: 0.22
2023-06-19 16:41:56,986 - AUGCON - INFO - Epoch [35/50]-(0/22) Loss: 0.5275, Acc(1): 100.00, Acc(5): 100.00
2023-06-19 16:41:56,986 - AUGCON - INFO - Epoch [35/50]-(5/22) Loss: 0.7998, Acc(1): 75.00, Acc(5): 100.00
2023-06-19 16:41:56,986 - AUGCON - INFO - Epoch [35/50]-(10/22) Loss: 0.8510, Acc(1): 75.00, Acc(5): 100.00
2023-06-19 16:41:56,986 - AUGCON - INFO - Epoch [35/50]-(15/22) Loss: 0.6443, Acc(1): 100.00, Acc(5): 100.00
2023-06-19 16:41:56,986 - AUGCON - INFO - Epoch [35/50]-(20/22) Loss: 0.1362, Acc(1): 100.00, Acc(5): 100.00
2023-06-19 16:41:56,986 - AUGCON - INFO - 	Validation Loss: 0.6071, Acc(1): 88.00, Acc(5): 100.00, F1: 0.21, Recall: 0.21, Precision: 0.22
2023-06-19 16:41:56,986 - AUGCON - INFO - Epoch [36/50]-(0/22) Loss: 0.3764, Acc(1): 75.00, Acc(5): 100.00
2023-06-19 16:41:56,986 - AUGCON - INFO - Epoch [36/50]-(5/22) Loss: 0.6771, Acc(1): 75.00, Acc(5): 100.00
2023-06-19 16:41:56,986 - AUGCON - INFO - Epoch [36/50]-(10/22) Loss: 0.3052, Acc(1): 100.00, Acc(5): 100.00
2023-06-19 16:41:56,986 - AUGCON - INFO - Epoch [36/50]-(15/22) Loss: 0.2021, Acc(1): 100.00, Acc(5): 100.00
2023-06-19 16:41:56,986 - AUGCON - INFO - Epoch [36/50]-(20/22) Loss: 0.6738, Acc(1): 75.00, Acc(5): 100.00
2023-06-19 16:41:56,986 - AUGCON - INFO - 	Validation Loss: 0.6243, Acc(1): 84.00, Acc(5): 100.00, F1: 0.21, Recall: 0.21, Precision: 0.21
2023-06-19 16:41:56,986 - AUGCON - INFO - Epoch [37/50]-(0/22) Loss: 0.1779, Acc(1): 100.00, Acc(5): 100.00
2023-06-19 16:41:56,986 - AUGCON - INFO - Epoch [37/50]-(5/22) Loss: 0.2035, Acc(1): 100.00, Acc(5): 100.00
2023-06-19 16:41:56,986 - AUGCON - INFO - Epoch [37/50]-(10/22) Loss: 0.2864, Acc(1): 100.00, Acc(5): 100.00
2023-06-19 16:41:56,986 - AUGCON - INFO - Epoch [37/50]-(15/22) Loss: 0.5107, Acc(1): 75.00, Acc(5): 100.00
2023-06-19 16:41:56,987 - AUGCON - INFO - Epoch [37/50]-(20/22) Loss: 0.3156, Acc(1): 100.00, Acc(5): 100.00
2023-06-19 16:41:56,987 - AUGCON - INFO - 	Validation Loss: 0.6076, Acc(1): 85.00, Acc(5): 100.00, F1: 0.21, Recall: 0.20, Precision: 0.22
2023-06-19 16:41:56,987 - AUGCON - INFO - Epoch [38/50]-(0/22) Loss: 0.6126, Acc(1): 75.00, Acc(5): 100.00
2023-06-19 16:41:56,987 - AUGCON - INFO - Epoch [38/50]-(5/22) Loss: 0.1980, Acc(1): 100.00, Acc(5): 100.00
2023-06-19 16:41:56,987 - AUGCON - INFO - Epoch [38/50]-(10/22) Loss: 0.1702, Acc(1): 100.00, Acc(5): 100.00
2023-06-19 16:41:56,987 - AUGCON - INFO - Epoch [38/50]-(15/22) Loss: 0.3085, Acc(1): 100.00, Acc(5): 100.00
2023-06-19 16:41:56,987 - AUGCON - INFO - Epoch [38/50]-(20/22) Loss: 0.1896, Acc(1): 100.00, Acc(5): 100.00
2023-06-19 16:41:56,987 - AUGCON - INFO - 	Validation Loss: 0.6174, Acc(1): 85.00, Acc(5): 100.00, F1: 0.21, Recall: 0.21, Precision: 0.21
2023-06-19 16:41:56,987 - AUGCON - INFO - Epoch [39/50]-(0/22) Loss: 0.2839, Acc(1): 100.00, Acc(5): 100.00
2023-06-19 16:41:56,987 - AUGCON - INFO - Epoch [39/50]-(5/22) Loss: 0.5281, Acc(1): 100.00, Acc(5): 100.00
2023-06-19 16:41:56,987 - AUGCON - INFO - Epoch [39/50]-(10/22) Loss: 0.5607, Acc(1): 75.00, Acc(5): 100.00
2023-06-19 16:41:56,987 - AUGCON - INFO - Epoch [39/50]-(15/22) Loss: 0.2817, Acc(1): 100.00, Acc(5): 100.00
2023-06-19 16:41:56,987 - AUGCON - INFO - Epoch [39/50]-(20/22) Loss: 0.2885, Acc(1): 100.00, Acc(5): 100.00
2023-06-19 16:41:56,987 - AUGCON - INFO - 	Validation Loss: 0.6030, Acc(1): 83.00, Acc(5): 100.00, F1: 0.21, Recall: 0.20, Precision: 0.21
2023-06-19 16:41:56,987 - AUGCON - INFO - Epoch [40/50]-(0/22) Loss: 0.3977, Acc(1): 100.00, Acc(5): 100.00
2023-06-19 16:41:56,987 - AUGCON - INFO - Epoch [40/50]-(5/22) Loss: 0.2478, Acc(1): 100.00, Acc(5): 100.00
2023-06-19 16:41:56,988 - AUGCON - INFO - Epoch [40/50]-(10/22) Loss: 0.2144, Acc(1): 100.00, Acc(5): 100.00
2023-06-19 16:41:56,988 - AUGCON - INFO - Epoch [40/50]-(15/22) Loss: 0.4556, Acc(1): 100.00, Acc(5): 100.00
2023-06-19 16:41:56,988 - AUGCON - INFO - Epoch [40/50]-(20/22) Loss: 0.4929, Acc(1): 100.00, Acc(5): 100.00
2023-06-19 16:41:56,993 - AUGCON - INFO - 	Validation Loss: 0.5854, Acc(1): 85.00, Acc(5): 100.00, F1: 0.21, Recall: 0.21, Precision: 0.21
2023-06-19 16:41:56,993 - AUGCON - INFO - Epoch [41/50]-(0/22) Loss: 0.6274, Acc(1): 75.00, Acc(5): 100.00
2023-06-19 16:41:56,993 - AUGCON - INFO - Epoch [41/50]-(5/22) Loss: 0.3077, Acc(1): 75.00, Acc(5): 100.00
2023-06-19 16:41:56,993 - AUGCON - INFO - Epoch [41/50]-(10/22) Loss: 0.4616, Acc(1): 100.00, Acc(5): 100.00
2023-06-19 16:41:56,993 - AUGCON - INFO - Epoch [41/50]-(15/22) Loss: 0.2550, Acc(1): 100.00, Acc(5): 100.00
2023-06-19 16:41:56,993 - AUGCON - INFO - Epoch [41/50]-(20/22) Loss: 0.4757, Acc(1): 100.00, Acc(5): 100.00
2023-06-19 16:41:56,993 - AUGCON - INFO - 	Validation Loss: 0.5893, Acc(1): 86.00, Acc(5): 100.00, F1: 0.21, Recall: 0.21, Precision: 0.22
2023-06-19 16:41:56,993 - AUGCON - INFO - Epoch [42/50]-(0/22) Loss: 0.6406, Acc(1): 75.00, Acc(5): 100.00
2023-06-19 16:41:56,993 - AUGCON - INFO - Epoch [42/50]-(5/22) Loss: 0.2299, Acc(1): 100.00, Acc(5): 100.00
2023-06-19 16:41:56,994 - AUGCON - INFO - Epoch [42/50]-(10/22) Loss: 0.3232, Acc(1): 100.00, Acc(5): 100.00
2023-06-19 16:41:56,994 - AUGCON - INFO - Epoch [42/50]-(15/22) Loss: 0.2380, Acc(1): 100.00, Acc(5): 100.00
2023-06-19 16:41:56,994 - AUGCON - INFO - Epoch [42/50]-(20/22) Loss: 0.4118, Acc(1): 75.00, Acc(5): 100.00
2023-06-19 16:41:56,994 - AUGCON - INFO - 	Validation Loss: 0.5815, Acc(1): 86.00, Acc(5): 100.00, F1: 0.21, Recall: 0.21, Precision: 0.21
2023-06-19 16:41:56,994 - AUGCON - INFO - Epoch [43/50]-(0/22) Loss: 0.5789, Acc(1): 75.00, Acc(5): 100.00
2023-06-19 16:41:56,994 - AUGCON - INFO - Epoch [43/50]-(5/22) Loss: 0.4800, Acc(1): 75.00, Acc(5): 100.00
2023-06-19 16:41:56,994 - AUGCON - INFO - Epoch [43/50]-(10/22) Loss: 0.3050, Acc(1): 100.00, Acc(5): 100.00
2023-06-19 16:41:56,994 - AUGCON - INFO - Epoch [43/50]-(15/22) Loss: 0.5202, Acc(1): 100.00, Acc(5): 100.00
2023-06-19 16:41:56,994 - AUGCON - INFO - Epoch [43/50]-(20/22) Loss: 0.4621, Acc(1): 100.00, Acc(5): 100.00
2023-06-19 16:41:56,994 - AUGCON - INFO - 	Validation Loss: 0.6095, Acc(1): 86.00, Acc(5): 100.00, F1: 0.21, Recall: 0.21, Precision: 0.21
2023-06-19 16:41:56,994 - AUGCON - INFO - Epoch [44/50]-(0/22) Loss: 0.2572, Acc(1): 100.00, Acc(5): 100.00
2023-06-19 16:41:56,994 - AUGCON - INFO - Epoch [44/50]-(5/22) Loss: 0.3749, Acc(1): 100.00, Acc(5): 100.00
2023-06-19 16:41:56,994 - AUGCON - INFO - Epoch [44/50]-(10/22) Loss: 0.3981, Acc(1): 75.00, Acc(5): 100.00
2023-06-19 16:41:56,994 - AUGCON - INFO - Epoch [44/50]-(15/22) Loss: 0.0572, Acc(1): 100.00, Acc(5): 100.00
2023-06-19 16:41:56,994 - AUGCON - INFO - Epoch [44/50]-(20/22) Loss: 0.5060, Acc(1): 75.00, Acc(5): 100.00
2023-06-19 16:41:56,994 - AUGCON - INFO - 	Validation Loss: 0.5765, Acc(1): 82.00, Acc(5): 100.00, F1: 0.20, Recall: 0.20, Precision: 0.19
2023-06-19 16:41:56,995 - AUGCON - INFO - Epoch [45/50]-(0/22) Loss: 0.7513, Acc(1): 75.00, Acc(5): 100.00
2023-06-19 16:41:56,995 - AUGCON - INFO - Epoch [45/50]-(5/22) Loss: 0.2831, Acc(1): 100.00, Acc(5): 100.00
2023-06-19 16:41:56,995 - AUGCON - INFO - Epoch [45/50]-(10/22) Loss: 0.1921, Acc(1): 100.00, Acc(5): 100.00
2023-06-19 16:41:56,995 - AUGCON - INFO - Epoch [45/50]-(15/22) Loss: 0.2754, Acc(1): 100.00, Acc(5): 100.00
2023-06-19 16:41:56,995 - AUGCON - INFO - Epoch [45/50]-(20/22) Loss: 0.0928, Acc(1): 100.00, Acc(5): 100.00
2023-06-19 16:41:56,995 - AUGCON - INFO - 	Validation Loss: 0.5601, Acc(1): 87.00, Acc(5): 99.00, F1: 0.21, Recall: 0.21, Precision: 0.21
2023-06-19 16:41:56,995 - AUGCON - INFO - Epoch [46/50]-(0/22) Loss: 0.4015, Acc(1): 100.00, Acc(5): 100.00
2023-06-19 16:41:56,995 - AUGCON - INFO - Epoch [46/50]-(5/22) Loss: 0.1917, Acc(1): 100.00, Acc(5): 100.00
2023-06-19 16:41:56,995 - AUGCON - INFO - Epoch [46/50]-(10/22) Loss: 0.2836, Acc(1): 100.00, Acc(5): 100.00
2023-06-19 16:41:56,995 - AUGCON - INFO - Epoch [46/50]-(15/22) Loss: 0.3199, Acc(1): 100.00, Acc(5): 100.00
2023-06-19 16:41:56,995 - AUGCON - INFO - Epoch [46/50]-(20/22) Loss: 0.5227, Acc(1): 100.00, Acc(5): 100.00
2023-06-19 16:41:56,995 - AUGCON - INFO - 	Validation Loss: 0.5731, Acc(1): 88.00, Acc(5): 100.00, F1: 0.21, Recall: 0.21, Precision: 0.22
2023-06-19 16:41:56,995 - AUGCON - INFO - Epoch [47/50]-(0/22) Loss: 0.2704, Acc(1): 100.00, Acc(5): 100.00
2023-06-19 16:41:56,995 - AUGCON - INFO - Epoch [47/50]-(5/22) Loss: 0.1938, Acc(1): 100.00, Acc(5): 100.00
2023-06-19 16:41:56,995 - AUGCON - INFO - Epoch [47/50]-(10/22) Loss: 0.1683, Acc(1): 100.00, Acc(5): 100.00
2023-06-19 16:41:56,996 - AUGCON - INFO - Epoch [47/50]-(15/22) Loss: 0.2672, Acc(1): 100.00, Acc(5): 100.00
2023-06-19 16:41:56,996 - AUGCON - INFO - Epoch [47/50]-(20/22) Loss: 0.3309, Acc(1): 100.00, Acc(5): 100.00
2023-06-19 16:41:56,996 - AUGCON - INFO - 	Validation Loss: 0.5829, Acc(1): 87.00, Acc(5): 100.00, F1: 0.21, Recall: 0.21, Precision: 0.21
2023-06-19 16:41:56,996 - AUGCON - INFO - Epoch [48/50]-(0/22) Loss: 0.2557, Acc(1): 100.00, Acc(5): 100.00
2023-06-19 16:41:56,996 - AUGCON - INFO - Epoch [48/50]-(5/22) Loss: 0.1777, Acc(1): 100.00, Acc(5): 100.00
2023-06-19 16:41:56,996 - AUGCON - INFO - Epoch [48/50]-(10/22) Loss: 0.2689, Acc(1): 100.00, Acc(5): 100.00
2023-06-19 16:41:56,996 - AUGCON - INFO - Epoch [48/50]-(15/22) Loss: 0.4627, Acc(1): 100.00, Acc(5): 100.00
2023-06-19 16:41:56,996 - AUGCON - INFO - Epoch [48/50]-(20/22) Loss: 0.0991, Acc(1): 100.00, Acc(5): 100.00
2023-06-19 16:41:56,996 - AUGCON - INFO - 	Validation Loss: 0.5526, Acc(1): 85.00, Acc(5): 100.00, F1: 0.21, Recall: 0.21, Precision: 0.21
2023-06-19 16:41:56,996 - AUGCON - INFO - Epoch [49/50]-(0/22) Loss: 0.0833, Acc(1): 100.00, Acc(5): 100.00
2023-06-19 16:41:56,996 - AUGCON - INFO - Epoch [49/50]-(5/22) Loss: 0.3382, Acc(1): 100.00, Acc(5): 100.00
2023-06-19 16:41:56,996 - AUGCON - INFO - Epoch [49/50]-(10/22) Loss: 0.2068, Acc(1): 100.00, Acc(5): 100.00
2023-06-19 16:41:56,996 - AUGCON - INFO - Epoch [49/50]-(15/22) Loss: 0.3724, Acc(1): 100.00, Acc(5): 100.00
2023-06-19 16:41:56,996 - AUGCON - INFO - Epoch [49/50]-(20/22) Loss: 0.1489, Acc(1): 100.00, Acc(5): 100.00
2023-06-19 16:41:56,997 - AUGCON - INFO - 	Validation Loss: 0.5381, Acc(1): 84.00, Acc(5): 100.00, F1: 0.21, Recall: 0.21, Precision: 0.21
2023-06-19 16:41:56,997 - AUGCON - INFO - Epoch [50/50]-(0/22) Loss: 0.2517, Acc(1): 100.00, Acc(5): 100.00
2023-06-19 16:41:56,997 - AUGCON - INFO - Epoch [50/50]-(5/22) Loss: 0.6911, Acc(1): 75.00, Acc(5): 100.00
2023-06-19 16:41:56,997 - AUGCON - INFO - Epoch [50/50]-(10/22) Loss: 0.3977, Acc(1): 75.00, Acc(5): 100.00
2023-06-19 16:41:56,997 - AUGCON - INFO - Epoch [50/50]-(15/22) Loss: 0.7173, Acc(1): 75.00, Acc(5): 100.00
2023-06-19 16:41:56,997 - AUGCON - INFO - Epoch [50/50]-(20/22) Loss: 0.3165, Acc(1): 100.00, Acc(5): 100.00
2023-06-19 16:41:56,997 - AUGCON - INFO - 	Validation Loss: 0.5791, Acc(1): 85.00, Acc(5): 100.00, F1: 0.21, Recall: 0.21, Precision: 0.21
2023-06-19 16:41:56,997 - AUGCON - INFO - 	Validation Loss: 0.5161, Acc(1): 86.00, Acc(5): 100.00, F1: 0.20, Recall: 0.20, Precision: 0.20
