2023-06-19 16:41:58,944 - AUGCON - INFO - logger initialized (/home/hjyoon/projects/augcon/config/exp0/finetune_da_true/without_target_domain_WA0003-hskim/cpc_random_8421/tgt_target_domain_WA0003-hskim_seed0.yaml.log)
2023-06-19 16:41:58,946 - AUGCON - INFO - ================= Config =================
2023-06-19 16:41:58,946 - AUGCON - INFO -   mode: finetune
2023-06-19 16:41:58,946 - AUGCON - INFO -   seed: 0
2023-06-19 16:41:58,946 - AUGCON - INFO -   gpu: [0]
2023-06-19 16:41:58,946 - AUGCON - INFO -   num_workers: 1
2023-06-19 16:41:58,946 - AUGCON - INFO -   dist_url: tcp://localhost:10001
2023-06-19 16:41:58,946 - AUGCON - INFO -   dataset_name: ichar
2023-06-19 16:41:58,946 - AUGCON - INFO -   train_dataset_path: /mnt/sting/hjyoon/projects/cross/ICHAR/augcon/target_domain_WA0003-hskim/finetune/10shot/target/train.pkl
2023-06-19 16:41:58,946 - AUGCON - INFO -   test_dataset_path: /mnt/sting/hjyoon/projects/cross/ICHAR/augcon/target_domain_WA0003-hskim/finetune/10shot/target/test.pkl
2023-06-19 16:41:58,946 - AUGCON - INFO -   val_dataset_path: /mnt/sting/hjyoon/projects/cross/ICHAR/augcon/target_domain_WA0003-hskim/finetune/10shot/target/val.pkl
2023-06-19 16:41:58,946 - AUGCON - INFO -   input_channels: 3
2023-06-19 16:41:58,946 - AUGCON - INFO -   num_cls: 9
2023-06-19 16:41:58,946 - AUGCON - INFO -   optimizer: adam
2023-06-19 16:41:58,946 - AUGCON - INFO -   criterion: crossentropy
2023-06-19 16:41:58,946 - AUGCON - INFO -   start_epoch: 0
2023-06-19 16:41:58,946 - AUGCON - INFO -   epochs: 50
2023-06-19 16:41:58,946 - AUGCON - INFO -   batch_size: 4
2023-06-19 16:41:58,946 - AUGCON - INFO -   lr: 0.001
2023-06-19 16:41:58,946 - AUGCON - INFO -   wd: 0.0
2023-06-19 16:41:58,946 - AUGCON - INFO -   resume: 
2023-06-19 16:41:58,946 - AUGCON - INFO -   pretrained: /mnt/sting/hjyoon/projects/augcontrast/models/exp0/pretrain/without_target_domain_WA0003-hskim/cpc_random_8421//checkpoint_0099.pth.tar
2023-06-19 16:41:58,946 - AUGCON - INFO -   ckpt_dir: /mnt/sting/hjyoon/projects/augcontrast/models/exp0/finetune_da_true/without_target_domain_WA0003-hskim/cpc_random_8421/tgt_target_domain_WA0003-hskim_seed0
2023-06-19 16:41:58,946 - AUGCON - INFO -   log_freq: 5
2023-06-19 16:41:58,947 - AUGCON - INFO -   save_freq: 10
2023-06-19 16:41:58,947 - AUGCON - INFO -   pretext: metacpc
2023-06-19 16:41:58,947 - AUGCON - INFO -   enc_blocks: 4
2023-06-19 16:41:58,947 - AUGCON - INFO -   kernel_sizes: [8, 4, 2, 1]
2023-06-19 16:41:58,947 - AUGCON - INFO -   strides: [4, 2, 1, 1]
2023-06-19 16:41:58,947 - AUGCON - INFO -   agg_blocks: 5
2023-06-19 16:41:58,947 - AUGCON - INFO -   z_dim: 256
2023-06-19 16:41:58,947 - AUGCON - INFO -   pooling: mean
2023-06-19 16:41:58,947 - AUGCON - INFO -   pred_steps: 12
2023-06-19 16:41:58,947 - AUGCON - INFO -   n_negatives: 15
2023-06-19 16:41:58,947 - AUGCON - INFO -   offset: 4
2023-06-19 16:41:58,947 - AUGCON - INFO -   domain_adaptation: True
2023-06-19 16:41:58,947 - AUGCON - INFO -   task_steps: 10
2023-06-19 16:41:58,947 - AUGCON - INFO -   task_lr: 0.001
2023-06-19 16:41:58,947 - AUGCON - INFO -   reg_lambda: 0
2023-06-19 16:41:58,947 - AUGCON - INFO -   mlp: False
2023-06-19 16:41:58,947 - AUGCON - INFO -   freeze: True
2023-06-19 16:41:58,947 - AUGCON - INFO -   no_vars: True
2023-06-19 16:41:58,947 - AUGCON - INFO - ==========================================
2023-06-19 16:41:58,947 - AUGCON - INFO - Setting GPUs: [0]
2023-06-19 16:41:58,947 - AUGCON - INFO - GPUs [0] will be used
2023-06-19 16:41:58,948 - AUGCON - WARNING - You have chosen to seed training. 
2023-06-19 16:41:58,948 - AUGCON - WARNING - This will turn on the CUDNN deterministic setting, 
2023-06-19 16:41:58,948 - AUGCON - WARNING - which can slow down your training considerably! 
2023-06-19 16:41:58,948 - AUGCON - WARNING - You may see unexpected behavior when restarting 
2023-06-19 16:41:58,948 - AUGCON - WARNING - from checkpoints.
2023-06-19 16:41:58,981 - AUGCON - INFO - Executing MetaCPC
2023-06-19 16:41:58,981 - AUGCON - INFO - Logs are skipped during training
2023-06-19 16:42:19,187 - AUGCON - INFO - Single GPU is used for training - training 90 instances for each worker
2023-06-19 16:42:19,187 - AUGCON - INFO - Loading pretrained model from checkpoint - /mnt/sting/hjyoon/projects/augcontrast/models/exp0/pretrain/without_target_domain_WA0003-hskim/cpc_random_8421//checkpoint_0099.pth.tar
2023-06-19 16:42:19,188 - AUGCON - INFO - Missing keys: ['predictor.vars.0', 'predictor.vars.1']
2023-06-19 16:42:19,188 - AUGCON - INFO - Perform domain adaptation step
2023-06-19 16:42:19,188 - AUGCON - INFO - 	meta-train [0/10] Loss: 3.5358, Acc(1): 6.24, Acc(5): 32.05
2023-06-19 16:42:19,188 - AUGCON - INFO - 	meta-train [1/10] Loss: 3.1154, Acc(1): 6.68, Acc(5): 33.50
2023-06-19 16:42:19,188 - AUGCON - INFO - 	meta-train [2/10] Loss: 2.9797, Acc(1): 6.96, Acc(5): 34.85
2023-06-19 16:42:19,188 - AUGCON - INFO - 	meta-train [3/10] Loss: 2.9411, Acc(1): 7.07, Acc(5): 35.08
2023-06-19 16:42:19,188 - AUGCON - INFO - 	meta-train [4/10] Loss: 2.8967, Acc(1): 7.38, Acc(5): 35.96
2023-06-19 16:42:19,188 - AUGCON - INFO - 	meta-train [5/10] Loss: 2.8853, Acc(1): 7.33, Acc(5): 35.75
2023-06-19 16:42:19,188 - AUGCON - INFO - 	meta-train [6/10] Loss: 2.8744, Acc(1): 7.22, Acc(5): 35.13
2023-06-19 16:42:19,188 - AUGCON - INFO - 	meta-train [7/10] Loss: 2.8507, Acc(1): 7.28, Acc(5): 36.03
2023-06-19 16:42:19,188 - AUGCON - INFO - 	meta-train [8/10] Loss: 2.8442, Acc(1): 7.66, Acc(5): 35.97
2023-06-19 16:42:19,189 - AUGCON - INFO - 	meta-train [9/10] Loss: 2.8373, Acc(1): 7.36, Acc(5): 35.90
2023-06-19 16:42:19,189 - AUGCON - INFO - Loading encoder parameters to the classifier
2023-06-19 16:42:19,189 - AUGCON - INFO - Missing keys: ['classifier.block.0.weight', 'classifier.block.0.bias']
2023-06-19 16:42:19,189 - AUGCON - INFO - Epoch [1/50]-(0/22) Loss: 2.1175, Acc(1): 50.00, Acc(5): 75.00
2023-06-19 16:42:19,189 - AUGCON - INFO - Epoch [1/50]-(5/22) Loss: 1.9906, Acc(1): 25.00, Acc(5): 75.00
2023-06-19 16:42:19,189 - AUGCON - INFO - Epoch [1/50]-(10/22) Loss: 2.4524, Acc(1): 0.00, Acc(5): 50.00
2023-06-19 16:42:19,189 - AUGCON - INFO - Epoch [1/50]-(15/22) Loss: 2.0122, Acc(1): 25.00, Acc(5): 75.00
2023-06-19 16:42:19,189 - AUGCON - INFO - Epoch [1/50]-(20/22) Loss: 2.0971, Acc(1): 25.00, Acc(5): 50.00
2023-06-19 16:42:19,189 - AUGCON - INFO - 	Validation Loss: 1.8491, Acc(1): 34.00, Acc(5): 87.00, F1: 0.08, Recall: 0.10, Precision: 0.07
2023-06-19 16:42:19,189 - AUGCON - INFO - Epoch [2/50]-(0/22) Loss: 1.7469, Acc(1): 25.00, Acc(5): 100.00
2023-06-19 16:42:19,190 - AUGCON - INFO - Epoch [2/50]-(5/22) Loss: 2.0701, Acc(1): 25.00, Acc(5): 50.00
2023-06-19 16:42:19,190 - AUGCON - INFO - Epoch [2/50]-(10/22) Loss: 2.0338, Acc(1): 25.00, Acc(5): 50.00
2023-06-19 16:42:19,190 - AUGCON - INFO - Epoch [2/50]-(15/22) Loss: 1.7202, Acc(1): 25.00, Acc(5): 100.00
2023-06-19 16:42:19,190 - AUGCON - INFO - Epoch [2/50]-(20/22) Loss: 1.7042, Acc(1): 0.00, Acc(5): 100.00
2023-06-19 16:42:19,190 - AUGCON - INFO - 	Validation Loss: 1.5226, Acc(1): 61.00, Acc(5): 96.00, F1: 0.17, Recall: 0.16, Precision: 0.17
2023-06-19 16:42:19,190 - AUGCON - INFO - Epoch [3/50]-(0/22) Loss: 1.3499, Acc(1): 75.00, Acc(5): 100.00
2023-06-19 16:42:19,190 - AUGCON - INFO - Epoch [3/50]-(5/22) Loss: 1.4077, Acc(1): 50.00, Acc(5): 100.00
2023-06-19 16:42:19,190 - AUGCON - INFO - Epoch [3/50]-(10/22) Loss: 2.0628, Acc(1): 0.00, Acc(5): 75.00
2023-06-19 16:42:19,190 - AUGCON - INFO - Epoch [3/50]-(15/22) Loss: 1.7564, Acc(1): 25.00, Acc(5): 75.00
2023-06-19 16:42:19,190 - AUGCON - INFO - Epoch [3/50]-(20/22) Loss: 1.3896, Acc(1): 50.00, Acc(5): 100.00
2023-06-19 16:42:19,190 - AUGCON - INFO - 	Validation Loss: 1.4200, Acc(1): 83.00, Acc(5): 93.00, F1: 0.21, Recall: 0.19, Precision: 0.23
2023-06-19 16:42:19,190 - AUGCON - INFO - Epoch [4/50]-(0/22) Loss: 2.0896, Acc(1): 50.00, Acc(5): 75.00
2023-06-19 16:42:19,190 - AUGCON - INFO - Epoch [4/50]-(5/22) Loss: 1.4014, Acc(1): 75.00, Acc(5): 75.00
2023-06-19 16:42:19,190 - AUGCON - INFO - Epoch [4/50]-(10/22) Loss: 1.5664, Acc(1): 50.00, Acc(5): 100.00
2023-06-19 16:42:19,190 - AUGCON - INFO - Epoch [4/50]-(15/22) Loss: 1.2620, Acc(1): 75.00, Acc(5): 100.00
2023-06-19 16:42:19,190 - AUGCON - INFO - Epoch [4/50]-(20/22) Loss: 1.2038, Acc(1): 50.00, Acc(5): 100.00
2023-06-19 16:42:19,191 - AUGCON - INFO - 	Validation Loss: 1.2948, Acc(1): 60.00, Acc(5): 97.00, F1: 0.18, Recall: 0.17, Precision: 0.18
2023-06-19 16:42:19,191 - AUGCON - INFO - Epoch [5/50]-(0/22) Loss: 1.5091, Acc(1): 50.00, Acc(5): 100.00
2023-06-19 16:42:19,191 - AUGCON - INFO - Epoch [5/50]-(5/22) Loss: 1.6000, Acc(1): 50.00, Acc(5): 75.00
2023-06-19 16:42:19,191 - AUGCON - INFO - Epoch [5/50]-(10/22) Loss: 1.4272, Acc(1): 50.00, Acc(5): 100.00
2023-06-19 16:42:19,191 - AUGCON - INFO - Epoch [5/50]-(15/22) Loss: 1.6369, Acc(1): 50.00, Acc(5): 100.00
2023-06-19 16:42:19,191 - AUGCON - INFO - Epoch [5/50]-(20/22) Loss: 1.4128, Acc(1): 50.00, Acc(5): 100.00
2023-06-19 16:42:19,191 - AUGCON - INFO - 	Validation Loss: 1.2414, Acc(1): 59.00, Acc(5): 99.00, F1: 0.17, Recall: 0.17, Precision: 0.18
2023-06-19 16:42:19,191 - AUGCON - INFO - Epoch [6/50]-(0/22) Loss: 1.0114, Acc(1): 75.00, Acc(5): 100.00
2023-06-19 16:42:19,191 - AUGCON - INFO - Epoch [6/50]-(5/22) Loss: 1.0150, Acc(1): 100.00, Acc(5): 100.00
2023-06-19 16:42:19,191 - AUGCON - INFO - Epoch [6/50]-(10/22) Loss: 0.9837, Acc(1): 75.00, Acc(5): 100.00
2023-06-19 16:42:19,191 - AUGCON - INFO - Epoch [6/50]-(15/22) Loss: 1.1613, Acc(1): 75.00, Acc(5): 100.00
2023-06-19 16:42:19,191 - AUGCON - INFO - Epoch [6/50]-(20/22) Loss: 0.8025, Acc(1): 100.00, Acc(5): 100.00
2023-06-19 16:42:19,191 - AUGCON - INFO - 	Validation Loss: 1.1725, Acc(1): 76.00, Acc(5): 99.00, F1: 0.20, Recall: 0.19, Precision: 0.21
2023-06-19 16:42:19,191 - AUGCON - INFO - Epoch [7/50]-(0/22) Loss: 1.1338, Acc(1): 75.00, Acc(5): 100.00
2023-06-19 16:42:19,191 - AUGCON - INFO - Epoch [7/50]-(5/22) Loss: 1.0547, Acc(1): 50.00, Acc(5): 100.00
2023-06-19 16:42:19,191 - AUGCON - INFO - Epoch [7/50]-(10/22) Loss: 1.8555, Acc(1): 25.00, Acc(5): 75.00
2023-06-19 16:42:19,192 - AUGCON - INFO - Epoch [7/50]-(15/22) Loss: 1.3395, Acc(1): 25.00, Acc(5): 100.00
2023-06-19 16:42:19,192 - AUGCON - INFO - Epoch [7/50]-(20/22) Loss: 1.0456, Acc(1): 50.00, Acc(5): 100.00
2023-06-19 16:42:19,192 - AUGCON - INFO - 	Validation Loss: 1.1311, Acc(1): 70.00, Acc(5): 99.00, F1: 0.19, Recall: 0.18, Precision: 0.20
2023-06-19 16:42:19,192 - AUGCON - INFO - Epoch [8/50]-(0/22) Loss: 0.9798, Acc(1): 100.00, Acc(5): 100.00
2023-06-19 16:42:19,192 - AUGCON - INFO - Epoch [8/50]-(5/22) Loss: 1.0801, Acc(1): 75.00, Acc(5): 100.00
2023-06-19 16:42:19,192 - AUGCON - INFO - Epoch [8/50]-(10/22) Loss: 0.9606, Acc(1): 75.00, Acc(5): 100.00
2023-06-19 16:42:19,192 - AUGCON - INFO - Epoch [8/50]-(15/22) Loss: 1.3098, Acc(1): 50.00, Acc(5): 100.00
2023-06-19 16:42:19,192 - AUGCON - INFO - Epoch [8/50]-(20/22) Loss: 0.7755, Acc(1): 100.00, Acc(5): 100.00
2023-06-19 16:42:19,192 - AUGCON - INFO - 	Validation Loss: 1.1137, Acc(1): 64.00, Acc(5): 100.00, F1: 0.16, Recall: 0.13, Precision: 0.20
2023-06-19 16:42:19,192 - AUGCON - INFO - Epoch [9/50]-(0/22) Loss: 0.6108, Acc(1): 75.00, Acc(5): 100.00
2023-06-19 16:42:19,192 - AUGCON - INFO - Epoch [9/50]-(5/22) Loss: 0.8788, Acc(1): 100.00, Acc(5): 100.00
2023-06-19 16:42:19,192 - AUGCON - INFO - Epoch [9/50]-(10/22) Loss: 1.1102, Acc(1): 100.00, Acc(5): 100.00
2023-06-19 16:42:19,192 - AUGCON - INFO - Epoch [9/50]-(15/22) Loss: 1.7141, Acc(1): 50.00, Acc(5): 75.00
2023-06-19 16:42:19,192 - AUGCON - INFO - Epoch [9/50]-(20/22) Loss: 0.7899, Acc(1): 75.00, Acc(5): 100.00
2023-06-19 16:42:19,192 - AUGCON - INFO - 	Validation Loss: 1.0459, Acc(1): 68.00, Acc(5): 99.00, F1: 0.19, Recall: 0.19, Precision: 0.20
2023-06-19 16:42:19,192 - AUGCON - INFO - Epoch [10/50]-(0/22) Loss: 0.6944, Acc(1): 75.00, Acc(5): 100.00
2023-06-19 16:42:19,193 - AUGCON - INFO - Epoch [10/50]-(5/22) Loss: 0.6310, Acc(1): 100.00, Acc(5): 100.00
2023-06-19 16:42:19,193 - AUGCON - INFO - Epoch [10/50]-(10/22) Loss: 1.1007, Acc(1): 50.00, Acc(5): 100.00
2023-06-19 16:42:19,193 - AUGCON - INFO - Epoch [10/50]-(15/22) Loss: 0.5866, Acc(1): 100.00, Acc(5): 100.00
2023-06-19 16:42:19,193 - AUGCON - INFO - Epoch [10/50]-(20/22) Loss: 1.3568, Acc(1): 50.00, Acc(5): 75.00
2023-06-19 16:42:19,193 - AUGCON - INFO - 	Validation Loss: 1.0617, Acc(1): 82.00, Acc(5): 96.00, F1: 0.21, Recall: 0.19, Precision: 0.23
2023-06-19 16:42:19,193 - AUGCON - INFO - Epoch [11/50]-(0/22) Loss: 0.8695, Acc(1): 100.00, Acc(5): 100.00
2023-06-19 16:42:19,193 - AUGCON - INFO - Epoch [11/50]-(5/22) Loss: 1.1675, Acc(1): 50.00, Acc(5): 100.00
2023-06-19 16:42:19,193 - AUGCON - INFO - Epoch [11/50]-(10/22) Loss: 0.9237, Acc(1): 75.00, Acc(5): 100.00
2023-06-19 16:42:19,193 - AUGCON - INFO - Epoch [11/50]-(15/22) Loss: 1.5737, Acc(1): 75.00, Acc(5): 75.00
2023-06-19 16:42:19,193 - AUGCON - INFO - Epoch [11/50]-(20/22) Loss: 1.1228, Acc(1): 25.00, Acc(5): 100.00
2023-06-19 16:42:19,193 - AUGCON - INFO - 	Validation Loss: 1.0239, Acc(1): 62.00, Acc(5): 100.00, F1: 0.18, Recall: 0.18, Precision: 0.18
2023-06-19 16:42:19,193 - AUGCON - INFO - Epoch [12/50]-(0/22) Loss: 1.1989, Acc(1): 50.00, Acc(5): 100.00
2023-06-19 16:42:19,193 - AUGCON - INFO - Epoch [12/50]-(5/22) Loss: 1.2053, Acc(1): 50.00, Acc(5): 100.00
2023-06-19 16:42:19,193 - AUGCON - INFO - Epoch [12/50]-(10/22) Loss: 0.7763, Acc(1): 75.00, Acc(5): 100.00
2023-06-19 16:42:19,193 - AUGCON - INFO - Epoch [12/50]-(15/22) Loss: 1.3396, Acc(1): 50.00, Acc(5): 100.00
2023-06-19 16:42:19,193 - AUGCON - INFO - Epoch [12/50]-(20/22) Loss: 0.7605, Acc(1): 100.00, Acc(5): 100.00
2023-06-19 16:42:19,194 - AUGCON - INFO - 	Validation Loss: 0.9904, Acc(1): 83.00, Acc(5): 99.00, F1: 0.20, Recall: 0.19, Precision: 0.22
2023-06-19 16:42:19,194 - AUGCON - INFO - Epoch [13/50]-(0/22) Loss: 0.6303, Acc(1): 100.00, Acc(5): 100.00
2023-06-19 16:42:19,194 - AUGCON - INFO - Epoch [13/50]-(5/22) Loss: 1.1090, Acc(1): 75.00, Acc(5): 100.00
2023-06-19 16:42:19,194 - AUGCON - INFO - Epoch [13/50]-(10/22) Loss: 1.2749, Acc(1): 25.00, Acc(5): 100.00
2023-06-19 16:42:19,194 - AUGCON - INFO - Epoch [13/50]-(15/22) Loss: 1.0886, Acc(1): 75.00, Acc(5): 100.00
2023-06-19 16:42:19,194 - AUGCON - INFO - Epoch [13/50]-(20/22) Loss: 0.6459, Acc(1): 100.00, Acc(5): 100.00
2023-06-19 16:42:19,194 - AUGCON - INFO - 	Validation Loss: 0.9550, Acc(1): 69.00, Acc(5): 100.00, F1: 0.19, Recall: 0.19, Precision: 0.20
2023-06-19 16:42:19,194 - AUGCON - INFO - Epoch [14/50]-(0/22) Loss: 1.2448, Acc(1): 25.00, Acc(5): 100.00
2023-06-19 16:42:19,194 - AUGCON - INFO - Epoch [14/50]-(5/22) Loss: 1.0524, Acc(1): 100.00, Acc(5): 100.00
2023-06-19 16:42:19,194 - AUGCON - INFO - Epoch [14/50]-(10/22) Loss: 0.4156, Acc(1): 100.00, Acc(5): 100.00
2023-06-19 16:42:19,194 - AUGCON - INFO - Epoch [14/50]-(15/22) Loss: 0.9397, Acc(1): 75.00, Acc(5): 100.00
2023-06-19 16:42:19,194 - AUGCON - INFO - Epoch [14/50]-(20/22) Loss: 1.1489, Acc(1): 50.00, Acc(5): 100.00
2023-06-19 16:42:19,194 - AUGCON - INFO - 	Validation Loss: 0.9593, Acc(1): 67.00, Acc(5): 100.00, F1: 0.19, Recall: 0.19, Precision: 0.19
2023-06-19 16:42:19,194 - AUGCON - INFO - Epoch [15/50]-(0/22) Loss: 0.5977, Acc(1): 75.00, Acc(5): 100.00
2023-06-19 16:42:19,194 - AUGCON - INFO - Epoch [15/50]-(5/22) Loss: 0.8742, Acc(1): 75.00, Acc(5): 100.00
2023-06-19 16:42:19,194 - AUGCON - INFO - Epoch [15/50]-(10/22) Loss: 1.0741, Acc(1): 75.00, Acc(5): 100.00
2023-06-19 16:42:19,194 - AUGCON - INFO - Epoch [15/50]-(15/22) Loss: 0.7418, Acc(1): 75.00, Acc(5): 100.00
2023-06-19 16:42:19,195 - AUGCON - INFO - Epoch [15/50]-(20/22) Loss: 0.8092, Acc(1): 75.00, Acc(5): 100.00
2023-06-19 16:42:19,195 - AUGCON - INFO - 	Validation Loss: 0.9197, Acc(1): 71.00, Acc(5): 99.00, F1: 0.20, Recall: 0.19, Precision: 0.20
2023-06-19 16:42:19,195 - AUGCON - INFO - Epoch [16/50]-(0/22) Loss: 0.6437, Acc(1): 75.00, Acc(5): 100.00
2023-06-19 16:42:19,195 - AUGCON - INFO - Epoch [16/50]-(5/22) Loss: 1.1459, Acc(1): 25.00, Acc(5): 100.00
2023-06-19 16:42:19,195 - AUGCON - INFO - Epoch [16/50]-(10/22) Loss: 0.7154, Acc(1): 100.00, Acc(5): 100.00
2023-06-19 16:42:19,195 - AUGCON - INFO - Epoch [16/50]-(15/22) Loss: 0.3997, Acc(1): 100.00, Acc(5): 100.00
2023-06-19 16:42:19,195 - AUGCON - INFO - Epoch [16/50]-(20/22) Loss: 1.5738, Acc(1): 50.00, Acc(5): 75.00
2023-06-19 16:42:19,195 - AUGCON - INFO - 	Validation Loss: 0.9159, Acc(1): 78.00, Acc(5): 100.00, F1: 0.20, Recall: 0.20, Precision: 0.21
2023-06-19 16:42:19,195 - AUGCON - INFO - Epoch [17/50]-(0/22) Loss: 0.6307, Acc(1): 100.00, Acc(5): 100.00
2023-06-19 16:42:19,195 - AUGCON - INFO - Epoch [17/50]-(5/22) Loss: 0.8684, Acc(1): 50.00, Acc(5): 100.00
2023-06-19 16:42:19,195 - AUGCON - INFO - Epoch [17/50]-(10/22) Loss: 0.8008, Acc(1): 75.00, Acc(5): 100.00
2023-06-19 16:42:19,195 - AUGCON - INFO - Epoch [17/50]-(15/22) Loss: 0.7650, Acc(1): 75.00, Acc(5): 100.00
2023-06-19 16:42:19,195 - AUGCON - INFO - Epoch [17/50]-(20/22) Loss: 0.7518, Acc(1): 100.00, Acc(5): 100.00
2023-06-19 16:42:19,195 - AUGCON - INFO - 	Validation Loss: 0.9054, Acc(1): 77.00, Acc(5): 100.00, F1: 0.19, Recall: 0.17, Precision: 0.22
2023-06-19 16:42:19,195 - AUGCON - INFO - Epoch [18/50]-(0/22) Loss: 0.8487, Acc(1): 75.00, Acc(5): 100.00
2023-06-19 16:42:19,195 - AUGCON - INFO - Epoch [18/50]-(5/22) Loss: 1.0934, Acc(1): 50.00, Acc(5): 100.00
2023-06-19 16:42:19,196 - AUGCON - INFO - Epoch [18/50]-(10/22) Loss: 0.5274, Acc(1): 100.00, Acc(5): 100.00
2023-06-19 16:42:19,196 - AUGCON - INFO - Epoch [18/50]-(15/22) Loss: 1.0564, Acc(1): 50.00, Acc(5): 100.00
2023-06-19 16:42:19,196 - AUGCON - INFO - Epoch [18/50]-(20/22) Loss: 0.8135, Acc(1): 100.00, Acc(5): 100.00
2023-06-19 16:42:19,196 - AUGCON - INFO - 	Validation Loss: 0.8746, Acc(1): 79.00, Acc(5): 99.00, F1: 0.20, Recall: 0.18, Precision: 0.23
2023-06-19 16:42:19,196 - AUGCON - INFO - Epoch [19/50]-(0/22) Loss: 0.4210, Acc(1): 100.00, Acc(5): 100.00
2023-06-19 16:42:19,196 - AUGCON - INFO - Epoch [19/50]-(5/22) Loss: 0.7107, Acc(1): 100.00, Acc(5): 100.00
2023-06-19 16:42:19,196 - AUGCON - INFO - Epoch [19/50]-(10/22) Loss: 0.4557, Acc(1): 100.00, Acc(5): 100.00
2023-06-19 16:42:19,196 - AUGCON - INFO - Epoch [19/50]-(15/22) Loss: 0.8583, Acc(1): 75.00, Acc(5): 100.00
2023-06-19 16:42:19,196 - AUGCON - INFO - Epoch [19/50]-(20/22) Loss: 0.8788, Acc(1): 75.00, Acc(5): 100.00
2023-06-19 16:42:19,196 - AUGCON - INFO - 	Validation Loss: 0.8605, Acc(1): 78.00, Acc(5): 100.00, F1: 0.20, Recall: 0.19, Precision: 0.21
2023-06-19 16:42:19,196 - AUGCON - INFO - Epoch [20/50]-(0/22) Loss: 0.8630, Acc(1): 100.00, Acc(5): 100.00
2023-06-19 16:42:19,196 - AUGCON - INFO - Epoch [20/50]-(5/22) Loss: 0.5693, Acc(1): 100.00, Acc(5): 100.00
2023-06-19 16:42:19,196 - AUGCON - INFO - Epoch [20/50]-(10/22) Loss: 0.6751, Acc(1): 75.00, Acc(5): 100.00
2023-06-19 16:42:19,196 - AUGCON - INFO - Epoch [20/50]-(15/22) Loss: 0.8359, Acc(1): 75.00, Acc(5): 100.00
2023-06-19 16:42:19,196 - AUGCON - INFO - Epoch [20/50]-(20/22) Loss: 0.6906, Acc(1): 75.00, Acc(5): 100.00
2023-06-19 16:42:19,196 - AUGCON - INFO - 	Validation Loss: 0.8702, Acc(1): 81.00, Acc(5): 99.00, F1: 0.20, Recall: 0.19, Precision: 0.22
2023-06-19 16:42:19,197 - AUGCON - INFO - Epoch [21/50]-(0/22) Loss: 0.3251, Acc(1): 100.00, Acc(5): 100.00
2023-06-19 16:42:19,197 - AUGCON - INFO - Epoch [21/50]-(5/22) Loss: 1.3277, Acc(1): 75.00, Acc(5): 100.00
2023-06-19 16:42:19,197 - AUGCON - INFO - Epoch [21/50]-(10/22) Loss: 0.7815, Acc(1): 100.00, Acc(5): 100.00
2023-06-19 16:42:19,197 - AUGCON - INFO - Epoch [21/50]-(15/22) Loss: 0.7444, Acc(1): 75.00, Acc(5): 100.00
2023-06-19 16:42:19,197 - AUGCON - INFO - Epoch [21/50]-(20/22) Loss: 1.4905, Acc(1): 50.00, Acc(5): 100.00
2023-06-19 16:42:19,197 - AUGCON - INFO - 	Validation Loss: 0.8487, Acc(1): 79.00, Acc(5): 100.00, F1: 0.20, Recall: 0.19, Precision: 0.21
2023-06-19 16:42:19,197 - AUGCON - INFO - Epoch [22/50]-(0/22) Loss: 0.6369, Acc(1): 75.00, Acc(5): 100.00
2023-06-19 16:42:19,197 - AUGCON - INFO - Epoch [22/50]-(5/22) Loss: 0.6069, Acc(1): 100.00, Acc(5): 100.00
2023-06-19 16:42:19,197 - AUGCON - INFO - Epoch [22/50]-(10/22) Loss: 1.0024, Acc(1): 75.00, Acc(5): 100.00
2023-06-19 16:42:19,197 - AUGCON - INFO - Epoch [22/50]-(15/22) Loss: 0.8237, Acc(1): 75.00, Acc(5): 100.00
2023-06-19 16:42:19,197 - AUGCON - INFO - Epoch [22/50]-(20/22) Loss: 0.6330, Acc(1): 100.00, Acc(5): 100.00
2023-06-19 16:42:19,197 - AUGCON - INFO - 	Validation Loss: 0.8218, Acc(1): 86.00, Acc(5): 100.00, F1: 0.21, Recall: 0.20, Precision: 0.22
2023-06-19 16:42:19,197 - AUGCON - INFO - Epoch [23/50]-(0/22) Loss: 0.8382, Acc(1): 75.00, Acc(5): 100.00
2023-06-19 16:42:19,197 - AUGCON - INFO - Epoch [23/50]-(5/22) Loss: 0.8920, Acc(1): 50.00, Acc(5): 100.00
2023-06-19 16:42:19,197 - AUGCON - INFO - Epoch [23/50]-(10/22) Loss: 1.1412, Acc(1): 75.00, Acc(5): 100.00
2023-06-19 16:42:19,197 - AUGCON - INFO - Epoch [23/50]-(15/22) Loss: 0.8567, Acc(1): 75.00, Acc(5): 100.00
2023-06-19 16:42:19,198 - AUGCON - INFO - Epoch [23/50]-(20/22) Loss: 1.1180, Acc(1): 75.00, Acc(5): 100.00
2023-06-19 16:42:19,198 - AUGCON - INFO - 	Validation Loss: 0.8737, Acc(1): 73.00, Acc(5): 99.00, F1: 0.19, Recall: 0.19, Precision: 0.20
2023-06-19 16:42:19,198 - AUGCON - INFO - Epoch [24/50]-(0/22) Loss: 0.9637, Acc(1): 75.00, Acc(5): 100.00
2023-06-19 16:42:19,198 - AUGCON - INFO - Epoch [24/50]-(5/22) Loss: 0.4471, Acc(1): 75.00, Acc(5): 100.00
2023-06-19 16:42:19,198 - AUGCON - INFO - Epoch [24/50]-(10/22) Loss: 0.3185, Acc(1): 100.00, Acc(5): 100.00
2023-06-19 16:42:19,198 - AUGCON - INFO - Epoch [24/50]-(15/22) Loss: 1.2282, Acc(1): 75.00, Acc(5): 100.00
2023-06-19 16:42:19,198 - AUGCON - INFO - Epoch [24/50]-(20/22) Loss: 0.5229, Acc(1): 100.00, Acc(5): 100.00
2023-06-19 16:42:19,198 - AUGCON - INFO - 	Validation Loss: 0.8835, Acc(1): 83.00, Acc(5): 100.00, F1: 0.20, Recall: 0.19, Precision: 0.22
2023-06-19 16:42:19,198 - AUGCON - INFO - Epoch [25/50]-(0/22) Loss: 0.4686, Acc(1): 100.00, Acc(5): 100.00
2023-06-19 16:42:19,198 - AUGCON - INFO - Epoch [25/50]-(5/22) Loss: 0.7516, Acc(1): 75.00, Acc(5): 100.00
2023-06-19 16:42:19,198 - AUGCON - INFO - Epoch [25/50]-(10/22) Loss: 0.3161, Acc(1): 100.00, Acc(5): 100.00
2023-06-19 16:42:19,198 - AUGCON - INFO - Epoch [25/50]-(15/22) Loss: 1.5096, Acc(1): 50.00, Acc(5): 100.00
2023-06-19 16:42:19,198 - AUGCON - INFO - Epoch [25/50]-(20/22) Loss: 1.1773, Acc(1): 75.00, Acc(5): 100.00
2023-06-19 16:42:19,198 - AUGCON - INFO - 	Validation Loss: 0.8212, Acc(1): 71.00, Acc(5): 100.00, F1: 0.20, Recall: 0.20, Precision: 0.20
2023-06-19 16:42:19,198 - AUGCON - INFO - Epoch [26/50]-(0/22) Loss: 0.5309, Acc(1): 100.00, Acc(5): 100.00
2023-06-19 16:42:19,198 - AUGCON - INFO - Epoch [26/50]-(5/22) Loss: 0.1258, Acc(1): 100.00, Acc(5): 100.00
2023-06-19 16:42:19,198 - AUGCON - INFO - Epoch [26/50]-(10/22) Loss: 0.7617, Acc(1): 75.00, Acc(5): 100.00
2023-06-19 16:42:19,199 - AUGCON - INFO - Epoch [26/50]-(15/22) Loss: 0.7561, Acc(1): 50.00, Acc(5): 100.00
2023-06-19 16:42:19,199 - AUGCON - INFO - Epoch [26/50]-(20/22) Loss: 0.7516, Acc(1): 100.00, Acc(5): 100.00
2023-06-19 16:42:19,199 - AUGCON - INFO - 	Validation Loss: 0.7852, Acc(1): 77.00, Acc(5): 100.00, F1: 0.19, Recall: 0.17, Precision: 0.22
2023-06-19 16:42:19,199 - AUGCON - INFO - Epoch [27/50]-(0/22) Loss: 0.3919, Acc(1): 100.00, Acc(5): 100.00
2023-06-19 16:42:19,199 - AUGCON - INFO - Epoch [27/50]-(5/22) Loss: 1.1067, Acc(1): 75.00, Acc(5): 100.00
2023-06-19 16:42:19,199 - AUGCON - INFO - Epoch [27/50]-(10/22) Loss: 0.7456, Acc(1): 75.00, Acc(5): 100.00
2023-06-19 16:42:19,199 - AUGCON - INFO - Epoch [27/50]-(15/22) Loss: 1.0103, Acc(1): 75.00, Acc(5): 100.00
2023-06-19 16:42:19,199 - AUGCON - INFO - Epoch [27/50]-(20/22) Loss: 1.1290, Acc(1): 75.00, Acc(5): 100.00
2023-06-19 16:42:19,199 - AUGCON - INFO - 	Validation Loss: 0.8157, Acc(1): 88.00, Acc(5): 100.00, F1: 0.22, Recall: 0.21, Precision: 0.23
2023-06-19 16:42:19,199 - AUGCON - INFO - Epoch [28/50]-(0/22) Loss: 0.8748, Acc(1): 75.00, Acc(5): 100.00
2023-06-19 16:42:19,199 - AUGCON - INFO - Epoch [28/50]-(5/22) Loss: 0.7038, Acc(1): 100.00, Acc(5): 100.00
2023-06-19 16:42:19,199 - AUGCON - INFO - Epoch [28/50]-(10/22) Loss: 0.5956, Acc(1): 75.00, Acc(5): 100.00
2023-06-19 16:42:19,199 - AUGCON - INFO - Epoch [28/50]-(15/22) Loss: 1.1612, Acc(1): 50.00, Acc(5): 100.00
2023-06-19 16:42:19,199 - AUGCON - INFO - Epoch [28/50]-(20/22) Loss: 0.4828, Acc(1): 75.00, Acc(5): 100.00
2023-06-19 16:42:19,199 - AUGCON - INFO - 	Validation Loss: 0.7728, Acc(1): 82.00, Acc(5): 100.00, F1: 0.21, Recall: 0.20, Precision: 0.22
2023-06-19 16:42:19,199 - AUGCON - INFO - Epoch [29/50]-(0/22) Loss: 0.8549, Acc(1): 50.00, Acc(5): 100.00
2023-06-19 16:42:19,200 - AUGCON - INFO - Epoch [29/50]-(5/22) Loss: 0.6582, Acc(1): 100.00, Acc(5): 100.00
2023-06-19 16:42:19,200 - AUGCON - INFO - Epoch [29/50]-(10/22) Loss: 1.0979, Acc(1): 50.00, Acc(5): 100.00
2023-06-19 16:42:19,200 - AUGCON - INFO - Epoch [29/50]-(15/22) Loss: 0.4743, Acc(1): 100.00, Acc(5): 100.00
2023-06-19 16:42:19,200 - AUGCON - INFO - Epoch [29/50]-(20/22) Loss: 1.3195, Acc(1): 75.00, Acc(5): 100.00
2023-06-19 16:42:19,200 - AUGCON - INFO - 	Validation Loss: 0.7625, Acc(1): 81.00, Acc(5): 100.00, F1: 0.20, Recall: 0.18, Precision: 0.22
2023-06-19 16:42:19,200 - AUGCON - INFO - Epoch [30/50]-(0/22) Loss: 0.6997, Acc(1): 75.00, Acc(5): 100.00
2023-06-19 16:42:19,200 - AUGCON - INFO - Epoch [30/50]-(5/22) Loss: 0.4079, Acc(1): 100.00, Acc(5): 100.00
2023-06-19 16:42:19,200 - AUGCON - INFO - Epoch [30/50]-(10/22) Loss: 0.3337, Acc(1): 100.00, Acc(5): 100.00
2023-06-19 16:42:19,200 - AUGCON - INFO - Epoch [30/50]-(15/22) Loss: 0.6655, Acc(1): 75.00, Acc(5): 100.00
2023-06-19 16:42:19,200 - AUGCON - INFO - Epoch [30/50]-(20/22) Loss: 0.6682, Acc(1): 75.00, Acc(5): 100.00
2023-06-19 16:42:19,200 - AUGCON - INFO - 	Validation Loss: 0.7357, Acc(1): 77.00, Acc(5): 100.00, F1: 0.20, Recall: 0.20, Precision: 0.21
2023-06-19 16:42:19,200 - AUGCON - INFO - Epoch [31/50]-(0/22) Loss: 0.6719, Acc(1): 75.00, Acc(5): 100.00
2023-06-19 16:42:19,200 - AUGCON - INFO - Epoch [31/50]-(5/22) Loss: 0.7338, Acc(1): 75.00, Acc(5): 100.00
2023-06-19 16:42:19,200 - AUGCON - INFO - Epoch [31/50]-(10/22) Loss: 1.2587, Acc(1): 25.00, Acc(5): 100.00
2023-06-19 16:42:19,200 - AUGCON - INFO - Epoch [31/50]-(15/22) Loss: 0.4299, Acc(1): 75.00, Acc(5): 100.00
2023-06-19 16:42:19,200 - AUGCON - INFO - Epoch [31/50]-(20/22) Loss: 0.4706, Acc(1): 75.00, Acc(5): 100.00
2023-06-19 16:42:19,201 - AUGCON - INFO - 	Validation Loss: 0.7590, Acc(1): 76.00, Acc(5): 100.00, F1: 0.20, Recall: 0.20, Precision: 0.20
2023-06-19 16:42:19,201 - AUGCON - INFO - Epoch [32/50]-(0/22) Loss: 0.5238, Acc(1): 100.00, Acc(5): 100.00
2023-06-19 16:42:19,201 - AUGCON - INFO - Epoch [32/50]-(5/22) Loss: 1.0990, Acc(1): 50.00, Acc(5): 100.00
2023-06-19 16:42:19,201 - AUGCON - INFO - Epoch [32/50]-(10/22) Loss: 1.0415, Acc(1): 50.00, Acc(5): 100.00
2023-06-19 16:42:19,201 - AUGCON - INFO - Epoch [32/50]-(15/22) Loss: 0.7475, Acc(1): 100.00, Acc(5): 100.00
2023-06-19 16:42:19,201 - AUGCON - INFO - Epoch [32/50]-(20/22) Loss: 0.7861, Acc(1): 50.00, Acc(5): 100.00
2023-06-19 16:42:19,201 - AUGCON - INFO - 	Validation Loss: 0.7421, Acc(1): 77.00, Acc(5): 100.00, F1: 0.20, Recall: 0.19, Precision: 0.21
2023-06-19 16:42:19,201 - AUGCON - INFO - Epoch [33/50]-(0/22) Loss: 0.2816, Acc(1): 100.00, Acc(5): 100.00
2023-06-19 16:42:19,201 - AUGCON - INFO - Epoch [33/50]-(5/22) Loss: 0.6610, Acc(1): 75.00, Acc(5): 100.00
2023-06-19 16:42:19,201 - AUGCON - INFO - Epoch [33/50]-(10/22) Loss: 0.8511, Acc(1): 75.00, Acc(5): 100.00
2023-06-19 16:42:19,201 - AUGCON - INFO - Epoch [33/50]-(15/22) Loss: 0.2223, Acc(1): 100.00, Acc(5): 100.00
2023-06-19 16:42:19,201 - AUGCON - INFO - Epoch [33/50]-(20/22) Loss: 0.5990, Acc(1): 50.00, Acc(5): 100.00
2023-06-19 16:42:19,201 - AUGCON - INFO - 	Validation Loss: 0.7497, Acc(1): 84.00, Acc(5): 100.00, F1: 0.21, Recall: 0.19, Precision: 0.22
2023-06-19 16:42:19,201 - AUGCON - INFO - Epoch [34/50]-(0/22) Loss: 0.7273, Acc(1): 100.00, Acc(5): 100.00
2023-06-19 16:42:19,201 - AUGCON - INFO - Epoch [34/50]-(5/22) Loss: 0.2047, Acc(1): 100.00, Acc(5): 100.00
2023-06-19 16:42:19,201 - AUGCON - INFO - Epoch [34/50]-(10/22) Loss: 0.4866, Acc(1): 75.00, Acc(5): 100.00
2023-06-19 16:42:19,202 - AUGCON - INFO - Epoch [34/50]-(15/22) Loss: 1.1670, Acc(1): 25.00, Acc(5): 100.00
2023-06-19 16:42:19,202 - AUGCON - INFO - Epoch [34/50]-(20/22) Loss: 0.8533, Acc(1): 75.00, Acc(5): 100.00
2023-06-19 16:42:19,202 - AUGCON - INFO - 	Validation Loss: 0.7571, Acc(1): 73.00, Acc(5): 100.00, F1: 0.20, Recall: 0.20, Precision: 0.20
2023-06-19 16:42:19,202 - AUGCON - INFO - Epoch [35/50]-(0/22) Loss: 1.3015, Acc(1): 50.00, Acc(5): 100.00
2023-06-19 16:42:19,202 - AUGCON - INFO - Epoch [35/50]-(5/22) Loss: 0.4592, Acc(1): 100.00, Acc(5): 100.00
2023-06-19 16:42:19,202 - AUGCON - INFO - Epoch [35/50]-(10/22) Loss: 1.4224, Acc(1): 50.00, Acc(5): 100.00
2023-06-19 16:42:19,202 - AUGCON - INFO - Epoch [35/50]-(15/22) Loss: 0.8549, Acc(1): 50.00, Acc(5): 100.00
2023-06-19 16:42:19,202 - AUGCON - INFO - Epoch [35/50]-(20/22) Loss: 1.1071, Acc(1): 75.00, Acc(5): 100.00
2023-06-19 16:42:19,202 - AUGCON - INFO - 	Validation Loss: 0.7227, Acc(1): 82.00, Acc(5): 100.00, F1: 0.21, Recall: 0.19, Precision: 0.22
2023-06-19 16:42:19,202 - AUGCON - INFO - Epoch [36/50]-(0/22) Loss: 0.8551, Acc(1): 100.00, Acc(5): 100.00
2023-06-19 16:42:19,202 - AUGCON - INFO - Epoch [36/50]-(5/22) Loss: 0.3473, Acc(1): 100.00, Acc(5): 100.00
2023-06-19 16:42:19,202 - AUGCON - INFO - Epoch [36/50]-(10/22) Loss: 1.0397, Acc(1): 75.00, Acc(5): 100.00
2023-06-19 16:42:19,202 - AUGCON - INFO - Epoch [36/50]-(15/22) Loss: 0.4781, Acc(1): 75.00, Acc(5): 100.00
2023-06-19 16:42:19,202 - AUGCON - INFO - Epoch [36/50]-(20/22) Loss: 0.6630, Acc(1): 100.00, Acc(5): 100.00
2023-06-19 16:42:19,202 - AUGCON - INFO - 	Validation Loss: 0.7495, Acc(1): 77.00, Acc(5): 100.00, F1: 0.19, Recall: 0.17, Precision: 0.22
2023-06-19 16:42:19,202 - AUGCON - INFO - Epoch [37/50]-(0/22) Loss: 0.4164, Acc(1): 100.00, Acc(5): 100.00
2023-06-19 16:42:19,203 - AUGCON - INFO - Epoch [37/50]-(5/22) Loss: 0.5195, Acc(1): 100.00, Acc(5): 100.00
2023-06-19 16:42:19,203 - AUGCON - INFO - Epoch [37/50]-(10/22) Loss: 0.2119, Acc(1): 100.00, Acc(5): 100.00
2023-06-19 16:42:19,203 - AUGCON - INFO - Epoch [37/50]-(15/22) Loss: 0.2142, Acc(1): 100.00, Acc(5): 100.00
2023-06-19 16:42:19,203 - AUGCON - INFO - Epoch [37/50]-(20/22) Loss: 0.8315, Acc(1): 100.00, Acc(5): 100.00
2023-06-19 16:42:19,203 - AUGCON - INFO - 	Validation Loss: 0.7627, Acc(1): 77.00, Acc(5): 100.00, F1: 0.20, Recall: 0.19, Precision: 0.21
2023-06-19 16:42:19,203 - AUGCON - INFO - Epoch [38/50]-(0/22) Loss: 0.3918, Acc(1): 100.00, Acc(5): 100.00
2023-06-19 16:42:19,203 - AUGCON - INFO - Epoch [38/50]-(5/22) Loss: 0.1598, Acc(1): 100.00, Acc(5): 100.00
2023-06-19 16:42:19,203 - AUGCON - INFO - Epoch [38/50]-(10/22) Loss: 0.7925, Acc(1): 75.00, Acc(5): 100.00
2023-06-19 16:42:19,203 - AUGCON - INFO - Epoch [38/50]-(15/22) Loss: 0.3930, Acc(1): 100.00, Acc(5): 100.00
2023-06-19 16:42:19,203 - AUGCON - INFO - Epoch [38/50]-(20/22) Loss: 0.5241, Acc(1): 100.00, Acc(5): 100.00
2023-06-19 16:42:19,203 - AUGCON - INFO - 	Validation Loss: 0.7222, Acc(1): 78.00, Acc(5): 100.00, F1: 0.20, Recall: 0.18, Precision: 0.22
2023-06-19 16:42:19,203 - AUGCON - INFO - Epoch [39/50]-(0/22) Loss: 0.5144, Acc(1): 100.00, Acc(5): 100.00
2023-06-19 16:42:19,203 - AUGCON - INFO - Epoch [39/50]-(5/22) Loss: 0.7304, Acc(1): 75.00, Acc(5): 100.00
2023-06-19 16:42:19,203 - AUGCON - INFO - Epoch [39/50]-(10/22) Loss: 0.6327, Acc(1): 75.00, Acc(5): 100.00
2023-06-19 16:42:19,203 - AUGCON - INFO - Epoch [39/50]-(15/22) Loss: 1.1124, Acc(1): 50.00, Acc(5): 100.00
2023-06-19 16:42:19,204 - AUGCON - INFO - Epoch [39/50]-(20/22) Loss: 0.4949, Acc(1): 100.00, Acc(5): 100.00
2023-06-19 16:42:19,204 - AUGCON - INFO - 	Validation Loss: 0.7306, Acc(1): 80.00, Acc(5): 100.00, F1: 0.20, Recall: 0.19, Precision: 0.21
2023-06-19 16:42:19,204 - AUGCON - INFO - Epoch [40/50]-(0/22) Loss: 0.6874, Acc(1): 75.00, Acc(5): 100.00
2023-06-19 16:42:19,204 - AUGCON - INFO - Epoch [40/50]-(5/22) Loss: 0.7621, Acc(1): 75.00, Acc(5): 100.00
2023-06-19 16:42:19,204 - AUGCON - INFO - Epoch [40/50]-(10/22) Loss: 0.6652, Acc(1): 75.00, Acc(5): 100.00
2023-06-19 16:42:19,204 - AUGCON - INFO - Epoch [40/50]-(15/22) Loss: 1.0861, Acc(1): 75.00, Acc(5): 100.00
2023-06-19 16:42:19,204 - AUGCON - INFO - Epoch [40/50]-(20/22) Loss: 0.3181, Acc(1): 100.00, Acc(5): 100.00
2023-06-19 16:42:19,204 - AUGCON - INFO - 	Validation Loss: 0.7222, Acc(1): 81.00, Acc(5): 100.00, F1: 0.20, Recall: 0.18, Precision: 0.22
2023-06-19 16:42:19,204 - AUGCON - INFO - Epoch [41/50]-(0/22) Loss: 0.2932, Acc(1): 100.00, Acc(5): 100.00
2023-06-19 16:42:19,204 - AUGCON - INFO - Epoch [41/50]-(5/22) Loss: 0.6777, Acc(1): 100.00, Acc(5): 100.00
2023-06-19 16:42:19,204 - AUGCON - INFO - Epoch [41/50]-(10/22) Loss: 0.3368, Acc(1): 100.00, Acc(5): 100.00
2023-06-19 16:42:19,204 - AUGCON - INFO - Epoch [41/50]-(15/22) Loss: 0.6822, Acc(1): 50.00, Acc(5): 100.00
2023-06-19 16:42:19,204 - AUGCON - INFO - Epoch [41/50]-(20/22) Loss: 0.4119, Acc(1): 75.00, Acc(5): 100.00
2023-06-19 16:42:19,204 - AUGCON - INFO - 	Validation Loss: 0.7120, Acc(1): 82.00, Acc(5): 100.00, F1: 0.21, Recall: 0.19, Precision: 0.22
2023-06-19 16:42:19,204 - AUGCON - INFO - Epoch [42/50]-(0/22) Loss: 0.3801, Acc(1): 100.00, Acc(5): 100.00
2023-06-19 16:42:19,205 - AUGCON - INFO - Epoch [42/50]-(5/22) Loss: 0.3481, Acc(1): 100.00, Acc(5): 100.00
2023-06-19 16:42:19,205 - AUGCON - INFO - Epoch [42/50]-(10/22) Loss: 0.5640, Acc(1): 100.00, Acc(5): 100.00
2023-06-19 16:42:19,205 - AUGCON - INFO - Epoch [42/50]-(15/22) Loss: 1.5743, Acc(1): 50.00, Acc(5): 100.00
2023-06-19 16:42:19,205 - AUGCON - INFO - Epoch [42/50]-(20/22) Loss: 0.7058, Acc(1): 75.00, Acc(5): 100.00
2023-06-19 16:42:19,205 - AUGCON - INFO - 	Validation Loss: 0.7012, Acc(1): 85.00, Acc(5): 100.00, F1: 0.21, Recall: 0.20, Precision: 0.22
2023-06-19 16:42:19,205 - AUGCON - INFO - Epoch [43/50]-(0/22) Loss: 0.3231, Acc(1): 100.00, Acc(5): 100.00
2023-06-19 16:42:19,205 - AUGCON - INFO - Epoch [43/50]-(5/22) Loss: 0.1567, Acc(1): 100.00, Acc(5): 100.00
2023-06-19 16:42:19,205 - AUGCON - INFO - Epoch [43/50]-(10/22) Loss: 0.8514, Acc(1): 75.00, Acc(5): 100.00
2023-06-19 16:42:19,205 - AUGCON - INFO - Epoch [43/50]-(15/22) Loss: 0.2864, Acc(1): 100.00, Acc(5): 100.00
2023-06-19 16:42:19,205 - AUGCON - INFO - Epoch [43/50]-(20/22) Loss: 0.7111, Acc(1): 75.00, Acc(5): 100.00
2023-06-19 16:42:19,205 - AUGCON - INFO - 	Validation Loss: 0.7000, Acc(1): 84.00, Acc(5): 100.00, F1: 0.21, Recall: 0.20, Precision: 0.22
2023-06-19 16:42:19,205 - AUGCON - INFO - Epoch [44/50]-(0/22) Loss: 0.3058, Acc(1): 100.00, Acc(5): 100.00
2023-06-19 16:42:19,205 - AUGCON - INFO - Epoch [44/50]-(5/22) Loss: 0.8819, Acc(1): 75.00, Acc(5): 100.00
2023-06-19 16:42:19,205 - AUGCON - INFO - Epoch [44/50]-(10/22) Loss: 0.2023, Acc(1): 100.00, Acc(5): 100.00
2023-06-19 16:42:19,205 - AUGCON - INFO - Epoch [44/50]-(15/22) Loss: 0.5230, Acc(1): 100.00, Acc(5): 100.00
2023-06-19 16:42:19,205 - AUGCON - INFO - Epoch [44/50]-(20/22) Loss: 0.8330, Acc(1): 75.00, Acc(5): 100.00
2023-06-19 16:42:19,206 - AUGCON - INFO - 	Validation Loss: 0.7056, Acc(1): 83.00, Acc(5): 100.00, F1: 0.20, Recall: 0.19, Precision: 0.22
2023-06-19 16:42:19,206 - AUGCON - INFO - Epoch [45/50]-(0/22) Loss: 0.2583, Acc(1): 100.00, Acc(5): 100.00
2023-06-19 16:42:19,206 - AUGCON - INFO - Epoch [45/50]-(5/22) Loss: 0.2280, Acc(1): 100.00, Acc(5): 100.00
2023-06-19 16:42:19,206 - AUGCON - INFO - Epoch [45/50]-(10/22) Loss: 0.1330, Acc(1): 100.00, Acc(5): 100.00
2023-06-19 16:42:19,206 - AUGCON - INFO - Epoch [45/50]-(15/22) Loss: 0.6627, Acc(1): 75.00, Acc(5): 100.00
2023-06-19 16:42:19,206 - AUGCON - INFO - Epoch [45/50]-(20/22) Loss: 0.9051, Acc(1): 50.00, Acc(5): 100.00
2023-06-19 16:42:19,206 - AUGCON - INFO - 	Validation Loss: 0.7135, Acc(1): 70.00, Acc(5): 100.00, F1: 0.20, Recall: 0.19, Precision: 0.20
2023-06-19 16:42:19,206 - AUGCON - INFO - Epoch [46/50]-(0/22) Loss: 0.6671, Acc(1): 75.00, Acc(5): 100.00
2023-06-19 16:42:19,206 - AUGCON - INFO - Epoch [46/50]-(5/22) Loss: 0.4557, Acc(1): 100.00, Acc(5): 100.00
2023-06-19 16:42:19,206 - AUGCON - INFO - Epoch [46/50]-(10/22) Loss: 0.6646, Acc(1): 75.00, Acc(5): 100.00
2023-06-19 16:42:19,206 - AUGCON - INFO - Epoch [46/50]-(15/22) Loss: 0.9678, Acc(1): 75.00, Acc(5): 100.00
2023-06-19 16:42:19,206 - AUGCON - INFO - Epoch [46/50]-(20/22) Loss: 0.4689, Acc(1): 100.00, Acc(5): 100.00
2023-06-19 16:42:19,206 - AUGCON - INFO - 	Validation Loss: 0.7125, Acc(1): 80.00, Acc(5): 100.00, F1: 0.20, Recall: 0.18, Precision: 0.21
2023-06-19 16:42:19,206 - AUGCON - INFO - Epoch [47/50]-(0/22) Loss: 0.5165, Acc(1): 100.00, Acc(5): 100.00
2023-06-19 16:42:19,206 - AUGCON - INFO - Epoch [47/50]-(5/22) Loss: 0.4689, Acc(1): 75.00, Acc(5): 100.00
2023-06-19 16:42:19,206 - AUGCON - INFO - Epoch [47/50]-(10/22) Loss: 0.5933, Acc(1): 100.00, Acc(5): 100.00
2023-06-19 16:42:19,206 - AUGCON - INFO - Epoch [47/50]-(15/22) Loss: 1.2563, Acc(1): 75.00, Acc(5): 100.00
2023-06-19 16:42:19,207 - AUGCON - INFO - Epoch [47/50]-(20/22) Loss: 0.4912, Acc(1): 75.00, Acc(5): 100.00
2023-06-19 16:42:19,207 - AUGCON - INFO - 	Validation Loss: 0.6889, Acc(1): 78.00, Acc(5): 100.00, F1: 0.20, Recall: 0.19, Precision: 0.21
2023-06-19 16:42:19,207 - AUGCON - INFO - Epoch [48/50]-(0/22) Loss: 0.2481, Acc(1): 100.00, Acc(5): 100.00
2023-06-19 16:42:19,207 - AUGCON - INFO - Epoch [48/50]-(5/22) Loss: 0.5253, Acc(1): 50.00, Acc(5): 100.00
2023-06-19 16:42:19,207 - AUGCON - INFO - Epoch [48/50]-(10/22) Loss: 0.5610, Acc(1): 100.00, Acc(5): 100.00
2023-06-19 16:42:19,207 - AUGCON - INFO - Epoch [48/50]-(15/22) Loss: 0.1861, Acc(1): 100.00, Acc(5): 100.00
2023-06-19 16:42:19,207 - AUGCON - INFO - Epoch [48/50]-(20/22) Loss: 0.5307, Acc(1): 75.00, Acc(5): 100.00
2023-06-19 16:42:19,207 - AUGCON - INFO - 	Validation Loss: 0.6453, Acc(1): 88.00, Acc(5): 100.00, F1: 0.22, Recall: 0.20, Precision: 0.23
2023-06-19 16:42:19,207 - AUGCON - INFO - Epoch [49/50]-(0/22) Loss: 0.3281, Acc(1): 100.00, Acc(5): 100.00
2023-06-19 16:42:19,207 - AUGCON - INFO - Epoch [49/50]-(5/22) Loss: 0.7468, Acc(1): 50.00, Acc(5): 100.00
2023-06-19 16:42:19,207 - AUGCON - INFO - Epoch [49/50]-(10/22) Loss: 1.1967, Acc(1): 75.00, Acc(5): 100.00
2023-06-19 16:42:19,207 - AUGCON - INFO - Epoch [49/50]-(15/22) Loss: 0.6881, Acc(1): 75.00, Acc(5): 100.00
2023-06-19 16:42:19,207 - AUGCON - INFO - Epoch [49/50]-(20/22) Loss: 0.2959, Acc(1): 100.00, Acc(5): 100.00
2023-06-19 16:42:19,207 - AUGCON - INFO - 	Validation Loss: 0.7112, Acc(1): 81.00, Acc(5): 100.00, F1: 0.21, Recall: 0.20, Precision: 0.22
2023-06-19 16:42:19,207 - AUGCON - INFO - Epoch [50/50]-(0/22) Loss: 1.0350, Acc(1): 75.00, Acc(5): 100.00
2023-06-19 16:42:19,207 - AUGCON - INFO - Epoch [50/50]-(5/22) Loss: 0.3872, Acc(1): 100.00, Acc(5): 100.00
2023-06-19 16:42:19,208 - AUGCON - INFO - Epoch [50/50]-(10/22) Loss: 0.5041, Acc(1): 75.00, Acc(5): 100.00
2023-06-19 16:42:19,208 - AUGCON - INFO - Epoch [50/50]-(15/22) Loss: 0.2089, Acc(1): 100.00, Acc(5): 100.00
2023-06-19 16:42:19,208 - AUGCON - INFO - Epoch [50/50]-(20/22) Loss: 0.5263, Acc(1): 100.00, Acc(5): 100.00
2023-06-19 16:42:19,208 - AUGCON - INFO - 	Validation Loss: 0.6770, Acc(1): 76.00, Acc(5): 100.00, F1: 0.20, Recall: 0.19, Precision: 0.21
2023-06-19 16:42:19,208 - AUGCON - INFO - 	Validation Loss: 0.5942, Acc(1): 81.00, Acc(5): 100.00, F1: 0.20, Recall: 0.19, Precision: 0.20
