2023-06-19 16:30:47,363 - AUGCON - INFO - logger initialized (/home/hjyoon/projects/augcon/config/exp0/finetune_da_true/without_target_domain_PH0007-jskim/metacpc_perdomain_8421/tgt_target_domain_PH0007-jskim_seed0.yaml.log)
2023-06-19 16:30:47,363 - AUGCON - INFO - ================= Config =================
2023-06-19 16:30:47,363 - AUGCON - INFO -   mode: finetune
2023-06-19 16:30:47,363 - AUGCON - INFO -   seed: 0
2023-06-19 16:30:47,363 - AUGCON - INFO -   gpu: [0]
2023-06-19 16:30:47,363 - AUGCON - INFO -   num_workers: 1
2023-06-19 16:30:47,363 - AUGCON - INFO -   dist_url: tcp://localhost:10001
2023-06-19 16:30:47,363 - AUGCON - INFO -   dataset_name: ichar
2023-06-19 16:30:47,363 - AUGCON - INFO -   train_dataset_path: /mnt/sting/hjyoon/projects/cross/ICHAR/augcon/target_domain_PH0007-jskim/finetune/10shot/target/train.pkl
2023-06-19 16:30:47,363 - AUGCON - INFO -   test_dataset_path: /mnt/sting/hjyoon/projects/cross/ICHAR/augcon/target_domain_PH0007-jskim/finetune/10shot/target/test.pkl
2023-06-19 16:30:47,363 - AUGCON - INFO -   val_dataset_path: /mnt/sting/hjyoon/projects/cross/ICHAR/augcon/target_domain_PH0007-jskim/finetune/10shot/target/val.pkl
2023-06-19 16:30:47,363 - AUGCON - INFO -   input_channels: 3
2023-06-19 16:30:47,363 - AUGCON - INFO -   num_cls: 9
2023-06-19 16:30:47,363 - AUGCON - INFO -   optimizer: adam
2023-06-19 16:30:47,363 - AUGCON - INFO -   criterion: crossentropy
2023-06-19 16:30:47,363 - AUGCON - INFO -   start_epoch: 0
2023-06-19 16:30:47,364 - AUGCON - INFO -   epochs: 50
2023-06-19 16:30:47,364 - AUGCON - INFO -   batch_size: 4
2023-06-19 16:30:47,364 - AUGCON - INFO -   lr: 0.001
2023-06-19 16:30:47,364 - AUGCON - INFO -   wd: 0.0
2023-06-19 16:30:47,364 - AUGCON - INFO -   resume: 
2023-06-19 16:30:47,364 - AUGCON - INFO -   pretrained: /mnt/sting/hjyoon/projects/augcontrast/models/exp0/pretrain/without_target_domain_PH0007-jskim/metacpc_perdomain_8421/checkpoint_0999.pth.tar
2023-06-19 16:30:47,364 - AUGCON - INFO -   ckpt_dir: /mnt/sting/hjyoon/projects/augcontrast/models/exp0/finetune_da_true/without_target_domain_PH0007-jskim/metacpc_perdomain_8421/tgt_target_domain_PH0007-jskim_seed0
2023-06-19 16:30:47,364 - AUGCON - INFO -   log_freq: 5
2023-06-19 16:30:47,364 - AUGCON - INFO -   save_freq: 10
2023-06-19 16:30:47,364 - AUGCON - INFO -   pretext: metacpc
2023-06-19 16:30:47,364 - AUGCON - INFO -   enc_blocks: 4
2023-06-19 16:30:47,364 - AUGCON - INFO -   kernel_sizes: [8, 4, 2, 1]
2023-06-19 16:30:47,364 - AUGCON - INFO -   strides: [4, 2, 1, 1]
2023-06-19 16:30:47,364 - AUGCON - INFO -   agg_blocks: 5
2023-06-19 16:30:47,364 - AUGCON - INFO -   z_dim: 256
2023-06-19 16:30:47,364 - AUGCON - INFO -   pooling: mean
2023-06-19 16:30:47,364 - AUGCON - INFO -   pred_steps: 12
2023-06-19 16:30:47,364 - AUGCON - INFO -   n_negatives: 15
2023-06-19 16:30:47,364 - AUGCON - INFO -   offset: 4
2023-06-19 16:30:47,364 - AUGCON - INFO -   domain_adaptation: True
2023-06-19 16:30:47,364 - AUGCON - INFO -   task_steps: 10
2023-06-19 16:30:47,364 - AUGCON - INFO -   task_lr: 0.001
2023-06-19 16:30:47,364 - AUGCON - INFO -   reg_lambda: 0
2023-06-19 16:30:47,364 - AUGCON - INFO -   mlp: False
2023-06-19 16:30:47,364 - AUGCON - INFO -   freeze: True
2023-06-19 16:30:47,364 - AUGCON - INFO -   no_vars: False
2023-06-19 16:30:47,364 - AUGCON - INFO - ==========================================
2023-06-19 16:30:47,364 - AUGCON - INFO - Setting GPUs: [0]
2023-06-19 16:30:47,364 - AUGCON - INFO - GPUs [0] will be used
2023-06-19 16:30:47,365 - AUGCON - WARNING - You have chosen to seed training. 
2023-06-19 16:30:47,365 - AUGCON - WARNING - This will turn on the CUDNN deterministic setting, 
2023-06-19 16:30:47,365 - AUGCON - WARNING - which can slow down your training considerably! 
2023-06-19 16:30:47,365 - AUGCON - WARNING - You may see unexpected behavior when restarting 
2023-06-19 16:30:47,365 - AUGCON - WARNING - from checkpoints.
2023-06-19 16:30:47,399 - AUGCON - INFO - Executing MetaCPC
2023-06-19 16:30:47,400 - AUGCON - INFO - Logs are skipped during training
2023-06-19 16:31:07,070 - AUGCON - INFO - Single GPU is used for training - training 90 instances for each worker
2023-06-19 16:31:07,070 - AUGCON - INFO - Loading pretrained model from checkpoint - /mnt/sting/hjyoon/projects/augcontrast/models/exp0/pretrain/without_target_domain_PH0007-jskim/metacpc_perdomain_8421/checkpoint_0999.pth.tar
2023-06-19 16:31:07,070 - AUGCON - INFO - Missing keys: []
2023-06-19 16:31:07,070 - AUGCON - INFO - Perform domain adaptation step
2023-06-19 16:31:07,070 - AUGCON - INFO - 	meta-train [0/10] Loss: 1.6159, Acc(1): 38.74, Acc(5): 87.46
2023-06-19 16:31:07,071 - AUGCON - INFO - 	meta-train [1/10] Loss: 1.4691, Acc(1): 41.89, Acc(5): 91.75
2023-06-19 16:31:07,071 - AUGCON - INFO - 	meta-train [2/10] Loss: 1.3899, Acc(1): 46.15, Acc(5): 92.80
2023-06-19 16:31:07,071 - AUGCON - INFO - 	meta-train [3/10] Loss: 1.3777, Acc(1): 45.73, Acc(5): 93.07
2023-06-19 16:31:07,071 - AUGCON - INFO - 	meta-train [4/10] Loss: 1.3270, Acc(1): 47.57, Acc(5): 93.88
2023-06-19 16:31:07,071 - AUGCON - INFO - 	meta-train [5/10] Loss: 1.3080, Acc(1): 47.74, Acc(5): 94.80
2023-06-19 16:31:07,071 - AUGCON - INFO - 	meta-train [6/10] Loss: 1.3099, Acc(1): 47.91, Acc(5): 94.98
2023-06-19 16:31:07,071 - AUGCON - INFO - 	meta-train [7/10] Loss: 1.3136, Acc(1): 47.31, Acc(5): 94.41
2023-06-19 16:31:07,071 - AUGCON - INFO - 	meta-train [8/10] Loss: 1.2765, Acc(1): 48.13, Acc(5): 94.71
2023-06-19 16:31:07,071 - AUGCON - INFO - 	meta-train [9/10] Loss: 1.2685, Acc(1): 48.56, Acc(5): 94.59
2023-06-19 16:31:07,071 - AUGCON - INFO - Loading encoder parameters to the classifier
2023-06-19 16:31:07,071 - AUGCON - INFO - Missing keys: ['classifier.block.0.weight', 'classifier.block.0.bias']
2023-06-19 16:31:07,071 - AUGCON - INFO - Epoch [1/50]-(0/22) Loss: 2.2506, Acc(1): 0.00, Acc(5): 75.00
2023-06-19 16:31:07,071 - AUGCON - INFO - Epoch [1/50]-(5/22) Loss: 2.4831, Acc(1): 0.00, Acc(5): 50.00
2023-06-19 16:31:07,071 - AUGCON - INFO - Epoch [1/50]-(10/22) Loss: 2.6518, Acc(1): 0.00, Acc(5): 0.00
2023-06-19 16:31:07,071 - AUGCON - INFO - Epoch [1/50]-(15/22) Loss: 1.7206, Acc(1): 25.00, Acc(5): 100.00
2023-06-19 16:31:07,071 - AUGCON - INFO - Epoch [1/50]-(20/22) Loss: 1.8865, Acc(1): 25.00, Acc(5): 100.00
2023-06-19 16:31:07,071 - AUGCON - INFO - 	Validation Loss: 1.8612, Acc(1): 43.00, Acc(5): 84.00, F1: 0.14, Recall: 0.14, Precision: 0.14
2023-06-19 16:31:07,072 - AUGCON - INFO - Epoch [2/50]-(0/22) Loss: 2.1592, Acc(1): 0.00, Acc(5): 50.00
2023-06-19 16:31:07,072 - AUGCON - INFO - Epoch [2/50]-(5/22) Loss: 2.0678, Acc(1): 25.00, Acc(5): 50.00
2023-06-19 16:31:07,072 - AUGCON - INFO - Epoch [2/50]-(10/22) Loss: 1.9010, Acc(1): 25.00, Acc(5): 100.00
2023-06-19 16:31:07,072 - AUGCON - INFO - Epoch [2/50]-(15/22) Loss: 1.2443, Acc(1): 75.00, Acc(5): 100.00
2023-06-19 16:31:07,072 - AUGCON - INFO - Epoch [2/50]-(20/22) Loss: 1.4191, Acc(1): 75.00, Acc(5): 100.00
2023-06-19 16:31:07,072 - AUGCON - INFO - 	Validation Loss: 1.4995, Acc(1): 47.00, Acc(5): 92.00, F1: 0.17, Recall: 0.15, Precision: 0.19
2023-06-19 16:31:07,072 - AUGCON - INFO - Epoch [3/50]-(0/22) Loss: 1.5757, Acc(1): 50.00, Acc(5): 100.00
2023-06-19 16:31:07,072 - AUGCON - INFO - Epoch [3/50]-(5/22) Loss: 1.3427, Acc(1): 75.00, Acc(5): 100.00
2023-06-19 16:31:07,072 - AUGCON - INFO - Epoch [3/50]-(10/22) Loss: 1.7941, Acc(1): 25.00, Acc(5): 75.00
2023-06-19 16:31:07,072 - AUGCON - INFO - Epoch [3/50]-(15/22) Loss: 1.6564, Acc(1): 50.00, Acc(5): 100.00
2023-06-19 16:31:07,072 - AUGCON - INFO - Epoch [3/50]-(20/22) Loss: 1.0389, Acc(1): 75.00, Acc(5): 100.00
2023-06-19 16:31:07,072 - AUGCON - INFO - 	Validation Loss: 1.3562, Acc(1): 64.00, Acc(5): 90.00, F1: 0.21, Recall: 0.21, Precision: 0.21
2023-06-19 16:31:07,072 - AUGCON - INFO - Epoch [4/50]-(0/22) Loss: 1.4321, Acc(1): 50.00, Acc(5): 100.00
2023-06-19 16:31:07,072 - AUGCON - INFO - Epoch [4/50]-(5/22) Loss: 1.4388, Acc(1): 50.00, Acc(5): 100.00
2023-06-19 16:31:07,072 - AUGCON - INFO - Epoch [4/50]-(10/22) Loss: 1.6594, Acc(1): 50.00, Acc(5): 75.00
2023-06-19 16:31:07,073 - AUGCON - INFO - Epoch [4/50]-(15/22) Loss: 1.1189, Acc(1): 50.00, Acc(5): 100.00
2023-06-19 16:31:07,073 - AUGCON - INFO - Epoch [4/50]-(20/22) Loss: 1.0327, Acc(1): 75.00, Acc(5): 100.00
2023-06-19 16:31:07,073 - AUGCON - INFO - 	Validation Loss: 1.2158, Acc(1): 62.00, Acc(5): 92.00, F1: 0.21, Recall: 0.20, Precision: 0.21
2023-06-19 16:31:07,073 - AUGCON - INFO - Epoch [5/50]-(0/22) Loss: 1.3440, Acc(1): 50.00, Acc(5): 100.00
2023-06-19 16:31:07,073 - AUGCON - INFO - Epoch [5/50]-(5/22) Loss: 1.1498, Acc(1): 75.00, Acc(5): 100.00
2023-06-19 16:31:07,073 - AUGCON - INFO - Epoch [5/50]-(10/22) Loss: 1.2649, Acc(1): 50.00, Acc(5): 100.00
2023-06-19 16:31:07,073 - AUGCON - INFO - Epoch [5/50]-(15/22) Loss: 1.5711, Acc(1): 50.00, Acc(5): 100.00
2023-06-19 16:31:07,073 - AUGCON - INFO - Epoch [5/50]-(20/22) Loss: 1.3235, Acc(1): 50.00, Acc(5): 100.00
2023-06-19 16:31:07,073 - AUGCON - INFO - 	Validation Loss: 1.1299, Acc(1): 62.00, Acc(5): 96.00, F1: 0.19, Recall: 0.19, Precision: 0.19
2023-06-19 16:31:07,073 - AUGCON - INFO - Epoch [6/50]-(0/22) Loss: 1.0534, Acc(1): 75.00, Acc(5): 100.00
2023-06-19 16:31:07,073 - AUGCON - INFO - Epoch [6/50]-(5/22) Loss: 0.8062, Acc(1): 75.00, Acc(5): 100.00
2023-06-19 16:31:07,073 - AUGCON - INFO - Epoch [6/50]-(10/22) Loss: 0.9534, Acc(1): 75.00, Acc(5): 100.00
2023-06-19 16:31:07,073 - AUGCON - INFO - Epoch [6/50]-(15/22) Loss: 1.1292, Acc(1): 75.00, Acc(5): 100.00
2023-06-19 16:31:07,073 - AUGCON - INFO - Epoch [6/50]-(20/22) Loss: 0.5581, Acc(1): 100.00, Acc(5): 100.00
2023-06-19 16:31:07,073 - AUGCON - INFO - 	Validation Loss: 1.1173, Acc(1): 68.00, Acc(5): 95.00, F1: 0.22, Recall: 0.22, Precision: 0.22
2023-06-19 16:31:07,073 - AUGCON - INFO - Epoch [7/50]-(0/22) Loss: 0.9941, Acc(1): 75.00, Acc(5): 100.00
2023-06-19 16:31:07,074 - AUGCON - INFO - Epoch [7/50]-(5/22) Loss: 0.6073, Acc(1): 75.00, Acc(5): 100.00
2023-06-19 16:31:07,074 - AUGCON - INFO - Epoch [7/50]-(10/22) Loss: 0.8914, Acc(1): 75.00, Acc(5): 100.00
2023-06-19 16:31:07,074 - AUGCON - INFO - Epoch [7/50]-(15/22) Loss: 1.1423, Acc(1): 50.00, Acc(5): 100.00
2023-06-19 16:31:07,074 - AUGCON - INFO - Epoch [7/50]-(20/22) Loss: 0.8712, Acc(1): 75.00, Acc(5): 75.00
2023-06-19 16:31:07,074 - AUGCON - INFO - 	Validation Loss: 1.0423, Acc(1): 66.00, Acc(5): 95.00, F1: 0.22, Recall: 0.21, Precision: 0.22
2023-06-19 16:31:07,074 - AUGCON - INFO - Epoch [8/50]-(0/22) Loss: 0.5229, Acc(1): 100.00, Acc(5): 100.00
2023-06-19 16:31:07,074 - AUGCON - INFO - Epoch [8/50]-(5/22) Loss: 0.9376, Acc(1): 50.00, Acc(5): 100.00
2023-06-19 16:31:07,074 - AUGCON - INFO - Epoch [8/50]-(10/22) Loss: 0.9714, Acc(1): 75.00, Acc(5): 100.00
2023-06-19 16:31:07,074 - AUGCON - INFO - Epoch [8/50]-(15/22) Loss: 0.9176, Acc(1): 75.00, Acc(5): 100.00
2023-06-19 16:31:07,074 - AUGCON - INFO - Epoch [8/50]-(20/22) Loss: 1.0216, Acc(1): 75.00, Acc(5): 100.00
2023-06-19 16:31:07,074 - AUGCON - INFO - 	Validation Loss: 1.0586, Acc(1): 68.00, Acc(5): 96.00, F1: 0.21, Recall: 0.22, Precision: 0.21
2023-06-19 16:31:07,074 - AUGCON - INFO - Epoch [9/50]-(0/22) Loss: 0.7215, Acc(1): 75.00, Acc(5): 100.00
2023-06-19 16:31:07,074 - AUGCON - INFO - Epoch [9/50]-(5/22) Loss: 0.7796, Acc(1): 75.00, Acc(5): 100.00
2023-06-19 16:31:07,074 - AUGCON - INFO - Epoch [9/50]-(10/22) Loss: 1.1896, Acc(1): 50.00, Acc(5): 100.00
2023-06-19 16:31:07,074 - AUGCON - INFO - Epoch [9/50]-(15/22) Loss: 0.8146, Acc(1): 75.00, Acc(5): 100.00
2023-06-19 16:31:07,074 - AUGCON - INFO - Epoch [9/50]-(20/22) Loss: 0.8963, Acc(1): 75.00, Acc(5): 100.00
2023-06-19 16:31:07,074 - AUGCON - INFO - 	Validation Loss: 1.0015, Acc(1): 64.00, Acc(5): 95.00, F1: 0.21, Recall: 0.21, Precision: 0.20
2023-06-19 16:31:07,075 - AUGCON - INFO - Epoch [10/50]-(0/22) Loss: 0.2669, Acc(1): 100.00, Acc(5): 100.00
2023-06-19 16:31:07,075 - AUGCON - INFO - Epoch [10/50]-(5/22) Loss: 0.4527, Acc(1): 100.00, Acc(5): 100.00
2023-06-19 16:31:07,075 - AUGCON - INFO - Epoch [10/50]-(10/22) Loss: 1.0574, Acc(1): 75.00, Acc(5): 100.00
2023-06-19 16:31:07,075 - AUGCON - INFO - Epoch [10/50]-(15/22) Loss: 0.4393, Acc(1): 100.00, Acc(5): 100.00
2023-06-19 16:31:07,075 - AUGCON - INFO - Epoch [10/50]-(20/22) Loss: 1.2073, Acc(1): 75.00, Acc(5): 100.00
2023-06-19 16:31:07,075 - AUGCON - INFO - 	Validation Loss: 0.9606, Acc(1): 65.00, Acc(5): 96.00, F1: 0.21, Recall: 0.21, Precision: 0.21
2023-06-19 16:31:07,075 - AUGCON - INFO - Epoch [11/50]-(0/22) Loss: 0.5402, Acc(1): 100.00, Acc(5): 100.00
2023-06-19 16:31:07,075 - AUGCON - INFO - Epoch [11/50]-(5/22) Loss: 0.6846, Acc(1): 75.00, Acc(5): 100.00
2023-06-19 16:31:07,075 - AUGCON - INFO - Epoch [11/50]-(10/22) Loss: 1.0600, Acc(1): 50.00, Acc(5): 100.00
2023-06-19 16:31:07,075 - AUGCON - INFO - Epoch [11/50]-(15/22) Loss: 0.6752, Acc(1): 75.00, Acc(5): 100.00
2023-06-19 16:31:07,075 - AUGCON - INFO - Epoch [11/50]-(20/22) Loss: 0.8527, Acc(1): 75.00, Acc(5): 100.00
2023-06-19 16:31:07,075 - AUGCON - INFO - 	Validation Loss: 0.9618, Acc(1): 65.00, Acc(5): 96.00, F1: 0.21, Recall: 0.21, Precision: 0.22
2023-06-19 16:31:07,075 - AUGCON - INFO - Epoch [12/50]-(0/22) Loss: 0.7991, Acc(1): 75.00, Acc(5): 100.00
2023-06-19 16:31:07,075 - AUGCON - INFO - Epoch [12/50]-(5/22) Loss: 1.3057, Acc(1): 50.00, Acc(5): 100.00
2023-06-19 16:31:07,075 - AUGCON - INFO - Epoch [12/50]-(10/22) Loss: 1.4390, Acc(1): 50.00, Acc(5): 100.00
2023-06-19 16:31:07,075 - AUGCON - INFO - Epoch [12/50]-(15/22) Loss: 0.8373, Acc(1): 75.00, Acc(5): 100.00
2023-06-19 16:31:07,075 - AUGCON - INFO - Epoch [12/50]-(20/22) Loss: 1.4076, Acc(1): 25.00, Acc(5): 100.00
2023-06-19 16:31:07,076 - AUGCON - INFO - 	Validation Loss: 0.9388, Acc(1): 70.00, Acc(5): 96.00, F1: 0.21, Recall: 0.23, Precision: 0.20
2023-06-19 16:31:07,076 - AUGCON - INFO - Epoch [13/50]-(0/22) Loss: 0.6734, Acc(1): 100.00, Acc(5): 100.00
2023-06-19 16:31:07,076 - AUGCON - INFO - Epoch [13/50]-(5/22) Loss: 1.0170, Acc(1): 50.00, Acc(5): 100.00
2023-06-19 16:31:07,076 - AUGCON - INFO - Epoch [13/50]-(10/22) Loss: 1.6896, Acc(1): 25.00, Acc(5): 100.00
2023-06-19 16:31:07,076 - AUGCON - INFO - Epoch [13/50]-(15/22) Loss: 0.9885, Acc(1): 75.00, Acc(5): 100.00
2023-06-19 16:31:07,076 - AUGCON - INFO - Epoch [13/50]-(20/22) Loss: 0.2723, Acc(1): 100.00, Acc(5): 100.00
2023-06-19 16:31:07,076 - AUGCON - INFO - 	Validation Loss: 0.9186, Acc(1): 72.00, Acc(5): 96.00, F1: 0.23, Recall: 0.22, Precision: 0.23
2023-06-19 16:31:07,076 - AUGCON - INFO - Epoch [14/50]-(0/22) Loss: 0.8151, Acc(1): 75.00, Acc(5): 100.00
2023-06-19 16:31:07,076 - AUGCON - INFO - Epoch [14/50]-(5/22) Loss: 0.7107, Acc(1): 100.00, Acc(5): 100.00
2023-06-19 16:31:07,076 - AUGCON - INFO - Epoch [14/50]-(10/22) Loss: 0.3260, Acc(1): 100.00, Acc(5): 100.00
2023-06-19 16:31:07,076 - AUGCON - INFO - Epoch [14/50]-(15/22) Loss: 0.7268, Acc(1): 75.00, Acc(5): 100.00
2023-06-19 16:31:07,076 - AUGCON - INFO - Epoch [14/50]-(20/22) Loss: 1.0294, Acc(1): 50.00, Acc(5): 100.00
2023-06-19 16:31:07,076 - AUGCON - INFO - 	Validation Loss: 0.8662, Acc(1): 73.00, Acc(5): 97.00, F1: 0.23, Recall: 0.22, Precision: 0.25
2023-06-19 16:31:07,076 - AUGCON - INFO - Epoch [15/50]-(0/22) Loss: 0.5237, Acc(1): 100.00, Acc(5): 100.00
2023-06-19 16:31:07,076 - AUGCON - INFO - Epoch [15/50]-(5/22) Loss: 1.1246, Acc(1): 50.00, Acc(5): 100.00
2023-06-19 16:31:07,077 - AUGCON - INFO - Epoch [15/50]-(10/22) Loss: 1.6205, Acc(1): 25.00, Acc(5): 100.00
2023-06-19 16:31:07,077 - AUGCON - INFO - Epoch [15/50]-(15/22) Loss: 0.9073, Acc(1): 100.00, Acc(5): 100.00
2023-06-19 16:31:07,077 - AUGCON - INFO - Epoch [15/50]-(20/22) Loss: 0.2348, Acc(1): 100.00, Acc(5): 100.00
2023-06-19 16:31:07,077 - AUGCON - INFO - 	Validation Loss: 0.9072, Acc(1): 69.00, Acc(5): 96.00, F1: 0.22, Recall: 0.22, Precision: 0.22
2023-06-19 16:31:07,077 - AUGCON - INFO - Epoch [16/50]-(0/22) Loss: 0.3159, Acc(1): 100.00, Acc(5): 100.00
2023-06-19 16:31:07,077 - AUGCON - INFO - Epoch [16/50]-(5/22) Loss: 0.8509, Acc(1): 75.00, Acc(5): 100.00
2023-06-19 16:31:07,077 - AUGCON - INFO - Epoch [16/50]-(10/22) Loss: 1.1905, Acc(1): 75.00, Acc(5): 75.00
2023-06-19 16:31:07,077 - AUGCON - INFO - Epoch [16/50]-(15/22) Loss: 0.7037, Acc(1): 75.00, Acc(5): 100.00
2023-06-19 16:31:07,077 - AUGCON - INFO - Epoch [16/50]-(20/22) Loss: 0.4211, Acc(1): 100.00, Acc(5): 100.00
2023-06-19 16:31:07,077 - AUGCON - INFO - 	Validation Loss: 0.8872, Acc(1): 71.00, Acc(5): 97.00, F1: 0.21, Recall: 0.23, Precision: 0.20
2023-06-19 16:31:07,077 - AUGCON - INFO - Epoch [17/50]-(0/22) Loss: 0.4578, Acc(1): 75.00, Acc(5): 100.00
2023-06-19 16:31:07,077 - AUGCON - INFO - Epoch [17/50]-(5/22) Loss: 0.7500, Acc(1): 75.00, Acc(5): 100.00
2023-06-19 16:31:07,077 - AUGCON - INFO - Epoch [17/50]-(10/22) Loss: 0.5579, Acc(1): 75.00, Acc(5): 100.00
2023-06-19 16:31:07,077 - AUGCON - INFO - Epoch [17/50]-(15/22) Loss: 0.6379, Acc(1): 75.00, Acc(5): 100.00
2023-06-19 16:31:07,078 - AUGCON - INFO - Epoch [17/50]-(20/22) Loss: 1.1732, Acc(1): 50.00, Acc(5): 100.00
2023-06-19 16:31:07,078 - AUGCON - INFO - 	Validation Loss: 0.8888, Acc(1): 69.00, Acc(5): 97.00, F1: 0.22, Recall: 0.22, Precision: 0.21
2023-06-19 16:31:07,078 - AUGCON - INFO - Epoch [18/50]-(0/22) Loss: 0.7960, Acc(1): 50.00, Acc(5): 100.00
2023-06-19 16:31:07,078 - AUGCON - INFO - Epoch [18/50]-(5/22) Loss: 1.0165, Acc(1): 50.00, Acc(5): 100.00
2023-06-19 16:31:07,078 - AUGCON - INFO - Epoch [18/50]-(10/22) Loss: 0.9956, Acc(1): 75.00, Acc(5): 75.00
2023-06-19 16:31:07,078 - AUGCON - INFO - Epoch [18/50]-(15/22) Loss: 1.2594, Acc(1): 50.00, Acc(5): 100.00
2023-06-19 16:31:07,078 - AUGCON - INFO - Epoch [18/50]-(20/22) Loss: 0.3173, Acc(1): 100.00, Acc(5): 100.00
2023-06-19 16:31:07,078 - AUGCON - INFO - 	Validation Loss: 0.8942, Acc(1): 69.00, Acc(5): 96.00, F1: 0.21, Recall: 0.22, Precision: 0.21
2023-06-19 16:31:07,078 - AUGCON - INFO - Epoch [19/50]-(0/22) Loss: 0.4966, Acc(1): 75.00, Acc(5): 100.00
2023-06-19 16:31:07,078 - AUGCON - INFO - Epoch [19/50]-(5/22) Loss: 1.0108, Acc(1): 75.00, Acc(5): 100.00
2023-06-19 16:31:07,078 - AUGCON - INFO - Epoch [19/50]-(10/22) Loss: 0.9171, Acc(1): 100.00, Acc(5): 100.00
2023-06-19 16:31:07,079 - AUGCON - INFO - Epoch [19/50]-(15/22) Loss: 0.7536, Acc(1): 75.00, Acc(5): 100.00
2023-06-19 16:31:07,079 - AUGCON - INFO - Epoch [19/50]-(20/22) Loss: 0.5600, Acc(1): 100.00, Acc(5): 100.00
2023-06-19 16:31:07,079 - AUGCON - INFO - 	Validation Loss: 0.8488, Acc(1): 76.00, Acc(5): 96.00, F1: 0.22, Recall: 0.22, Precision: 0.22
2023-06-19 16:31:07,079 - AUGCON - INFO - Epoch [20/50]-(0/22) Loss: 0.6371, Acc(1): 100.00, Acc(5): 100.00
2023-06-19 16:31:07,079 - AUGCON - INFO - Epoch [20/50]-(5/22) Loss: 0.9687, Acc(1): 75.00, Acc(5): 100.00
2023-06-19 16:31:07,079 - AUGCON - INFO - Epoch [20/50]-(10/22) Loss: 0.9742, Acc(1): 50.00, Acc(5): 100.00
2023-06-19 16:31:07,079 - AUGCON - INFO - Epoch [20/50]-(15/22) Loss: 0.7448, Acc(1): 75.00, Acc(5): 100.00
2023-06-19 16:31:07,079 - AUGCON - INFO - Epoch [20/50]-(20/22) Loss: 0.4494, Acc(1): 75.00, Acc(5): 100.00
2023-06-19 16:31:07,079 - AUGCON - INFO - 	Validation Loss: 0.8910, Acc(1): 69.00, Acc(5): 96.00, F1: 0.21, Recall: 0.22, Precision: 0.20
2023-06-19 16:31:07,079 - AUGCON - INFO - Epoch [21/50]-(0/22) Loss: 0.3612, Acc(1): 100.00, Acc(5): 100.00
2023-06-19 16:31:07,079 - AUGCON - INFO - Epoch [21/50]-(5/22) Loss: 0.6904, Acc(1): 75.00, Acc(5): 100.00
2023-06-19 16:31:07,079 - AUGCON - INFO - Epoch [21/50]-(10/22) Loss: 1.0150, Acc(1): 50.00, Acc(5): 100.00
2023-06-19 16:31:07,079 - AUGCON - INFO - Epoch [21/50]-(15/22) Loss: 0.8014, Acc(1): 50.00, Acc(5): 100.00
2023-06-19 16:31:07,079 - AUGCON - INFO - Epoch [21/50]-(20/22) Loss: 0.6942, Acc(1): 75.00, Acc(5): 100.00
2023-06-19 16:31:07,079 - AUGCON - INFO - 	Validation Loss: 0.7814, Acc(1): 74.00, Acc(5): 98.00, F1: 0.22, Recall: 0.21, Precision: 0.23
2023-06-19 16:31:07,080 - AUGCON - INFO - Epoch [22/50]-(0/22) Loss: 1.4169, Acc(1): 25.00, Acc(5): 100.00
2023-06-19 16:31:07,080 - AUGCON - INFO - Epoch [22/50]-(5/22) Loss: 0.7388, Acc(1): 75.00, Acc(5): 100.00
2023-06-19 16:31:07,080 - AUGCON - INFO - Epoch [22/50]-(10/22) Loss: 1.5995, Acc(1): 50.00, Acc(5): 75.00
2023-06-19 16:31:07,080 - AUGCON - INFO - Epoch [22/50]-(15/22) Loss: 0.9623, Acc(1): 75.00, Acc(5): 100.00
2023-06-19 16:31:07,080 - AUGCON - INFO - Epoch [22/50]-(20/22) Loss: 0.3498, Acc(1): 100.00, Acc(5): 100.00
2023-06-19 16:31:07,080 - AUGCON - INFO - 	Validation Loss: 0.8704, Acc(1): 71.00, Acc(5): 95.00, F1: 0.21, Recall: 0.22, Precision: 0.20
2023-06-19 16:31:07,080 - AUGCON - INFO - Epoch [23/50]-(0/22) Loss: 0.5109, Acc(1): 100.00, Acc(5): 100.00
2023-06-19 16:31:07,080 - AUGCON - INFO - Epoch [23/50]-(5/22) Loss: 0.4729, Acc(1): 75.00, Acc(5): 100.00
2023-06-19 16:31:07,080 - AUGCON - INFO - Epoch [23/50]-(10/22) Loss: 0.9879, Acc(1): 50.00, Acc(5): 100.00
2023-06-19 16:31:07,080 - AUGCON - INFO - Epoch [23/50]-(15/22) Loss: 0.7279, Acc(1): 75.00, Acc(5): 100.00
2023-06-19 16:31:07,080 - AUGCON - INFO - Epoch [23/50]-(20/22) Loss: 0.7330, Acc(1): 75.00, Acc(5): 100.00
2023-06-19 16:31:07,080 - AUGCON - INFO - 	Validation Loss: 0.7890, Acc(1): 79.00, Acc(5): 97.00, F1: 0.23, Recall: 0.22, Precision: 0.24
2023-06-19 16:31:07,080 - AUGCON - INFO - Epoch [24/50]-(0/22) Loss: 1.3994, Acc(1): 25.00, Acc(5): 100.00
2023-06-19 16:31:07,080 - AUGCON - INFO - Epoch [24/50]-(5/22) Loss: 0.9882, Acc(1): 75.00, Acc(5): 100.00
2023-06-19 16:31:07,080 - AUGCON - INFO - Epoch [24/50]-(10/22) Loss: 0.3656, Acc(1): 100.00, Acc(5): 100.00
2023-06-19 16:31:07,081 - AUGCON - INFO - Epoch [24/50]-(15/22) Loss: 1.7134, Acc(1): 25.00, Acc(5): 75.00
2023-06-19 16:31:07,081 - AUGCON - INFO - Epoch [24/50]-(20/22) Loss: 0.4829, Acc(1): 75.00, Acc(5): 100.00
2023-06-19 16:31:07,081 - AUGCON - INFO - 	Validation Loss: 0.7655, Acc(1): 77.00, Acc(5): 98.00, F1: 0.23, Recall: 0.23, Precision: 0.23
2023-06-19 16:31:07,081 - AUGCON - INFO - Epoch [25/50]-(0/22) Loss: 0.0866, Acc(1): 100.00, Acc(5): 100.00
2023-06-19 16:31:07,081 - AUGCON - INFO - Epoch [25/50]-(5/22) Loss: 0.8140, Acc(1): 75.00, Acc(5): 100.00
2023-06-19 16:31:07,081 - AUGCON - INFO - Epoch [25/50]-(10/22) Loss: 0.0740, Acc(1): 100.00, Acc(5): 100.00
2023-06-19 16:31:07,081 - AUGCON - INFO - Epoch [25/50]-(15/22) Loss: 0.9362, Acc(1): 50.00, Acc(5): 100.00
2023-06-19 16:31:07,081 - AUGCON - INFO - Epoch [25/50]-(20/22) Loss: 1.1851, Acc(1): 75.00, Acc(5): 75.00
2023-06-19 16:31:07,081 - AUGCON - INFO - 	Validation Loss: 0.7949, Acc(1): 77.00, Acc(5): 96.00, F1: 0.23, Recall: 0.23, Precision: 0.22
2023-06-19 16:31:07,081 - AUGCON - INFO - Epoch [26/50]-(0/22) Loss: 1.2404, Acc(1): 25.00, Acc(5): 100.00
2023-06-19 16:31:07,081 - AUGCON - INFO - Epoch [26/50]-(5/22) Loss: 0.8989, Acc(1): 50.00, Acc(5): 100.00
2023-06-19 16:31:07,081 - AUGCON - INFO - Epoch [26/50]-(10/22) Loss: 0.6492, Acc(1): 75.00, Acc(5): 100.00
2023-06-19 16:31:07,081 - AUGCON - INFO - Epoch [26/50]-(15/22) Loss: 0.3112, Acc(1): 100.00, Acc(5): 100.00
2023-06-19 16:31:07,081 - AUGCON - INFO - Epoch [26/50]-(20/22) Loss: 0.6053, Acc(1): 75.00, Acc(5): 100.00
2023-06-19 16:31:07,081 - AUGCON - INFO - 	Validation Loss: 0.8029, Acc(1): 71.00, Acc(5): 97.00, F1: 0.21, Recall: 0.23, Precision: 0.19
2023-06-19 16:31:07,081 - AUGCON - INFO - Epoch [27/50]-(0/22) Loss: 0.4408, Acc(1): 75.00, Acc(5): 100.00
2023-06-19 16:31:07,081 - AUGCON - INFO - Epoch [27/50]-(5/22) Loss: 0.7108, Acc(1): 100.00, Acc(5): 100.00
2023-06-19 16:31:07,082 - AUGCON - INFO - Epoch [27/50]-(10/22) Loss: 0.9058, Acc(1): 50.00, Acc(5): 100.00
2023-06-19 16:31:07,082 - AUGCON - INFO - Epoch [27/50]-(15/22) Loss: 0.2854, Acc(1): 100.00, Acc(5): 100.00
2023-06-19 16:31:07,082 - AUGCON - INFO - Epoch [27/50]-(20/22) Loss: 0.8970, Acc(1): 75.00, Acc(5): 100.00
2023-06-19 16:31:07,082 - AUGCON - INFO - 	Validation Loss: 0.8242, Acc(1): 69.00, Acc(5): 98.00, F1: 0.20, Recall: 0.22, Precision: 0.19
2023-06-19 16:31:07,082 - AUGCON - INFO - Epoch [28/50]-(0/22) Loss: 0.8902, Acc(1): 50.00, Acc(5): 100.00
2023-06-19 16:31:07,082 - AUGCON - INFO - Epoch [28/50]-(5/22) Loss: 1.2505, Acc(1): 50.00, Acc(5): 75.00
2023-06-19 16:31:07,082 - AUGCON - INFO - Epoch [28/50]-(10/22) Loss: 0.8869, Acc(1): 50.00, Acc(5): 100.00
2023-06-19 16:31:07,082 - AUGCON - INFO - Epoch [28/50]-(15/22) Loss: 0.5022, Acc(1): 100.00, Acc(5): 100.00
2023-06-19 16:31:07,082 - AUGCON - INFO - Epoch [28/50]-(20/22) Loss: 0.8128, Acc(1): 75.00, Acc(5): 100.00
2023-06-19 16:31:07,082 - AUGCON - INFO - 	Validation Loss: 0.7839, Acc(1): 83.00, Acc(5): 98.00, F1: 0.24, Recall: 0.23, Precision: 0.25
2023-06-19 16:31:07,082 - AUGCON - INFO - Epoch [29/50]-(0/22) Loss: 0.4276, Acc(1): 100.00, Acc(5): 100.00
2023-06-19 16:31:07,082 - AUGCON - INFO - Epoch [29/50]-(5/22) Loss: 0.4283, Acc(1): 100.00, Acc(5): 100.00
2023-06-19 16:31:07,082 - AUGCON - INFO - Epoch [29/50]-(10/22) Loss: 0.9198, Acc(1): 50.00, Acc(5): 100.00
2023-06-19 16:31:07,082 - AUGCON - INFO - Epoch [29/50]-(15/22) Loss: 0.7253, Acc(1): 50.00, Acc(5): 100.00
2023-06-19 16:31:07,082 - AUGCON - INFO - Epoch [29/50]-(20/22) Loss: 0.4476, Acc(1): 100.00, Acc(5): 100.00
2023-06-19 16:31:07,082 - AUGCON - INFO - 	Validation Loss: 0.8154, Acc(1): 69.00, Acc(5): 97.00, F1: 0.21, Recall: 0.22, Precision: 0.19
2023-06-19 16:31:07,083 - AUGCON - INFO - Epoch [30/50]-(0/22) Loss: 0.5320, Acc(1): 75.00, Acc(5): 100.00
2023-06-19 16:31:07,083 - AUGCON - INFO - Epoch [30/50]-(5/22) Loss: 0.4616, Acc(1): 75.00, Acc(5): 100.00
2023-06-19 16:31:07,083 - AUGCON - INFO - Epoch [30/50]-(10/22) Loss: 0.8343, Acc(1): 75.00, Acc(5): 100.00
2023-06-19 16:31:07,083 - AUGCON - INFO - Epoch [30/50]-(15/22) Loss: 0.4614, Acc(1): 100.00, Acc(5): 100.00
2023-06-19 16:31:07,083 - AUGCON - INFO - Epoch [30/50]-(20/22) Loss: 0.6187, Acc(1): 75.00, Acc(5): 100.00
2023-06-19 16:31:07,083 - AUGCON - INFO - 	Validation Loss: 0.7631, Acc(1): 77.00, Acc(5): 97.00, F1: 0.23, Recall: 0.22, Precision: 0.24
2023-06-19 16:31:07,083 - AUGCON - INFO - Epoch [31/50]-(0/22) Loss: 0.3222, Acc(1): 100.00, Acc(5): 100.00
2023-06-19 16:31:07,083 - AUGCON - INFO - Epoch [31/50]-(5/22) Loss: 0.4619, Acc(1): 75.00, Acc(5): 100.00
2023-06-19 16:31:07,083 - AUGCON - INFO - Epoch [31/50]-(10/22) Loss: 1.2395, Acc(1): 50.00, Acc(5): 100.00
2023-06-19 16:31:07,083 - AUGCON - INFO - Epoch [31/50]-(15/22) Loss: 0.2545, Acc(1): 100.00, Acc(5): 100.00
2023-06-19 16:31:07,083 - AUGCON - INFO - Epoch [31/50]-(20/22) Loss: 0.3925, Acc(1): 100.00, Acc(5): 100.00
2023-06-19 16:31:07,083 - AUGCON - INFO - 	Validation Loss: 0.7385, Acc(1): 79.00, Acc(5): 99.00, F1: 0.22, Recall: 0.23, Precision: 0.22
2023-06-19 16:31:07,083 - AUGCON - INFO - Epoch [32/50]-(0/22) Loss: 0.8915, Acc(1): 50.00, Acc(5): 100.00
2023-06-19 16:31:07,083 - AUGCON - INFO - Epoch [32/50]-(5/22) Loss: 0.6698, Acc(1): 100.00, Acc(5): 100.00
2023-06-19 16:31:07,083 - AUGCON - INFO - Epoch [32/50]-(10/22) Loss: 0.7392, Acc(1): 75.00, Acc(5): 100.00
2023-06-19 16:31:07,084 - AUGCON - INFO - Epoch [32/50]-(15/22) Loss: 0.9617, Acc(1): 50.00, Acc(5): 100.00
2023-06-19 16:31:07,084 - AUGCON - INFO - Epoch [32/50]-(20/22) Loss: 0.4715, Acc(1): 75.00, Acc(5): 100.00
2023-06-19 16:31:07,084 - AUGCON - INFO - 	Validation Loss: 0.7691, Acc(1): 79.00, Acc(5): 98.00, F1: 0.22, Recall: 0.23, Precision: 0.21
2023-06-19 16:31:07,084 - AUGCON - INFO - Epoch [33/50]-(0/22) Loss: 0.1512, Acc(1): 100.00, Acc(5): 100.00
2023-06-19 16:31:07,084 - AUGCON - INFO - Epoch [33/50]-(5/22) Loss: 0.4759, Acc(1): 100.00, Acc(5): 100.00
2023-06-19 16:31:07,084 - AUGCON - INFO - Epoch [33/50]-(10/22) Loss: 1.4587, Acc(1): 50.00, Acc(5): 100.00
2023-06-19 16:31:07,084 - AUGCON - INFO - Epoch [33/50]-(15/22) Loss: 0.1916, Acc(1): 100.00, Acc(5): 100.00
2023-06-19 16:31:07,084 - AUGCON - INFO - Epoch [33/50]-(20/22) Loss: 0.6194, Acc(1): 75.00, Acc(5): 100.00
2023-06-19 16:31:07,084 - AUGCON - INFO - 	Validation Loss: 0.7623, Acc(1): 79.00, Acc(5): 96.00, F1: 0.23, Recall: 0.23, Precision: 0.23
2023-06-19 16:31:07,084 - AUGCON - INFO - Epoch [34/50]-(0/22) Loss: 1.2294, Acc(1): 25.00, Acc(5): 100.00
2023-06-19 16:31:07,084 - AUGCON - INFO - Epoch [34/50]-(5/22) Loss: 0.5489, Acc(1): 100.00, Acc(5): 100.00
2023-06-19 16:31:07,084 - AUGCON - INFO - Epoch [34/50]-(10/22) Loss: 0.4722, Acc(1): 100.00, Acc(5): 100.00
2023-06-19 16:31:07,084 - AUGCON - INFO - Epoch [34/50]-(15/22) Loss: 1.1592, Acc(1): 50.00, Acc(5): 100.00
2023-06-19 16:31:07,084 - AUGCON - INFO - Epoch [34/50]-(20/22) Loss: 0.1976, Acc(1): 100.00, Acc(5): 100.00
2023-06-19 16:31:07,085 - AUGCON - INFO - 	Validation Loss: 0.7444, Acc(1): 80.00, Acc(5): 97.00, F1: 0.23, Recall: 0.23, Precision: 0.23
2023-06-19 16:31:07,085 - AUGCON - INFO - Epoch [35/50]-(0/22) Loss: 0.3681, Acc(1): 100.00, Acc(5): 100.00
2023-06-19 16:31:07,085 - AUGCON - INFO - Epoch [35/50]-(5/22) Loss: 0.4307, Acc(1): 75.00, Acc(5): 100.00
2023-06-19 16:31:07,085 - AUGCON - INFO - Epoch [35/50]-(10/22) Loss: 1.1238, Acc(1): 50.00, Acc(5): 100.00
2023-06-19 16:31:07,085 - AUGCON - INFO - Epoch [35/50]-(15/22) Loss: 0.7283, Acc(1): 75.00, Acc(5): 100.00
2023-06-19 16:31:07,085 - AUGCON - INFO - Epoch [35/50]-(20/22) Loss: 0.4099, Acc(1): 100.00, Acc(5): 100.00
2023-06-19 16:31:07,085 - AUGCON - INFO - 	Validation Loss: 0.7268, Acc(1): 80.00, Acc(5): 98.00, F1: 0.23, Recall: 0.23, Precision: 0.23
2023-06-19 16:31:07,085 - AUGCON - INFO - Epoch [36/50]-(0/22) Loss: 0.6580, Acc(1): 100.00, Acc(5): 100.00
2023-06-19 16:31:07,085 - AUGCON - INFO - Epoch [36/50]-(5/22) Loss: 0.4205, Acc(1): 75.00, Acc(5): 100.00
2023-06-19 16:31:07,085 - AUGCON - INFO - Epoch [36/50]-(10/22) Loss: 0.5965, Acc(1): 75.00, Acc(5): 100.00
2023-06-19 16:31:07,085 - AUGCON - INFO - Epoch [36/50]-(15/22) Loss: 0.9683, Acc(1): 50.00, Acc(5): 100.00
2023-06-19 16:31:07,085 - AUGCON - INFO - Epoch [36/50]-(20/22) Loss: 0.7653, Acc(1): 75.00, Acc(5): 100.00
2023-06-19 16:31:07,085 - AUGCON - INFO - 	Validation Loss: 0.8283, Acc(1): 71.00, Acc(5): 95.00, F1: 0.21, Recall: 0.22, Precision: 0.19
2023-06-19 16:31:07,085 - AUGCON - INFO - Epoch [37/50]-(0/22) Loss: 0.5001, Acc(1): 75.00, Acc(5): 100.00
2023-06-19 16:31:07,085 - AUGCON - INFO - Epoch [37/50]-(5/22) Loss: 0.7675, Acc(1): 75.00, Acc(5): 100.00
2023-06-19 16:31:07,085 - AUGCON - INFO - Epoch [37/50]-(10/22) Loss: 0.1543, Acc(1): 100.00, Acc(5): 100.00
2023-06-19 16:31:07,086 - AUGCON - INFO - Epoch [37/50]-(15/22) Loss: 0.2355, Acc(1): 100.00, Acc(5): 100.00
2023-06-19 16:31:07,086 - AUGCON - INFO - Epoch [37/50]-(20/22) Loss: 1.1430, Acc(1): 75.00, Acc(5): 100.00
2023-06-19 16:31:07,086 - AUGCON - INFO - 	Validation Loss: 0.7287, Acc(1): 82.00, Acc(5): 99.00, F1: 0.23, Recall: 0.23, Precision: 0.23
2023-06-19 16:31:07,086 - AUGCON - INFO - Epoch [38/50]-(0/22) Loss: 0.5650, Acc(1): 100.00, Acc(5): 100.00
2023-06-19 16:31:07,086 - AUGCON - INFO - Epoch [38/50]-(5/22) Loss: 0.6797, Acc(1): 75.00, Acc(5): 100.00
2023-06-19 16:31:07,086 - AUGCON - INFO - Epoch [38/50]-(10/22) Loss: 0.6797, Acc(1): 75.00, Acc(5): 100.00
2023-06-19 16:31:07,086 - AUGCON - INFO - Epoch [38/50]-(15/22) Loss: 1.1461, Acc(1): 50.00, Acc(5): 100.00
2023-06-19 16:31:07,086 - AUGCON - INFO - Epoch [38/50]-(20/22) Loss: 0.6670, Acc(1): 75.00, Acc(5): 100.00
2023-06-19 16:31:07,086 - AUGCON - INFO - 	Validation Loss: 0.7459, Acc(1): 77.00, Acc(5): 97.00, F1: 0.22, Recall: 0.23, Precision: 0.21
2023-06-19 16:31:07,086 - AUGCON - INFO - Epoch [39/50]-(0/22) Loss: 0.6525, Acc(1): 75.00, Acc(5): 100.00
2023-06-19 16:31:07,086 - AUGCON - INFO - Epoch [39/50]-(5/22) Loss: 1.2007, Acc(1): 50.00, Acc(5): 100.00
2023-06-19 16:31:07,086 - AUGCON - INFO - Epoch [39/50]-(10/22) Loss: 0.8532, Acc(1): 50.00, Acc(5): 100.00
2023-06-19 16:31:07,086 - AUGCON - INFO - Epoch [39/50]-(15/22) Loss: 0.5578, Acc(1): 75.00, Acc(5): 100.00
2023-06-19 16:31:07,086 - AUGCON - INFO - Epoch [39/50]-(20/22) Loss: 0.7984, Acc(1): 50.00, Acc(5): 100.00
2023-06-19 16:31:07,086 - AUGCON - INFO - 	Validation Loss: 0.7047, Acc(1): 81.00, Acc(5): 99.00, F1: 0.23, Recall: 0.23, Precision: 0.23
2023-06-19 16:31:07,087 - AUGCON - INFO - Epoch [40/50]-(0/22) Loss: 0.6664, Acc(1): 100.00, Acc(5): 100.00
2023-06-19 16:31:07,087 - AUGCON - INFO - Epoch [40/50]-(5/22) Loss: 0.3246, Acc(1): 100.00, Acc(5): 100.00
2023-06-19 16:31:07,087 - AUGCON - INFO - Epoch [40/50]-(10/22) Loss: 1.1143, Acc(1): 50.00, Acc(5): 100.00
2023-06-19 16:31:07,087 - AUGCON - INFO - Epoch [40/50]-(15/22) Loss: 1.1319, Acc(1): 50.00, Acc(5): 100.00
2023-06-19 16:31:07,087 - AUGCON - INFO - Epoch [40/50]-(20/22) Loss: 0.9069, Acc(1): 75.00, Acc(5): 100.00
2023-06-19 16:31:07,087 - AUGCON - INFO - 	Validation Loss: 0.7676, Acc(1): 70.00, Acc(5): 97.00, F1: 0.21, Recall: 0.22, Precision: 0.19
2023-06-19 16:31:07,087 - AUGCON - INFO - Epoch [41/50]-(0/22) Loss: 0.6555, Acc(1): 75.00, Acc(5): 100.00
2023-06-19 16:31:07,087 - AUGCON - INFO - Epoch [41/50]-(5/22) Loss: 0.7887, Acc(1): 75.00, Acc(5): 100.00
2023-06-19 16:31:07,087 - AUGCON - INFO - Epoch [41/50]-(10/22) Loss: 0.7875, Acc(1): 75.00, Acc(5): 100.00
2023-06-19 16:31:07,087 - AUGCON - INFO - Epoch [41/50]-(15/22) Loss: 0.2116, Acc(1): 100.00, Acc(5): 100.00
2023-06-19 16:31:07,087 - AUGCON - INFO - Epoch [41/50]-(20/22) Loss: 0.2999, Acc(1): 100.00, Acc(5): 100.00
2023-06-19 16:31:07,087 - AUGCON - INFO - 	Validation Loss: 0.7027, Acc(1): 80.00, Acc(5): 99.00, F1: 0.23, Recall: 0.22, Precision: 0.24
2023-06-19 16:31:07,087 - AUGCON - INFO - Epoch [42/50]-(0/22) Loss: 1.2537, Acc(1): 50.00, Acc(5): 75.00
2023-06-19 16:31:07,087 - AUGCON - INFO - Epoch [42/50]-(5/22) Loss: 0.6646, Acc(1): 75.00, Acc(5): 100.00
2023-06-19 16:31:07,087 - AUGCON - INFO - Epoch [42/50]-(10/22) Loss: 0.8468, Acc(1): 50.00, Acc(5): 100.00
2023-06-19 16:31:07,087 - AUGCON - INFO - Epoch [42/50]-(15/22) Loss: 1.2944, Acc(1): 25.00, Acc(5): 100.00
2023-06-19 16:31:07,087 - AUGCON - INFO - Epoch [42/50]-(20/22) Loss: 0.7542, Acc(1): 75.00, Acc(5): 100.00
2023-06-19 16:31:07,088 - AUGCON - INFO - 	Validation Loss: 0.7029, Acc(1): 84.00, Acc(5): 99.00, F1: 0.24, Recall: 0.24, Precision: 0.25
2023-06-19 16:31:07,088 - AUGCON - INFO - Epoch [43/50]-(0/22) Loss: 0.2100, Acc(1): 100.00, Acc(5): 100.00
2023-06-19 16:31:07,088 - AUGCON - INFO - Epoch [43/50]-(5/22) Loss: 0.1891, Acc(1): 100.00, Acc(5): 100.00
2023-06-19 16:31:07,088 - AUGCON - INFO - Epoch [43/50]-(10/22) Loss: 0.8451, Acc(1): 75.00, Acc(5): 100.00
2023-06-19 16:31:07,088 - AUGCON - INFO - Epoch [43/50]-(15/22) Loss: 0.7459, Acc(1): 75.00, Acc(5): 100.00
2023-06-19 16:31:07,088 - AUGCON - INFO - Epoch [43/50]-(20/22) Loss: 0.2051, Acc(1): 100.00, Acc(5): 100.00
2023-06-19 16:31:07,088 - AUGCON - INFO - 	Validation Loss: 0.7103, Acc(1): 82.00, Acc(5): 97.00, F1: 0.23, Recall: 0.22, Precision: 0.24
2023-06-19 16:31:07,088 - AUGCON - INFO - Epoch [44/50]-(0/22) Loss: 0.5208, Acc(1): 75.00, Acc(5): 100.00
2023-06-19 16:31:07,088 - AUGCON - INFO - Epoch [44/50]-(5/22) Loss: 0.6136, Acc(1): 100.00, Acc(5): 100.00
2023-06-19 16:31:07,088 - AUGCON - INFO - Epoch [44/50]-(10/22) Loss: 0.4933, Acc(1): 75.00, Acc(5): 100.00
2023-06-19 16:31:07,088 - AUGCON - INFO - Epoch [44/50]-(15/22) Loss: 0.5202, Acc(1): 100.00, Acc(5): 100.00
2023-06-19 16:31:07,088 - AUGCON - INFO - Epoch [44/50]-(20/22) Loss: 0.3760, Acc(1): 100.00, Acc(5): 100.00
2023-06-19 16:31:07,088 - AUGCON - INFO - 	Validation Loss: 0.7360, Acc(1): 78.00, Acc(5): 99.00, F1: 0.22, Recall: 0.23, Precision: 0.21
2023-06-19 16:31:07,088 - AUGCON - INFO - Epoch [45/50]-(0/22) Loss: 0.0545, Acc(1): 100.00, Acc(5): 100.00
2023-06-19 16:31:07,088 - AUGCON - INFO - Epoch [45/50]-(5/22) Loss: 0.5340, Acc(1): 75.00, Acc(5): 100.00
2023-06-19 16:31:07,088 - AUGCON - INFO - Epoch [45/50]-(10/22) Loss: 0.2630, Acc(1): 100.00, Acc(5): 100.00
2023-06-19 16:31:07,089 - AUGCON - INFO - Epoch [45/50]-(15/22) Loss: 0.9650, Acc(1): 75.00, Acc(5): 100.00
2023-06-19 16:31:07,089 - AUGCON - INFO - Epoch [45/50]-(20/22) Loss: 0.3312, Acc(1): 75.00, Acc(5): 100.00
2023-06-19 16:31:07,089 - AUGCON - INFO - 	Validation Loss: 0.7128, Acc(1): 81.00, Acc(5): 97.00, F1: 0.23, Recall: 0.22, Precision: 0.25
2023-06-19 16:31:07,089 - AUGCON - INFO - Epoch [46/50]-(0/22) Loss: 0.3778, Acc(1): 100.00, Acc(5): 100.00
2023-06-19 16:31:07,089 - AUGCON - INFO - Epoch [46/50]-(5/22) Loss: 0.4464, Acc(1): 100.00, Acc(5): 100.00
2023-06-19 16:31:07,089 - AUGCON - INFO - Epoch [46/50]-(10/22) Loss: 0.5441, Acc(1): 75.00, Acc(5): 100.00
2023-06-19 16:31:07,089 - AUGCON - INFO - Epoch [46/50]-(15/22) Loss: 0.6207, Acc(1): 75.00, Acc(5): 100.00
2023-06-19 16:31:07,089 - AUGCON - INFO - Epoch [46/50]-(20/22) Loss: 0.9289, Acc(1): 75.00, Acc(5): 100.00
2023-06-19 16:31:07,089 - AUGCON - INFO - 	Validation Loss: 0.6832, Acc(1): 86.00, Acc(5): 99.00, F1: 0.24, Recall: 0.24, Precision: 0.23
2023-06-19 16:31:07,089 - AUGCON - INFO - Epoch [47/50]-(0/22) Loss: 0.5691, Acc(1): 75.00, Acc(5): 100.00
2023-06-19 16:31:07,089 - AUGCON - INFO - Epoch [47/50]-(5/22) Loss: 0.4623, Acc(1): 100.00, Acc(5): 100.00
2023-06-19 16:31:07,089 - AUGCON - INFO - Epoch [47/50]-(10/22) Loss: 0.8632, Acc(1): 75.00, Acc(5): 100.00
2023-06-19 16:31:07,089 - AUGCON - INFO - Epoch [47/50]-(15/22) Loss: 0.4116, Acc(1): 100.00, Acc(5): 100.00
2023-06-19 16:31:07,089 - AUGCON - INFO - Epoch [47/50]-(20/22) Loss: 0.6143, Acc(1): 75.00, Acc(5): 100.00
2023-06-19 16:31:07,089 - AUGCON - INFO - 	Validation Loss: 0.6939, Acc(1): 85.00, Acc(5): 98.00, F1: 0.24, Recall: 0.23, Precision: 0.25
2023-06-19 16:31:07,090 - AUGCON - INFO - Epoch [48/50]-(0/22) Loss: 0.2767, Acc(1): 100.00, Acc(5): 100.00
2023-06-19 16:31:07,090 - AUGCON - INFO - Epoch [48/50]-(5/22) Loss: 0.4378, Acc(1): 100.00, Acc(5): 100.00
2023-06-19 16:31:07,090 - AUGCON - INFO - Epoch [48/50]-(10/22) Loss: 0.9294, Acc(1): 50.00, Acc(5): 100.00
2023-06-19 16:31:07,090 - AUGCON - INFO - Epoch [48/50]-(15/22) Loss: 0.3374, Acc(1): 100.00, Acc(5): 100.00
2023-06-19 16:31:07,090 - AUGCON - INFO - Epoch [48/50]-(20/22) Loss: 1.2815, Acc(1): 75.00, Acc(5): 75.00
2023-06-19 16:31:07,090 - AUGCON - INFO - 	Validation Loss: 0.7256, Acc(1): 76.00, Acc(5): 100.00, F1: 0.22, Recall: 0.23, Precision: 0.21
2023-06-19 16:31:07,090 - AUGCON - INFO - Epoch [49/50]-(0/22) Loss: 0.7778, Acc(1): 75.00, Acc(5): 100.00
2023-06-19 16:31:07,090 - AUGCON - INFO - Epoch [49/50]-(5/22) Loss: 0.6363, Acc(1): 75.00, Acc(5): 100.00
2023-06-19 16:31:07,090 - AUGCON - INFO - Epoch [49/50]-(10/22) Loss: 0.5616, Acc(1): 75.00, Acc(5): 100.00
2023-06-19 16:31:07,090 - AUGCON - INFO - Epoch [49/50]-(15/22) Loss: 1.1718, Acc(1): 50.00, Acc(5): 100.00
2023-06-19 16:31:07,090 - AUGCON - INFO - Epoch [49/50]-(20/22) Loss: 0.0787, Acc(1): 100.00, Acc(5): 100.00
2023-06-19 16:31:07,090 - AUGCON - INFO - 	Validation Loss: 0.7050, Acc(1): 82.00, Acc(5): 99.00, F1: 0.23, Recall: 0.23, Precision: 0.23
2023-06-19 16:31:07,090 - AUGCON - INFO - Epoch [50/50]-(0/22) Loss: 0.6418, Acc(1): 75.00, Acc(5): 100.00
2023-06-19 16:31:07,090 - AUGCON - INFO - Epoch [50/50]-(5/22) Loss: 0.4644, Acc(1): 100.00, Acc(5): 100.00
2023-06-19 16:31:07,090 - AUGCON - INFO - Epoch [50/50]-(10/22) Loss: 0.5086, Acc(1): 75.00, Acc(5): 100.00
2023-06-19 16:31:07,090 - AUGCON - INFO - Epoch [50/50]-(15/22) Loss: 0.2757, Acc(1): 100.00, Acc(5): 100.00
2023-06-19 16:31:07,090 - AUGCON - INFO - Epoch [50/50]-(20/22) Loss: 0.9367, Acc(1): 75.00, Acc(5): 100.00
2023-06-19 16:31:07,091 - AUGCON - INFO - 	Validation Loss: 0.7104, Acc(1): 80.00, Acc(5): 99.00, F1: 0.23, Recall: 0.22, Precision: 0.23
2023-06-19 16:31:07,091 - AUGCON - INFO - 	Validation Loss: 0.7608, Acc(1): 78.33, Acc(5): 99.00, F1: 0.19, Recall: 0.19, Precision: 0.18
