2023-06-19 16:39:16,457 - AUGCON - INFO - logger initialized (/home/hjyoon/projects/augcon/config/exp0/finetune_da_true/without_target_domain_PH0034-ykha/cpc_random_8421/tgt_target_domain_PH0014-wjlee_seed0.yaml.log)
2023-06-19 16:39:16,457 - AUGCON - INFO - ================= Config =================
2023-06-19 16:39:16,457 - AUGCON - INFO -   mode: finetune
2023-06-19 16:39:16,457 - AUGCON - INFO -   seed: 0
2023-06-19 16:39:16,457 - AUGCON - INFO -   gpu: [3]
2023-06-19 16:39:16,457 - AUGCON - INFO -   num_workers: 1
2023-06-19 16:39:16,458 - AUGCON - INFO -   dist_url: tcp://localhost:10001
2023-06-19 16:39:16,458 - AUGCON - INFO -   dataset_name: ichar
2023-06-19 16:39:16,458 - AUGCON - INFO -   train_dataset_path: /mnt/sting/hjyoon/projects/cross/ICHAR/augcon/target_domain_PH0014-wjlee/finetune/10shot/target/train.pkl
2023-06-19 16:39:16,458 - AUGCON - INFO -   test_dataset_path: /mnt/sting/hjyoon/projects/cross/ICHAR/augcon/target_domain_PH0014-wjlee/finetune/10shot/target/test.pkl
2023-06-19 16:39:16,458 - AUGCON - INFO -   val_dataset_path: /mnt/sting/hjyoon/projects/cross/ICHAR/augcon/target_domain_PH0014-wjlee/finetune/10shot/target/val.pkl
2023-06-19 16:39:16,458 - AUGCON - INFO -   input_channels: 3
2023-06-19 16:39:16,458 - AUGCON - INFO -   num_cls: 9
2023-06-19 16:39:16,458 - AUGCON - INFO -   optimizer: adam
2023-06-19 16:39:16,458 - AUGCON - INFO -   criterion: crossentropy
2023-06-19 16:39:16,458 - AUGCON - INFO -   start_epoch: 0
2023-06-19 16:39:16,458 - AUGCON - INFO -   epochs: 50
2023-06-19 16:39:16,458 - AUGCON - INFO -   batch_size: 4
2023-06-19 16:39:16,458 - AUGCON - INFO -   lr: 0.001
2023-06-19 16:39:16,458 - AUGCON - INFO -   wd: 0.0
2023-06-19 16:39:16,458 - AUGCON - INFO -   resume: 
2023-06-19 16:39:16,458 - AUGCON - INFO -   pretrained: /mnt/sting/hjyoon/projects/augcontrast/models/exp0/pretrain/without_target_domain_PH0034-ykha/cpc_random_8421//checkpoint_0099.pth.tar
2023-06-19 16:39:16,458 - AUGCON - INFO -   ckpt_dir: /mnt/sting/hjyoon/projects/augcontrast/models/exp0/finetune_da_true/without_target_domain_PH0034-ykha/cpc_random_8421/tgt_target_domain_PH0014-wjlee_seed0
2023-06-19 16:39:16,458 - AUGCON - INFO -   log_freq: 5
2023-06-19 16:39:16,458 - AUGCON - INFO -   save_freq: 10
2023-06-19 16:39:16,458 - AUGCON - INFO -   pretext: metacpc
2023-06-19 16:39:16,458 - AUGCON - INFO -   enc_blocks: 4
2023-06-19 16:39:16,458 - AUGCON - INFO -   kernel_sizes: [8, 4, 2, 1]
2023-06-19 16:39:16,458 - AUGCON - INFO -   strides: [4, 2, 1, 1]
2023-06-19 16:39:16,458 - AUGCON - INFO -   agg_blocks: 5
2023-06-19 16:39:16,459 - AUGCON - INFO -   z_dim: 256
2023-06-19 16:39:16,459 - AUGCON - INFO -   pooling: mean
2023-06-19 16:39:16,459 - AUGCON - INFO -   pred_steps: 12
2023-06-19 16:39:16,459 - AUGCON - INFO -   n_negatives: 15
2023-06-19 16:39:16,459 - AUGCON - INFO -   offset: 4
2023-06-19 16:39:16,459 - AUGCON - INFO -   domain_adaptation: True
2023-06-19 16:39:16,459 - AUGCON - INFO -   task_steps: 10
2023-06-19 16:39:16,459 - AUGCON - INFO -   task_lr: 0.001
2023-06-19 16:39:16,459 - AUGCON - INFO -   reg_lambda: 0
2023-06-19 16:39:16,459 - AUGCON - INFO -   mlp: False
2023-06-19 16:39:16,459 - AUGCON - INFO -   freeze: True
2023-06-19 16:39:16,459 - AUGCON - INFO -   no_vars: True
2023-06-19 16:39:16,459 - AUGCON - INFO - ==========================================
2023-06-19 16:39:16,459 - AUGCON - INFO - Setting GPUs: [3]
2023-06-19 16:39:16,459 - AUGCON - INFO - GPUs [3] will be used
2023-06-19 16:39:16,460 - AUGCON - WARNING - You have chosen to seed training. 
2023-06-19 16:39:16,460 - AUGCON - WARNING - This will turn on the CUDNN deterministic setting, 
2023-06-19 16:39:16,460 - AUGCON - WARNING - which can slow down your training considerably! 
2023-06-19 16:39:16,460 - AUGCON - WARNING - You may see unexpected behavior when restarting 
2023-06-19 16:39:16,460 - AUGCON - WARNING - from checkpoints.
2023-06-19 16:39:16,528 - AUGCON - INFO - Executing MetaCPC
2023-06-19 16:39:16,529 - AUGCON - INFO - Logs are skipped during training
2023-06-19 16:39:36,462 - AUGCON - INFO - Single GPU is used for training - training 90 instances for each worker
2023-06-19 16:39:36,462 - AUGCON - INFO - Loading pretrained model from checkpoint - /mnt/sting/hjyoon/projects/augcontrast/models/exp0/pretrain/without_target_domain_PH0034-ykha/cpc_random_8421//checkpoint_0099.pth.tar
2023-06-19 16:39:36,462 - AUGCON - INFO - Missing keys: ['predictor.vars.0', 'predictor.vars.1']
2023-06-19 16:39:36,462 - AUGCON - INFO - Perform domain adaptation step
2023-06-19 16:39:36,462 - AUGCON - INFO - 	meta-train [0/10] Loss: 2.8739, Acc(1): 7.61, Acc(5): 35.32
2023-06-19 16:39:36,462 - AUGCON - INFO - 	meta-train [1/10] Loss: 2.8568, Acc(1): 7.62, Acc(5): 35.60
2023-06-19 16:39:36,462 - AUGCON - INFO - 	meta-train [2/10] Loss: 2.8491, Acc(1): 7.58, Acc(5): 36.29
2023-06-19 16:39:36,463 - AUGCON - INFO - 	meta-train [3/10] Loss: 2.8422, Acc(1): 7.66, Acc(5): 36.52
2023-06-19 16:39:36,463 - AUGCON - INFO - 	meta-train [4/10] Loss: 2.8217, Acc(1): 7.57, Acc(5): 36.72
2023-06-19 16:39:36,463 - AUGCON - INFO - 	meta-train [5/10] Loss: 2.8224, Acc(1): 7.65, Acc(5): 37.51
2023-06-19 16:39:36,463 - AUGCON - INFO - 	meta-train [6/10] Loss: 2.8226, Acc(1): 8.06, Acc(5): 37.78
2023-06-19 16:39:36,463 - AUGCON - INFO - 	meta-train [7/10] Loss: 2.8202, Acc(1): 8.00, Acc(5): 37.51
2023-06-19 16:39:36,463 - AUGCON - INFO - 	meta-train [8/10] Loss: 2.7988, Acc(1): 8.09, Acc(5): 38.38
2023-06-19 16:39:36,463 - AUGCON - INFO - 	meta-train [9/10] Loss: 2.7994, Acc(1): 8.14, Acc(5): 38.11
2023-06-19 16:39:36,463 - AUGCON - INFO - Loading encoder parameters to the classifier
2023-06-19 16:39:36,463 - AUGCON - INFO - Missing keys: ['classifier.block.0.weight', 'classifier.block.0.bias']
2023-06-19 16:39:36,463 - AUGCON - INFO - Epoch [1/50]-(0/22) Loss: 1.9646, Acc(1): 25.00, Acc(5): 100.00
2023-06-19 16:39:36,464 - AUGCON - INFO - Epoch [1/50]-(5/22) Loss: 2.0097, Acc(1): 50.00, Acc(5): 50.00
2023-06-19 16:39:36,464 - AUGCON - INFO - Epoch [1/50]-(10/22) Loss: 2.4781, Acc(1): 0.00, Acc(5): 75.00
2023-06-19 16:39:36,464 - AUGCON - INFO - Epoch [1/50]-(15/22) Loss: 1.9454, Acc(1): 50.00, Acc(5): 75.00
2023-06-19 16:39:36,464 - AUGCON - INFO - Epoch [1/50]-(20/22) Loss: 2.3169, Acc(1): 0.00, Acc(5): 50.00
2023-06-19 16:39:36,464 - AUGCON - INFO - 	Validation Loss: 1.6691, Acc(1): 41.00, Acc(5): 98.00, F1: 0.11, Recall: 0.08, Precision: 0.20
2023-06-19 16:39:36,464 - AUGCON - INFO - Epoch [2/50]-(0/22) Loss: 1.7179, Acc(1): 75.00, Acc(5): 75.00
2023-06-19 16:39:36,464 - AUGCON - INFO - Epoch [2/50]-(5/22) Loss: 2.2745, Acc(1): 0.00, Acc(5): 75.00
2023-06-19 16:39:36,464 - AUGCON - INFO - Epoch [2/50]-(10/22) Loss: 1.5001, Acc(1): 50.00, Acc(5): 100.00
2023-06-19 16:39:36,464 - AUGCON - INFO - Epoch [2/50]-(15/22) Loss: 1.6762, Acc(1): 25.00, Acc(5): 75.00
2023-06-19 16:39:36,464 - AUGCON - INFO - Epoch [2/50]-(20/22) Loss: 2.1819, Acc(1): 0.00, Acc(5): 100.00
2023-06-19 16:39:36,464 - AUGCON - INFO - 	Validation Loss: 1.5293, Acc(1): 49.00, Acc(5): 94.00, F1: 0.12, Recall: 0.11, Precision: 0.13
2023-06-19 16:39:36,464 - AUGCON - INFO - Epoch [3/50]-(0/22) Loss: 1.3242, Acc(1): 50.00, Acc(5): 100.00
2023-06-19 16:39:36,465 - AUGCON - INFO - Epoch [3/50]-(5/22) Loss: 1.4316, Acc(1): 50.00, Acc(5): 100.00
2023-06-19 16:39:36,465 - AUGCON - INFO - Epoch [3/50]-(10/22) Loss: 1.5826, Acc(1): 25.00, Acc(5): 100.00
2023-06-19 16:39:36,465 - AUGCON - INFO - Epoch [3/50]-(15/22) Loss: 1.0843, Acc(1): 75.00, Acc(5): 100.00
2023-06-19 16:39:36,465 - AUGCON - INFO - Epoch [3/50]-(20/22) Loss: 1.5787, Acc(1): 25.00, Acc(5): 100.00
2023-06-19 16:39:36,465 - AUGCON - INFO - 	Validation Loss: 1.4005, Acc(1): 52.00, Acc(5): 98.00, F1: 0.11, Recall: 0.12, Precision: 0.11
2023-06-19 16:39:36,465 - AUGCON - INFO - Epoch [4/50]-(0/22) Loss: 1.2800, Acc(1): 75.00, Acc(5): 100.00
2023-06-19 16:39:36,465 - AUGCON - INFO - Epoch [4/50]-(5/22) Loss: 1.2180, Acc(1): 50.00, Acc(5): 100.00
2023-06-19 16:39:36,465 - AUGCON - INFO - Epoch [4/50]-(10/22) Loss: 1.9423, Acc(1): 25.00, Acc(5): 100.00
2023-06-19 16:39:36,465 - AUGCON - INFO - Epoch [4/50]-(15/22) Loss: 1.4793, Acc(1): 25.00, Acc(5): 100.00
2023-06-19 16:39:36,465 - AUGCON - INFO - Epoch [4/50]-(20/22) Loss: 1.3230, Acc(1): 25.00, Acc(5): 100.00
2023-06-19 16:39:36,465 - AUGCON - INFO - 	Validation Loss: 1.3949, Acc(1): 54.00, Acc(5): 97.00, F1: 0.13, Recall: 0.13, Precision: 0.13
2023-06-19 16:39:36,466 - AUGCON - INFO - Epoch [5/50]-(0/22) Loss: 1.1559, Acc(1): 25.00, Acc(5): 100.00
2023-06-19 16:39:36,466 - AUGCON - INFO - Epoch [5/50]-(5/22) Loss: 1.2870, Acc(1): 50.00, Acc(5): 100.00
2023-06-19 16:39:36,466 - AUGCON - INFO - Epoch [5/50]-(10/22) Loss: 1.8189, Acc(1): 75.00, Acc(5): 100.00
2023-06-19 16:39:36,466 - AUGCON - INFO - Epoch [5/50]-(15/22) Loss: 1.0230, Acc(1): 75.00, Acc(5): 100.00
2023-06-19 16:39:36,466 - AUGCON - INFO - Epoch [5/50]-(20/22) Loss: 1.7704, Acc(1): 25.00, Acc(5): 100.00
2023-06-19 16:39:36,466 - AUGCON - INFO - 	Validation Loss: 1.3354, Acc(1): 55.00, Acc(5): 97.00, F1: 0.12, Recall: 0.10, Precision: 0.16
2023-06-19 16:39:36,466 - AUGCON - INFO - Epoch [6/50]-(0/22) Loss: 1.2329, Acc(1): 25.00, Acc(5): 100.00
2023-06-19 16:39:36,466 - AUGCON - INFO - Epoch [6/50]-(5/22) Loss: 1.3821, Acc(1): 75.00, Acc(5): 100.00
2023-06-19 16:39:36,467 - AUGCON - INFO - Epoch [6/50]-(10/22) Loss: 1.5651, Acc(1): 25.00, Acc(5): 100.00
2023-06-19 16:39:36,467 - AUGCON - INFO - Epoch [6/50]-(15/22) Loss: 1.3625, Acc(1): 50.00, Acc(5): 100.00
2023-06-19 16:39:36,467 - AUGCON - INFO - Epoch [6/50]-(20/22) Loss: 1.1811, Acc(1): 75.00, Acc(5): 100.00
2023-06-19 16:39:36,467 - AUGCON - INFO - 	Validation Loss: 1.2900, Acc(1): 60.00, Acc(5): 97.00, F1: 0.13, Recall: 0.12, Precision: 0.14
2023-06-19 16:39:36,467 - AUGCON - INFO - Epoch [7/50]-(0/22) Loss: 1.6332, Acc(1): 25.00, Acc(5): 100.00
2023-06-19 16:39:36,467 - AUGCON - INFO - Epoch [7/50]-(5/22) Loss: 1.4141, Acc(1): 50.00, Acc(5): 100.00
2023-06-19 16:39:36,468 - AUGCON - INFO - Epoch [7/50]-(10/22) Loss: 1.5783, Acc(1): 25.00, Acc(5): 100.00
2023-06-19 16:39:36,468 - AUGCON - INFO - Epoch [7/50]-(15/22) Loss: 0.9711, Acc(1): 50.00, Acc(5): 100.00
2023-06-19 16:39:36,468 - AUGCON - INFO - Epoch [7/50]-(20/22) Loss: 1.3357, Acc(1): 25.00, Acc(5): 100.00
2023-06-19 16:39:36,472 - AUGCON - INFO - 	Validation Loss: 1.2744, Acc(1): 63.00, Acc(5): 98.00, F1: 0.13, Recall: 0.12, Precision: 0.15
2023-06-19 16:39:36,472 - AUGCON - INFO - Epoch [8/50]-(0/22) Loss: 1.3190, Acc(1): 75.00, Acc(5): 100.00
2023-06-19 16:39:36,472 - AUGCON - INFO - Epoch [8/50]-(5/22) Loss: 0.6094, Acc(1): 50.00, Acc(5): 100.00
2023-06-19 16:39:36,472 - AUGCON - INFO - Epoch [8/50]-(10/22) Loss: 1.9926, Acc(1): 25.00, Acc(5): 75.00
2023-06-19 16:39:36,472 - AUGCON - INFO - Epoch [8/50]-(15/22) Loss: 1.3415, Acc(1): 75.00, Acc(5): 75.00
2023-06-19 16:39:36,472 - AUGCON - INFO - Epoch [8/50]-(20/22) Loss: 1.3173, Acc(1): 50.00, Acc(5): 100.00
2023-06-19 16:39:36,472 - AUGCON - INFO - 	Validation Loss: 1.2666, Acc(1): 63.00, Acc(5): 98.00, F1: 0.14, Recall: 0.12, Precision: 0.16
2023-06-19 16:39:36,473 - AUGCON - INFO - Epoch [9/50]-(0/22) Loss: 0.6131, Acc(1): 100.00, Acc(5): 100.00
2023-06-19 16:39:36,473 - AUGCON - INFO - Epoch [9/50]-(5/22) Loss: 2.0229, Acc(1): 25.00, Acc(5): 100.00
2023-06-19 16:39:36,473 - AUGCON - INFO - Epoch [9/50]-(10/22) Loss: 1.0031, Acc(1): 50.00, Acc(5): 100.00
2023-06-19 16:39:36,473 - AUGCON - INFO - Epoch [9/50]-(15/22) Loss: 2.0465, Acc(1): 25.00, Acc(5): 75.00
2023-06-19 16:39:36,473 - AUGCON - INFO - Epoch [9/50]-(20/22) Loss: 1.1623, Acc(1): 75.00, Acc(5): 100.00
2023-06-19 16:39:36,473 - AUGCON - INFO - 	Validation Loss: 1.2857, Acc(1): 53.00, Acc(5): 96.00, F1: 0.12, Recall: 0.12, Precision: 0.13
2023-06-19 16:39:36,473 - AUGCON - INFO - Epoch [10/50]-(0/22) Loss: 0.9089, Acc(1): 75.00, Acc(5): 100.00
2023-06-19 16:39:36,473 - AUGCON - INFO - Epoch [10/50]-(5/22) Loss: 1.5160, Acc(1): 0.00, Acc(5): 100.00
2023-06-19 16:39:36,473 - AUGCON - INFO - Epoch [10/50]-(10/22) Loss: 1.2659, Acc(1): 25.00, Acc(5): 100.00
2023-06-19 16:39:36,473 - AUGCON - INFO - Epoch [10/50]-(15/22) Loss: 0.6315, Acc(1): 100.00, Acc(5): 100.00
2023-06-19 16:39:36,473 - AUGCON - INFO - Epoch [10/50]-(20/22) Loss: 0.9466, Acc(1): 75.00, Acc(5): 100.00
2023-06-19 16:39:36,474 - AUGCON - INFO - 	Validation Loss: 1.2236, Acc(1): 61.00, Acc(5): 97.00, F1: 0.13, Recall: 0.12, Precision: 0.16
2023-06-19 16:39:36,474 - AUGCON - INFO - Epoch [11/50]-(0/22) Loss: 1.6570, Acc(1): 50.00, Acc(5): 100.00
2023-06-19 16:39:36,474 - AUGCON - INFO - Epoch [11/50]-(5/22) Loss: 0.8535, Acc(1): 75.00, Acc(5): 100.00
2023-06-19 16:39:36,474 - AUGCON - INFO - Epoch [11/50]-(10/22) Loss: 1.5146, Acc(1): 50.00, Acc(5): 75.00
2023-06-19 16:39:36,474 - AUGCON - INFO - Epoch [11/50]-(15/22) Loss: 1.9203, Acc(1): 25.00, Acc(5): 100.00
2023-06-19 16:39:36,474 - AUGCON - INFO - Epoch [11/50]-(20/22) Loss: 1.1454, Acc(1): 50.00, Acc(5): 100.00
2023-06-19 16:39:36,474 - AUGCON - INFO - 	Validation Loss: 1.2423, Acc(1): 59.00, Acc(5): 97.00, F1: 0.13, Recall: 0.13, Precision: 0.13
2023-06-19 16:39:36,474 - AUGCON - INFO - Epoch [12/50]-(0/22) Loss: 1.4574, Acc(1): 50.00, Acc(5): 100.00
2023-06-19 16:39:36,474 - AUGCON - INFO - Epoch [12/50]-(5/22) Loss: 1.0599, Acc(1): 50.00, Acc(5): 100.00
2023-06-19 16:39:36,474 - AUGCON - INFO - Epoch [12/50]-(10/22) Loss: 1.3131, Acc(1): 50.00, Acc(5): 100.00
2023-06-19 16:39:36,475 - AUGCON - INFO - Epoch [12/50]-(15/22) Loss: 0.7858, Acc(1): 100.00, Acc(5): 100.00
2023-06-19 16:39:36,475 - AUGCON - INFO - Epoch [12/50]-(20/22) Loss: 1.0335, Acc(1): 50.00, Acc(5): 100.00
2023-06-19 16:39:36,475 - AUGCON - INFO - 	Validation Loss: 1.2236, Acc(1): 60.00, Acc(5): 97.00, F1: 0.13, Recall: 0.11, Precision: 0.16
2023-06-19 16:39:36,475 - AUGCON - INFO - Epoch [13/50]-(0/22) Loss: 1.5278, Acc(1): 50.00, Acc(5): 100.00
2023-06-19 16:39:36,475 - AUGCON - INFO - Epoch [13/50]-(5/22) Loss: 0.6821, Acc(1): 100.00, Acc(5): 100.00
2023-06-19 16:39:36,475 - AUGCON - INFO - Epoch [13/50]-(10/22) Loss: 1.9084, Acc(1): 0.00, Acc(5): 75.00
2023-06-19 16:39:36,475 - AUGCON - INFO - Epoch [13/50]-(15/22) Loss: 0.7013, Acc(1): 100.00, Acc(5): 100.00
2023-06-19 16:39:36,475 - AUGCON - INFO - Epoch [13/50]-(20/22) Loss: 1.3334, Acc(1): 50.00, Acc(5): 100.00
2023-06-19 16:39:36,475 - AUGCON - INFO - 	Validation Loss: 1.2065, Acc(1): 59.00, Acc(5): 97.00, F1: 0.13, Recall: 0.12, Precision: 0.14
2023-06-19 16:39:36,475 - AUGCON - INFO - Epoch [14/50]-(0/22) Loss: 1.0325, Acc(1): 75.00, Acc(5): 100.00
2023-06-19 16:39:36,475 - AUGCON - INFO - Epoch [14/50]-(5/22) Loss: 1.1897, Acc(1): 50.00, Acc(5): 100.00
2023-06-19 16:39:36,475 - AUGCON - INFO - Epoch [14/50]-(10/22) Loss: 1.2457, Acc(1): 50.00, Acc(5): 100.00
2023-06-19 16:39:36,476 - AUGCON - INFO - Epoch [14/50]-(15/22) Loss: 0.9198, Acc(1): 75.00, Acc(5): 75.00
2023-06-19 16:39:36,476 - AUGCON - INFO - Epoch [14/50]-(20/22) Loss: 0.7448, Acc(1): 75.00, Acc(5): 100.00
2023-06-19 16:39:36,476 - AUGCON - INFO - 	Validation Loss: 1.2017, Acc(1): 61.00, Acc(5): 98.00, F1: 0.13, Recall: 0.12, Precision: 0.15
2023-06-19 16:39:36,476 - AUGCON - INFO - Epoch [15/50]-(0/22) Loss: 0.5888, Acc(1): 75.00, Acc(5): 100.00
2023-06-19 16:39:36,476 - AUGCON - INFO - Epoch [15/50]-(5/22) Loss: 1.3101, Acc(1): 50.00, Acc(5): 100.00
2023-06-19 16:39:36,476 - AUGCON - INFO - Epoch [15/50]-(10/22) Loss: 0.8188, Acc(1): 100.00, Acc(5): 100.00
2023-06-19 16:39:36,476 - AUGCON - INFO - Epoch [15/50]-(15/22) Loss: 1.8673, Acc(1): 50.00, Acc(5): 100.00
2023-06-19 16:39:36,476 - AUGCON - INFO - Epoch [15/50]-(20/22) Loss: 1.1885, Acc(1): 50.00, Acc(5): 100.00
2023-06-19 16:39:36,476 - AUGCON - INFO - 	Validation Loss: 1.1758, Acc(1): 64.00, Acc(5): 97.00, F1: 0.14, Recall: 0.12, Precision: 0.15
2023-06-19 16:39:36,476 - AUGCON - INFO - Epoch [16/50]-(0/22) Loss: 1.2069, Acc(1): 50.00, Acc(5): 100.00
2023-06-19 16:39:36,477 - AUGCON - INFO - Epoch [16/50]-(5/22) Loss: 0.5914, Acc(1): 75.00, Acc(5): 100.00
2023-06-19 16:39:36,477 - AUGCON - INFO - Epoch [16/50]-(10/22) Loss: 1.0795, Acc(1): 50.00, Acc(5): 100.00
2023-06-19 16:39:36,477 - AUGCON - INFO - Epoch [16/50]-(15/22) Loss: 0.6736, Acc(1): 50.00, Acc(5): 100.00
2023-06-19 16:39:36,477 - AUGCON - INFO - Epoch [16/50]-(20/22) Loss: 1.8651, Acc(1): 25.00, Acc(5): 100.00
2023-06-19 16:39:36,477 - AUGCON - INFO - 	Validation Loss: 1.2435, Acc(1): 54.00, Acc(5): 95.00, F1: 0.12, Recall: 0.11, Precision: 0.15
2023-06-19 16:39:36,477 - AUGCON - INFO - Epoch [17/50]-(0/22) Loss: 1.0070, Acc(1): 75.00, Acc(5): 100.00
2023-06-19 16:39:36,477 - AUGCON - INFO - Epoch [17/50]-(5/22) Loss: 1.0650, Acc(1): 50.00, Acc(5): 100.00
2023-06-19 16:39:36,477 - AUGCON - INFO - Epoch [17/50]-(10/22) Loss: 0.9773, Acc(1): 50.00, Acc(5): 100.00
2023-06-19 16:39:36,477 - AUGCON - INFO - Epoch [17/50]-(15/22) Loss: 1.0446, Acc(1): 50.00, Acc(5): 100.00
2023-06-19 16:39:36,477 - AUGCON - INFO - Epoch [17/50]-(20/22) Loss: 1.1498, Acc(1): 75.00, Acc(5): 100.00
2023-06-19 16:39:36,477 - AUGCON - INFO - 	Validation Loss: 1.1608, Acc(1): 67.00, Acc(5): 96.00, F1: 0.14, Recall: 0.13, Precision: 0.14
2023-06-19 16:39:36,477 - AUGCON - INFO - Epoch [18/50]-(0/22) Loss: 1.3940, Acc(1): 50.00, Acc(5): 100.00
2023-06-19 16:39:36,478 - AUGCON - INFO - Epoch [18/50]-(5/22) Loss: 0.9691, Acc(1): 75.00, Acc(5): 100.00
2023-06-19 16:39:36,478 - AUGCON - INFO - Epoch [18/50]-(10/22) Loss: 1.5837, Acc(1): 0.00, Acc(5): 100.00
2023-06-19 16:39:36,478 - AUGCON - INFO - Epoch [18/50]-(15/22) Loss: 1.0253, Acc(1): 75.00, Acc(5): 100.00
2023-06-19 16:39:36,478 - AUGCON - INFO - Epoch [18/50]-(20/22) Loss: 1.6951, Acc(1): 25.00, Acc(5): 100.00
2023-06-19 16:39:36,478 - AUGCON - INFO - 	Validation Loss: 1.1763, Acc(1): 64.00, Acc(5): 96.00, F1: 0.14, Recall: 0.12, Precision: 0.17
2023-06-19 16:39:36,478 - AUGCON - INFO - Epoch [19/50]-(0/22) Loss: 0.9619, Acc(1): 50.00, Acc(5): 100.00
2023-06-19 16:39:36,478 - AUGCON - INFO - Epoch [19/50]-(5/22) Loss: 0.9533, Acc(1): 75.00, Acc(5): 100.00
2023-06-19 16:39:36,478 - AUGCON - INFO - Epoch [19/50]-(10/22) Loss: 0.9672, Acc(1): 100.00, Acc(5): 100.00
2023-06-19 16:39:36,478 - AUGCON - INFO - Epoch [19/50]-(15/22) Loss: 0.4860, Acc(1): 100.00, Acc(5): 100.00
2023-06-19 16:39:36,478 - AUGCON - INFO - Epoch [19/50]-(20/22) Loss: 0.9758, Acc(1): 50.00, Acc(5): 100.00
2023-06-19 16:39:36,478 - AUGCON - INFO - 	Validation Loss: 1.1378, Acc(1): 63.00, Acc(5): 96.00, F1: 0.14, Recall: 0.12, Precision: 0.17
2023-06-19 16:39:36,479 - AUGCON - INFO - Epoch [20/50]-(0/22) Loss: 0.7799, Acc(1): 75.00, Acc(5): 100.00
2023-06-19 16:39:36,479 - AUGCON - INFO - Epoch [20/50]-(5/22) Loss: 1.0305, Acc(1): 75.00, Acc(5): 100.00
2023-06-19 16:39:36,479 - AUGCON - INFO - Epoch [20/50]-(10/22) Loss: 0.9344, Acc(1): 50.00, Acc(5): 100.00
2023-06-19 16:39:36,479 - AUGCON - INFO - Epoch [20/50]-(15/22) Loss: 1.6668, Acc(1): 50.00, Acc(5): 100.00
2023-06-19 16:39:36,479 - AUGCON - INFO - Epoch [20/50]-(20/22) Loss: 1.0031, Acc(1): 75.00, Acc(5): 100.00
2023-06-19 16:39:36,479 - AUGCON - INFO - 	Validation Loss: 1.1466, Acc(1): 63.00, Acc(5): 97.00, F1: 0.14, Recall: 0.12, Precision: 0.15
2023-06-19 16:39:36,479 - AUGCON - INFO - Epoch [21/50]-(0/22) Loss: 0.3583, Acc(1): 100.00, Acc(5): 100.00
2023-06-19 16:39:36,479 - AUGCON - INFO - Epoch [21/50]-(5/22) Loss: 1.2293, Acc(1): 50.00, Acc(5): 100.00
2023-06-19 16:39:36,479 - AUGCON - INFO - Epoch [21/50]-(10/22) Loss: 1.5607, Acc(1): 75.00, Acc(5): 100.00
2023-06-19 16:39:36,479 - AUGCON - INFO - Epoch [21/50]-(15/22) Loss: 1.2352, Acc(1): 75.00, Acc(5): 100.00
2023-06-19 16:39:36,479 - AUGCON - INFO - Epoch [21/50]-(20/22) Loss: 0.3193, Acc(1): 100.00, Acc(5): 100.00
2023-06-19 16:39:36,480 - AUGCON - INFO - 	Validation Loss: 1.1357, Acc(1): 65.00, Acc(5): 95.00, F1: 0.14, Recall: 0.12, Precision: 0.15
2023-06-19 16:39:36,480 - AUGCON - INFO - Epoch [22/50]-(0/22) Loss: 1.2070, Acc(1): 25.00, Acc(5): 100.00
2023-06-19 16:39:36,480 - AUGCON - INFO - Epoch [22/50]-(5/22) Loss: 0.9383, Acc(1): 75.00, Acc(5): 100.00
2023-06-19 16:39:36,480 - AUGCON - INFO - Epoch [22/50]-(10/22) Loss: 1.9138, Acc(1): 25.00, Acc(5): 100.00
2023-06-19 16:39:36,480 - AUGCON - INFO - Epoch [22/50]-(15/22) Loss: 1.3519, Acc(1): 75.00, Acc(5): 100.00
2023-06-19 16:39:36,480 - AUGCON - INFO - Epoch [22/50]-(20/22) Loss: 1.1837, Acc(1): 25.00, Acc(5): 100.00
2023-06-19 16:39:36,480 - AUGCON - INFO - 	Validation Loss: 1.1487, Acc(1): 65.00, Acc(5): 97.00, F1: 0.14, Recall: 0.13, Precision: 0.15
2023-06-19 16:39:36,480 - AUGCON - INFO - Epoch [23/50]-(0/22) Loss: 0.3835, Acc(1): 100.00, Acc(5): 100.00
2023-06-19 16:39:36,480 - AUGCON - INFO - Epoch [23/50]-(5/22) Loss: 0.9476, Acc(1): 75.00, Acc(5): 100.00
2023-06-19 16:39:36,481 - AUGCON - INFO - Epoch [23/50]-(10/22) Loss: 1.4355, Acc(1): 50.00, Acc(5): 100.00
2023-06-19 16:39:36,481 - AUGCON - INFO - Epoch [23/50]-(15/22) Loss: 1.5283, Acc(1): 25.00, Acc(5): 100.00
2023-06-19 16:39:36,481 - AUGCON - INFO - Epoch [23/50]-(20/22) Loss: 0.5173, Acc(1): 100.00, Acc(5): 100.00
2023-06-19 16:39:36,482 - AUGCON - INFO - 	Validation Loss: 1.1352, Acc(1): 63.00, Acc(5): 97.00, F1: 0.14, Recall: 0.13, Precision: 0.15
2023-06-19 16:39:36,482 - AUGCON - INFO - Epoch [24/50]-(0/22) Loss: 0.8241, Acc(1): 50.00, Acc(5): 100.00
2023-06-19 16:39:36,482 - AUGCON - INFO - Epoch [24/50]-(5/22) Loss: 1.1250, Acc(1): 50.00, Acc(5): 100.00
2023-06-19 16:39:36,482 - AUGCON - INFO - Epoch [24/50]-(10/22) Loss: 0.7547, Acc(1): 75.00, Acc(5): 100.00
2023-06-19 16:39:36,482 - AUGCON - INFO - Epoch [24/50]-(15/22) Loss: 1.1453, Acc(1): 50.00, Acc(5): 100.00
2023-06-19 16:39:36,482 - AUGCON - INFO - Epoch [24/50]-(20/22) Loss: 1.0665, Acc(1): 50.00, Acc(5): 100.00
2023-06-19 16:39:36,482 - AUGCON - INFO - 	Validation Loss: 1.1474, Acc(1): 64.00, Acc(5): 96.00, F1: 0.14, Recall: 0.12, Precision: 0.15
2023-06-19 16:39:36,483 - AUGCON - INFO - Epoch [25/50]-(0/22) Loss: 0.8437, Acc(1): 50.00, Acc(5): 100.00
2023-06-19 16:39:36,483 - AUGCON - INFO - Epoch [25/50]-(5/22) Loss: 1.2107, Acc(1): 50.00, Acc(5): 100.00
2023-06-19 16:39:36,483 - AUGCON - INFO - Epoch [25/50]-(10/22) Loss: 0.6007, Acc(1): 75.00, Acc(5): 100.00
2023-06-19 16:39:36,483 - AUGCON - INFO - Epoch [25/50]-(15/22) Loss: 1.4197, Acc(1): 25.00, Acc(5): 100.00
2023-06-19 16:39:36,483 - AUGCON - INFO - Epoch [25/50]-(20/22) Loss: 0.9047, Acc(1): 75.00, Acc(5): 100.00
2023-06-19 16:39:36,483 - AUGCON - INFO - 	Validation Loss: 1.1221, Acc(1): 63.00, Acc(5): 96.00, F1: 0.14, Recall: 0.12, Precision: 0.15
2023-06-19 16:39:36,483 - AUGCON - INFO - Epoch [26/50]-(0/22) Loss: 1.5725, Acc(1): 25.00, Acc(5): 100.00
2023-06-19 16:39:36,483 - AUGCON - INFO - Epoch [26/50]-(5/22) Loss: 0.3093, Acc(1): 100.00, Acc(5): 100.00
2023-06-19 16:39:36,483 - AUGCON - INFO - Epoch [26/50]-(10/22) Loss: 1.8879, Acc(1): 25.00, Acc(5): 100.00
2023-06-19 16:39:36,483 - AUGCON - INFO - Epoch [26/50]-(15/22) Loss: 0.0843, Acc(1): 100.00, Acc(5): 100.00
2023-06-19 16:39:36,483 - AUGCON - INFO - Epoch [26/50]-(20/22) Loss: 1.0777, Acc(1): 50.00, Acc(5): 100.00
2023-06-19 16:39:36,483 - AUGCON - INFO - 	Validation Loss: 1.1220, Acc(1): 63.00, Acc(5): 96.00, F1: 0.14, Recall: 0.12, Precision: 0.16
2023-06-19 16:39:36,483 - AUGCON - INFO - Epoch [27/50]-(0/22) Loss: 1.5512, Acc(1): 50.00, Acc(5): 100.00
2023-06-19 16:39:36,483 - AUGCON - INFO - Epoch [27/50]-(5/22) Loss: 0.6456, Acc(1): 75.00, Acc(5): 100.00
2023-06-19 16:39:36,483 - AUGCON - INFO - Epoch [27/50]-(10/22) Loss: 1.0509, Acc(1): 75.00, Acc(5): 100.00
2023-06-19 16:39:36,484 - AUGCON - INFO - Epoch [27/50]-(15/22) Loss: 0.3773, Acc(1): 100.00, Acc(5): 100.00
2023-06-19 16:39:36,484 - AUGCON - INFO - Epoch [27/50]-(20/22) Loss: 1.6899, Acc(1): 25.00, Acc(5): 75.00
2023-06-19 16:39:36,484 - AUGCON - INFO - 	Validation Loss: 1.1157, Acc(1): 64.00, Acc(5): 96.00, F1: 0.13, Recall: 0.12, Precision: 0.14
2023-06-19 16:39:36,484 - AUGCON - INFO - Epoch [28/50]-(0/22) Loss: 1.5044, Acc(1): 75.00, Acc(5): 100.00
2023-06-19 16:39:36,484 - AUGCON - INFO - Epoch [28/50]-(5/22) Loss: 1.7962, Acc(1): 25.00, Acc(5): 100.00
2023-06-19 16:39:36,484 - AUGCON - INFO - Epoch [28/50]-(10/22) Loss: 0.9280, Acc(1): 50.00, Acc(5): 100.00
2023-06-19 16:39:36,484 - AUGCON - INFO - Epoch [28/50]-(15/22) Loss: 1.0374, Acc(1): 75.00, Acc(5): 100.00
2023-06-19 16:39:36,484 - AUGCON - INFO - Epoch [28/50]-(20/22) Loss: 0.5934, Acc(1): 75.00, Acc(5): 100.00
2023-06-19 16:39:36,484 - AUGCON - INFO - 	Validation Loss: 1.0768, Acc(1): 68.00, Acc(5): 98.00, F1: 0.14, Recall: 0.13, Precision: 0.14
2023-06-19 16:39:36,484 - AUGCON - INFO - Epoch [29/50]-(0/22) Loss: 0.3764, Acc(1): 100.00, Acc(5): 100.00
2023-06-19 16:39:36,484 - AUGCON - INFO - Epoch [29/50]-(5/22) Loss: 1.2676, Acc(1): 50.00, Acc(5): 100.00
2023-06-19 16:39:36,484 - AUGCON - INFO - Epoch [29/50]-(10/22) Loss: 1.1837, Acc(1): 50.00, Acc(5): 100.00
2023-06-19 16:39:36,484 - AUGCON - INFO - Epoch [29/50]-(15/22) Loss: 0.8816, Acc(1): 75.00, Acc(5): 100.00
2023-06-19 16:39:36,484 - AUGCON - INFO - Epoch [29/50]-(20/22) Loss: 0.9739, Acc(1): 50.00, Acc(5): 100.00
2023-06-19 16:39:36,484 - AUGCON - INFO - 	Validation Loss: 1.1229, Acc(1): 61.00, Acc(5): 96.00, F1: 0.13, Recall: 0.12, Precision: 0.16
2023-06-19 16:39:36,484 - AUGCON - INFO - Epoch [30/50]-(0/22) Loss: 0.9595, Acc(1): 75.00, Acc(5): 100.00
2023-06-19 16:39:36,485 - AUGCON - INFO - Epoch [30/50]-(5/22) Loss: 1.1479, Acc(1): 50.00, Acc(5): 100.00
2023-06-19 16:39:36,485 - AUGCON - INFO - Epoch [30/50]-(10/22) Loss: 1.2645, Acc(1): 75.00, Acc(5): 100.00
2023-06-19 16:39:36,485 - AUGCON - INFO - Epoch [30/50]-(15/22) Loss: 1.2280, Acc(1): 50.00, Acc(5): 100.00
2023-06-19 16:39:36,485 - AUGCON - INFO - Epoch [30/50]-(20/22) Loss: 0.6808, Acc(1): 100.00, Acc(5): 100.00
2023-06-19 16:39:36,485 - AUGCON - INFO - 	Validation Loss: 1.0982, Acc(1): 69.00, Acc(5): 97.00, F1: 0.15, Recall: 0.14, Precision: 0.16
2023-06-19 16:39:36,485 - AUGCON - INFO - Epoch [31/50]-(0/22) Loss: 1.4562, Acc(1): 25.00, Acc(5): 100.00
2023-06-19 16:39:36,485 - AUGCON - INFO - Epoch [31/50]-(5/22) Loss: 0.9791, Acc(1): 50.00, Acc(5): 100.00
2023-06-19 16:39:36,485 - AUGCON - INFO - Epoch [31/50]-(10/22) Loss: 0.9339, Acc(1): 75.00, Acc(5): 100.00
2023-06-19 16:39:36,485 - AUGCON - INFO - Epoch [31/50]-(15/22) Loss: 0.6788, Acc(1): 75.00, Acc(5): 100.00
2023-06-19 16:39:36,485 - AUGCON - INFO - Epoch [31/50]-(20/22) Loss: 1.2730, Acc(1): 25.00, Acc(5): 100.00
2023-06-19 16:39:36,485 - AUGCON - INFO - 	Validation Loss: 1.1571, Acc(1): 64.00, Acc(5): 94.00, F1: 0.14, Recall: 0.13, Precision: 0.14
2023-06-19 16:39:36,485 - AUGCON - INFO - Epoch [32/50]-(0/22) Loss: 0.4553, Acc(1): 100.00, Acc(5): 100.00
2023-06-19 16:39:36,485 - AUGCON - INFO - Epoch [32/50]-(5/22) Loss: 0.6725, Acc(1): 100.00, Acc(5): 100.00
2023-06-19 16:39:36,485 - AUGCON - INFO - Epoch [32/50]-(10/22) Loss: 0.4373, Acc(1): 100.00, Acc(5): 100.00
2023-06-19 16:39:36,485 - AUGCON - INFO - Epoch [32/50]-(15/22) Loss: 0.9401, Acc(1): 100.00, Acc(5): 100.00
2023-06-19 16:39:36,485 - AUGCON - INFO - Epoch [32/50]-(20/22) Loss: 1.2189, Acc(1): 50.00, Acc(5): 100.00
2023-06-19 16:39:36,486 - AUGCON - INFO - 	Validation Loss: 1.0951, Acc(1): 61.00, Acc(5): 96.00, F1: 0.13, Recall: 0.13, Precision: 0.14
2023-06-19 16:39:36,486 - AUGCON - INFO - Epoch [33/50]-(0/22) Loss: 0.9020, Acc(1): 50.00, Acc(5): 100.00
2023-06-19 16:39:36,486 - AUGCON - INFO - Epoch [33/50]-(5/22) Loss: 0.8144, Acc(1): 75.00, Acc(5): 100.00
2023-06-19 16:39:36,486 - AUGCON - INFO - Epoch [33/50]-(10/22) Loss: 1.3578, Acc(1): 50.00, Acc(5): 100.00
2023-06-19 16:39:36,486 - AUGCON - INFO - Epoch [33/50]-(15/22) Loss: 1.3683, Acc(1): 25.00, Acc(5): 100.00
2023-06-19 16:39:36,486 - AUGCON - INFO - Epoch [33/50]-(20/22) Loss: 1.1925, Acc(1): 50.00, Acc(5): 100.00
2023-06-19 16:39:36,486 - AUGCON - INFO - 	Validation Loss: 1.1123, Acc(1): 65.00, Acc(5): 96.00, F1: 0.14, Recall: 0.12, Precision: 0.17
2023-06-19 16:39:36,486 - AUGCON - INFO - Epoch [34/50]-(0/22) Loss: 0.8537, Acc(1): 100.00, Acc(5): 100.00
2023-06-19 16:39:36,486 - AUGCON - INFO - Epoch [34/50]-(5/22) Loss: 0.8920, Acc(1): 50.00, Acc(5): 100.00
2023-06-19 16:39:36,486 - AUGCON - INFO - Epoch [34/50]-(10/22) Loss: 0.5210, Acc(1): 75.00, Acc(5): 100.00
2023-06-19 16:39:36,486 - AUGCON - INFO - Epoch [34/50]-(15/22) Loss: 0.9052, Acc(1): 75.00, Acc(5): 100.00
2023-06-19 16:39:36,486 - AUGCON - INFO - Epoch [34/50]-(20/22) Loss: 1.4839, Acc(1): 25.00, Acc(5): 100.00
2023-06-19 16:39:36,486 - AUGCON - INFO - 	Validation Loss: 1.1000, Acc(1): 61.00, Acc(5): 96.00, F1: 0.13, Recall: 0.12, Precision: 0.15
2023-06-19 16:39:36,486 - AUGCON - INFO - Epoch [35/50]-(0/22) Loss: 1.3192, Acc(1): 25.00, Acc(5): 100.00
2023-06-19 16:39:36,486 - AUGCON - INFO - Epoch [35/50]-(5/22) Loss: 1.5703, Acc(1): 25.00, Acc(5): 100.00
2023-06-19 16:39:36,486 - AUGCON - INFO - Epoch [35/50]-(10/22) Loss: 0.5181, Acc(1): 75.00, Acc(5): 100.00
2023-06-19 16:39:36,487 - AUGCON - INFO - Epoch [35/50]-(15/22) Loss: 1.1171, Acc(1): 50.00, Acc(5): 100.00
2023-06-19 16:39:36,487 - AUGCON - INFO - Epoch [35/50]-(20/22) Loss: 0.7967, Acc(1): 75.00, Acc(5): 100.00
2023-06-19 16:39:36,487 - AUGCON - INFO - 	Validation Loss: 1.1221, Acc(1): 65.00, Acc(5): 96.00, F1: 0.14, Recall: 0.12, Precision: 0.15
2023-06-19 16:39:36,487 - AUGCON - INFO - Epoch [36/50]-(0/22) Loss: 0.9522, Acc(1): 75.00, Acc(5): 100.00
2023-06-19 16:39:36,487 - AUGCON - INFO - Epoch [36/50]-(5/22) Loss: 1.0155, Acc(1): 50.00, Acc(5): 100.00
2023-06-19 16:39:36,487 - AUGCON - INFO - Epoch [36/50]-(10/22) Loss: 0.9636, Acc(1): 50.00, Acc(5): 100.00
2023-06-19 16:39:36,487 - AUGCON - INFO - Epoch [36/50]-(15/22) Loss: 1.2758, Acc(1): 50.00, Acc(5): 100.00
2023-06-19 16:39:36,487 - AUGCON - INFO - Epoch [36/50]-(20/22) Loss: 1.3458, Acc(1): 50.00, Acc(5): 100.00
2023-06-19 16:39:36,487 - AUGCON - INFO - 	Validation Loss: 1.1183, Acc(1): 66.00, Acc(5): 95.00, F1: 0.14, Recall: 0.13, Precision: 0.16
2023-06-19 16:39:36,487 - AUGCON - INFO - Epoch [37/50]-(0/22) Loss: 0.4130, Acc(1): 100.00, Acc(5): 100.00
2023-06-19 16:39:36,487 - AUGCON - INFO - Epoch [37/50]-(5/22) Loss: 1.2503, Acc(1): 50.00, Acc(5): 100.00
2023-06-19 16:39:36,487 - AUGCON - INFO - Epoch [37/50]-(10/22) Loss: 1.0396, Acc(1): 50.00, Acc(5): 100.00
2023-06-19 16:39:36,487 - AUGCON - INFO - Epoch [37/50]-(15/22) Loss: 0.7615, Acc(1): 75.00, Acc(5): 100.00
2023-06-19 16:39:36,487 - AUGCON - INFO - Epoch [37/50]-(20/22) Loss: 1.5325, Acc(1): 0.00, Acc(5): 100.00
2023-06-19 16:39:36,487 - AUGCON - INFO - 	Validation Loss: 1.0770, Acc(1): 70.00, Acc(5): 96.00, F1: 0.14, Recall: 0.14, Precision: 0.14
2023-06-19 16:39:36,487 - AUGCON - INFO - Epoch [38/50]-(0/22) Loss: 0.7447, Acc(1): 75.00, Acc(5): 100.00
2023-06-19 16:39:36,487 - AUGCON - INFO - Epoch [38/50]-(5/22) Loss: 0.6386, Acc(1): 50.00, Acc(5): 100.00
2023-06-19 16:39:36,488 - AUGCON - INFO - Epoch [38/50]-(10/22) Loss: 1.0036, Acc(1): 75.00, Acc(5): 100.00
2023-06-19 16:39:36,488 - AUGCON - INFO - Epoch [38/50]-(15/22) Loss: 1.3967, Acc(1): 75.00, Acc(5): 100.00
2023-06-19 16:39:36,488 - AUGCON - INFO - Epoch [38/50]-(20/22) Loss: 0.7503, Acc(1): 75.00, Acc(5): 100.00
2023-06-19 16:39:36,488 - AUGCON - INFO - 	Validation Loss: 1.1169, Acc(1): 65.00, Acc(5): 96.00, F1: 0.14, Recall: 0.12, Precision: 0.17
2023-06-19 16:39:36,488 - AUGCON - INFO - Epoch [39/50]-(0/22) Loss: 1.0830, Acc(1): 50.00, Acc(5): 100.00
2023-06-19 16:39:36,488 - AUGCON - INFO - Epoch [39/50]-(5/22) Loss: 0.5485, Acc(1): 100.00, Acc(5): 100.00
2023-06-19 16:39:36,488 - AUGCON - INFO - Epoch [39/50]-(10/22) Loss: 0.9149, Acc(1): 50.00, Acc(5): 100.00
2023-06-19 16:39:36,488 - AUGCON - INFO - Epoch [39/50]-(15/22) Loss: 0.7101, Acc(1): 75.00, Acc(5): 100.00
2023-06-19 16:39:36,488 - AUGCON - INFO - Epoch [39/50]-(20/22) Loss: 1.2264, Acc(1): 50.00, Acc(5): 100.00
2023-06-19 16:39:36,488 - AUGCON - INFO - 	Validation Loss: 1.1000, Acc(1): 65.00, Acc(5): 96.00, F1: 0.14, Recall: 0.12, Precision: 0.16
2023-06-19 16:39:36,488 - AUGCON - INFO - Epoch [40/50]-(0/22) Loss: 0.8167, Acc(1): 75.00, Acc(5): 100.00
2023-06-19 16:39:36,488 - AUGCON - INFO - Epoch [40/50]-(5/22) Loss: 0.8752, Acc(1): 50.00, Acc(5): 100.00
2023-06-19 16:39:36,488 - AUGCON - INFO - Epoch [40/50]-(10/22) Loss: 1.2680, Acc(1): 50.00, Acc(5): 100.00
2023-06-19 16:39:36,488 - AUGCON - INFO - Epoch [40/50]-(15/22) Loss: 0.9327, Acc(1): 50.00, Acc(5): 100.00
2023-06-19 16:39:36,488 - AUGCON - INFO - Epoch [40/50]-(20/22) Loss: 0.5130, Acc(1): 75.00, Acc(5): 100.00
2023-06-19 16:39:36,488 - AUGCON - INFO - 	Validation Loss: 1.1044, Acc(1): 61.00, Acc(5): 96.00, F1: 0.13, Recall: 0.12, Precision: 0.14
2023-06-19 16:39:36,489 - AUGCON - INFO - Epoch [41/50]-(0/22) Loss: 0.6080, Acc(1): 100.00, Acc(5): 100.00
2023-06-19 16:39:36,489 - AUGCON - INFO - Epoch [41/50]-(5/22) Loss: 0.9333, Acc(1): 50.00, Acc(5): 100.00
2023-06-19 16:39:36,489 - AUGCON - INFO - Epoch [41/50]-(10/22) Loss: 1.4744, Acc(1): 25.00, Acc(5): 100.00
2023-06-19 16:39:36,489 - AUGCON - INFO - Epoch [41/50]-(15/22) Loss: 0.8562, Acc(1): 75.00, Acc(5): 100.00
2023-06-19 16:39:36,489 - AUGCON - INFO - Epoch [41/50]-(20/22) Loss: 0.8521, Acc(1): 50.00, Acc(5): 100.00
2023-06-19 16:39:36,489 - AUGCON - INFO - 	Validation Loss: 1.1119, Acc(1): 66.00, Acc(5): 95.00, F1: 0.14, Recall: 0.13, Precision: 0.16
2023-06-19 16:39:36,489 - AUGCON - INFO - Epoch [42/50]-(0/22) Loss: 1.9625, Acc(1): 0.00, Acc(5): 100.00
2023-06-19 16:39:36,489 - AUGCON - INFO - Epoch [42/50]-(5/22) Loss: 0.7851, Acc(1): 50.00, Acc(5): 100.00
2023-06-19 16:39:36,489 - AUGCON - INFO - Epoch [42/50]-(10/22) Loss: 1.0482, Acc(1): 50.00, Acc(5): 100.00
2023-06-19 16:39:36,489 - AUGCON - INFO - Epoch [42/50]-(15/22) Loss: 0.9678, Acc(1): 25.00, Acc(5): 100.00
2023-06-19 16:39:36,489 - AUGCON - INFO - Epoch [42/50]-(20/22) Loss: 0.4314, Acc(1): 75.00, Acc(5): 100.00
2023-06-19 16:39:36,489 - AUGCON - INFO - 	Validation Loss: 1.0908, Acc(1): 63.00, Acc(5): 95.00, F1: 0.14, Recall: 0.12, Precision: 0.16
2023-06-19 16:39:36,489 - AUGCON - INFO - Epoch [43/50]-(0/22) Loss: 0.7397, Acc(1): 75.00, Acc(5): 100.00
2023-06-19 16:39:36,489 - AUGCON - INFO - Epoch [43/50]-(5/22) Loss: 0.8405, Acc(1): 75.00, Acc(5): 100.00
2023-06-19 16:39:36,489 - AUGCON - INFO - Epoch [43/50]-(10/22) Loss: 1.2275, Acc(1): 75.00, Acc(5): 100.00
2023-06-19 16:39:36,489 - AUGCON - INFO - Epoch [43/50]-(15/22) Loss: 0.9910, Acc(1): 50.00, Acc(5): 100.00
2023-06-19 16:39:36,490 - AUGCON - INFO - Epoch [43/50]-(20/22) Loss: 0.6061, Acc(1): 50.00, Acc(5): 100.00
2023-06-19 16:39:36,490 - AUGCON - INFO - 	Validation Loss: 1.1063, Acc(1): 66.00, Acc(5): 96.00, F1: 0.14, Recall: 0.13, Precision: 0.15
2023-06-19 16:39:36,490 - AUGCON - INFO - Epoch [44/50]-(0/22) Loss: 0.4694, Acc(1): 100.00, Acc(5): 100.00
2023-06-19 16:39:36,490 - AUGCON - INFO - Epoch [44/50]-(5/22) Loss: 0.6868, Acc(1): 75.00, Acc(5): 100.00
2023-06-19 16:39:36,490 - AUGCON - INFO - Epoch [44/50]-(10/22) Loss: 0.4089, Acc(1): 100.00, Acc(5): 100.00
2023-06-19 16:39:36,490 - AUGCON - INFO - Epoch [44/50]-(15/22) Loss: 0.7846, Acc(1): 100.00, Acc(5): 100.00
2023-06-19 16:39:36,490 - AUGCON - INFO - Epoch [44/50]-(20/22) Loss: 1.3491, Acc(1): 25.00, Acc(5): 100.00
2023-06-19 16:39:36,490 - AUGCON - INFO - 	Validation Loss: 1.0264, Acc(1): 66.00, Acc(5): 97.00, F1: 0.14, Recall: 0.13, Precision: 0.16
2023-06-19 16:39:36,490 - AUGCON - INFO - Epoch [45/50]-(0/22) Loss: 1.3955, Acc(1): 0.00, Acc(5): 100.00
2023-06-19 16:39:36,490 - AUGCON - INFO - Epoch [45/50]-(5/22) Loss: 1.3547, Acc(1): 25.00, Acc(5): 100.00
2023-06-19 16:39:36,490 - AUGCON - INFO - Epoch [45/50]-(10/22) Loss: 0.1946, Acc(1): 100.00, Acc(5): 100.00
2023-06-19 16:39:36,490 - AUGCON - INFO - Epoch [45/50]-(15/22) Loss: 1.3126, Acc(1): 75.00, Acc(5): 75.00
2023-06-19 16:39:36,490 - AUGCON - INFO - Epoch [45/50]-(20/22) Loss: 0.8958, Acc(1): 75.00, Acc(5): 100.00
2023-06-19 16:39:36,490 - AUGCON - INFO - 	Validation Loss: 1.1227, Acc(1): 62.00, Acc(5): 95.00, F1: 0.13, Recall: 0.12, Precision: 0.14
2023-06-19 16:39:36,490 - AUGCON - INFO - Epoch [46/50]-(0/22) Loss: 0.7532, Acc(1): 50.00, Acc(5): 100.00
2023-06-19 16:39:36,490 - AUGCON - INFO - Epoch [46/50]-(5/22) Loss: 0.5430, Acc(1): 75.00, Acc(5): 100.00
2023-06-19 16:39:36,491 - AUGCON - INFO - Epoch [46/50]-(10/22) Loss: 0.8330, Acc(1): 50.00, Acc(5): 100.00
2023-06-19 16:39:36,491 - AUGCON - INFO - Epoch [46/50]-(15/22) Loss: 0.8756, Acc(1): 50.00, Acc(5): 100.00
2023-06-19 16:39:36,491 - AUGCON - INFO - Epoch [46/50]-(20/22) Loss: 1.8535, Acc(1): 50.00, Acc(5): 100.00
2023-06-19 16:39:36,491 - AUGCON - INFO - 	Validation Loss: 1.0838, Acc(1): 64.00, Acc(5): 97.00, F1: 0.13, Recall: 0.12, Precision: 0.14
2023-06-19 16:39:36,491 - AUGCON - INFO - Epoch [47/50]-(0/22) Loss: 1.2559, Acc(1): 50.00, Acc(5): 100.00
2023-06-19 16:39:36,491 - AUGCON - INFO - Epoch [47/50]-(5/22) Loss: 0.5294, Acc(1): 100.00, Acc(5): 100.00
2023-06-19 16:39:36,491 - AUGCON - INFO - Epoch [47/50]-(10/22) Loss: 0.5824, Acc(1): 100.00, Acc(5): 100.00
2023-06-19 16:39:36,491 - AUGCON - INFO - Epoch [47/50]-(15/22) Loss: 1.3765, Acc(1): 50.00, Acc(5): 100.00
2023-06-19 16:39:36,491 - AUGCON - INFO - Epoch [47/50]-(20/22) Loss: 0.7071, Acc(1): 75.00, Acc(5): 100.00
2023-06-19 16:39:36,491 - AUGCON - INFO - 	Validation Loss: 1.0437, Acc(1): 67.00, Acc(5): 97.00, F1: 0.14, Recall: 0.13, Precision: 0.14
2023-06-19 16:39:36,491 - AUGCON - INFO - Epoch [48/50]-(0/22) Loss: 0.4631, Acc(1): 100.00, Acc(5): 100.00
2023-06-19 16:39:36,491 - AUGCON - INFO - Epoch [48/50]-(5/22) Loss: 1.0092, Acc(1): 75.00, Acc(5): 100.00
2023-06-19 16:39:36,491 - AUGCON - INFO - Epoch [48/50]-(10/22) Loss: 0.8773, Acc(1): 50.00, Acc(5): 100.00
2023-06-19 16:39:36,491 - AUGCON - INFO - Epoch [48/50]-(15/22) Loss: 0.5028, Acc(1): 75.00, Acc(5): 100.00
2023-06-19 16:39:36,491 - AUGCON - INFO - Epoch [48/50]-(20/22) Loss: 0.7679, Acc(1): 75.00, Acc(5): 100.00
2023-06-19 16:39:36,492 - AUGCON - INFO - 	Validation Loss: 1.0407, Acc(1): 68.00, Acc(5): 97.00, F1: 0.14, Recall: 0.13, Precision: 0.15
2023-06-19 16:39:36,492 - AUGCON - INFO - Epoch [49/50]-(0/22) Loss: 0.8015, Acc(1): 50.00, Acc(5): 100.00
2023-06-19 16:39:36,492 - AUGCON - INFO - Epoch [49/50]-(5/22) Loss: 0.8272, Acc(1): 50.00, Acc(5): 100.00
2023-06-19 16:39:36,492 - AUGCON - INFO - Epoch [49/50]-(10/22) Loss: 1.4329, Acc(1): 75.00, Acc(5): 100.00
2023-06-19 16:39:36,492 - AUGCON - INFO - Epoch [49/50]-(15/22) Loss: 0.0305, Acc(1): 100.00, Acc(5): 100.00
2023-06-19 16:39:36,492 - AUGCON - INFO - Epoch [49/50]-(20/22) Loss: 0.8135, Acc(1): 75.00, Acc(5): 100.00
2023-06-19 16:39:36,493 - AUGCON - INFO - 	Validation Loss: 1.1031, Acc(1): 64.00, Acc(5): 95.00, F1: 0.14, Recall: 0.12, Precision: 0.16
2023-06-19 16:39:36,493 - AUGCON - INFO - Epoch [50/50]-(0/22) Loss: 1.7701, Acc(1): 25.00, Acc(5): 100.00
2023-06-19 16:39:36,493 - AUGCON - INFO - Epoch [50/50]-(5/22) Loss: 0.9543, Acc(1): 75.00, Acc(5): 100.00
2023-06-19 16:39:36,493 - AUGCON - INFO - Epoch [50/50]-(10/22) Loss: 0.6154, Acc(1): 75.00, Acc(5): 100.00
2023-06-19 16:39:36,493 - AUGCON - INFO - Epoch [50/50]-(15/22) Loss: 0.8399, Acc(1): 50.00, Acc(5): 100.00
2023-06-19 16:39:36,493 - AUGCON - INFO - Epoch [50/50]-(20/22) Loss: 0.8157, Acc(1): 75.00, Acc(5): 100.00
2023-06-19 16:39:36,493 - AUGCON - INFO - 	Validation Loss: 1.1016, Acc(1): 64.00, Acc(5): 96.00, F1: 0.14, Recall: 0.13, Precision: 0.15
2023-06-19 16:39:36,493 - AUGCON - INFO - 	Validation Loss: 0.9588, Acc(1): 70.33, Acc(5): 98.33, F1: 0.17, Recall: 0.16, Precision: 0.17
