2023-06-19 16:41:06,073 - AUGCON - INFO - logger initialized (/home/hjyoon/projects/augcon/config/exp0/finetune_da_true/without_target_domain_PH0034-ykha/cpc_random_8421/tgt_target_domain_WA0002-bkkim_seed0.yaml.log)
2023-06-19 16:41:06,075 - AUGCON - INFO - ================= Config =================
2023-06-19 16:41:06,075 - AUGCON - INFO -   mode: finetune
2023-06-19 16:41:06,075 - AUGCON - INFO -   seed: 0
2023-06-19 16:41:06,075 - AUGCON - INFO -   gpu: [3]
2023-06-19 16:41:06,075 - AUGCON - INFO -   num_workers: 1
2023-06-19 16:41:06,075 - AUGCON - INFO -   dist_url: tcp://localhost:10001
2023-06-19 16:41:06,075 - AUGCON - INFO -   dataset_name: ichar
2023-06-19 16:41:06,075 - AUGCON - INFO -   train_dataset_path: /mnt/sting/hjyoon/projects/cross/ICHAR/augcon/target_domain_WA0002-bkkim/finetune/10shot/target/train.pkl
2023-06-19 16:41:06,075 - AUGCON - INFO -   test_dataset_path: /mnt/sting/hjyoon/projects/cross/ICHAR/augcon/target_domain_WA0002-bkkim/finetune/10shot/target/test.pkl
2023-06-19 16:41:06,075 - AUGCON - INFO -   val_dataset_path: /mnt/sting/hjyoon/projects/cross/ICHAR/augcon/target_domain_WA0002-bkkim/finetune/10shot/target/val.pkl
2023-06-19 16:41:06,075 - AUGCON - INFO -   input_channels: 3
2023-06-19 16:41:06,075 - AUGCON - INFO -   num_cls: 9
2023-06-19 16:41:06,075 - AUGCON - INFO -   optimizer: adam
2023-06-19 16:41:06,075 - AUGCON - INFO -   criterion: crossentropy
2023-06-19 16:41:06,075 - AUGCON - INFO -   start_epoch: 0
2023-06-19 16:41:06,075 - AUGCON - INFO -   epochs: 50
2023-06-19 16:41:06,075 - AUGCON - INFO -   batch_size: 4
2023-06-19 16:41:06,075 - AUGCON - INFO -   lr: 0.001
2023-06-19 16:41:06,075 - AUGCON - INFO -   wd: 0.0
2023-06-19 16:41:06,075 - AUGCON - INFO -   resume: 
2023-06-19 16:41:06,075 - AUGCON - INFO -   pretrained: /mnt/sting/hjyoon/projects/augcontrast/models/exp0/pretrain/without_target_domain_PH0034-ykha/cpc_random_8421//checkpoint_0099.pth.tar
2023-06-19 16:41:06,075 - AUGCON - INFO -   ckpt_dir: /mnt/sting/hjyoon/projects/augcontrast/models/exp0/finetune_da_true/without_target_domain_PH0034-ykha/cpc_random_8421/tgt_target_domain_WA0002-bkkim_seed0
2023-06-19 16:41:06,075 - AUGCON - INFO -   log_freq: 5
2023-06-19 16:41:06,075 - AUGCON - INFO -   save_freq: 10
2023-06-19 16:41:06,075 - AUGCON - INFO -   pretext: metacpc
2023-06-19 16:41:06,075 - AUGCON - INFO -   enc_blocks: 4
2023-06-19 16:41:06,075 - AUGCON - INFO -   kernel_sizes: [8, 4, 2, 1]
2023-06-19 16:41:06,076 - AUGCON - INFO -   strides: [4, 2, 1, 1]
2023-06-19 16:41:06,076 - AUGCON - INFO -   agg_blocks: 5
2023-06-19 16:41:06,076 - AUGCON - INFO -   z_dim: 256
2023-06-19 16:41:06,076 - AUGCON - INFO -   pooling: mean
2023-06-19 16:41:06,076 - AUGCON - INFO -   pred_steps: 12
2023-06-19 16:41:06,076 - AUGCON - INFO -   n_negatives: 15
2023-06-19 16:41:06,076 - AUGCON - INFO -   offset: 4
2023-06-19 16:41:06,076 - AUGCON - INFO -   domain_adaptation: True
2023-06-19 16:41:06,076 - AUGCON - INFO -   task_steps: 10
2023-06-19 16:41:06,076 - AUGCON - INFO -   task_lr: 0.001
2023-06-19 16:41:06,076 - AUGCON - INFO -   reg_lambda: 0
2023-06-19 16:41:06,076 - AUGCON - INFO -   mlp: False
2023-06-19 16:41:06,076 - AUGCON - INFO -   freeze: True
2023-06-19 16:41:06,076 - AUGCON - INFO -   no_vars: True
2023-06-19 16:41:06,076 - AUGCON - INFO - ==========================================
2023-06-19 16:41:06,076 - AUGCON - INFO - Setting GPUs: [3]
2023-06-19 16:41:06,076 - AUGCON - INFO - GPUs [3] will be used
2023-06-19 16:41:06,077 - AUGCON - WARNING - You have chosen to seed training. 
2023-06-19 16:41:06,077 - AUGCON - WARNING - This will turn on the CUDNN deterministic setting, 
2023-06-19 16:41:06,077 - AUGCON - WARNING - which can slow down your training considerably! 
2023-06-19 16:41:06,077 - AUGCON - WARNING - You may see unexpected behavior when restarting 
2023-06-19 16:41:06,077 - AUGCON - WARNING - from checkpoints.
2023-06-19 16:41:06,106 - AUGCON - INFO - Executing MetaCPC
2023-06-19 16:41:06,106 - AUGCON - INFO - Logs are skipped during training
2023-06-19 16:41:26,202 - AUGCON - INFO - Single GPU is used for training - training 90 instances for each worker
2023-06-19 16:41:26,202 - AUGCON - INFO - Loading pretrained model from checkpoint - /mnt/sting/hjyoon/projects/augcontrast/models/exp0/pretrain/without_target_domain_PH0034-ykha/cpc_random_8421//checkpoint_0099.pth.tar
2023-06-19 16:41:26,202 - AUGCON - INFO - Missing keys: ['predictor.vars.0', 'predictor.vars.1']
2023-06-19 16:41:26,202 - AUGCON - INFO - Perform domain adaptation step
2023-06-19 16:41:26,202 - AUGCON - INFO - 	meta-train [0/10] Loss: 3.1942, Acc(1): 6.79, Acc(5): 34.94
2023-06-19 16:41:26,202 - AUGCON - INFO - 	meta-train [1/10] Loss: 3.0590, Acc(1): 7.04, Acc(5): 34.94
2023-06-19 16:41:26,202 - AUGCON - INFO - 	meta-train [2/10] Loss: 3.0196, Acc(1): 7.12, Acc(5): 35.59
2023-06-19 16:41:26,202 - AUGCON - INFO - 	meta-train [3/10] Loss: 2.9800, Acc(1): 7.23, Acc(5): 35.93
2023-06-19 16:41:26,202 - AUGCON - INFO - 	meta-train [4/10] Loss: 2.9392, Acc(1): 7.68, Acc(5): 36.33
2023-06-19 16:41:26,202 - AUGCON - INFO - 	meta-train [5/10] Loss: 2.9149, Acc(1): 7.41, Acc(5): 36.35
2023-06-19 16:41:26,202 - AUGCON - INFO - 	meta-train [6/10] Loss: 2.9034, Acc(1): 7.74, Acc(5): 36.59
2023-06-19 16:41:26,203 - AUGCON - INFO - 	meta-train [7/10] Loss: 2.8828, Acc(1): 7.66, Acc(5): 36.68
2023-06-19 16:41:26,203 - AUGCON - INFO - 	meta-train [8/10] Loss: 2.8890, Acc(1): 7.49, Acc(5): 36.46
2023-06-19 16:41:26,203 - AUGCON - INFO - 	meta-train [9/10] Loss: 2.8810, Acc(1): 7.77, Acc(5): 36.74
2023-06-19 16:41:26,203 - AUGCON - INFO - Loading encoder parameters to the classifier
2023-06-19 16:41:26,203 - AUGCON - INFO - Missing keys: ['classifier.block.0.weight', 'classifier.block.0.bias']
2023-06-19 16:41:26,203 - AUGCON - INFO - Epoch [1/50]-(0/22) Loss: 2.4384, Acc(1): 0.00, Acc(5): 50.00
2023-06-19 16:41:26,203 - AUGCON - INFO - Epoch [1/50]-(5/22) Loss: 2.1578, Acc(1): 25.00, Acc(5): 75.00
2023-06-19 16:41:26,203 - AUGCON - INFO - Epoch [1/50]-(10/22) Loss: 2.5620, Acc(1): 0.00, Acc(5): 75.00
2023-06-19 16:41:26,203 - AUGCON - INFO - Epoch [1/50]-(15/22) Loss: 1.8878, Acc(1): 25.00, Acc(5): 100.00
2023-06-19 16:41:26,203 - AUGCON - INFO - Epoch [1/50]-(20/22) Loss: 1.8528, Acc(1): 25.00, Acc(5): 100.00
2023-06-19 16:41:26,203 - AUGCON - INFO - 	Validation Loss: 1.6912, Acc(1): 46.00, Acc(5): 98.00, F1: 0.11, Recall: 0.10, Precision: 0.11
2023-06-19 16:41:26,203 - AUGCON - INFO - Epoch [2/50]-(0/22) Loss: 1.6529, Acc(1): 25.00, Acc(5): 100.00
2023-06-19 16:41:26,203 - AUGCON - INFO - Epoch [2/50]-(5/22) Loss: 1.7148, Acc(1): 25.00, Acc(5): 100.00
2023-06-19 16:41:26,203 - AUGCON - INFO - Epoch [2/50]-(10/22) Loss: 1.7031, Acc(1): 25.00, Acc(5): 100.00
2023-06-19 16:41:26,203 - AUGCON - INFO - Epoch [2/50]-(15/22) Loss: 1.8126, Acc(1): 50.00, Acc(5): 100.00
2023-06-19 16:41:26,204 - AUGCON - INFO - Epoch [2/50]-(20/22) Loss: 1.7038, Acc(1): 25.00, Acc(5): 100.00
2023-06-19 16:41:26,204 - AUGCON - INFO - 	Validation Loss: 1.4306, Acc(1): 47.00, Acc(5): 100.00, F1: 0.13, Recall: 0.13, Precision: 0.14
2023-06-19 16:41:26,204 - AUGCON - INFO - Epoch [3/50]-(0/22) Loss: 1.2846, Acc(1): 50.00, Acc(5): 100.00
2023-06-19 16:41:26,204 - AUGCON - INFO - Epoch [3/50]-(5/22) Loss: 1.1454, Acc(1): 50.00, Acc(5): 100.00
2023-06-19 16:41:26,204 - AUGCON - INFO - Epoch [3/50]-(10/22) Loss: 1.7671, Acc(1): 0.00, Acc(5): 100.00
2023-06-19 16:41:26,204 - AUGCON - INFO - Epoch [3/50]-(15/22) Loss: 1.3996, Acc(1): 0.00, Acc(5): 100.00
2023-06-19 16:41:26,204 - AUGCON - INFO - Epoch [3/50]-(20/22) Loss: 1.4168, Acc(1): 0.00, Acc(5): 100.00
2023-06-19 16:41:26,204 - AUGCON - INFO - 	Validation Loss: 1.2978, Acc(1): 56.00, Acc(5): 100.00, F1: 0.14, Recall: 0.11, Precision: 0.18
2023-06-19 16:41:26,204 - AUGCON - INFO - Epoch [4/50]-(0/22) Loss: 1.2412, Acc(1): 50.00, Acc(5): 100.00
2023-06-19 16:41:26,204 - AUGCON - INFO - Epoch [4/50]-(5/22) Loss: 1.2249, Acc(1): 75.00, Acc(5): 100.00
2023-06-19 16:41:26,204 - AUGCON - INFO - Epoch [4/50]-(10/22) Loss: 1.2540, Acc(1): 25.00, Acc(5): 100.00
2023-06-19 16:41:26,204 - AUGCON - INFO - Epoch [4/50]-(15/22) Loss: 1.3117, Acc(1): 50.00, Acc(5): 100.00
2023-06-19 16:41:26,204 - AUGCON - INFO - Epoch [4/50]-(20/22) Loss: 1.4002, Acc(1): 50.00, Acc(5): 100.00
2023-06-19 16:41:26,204 - AUGCON - INFO - 	Validation Loss: 1.2539, Acc(1): 60.00, Acc(5): 100.00, F1: 0.17, Recall: 0.16, Precision: 0.17
2023-06-19 16:41:26,204 - AUGCON - INFO - Epoch [5/50]-(0/22) Loss: 1.1448, Acc(1): 75.00, Acc(5): 100.00
2023-06-19 16:41:26,205 - AUGCON - INFO - Epoch [5/50]-(5/22) Loss: 1.3443, Acc(1): 50.00, Acc(5): 100.00
2023-06-19 16:41:26,205 - AUGCON - INFO - Epoch [5/50]-(10/22) Loss: 1.0244, Acc(1): 75.00, Acc(5): 100.00
2023-06-19 16:41:26,205 - AUGCON - INFO - Epoch [5/50]-(15/22) Loss: 0.9204, Acc(1): 75.00, Acc(5): 100.00
2023-06-19 16:41:26,205 - AUGCON - INFO - Epoch [5/50]-(20/22) Loss: 1.3879, Acc(1): 0.00, Acc(5): 100.00
2023-06-19 16:41:26,205 - AUGCON - INFO - 	Validation Loss: 1.1816, Acc(1): 63.00, Acc(5): 100.00, F1: 0.14, Recall: 0.15, Precision: 0.13
2023-06-19 16:41:26,205 - AUGCON - INFO - Epoch [6/50]-(0/22) Loss: 1.2481, Acc(1): 25.00, Acc(5): 100.00
2023-06-19 16:41:26,205 - AUGCON - INFO - Epoch [6/50]-(5/22) Loss: 0.9908, Acc(1): 75.00, Acc(5): 100.00
2023-06-19 16:41:26,205 - AUGCON - INFO - Epoch [6/50]-(10/22) Loss: 1.6200, Acc(1): 25.00, Acc(5): 100.00
2023-06-19 16:41:26,205 - AUGCON - INFO - Epoch [6/50]-(15/22) Loss: 1.2538, Acc(1): 25.00, Acc(5): 100.00
2023-06-19 16:41:26,205 - AUGCON - INFO - Epoch [6/50]-(20/22) Loss: 1.3163, Acc(1): 50.00, Acc(5): 100.00
2023-06-19 16:41:26,205 - AUGCON - INFO - 	Validation Loss: 1.1207, Acc(1): 64.00, Acc(5): 100.00, F1: 0.15, Recall: 0.15, Precision: 0.14
2023-06-19 16:41:26,206 - AUGCON - INFO - Epoch [7/50]-(0/22) Loss: 1.2594, Acc(1): 25.00, Acc(5): 100.00
2023-06-19 16:41:26,206 - AUGCON - INFO - Epoch [7/50]-(5/22) Loss: 1.0760, Acc(1): 50.00, Acc(5): 100.00
2023-06-19 16:41:26,206 - AUGCON - INFO - Epoch [7/50]-(10/22) Loss: 0.9109, Acc(1): 75.00, Acc(5): 100.00
2023-06-19 16:41:26,206 - AUGCON - INFO - Epoch [7/50]-(15/22) Loss: 1.1981, Acc(1): 50.00, Acc(5): 100.00
2023-06-19 16:41:26,206 - AUGCON - INFO - Epoch [7/50]-(20/22) Loss: 1.1702, Acc(1): 75.00, Acc(5): 100.00
2023-06-19 16:41:26,206 - AUGCON - INFO - 	Validation Loss: 1.1014, Acc(1): 74.00, Acc(5): 100.00, F1: 0.19, Recall: 0.18, Precision: 0.19
2023-06-19 16:41:26,206 - AUGCON - INFO - Epoch [8/50]-(0/22) Loss: 1.2132, Acc(1): 75.00, Acc(5): 100.00
2023-06-19 16:41:26,207 - AUGCON - INFO - Epoch [8/50]-(5/22) Loss: 1.3625, Acc(1): 50.00, Acc(5): 100.00
2023-06-19 16:41:26,207 - AUGCON - INFO - Epoch [8/50]-(10/22) Loss: 1.0860, Acc(1): 75.00, Acc(5): 100.00
2023-06-19 16:41:26,207 - AUGCON - INFO - Epoch [8/50]-(15/22) Loss: 0.9624, Acc(1): 75.00, Acc(5): 100.00
2023-06-19 16:41:26,207 - AUGCON - INFO - Epoch [8/50]-(20/22) Loss: 0.8575, Acc(1): 75.00, Acc(5): 100.00
2023-06-19 16:41:26,207 - AUGCON - INFO - 	Validation Loss: 1.0569, Acc(1): 65.00, Acc(5): 100.00, F1: 0.16, Recall: 0.14, Precision: 0.19
2023-06-19 16:41:26,207 - AUGCON - INFO - Epoch [9/50]-(0/22) Loss: 0.4912, Acc(1): 100.00, Acc(5): 100.00
2023-06-19 16:41:26,207 - AUGCON - INFO - Epoch [9/50]-(5/22) Loss: 1.3069, Acc(1): 50.00, Acc(5): 100.00
2023-06-19 16:41:26,207 - AUGCON - INFO - Epoch [9/50]-(10/22) Loss: 1.0258, Acc(1): 75.00, Acc(5): 100.00
2023-06-19 16:41:26,207 - AUGCON - INFO - Epoch [9/50]-(15/22) Loss: 1.1584, Acc(1): 50.00, Acc(5): 100.00
2023-06-19 16:41:26,207 - AUGCON - INFO - Epoch [9/50]-(20/22) Loss: 1.3715, Acc(1): 50.00, Acc(5): 100.00
2023-06-19 16:41:26,207 - AUGCON - INFO - 	Validation Loss: 1.0517, Acc(1): 70.00, Acc(5): 100.00, F1: 0.18, Recall: 0.19, Precision: 0.18
2023-06-19 16:41:26,207 - AUGCON - INFO - Epoch [10/50]-(0/22) Loss: 1.0519, Acc(1): 100.00, Acc(5): 100.00
2023-06-19 16:41:26,208 - AUGCON - INFO - Epoch [10/50]-(5/22) Loss: 1.3806, Acc(1): 75.00, Acc(5): 100.00
2023-06-19 16:41:26,208 - AUGCON - INFO - Epoch [10/50]-(10/22) Loss: 1.0808, Acc(1): 50.00, Acc(5): 100.00
2023-06-19 16:41:26,208 - AUGCON - INFO - Epoch [10/50]-(15/22) Loss: 1.0349, Acc(1): 50.00, Acc(5): 100.00
2023-06-19 16:41:26,208 - AUGCON - INFO - Epoch [10/50]-(20/22) Loss: 1.1241, Acc(1): 50.00, Acc(5): 100.00
2023-06-19 16:41:26,208 - AUGCON - INFO - 	Validation Loss: 1.0188, Acc(1): 73.00, Acc(5): 100.00, F1: 0.19, Recall: 0.17, Precision: 0.22
2023-06-19 16:41:26,208 - AUGCON - INFO - Epoch [11/50]-(0/22) Loss: 1.1107, Acc(1): 75.00, Acc(5): 100.00
2023-06-19 16:41:26,208 - AUGCON - INFO - Epoch [11/50]-(5/22) Loss: 0.9224, Acc(1): 75.00, Acc(5): 100.00
2023-06-19 16:41:26,208 - AUGCON - INFO - Epoch [11/50]-(10/22) Loss: 0.8127, Acc(1): 75.00, Acc(5): 100.00
2023-06-19 16:41:26,208 - AUGCON - INFO - Epoch [11/50]-(15/22) Loss: 1.1649, Acc(1): 25.00, Acc(5): 100.00
2023-06-19 16:41:26,208 - AUGCON - INFO - Epoch [11/50]-(20/22) Loss: 0.6065, Acc(1): 100.00, Acc(5): 100.00
2023-06-19 16:41:26,209 - AUGCON - INFO - 	Validation Loss: 1.0345, Acc(1): 65.00, Acc(5): 100.00, F1: 0.17, Recall: 0.17, Precision: 0.18
2023-06-19 16:41:26,209 - AUGCON - INFO - Epoch [12/50]-(0/22) Loss: 0.7279, Acc(1): 75.00, Acc(5): 100.00
2023-06-19 16:41:26,209 - AUGCON - INFO - Epoch [12/50]-(5/22) Loss: 1.1411, Acc(1): 75.00, Acc(5): 100.00
2023-06-19 16:41:26,209 - AUGCON - INFO - Epoch [12/50]-(10/22) Loss: 1.5137, Acc(1): 50.00, Acc(5): 100.00
2023-06-19 16:41:26,209 - AUGCON - INFO - Epoch [12/50]-(15/22) Loss: 0.9109, Acc(1): 50.00, Acc(5): 100.00
2023-06-19 16:41:26,209 - AUGCON - INFO - Epoch [12/50]-(20/22) Loss: 0.9067, Acc(1): 75.00, Acc(5): 100.00
2023-06-19 16:41:26,209 - AUGCON - INFO - 	Validation Loss: 0.9905, Acc(1): 76.00, Acc(5): 100.00, F1: 0.19, Recall: 0.19, Precision: 0.18
2023-06-19 16:41:26,209 - AUGCON - INFO - Epoch [13/50]-(0/22) Loss: 0.8985, Acc(1): 75.00, Acc(5): 100.00
2023-06-19 16:41:26,209 - AUGCON - INFO - Epoch [13/50]-(5/22) Loss: 1.4569, Acc(1): 50.00, Acc(5): 100.00
2023-06-19 16:41:26,209 - AUGCON - INFO - Epoch [13/50]-(10/22) Loss: 0.6725, Acc(1): 100.00, Acc(5): 100.00
2023-06-19 16:41:26,209 - AUGCON - INFO - Epoch [13/50]-(15/22) Loss: 0.7257, Acc(1): 100.00, Acc(5): 100.00
2023-06-19 16:41:26,209 - AUGCON - INFO - Epoch [13/50]-(20/22) Loss: 1.4541, Acc(1): 25.00, Acc(5): 100.00
2023-06-19 16:41:26,210 - AUGCON - INFO - 	Validation Loss: 1.0302, Acc(1): 62.00, Acc(5): 100.00, F1: 0.15, Recall: 0.17, Precision: 0.14
2023-06-19 16:41:26,210 - AUGCON - INFO - Epoch [14/50]-(0/22) Loss: 0.6813, Acc(1): 50.00, Acc(5): 100.00
2023-06-19 16:41:26,210 - AUGCON - INFO - Epoch [14/50]-(5/22) Loss: 0.8223, Acc(1): 75.00, Acc(5): 100.00
2023-06-19 16:41:26,210 - AUGCON - INFO - Epoch [14/50]-(10/22) Loss: 0.9416, Acc(1): 75.00, Acc(5): 100.00
2023-06-19 16:41:26,210 - AUGCON - INFO - Epoch [14/50]-(15/22) Loss: 0.5961, Acc(1): 100.00, Acc(5): 100.00
2023-06-19 16:41:26,210 - AUGCON - INFO - Epoch [14/50]-(20/22) Loss: 1.1110, Acc(1): 100.00, Acc(5): 100.00
2023-06-19 16:41:26,210 - AUGCON - INFO - 	Validation Loss: 0.9763, Acc(1): 76.00, Acc(5): 100.00, F1: 0.19, Recall: 0.18, Precision: 0.20
2023-06-19 16:41:26,210 - AUGCON - INFO - Epoch [15/50]-(0/22) Loss: 0.7913, Acc(1): 100.00, Acc(5): 100.00
2023-06-19 16:41:26,210 - AUGCON - INFO - Epoch [15/50]-(5/22) Loss: 0.5011, Acc(1): 100.00, Acc(5): 100.00
2023-06-19 16:41:26,210 - AUGCON - INFO - Epoch [15/50]-(10/22) Loss: 0.5251, Acc(1): 100.00, Acc(5): 100.00
2023-06-19 16:41:26,210 - AUGCON - INFO - Epoch [15/50]-(15/22) Loss: 1.0131, Acc(1): 50.00, Acc(5): 100.00
2023-06-19 16:41:26,211 - AUGCON - INFO - Epoch [15/50]-(20/22) Loss: 0.6554, Acc(1): 100.00, Acc(5): 100.00
2023-06-19 16:41:26,211 - AUGCON - INFO - 	Validation Loss: 0.9345, Acc(1): 79.00, Acc(5): 100.00, F1: 0.20, Recall: 0.20, Precision: 0.21
2023-06-19 16:41:26,211 - AUGCON - INFO - Epoch [16/50]-(0/22) Loss: 0.8258, Acc(1): 75.00, Acc(5): 100.00
2023-06-19 16:41:26,211 - AUGCON - INFO - Epoch [16/50]-(5/22) Loss: 0.7022, Acc(1): 75.00, Acc(5): 100.00
2023-06-19 16:41:26,211 - AUGCON - INFO - Epoch [16/50]-(10/22) Loss: 0.7388, Acc(1): 75.00, Acc(5): 100.00
2023-06-19 16:41:26,211 - AUGCON - INFO - Epoch [16/50]-(15/22) Loss: 0.8206, Acc(1): 50.00, Acc(5): 100.00
2023-06-19 16:41:26,211 - AUGCON - INFO - Epoch [16/50]-(20/22) Loss: 1.6090, Acc(1): 25.00, Acc(5): 100.00
2023-06-19 16:41:26,211 - AUGCON - INFO - 	Validation Loss: 0.9682, Acc(1): 75.00, Acc(5): 100.00, F1: 0.19, Recall: 0.19, Precision: 0.18
2023-06-19 16:41:26,211 - AUGCON - INFO - Epoch [17/50]-(0/22) Loss: 0.5378, Acc(1): 100.00, Acc(5): 100.00
2023-06-19 16:41:26,211 - AUGCON - INFO - Epoch [17/50]-(5/22) Loss: 1.4185, Acc(1): 0.00, Acc(5): 100.00
2023-06-19 16:41:26,211 - AUGCON - INFO - Epoch [17/50]-(10/22) Loss: 0.9233, Acc(1): 50.00, Acc(5): 100.00
2023-06-19 16:41:26,211 - AUGCON - INFO - Epoch [17/50]-(15/22) Loss: 1.1323, Acc(1): 75.00, Acc(5): 100.00
2023-06-19 16:41:26,212 - AUGCON - INFO - Epoch [17/50]-(20/22) Loss: 0.3041, Acc(1): 100.00, Acc(5): 100.00
2023-06-19 16:41:26,212 - AUGCON - INFO - 	Validation Loss: 0.9427, Acc(1): 64.00, Acc(5): 100.00, F1: 0.16, Recall: 0.14, Precision: 0.18
2023-06-19 16:41:26,212 - AUGCON - INFO - Epoch [18/50]-(0/22) Loss: 1.3109, Acc(1): 50.00, Acc(5): 100.00
2023-06-19 16:41:26,212 - AUGCON - INFO - Epoch [18/50]-(5/22) Loss: 0.4503, Acc(1): 100.00, Acc(5): 100.00
2023-06-19 16:41:26,212 - AUGCON - INFO - Epoch [18/50]-(10/22) Loss: 1.2079, Acc(1): 50.00, Acc(5): 100.00
2023-06-19 16:41:26,212 - AUGCON - INFO - Epoch [18/50]-(15/22) Loss: 1.1832, Acc(1): 75.00, Acc(5): 100.00
2023-06-19 16:41:26,212 - AUGCON - INFO - Epoch [18/50]-(20/22) Loss: 1.2566, Acc(1): 50.00, Acc(5): 100.00
2023-06-19 16:41:26,212 - AUGCON - INFO - 	Validation Loss: 0.9364, Acc(1): 75.00, Acc(5): 100.00, F1: 0.20, Recall: 0.19, Precision: 0.20
2023-06-19 16:41:26,212 - AUGCON - INFO - Epoch [19/50]-(0/22) Loss: 0.7828, Acc(1): 75.00, Acc(5): 100.00
2023-06-19 16:41:26,212 - AUGCON - INFO - Epoch [19/50]-(5/22) Loss: 0.9433, Acc(1): 50.00, Acc(5): 100.00
2023-06-19 16:41:26,212 - AUGCON - INFO - Epoch [19/50]-(10/22) Loss: 0.6608, Acc(1): 100.00, Acc(5): 100.00
2023-06-19 16:41:26,213 - AUGCON - INFO - Epoch [19/50]-(15/22) Loss: 1.0879, Acc(1): 50.00, Acc(5): 100.00
2023-06-19 16:41:26,213 - AUGCON - INFO - Epoch [19/50]-(20/22) Loss: 0.6832, Acc(1): 75.00, Acc(5): 100.00
2023-06-19 16:41:26,213 - AUGCON - INFO - 	Validation Loss: 0.9261, Acc(1): 71.00, Acc(5): 100.00, F1: 0.16, Recall: 0.17, Precision: 0.16
2023-06-19 16:41:26,213 - AUGCON - INFO - Epoch [20/50]-(0/22) Loss: 0.7035, Acc(1): 100.00, Acc(5): 100.00
2023-06-19 16:41:26,213 - AUGCON - INFO - Epoch [20/50]-(5/22) Loss: 0.6905, Acc(1): 75.00, Acc(5): 100.00
2023-06-19 16:41:26,213 - AUGCON - INFO - Epoch [20/50]-(10/22) Loss: 1.0079, Acc(1): 50.00, Acc(5): 100.00
2023-06-19 16:41:26,213 - AUGCON - INFO - Epoch [20/50]-(15/22) Loss: 0.9427, Acc(1): 75.00, Acc(5): 100.00
2023-06-19 16:41:26,213 - AUGCON - INFO - Epoch [20/50]-(20/22) Loss: 0.9740, Acc(1): 100.00, Acc(5): 100.00
2023-06-19 16:41:26,213 - AUGCON - INFO - 	Validation Loss: 0.9047, Acc(1): 78.00, Acc(5): 100.00, F1: 0.20, Recall: 0.20, Precision: 0.20
2023-06-19 16:41:26,213 - AUGCON - INFO - Epoch [21/50]-(0/22) Loss: 0.4916, Acc(1): 100.00, Acc(5): 100.00
2023-06-19 16:41:26,213 - AUGCON - INFO - Epoch [21/50]-(5/22) Loss: 0.9252, Acc(1): 75.00, Acc(5): 100.00
2023-06-19 16:41:26,213 - AUGCON - INFO - Epoch [21/50]-(10/22) Loss: 0.6385, Acc(1): 75.00, Acc(5): 100.00
2023-06-19 16:41:26,214 - AUGCON - INFO - Epoch [21/50]-(15/22) Loss: 0.1982, Acc(1): 100.00, Acc(5): 100.00
2023-06-19 16:41:26,214 - AUGCON - INFO - Epoch [21/50]-(20/22) Loss: 1.0221, Acc(1): 50.00, Acc(5): 100.00
2023-06-19 16:41:26,214 - AUGCON - INFO - 	Validation Loss: 0.9168, Acc(1): 79.00, Acc(5): 100.00, F1: 0.20, Recall: 0.19, Precision: 0.20
2023-06-19 16:41:26,214 - AUGCON - INFO - Epoch [22/50]-(0/22) Loss: 1.0459, Acc(1): 75.00, Acc(5): 100.00
2023-06-19 16:41:26,214 - AUGCON - INFO - Epoch [22/50]-(5/22) Loss: 0.4927, Acc(1): 100.00, Acc(5): 100.00
2023-06-19 16:41:26,214 - AUGCON - INFO - Epoch [22/50]-(10/22) Loss: 0.7246, Acc(1): 75.00, Acc(5): 100.00
2023-06-19 16:41:26,214 - AUGCON - INFO - Epoch [22/50]-(15/22) Loss: 1.0227, Acc(1): 50.00, Acc(5): 100.00
2023-06-19 16:41:26,214 - AUGCON - INFO - Epoch [22/50]-(20/22) Loss: 1.0191, Acc(1): 50.00, Acc(5): 100.00
2023-06-19 16:41:26,214 - AUGCON - INFO - 	Validation Loss: 0.8927, Acc(1): 69.00, Acc(5): 100.00, F1: 0.16, Recall: 0.18, Precision: 0.15
2023-06-19 16:41:26,214 - AUGCON - INFO - Epoch [23/50]-(0/22) Loss: 0.4570, Acc(1): 100.00, Acc(5): 100.00
2023-06-19 16:41:26,214 - AUGCON - INFO - Epoch [23/50]-(5/22) Loss: 1.1052, Acc(1): 50.00, Acc(5): 100.00
2023-06-19 16:41:26,214 - AUGCON - INFO - Epoch [23/50]-(10/22) Loss: 1.0915, Acc(1): 75.00, Acc(5): 100.00
2023-06-19 16:41:26,215 - AUGCON - INFO - Epoch [23/50]-(15/22) Loss: 0.9403, Acc(1): 75.00, Acc(5): 100.00
2023-06-19 16:41:26,215 - AUGCON - INFO - Epoch [23/50]-(20/22) Loss: 0.7966, Acc(1): 75.00, Acc(5): 100.00
2023-06-19 16:41:26,215 - AUGCON - INFO - 	Validation Loss: 0.9381, Acc(1): 58.00, Acc(5): 100.00, F1: 0.14, Recall: 0.15, Precision: 0.13
2023-06-19 16:41:26,215 - AUGCON - INFO - Epoch [24/50]-(0/22) Loss: 0.9217, Acc(1): 50.00, Acc(5): 100.00
2023-06-19 16:41:26,215 - AUGCON - INFO - Epoch [24/50]-(5/22) Loss: 1.0532, Acc(1): 50.00, Acc(5): 100.00
2023-06-19 16:41:26,215 - AUGCON - INFO - Epoch [24/50]-(10/22) Loss: 0.9337, Acc(1): 50.00, Acc(5): 100.00
2023-06-19 16:41:26,215 - AUGCON - INFO - Epoch [24/50]-(15/22) Loss: 0.4032, Acc(1): 100.00, Acc(5): 100.00
2023-06-19 16:41:26,215 - AUGCON - INFO - Epoch [24/50]-(20/22) Loss: 0.9806, Acc(1): 50.00, Acc(5): 100.00
2023-06-19 16:41:26,215 - AUGCON - INFO - 	Validation Loss: 0.8918, Acc(1): 77.00, Acc(5): 100.00, F1: 0.19, Recall: 0.18, Precision: 0.19
2023-06-19 16:41:26,215 - AUGCON - INFO - Epoch [25/50]-(0/22) Loss: 0.8355, Acc(1): 75.00, Acc(5): 100.00
2023-06-19 16:41:26,215 - AUGCON - INFO - Epoch [25/50]-(5/22) Loss: 0.7242, Acc(1): 75.00, Acc(5): 100.00
2023-06-19 16:41:26,215 - AUGCON - INFO - Epoch [25/50]-(10/22) Loss: 0.8871, Acc(1): 75.00, Acc(5): 100.00
2023-06-19 16:41:26,216 - AUGCON - INFO - Epoch [25/50]-(15/22) Loss: 0.5338, Acc(1): 100.00, Acc(5): 100.00
2023-06-19 16:41:26,216 - AUGCON - INFO - Epoch [25/50]-(20/22) Loss: 0.8143, Acc(1): 100.00, Acc(5): 100.00
2023-06-19 16:41:26,216 - AUGCON - INFO - 	Validation Loss: 0.8800, Acc(1): 76.00, Acc(5): 100.00, F1: 0.19, Recall: 0.20, Precision: 0.19
2023-06-19 16:41:26,216 - AUGCON - INFO - Epoch [26/50]-(0/22) Loss: 0.4841, Acc(1): 100.00, Acc(5): 100.00
2023-06-19 16:41:26,216 - AUGCON - INFO - Epoch [26/50]-(5/22) Loss: 0.9759, Acc(1): 75.00, Acc(5): 100.00
2023-06-19 16:41:26,216 - AUGCON - INFO - Epoch [26/50]-(10/22) Loss: 1.2675, Acc(1): 25.00, Acc(5): 100.00
2023-06-19 16:41:26,216 - AUGCON - INFO - Epoch [26/50]-(15/22) Loss: 0.6189, Acc(1): 100.00, Acc(5): 100.00
2023-06-19 16:41:26,216 - AUGCON - INFO - Epoch [26/50]-(20/22) Loss: 0.5399, Acc(1): 100.00, Acc(5): 100.00
2023-06-19 16:41:26,216 - AUGCON - INFO - 	Validation Loss: 0.8472, Acc(1): 78.00, Acc(5): 100.00, F1: 0.20, Recall: 0.20, Precision: 0.19
2023-06-19 16:41:26,216 - AUGCON - INFO - Epoch [27/50]-(0/22) Loss: 0.8174, Acc(1): 50.00, Acc(5): 100.00
2023-06-19 16:41:26,216 - AUGCON - INFO - Epoch [27/50]-(5/22) Loss: 0.8832, Acc(1): 75.00, Acc(5): 100.00
2023-06-19 16:41:26,216 - AUGCON - INFO - Epoch [27/50]-(10/22) Loss: 0.7255, Acc(1): 75.00, Acc(5): 100.00
2023-06-19 16:41:26,217 - AUGCON - INFO - Epoch [27/50]-(15/22) Loss: 0.6308, Acc(1): 75.00, Acc(5): 100.00
2023-06-19 16:41:26,217 - AUGCON - INFO - Epoch [27/50]-(20/22) Loss: 0.6272, Acc(1): 100.00, Acc(5): 100.00
2023-06-19 16:41:26,217 - AUGCON - INFO - 	Validation Loss: 0.8414, Acc(1): 79.00, Acc(5): 100.00, F1: 0.19, Recall: 0.18, Precision: 0.20
2023-06-19 16:41:26,217 - AUGCON - INFO - Epoch [28/50]-(0/22) Loss: 0.2754, Acc(1): 75.00, Acc(5): 100.00
2023-06-19 16:41:26,217 - AUGCON - INFO - Epoch [28/50]-(5/22) Loss: 0.8773, Acc(1): 50.00, Acc(5): 100.00
2023-06-19 16:41:26,217 - AUGCON - INFO - Epoch [28/50]-(10/22) Loss: 1.1413, Acc(1): 50.00, Acc(5): 100.00
2023-06-19 16:41:26,217 - AUGCON - INFO - Epoch [28/50]-(15/22) Loss: 0.4973, Acc(1): 100.00, Acc(5): 100.00
2023-06-19 16:41:26,217 - AUGCON - INFO - Epoch [28/50]-(20/22) Loss: 0.8084, Acc(1): 75.00, Acc(5): 100.00
2023-06-19 16:41:26,217 - AUGCON - INFO - 	Validation Loss: 0.8295, Acc(1): 80.00, Acc(5): 100.00, F1: 0.19, Recall: 0.20, Precision: 0.19
2023-06-19 16:41:26,217 - AUGCON - INFO - Epoch [29/50]-(0/22) Loss: 0.9692, Acc(1): 75.00, Acc(5): 100.00
2023-06-19 16:41:26,217 - AUGCON - INFO - Epoch [29/50]-(5/22) Loss: 0.9136, Acc(1): 75.00, Acc(5): 100.00
2023-06-19 16:41:26,218 - AUGCON - INFO - Epoch [29/50]-(10/22) Loss: 0.5553, Acc(1): 100.00, Acc(5): 100.00
2023-06-19 16:41:26,218 - AUGCON - INFO - Epoch [29/50]-(15/22) Loss: 0.8114, Acc(1): 75.00, Acc(5): 100.00
2023-06-19 16:41:26,218 - AUGCON - INFO - Epoch [29/50]-(20/22) Loss: 0.9073, Acc(1): 75.00, Acc(5): 100.00
2023-06-19 16:41:26,218 - AUGCON - INFO - 	Validation Loss: 0.8547, Acc(1): 78.00, Acc(5): 100.00, F1: 0.19, Recall: 0.19, Precision: 0.19
2023-06-19 16:41:26,218 - AUGCON - INFO - Epoch [30/50]-(0/22) Loss: 0.6512, Acc(1): 75.00, Acc(5): 100.00
2023-06-19 16:41:26,218 - AUGCON - INFO - Epoch [30/50]-(5/22) Loss: 0.9420, Acc(1): 75.00, Acc(5): 100.00
2023-06-19 16:41:26,218 - AUGCON - INFO - Epoch [30/50]-(10/22) Loss: 0.4722, Acc(1): 75.00, Acc(5): 100.00
2023-06-19 16:41:26,218 - AUGCON - INFO - Epoch [30/50]-(15/22) Loss: 1.2191, Acc(1): 75.00, Acc(5): 100.00
2023-06-19 16:41:26,218 - AUGCON - INFO - Epoch [30/50]-(20/22) Loss: 0.3873, Acc(1): 100.00, Acc(5): 100.00
2023-06-19 16:41:26,218 - AUGCON - INFO - 	Validation Loss: 0.8289, Acc(1): 78.00, Acc(5): 100.00, F1: 0.19, Recall: 0.19, Precision: 0.20
2023-06-19 16:41:26,218 - AUGCON - INFO - Epoch [31/50]-(0/22) Loss: 1.2388, Acc(1): 75.00, Acc(5): 100.00
2023-06-19 16:41:26,219 - AUGCON - INFO - Epoch [31/50]-(5/22) Loss: 0.7108, Acc(1): 75.00, Acc(5): 100.00
2023-06-19 16:41:26,219 - AUGCON - INFO - Epoch [31/50]-(10/22) Loss: 0.7233, Acc(1): 75.00, Acc(5): 100.00
2023-06-19 16:41:26,219 - AUGCON - INFO - Epoch [31/50]-(15/22) Loss: 0.5424, Acc(1): 75.00, Acc(5): 100.00
2023-06-19 16:41:26,219 - AUGCON - INFO - Epoch [31/50]-(20/22) Loss: 0.5286, Acc(1): 75.00, Acc(5): 100.00
2023-06-19 16:41:26,219 - AUGCON - INFO - 	Validation Loss: 0.8480, Acc(1): 76.00, Acc(5): 100.00, F1: 0.19, Recall: 0.20, Precision: 0.19
2023-06-19 16:41:26,219 - AUGCON - INFO - Epoch [32/50]-(0/22) Loss: 0.6286, Acc(1): 75.00, Acc(5): 100.00
2023-06-19 16:41:26,219 - AUGCON - INFO - Epoch [32/50]-(5/22) Loss: 0.7417, Acc(1): 75.00, Acc(5): 100.00
2023-06-19 16:41:26,219 - AUGCON - INFO - Epoch [32/50]-(10/22) Loss: 0.6125, Acc(1): 100.00, Acc(5): 100.00
2023-06-19 16:41:26,219 - AUGCON - INFO - Epoch [32/50]-(15/22) Loss: 0.5391, Acc(1): 75.00, Acc(5): 100.00
2023-06-19 16:41:26,219 - AUGCON - INFO - Epoch [32/50]-(20/22) Loss: 1.2243, Acc(1): 50.00, Acc(5): 100.00
2023-06-19 16:41:26,219 - AUGCON - INFO - 	Validation Loss: 0.8704, Acc(1): 69.00, Acc(5): 100.00, F1: 0.17, Recall: 0.17, Precision: 0.17
2023-06-19 16:41:26,220 - AUGCON - INFO - Epoch [33/50]-(0/22) Loss: 0.8325, Acc(1): 75.00, Acc(5): 100.00
2023-06-19 16:41:26,220 - AUGCON - INFO - Epoch [33/50]-(5/22) Loss: 0.9651, Acc(1): 50.00, Acc(5): 100.00
2023-06-19 16:41:26,220 - AUGCON - INFO - Epoch [33/50]-(10/22) Loss: 0.2117, Acc(1): 100.00, Acc(5): 100.00
2023-06-19 16:41:26,220 - AUGCON - INFO - Epoch [33/50]-(15/22) Loss: 0.9898, Acc(1): 50.00, Acc(5): 100.00
2023-06-19 16:41:26,220 - AUGCON - INFO - Epoch [33/50]-(20/22) Loss: 0.7913, Acc(1): 75.00, Acc(5): 100.00
2023-06-19 16:41:26,220 - AUGCON - INFO - 	Validation Loss: 0.7995, Acc(1): 79.00, Acc(5): 100.00, F1: 0.20, Recall: 0.19, Precision: 0.20
2023-06-19 16:41:26,220 - AUGCON - INFO - Epoch [34/50]-(0/22) Loss: 0.0795, Acc(1): 100.00, Acc(5): 100.00
2023-06-19 16:41:26,220 - AUGCON - INFO - Epoch [34/50]-(5/22) Loss: 1.3280, Acc(1): 50.00, Acc(5): 100.00
2023-06-19 16:41:26,220 - AUGCON - INFO - Epoch [34/50]-(10/22) Loss: 0.4421, Acc(1): 75.00, Acc(5): 100.00
2023-06-19 16:41:26,220 - AUGCON - INFO - Epoch [34/50]-(15/22) Loss: 0.2940, Acc(1): 100.00, Acc(5): 100.00
2023-06-19 16:41:26,220 - AUGCON - INFO - Epoch [34/50]-(20/22) Loss: 1.0654, Acc(1): 50.00, Acc(5): 100.00
2023-06-19 16:41:26,220 - AUGCON - INFO - 	Validation Loss: 0.8495, Acc(1): 73.00, Acc(5): 100.00, F1: 0.18, Recall: 0.18, Precision: 0.17
2023-06-19 16:41:26,220 - AUGCON - INFO - Epoch [35/50]-(0/22) Loss: 0.8022, Acc(1): 100.00, Acc(5): 100.00
2023-06-19 16:41:26,220 - AUGCON - INFO - Epoch [35/50]-(5/22) Loss: 0.9243, Acc(1): 50.00, Acc(5): 100.00
2023-06-19 16:41:26,220 - AUGCON - INFO - Epoch [35/50]-(10/22) Loss: 1.0124, Acc(1): 50.00, Acc(5): 100.00
2023-06-19 16:41:26,220 - AUGCON - INFO - Epoch [35/50]-(15/22) Loss: 1.4147, Acc(1): 25.00, Acc(5): 100.00
2023-06-19 16:41:26,221 - AUGCON - INFO - Epoch [35/50]-(20/22) Loss: 0.3969, Acc(1): 100.00, Acc(5): 100.00
2023-06-19 16:41:26,221 - AUGCON - INFO - 	Validation Loss: 0.8328, Acc(1): 75.00, Acc(5): 100.00, F1: 0.19, Recall: 0.20, Precision: 0.19
2023-06-19 16:41:26,221 - AUGCON - INFO - Epoch [36/50]-(0/22) Loss: 0.7410, Acc(1): 75.00, Acc(5): 100.00
2023-06-19 16:41:26,221 - AUGCON - INFO - Epoch [36/50]-(5/22) Loss: 0.8212, Acc(1): 75.00, Acc(5): 100.00
2023-06-19 16:41:26,221 - AUGCON - INFO - Epoch [36/50]-(10/22) Loss: 0.5904, Acc(1): 75.00, Acc(5): 100.00
2023-06-19 16:41:26,221 - AUGCON - INFO - Epoch [36/50]-(15/22) Loss: 0.4258, Acc(1): 75.00, Acc(5): 100.00
2023-06-19 16:41:26,221 - AUGCON - INFO - Epoch [36/50]-(20/22) Loss: 0.9402, Acc(1): 75.00, Acc(5): 100.00
2023-06-19 16:41:26,221 - AUGCON - INFO - 	Validation Loss: 0.8132, Acc(1): 76.00, Acc(5): 100.00, F1: 0.19, Recall: 0.19, Precision: 0.19
2023-06-19 16:41:26,221 - AUGCON - INFO - Epoch [37/50]-(0/22) Loss: 0.1316, Acc(1): 100.00, Acc(5): 100.00
2023-06-19 16:41:26,221 - AUGCON - INFO - Epoch [37/50]-(5/22) Loss: 0.4895, Acc(1): 100.00, Acc(5): 100.00
2023-06-19 16:41:26,221 - AUGCON - INFO - Epoch [37/50]-(10/22) Loss: 0.7682, Acc(1): 75.00, Acc(5): 100.00
2023-06-19 16:41:26,221 - AUGCON - INFO - Epoch [37/50]-(15/22) Loss: 0.4152, Acc(1): 100.00, Acc(5): 100.00
2023-06-19 16:41:26,221 - AUGCON - INFO - Epoch [37/50]-(20/22) Loss: 0.5869, Acc(1): 75.00, Acc(5): 100.00
2023-06-19 16:41:26,221 - AUGCON - INFO - 	Validation Loss: 0.7992, Acc(1): 77.00, Acc(5): 100.00, F1: 0.19, Recall: 0.19, Precision: 0.19
2023-06-19 16:41:26,221 - AUGCON - INFO - Epoch [38/50]-(0/22) Loss: 0.5975, Acc(1): 75.00, Acc(5): 100.00
2023-06-19 16:41:26,221 - AUGCON - INFO - Epoch [38/50]-(5/22) Loss: 0.4248, Acc(1): 100.00, Acc(5): 100.00
2023-06-19 16:41:26,222 - AUGCON - INFO - Epoch [38/50]-(10/22) Loss: 0.3311, Acc(1): 100.00, Acc(5): 100.00
2023-06-19 16:41:26,222 - AUGCON - INFO - Epoch [38/50]-(15/22) Loss: 0.4543, Acc(1): 75.00, Acc(5): 100.00
2023-06-19 16:41:26,222 - AUGCON - INFO - Epoch [38/50]-(20/22) Loss: 0.6120, Acc(1): 100.00, Acc(5): 100.00
2023-06-19 16:41:26,222 - AUGCON - INFO - 	Validation Loss: 0.8229, Acc(1): 80.00, Acc(5): 100.00, F1: 0.20, Recall: 0.20, Precision: 0.21
2023-06-19 16:41:26,222 - AUGCON - INFO - Epoch [39/50]-(0/22) Loss: 0.6675, Acc(1): 75.00, Acc(5): 100.00
2023-06-19 16:41:26,222 - AUGCON - INFO - Epoch [39/50]-(5/22) Loss: 0.8290, Acc(1): 100.00, Acc(5): 100.00
2023-06-19 16:41:26,222 - AUGCON - INFO - Epoch [39/50]-(10/22) Loss: 0.7799, Acc(1): 50.00, Acc(5): 100.00
2023-06-19 16:41:26,222 - AUGCON - INFO - Epoch [39/50]-(15/22) Loss: 0.5867, Acc(1): 75.00, Acc(5): 100.00
2023-06-19 16:41:26,222 - AUGCON - INFO - Epoch [39/50]-(20/22) Loss: 0.5822, Acc(1): 100.00, Acc(5): 100.00
2023-06-19 16:41:26,222 - AUGCON - INFO - 	Validation Loss: 0.8099, Acc(1): 81.00, Acc(5): 100.00, F1: 0.20, Recall: 0.20, Precision: 0.20
2023-06-19 16:41:26,222 - AUGCON - INFO - Epoch [40/50]-(0/22) Loss: 0.5827, Acc(1): 75.00, Acc(5): 100.00
2023-06-19 16:41:26,222 - AUGCON - INFO - Epoch [40/50]-(5/22) Loss: 0.5947, Acc(1): 100.00, Acc(5): 100.00
2023-06-19 16:41:26,222 - AUGCON - INFO - Epoch [40/50]-(10/22) Loss: 0.4040, Acc(1): 100.00, Acc(5): 100.00
2023-06-19 16:41:26,222 - AUGCON - INFO - Epoch [40/50]-(15/22) Loss: 0.9094, Acc(1): 50.00, Acc(5): 100.00
2023-06-19 16:41:26,222 - AUGCON - INFO - Epoch [40/50]-(20/22) Loss: 0.6163, Acc(1): 100.00, Acc(5): 100.00
2023-06-19 16:41:26,222 - AUGCON - INFO - 	Validation Loss: 0.8182, Acc(1): 74.00, Acc(5): 100.00, F1: 0.19, Recall: 0.18, Precision: 0.19
2023-06-19 16:41:26,223 - AUGCON - INFO - Epoch [41/50]-(0/22) Loss: 0.8753, Acc(1): 100.00, Acc(5): 100.00
2023-06-19 16:41:26,223 - AUGCON - INFO - Epoch [41/50]-(5/22) Loss: 0.5634, Acc(1): 100.00, Acc(5): 100.00
2023-06-19 16:41:26,223 - AUGCON - INFO - Epoch [41/50]-(10/22) Loss: 0.9713, Acc(1): 50.00, Acc(5): 100.00
2023-06-19 16:41:26,223 - AUGCON - INFO - Epoch [41/50]-(15/22) Loss: 0.6791, Acc(1): 75.00, Acc(5): 100.00
2023-06-19 16:41:26,223 - AUGCON - INFO - Epoch [41/50]-(20/22) Loss: 0.8924, Acc(1): 75.00, Acc(5): 100.00
2023-06-19 16:41:26,223 - AUGCON - INFO - 	Validation Loss: 0.7456, Acc(1): 82.00, Acc(5): 100.00, F1: 0.20, Recall: 0.20, Precision: 0.21
2023-06-19 16:41:26,223 - AUGCON - INFO - Epoch [42/50]-(0/22) Loss: 0.9562, Acc(1): 50.00, Acc(5): 100.00
2023-06-19 16:41:26,223 - AUGCON - INFO - Epoch [42/50]-(5/22) Loss: 0.5696, Acc(1): 100.00, Acc(5): 100.00
2023-06-19 16:41:26,223 - AUGCON - INFO - Epoch [42/50]-(10/22) Loss: 0.7772, Acc(1): 75.00, Acc(5): 100.00
2023-06-19 16:41:26,223 - AUGCON - INFO - Epoch [42/50]-(15/22) Loss: 0.2232, Acc(1): 100.00, Acc(5): 100.00
2023-06-19 16:41:26,223 - AUGCON - INFO - Epoch [42/50]-(20/22) Loss: 0.5583, Acc(1): 100.00, Acc(5): 100.00
2023-06-19 16:41:26,223 - AUGCON - INFO - 	Validation Loss: 0.8282, Acc(1): 79.00, Acc(5): 100.00, F1: 0.20, Recall: 0.20, Precision: 0.20
2023-06-19 16:41:26,223 - AUGCON - INFO - Epoch [43/50]-(0/22) Loss: 0.9651, Acc(1): 75.00, Acc(5): 100.00
2023-06-19 16:41:26,223 - AUGCON - INFO - Epoch [43/50]-(5/22) Loss: 0.6591, Acc(1): 75.00, Acc(5): 100.00
2023-06-19 16:41:26,223 - AUGCON - INFO - Epoch [43/50]-(10/22) Loss: 0.7530, Acc(1): 75.00, Acc(5): 100.00
2023-06-19 16:41:26,223 - AUGCON - INFO - Epoch [43/50]-(15/22) Loss: 0.7412, Acc(1): 100.00, Acc(5): 100.00
2023-06-19 16:41:26,224 - AUGCON - INFO - Epoch [43/50]-(20/22) Loss: 0.8556, Acc(1): 75.00, Acc(5): 100.00
2023-06-19 16:41:26,224 - AUGCON - INFO - 	Validation Loss: 0.7957, Acc(1): 80.00, Acc(5): 100.00, F1: 0.20, Recall: 0.20, Precision: 0.20
2023-06-19 16:41:26,224 - AUGCON - INFO - Epoch [44/50]-(0/22) Loss: 0.3697, Acc(1): 75.00, Acc(5): 100.00
2023-06-19 16:41:26,224 - AUGCON - INFO - Epoch [44/50]-(5/22) Loss: 0.3453, Acc(1): 100.00, Acc(5): 100.00
2023-06-19 16:41:26,224 - AUGCON - INFO - Epoch [44/50]-(10/22) Loss: 0.7160, Acc(1): 50.00, Acc(5): 100.00
2023-06-19 16:41:26,224 - AUGCON - INFO - Epoch [44/50]-(15/22) Loss: 0.1687, Acc(1): 100.00, Acc(5): 100.00
2023-06-19 16:41:26,224 - AUGCON - INFO - Epoch [44/50]-(20/22) Loss: 0.7369, Acc(1): 75.00, Acc(5): 100.00
2023-06-19 16:41:26,224 - AUGCON - INFO - 	Validation Loss: 0.7319, Acc(1): 76.00, Acc(5): 100.00, F1: 0.18, Recall: 0.18, Precision: 0.18
2023-06-19 16:41:26,224 - AUGCON - INFO - Epoch [45/50]-(0/22) Loss: 0.9182, Acc(1): 25.00, Acc(5): 100.00
2023-06-19 16:41:26,224 - AUGCON - INFO - Epoch [45/50]-(5/22) Loss: 0.6087, Acc(1): 75.00, Acc(5): 100.00
2023-06-19 16:41:26,224 - AUGCON - INFO - Epoch [45/50]-(10/22) Loss: 0.2531, Acc(1): 100.00, Acc(5): 100.00
2023-06-19 16:41:26,224 - AUGCON - INFO - Epoch [45/50]-(15/22) Loss: 0.5885, Acc(1): 75.00, Acc(5): 100.00
2023-06-19 16:41:26,224 - AUGCON - INFO - Epoch [45/50]-(20/22) Loss: 0.3596, Acc(1): 100.00, Acc(5): 100.00
2023-06-19 16:41:26,224 - AUGCON - INFO - 	Validation Loss: 0.8180, Acc(1): 79.00, Acc(5): 100.00, F1: 0.20, Recall: 0.20, Precision: 0.20
2023-06-19 16:41:26,224 - AUGCON - INFO - Epoch [46/50]-(0/22) Loss: 0.6457, Acc(1): 100.00, Acc(5): 100.00
2023-06-19 16:41:26,225 - AUGCON - INFO - Epoch [46/50]-(5/22) Loss: 0.1439, Acc(1): 100.00, Acc(5): 100.00
2023-06-19 16:41:26,225 - AUGCON - INFO - Epoch [46/50]-(10/22) Loss: 0.4808, Acc(1): 75.00, Acc(5): 100.00
2023-06-19 16:41:26,225 - AUGCON - INFO - Epoch [46/50]-(15/22) Loss: 0.6537, Acc(1): 75.00, Acc(5): 100.00
2023-06-19 16:41:26,225 - AUGCON - INFO - Epoch [46/50]-(20/22) Loss: 0.6298, Acc(1): 100.00, Acc(5): 100.00
2023-06-19 16:41:26,225 - AUGCON - INFO - 	Validation Loss: 0.7940, Acc(1): 82.00, Acc(5): 100.00, F1: 0.20, Recall: 0.20, Precision: 0.21
2023-06-19 16:41:26,225 - AUGCON - INFO - Epoch [47/50]-(0/22) Loss: 0.6481, Acc(1): 75.00, Acc(5): 100.00
2023-06-19 16:41:26,225 - AUGCON - INFO - Epoch [47/50]-(5/22) Loss: 0.6154, Acc(1): 100.00, Acc(5): 100.00
2023-06-19 16:41:26,225 - AUGCON - INFO - Epoch [47/50]-(10/22) Loss: 0.5158, Acc(1): 100.00, Acc(5): 100.00
2023-06-19 16:41:26,225 - AUGCON - INFO - Epoch [47/50]-(15/22) Loss: 0.4471, Acc(1): 100.00, Acc(5): 100.00
2023-06-19 16:41:26,225 - AUGCON - INFO - Epoch [47/50]-(20/22) Loss: 0.5849, Acc(1): 75.00, Acc(5): 100.00
2023-06-19 16:41:26,225 - AUGCON - INFO - 	Validation Loss: 0.7502, Acc(1): 85.00, Acc(5): 100.00, F1: 0.21, Recall: 0.20, Precision: 0.22
2023-06-19 16:41:26,225 - AUGCON - INFO - Epoch [48/50]-(0/22) Loss: 0.4196, Acc(1): 100.00, Acc(5): 100.00
2023-06-19 16:41:26,225 - AUGCON - INFO - Epoch [48/50]-(5/22) Loss: 0.2466, Acc(1): 100.00, Acc(5): 100.00
2023-06-19 16:41:26,225 - AUGCON - INFO - Epoch [48/50]-(10/22) Loss: 0.6439, Acc(1): 75.00, Acc(5): 100.00
2023-06-19 16:41:26,225 - AUGCON - INFO - Epoch [48/50]-(15/22) Loss: 0.8070, Acc(1): 75.00, Acc(5): 100.00
2023-06-19 16:41:26,225 - AUGCON - INFO - Epoch [48/50]-(20/22) Loss: 0.1954, Acc(1): 100.00, Acc(5): 100.00
2023-06-19 16:41:26,226 - AUGCON - INFO - 	Validation Loss: 0.7432, Acc(1): 78.00, Acc(5): 100.00, F1: 0.19, Recall: 0.19, Precision: 0.19
2023-06-19 16:41:26,226 - AUGCON - INFO - Epoch [49/50]-(0/22) Loss: 0.2768, Acc(1): 100.00, Acc(5): 100.00
2023-06-19 16:41:26,226 - AUGCON - INFO - Epoch [49/50]-(5/22) Loss: 0.6601, Acc(1): 100.00, Acc(5): 100.00
2023-06-19 16:41:26,226 - AUGCON - INFO - Epoch [49/50]-(10/22) Loss: 0.5693, Acc(1): 75.00, Acc(5): 100.00
2023-06-19 16:41:26,226 - AUGCON - INFO - Epoch [49/50]-(15/22) Loss: 0.6830, Acc(1): 100.00, Acc(5): 100.00
2023-06-19 16:41:26,226 - AUGCON - INFO - Epoch [49/50]-(20/22) Loss: 0.5556, Acc(1): 100.00, Acc(5): 100.00
2023-06-19 16:41:26,226 - AUGCON - INFO - 	Validation Loss: 0.7576, Acc(1): 79.00, Acc(5): 100.00, F1: 0.20, Recall: 0.20, Precision: 0.19
2023-06-19 16:41:26,226 - AUGCON - INFO - Epoch [50/50]-(0/22) Loss: 0.7320, Acc(1): 75.00, Acc(5): 100.00
2023-06-19 16:41:26,226 - AUGCON - INFO - Epoch [50/50]-(5/22) Loss: 0.8917, Acc(1): 50.00, Acc(5): 100.00
2023-06-19 16:41:26,226 - AUGCON - INFO - Epoch [50/50]-(10/22) Loss: 0.8635, Acc(1): 75.00, Acc(5): 100.00
2023-06-19 16:41:26,226 - AUGCON - INFO - Epoch [50/50]-(15/22) Loss: 0.9325, Acc(1): 50.00, Acc(5): 100.00
2023-06-19 16:41:26,226 - AUGCON - INFO - Epoch [50/50]-(20/22) Loss: 0.6198, Acc(1): 100.00, Acc(5): 100.00
2023-06-19 16:41:26,226 - AUGCON - INFO - 	Validation Loss: 0.7899, Acc(1): 80.00, Acc(5): 100.00, F1: 0.20, Recall: 0.20, Precision: 0.20
2023-06-19 16:41:26,226 - AUGCON - INFO - 	Validation Loss: 0.7732, Acc(1): 78.67, Acc(5): 99.67, F1: 0.19, Recall: 0.19, Precision: 0.20
