2023-06-19 16:38:54,321 - AUGCON - INFO - logger initialized (/home/hjyoon/projects/augcon/config/exp0/finetune_da_true/without_target_domain_PH0034-ykha/cpc_random_8421/tgt_target_domain_PH0012-thanh_seed0.yaml.log)
2023-06-19 16:38:54,322 - AUGCON - INFO - ================= Config =================
2023-06-19 16:38:54,322 - AUGCON - INFO -   mode: finetune
2023-06-19 16:38:54,322 - AUGCON - INFO -   seed: 0
2023-06-19 16:38:54,322 - AUGCON - INFO -   gpu: [3]
2023-06-19 16:38:54,322 - AUGCON - INFO -   num_workers: 1
2023-06-19 16:38:54,322 - AUGCON - INFO -   dist_url: tcp://localhost:10001
2023-06-19 16:38:54,322 - AUGCON - INFO -   dataset_name: ichar
2023-06-19 16:38:54,322 - AUGCON - INFO -   train_dataset_path: /mnt/sting/hjyoon/projects/cross/ICHAR/augcon/target_domain_PH0012-thanh/finetune/10shot/target/train.pkl
2023-06-19 16:38:54,322 - AUGCON - INFO -   test_dataset_path: /mnt/sting/hjyoon/projects/cross/ICHAR/augcon/target_domain_PH0012-thanh/finetune/10shot/target/test.pkl
2023-06-19 16:38:54,322 - AUGCON - INFO -   val_dataset_path: /mnt/sting/hjyoon/projects/cross/ICHAR/augcon/target_domain_PH0012-thanh/finetune/10shot/target/val.pkl
2023-06-19 16:38:54,322 - AUGCON - INFO -   input_channels: 3
2023-06-19 16:38:54,322 - AUGCON - INFO -   num_cls: 9
2023-06-19 16:38:54,322 - AUGCON - INFO -   optimizer: adam
2023-06-19 16:38:54,322 - AUGCON - INFO -   criterion: crossentropy
2023-06-19 16:38:54,322 - AUGCON - INFO -   start_epoch: 0
2023-06-19 16:38:54,322 - AUGCON - INFO -   epochs: 50
2023-06-19 16:38:54,322 - AUGCON - INFO -   batch_size: 4
2023-06-19 16:38:54,322 - AUGCON - INFO -   lr: 0.001
2023-06-19 16:38:54,322 - AUGCON - INFO -   wd: 0.0
2023-06-19 16:38:54,322 - AUGCON - INFO -   resume: 
2023-06-19 16:38:54,322 - AUGCON - INFO -   pretrained: /mnt/sting/hjyoon/projects/augcontrast/models/exp0/pretrain/without_target_domain_PH0034-ykha/cpc_random_8421//checkpoint_0099.pth.tar
2023-06-19 16:38:54,322 - AUGCON - INFO -   ckpt_dir: /mnt/sting/hjyoon/projects/augcontrast/models/exp0/finetune_da_true/without_target_domain_PH0034-ykha/cpc_random_8421/tgt_target_domain_PH0012-thanh_seed0
2023-06-19 16:38:54,322 - AUGCON - INFO -   log_freq: 5
2023-06-19 16:38:54,322 - AUGCON - INFO -   save_freq: 10
2023-06-19 16:38:54,322 - AUGCON - INFO -   pretext: metacpc
2023-06-19 16:38:54,322 - AUGCON - INFO -   enc_blocks: 4
2023-06-19 16:38:54,322 - AUGCON - INFO -   kernel_sizes: [8, 4, 2, 1]
2023-06-19 16:38:54,322 - AUGCON - INFO -   strides: [4, 2, 1, 1]
2023-06-19 16:38:54,322 - AUGCON - INFO -   agg_blocks: 5
2023-06-19 16:38:54,322 - AUGCON - INFO -   z_dim: 256
2023-06-19 16:38:54,322 - AUGCON - INFO -   pooling: mean
2023-06-19 16:38:54,322 - AUGCON - INFO -   pred_steps: 12
2023-06-19 16:38:54,322 - AUGCON - INFO -   n_negatives: 15
2023-06-19 16:38:54,322 - AUGCON - INFO -   offset: 4
2023-06-19 16:38:54,322 - AUGCON - INFO -   domain_adaptation: True
2023-06-19 16:38:54,322 - AUGCON - INFO -   task_steps: 10
2023-06-19 16:38:54,322 - AUGCON - INFO -   task_lr: 0.001
2023-06-19 16:38:54,322 - AUGCON - INFO -   reg_lambda: 0
2023-06-19 16:38:54,323 - AUGCON - INFO -   mlp: False
2023-06-19 16:38:54,323 - AUGCON - INFO -   freeze: True
2023-06-19 16:38:54,323 - AUGCON - INFO -   no_vars: True
2023-06-19 16:38:54,323 - AUGCON - INFO - ==========================================
2023-06-19 16:38:54,323 - AUGCON - INFO - Setting GPUs: [3]
2023-06-19 16:38:54,323 - AUGCON - INFO - GPUs [3] will be used
2023-06-19 16:38:54,323 - AUGCON - WARNING - You have chosen to seed training. 
2023-06-19 16:38:54,323 - AUGCON - WARNING - This will turn on the CUDNN deterministic setting, 
2023-06-19 16:38:54,323 - AUGCON - WARNING - which can slow down your training considerably! 
2023-06-19 16:38:54,323 - AUGCON - WARNING - You may see unexpected behavior when restarting 
2023-06-19 16:38:54,323 - AUGCON - WARNING - from checkpoints.
2023-06-19 16:38:54,365 - AUGCON - INFO - Executing MetaCPC
2023-06-19 16:38:54,366 - AUGCON - INFO - Logs are skipped during training
2023-06-19 16:39:14,338 - AUGCON - INFO - Single GPU is used for training - training 90 instances for each worker
2023-06-19 16:39:14,338 - AUGCON - INFO - Loading pretrained model from checkpoint - /mnt/sting/hjyoon/projects/augcontrast/models/exp0/pretrain/without_target_domain_PH0034-ykha/cpc_random_8421//checkpoint_0099.pth.tar
2023-06-19 16:39:14,338 - AUGCON - INFO - Missing keys: ['predictor.vars.0', 'predictor.vars.1']
2023-06-19 16:39:14,338 - AUGCON - INFO - Perform domain adaptation step
2023-06-19 16:39:14,339 - AUGCON - INFO - 	meta-train [0/10] Loss: 4.1348, Acc(1): 6.53, Acc(5): 32.25
2023-06-19 16:39:14,339 - AUGCON - INFO - 	meta-train [1/10] Loss: 3.7357, Acc(1): 6.46, Acc(5): 33.18
2023-06-19 16:39:14,339 - AUGCON - INFO - 	meta-train [2/10] Loss: 3.4824, Acc(1): 6.52, Acc(5): 33.82
2023-06-19 16:39:14,339 - AUGCON - INFO - 	meta-train [3/10] Loss: 3.2937, Acc(1): 6.92, Acc(5): 35.05
2023-06-19 16:39:14,339 - AUGCON - INFO - 	meta-train [4/10] Loss: 3.2026, Acc(1): 7.32, Acc(5): 35.35
2023-06-19 16:39:14,339 - AUGCON - INFO - 	meta-train [5/10] Loss: 3.1464, Acc(1): 7.33, Acc(5): 35.45
2023-06-19 16:39:14,339 - AUGCON - INFO - 	meta-train [6/10] Loss: 3.0750, Acc(1): 7.61, Acc(5): 35.62
2023-06-19 16:39:14,339 - AUGCON - INFO - 	meta-train [7/10] Loss: 3.0432, Acc(1): 7.05, Acc(5): 35.35
2023-06-19 16:39:14,339 - AUGCON - INFO - 	meta-train [8/10] Loss: 3.0022, Acc(1): 7.08, Acc(5): 35.54
2023-06-19 16:39:14,339 - AUGCON - INFO - 	meta-train [9/10] Loss: 2.9834, Acc(1): 7.28, Acc(5): 35.11
2023-06-19 16:39:14,339 - AUGCON - INFO - Loading encoder parameters to the classifier
2023-06-19 16:39:14,340 - AUGCON - INFO - Missing keys: ['classifier.block.0.weight', 'classifier.block.0.bias']
2023-06-19 16:39:14,340 - AUGCON - INFO - Epoch [1/50]-(0/22) Loss: 1.9674, Acc(1): 0.00, Acc(5): 75.00
2023-06-19 16:39:14,340 - AUGCON - INFO - Epoch [1/50]-(5/22) Loss: 2.2277, Acc(1): 25.00, Acc(5): 75.00
2023-06-19 16:39:14,340 - AUGCON - INFO - Epoch [1/50]-(10/22) Loss: 2.1688, Acc(1): 0.00, Acc(5): 50.00
2023-06-19 16:39:14,340 - AUGCON - INFO - Epoch [1/50]-(15/22) Loss: 1.8778, Acc(1): 50.00, Acc(5): 75.00
2023-06-19 16:39:14,340 - AUGCON - INFO - Epoch [1/50]-(20/22) Loss: 1.8497, Acc(1): 25.00, Acc(5): 100.00
2023-06-19 16:39:14,340 - AUGCON - INFO - 	Validation Loss: 1.7425, Acc(1): 31.00, Acc(5): 98.00, F1: 0.07, Recall: 0.09, Precision: 0.06
2023-06-19 16:39:14,340 - AUGCON - INFO - Epoch [2/50]-(0/22) Loss: 1.6669, Acc(1): 25.00, Acc(5): 100.00
2023-06-19 16:39:14,340 - AUGCON - INFO - Epoch [2/50]-(5/22) Loss: 2.0237, Acc(1): 0.00, Acc(5): 100.00
2023-06-19 16:39:14,340 - AUGCON - INFO - Epoch [2/50]-(10/22) Loss: 1.9051, Acc(1): 25.00, Acc(5): 75.00
2023-06-19 16:39:14,340 - AUGCON - INFO - Epoch [2/50]-(15/22) Loss: 1.8811, Acc(1): 25.00, Acc(5): 75.00
2023-06-19 16:39:14,341 - AUGCON - INFO - Epoch [2/50]-(20/22) Loss: 1.7728, Acc(1): 0.00, Acc(5): 100.00
2023-06-19 16:39:14,341 - AUGCON - INFO - 	Validation Loss: 1.5432, Acc(1): 37.00, Acc(5): 97.00, F1: 0.08, Recall: 0.10, Precision: 0.07
2023-06-19 16:39:14,341 - AUGCON - INFO - Epoch [3/50]-(0/22) Loss: 1.3836, Acc(1): 75.00, Acc(5): 100.00
2023-06-19 16:39:14,341 - AUGCON - INFO - Epoch [3/50]-(5/22) Loss: 1.4556, Acc(1): 75.00, Acc(5): 100.00
2023-06-19 16:39:14,341 - AUGCON - INFO - Epoch [3/50]-(10/22) Loss: 1.6871, Acc(1): 0.00, Acc(5): 100.00
2023-06-19 16:39:14,341 - AUGCON - INFO - Epoch [3/50]-(15/22) Loss: 1.6288, Acc(1): 0.00, Acc(5): 100.00
2023-06-19 16:39:14,341 - AUGCON - INFO - Epoch [3/50]-(20/22) Loss: 1.4975, Acc(1): 50.00, Acc(5): 100.00
2023-06-19 16:39:14,341 - AUGCON - INFO - 	Validation Loss: 1.4554, Acc(1): 59.00, Acc(5): 98.00, F1: 0.17, Recall: 0.18, Precision: 0.16
2023-06-19 16:39:14,341 - AUGCON - INFO - Epoch [4/50]-(0/22) Loss: 1.5864, Acc(1): 50.00, Acc(5): 100.00
2023-06-19 16:39:14,341 - AUGCON - INFO - Epoch [4/50]-(5/22) Loss: 1.3653, Acc(1): 50.00, Acc(5): 100.00
2023-06-19 16:39:14,341 - AUGCON - INFO - Epoch [4/50]-(10/22) Loss: 1.3009, Acc(1): 50.00, Acc(5): 100.00
2023-06-19 16:39:14,342 - AUGCON - INFO - Epoch [4/50]-(15/22) Loss: 1.4029, Acc(1): 25.00, Acc(5): 100.00
2023-06-19 16:39:14,342 - AUGCON - INFO - Epoch [4/50]-(20/22) Loss: 1.0976, Acc(1): 100.00, Acc(5): 100.00
2023-06-19 16:39:14,342 - AUGCON - INFO - 	Validation Loss: 1.3572, Acc(1): 66.00, Acc(5): 98.00, F1: 0.15, Recall: 0.15, Precision: 0.15
2023-06-19 16:39:14,342 - AUGCON - INFO - Epoch [5/50]-(0/22) Loss: 1.3250, Acc(1): 50.00, Acc(5): 100.00
2023-06-19 16:39:14,342 - AUGCON - INFO - Epoch [5/50]-(5/22) Loss: 1.3554, Acc(1): 75.00, Acc(5): 100.00
2023-06-19 16:39:14,342 - AUGCON - INFO - Epoch [5/50]-(10/22) Loss: 1.2242, Acc(1): 75.00, Acc(5): 100.00
2023-06-19 16:39:14,342 - AUGCON - INFO - Epoch [5/50]-(15/22) Loss: 1.3520, Acc(1): 75.00, Acc(5): 100.00
2023-06-19 16:39:14,342 - AUGCON - INFO - Epoch [5/50]-(20/22) Loss: 1.4828, Acc(1): 50.00, Acc(5): 100.00
2023-06-19 16:39:14,342 - AUGCON - INFO - 	Validation Loss: 1.2515, Acc(1): 80.00, Acc(5): 98.00, F1: 0.19, Recall: 0.19, Precision: 0.20
2023-06-19 16:39:14,342 - AUGCON - INFO - Epoch [6/50]-(0/22) Loss: 0.9784, Acc(1): 75.00, Acc(5): 100.00
2023-06-19 16:39:14,342 - AUGCON - INFO - Epoch [6/50]-(5/22) Loss: 0.9820, Acc(1): 75.00, Acc(5): 100.00
2023-06-19 16:39:14,342 - AUGCON - INFO - Epoch [6/50]-(10/22) Loss: 1.4499, Acc(1): 50.00, Acc(5): 100.00
2023-06-19 16:39:14,343 - AUGCON - INFO - Epoch [6/50]-(15/22) Loss: 1.0444, Acc(1): 75.00, Acc(5): 100.00
2023-06-19 16:39:14,343 - AUGCON - INFO - Epoch [6/50]-(20/22) Loss: 0.9979, Acc(1): 75.00, Acc(5): 100.00
2023-06-19 16:39:14,343 - AUGCON - INFO - 	Validation Loss: 1.2338, Acc(1): 79.00, Acc(5): 98.00, F1: 0.19, Recall: 0.20, Precision: 0.19
2023-06-19 16:39:14,343 - AUGCON - INFO - Epoch [7/50]-(0/22) Loss: 1.4832, Acc(1): 50.00, Acc(5): 100.00
2023-06-19 16:39:14,343 - AUGCON - INFO - Epoch [7/50]-(5/22) Loss: 1.0538, Acc(1): 100.00, Acc(5): 100.00
2023-06-19 16:39:14,343 - AUGCON - INFO - Epoch [7/50]-(10/22) Loss: 1.4429, Acc(1): 50.00, Acc(5): 100.00
2023-06-19 16:39:14,343 - AUGCON - INFO - Epoch [7/50]-(15/22) Loss: 1.2029, Acc(1): 50.00, Acc(5): 100.00
2023-06-19 16:39:14,343 - AUGCON - INFO - Epoch [7/50]-(20/22) Loss: 0.8743, Acc(1): 100.00, Acc(5): 100.00
2023-06-19 16:39:14,343 - AUGCON - INFO - 	Validation Loss: 1.1944, Acc(1): 79.00, Acc(5): 98.00, F1: 0.18, Recall: 0.18, Precision: 0.18
2023-06-19 16:39:14,343 - AUGCON - INFO - Epoch [8/50]-(0/22) Loss: 0.7158, Acc(1): 100.00, Acc(5): 100.00
2023-06-19 16:39:14,343 - AUGCON - INFO - Epoch [8/50]-(5/22) Loss: 1.1698, Acc(1): 75.00, Acc(5): 100.00
2023-06-19 16:39:14,344 - AUGCON - INFO - Epoch [8/50]-(10/22) Loss: 1.5198, Acc(1): 25.00, Acc(5): 100.00
2023-06-19 16:39:14,344 - AUGCON - INFO - Epoch [8/50]-(15/22) Loss: 1.1727, Acc(1): 75.00, Acc(5): 75.00
2023-06-19 16:39:14,344 - AUGCON - INFO - Epoch [8/50]-(20/22) Loss: 1.1865, Acc(1): 50.00, Acc(5): 100.00
2023-06-19 16:39:14,344 - AUGCON - INFO - 	Validation Loss: 1.1823, Acc(1): 61.00, Acc(5): 98.00, F1: 0.16, Recall: 0.18, Precision: 0.14
2023-06-19 16:39:14,344 - AUGCON - INFO - Epoch [9/50]-(0/22) Loss: 0.9668, Acc(1): 50.00, Acc(5): 100.00
2023-06-19 16:39:14,344 - AUGCON - INFO - Epoch [9/50]-(5/22) Loss: 1.5752, Acc(1): 0.00, Acc(5): 100.00
2023-06-19 16:39:14,344 - AUGCON - INFO - Epoch [9/50]-(10/22) Loss: 1.2237, Acc(1): 75.00, Acc(5): 100.00
2023-06-19 16:39:14,344 - AUGCON - INFO - Epoch [9/50]-(15/22) Loss: 1.2613, Acc(1): 50.00, Acc(5): 100.00
2023-06-19 16:39:14,344 - AUGCON - INFO - Epoch [9/50]-(20/22) Loss: 0.8253, Acc(1): 75.00, Acc(5): 100.00
2023-06-19 16:39:14,344 - AUGCON - INFO - 	Validation Loss: 1.1247, Acc(1): 78.00, Acc(5): 98.00, F1: 0.18, Recall: 0.18, Precision: 0.18
2023-06-19 16:39:14,344 - AUGCON - INFO - Epoch [10/50]-(0/22) Loss: 0.8603, Acc(1): 100.00, Acc(5): 100.00
2023-06-19 16:39:14,345 - AUGCON - INFO - Epoch [10/50]-(5/22) Loss: 1.1206, Acc(1): 100.00, Acc(5): 100.00
2023-06-19 16:39:14,345 - AUGCON - INFO - Epoch [10/50]-(10/22) Loss: 1.1168, Acc(1): 50.00, Acc(5): 100.00
2023-06-19 16:39:14,345 - AUGCON - INFO - Epoch [10/50]-(15/22) Loss: 0.9315, Acc(1): 75.00, Acc(5): 100.00
2023-06-19 16:39:14,345 - AUGCON - INFO - Epoch [10/50]-(20/22) Loss: 1.3098, Acc(1): 25.00, Acc(5): 100.00
2023-06-19 16:39:14,345 - AUGCON - INFO - 	Validation Loss: 1.0757, Acc(1): 82.00, Acc(5): 98.00, F1: 0.19, Recall: 0.20, Precision: 0.19
2023-06-19 16:39:14,345 - AUGCON - INFO - Epoch [11/50]-(0/22) Loss: 0.9378, Acc(1): 100.00, Acc(5): 100.00
2023-06-19 16:39:14,345 - AUGCON - INFO - Epoch [11/50]-(5/22) Loss: 0.9651, Acc(1): 75.00, Acc(5): 100.00
2023-06-19 16:39:14,346 - AUGCON - INFO - Epoch [11/50]-(10/22) Loss: 1.1715, Acc(1): 50.00, Acc(5): 100.00
2023-06-19 16:39:14,346 - AUGCON - INFO - Epoch [11/50]-(15/22) Loss: 1.0085, Acc(1): 100.00, Acc(5): 100.00
2023-06-19 16:39:14,346 - AUGCON - INFO - Epoch [11/50]-(20/22) Loss: 0.7097, Acc(1): 100.00, Acc(5): 100.00
2023-06-19 16:39:14,346 - AUGCON - INFO - 	Validation Loss: 1.0757, Acc(1): 79.00, Acc(5): 98.00, F1: 0.19, Recall: 0.18, Precision: 0.20
2023-06-19 16:39:14,346 - AUGCON - INFO - Epoch [12/50]-(0/22) Loss: 1.0318, Acc(1): 75.00, Acc(5): 100.00
2023-06-19 16:39:14,346 - AUGCON - INFO - Epoch [12/50]-(5/22) Loss: 1.0874, Acc(1): 75.00, Acc(5): 100.00
2023-06-19 16:39:14,346 - AUGCON - INFO - Epoch [12/50]-(10/22) Loss: 0.9922, Acc(1): 100.00, Acc(5): 100.00
2023-06-19 16:39:14,346 - AUGCON - INFO - Epoch [12/50]-(15/22) Loss: 0.9279, Acc(1): 75.00, Acc(5): 100.00
2023-06-19 16:39:14,346 - AUGCON - INFO - Epoch [12/50]-(20/22) Loss: 1.1851, Acc(1): 50.00, Acc(5): 100.00
2023-06-19 16:39:14,346 - AUGCON - INFO - 	Validation Loss: 1.0350, Acc(1): 79.00, Acc(5): 98.00, F1: 0.19, Recall: 0.20, Precision: 0.18
2023-06-19 16:39:14,346 - AUGCON - INFO - Epoch [13/50]-(0/22) Loss: 0.9968, Acc(1): 75.00, Acc(5): 100.00
2023-06-19 16:39:14,346 - AUGCON - INFO - Epoch [13/50]-(5/22) Loss: 0.8569, Acc(1): 100.00, Acc(5): 100.00
2023-06-19 16:39:14,346 - AUGCON - INFO - Epoch [13/50]-(10/22) Loss: 1.7619, Acc(1): 25.00, Acc(5): 75.00
2023-06-19 16:39:14,346 - AUGCON - INFO - Epoch [13/50]-(15/22) Loss: 0.9383, Acc(1): 75.00, Acc(5): 100.00
2023-06-19 16:39:14,346 - AUGCON - INFO - Epoch [13/50]-(20/22) Loss: 1.0076, Acc(1): 75.00, Acc(5): 100.00
2023-06-19 16:39:14,347 - AUGCON - INFO - 	Validation Loss: 1.0017, Acc(1): 82.00, Acc(5): 98.00, F1: 0.19, Recall: 0.19, Precision: 0.19
2023-06-19 16:39:14,347 - AUGCON - INFO - Epoch [14/50]-(0/22) Loss: 0.5716, Acc(1): 100.00, Acc(5): 100.00
2023-06-19 16:39:14,347 - AUGCON - INFO - Epoch [14/50]-(5/22) Loss: 1.0803, Acc(1): 75.00, Acc(5): 100.00
2023-06-19 16:39:14,347 - AUGCON - INFO - Epoch [14/50]-(10/22) Loss: 0.9312, Acc(1): 25.00, Acc(5): 100.00
2023-06-19 16:39:14,347 - AUGCON - INFO - Epoch [14/50]-(15/22) Loss: 1.0059, Acc(1): 75.00, Acc(5): 75.00
2023-06-19 16:39:14,347 - AUGCON - INFO - Epoch [14/50]-(20/22) Loss: 0.8146, Acc(1): 100.00, Acc(5): 100.00
2023-06-19 16:39:14,347 - AUGCON - INFO - 	Validation Loss: 0.9839, Acc(1): 82.00, Acc(5): 98.00, F1: 0.20, Recall: 0.19, Precision: 0.20
2023-06-19 16:39:14,347 - AUGCON - INFO - Epoch [15/50]-(0/22) Loss: 0.3662, Acc(1): 100.00, Acc(5): 100.00
2023-06-19 16:39:14,347 - AUGCON - INFO - Epoch [15/50]-(5/22) Loss: 0.9616, Acc(1): 75.00, Acc(5): 100.00
2023-06-19 16:39:14,347 - AUGCON - INFO - Epoch [15/50]-(10/22) Loss: 0.8291, Acc(1): 100.00, Acc(5): 100.00
2023-06-19 16:39:14,347 - AUGCON - INFO - Epoch [15/50]-(15/22) Loss: 1.1644, Acc(1): 75.00, Acc(5): 100.00
2023-06-19 16:39:14,347 - AUGCON - INFO - Epoch [15/50]-(20/22) Loss: 0.9467, Acc(1): 75.00, Acc(5): 100.00
2023-06-19 16:39:14,347 - AUGCON - INFO - 	Validation Loss: 0.9786, Acc(1): 84.00, Acc(5): 98.00, F1: 0.20, Recall: 0.20, Precision: 0.19
2023-06-19 16:39:14,348 - AUGCON - INFO - Epoch [16/50]-(0/22) Loss: 0.7185, Acc(1): 100.00, Acc(5): 100.00
2023-06-19 16:39:14,348 - AUGCON - INFO - Epoch [16/50]-(5/22) Loss: 0.9622, Acc(1): 75.00, Acc(5): 100.00
2023-06-19 16:39:14,348 - AUGCON - INFO - Epoch [16/50]-(10/22) Loss: 0.9494, Acc(1): 75.00, Acc(5): 100.00
2023-06-19 16:39:14,348 - AUGCON - INFO - Epoch [16/50]-(15/22) Loss: 0.9785, Acc(1): 50.00, Acc(5): 100.00
2023-06-19 16:39:14,348 - AUGCON - INFO - Epoch [16/50]-(20/22) Loss: 0.9403, Acc(1): 75.00, Acc(5): 100.00
2023-06-19 16:39:14,348 - AUGCON - INFO - 	Validation Loss: 0.9603, Acc(1): 85.00, Acc(5): 98.00, F1: 0.20, Recall: 0.20, Precision: 0.20
2023-06-19 16:39:14,348 - AUGCON - INFO - Epoch [17/50]-(0/22) Loss: 0.5416, Acc(1): 100.00, Acc(5): 100.00
2023-06-19 16:39:14,348 - AUGCON - INFO - Epoch [17/50]-(5/22) Loss: 0.9756, Acc(1): 50.00, Acc(5): 100.00
2023-06-19 16:39:14,348 - AUGCON - INFO - Epoch [17/50]-(10/22) Loss: 0.6323, Acc(1): 100.00, Acc(5): 100.00
2023-06-19 16:39:14,348 - AUGCON - INFO - Epoch [17/50]-(15/22) Loss: 0.9682, Acc(1): 75.00, Acc(5): 100.00
2023-06-19 16:39:14,348 - AUGCON - INFO - Epoch [17/50]-(20/22) Loss: 1.1429, Acc(1): 75.00, Acc(5): 100.00
2023-06-19 16:39:14,348 - AUGCON - INFO - 	Validation Loss: 0.9790, Acc(1): 76.00, Acc(5): 98.00, F1: 0.18, Recall: 0.19, Precision: 0.18
2023-06-19 16:39:14,348 - AUGCON - INFO - Epoch [18/50]-(0/22) Loss: 0.8805, Acc(1): 75.00, Acc(5): 100.00
2023-06-19 16:39:14,349 - AUGCON - INFO - Epoch [18/50]-(5/22) Loss: 0.7259, Acc(1): 100.00, Acc(5): 100.00
2023-06-19 16:39:14,349 - AUGCON - INFO - Epoch [18/50]-(10/22) Loss: 0.9379, Acc(1): 50.00, Acc(5): 100.00
2023-06-19 16:39:14,349 - AUGCON - INFO - Epoch [18/50]-(15/22) Loss: 0.7048, Acc(1): 100.00, Acc(5): 100.00
2023-06-19 16:39:14,349 - AUGCON - INFO - Epoch [18/50]-(20/22) Loss: 0.8171, Acc(1): 100.00, Acc(5): 100.00
2023-06-19 16:39:14,349 - AUGCON - INFO - 	Validation Loss: 0.9860, Acc(1): 78.00, Acc(5): 98.00, F1: 0.19, Recall: 0.19, Precision: 0.18
2023-06-19 16:39:14,349 - AUGCON - INFO - Epoch [19/50]-(0/22) Loss: 0.5484, Acc(1): 100.00, Acc(5): 100.00
2023-06-19 16:39:14,349 - AUGCON - INFO - Epoch [19/50]-(5/22) Loss: 0.9034, Acc(1): 75.00, Acc(5): 100.00
2023-06-19 16:39:14,349 - AUGCON - INFO - Epoch [19/50]-(10/22) Loss: 0.7644, Acc(1): 50.00, Acc(5): 100.00
2023-06-19 16:39:14,349 - AUGCON - INFO - Epoch [19/50]-(15/22) Loss: 0.9743, Acc(1): 50.00, Acc(5): 100.00
2023-06-19 16:39:14,349 - AUGCON - INFO - Epoch [19/50]-(20/22) Loss: 0.8877, Acc(1): 75.00, Acc(5): 100.00
2023-06-19 16:39:14,349 - AUGCON - INFO - 	Validation Loss: 0.9250, Acc(1): 80.00, Acc(5): 98.00, F1: 0.19, Recall: 0.19, Precision: 0.18
2023-06-19 16:39:14,349 - AUGCON - INFO - Epoch [20/50]-(0/22) Loss: 0.6885, Acc(1): 100.00, Acc(5): 100.00
2023-06-19 16:39:14,351 - AUGCON - INFO - Epoch [20/50]-(5/22) Loss: 0.5388, Acc(1): 100.00, Acc(5): 100.00
2023-06-19 16:39:14,351 - AUGCON - INFO - Epoch [20/50]-(10/22) Loss: 0.9498, Acc(1): 75.00, Acc(5): 100.00
2023-06-19 16:39:14,351 - AUGCON - INFO - Epoch [20/50]-(15/22) Loss: 0.8570, Acc(1): 100.00, Acc(5): 100.00
2023-06-19 16:39:14,351 - AUGCON - INFO - Epoch [20/50]-(20/22) Loss: 0.7155, Acc(1): 75.00, Acc(5): 100.00
2023-06-19 16:39:14,351 - AUGCON - INFO - 	Validation Loss: 0.9164, Acc(1): 83.00, Acc(5): 98.00, F1: 0.20, Recall: 0.20, Precision: 0.19
2023-06-19 16:39:14,351 - AUGCON - INFO - Epoch [21/50]-(0/22) Loss: 0.3549, Acc(1): 100.00, Acc(5): 100.00
2023-06-19 16:39:14,351 - AUGCON - INFO - Epoch [21/50]-(5/22) Loss: 0.8091, Acc(1): 75.00, Acc(5): 100.00
2023-06-19 16:39:14,351 - AUGCON - INFO - Epoch [21/50]-(10/22) Loss: 1.0675, Acc(1): 75.00, Acc(5): 100.00
2023-06-19 16:39:14,351 - AUGCON - INFO - Epoch [21/50]-(15/22) Loss: 1.1768, Acc(1): 50.00, Acc(5): 100.00
2023-06-19 16:39:14,352 - AUGCON - INFO - Epoch [21/50]-(20/22) Loss: 0.7368, Acc(1): 100.00, Acc(5): 100.00
2023-06-19 16:39:14,352 - AUGCON - INFO - 	Validation Loss: 0.9021, Acc(1): 82.00, Acc(5): 98.00, F1: 0.19, Recall: 0.19, Precision: 0.19
2023-06-19 16:39:14,352 - AUGCON - INFO - Epoch [22/50]-(0/22) Loss: 0.6734, Acc(1): 75.00, Acc(5): 100.00
2023-06-19 16:39:14,352 - AUGCON - INFO - Epoch [22/50]-(5/22) Loss: 0.9530, Acc(1): 50.00, Acc(5): 100.00
2023-06-19 16:39:14,352 - AUGCON - INFO - Epoch [22/50]-(10/22) Loss: 1.0917, Acc(1): 75.00, Acc(5): 100.00
2023-06-19 16:39:14,352 - AUGCON - INFO - Epoch [22/50]-(15/22) Loss: 0.6446, Acc(1): 100.00, Acc(5): 100.00
2023-06-19 16:39:14,352 - AUGCON - INFO - Epoch [22/50]-(20/22) Loss: 0.7165, Acc(1): 75.00, Acc(5): 100.00
2023-06-19 16:39:14,352 - AUGCON - INFO - 	Validation Loss: 0.8701, Acc(1): 84.00, Acc(5): 98.00, F1: 0.20, Recall: 0.20, Precision: 0.20
2023-06-19 16:39:14,352 - AUGCON - INFO - Epoch [23/50]-(0/22) Loss: 0.4193, Acc(1): 100.00, Acc(5): 100.00
2023-06-19 16:39:14,352 - AUGCON - INFO - Epoch [23/50]-(5/22) Loss: 0.5934, Acc(1): 100.00, Acc(5): 100.00
2023-06-19 16:39:14,352 - AUGCON - INFO - Epoch [23/50]-(10/22) Loss: 0.9343, Acc(1): 75.00, Acc(5): 100.00
2023-06-19 16:39:14,353 - AUGCON - INFO - Epoch [23/50]-(15/22) Loss: 0.9473, Acc(1): 75.00, Acc(5): 100.00
2023-06-19 16:39:14,353 - AUGCON - INFO - Epoch [23/50]-(20/22) Loss: 0.8294, Acc(1): 75.00, Acc(5): 100.00
2023-06-19 16:39:14,353 - AUGCON - INFO - 	Validation Loss: 0.9118, Acc(1): 81.00, Acc(5): 98.00, F1: 0.19, Recall: 0.19, Precision: 0.19
2023-06-19 16:39:14,353 - AUGCON - INFO - Epoch [24/50]-(0/22) Loss: 0.9523, Acc(1): 75.00, Acc(5): 100.00
2023-06-19 16:39:14,353 - AUGCON - INFO - Epoch [24/50]-(5/22) Loss: 0.7675, Acc(1): 75.00, Acc(5): 100.00
2023-06-19 16:39:14,353 - AUGCON - INFO - Epoch [24/50]-(10/22) Loss: 0.4076, Acc(1): 75.00, Acc(5): 100.00
2023-06-19 16:39:14,353 - AUGCON - INFO - Epoch [24/50]-(15/22) Loss: 0.9793, Acc(1): 100.00, Acc(5): 100.00
2023-06-19 16:39:14,353 - AUGCON - INFO - Epoch [24/50]-(20/22) Loss: 0.5881, Acc(1): 75.00, Acc(5): 100.00
2023-06-19 16:39:14,353 - AUGCON - INFO - 	Validation Loss: 0.8500, Acc(1): 83.00, Acc(5): 98.00, F1: 0.20, Recall: 0.20, Precision: 0.20
2023-06-19 16:39:14,353 - AUGCON - INFO - Epoch [25/50]-(0/22) Loss: 0.4476, Acc(1): 100.00, Acc(5): 100.00
2023-06-19 16:39:14,353 - AUGCON - INFO - Epoch [25/50]-(5/22) Loss: 0.8317, Acc(1): 50.00, Acc(5): 100.00
2023-06-19 16:39:14,353 - AUGCON - INFO - Epoch [25/50]-(10/22) Loss: 0.3341, Acc(1): 100.00, Acc(5): 100.00
2023-06-19 16:39:14,353 - AUGCON - INFO - Epoch [25/50]-(15/22) Loss: 0.8140, Acc(1): 75.00, Acc(5): 100.00
2023-06-19 16:39:14,354 - AUGCON - INFO - Epoch [25/50]-(20/22) Loss: 0.6915, Acc(1): 100.00, Acc(5): 100.00
2023-06-19 16:39:14,354 - AUGCON - INFO - 	Validation Loss: 0.8588, Acc(1): 82.00, Acc(5): 98.00, F1: 0.19, Recall: 0.19, Precision: 0.19
2023-06-19 16:39:14,354 - AUGCON - INFO - Epoch [26/50]-(0/22) Loss: 0.9452, Acc(1): 75.00, Acc(5): 100.00
2023-06-19 16:39:14,354 - AUGCON - INFO - Epoch [26/50]-(5/22) Loss: 0.8183, Acc(1): 75.00, Acc(5): 100.00
2023-06-19 16:39:14,354 - AUGCON - INFO - Epoch [26/50]-(10/22) Loss: 1.2351, Acc(1): 50.00, Acc(5): 100.00
2023-06-19 16:39:14,354 - AUGCON - INFO - Epoch [26/50]-(15/22) Loss: 0.3155, Acc(1): 100.00, Acc(5): 100.00
2023-06-19 16:39:14,354 - AUGCON - INFO - Epoch [26/50]-(20/22) Loss: 0.5740, Acc(1): 100.00, Acc(5): 100.00
2023-06-19 16:39:14,354 - AUGCON - INFO - 	Validation Loss: 0.8930, Acc(1): 84.00, Acc(5): 98.00, F1: 0.19, Recall: 0.20, Precision: 0.19
2023-06-19 16:39:14,354 - AUGCON - INFO - Epoch [27/50]-(0/22) Loss: 1.0394, Acc(1): 50.00, Acc(5): 100.00
2023-06-19 16:39:14,354 - AUGCON - INFO - Epoch [27/50]-(5/22) Loss: 0.6405, Acc(1): 75.00, Acc(5): 100.00
2023-06-19 16:39:14,355 - AUGCON - INFO - Epoch [27/50]-(10/22) Loss: 0.7292, Acc(1): 75.00, Acc(5): 100.00
2023-06-19 16:39:14,355 - AUGCON - INFO - Epoch [27/50]-(15/22) Loss: 0.8051, Acc(1): 100.00, Acc(5): 100.00
2023-06-19 16:39:14,355 - AUGCON - INFO - Epoch [27/50]-(20/22) Loss: 1.2326, Acc(1): 75.00, Acc(5): 100.00
2023-06-19 16:39:14,355 - AUGCON - INFO - 	Validation Loss: 0.8470, Acc(1): 82.00, Acc(5): 98.00, F1: 0.19, Recall: 0.20, Precision: 0.19
2023-06-19 16:39:14,355 - AUGCON - INFO - Epoch [28/50]-(0/22) Loss: 1.4177, Acc(1): 50.00, Acc(5): 100.00
2023-06-19 16:39:14,355 - AUGCON - INFO - Epoch [28/50]-(5/22) Loss: 0.9084, Acc(1): 50.00, Acc(5): 100.00
2023-06-19 16:39:14,355 - AUGCON - INFO - Epoch [28/50]-(10/22) Loss: 0.8618, Acc(1): 75.00, Acc(5): 100.00
2023-06-19 16:39:14,355 - AUGCON - INFO - Epoch [28/50]-(15/22) Loss: 0.5759, Acc(1): 100.00, Acc(5): 100.00
2023-06-19 16:39:14,355 - AUGCON - INFO - Epoch [28/50]-(20/22) Loss: 0.4975, Acc(1): 100.00, Acc(5): 100.00
2023-06-19 16:39:14,355 - AUGCON - INFO - 	Validation Loss: 0.8374, Acc(1): 83.00, Acc(5): 98.00, F1: 0.20, Recall: 0.20, Precision: 0.20
2023-06-19 16:39:14,355 - AUGCON - INFO - Epoch [29/50]-(0/22) Loss: 0.5740, Acc(1): 100.00, Acc(5): 100.00
2023-06-19 16:39:14,356 - AUGCON - INFO - Epoch [29/50]-(5/22) Loss: 0.8377, Acc(1): 75.00, Acc(5): 100.00
2023-06-19 16:39:14,356 - AUGCON - INFO - Epoch [29/50]-(10/22) Loss: 0.5291, Acc(1): 100.00, Acc(5): 100.00
2023-06-19 16:39:14,356 - AUGCON - INFO - Epoch [29/50]-(15/22) Loss: 0.4453, Acc(1): 100.00, Acc(5): 100.00
2023-06-19 16:39:14,356 - AUGCON - INFO - Epoch [29/50]-(20/22) Loss: 0.7913, Acc(1): 75.00, Acc(5): 100.00
2023-06-19 16:39:14,356 - AUGCON - INFO - 	Validation Loss: 0.8360, Acc(1): 84.00, Acc(5): 98.00, F1: 0.19, Recall: 0.20, Precision: 0.19
2023-06-19 16:39:14,356 - AUGCON - INFO - Epoch [30/50]-(0/22) Loss: 0.7544, Acc(1): 75.00, Acc(5): 100.00
2023-06-19 16:39:14,356 - AUGCON - INFO - Epoch [30/50]-(5/22) Loss: 0.9221, Acc(1): 50.00, Acc(5): 100.00
2023-06-19 16:39:14,356 - AUGCON - INFO - Epoch [30/50]-(10/22) Loss: 0.5213, Acc(1): 75.00, Acc(5): 100.00
2023-06-19 16:39:14,356 - AUGCON - INFO - Epoch [30/50]-(15/22) Loss: 0.8175, Acc(1): 75.00, Acc(5): 100.00
2023-06-19 16:39:14,357 - AUGCON - INFO - Epoch [30/50]-(20/22) Loss: 0.5092, Acc(1): 100.00, Acc(5): 100.00
2023-06-19 16:39:14,357 - AUGCON - INFO - 	Validation Loss: 0.8223, Acc(1): 83.00, Acc(5): 98.00, F1: 0.19, Recall: 0.20, Precision: 0.19
2023-06-19 16:39:14,357 - AUGCON - INFO - Epoch [31/50]-(0/22) Loss: 0.4213, Acc(1): 100.00, Acc(5): 100.00
2023-06-19 16:39:14,357 - AUGCON - INFO - Epoch [31/50]-(5/22) Loss: 0.8954, Acc(1): 75.00, Acc(5): 100.00
2023-06-19 16:39:14,357 - AUGCON - INFO - Epoch [31/50]-(10/22) Loss: 0.7350, Acc(1): 100.00, Acc(5): 100.00
2023-06-19 16:39:14,357 - AUGCON - INFO - Epoch [31/50]-(15/22) Loss: 0.4063, Acc(1): 100.00, Acc(5): 100.00
2023-06-19 16:39:14,357 - AUGCON - INFO - Epoch [31/50]-(20/22) Loss: 0.4421, Acc(1): 100.00, Acc(5): 100.00
2023-06-19 16:39:14,357 - AUGCON - INFO - 	Validation Loss: 0.8426, Acc(1): 82.00, Acc(5): 98.00, F1: 0.20, Recall: 0.19, Precision: 0.20
2023-06-19 16:39:14,358 - AUGCON - INFO - Epoch [32/50]-(0/22) Loss: 0.5907, Acc(1): 100.00, Acc(5): 100.00
2023-06-19 16:39:14,358 - AUGCON - INFO - Epoch [32/50]-(5/22) Loss: 0.6737, Acc(1): 100.00, Acc(5): 100.00
2023-06-19 16:39:14,358 - AUGCON - INFO - Epoch [32/50]-(10/22) Loss: 0.7894, Acc(1): 75.00, Acc(5): 100.00
2023-06-19 16:39:14,358 - AUGCON - INFO - Epoch [32/50]-(15/22) Loss: 0.8845, Acc(1): 75.00, Acc(5): 100.00
2023-06-19 16:39:14,358 - AUGCON - INFO - Epoch [32/50]-(20/22) Loss: 0.2499, Acc(1): 100.00, Acc(5): 100.00
2023-06-19 16:39:14,358 - AUGCON - INFO - 	Validation Loss: 0.8028, Acc(1): 83.00, Acc(5): 98.00, F1: 0.20, Recall: 0.20, Precision: 0.20
2023-06-19 16:39:14,358 - AUGCON - INFO - Epoch [33/50]-(0/22) Loss: 0.6546, Acc(1): 75.00, Acc(5): 100.00
2023-06-19 16:39:14,358 - AUGCON - INFO - Epoch [33/50]-(5/22) Loss: 0.6828, Acc(1): 100.00, Acc(5): 100.00
2023-06-19 16:39:14,358 - AUGCON - INFO - Epoch [33/50]-(10/22) Loss: 0.5618, Acc(1): 100.00, Acc(5): 100.00
2023-06-19 16:39:14,359 - AUGCON - INFO - Epoch [33/50]-(15/22) Loss: 0.5990, Acc(1): 100.00, Acc(5): 100.00
2023-06-19 16:39:14,359 - AUGCON - INFO - Epoch [33/50]-(20/22) Loss: 0.7066, Acc(1): 75.00, Acc(5): 100.00
2023-06-19 16:39:14,359 - AUGCON - INFO - 	Validation Loss: 0.8233, Acc(1): 85.00, Acc(5): 98.00, F1: 0.20, Recall: 0.20, Precision: 0.20
2023-06-19 16:39:14,359 - AUGCON - INFO - Epoch [34/50]-(0/22) Loss: 0.2639, Acc(1): 100.00, Acc(5): 100.00
2023-06-19 16:39:14,359 - AUGCON - INFO - Epoch [34/50]-(5/22) Loss: 0.8339, Acc(1): 50.00, Acc(5): 100.00
2023-06-19 16:39:14,359 - AUGCON - INFO - Epoch [34/50]-(10/22) Loss: 0.9206, Acc(1): 75.00, Acc(5): 100.00
2023-06-19 16:39:14,359 - AUGCON - INFO - Epoch [34/50]-(15/22) Loss: 0.6220, Acc(1): 100.00, Acc(5): 100.00
2023-06-19 16:39:14,359 - AUGCON - INFO - Epoch [34/50]-(20/22) Loss: 0.5636, Acc(1): 100.00, Acc(5): 100.00
2023-06-19 16:39:14,359 - AUGCON - INFO - 	Validation Loss: 0.7948, Acc(1): 82.00, Acc(5): 98.00, F1: 0.19, Recall: 0.19, Precision: 0.19
2023-06-19 16:39:14,360 - AUGCON - INFO - Epoch [35/50]-(0/22) Loss: 0.3254, Acc(1): 100.00, Acc(5): 100.00
2023-06-19 16:39:14,360 - AUGCON - INFO - Epoch [35/50]-(5/22) Loss: 1.1164, Acc(1): 25.00, Acc(5): 100.00
2023-06-19 16:39:14,360 - AUGCON - INFO - Epoch [35/50]-(10/22) Loss: 0.7928, Acc(1): 75.00, Acc(5): 100.00
2023-06-19 16:39:14,360 - AUGCON - INFO - Epoch [35/50]-(15/22) Loss: 0.8679, Acc(1): 75.00, Acc(5): 100.00
2023-06-19 16:39:14,360 - AUGCON - INFO - Epoch [35/50]-(20/22) Loss: 0.4380, Acc(1): 100.00, Acc(5): 100.00
2023-06-19 16:39:14,360 - AUGCON - INFO - 	Validation Loss: 0.7851, Acc(1): 85.00, Acc(5): 98.00, F1: 0.20, Recall: 0.20, Precision: 0.20
2023-06-19 16:39:14,361 - AUGCON - INFO - Epoch [36/50]-(0/22) Loss: 0.5956, Acc(1): 100.00, Acc(5): 100.00
2023-06-19 16:39:14,361 - AUGCON - INFO - Epoch [36/50]-(5/22) Loss: 1.0056, Acc(1): 50.00, Acc(5): 100.00
2023-06-19 16:39:14,361 - AUGCON - INFO - Epoch [36/50]-(10/22) Loss: 0.6638, Acc(1): 75.00, Acc(5): 100.00
2023-06-19 16:39:14,361 - AUGCON - INFO - Epoch [36/50]-(15/22) Loss: 0.5230, Acc(1): 75.00, Acc(5): 100.00
2023-06-19 16:39:14,361 - AUGCON - INFO - Epoch [36/50]-(20/22) Loss: 0.6410, Acc(1): 75.00, Acc(5): 100.00
2023-06-19 16:39:14,361 - AUGCON - INFO - 	Validation Loss: 0.8632, Acc(1): 81.00, Acc(5): 98.00, F1: 0.19, Recall: 0.19, Precision: 0.19
2023-06-19 16:39:14,361 - AUGCON - INFO - Epoch [37/50]-(0/22) Loss: 0.2742, Acc(1): 100.00, Acc(5): 100.00
2023-06-19 16:39:14,361 - AUGCON - INFO - Epoch [37/50]-(5/22) Loss: 1.0281, Acc(1): 75.00, Acc(5): 100.00
2023-06-19 16:39:14,361 - AUGCON - INFO - Epoch [37/50]-(10/22) Loss: 0.6089, Acc(1): 75.00, Acc(5): 100.00
2023-06-19 16:39:14,361 - AUGCON - INFO - Epoch [37/50]-(15/22) Loss: 0.3923, Acc(1): 75.00, Acc(5): 100.00
2023-06-19 16:39:14,361 - AUGCON - INFO - Epoch [37/50]-(20/22) Loss: 0.5356, Acc(1): 100.00, Acc(5): 100.00
2023-06-19 16:39:14,361 - AUGCON - INFO - 	Validation Loss: 0.7637, Acc(1): 84.00, Acc(5): 98.00, F1: 0.20, Recall: 0.20, Precision: 0.20
2023-06-19 16:39:14,362 - AUGCON - INFO - Epoch [38/50]-(0/22) Loss: 0.7196, Acc(1): 100.00, Acc(5): 100.00
2023-06-19 16:39:14,362 - AUGCON - INFO - Epoch [38/50]-(5/22) Loss: 0.3198, Acc(1): 100.00, Acc(5): 100.00
2023-06-19 16:39:14,362 - AUGCON - INFO - Epoch [38/50]-(10/22) Loss: 0.5247, Acc(1): 100.00, Acc(5): 100.00
2023-06-19 16:39:14,362 - AUGCON - INFO - Epoch [38/50]-(15/22) Loss: 0.6410, Acc(1): 75.00, Acc(5): 100.00
2023-06-19 16:39:14,362 - AUGCON - INFO - Epoch [38/50]-(20/22) Loss: 0.3705, Acc(1): 100.00, Acc(5): 100.00
2023-06-19 16:39:14,362 - AUGCON - INFO - 	Validation Loss: 0.7927, Acc(1): 81.00, Acc(5): 98.00, F1: 0.19, Recall: 0.19, Precision: 0.19
2023-06-19 16:39:14,362 - AUGCON - INFO - Epoch [39/50]-(0/22) Loss: 0.7071, Acc(1): 75.00, Acc(5): 100.00
2023-06-19 16:39:14,362 - AUGCON - INFO - Epoch [39/50]-(5/22) Loss: 0.8399, Acc(1): 50.00, Acc(5): 100.00
2023-06-19 16:39:14,362 - AUGCON - INFO - Epoch [39/50]-(10/22) Loss: 0.8250, Acc(1): 75.00, Acc(5): 100.00
2023-06-19 16:39:14,362 - AUGCON - INFO - Epoch [39/50]-(15/22) Loss: 0.2356, Acc(1): 100.00, Acc(5): 100.00
2023-06-19 16:39:14,362 - AUGCON - INFO - Epoch [39/50]-(20/22) Loss: 0.8197, Acc(1): 75.00, Acc(5): 100.00
2023-06-19 16:39:14,363 - AUGCON - INFO - 	Validation Loss: 0.7881, Acc(1): 82.00, Acc(5): 98.00, F1: 0.19, Recall: 0.19, Precision: 0.19
2023-06-19 16:39:14,363 - AUGCON - INFO - Epoch [40/50]-(0/22) Loss: 0.7106, Acc(1): 75.00, Acc(5): 100.00
2023-06-19 16:39:14,363 - AUGCON - INFO - Epoch [40/50]-(5/22) Loss: 0.5731, Acc(1): 75.00, Acc(5): 100.00
2023-06-19 16:39:14,363 - AUGCON - INFO - Epoch [40/50]-(10/22) Loss: 0.6101, Acc(1): 75.00, Acc(5): 100.00
2023-06-19 16:39:14,363 - AUGCON - INFO - Epoch [40/50]-(15/22) Loss: 0.7701, Acc(1): 50.00, Acc(5): 100.00
2023-06-19 16:39:14,363 - AUGCON - INFO - Epoch [40/50]-(20/22) Loss: 0.5392, Acc(1): 75.00, Acc(5): 100.00
2023-06-19 16:39:14,363 - AUGCON - INFO - 	Validation Loss: 0.8110, Acc(1): 85.00, Acc(5): 98.00, F1: 0.20, Recall: 0.20, Precision: 0.20
2023-06-19 16:39:14,363 - AUGCON - INFO - Epoch [41/50]-(0/22) Loss: 0.3841, Acc(1): 100.00, Acc(5): 100.00
2023-06-19 16:39:14,364 - AUGCON - INFO - Epoch [41/50]-(5/22) Loss: 0.6244, Acc(1): 100.00, Acc(5): 100.00
2023-06-19 16:39:14,364 - AUGCON - INFO - Epoch [41/50]-(10/22) Loss: 0.8164, Acc(1): 50.00, Acc(5): 100.00
2023-06-19 16:39:14,364 - AUGCON - INFO - Epoch [41/50]-(15/22) Loss: 0.4921, Acc(1): 75.00, Acc(5): 100.00
2023-06-19 16:39:14,364 - AUGCON - INFO - Epoch [41/50]-(20/22) Loss: 0.2606, Acc(1): 100.00, Acc(5): 100.00
2023-06-19 16:39:14,364 - AUGCON - INFO - 	Validation Loss: 0.7641, Acc(1): 84.00, Acc(5): 98.00, F1: 0.20, Recall: 0.20, Precision: 0.20
2023-06-19 16:39:14,364 - AUGCON - INFO - Epoch [42/50]-(0/22) Loss: 0.7196, Acc(1): 75.00, Acc(5): 100.00
2023-06-19 16:39:14,364 - AUGCON - INFO - Epoch [42/50]-(5/22) Loss: 0.2950, Acc(1): 100.00, Acc(5): 100.00
2023-06-19 16:39:14,364 - AUGCON - INFO - Epoch [42/50]-(10/22) Loss: 0.2280, Acc(1): 100.00, Acc(5): 100.00
2023-06-19 16:39:14,364 - AUGCON - INFO - Epoch [42/50]-(15/22) Loss: 0.6813, Acc(1): 75.00, Acc(5): 100.00
2023-06-19 16:39:14,364 - AUGCON - INFO - Epoch [42/50]-(20/22) Loss: 0.5055, Acc(1): 100.00, Acc(5): 100.00
2023-06-19 16:39:14,364 - AUGCON - INFO - 	Validation Loss: 0.7939, Acc(1): 82.00, Acc(5): 98.00, F1: 0.19, Recall: 0.19, Precision: 0.19
2023-06-19 16:39:14,365 - AUGCON - INFO - Epoch [43/50]-(0/22) Loss: 0.4052, Acc(1): 100.00, Acc(5): 100.00
2023-06-19 16:39:14,365 - AUGCON - INFO - Epoch [43/50]-(5/22) Loss: 0.6046, Acc(1): 75.00, Acc(5): 100.00
2023-06-19 16:39:14,365 - AUGCON - INFO - Epoch [43/50]-(10/22) Loss: 0.8865, Acc(1): 50.00, Acc(5): 100.00
2023-06-19 16:39:14,365 - AUGCON - INFO - Epoch [43/50]-(15/22) Loss: 0.8232, Acc(1): 75.00, Acc(5): 100.00
2023-06-19 16:39:14,365 - AUGCON - INFO - Epoch [43/50]-(20/22) Loss: 0.4906, Acc(1): 75.00, Acc(5): 100.00
2023-06-19 16:39:14,365 - AUGCON - INFO - 	Validation Loss: 0.7493, Acc(1): 86.00, Acc(5): 98.00, F1: 0.20, Recall: 0.20, Precision: 0.20
2023-06-19 16:39:14,365 - AUGCON - INFO - Epoch [44/50]-(0/22) Loss: 0.4718, Acc(1): 75.00, Acc(5): 100.00
2023-06-19 16:39:14,365 - AUGCON - INFO - Epoch [44/50]-(5/22) Loss: 0.2880, Acc(1): 100.00, Acc(5): 100.00
2023-06-19 16:39:14,365 - AUGCON - INFO - Epoch [44/50]-(10/22) Loss: 0.6302, Acc(1): 100.00, Acc(5): 100.00
2023-06-19 16:39:14,365 - AUGCON - INFO - Epoch [44/50]-(15/22) Loss: 0.3787, Acc(1): 100.00, Acc(5): 100.00
2023-06-19 16:39:14,365 - AUGCON - INFO - Epoch [44/50]-(20/22) Loss: 0.6524, Acc(1): 75.00, Acc(5): 100.00
2023-06-19 16:39:14,365 - AUGCON - INFO - 	Validation Loss: 0.7855, Acc(1): 83.00, Acc(5): 98.00, F1: 0.19, Recall: 0.20, Precision: 0.19
2023-06-19 16:39:14,365 - AUGCON - INFO - Epoch [45/50]-(0/22) Loss: 0.8338, Acc(1): 75.00, Acc(5): 100.00
2023-06-19 16:39:14,366 - AUGCON - INFO - Epoch [45/50]-(5/22) Loss: 0.2359, Acc(1): 100.00, Acc(5): 100.00
2023-06-19 16:39:14,366 - AUGCON - INFO - Epoch [45/50]-(10/22) Loss: 0.2212, Acc(1): 100.00, Acc(5): 100.00
2023-06-19 16:39:14,366 - AUGCON - INFO - Epoch [45/50]-(15/22) Loss: 0.6983, Acc(1): 75.00, Acc(5): 100.00
2023-06-19 16:39:14,366 - AUGCON - INFO - Epoch [45/50]-(20/22) Loss: 0.3013, Acc(1): 100.00, Acc(5): 100.00
2023-06-19 16:39:14,366 - AUGCON - INFO - 	Validation Loss: 0.7828, Acc(1): 82.00, Acc(5): 98.00, F1: 0.19, Recall: 0.19, Precision: 0.19
2023-06-19 16:39:14,366 - AUGCON - INFO - Epoch [46/50]-(0/22) Loss: 0.7215, Acc(1): 75.00, Acc(5): 100.00
2023-06-19 16:39:14,366 - AUGCON - INFO - Epoch [46/50]-(5/22) Loss: 0.4350, Acc(1): 100.00, Acc(5): 100.00
2023-06-19 16:39:14,367 - AUGCON - INFO - Epoch [46/50]-(10/22) Loss: 0.4734, Acc(1): 100.00, Acc(5): 100.00
2023-06-19 16:39:14,367 - AUGCON - INFO - Epoch [46/50]-(15/22) Loss: 0.4141, Acc(1): 100.00, Acc(5): 100.00
2023-06-19 16:39:14,367 - AUGCON - INFO - Epoch [46/50]-(20/22) Loss: 0.6198, Acc(1): 75.00, Acc(5): 100.00
2023-06-19 16:39:14,367 - AUGCON - INFO - 	Validation Loss: 0.7293, Acc(1): 84.00, Acc(5): 98.00, F1: 0.20, Recall: 0.20, Precision: 0.20
2023-06-19 16:39:14,367 - AUGCON - INFO - Epoch [47/50]-(0/22) Loss: 0.6911, Acc(1): 75.00, Acc(5): 100.00
2023-06-19 16:39:14,367 - AUGCON - INFO - Epoch [47/50]-(5/22) Loss: 0.3479, Acc(1): 100.00, Acc(5): 100.00
2023-06-19 16:39:14,367 - AUGCON - INFO - Epoch [47/50]-(10/22) Loss: 0.3847, Acc(1): 100.00, Acc(5): 100.00
2023-06-19 16:39:14,367 - AUGCON - INFO - Epoch [47/50]-(15/22) Loss: 0.4840, Acc(1): 100.00, Acc(5): 100.00
2023-06-19 16:39:14,367 - AUGCON - INFO - Epoch [47/50]-(20/22) Loss: 0.7284, Acc(1): 75.00, Acc(5): 100.00
2023-06-19 16:39:14,368 - AUGCON - INFO - 	Validation Loss: 0.7645, Acc(1): 83.00, Acc(5): 98.00, F1: 0.20, Recall: 0.20, Precision: 0.20
2023-06-19 16:39:14,368 - AUGCON - INFO - Epoch [48/50]-(0/22) Loss: 0.4262, Acc(1): 100.00, Acc(5): 100.00
2023-06-19 16:39:14,368 - AUGCON - INFO - Epoch [48/50]-(5/22) Loss: 0.3081, Acc(1): 100.00, Acc(5): 100.00
2023-06-19 16:39:14,368 - AUGCON - INFO - Epoch [48/50]-(10/22) Loss: 0.5674, Acc(1): 100.00, Acc(5): 100.00
2023-06-19 16:39:14,368 - AUGCON - INFO - Epoch [48/50]-(15/22) Loss: 0.6579, Acc(1): 75.00, Acc(5): 100.00
2023-06-19 16:39:14,368 - AUGCON - INFO - Epoch [48/50]-(20/22) Loss: 0.2479, Acc(1): 100.00, Acc(5): 100.00
2023-06-19 16:39:14,368 - AUGCON - INFO - 	Validation Loss: 0.7727, Acc(1): 85.00, Acc(5): 98.00, F1: 0.20, Recall: 0.20, Precision: 0.20
2023-06-19 16:39:14,368 - AUGCON - INFO - Epoch [49/50]-(0/22) Loss: 0.2835, Acc(1): 100.00, Acc(5): 100.00
2023-06-19 16:39:14,368 - AUGCON - INFO - Epoch [49/50]-(5/22) Loss: 0.6003, Acc(1): 75.00, Acc(5): 100.00
2023-06-19 16:39:14,368 - AUGCON - INFO - Epoch [49/50]-(10/22) Loss: 0.3530, Acc(1): 100.00, Acc(5): 100.00
2023-06-19 16:39:14,368 - AUGCON - INFO - Epoch [49/50]-(15/22) Loss: 0.8211, Acc(1): 50.00, Acc(5): 100.00
2023-06-19 16:39:14,368 - AUGCON - INFO - Epoch [49/50]-(20/22) Loss: 0.8093, Acc(1): 75.00, Acc(5): 100.00
2023-06-19 16:39:14,368 - AUGCON - INFO - 	Validation Loss: 0.7418, Acc(1): 84.00, Acc(5): 98.00, F1: 0.20, Recall: 0.20, Precision: 0.20
2023-06-19 16:39:14,368 - AUGCON - INFO - Epoch [50/50]-(0/22) Loss: 1.4242, Acc(1): 50.00, Acc(5): 100.00
2023-06-19 16:39:14,368 - AUGCON - INFO - Epoch [50/50]-(5/22) Loss: 0.5071, Acc(1): 100.00, Acc(5): 100.00
2023-06-19 16:39:14,369 - AUGCON - INFO - Epoch [50/50]-(10/22) Loss: 0.7054, Acc(1): 75.00, Acc(5): 100.00
2023-06-19 16:39:14,369 - AUGCON - INFO - Epoch [50/50]-(15/22) Loss: 1.0914, Acc(1): 50.00, Acc(5): 100.00
2023-06-19 16:39:14,369 - AUGCON - INFO - Epoch [50/50]-(20/22) Loss: 0.4295, Acc(1): 100.00, Acc(5): 100.00
2023-06-19 16:39:14,369 - AUGCON - INFO - 	Validation Loss: 0.7667, Acc(1): 81.00, Acc(5): 98.00, F1: 0.19, Recall: 0.19, Precision: 0.19
2023-06-19 16:39:14,369 - AUGCON - INFO - 	Validation Loss: 1.0244, Acc(1): 76.67, Acc(5): 94.67, F1: 0.18, Recall: 0.19, Precision: 0.18
