2023-06-19 16:36:50,819 - AUGCON - INFO - logger initialized (/home/hjyoon/projects/augcon/config/exp0/finetune_da_true/without_target_domain_PH0012-thanh/cpc_random_8421/tgt_target_domain_PH0014-wjlee_seed0.yaml.log)
2023-06-19 16:36:50,819 - AUGCON - INFO - ================= Config =================
2023-06-19 16:36:50,819 - AUGCON - INFO -   mode: finetune
2023-06-19 16:36:50,820 - AUGCON - INFO -   seed: 0
2023-06-19 16:36:50,820 - AUGCON - INFO -   gpu: [1]
2023-06-19 16:36:50,820 - AUGCON - INFO -   num_workers: 1
2023-06-19 16:36:50,820 - AUGCON - INFO -   dist_url: tcp://localhost:10001
2023-06-19 16:36:50,820 - AUGCON - INFO -   dataset_name: ichar
2023-06-19 16:36:50,820 - AUGCON - INFO -   train_dataset_path: /mnt/sting/hjyoon/projects/cross/ICHAR/augcon/target_domain_PH0014-wjlee/finetune/10shot/target/train.pkl
2023-06-19 16:36:50,820 - AUGCON - INFO -   test_dataset_path: /mnt/sting/hjyoon/projects/cross/ICHAR/augcon/target_domain_PH0014-wjlee/finetune/10shot/target/test.pkl
2023-06-19 16:36:50,820 - AUGCON - INFO -   val_dataset_path: /mnt/sting/hjyoon/projects/cross/ICHAR/augcon/target_domain_PH0014-wjlee/finetune/10shot/target/val.pkl
2023-06-19 16:36:50,820 - AUGCON - INFO -   input_channels: 3
2023-06-19 16:36:50,820 - AUGCON - INFO -   num_cls: 9
2023-06-19 16:36:50,820 - AUGCON - INFO -   optimizer: adam
2023-06-19 16:36:50,820 - AUGCON - INFO -   criterion: crossentropy
2023-06-19 16:36:50,820 - AUGCON - INFO -   start_epoch: 0
2023-06-19 16:36:50,820 - AUGCON - INFO -   epochs: 50
2023-06-19 16:36:50,820 - AUGCON - INFO -   batch_size: 4
2023-06-19 16:36:50,820 - AUGCON - INFO -   lr: 0.001
2023-06-19 16:36:50,820 - AUGCON - INFO -   wd: 0.0
2023-06-19 16:36:50,820 - AUGCON - INFO -   resume: 
2023-06-19 16:36:50,821 - AUGCON - INFO -   pretrained: /mnt/sting/hjyoon/projects/augcontrast/models/exp0/pretrain/without_target_domain_PH0012-thanh/cpc_random_8421//checkpoint_0099.pth.tar
2023-06-19 16:36:50,821 - AUGCON - INFO -   ckpt_dir: /mnt/sting/hjyoon/projects/augcontrast/models/exp0/finetune_da_true/without_target_domain_PH0012-thanh/cpc_random_8421/tgt_target_domain_PH0014-wjlee_seed0
2023-06-19 16:36:50,821 - AUGCON - INFO -   log_freq: 5
2023-06-19 16:36:50,821 - AUGCON - INFO -   save_freq: 10
2023-06-19 16:36:50,821 - AUGCON - INFO -   pretext: metacpc
2023-06-19 16:36:50,821 - AUGCON - INFO -   enc_blocks: 4
2023-06-19 16:36:50,821 - AUGCON - INFO -   kernel_sizes: [8, 4, 2, 1]
2023-06-19 16:36:50,821 - AUGCON - INFO -   strides: [4, 2, 1, 1]
2023-06-19 16:36:50,821 - AUGCON - INFO -   agg_blocks: 5
2023-06-19 16:36:50,821 - AUGCON - INFO -   z_dim: 256
2023-06-19 16:36:50,821 - AUGCON - INFO -   pooling: mean
2023-06-19 16:36:50,821 - AUGCON - INFO -   pred_steps: 12
2023-06-19 16:36:50,821 - AUGCON - INFO -   n_negatives: 15
2023-06-19 16:36:50,821 - AUGCON - INFO -   offset: 4
2023-06-19 16:36:50,821 - AUGCON - INFO -   domain_adaptation: True
2023-06-19 16:36:50,821 - AUGCON - INFO -   task_steps: 10
2023-06-19 16:36:50,821 - AUGCON - INFO -   task_lr: 0.001
2023-06-19 16:36:50,821 - AUGCON - INFO -   reg_lambda: 0
2023-06-19 16:36:50,821 - AUGCON - INFO -   mlp: False
2023-06-19 16:36:50,822 - AUGCON - INFO -   freeze: True
2023-06-19 16:36:50,822 - AUGCON - INFO -   no_vars: True
2023-06-19 16:36:50,822 - AUGCON - INFO - ==========================================
2023-06-19 16:36:50,822 - AUGCON - INFO - Setting GPUs: [1]
2023-06-19 16:36:50,822 - AUGCON - INFO - GPUs [1] will be used
2023-06-19 16:36:50,823 - AUGCON - WARNING - You have chosen to seed training. 
2023-06-19 16:36:50,823 - AUGCON - WARNING - This will turn on the CUDNN deterministic setting, 
2023-06-19 16:36:50,823 - AUGCON - WARNING - which can slow down your training considerably! 
2023-06-19 16:36:50,823 - AUGCON - WARNING - You may see unexpected behavior when restarting 
2023-06-19 16:36:50,823 - AUGCON - WARNING - from checkpoints.
2023-06-19 16:36:50,853 - AUGCON - INFO - Executing MetaCPC
2023-06-19 16:36:50,853 - AUGCON - INFO - Logs are skipped during training
2023-06-19 16:37:10,493 - AUGCON - INFO - Single GPU is used for training - training 90 instances for each worker
2023-06-19 16:37:10,493 - AUGCON - INFO - Loading pretrained model from checkpoint - /mnt/sting/hjyoon/projects/augcontrast/models/exp0/pretrain/without_target_domain_PH0012-thanh/cpc_random_8421//checkpoint_0099.pth.tar
2023-06-19 16:37:10,493 - AUGCON - INFO - Missing keys: ['predictor.vars.0', 'predictor.vars.1']
2023-06-19 16:37:10,493 - AUGCON - INFO - Perform domain adaptation step
2023-06-19 16:37:10,493 - AUGCON - INFO - 	meta-train [0/10] Loss: 2.9713, Acc(1): 6.58, Acc(5): 31.68
2023-06-19 16:37:10,493 - AUGCON - INFO - 	meta-train [1/10] Loss: 2.9501, Acc(1): 6.48, Acc(5): 31.77
2023-06-19 16:37:10,493 - AUGCON - INFO - 	meta-train [2/10] Loss: 2.9255, Acc(1): 6.83, Acc(5): 31.92
2023-06-19 16:37:10,493 - AUGCON - INFO - 	meta-train [3/10] Loss: 2.9062, Acc(1): 6.55, Acc(5): 32.01
2023-06-19 16:37:10,494 - AUGCON - INFO - 	meta-train [4/10] Loss: 2.8889, Acc(1): 6.54, Acc(5): 32.08
2023-06-19 16:37:10,494 - AUGCON - INFO - 	meta-train [5/10] Loss: 2.8843, Acc(1): 6.77, Acc(5): 32.87
2023-06-19 16:37:10,494 - AUGCON - INFO - 	meta-train [6/10] Loss: 2.8744, Acc(1): 6.63, Acc(5): 32.28
2023-06-19 16:37:10,494 - AUGCON - INFO - 	meta-train [7/10] Loss: 2.8774, Acc(1): 7.08, Acc(5): 32.38
2023-06-19 16:37:10,494 - AUGCON - INFO - 	meta-train [8/10] Loss: 2.8592, Acc(1): 6.73, Acc(5): 32.68
2023-06-19 16:37:10,494 - AUGCON - INFO - 	meta-train [9/10] Loss: 2.8598, Acc(1): 6.69, Acc(5): 32.57
2023-06-19 16:37:10,494 - AUGCON - INFO - Loading encoder parameters to the classifier
2023-06-19 16:37:10,494 - AUGCON - INFO - Missing keys: ['classifier.block.0.weight', 'classifier.block.0.bias']
2023-06-19 16:37:10,494 - AUGCON - INFO - Epoch [1/50]-(0/22) Loss: 2.1539, Acc(1): 0.00, Acc(5): 75.00
2023-06-19 16:37:10,494 - AUGCON - INFO - Epoch [1/50]-(5/22) Loss: 2.3353, Acc(1): 0.00, Acc(5): 75.00
2023-06-19 16:37:10,494 - AUGCON - INFO - Epoch [1/50]-(10/22) Loss: 2.3506, Acc(1): 50.00, Acc(5): 75.00
2023-06-19 16:37:10,494 - AUGCON - INFO - Epoch [1/50]-(15/22) Loss: 2.0014, Acc(1): 25.00, Acc(5): 75.00
2023-06-19 16:37:10,494 - AUGCON - INFO - Epoch [1/50]-(20/22) Loss: 2.2410, Acc(1): 25.00, Acc(5): 50.00
2023-06-19 16:37:10,494 - AUGCON - INFO - 	Validation Loss: 1.8891, Acc(1): 20.00, Acc(5): 93.00, F1: 0.05, Recall: 0.05, Precision: 0.05
2023-06-19 16:37:10,494 - AUGCON - INFO - Epoch [2/50]-(0/22) Loss: 1.7902, Acc(1): 25.00, Acc(5): 100.00
2023-06-19 16:37:10,495 - AUGCON - INFO - Epoch [2/50]-(5/22) Loss: 2.3583, Acc(1): 0.00, Acc(5): 25.00
2023-06-19 16:37:10,495 - AUGCON - INFO - Epoch [2/50]-(10/22) Loss: 1.7641, Acc(1): 0.00, Acc(5): 75.00
2023-06-19 16:37:10,495 - AUGCON - INFO - Epoch [2/50]-(15/22) Loss: 1.8513, Acc(1): 25.00, Acc(5): 75.00
2023-06-19 16:37:10,495 - AUGCON - INFO - Epoch [2/50]-(20/22) Loss: 1.9434, Acc(1): 25.00, Acc(5): 100.00
2023-06-19 16:37:10,495 - AUGCON - INFO - 	Validation Loss: 1.6925, Acc(1): 41.00, Acc(5): 92.00, F1: 0.10, Recall: 0.09, Precision: 0.11
2023-06-19 16:37:10,495 - AUGCON - INFO - Epoch [3/50]-(0/22) Loss: 1.3906, Acc(1): 50.00, Acc(5): 100.00
2023-06-19 16:37:10,495 - AUGCON - INFO - Epoch [3/50]-(5/22) Loss: 1.4782, Acc(1): 50.00, Acc(5): 100.00
2023-06-19 16:37:10,495 - AUGCON - INFO - Epoch [3/50]-(10/22) Loss: 1.4989, Acc(1): 50.00, Acc(5): 100.00
2023-06-19 16:37:10,495 - AUGCON - INFO - Epoch [3/50]-(15/22) Loss: 1.2410, Acc(1): 75.00, Acc(5): 100.00
2023-06-19 16:37:10,495 - AUGCON - INFO - Epoch [3/50]-(20/22) Loss: 1.5099, Acc(1): 50.00, Acc(5): 100.00
2023-06-19 16:37:10,495 - AUGCON - INFO - 	Validation Loss: 1.5212, Acc(1): 44.00, Acc(5): 97.00, F1: 0.10, Recall: 0.10, Precision: 0.10
2023-06-19 16:37:10,495 - AUGCON - INFO - Epoch [4/50]-(0/22) Loss: 1.4473, Acc(1): 25.00, Acc(5): 100.00
2023-06-19 16:37:10,495 - AUGCON - INFO - Epoch [4/50]-(5/22) Loss: 1.3980, Acc(1): 50.00, Acc(5): 100.00
2023-06-19 16:37:10,495 - AUGCON - INFO - Epoch [4/50]-(10/22) Loss: 1.9308, Acc(1): 25.00, Acc(5): 100.00
2023-06-19 16:37:10,495 - AUGCON - INFO - Epoch [4/50]-(15/22) Loss: 1.4693, Acc(1): 25.00, Acc(5): 100.00
2023-06-19 16:37:10,496 - AUGCON - INFO - Epoch [4/50]-(20/22) Loss: 1.4172, Acc(1): 25.00, Acc(5): 100.00
2023-06-19 16:37:10,496 - AUGCON - INFO - 	Validation Loss: 1.5054, Acc(1): 39.00, Acc(5): 97.00, F1: 0.09, Recall: 0.09, Precision: 0.09
2023-06-19 16:37:10,496 - AUGCON - INFO - Epoch [5/50]-(0/22) Loss: 1.1925, Acc(1): 50.00, Acc(5): 100.00
2023-06-19 16:37:10,496 - AUGCON - INFO - Epoch [5/50]-(5/22) Loss: 1.4021, Acc(1): 25.00, Acc(5): 100.00
2023-06-19 16:37:10,496 - AUGCON - INFO - Epoch [5/50]-(10/22) Loss: 1.9133, Acc(1): 25.00, Acc(5): 100.00
2023-06-19 16:37:10,496 - AUGCON - INFO - Epoch [5/50]-(15/22) Loss: 1.0381, Acc(1): 50.00, Acc(5): 100.00
2023-06-19 16:37:10,496 - AUGCON - INFO - Epoch [5/50]-(20/22) Loss: 1.7603, Acc(1): 25.00, Acc(5): 100.00
2023-06-19 16:37:10,496 - AUGCON - INFO - 	Validation Loss: 1.4408, Acc(1): 49.00, Acc(5): 97.00, F1: 0.10, Recall: 0.09, Precision: 0.13
2023-06-19 16:37:10,496 - AUGCON - INFO - Epoch [6/50]-(0/22) Loss: 1.2846, Acc(1): 0.00, Acc(5): 100.00
2023-06-19 16:37:10,496 - AUGCON - INFO - Epoch [6/50]-(5/22) Loss: 1.3556, Acc(1): 50.00, Acc(5): 100.00
2023-06-19 16:37:10,496 - AUGCON - INFO - Epoch [6/50]-(10/22) Loss: 1.7998, Acc(1): 0.00, Acc(5): 100.00
2023-06-19 16:37:10,496 - AUGCON - INFO - Epoch [6/50]-(15/22) Loss: 1.4864, Acc(1): 25.00, Acc(5): 100.00
2023-06-19 16:37:10,496 - AUGCON - INFO - Epoch [6/50]-(20/22) Loss: 1.3857, Acc(1): 25.00, Acc(5): 100.00
2023-06-19 16:37:10,496 - AUGCON - INFO - 	Validation Loss: 1.4094, Acc(1): 49.00, Acc(5): 98.00, F1: 0.10, Recall: 0.09, Precision: 0.12
2023-06-19 16:37:10,497 - AUGCON - INFO - Epoch [7/50]-(0/22) Loss: 1.6041, Acc(1): 25.00, Acc(5): 100.00
2023-06-19 16:37:10,497 - AUGCON - INFO - Epoch [7/50]-(5/22) Loss: 1.3384, Acc(1): 25.00, Acc(5): 100.00
2023-06-19 16:37:10,497 - AUGCON - INFO - Epoch [7/50]-(10/22) Loss: 1.5737, Acc(1): 25.00, Acc(5): 100.00
2023-06-19 16:37:10,497 - AUGCON - INFO - Epoch [7/50]-(15/22) Loss: 1.1789, Acc(1): 50.00, Acc(5): 100.00
2023-06-19 16:37:10,497 - AUGCON - INFO - Epoch [7/50]-(20/22) Loss: 1.3733, Acc(1): 25.00, Acc(5): 100.00
2023-06-19 16:37:10,497 - AUGCON - INFO - 	Validation Loss: 1.3946, Acc(1): 55.00, Acc(5): 97.00, F1: 0.11, Recall: 0.10, Precision: 0.13
2023-06-19 16:37:10,497 - AUGCON - INFO - Epoch [8/50]-(0/22) Loss: 1.4888, Acc(1): 50.00, Acc(5): 100.00
2023-06-19 16:37:10,497 - AUGCON - INFO - Epoch [8/50]-(5/22) Loss: 0.5228, Acc(1): 100.00, Acc(5): 100.00
2023-06-19 16:37:10,497 - AUGCON - INFO - Epoch [8/50]-(10/22) Loss: 1.7301, Acc(1): 50.00, Acc(5): 100.00
2023-06-19 16:37:10,497 - AUGCON - INFO - Epoch [8/50]-(15/22) Loss: 1.6264, Acc(1): 50.00, Acc(5): 75.00
2023-06-19 16:37:10,497 - AUGCON - INFO - Epoch [8/50]-(20/22) Loss: 1.3435, Acc(1): 50.00, Acc(5): 100.00
2023-06-19 16:37:10,498 - AUGCON - INFO - 	Validation Loss: 1.3775, Acc(1): 49.00, Acc(5): 97.00, F1: 0.11, Recall: 0.09, Precision: 0.15
2023-06-19 16:37:10,498 - AUGCON - INFO - Epoch [9/50]-(0/22) Loss: 0.8023, Acc(1): 75.00, Acc(5): 100.00
2023-06-19 16:37:10,498 - AUGCON - INFO - Epoch [9/50]-(5/22) Loss: 1.9586, Acc(1): 0.00, Acc(5): 100.00
2023-06-19 16:37:10,498 - AUGCON - INFO - Epoch [9/50]-(10/22) Loss: 0.9239, Acc(1): 50.00, Acc(5): 100.00
2023-06-19 16:37:10,498 - AUGCON - INFO - Epoch [9/50]-(15/22) Loss: 2.0376, Acc(1): 25.00, Acc(5): 75.00
2023-06-19 16:37:10,498 - AUGCON - INFO - Epoch [9/50]-(20/22) Loss: 1.3547, Acc(1): 75.00, Acc(5): 100.00
2023-06-19 16:37:10,498 - AUGCON - INFO - 	Validation Loss: 1.4146, Acc(1): 53.00, Acc(5): 96.00, F1: 0.11, Recall: 0.10, Precision: 0.12
2023-06-19 16:37:10,498 - AUGCON - INFO - Epoch [10/50]-(0/22) Loss: 0.8575, Acc(1): 100.00, Acc(5): 100.00
2023-06-19 16:37:10,498 - AUGCON - INFO - Epoch [10/50]-(5/22) Loss: 1.6359, Acc(1): 25.00, Acc(5): 100.00
2023-06-19 16:37:10,498 - AUGCON - INFO - Epoch [10/50]-(10/22) Loss: 1.2380, Acc(1): 25.00, Acc(5): 100.00
2023-06-19 16:37:10,498 - AUGCON - INFO - Epoch [10/50]-(15/22) Loss: 0.6844, Acc(1): 100.00, Acc(5): 100.00
2023-06-19 16:37:10,498 - AUGCON - INFO - Epoch [10/50]-(20/22) Loss: 1.0773, Acc(1): 75.00, Acc(5): 100.00
2023-06-19 16:37:10,499 - AUGCON - INFO - 	Validation Loss: 1.3469, Acc(1): 55.00, Acc(5): 97.00, F1: 0.12, Recall: 0.10, Precision: 0.15
2023-06-19 16:37:10,499 - AUGCON - INFO - Epoch [11/50]-(0/22) Loss: 1.5111, Acc(1): 50.00, Acc(5): 100.00
2023-06-19 16:37:10,499 - AUGCON - INFO - Epoch [11/50]-(5/22) Loss: 0.9344, Acc(1): 75.00, Acc(5): 100.00
2023-06-19 16:37:10,499 - AUGCON - INFO - Epoch [11/50]-(10/22) Loss: 1.6203, Acc(1): 50.00, Acc(5): 75.00
2023-06-19 16:37:10,499 - AUGCON - INFO - Epoch [11/50]-(15/22) Loss: 1.8242, Acc(1): 25.00, Acc(5): 100.00
2023-06-19 16:37:10,499 - AUGCON - INFO - Epoch [11/50]-(20/22) Loss: 1.3014, Acc(1): 75.00, Acc(5): 100.00
2023-06-19 16:37:10,499 - AUGCON - INFO - 	Validation Loss: 1.3451, Acc(1): 59.00, Acc(5): 97.00, F1: 0.12, Recall: 0.11, Precision: 0.14
2023-06-19 16:37:10,499 - AUGCON - INFO - Epoch [12/50]-(0/22) Loss: 1.3346, Acc(1): 50.00, Acc(5): 100.00
2023-06-19 16:37:10,499 - AUGCON - INFO - Epoch [12/50]-(5/22) Loss: 1.1261, Acc(1): 50.00, Acc(5): 100.00
2023-06-19 16:37:10,499 - AUGCON - INFO - Epoch [12/50]-(10/22) Loss: 1.4433, Acc(1): 25.00, Acc(5): 100.00
2023-06-19 16:37:10,499 - AUGCON - INFO - Epoch [12/50]-(15/22) Loss: 0.7832, Acc(1): 75.00, Acc(5): 100.00
2023-06-19 16:37:10,499 - AUGCON - INFO - Epoch [12/50]-(20/22) Loss: 1.1300, Acc(1): 50.00, Acc(5): 100.00
2023-06-19 16:37:10,499 - AUGCON - INFO - 	Validation Loss: 1.3242, Acc(1): 51.00, Acc(5): 97.00, F1: 0.11, Recall: 0.09, Precision: 0.14
2023-06-19 16:37:10,499 - AUGCON - INFO - Epoch [13/50]-(0/22) Loss: 1.4600, Acc(1): 50.00, Acc(5): 100.00
2023-06-19 16:37:10,499 - AUGCON - INFO - Epoch [13/50]-(5/22) Loss: 0.6046, Acc(1): 100.00, Acc(5): 100.00
2023-06-19 16:37:10,500 - AUGCON - INFO - Epoch [13/50]-(10/22) Loss: 1.9051, Acc(1): 0.00, Acc(5): 75.00
2023-06-19 16:37:10,500 - AUGCON - INFO - Epoch [13/50]-(15/22) Loss: 0.9399, Acc(1): 75.00, Acc(5): 100.00
2023-06-19 16:37:10,500 - AUGCON - INFO - Epoch [13/50]-(20/22) Loss: 1.4827, Acc(1): 50.00, Acc(5): 100.00
2023-06-19 16:37:10,500 - AUGCON - INFO - 	Validation Loss: 1.3297, Acc(1): 53.00, Acc(5): 97.00, F1: 0.11, Recall: 0.10, Precision: 0.12
2023-06-19 16:37:10,500 - AUGCON - INFO - Epoch [14/50]-(0/22) Loss: 1.0969, Acc(1): 50.00, Acc(5): 100.00
2023-06-19 16:37:10,500 - AUGCON - INFO - Epoch [14/50]-(5/22) Loss: 1.4301, Acc(1): 50.00, Acc(5): 100.00
2023-06-19 16:37:10,500 - AUGCON - INFO - Epoch [14/50]-(10/22) Loss: 1.0650, Acc(1): 50.00, Acc(5): 100.00
2023-06-19 16:37:10,500 - AUGCON - INFO - Epoch [14/50]-(15/22) Loss: 1.1551, Acc(1): 50.00, Acc(5): 75.00
2023-06-19 16:37:10,500 - AUGCON - INFO - Epoch [14/50]-(20/22) Loss: 0.8474, Acc(1): 75.00, Acc(5): 100.00
2023-06-19 16:37:10,500 - AUGCON - INFO - 	Validation Loss: 1.3018, Acc(1): 56.00, Acc(5): 96.00, F1: 0.12, Recall: 0.10, Precision: 0.14
2023-06-19 16:37:10,500 - AUGCON - INFO - Epoch [15/50]-(0/22) Loss: 0.7893, Acc(1): 75.00, Acc(5): 100.00
2023-06-19 16:37:10,500 - AUGCON - INFO - Epoch [15/50]-(5/22) Loss: 1.3613, Acc(1): 50.00, Acc(5): 100.00
2023-06-19 16:37:10,500 - AUGCON - INFO - Epoch [15/50]-(10/22) Loss: 0.9367, Acc(1): 75.00, Acc(5): 100.00
2023-06-19 16:37:10,500 - AUGCON - INFO - Epoch [15/50]-(15/22) Loss: 1.5412, Acc(1): 25.00, Acc(5): 100.00
2023-06-19 16:37:10,501 - AUGCON - INFO - Epoch [15/50]-(20/22) Loss: 1.3230, Acc(1): 50.00, Acc(5): 100.00
2023-06-19 16:37:10,501 - AUGCON - INFO - 	Validation Loss: 1.3222, Acc(1): 54.00, Acc(5): 96.00, F1: 0.11, Recall: 0.10, Precision: 0.13
2023-06-19 16:37:10,501 - AUGCON - INFO - Epoch [16/50]-(0/22) Loss: 1.1775, Acc(1): 50.00, Acc(5): 100.00
2023-06-19 16:37:10,501 - AUGCON - INFO - Epoch [16/50]-(5/22) Loss: 0.7889, Acc(1): 50.00, Acc(5): 100.00
2023-06-19 16:37:10,501 - AUGCON - INFO - Epoch [16/50]-(10/22) Loss: 1.2955, Acc(1): 50.00, Acc(5): 100.00
2023-06-19 16:37:10,501 - AUGCON - INFO - Epoch [16/50]-(15/22) Loss: 0.8009, Acc(1): 50.00, Acc(5): 100.00
2023-06-19 16:37:10,501 - AUGCON - INFO - Epoch [16/50]-(20/22) Loss: 1.6613, Acc(1): 25.00, Acc(5): 100.00
2023-06-19 16:37:10,501 - AUGCON - INFO - 	Validation Loss: 1.3455, Acc(1): 57.00, Acc(5): 98.00, F1: 0.12, Recall: 0.11, Precision: 0.15
2023-06-19 16:37:10,501 - AUGCON - INFO - Epoch [17/50]-(0/22) Loss: 0.9820, Acc(1): 25.00, Acc(5): 100.00
2023-06-19 16:37:10,501 - AUGCON - INFO - Epoch [17/50]-(5/22) Loss: 1.1424, Acc(1): 25.00, Acc(5): 100.00
2023-06-19 16:37:10,501 - AUGCON - INFO - Epoch [17/50]-(10/22) Loss: 1.1627, Acc(1): 25.00, Acc(5): 100.00
2023-06-19 16:37:10,501 - AUGCON - INFO - Epoch [17/50]-(15/22) Loss: 1.2653, Acc(1): 25.00, Acc(5): 100.00
2023-06-19 16:37:10,501 - AUGCON - INFO - Epoch [17/50]-(20/22) Loss: 1.3764, Acc(1): 75.00, Acc(5): 75.00
2023-06-19 16:37:10,501 - AUGCON - INFO - 	Validation Loss: 1.2892, Acc(1): 55.00, Acc(5): 97.00, F1: 0.11, Recall: 0.10, Precision: 0.12
2023-06-19 16:37:10,501 - AUGCON - INFO - Epoch [18/50]-(0/22) Loss: 1.2157, Acc(1): 50.00, Acc(5): 100.00
2023-06-19 16:37:10,502 - AUGCON - INFO - Epoch [18/50]-(5/22) Loss: 1.2195, Acc(1): 25.00, Acc(5): 100.00
2023-06-19 16:37:10,502 - AUGCON - INFO - Epoch [18/50]-(10/22) Loss: 1.6250, Acc(1): 0.00, Acc(5): 100.00
2023-06-19 16:37:10,502 - AUGCON - INFO - Epoch [18/50]-(15/22) Loss: 0.9994, Acc(1): 75.00, Acc(5): 100.00
2023-06-19 16:37:10,502 - AUGCON - INFO - Epoch [18/50]-(20/22) Loss: 1.5639, Acc(1): 50.00, Acc(5): 100.00
2023-06-19 16:37:10,502 - AUGCON - INFO - 	Validation Loss: 1.3313, Acc(1): 53.00, Acc(5): 97.00, F1: 0.11, Recall: 0.10, Precision: 0.13
2023-06-19 16:37:10,502 - AUGCON - INFO - Epoch [19/50]-(0/22) Loss: 1.0458, Acc(1): 75.00, Acc(5): 100.00
2023-06-19 16:37:10,502 - AUGCON - INFO - Epoch [19/50]-(5/22) Loss: 1.3025, Acc(1): 50.00, Acc(5): 100.00
2023-06-19 16:37:10,502 - AUGCON - INFO - Epoch [19/50]-(10/22) Loss: 1.3242, Acc(1): 25.00, Acc(5): 100.00
2023-06-19 16:37:10,502 - AUGCON - INFO - Epoch [19/50]-(15/22) Loss: 0.6503, Acc(1): 75.00, Acc(5): 100.00
2023-06-19 16:37:10,502 - AUGCON - INFO - Epoch [19/50]-(20/22) Loss: 1.2569, Acc(1): 25.00, Acc(5): 100.00
2023-06-19 16:37:10,502 - AUGCON - INFO - 	Validation Loss: 1.2815, Acc(1): 54.00, Acc(5): 96.00, F1: 0.11, Recall: 0.10, Precision: 0.13
2023-06-19 16:37:10,502 - AUGCON - INFO - Epoch [20/50]-(0/22) Loss: 0.7812, Acc(1): 75.00, Acc(5): 100.00
2023-06-19 16:37:10,502 - AUGCON - INFO - Epoch [20/50]-(5/22) Loss: 0.9084, Acc(1): 75.00, Acc(5): 100.00
2023-06-19 16:37:10,502 - AUGCON - INFO - Epoch [20/50]-(10/22) Loss: 0.8333, Acc(1): 75.00, Acc(5): 100.00
2023-06-19 16:37:10,502 - AUGCON - INFO - Epoch [20/50]-(15/22) Loss: 1.3343, Acc(1): 50.00, Acc(5): 100.00
2023-06-19 16:37:10,503 - AUGCON - INFO - Epoch [20/50]-(20/22) Loss: 0.8114, Acc(1): 75.00, Acc(5): 100.00
2023-06-19 16:37:10,503 - AUGCON - INFO - 	Validation Loss: 1.3064, Acc(1): 54.00, Acc(5): 98.00, F1: 0.11, Recall: 0.10, Precision: 0.12
2023-06-19 16:37:10,503 - AUGCON - INFO - Epoch [21/50]-(0/22) Loss: 0.6876, Acc(1): 75.00, Acc(5): 100.00
2023-06-19 16:37:10,503 - AUGCON - INFO - Epoch [21/50]-(5/22) Loss: 1.6486, Acc(1): 0.00, Acc(5): 100.00
2023-06-19 16:37:10,503 - AUGCON - INFO - Epoch [21/50]-(10/22) Loss: 1.1967, Acc(1): 50.00, Acc(5): 100.00
2023-06-19 16:37:10,503 - AUGCON - INFO - Epoch [21/50]-(15/22) Loss: 1.2301, Acc(1): 75.00, Acc(5): 75.00
2023-06-19 16:37:10,503 - AUGCON - INFO - Epoch [21/50]-(20/22) Loss: 0.6031, Acc(1): 75.00, Acc(5): 100.00
2023-06-19 16:37:10,503 - AUGCON - INFO - 	Validation Loss: 1.2690, Acc(1): 54.00, Acc(5): 98.00, F1: 0.11, Recall: 0.10, Precision: 0.13
2023-06-19 16:37:10,503 - AUGCON - INFO - Epoch [22/50]-(0/22) Loss: 1.1847, Acc(1): 50.00, Acc(5): 100.00
2023-06-19 16:37:10,503 - AUGCON - INFO - Epoch [22/50]-(5/22) Loss: 1.1184, Acc(1): 50.00, Acc(5): 100.00
2023-06-19 16:37:10,503 - AUGCON - INFO - Epoch [22/50]-(10/22) Loss: 1.7050, Acc(1): 25.00, Acc(5): 100.00
2023-06-19 16:37:10,503 - AUGCON - INFO - Epoch [22/50]-(15/22) Loss: 1.2173, Acc(1): 25.00, Acc(5): 100.00
2023-06-19 16:37:10,503 - AUGCON - INFO - Epoch [22/50]-(20/22) Loss: 1.1938, Acc(1): 75.00, Acc(5): 100.00
2023-06-19 16:37:10,503 - AUGCON - INFO - 	Validation Loss: 1.2637, Acc(1): 56.00, Acc(5): 97.00, F1: 0.12, Recall: 0.10, Precision: 0.14
2023-06-19 16:37:10,503 - AUGCON - INFO - Epoch [23/50]-(0/22) Loss: 0.6300, Acc(1): 75.00, Acc(5): 100.00
2023-06-19 16:37:10,504 - AUGCON - INFO - Epoch [23/50]-(5/22) Loss: 0.7391, Acc(1): 75.00, Acc(5): 100.00
2023-06-19 16:37:10,504 - AUGCON - INFO - Epoch [23/50]-(10/22) Loss: 1.3241, Acc(1): 25.00, Acc(5): 100.00
2023-06-19 16:37:10,504 - AUGCON - INFO - Epoch [23/50]-(15/22) Loss: 1.2695, Acc(1): 25.00, Acc(5): 100.00
2023-06-19 16:37:10,504 - AUGCON - INFO - Epoch [23/50]-(20/22) Loss: 0.6575, Acc(1): 75.00, Acc(5): 100.00
2023-06-19 16:37:10,504 - AUGCON - INFO - 	Validation Loss: 1.2921, Acc(1): 57.00, Acc(5): 96.00, F1: 0.11, Recall: 0.11, Precision: 0.12
2023-06-19 16:37:10,504 - AUGCON - INFO - Epoch [24/50]-(0/22) Loss: 0.7442, Acc(1): 50.00, Acc(5): 100.00
2023-06-19 16:37:10,504 - AUGCON - INFO - Epoch [24/50]-(5/22) Loss: 1.1146, Acc(1): 50.00, Acc(5): 100.00
2023-06-19 16:37:10,504 - AUGCON - INFO - Epoch [24/50]-(10/22) Loss: 0.8504, Acc(1): 75.00, Acc(5): 100.00
2023-06-19 16:37:10,504 - AUGCON - INFO - Epoch [24/50]-(15/22) Loss: 1.0973, Acc(1): 50.00, Acc(5): 100.00
2023-06-19 16:37:10,504 - AUGCON - INFO - Epoch [24/50]-(20/22) Loss: 1.1014, Acc(1): 75.00, Acc(5): 100.00
2023-06-19 16:37:10,504 - AUGCON - INFO - 	Validation Loss: 1.2942, Acc(1): 55.00, Acc(5): 97.00, F1: 0.11, Recall: 0.10, Precision: 0.13
2023-06-19 16:37:10,504 - AUGCON - INFO - Epoch [25/50]-(0/22) Loss: 0.7446, Acc(1): 75.00, Acc(5): 100.00
2023-06-19 16:37:10,505 - AUGCON - INFO - Epoch [25/50]-(5/22) Loss: 1.2636, Acc(1): 50.00, Acc(5): 100.00
2023-06-19 16:37:10,505 - AUGCON - INFO - Epoch [25/50]-(10/22) Loss: 0.6701, Acc(1): 75.00, Acc(5): 100.00
2023-06-19 16:37:10,505 - AUGCON - INFO - Epoch [25/50]-(15/22) Loss: 1.5367, Acc(1): 50.00, Acc(5): 100.00
2023-06-19 16:37:10,505 - AUGCON - INFO - Epoch [25/50]-(20/22) Loss: 0.9346, Acc(1): 75.00, Acc(5): 100.00
2023-06-19 16:37:10,505 - AUGCON - INFO - 	Validation Loss: 1.2724, Acc(1): 59.00, Acc(5): 97.00, F1: 0.13, Recall: 0.11, Precision: 0.15
2023-06-19 16:37:10,505 - AUGCON - INFO - Epoch [26/50]-(0/22) Loss: 1.6428, Acc(1): 25.00, Acc(5): 75.00
2023-06-19 16:37:10,505 - AUGCON - INFO - Epoch [26/50]-(5/22) Loss: 0.4690, Acc(1): 75.00, Acc(5): 100.00
2023-06-19 16:37:10,505 - AUGCON - INFO - Epoch [26/50]-(10/22) Loss: 1.6263, Acc(1): 0.00, Acc(5): 100.00
2023-06-19 16:37:10,505 - AUGCON - INFO - Epoch [26/50]-(15/22) Loss: 0.3530, Acc(1): 75.00, Acc(5): 100.00
2023-06-19 16:37:10,505 - AUGCON - INFO - Epoch [26/50]-(20/22) Loss: 1.1279, Acc(1): 75.00, Acc(5): 100.00
2023-06-19 16:37:10,505 - AUGCON - INFO - 	Validation Loss: 1.2578, Acc(1): 61.00, Acc(5): 96.00, F1: 0.13, Recall: 0.12, Precision: 0.15
2023-06-19 16:37:10,505 - AUGCON - INFO - Epoch [27/50]-(0/22) Loss: 1.2080, Acc(1): 25.00, Acc(5): 100.00
2023-06-19 16:37:10,505 - AUGCON - INFO - Epoch [27/50]-(5/22) Loss: 0.9949, Acc(1): 75.00, Acc(5): 100.00
2023-06-19 16:37:10,505 - AUGCON - INFO - Epoch [27/50]-(10/22) Loss: 1.2662, Acc(1): 25.00, Acc(5): 100.00
2023-06-19 16:37:10,506 - AUGCON - INFO - Epoch [27/50]-(15/22) Loss: 0.5113, Acc(1): 100.00, Acc(5): 100.00
2023-06-19 16:37:10,506 - AUGCON - INFO - Epoch [27/50]-(20/22) Loss: 1.8940, Acc(1): 25.00, Acc(5): 75.00
2023-06-19 16:37:10,506 - AUGCON - INFO - 	Validation Loss: 1.2329, Acc(1): 57.00, Acc(5): 97.00, F1: 0.12, Recall: 0.11, Precision: 0.13
2023-06-19 16:37:10,506 - AUGCON - INFO - Epoch [28/50]-(0/22) Loss: 1.4877, Acc(1): 75.00, Acc(5): 75.00
2023-06-19 16:37:10,506 - AUGCON - INFO - Epoch [28/50]-(5/22) Loss: 1.2536, Acc(1): 25.00, Acc(5): 100.00
2023-06-19 16:37:10,506 - AUGCON - INFO - Epoch [28/50]-(10/22) Loss: 1.1654, Acc(1): 50.00, Acc(5): 100.00
2023-06-19 16:37:10,506 - AUGCON - INFO - Epoch [28/50]-(15/22) Loss: 0.9901, Acc(1): 75.00, Acc(5): 100.00
2023-06-19 16:37:10,506 - AUGCON - INFO - Epoch [28/50]-(20/22) Loss: 0.8882, Acc(1): 50.00, Acc(5): 100.00
2023-06-19 16:37:10,506 - AUGCON - INFO - 	Validation Loss: 1.2467, Acc(1): 57.00, Acc(5): 97.00, F1: 0.11, Recall: 0.11, Precision: 0.11
2023-06-19 16:37:10,506 - AUGCON - INFO - Epoch [29/50]-(0/22) Loss: 0.6546, Acc(1): 75.00, Acc(5): 100.00
2023-06-19 16:37:10,506 - AUGCON - INFO - Epoch [29/50]-(5/22) Loss: 1.4842, Acc(1): 0.00, Acc(5): 100.00
2023-06-19 16:37:10,506 - AUGCON - INFO - Epoch [29/50]-(10/22) Loss: 1.1215, Acc(1): 75.00, Acc(5): 100.00
2023-06-19 16:37:10,506 - AUGCON - INFO - Epoch [29/50]-(15/22) Loss: 1.0107, Acc(1): 50.00, Acc(5): 100.00
2023-06-19 16:37:10,506 - AUGCON - INFO - Epoch [29/50]-(20/22) Loss: 1.4008, Acc(1): 25.00, Acc(5): 100.00
2023-06-19 16:37:10,506 - AUGCON - INFO - 	Validation Loss: 1.2644, Acc(1): 54.00, Acc(5): 97.00, F1: 0.11, Recall: 0.10, Precision: 0.13
2023-06-19 16:37:10,507 - AUGCON - INFO - Epoch [30/50]-(0/22) Loss: 0.9240, Acc(1): 75.00, Acc(5): 100.00
2023-06-19 16:37:10,507 - AUGCON - INFO - Epoch [30/50]-(5/22) Loss: 1.2368, Acc(1): 50.00, Acc(5): 100.00
2023-06-19 16:37:10,507 - AUGCON - INFO - Epoch [30/50]-(10/22) Loss: 0.8154, Acc(1): 75.00, Acc(5): 100.00
2023-06-19 16:37:10,507 - AUGCON - INFO - Epoch [30/50]-(15/22) Loss: 1.5852, Acc(1): 25.00, Acc(5): 100.00
2023-06-19 16:37:10,507 - AUGCON - INFO - Epoch [30/50]-(20/22) Loss: 0.8052, Acc(1): 75.00, Acc(5): 100.00
2023-06-19 16:37:10,507 - AUGCON - INFO - 	Validation Loss: 1.2419, Acc(1): 57.00, Acc(5): 97.00, F1: 0.12, Recall: 0.11, Precision: 0.14
2023-06-19 16:37:10,507 - AUGCON - INFO - Epoch [31/50]-(0/22) Loss: 1.2180, Acc(1): 25.00, Acc(5): 100.00
2023-06-19 16:37:10,507 - AUGCON - INFO - Epoch [31/50]-(5/22) Loss: 0.8206, Acc(1): 75.00, Acc(5): 100.00
2023-06-19 16:37:10,507 - AUGCON - INFO - Epoch [31/50]-(10/22) Loss: 1.1153, Acc(1): 50.00, Acc(5): 100.00
2023-06-19 16:37:10,507 - AUGCON - INFO - Epoch [31/50]-(15/22) Loss: 0.9938, Acc(1): 50.00, Acc(5): 100.00
2023-06-19 16:37:10,507 - AUGCON - INFO - Epoch [31/50]-(20/22) Loss: 1.3170, Acc(1): 25.00, Acc(5): 100.00
2023-06-19 16:37:10,507 - AUGCON - INFO - 	Validation Loss: 1.2687, Acc(1): 57.00, Acc(5): 97.00, F1: 0.12, Recall: 0.11, Precision: 0.14
2023-06-19 16:37:10,507 - AUGCON - INFO - Epoch [32/50]-(0/22) Loss: 0.5071, Acc(1): 100.00, Acc(5): 100.00
2023-06-19 16:37:10,507 - AUGCON - INFO - Epoch [32/50]-(5/22) Loss: 0.7440, Acc(1): 100.00, Acc(5): 100.00
2023-06-19 16:37:10,507 - AUGCON - INFO - Epoch [32/50]-(10/22) Loss: 0.3006, Acc(1): 100.00, Acc(5): 100.00
2023-06-19 16:37:10,508 - AUGCON - INFO - Epoch [32/50]-(15/22) Loss: 1.0598, Acc(1): 75.00, Acc(5): 100.00
2023-06-19 16:37:10,508 - AUGCON - INFO - Epoch [32/50]-(20/22) Loss: 1.2059, Acc(1): 50.00, Acc(5): 100.00
2023-06-19 16:37:10,508 - AUGCON - INFO - 	Validation Loss: 1.2447, Acc(1): 58.00, Acc(5): 97.00, F1: 0.12, Recall: 0.11, Precision: 0.13
2023-06-19 16:37:10,508 - AUGCON - INFO - Epoch [33/50]-(0/22) Loss: 1.0518, Acc(1): 50.00, Acc(5): 100.00
2023-06-19 16:37:10,508 - AUGCON - INFO - Epoch [33/50]-(5/22) Loss: 0.9455, Acc(1): 75.00, Acc(5): 100.00
2023-06-19 16:37:10,508 - AUGCON - INFO - Epoch [33/50]-(10/22) Loss: 1.1233, Acc(1): 50.00, Acc(5): 100.00
2023-06-19 16:37:10,508 - AUGCON - INFO - Epoch [33/50]-(15/22) Loss: 1.4429, Acc(1): 25.00, Acc(5): 100.00
2023-06-19 16:37:10,509 - AUGCON - INFO - Epoch [33/50]-(20/22) Loss: 0.9712, Acc(1): 75.00, Acc(5): 100.00
2023-06-19 16:37:10,509 - AUGCON - INFO - 	Validation Loss: 1.2560, Acc(1): 56.00, Acc(5): 96.00, F1: 0.12, Recall: 0.10, Precision: 0.13
2023-06-19 16:37:10,509 - AUGCON - INFO - Epoch [34/50]-(0/22) Loss: 0.7259, Acc(1): 100.00, Acc(5): 100.00
2023-06-19 16:37:10,509 - AUGCON - INFO - Epoch [34/50]-(5/22) Loss: 0.9716, Acc(1): 50.00, Acc(5): 100.00
2023-06-19 16:37:10,509 - AUGCON - INFO - Epoch [34/50]-(10/22) Loss: 0.5748, Acc(1): 75.00, Acc(5): 100.00
2023-06-19 16:37:10,509 - AUGCON - INFO - Epoch [34/50]-(15/22) Loss: 1.2427, Acc(1): 75.00, Acc(5): 100.00
2023-06-19 16:37:10,509 - AUGCON - INFO - Epoch [34/50]-(20/22) Loss: 1.4168, Acc(1): 25.00, Acc(5): 100.00
2023-06-19 16:37:10,509 - AUGCON - INFO - 	Validation Loss: 1.2725, Acc(1): 56.00, Acc(5): 96.00, F1: 0.12, Recall: 0.11, Precision: 0.13
2023-06-19 16:37:10,509 - AUGCON - INFO - Epoch [35/50]-(0/22) Loss: 1.3355, Acc(1): 25.00, Acc(5): 100.00
2023-06-19 16:37:10,509 - AUGCON - INFO - Epoch [35/50]-(5/22) Loss: 1.2217, Acc(1): 50.00, Acc(5): 100.00
2023-06-19 16:37:10,509 - AUGCON - INFO - Epoch [35/50]-(10/22) Loss: 0.6419, Acc(1): 75.00, Acc(5): 100.00
2023-06-19 16:37:10,509 - AUGCON - INFO - Epoch [35/50]-(15/22) Loss: 1.1625, Acc(1): 50.00, Acc(5): 100.00
2023-06-19 16:37:10,509 - AUGCON - INFO - Epoch [35/50]-(20/22) Loss: 1.1775, Acc(1): 50.00, Acc(5): 100.00
2023-06-19 16:37:10,510 - AUGCON - INFO - 	Validation Loss: 1.2500, Acc(1): 57.00, Acc(5): 97.00, F1: 0.12, Recall: 0.11, Precision: 0.13
2023-06-19 16:37:10,510 - AUGCON - INFO - Epoch [36/50]-(0/22) Loss: 1.1358, Acc(1): 75.00, Acc(5): 100.00
2023-06-19 16:37:10,510 - AUGCON - INFO - Epoch [36/50]-(5/22) Loss: 0.9044, Acc(1): 50.00, Acc(5): 100.00
2023-06-19 16:37:10,510 - AUGCON - INFO - Epoch [36/50]-(10/22) Loss: 1.4617, Acc(1): 50.00, Acc(5): 100.00
2023-06-19 16:37:10,510 - AUGCON - INFO - Epoch [36/50]-(15/22) Loss: 1.2280, Acc(1): 50.00, Acc(5): 100.00
2023-06-19 16:37:10,510 - AUGCON - INFO - Epoch [36/50]-(20/22) Loss: 1.5032, Acc(1): 25.00, Acc(5): 100.00
2023-06-19 16:37:10,510 - AUGCON - INFO - 	Validation Loss: 1.2617, Acc(1): 55.00, Acc(5): 96.00, F1: 0.11, Recall: 0.10, Precision: 0.12
2023-06-19 16:37:10,510 - AUGCON - INFO - Epoch [37/50]-(0/22) Loss: 0.3600, Acc(1): 100.00, Acc(5): 100.00
2023-06-19 16:37:10,510 - AUGCON - INFO - Epoch [37/50]-(5/22) Loss: 1.2689, Acc(1): 75.00, Acc(5): 75.00
2023-06-19 16:37:10,510 - AUGCON - INFO - Epoch [37/50]-(10/22) Loss: 1.1472, Acc(1): 25.00, Acc(5): 100.00
2023-06-19 16:37:10,510 - AUGCON - INFO - Epoch [37/50]-(15/22) Loss: 0.9676, Acc(1): 50.00, Acc(5): 100.00
2023-06-19 16:37:10,510 - AUGCON - INFO - Epoch [37/50]-(20/22) Loss: 1.7591, Acc(1): 0.00, Acc(5): 100.00
2023-06-19 16:37:10,510 - AUGCON - INFO - 	Validation Loss: 1.2146, Acc(1): 56.00, Acc(5): 96.00, F1: 0.11, Recall: 0.10, Precision: 0.11
2023-06-19 16:37:10,511 - AUGCON - INFO - Epoch [38/50]-(0/22) Loss: 0.8436, Acc(1): 75.00, Acc(5): 100.00
2023-06-19 16:37:10,511 - AUGCON - INFO - Epoch [38/50]-(5/22) Loss: 0.6956, Acc(1): 75.00, Acc(5): 100.00
2023-06-19 16:37:10,511 - AUGCON - INFO - Epoch [38/50]-(10/22) Loss: 0.9702, Acc(1): 75.00, Acc(5): 100.00
2023-06-19 16:37:10,511 - AUGCON - INFO - Epoch [38/50]-(15/22) Loss: 1.0325, Acc(1): 50.00, Acc(5): 100.00
2023-06-19 16:37:10,511 - AUGCON - INFO - Epoch [38/50]-(20/22) Loss: 1.1605, Acc(1): 75.00, Acc(5): 100.00
2023-06-19 16:37:10,511 - AUGCON - INFO - 	Validation Loss: 1.2514, Acc(1): 56.00, Acc(5): 96.00, F1: 0.12, Recall: 0.10, Precision: 0.13
2023-06-19 16:37:10,511 - AUGCON - INFO - Epoch [39/50]-(0/22) Loss: 1.1094, Acc(1): 50.00, Acc(5): 100.00
2023-06-19 16:37:10,511 - AUGCON - INFO - Epoch [39/50]-(5/22) Loss: 0.8005, Acc(1): 50.00, Acc(5): 100.00
2023-06-19 16:37:10,511 - AUGCON - INFO - Epoch [39/50]-(10/22) Loss: 0.9671, Acc(1): 50.00, Acc(5): 100.00
2023-06-19 16:37:10,511 - AUGCON - INFO - Epoch [39/50]-(15/22) Loss: 0.9878, Acc(1): 75.00, Acc(5): 100.00
2023-06-19 16:37:10,511 - AUGCON - INFO - Epoch [39/50]-(20/22) Loss: 1.2037, Acc(1): 50.00, Acc(5): 100.00
2023-06-19 16:37:10,511 - AUGCON - INFO - 	Validation Loss: 1.2749, Acc(1): 56.00, Acc(5): 96.00, F1: 0.12, Recall: 0.10, Precision: 0.13
2023-06-19 16:37:10,511 - AUGCON - INFO - Epoch [40/50]-(0/22) Loss: 0.8036, Acc(1): 75.00, Acc(5): 100.00
2023-06-19 16:37:10,511 - AUGCON - INFO - Epoch [40/50]-(5/22) Loss: 1.0895, Acc(1): 75.00, Acc(5): 100.00
2023-06-19 16:37:10,512 - AUGCON - INFO - Epoch [40/50]-(10/22) Loss: 1.1332, Acc(1): 50.00, Acc(5): 100.00
2023-06-19 16:37:10,512 - AUGCON - INFO - Epoch [40/50]-(15/22) Loss: 1.3332, Acc(1): 25.00, Acc(5): 100.00
2023-06-19 16:37:10,512 - AUGCON - INFO - Epoch [40/50]-(20/22) Loss: 0.6923, Acc(1): 75.00, Acc(5): 100.00
2023-06-19 16:37:10,512 - AUGCON - INFO - 	Validation Loss: 1.2822, Acc(1): 54.00, Acc(5): 97.00, F1: 0.11, Recall: 0.10, Precision: 0.13
2023-06-19 16:37:10,512 - AUGCON - INFO - Epoch [41/50]-(0/22) Loss: 0.5182, Acc(1): 100.00, Acc(5): 100.00
2023-06-19 16:37:10,512 - AUGCON - INFO - Epoch [41/50]-(5/22) Loss: 0.7592, Acc(1): 75.00, Acc(5): 100.00
2023-06-19 16:37:10,512 - AUGCON - INFO - Epoch [41/50]-(10/22) Loss: 0.9724, Acc(1): 50.00, Acc(5): 100.00
2023-06-19 16:37:10,512 - AUGCON - INFO - Epoch [41/50]-(15/22) Loss: 0.8399, Acc(1): 75.00, Acc(5): 100.00
2023-06-19 16:37:10,512 - AUGCON - INFO - Epoch [41/50]-(20/22) Loss: 0.8830, Acc(1): 50.00, Acc(5): 100.00
2023-06-19 16:37:10,512 - AUGCON - INFO - 	Validation Loss: 1.2282, Acc(1): 57.00, Acc(5): 95.00, F1: 0.12, Recall: 0.11, Precision: 0.14
2023-06-19 16:37:10,512 - AUGCON - INFO - Epoch [42/50]-(0/22) Loss: 1.6649, Acc(1): 0.00, Acc(5): 100.00
2023-06-19 16:37:10,512 - AUGCON - INFO - Epoch [42/50]-(5/22) Loss: 0.7390, Acc(1): 75.00, Acc(5): 100.00
2023-06-19 16:37:10,512 - AUGCON - INFO - Epoch [42/50]-(10/22) Loss: 1.2780, Acc(1): 50.00, Acc(5): 100.00
2023-06-19 16:37:10,512 - AUGCON - INFO - Epoch [42/50]-(15/22) Loss: 0.9719, Acc(1): 75.00, Acc(5): 100.00
2023-06-19 16:37:10,512 - AUGCON - INFO - Epoch [42/50]-(20/22) Loss: 0.3541, Acc(1): 100.00, Acc(5): 100.00
2023-06-19 16:37:10,513 - AUGCON - INFO - 	Validation Loss: 1.2528, Acc(1): 58.00, Acc(5): 96.00, F1: 0.12, Recall: 0.11, Precision: 0.14
2023-06-19 16:37:10,513 - AUGCON - INFO - Epoch [43/50]-(0/22) Loss: 0.9711, Acc(1): 75.00, Acc(5): 100.00
2023-06-19 16:37:10,513 - AUGCON - INFO - Epoch [43/50]-(5/22) Loss: 0.3930, Acc(1): 75.00, Acc(5): 100.00
2023-06-19 16:37:10,513 - AUGCON - INFO - Epoch [43/50]-(10/22) Loss: 1.2981, Acc(1): 50.00, Acc(5): 75.00
2023-06-19 16:37:10,513 - AUGCON - INFO - Epoch [43/50]-(15/22) Loss: 0.8632, Acc(1): 75.00, Acc(5): 100.00
2023-06-19 16:37:10,513 - AUGCON - INFO - Epoch [43/50]-(20/22) Loss: 0.8390, Acc(1): 75.00, Acc(5): 100.00
2023-06-19 16:37:10,513 - AUGCON - INFO - 	Validation Loss: 1.2748, Acc(1): 58.00, Acc(5): 96.00, F1: 0.12, Recall: 0.11, Precision: 0.14
2023-06-19 16:37:10,513 - AUGCON - INFO - Epoch [44/50]-(0/22) Loss: 0.6718, Acc(1): 75.00, Acc(5): 100.00
2023-06-19 16:37:10,513 - AUGCON - INFO - Epoch [44/50]-(5/22) Loss: 0.9025, Acc(1): 75.00, Acc(5): 100.00
2023-06-19 16:37:10,513 - AUGCON - INFO - Epoch [44/50]-(10/22) Loss: 0.4794, Acc(1): 75.00, Acc(5): 100.00
2023-06-19 16:37:10,513 - AUGCON - INFO - Epoch [44/50]-(15/22) Loss: 1.0526, Acc(1): 50.00, Acc(5): 100.00
2023-06-19 16:37:10,513 - AUGCON - INFO - Epoch [44/50]-(20/22) Loss: 1.6825, Acc(1): 0.00, Acc(5): 100.00
2023-06-19 16:37:10,513 - AUGCON - INFO - 	Validation Loss: 1.2099, Acc(1): 59.00, Acc(5): 96.00, F1: 0.12, Recall: 0.11, Precision: 0.14
2023-06-19 16:37:10,513 - AUGCON - INFO - Epoch [45/50]-(0/22) Loss: 1.3103, Acc(1): 50.00, Acc(5): 100.00
2023-06-19 16:37:10,513 - AUGCON - INFO - Epoch [45/50]-(5/22) Loss: 1.2319, Acc(1): 50.00, Acc(5): 100.00
2023-06-19 16:37:10,514 - AUGCON - INFO - Epoch [45/50]-(10/22) Loss: 0.2681, Acc(1): 100.00, Acc(5): 100.00
2023-06-19 16:37:10,514 - AUGCON - INFO - Epoch [45/50]-(15/22) Loss: 1.0870, Acc(1): 50.00, Acc(5): 100.00
2023-06-19 16:37:10,514 - AUGCON - INFO - Epoch [45/50]-(20/22) Loss: 0.7105, Acc(1): 100.00, Acc(5): 100.00
2023-06-19 16:37:10,514 - AUGCON - INFO - 	Validation Loss: 1.2839, Acc(1): 61.00, Acc(5): 95.00, F1: 0.13, Recall: 0.12, Precision: 0.14
2023-06-19 16:37:10,514 - AUGCON - INFO - Epoch [46/50]-(0/22) Loss: 0.7352, Acc(1): 75.00, Acc(5): 100.00
2023-06-19 16:37:10,514 - AUGCON - INFO - Epoch [46/50]-(5/22) Loss: 0.7533, Acc(1): 75.00, Acc(5): 100.00
2023-06-19 16:37:10,514 - AUGCON - INFO - Epoch [46/50]-(10/22) Loss: 1.0113, Acc(1): 50.00, Acc(5): 100.00
2023-06-19 16:37:10,514 - AUGCON - INFO - Epoch [46/50]-(15/22) Loss: 0.9450, Acc(1): 50.00, Acc(5): 100.00
2023-06-19 16:37:10,514 - AUGCON - INFO - Epoch [46/50]-(20/22) Loss: 0.9273, Acc(1): 50.00, Acc(5): 100.00
2023-06-19 16:37:10,514 - AUGCON - INFO - 	Validation Loss: 1.2249, Acc(1): 58.00, Acc(5): 97.00, F1: 0.12, Recall: 0.11, Precision: 0.15
2023-06-19 16:37:10,514 - AUGCON - INFO - Epoch [47/50]-(0/22) Loss: 1.3272, Acc(1): 50.00, Acc(5): 100.00
2023-06-19 16:37:10,514 - AUGCON - INFO - Epoch [47/50]-(5/22) Loss: 0.6771, Acc(1): 75.00, Acc(5): 100.00
2023-06-19 16:37:10,514 - AUGCON - INFO - Epoch [47/50]-(10/22) Loss: 0.7967, Acc(1): 100.00, Acc(5): 100.00
2023-06-19 16:37:10,515 - AUGCON - INFO - Epoch [47/50]-(15/22) Loss: 1.5522, Acc(1): 50.00, Acc(5): 100.00
2023-06-19 16:37:10,515 - AUGCON - INFO - Epoch [47/50]-(20/22) Loss: 0.8829, Acc(1): 50.00, Acc(5): 100.00
2023-06-19 16:37:10,515 - AUGCON - INFO - 	Validation Loss: 1.2132, Acc(1): 57.00, Acc(5): 98.00, F1: 0.12, Recall: 0.11, Precision: 0.14
2023-06-19 16:37:10,515 - AUGCON - INFO - Epoch [48/50]-(0/22) Loss: 0.5078, Acc(1): 75.00, Acc(5): 100.00
2023-06-19 16:37:10,515 - AUGCON - INFO - Epoch [48/50]-(5/22) Loss: 0.6778, Acc(1): 75.00, Acc(5): 100.00
2023-06-19 16:37:10,516 - AUGCON - INFO - Epoch [48/50]-(10/22) Loss: 1.0386, Acc(1): 50.00, Acc(5): 100.00
2023-06-19 16:37:10,516 - AUGCON - INFO - Epoch [48/50]-(15/22) Loss: 0.6143, Acc(1): 100.00, Acc(5): 100.00
2023-06-19 16:37:10,516 - AUGCON - INFO - Epoch [48/50]-(20/22) Loss: 1.0640, Acc(1): 25.00, Acc(5): 100.00
2023-06-19 16:37:10,516 - AUGCON - INFO - 	Validation Loss: 1.2571, Acc(1): 57.00, Acc(5): 96.00, F1: 0.11, Recall: 0.11, Precision: 0.11
2023-06-19 16:37:10,516 - AUGCON - INFO - Epoch [49/50]-(0/22) Loss: 1.0275, Acc(1): 75.00, Acc(5): 100.00
2023-06-19 16:37:10,516 - AUGCON - INFO - Epoch [49/50]-(5/22) Loss: 1.2212, Acc(1): 50.00, Acc(5): 100.00
2023-06-19 16:37:10,516 - AUGCON - INFO - Epoch [49/50]-(10/22) Loss: 1.2236, Acc(1): 50.00, Acc(5): 100.00
2023-06-19 16:37:10,516 - AUGCON - INFO - Epoch [49/50]-(15/22) Loss: 0.1431, Acc(1): 100.00, Acc(5): 100.00
2023-06-19 16:37:10,516 - AUGCON - INFO - Epoch [49/50]-(20/22) Loss: 0.8700, Acc(1): 50.00, Acc(5): 100.00
2023-06-19 16:37:10,516 - AUGCON - INFO - 	Validation Loss: 1.2481, Acc(1): 56.00, Acc(5): 97.00, F1: 0.12, Recall: 0.11, Precision: 0.14
2023-06-19 16:37:10,517 - AUGCON - INFO - Epoch [50/50]-(0/22) Loss: 1.6405, Acc(1): 0.00, Acc(5): 100.00
2023-06-19 16:37:10,517 - AUGCON - INFO - Epoch [50/50]-(5/22) Loss: 1.0263, Acc(1): 50.00, Acc(5): 100.00
2023-06-19 16:37:10,517 - AUGCON - INFO - Epoch [50/50]-(10/22) Loss: 0.5876, Acc(1): 75.00, Acc(5): 100.00
2023-06-19 16:37:10,517 - AUGCON - INFO - Epoch [50/50]-(15/22) Loss: 0.9742, Acc(1): 50.00, Acc(5): 100.00
2023-06-19 16:37:10,517 - AUGCON - INFO - Epoch [50/50]-(20/22) Loss: 0.8683, Acc(1): 50.00, Acc(5): 100.00
2023-06-19 16:37:10,517 - AUGCON - INFO - 	Validation Loss: 1.2730, Acc(1): 61.00, Acc(5): 96.00, F1: 0.13, Recall: 0.12, Precision: 0.15
2023-06-19 16:37:10,517 - AUGCON - INFO - 	Validation Loss: 1.1137, Acc(1): 61.00, Acc(5): 99.00, F1: 0.14, Recall: 0.13, Precision: 0.16
