2023-06-19 16:37:58,800 - AUGCON - INFO - logger initialized (/home/hjyoon/projects/augcon/config/exp0/finetune_da_true/without_target_domain_PH0012-thanh/cpc_random_8421/tgt_target_domain_PH0041-hmkim_seed0.yaml.log)
2023-06-19 16:37:58,800 - AUGCON - INFO - ================= Config =================
2023-06-19 16:37:58,800 - AUGCON - INFO -   mode: finetune
2023-06-19 16:37:58,800 - AUGCON - INFO -   seed: 0
2023-06-19 16:37:58,800 - AUGCON - INFO -   gpu: [1]
2023-06-19 16:37:58,800 - AUGCON - INFO -   num_workers: 1
2023-06-19 16:37:58,800 - AUGCON - INFO -   dist_url: tcp://localhost:10001
2023-06-19 16:37:58,801 - AUGCON - INFO -   dataset_name: ichar
2023-06-19 16:37:58,801 - AUGCON - INFO -   train_dataset_path: /mnt/sting/hjyoon/projects/cross/ICHAR/augcon/target_domain_PH0041-hmkim/finetune/10shot/target/train.pkl
2023-06-19 16:37:58,801 - AUGCON - INFO -   test_dataset_path: /mnt/sting/hjyoon/projects/cross/ICHAR/augcon/target_domain_PH0041-hmkim/finetune/10shot/target/test.pkl
2023-06-19 16:37:58,801 - AUGCON - INFO -   val_dataset_path: /mnt/sting/hjyoon/projects/cross/ICHAR/augcon/target_domain_PH0041-hmkim/finetune/10shot/target/val.pkl
2023-06-19 16:37:58,801 - AUGCON - INFO -   input_channels: 3
2023-06-19 16:37:58,801 - AUGCON - INFO -   num_cls: 9
2023-06-19 16:37:58,801 - AUGCON - INFO -   optimizer: adam
2023-06-19 16:37:58,801 - AUGCON - INFO -   criterion: crossentropy
2023-06-19 16:37:58,801 - AUGCON - INFO -   start_epoch: 0
2023-06-19 16:37:58,801 - AUGCON - INFO -   epochs: 50
2023-06-19 16:37:58,801 - AUGCON - INFO -   batch_size: 4
2023-06-19 16:37:58,801 - AUGCON - INFO -   lr: 0.001
2023-06-19 16:37:58,801 - AUGCON - INFO -   wd: 0.0
2023-06-19 16:37:58,801 - AUGCON - INFO -   resume: 
2023-06-19 16:37:58,801 - AUGCON - INFO -   pretrained: /mnt/sting/hjyoon/projects/augcontrast/models/exp0/pretrain/without_target_domain_PH0012-thanh/cpc_random_8421//checkpoint_0099.pth.tar
2023-06-19 16:37:58,801 - AUGCON - INFO -   ckpt_dir: /mnt/sting/hjyoon/projects/augcontrast/models/exp0/finetune_da_true/without_target_domain_PH0012-thanh/cpc_random_8421/tgt_target_domain_PH0041-hmkim_seed0
2023-06-19 16:37:58,801 - AUGCON - INFO -   log_freq: 5
2023-06-19 16:37:58,801 - AUGCON - INFO -   save_freq: 10
2023-06-19 16:37:58,801 - AUGCON - INFO -   pretext: metacpc
2023-06-19 16:37:58,801 - AUGCON - INFO -   enc_blocks: 4
2023-06-19 16:37:58,801 - AUGCON - INFO -   kernel_sizes: [8, 4, 2, 1]
2023-06-19 16:37:58,801 - AUGCON - INFO -   strides: [4, 2, 1, 1]
2023-06-19 16:37:58,801 - AUGCON - INFO -   agg_blocks: 5
2023-06-19 16:37:58,802 - AUGCON - INFO -   z_dim: 256
2023-06-19 16:37:58,802 - AUGCON - INFO -   pooling: mean
2023-06-19 16:37:58,802 - AUGCON - INFO -   pred_steps: 12
2023-06-19 16:37:58,802 - AUGCON - INFO -   n_negatives: 15
2023-06-19 16:37:58,802 - AUGCON - INFO -   offset: 4
2023-06-19 16:37:58,802 - AUGCON - INFO -   domain_adaptation: True
2023-06-19 16:37:58,802 - AUGCON - INFO -   task_steps: 10
2023-06-19 16:37:58,802 - AUGCON - INFO -   task_lr: 0.001
2023-06-19 16:37:58,802 - AUGCON - INFO -   reg_lambda: 0
2023-06-19 16:37:58,802 - AUGCON - INFO -   mlp: False
2023-06-19 16:37:58,802 - AUGCON - INFO -   freeze: True
2023-06-19 16:37:58,802 - AUGCON - INFO -   no_vars: True
2023-06-19 16:37:58,802 - AUGCON - INFO - ==========================================
2023-06-19 16:37:58,802 - AUGCON - INFO - Setting GPUs: [1]
2023-06-19 16:37:58,802 - AUGCON - INFO - GPUs [1] will be used
2023-06-19 16:37:58,803 - AUGCON - WARNING - You have chosen to seed training. 
2023-06-19 16:37:58,803 - AUGCON - WARNING - This will turn on the CUDNN deterministic setting, 
2023-06-19 16:37:58,803 - AUGCON - WARNING - which can slow down your training considerably! 
2023-06-19 16:37:58,803 - AUGCON - WARNING - You may see unexpected behavior when restarting 
2023-06-19 16:37:58,803 - AUGCON - WARNING - from checkpoints.
2023-06-19 16:37:58,836 - AUGCON - INFO - Executing MetaCPC
2023-06-19 16:37:58,836 - AUGCON - INFO - Logs are skipped during training
2023-06-19 16:38:17,972 - AUGCON - INFO - Single GPU is used for training - training 90 instances for each worker
2023-06-19 16:38:17,973 - AUGCON - INFO - Loading pretrained model from checkpoint - /mnt/sting/hjyoon/projects/augcontrast/models/exp0/pretrain/without_target_domain_PH0012-thanh/cpc_random_8421//checkpoint_0099.pth.tar
2023-06-19 16:38:17,973 - AUGCON - INFO - Missing keys: ['predictor.vars.0', 'predictor.vars.1']
2023-06-19 16:38:17,973 - AUGCON - INFO - Perform domain adaptation step
2023-06-19 16:38:17,973 - AUGCON - INFO - 	meta-train [0/10] Loss: 2.9625, Acc(1): 6.35, Acc(5): 30.67
2023-06-19 16:38:17,973 - AUGCON - INFO - 	meta-train [1/10] Loss: 2.9178, Acc(1): 6.05, Acc(5): 30.76
2023-06-19 16:38:17,973 - AUGCON - INFO - 	meta-train [2/10] Loss: 2.8727, Acc(1): 6.38, Acc(5): 31.17
2023-06-19 16:38:17,973 - AUGCON - INFO - 	meta-train [3/10] Loss: 2.8505, Acc(1): 6.05, Acc(5): 31.13
2023-06-19 16:38:17,973 - AUGCON - INFO - 	meta-train [4/10] Loss: 2.8356, Acc(1): 6.23, Acc(5): 31.31
2023-06-19 16:38:17,973 - AUGCON - INFO - 	meta-train [5/10] Loss: 2.8369, Acc(1): 6.17, Acc(5): 30.96
2023-06-19 16:38:17,973 - AUGCON - INFO - 	meta-train [6/10] Loss: 2.8295, Acc(1): 6.39, Acc(5): 31.30
2023-06-19 16:38:17,973 - AUGCON - INFO - 	meta-train [7/10] Loss: 2.8273, Acc(1): 6.23, Acc(5): 30.81
2023-06-19 16:38:17,973 - AUGCON - INFO - 	meta-train [8/10] Loss: 2.8223, Acc(1): 6.23, Acc(5): 31.09
2023-06-19 16:38:17,974 - AUGCON - INFO - 	meta-train [9/10] Loss: 2.8229, Acc(1): 6.26, Acc(5): 30.89
2023-06-19 16:38:17,974 - AUGCON - INFO - Loading encoder parameters to the classifier
2023-06-19 16:38:17,974 - AUGCON - INFO - Missing keys: ['classifier.block.0.weight', 'classifier.block.0.bias']
2023-06-19 16:38:17,974 - AUGCON - INFO - Epoch [1/50]-(0/22) Loss: 2.6543, Acc(1): 0.00, Acc(5): 50.00
2023-06-19 16:38:17,974 - AUGCON - INFO - Epoch [1/50]-(5/22) Loss: 2.2829, Acc(1): 0.00, Acc(5): 75.00
2023-06-19 16:38:17,974 - AUGCON - INFO - Epoch [1/50]-(10/22) Loss: 2.5306, Acc(1): 0.00, Acc(5): 50.00
2023-06-19 16:38:17,974 - AUGCON - INFO - Epoch [1/50]-(15/22) Loss: 2.0764, Acc(1): 25.00, Acc(5): 75.00
2023-06-19 16:38:17,974 - AUGCON - INFO - Epoch [1/50]-(20/22) Loss: 2.2785, Acc(1): 0.00, Acc(5): 50.00
2023-06-19 16:38:17,974 - AUGCON - INFO - 	Validation Loss: 2.1017, Acc(1): 16.00, Acc(5): 81.00, F1: 0.04, Recall: 0.04, Precision: 0.03
2023-06-19 16:38:17,974 - AUGCON - INFO - Epoch [2/50]-(0/22) Loss: 2.1242, Acc(1): 0.00, Acc(5): 100.00
2023-06-19 16:38:17,974 - AUGCON - INFO - Epoch [2/50]-(5/22) Loss: 2.2082, Acc(1): 0.00, Acc(5): 50.00
2023-06-19 16:38:17,974 - AUGCON - INFO - Epoch [2/50]-(10/22) Loss: 2.0294, Acc(1): 25.00, Acc(5): 75.00
2023-06-19 16:38:17,974 - AUGCON - INFO - Epoch [2/50]-(15/22) Loss: 1.9204, Acc(1): 50.00, Acc(5): 75.00
2023-06-19 16:38:17,975 - AUGCON - INFO - Epoch [2/50]-(20/22) Loss: 1.9276, Acc(1): 50.00, Acc(5): 50.00
2023-06-19 16:38:17,975 - AUGCON - INFO - 	Validation Loss: 1.8649, Acc(1): 43.00, Acc(5): 74.00, F1: 0.11, Recall: 0.10, Precision: 0.12
2023-06-19 16:38:17,975 - AUGCON - INFO - Epoch [3/50]-(0/22) Loss: 1.8433, Acc(1): 50.00, Acc(5): 100.00
2023-06-19 16:38:17,975 - AUGCON - INFO - Epoch [3/50]-(5/22) Loss: 1.6165, Acc(1): 50.00, Acc(5): 100.00
2023-06-19 16:38:17,975 - AUGCON - INFO - Epoch [3/50]-(10/22) Loss: 2.0952, Acc(1): 0.00, Acc(5): 100.00
2023-06-19 16:38:17,975 - AUGCON - INFO - Epoch [3/50]-(15/22) Loss: 1.8948, Acc(1): 0.00, Acc(5): 100.00
2023-06-19 16:38:17,975 - AUGCON - INFO - Epoch [3/50]-(20/22) Loss: 1.8894, Acc(1): 25.00, Acc(5): 75.00
2023-06-19 16:38:17,975 - AUGCON - INFO - 	Validation Loss: 1.6813, Acc(1): 50.00, Acc(5): 90.00, F1: 0.15, Recall: 0.14, Precision: 0.16
2023-06-19 16:38:17,975 - AUGCON - INFO - Epoch [4/50]-(0/22) Loss: 1.4942, Acc(1): 50.00, Acc(5): 100.00
2023-06-19 16:38:17,975 - AUGCON - INFO - Epoch [4/50]-(5/22) Loss: 2.0966, Acc(1): 0.00, Acc(5): 75.00
2023-06-19 16:38:17,975 - AUGCON - INFO - Epoch [4/50]-(10/22) Loss: 1.4678, Acc(1): 75.00, Acc(5): 100.00
2023-06-19 16:38:17,975 - AUGCON - INFO - Epoch [4/50]-(15/22) Loss: 1.6164, Acc(1): 50.00, Acc(5): 100.00
2023-06-19 16:38:17,975 - AUGCON - INFO - Epoch [4/50]-(20/22) Loss: 1.6258, Acc(1): 75.00, Acc(5): 100.00
2023-06-19 16:38:17,975 - AUGCON - INFO - 	Validation Loss: 1.5651, Acc(1): 61.00, Acc(5): 92.00, F1: 0.16, Recall: 0.13, Precision: 0.19
2023-06-19 16:38:17,975 - AUGCON - INFO - Epoch [5/50]-(0/22) Loss: 1.6827, Acc(1): 50.00, Acc(5): 75.00
2023-06-19 16:38:17,976 - AUGCON - INFO - Epoch [5/50]-(5/22) Loss: 1.4756, Acc(1): 100.00, Acc(5): 100.00
2023-06-19 16:38:17,976 - AUGCON - INFO - Epoch [5/50]-(10/22) Loss: 1.1742, Acc(1): 75.00, Acc(5): 100.00
2023-06-19 16:38:17,976 - AUGCON - INFO - Epoch [5/50]-(15/22) Loss: 1.0662, Acc(1): 75.00, Acc(5): 100.00
2023-06-19 16:38:17,976 - AUGCON - INFO - Epoch [5/50]-(20/22) Loss: 2.1044, Acc(1): 50.00, Acc(5): 75.00
2023-06-19 16:38:17,976 - AUGCON - INFO - 	Validation Loss: 1.5021, Acc(1): 55.00, Acc(5): 92.00, F1: 0.14, Recall: 0.14, Precision: 0.15
2023-06-19 16:38:17,976 - AUGCON - INFO - Epoch [6/50]-(0/22) Loss: 1.7083, Acc(1): 75.00, Acc(5): 100.00
2023-06-19 16:38:17,976 - AUGCON - INFO - Epoch [6/50]-(5/22) Loss: 1.2039, Acc(1): 75.00, Acc(5): 100.00
2023-06-19 16:38:17,976 - AUGCON - INFO - Epoch [6/50]-(10/22) Loss: 2.0038, Acc(1): 0.00, Acc(5): 50.00
2023-06-19 16:38:17,976 - AUGCON - INFO - Epoch [6/50]-(15/22) Loss: 1.3419, Acc(1): 100.00, Acc(5): 100.00
2023-06-19 16:38:17,976 - AUGCON - INFO - Epoch [6/50]-(20/22) Loss: 1.7427, Acc(1): 50.00, Acc(5): 75.00
2023-06-19 16:38:17,976 - AUGCON - INFO - 	Validation Loss: 1.4115, Acc(1): 56.00, Acc(5): 97.00, F1: 0.14, Recall: 0.14, Precision: 0.14
2023-06-19 16:38:17,976 - AUGCON - INFO - Epoch [7/50]-(0/22) Loss: 1.5814, Acc(1): 50.00, Acc(5): 100.00
2023-06-19 16:38:17,976 - AUGCON - INFO - Epoch [7/50]-(5/22) Loss: 1.4514, Acc(1): 50.00, Acc(5): 100.00
2023-06-19 16:38:17,976 - AUGCON - INFO - Epoch [7/50]-(10/22) Loss: 1.3442, Acc(1): 75.00, Acc(5): 100.00
2023-06-19 16:38:17,977 - AUGCON - INFO - Epoch [7/50]-(15/22) Loss: 1.4184, Acc(1): 75.00, Acc(5): 100.00
2023-06-19 16:38:17,977 - AUGCON - INFO - Epoch [7/50]-(20/22) Loss: 1.2405, Acc(1): 75.00, Acc(5): 100.00
2023-06-19 16:38:17,977 - AUGCON - INFO - 	Validation Loss: 1.3710, Acc(1): 60.00, Acc(5): 100.00, F1: 0.15, Recall: 0.14, Precision: 0.16
2023-06-19 16:38:17,977 - AUGCON - INFO - Epoch [8/50]-(0/22) Loss: 1.2279, Acc(1): 100.00, Acc(5): 100.00
2023-06-19 16:38:17,977 - AUGCON - INFO - Epoch [8/50]-(5/22) Loss: 1.6632, Acc(1): 25.00, Acc(5): 100.00
2023-06-19 16:38:17,977 - AUGCON - INFO - Epoch [8/50]-(10/22) Loss: 1.5465, Acc(1): 50.00, Acc(5): 100.00
2023-06-19 16:38:17,977 - AUGCON - INFO - Epoch [8/50]-(15/22) Loss: 1.2563, Acc(1): 75.00, Acc(5): 100.00
2023-06-19 16:38:17,977 - AUGCON - INFO - Epoch [8/50]-(20/22) Loss: 1.6123, Acc(1): 25.00, Acc(5): 100.00
2023-06-19 16:38:17,977 - AUGCON - INFO - 	Validation Loss: 1.3153, Acc(1): 56.00, Acc(5): 97.00, F1: 0.14, Recall: 0.14, Precision: 0.15
2023-06-19 16:38:17,977 - AUGCON - INFO - Epoch [9/50]-(0/22) Loss: 1.3935, Acc(1): 75.00, Acc(5): 100.00
2023-06-19 16:38:17,977 - AUGCON - INFO - Epoch [9/50]-(5/22) Loss: 2.2215, Acc(1): 0.00, Acc(5): 75.00
2023-06-19 16:38:17,977 - AUGCON - INFO - Epoch [9/50]-(10/22) Loss: 1.4586, Acc(1): 50.00, Acc(5): 100.00
2023-06-19 16:38:17,978 - AUGCON - INFO - Epoch [9/50]-(15/22) Loss: 1.1951, Acc(1): 75.00, Acc(5): 100.00
2023-06-19 16:38:17,978 - AUGCON - INFO - Epoch [9/50]-(20/22) Loss: 1.4277, Acc(1): 75.00, Acc(5): 100.00
2023-06-19 16:38:17,978 - AUGCON - INFO - 	Validation Loss: 1.2808, Acc(1): 62.00, Acc(5): 96.00, F1: 0.16, Recall: 0.15, Precision: 0.16
2023-06-19 16:38:17,978 - AUGCON - INFO - Epoch [10/50]-(0/22) Loss: 1.2615, Acc(1): 75.00, Acc(5): 100.00
2023-06-19 16:38:17,978 - AUGCON - INFO - Epoch [10/50]-(5/22) Loss: 1.6647, Acc(1): 50.00, Acc(5): 100.00
2023-06-19 16:38:17,978 - AUGCON - INFO - Epoch [10/50]-(10/22) Loss: 1.3487, Acc(1): 75.00, Acc(5): 100.00
2023-06-19 16:38:17,978 - AUGCON - INFO - Epoch [10/50]-(15/22) Loss: 1.2864, Acc(1): 25.00, Acc(5): 100.00
2023-06-19 16:38:17,978 - AUGCON - INFO - Epoch [10/50]-(20/22) Loss: 1.2721, Acc(1): 50.00, Acc(5): 100.00
2023-06-19 16:38:17,978 - AUGCON - INFO - 	Validation Loss: 1.2339, Acc(1): 63.00, Acc(5): 98.00, F1: 0.16, Recall: 0.15, Precision: 0.18
2023-06-19 16:38:17,978 - AUGCON - INFO - Epoch [11/50]-(0/22) Loss: 1.3263, Acc(1): 50.00, Acc(5): 100.00
2023-06-19 16:38:17,978 - AUGCON - INFO - Epoch [11/50]-(5/22) Loss: 1.1101, Acc(1): 75.00, Acc(5): 100.00
2023-06-19 16:38:17,978 - AUGCON - INFO - Epoch [11/50]-(10/22) Loss: 0.9569, Acc(1): 100.00, Acc(5): 100.00
2023-06-19 16:38:17,978 - AUGCON - INFO - Epoch [11/50]-(15/22) Loss: 0.9091, Acc(1): 100.00, Acc(5): 100.00
2023-06-19 16:38:17,978 - AUGCON - INFO - Epoch [11/50]-(20/22) Loss: 0.9111, Acc(1): 75.00, Acc(5): 100.00
2023-06-19 16:38:17,979 - AUGCON - INFO - 	Validation Loss: 1.2172, Acc(1): 63.00, Acc(5): 99.00, F1: 0.15, Recall: 0.15, Precision: 0.15
2023-06-19 16:38:17,979 - AUGCON - INFO - Epoch [12/50]-(0/22) Loss: 0.8238, Acc(1): 75.00, Acc(5): 100.00
2023-06-19 16:38:17,979 - AUGCON - INFO - Epoch [12/50]-(5/22) Loss: 1.1907, Acc(1): 50.00, Acc(5): 100.00
2023-06-19 16:38:17,979 - AUGCON - INFO - Epoch [12/50]-(10/22) Loss: 1.2891, Acc(1): 75.00, Acc(5): 100.00
2023-06-19 16:38:17,979 - AUGCON - INFO - Epoch [12/50]-(15/22) Loss: 1.0346, Acc(1): 75.00, Acc(5): 100.00
2023-06-19 16:38:17,979 - AUGCON - INFO - Epoch [12/50]-(20/22) Loss: 1.2155, Acc(1): 50.00, Acc(5): 100.00
2023-06-19 16:38:17,979 - AUGCON - INFO - 	Validation Loss: 1.1588, Acc(1): 65.00, Acc(5): 99.00, F1: 0.16, Recall: 0.15, Precision: 0.16
2023-06-19 16:38:17,979 - AUGCON - INFO - Epoch [13/50]-(0/22) Loss: 1.8727, Acc(1): 0.00, Acc(5): 100.00
2023-06-19 16:38:17,979 - AUGCON - INFO - Epoch [13/50]-(5/22) Loss: 0.8855, Acc(1): 100.00, Acc(5): 100.00
2023-06-19 16:38:17,979 - AUGCON - INFO - Epoch [13/50]-(10/22) Loss: 0.8412, Acc(1): 100.00, Acc(5): 100.00
2023-06-19 16:38:17,979 - AUGCON - INFO - Epoch [13/50]-(15/22) Loss: 1.5273, Acc(1): 50.00, Acc(5): 100.00
2023-06-19 16:38:17,979 - AUGCON - INFO - Epoch [13/50]-(20/22) Loss: 1.3262, Acc(1): 75.00, Acc(5): 100.00
2023-06-19 16:38:17,979 - AUGCON - INFO - 	Validation Loss: 1.2293, Acc(1): 58.00, Acc(5): 96.00, F1: 0.15, Recall: 0.15, Precision: 0.14
2023-06-19 16:38:17,979 - AUGCON - INFO - Epoch [14/50]-(0/22) Loss: 1.3928, Acc(1): 50.00, Acc(5): 100.00
2023-06-19 16:38:17,980 - AUGCON - INFO - Epoch [14/50]-(5/22) Loss: 1.1668, Acc(1): 50.00, Acc(5): 100.00
2023-06-19 16:38:17,980 - AUGCON - INFO - Epoch [14/50]-(10/22) Loss: 2.0325, Acc(1): 0.00, Acc(5): 100.00
2023-06-19 16:38:17,980 - AUGCON - INFO - Epoch [14/50]-(15/22) Loss: 1.2287, Acc(1): 50.00, Acc(5): 100.00
2023-06-19 16:38:17,980 - AUGCON - INFO - Epoch [14/50]-(20/22) Loss: 1.3360, Acc(1): 75.00, Acc(5): 100.00
2023-06-19 16:38:17,980 - AUGCON - INFO - 	Validation Loss: 1.1329, Acc(1): 64.00, Acc(5): 99.00, F1: 0.16, Recall: 0.16, Precision: 0.16
2023-06-19 16:38:17,980 - AUGCON - INFO - Epoch [15/50]-(0/22) Loss: 1.2670, Acc(1): 50.00, Acc(5): 100.00
2023-06-19 16:38:17,980 - AUGCON - INFO - Epoch [15/50]-(5/22) Loss: 0.7818, Acc(1): 75.00, Acc(5): 100.00
2023-06-19 16:38:17,980 - AUGCON - INFO - Epoch [15/50]-(10/22) Loss: 0.5783, Acc(1): 100.00, Acc(5): 100.00
2023-06-19 16:38:17,980 - AUGCON - INFO - Epoch [15/50]-(15/22) Loss: 1.4769, Acc(1): 50.00, Acc(5): 100.00
2023-06-19 16:38:17,980 - AUGCON - INFO - Epoch [15/50]-(20/22) Loss: 1.1865, Acc(1): 50.00, Acc(5): 100.00
2023-06-19 16:38:17,980 - AUGCON - INFO - 	Validation Loss: 1.0986, Acc(1): 63.00, Acc(5): 100.00, F1: 0.16, Recall: 0.15, Precision: 0.16
2023-06-19 16:38:17,980 - AUGCON - INFO - Epoch [16/50]-(0/22) Loss: 1.5196, Acc(1): 25.00, Acc(5): 100.00
2023-06-19 16:38:17,980 - AUGCON - INFO - Epoch [16/50]-(5/22) Loss: 1.1507, Acc(1): 75.00, Acc(5): 100.00
2023-06-19 16:38:17,981 - AUGCON - INFO - Epoch [16/50]-(10/22) Loss: 1.1392, Acc(1): 75.00, Acc(5): 100.00
2023-06-19 16:38:17,981 - AUGCON - INFO - Epoch [16/50]-(15/22) Loss: 1.2452, Acc(1): 50.00, Acc(5): 100.00
2023-06-19 16:38:17,981 - AUGCON - INFO - Epoch [16/50]-(20/22) Loss: 1.1510, Acc(1): 75.00, Acc(5): 100.00
2023-06-19 16:38:17,981 - AUGCON - INFO - 	Validation Loss: 1.1519, Acc(1): 67.00, Acc(5): 99.00, F1: 0.16, Recall: 0.16, Precision: 0.16
2023-06-19 16:38:17,981 - AUGCON - INFO - Epoch [17/50]-(0/22) Loss: 0.7753, Acc(1): 100.00, Acc(5): 100.00
2023-06-19 16:38:17,981 - AUGCON - INFO - Epoch [17/50]-(5/22) Loss: 1.0082, Acc(1): 100.00, Acc(5): 100.00
2023-06-19 16:38:17,981 - AUGCON - INFO - Epoch [17/50]-(10/22) Loss: 0.5912, Acc(1): 100.00, Acc(5): 100.00
2023-06-19 16:38:17,981 - AUGCON - INFO - Epoch [17/50]-(15/22) Loss: 1.3948, Acc(1): 75.00, Acc(5): 100.00
2023-06-19 16:38:17,981 - AUGCON - INFO - Epoch [17/50]-(20/22) Loss: 1.2955, Acc(1): 50.00, Acc(5): 75.00
2023-06-19 16:38:17,981 - AUGCON - INFO - 	Validation Loss: 1.0448, Acc(1): 63.00, Acc(5): 100.00, F1: 0.16, Recall: 0.16, Precision: 0.16
2023-06-19 16:38:17,981 - AUGCON - INFO - Epoch [18/50]-(0/22) Loss: 0.8868, Acc(1): 75.00, Acc(5): 100.00
2023-06-19 16:38:17,981 - AUGCON - INFO - Epoch [18/50]-(5/22) Loss: 1.0348, Acc(1): 75.00, Acc(5): 100.00
2023-06-19 16:38:17,981 - AUGCON - INFO - Epoch [18/50]-(10/22) Loss: 1.3620, Acc(1): 50.00, Acc(5): 100.00
2023-06-19 16:38:17,982 - AUGCON - INFO - Epoch [18/50]-(15/22) Loss: 1.1794, Acc(1): 75.00, Acc(5): 100.00
2023-06-19 16:38:17,982 - AUGCON - INFO - Epoch [18/50]-(20/22) Loss: 0.9005, Acc(1): 75.00, Acc(5): 100.00
2023-06-19 16:38:17,982 - AUGCON - INFO - 	Validation Loss: 1.0928, Acc(1): 62.00, Acc(5): 100.00, F1: 0.15, Recall: 0.16, Precision: 0.15
2023-06-19 16:38:17,982 - AUGCON - INFO - Epoch [19/50]-(0/22) Loss: 1.5869, Acc(1): 25.00, Acc(5): 100.00
2023-06-19 16:38:17,982 - AUGCON - INFO - Epoch [19/50]-(5/22) Loss: 0.7097, Acc(1): 75.00, Acc(5): 100.00
2023-06-19 16:38:17,982 - AUGCON - INFO - Epoch [19/50]-(10/22) Loss: 1.4737, Acc(1): 50.00, Acc(5): 100.00
2023-06-19 16:38:17,982 - AUGCON - INFO - Epoch [19/50]-(15/22) Loss: 0.9309, Acc(1): 100.00, Acc(5): 100.00
2023-06-19 16:38:17,982 - AUGCON - INFO - Epoch [19/50]-(20/22) Loss: 1.4008, Acc(1): 50.00, Acc(5): 100.00
2023-06-19 16:38:17,982 - AUGCON - INFO - 	Validation Loss: 1.0530, Acc(1): 62.00, Acc(5): 99.00, F1: 0.16, Recall: 0.16, Precision: 0.15
2023-06-19 16:38:17,982 - AUGCON - INFO - Epoch [20/50]-(0/22) Loss: 0.8324, Acc(1): 75.00, Acc(5): 100.00
2023-06-19 16:38:17,982 - AUGCON - INFO - Epoch [20/50]-(5/22) Loss: 0.9032, Acc(1): 100.00, Acc(5): 100.00
2023-06-19 16:38:17,982 - AUGCON - INFO - Epoch [20/50]-(10/22) Loss: 1.3409, Acc(1): 25.00, Acc(5): 100.00
2023-06-19 16:38:17,982 - AUGCON - INFO - Epoch [20/50]-(15/22) Loss: 1.1485, Acc(1): 50.00, Acc(5): 100.00
2023-06-19 16:38:17,982 - AUGCON - INFO - Epoch [20/50]-(20/22) Loss: 0.8701, Acc(1): 75.00, Acc(5): 100.00
2023-06-19 16:38:17,982 - AUGCON - INFO - 	Validation Loss: 1.0330, Acc(1): 66.00, Acc(5): 99.00, F1: 0.16, Recall: 0.16, Precision: 0.16
2023-06-19 16:38:17,983 - AUGCON - INFO - Epoch [21/50]-(0/22) Loss: 1.1478, Acc(1): 50.00, Acc(5): 100.00
2023-06-19 16:38:17,983 - AUGCON - INFO - Epoch [21/50]-(5/22) Loss: 0.7050, Acc(1): 75.00, Acc(5): 100.00
2023-06-19 16:38:17,983 - AUGCON - INFO - Epoch [21/50]-(10/22) Loss: 0.9055, Acc(1): 50.00, Acc(5): 100.00
2023-06-19 16:38:17,983 - AUGCON - INFO - Epoch [21/50]-(15/22) Loss: 0.7529, Acc(1): 75.00, Acc(5): 100.00
2023-06-19 16:38:17,983 - AUGCON - INFO - Epoch [21/50]-(20/22) Loss: 1.2030, Acc(1): 75.00, Acc(5): 100.00
2023-06-19 16:38:17,983 - AUGCON - INFO - 	Validation Loss: 1.0239, Acc(1): 62.00, Acc(5): 100.00, F1: 0.16, Recall: 0.15, Precision: 0.16
2023-06-19 16:38:17,983 - AUGCON - INFO - Epoch [22/50]-(0/22) Loss: 0.7028, Acc(1): 100.00, Acc(5): 100.00
2023-06-19 16:38:17,983 - AUGCON - INFO - Epoch [22/50]-(5/22) Loss: 1.3000, Acc(1): 25.00, Acc(5): 100.00
2023-06-19 16:38:17,983 - AUGCON - INFO - Epoch [22/50]-(10/22) Loss: 1.2371, Acc(1): 50.00, Acc(5): 75.00
2023-06-19 16:38:17,983 - AUGCON - INFO - Epoch [22/50]-(15/22) Loss: 1.0138, Acc(1): 75.00, Acc(5): 100.00
2023-06-19 16:38:17,983 - AUGCON - INFO - Epoch [22/50]-(20/22) Loss: 1.1726, Acc(1): 50.00, Acc(5): 100.00
2023-06-19 16:38:17,983 - AUGCON - INFO - 	Validation Loss: 1.0506, Acc(1): 61.00, Acc(5): 99.00, F1: 0.15, Recall: 0.16, Precision: 0.15
2023-06-19 16:38:17,983 - AUGCON - INFO - Epoch [23/50]-(0/22) Loss: 1.6647, Acc(1): 75.00, Acc(5): 100.00
2023-06-19 16:38:17,984 - AUGCON - INFO - Epoch [23/50]-(5/22) Loss: 0.8190, Acc(1): 100.00, Acc(5): 100.00
2023-06-19 16:38:17,984 - AUGCON - INFO - Epoch [23/50]-(10/22) Loss: 1.0743, Acc(1): 75.00, Acc(5): 100.00
2023-06-19 16:38:17,984 - AUGCON - INFO - Epoch [23/50]-(15/22) Loss: 1.1938, Acc(1): 50.00, Acc(5): 100.00
2023-06-19 16:38:17,984 - AUGCON - INFO - Epoch [23/50]-(20/22) Loss: 1.2446, Acc(1): 50.00, Acc(5): 100.00
2023-06-19 16:38:17,984 - AUGCON - INFO - 	Validation Loss: 1.0450, Acc(1): 62.00, Acc(5): 99.00, F1: 0.16, Recall: 0.17, Precision: 0.15
2023-06-19 16:38:17,984 - AUGCON - INFO - Epoch [24/50]-(0/22) Loss: 1.0126, Acc(1): 50.00, Acc(5): 100.00
2023-06-19 16:38:17,984 - AUGCON - INFO - Epoch [24/50]-(5/22) Loss: 0.7715, Acc(1): 100.00, Acc(5): 100.00
2023-06-19 16:38:17,984 - AUGCON - INFO - Epoch [24/50]-(10/22) Loss: 1.3932, Acc(1): 50.00, Acc(5): 100.00
2023-06-19 16:38:17,984 - AUGCON - INFO - Epoch [24/50]-(15/22) Loss: 1.0424, Acc(1): 75.00, Acc(5): 100.00
2023-06-19 16:38:17,984 - AUGCON - INFO - Epoch [24/50]-(20/22) Loss: 1.1974, Acc(1): 50.00, Acc(5): 100.00
2023-06-19 16:38:17,984 - AUGCON - INFO - 	Validation Loss: 1.0316, Acc(1): 62.00, Acc(5): 100.00, F1: 0.16, Recall: 0.16, Precision: 0.16
2023-06-19 16:38:17,984 - AUGCON - INFO - Epoch [25/50]-(0/22) Loss: 1.2794, Acc(1): 50.00, Acc(5): 75.00
2023-06-19 16:38:17,985 - AUGCON - INFO - Epoch [25/50]-(5/22) Loss: 1.1271, Acc(1): 50.00, Acc(5): 100.00
2023-06-19 16:38:17,985 - AUGCON - INFO - Epoch [25/50]-(10/22) Loss: 1.2492, Acc(1): 50.00, Acc(5): 100.00
2023-06-19 16:38:17,985 - AUGCON - INFO - Epoch [25/50]-(15/22) Loss: 0.6612, Acc(1): 75.00, Acc(5): 100.00
2023-06-19 16:38:17,985 - AUGCON - INFO - Epoch [25/50]-(20/22) Loss: 0.5670, Acc(1): 100.00, Acc(5): 100.00
2023-06-19 16:38:17,985 - AUGCON - INFO - 	Validation Loss: 1.0177, Acc(1): 63.00, Acc(5): 100.00, F1: 0.16, Recall: 0.16, Precision: 0.16
2023-06-19 16:38:17,985 - AUGCON - INFO - Epoch [26/50]-(0/22) Loss: 0.9539, Acc(1): 50.00, Acc(5): 100.00
2023-06-19 16:38:17,985 - AUGCON - INFO - Epoch [26/50]-(5/22) Loss: 1.1666, Acc(1): 75.00, Acc(5): 100.00
2023-06-19 16:38:17,985 - AUGCON - INFO - Epoch [26/50]-(10/22) Loss: 1.2081, Acc(1): 50.00, Acc(5): 100.00
2023-06-19 16:38:17,985 - AUGCON - INFO - Epoch [26/50]-(15/22) Loss: 1.1485, Acc(1): 50.00, Acc(5): 100.00
2023-06-19 16:38:17,985 - AUGCON - INFO - Epoch [26/50]-(20/22) Loss: 0.9023, Acc(1): 75.00, Acc(5): 100.00
2023-06-19 16:38:17,985 - AUGCON - INFO - 	Validation Loss: 0.9946, Acc(1): 67.00, Acc(5): 100.00, F1: 0.17, Recall: 0.17, Precision: 0.17
2023-06-19 16:38:17,985 - AUGCON - INFO - Epoch [27/50]-(0/22) Loss: 1.3940, Acc(1): 25.00, Acc(5): 100.00
2023-06-19 16:38:17,985 - AUGCON - INFO - Epoch [27/50]-(5/22) Loss: 1.0908, Acc(1): 75.00, Acc(5): 100.00
2023-06-19 16:38:17,985 - AUGCON - INFO - Epoch [27/50]-(10/22) Loss: 0.4329, Acc(1): 100.00, Acc(5): 100.00
2023-06-19 16:38:17,986 - AUGCON - INFO - Epoch [27/50]-(15/22) Loss: 0.6021, Acc(1): 100.00, Acc(5): 100.00
2023-06-19 16:38:17,986 - AUGCON - INFO - Epoch [27/50]-(20/22) Loss: 1.4683, Acc(1): 50.00, Acc(5): 100.00
2023-06-19 16:38:17,986 - AUGCON - INFO - 	Validation Loss: 1.0013, Acc(1): 62.00, Acc(5): 100.00, F1: 0.15, Recall: 0.16, Precision: 0.15
2023-06-19 16:38:17,986 - AUGCON - INFO - Epoch [28/50]-(0/22) Loss: 0.8571, Acc(1): 75.00, Acc(5): 100.00
2023-06-19 16:38:17,986 - AUGCON - INFO - Epoch [28/50]-(5/22) Loss: 1.0956, Acc(1): 50.00, Acc(5): 100.00
2023-06-19 16:38:17,986 - AUGCON - INFO - Epoch [28/50]-(10/22) Loss: 1.0687, Acc(1): 75.00, Acc(5): 100.00
2023-06-19 16:38:17,986 - AUGCON - INFO - Epoch [28/50]-(15/22) Loss: 0.5706, Acc(1): 75.00, Acc(5): 100.00
2023-06-19 16:38:17,986 - AUGCON - INFO - Epoch [28/50]-(20/22) Loss: 1.0348, Acc(1): 75.00, Acc(5): 100.00
2023-06-19 16:38:17,986 - AUGCON - INFO - 	Validation Loss: 0.9818, Acc(1): 64.00, Acc(5): 99.00, F1: 0.16, Recall: 0.17, Precision: 0.15
2023-06-19 16:38:17,986 - AUGCON - INFO - Epoch [29/50]-(0/22) Loss: 1.2304, Acc(1): 50.00, Acc(5): 100.00
2023-06-19 16:38:17,987 - AUGCON - INFO - Epoch [29/50]-(5/22) Loss: 1.2146, Acc(1): 50.00, Acc(5): 100.00
2023-06-19 16:38:17,987 - AUGCON - INFO - Epoch [29/50]-(10/22) Loss: 0.6684, Acc(1): 100.00, Acc(5): 100.00
2023-06-19 16:38:17,987 - AUGCON - INFO - Epoch [29/50]-(15/22) Loss: 1.5209, Acc(1): 50.00, Acc(5): 100.00
2023-06-19 16:38:17,987 - AUGCON - INFO - Epoch [29/50]-(20/22) Loss: 0.7937, Acc(1): 75.00, Acc(5): 100.00
2023-06-19 16:38:17,987 - AUGCON - INFO - 	Validation Loss: 0.9775, Acc(1): 69.00, Acc(5): 100.00, F1: 0.17, Recall: 0.17, Precision: 0.16
2023-06-19 16:38:17,987 - AUGCON - INFO - Epoch [30/50]-(0/22) Loss: 0.8918, Acc(1): 75.00, Acc(5): 100.00
2023-06-19 16:38:17,987 - AUGCON - INFO - Epoch [30/50]-(5/22) Loss: 1.1598, Acc(1): 75.00, Acc(5): 100.00
2023-06-19 16:38:17,987 - AUGCON - INFO - Epoch [30/50]-(10/22) Loss: 1.4936, Acc(1): 25.00, Acc(5): 100.00
2023-06-19 16:38:17,987 - AUGCON - INFO - Epoch [30/50]-(15/22) Loss: 1.0161, Acc(1): 50.00, Acc(5): 100.00
2023-06-19 16:38:17,988 - AUGCON - INFO - Epoch [30/50]-(20/22) Loss: 0.9704, Acc(1): 75.00, Acc(5): 100.00
2023-06-19 16:38:17,988 - AUGCON - INFO - 	Validation Loss: 0.9523, Acc(1): 64.00, Acc(5): 99.00, F1: 0.16, Recall: 0.17, Precision: 0.15
2023-06-19 16:38:17,988 - AUGCON - INFO - Epoch [31/50]-(0/22) Loss: 0.9438, Acc(1): 75.00, Acc(5): 100.00
2023-06-19 16:38:17,988 - AUGCON - INFO - Epoch [31/50]-(5/22) Loss: 0.5629, Acc(1): 75.00, Acc(5): 100.00
2023-06-19 16:38:17,988 - AUGCON - INFO - Epoch [31/50]-(10/22) Loss: 0.5450, Acc(1): 75.00, Acc(5): 100.00
2023-06-19 16:38:17,988 - AUGCON - INFO - Epoch [31/50]-(15/22) Loss: 1.2152, Acc(1): 25.00, Acc(5): 100.00
2023-06-19 16:38:17,988 - AUGCON - INFO - Epoch [31/50]-(20/22) Loss: 1.1760, Acc(1): 75.00, Acc(5): 100.00
2023-06-19 16:38:17,989 - AUGCON - INFO - 	Validation Loss: 0.9484, Acc(1): 67.00, Acc(5): 100.00, F1: 0.16, Recall: 0.17, Precision: 0.16
2023-06-19 16:38:17,996 - AUGCON - INFO - Epoch [32/50]-(0/22) Loss: 0.4420, Acc(1): 100.00, Acc(5): 100.00
2023-06-19 16:38:17,996 - AUGCON - INFO - Epoch [32/50]-(5/22) Loss: 0.9181, Acc(1): 75.00, Acc(5): 100.00
2023-06-19 16:38:17,996 - AUGCON - INFO - Epoch [32/50]-(10/22) Loss: 0.5159, Acc(1): 100.00, Acc(5): 100.00
2023-06-19 16:38:17,996 - AUGCON - INFO - Epoch [32/50]-(15/22) Loss: 0.4921, Acc(1): 100.00, Acc(5): 100.00
2023-06-19 16:38:17,997 - AUGCON - INFO - Epoch [32/50]-(20/22) Loss: 0.4126, Acc(1): 100.00, Acc(5): 100.00
2023-06-19 16:38:17,997 - AUGCON - INFO - 	Validation Loss: 0.9548, Acc(1): 62.00, Acc(5): 100.00, F1: 0.15, Recall: 0.16, Precision: 0.15
2023-06-19 16:38:17,997 - AUGCON - INFO - Epoch [33/50]-(0/22) Loss: 1.2791, Acc(1): 75.00, Acc(5): 100.00
2023-06-19 16:38:17,997 - AUGCON - INFO - Epoch [33/50]-(5/22) Loss: 1.2098, Acc(1): 50.00, Acc(5): 100.00
2023-06-19 16:38:17,997 - AUGCON - INFO - Epoch [33/50]-(10/22) Loss: 0.6000, Acc(1): 100.00, Acc(5): 100.00
2023-06-19 16:38:17,997 - AUGCON - INFO - Epoch [33/50]-(15/22) Loss: 1.3490, Acc(1): 50.00, Acc(5): 100.00
2023-06-19 16:38:17,997 - AUGCON - INFO - Epoch [33/50]-(20/22) Loss: 0.7327, Acc(1): 75.00, Acc(5): 100.00
2023-06-19 16:38:17,998 - AUGCON - INFO - 	Validation Loss: 0.9054, Acc(1): 65.00, Acc(5): 100.00, F1: 0.16, Recall: 0.16, Precision: 0.16
2023-06-19 16:38:17,998 - AUGCON - INFO - Epoch [34/50]-(0/22) Loss: 0.3361, Acc(1): 100.00, Acc(5): 100.00
2023-06-19 16:38:17,998 - AUGCON - INFO - Epoch [34/50]-(5/22) Loss: 1.1475, Acc(1): 75.00, Acc(5): 100.00
2023-06-19 16:38:17,998 - AUGCON - INFO - Epoch [34/50]-(10/22) Loss: 1.0846, Acc(1): 25.00, Acc(5): 100.00
2023-06-19 16:38:17,998 - AUGCON - INFO - Epoch [34/50]-(15/22) Loss: 1.3521, Acc(1): 50.00, Acc(5): 100.00
2023-06-19 16:38:17,998 - AUGCON - INFO - Epoch [34/50]-(20/22) Loss: 0.8189, Acc(1): 75.00, Acc(5): 100.00
2023-06-19 16:38:17,999 - AUGCON - INFO - 	Validation Loss: 0.9756, Acc(1): 66.00, Acc(5): 99.00, F1: 0.16, Recall: 0.16, Precision: 0.16
2023-06-19 16:38:17,999 - AUGCON - INFO - Epoch [35/50]-(0/22) Loss: 0.6374, Acc(1): 100.00, Acc(5): 100.00
2023-06-19 16:38:17,999 - AUGCON - INFO - Epoch [35/50]-(5/22) Loss: 1.3792, Acc(1): 50.00, Acc(5): 100.00
2023-06-19 16:38:17,999 - AUGCON - INFO - Epoch [35/50]-(10/22) Loss: 0.6146, Acc(1): 75.00, Acc(5): 100.00
2023-06-19 16:38:17,999 - AUGCON - INFO - Epoch [35/50]-(15/22) Loss: 1.1915, Acc(1): 25.00, Acc(5): 100.00
2023-06-19 16:38:17,999 - AUGCON - INFO - Epoch [35/50]-(20/22) Loss: 0.9330, Acc(1): 75.00, Acc(5): 100.00
2023-06-19 16:38:17,999 - AUGCON - INFO - 	Validation Loss: 0.9251, Acc(1): 67.00, Acc(5): 100.00, F1: 0.16, Recall: 0.17, Precision: 0.16
2023-06-19 16:38:18,000 - AUGCON - INFO - Epoch [36/50]-(0/22) Loss: 0.5801, Acc(1): 100.00, Acc(5): 100.00
2023-06-19 16:38:18,000 - AUGCON - INFO - Epoch [36/50]-(5/22) Loss: 1.2797, Acc(1): 25.00, Acc(5): 100.00
2023-06-19 16:38:18,003 - AUGCON - INFO - Epoch [36/50]-(10/22) Loss: 1.1447, Acc(1): 75.00, Acc(5): 100.00
2023-06-19 16:38:18,004 - AUGCON - INFO - Epoch [36/50]-(15/22) Loss: 1.2531, Acc(1): 25.00, Acc(5): 100.00
2023-06-19 16:38:18,004 - AUGCON - INFO - Epoch [36/50]-(20/22) Loss: 0.7126, Acc(1): 75.00, Acc(5): 100.00
2023-06-19 16:38:18,004 - AUGCON - INFO - 	Validation Loss: 0.9395, Acc(1): 64.00, Acc(5): 99.00, F1: 0.16, Recall: 0.16, Precision: 0.15
2023-06-19 16:38:18,004 - AUGCON - INFO - Epoch [37/50]-(0/22) Loss: 0.7758, Acc(1): 50.00, Acc(5): 100.00
2023-06-19 16:38:18,004 - AUGCON - INFO - Epoch [37/50]-(5/22) Loss: 0.8640, Acc(1): 75.00, Acc(5): 100.00
2023-06-19 16:38:18,004 - AUGCON - INFO - Epoch [37/50]-(10/22) Loss: 1.2572, Acc(1): 50.00, Acc(5): 100.00
2023-06-19 16:38:18,005 - AUGCON - INFO - Epoch [37/50]-(15/22) Loss: 0.9806, Acc(1): 50.00, Acc(5): 100.00
2023-06-19 16:38:18,005 - AUGCON - INFO - Epoch [37/50]-(20/22) Loss: 1.1949, Acc(1): 75.00, Acc(5): 100.00
2023-06-19 16:38:18,005 - AUGCON - INFO - 	Validation Loss: 0.9504, Acc(1): 63.00, Acc(5): 100.00, F1: 0.15, Recall: 0.16, Precision: 0.15
2023-06-19 16:38:18,005 - AUGCON - INFO - Epoch [38/50]-(0/22) Loss: 1.0074, Acc(1): 50.00, Acc(5): 100.00
2023-06-19 16:38:18,005 - AUGCON - INFO - Epoch [38/50]-(5/22) Loss: 1.1744, Acc(1): 75.00, Acc(5): 100.00
2023-06-19 16:38:18,005 - AUGCON - INFO - Epoch [38/50]-(10/22) Loss: 0.6266, Acc(1): 75.00, Acc(5): 100.00
2023-06-19 16:38:18,005 - AUGCON - INFO - Epoch [38/50]-(15/22) Loss: 1.5559, Acc(1): 25.00, Acc(5): 100.00
2023-06-19 16:38:18,006 - AUGCON - INFO - Epoch [38/50]-(20/22) Loss: 0.8195, Acc(1): 75.00, Acc(5): 100.00
2023-06-19 16:38:18,006 - AUGCON - INFO - 	Validation Loss: 0.8847, Acc(1): 66.00, Acc(5): 100.00, F1: 0.16, Recall: 0.16, Precision: 0.15
2023-06-19 16:38:18,006 - AUGCON - INFO - Epoch [39/50]-(0/22) Loss: 0.7067, Acc(1): 75.00, Acc(5): 100.00
2023-06-19 16:38:18,006 - AUGCON - INFO - Epoch [39/50]-(5/22) Loss: 0.5600, Acc(1): 75.00, Acc(5): 100.00
2023-06-19 16:38:18,006 - AUGCON - INFO - Epoch [39/50]-(10/22) Loss: 1.1788, Acc(1): 50.00, Acc(5): 100.00
2023-06-19 16:38:18,007 - AUGCON - INFO - Epoch [39/50]-(15/22) Loss: 1.1877, Acc(1): 25.00, Acc(5): 100.00
2023-06-19 16:38:18,007 - AUGCON - INFO - Epoch [39/50]-(20/22) Loss: 1.4006, Acc(1): 25.00, Acc(5): 100.00
2023-06-19 16:38:18,007 - AUGCON - INFO - 	Validation Loss: 0.8872, Acc(1): 68.00, Acc(5): 100.00, F1: 0.17, Recall: 0.17, Precision: 0.17
2023-06-19 16:38:18,007 - AUGCON - INFO - Epoch [40/50]-(0/22) Loss: 0.9805, Acc(1): 75.00, Acc(5): 100.00
2023-06-19 16:38:18,007 - AUGCON - INFO - Epoch [40/50]-(5/22) Loss: 0.9744, Acc(1): 50.00, Acc(5): 100.00
2023-06-19 16:38:18,007 - AUGCON - INFO - Epoch [40/50]-(10/22) Loss: 0.7927, Acc(1): 75.00, Acc(5): 100.00
2023-06-19 16:38:18,007 - AUGCON - INFO - Epoch [40/50]-(15/22) Loss: 0.4830, Acc(1): 100.00, Acc(5): 100.00
2023-06-19 16:38:18,007 - AUGCON - INFO - Epoch [40/50]-(20/22) Loss: 0.8513, Acc(1): 75.00, Acc(5): 100.00
2023-06-19 16:38:18,007 - AUGCON - INFO - 	Validation Loss: 0.9193, Acc(1): 63.00, Acc(5): 100.00, F1: 0.15, Recall: 0.16, Precision: 0.15
2023-06-19 16:38:18,007 - AUGCON - INFO - Epoch [41/50]-(0/22) Loss: 0.9014, Acc(1): 75.00, Acc(5): 100.00
2023-06-19 16:38:18,007 - AUGCON - INFO - Epoch [41/50]-(5/22) Loss: 0.9584, Acc(1): 50.00, Acc(5): 100.00
2023-06-19 16:38:18,007 - AUGCON - INFO - Epoch [41/50]-(10/22) Loss: 1.0421, Acc(1): 50.00, Acc(5): 100.00
2023-06-19 16:38:18,007 - AUGCON - INFO - Epoch [41/50]-(15/22) Loss: 0.8215, Acc(1): 50.00, Acc(5): 100.00
2023-06-19 16:38:18,007 - AUGCON - INFO - Epoch [41/50]-(20/22) Loss: 0.9684, Acc(1): 75.00, Acc(5): 100.00
2023-06-19 16:38:18,008 - AUGCON - INFO - 	Validation Loss: 0.8592, Acc(1): 66.00, Acc(5): 100.00, F1: 0.16, Recall: 0.17, Precision: 0.15
2023-06-19 16:38:18,008 - AUGCON - INFO - Epoch [42/50]-(0/22) Loss: 1.1131, Acc(1): 75.00, Acc(5): 100.00
2023-06-19 16:38:18,008 - AUGCON - INFO - Epoch [42/50]-(5/22) Loss: 1.0406, Acc(1): 50.00, Acc(5): 100.00
2023-06-19 16:38:18,008 - AUGCON - INFO - Epoch [42/50]-(10/22) Loss: 0.8188, Acc(1): 50.00, Acc(5): 100.00
2023-06-19 16:38:18,008 - AUGCON - INFO - Epoch [42/50]-(15/22) Loss: 0.2704, Acc(1): 100.00, Acc(5): 100.00
2023-06-19 16:38:18,008 - AUGCON - INFO - Epoch [42/50]-(20/22) Loss: 0.7232, Acc(1): 75.00, Acc(5): 100.00
2023-06-19 16:38:18,008 - AUGCON - INFO - 	Validation Loss: 0.8969, Acc(1): 66.00, Acc(5): 100.00, F1: 0.16, Recall: 0.16, Precision: 0.16
2023-06-19 16:38:18,008 - AUGCON - INFO - Epoch [43/50]-(0/22) Loss: 0.6096, Acc(1): 75.00, Acc(5): 100.00
2023-06-19 16:38:18,008 - AUGCON - INFO - Epoch [43/50]-(5/22) Loss: 1.2210, Acc(1): 75.00, Acc(5): 100.00
2023-06-19 16:38:18,008 - AUGCON - INFO - Epoch [43/50]-(10/22) Loss: 0.8717, Acc(1): 75.00, Acc(5): 100.00
2023-06-19 16:38:18,008 - AUGCON - INFO - Epoch [43/50]-(15/22) Loss: 1.1456, Acc(1): 50.00, Acc(5): 100.00
2023-06-19 16:38:18,008 - AUGCON - INFO - Epoch [43/50]-(20/22) Loss: 0.8531, Acc(1): 75.00, Acc(5): 100.00
2023-06-19 16:38:18,008 - AUGCON - INFO - 	Validation Loss: 0.8666, Acc(1): 67.00, Acc(5): 100.00, F1: 0.16, Recall: 0.17, Precision: 0.16
2023-06-19 16:38:18,008 - AUGCON - INFO - Epoch [44/50]-(0/22) Loss: 0.8461, Acc(1): 50.00, Acc(5): 100.00
2023-06-19 16:38:18,009 - AUGCON - INFO - Epoch [44/50]-(5/22) Loss: 0.5167, Acc(1): 100.00, Acc(5): 100.00
2023-06-19 16:38:18,009 - AUGCON - INFO - Epoch [44/50]-(10/22) Loss: 0.7197, Acc(1): 75.00, Acc(5): 100.00
2023-06-19 16:38:18,009 - AUGCON - INFO - Epoch [44/50]-(15/22) Loss: 0.8723, Acc(1): 75.00, Acc(5): 100.00
2023-06-19 16:38:18,009 - AUGCON - INFO - Epoch [44/50]-(20/22) Loss: 1.9989, Acc(1): 25.00, Acc(5): 100.00
2023-06-19 16:38:18,009 - AUGCON - INFO - 	Validation Loss: 0.9660, Acc(1): 63.00, Acc(5): 100.00, F1: 0.15, Recall: 0.17, Precision: 0.14
2023-06-19 16:38:18,009 - AUGCON - INFO - Epoch [45/50]-(0/22) Loss: 0.9159, Acc(1): 50.00, Acc(5): 100.00
2023-06-19 16:38:18,009 - AUGCON - INFO - Epoch [45/50]-(5/22) Loss: 0.9256, Acc(1): 75.00, Acc(5): 100.00
2023-06-19 16:38:18,009 - AUGCON - INFO - Epoch [45/50]-(10/22) Loss: 1.7357, Acc(1): 25.00, Acc(5): 100.00
2023-06-19 16:38:18,009 - AUGCON - INFO - Epoch [45/50]-(15/22) Loss: 0.9606, Acc(1): 75.00, Acc(5): 100.00
2023-06-19 16:38:18,009 - AUGCON - INFO - Epoch [45/50]-(20/22) Loss: 0.8215, Acc(1): 50.00, Acc(5): 100.00
2023-06-19 16:38:18,009 - AUGCON - INFO - 	Validation Loss: 0.8956, Acc(1): 65.00, Acc(5): 100.00, F1: 0.16, Recall: 0.16, Precision: 0.15
2023-06-19 16:38:18,009 - AUGCON - INFO - Epoch [46/50]-(0/22) Loss: 1.5008, Acc(1): 50.00, Acc(5): 100.00
2023-06-19 16:38:18,009 - AUGCON - INFO - Epoch [46/50]-(5/22) Loss: 0.6914, Acc(1): 100.00, Acc(5): 100.00
2023-06-19 16:38:18,009 - AUGCON - INFO - Epoch [46/50]-(10/22) Loss: 0.9650, Acc(1): 50.00, Acc(5): 100.00
2023-06-19 16:38:18,010 - AUGCON - INFO - Epoch [46/50]-(15/22) Loss: 1.1253, Acc(1): 75.00, Acc(5): 100.00
2023-06-19 16:38:18,010 - AUGCON - INFO - Epoch [46/50]-(20/22) Loss: 0.7606, Acc(1): 75.00, Acc(5): 100.00
2023-06-19 16:38:18,010 - AUGCON - INFO - 	Validation Loss: 0.8928, Acc(1): 66.00, Acc(5): 100.00, F1: 0.16, Recall: 0.16, Precision: 0.15
2023-06-19 16:38:18,010 - AUGCON - INFO - Epoch [47/50]-(0/22) Loss: 1.0674, Acc(1): 25.00, Acc(5): 100.00
2023-06-19 16:38:18,010 - AUGCON - INFO - Epoch [47/50]-(5/22) Loss: 0.8326, Acc(1): 75.00, Acc(5): 100.00
2023-06-19 16:38:18,010 - AUGCON - INFO - Epoch [47/50]-(10/22) Loss: 0.3905, Acc(1): 100.00, Acc(5): 100.00
2023-06-19 16:38:18,010 - AUGCON - INFO - Epoch [47/50]-(15/22) Loss: 0.5032, Acc(1): 100.00, Acc(5): 100.00
2023-06-19 16:38:18,010 - AUGCON - INFO - Epoch [47/50]-(20/22) Loss: 1.3830, Acc(1): 75.00, Acc(5): 100.00
2023-06-19 16:38:18,010 - AUGCON - INFO - 	Validation Loss: 0.9022, Acc(1): 64.00, Acc(5): 99.00, F1: 0.16, Recall: 0.16, Precision: 0.16
2023-06-19 16:38:18,010 - AUGCON - INFO - Epoch [48/50]-(0/22) Loss: 0.9803, Acc(1): 75.00, Acc(5): 100.00
2023-06-19 16:38:18,010 - AUGCON - INFO - Epoch [48/50]-(5/22) Loss: 0.5600, Acc(1): 75.00, Acc(5): 100.00
2023-06-19 16:38:18,010 - AUGCON - INFO - Epoch [48/50]-(10/22) Loss: 0.5812, Acc(1): 50.00, Acc(5): 100.00
2023-06-19 16:38:18,010 - AUGCON - INFO - Epoch [48/50]-(15/22) Loss: 0.5330, Acc(1): 100.00, Acc(5): 100.00
2023-06-19 16:38:18,010 - AUGCON - INFO - Epoch [48/50]-(20/22) Loss: 1.3286, Acc(1): 50.00, Acc(5): 100.00
2023-06-19 16:38:18,011 - AUGCON - INFO - 	Validation Loss: 0.8624, Acc(1): 60.00, Acc(5): 100.00, F1: 0.15, Recall: 0.15, Precision: 0.15
2023-06-19 16:38:18,011 - AUGCON - INFO - Epoch [49/50]-(0/22) Loss: 1.1837, Acc(1): 75.00, Acc(5): 100.00
2023-06-19 16:38:18,011 - AUGCON - INFO - Epoch [49/50]-(5/22) Loss: 0.9506, Acc(1): 75.00, Acc(5): 100.00
2023-06-19 16:38:18,011 - AUGCON - INFO - Epoch [49/50]-(10/22) Loss: 0.5928, Acc(1): 75.00, Acc(5): 100.00
2023-06-19 16:38:18,011 - AUGCON - INFO - Epoch [49/50]-(15/22) Loss: 0.9251, Acc(1): 75.00, Acc(5): 100.00
2023-06-19 16:38:18,011 - AUGCON - INFO - Epoch [49/50]-(20/22) Loss: 1.3595, Acc(1): 25.00, Acc(5): 100.00
2023-06-19 16:38:18,011 - AUGCON - INFO - 	Validation Loss: 0.9182, Acc(1): 64.00, Acc(5): 100.00, F1: 0.16, Recall: 0.17, Precision: 0.16
2023-06-19 16:38:18,011 - AUGCON - INFO - Epoch [50/50]-(0/22) Loss: 0.7841, Acc(1): 75.00, Acc(5): 100.00
2023-06-19 16:38:18,011 - AUGCON - INFO - Epoch [50/50]-(5/22) Loss: 1.1187, Acc(1): 75.00, Acc(5): 100.00
2023-06-19 16:38:18,011 - AUGCON - INFO - Epoch [50/50]-(10/22) Loss: 1.2494, Acc(1): 50.00, Acc(5): 100.00
2023-06-19 16:38:18,011 - AUGCON - INFO - Epoch [50/50]-(15/22) Loss: 1.2328, Acc(1): 25.00, Acc(5): 100.00
2023-06-19 16:38:18,011 - AUGCON - INFO - Epoch [50/50]-(20/22) Loss: 0.7221, Acc(1): 75.00, Acc(5): 100.00
2023-06-19 16:38:18,011 - AUGCON - INFO - 	Validation Loss: 0.8567, Acc(1): 69.00, Acc(5): 100.00, F1: 0.17, Recall: 0.17, Precision: 0.17
2023-06-19 16:38:18,011 - AUGCON - INFO - 	Validation Loss: 0.8572, Acc(1): 66.33, Acc(5): 99.33, F1: 0.17, Recall: 0.16, Precision: 0.18
