2023-06-19 16:35:12,924 - AUGCON - INFO - logger initialized (/home/hjyoon/projects/augcon/config/exp0/finetune_da_true/without_target_domain_PH0034-ykha/cpc_perdomain_8421/tgt_target_domain_PH0012-thanh_seed0.yaml.log)
2023-06-19 16:35:12,924 - AUGCON - INFO - ================= Config =================
2023-06-19 16:35:12,924 - AUGCON - INFO -   mode: finetune
2023-06-19 16:35:12,924 - AUGCON - INFO -   seed: 0
2023-06-19 16:35:12,924 - AUGCON - INFO -   gpu: [3]
2023-06-19 16:35:12,924 - AUGCON - INFO -   num_workers: 1
2023-06-19 16:35:12,924 - AUGCON - INFO -   dist_url: tcp://localhost:10001
2023-06-19 16:35:12,924 - AUGCON - INFO -   dataset_name: ichar
2023-06-19 16:35:12,924 - AUGCON - INFO -   train_dataset_path: /mnt/sting/hjyoon/projects/cross/ICHAR/augcon/target_domain_PH0012-thanh/finetune/10shot/target/train.pkl
2023-06-19 16:35:12,924 - AUGCON - INFO -   test_dataset_path: /mnt/sting/hjyoon/projects/cross/ICHAR/augcon/target_domain_PH0012-thanh/finetune/10shot/target/test.pkl
2023-06-19 16:35:12,924 - AUGCON - INFO -   val_dataset_path: /mnt/sting/hjyoon/projects/cross/ICHAR/augcon/target_domain_PH0012-thanh/finetune/10shot/target/val.pkl
2023-06-19 16:35:12,924 - AUGCON - INFO -   input_channels: 3
2023-06-19 16:35:12,924 - AUGCON - INFO -   num_cls: 9
2023-06-19 16:35:12,925 - AUGCON - INFO -   optimizer: adam
2023-06-19 16:35:12,925 - AUGCON - INFO -   criterion: crossentropy
2023-06-19 16:35:12,925 - AUGCON - INFO -   start_epoch: 0
2023-06-19 16:35:12,925 - AUGCON - INFO -   epochs: 50
2023-06-19 16:35:12,925 - AUGCON - INFO -   batch_size: 4
2023-06-19 16:35:12,925 - AUGCON - INFO -   lr: 0.001
2023-06-19 16:35:12,925 - AUGCON - INFO -   wd: 0.0
2023-06-19 16:35:12,925 - AUGCON - INFO -   resume: 
2023-06-19 16:35:12,925 - AUGCON - INFO -   pretrained: /mnt/sting/hjyoon/projects/augcontrast/models/exp0/pretrain/without_target_domain_PH0034-ykha/cpc_perdomain_8421//checkpoint_0099.pth.tar
2023-06-19 16:35:12,925 - AUGCON - INFO -   ckpt_dir: /mnt/sting/hjyoon/projects/augcontrast/models/exp0/finetune_da_true/without_target_domain_PH0034-ykha/cpc_perdomain_8421/tgt_target_domain_PH0012-thanh_seed0
2023-06-19 16:35:12,925 - AUGCON - INFO -   log_freq: 5
2023-06-19 16:35:12,925 - AUGCON - INFO -   save_freq: 10
2023-06-19 16:35:12,925 - AUGCON - INFO -   pretext: metacpc
2023-06-19 16:35:12,925 - AUGCON - INFO -   enc_blocks: 4
2023-06-19 16:35:12,925 - AUGCON - INFO -   kernel_sizes: [8, 4, 2, 1]
2023-06-19 16:35:12,925 - AUGCON - INFO -   strides: [4, 2, 1, 1]
2023-06-19 16:35:12,925 - AUGCON - INFO -   agg_blocks: 5
2023-06-19 16:35:12,925 - AUGCON - INFO -   z_dim: 256
2023-06-19 16:35:12,925 - AUGCON - INFO -   pooling: mean
2023-06-19 16:35:12,925 - AUGCON - INFO -   pred_steps: 12
2023-06-19 16:35:12,925 - AUGCON - INFO -   n_negatives: 15
2023-06-19 16:35:12,925 - AUGCON - INFO -   offset: 4
2023-06-19 16:35:12,925 - AUGCON - INFO -   domain_adaptation: True
2023-06-19 16:35:12,925 - AUGCON - INFO -   task_steps: 10
2023-06-19 16:35:12,925 - AUGCON - INFO -   task_lr: 0.001
2023-06-19 16:35:12,925 - AUGCON - INFO -   reg_lambda: 0
2023-06-19 16:35:12,925 - AUGCON - INFO -   mlp: False
2023-06-19 16:35:12,925 - AUGCON - INFO -   freeze: True
2023-06-19 16:35:12,925 - AUGCON - INFO -   no_vars: True
2023-06-19 16:35:12,925 - AUGCON - INFO - ==========================================
2023-06-19 16:35:12,925 - AUGCON - INFO - Setting GPUs: [3]
2023-06-19 16:35:12,925 - AUGCON - INFO - GPUs [3] will be used
2023-06-19 16:35:12,926 - AUGCON - WARNING - You have chosen to seed training. 
2023-06-19 16:35:12,926 - AUGCON - WARNING - This will turn on the CUDNN deterministic setting, 
2023-06-19 16:35:12,926 - AUGCON - WARNING - which can slow down your training considerably! 
2023-06-19 16:35:12,926 - AUGCON - WARNING - You may see unexpected behavior when restarting 
2023-06-19 16:35:12,926 - AUGCON - WARNING - from checkpoints.
2023-06-19 16:35:12,989 - AUGCON - INFO - Executing MetaCPC
2023-06-19 16:35:12,989 - AUGCON - INFO - Logs are skipped during training
2023-06-19 16:35:33,275 - AUGCON - INFO - Single GPU is used for training - training 90 instances for each worker
2023-06-19 16:35:33,276 - AUGCON - INFO - Loading pretrained model from checkpoint - /mnt/sting/hjyoon/projects/augcontrast/models/exp0/pretrain/without_target_domain_PH0034-ykha/cpc_perdomain_8421//checkpoint_0099.pth.tar
2023-06-19 16:35:33,276 - AUGCON - INFO - Missing keys: ['predictor.vars.0', 'predictor.vars.1']
2023-06-19 16:35:33,276 - AUGCON - INFO - Perform domain adaptation step
2023-06-19 16:35:33,276 - AUGCON - INFO - 	meta-train [0/10] Loss: 3.2322, Acc(1): 6.47, Acc(5): 32.88
2023-06-19 16:35:33,276 - AUGCON - INFO - 	meta-train [1/10] Loss: 3.1585, Acc(1): 6.62, Acc(5): 33.07
2023-06-19 16:35:33,276 - AUGCON - INFO - 	meta-train [2/10] Loss: 3.1643, Acc(1): 6.51, Acc(5): 33.35
2023-06-19 16:35:33,276 - AUGCON - INFO - 	meta-train [3/10] Loss: 3.0900, Acc(1): 6.94, Acc(5): 33.65
2023-06-19 16:35:33,276 - AUGCON - INFO - 	meta-train [4/10] Loss: 3.0821, Acc(1): 6.48, Acc(5): 33.18
2023-06-19 16:35:33,277 - AUGCON - INFO - 	meta-train [5/10] Loss: 3.0267, Acc(1): 6.70, Acc(5): 33.74
2023-06-19 16:35:33,277 - AUGCON - INFO - 	meta-train [6/10] Loss: 3.0065, Acc(1): 6.64, Acc(5): 34.13
2023-06-19 16:35:33,277 - AUGCON - INFO - 	meta-train [7/10] Loss: 2.9974, Acc(1): 6.74, Acc(5): 33.37
2023-06-19 16:35:33,277 - AUGCON - INFO - 	meta-train [8/10] Loss: 2.9781, Acc(1): 6.80, Acc(5): 33.69
2023-06-19 16:35:33,277 - AUGCON - INFO - 	meta-train [9/10] Loss: 2.9726, Acc(1): 6.82, Acc(5): 33.77
2023-06-19 16:35:33,277 - AUGCON - INFO - Loading encoder parameters to the classifier
2023-06-19 16:35:33,277 - AUGCON - INFO - Missing keys: ['classifier.block.0.weight', 'classifier.block.0.bias']
2023-06-19 16:35:33,277 - AUGCON - INFO - Epoch [1/50]-(0/22) Loss: 1.6450, Acc(1): 50.00, Acc(5): 100.00
2023-06-19 16:35:33,277 - AUGCON - INFO - Epoch [1/50]-(5/22) Loss: 2.0189, Acc(1): 25.00, Acc(5): 100.00
2023-06-19 16:35:33,277 - AUGCON - INFO - Epoch [1/50]-(10/22) Loss: 2.5442, Acc(1): 0.00, Acc(5): 75.00
2023-06-19 16:35:33,277 - AUGCON - INFO - Epoch [1/50]-(15/22) Loss: 1.9070, Acc(1): 50.00, Acc(5): 75.00
2023-06-19 16:35:33,277 - AUGCON - INFO - Epoch [1/50]-(20/22) Loss: 1.9986, Acc(1): 25.00, Acc(5): 100.00
2023-06-19 16:35:33,278 - AUGCON - INFO - 	Validation Loss: 1.6641, Acc(1): 53.00, Acc(5): 97.00, F1: 0.12, Recall: 0.11, Precision: 0.14
2023-06-19 16:35:33,278 - AUGCON - INFO - Epoch [2/50]-(0/22) Loss: 1.7036, Acc(1): 50.00, Acc(5): 100.00
2023-06-19 16:35:33,278 - AUGCON - INFO - Epoch [2/50]-(5/22) Loss: 1.8306, Acc(1): 25.00, Acc(5): 100.00
2023-06-19 16:35:33,278 - AUGCON - INFO - Epoch [2/50]-(10/22) Loss: 1.6597, Acc(1): 50.00, Acc(5): 100.00
2023-06-19 16:35:33,278 - AUGCON - INFO - Epoch [2/50]-(15/22) Loss: 1.7215, Acc(1): 50.00, Acc(5): 75.00
2023-06-19 16:35:33,278 - AUGCON - INFO - Epoch [2/50]-(20/22) Loss: 1.5785, Acc(1): 50.00, Acc(5): 100.00
2023-06-19 16:35:33,278 - AUGCON - INFO - 	Validation Loss: 1.3639, Acc(1): 62.00, Acc(5): 97.00, F1: 0.13, Recall: 0.13, Precision: 0.13
2023-06-19 16:35:33,278 - AUGCON - INFO - Epoch [3/50]-(0/22) Loss: 1.2956, Acc(1): 75.00, Acc(5): 100.00
2023-06-19 16:35:33,278 - AUGCON - INFO - Epoch [3/50]-(5/22) Loss: 1.1941, Acc(1): 75.00, Acc(5): 100.00
2023-06-19 16:35:33,278 - AUGCON - INFO - Epoch [3/50]-(10/22) Loss: 1.3750, Acc(1): 100.00, Acc(5): 100.00
2023-06-19 16:35:33,278 - AUGCON - INFO - Epoch [3/50]-(15/22) Loss: 1.3112, Acc(1): 75.00, Acc(5): 100.00
2023-06-19 16:35:33,278 - AUGCON - INFO - Epoch [3/50]-(20/22) Loss: 1.3086, Acc(1): 50.00, Acc(5): 100.00
2023-06-19 16:35:33,279 - AUGCON - INFO - 	Validation Loss: 1.2295, Acc(1): 70.00, Acc(5): 97.00, F1: 0.17, Recall: 0.16, Precision: 0.17
2023-06-19 16:35:33,279 - AUGCON - INFO - Epoch [4/50]-(0/22) Loss: 1.1422, Acc(1): 75.00, Acc(5): 100.00
2023-06-19 16:35:33,279 - AUGCON - INFO - Epoch [4/50]-(5/22) Loss: 1.3629, Acc(1): 75.00, Acc(5): 100.00
2023-06-19 16:35:33,279 - AUGCON - INFO - Epoch [4/50]-(10/22) Loss: 0.8225, Acc(1): 100.00, Acc(5): 100.00
2023-06-19 16:35:33,279 - AUGCON - INFO - Epoch [4/50]-(15/22) Loss: 1.0959, Acc(1): 75.00, Acc(5): 100.00
2023-06-19 16:35:33,279 - AUGCON - INFO - Epoch [4/50]-(20/22) Loss: 1.0970, Acc(1): 75.00, Acc(5): 100.00
2023-06-19 16:35:33,279 - AUGCON - INFO - 	Validation Loss: 1.1242, Acc(1): 74.00, Acc(5): 97.00, F1: 0.17, Recall: 0.17, Precision: 0.18
2023-06-19 16:35:33,279 - AUGCON - INFO - Epoch [5/50]-(0/22) Loss: 1.2620, Acc(1): 50.00, Acc(5): 100.00
2023-06-19 16:35:33,279 - AUGCON - INFO - Epoch [5/50]-(5/22) Loss: 1.2929, Acc(1): 50.00, Acc(5): 100.00
2023-06-19 16:35:33,279 - AUGCON - INFO - Epoch [5/50]-(10/22) Loss: 0.6833, Acc(1): 100.00, Acc(5): 100.00
2023-06-19 16:35:33,279 - AUGCON - INFO - Epoch [5/50]-(15/22) Loss: 0.8432, Acc(1): 75.00, Acc(5): 100.00
2023-06-19 16:35:33,280 - AUGCON - INFO - Epoch [5/50]-(20/22) Loss: 1.0454, Acc(1): 100.00, Acc(5): 100.00
2023-06-19 16:35:33,280 - AUGCON - INFO - 	Validation Loss: 1.0363, Acc(1): 74.00, Acc(5): 97.00, F1: 0.18, Recall: 0.17, Precision: 0.19
2023-06-19 16:35:33,280 - AUGCON - INFO - Epoch [6/50]-(0/22) Loss: 1.0218, Acc(1): 75.00, Acc(5): 100.00
2023-06-19 16:35:33,280 - AUGCON - INFO - Epoch [6/50]-(5/22) Loss: 0.9941, Acc(1): 75.00, Acc(5): 100.00
2023-06-19 16:35:33,280 - AUGCON - INFO - Epoch [6/50]-(10/22) Loss: 1.7662, Acc(1): 25.00, Acc(5): 100.00
2023-06-19 16:35:33,280 - AUGCON - INFO - Epoch [6/50]-(15/22) Loss: 0.5461, Acc(1): 100.00, Acc(5): 100.00
2023-06-19 16:35:33,280 - AUGCON - INFO - Epoch [6/50]-(20/22) Loss: 1.0914, Acc(1): 50.00, Acc(5): 100.00
2023-06-19 16:35:33,280 - AUGCON - INFO - 	Validation Loss: 0.9780, Acc(1): 75.00, Acc(5): 97.00, F1: 0.17, Recall: 0.17, Precision: 0.17
2023-06-19 16:35:33,280 - AUGCON - INFO - Epoch [7/50]-(0/22) Loss: 1.1095, Acc(1): 50.00, Acc(5): 100.00
2023-06-19 16:35:33,280 - AUGCON - INFO - Epoch [7/50]-(5/22) Loss: 1.2500, Acc(1): 50.00, Acc(5): 100.00
2023-06-19 16:35:33,280 - AUGCON - INFO - Epoch [7/50]-(10/22) Loss: 0.8261, Acc(1): 75.00, Acc(5): 100.00
2023-06-19 16:35:33,280 - AUGCON - INFO - Epoch [7/50]-(15/22) Loss: 1.1767, Acc(1): 50.00, Acc(5): 100.00
2023-06-19 16:35:33,281 - AUGCON - INFO - Epoch [7/50]-(20/22) Loss: 0.7003, Acc(1): 75.00, Acc(5): 100.00
2023-06-19 16:35:33,281 - AUGCON - INFO - 	Validation Loss: 0.9716, Acc(1): 74.00, Acc(5): 97.00, F1: 0.17, Recall: 0.17, Precision: 0.17
2023-06-19 16:35:33,281 - AUGCON - INFO - Epoch [8/50]-(0/22) Loss: 0.4446, Acc(1): 100.00, Acc(5): 100.00
2023-06-19 16:35:33,281 - AUGCON - INFO - Epoch [8/50]-(5/22) Loss: 1.2438, Acc(1): 75.00, Acc(5): 100.00
2023-06-19 16:35:33,281 - AUGCON - INFO - Epoch [8/50]-(10/22) Loss: 1.0660, Acc(1): 50.00, Acc(5): 100.00
2023-06-19 16:35:33,281 - AUGCON - INFO - Epoch [8/50]-(15/22) Loss: 1.4984, Acc(1): 50.00, Acc(5): 75.00
2023-06-19 16:35:33,281 - AUGCON - INFO - Epoch [8/50]-(20/22) Loss: 1.3483, Acc(1): 25.00, Acc(5): 100.00
2023-06-19 16:35:33,281 - AUGCON - INFO - 	Validation Loss: 0.9151, Acc(1): 77.00, Acc(5): 97.00, F1: 0.18, Recall: 0.18, Precision: 0.17
2023-06-19 16:35:33,281 - AUGCON - INFO - Epoch [9/50]-(0/22) Loss: 1.2091, Acc(1): 50.00, Acc(5): 100.00
2023-06-19 16:35:33,281 - AUGCON - INFO - Epoch [9/50]-(5/22) Loss: 1.4415, Acc(1): 25.00, Acc(5): 100.00
2023-06-19 16:35:33,281 - AUGCON - INFO - Epoch [9/50]-(10/22) Loss: 0.5093, Acc(1): 100.00, Acc(5): 100.00
2023-06-19 16:35:33,282 - AUGCON - INFO - Epoch [9/50]-(15/22) Loss: 0.9723, Acc(1): 75.00, Acc(5): 100.00
2023-06-19 16:35:33,282 - AUGCON - INFO - Epoch [9/50]-(20/22) Loss: 1.0566, Acc(1): 50.00, Acc(5): 100.00
2023-06-19 16:35:33,282 - AUGCON - INFO - 	Validation Loss: 0.9169, Acc(1): 76.00, Acc(5): 97.00, F1: 0.18, Recall: 0.18, Precision: 0.18
2023-06-19 16:35:33,282 - AUGCON - INFO - Epoch [10/50]-(0/22) Loss: 1.2297, Acc(1): 75.00, Acc(5): 100.00
2023-06-19 16:35:33,282 - AUGCON - INFO - Epoch [10/50]-(5/22) Loss: 1.0085, Acc(1): 75.00, Acc(5): 100.00
2023-06-19 16:35:33,282 - AUGCON - INFO - Epoch [10/50]-(10/22) Loss: 0.4932, Acc(1): 100.00, Acc(5): 100.00
2023-06-19 16:35:33,282 - AUGCON - INFO - Epoch [10/50]-(15/22) Loss: 1.0896, Acc(1): 50.00, Acc(5): 100.00
2023-06-19 16:35:33,282 - AUGCON - INFO - Epoch [10/50]-(20/22) Loss: 0.9064, Acc(1): 75.00, Acc(5): 100.00
2023-06-19 16:35:33,282 - AUGCON - INFO - 	Validation Loss: 0.8625, Acc(1): 77.00, Acc(5): 97.00, F1: 0.18, Recall: 0.18, Precision: 0.18
2023-06-19 16:35:33,282 - AUGCON - INFO - Epoch [11/50]-(0/22) Loss: 0.8848, Acc(1): 75.00, Acc(5): 100.00
2023-06-19 16:35:33,282 - AUGCON - INFO - Epoch [11/50]-(5/22) Loss: 0.7683, Acc(1): 100.00, Acc(5): 100.00
2023-06-19 16:35:33,282 - AUGCON - INFO - Epoch [11/50]-(10/22) Loss: 1.5574, Acc(1): 25.00, Acc(5): 100.00
2023-06-19 16:35:33,282 - AUGCON - INFO - Epoch [11/50]-(15/22) Loss: 0.3094, Acc(1): 100.00, Acc(5): 100.00
2023-06-19 16:35:33,282 - AUGCON - INFO - Epoch [11/50]-(20/22) Loss: 0.7097, Acc(1): 75.00, Acc(5): 100.00
2023-06-19 16:35:33,282 - AUGCON - INFO - 	Validation Loss: 0.8714, Acc(1): 74.00, Acc(5): 97.00, F1: 0.17, Recall: 0.17, Precision: 0.18
2023-06-19 16:35:33,282 - AUGCON - INFO - Epoch [12/50]-(0/22) Loss: 0.3624, Acc(1): 100.00, Acc(5): 100.00
2023-06-19 16:35:33,283 - AUGCON - INFO - Epoch [12/50]-(5/22) Loss: 0.7907, Acc(1): 75.00, Acc(5): 100.00
2023-06-19 16:35:33,283 - AUGCON - INFO - Epoch [12/50]-(10/22) Loss: 0.5506, Acc(1): 100.00, Acc(5): 100.00
2023-06-19 16:35:33,283 - AUGCON - INFO - Epoch [12/50]-(15/22) Loss: 0.5816, Acc(1): 100.00, Acc(5): 100.00
2023-06-19 16:35:33,283 - AUGCON - INFO - Epoch [12/50]-(20/22) Loss: 0.8578, Acc(1): 75.00, Acc(5): 100.00
2023-06-19 16:35:33,283 - AUGCON - INFO - 	Validation Loss: 0.8513, Acc(1): 76.00, Acc(5): 97.00, F1: 0.17, Recall: 0.18, Precision: 0.17
2023-06-19 16:35:33,283 - AUGCON - INFO - Epoch [13/50]-(0/22) Loss: 1.0717, Acc(1): 50.00, Acc(5): 100.00
2023-06-19 16:35:33,283 - AUGCON - INFO - Epoch [13/50]-(5/22) Loss: 0.5717, Acc(1): 100.00, Acc(5): 100.00
2023-06-19 16:35:33,283 - AUGCON - INFO - Epoch [13/50]-(10/22) Loss: 1.1902, Acc(1): 50.00, Acc(5): 75.00
2023-06-19 16:35:33,283 - AUGCON - INFO - Epoch [13/50]-(15/22) Loss: 0.9083, Acc(1): 75.00, Acc(5): 100.00
2023-06-19 16:35:33,283 - AUGCON - INFO - Epoch [13/50]-(20/22) Loss: 0.7556, Acc(1): 75.00, Acc(5): 100.00
2023-06-19 16:35:33,283 - AUGCON - INFO - 	Validation Loss: 0.8381, Acc(1): 76.00, Acc(5): 97.00, F1: 0.18, Recall: 0.18, Precision: 0.18
2023-06-19 16:35:33,283 - AUGCON - INFO - Epoch [14/50]-(0/22) Loss: 0.6583, Acc(1): 75.00, Acc(5): 100.00
2023-06-19 16:35:33,283 - AUGCON - INFO - Epoch [14/50]-(5/22) Loss: 0.4883, Acc(1): 100.00, Acc(5): 100.00
2023-06-19 16:35:33,283 - AUGCON - INFO - Epoch [14/50]-(10/22) Loss: 1.4698, Acc(1): 25.00, Acc(5): 100.00
2023-06-19 16:35:33,283 - AUGCON - INFO - Epoch [14/50]-(15/22) Loss: 1.8901, Acc(1): 25.00, Acc(5): 75.00
2023-06-19 16:35:33,283 - AUGCON - INFO - Epoch [14/50]-(20/22) Loss: 0.7040, Acc(1): 75.00, Acc(5): 100.00
2023-06-19 16:35:33,284 - AUGCON - INFO - 	Validation Loss: 0.8187, Acc(1): 78.00, Acc(5): 97.00, F1: 0.18, Recall: 0.18, Precision: 0.18
2023-06-19 16:35:33,284 - AUGCON - INFO - Epoch [15/50]-(0/22) Loss: 0.9925, Acc(1): 50.00, Acc(5): 100.00
2023-06-19 16:35:33,284 - AUGCON - INFO - Epoch [15/50]-(5/22) Loss: 0.5070, Acc(1): 75.00, Acc(5): 100.00
2023-06-19 16:35:33,284 - AUGCON - INFO - Epoch [15/50]-(10/22) Loss: 0.2553, Acc(1): 100.00, Acc(5): 100.00
2023-06-19 16:35:33,284 - AUGCON - INFO - Epoch [15/50]-(15/22) Loss: 0.8218, Acc(1): 75.00, Acc(5): 100.00
2023-06-19 16:35:33,284 - AUGCON - INFO - Epoch [15/50]-(20/22) Loss: 0.4297, Acc(1): 100.00, Acc(5): 100.00
2023-06-19 16:35:33,284 - AUGCON - INFO - 	Validation Loss: 0.8273, Acc(1): 77.00, Acc(5): 97.00, F1: 0.18, Recall: 0.18, Precision: 0.18
2023-06-19 16:35:33,284 - AUGCON - INFO - Epoch [16/50]-(0/22) Loss: 0.7285, Acc(1): 100.00, Acc(5): 100.00
2023-06-19 16:35:33,284 - AUGCON - INFO - Epoch [16/50]-(5/22) Loss: 0.9798, Acc(1): 50.00, Acc(5): 100.00
2023-06-19 16:35:33,284 - AUGCON - INFO - Epoch [16/50]-(10/22) Loss: 0.5815, Acc(1): 75.00, Acc(5): 100.00
2023-06-19 16:35:33,284 - AUGCON - INFO - Epoch [16/50]-(15/22) Loss: 1.1380, Acc(1): 50.00, Acc(5): 100.00
2023-06-19 16:35:33,284 - AUGCON - INFO - Epoch [16/50]-(20/22) Loss: 0.6952, Acc(1): 75.00, Acc(5): 100.00
2023-06-19 16:35:33,284 - AUGCON - INFO - 	Validation Loss: 0.8156, Acc(1): 76.00, Acc(5): 97.00, F1: 0.17, Recall: 0.18, Precision: 0.17
2023-06-19 16:35:33,284 - AUGCON - INFO - Epoch [17/50]-(0/22) Loss: 0.4698, Acc(1): 75.00, Acc(5): 100.00
2023-06-19 16:35:33,284 - AUGCON - INFO - Epoch [17/50]-(5/22) Loss: 0.8926, Acc(1): 75.00, Acc(5): 100.00
2023-06-19 16:35:33,284 - AUGCON - INFO - Epoch [17/50]-(10/22) Loss: 0.2788, Acc(1): 100.00, Acc(5): 100.00
2023-06-19 16:35:33,285 - AUGCON - INFO - Epoch [17/50]-(15/22) Loss: 0.6670, Acc(1): 100.00, Acc(5): 100.00
2023-06-19 16:35:33,285 - AUGCON - INFO - Epoch [17/50]-(20/22) Loss: 1.2339, Acc(1): 50.00, Acc(5): 100.00
2023-06-19 16:35:33,285 - AUGCON - INFO - 	Validation Loss: 0.8502, Acc(1): 74.00, Acc(5): 97.00, F1: 0.17, Recall: 0.17, Precision: 0.17
2023-06-19 16:35:33,285 - AUGCON - INFO - Epoch [18/50]-(0/22) Loss: 0.4720, Acc(1): 100.00, Acc(5): 100.00
2023-06-19 16:35:33,285 - AUGCON - INFO - Epoch [18/50]-(5/22) Loss: 0.4891, Acc(1): 75.00, Acc(5): 100.00
2023-06-19 16:35:33,285 - AUGCON - INFO - Epoch [18/50]-(10/22) Loss: 0.6154, Acc(1): 100.00, Acc(5): 100.00
2023-06-19 16:35:33,285 - AUGCON - INFO - Epoch [18/50]-(15/22) Loss: 0.2278, Acc(1): 100.00, Acc(5): 100.00
2023-06-19 16:35:33,285 - AUGCON - INFO - Epoch [18/50]-(20/22) Loss: 0.3928, Acc(1): 75.00, Acc(5): 100.00
2023-06-19 16:35:33,285 - AUGCON - INFO - 	Validation Loss: 0.8222, Acc(1): 78.00, Acc(5): 97.00, F1: 0.18, Recall: 0.18, Precision: 0.18
2023-06-19 16:35:33,285 - AUGCON - INFO - Epoch [19/50]-(0/22) Loss: 0.6620, Acc(1): 75.00, Acc(5): 100.00
2023-06-19 16:35:33,285 - AUGCON - INFO - Epoch [19/50]-(5/22) Loss: 0.5039, Acc(1): 75.00, Acc(5): 100.00
2023-06-19 16:35:33,285 - AUGCON - INFO - Epoch [19/50]-(10/22) Loss: 0.8198, Acc(1): 50.00, Acc(5): 100.00
2023-06-19 16:35:33,285 - AUGCON - INFO - Epoch [19/50]-(15/22) Loss: 0.8114, Acc(1): 75.00, Acc(5): 100.00
2023-06-19 16:35:33,285 - AUGCON - INFO - Epoch [19/50]-(20/22) Loss: 0.8625, Acc(1): 75.00, Acc(5): 100.00
2023-06-19 16:35:33,285 - AUGCON - INFO - 	Validation Loss: 0.8210, Acc(1): 76.00, Acc(5): 97.00, F1: 0.17, Recall: 0.18, Precision: 0.17
2023-06-19 16:35:33,285 - AUGCON - INFO - Epoch [20/50]-(0/22) Loss: 0.3435, Acc(1): 100.00, Acc(5): 100.00
2023-06-19 16:35:33,286 - AUGCON - INFO - Epoch [20/50]-(5/22) Loss: 0.4445, Acc(1): 100.00, Acc(5): 100.00
2023-06-19 16:35:33,286 - AUGCON - INFO - Epoch [20/50]-(10/22) Loss: 1.1145, Acc(1): 50.00, Acc(5): 100.00
2023-06-19 16:35:33,286 - AUGCON - INFO - Epoch [20/50]-(15/22) Loss: 0.3636, Acc(1): 100.00, Acc(5): 100.00
2023-06-19 16:35:33,286 - AUGCON - INFO - Epoch [20/50]-(20/22) Loss: 0.3701, Acc(1): 75.00, Acc(5): 100.00
2023-06-19 16:35:33,286 - AUGCON - INFO - 	Validation Loss: 0.8470, Acc(1): 76.00, Acc(5): 97.00, F1: 0.17, Recall: 0.18, Precision: 0.17
2023-06-19 16:35:33,286 - AUGCON - INFO - Epoch [21/50]-(0/22) Loss: 1.1155, Acc(1): 50.00, Acc(5): 100.00
2023-06-19 16:35:33,286 - AUGCON - INFO - Epoch [21/50]-(5/22) Loss: 0.3958, Acc(1): 100.00, Acc(5): 100.00
2023-06-19 16:35:33,286 - AUGCON - INFO - Epoch [21/50]-(10/22) Loss: 0.4553, Acc(1): 100.00, Acc(5): 100.00
2023-06-19 16:35:33,286 - AUGCON - INFO - Epoch [21/50]-(15/22) Loss: 1.0446, Acc(1): 50.00, Acc(5): 75.00
2023-06-19 16:35:33,286 - AUGCON - INFO - Epoch [21/50]-(20/22) Loss: 0.9443, Acc(1): 50.00, Acc(5): 100.00
2023-06-19 16:35:33,286 - AUGCON - INFO - 	Validation Loss: 0.8285, Acc(1): 76.00, Acc(5): 97.00, F1: 0.17, Recall: 0.18, Precision: 0.17
2023-06-19 16:35:33,286 - AUGCON - INFO - Epoch [22/50]-(0/22) Loss: 0.3207, Acc(1): 100.00, Acc(5): 100.00
2023-06-19 16:35:33,286 - AUGCON - INFO - Epoch [22/50]-(5/22) Loss: 0.4969, Acc(1): 75.00, Acc(5): 100.00
2023-06-19 16:35:33,286 - AUGCON - INFO - Epoch [22/50]-(10/22) Loss: 0.3965, Acc(1): 100.00, Acc(5): 100.00
2023-06-19 16:35:33,286 - AUGCON - INFO - Epoch [22/50]-(15/22) Loss: 0.1520, Acc(1): 100.00, Acc(5): 100.00
2023-06-19 16:35:33,286 - AUGCON - INFO - Epoch [22/50]-(20/22) Loss: 1.0207, Acc(1): 50.00, Acc(5): 100.00
2023-06-19 16:35:33,286 - AUGCON - INFO - 	Validation Loss: 0.7788, Acc(1): 82.00, Acc(5): 97.00, F1: 0.19, Recall: 0.19, Precision: 0.19
2023-06-19 16:35:33,287 - AUGCON - INFO - Epoch [23/50]-(0/22) Loss: 1.0037, Acc(1): 75.00, Acc(5): 100.00
2023-06-19 16:35:33,287 - AUGCON - INFO - Epoch [23/50]-(5/22) Loss: 0.4042, Acc(1): 100.00, Acc(5): 100.00
2023-06-19 16:35:33,287 - AUGCON - INFO - Epoch [23/50]-(10/22) Loss: 0.5742, Acc(1): 100.00, Acc(5): 100.00
2023-06-19 16:35:33,287 - AUGCON - INFO - Epoch [23/50]-(15/22) Loss: 0.2667, Acc(1): 100.00, Acc(5): 100.00
2023-06-19 16:35:33,287 - AUGCON - INFO - Epoch [23/50]-(20/22) Loss: 0.8481, Acc(1): 50.00, Acc(5): 100.00
2023-06-19 16:35:33,287 - AUGCON - INFO - 	Validation Loss: 0.8452, Acc(1): 74.00, Acc(5): 97.00, F1: 0.17, Recall: 0.17, Precision: 0.17
2023-06-19 16:35:33,287 - AUGCON - INFO - Epoch [24/50]-(0/22) Loss: 0.4327, Acc(1): 75.00, Acc(5): 100.00
2023-06-19 16:35:33,287 - AUGCON - INFO - Epoch [24/50]-(5/22) Loss: 0.2887, Acc(1): 100.00, Acc(5): 100.00
2023-06-19 16:35:33,287 - AUGCON - INFO - Epoch [24/50]-(10/22) Loss: 1.1199, Acc(1): 75.00, Acc(5): 100.00
2023-06-19 16:35:33,287 - AUGCON - INFO - Epoch [24/50]-(15/22) Loss: 0.2379, Acc(1): 100.00, Acc(5): 100.00
2023-06-19 16:35:33,287 - AUGCON - INFO - Epoch [24/50]-(20/22) Loss: 0.6749, Acc(1): 50.00, Acc(5): 100.00
2023-06-19 16:35:33,287 - AUGCON - INFO - 	Validation Loss: 0.8195, Acc(1): 77.00, Acc(5): 97.00, F1: 0.18, Recall: 0.18, Precision: 0.17
2023-06-19 16:35:33,287 - AUGCON - INFO - Epoch [25/50]-(0/22) Loss: 1.0890, Acc(1): 50.00, Acc(5): 100.00
2023-06-19 16:35:33,287 - AUGCON - INFO - Epoch [25/50]-(5/22) Loss: 0.3247, Acc(1): 100.00, Acc(5): 100.00
2023-06-19 16:35:33,287 - AUGCON - INFO - Epoch [25/50]-(10/22) Loss: 1.0721, Acc(1): 50.00, Acc(5): 100.00
2023-06-19 16:35:33,287 - AUGCON - INFO - Epoch [25/50]-(15/22) Loss: 0.4256, Acc(1): 100.00, Acc(5): 100.00
2023-06-19 16:35:33,288 - AUGCON - INFO - Epoch [25/50]-(20/22) Loss: 0.3457, Acc(1): 100.00, Acc(5): 100.00
2023-06-19 16:35:33,288 - AUGCON - INFO - 	Validation Loss: 0.7903, Acc(1): 77.00, Acc(5): 97.00, F1: 0.18, Recall: 0.18, Precision: 0.18
2023-06-19 16:35:33,288 - AUGCON - INFO - Epoch [26/50]-(0/22) Loss: 0.6872, Acc(1): 75.00, Acc(5): 100.00
2023-06-19 16:35:33,288 - AUGCON - INFO - Epoch [26/50]-(5/22) Loss: 0.9067, Acc(1): 75.00, Acc(5): 100.00
2023-06-19 16:35:33,288 - AUGCON - INFO - Epoch [26/50]-(10/22) Loss: 0.9689, Acc(1): 50.00, Acc(5): 100.00
2023-06-19 16:35:33,288 - AUGCON - INFO - Epoch [26/50]-(15/22) Loss: 1.3579, Acc(1): 50.00, Acc(5): 100.00
2023-06-19 16:35:33,288 - AUGCON - INFO - Epoch [26/50]-(20/22) Loss: 0.4076, Acc(1): 100.00, Acc(5): 100.00
2023-06-19 16:35:33,288 - AUGCON - INFO - 	Validation Loss: 0.8237, Acc(1): 78.00, Acc(5): 97.00, F1: 0.18, Recall: 0.18, Precision: 0.17
2023-06-19 16:35:33,288 - AUGCON - INFO - Epoch [27/50]-(0/22) Loss: 0.7044, Acc(1): 100.00, Acc(5): 100.00
2023-06-19 16:35:33,288 - AUGCON - INFO - Epoch [27/50]-(5/22) Loss: 0.4884, Acc(1): 75.00, Acc(5): 100.00
2023-06-19 16:35:33,288 - AUGCON - INFO - Epoch [27/50]-(10/22) Loss: 0.1313, Acc(1): 100.00, Acc(5): 100.00
2023-06-19 16:35:33,288 - AUGCON - INFO - Epoch [27/50]-(15/22) Loss: 0.9091, Acc(1): 75.00, Acc(5): 100.00
2023-06-19 16:35:33,288 - AUGCON - INFO - Epoch [27/50]-(20/22) Loss: 0.8923, Acc(1): 75.00, Acc(5): 100.00
2023-06-19 16:35:33,288 - AUGCON - INFO - 	Validation Loss: 0.8390, Acc(1): 76.00, Acc(5): 97.00, F1: 0.17, Recall: 0.18, Precision: 0.17
2023-06-19 16:35:33,289 - AUGCON - INFO - Epoch [28/50]-(0/22) Loss: 0.8947, Acc(1): 75.00, Acc(5): 75.00
2023-06-19 16:35:33,289 - AUGCON - INFO - Epoch [28/50]-(5/22) Loss: 0.5763, Acc(1): 75.00, Acc(5): 100.00
2023-06-19 16:35:33,289 - AUGCON - INFO - Epoch [28/50]-(10/22) Loss: 0.4959, Acc(1): 75.00, Acc(5): 100.00
2023-06-19 16:35:33,289 - AUGCON - INFO - Epoch [28/50]-(15/22) Loss: 0.1365, Acc(1): 100.00, Acc(5): 100.00
2023-06-19 16:35:33,289 - AUGCON - INFO - Epoch [28/50]-(20/22) Loss: 1.2729, Acc(1): 50.00, Acc(5): 100.00
2023-06-19 16:35:33,289 - AUGCON - INFO - 	Validation Loss: 0.7975, Acc(1): 76.00, Acc(5): 97.00, F1: 0.18, Recall: 0.18, Precision: 0.17
2023-06-19 16:35:33,289 - AUGCON - INFO - Epoch [29/50]-(0/22) Loss: 0.9411, Acc(1): 25.00, Acc(5): 100.00
2023-06-19 16:35:33,289 - AUGCON - INFO - Epoch [29/50]-(5/22) Loss: 0.4312, Acc(1): 75.00, Acc(5): 100.00
2023-06-19 16:35:33,289 - AUGCON - INFO - Epoch [29/50]-(10/22) Loss: 0.3223, Acc(1): 100.00, Acc(5): 100.00
2023-06-19 16:35:33,289 - AUGCON - INFO - Epoch [29/50]-(15/22) Loss: 0.4912, Acc(1): 100.00, Acc(5): 100.00
2023-06-19 16:35:33,289 - AUGCON - INFO - Epoch [29/50]-(20/22) Loss: 0.7614, Acc(1): 50.00, Acc(5): 100.00
2023-06-19 16:35:33,289 - AUGCON - INFO - 	Validation Loss: 0.8225, Acc(1): 81.00, Acc(5): 97.00, F1: 0.19, Recall: 0.19, Precision: 0.19
2023-06-19 16:35:33,289 - AUGCON - INFO - Epoch [30/50]-(0/22) Loss: 0.3368, Acc(1): 100.00, Acc(5): 100.00
2023-06-19 16:35:33,289 - AUGCON - INFO - Epoch [30/50]-(5/22) Loss: 0.8411, Acc(1): 50.00, Acc(5): 100.00
2023-06-19 16:35:33,289 - AUGCON - INFO - Epoch [30/50]-(10/22) Loss: 0.6081, Acc(1): 100.00, Acc(5): 100.00
2023-06-19 16:35:33,289 - AUGCON - INFO - Epoch [30/50]-(15/22) Loss: 0.5845, Acc(1): 75.00, Acc(5): 100.00
2023-06-19 16:35:33,290 - AUGCON - INFO - Epoch [30/50]-(20/22) Loss: 0.7681, Acc(1): 75.00, Acc(5): 100.00
2023-06-19 16:35:33,290 - AUGCON - INFO - 	Validation Loss: 0.8147, Acc(1): 79.00, Acc(5): 97.00, F1: 0.18, Recall: 0.18, Precision: 0.18
2023-06-19 16:35:33,290 - AUGCON - INFO - Epoch [31/50]-(0/22) Loss: 0.1234, Acc(1): 100.00, Acc(5): 100.00
2023-06-19 16:35:33,290 - AUGCON - INFO - Epoch [31/50]-(5/22) Loss: 0.3588, Acc(1): 100.00, Acc(5): 100.00
2023-06-19 16:35:33,290 - AUGCON - INFO - Epoch [31/50]-(10/22) Loss: 0.2611, Acc(1): 100.00, Acc(5): 100.00
2023-06-19 16:35:33,290 - AUGCON - INFO - Epoch [31/50]-(15/22) Loss: 0.7333, Acc(1): 100.00, Acc(5): 100.00
2023-06-19 16:35:33,290 - AUGCON - INFO - Epoch [31/50]-(20/22) Loss: 0.3367, Acc(1): 100.00, Acc(5): 100.00
2023-06-19 16:35:33,290 - AUGCON - INFO - 	Validation Loss: 0.8260, Acc(1): 76.00, Acc(5): 97.00, F1: 0.18, Recall: 0.18, Precision: 0.17
2023-06-19 16:35:33,290 - AUGCON - INFO - Epoch [32/50]-(0/22) Loss: 0.2307, Acc(1): 100.00, Acc(5): 100.00
2023-06-19 16:35:33,290 - AUGCON - INFO - Epoch [32/50]-(5/22) Loss: 0.6349, Acc(1): 100.00, Acc(5): 100.00
2023-06-19 16:35:33,290 - AUGCON - INFO - Epoch [32/50]-(10/22) Loss: 0.4182, Acc(1): 100.00, Acc(5): 100.00
2023-06-19 16:35:33,290 - AUGCON - INFO - Epoch [32/50]-(15/22) Loss: 0.2509, Acc(1): 100.00, Acc(5): 100.00
2023-06-19 16:35:33,290 - AUGCON - INFO - Epoch [32/50]-(20/22) Loss: 0.1033, Acc(1): 100.00, Acc(5): 100.00
2023-06-19 16:35:33,290 - AUGCON - INFO - 	Validation Loss: 0.7812, Acc(1): 79.00, Acc(5): 97.00, F1: 0.18, Recall: 0.18, Precision: 0.18
2023-06-19 16:35:33,290 - AUGCON - INFO - Epoch [33/50]-(0/22) Loss: 0.5890, Acc(1): 75.00, Acc(5): 100.00
2023-06-19 16:35:33,290 - AUGCON - INFO - Epoch [33/50]-(5/22) Loss: 0.4544, Acc(1): 100.00, Acc(5): 100.00
2023-06-19 16:35:33,290 - AUGCON - INFO - Epoch [33/50]-(10/22) Loss: 0.0813, Acc(1): 100.00, Acc(5): 100.00
2023-06-19 16:35:33,291 - AUGCON - INFO - Epoch [33/50]-(15/22) Loss: 0.9950, Acc(1): 50.00, Acc(5): 100.00
2023-06-19 16:35:33,291 - AUGCON - INFO - Epoch [33/50]-(20/22) Loss: 0.4531, Acc(1): 100.00, Acc(5): 100.00
2023-06-19 16:35:33,291 - AUGCON - INFO - 	Validation Loss: 0.8086, Acc(1): 76.00, Acc(5): 97.00, F1: 0.17, Recall: 0.18, Precision: 0.17
2023-06-19 16:35:33,291 - AUGCON - INFO - Epoch [34/50]-(0/22) Loss: 0.0263, Acc(1): 100.00, Acc(5): 100.00
2023-06-19 16:35:33,291 - AUGCON - INFO - Epoch [34/50]-(5/22) Loss: 0.8402, Acc(1): 75.00, Acc(5): 100.00
2023-06-19 16:35:33,291 - AUGCON - INFO - Epoch [34/50]-(10/22) Loss: 0.6363, Acc(1): 75.00, Acc(5): 100.00
2023-06-19 16:35:33,291 - AUGCON - INFO - Epoch [34/50]-(15/22) Loss: 0.6313, Acc(1): 75.00, Acc(5): 100.00
2023-06-19 16:35:33,291 - AUGCON - INFO - Epoch [34/50]-(20/22) Loss: 0.2883, Acc(1): 100.00, Acc(5): 100.00
2023-06-19 16:35:33,291 - AUGCON - INFO - 	Validation Loss: 0.7822, Acc(1): 80.00, Acc(5): 97.00, F1: 0.18, Recall: 0.19, Precision: 0.18
2023-06-19 16:35:33,291 - AUGCON - INFO - Epoch [35/50]-(0/22) Loss: 0.0822, Acc(1): 100.00, Acc(5): 100.00
2023-06-19 16:35:33,291 - AUGCON - INFO - Epoch [35/50]-(5/22) Loss: 0.6373, Acc(1): 100.00, Acc(5): 100.00
2023-06-19 16:35:33,291 - AUGCON - INFO - Epoch [35/50]-(10/22) Loss: 0.4603, Acc(1): 100.00, Acc(5): 100.00
2023-06-19 16:35:33,291 - AUGCON - INFO - Epoch [35/50]-(15/22) Loss: 0.6864, Acc(1): 50.00, Acc(5): 100.00
2023-06-19 16:35:33,291 - AUGCON - INFO - Epoch [35/50]-(20/22) Loss: 0.5741, Acc(1): 75.00, Acc(5): 100.00
2023-06-19 16:35:33,291 - AUGCON - INFO - 	Validation Loss: 0.7837, Acc(1): 80.00, Acc(5): 97.00, F1: 0.18, Recall: 0.19, Precision: 0.18
2023-06-19 16:35:33,291 - AUGCON - INFO - Epoch [36/50]-(0/22) Loss: 0.1269, Acc(1): 100.00, Acc(5): 100.00
2023-06-19 16:35:33,291 - AUGCON - INFO - Epoch [36/50]-(5/22) Loss: 0.9139, Acc(1): 75.00, Acc(5): 100.00
2023-06-19 16:35:33,292 - AUGCON - INFO - Epoch [36/50]-(10/22) Loss: 0.7180, Acc(1): 50.00, Acc(5): 100.00
2023-06-19 16:35:33,292 - AUGCON - INFO - Epoch [36/50]-(15/22) Loss: 0.7442, Acc(1): 75.00, Acc(5): 100.00
2023-06-19 16:35:33,292 - AUGCON - INFO - Epoch [36/50]-(20/22) Loss: 0.1258, Acc(1): 100.00, Acc(5): 100.00
2023-06-19 16:35:33,292 - AUGCON - INFO - 	Validation Loss: 0.8025, Acc(1): 77.00, Acc(5): 97.00, F1: 0.18, Recall: 0.18, Precision: 0.17
2023-06-19 16:35:33,292 - AUGCON - INFO - Epoch [37/50]-(0/22) Loss: 0.5013, Acc(1): 75.00, Acc(5): 100.00
2023-06-19 16:35:33,292 - AUGCON - INFO - Epoch [37/50]-(5/22) Loss: 0.9240, Acc(1): 75.00, Acc(5): 100.00
2023-06-19 16:35:33,292 - AUGCON - INFO - Epoch [37/50]-(10/22) Loss: 0.6732, Acc(1): 75.00, Acc(5): 100.00
2023-06-19 16:35:33,292 - AUGCON - INFO - Epoch [37/50]-(15/22) Loss: 0.6232, Acc(1): 50.00, Acc(5): 100.00
2023-06-19 16:35:33,292 - AUGCON - INFO - Epoch [37/50]-(20/22) Loss: 0.1650, Acc(1): 100.00, Acc(5): 100.00
2023-06-19 16:35:33,292 - AUGCON - INFO - 	Validation Loss: 0.7758, Acc(1): 80.00, Acc(5): 97.00, F1: 0.19, Recall: 0.19, Precision: 0.18
2023-06-19 16:35:33,292 - AUGCON - INFO - Epoch [38/50]-(0/22) Loss: 0.4834, Acc(1): 100.00, Acc(5): 100.00
2023-06-19 16:35:33,292 - AUGCON - INFO - Epoch [38/50]-(5/22) Loss: 0.3747, Acc(1): 100.00, Acc(5): 100.00
2023-06-19 16:35:33,292 - AUGCON - INFO - Epoch [38/50]-(10/22) Loss: 0.1699, Acc(1): 100.00, Acc(5): 100.00
2023-06-19 16:35:33,292 - AUGCON - INFO - Epoch [38/50]-(15/22) Loss: 0.6068, Acc(1): 75.00, Acc(5): 100.00
2023-06-19 16:35:33,292 - AUGCON - INFO - Epoch [38/50]-(20/22) Loss: 0.3183, Acc(1): 100.00, Acc(5): 100.00
2023-06-19 16:35:33,293 - AUGCON - INFO - 	Validation Loss: 0.7665, Acc(1): 80.00, Acc(5): 97.00, F1: 0.18, Recall: 0.19, Precision: 0.18
2023-06-19 16:35:33,293 - AUGCON - INFO - Epoch [39/50]-(0/22) Loss: 0.3309, Acc(1): 100.00, Acc(5): 100.00
2023-06-19 16:35:33,293 - AUGCON - INFO - Epoch [39/50]-(5/22) Loss: 0.5114, Acc(1): 100.00, Acc(5): 100.00
2023-06-19 16:35:33,293 - AUGCON - INFO - Epoch [39/50]-(10/22) Loss: 0.8173, Acc(1): 50.00, Acc(5): 100.00
2023-06-19 16:35:33,293 - AUGCON - INFO - Epoch [39/50]-(15/22) Loss: 0.7205, Acc(1): 75.00, Acc(5): 100.00
2023-06-19 16:35:33,293 - AUGCON - INFO - Epoch [39/50]-(20/22) Loss: 0.7685, Acc(1): 50.00, Acc(5): 100.00
2023-06-19 16:35:33,293 - AUGCON - INFO - 	Validation Loss: 0.7408, Acc(1): 81.00, Acc(5): 97.00, F1: 0.19, Recall: 0.19, Precision: 0.19
2023-06-19 16:35:33,293 - AUGCON - INFO - Epoch [40/50]-(0/22) Loss: 0.2881, Acc(1): 100.00, Acc(5): 100.00
2023-06-19 16:35:33,293 - AUGCON - INFO - Epoch [40/50]-(5/22) Loss: 0.5828, Acc(1): 75.00, Acc(5): 100.00
2023-06-19 16:35:33,293 - AUGCON - INFO - Epoch [40/50]-(10/22) Loss: 0.4010, Acc(1): 75.00, Acc(5): 100.00
2023-06-19 16:35:33,293 - AUGCON - INFO - Epoch [40/50]-(15/22) Loss: 0.2346, Acc(1): 100.00, Acc(5): 100.00
2023-06-19 16:35:33,293 - AUGCON - INFO - Epoch [40/50]-(20/22) Loss: 0.7035, Acc(1): 50.00, Acc(5): 100.00
2023-06-19 16:35:33,293 - AUGCON - INFO - 	Validation Loss: 0.8120, Acc(1): 76.00, Acc(5): 97.00, F1: 0.17, Recall: 0.18, Precision: 0.17
2023-06-19 16:35:33,293 - AUGCON - INFO - Epoch [41/50]-(0/22) Loss: 0.6143, Acc(1): 75.00, Acc(5): 100.00
2023-06-19 16:35:33,293 - AUGCON - INFO - Epoch [41/50]-(5/22) Loss: 0.3970, Acc(1): 100.00, Acc(5): 100.00
2023-06-19 16:35:33,294 - AUGCON - INFO - Epoch [41/50]-(10/22) Loss: 0.5165, Acc(1): 100.00, Acc(5): 100.00
2023-06-19 16:35:33,294 - AUGCON - INFO - Epoch [41/50]-(15/22) Loss: 0.8229, Acc(1): 50.00, Acc(5): 100.00
2023-06-19 16:35:33,294 - AUGCON - INFO - Epoch [41/50]-(20/22) Loss: 0.7936, Acc(1): 75.00, Acc(5): 100.00
2023-06-19 16:35:33,294 - AUGCON - INFO - 	Validation Loss: 0.8220, Acc(1): 78.00, Acc(5): 97.00, F1: 0.18, Recall: 0.18, Precision: 0.18
2023-06-19 16:35:33,294 - AUGCON - INFO - Epoch [42/50]-(0/22) Loss: 0.4309, Acc(1): 100.00, Acc(5): 100.00
2023-06-19 16:35:33,294 - AUGCON - INFO - Epoch [42/50]-(5/22) Loss: 0.5582, Acc(1): 100.00, Acc(5): 100.00
2023-06-19 16:35:33,294 - AUGCON - INFO - Epoch [42/50]-(10/22) Loss: 0.2238, Acc(1): 100.00, Acc(5): 100.00
2023-06-19 16:35:33,294 - AUGCON - INFO - Epoch [42/50]-(15/22) Loss: 0.0618, Acc(1): 100.00, Acc(5): 100.00
2023-06-19 16:35:33,294 - AUGCON - INFO - Epoch [42/50]-(20/22) Loss: 0.4601, Acc(1): 100.00, Acc(5): 100.00
2023-06-19 16:35:33,294 - AUGCON - INFO - 	Validation Loss: 0.8022, Acc(1): 76.00, Acc(5): 97.00, F1: 0.17, Recall: 0.18, Precision: 0.17
2023-06-19 16:35:33,294 - AUGCON - INFO - Epoch [43/50]-(0/22) Loss: 0.2331, Acc(1): 100.00, Acc(5): 100.00
2023-06-19 16:35:33,294 - AUGCON - INFO - Epoch [43/50]-(5/22) Loss: 0.7712, Acc(1): 100.00, Acc(5): 100.00
2023-06-19 16:35:33,294 - AUGCON - INFO - Epoch [43/50]-(10/22) Loss: 0.7482, Acc(1): 100.00, Acc(5): 100.00
2023-06-19 16:35:33,294 - AUGCON - INFO - Epoch [43/50]-(15/22) Loss: 0.5005, Acc(1): 75.00, Acc(5): 100.00
2023-06-19 16:35:33,294 - AUGCON - INFO - Epoch [43/50]-(20/22) Loss: 0.9589, Acc(1): 50.00, Acc(5): 100.00
2023-06-19 16:35:33,294 - AUGCON - INFO - 	Validation Loss: 0.7808, Acc(1): 78.00, Acc(5): 97.00, F1: 0.18, Recall: 0.18, Precision: 0.18
2023-06-19 16:35:33,294 - AUGCON - INFO - Epoch [44/50]-(0/22) Loss: 0.7153, Acc(1): 75.00, Acc(5): 100.00
2023-06-19 16:35:33,295 - AUGCON - INFO - Epoch [44/50]-(5/22) Loss: 0.5752, Acc(1): 75.00, Acc(5): 100.00
2023-06-19 16:35:33,295 - AUGCON - INFO - Epoch [44/50]-(10/22) Loss: 0.5557, Acc(1): 100.00, Acc(5): 100.00
2023-06-19 16:35:33,295 - AUGCON - INFO - Epoch [44/50]-(15/22) Loss: 0.3100, Acc(1): 75.00, Acc(5): 100.00
2023-06-19 16:35:33,295 - AUGCON - INFO - Epoch [44/50]-(20/22) Loss: 0.5856, Acc(1): 75.00, Acc(5): 100.00
2023-06-19 16:35:33,295 - AUGCON - INFO - 	Validation Loss: 0.8278, Acc(1): 79.00, Acc(5): 97.00, F1: 0.18, Recall: 0.19, Precision: 0.17
2023-06-19 16:35:33,295 - AUGCON - INFO - Epoch [45/50]-(0/22) Loss: 0.7527, Acc(1): 100.00, Acc(5): 100.00
2023-06-19 16:35:33,295 - AUGCON - INFO - Epoch [45/50]-(5/22) Loss: 0.2387, Acc(1): 100.00, Acc(5): 100.00
2023-06-19 16:35:33,295 - AUGCON - INFO - Epoch [45/50]-(10/22) Loss: 0.9093, Acc(1): 75.00, Acc(5): 100.00
2023-06-19 16:35:33,295 - AUGCON - INFO - Epoch [45/50]-(15/22) Loss: 0.7579, Acc(1): 75.00, Acc(5): 100.00
2023-06-19 16:35:33,295 - AUGCON - INFO - Epoch [45/50]-(20/22) Loss: 0.3008, Acc(1): 75.00, Acc(5): 100.00
2023-06-19 16:35:33,295 - AUGCON - INFO - 	Validation Loss: 0.7796, Acc(1): 78.00, Acc(5): 97.00, F1: 0.18, Recall: 0.18, Precision: 0.18
2023-06-19 16:35:33,295 - AUGCON - INFO - Epoch [46/50]-(0/22) Loss: 0.4981, Acc(1): 100.00, Acc(5): 100.00
2023-06-19 16:35:33,295 - AUGCON - INFO - Epoch [46/50]-(5/22) Loss: 0.5897, Acc(1): 75.00, Acc(5): 100.00
2023-06-19 16:35:33,295 - AUGCON - INFO - Epoch [46/50]-(10/22) Loss: 0.2431, Acc(1): 100.00, Acc(5): 100.00
2023-06-19 16:35:33,295 - AUGCON - INFO - Epoch [46/50]-(15/22) Loss: 0.6533, Acc(1): 75.00, Acc(5): 100.00
2023-06-19 16:35:33,295 - AUGCON - INFO - Epoch [46/50]-(20/22) Loss: 0.4509, Acc(1): 100.00, Acc(5): 100.00
2023-06-19 16:35:33,296 - AUGCON - INFO - 	Validation Loss: 0.8293, Acc(1): 78.00, Acc(5): 97.00, F1: 0.18, Recall: 0.18, Precision: 0.18
2023-06-19 16:35:33,296 - AUGCON - INFO - Epoch [47/50]-(0/22) Loss: 0.2892, Acc(1): 100.00, Acc(5): 100.00
2023-06-19 16:35:33,296 - AUGCON - INFO - Epoch [47/50]-(5/22) Loss: 0.2887, Acc(1): 100.00, Acc(5): 100.00
2023-06-19 16:35:33,296 - AUGCON - INFO - Epoch [47/50]-(10/22) Loss: 0.0943, Acc(1): 100.00, Acc(5): 100.00
2023-06-19 16:35:33,296 - AUGCON - INFO - Epoch [47/50]-(15/22) Loss: 0.2669, Acc(1): 100.00, Acc(5): 100.00
2023-06-19 16:35:33,296 - AUGCON - INFO - Epoch [47/50]-(20/22) Loss: 1.0702, Acc(1): 75.00, Acc(5): 100.00
2023-06-19 16:35:33,296 - AUGCON - INFO - 	Validation Loss: 0.7977, Acc(1): 79.00, Acc(5): 97.00, F1: 0.18, Recall: 0.18, Precision: 0.18
2023-06-19 16:35:33,296 - AUGCON - INFO - Epoch [48/50]-(0/22) Loss: 0.7302, Acc(1): 75.00, Acc(5): 100.00
2023-06-19 16:35:33,296 - AUGCON - INFO - Epoch [48/50]-(5/22) Loss: 0.2450, Acc(1): 100.00, Acc(5): 100.00
2023-06-19 16:35:33,296 - AUGCON - INFO - Epoch [48/50]-(10/22) Loss: 0.0592, Acc(1): 100.00, Acc(5): 100.00
2023-06-19 16:35:33,296 - AUGCON - INFO - Epoch [48/50]-(15/22) Loss: 0.4773, Acc(1): 75.00, Acc(5): 100.00
2023-06-19 16:35:33,296 - AUGCON - INFO - Epoch [48/50]-(20/22) Loss: 0.6225, Acc(1): 50.00, Acc(5): 100.00
2023-06-19 16:35:33,296 - AUGCON - INFO - 	Validation Loss: 0.8697, Acc(1): 77.00, Acc(5): 97.00, F1: 0.18, Recall: 0.18, Precision: 0.17
2023-06-19 16:35:33,296 - AUGCON - INFO - Epoch [49/50]-(0/22) Loss: 0.4715, Acc(1): 75.00, Acc(5): 100.00
2023-06-19 16:35:33,296 - AUGCON - INFO - Epoch [49/50]-(5/22) Loss: 0.4418, Acc(1): 100.00, Acc(5): 100.00
2023-06-19 16:35:33,296 - AUGCON - INFO - Epoch [49/50]-(10/22) Loss: 0.2450, Acc(1): 100.00, Acc(5): 100.00
2023-06-19 16:35:33,297 - AUGCON - INFO - Epoch [49/50]-(15/22) Loss: 0.7996, Acc(1): 100.00, Acc(5): 100.00
2023-06-19 16:35:33,297 - AUGCON - INFO - Epoch [49/50]-(20/22) Loss: 0.4234, Acc(1): 100.00, Acc(5): 100.00
2023-06-19 16:35:33,297 - AUGCON - INFO - 	Validation Loss: 0.7977, Acc(1): 77.00, Acc(5): 97.00, F1: 0.18, Recall: 0.18, Precision: 0.17
2023-06-19 16:35:33,297 - AUGCON - INFO - Epoch [50/50]-(0/22) Loss: 0.3864, Acc(1): 100.00, Acc(5): 100.00
2023-06-19 16:35:33,297 - AUGCON - INFO - Epoch [50/50]-(5/22) Loss: 0.2213, Acc(1): 100.00, Acc(5): 100.00
2023-06-19 16:35:33,297 - AUGCON - INFO - Epoch [50/50]-(10/22) Loss: 0.9348, Acc(1): 50.00, Acc(5): 100.00
2023-06-19 16:35:33,297 - AUGCON - INFO - Epoch [50/50]-(15/22) Loss: 1.0758, Acc(1): 75.00, Acc(5): 100.00
2023-06-19 16:35:33,297 - AUGCON - INFO - Epoch [50/50]-(20/22) Loss: 0.1999, Acc(1): 100.00, Acc(5): 100.00
2023-06-19 16:35:33,297 - AUGCON - INFO - 	Validation Loss: 0.8274, Acc(1): 79.00, Acc(5): 97.00, F1: 0.18, Recall: 0.18, Precision: 0.18
2023-06-19 16:35:33,297 - AUGCON - INFO - 	Validation Loss: 1.0312, Acc(1): 72.00, Acc(5): 96.33, F1: 0.16, Recall: 0.17, Precision: 0.16
