2023-06-19 16:32:05,640 - AUGCON - INFO - logger initialized (/home/hjyoon/projects/augcon/config/exp0/finetune_da_false/without_target_domain_PH0012-thanh/metacpc_random_8421/tgt_target_domain_WA4697-jhryu_seed0.yaml.log)
2023-06-19 16:32:05,641 - AUGCON - INFO - ================= Config =================
2023-06-19 16:32:05,641 - AUGCON - INFO -   mode: finetune
2023-06-19 16:32:05,641 - AUGCON - INFO -   seed: 0
2023-06-19 16:32:05,641 - AUGCON - INFO -   gpu: [1]
2023-06-19 16:32:05,641 - AUGCON - INFO -   num_workers: 1
2023-06-19 16:32:05,641 - AUGCON - INFO -   dist_url: tcp://localhost:10001
2023-06-19 16:32:05,641 - AUGCON - INFO -   dataset_name: ichar
2023-06-19 16:32:05,641 - AUGCON - INFO -   train_dataset_path: /mnt/sting/hjyoon/projects/cross/ICHAR/augcon/target_domain_WA4697-jhryu/finetune/10shot/target/train.pkl
2023-06-19 16:32:05,641 - AUGCON - INFO -   test_dataset_path: /mnt/sting/hjyoon/projects/cross/ICHAR/augcon/target_domain_WA4697-jhryu/finetune/10shot/target/test.pkl
2023-06-19 16:32:05,641 - AUGCON - INFO -   val_dataset_path: /mnt/sting/hjyoon/projects/cross/ICHAR/augcon/target_domain_WA4697-jhryu/finetune/10shot/target/val.pkl
2023-06-19 16:32:05,641 - AUGCON - INFO -   input_channels: 3
2023-06-19 16:32:05,641 - AUGCON - INFO -   num_cls: 9
2023-06-19 16:32:05,641 - AUGCON - INFO -   optimizer: adam
2023-06-19 16:32:05,641 - AUGCON - INFO -   criterion: crossentropy
2023-06-19 16:32:05,641 - AUGCON - INFO -   start_epoch: 0
2023-06-19 16:32:05,641 - AUGCON - INFO -   epochs: 50
2023-06-19 16:32:05,641 - AUGCON - INFO -   batch_size: 4
2023-06-19 16:32:05,641 - AUGCON - INFO -   lr: 0.001
2023-06-19 16:32:05,641 - AUGCON - INFO -   wd: 0.0
2023-06-19 16:32:05,641 - AUGCON - INFO -   resume: 
2023-06-19 16:32:05,641 - AUGCON - INFO -   pretrained: /mnt/sting/hjyoon/projects/augcontrast/models/exp0/pretrain/without_target_domain_PH0012-thanh/metacpc_random_8421/checkpoint_0999.pth.tar
2023-06-19 16:32:05,641 - AUGCON - INFO -   ckpt_dir: /mnt/sting/hjyoon/projects/augcontrast/models/exp0/finetune_da_false/without_target_domain_PH0012-thanh/metacpc_random_8421/tgt_target_domain_WA4697-jhryu_seed0
2023-06-19 16:32:05,641 - AUGCON - INFO -   log_freq: 5
2023-06-19 16:32:05,641 - AUGCON - INFO -   save_freq: 10
2023-06-19 16:32:05,641 - AUGCON - INFO -   pretext: metacpc
2023-06-19 16:32:05,641 - AUGCON - INFO -   enc_blocks: 4
2023-06-19 16:32:05,642 - AUGCON - INFO -   kernel_sizes: [8, 4, 2, 1]
2023-06-19 16:32:05,642 - AUGCON - INFO -   strides: [4, 2, 1, 1]
2023-06-19 16:32:05,642 - AUGCON - INFO -   agg_blocks: 5
2023-06-19 16:32:05,642 - AUGCON - INFO -   z_dim: 256
2023-06-19 16:32:05,642 - AUGCON - INFO -   pooling: mean
2023-06-19 16:32:05,642 - AUGCON - INFO -   pred_steps: 12
2023-06-19 16:32:05,642 - AUGCON - INFO -   n_negatives: 15
2023-06-19 16:32:05,642 - AUGCON - INFO -   offset: 4
2023-06-19 16:32:05,642 - AUGCON - INFO -   domain_adaptation: False
2023-06-19 16:32:05,642 - AUGCON - INFO -   task_steps: 10
2023-06-19 16:32:05,642 - AUGCON - INFO -   task_lr: 0.001
2023-06-19 16:32:05,642 - AUGCON - INFO -   reg_lambda: 0
2023-06-19 16:32:05,642 - AUGCON - INFO -   mlp: False
2023-06-19 16:32:05,642 - AUGCON - INFO -   freeze: True
2023-06-19 16:32:05,642 - AUGCON - INFO -   no_vars: False
2023-06-19 16:32:05,642 - AUGCON - INFO - ==========================================
2023-06-19 16:32:05,642 - AUGCON - INFO - Setting GPUs: [1]
2023-06-19 16:32:05,642 - AUGCON - INFO - GPUs [1] will be used
2023-06-19 16:32:05,643 - AUGCON - WARNING - You have chosen to seed training. 
2023-06-19 16:32:05,643 - AUGCON - WARNING - This will turn on the CUDNN deterministic setting, 
2023-06-19 16:32:05,643 - AUGCON - WARNING - which can slow down your training considerably! 
2023-06-19 16:32:05,643 - AUGCON - WARNING - You may see unexpected behavior when restarting 
2023-06-19 16:32:05,643 - AUGCON - WARNING - from checkpoints.
2023-06-19 16:32:05,688 - AUGCON - INFO - Executing MetaCPC
2023-06-19 16:32:05,689 - AUGCON - INFO - Logs are skipped during training
2023-06-19 16:32:23,431 - AUGCON - INFO - Single GPU is used for training - training 90 instances for each worker
2023-06-19 16:32:23,432 - AUGCON - INFO - Loading pretrained model from checkpoint - /mnt/sting/hjyoon/projects/augcontrast/models/exp0/pretrain/without_target_domain_PH0012-thanh/metacpc_random_8421/checkpoint_0999.pth.tar
2023-06-19 16:32:23,432 - AUGCON - INFO - Missing keys: []
2023-06-19 16:32:23,432 - AUGCON - INFO - Loading encoder parameters to the classifier
2023-06-19 16:32:23,432 - AUGCON - INFO - Missing keys: ['classifier.block.0.weight', 'classifier.block.0.bias']
2023-06-19 16:32:23,432 - AUGCON - INFO - Epoch [1/50]-(0/22) Loss: 2.4172, Acc(1): 0.00, Acc(5): 50.00
2023-06-19 16:32:23,432 - AUGCON - INFO - Epoch [1/50]-(5/22) Loss: 2.0485, Acc(1): 0.00, Acc(5): 75.00
2023-06-19 16:32:23,432 - AUGCON - INFO - Epoch [1/50]-(10/22) Loss: 2.8868, Acc(1): 0.00, Acc(5): 25.00
2023-06-19 16:32:23,432 - AUGCON - INFO - Epoch [1/50]-(15/22) Loss: 2.6950, Acc(1): 25.00, Acc(5): 50.00
2023-06-19 16:32:23,432 - AUGCON - INFO - Epoch [1/50]-(20/22) Loss: 2.6697, Acc(1): 0.00, Acc(5): 0.00
2023-06-19 16:32:23,432 - AUGCON - INFO - 	Validation Loss: 2.1791, Acc(1): 15.00, Acc(5): 60.00, F1: 0.04, Recall: 0.04, Precision: 0.04
2023-06-19 16:32:23,433 - AUGCON - INFO - Epoch [2/50]-(0/22) Loss: 2.3044, Acc(1): 25.00, Acc(5): 50.00
2023-06-19 16:32:23,433 - AUGCON - INFO - Epoch [2/50]-(5/22) Loss: 2.2846, Acc(1): 0.00, Acc(5): 50.00
2023-06-19 16:32:23,433 - AUGCON - INFO - Epoch [2/50]-(10/22) Loss: 2.5493, Acc(1): 0.00, Acc(5): 25.00
2023-06-19 16:32:23,433 - AUGCON - INFO - Epoch [2/50]-(15/22) Loss: 2.3706, Acc(1): 0.00, Acc(5): 50.00
2023-06-19 16:32:23,433 - AUGCON - INFO - Epoch [2/50]-(20/22) Loss: 2.2357, Acc(1): 25.00, Acc(5): 50.00
2023-06-19 16:32:23,433 - AUGCON - INFO - 	Validation Loss: 2.1847, Acc(1): 8.00, Acc(5): 60.00, F1: 0.02, Recall: 0.02, Precision: 0.01
2023-06-19 16:32:23,433 - AUGCON - INFO - Epoch [3/50]-(0/22) Loss: 2.1240, Acc(1): 0.00, Acc(5): 100.00
2023-06-19 16:32:23,433 - AUGCON - INFO - Epoch [3/50]-(5/22) Loss: 2.3532, Acc(1): 0.00, Acc(5): 25.00
2023-06-19 16:32:23,433 - AUGCON - INFO - Epoch [3/50]-(10/22) Loss: 2.3054, Acc(1): 0.00, Acc(5): 75.00
2023-06-19 16:32:23,433 - AUGCON - INFO - Epoch [3/50]-(15/22) Loss: 2.3929, Acc(1): 0.00, Acc(5): 50.00
2023-06-19 16:32:23,433 - AUGCON - INFO - Epoch [3/50]-(20/22) Loss: 2.2195, Acc(1): 25.00, Acc(5): 25.00
2023-06-19 16:32:23,434 - AUGCON - INFO - 	Validation Loss: 2.1871, Acc(1): 14.00, Acc(5): 59.00, F1: 0.05, Recall: 0.04, Precision: 0.07
2023-06-19 16:32:23,434 - AUGCON - INFO - Epoch [4/50]-(0/22) Loss: 2.1838, Acc(1): 0.00, Acc(5): 75.00
2023-06-19 16:32:23,434 - AUGCON - INFO - Epoch [4/50]-(5/22) Loss: 2.1871, Acc(1): 0.00, Acc(5): 75.00
2023-06-19 16:32:23,434 - AUGCON - INFO - Epoch [4/50]-(10/22) Loss: 2.1816, Acc(1): 0.00, Acc(5): 75.00
2023-06-19 16:32:23,434 - AUGCON - INFO - Epoch [4/50]-(15/22) Loss: 2.2620, Acc(1): 25.00, Acc(5): 50.00
2023-06-19 16:32:23,434 - AUGCON - INFO - Epoch [4/50]-(20/22) Loss: 2.3217, Acc(1): 0.00, Acc(5): 25.00
2023-06-19 16:32:23,434 - AUGCON - INFO - 	Validation Loss: 2.2264, Acc(1): 16.00, Acc(5): 47.00, F1: 0.03, Recall: 0.04, Precision: 0.03
2023-06-19 16:32:23,434 - AUGCON - INFO - Epoch [5/50]-(0/22) Loss: 2.1099, Acc(1): 50.00, Acc(5): 75.00
2023-06-19 16:32:23,434 - AUGCON - INFO - Epoch [5/50]-(5/22) Loss: 2.3325, Acc(1): 0.00, Acc(5): 25.00
2023-06-19 16:32:23,434 - AUGCON - INFO - Epoch [5/50]-(10/22) Loss: 2.2155, Acc(1): 0.00, Acc(5): 75.00
2023-06-19 16:32:23,434 - AUGCON - INFO - Epoch [5/50]-(15/22) Loss: 2.3011, Acc(1): 25.00, Acc(5): 25.00
2023-06-19 16:32:23,434 - AUGCON - INFO - Epoch [5/50]-(20/22) Loss: 2.2628, Acc(1): 0.00, Acc(5): 25.00
2023-06-19 16:32:23,434 - AUGCON - INFO - 	Validation Loss: 2.1714, Acc(1): 9.00, Acc(5): 73.00, F1: 0.02, Recall: 0.02, Precision: 0.02
2023-06-19 16:32:23,435 - AUGCON - INFO - Epoch [6/50]-(0/22) Loss: 2.0819, Acc(1): 0.00, Acc(5): 100.00
2023-06-19 16:32:23,435 - AUGCON - INFO - Epoch [6/50]-(5/22) Loss: 2.3599, Acc(1): 0.00, Acc(5): 25.00
2023-06-19 16:32:23,435 - AUGCON - INFO - Epoch [6/50]-(10/22) Loss: 2.2833, Acc(1): 0.00, Acc(5): 75.00
2023-06-19 16:32:23,435 - AUGCON - INFO - Epoch [6/50]-(15/22) Loss: 2.2685, Acc(1): 0.00, Acc(5): 25.00
2023-06-19 16:32:23,435 - AUGCON - INFO - Epoch [6/50]-(20/22) Loss: 2.4980, Acc(1): 0.00, Acc(5): 0.00
2023-06-19 16:32:23,435 - AUGCON - INFO - 	Validation Loss: 2.1816, Acc(1): 21.00, Acc(5): 70.00, F1: 0.04, Recall: 0.05, Precision: 0.03
2023-06-19 16:32:23,435 - AUGCON - INFO - Epoch [7/50]-(0/22) Loss: 2.1204, Acc(1): 25.00, Acc(5): 75.00
2023-06-19 16:32:23,435 - AUGCON - INFO - Epoch [7/50]-(5/22) Loss: 2.2884, Acc(1): 25.00, Acc(5): 25.00
2023-06-19 16:32:23,435 - AUGCON - INFO - Epoch [7/50]-(10/22) Loss: 2.1133, Acc(1): 0.00, Acc(5): 75.00
2023-06-19 16:32:23,435 - AUGCON - INFO - Epoch [7/50]-(15/22) Loss: 2.2334, Acc(1): 0.00, Acc(5): 50.00
2023-06-19 16:32:23,435 - AUGCON - INFO - Epoch [7/50]-(20/22) Loss: 2.3161, Acc(1): 0.00, Acc(5): 25.00
2023-06-19 16:32:23,435 - AUGCON - INFO - 	Validation Loss: 2.1559, Acc(1): 14.00, Acc(5): 69.00, F1: 0.05, Recall: 0.04, Precision: 0.06
2023-06-19 16:32:23,436 - AUGCON - INFO - Epoch [8/50]-(0/22) Loss: 2.2805, Acc(1): 0.00, Acc(5): 25.00
2023-06-19 16:32:23,436 - AUGCON - INFO - Epoch [8/50]-(5/22) Loss: 2.1840, Acc(1): 50.00, Acc(5): 50.00
2023-06-19 16:32:23,436 - AUGCON - INFO - Epoch [8/50]-(10/22) Loss: 2.4466, Acc(1): 0.00, Acc(5): 50.00
2023-06-19 16:32:23,436 - AUGCON - INFO - Epoch [8/50]-(15/22) Loss: 2.1539, Acc(1): 25.00, Acc(5): 50.00
2023-06-19 16:32:23,436 - AUGCON - INFO - Epoch [8/50]-(20/22) Loss: 2.4513, Acc(1): 0.00, Acc(5): 0.00
2023-06-19 16:32:23,436 - AUGCON - INFO - 	Validation Loss: 2.1088, Acc(1): 31.00, Acc(5): 69.00, F1: 0.09, Recall: 0.08, Precision: 0.09
2023-06-19 16:32:23,436 - AUGCON - INFO - Epoch [9/50]-(0/22) Loss: 2.2337, Acc(1): 25.00, Acc(5): 25.00
2023-06-19 16:32:23,436 - AUGCON - INFO - Epoch [9/50]-(5/22) Loss: 2.0993, Acc(1): 25.00, Acc(5): 75.00
2023-06-19 16:32:23,436 - AUGCON - INFO - Epoch [9/50]-(10/22) Loss: 2.0712, Acc(1): 25.00, Acc(5): 75.00
2023-06-19 16:32:23,436 - AUGCON - INFO - Epoch [9/50]-(15/22) Loss: 2.2653, Acc(1): 0.00, Acc(5): 50.00
2023-06-19 16:32:23,436 - AUGCON - INFO - Epoch [9/50]-(20/22) Loss: 2.3539, Acc(1): 0.00, Acc(5): 25.00
2023-06-19 16:32:23,437 - AUGCON - INFO - 	Validation Loss: 2.1609, Acc(1): 19.00, Acc(5): 63.00, F1: 0.05, Recall: 0.05, Precision: 0.05
2023-06-19 16:32:23,437 - AUGCON - INFO - Epoch [10/50]-(0/22) Loss: 2.1410, Acc(1): 25.00, Acc(5): 50.00
2023-06-19 16:32:23,437 - AUGCON - INFO - Epoch [10/50]-(5/22) Loss: 2.0657, Acc(1): 50.00, Acc(5): 75.00
2023-06-19 16:32:23,437 - AUGCON - INFO - Epoch [10/50]-(10/22) Loss: 2.0138, Acc(1): 25.00, Acc(5): 100.00
2023-06-19 16:32:23,437 - AUGCON - INFO - Epoch [10/50]-(15/22) Loss: 2.1515, Acc(1): 0.00, Acc(5): 75.00
2023-06-19 16:32:23,437 - AUGCON - INFO - Epoch [10/50]-(20/22) Loss: 2.4270, Acc(1): 0.00, Acc(5): 0.00
2023-06-19 16:32:23,437 - AUGCON - INFO - 	Validation Loss: 2.1471, Acc(1): 18.00, Acc(5): 81.00, F1: 0.04, Recall: 0.02, Precision: 0.38
2023-06-19 16:32:23,437 - AUGCON - INFO - Epoch [11/50]-(0/22) Loss: 2.1929, Acc(1): 25.00, Acc(5): 50.00
2023-06-19 16:32:23,437 - AUGCON - INFO - Epoch [11/50]-(5/22) Loss: 2.3592, Acc(1): 0.00, Acc(5): 25.00
2023-06-19 16:32:23,437 - AUGCON - INFO - Epoch [11/50]-(10/22) Loss: 2.0509, Acc(1): 25.00, Acc(5): 75.00
2023-06-19 16:32:23,437 - AUGCON - INFO - Epoch [11/50]-(15/22) Loss: 2.4033, Acc(1): 0.00, Acc(5): 50.00
2023-06-19 16:32:23,437 - AUGCON - INFO - Epoch [11/50]-(20/22) Loss: 2.2642, Acc(1): 25.00, Acc(5): 50.00
2023-06-19 16:32:23,438 - AUGCON - INFO - 	Validation Loss: 2.1268, Acc(1): 24.00, Acc(5): 74.00, F1: 0.07, Recall: 0.06, Precision: 0.08
2023-06-19 16:32:23,438 - AUGCON - INFO - Epoch [12/50]-(0/22) Loss: 2.2306, Acc(1): 25.00, Acc(5): 50.00
2023-06-19 16:32:23,438 - AUGCON - INFO - Epoch [12/50]-(5/22) Loss: 2.1384, Acc(1): 25.00, Acc(5): 75.00
2023-06-19 16:32:23,438 - AUGCON - INFO - Epoch [12/50]-(10/22) Loss: 2.1078, Acc(1): 25.00, Acc(5): 100.00
2023-06-19 16:32:23,438 - AUGCON - INFO - Epoch [12/50]-(15/22) Loss: 2.2398, Acc(1): 0.00, Acc(5): 50.00
2023-06-19 16:32:23,438 - AUGCON - INFO - Epoch [12/50]-(20/22) Loss: 2.3965, Acc(1): 0.00, Acc(5): 25.00
2023-06-19 16:32:23,438 - AUGCON - INFO - 	Validation Loss: 2.1147, Acc(1): 12.00, Acc(5): 73.00, F1: 0.02, Recall: 0.03, Precision: 0.02
2023-06-19 16:32:23,438 - AUGCON - INFO - Epoch [13/50]-(0/22) Loss: 2.1698, Acc(1): 0.00, Acc(5): 50.00
2023-06-19 16:32:23,438 - AUGCON - INFO - Epoch [13/50]-(5/22) Loss: 2.1390, Acc(1): 25.00, Acc(5): 75.00
2023-06-19 16:32:23,438 - AUGCON - INFO - Epoch [13/50]-(10/22) Loss: 2.2871, Acc(1): 0.00, Acc(5): 50.00
2023-06-19 16:32:23,438 - AUGCON - INFO - Epoch [13/50]-(15/22) Loss: 2.3792, Acc(1): 25.00, Acc(5): 25.00
2023-06-19 16:32:23,438 - AUGCON - INFO - Epoch [13/50]-(20/22) Loss: 2.1507, Acc(1): 25.00, Acc(5): 75.00
2023-06-19 16:32:23,439 - AUGCON - INFO - 	Validation Loss: 2.1668, Acc(1): 18.00, Acc(5): 66.00, F1: 0.05, Recall: 0.05, Precision: 0.05
2023-06-19 16:32:23,439 - AUGCON - INFO - Epoch [14/50]-(0/22) Loss: 2.1412, Acc(1): 0.00, Acc(5): 50.00
2023-06-19 16:32:23,439 - AUGCON - INFO - Epoch [14/50]-(5/22) Loss: 2.0916, Acc(1): 0.00, Acc(5): 100.00
2023-06-19 16:32:23,439 - AUGCON - INFO - Epoch [14/50]-(10/22) Loss: 2.0664, Acc(1): 25.00, Acc(5): 75.00
2023-06-19 16:32:23,439 - AUGCON - INFO - Epoch [14/50]-(15/22) Loss: 2.4430, Acc(1): 0.00, Acc(5): 50.00
2023-06-19 16:32:23,439 - AUGCON - INFO - Epoch [14/50]-(20/22) Loss: 2.3880, Acc(1): 0.00, Acc(5): 25.00
2023-06-19 16:32:23,439 - AUGCON - INFO - 	Validation Loss: 2.0985, Acc(1): 25.00, Acc(5): 74.00, F1: 0.06, Recall: 0.07, Precision: 0.06
2023-06-19 16:32:23,439 - AUGCON - INFO - Epoch [15/50]-(0/22) Loss: 2.2499, Acc(1): 0.00, Acc(5): 50.00
2023-06-19 16:32:23,439 - AUGCON - INFO - Epoch [15/50]-(5/22) Loss: 2.3039, Acc(1): 0.00, Acc(5): 25.00
2023-06-19 16:32:23,439 - AUGCON - INFO - Epoch [15/50]-(10/22) Loss: 2.0414, Acc(1): 0.00, Acc(5): 75.00
2023-06-19 16:32:23,439 - AUGCON - INFO - Epoch [15/50]-(15/22) Loss: 2.3423, Acc(1): 0.00, Acc(5): 50.00
2023-06-19 16:32:23,439 - AUGCON - INFO - Epoch [15/50]-(20/22) Loss: 2.5828, Acc(1): 0.00, Acc(5): 0.00
2023-06-19 16:32:23,439 - AUGCON - INFO - 	Validation Loss: 2.1821, Acc(1): 11.00, Acc(5): 59.00, F1: 0.04, Recall: 0.03, Precision: 0.08
2023-06-19 16:32:23,440 - AUGCON - INFO - Epoch [16/50]-(0/22) Loss: 2.1758, Acc(1): 0.00, Acc(5): 50.00
2023-06-19 16:32:23,440 - AUGCON - INFO - Epoch [16/50]-(5/22) Loss: 2.1710, Acc(1): 25.00, Acc(5): 50.00
2023-06-19 16:32:23,440 - AUGCON - INFO - Epoch [16/50]-(10/22) Loss: 2.4397, Acc(1): 0.00, Acc(5): 25.00
2023-06-19 16:32:23,440 - AUGCON - INFO - Epoch [16/50]-(15/22) Loss: 2.4219, Acc(1): 0.00, Acc(5): 50.00
2023-06-19 16:32:23,440 - AUGCON - INFO - Epoch [16/50]-(20/22) Loss: 2.1313, Acc(1): 0.00, Acc(5): 100.00
2023-06-19 16:32:23,440 - AUGCON - INFO - 	Validation Loss: 2.0861, Acc(1): 25.00, Acc(5): 70.00, F1: 0.07, Recall: 0.07, Precision: 0.07
2023-06-19 16:32:23,440 - AUGCON - INFO - Epoch [17/50]-(0/22) Loss: 2.1308, Acc(1): 25.00, Acc(5): 75.00
2023-06-19 16:32:23,440 - AUGCON - INFO - Epoch [17/50]-(5/22) Loss: 2.2017, Acc(1): 0.00, Acc(5): 50.00
2023-06-19 16:32:23,440 - AUGCON - INFO - Epoch [17/50]-(10/22) Loss: 2.3167, Acc(1): 0.00, Acc(5): 50.00
2023-06-19 16:32:23,440 - AUGCON - INFO - Epoch [17/50]-(15/22) Loss: 2.2145, Acc(1): 25.00, Acc(5): 50.00
2023-06-19 16:32:23,440 - AUGCON - INFO - Epoch [17/50]-(20/22) Loss: 2.2581, Acc(1): 0.00, Acc(5): 50.00
2023-06-19 16:32:23,440 - AUGCON - INFO - 	Validation Loss: 2.0949, Acc(1): 28.00, Acc(5): 81.00, F1: 0.08, Recall: 0.05, Precision: 0.15
2023-06-19 16:32:23,440 - AUGCON - INFO - Epoch [18/50]-(0/22) Loss: 2.0806, Acc(1): 25.00, Acc(5): 100.00
2023-06-19 16:32:23,441 - AUGCON - INFO - Epoch [18/50]-(5/22) Loss: 2.0513, Acc(1): 25.00, Acc(5): 75.00
2023-06-19 16:32:23,441 - AUGCON - INFO - Epoch [18/50]-(10/22) Loss: 2.4438, Acc(1): 0.00, Acc(5): 50.00
2023-06-19 16:32:23,441 - AUGCON - INFO - Epoch [18/50]-(15/22) Loss: 2.1788, Acc(1): 0.00, Acc(5): 100.00
2023-06-19 16:32:23,441 - AUGCON - INFO - Epoch [18/50]-(20/22) Loss: 2.0833, Acc(1): 25.00, Acc(5): 100.00
2023-06-19 16:32:23,441 - AUGCON - INFO - 	Validation Loss: 2.0634, Acc(1): 30.00, Acc(5): 88.00, F1: 0.09, Recall: 0.08, Precision: 0.10
2023-06-19 16:32:23,441 - AUGCON - INFO - Epoch [19/50]-(0/22) Loss: 1.9872, Acc(1): 25.00, Acc(5): 100.00
2023-06-19 16:32:23,441 - AUGCON - INFO - Epoch [19/50]-(5/22) Loss: 2.4058, Acc(1): 0.00, Acc(5): 25.00
2023-06-19 16:32:23,441 - AUGCON - INFO - Epoch [19/50]-(10/22) Loss: 2.3398, Acc(1): 0.00, Acc(5): 50.00
2023-06-19 16:32:23,441 - AUGCON - INFO - Epoch [19/50]-(15/22) Loss: 2.2169, Acc(1): 0.00, Acc(5): 75.00
2023-06-19 16:32:23,441 - AUGCON - INFO - Epoch [19/50]-(20/22) Loss: 2.0663, Acc(1): 25.00, Acc(5): 75.00
2023-06-19 16:32:23,441 - AUGCON - INFO - 	Validation Loss: 2.1043, Acc(1): 15.00, Acc(5): 78.00, F1: 0.04, Recall: 0.04, Precision: 0.03
2023-06-19 16:32:23,441 - AUGCON - INFO - Epoch [20/50]-(0/22) Loss: 2.1860, Acc(1): 0.00, Acc(5): 25.00
2023-06-19 16:32:23,441 - AUGCON - INFO - Epoch [20/50]-(5/22) Loss: 1.9119, Acc(1): 75.00, Acc(5): 100.00
2023-06-19 16:32:23,441 - AUGCON - INFO - Epoch [20/50]-(10/22) Loss: 2.0463, Acc(1): 25.00, Acc(5): 75.00
2023-06-19 16:32:23,442 - AUGCON - INFO - Epoch [20/50]-(15/22) Loss: 2.2168, Acc(1): 25.00, Acc(5): 25.00
2023-06-19 16:32:23,442 - AUGCON - INFO - Epoch [20/50]-(20/22) Loss: 2.0485, Acc(1): 25.00, Acc(5): 75.00
2023-06-19 16:32:23,442 - AUGCON - INFO - 	Validation Loss: 2.0775, Acc(1): 19.00, Acc(5): 81.00, F1: 0.04, Recall: 0.02, Precision: 0.33
2023-06-19 16:32:23,442 - AUGCON - INFO - Epoch [21/50]-(0/22) Loss: 1.9816, Acc(1): 50.00, Acc(5): 75.00
2023-06-19 16:32:23,442 - AUGCON - INFO - Epoch [21/50]-(5/22) Loss: 2.1184, Acc(1): 0.00, Acc(5): 75.00
2023-06-19 16:32:23,442 - AUGCON - INFO - Epoch [21/50]-(10/22) Loss: 2.2029, Acc(1): 25.00, Acc(5): 50.00
2023-06-19 16:32:23,442 - AUGCON - INFO - Epoch [21/50]-(15/22) Loss: 2.0979, Acc(1): 0.00, Acc(5): 75.00
2023-06-19 16:32:23,442 - AUGCON - INFO - Epoch [21/50]-(20/22) Loss: 2.2080, Acc(1): 0.00, Acc(5): 75.00
2023-06-19 16:32:23,442 - AUGCON - INFO - 	Validation Loss: 2.1324, Acc(1): 16.00, Acc(5): 71.00, F1: 0.04, Recall: 0.04, Precision: 0.04
2023-06-19 16:32:23,442 - AUGCON - INFO - Epoch [22/50]-(0/22) Loss: 2.1872, Acc(1): 0.00, Acc(5): 75.00
2023-06-19 16:32:23,442 - AUGCON - INFO - Epoch [22/50]-(5/22) Loss: 2.1538, Acc(1): 25.00, Acc(5): 75.00
2023-06-19 16:32:23,442 - AUGCON - INFO - Epoch [22/50]-(10/22) Loss: 2.1765, Acc(1): 0.00, Acc(5): 75.00
2023-06-19 16:32:23,443 - AUGCON - INFO - Epoch [22/50]-(15/22) Loss: 2.1856, Acc(1): 0.00, Acc(5): 50.00
2023-06-19 16:32:23,443 - AUGCON - INFO - Epoch [22/50]-(20/22) Loss: 2.0788, Acc(1): 25.00, Acc(5): 75.00
2023-06-19 16:32:23,443 - AUGCON - INFO - 	Validation Loss: 2.0537, Acc(1): 38.00, Acc(5): 80.00, F1: 0.11, Recall: 0.09, Precision: 0.12
2023-06-19 16:32:23,443 - AUGCON - INFO - Epoch [23/50]-(0/22) Loss: 2.0900, Acc(1): 25.00, Acc(5): 75.00
2023-06-19 16:32:23,443 - AUGCON - INFO - Epoch [23/50]-(5/22) Loss: 2.0399, Acc(1): 25.00, Acc(5): 100.00
2023-06-19 16:32:23,443 - AUGCON - INFO - Epoch [23/50]-(10/22) Loss: 2.1887, Acc(1): 0.00, Acc(5): 50.00
2023-06-19 16:32:23,443 - AUGCON - INFO - Epoch [23/50]-(15/22) Loss: 2.3145, Acc(1): 0.00, Acc(5): 50.00
2023-06-19 16:32:23,443 - AUGCON - INFO - Epoch [23/50]-(20/22) Loss: 2.1842, Acc(1): 25.00, Acc(5): 50.00
2023-06-19 16:32:23,443 - AUGCON - INFO - 	Validation Loss: 2.0894, Acc(1): 24.00, Acc(5): 79.00, F1: 0.06, Recall: 0.06, Precision: 0.05
2023-06-19 16:32:23,443 - AUGCON - INFO - Epoch [24/50]-(0/22) Loss: 2.2142, Acc(1): 0.00, Acc(5): 50.00
2023-06-19 16:32:23,443 - AUGCON - INFO - Epoch [24/50]-(5/22) Loss: 2.1336, Acc(1): 0.00, Acc(5): 75.00
2023-06-19 16:32:23,444 - AUGCON - INFO - Epoch [24/50]-(10/22) Loss: 2.1862, Acc(1): 0.00, Acc(5): 50.00
2023-06-19 16:32:23,444 - AUGCON - INFO - Epoch [24/50]-(15/22) Loss: 2.2073, Acc(1): 0.00, Acc(5): 50.00
2023-06-19 16:32:23,444 - AUGCON - INFO - Epoch [24/50]-(20/22) Loss: 2.0317, Acc(1): 50.00, Acc(5): 100.00
2023-06-19 16:32:23,444 - AUGCON - INFO - 	Validation Loss: 2.0504, Acc(1): 36.00, Acc(5): 90.00, F1: 0.10, Recall: 0.08, Precision: 0.16
2023-06-19 16:32:23,444 - AUGCON - INFO - Epoch [25/50]-(0/22) Loss: 1.8935, Acc(1): 75.00, Acc(5): 100.00
2023-06-19 16:32:23,444 - AUGCON - INFO - Epoch [25/50]-(5/22) Loss: 1.9655, Acc(1): 25.00, Acc(5): 75.00
2023-06-19 16:32:23,444 - AUGCON - INFO - Epoch [25/50]-(10/22) Loss: 2.0416, Acc(1): 0.00, Acc(5): 100.00
2023-06-19 16:32:23,444 - AUGCON - INFO - Epoch [25/50]-(15/22) Loss: 2.1502, Acc(1): 50.00, Acc(5): 50.00
2023-06-19 16:32:23,444 - AUGCON - INFO - Epoch [25/50]-(20/22) Loss: 2.0709, Acc(1): 25.00, Acc(5): 100.00
2023-06-19 16:32:23,444 - AUGCON - INFO - 	Validation Loss: 2.0643, Acc(1): 18.00, Acc(5): 84.00, F1: 0.05, Recall: 0.05, Precision: 0.05
2023-06-19 16:32:23,444 - AUGCON - INFO - Epoch [26/50]-(0/22) Loss: 2.1143, Acc(1): 0.00, Acc(5): 100.00
2023-06-19 16:32:23,445 - AUGCON - INFO - Epoch [26/50]-(5/22) Loss: 2.1049, Acc(1): 0.00, Acc(5): 75.00
2023-06-19 16:32:23,445 - AUGCON - INFO - Epoch [26/50]-(10/22) Loss: 2.3045, Acc(1): 0.00, Acc(5): 50.00
2023-06-19 16:32:23,445 - AUGCON - INFO - Epoch [26/50]-(15/22) Loss: 2.0485, Acc(1): 50.00, Acc(5): 100.00
2023-06-19 16:32:23,445 - AUGCON - INFO - Epoch [26/50]-(20/22) Loss: 2.1132, Acc(1): 0.00, Acc(5): 50.00
2023-06-19 16:32:23,445 - AUGCON - INFO - 	Validation Loss: 2.0235, Acc(1): 37.00, Acc(5): 82.00, F1: 0.10, Recall: 0.08, Precision: 0.13
2023-06-19 16:32:23,445 - AUGCON - INFO - Epoch [27/50]-(0/22) Loss: 2.0451, Acc(1): 25.00, Acc(5): 75.00
2023-06-19 16:32:23,445 - AUGCON - INFO - Epoch [27/50]-(5/22) Loss: 2.2325, Acc(1): 0.00, Acc(5): 50.00
2023-06-19 16:32:23,445 - AUGCON - INFO - Epoch [27/50]-(10/22) Loss: 2.2389, Acc(1): 0.00, Acc(5): 50.00
2023-06-19 16:32:23,445 - AUGCON - INFO - Epoch [27/50]-(15/22) Loss: 2.2030, Acc(1): 0.00, Acc(5): 50.00
2023-06-19 16:32:23,445 - AUGCON - INFO - Epoch [27/50]-(20/22) Loss: 2.0404, Acc(1): 25.00, Acc(5): 100.00
2023-06-19 16:32:23,445 - AUGCON - INFO - 	Validation Loss: 2.0484, Acc(1): 28.00, Acc(5): 88.00, F1: 0.07, Recall: 0.05, Precision: 0.11
2023-06-19 16:32:23,445 - AUGCON - INFO - Epoch [28/50]-(0/22) Loss: 2.0265, Acc(1): 0.00, Acc(5): 100.00
2023-06-19 16:32:23,445 - AUGCON - INFO - Epoch [28/50]-(5/22) Loss: 1.9275, Acc(1): 0.00, Acc(5): 100.00
2023-06-19 16:32:23,446 - AUGCON - INFO - Epoch [28/50]-(10/22) Loss: 2.0573, Acc(1): 25.00, Acc(5): 75.00
2023-06-19 16:32:23,446 - AUGCON - INFO - Epoch [28/50]-(15/22) Loss: 2.0385, Acc(1): 25.00, Acc(5): 100.00
2023-06-19 16:32:23,446 - AUGCON - INFO - Epoch [28/50]-(20/22) Loss: 2.2406, Acc(1): 0.00, Acc(5): 50.00
2023-06-19 16:32:23,446 - AUGCON - INFO - 	Validation Loss: 2.0545, Acc(1): 33.00, Acc(5): 92.00, F1: 0.08, Recall: 0.09, Precision: 0.08
2023-06-19 16:32:23,446 - AUGCON - INFO - Epoch [29/50]-(0/22) Loss: 1.9040, Acc(1): 100.00, Acc(5): 100.00
2023-06-19 16:32:23,446 - AUGCON - INFO - Epoch [29/50]-(5/22) Loss: 2.0500, Acc(1): 0.00, Acc(5): 100.00
2023-06-19 16:32:23,446 - AUGCON - INFO - Epoch [29/50]-(10/22) Loss: 2.1663, Acc(1): 0.00, Acc(5): 50.00
2023-06-19 16:32:23,446 - AUGCON - INFO - Epoch [29/50]-(15/22) Loss: 2.3311, Acc(1): 0.00, Acc(5): 25.00
2023-06-19 16:32:23,446 - AUGCON - INFO - Epoch [29/50]-(20/22) Loss: 2.0540, Acc(1): 0.00, Acc(5): 75.00
2023-06-19 16:32:23,446 - AUGCON - INFO - 	Validation Loss: 2.0164, Acc(1): 31.00, Acc(5): 92.00, F1: 0.09, Recall: 0.08, Precision: 0.10
2023-06-19 16:32:23,446 - AUGCON - INFO - Epoch [30/50]-(0/22) Loss: 2.0476, Acc(1): 25.00, Acc(5): 100.00
2023-06-19 16:32:23,446 - AUGCON - INFO - Epoch [30/50]-(5/22) Loss: 2.1311, Acc(1): 0.00, Acc(5): 75.00
2023-06-19 16:32:23,447 - AUGCON - INFO - Epoch [30/50]-(10/22) Loss: 2.0487, Acc(1): 0.00, Acc(5): 100.00
2023-06-19 16:32:23,447 - AUGCON - INFO - Epoch [30/50]-(15/22) Loss: 2.2246, Acc(1): 0.00, Acc(5): 75.00
2023-06-19 16:32:23,447 - AUGCON - INFO - Epoch [30/50]-(20/22) Loss: 2.1574, Acc(1): 25.00, Acc(5): 75.00
2023-06-19 16:32:23,447 - AUGCON - INFO - 	Validation Loss: 2.0479, Acc(1): 19.00, Acc(5): 89.00, F1: 0.04, Recall: 0.02, Precision: 0.11
2023-06-19 16:32:23,447 - AUGCON - INFO - Epoch [31/50]-(0/22) Loss: 2.0423, Acc(1): 0.00, Acc(5): 100.00
2023-06-19 16:32:23,447 - AUGCON - INFO - Epoch [31/50]-(5/22) Loss: 1.9367, Acc(1): 50.00, Acc(5): 100.00
2023-06-19 16:32:23,447 - AUGCON - INFO - Epoch [31/50]-(10/22) Loss: 2.2316, Acc(1): 0.00, Acc(5): 75.00
2023-06-19 16:32:23,447 - AUGCON - INFO - Epoch [31/50]-(15/22) Loss: 2.1636, Acc(1): 0.00, Acc(5): 100.00
2023-06-19 16:32:23,447 - AUGCON - INFO - Epoch [31/50]-(20/22) Loss: 2.2709, Acc(1): 0.00, Acc(5): 75.00
2023-06-19 16:32:23,447 - AUGCON - INFO - 	Validation Loss: 2.0697, Acc(1): 21.00, Acc(5): 84.00, F1: 0.05, Recall: 0.05, Precision: 0.05
2023-06-19 16:32:23,447 - AUGCON - INFO - Epoch [32/50]-(0/22) Loss: 1.9244, Acc(1): 75.00, Acc(5): 100.00
2023-06-19 16:32:23,447 - AUGCON - INFO - Epoch [32/50]-(5/22) Loss: 2.0834, Acc(1): 50.00, Acc(5): 50.00
2023-06-19 16:32:23,447 - AUGCON - INFO - Epoch [32/50]-(10/22) Loss: 2.1538, Acc(1): 0.00, Acc(5): 50.00
2023-06-19 16:32:23,448 - AUGCON - INFO - Epoch [32/50]-(15/22) Loss: 2.2625, Acc(1): 0.00, Acc(5): 50.00
2023-06-19 16:32:23,448 - AUGCON - INFO - Epoch [32/50]-(20/22) Loss: 2.2202, Acc(1): 0.00, Acc(5): 50.00
2023-06-19 16:32:23,448 - AUGCON - INFO - 	Validation Loss: 2.0448, Acc(1): 23.00, Acc(5): 86.00, F1: 0.05, Recall: 0.06, Precision: 0.04
2023-06-19 16:32:23,448 - AUGCON - INFO - Epoch [33/50]-(0/22) Loss: 2.0135, Acc(1): 25.00, Acc(5): 75.00
2023-06-19 16:32:23,448 - AUGCON - INFO - Epoch [33/50]-(5/22) Loss: 2.0723, Acc(1): 0.00, Acc(5): 75.00
2023-06-19 16:32:23,448 - AUGCON - INFO - Epoch [33/50]-(10/22) Loss: 2.0252, Acc(1): 0.00, Acc(5): 100.00
2023-06-19 16:32:23,448 - AUGCON - INFO - Epoch [33/50]-(15/22) Loss: 2.1144, Acc(1): 25.00, Acc(5): 50.00
2023-06-19 16:32:23,448 - AUGCON - INFO - Epoch [33/50]-(20/22) Loss: 2.0799, Acc(1): 25.00, Acc(5): 75.00
2023-06-19 16:32:23,448 - AUGCON - INFO - 	Validation Loss: 2.0118, Acc(1): 36.00, Acc(5): 96.00, F1: 0.09, Recall: 0.09, Precision: 0.09
2023-06-19 16:32:23,448 - AUGCON - INFO - Epoch [34/50]-(0/22) Loss: 2.0230, Acc(1): 25.00, Acc(5): 100.00
2023-06-19 16:32:23,448 - AUGCON - INFO - Epoch [34/50]-(5/22) Loss: 2.2627, Acc(1): 0.00, Acc(5): 75.00
2023-06-19 16:32:23,448 - AUGCON - INFO - Epoch [34/50]-(10/22) Loss: 2.4720, Acc(1): 0.00, Acc(5): 25.00
2023-06-19 16:32:23,449 - AUGCON - INFO - Epoch [34/50]-(15/22) Loss: 2.2255, Acc(1): 0.00, Acc(5): 75.00
2023-06-19 16:32:23,449 - AUGCON - INFO - Epoch [34/50]-(20/22) Loss: 2.1487, Acc(1): 0.00, Acc(5): 50.00
2023-06-19 16:32:23,449 - AUGCON - INFO - 	Validation Loss: 2.0050, Acc(1): 37.00, Acc(5): 84.00, F1: 0.11, Recall: 0.09, Precision: 0.13
2023-06-19 16:32:23,449 - AUGCON - INFO - Epoch [35/50]-(0/22) Loss: 2.0863, Acc(1): 50.00, Acc(5): 75.00
2023-06-19 16:32:23,449 - AUGCON - INFO - Epoch [35/50]-(5/22) Loss: 2.2264, Acc(1): 0.00, Acc(5): 75.00
2023-06-19 16:32:23,449 - AUGCON - INFO - Epoch [35/50]-(10/22) Loss: 2.1049, Acc(1): 0.00, Acc(5): 100.00
2023-06-19 16:32:23,449 - AUGCON - INFO - Epoch [35/50]-(15/22) Loss: 2.0853, Acc(1): 0.00, Acc(5): 75.00
2023-06-19 16:32:23,449 - AUGCON - INFO - Epoch [35/50]-(20/22) Loss: 2.1350, Acc(1): 0.00, Acc(5): 50.00
2023-06-19 16:32:23,449 - AUGCON - INFO - 	Validation Loss: 2.0250, Acc(1): 35.00, Acc(5): 71.00, F1: 0.09, Recall: 0.09, Precision: 0.08
2023-06-19 16:32:23,449 - AUGCON - INFO - Epoch [36/50]-(0/22) Loss: 2.0956, Acc(1): 25.00, Acc(5): 50.00
2023-06-19 16:32:23,449 - AUGCON - INFO - Epoch [36/50]-(5/22) Loss: 2.2166, Acc(1): 25.00, Acc(5): 50.00
2023-06-19 16:32:23,449 - AUGCON - INFO - Epoch [36/50]-(10/22) Loss: 1.9757, Acc(1): 0.00, Acc(5): 75.00
2023-06-19 16:32:23,449 - AUGCON - INFO - Epoch [36/50]-(15/22) Loss: 2.2222, Acc(1): 0.00, Acc(5): 50.00
2023-06-19 16:32:23,449 - AUGCON - INFO - Epoch [36/50]-(20/22) Loss: 2.0665, Acc(1): 0.00, Acc(5): 100.00
2023-06-19 16:32:23,450 - AUGCON - INFO - 	Validation Loss: 2.0015, Acc(1): 31.00, Acc(5): 86.00, F1: 0.09, Recall: 0.08, Precision: 0.09
2023-06-19 16:32:23,450 - AUGCON - INFO - Epoch [37/50]-(0/22) Loss: 1.9350, Acc(1): 50.00, Acc(5): 100.00
2023-06-19 16:32:23,450 - AUGCON - INFO - Epoch [37/50]-(5/22) Loss: 1.9259, Acc(1): 25.00, Acc(5): 100.00
2023-06-19 16:32:23,450 - AUGCON - INFO - Epoch [37/50]-(10/22) Loss: 2.0887, Acc(1): 50.00, Acc(5): 75.00
2023-06-19 16:32:23,450 - AUGCON - INFO - Epoch [37/50]-(15/22) Loss: 1.9448, Acc(1): 50.00, Acc(5): 100.00
2023-06-19 16:32:23,450 - AUGCON - INFO - Epoch [37/50]-(20/22) Loss: 2.0992, Acc(1): 25.00, Acc(5): 75.00
2023-06-19 16:32:23,450 - AUGCON - INFO - 	Validation Loss: 2.0094, Acc(1): 33.00, Acc(5): 88.00, F1: 0.09, Recall: 0.09, Precision: 0.11
2023-06-19 16:32:23,450 - AUGCON - INFO - Epoch [38/50]-(0/22) Loss: 2.0136, Acc(1): 0.00, Acc(5): 100.00
2023-06-19 16:32:23,450 - AUGCON - INFO - Epoch [38/50]-(5/22) Loss: 2.1594, Acc(1): 25.00, Acc(5): 50.00
2023-06-19 16:32:23,450 - AUGCON - INFO - Epoch [38/50]-(10/22) Loss: 2.2604, Acc(1): 0.00, Acc(5): 50.00
2023-06-19 16:32:23,450 - AUGCON - INFO - Epoch [38/50]-(15/22) Loss: 2.2049, Acc(1): 0.00, Acc(5): 75.00
2023-06-19 16:32:23,450 - AUGCON - INFO - Epoch [38/50]-(20/22) Loss: 2.1479, Acc(1): 0.00, Acc(5): 50.00
2023-06-19 16:32:23,450 - AUGCON - INFO - 	Validation Loss: 2.0097, Acc(1): 30.00, Acc(5): 87.00, F1: 0.07, Recall: 0.05, Precision: 0.10
2023-06-19 16:32:23,450 - AUGCON - INFO - Epoch [39/50]-(0/22) Loss: 2.0502, Acc(1): 25.00, Acc(5): 100.00
2023-06-19 16:32:23,451 - AUGCON - INFO - Epoch [39/50]-(5/22) Loss: 1.9083, Acc(1): 25.00, Acc(5): 100.00
2023-06-19 16:32:23,451 - AUGCON - INFO - Epoch [39/50]-(10/22) Loss: 1.8827, Acc(1): 75.00, Acc(5): 100.00
2023-06-19 16:32:23,451 - AUGCON - INFO - Epoch [39/50]-(15/22) Loss: 2.0206, Acc(1): 25.00, Acc(5): 50.00
2023-06-19 16:32:23,451 - AUGCON - INFO - Epoch [39/50]-(20/22) Loss: 2.1879, Acc(1): 0.00, Acc(5): 50.00
2023-06-19 16:32:23,451 - AUGCON - INFO - 	Validation Loss: 2.0049, Acc(1): 36.00, Acc(5): 87.00, F1: 0.10, Recall: 0.08, Precision: 0.13
2023-06-19 16:32:23,451 - AUGCON - INFO - Epoch [40/50]-(0/22) Loss: 2.3655, Acc(1): 0.00, Acc(5): 50.00
2023-06-19 16:32:23,451 - AUGCON - INFO - Epoch [40/50]-(5/22) Loss: 1.8379, Acc(1): 50.00, Acc(5): 100.00
2023-06-19 16:32:23,451 - AUGCON - INFO - Epoch [40/50]-(10/22) Loss: 2.0056, Acc(1): 25.00, Acc(5): 100.00
2023-06-19 16:32:23,451 - AUGCON - INFO - Epoch [40/50]-(15/22) Loss: 1.8238, Acc(1): 0.00, Acc(5): 100.00
2023-06-19 16:32:23,451 - AUGCON - INFO - Epoch [40/50]-(20/22) Loss: 2.1979, Acc(1): 0.00, Acc(5): 75.00
2023-06-19 16:32:23,451 - AUGCON - INFO - 	Validation Loss: 2.0514, Acc(1): 23.00, Acc(5): 76.00, F1: 0.04, Recall: 0.04, Precision: 0.05
2023-06-19 16:32:23,451 - AUGCON - INFO - Epoch [41/50]-(0/22) Loss: 2.1833, Acc(1): 0.00, Acc(5): 50.00
2023-06-19 16:32:23,451 - AUGCON - INFO - Epoch [41/50]-(5/22) Loss: 2.1152, Acc(1): 25.00, Acc(5): 75.00
2023-06-19 16:32:23,451 - AUGCON - INFO - Epoch [41/50]-(10/22) Loss: 2.0064, Acc(1): 25.00, Acc(5): 50.00
2023-06-19 16:32:23,452 - AUGCON - INFO - Epoch [41/50]-(15/22) Loss: 2.0422, Acc(1): 50.00, Acc(5): 75.00
2023-06-19 16:32:23,452 - AUGCON - INFO - Epoch [41/50]-(20/22) Loss: 2.2479, Acc(1): 0.00, Acc(5): 50.00
2023-06-19 16:32:23,452 - AUGCON - INFO - 	Validation Loss: 1.9611, Acc(1): 38.00, Acc(5): 87.00, F1: 0.11, Recall: 0.10, Precision: 0.11
2023-06-19 16:32:23,452 - AUGCON - INFO - Epoch [42/50]-(0/22) Loss: 2.0106, Acc(1): 50.00, Acc(5): 100.00
2023-06-19 16:32:23,452 - AUGCON - INFO - Epoch [42/50]-(5/22) Loss: 1.8124, Acc(1): 50.00, Acc(5): 100.00
2023-06-19 16:32:23,452 - AUGCON - INFO - Epoch [42/50]-(10/22) Loss: 2.2063, Acc(1): 0.00, Acc(5): 50.00
2023-06-19 16:32:23,452 - AUGCON - INFO - Epoch [42/50]-(15/22) Loss: 1.9789, Acc(1): 25.00, Acc(5): 50.00
2023-06-19 16:32:23,452 - AUGCON - INFO - Epoch [42/50]-(20/22) Loss: 2.1623, Acc(1): 0.00, Acc(5): 50.00
2023-06-19 16:32:23,452 - AUGCON - INFO - 	Validation Loss: 1.9971, Acc(1): 34.00, Acc(5): 79.00, F1: 0.10, Recall: 0.06, Precision: 0.24
2023-06-19 16:32:23,452 - AUGCON - INFO - Epoch [43/50]-(0/22) Loss: 1.9031, Acc(1): 25.00, Acc(5): 75.00
2023-06-19 16:32:23,452 - AUGCON - INFO - Epoch [43/50]-(5/22) Loss: 2.0326, Acc(1): 25.00, Acc(5): 75.00
2023-06-19 16:32:23,452 - AUGCON - INFO - Epoch [43/50]-(10/22) Loss: 2.0738, Acc(1): 0.00, Acc(5): 75.00
2023-06-19 16:32:23,453 - AUGCON - INFO - Epoch [43/50]-(15/22) Loss: 1.8412, Acc(1): 25.00, Acc(5): 100.00
2023-06-19 16:32:23,453 - AUGCON - INFO - Epoch [43/50]-(20/22) Loss: 2.1113, Acc(1): 25.00, Acc(5): 50.00
2023-06-19 16:32:23,453 - AUGCON - INFO - 	Validation Loss: 2.0222, Acc(1): 21.00, Acc(5): 91.00, F1: 0.06, Recall: 0.05, Precision: 0.06
2023-06-19 16:32:23,453 - AUGCON - INFO - Epoch [44/50]-(0/22) Loss: 2.0043, Acc(1): 25.00, Acc(5): 100.00
2023-06-19 16:32:23,453 - AUGCON - INFO - Epoch [44/50]-(5/22) Loss: 2.1113, Acc(1): 0.00, Acc(5): 100.00
2023-06-19 16:32:23,453 - AUGCON - INFO - Epoch [44/50]-(10/22) Loss: 2.0444, Acc(1): 25.00, Acc(5): 75.00
2023-06-19 16:32:23,453 - AUGCON - INFO - Epoch [44/50]-(15/22) Loss: 1.9739, Acc(1): 25.00, Acc(5): 75.00
2023-06-19 16:32:23,453 - AUGCON - INFO - Epoch [44/50]-(20/22) Loss: 2.2092, Acc(1): 25.00, Acc(5): 25.00
2023-06-19 16:32:23,453 - AUGCON - INFO - 	Validation Loss: 1.9786, Acc(1): 26.00, Acc(5): 88.00, F1: 0.07, Recall: 0.04, Precision: 0.16
2023-06-19 16:32:23,453 - AUGCON - INFO - Epoch [45/50]-(0/22) Loss: 1.8909, Acc(1): 25.00, Acc(5): 100.00
2023-06-19 16:32:23,453 - AUGCON - INFO - Epoch [45/50]-(5/22) Loss: 2.0863, Acc(1): 25.00, Acc(5): 75.00
2023-06-19 16:32:23,453 - AUGCON - INFO - Epoch [45/50]-(10/22) Loss: 2.0029, Acc(1): 25.00, Acc(5): 100.00
2023-06-19 16:32:23,454 - AUGCON - INFO - Epoch [45/50]-(15/22) Loss: 2.0899, Acc(1): 25.00, Acc(5): 75.00
2023-06-19 16:32:23,454 - AUGCON - INFO - Epoch [45/50]-(20/22) Loss: 2.0818, Acc(1): 25.00, Acc(5): 50.00
2023-06-19 16:32:23,454 - AUGCON - INFO - 	Validation Loss: 2.0133, Acc(1): 28.00, Acc(5): 78.00, F1: 0.07, Recall: 0.07, Precision: 0.06
2023-06-19 16:32:23,454 - AUGCON - INFO - Epoch [46/50]-(0/22) Loss: 2.0873, Acc(1): 25.00, Acc(5): 75.00
2023-06-19 16:32:23,454 - AUGCON - INFO - Epoch [46/50]-(5/22) Loss: 2.1069, Acc(1): 25.00, Acc(5): 75.00
2023-06-19 16:32:23,454 - AUGCON - INFO - Epoch [46/50]-(10/22) Loss: 1.8283, Acc(1): 25.00, Acc(5): 100.00
2023-06-19 16:32:23,454 - AUGCON - INFO - Epoch [46/50]-(15/22) Loss: 2.0266, Acc(1): 0.00, Acc(5): 100.00
2023-06-19 16:32:23,454 - AUGCON - INFO - Epoch [46/50]-(20/22) Loss: 2.2289, Acc(1): 0.00, Acc(5): 75.00
2023-06-19 16:32:23,454 - AUGCON - INFO - 	Validation Loss: 1.9774, Acc(1): 30.00, Acc(5): 84.00, F1: 0.09, Recall: 0.08, Precision: 0.10
2023-06-19 16:32:23,454 - AUGCON - INFO - Epoch [47/50]-(0/22) Loss: 2.0382, Acc(1): 25.00, Acc(5): 75.00
2023-06-19 16:32:23,454 - AUGCON - INFO - Epoch [47/50]-(5/22) Loss: 2.0079, Acc(1): 0.00, Acc(5): 100.00
2023-06-19 16:32:23,454 - AUGCON - INFO - Epoch [47/50]-(10/22) Loss: 2.0256, Acc(1): 0.00, Acc(5): 100.00
2023-06-19 16:32:23,455 - AUGCON - INFO - Epoch [47/50]-(15/22) Loss: 2.1839, Acc(1): 0.00, Acc(5): 75.00
2023-06-19 16:32:23,455 - AUGCON - INFO - Epoch [47/50]-(20/22) Loss: 2.0650, Acc(1): 0.00, Acc(5): 100.00
2023-06-19 16:32:23,455 - AUGCON - INFO - 	Validation Loss: 2.0132, Acc(1): 29.00, Acc(5): 77.00, F1: 0.07, Recall: 0.05, Precision: 0.09
2023-06-19 16:32:23,455 - AUGCON - INFO - Epoch [48/50]-(0/22) Loss: 1.8103, Acc(1): 25.00, Acc(5): 100.00
2023-06-19 16:32:23,455 - AUGCON - INFO - Epoch [48/50]-(5/22) Loss: 2.0938, Acc(1): 25.00, Acc(5): 75.00
2023-06-19 16:32:23,455 - AUGCON - INFO - Epoch [48/50]-(10/22) Loss: 2.1477, Acc(1): 25.00, Acc(5): 50.00
2023-06-19 16:32:23,455 - AUGCON - INFO - Epoch [48/50]-(15/22) Loss: 1.8520, Acc(1): 25.00, Acc(5): 100.00
2023-06-19 16:32:23,455 - AUGCON - INFO - Epoch [48/50]-(20/22) Loss: 2.1275, Acc(1): 0.00, Acc(5): 100.00
2023-06-19 16:32:23,455 - AUGCON - INFO - 	Validation Loss: 1.9180, Acc(1): 33.00, Acc(5): 90.00, F1: 0.09, Recall: 0.09, Precision: 0.10
2023-06-19 16:32:23,456 - AUGCON - INFO - Epoch [49/50]-(0/22) Loss: 1.9692, Acc(1): 25.00, Acc(5): 100.00
2023-06-19 16:32:23,456 - AUGCON - INFO - Epoch [49/50]-(5/22) Loss: 1.9047, Acc(1): 50.00, Acc(5): 100.00
2023-06-19 16:32:23,456 - AUGCON - INFO - Epoch [49/50]-(10/22) Loss: 2.0886, Acc(1): 0.00, Acc(5): 75.00
2023-06-19 16:32:23,456 - AUGCON - INFO - Epoch [49/50]-(15/22) Loss: 1.9280, Acc(1): 50.00, Acc(5): 75.00
2023-06-19 16:32:23,456 - AUGCON - INFO - Epoch [49/50]-(20/22) Loss: 2.2281, Acc(1): 0.00, Acc(5): 75.00
2023-06-19 16:32:23,456 - AUGCON - INFO - 	Validation Loss: 1.9412, Acc(1): 32.00, Acc(5): 90.00, F1: 0.09, Recall: 0.06, Precision: 0.21
2023-06-19 16:32:23,457 - AUGCON - INFO - Epoch [50/50]-(0/22) Loss: 1.9543, Acc(1): 25.00, Acc(5): 100.00
2023-06-19 16:32:23,457 - AUGCON - INFO - Epoch [50/50]-(5/22) Loss: 1.8957, Acc(1): 25.00, Acc(5): 100.00
2023-06-19 16:32:23,457 - AUGCON - INFO - Epoch [50/50]-(10/22) Loss: 2.0044, Acc(1): 25.00, Acc(5): 100.00
2023-06-19 16:32:23,457 - AUGCON - INFO - Epoch [50/50]-(15/22) Loss: 1.8031, Acc(1): 50.00, Acc(5): 100.00
2023-06-19 16:32:23,457 - AUGCON - INFO - Epoch [50/50]-(20/22) Loss: 1.8694, Acc(1): 25.00, Acc(5): 100.00
2023-06-19 16:32:23,457 - AUGCON - INFO - 	Validation Loss: 1.9807, Acc(1): 22.00, Acc(5): 86.00, F1: 0.05, Recall: 0.05, Precision: 0.04
2023-06-19 16:32:23,457 - AUGCON - INFO - 	Validation Loss: 1.9748, Acc(1): 21.00, Acc(5): 89.67, F1: 0.04, Recall: 0.05, Precision: 0.04
