2023-06-19 16:29:40,926 - AUGCON - INFO - logger initialized (/home/hjyoon/projects/augcon/config/exp0/finetune_da_false/without_target_domain_PH0012-thanh/metacpc_random_8421/tgt_target_domain_PH0014-wjlee_seed0.yaml.log)
2023-06-19 16:29:40,926 - AUGCON - INFO - ================= Config =================
2023-06-19 16:29:40,926 - AUGCON - INFO -   mode: finetune
2023-06-19 16:29:40,926 - AUGCON - INFO -   seed: 0
2023-06-19 16:29:40,926 - AUGCON - INFO -   gpu: [1]
2023-06-19 16:29:40,926 - AUGCON - INFO -   num_workers: 1
2023-06-19 16:29:40,926 - AUGCON - INFO -   dist_url: tcp://localhost:10001
2023-06-19 16:29:40,926 - AUGCON - INFO -   dataset_name: ichar
2023-06-19 16:29:40,926 - AUGCON - INFO -   train_dataset_path: /mnt/sting/hjyoon/projects/cross/ICHAR/augcon/target_domain_PH0014-wjlee/finetune/10shot/target/train.pkl
2023-06-19 16:29:40,926 - AUGCON - INFO -   test_dataset_path: /mnt/sting/hjyoon/projects/cross/ICHAR/augcon/target_domain_PH0014-wjlee/finetune/10shot/target/test.pkl
2023-06-19 16:29:40,926 - AUGCON - INFO -   val_dataset_path: /mnt/sting/hjyoon/projects/cross/ICHAR/augcon/target_domain_PH0014-wjlee/finetune/10shot/target/val.pkl
2023-06-19 16:29:40,926 - AUGCON - INFO -   input_channels: 3
2023-06-19 16:29:40,926 - AUGCON - INFO -   num_cls: 9
2023-06-19 16:29:40,926 - AUGCON - INFO -   optimizer: adam
2023-06-19 16:29:40,927 - AUGCON - INFO -   criterion: crossentropy
2023-06-19 16:29:40,927 - AUGCON - INFO -   start_epoch: 0
2023-06-19 16:29:40,927 - AUGCON - INFO -   epochs: 50
2023-06-19 16:29:40,927 - AUGCON - INFO -   batch_size: 4
2023-06-19 16:29:40,927 - AUGCON - INFO -   lr: 0.001
2023-06-19 16:29:40,927 - AUGCON - INFO -   wd: 0.0
2023-06-19 16:29:40,927 - AUGCON - INFO -   resume: 
2023-06-19 16:29:40,927 - AUGCON - INFO -   pretrained: /mnt/sting/hjyoon/projects/augcontrast/models/exp0/pretrain/without_target_domain_PH0012-thanh/metacpc_random_8421/checkpoint_0999.pth.tar
2023-06-19 16:29:40,927 - AUGCON - INFO -   ckpt_dir: /mnt/sting/hjyoon/projects/augcontrast/models/exp0/finetune_da_false/without_target_domain_PH0012-thanh/metacpc_random_8421/tgt_target_domain_PH0014-wjlee_seed0
2023-06-19 16:29:40,927 - AUGCON - INFO -   log_freq: 5
2023-06-19 16:29:40,927 - AUGCON - INFO -   save_freq: 10
2023-06-19 16:29:40,927 - AUGCON - INFO -   pretext: metacpc
2023-06-19 16:29:40,927 - AUGCON - INFO -   enc_blocks: 4
2023-06-19 16:29:40,927 - AUGCON - INFO -   kernel_sizes: [8, 4, 2, 1]
2023-06-19 16:29:40,927 - AUGCON - INFO -   strides: [4, 2, 1, 1]
2023-06-19 16:29:40,927 - AUGCON - INFO -   agg_blocks: 5
2023-06-19 16:29:40,927 - AUGCON - INFO -   z_dim: 256
2023-06-19 16:29:40,927 - AUGCON - INFO -   pooling: mean
2023-06-19 16:29:40,927 - AUGCON - INFO -   pred_steps: 12
2023-06-19 16:29:40,927 - AUGCON - INFO -   n_negatives: 15
2023-06-19 16:29:40,927 - AUGCON - INFO -   offset: 4
2023-06-19 16:29:40,927 - AUGCON - INFO -   domain_adaptation: False
2023-06-19 16:29:40,927 - AUGCON - INFO -   task_steps: 10
2023-06-19 16:29:40,927 - AUGCON - INFO -   task_lr: 0.001
2023-06-19 16:29:40,927 - AUGCON - INFO -   reg_lambda: 0
2023-06-19 16:29:40,927 - AUGCON - INFO -   mlp: False
2023-06-19 16:29:40,927 - AUGCON - INFO -   freeze: True
2023-06-19 16:29:40,927 - AUGCON - INFO -   no_vars: False
2023-06-19 16:29:40,927 - AUGCON - INFO - ==========================================
2023-06-19 16:29:40,927 - AUGCON - INFO - Setting GPUs: [1]
2023-06-19 16:29:40,927 - AUGCON - INFO - GPUs [1] will be used
2023-06-19 16:29:40,928 - AUGCON - WARNING - You have chosen to seed training. 
2023-06-19 16:29:40,928 - AUGCON - WARNING - This will turn on the CUDNN deterministic setting, 
2023-06-19 16:29:40,928 - AUGCON - WARNING - which can slow down your training considerably! 
2023-06-19 16:29:40,928 - AUGCON - WARNING - You may see unexpected behavior when restarting 
2023-06-19 16:29:40,928 - AUGCON - WARNING - from checkpoints.
2023-06-19 16:29:40,963 - AUGCON - INFO - Executing MetaCPC
2023-06-19 16:29:40,964 - AUGCON - INFO - Logs are skipped during training
2023-06-19 16:29:59,129 - AUGCON - INFO - Single GPU is used for training - training 90 instances for each worker
2023-06-19 16:29:59,129 - AUGCON - INFO - Loading pretrained model from checkpoint - /mnt/sting/hjyoon/projects/augcontrast/models/exp0/pretrain/without_target_domain_PH0012-thanh/metacpc_random_8421/checkpoint_0999.pth.tar
2023-06-19 16:29:59,129 - AUGCON - INFO - Missing keys: []
2023-06-19 16:29:59,129 - AUGCON - INFO - Loading encoder parameters to the classifier
2023-06-19 16:29:59,130 - AUGCON - INFO - Missing keys: ['classifier.block.0.weight', 'classifier.block.0.bias']
2023-06-19 16:29:59,130 - AUGCON - INFO - Epoch [1/50]-(0/22) Loss: 2.2978, Acc(1): 25.00, Acc(5): 25.00
2023-06-19 16:29:59,130 - AUGCON - INFO - Epoch [1/50]-(5/22) Loss: 2.0020, Acc(1): 25.00, Acc(5): 75.00
2023-06-19 16:29:59,130 - AUGCON - INFO - Epoch [1/50]-(10/22) Loss: 2.8674, Acc(1): 0.00, Acc(5): 25.00
2023-06-19 16:29:59,130 - AUGCON - INFO - Epoch [1/50]-(15/22) Loss: 2.6623, Acc(1): 25.00, Acc(5): 50.00
2023-06-19 16:29:59,130 - AUGCON - INFO - Epoch [1/50]-(20/22) Loss: 2.7092, Acc(1): 0.00, Acc(5): 0.00
2023-06-19 16:29:59,130 - AUGCON - INFO - 	Validation Loss: 2.2088, Acc(1): 9.00, Acc(5): 57.00, F1: 0.03, Recall: 0.02, Precision: 0.04
2023-06-19 16:29:59,130 - AUGCON - INFO - Epoch [2/50]-(0/22) Loss: 2.3358, Acc(1): 0.00, Acc(5): 25.00
2023-06-19 16:29:59,130 - AUGCON - INFO - Epoch [2/50]-(5/22) Loss: 2.2557, Acc(1): 0.00, Acc(5): 50.00
2023-06-19 16:29:59,130 - AUGCON - INFO - Epoch [2/50]-(10/22) Loss: 2.5695, Acc(1): 0.00, Acc(5): 25.00
2023-06-19 16:29:59,130 - AUGCON - INFO - Epoch [2/50]-(15/22) Loss: 2.3745, Acc(1): 0.00, Acc(5): 50.00
2023-06-19 16:29:59,130 - AUGCON - INFO - Epoch [2/50]-(20/22) Loss: 2.1964, Acc(1): 25.00, Acc(5): 50.00
2023-06-19 16:29:59,130 - AUGCON - INFO - 	Validation Loss: 2.1858, Acc(1): 8.00, Acc(5): 63.00, F1: 0.01, Recall: 0.02, Precision: 0.01
2023-06-19 16:29:59,130 - AUGCON - INFO - Epoch [3/50]-(0/22) Loss: 2.0999, Acc(1): 0.00, Acc(5): 100.00
2023-06-19 16:29:59,131 - AUGCON - INFO - Epoch [3/50]-(5/22) Loss: 2.3619, Acc(1): 0.00, Acc(5): 25.00
2023-06-19 16:29:59,131 - AUGCON - INFO - Epoch [3/50]-(10/22) Loss: 2.3188, Acc(1): 0.00, Acc(5): 50.00
2023-06-19 16:29:59,131 - AUGCON - INFO - Epoch [3/50]-(15/22) Loss: 2.3720, Acc(1): 0.00, Acc(5): 25.00
2023-06-19 16:29:59,131 - AUGCON - INFO - Epoch [3/50]-(20/22) Loss: 2.2107, Acc(1): 25.00, Acc(5): 50.00
2023-06-19 16:29:59,131 - AUGCON - INFO - 	Validation Loss: 2.1943, Acc(1): 8.00, Acc(5): 69.00, F1: 0.03, Recall: 0.02, Precision: 0.08
2023-06-19 16:29:59,131 - AUGCON - INFO - Epoch [4/50]-(0/22) Loss: 2.1456, Acc(1): 0.00, Acc(5): 75.00
2023-06-19 16:29:59,131 - AUGCON - INFO - Epoch [4/50]-(5/22) Loss: 2.1792, Acc(1): 0.00, Acc(5): 75.00
2023-06-19 16:29:59,131 - AUGCON - INFO - Epoch [4/50]-(10/22) Loss: 2.1491, Acc(1): 0.00, Acc(5): 75.00
2023-06-19 16:29:59,131 - AUGCON - INFO - Epoch [4/50]-(15/22) Loss: 2.3123, Acc(1): 25.00, Acc(5): 50.00
2023-06-19 16:29:59,131 - AUGCON - INFO - Epoch [4/50]-(20/22) Loss: 2.3053, Acc(1): 0.00, Acc(5): 50.00
2023-06-19 16:29:59,131 - AUGCON - INFO - 	Validation Loss: 2.1838, Acc(1): 17.00, Acc(5): 61.00, F1: 0.03, Recall: 0.04, Precision: 0.02
2023-06-19 16:29:59,131 - AUGCON - INFO - Epoch [5/50]-(0/22) Loss: 2.1092, Acc(1): 50.00, Acc(5): 75.00
2023-06-19 16:29:59,131 - AUGCON - INFO - Epoch [5/50]-(5/22) Loss: 2.3276, Acc(1): 0.00, Acc(5): 0.00
2023-06-19 16:29:59,131 - AUGCON - INFO - Epoch [5/50]-(10/22) Loss: 2.2386, Acc(1): 0.00, Acc(5): 75.00
2023-06-19 16:29:59,131 - AUGCON - INFO - Epoch [5/50]-(15/22) Loss: 2.3295, Acc(1): 25.00, Acc(5): 25.00
2023-06-19 16:29:59,132 - AUGCON - INFO - Epoch [5/50]-(20/22) Loss: 2.2173, Acc(1): 0.00, Acc(5): 25.00
2023-06-19 16:29:59,132 - AUGCON - INFO - 	Validation Loss: 2.1797, Acc(1): 14.00, Acc(5): 59.00, F1: 0.03, Recall: 0.03, Precision: 0.03
2023-06-19 16:29:59,132 - AUGCON - INFO - Epoch [6/50]-(0/22) Loss: 2.1285, Acc(1): 0.00, Acc(5): 100.00
2023-06-19 16:29:59,132 - AUGCON - INFO - Epoch [6/50]-(5/22) Loss: 2.3765, Acc(1): 0.00, Acc(5): 0.00
2023-06-19 16:29:59,132 - AUGCON - INFO - Epoch [6/50]-(10/22) Loss: 2.2733, Acc(1): 0.00, Acc(5): 25.00
2023-06-19 16:29:59,132 - AUGCON - INFO - Epoch [6/50]-(15/22) Loss: 2.2527, Acc(1): 0.00, Acc(5): 25.00
2023-06-19 16:29:59,132 - AUGCON - INFO - Epoch [6/50]-(20/22) Loss: 2.4686, Acc(1): 0.00, Acc(5): 25.00
2023-06-19 16:29:59,132 - AUGCON - INFO - 	Validation Loss: 2.1712, Acc(1): 19.00, Acc(5): 49.00, F1: 0.02, Recall: 0.02, Precision: 0.02
2023-06-19 16:29:59,132 - AUGCON - INFO - Epoch [7/50]-(0/22) Loss: 2.1795, Acc(1): 25.00, Acc(5): 50.00
2023-06-19 16:29:59,132 - AUGCON - INFO - Epoch [7/50]-(5/22) Loss: 2.3077, Acc(1): 0.00, Acc(5): 25.00
2023-06-19 16:29:59,132 - AUGCON - INFO - Epoch [7/50]-(10/22) Loss: 2.0914, Acc(1): 0.00, Acc(5): 75.00
2023-06-19 16:29:59,132 - AUGCON - INFO - Epoch [7/50]-(15/22) Loss: 2.2570, Acc(1): 0.00, Acc(5): 50.00
2023-06-19 16:29:59,132 - AUGCON - INFO - Epoch [7/50]-(20/22) Loss: 2.3249, Acc(1): 0.00, Acc(5): 25.00
2023-06-19 16:29:59,132 - AUGCON - INFO - 	Validation Loss: 2.1669, Acc(1): 7.00, Acc(5): 65.00, F1: 0.02, Recall: 0.02, Precision: 0.04
2023-06-19 16:29:59,132 - AUGCON - INFO - Epoch [8/50]-(0/22) Loss: 2.2294, Acc(1): 0.00, Acc(5): 75.00
2023-06-19 16:29:59,133 - AUGCON - INFO - Epoch [8/50]-(5/22) Loss: 2.1114, Acc(1): 50.00, Acc(5): 50.00
2023-06-19 16:29:59,133 - AUGCON - INFO - Epoch [8/50]-(10/22) Loss: 2.5326, Acc(1): 0.00, Acc(5): 0.00
2023-06-19 16:29:59,133 - AUGCON - INFO - Epoch [8/50]-(15/22) Loss: 2.1562, Acc(1): 25.00, Acc(5): 50.00
2023-06-19 16:29:59,133 - AUGCON - INFO - Epoch [8/50]-(20/22) Loss: 2.4854, Acc(1): 0.00, Acc(5): 0.00
2023-06-19 16:29:59,133 - AUGCON - INFO - 	Validation Loss: 2.1584, Acc(1): 29.00, Acc(5): 64.00, F1: 0.08, Recall: 0.07, Precision: 0.10
2023-06-19 16:29:59,133 - AUGCON - INFO - Epoch [9/50]-(0/22) Loss: 2.1617, Acc(1): 25.00, Acc(5): 50.00
2023-06-19 16:29:59,133 - AUGCON - INFO - Epoch [9/50]-(5/22) Loss: 2.1401, Acc(1): 25.00, Acc(5): 75.00
2023-06-19 16:29:59,133 - AUGCON - INFO - Epoch [9/50]-(10/22) Loss: 2.0428, Acc(1): 50.00, Acc(5): 100.00
2023-06-19 16:29:59,133 - AUGCON - INFO - Epoch [9/50]-(15/22) Loss: 2.3292, Acc(1): 0.00, Acc(5): 50.00
2023-06-19 16:29:59,133 - AUGCON - INFO - Epoch [9/50]-(20/22) Loss: 2.3302, Acc(1): 0.00, Acc(5): 25.00
2023-06-19 16:29:59,133 - AUGCON - INFO - 	Validation Loss: 2.1823, Acc(1): 11.00, Acc(5): 61.00, F1: 0.03, Recall: 0.03, Precision: 0.03
2023-06-19 16:29:59,133 - AUGCON - INFO - Epoch [10/50]-(0/22) Loss: 2.1291, Acc(1): 25.00, Acc(5): 50.00
2023-06-19 16:29:59,133 - AUGCON - INFO - Epoch [10/50]-(5/22) Loss: 2.1876, Acc(1): 50.00, Acc(5): 50.00
2023-06-19 16:29:59,133 - AUGCON - INFO - Epoch [10/50]-(10/22) Loss: 2.0493, Acc(1): 25.00, Acc(5): 100.00
2023-06-19 16:29:59,133 - AUGCON - INFO - Epoch [10/50]-(15/22) Loss: 2.0884, Acc(1): 0.00, Acc(5): 75.00
2023-06-19 16:29:59,133 - AUGCON - INFO - Epoch [10/50]-(20/22) Loss: 2.4292, Acc(1): 0.00, Acc(5): 25.00
2023-06-19 16:29:59,134 - AUGCON - INFO - 	Validation Loss: 2.1480, Acc(1): 21.00, Acc(5): 53.00, F1: 0.05, Recall: 0.05, Precision: 0.04
2023-06-19 16:29:59,134 - AUGCON - INFO - Epoch [11/50]-(0/22) Loss: 2.1898, Acc(1): 25.00, Acc(5): 25.00
2023-06-19 16:29:59,134 - AUGCON - INFO - Epoch [11/50]-(5/22) Loss: 2.3263, Acc(1): 0.00, Acc(5): 25.00
2023-06-19 16:29:59,134 - AUGCON - INFO - Epoch [11/50]-(10/22) Loss: 2.0610, Acc(1): 50.00, Acc(5): 75.00
2023-06-19 16:29:59,134 - AUGCON - INFO - Epoch [11/50]-(15/22) Loss: 2.5193, Acc(1): 0.00, Acc(5): 50.00
2023-06-19 16:29:59,134 - AUGCON - INFO - Epoch [11/50]-(20/22) Loss: 2.2641, Acc(1): 0.00, Acc(5): 50.00
2023-06-19 16:29:59,134 - AUGCON - INFO - 	Validation Loss: 2.1710, Acc(1): 15.00, Acc(5): 60.00, F1: 0.04, Recall: 0.03, Precision: 0.04
2023-06-19 16:29:59,134 - AUGCON - INFO - Epoch [12/50]-(0/22) Loss: 2.2452, Acc(1): 0.00, Acc(5): 75.00
2023-06-19 16:29:59,134 - AUGCON - INFO - Epoch [12/50]-(5/22) Loss: 2.1120, Acc(1): 25.00, Acc(5): 75.00
2023-06-19 16:29:59,134 - AUGCON - INFO - Epoch [12/50]-(10/22) Loss: 2.0834, Acc(1): 25.00, Acc(5): 100.00
2023-06-19 16:29:59,134 - AUGCON - INFO - Epoch [12/50]-(15/22) Loss: 2.1820, Acc(1): 0.00, Acc(5): 50.00
2023-06-19 16:29:59,134 - AUGCON - INFO - Epoch [12/50]-(20/22) Loss: 2.3177, Acc(1): 25.00, Acc(5): 25.00
2023-06-19 16:29:59,134 - AUGCON - INFO - 	Validation Loss: 2.1635, Acc(1): 22.00, Acc(5): 67.00, F1: 0.04, Recall: 0.02, Precision: 0.11
2023-06-19 16:29:59,134 - AUGCON - INFO - Epoch [13/50]-(0/22) Loss: 2.1032, Acc(1): 25.00, Acc(5): 50.00
2023-06-19 16:29:59,134 - AUGCON - INFO - Epoch [13/50]-(5/22) Loss: 2.1704, Acc(1): 0.00, Acc(5): 50.00
2023-06-19 16:29:59,134 - AUGCON - INFO - Epoch [13/50]-(10/22) Loss: 2.2194, Acc(1): 0.00, Acc(5): 50.00
2023-06-19 16:29:59,135 - AUGCON - INFO - Epoch [13/50]-(15/22) Loss: 2.3449, Acc(1): 25.00, Acc(5): 25.00
2023-06-19 16:29:59,135 - AUGCON - INFO - Epoch [13/50]-(20/22) Loss: 2.1974, Acc(1): 0.00, Acc(5): 75.00
2023-06-19 16:29:59,135 - AUGCON - INFO - 	Validation Loss: 2.1575, Acc(1): 17.00, Acc(5): 66.00, F1: 0.03, Recall: 0.04, Precision: 0.03
2023-06-19 16:29:59,135 - AUGCON - INFO - Epoch [14/50]-(0/22) Loss: 2.1431, Acc(1): 0.00, Acc(5): 50.00
2023-06-19 16:29:59,135 - AUGCON - INFO - Epoch [14/50]-(5/22) Loss: 2.0333, Acc(1): 50.00, Acc(5): 100.00
2023-06-19 16:29:59,135 - AUGCON - INFO - Epoch [14/50]-(10/22) Loss: 2.0378, Acc(1): 50.00, Acc(5): 75.00
2023-06-19 16:29:59,135 - AUGCON - INFO - Epoch [14/50]-(15/22) Loss: 2.5158, Acc(1): 0.00, Acc(5): 25.00
2023-06-19 16:29:59,135 - AUGCON - INFO - Epoch [14/50]-(20/22) Loss: 2.4273, Acc(1): 0.00, Acc(5): 25.00
2023-06-19 16:29:59,135 - AUGCON - INFO - 	Validation Loss: 2.1388, Acc(1): 18.00, Acc(5): 77.00, F1: 0.04, Recall: 0.04, Precision: 0.04
2023-06-19 16:29:59,135 - AUGCON - INFO - Epoch [15/50]-(0/22) Loss: 2.2060, Acc(1): 0.00, Acc(5): 50.00
2023-06-19 16:29:59,135 - AUGCON - INFO - Epoch [15/50]-(5/22) Loss: 2.2437, Acc(1): 0.00, Acc(5): 25.00
2023-06-19 16:29:59,135 - AUGCON - INFO - Epoch [15/50]-(10/22) Loss: 1.9912, Acc(1): 25.00, Acc(5): 75.00
2023-06-19 16:29:59,135 - AUGCON - INFO - Epoch [15/50]-(15/22) Loss: 2.3085, Acc(1): 25.00, Acc(5): 25.00
2023-06-19 16:29:59,135 - AUGCON - INFO - Epoch [15/50]-(20/22) Loss: 2.5584, Acc(1): 0.00, Acc(5): 0.00
2023-06-19 16:29:59,135 - AUGCON - INFO - 	Validation Loss: 2.1400, Acc(1): 13.00, Acc(5): 69.00, F1: 0.04, Recall: 0.03, Precision: 0.05
2023-06-19 16:29:59,135 - AUGCON - INFO - Epoch [16/50]-(0/22) Loss: 2.1840, Acc(1): 0.00, Acc(5): 50.00
2023-06-19 16:29:59,135 - AUGCON - INFO - Epoch [16/50]-(5/22) Loss: 2.2016, Acc(1): 0.00, Acc(5): 50.00
2023-06-19 16:29:59,136 - AUGCON - INFO - Epoch [16/50]-(10/22) Loss: 2.4291, Acc(1): 0.00, Acc(5): 25.00
2023-06-19 16:29:59,136 - AUGCON - INFO - Epoch [16/50]-(15/22) Loss: 2.3538, Acc(1): 0.00, Acc(5): 50.00
2023-06-19 16:29:59,136 - AUGCON - INFO - Epoch [16/50]-(20/22) Loss: 2.1058, Acc(1): 0.00, Acc(5): 100.00
2023-06-19 16:29:59,136 - AUGCON - INFO - 	Validation Loss: 2.1322, Acc(1): 13.00, Acc(5): 76.00, F1: 0.03, Recall: 0.03, Precision: 0.03
2023-06-19 16:29:59,136 - AUGCON - INFO - Epoch [17/50]-(0/22) Loss: 2.1790, Acc(1): 0.00, Acc(5): 50.00
2023-06-19 16:29:59,136 - AUGCON - INFO - Epoch [17/50]-(5/22) Loss: 2.1865, Acc(1): 0.00, Acc(5): 75.00
2023-06-19 16:29:59,136 - AUGCON - INFO - Epoch [17/50]-(10/22) Loss: 2.3290, Acc(1): 0.00, Acc(5): 50.00
2023-06-19 16:29:59,136 - AUGCON - INFO - Epoch [17/50]-(15/22) Loss: 2.2533, Acc(1): 0.00, Acc(5): 25.00
2023-06-19 16:29:59,136 - AUGCON - INFO - Epoch [17/50]-(20/22) Loss: 2.1949, Acc(1): 25.00, Acc(5): 25.00
2023-06-19 16:29:59,136 - AUGCON - INFO - 	Validation Loss: 2.1167, Acc(1): 23.00, Acc(5): 67.00, F1: 0.05, Recall: 0.05, Precision: 0.05
2023-06-19 16:29:59,136 - AUGCON - INFO - Epoch [18/50]-(0/22) Loss: 2.0912, Acc(1): 50.00, Acc(5): 75.00
2023-06-19 16:29:59,136 - AUGCON - INFO - Epoch [18/50]-(5/22) Loss: 2.0882, Acc(1): 25.00, Acc(5): 100.00
2023-06-19 16:29:59,136 - AUGCON - INFO - Epoch [18/50]-(10/22) Loss: 2.5382, Acc(1): 0.00, Acc(5): 25.00
2023-06-19 16:29:59,136 - AUGCON - INFO - Epoch [18/50]-(15/22) Loss: 2.1271, Acc(1): 0.00, Acc(5): 100.00
2023-06-19 16:29:59,136 - AUGCON - INFO - Epoch [18/50]-(20/22) Loss: 2.0170, Acc(1): 50.00, Acc(5): 75.00
2023-06-19 16:29:59,137 - AUGCON - INFO - 	Validation Loss: 2.1134, Acc(1): 20.00, Acc(5): 71.00, F1: 0.05, Recall: 0.05, Precision: 0.06
2023-06-19 16:29:59,137 - AUGCON - INFO - Epoch [19/50]-(0/22) Loss: 2.0195, Acc(1): 25.00, Acc(5): 100.00
2023-06-19 16:29:59,137 - AUGCON - INFO - Epoch [19/50]-(5/22) Loss: 2.3829, Acc(1): 25.00, Acc(5): 25.00
2023-06-19 16:29:59,137 - AUGCON - INFO - Epoch [19/50]-(10/22) Loss: 2.2321, Acc(1): 0.00, Acc(5): 50.00
2023-06-19 16:29:59,137 - AUGCON - INFO - Epoch [19/50]-(15/22) Loss: 2.1655, Acc(1): 0.00, Acc(5): 75.00
2023-06-19 16:29:59,137 - AUGCON - INFO - Epoch [19/50]-(20/22) Loss: 1.9722, Acc(1): 50.00, Acc(5): 100.00
2023-06-19 16:29:59,137 - AUGCON - INFO - 	Validation Loss: 2.1472, Acc(1): 16.00, Acc(5): 67.00, F1: 0.03, Recall: 0.04, Precision: 0.03
2023-06-19 16:29:59,137 - AUGCON - INFO - Epoch [20/50]-(0/22) Loss: 2.1951, Acc(1): 0.00, Acc(5): 25.00
2023-06-19 16:29:59,137 - AUGCON - INFO - Epoch [20/50]-(5/22) Loss: 1.9383, Acc(1): 25.00, Acc(5): 100.00
2023-06-19 16:29:59,137 - AUGCON - INFO - Epoch [20/50]-(10/22) Loss: 2.0343, Acc(1): 25.00, Acc(5): 100.00
2023-06-19 16:29:59,137 - AUGCON - INFO - Epoch [20/50]-(15/22) Loss: 2.2667, Acc(1): 0.00, Acc(5): 25.00
2023-06-19 16:29:59,137 - AUGCON - INFO - Epoch [20/50]-(20/22) Loss: 2.1382, Acc(1): 0.00, Acc(5): 75.00
2023-06-19 16:29:59,137 - AUGCON - INFO - 	Validation Loss: 2.0929, Acc(1): 23.00, Acc(5): 72.00, F1: 0.05, Recall: 0.05, Precision: 0.05
2023-06-19 16:29:59,137 - AUGCON - INFO - Epoch [21/50]-(0/22) Loss: 1.8480, Acc(1): 50.00, Acc(5): 75.00
2023-06-19 16:29:59,137 - AUGCON - INFO - Epoch [21/50]-(5/22) Loss: 2.0914, Acc(1): 25.00, Acc(5): 75.00
2023-06-19 16:29:59,138 - AUGCON - INFO - Epoch [21/50]-(10/22) Loss: 2.2074, Acc(1): 0.00, Acc(5): 50.00
2023-06-19 16:29:59,138 - AUGCON - INFO - Epoch [21/50]-(15/22) Loss: 2.0888, Acc(1): 25.00, Acc(5): 75.00
2023-06-19 16:29:59,138 - AUGCON - INFO - Epoch [21/50]-(20/22) Loss: 2.2284, Acc(1): 0.00, Acc(5): 50.00
2023-06-19 16:29:59,138 - AUGCON - INFO - 	Validation Loss: 2.1209, Acc(1): 16.00, Acc(5): 77.00, F1: 0.03, Recall: 0.04, Precision: 0.02
2023-06-19 16:29:59,138 - AUGCON - INFO - Epoch [22/50]-(0/22) Loss: 2.0589, Acc(1): 0.00, Acc(5): 100.00
2023-06-19 16:29:59,138 - AUGCON - INFO - Epoch [22/50]-(5/22) Loss: 2.2336, Acc(1): 0.00, Acc(5): 25.00
2023-06-19 16:29:59,138 - AUGCON - INFO - Epoch [22/50]-(10/22) Loss: 2.1798, Acc(1): 0.00, Acc(5): 75.00
2023-06-19 16:29:59,138 - AUGCON - INFO - Epoch [22/50]-(15/22) Loss: 2.1715, Acc(1): 0.00, Acc(5): 75.00
2023-06-19 16:29:59,138 - AUGCON - INFO - Epoch [22/50]-(20/22) Loss: 2.1766, Acc(1): 50.00, Acc(5): 50.00
2023-06-19 16:29:59,138 - AUGCON - INFO - 	Validation Loss: 2.0949, Acc(1): 22.00, Acc(5): 78.00, F1: 0.06, Recall: 0.05, Precision: 0.06
2023-06-19 16:29:59,138 - AUGCON - INFO - Epoch [23/50]-(0/22) Loss: 1.9484, Acc(1): 75.00, Acc(5): 100.00
2023-06-19 16:29:59,138 - AUGCON - INFO - Epoch [23/50]-(5/22) Loss: 2.0560, Acc(1): 25.00, Acc(5): 100.00
2023-06-19 16:29:59,138 - AUGCON - INFO - Epoch [23/50]-(10/22) Loss: 2.1831, Acc(1): 0.00, Acc(5): 75.00
2023-06-19 16:29:59,138 - AUGCON - INFO - Epoch [23/50]-(15/22) Loss: 2.2986, Acc(1): 0.00, Acc(5): 50.00
2023-06-19 16:29:59,138 - AUGCON - INFO - Epoch [23/50]-(20/22) Loss: 2.1337, Acc(1): 25.00, Acc(5): 75.00
2023-06-19 16:29:59,138 - AUGCON - INFO - 	Validation Loss: 2.1030, Acc(1): 15.00, Acc(5): 80.00, F1: 0.03, Recall: 0.04, Precision: 0.03
2023-06-19 16:29:59,139 - AUGCON - INFO - Epoch [24/50]-(0/22) Loss: 2.0882, Acc(1): 25.00, Acc(5): 75.00
2023-06-19 16:29:59,139 - AUGCON - INFO - Epoch [24/50]-(5/22) Loss: 2.1515, Acc(1): 25.00, Acc(5): 50.00
2023-06-19 16:29:59,139 - AUGCON - INFO - Epoch [24/50]-(10/22) Loss: 2.0960, Acc(1): 0.00, Acc(5): 75.00
2023-06-19 16:29:59,139 - AUGCON - INFO - Epoch [24/50]-(15/22) Loss: 2.2111, Acc(1): 0.00, Acc(5): 75.00
2023-06-19 16:29:59,139 - AUGCON - INFO - Epoch [24/50]-(20/22) Loss: 2.0607, Acc(1): 75.00, Acc(5): 75.00
2023-06-19 16:29:59,139 - AUGCON - INFO - 	Validation Loss: 2.0912, Acc(1): 33.00, Acc(5): 71.00, F1: 0.07, Recall: 0.05, Precision: 0.11
2023-06-19 16:29:59,139 - AUGCON - INFO - Epoch [25/50]-(0/22) Loss: 2.0407, Acc(1): 25.00, Acc(5): 75.00
2023-06-19 16:29:59,139 - AUGCON - INFO - Epoch [25/50]-(5/22) Loss: 2.0309, Acc(1): 0.00, Acc(5): 100.00
2023-06-19 16:29:59,139 - AUGCON - INFO - Epoch [25/50]-(10/22) Loss: 1.9665, Acc(1): 0.00, Acc(5): 100.00
2023-06-19 16:29:59,139 - AUGCON - INFO - Epoch [25/50]-(15/22) Loss: 2.2789, Acc(1): 50.00, Acc(5): 50.00
2023-06-19 16:29:59,139 - AUGCON - INFO - Epoch [25/50]-(20/22) Loss: 2.0280, Acc(1): 0.00, Acc(5): 100.00
2023-06-19 16:29:59,139 - AUGCON - INFO - 	Validation Loss: 2.0962, Acc(1): 27.00, Acc(5): 71.00, F1: 0.06, Recall: 0.06, Precision: 0.06
2023-06-19 16:29:59,139 - AUGCON - INFO - Epoch [26/50]-(0/22) Loss: 2.0363, Acc(1): 0.00, Acc(5): 100.00
2023-06-19 16:29:59,139 - AUGCON - INFO - Epoch [26/50]-(5/22) Loss: 2.0274, Acc(1): 0.00, Acc(5): 100.00
2023-06-19 16:29:59,139 - AUGCON - INFO - Epoch [26/50]-(10/22) Loss: 2.4129, Acc(1): 0.00, Acc(5): 25.00
2023-06-19 16:29:59,139 - AUGCON - INFO - Epoch [26/50]-(15/22) Loss: 2.2079, Acc(1): 0.00, Acc(5): 75.00
2023-06-19 16:29:59,140 - AUGCON - INFO - Epoch [26/50]-(20/22) Loss: 2.2536, Acc(1): 0.00, Acc(5): 50.00
2023-06-19 16:29:59,140 - AUGCON - INFO - 	Validation Loss: 2.0516, Acc(1): 29.00, Acc(5): 82.00, F1: 0.06, Recall: 0.07, Precision: 0.05
2023-06-19 16:29:59,140 - AUGCON - INFO - Epoch [27/50]-(0/22) Loss: 2.0966, Acc(1): 25.00, Acc(5): 50.00
2023-06-19 16:29:59,140 - AUGCON - INFO - Epoch [27/50]-(5/22) Loss: 2.2641, Acc(1): 0.00, Acc(5): 75.00
2023-06-19 16:29:59,140 - AUGCON - INFO - Epoch [27/50]-(10/22) Loss: 2.1069, Acc(1): 0.00, Acc(5): 100.00
2023-06-19 16:29:59,140 - AUGCON - INFO - Epoch [27/50]-(15/22) Loss: 2.3338, Acc(1): 0.00, Acc(5): 50.00
2023-06-19 16:29:59,140 - AUGCON - INFO - Epoch [27/50]-(20/22) Loss: 2.1152, Acc(1): 25.00, Acc(5): 100.00
2023-06-19 16:29:59,140 - AUGCON - INFO - 	Validation Loss: 2.0625, Acc(1): 26.00, Acc(5): 82.00, F1: 0.05, Recall: 0.04, Precision: 0.09
2023-06-19 16:29:59,140 - AUGCON - INFO - Epoch [28/50]-(0/22) Loss: 2.0781, Acc(1): 25.00, Acc(5): 75.00
2023-06-19 16:29:59,140 - AUGCON - INFO - Epoch [28/50]-(5/22) Loss: 1.9877, Acc(1): 0.00, Acc(5): 100.00
2023-06-19 16:29:59,140 - AUGCON - INFO - Epoch [28/50]-(10/22) Loss: 1.9557, Acc(1): 50.00, Acc(5): 100.00
2023-06-19 16:29:59,140 - AUGCON - INFO - Epoch [28/50]-(15/22) Loss: 2.0614, Acc(1): 25.00, Acc(5): 75.00
2023-06-19 16:29:59,140 - AUGCON - INFO - Epoch [28/50]-(20/22) Loss: 2.1748, Acc(1): 25.00, Acc(5): 50.00
2023-06-19 16:29:59,140 - AUGCON - INFO - 	Validation Loss: 2.0788, Acc(1): 22.00, Acc(5): 68.00, F1: 0.04, Recall: 0.04, Precision: 0.03
2023-06-19 16:29:59,140 - AUGCON - INFO - Epoch [29/50]-(0/22) Loss: 2.1027, Acc(1): 75.00, Acc(5): 75.00
2023-06-19 16:29:59,140 - AUGCON - INFO - Epoch [29/50]-(5/22) Loss: 2.2979, Acc(1): 0.00, Acc(5): 75.00
2023-06-19 16:29:59,141 - AUGCON - INFO - Epoch [29/50]-(10/22) Loss: 2.1002, Acc(1): 25.00, Acc(5): 75.00
2023-06-19 16:29:59,141 - AUGCON - INFO - Epoch [29/50]-(15/22) Loss: 2.4074, Acc(1): 0.00, Acc(5): 25.00
2023-06-19 16:29:59,141 - AUGCON - INFO - Epoch [29/50]-(20/22) Loss: 2.0857, Acc(1): 0.00, Acc(5): 75.00
2023-06-19 16:29:59,141 - AUGCON - INFO - 	Validation Loss: 2.0740, Acc(1): 23.00, Acc(5): 79.00, F1: 0.05, Recall: 0.05, Precision: 0.04
2023-06-19 16:29:59,141 - AUGCON - INFO - Epoch [30/50]-(0/22) Loss: 2.0156, Acc(1): 25.00, Acc(5): 100.00
2023-06-19 16:29:59,141 - AUGCON - INFO - Epoch [30/50]-(5/22) Loss: 2.1480, Acc(1): 25.00, Acc(5): 75.00
2023-06-19 16:29:59,141 - AUGCON - INFO - Epoch [30/50]-(10/22) Loss: 1.9754, Acc(1): 0.00, Acc(5): 100.00
2023-06-19 16:29:59,141 - AUGCON - INFO - Epoch [30/50]-(15/22) Loss: 2.1309, Acc(1): 0.00, Acc(5): 100.00
2023-06-19 16:29:59,141 - AUGCON - INFO - Epoch [30/50]-(20/22) Loss: 2.1882, Acc(1): 25.00, Acc(5): 50.00
2023-06-19 16:29:59,141 - AUGCON - INFO - 	Validation Loss: 2.0901, Acc(1): 25.00, Acc(5): 70.00, F1: 0.06, Recall: 0.06, Precision: 0.06
2023-06-19 16:29:59,141 - AUGCON - INFO - Epoch [31/50]-(0/22) Loss: 1.9385, Acc(1): 25.00, Acc(5): 100.00
2023-06-19 16:29:59,141 - AUGCON - INFO - Epoch [31/50]-(5/22) Loss: 2.0089, Acc(1): 50.00, Acc(5): 75.00
2023-06-19 16:29:59,141 - AUGCON - INFO - Epoch [31/50]-(10/22) Loss: 2.2510, Acc(1): 25.00, Acc(5): 25.00
2023-06-19 16:29:59,141 - AUGCON - INFO - Epoch [31/50]-(15/22) Loss: 2.1974, Acc(1): 0.00, Acc(5): 75.00
2023-06-19 16:29:59,141 - AUGCON - INFO - Epoch [31/50]-(20/22) Loss: 2.3236, Acc(1): 0.00, Acc(5): 50.00
2023-06-19 16:29:59,141 - AUGCON - INFO - 	Validation Loss: 2.0996, Acc(1): 11.00, Acc(5): 69.00, F1: 0.03, Recall: 0.03, Precision: 0.02
2023-06-19 16:29:59,142 - AUGCON - INFO - Epoch [32/50]-(0/22) Loss: 1.9032, Acc(1): 50.00, Acc(5): 100.00
2023-06-19 16:29:59,142 - AUGCON - INFO - Epoch [32/50]-(5/22) Loss: 2.1772, Acc(1): 25.00, Acc(5): 50.00
2023-06-19 16:29:59,142 - AUGCON - INFO - Epoch [32/50]-(10/22) Loss: 2.0404, Acc(1): 25.00, Acc(5): 100.00
2023-06-19 16:29:59,142 - AUGCON - INFO - Epoch [32/50]-(15/22) Loss: 2.2113, Acc(1): 0.00, Acc(5): 50.00
2023-06-19 16:29:59,142 - AUGCON - INFO - Epoch [32/50]-(20/22) Loss: 2.2287, Acc(1): 0.00, Acc(5): 50.00
2023-06-19 16:29:59,142 - AUGCON - INFO - 	Validation Loss: 2.1005, Acc(1): 22.00, Acc(5): 67.00, F1: 0.03, Recall: 0.02, Precision: 0.05
2023-06-19 16:29:59,142 - AUGCON - INFO - Epoch [33/50]-(0/22) Loss: 2.0948, Acc(1): 25.00, Acc(5): 50.00
2023-06-19 16:29:59,142 - AUGCON - INFO - Epoch [33/50]-(5/22) Loss: 1.9924, Acc(1): 25.00, Acc(5): 100.00
2023-06-19 16:29:59,142 - AUGCON - INFO - Epoch [33/50]-(10/22) Loss: 1.9753, Acc(1): 0.00, Acc(5): 75.00
2023-06-19 16:29:59,142 - AUGCON - INFO - Epoch [33/50]-(15/22) Loss: 2.2011, Acc(1): 25.00, Acc(5): 50.00
2023-06-19 16:29:59,142 - AUGCON - INFO - Epoch [33/50]-(20/22) Loss: 2.2553, Acc(1): 0.00, Acc(5): 75.00
2023-06-19 16:29:59,142 - AUGCON - INFO - 	Validation Loss: 2.0564, Acc(1): 34.00, Acc(5): 77.00, F1: 0.07, Recall: 0.07, Precision: 0.07
2023-06-19 16:29:59,142 - AUGCON - INFO - Epoch [34/50]-(0/22) Loss: 2.1679, Acc(1): 50.00, Acc(5): 50.00
2023-06-19 16:29:59,142 - AUGCON - INFO - Epoch [34/50]-(5/22) Loss: 2.2057, Acc(1): 0.00, Acc(5): 75.00
2023-06-19 16:29:59,142 - AUGCON - INFO - Epoch [34/50]-(10/22) Loss: 2.2377, Acc(1): 0.00, Acc(5): 50.00
2023-06-19 16:29:59,142 - AUGCON - INFO - Epoch [34/50]-(15/22) Loss: 2.1471, Acc(1): 0.00, Acc(5): 75.00
2023-06-19 16:29:59,143 - AUGCON - INFO - Epoch [34/50]-(20/22) Loss: 2.1758, Acc(1): 0.00, Acc(5): 50.00
2023-06-19 16:29:59,143 - AUGCON - INFO - 	Validation Loss: 2.0604, Acc(1): 27.00, Acc(5): 76.00, F1: 0.07, Recall: 0.06, Precision: 0.07
2023-06-19 16:29:59,143 - AUGCON - INFO - Epoch [35/50]-(0/22) Loss: 2.0631, Acc(1): 50.00, Acc(5): 50.00
2023-06-19 16:29:59,143 - AUGCON - INFO - Epoch [35/50]-(5/22) Loss: 2.1801, Acc(1): 0.00, Acc(5): 75.00
2023-06-19 16:29:59,143 - AUGCON - INFO - Epoch [35/50]-(10/22) Loss: 2.1356, Acc(1): 0.00, Acc(5): 75.00
2023-06-19 16:29:59,143 - AUGCON - INFO - Epoch [35/50]-(15/22) Loss: 2.0477, Acc(1): 25.00, Acc(5): 100.00
2023-06-19 16:29:59,143 - AUGCON - INFO - Epoch [35/50]-(20/22) Loss: 2.1478, Acc(1): 25.00, Acc(5): 50.00
2023-06-19 16:29:59,143 - AUGCON - INFO - 	Validation Loss: 2.0460, Acc(1): 24.00, Acc(5): 87.00, F1: 0.05, Recall: 0.06, Precision: 0.04
2023-06-19 16:29:59,143 - AUGCON - INFO - Epoch [36/50]-(0/22) Loss: 2.0527, Acc(1): 0.00, Acc(5): 75.00
2023-06-19 16:29:59,143 - AUGCON - INFO - Epoch [36/50]-(5/22) Loss: 2.2327, Acc(1): 0.00, Acc(5): 50.00
2023-06-19 16:29:59,143 - AUGCON - INFO - Epoch [36/50]-(10/22) Loss: 1.9928, Acc(1): 25.00, Acc(5): 100.00
2023-06-19 16:29:59,143 - AUGCON - INFO - Epoch [36/50]-(15/22) Loss: 2.1888, Acc(1): 0.00, Acc(5): 75.00
2023-06-19 16:29:59,143 - AUGCON - INFO - Epoch [36/50]-(20/22) Loss: 2.3203, Acc(1): 0.00, Acc(5): 0.00
2023-06-19 16:29:59,143 - AUGCON - INFO - 	Validation Loss: 2.0646, Acc(1): 24.00, Acc(5): 75.00, F1: 0.06, Recall: 0.06, Precision: 0.06
2023-06-19 16:29:59,143 - AUGCON - INFO - Epoch [37/50]-(0/22) Loss: 2.1033, Acc(1): 25.00, Acc(5): 75.00
2023-06-19 16:29:59,143 - AUGCON - INFO - Epoch [37/50]-(5/22) Loss: 1.9161, Acc(1): 25.00, Acc(5): 75.00
2023-06-19 16:29:59,143 - AUGCON - INFO - Epoch [37/50]-(10/22) Loss: 2.0662, Acc(1): 0.00, Acc(5): 75.00
2023-06-19 16:29:59,144 - AUGCON - INFO - Epoch [37/50]-(15/22) Loss: 1.9503, Acc(1): 50.00, Acc(5): 75.00
2023-06-19 16:29:59,144 - AUGCON - INFO - Epoch [37/50]-(20/22) Loss: 2.1197, Acc(1): 25.00, Acc(5): 75.00
2023-06-19 16:29:59,144 - AUGCON - INFO - 	Validation Loss: 2.0571, Acc(1): 17.00, Acc(5): 81.00, F1: 0.04, Recall: 0.04, Precision: 0.04
2023-06-19 16:29:59,144 - AUGCON - INFO - Epoch [38/50]-(0/22) Loss: 2.0448, Acc(1): 25.00, Acc(5): 75.00
2023-06-19 16:29:59,144 - AUGCON - INFO - Epoch [38/50]-(5/22) Loss: 2.2395, Acc(1): 25.00, Acc(5): 25.00
2023-06-19 16:29:59,144 - AUGCON - INFO - Epoch [38/50]-(10/22) Loss: 2.2434, Acc(1): 25.00, Acc(5): 25.00
2023-06-19 16:29:59,144 - AUGCON - INFO - Epoch [38/50]-(15/22) Loss: 2.0577, Acc(1): 0.00, Acc(5): 100.00
2023-06-19 16:29:59,144 - AUGCON - INFO - Epoch [38/50]-(20/22) Loss: 2.0659, Acc(1): 0.00, Acc(5): 100.00
2023-06-19 16:29:59,144 - AUGCON - INFO - 	Validation Loss: 2.0263, Acc(1): 30.00, Acc(5): 81.00, F1: 0.05, Recall: 0.05, Precision: 0.06
2023-06-19 16:29:59,144 - AUGCON - INFO - Epoch [39/50]-(0/22) Loss: 2.0049, Acc(1): 25.00, Acc(5): 100.00
2023-06-19 16:29:59,144 - AUGCON - INFO - Epoch [39/50]-(5/22) Loss: 1.9419, Acc(1): 25.00, Acc(5): 100.00
2023-06-19 16:29:59,144 - AUGCON - INFO - Epoch [39/50]-(10/22) Loss: 2.1546, Acc(1): 50.00, Acc(5): 75.00
2023-06-19 16:29:59,144 - AUGCON - INFO - Epoch [39/50]-(15/22) Loss: 2.0253, Acc(1): 50.00, Acc(5): 75.00
2023-06-19 16:29:59,144 - AUGCON - INFO - Epoch [39/50]-(20/22) Loss: 2.1177, Acc(1): 25.00, Acc(5): 75.00
2023-06-19 16:29:59,144 - AUGCON - INFO - 	Validation Loss: 2.0750, Acc(1): 27.00, Acc(5): 68.00, F1: 0.07, Recall: 0.06, Precision: 0.08
2023-06-19 16:29:59,145 - AUGCON - INFO - Epoch [40/50]-(0/22) Loss: 2.2290, Acc(1): 0.00, Acc(5): 75.00
2023-06-19 16:29:59,145 - AUGCON - INFO - Epoch [40/50]-(5/22) Loss: 1.7979, Acc(1): 0.00, Acc(5): 100.00
2023-06-19 16:29:59,145 - AUGCON - INFO - Epoch [40/50]-(10/22) Loss: 2.0670, Acc(1): 25.00, Acc(5): 100.00
2023-06-19 16:29:59,145 - AUGCON - INFO - Epoch [40/50]-(15/22) Loss: 2.0485, Acc(1): 25.00, Acc(5): 100.00
2023-06-19 16:29:59,145 - AUGCON - INFO - Epoch [40/50]-(20/22) Loss: 2.1823, Acc(1): 0.00, Acc(5): 75.00
2023-06-19 16:29:59,145 - AUGCON - INFO - 	Validation Loss: 2.0213, Acc(1): 31.00, Acc(5): 77.00, F1: 0.06, Recall: 0.07, Precision: 0.05
2023-06-19 16:29:59,145 - AUGCON - INFO - Epoch [41/50]-(0/22) Loss: 2.1899, Acc(1): 0.00, Acc(5): 75.00
2023-06-19 16:29:59,145 - AUGCON - INFO - Epoch [41/50]-(5/22) Loss: 1.9597, Acc(1): 25.00, Acc(5): 100.00
2023-06-19 16:29:59,145 - AUGCON - INFO - Epoch [41/50]-(10/22) Loss: 1.9530, Acc(1): 25.00, Acc(5): 100.00
2023-06-19 16:29:59,145 - AUGCON - INFO - Epoch [41/50]-(15/22) Loss: 2.0627, Acc(1): 25.00, Acc(5): 75.00
2023-06-19 16:29:59,145 - AUGCON - INFO - Epoch [41/50]-(20/22) Loss: 2.0661, Acc(1): 0.00, Acc(5): 75.00
2023-06-19 16:29:59,145 - AUGCON - INFO - 	Validation Loss: 2.0528, Acc(1): 19.00, Acc(5): 78.00, F1: 0.04, Recall: 0.04, Precision: 0.04
2023-06-19 16:29:59,145 - AUGCON - INFO - Epoch [42/50]-(0/22) Loss: 1.8978, Acc(1): 50.00, Acc(5): 100.00
2023-06-19 16:29:59,145 - AUGCON - INFO - Epoch [42/50]-(5/22) Loss: 1.8562, Acc(1): 25.00, Acc(5): 100.00
2023-06-19 16:29:59,145 - AUGCON - INFO - Epoch [42/50]-(10/22) Loss: 2.4885, Acc(1): 0.00, Acc(5): 50.00
2023-06-19 16:29:59,146 - AUGCON - INFO - Epoch [42/50]-(15/22) Loss: 2.1663, Acc(1): 0.00, Acc(5): 50.00
2023-06-19 16:29:59,146 - AUGCON - INFO - Epoch [42/50]-(20/22) Loss: 2.0132, Acc(1): 0.00, Acc(5): 100.00
2023-06-19 16:29:59,146 - AUGCON - INFO - 	Validation Loss: 2.0099, Acc(1): 28.00, Acc(5): 91.00, F1: 0.06, Recall: 0.07, Precision: 0.06
2023-06-19 16:29:59,146 - AUGCON - INFO - Epoch [43/50]-(0/22) Loss: 1.8818, Acc(1): 25.00, Acc(5): 100.00
2023-06-19 16:29:59,146 - AUGCON - INFO - Epoch [43/50]-(5/22) Loss: 1.9529, Acc(1): 25.00, Acc(5): 100.00
2023-06-19 16:29:59,146 - AUGCON - INFO - Epoch [43/50]-(10/22) Loss: 1.9437, Acc(1): 25.00, Acc(5): 100.00
2023-06-19 16:29:59,146 - AUGCON - INFO - Epoch [43/50]-(15/22) Loss: 2.2407, Acc(1): 50.00, Acc(5): 50.00
2023-06-19 16:29:59,146 - AUGCON - INFO - Epoch [43/50]-(20/22) Loss: 2.0551, Acc(1): 25.00, Acc(5): 100.00
2023-06-19 16:29:59,146 - AUGCON - INFO - 	Validation Loss: 2.0755, Acc(1): 28.00, Acc(5): 72.00, F1: 0.06, Recall: 0.07, Precision: 0.06
2023-06-19 16:29:59,146 - AUGCON - INFO - Epoch [44/50]-(0/22) Loss: 1.8635, Acc(1): 50.00, Acc(5): 75.00
2023-06-19 16:29:59,146 - AUGCON - INFO - Epoch [44/50]-(5/22) Loss: 2.0788, Acc(1): 25.00, Acc(5): 75.00
2023-06-19 16:29:59,146 - AUGCON - INFO - Epoch [44/50]-(10/22) Loss: 2.1666, Acc(1): 0.00, Acc(5): 75.00
2023-06-19 16:29:59,146 - AUGCON - INFO - Epoch [44/50]-(15/22) Loss: 2.0435, Acc(1): 25.00, Acc(5): 100.00
2023-06-19 16:29:59,146 - AUGCON - INFO - Epoch [44/50]-(20/22) Loss: 2.1895, Acc(1): 0.00, Acc(5): 75.00
2023-06-19 16:29:59,146 - AUGCON - INFO - 	Validation Loss: 2.0200, Acc(1): 32.00, Acc(5): 80.00, F1: 0.07, Recall: 0.05, Precision: 0.11
2023-06-19 16:29:59,146 - AUGCON - INFO - Epoch [45/50]-(0/22) Loss: 1.9168, Acc(1): 25.00, Acc(5): 100.00
2023-06-19 16:29:59,146 - AUGCON - INFO - Epoch [45/50]-(5/22) Loss: 2.1290, Acc(1): 25.00, Acc(5): 50.00
2023-06-19 16:29:59,147 - AUGCON - INFO - Epoch [45/50]-(10/22) Loss: 1.7527, Acc(1): 50.00, Acc(5): 100.00
2023-06-19 16:29:59,147 - AUGCON - INFO - Epoch [45/50]-(15/22) Loss: 2.2547, Acc(1): 0.00, Acc(5): 50.00
2023-06-19 16:29:59,147 - AUGCON - INFO - Epoch [45/50]-(20/22) Loss: 2.1514, Acc(1): 25.00, Acc(5): 75.00
2023-06-19 16:29:59,147 - AUGCON - INFO - 	Validation Loss: 2.0364, Acc(1): 23.00, Acc(5): 78.00, F1: 0.04, Recall: 0.05, Precision: 0.03
2023-06-19 16:29:59,147 - AUGCON - INFO - Epoch [46/50]-(0/22) Loss: 2.1033, Acc(1): 25.00, Acc(5): 75.00
2023-06-19 16:29:59,147 - AUGCON - INFO - Epoch [46/50]-(5/22) Loss: 2.0607, Acc(1): 0.00, Acc(5): 50.00
2023-06-19 16:29:59,147 - AUGCON - INFO - Epoch [46/50]-(10/22) Loss: 1.7424, Acc(1): 75.00, Acc(5): 100.00
2023-06-19 16:29:59,147 - AUGCON - INFO - Epoch [46/50]-(15/22) Loss: 2.0206, Acc(1): 0.00, Acc(5): 100.00
2023-06-19 16:29:59,147 - AUGCON - INFO - Epoch [46/50]-(20/22) Loss: 2.0639, Acc(1): 0.00, Acc(5): 75.00
2023-06-19 16:29:59,147 - AUGCON - INFO - 	Validation Loss: 2.0388, Acc(1): 12.00, Acc(5): 84.00, F1: 0.03, Recall: 0.03, Precision: 0.04
2023-06-19 16:29:59,147 - AUGCON - INFO - Epoch [47/50]-(0/22) Loss: 1.9076, Acc(1): 25.00, Acc(5): 100.00
2023-06-19 16:29:59,147 - AUGCON - INFO - Epoch [47/50]-(5/22) Loss: 2.1138, Acc(1): 0.00, Acc(5): 75.00
2023-06-19 16:29:59,147 - AUGCON - INFO - Epoch [47/50]-(10/22) Loss: 1.8996, Acc(1): 0.00, Acc(5): 100.00
2023-06-19 16:29:59,147 - AUGCON - INFO - Epoch [47/50]-(15/22) Loss: 2.0526, Acc(1): 25.00, Acc(5): 75.00
2023-06-19 16:29:59,147 - AUGCON - INFO - Epoch [47/50]-(20/22) Loss: 1.8803, Acc(1): 25.00, Acc(5): 100.00
2023-06-19 16:29:59,147 - AUGCON - INFO - 	Validation Loss: 2.0117, Acc(1): 35.00, Acc(5): 76.00, F1: 0.07, Recall: 0.06, Precision: 0.09
2023-06-19 16:29:59,148 - AUGCON - INFO - Epoch [48/50]-(0/22) Loss: 2.0702, Acc(1): 25.00, Acc(5): 75.00
2023-06-19 16:29:59,148 - AUGCON - INFO - Epoch [48/50]-(5/22) Loss: 2.1812, Acc(1): 50.00, Acc(5): 50.00
2023-06-19 16:29:59,148 - AUGCON - INFO - Epoch [48/50]-(10/22) Loss: 2.1105, Acc(1): 0.00, Acc(5): 50.00
2023-06-19 16:29:59,148 - AUGCON - INFO - Epoch [48/50]-(15/22) Loss: 1.7308, Acc(1): 50.00, Acc(5): 100.00
2023-06-19 16:29:59,148 - AUGCON - INFO - Epoch [48/50]-(20/22) Loss: 1.9402, Acc(1): 25.00, Acc(5): 100.00
2023-06-19 16:29:59,148 - AUGCON - INFO - 	Validation Loss: 1.9945, Acc(1): 25.00, Acc(5): 86.00, F1: 0.07, Recall: 0.06, Precision: 0.08
2023-06-19 16:29:59,148 - AUGCON - INFO - Epoch [49/50]-(0/22) Loss: 1.9160, Acc(1): 25.00, Acc(5): 100.00
2023-06-19 16:29:59,148 - AUGCON - INFO - Epoch [49/50]-(5/22) Loss: 2.0372, Acc(1): 0.00, Acc(5): 100.00
2023-06-19 16:29:59,148 - AUGCON - INFO - Epoch [49/50]-(10/22) Loss: 2.5573, Acc(1): 0.00, Acc(5): 50.00
2023-06-19 16:29:59,148 - AUGCON - INFO - Epoch [49/50]-(15/22) Loss: 2.0112, Acc(1): 25.00, Acc(5): 100.00
2023-06-19 16:29:59,148 - AUGCON - INFO - Epoch [49/50]-(20/22) Loss: 2.0677, Acc(1): 0.00, Acc(5): 100.00
2023-06-19 16:29:59,148 - AUGCON - INFO - 	Validation Loss: 2.0027, Acc(1): 28.00, Acc(5): 83.00, F1: 0.07, Recall: 0.06, Precision: 0.07
2023-06-19 16:29:59,148 - AUGCON - INFO - Epoch [50/50]-(0/22) Loss: 1.9377, Acc(1): 25.00, Acc(5): 100.00
2023-06-19 16:29:59,149 - AUGCON - INFO - Epoch [50/50]-(5/22) Loss: 1.9084, Acc(1): 25.00, Acc(5): 100.00
2023-06-19 16:29:59,149 - AUGCON - INFO - Epoch [50/50]-(10/22) Loss: 2.0465, Acc(1): 0.00, Acc(5): 100.00
2023-06-19 16:29:59,149 - AUGCON - INFO - Epoch [50/50]-(15/22) Loss: 1.8370, Acc(1): 25.00, Acc(5): 100.00
2023-06-19 16:29:59,149 - AUGCON - INFO - Epoch [50/50]-(20/22) Loss: 2.1747, Acc(1): 25.00, Acc(5): 25.00
2023-06-19 16:29:59,149 - AUGCON - INFO - 	Validation Loss: 1.9978, Acc(1): 30.00, Acc(5): 78.00, F1: 0.05, Recall: 0.04, Precision: 0.07
2023-06-19 16:29:59,150 - AUGCON - INFO - 	Validation Loss: 2.0263, Acc(1): 28.33, Acc(5): 80.00, F1: 0.05, Recall: 0.04, Precision: 0.06
