2023-06-19 16:34:57,842 - AUGCON - INFO - logger initialized (/home/hjyoon/projects/augcon/config/exp0/finetune_da_true/without_target_domain_PH0014-wjlee/cpc_perdomain_8421/tgt_target_domain_PH0038-iygoo_seed0.yaml.log)
2023-06-19 16:34:57,844 - AUGCON - INFO - ================= Config =================
2023-06-19 16:34:57,844 - AUGCON - INFO -   mode: finetune
2023-06-19 16:34:57,844 - AUGCON - INFO -   seed: 0
2023-06-19 16:34:57,844 - AUGCON - INFO -   gpu: [2]
2023-06-19 16:34:57,844 - AUGCON - INFO -   num_workers: 1
2023-06-19 16:34:57,844 - AUGCON - INFO -   dist_url: tcp://localhost:10001
2023-06-19 16:34:57,844 - AUGCON - INFO -   dataset_name: ichar
2023-06-19 16:34:57,844 - AUGCON - INFO -   train_dataset_path: /mnt/sting/hjyoon/projects/cross/ICHAR/augcon/target_domain_PH0038-iygoo/finetune/10shot/target/train.pkl
2023-06-19 16:34:57,844 - AUGCON - INFO -   test_dataset_path: /mnt/sting/hjyoon/projects/cross/ICHAR/augcon/target_domain_PH0038-iygoo/finetune/10shot/target/test.pkl
2023-06-19 16:34:57,844 - AUGCON - INFO -   val_dataset_path: /mnt/sting/hjyoon/projects/cross/ICHAR/augcon/target_domain_PH0038-iygoo/finetune/10shot/target/val.pkl
2023-06-19 16:34:57,844 - AUGCON - INFO -   input_channels: 3
2023-06-19 16:34:57,844 - AUGCON - INFO -   num_cls: 9
2023-06-19 16:34:57,844 - AUGCON - INFO -   optimizer: adam
2023-06-19 16:34:57,844 - AUGCON - INFO -   criterion: crossentropy
2023-06-19 16:34:57,844 - AUGCON - INFO -   start_epoch: 0
2023-06-19 16:34:57,844 - AUGCON - INFO -   epochs: 50
2023-06-19 16:34:57,844 - AUGCON - INFO -   batch_size: 4
2023-06-19 16:34:57,844 - AUGCON - INFO -   lr: 0.001
2023-06-19 16:34:57,844 - AUGCON - INFO -   wd: 0.0
2023-06-19 16:34:57,844 - AUGCON - INFO -   resume: 
2023-06-19 16:34:57,844 - AUGCON - INFO -   pretrained: /mnt/sting/hjyoon/projects/augcontrast/models/exp0/pretrain/without_target_domain_PH0014-wjlee/cpc_perdomain_8421//checkpoint_0099.pth.tar
2023-06-19 16:34:57,844 - AUGCON - INFO -   ckpt_dir: /mnt/sting/hjyoon/projects/augcontrast/models/exp0/finetune_da_true/without_target_domain_PH0014-wjlee/cpc_perdomain_8421/tgt_target_domain_PH0038-iygoo_seed0
2023-06-19 16:34:57,844 - AUGCON - INFO -   log_freq: 5
2023-06-19 16:34:57,844 - AUGCON - INFO -   save_freq: 10
2023-06-19 16:34:57,844 - AUGCON - INFO -   pretext: metacpc
2023-06-19 16:34:57,844 - AUGCON - INFO -   enc_blocks: 4
2023-06-19 16:34:57,845 - AUGCON - INFO -   kernel_sizes: [8, 4, 2, 1]
2023-06-19 16:34:57,845 - AUGCON - INFO -   strides: [4, 2, 1, 1]
2023-06-19 16:34:57,845 - AUGCON - INFO -   agg_blocks: 5
2023-06-19 16:34:57,845 - AUGCON - INFO -   z_dim: 256
2023-06-19 16:34:57,845 - AUGCON - INFO -   pooling: mean
2023-06-19 16:34:57,845 - AUGCON - INFO -   pred_steps: 12
2023-06-19 16:34:57,845 - AUGCON - INFO -   n_negatives: 15
2023-06-19 16:34:57,845 - AUGCON - INFO -   offset: 4
2023-06-19 16:34:57,845 - AUGCON - INFO -   domain_adaptation: True
2023-06-19 16:34:57,845 - AUGCON - INFO -   task_steps: 10
2023-06-19 16:34:57,845 - AUGCON - INFO -   task_lr: 0.001
2023-06-19 16:34:57,845 - AUGCON - INFO -   reg_lambda: 0
2023-06-19 16:34:57,845 - AUGCON - INFO -   mlp: False
2023-06-19 16:34:57,845 - AUGCON - INFO -   freeze: True
2023-06-19 16:34:57,845 - AUGCON - INFO -   no_vars: True
2023-06-19 16:34:57,845 - AUGCON - INFO - ==========================================
2023-06-19 16:34:57,845 - AUGCON - INFO - Setting GPUs: [2]
2023-06-19 16:34:57,845 - AUGCON - INFO - GPUs [2] will be used
2023-06-19 16:34:57,845 - AUGCON - WARNING - You have chosen to seed training. 
2023-06-19 16:34:57,846 - AUGCON - WARNING - This will turn on the CUDNN deterministic setting, 
2023-06-19 16:34:57,846 - AUGCON - WARNING - which can slow down your training considerably! 
2023-06-19 16:34:57,846 - AUGCON - WARNING - You may see unexpected behavior when restarting 
2023-06-19 16:34:57,846 - AUGCON - WARNING - from checkpoints.
2023-06-19 16:34:57,876 - AUGCON - INFO - Executing MetaCPC
2023-06-19 16:34:57,877 - AUGCON - INFO - Logs are skipped during training
2023-06-19 16:35:18,038 - AUGCON - INFO - Single GPU is used for training - training 90 instances for each worker
2023-06-19 16:35:18,038 - AUGCON - INFO - Loading pretrained model from checkpoint - /mnt/sting/hjyoon/projects/augcontrast/models/exp0/pretrain/without_target_domain_PH0014-wjlee/cpc_perdomain_8421//checkpoint_0099.pth.tar
2023-06-19 16:35:18,039 - AUGCON - INFO - Missing keys: ['predictor.vars.0', 'predictor.vars.1']
2023-06-19 16:35:18,039 - AUGCON - INFO - Perform domain adaptation step
2023-06-19 16:35:18,039 - AUGCON - INFO - 	meta-train [0/10] Loss: 2.8827, Acc(1): 6.06, Acc(5): 32.60
2023-06-19 16:35:18,039 - AUGCON - INFO - 	meta-train [1/10] Loss: 2.8641, Acc(1): 5.94, Acc(5): 32.48
2023-06-19 16:35:18,039 - AUGCON - INFO - 	meta-train [2/10] Loss: 2.8504, Acc(1): 6.05, Acc(5): 33.30
2023-06-19 16:35:18,039 - AUGCON - INFO - 	meta-train [3/10] Loss: 2.8471, Acc(1): 6.07, Acc(5): 32.79
2023-06-19 16:35:18,039 - AUGCON - INFO - 	meta-train [4/10] Loss: 2.8436, Acc(1): 6.27, Acc(5): 32.92
2023-06-19 16:35:18,039 - AUGCON - INFO - 	meta-train [5/10] Loss: 2.8366, Acc(1): 6.30, Acc(5): 33.54
2023-06-19 16:35:18,039 - AUGCON - INFO - 	meta-train [6/10] Loss: 2.8263, Acc(1): 6.32, Acc(5): 33.56
2023-06-19 16:35:18,039 - AUGCON - INFO - 	meta-train [7/10] Loss: 2.8282, Acc(1): 6.03, Acc(5): 34.06
2023-06-19 16:35:18,039 - AUGCON - INFO - 	meta-train [8/10] Loss: 2.8167, Acc(1): 6.58, Acc(5): 34.63
2023-06-19 16:35:18,039 - AUGCON - INFO - 	meta-train [9/10] Loss: 2.8084, Acc(1): 6.37, Acc(5): 34.75
2023-06-19 16:35:18,040 - AUGCON - INFO - Loading encoder parameters to the classifier
2023-06-19 16:35:18,040 - AUGCON - INFO - Missing keys: ['classifier.block.0.weight', 'classifier.block.0.bias']
2023-06-19 16:35:18,040 - AUGCON - INFO - Epoch [1/50]-(0/22) Loss: 1.8273, Acc(1): 50.00, Acc(5): 50.00
2023-06-19 16:35:18,040 - AUGCON - INFO - Epoch [1/50]-(5/22) Loss: 2.0938, Acc(1): 25.00, Acc(5): 75.00
2023-06-19 16:35:18,040 - AUGCON - INFO - Epoch [1/50]-(10/22) Loss: 2.5927, Acc(1): 0.00, Acc(5): 50.00
2023-06-19 16:35:18,040 - AUGCON - INFO - Epoch [1/50]-(15/22) Loss: 1.5730, Acc(1): 50.00, Acc(5): 100.00
2023-06-19 16:35:18,040 - AUGCON - INFO - Epoch [1/50]-(20/22) Loss: 1.8366, Acc(1): 25.00, Acc(5): 100.00
2023-06-19 16:35:18,040 - AUGCON - INFO - 	Validation Loss: 1.6296, Acc(1): 50.00, Acc(5): 92.00, F1: 0.10, Recall: 0.09, Precision: 0.11
2023-06-19 16:35:18,040 - AUGCON - INFO - Epoch [2/50]-(0/22) Loss: 1.8462, Acc(1): 25.00, Acc(5): 100.00
2023-06-19 16:35:18,040 - AUGCON - INFO - Epoch [2/50]-(5/22) Loss: 1.1754, Acc(1): 75.00, Acc(5): 100.00
2023-06-19 16:35:18,041 - AUGCON - INFO - Epoch [2/50]-(10/22) Loss: 1.0934, Acc(1): 100.00, Acc(5): 100.00
2023-06-19 16:35:18,041 - AUGCON - INFO - Epoch [2/50]-(15/22) Loss: 1.2508, Acc(1): 50.00, Acc(5): 100.00
2023-06-19 16:35:18,041 - AUGCON - INFO - Epoch [2/50]-(20/22) Loss: 0.9671, Acc(1): 75.00, Acc(5): 100.00
2023-06-19 16:35:18,041 - AUGCON - INFO - 	Validation Loss: 1.2626, Acc(1): 72.00, Acc(5): 93.00, F1: 0.17, Recall: 0.15, Precision: 0.19
2023-06-19 16:35:18,041 - AUGCON - INFO - Epoch [3/50]-(0/22) Loss: 1.5546, Acc(1): 25.00, Acc(5): 75.00
2023-06-19 16:35:18,041 - AUGCON - INFO - Epoch [3/50]-(5/22) Loss: 0.6850, Acc(1): 100.00, Acc(5): 100.00
2023-06-19 16:35:18,041 - AUGCON - INFO - Epoch [3/50]-(10/22) Loss: 1.2242, Acc(1): 25.00, Acc(5): 100.00
2023-06-19 16:35:18,041 - AUGCON - INFO - Epoch [3/50]-(15/22) Loss: 1.1989, Acc(1): 75.00, Acc(5): 100.00
2023-06-19 16:35:18,041 - AUGCON - INFO - Epoch [3/50]-(20/22) Loss: 0.7389, Acc(1): 100.00, Acc(5): 100.00
2023-06-19 16:35:18,041 - AUGCON - INFO - 	Validation Loss: 1.1847, Acc(1): 77.00, Acc(5): 91.00, F1: 0.17, Recall: 0.17, Precision: 0.18
2023-06-19 16:35:18,042 - AUGCON - INFO - Epoch [4/50]-(0/22) Loss: 0.6782, Acc(1): 100.00, Acc(5): 100.00
2023-06-19 16:35:18,042 - AUGCON - INFO - Epoch [4/50]-(5/22) Loss: 1.4318, Acc(1): 75.00, Acc(5): 75.00
2023-06-19 16:35:18,042 - AUGCON - INFO - Epoch [4/50]-(10/22) Loss: 0.6013, Acc(1): 100.00, Acc(5): 100.00
2023-06-19 16:35:18,042 - AUGCON - INFO - Epoch [4/50]-(15/22) Loss: 0.8442, Acc(1): 75.00, Acc(5): 100.00
2023-06-19 16:35:18,042 - AUGCON - INFO - Epoch [4/50]-(20/22) Loss: 0.7978, Acc(1): 75.00, Acc(5): 100.00
2023-06-19 16:35:18,042 - AUGCON - INFO - 	Validation Loss: 1.1542, Acc(1): 78.00, Acc(5): 91.00, F1: 0.18, Recall: 0.17, Precision: 0.19
2023-06-19 16:35:18,042 - AUGCON - INFO - Epoch [5/50]-(0/22) Loss: 0.7552, Acc(1): 75.00, Acc(5): 100.00
2023-06-19 16:35:18,042 - AUGCON - INFO - Epoch [5/50]-(5/22) Loss: 0.5916, Acc(1): 100.00, Acc(5): 100.00
2023-06-19 16:35:18,042 - AUGCON - INFO - Epoch [5/50]-(10/22) Loss: 0.4535, Acc(1): 100.00, Acc(5): 100.00
2023-06-19 16:35:18,042 - AUGCON - INFO - Epoch [5/50]-(15/22) Loss: 0.9055, Acc(1): 50.00, Acc(5): 100.00
2023-06-19 16:35:18,042 - AUGCON - INFO - Epoch [5/50]-(20/22) Loss: 0.5536, Acc(1): 75.00, Acc(5): 100.00
2023-06-19 16:35:18,042 - AUGCON - INFO - 	Validation Loss: 1.1325, Acc(1): 80.00, Acc(5): 91.00, F1: 0.18, Recall: 0.18, Precision: 0.19
2023-06-19 16:35:18,043 - AUGCON - INFO - Epoch [6/50]-(0/22) Loss: 0.5211, Acc(1): 100.00, Acc(5): 100.00
2023-06-19 16:35:18,043 - AUGCON - INFO - Epoch [6/50]-(5/22) Loss: 0.7841, Acc(1): 75.00, Acc(5): 100.00
2023-06-19 16:35:18,043 - AUGCON - INFO - Epoch [6/50]-(10/22) Loss: 0.8371, Acc(1): 75.00, Acc(5): 100.00
2023-06-19 16:35:18,043 - AUGCON - INFO - Epoch [6/50]-(15/22) Loss: 0.3587, Acc(1): 100.00, Acc(5): 100.00
2023-06-19 16:35:18,043 - AUGCON - INFO - Epoch [6/50]-(20/22) Loss: 0.5878, Acc(1): 100.00, Acc(5): 100.00
2023-06-19 16:35:18,043 - AUGCON - INFO - 	Validation Loss: 1.1130, Acc(1): 80.00, Acc(5): 93.00, F1: 0.18, Recall: 0.18, Precision: 0.18
2023-06-19 16:35:18,043 - AUGCON - INFO - Epoch [7/50]-(0/22) Loss: 0.7412, Acc(1): 75.00, Acc(5): 100.00
2023-06-19 16:35:18,043 - AUGCON - INFO - Epoch [7/50]-(5/22) Loss: 0.5919, Acc(1): 100.00, Acc(5): 100.00
2023-06-19 16:35:18,043 - AUGCON - INFO - Epoch [7/50]-(10/22) Loss: 0.8346, Acc(1): 75.00, Acc(5): 100.00
2023-06-19 16:35:18,043 - AUGCON - INFO - Epoch [7/50]-(15/22) Loss: 0.7928, Acc(1): 75.00, Acc(5): 100.00
2023-06-19 16:35:18,043 - AUGCON - INFO - Epoch [7/50]-(20/22) Loss: 0.4285, Acc(1): 100.00, Acc(5): 100.00
2023-06-19 16:35:18,043 - AUGCON - INFO - 	Validation Loss: 1.1247, Acc(1): 79.00, Acc(5): 93.00, F1: 0.18, Recall: 0.18, Precision: 0.19
2023-06-19 16:35:18,044 - AUGCON - INFO - Epoch [8/50]-(0/22) Loss: 0.3400, Acc(1): 100.00, Acc(5): 100.00
2023-06-19 16:35:18,044 - AUGCON - INFO - Epoch [8/50]-(5/22) Loss: 0.6565, Acc(1): 75.00, Acc(5): 100.00
2023-06-19 16:35:18,044 - AUGCON - INFO - Epoch [8/50]-(10/22) Loss: 0.7215, Acc(1): 75.00, Acc(5): 100.00
2023-06-19 16:35:18,044 - AUGCON - INFO - Epoch [8/50]-(15/22) Loss: 0.7304, Acc(1): 75.00, Acc(5): 100.00
2023-06-19 16:35:18,044 - AUGCON - INFO - Epoch [8/50]-(20/22) Loss: 0.4630, Acc(1): 100.00, Acc(5): 100.00
2023-06-19 16:35:18,044 - AUGCON - INFO - 	Validation Loss: 1.0994, Acc(1): 75.00, Acc(5): 93.00, F1: 0.17, Recall: 0.16, Precision: 0.19
2023-06-19 16:35:18,044 - AUGCON - INFO - Epoch [9/50]-(0/22) Loss: 0.8671, Acc(1): 75.00, Acc(5): 100.00
2023-06-19 16:35:18,044 - AUGCON - INFO - Epoch [9/50]-(5/22) Loss: 0.6222, Acc(1): 100.00, Acc(5): 100.00
2023-06-19 16:35:18,044 - AUGCON - INFO - Epoch [9/50]-(10/22) Loss: 1.3633, Acc(1): 25.00, Acc(5): 100.00
2023-06-19 16:35:18,044 - AUGCON - INFO - Epoch [9/50]-(15/22) Loss: 0.5242, Acc(1): 75.00, Acc(5): 100.00
2023-06-19 16:35:18,044 - AUGCON - INFO - Epoch [9/50]-(20/22) Loss: 0.4447, Acc(1): 100.00, Acc(5): 100.00
2023-06-19 16:35:18,044 - AUGCON - INFO - 	Validation Loss: 1.1113, Acc(1): 79.00, Acc(5): 94.00, F1: 0.18, Recall: 0.17, Precision: 0.18
2023-06-19 16:35:18,045 - AUGCON - INFO - Epoch [10/50]-(0/22) Loss: 0.3619, Acc(1): 100.00, Acc(5): 100.00
2023-06-19 16:35:18,045 - AUGCON - INFO - Epoch [10/50]-(5/22) Loss: 0.4295, Acc(1): 100.00, Acc(5): 100.00
2023-06-19 16:35:18,045 - AUGCON - INFO - Epoch [10/50]-(10/22) Loss: 0.5785, Acc(1): 75.00, Acc(5): 100.00
2023-06-19 16:35:18,045 - AUGCON - INFO - Epoch [10/50]-(15/22) Loss: 0.3072, Acc(1): 100.00, Acc(5): 100.00
2023-06-19 16:35:18,045 - AUGCON - INFO - Epoch [10/50]-(20/22) Loss: 0.6214, Acc(1): 75.00, Acc(5): 100.00
2023-06-19 16:35:18,045 - AUGCON - INFO - 	Validation Loss: 1.1201, Acc(1): 81.00, Acc(5): 94.00, F1: 0.19, Recall: 0.18, Precision: 0.19
2023-06-19 16:35:18,045 - AUGCON - INFO - Epoch [11/50]-(0/22) Loss: 0.2439, Acc(1): 100.00, Acc(5): 100.00
2023-06-19 16:35:18,045 - AUGCON - INFO - Epoch [11/50]-(5/22) Loss: 0.3368, Acc(1): 100.00, Acc(5): 100.00
2023-06-19 16:35:18,045 - AUGCON - INFO - Epoch [11/50]-(10/22) Loss: 0.5887, Acc(1): 100.00, Acc(5): 100.00
2023-06-19 16:35:18,045 - AUGCON - INFO - Epoch [11/50]-(15/22) Loss: 0.2297, Acc(1): 100.00, Acc(5): 100.00
2023-06-19 16:35:18,045 - AUGCON - INFO - Epoch [11/50]-(20/22) Loss: 0.3064, Acc(1): 100.00, Acc(5): 100.00
2023-06-19 16:35:18,045 - AUGCON - INFO - 	Validation Loss: 1.1494, Acc(1): 82.00, Acc(5): 94.00, F1: 0.19, Recall: 0.18, Precision: 0.19
2023-06-19 16:35:18,046 - AUGCON - INFO - Epoch [12/50]-(0/22) Loss: 0.3256, Acc(1): 100.00, Acc(5): 100.00
2023-06-19 16:35:18,046 - AUGCON - INFO - Epoch [12/50]-(5/22) Loss: 0.9109, Acc(1): 50.00, Acc(5): 100.00
2023-06-19 16:35:18,046 - AUGCON - INFO - Epoch [12/50]-(10/22) Loss: 0.2004, Acc(1): 100.00, Acc(5): 100.00
2023-06-19 16:35:18,046 - AUGCON - INFO - Epoch [12/50]-(15/22) Loss: 0.2726, Acc(1): 100.00, Acc(5): 100.00
2023-06-19 16:35:18,046 - AUGCON - INFO - Epoch [12/50]-(20/22) Loss: 0.5786, Acc(1): 75.00, Acc(5): 100.00
2023-06-19 16:35:18,046 - AUGCON - INFO - 	Validation Loss: 1.1108, Acc(1): 79.00, Acc(5): 94.00, F1: 0.18, Recall: 0.17, Precision: 0.18
2023-06-19 16:35:18,046 - AUGCON - INFO - Epoch [13/50]-(0/22) Loss: 0.3378, Acc(1): 100.00, Acc(5): 100.00
2023-06-19 16:35:18,046 - AUGCON - INFO - Epoch [13/50]-(5/22) Loss: 0.3185, Acc(1): 100.00, Acc(5): 100.00
2023-06-19 16:35:18,046 - AUGCON - INFO - Epoch [13/50]-(10/22) Loss: 1.1845, Acc(1): 25.00, Acc(5): 100.00
2023-06-19 16:35:18,046 - AUGCON - INFO - Epoch [13/50]-(15/22) Loss: 0.4103, Acc(1): 100.00, Acc(5): 100.00
2023-06-19 16:35:18,046 - AUGCON - INFO - Epoch [13/50]-(20/22) Loss: 0.2827, Acc(1): 100.00, Acc(5): 100.00
2023-06-19 16:35:18,046 - AUGCON - INFO - 	Validation Loss: 1.1883, Acc(1): 78.00, Acc(5): 94.00, F1: 0.18, Recall: 0.17, Precision: 0.18
2023-06-19 16:35:18,046 - AUGCON - INFO - Epoch [14/50]-(0/22) Loss: 0.3172, Acc(1): 75.00, Acc(5): 100.00
2023-06-19 16:35:18,047 - AUGCON - INFO - Epoch [14/50]-(5/22) Loss: 0.3171, Acc(1): 100.00, Acc(5): 100.00
2023-06-19 16:35:18,047 - AUGCON - INFO - Epoch [14/50]-(10/22) Loss: 0.3196, Acc(1): 100.00, Acc(5): 100.00
2023-06-19 16:35:18,047 - AUGCON - INFO - Epoch [14/50]-(15/22) Loss: 0.6017, Acc(1): 75.00, Acc(5): 100.00
2023-06-19 16:35:18,047 - AUGCON - INFO - Epoch [14/50]-(20/22) Loss: 0.3487, Acc(1): 100.00, Acc(5): 100.00
2023-06-19 16:35:18,047 - AUGCON - INFO - 	Validation Loss: 1.1730, Acc(1): 79.00, Acc(5): 94.00, F1: 0.18, Recall: 0.18, Precision: 0.17
2023-06-19 16:35:18,047 - AUGCON - INFO - Epoch [15/50]-(0/22) Loss: 0.4887, Acc(1): 100.00, Acc(5): 100.00
2023-06-19 16:35:18,047 - AUGCON - INFO - Epoch [15/50]-(5/22) Loss: 0.4938, Acc(1): 100.00, Acc(5): 100.00
2023-06-19 16:35:18,047 - AUGCON - INFO - Epoch [15/50]-(10/22) Loss: 0.5597, Acc(1): 75.00, Acc(5): 100.00
2023-06-19 16:35:18,047 - AUGCON - INFO - Epoch [15/50]-(15/22) Loss: 0.2933, Acc(1): 100.00, Acc(5): 100.00
2023-06-19 16:35:18,047 - AUGCON - INFO - Epoch [15/50]-(20/22) Loss: 0.0814, Acc(1): 100.00, Acc(5): 100.00
2023-06-19 16:35:18,047 - AUGCON - INFO - 	Validation Loss: 1.1651, Acc(1): 82.00, Acc(5): 94.00, F1: 0.18, Recall: 0.18, Precision: 0.18
2023-06-19 16:35:18,047 - AUGCON - INFO - Epoch [16/50]-(0/22) Loss: 0.1708, Acc(1): 100.00, Acc(5): 100.00
2023-06-19 16:35:18,048 - AUGCON - INFO - Epoch [16/50]-(5/22) Loss: 0.5203, Acc(1): 75.00, Acc(5): 100.00
2023-06-19 16:35:18,048 - AUGCON - INFO - Epoch [16/50]-(10/22) Loss: 0.3439, Acc(1): 100.00, Acc(5): 100.00
2023-06-19 16:35:18,048 - AUGCON - INFO - Epoch [16/50]-(15/22) Loss: 0.7332, Acc(1): 75.00, Acc(5): 100.00
2023-06-19 16:35:18,048 - AUGCON - INFO - Epoch [16/50]-(20/22) Loss: 0.0945, Acc(1): 100.00, Acc(5): 100.00
2023-06-19 16:35:18,048 - AUGCON - INFO - 	Validation Loss: 1.1739, Acc(1): 78.00, Acc(5): 94.00, F1: 0.18, Recall: 0.17, Precision: 0.19
2023-06-19 16:35:18,048 - AUGCON - INFO - Epoch [17/50]-(0/22) Loss: 0.4805, Acc(1): 100.00, Acc(5): 100.00
2023-06-19 16:35:18,048 - AUGCON - INFO - Epoch [17/50]-(5/22) Loss: 0.2886, Acc(1): 100.00, Acc(5): 100.00
2023-06-19 16:35:18,048 - AUGCON - INFO - Epoch [17/50]-(10/22) Loss: 0.1641, Acc(1): 100.00, Acc(5): 100.00
2023-06-19 16:35:18,048 - AUGCON - INFO - Epoch [17/50]-(15/22) Loss: 0.3577, Acc(1): 100.00, Acc(5): 100.00
2023-06-19 16:35:18,048 - AUGCON - INFO - Epoch [17/50]-(20/22) Loss: 0.7276, Acc(1): 50.00, Acc(5): 100.00
2023-06-19 16:35:18,048 - AUGCON - INFO - 	Validation Loss: 1.1710, Acc(1): 82.00, Acc(5): 94.00, F1: 0.18, Recall: 0.18, Precision: 0.18
2023-06-19 16:35:18,048 - AUGCON - INFO - Epoch [18/50]-(0/22) Loss: 0.4713, Acc(1): 100.00, Acc(5): 100.00
2023-06-19 16:35:18,049 - AUGCON - INFO - Epoch [18/50]-(5/22) Loss: 0.4828, Acc(1): 100.00, Acc(5): 100.00
2023-06-19 16:35:18,049 - AUGCON - INFO - Epoch [18/50]-(10/22) Loss: 0.3379, Acc(1): 100.00, Acc(5): 100.00
2023-06-19 16:35:18,049 - AUGCON - INFO - Epoch [18/50]-(15/22) Loss: 0.1080, Acc(1): 100.00, Acc(5): 100.00
2023-06-19 16:35:18,049 - AUGCON - INFO - Epoch [18/50]-(20/22) Loss: 0.1210, Acc(1): 100.00, Acc(5): 100.00
2023-06-19 16:35:18,049 - AUGCON - INFO - 	Validation Loss: 1.2010, Acc(1): 80.00, Acc(5): 94.00, F1: 0.18, Recall: 0.18, Precision: 0.19
2023-06-19 16:35:18,049 - AUGCON - INFO - Epoch [19/50]-(0/22) Loss: 0.3859, Acc(1): 75.00, Acc(5): 100.00
2023-06-19 16:35:18,049 - AUGCON - INFO - Epoch [19/50]-(5/22) Loss: 0.1721, Acc(1): 100.00, Acc(5): 100.00
2023-06-19 16:35:18,049 - AUGCON - INFO - Epoch [19/50]-(10/22) Loss: 0.1973, Acc(1): 100.00, Acc(5): 100.00
2023-06-19 16:35:18,049 - AUGCON - INFO - Epoch [19/50]-(15/22) Loss: 0.4727, Acc(1): 75.00, Acc(5): 100.00
2023-06-19 16:35:18,049 - AUGCON - INFO - Epoch [19/50]-(20/22) Loss: 0.5452, Acc(1): 75.00, Acc(5): 100.00
2023-06-19 16:35:18,049 - AUGCON - INFO - 	Validation Loss: 1.2160, Acc(1): 81.00, Acc(5): 94.00, F1: 0.18, Recall: 0.18, Precision: 0.18
2023-06-19 16:35:18,049 - AUGCON - INFO - Epoch [20/50]-(0/22) Loss: 0.3157, Acc(1): 100.00, Acc(5): 100.00
2023-06-19 16:35:18,049 - AUGCON - INFO - Epoch [20/50]-(5/22) Loss: 0.3604, Acc(1): 100.00, Acc(5): 100.00
2023-06-19 16:35:18,050 - AUGCON - INFO - Epoch [20/50]-(10/22) Loss: 0.2730, Acc(1): 100.00, Acc(5): 100.00
2023-06-19 16:35:18,050 - AUGCON - INFO - Epoch [20/50]-(15/22) Loss: 0.3579, Acc(1): 100.00, Acc(5): 100.00
2023-06-19 16:35:18,050 - AUGCON - INFO - Epoch [20/50]-(20/22) Loss: 0.3108, Acc(1): 100.00, Acc(5): 100.00
2023-06-19 16:35:18,050 - AUGCON - INFO - 	Validation Loss: 1.2245, Acc(1): 81.00, Acc(5): 94.00, F1: 0.18, Recall: 0.18, Precision: 0.18
2023-06-19 16:35:18,050 - AUGCON - INFO - Epoch [21/50]-(0/22) Loss: 0.2054, Acc(1): 100.00, Acc(5): 100.00
2023-06-19 16:35:18,050 - AUGCON - INFO - Epoch [21/50]-(5/22) Loss: 0.4988, Acc(1): 75.00, Acc(5): 100.00
2023-06-19 16:35:18,050 - AUGCON - INFO - Epoch [21/50]-(10/22) Loss: 0.4886, Acc(1): 75.00, Acc(5): 100.00
2023-06-19 16:35:18,050 - AUGCON - INFO - Epoch [21/50]-(15/22) Loss: 0.5243, Acc(1): 75.00, Acc(5): 100.00
2023-06-19 16:35:18,050 - AUGCON - INFO - Epoch [21/50]-(20/22) Loss: 0.3211, Acc(1): 100.00, Acc(5): 100.00
2023-06-19 16:35:18,050 - AUGCON - INFO - 	Validation Loss: 1.2231, Acc(1): 80.00, Acc(5): 94.00, F1: 0.18, Recall: 0.19, Precision: 0.17
2023-06-19 16:35:18,050 - AUGCON - INFO - Epoch [22/50]-(0/22) Loss: 0.4734, Acc(1): 75.00, Acc(5): 100.00
2023-06-19 16:35:18,051 - AUGCON - INFO - Epoch [22/50]-(5/22) Loss: 0.1598, Acc(1): 100.00, Acc(5): 100.00
2023-06-19 16:35:18,051 - AUGCON - INFO - Epoch [22/50]-(10/22) Loss: 0.9207, Acc(1): 75.00, Acc(5): 100.00
2023-06-19 16:35:18,051 - AUGCON - INFO - Epoch [22/50]-(15/22) Loss: 0.1713, Acc(1): 100.00, Acc(5): 100.00
2023-06-19 16:35:18,051 - AUGCON - INFO - Epoch [22/50]-(20/22) Loss: 0.2783, Acc(1): 75.00, Acc(5): 100.00
2023-06-19 16:35:18,051 - AUGCON - INFO - 	Validation Loss: 1.2358, Acc(1): 81.00, Acc(5): 94.00, F1: 0.18, Recall: 0.18, Precision: 0.18
2023-06-19 16:35:18,051 - AUGCON - INFO - Epoch [23/50]-(0/22) Loss: 0.3474, Acc(1): 100.00, Acc(5): 100.00
2023-06-19 16:35:18,051 - AUGCON - INFO - Epoch [23/50]-(5/22) Loss: 0.2963, Acc(1): 100.00, Acc(5): 100.00
2023-06-19 16:35:18,051 - AUGCON - INFO - Epoch [23/50]-(10/22) Loss: 0.1975, Acc(1): 100.00, Acc(5): 100.00
2023-06-19 16:35:18,051 - AUGCON - INFO - Epoch [23/50]-(15/22) Loss: 1.1305, Acc(1): 75.00, Acc(5): 100.00
2023-06-19 16:35:18,051 - AUGCON - INFO - Epoch [23/50]-(20/22) Loss: 0.1681, Acc(1): 100.00, Acc(5): 100.00
2023-06-19 16:35:18,051 - AUGCON - INFO - 	Validation Loss: 1.2645, Acc(1): 80.00, Acc(5): 94.00, F1: 0.18, Recall: 0.18, Precision: 0.17
2023-06-19 16:35:18,051 - AUGCON - INFO - Epoch [24/50]-(0/22) Loss: 0.7083, Acc(1): 50.00, Acc(5): 100.00
2023-06-19 16:35:18,052 - AUGCON - INFO - Epoch [24/50]-(5/22) Loss: 0.2392, Acc(1): 100.00, Acc(5): 100.00
2023-06-19 16:35:18,052 - AUGCON - INFO - Epoch [24/50]-(10/22) Loss: 0.2896, Acc(1): 100.00, Acc(5): 100.00
2023-06-19 16:35:18,052 - AUGCON - INFO - Epoch [24/50]-(15/22) Loss: 1.1286, Acc(1): 50.00, Acc(5): 100.00
2023-06-19 16:35:18,052 - AUGCON - INFO - Epoch [24/50]-(20/22) Loss: 0.2427, Acc(1): 100.00, Acc(5): 100.00
2023-06-19 16:35:18,052 - AUGCON - INFO - 	Validation Loss: 1.2708, Acc(1): 78.00, Acc(5): 94.00, F1: 0.18, Recall: 0.17, Precision: 0.19
2023-06-19 16:35:18,052 - AUGCON - INFO - Epoch [25/50]-(0/22) Loss: 0.4676, Acc(1): 75.00, Acc(5): 100.00
2023-06-19 16:35:18,052 - AUGCON - INFO - Epoch [25/50]-(5/22) Loss: 0.4029, Acc(1): 75.00, Acc(5): 100.00
2023-06-19 16:35:18,052 - AUGCON - INFO - Epoch [25/50]-(10/22) Loss: 0.2004, Acc(1): 100.00, Acc(5): 100.00
2023-06-19 16:35:18,052 - AUGCON - INFO - Epoch [25/50]-(15/22) Loss: 0.2101, Acc(1): 100.00, Acc(5): 100.00
2023-06-19 16:35:18,052 - AUGCON - INFO - Epoch [25/50]-(20/22) Loss: 0.2002, Acc(1): 100.00, Acc(5): 100.00
2023-06-19 16:35:18,052 - AUGCON - INFO - 	Validation Loss: 1.2588, Acc(1): 81.00, Acc(5): 94.00, F1: 0.18, Recall: 0.18, Precision: 0.18
2023-06-19 16:35:18,052 - AUGCON - INFO - Epoch [26/50]-(0/22) Loss: 0.9272, Acc(1): 50.00, Acc(5): 100.00
2023-06-19 16:35:18,053 - AUGCON - INFO - Epoch [26/50]-(5/22) Loss: 0.2383, Acc(1): 100.00, Acc(5): 100.00
2023-06-19 16:35:18,053 - AUGCON - INFO - Epoch [26/50]-(10/22) Loss: 0.2567, Acc(1): 100.00, Acc(5): 100.00
2023-06-19 16:35:18,053 - AUGCON - INFO - Epoch [26/50]-(15/22) Loss: 0.3721, Acc(1): 100.00, Acc(5): 100.00
2023-06-19 16:35:18,053 - AUGCON - INFO - Epoch [26/50]-(20/22) Loss: 0.0858, Acc(1): 100.00, Acc(5): 100.00
2023-06-19 16:35:18,053 - AUGCON - INFO - 	Validation Loss: 1.2772, Acc(1): 81.00, Acc(5): 94.00, F1: 0.18, Recall: 0.18, Precision: 0.18
2023-06-19 16:35:18,053 - AUGCON - INFO - Epoch [27/50]-(0/22) Loss: 0.3094, Acc(1): 75.00, Acc(5): 100.00
2023-06-19 16:35:18,053 - AUGCON - INFO - Epoch [27/50]-(5/22) Loss: 0.1980, Acc(1): 100.00, Acc(5): 100.00
2023-06-19 16:35:18,053 - AUGCON - INFO - Epoch [27/50]-(10/22) Loss: 0.3473, Acc(1): 75.00, Acc(5): 100.00
2023-06-19 16:35:18,053 - AUGCON - INFO - Epoch [27/50]-(15/22) Loss: 0.1397, Acc(1): 100.00, Acc(5): 100.00
2023-06-19 16:35:18,053 - AUGCON - INFO - Epoch [27/50]-(20/22) Loss: 0.6639, Acc(1): 75.00, Acc(5): 100.00
2023-06-19 16:35:18,053 - AUGCON - INFO - 	Validation Loss: 1.2827, Acc(1): 79.00, Acc(5): 94.00, F1: 0.18, Recall: 0.17, Precision: 0.18
2023-06-19 16:35:18,053 - AUGCON - INFO - Epoch [28/50]-(0/22) Loss: 0.7489, Acc(1): 50.00, Acc(5): 100.00
2023-06-19 16:35:18,054 - AUGCON - INFO - Epoch [28/50]-(5/22) Loss: 0.2927, Acc(1): 100.00, Acc(5): 100.00
2023-06-19 16:35:18,054 - AUGCON - INFO - Epoch [28/50]-(10/22) Loss: 0.2957, Acc(1): 100.00, Acc(5): 100.00
2023-06-19 16:35:18,054 - AUGCON - INFO - Epoch [28/50]-(15/22) Loss: 0.6463, Acc(1): 50.00, Acc(5): 100.00
2023-06-19 16:35:18,054 - AUGCON - INFO - Epoch [28/50]-(20/22) Loss: 0.3191, Acc(1): 100.00, Acc(5): 100.00
2023-06-19 16:35:18,054 - AUGCON - INFO - 	Validation Loss: 1.2933, Acc(1): 81.00, Acc(5): 94.00, F1: 0.18, Recall: 0.18, Precision: 0.18
2023-06-19 16:35:18,054 - AUGCON - INFO - Epoch [29/50]-(0/22) Loss: 0.2793, Acc(1): 100.00, Acc(5): 100.00
2023-06-19 16:35:18,054 - AUGCON - INFO - Epoch [29/50]-(5/22) Loss: 0.2523, Acc(1): 75.00, Acc(5): 100.00
2023-06-19 16:35:18,054 - AUGCON - INFO - Epoch [29/50]-(10/22) Loss: 0.6097, Acc(1): 75.00, Acc(5): 100.00
2023-06-19 16:35:18,054 - AUGCON - INFO - Epoch [29/50]-(15/22) Loss: 0.2606, Acc(1): 100.00, Acc(5): 100.00
2023-06-19 16:35:18,054 - AUGCON - INFO - Epoch [29/50]-(20/22) Loss: 0.2283, Acc(1): 100.00, Acc(5): 100.00
2023-06-19 16:35:18,054 - AUGCON - INFO - 	Validation Loss: 1.2976, Acc(1): 81.00, Acc(5): 94.00, F1: 0.18, Recall: 0.18, Precision: 0.18
2023-06-19 16:35:18,055 - AUGCON - INFO - Epoch [30/50]-(0/22) Loss: 0.3211, Acc(1): 75.00, Acc(5): 100.00
2023-06-19 16:35:18,055 - AUGCON - INFO - Epoch [30/50]-(5/22) Loss: 0.2744, Acc(1): 100.00, Acc(5): 100.00
2023-06-19 16:35:18,055 - AUGCON - INFO - Epoch [30/50]-(10/22) Loss: 0.5772, Acc(1): 75.00, Acc(5): 100.00
2023-06-19 16:35:18,055 - AUGCON - INFO - Epoch [30/50]-(15/22) Loss: 0.1773, Acc(1): 100.00, Acc(5): 100.00
2023-06-19 16:35:18,055 - AUGCON - INFO - Epoch [30/50]-(20/22) Loss: 0.1373, Acc(1): 100.00, Acc(5): 100.00
2023-06-19 16:35:18,055 - AUGCON - INFO - 	Validation Loss: 1.3140, Acc(1): 78.00, Acc(5): 94.00, F1: 0.17, Recall: 0.18, Precision: 0.16
2023-06-19 16:35:18,055 - AUGCON - INFO - Epoch [31/50]-(0/22) Loss: 0.2581, Acc(1): 100.00, Acc(5): 100.00
2023-06-19 16:35:18,055 - AUGCON - INFO - Epoch [31/50]-(5/22) Loss: 0.2537, Acc(1): 75.00, Acc(5): 100.00
2023-06-19 16:35:18,055 - AUGCON - INFO - Epoch [31/50]-(10/22) Loss: 0.5420, Acc(1): 100.00, Acc(5): 100.00
2023-06-19 16:35:18,055 - AUGCON - INFO - Epoch [31/50]-(15/22) Loss: 0.4690, Acc(1): 75.00, Acc(5): 100.00
2023-06-19 16:35:18,055 - AUGCON - INFO - Epoch [31/50]-(20/22) Loss: 0.1023, Acc(1): 100.00, Acc(5): 100.00
2023-06-19 16:35:18,055 - AUGCON - INFO - 	Validation Loss: 1.3036, Acc(1): 80.00, Acc(5): 94.00, F1: 0.18, Recall: 0.18, Precision: 0.18
2023-06-19 16:35:18,056 - AUGCON - INFO - Epoch [32/50]-(0/22) Loss: 0.2863, Acc(1): 100.00, Acc(5): 100.00
2023-06-19 16:35:18,056 - AUGCON - INFO - Epoch [32/50]-(5/22) Loss: 0.3562, Acc(1): 100.00, Acc(5): 100.00
2023-06-19 16:35:18,056 - AUGCON - INFO - Epoch [32/50]-(10/22) Loss: 0.3462, Acc(1): 75.00, Acc(5): 100.00
2023-06-19 16:35:18,056 - AUGCON - INFO - Epoch [32/50]-(15/22) Loss: 1.1595, Acc(1): 50.00, Acc(5): 100.00
2023-06-19 16:35:18,056 - AUGCON - INFO - Epoch [32/50]-(20/22) Loss: 0.1047, Acc(1): 100.00, Acc(5): 100.00
2023-06-19 16:35:18,056 - AUGCON - INFO - 	Validation Loss: 1.3187, Acc(1): 79.00, Acc(5): 94.00, F1: 0.18, Recall: 0.18, Precision: 0.17
2023-06-19 16:35:18,056 - AUGCON - INFO - Epoch [33/50]-(0/22) Loss: 0.2501, Acc(1): 100.00, Acc(5): 100.00
2023-06-19 16:35:18,056 - AUGCON - INFO - Epoch [33/50]-(5/22) Loss: 0.2399, Acc(1): 100.00, Acc(5): 100.00
2023-06-19 16:35:18,056 - AUGCON - INFO - Epoch [33/50]-(10/22) Loss: 1.0116, Acc(1): 50.00, Acc(5): 100.00
2023-06-19 16:35:18,056 - AUGCON - INFO - Epoch [33/50]-(15/22) Loss: 0.1613, Acc(1): 100.00, Acc(5): 100.00
2023-06-19 16:35:18,056 - AUGCON - INFO - Epoch [33/50]-(20/22) Loss: 0.7946, Acc(1): 75.00, Acc(5): 100.00
2023-06-19 16:35:18,056 - AUGCON - INFO - 	Validation Loss: 1.3498, Acc(1): 81.00, Acc(5): 94.00, F1: 0.18, Recall: 0.18, Precision: 0.17
2023-06-19 16:35:18,057 - AUGCON - INFO - Epoch [34/50]-(0/22) Loss: 0.1943, Acc(1): 100.00, Acc(5): 100.00
2023-06-19 16:35:18,057 - AUGCON - INFO - Epoch [34/50]-(5/22) Loss: 0.1162, Acc(1): 100.00, Acc(5): 100.00
2023-06-19 16:35:18,057 - AUGCON - INFO - Epoch [34/50]-(10/22) Loss: 0.2776, Acc(1): 100.00, Acc(5): 100.00
2023-06-19 16:35:18,057 - AUGCON - INFO - Epoch [34/50]-(15/22) Loss: 0.6499, Acc(1): 50.00, Acc(5): 100.00
2023-06-19 16:35:18,057 - AUGCON - INFO - Epoch [34/50]-(20/22) Loss: 0.1526, Acc(1): 100.00, Acc(5): 100.00
2023-06-19 16:35:18,057 - AUGCON - INFO - 	Validation Loss: 1.3422, Acc(1): 81.00, Acc(5): 94.00, F1: 0.18, Recall: 0.18, Precision: 0.18
2023-06-19 16:35:18,057 - AUGCON - INFO - Epoch [35/50]-(0/22) Loss: 0.0773, Acc(1): 100.00, Acc(5): 100.00
2023-06-19 16:35:18,057 - AUGCON - INFO - Epoch [35/50]-(5/22) Loss: 0.4913, Acc(1): 75.00, Acc(5): 100.00
2023-06-19 16:35:18,057 - AUGCON - INFO - Epoch [35/50]-(10/22) Loss: 0.6317, Acc(1): 75.00, Acc(5): 100.00
2023-06-19 16:35:18,057 - AUGCON - INFO - Epoch [35/50]-(15/22) Loss: 0.1408, Acc(1): 100.00, Acc(5): 100.00
2023-06-19 16:35:18,057 - AUGCON - INFO - Epoch [35/50]-(20/22) Loss: 0.2919, Acc(1): 100.00, Acc(5): 100.00
2023-06-19 16:35:18,057 - AUGCON - INFO - 	Validation Loss: 1.3620, Acc(1): 81.00, Acc(5): 94.00, F1: 0.19, Recall: 0.19, Precision: 0.18
2023-06-19 16:35:18,058 - AUGCON - INFO - Epoch [36/50]-(0/22) Loss: 0.2564, Acc(1): 100.00, Acc(5): 100.00
2023-06-19 16:35:18,058 - AUGCON - INFO - Epoch [36/50]-(5/22) Loss: 0.2456, Acc(1): 100.00, Acc(5): 100.00
2023-06-19 16:35:18,058 - AUGCON - INFO - Epoch [36/50]-(10/22) Loss: 0.1695, Acc(1): 100.00, Acc(5): 100.00
2023-06-19 16:35:18,058 - AUGCON - INFO - Epoch [36/50]-(15/22) Loss: 1.3279, Acc(1): 50.00, Acc(5): 100.00
2023-06-19 16:35:18,058 - AUGCON - INFO - Epoch [36/50]-(20/22) Loss: 0.1098, Acc(1): 100.00, Acc(5): 100.00
2023-06-19 16:35:18,058 - AUGCON - INFO - 	Validation Loss: 1.3873, Acc(1): 78.00, Acc(5): 94.00, F1: 0.17, Recall: 0.18, Precision: 0.17
2023-06-19 16:35:18,058 - AUGCON - INFO - Epoch [37/50]-(0/22) Loss: 0.4806, Acc(1): 75.00, Acc(5): 100.00
2023-06-19 16:35:18,058 - AUGCON - INFO - Epoch [37/50]-(5/22) Loss: 0.4269, Acc(1): 75.00, Acc(5): 100.00
2023-06-19 16:35:18,058 - AUGCON - INFO - Epoch [37/50]-(10/22) Loss: 0.1184, Acc(1): 100.00, Acc(5): 100.00
2023-06-19 16:35:18,058 - AUGCON - INFO - Epoch [37/50]-(15/22) Loss: 0.2218, Acc(1): 100.00, Acc(5): 100.00
2023-06-19 16:35:18,058 - AUGCON - INFO - Epoch [37/50]-(20/22) Loss: 0.7087, Acc(1): 75.00, Acc(5): 100.00
2023-06-19 16:35:18,058 - AUGCON - INFO - 	Validation Loss: 1.3701, Acc(1): 77.00, Acc(5): 94.00, F1: 0.17, Recall: 0.18, Precision: 0.17
2023-06-19 16:35:18,059 - AUGCON - INFO - Epoch [38/50]-(0/22) Loss: 0.2250, Acc(1): 100.00, Acc(5): 100.00
2023-06-19 16:35:18,059 - AUGCON - INFO - Epoch [38/50]-(5/22) Loss: 0.3154, Acc(1): 100.00, Acc(5): 100.00
2023-06-19 16:35:18,059 - AUGCON - INFO - Epoch [38/50]-(10/22) Loss: 0.3585, Acc(1): 75.00, Acc(5): 100.00
2023-06-19 16:35:18,059 - AUGCON - INFO - Epoch [38/50]-(15/22) Loss: 0.4529, Acc(1): 75.00, Acc(5): 100.00
2023-06-19 16:35:18,059 - AUGCON - INFO - Epoch [38/50]-(20/22) Loss: 0.0739, Acc(1): 100.00, Acc(5): 100.00
2023-06-19 16:35:18,059 - AUGCON - INFO - 	Validation Loss: 1.3524, Acc(1): 81.00, Acc(5): 94.00, F1: 0.18, Recall: 0.18, Precision: 0.18
2023-06-19 16:35:18,059 - AUGCON - INFO - Epoch [39/50]-(0/22) Loss: 0.2492, Acc(1): 75.00, Acc(5): 100.00
2023-06-19 16:35:18,059 - AUGCON - INFO - Epoch [39/50]-(5/22) Loss: 0.2237, Acc(1): 100.00, Acc(5): 100.00
2023-06-19 16:35:18,059 - AUGCON - INFO - Epoch [39/50]-(10/22) Loss: 0.5401, Acc(1): 75.00, Acc(5): 100.00
2023-06-19 16:35:18,059 - AUGCON - INFO - Epoch [39/50]-(15/22) Loss: 0.0658, Acc(1): 100.00, Acc(5): 100.00
2023-06-19 16:35:18,059 - AUGCON - INFO - Epoch [39/50]-(20/22) Loss: 0.4087, Acc(1): 75.00, Acc(5): 100.00
2023-06-19 16:35:18,059 - AUGCON - INFO - 	Validation Loss: 1.3955, Acc(1): 79.00, Acc(5): 94.00, F1: 0.18, Recall: 0.18, Precision: 0.17
2023-06-19 16:35:18,060 - AUGCON - INFO - Epoch [40/50]-(0/22) Loss: 0.5661, Acc(1): 75.00, Acc(5): 100.00
2023-06-19 16:35:18,060 - AUGCON - INFO - Epoch [40/50]-(5/22) Loss: 0.3539, Acc(1): 75.00, Acc(5): 100.00
2023-06-19 16:35:18,060 - AUGCON - INFO - Epoch [40/50]-(10/22) Loss: 0.7811, Acc(1): 50.00, Acc(5): 100.00
2023-06-19 16:35:18,060 - AUGCON - INFO - Epoch [40/50]-(15/22) Loss: 0.1348, Acc(1): 100.00, Acc(5): 100.00
2023-06-19 16:35:18,060 - AUGCON - INFO - Epoch [40/50]-(20/22) Loss: 0.1518, Acc(1): 100.00, Acc(5): 100.00
2023-06-19 16:35:18,060 - AUGCON - INFO - 	Validation Loss: 1.3855, Acc(1): 82.00, Acc(5): 94.00, F1: 0.18, Recall: 0.18, Precision: 0.18
2023-06-19 16:35:18,060 - AUGCON - INFO - Epoch [41/50]-(0/22) Loss: 0.0867, Acc(1): 100.00, Acc(5): 100.00
2023-06-19 16:35:18,060 - AUGCON - INFO - Epoch [41/50]-(5/22) Loss: 0.2276, Acc(1): 100.00, Acc(5): 100.00
2023-06-19 16:35:18,060 - AUGCON - INFO - Epoch [41/50]-(10/22) Loss: 0.5891, Acc(1): 75.00, Acc(5): 100.00
2023-06-19 16:35:18,060 - AUGCON - INFO - Epoch [41/50]-(15/22) Loss: 0.0752, Acc(1): 100.00, Acc(5): 100.00
2023-06-19 16:35:18,060 - AUGCON - INFO - Epoch [41/50]-(20/22) Loss: 0.3180, Acc(1): 75.00, Acc(5): 100.00
2023-06-19 16:35:18,061 - AUGCON - INFO - 	Validation Loss: 1.4050, Acc(1): 80.00, Acc(5): 94.00, F1: 0.18, Recall: 0.19, Precision: 0.17
2023-06-19 16:35:18,061 - AUGCON - INFO - Epoch [42/50]-(0/22) Loss: 0.3386, Acc(1): 75.00, Acc(5): 100.00
2023-06-19 16:35:18,061 - AUGCON - INFO - Epoch [42/50]-(5/22) Loss: 0.2064, Acc(1): 100.00, Acc(5): 100.00
2023-06-19 16:35:18,061 - AUGCON - INFO - Epoch [42/50]-(10/22) Loss: 0.4643, Acc(1): 100.00, Acc(5): 100.00
2023-06-19 16:35:18,061 - AUGCON - INFO - Epoch [42/50]-(15/22) Loss: 0.6802, Acc(1): 75.00, Acc(5): 100.00
2023-06-19 16:35:18,061 - AUGCON - INFO - Epoch [42/50]-(20/22) Loss: 0.1354, Acc(1): 100.00, Acc(5): 100.00
2023-06-19 16:35:18,061 - AUGCON - INFO - 	Validation Loss: 1.4027, Acc(1): 82.00, Acc(5): 95.00, F1: 0.19, Recall: 0.18, Precision: 0.19
2023-06-19 16:35:18,061 - AUGCON - INFO - Epoch [43/50]-(0/22) Loss: 0.1715, Acc(1): 100.00, Acc(5): 100.00
2023-06-19 16:35:18,061 - AUGCON - INFO - Epoch [43/50]-(5/22) Loss: 0.3640, Acc(1): 100.00, Acc(5): 100.00
2023-06-19 16:35:18,061 - AUGCON - INFO - Epoch [43/50]-(10/22) Loss: 0.3586, Acc(1): 75.00, Acc(5): 100.00
2023-06-19 16:35:18,061 - AUGCON - INFO - Epoch [43/50]-(15/22) Loss: 0.6161, Acc(1): 75.00, Acc(5): 100.00
2023-06-19 16:35:18,061 - AUGCON - INFO - Epoch [43/50]-(20/22) Loss: 0.0871, Acc(1): 100.00, Acc(5): 100.00
2023-06-19 16:35:18,062 - AUGCON - INFO - 	Validation Loss: 1.4074, Acc(1): 78.00, Acc(5): 94.00, F1: 0.18, Recall: 0.18, Precision: 0.18
2023-06-19 16:35:18,062 - AUGCON - INFO - Epoch [44/50]-(0/22) Loss: 0.3356, Acc(1): 75.00, Acc(5): 100.00
2023-06-19 16:35:18,062 - AUGCON - INFO - Epoch [44/50]-(5/22) Loss: 0.2562, Acc(1): 100.00, Acc(5): 100.00
2023-06-19 16:35:18,062 - AUGCON - INFO - Epoch [44/50]-(10/22) Loss: 0.1552, Acc(1): 100.00, Acc(5): 100.00
2023-06-19 16:35:18,062 - AUGCON - INFO - Epoch [44/50]-(15/22) Loss: 0.1211, Acc(1): 100.00, Acc(5): 100.00
2023-06-19 16:35:18,062 - AUGCON - INFO - Epoch [44/50]-(20/22) Loss: 0.0958, Acc(1): 100.00, Acc(5): 100.00
2023-06-19 16:35:18,062 - AUGCON - INFO - 	Validation Loss: 1.4229, Acc(1): 80.00, Acc(5): 94.00, F1: 0.18, Recall: 0.18, Precision: 0.18
2023-06-19 16:35:18,062 - AUGCON - INFO - Epoch [45/50]-(0/22) Loss: 0.0946, Acc(1): 100.00, Acc(5): 100.00
2023-06-19 16:35:18,062 - AUGCON - INFO - Epoch [45/50]-(5/22) Loss: 0.5554, Acc(1): 75.00, Acc(5): 100.00
2023-06-19 16:35:18,062 - AUGCON - INFO - Epoch [45/50]-(10/22) Loss: 0.1335, Acc(1): 100.00, Acc(5): 100.00
2023-06-19 16:35:18,062 - AUGCON - INFO - Epoch [45/50]-(15/22) Loss: 0.2386, Acc(1): 100.00, Acc(5): 100.00
2023-06-19 16:35:18,062 - AUGCON - INFO - Epoch [45/50]-(20/22) Loss: 0.3701, Acc(1): 75.00, Acc(5): 100.00
2023-06-19 16:35:18,063 - AUGCON - INFO - 	Validation Loss: 1.4501, Acc(1): 79.00, Acc(5): 94.00, F1: 0.18, Recall: 0.18, Precision: 0.17
2023-06-19 16:35:18,063 - AUGCON - INFO - Epoch [46/50]-(0/22) Loss: 0.5059, Acc(1): 75.00, Acc(5): 100.00
2023-06-19 16:35:18,063 - AUGCON - INFO - Epoch [46/50]-(5/22) Loss: 0.3365, Acc(1): 100.00, Acc(5): 100.00
2023-06-19 16:35:18,063 - AUGCON - INFO - Epoch [46/50]-(10/22) Loss: 0.3751, Acc(1): 75.00, Acc(5): 100.00
2023-06-19 16:35:18,063 - AUGCON - INFO - Epoch [46/50]-(15/22) Loss: 0.7098, Acc(1): 50.00, Acc(5): 100.00
2023-06-19 16:35:18,063 - AUGCON - INFO - Epoch [46/50]-(20/22) Loss: 0.3028, Acc(1): 100.00, Acc(5): 100.00
2023-06-19 16:35:18,063 - AUGCON - INFO - 	Validation Loss: 1.4212, Acc(1): 82.00, Acc(5): 94.00, F1: 0.18, Recall: 0.18, Precision: 0.18
2023-06-19 16:35:18,063 - AUGCON - INFO - Epoch [47/50]-(0/22) Loss: 0.2711, Acc(1): 75.00, Acc(5): 100.00
2023-06-19 16:35:18,063 - AUGCON - INFO - Epoch [47/50]-(5/22) Loss: 0.3933, Acc(1): 75.00, Acc(5): 100.00
2023-06-19 16:35:18,063 - AUGCON - INFO - Epoch [47/50]-(10/22) Loss: 0.1697, Acc(1): 100.00, Acc(5): 100.00
2023-06-19 16:35:18,063 - AUGCON - INFO - Epoch [47/50]-(15/22) Loss: 0.5651, Acc(1): 75.00, Acc(5): 100.00
2023-06-19 16:35:18,064 - AUGCON - INFO - Epoch [47/50]-(20/22) Loss: 0.4593, Acc(1): 75.00, Acc(5): 100.00
2023-06-19 16:35:18,064 - AUGCON - INFO - 	Validation Loss: 1.4424, Acc(1): 79.00, Acc(5): 94.00, F1: 0.18, Recall: 0.18, Precision: 0.18
2023-06-19 16:35:18,064 - AUGCON - INFO - Epoch [48/50]-(0/22) Loss: 0.2564, Acc(1): 100.00, Acc(5): 100.00
2023-06-19 16:35:18,064 - AUGCON - INFO - Epoch [48/50]-(5/22) Loss: 0.0452, Acc(1): 100.00, Acc(5): 100.00
2023-06-19 16:35:18,064 - AUGCON - INFO - Epoch [48/50]-(10/22) Loss: 0.2726, Acc(1): 100.00, Acc(5): 100.00
2023-06-19 16:35:18,064 - AUGCON - INFO - Epoch [48/50]-(15/22) Loss: 0.0689, Acc(1): 100.00, Acc(5): 100.00
2023-06-19 16:35:18,064 - AUGCON - INFO - Epoch [48/50]-(20/22) Loss: 0.2234, Acc(1): 100.00, Acc(5): 100.00
2023-06-19 16:35:18,064 - AUGCON - INFO - 	Validation Loss: 1.4506, Acc(1): 78.00, Acc(5): 94.00, F1: 0.17, Recall: 0.18, Precision: 0.17
2023-06-19 16:35:18,065 - AUGCON - INFO - Epoch [49/50]-(0/22) Loss: 0.5492, Acc(1): 50.00, Acc(5): 100.00
2023-06-19 16:35:18,065 - AUGCON - INFO - Epoch [49/50]-(5/22) Loss: 0.2754, Acc(1): 75.00, Acc(5): 100.00
2023-06-19 16:35:18,065 - AUGCON - INFO - Epoch [49/50]-(10/22) Loss: 0.2433, Acc(1): 100.00, Acc(5): 100.00
2023-06-19 16:35:18,065 - AUGCON - INFO - Epoch [49/50]-(15/22) Loss: 0.3459, Acc(1): 100.00, Acc(5): 100.00
2023-06-19 16:35:18,065 - AUGCON - INFO - Epoch [49/50]-(20/22) Loss: 0.5143, Acc(1): 75.00, Acc(5): 100.00
2023-06-19 16:35:18,065 - AUGCON - INFO - 	Validation Loss: 1.4647, Acc(1): 81.00, Acc(5): 94.00, F1: 0.18, Recall: 0.18, Precision: 0.18
2023-06-19 16:35:18,065 - AUGCON - INFO - Epoch [50/50]-(0/22) Loss: 1.0166, Acc(1): 50.00, Acc(5): 100.00
2023-06-19 16:35:18,065 - AUGCON - INFO - Epoch [50/50]-(5/22) Loss: 0.3503, Acc(1): 75.00, Acc(5): 100.00
2023-06-19 16:35:18,065 - AUGCON - INFO - Epoch [50/50]-(10/22) Loss: 0.3132, Acc(1): 75.00, Acc(5): 100.00
2023-06-19 16:35:18,065 - AUGCON - INFO - Epoch [50/50]-(15/22) Loss: 0.3514, Acc(1): 100.00, Acc(5): 100.00
2023-06-19 16:35:18,066 - AUGCON - INFO - Epoch [50/50]-(20/22) Loss: 0.2112, Acc(1): 100.00, Acc(5): 100.00
2023-06-19 16:35:18,066 - AUGCON - INFO - 	Validation Loss: 1.4597, Acc(1): 80.00, Acc(5): 94.00, F1: 0.18, Recall: 0.18, Precision: 0.18
2023-06-19 16:35:18,066 - AUGCON - INFO - 	Validation Loss: 1.5697, Acc(1): 77.67, Acc(5): 94.00, F1: 0.17, Recall: 0.17, Precision: 0.17
