2023-06-19 16:34:09,760 - AUGCON - INFO - logger initialized (/home/hjyoon/projects/augcon/config/exp0/finetune_da_false/without_target_domain_PH0038-iygoo/metacpc_random_8421/tgt_target_domain_PH0041-hmkim_seed0.yaml.log)
2023-06-19 16:34:09,760 - AUGCON - INFO - ================= Config =================
2023-06-19 16:34:09,760 - AUGCON - INFO -   mode: finetune
2023-06-19 16:34:09,760 - AUGCON - INFO -   seed: 0
2023-06-19 16:34:09,760 - AUGCON - INFO -   gpu: [4]
2023-06-19 16:34:09,760 - AUGCON - INFO -   num_workers: 1
2023-06-19 16:34:09,760 - AUGCON - INFO -   dist_url: tcp://localhost:10001
2023-06-19 16:34:09,760 - AUGCON - INFO -   dataset_name: ichar
2023-06-19 16:34:09,760 - AUGCON - INFO -   train_dataset_path: /mnt/sting/hjyoon/projects/cross/ICHAR/augcon/target_domain_PH0041-hmkim/finetune/10shot/target/train.pkl
2023-06-19 16:34:09,760 - AUGCON - INFO -   test_dataset_path: /mnt/sting/hjyoon/projects/cross/ICHAR/augcon/target_domain_PH0041-hmkim/finetune/10shot/target/test.pkl
2023-06-19 16:34:09,760 - AUGCON - INFO -   val_dataset_path: /mnt/sting/hjyoon/projects/cross/ICHAR/augcon/target_domain_PH0041-hmkim/finetune/10shot/target/val.pkl
2023-06-19 16:34:09,760 - AUGCON - INFO -   input_channels: 3
2023-06-19 16:34:09,760 - AUGCON - INFO -   num_cls: 9
2023-06-19 16:34:09,760 - AUGCON - INFO -   optimizer: adam
2023-06-19 16:34:09,760 - AUGCON - INFO -   criterion: crossentropy
2023-06-19 16:34:09,761 - AUGCON - INFO -   start_epoch: 0
2023-06-19 16:34:09,761 - AUGCON - INFO -   epochs: 50
2023-06-19 16:34:09,761 - AUGCON - INFO -   batch_size: 4
2023-06-19 16:34:09,761 - AUGCON - INFO -   lr: 0.001
2023-06-19 16:34:09,761 - AUGCON - INFO -   wd: 0.0
2023-06-19 16:34:09,761 - AUGCON - INFO -   resume: 
2023-06-19 16:34:09,761 - AUGCON - INFO -   pretrained: /mnt/sting/hjyoon/projects/augcontrast/models/exp0/pretrain/without_target_domain_PH0038-iygoo/metacpc_random_8421/checkpoint_0999.pth.tar
2023-06-19 16:34:09,761 - AUGCON - INFO -   ckpt_dir: /mnt/sting/hjyoon/projects/augcontrast/models/exp0/finetune_da_false/without_target_domain_PH0038-iygoo/metacpc_random_8421/tgt_target_domain_PH0041-hmkim_seed0
2023-06-19 16:34:09,761 - AUGCON - INFO -   log_freq: 5
2023-06-19 16:34:09,761 - AUGCON - INFO -   save_freq: 10
2023-06-19 16:34:09,761 - AUGCON - INFO -   pretext: metacpc
2023-06-19 16:34:09,761 - AUGCON - INFO -   enc_blocks: 4
2023-06-19 16:34:09,761 - AUGCON - INFO -   kernel_sizes: [8, 4, 2, 1]
2023-06-19 16:34:09,761 - AUGCON - INFO -   strides: [4, 2, 1, 1]
2023-06-19 16:34:09,761 - AUGCON - INFO -   agg_blocks: 5
2023-06-19 16:34:09,761 - AUGCON - INFO -   z_dim: 256
2023-06-19 16:34:09,761 - AUGCON - INFO -   pooling: mean
2023-06-19 16:34:09,761 - AUGCON - INFO -   pred_steps: 12
2023-06-19 16:34:09,761 - AUGCON - INFO -   n_negatives: 15
2023-06-19 16:34:09,761 - AUGCON - INFO -   offset: 4
2023-06-19 16:34:09,761 - AUGCON - INFO -   domain_adaptation: False
2023-06-19 16:34:09,761 - AUGCON - INFO -   task_steps: 10
2023-06-19 16:34:09,761 - AUGCON - INFO -   task_lr: 0.001
2023-06-19 16:34:09,761 - AUGCON - INFO -   reg_lambda: 0
2023-06-19 16:34:09,761 - AUGCON - INFO -   mlp: False
2023-06-19 16:34:09,761 - AUGCON - INFO -   freeze: True
2023-06-19 16:34:09,761 - AUGCON - INFO -   no_vars: False
2023-06-19 16:34:09,761 - AUGCON - INFO - ==========================================
2023-06-19 16:34:09,761 - AUGCON - INFO - Setting GPUs: [4]
2023-06-19 16:34:09,761 - AUGCON - INFO - GPUs [4] will be used
2023-06-19 16:34:09,762 - AUGCON - WARNING - You have chosen to seed training. 
2023-06-19 16:34:09,762 - AUGCON - WARNING - This will turn on the CUDNN deterministic setting, 
2023-06-19 16:34:09,762 - AUGCON - WARNING - which can slow down your training considerably! 
2023-06-19 16:34:09,762 - AUGCON - WARNING - You may see unexpected behavior when restarting 
2023-06-19 16:34:09,762 - AUGCON - WARNING - from checkpoints.
2023-06-19 16:34:09,789 - AUGCON - INFO - Executing MetaCPC
2023-06-19 16:34:09,790 - AUGCON - INFO - Logs are skipped during training
2023-06-19 16:34:28,278 - AUGCON - INFO - Single GPU is used for training - training 90 instances for each worker
2023-06-19 16:34:28,278 - AUGCON - INFO - Loading pretrained model from checkpoint - /mnt/sting/hjyoon/projects/augcontrast/models/exp0/pretrain/without_target_domain_PH0038-iygoo/metacpc_random_8421/checkpoint_0999.pth.tar
2023-06-19 16:34:28,278 - AUGCON - INFO - Missing keys: []
2023-06-19 16:34:28,279 - AUGCON - INFO - Loading encoder parameters to the classifier
2023-06-19 16:34:28,279 - AUGCON - INFO - Missing keys: ['classifier.block.0.weight', 'classifier.block.0.bias']
2023-06-19 16:34:28,279 - AUGCON - INFO - Epoch [1/50]-(0/22) Loss: 2.4121, Acc(1): 0.00, Acc(5): 50.00
2023-06-19 16:34:28,279 - AUGCON - INFO - Epoch [1/50]-(5/22) Loss: 2.2916, Acc(1): 0.00, Acc(5): 100.00
2023-06-19 16:34:28,279 - AUGCON - INFO - Epoch [1/50]-(10/22) Loss: 2.6782, Acc(1): 0.00, Acc(5): 25.00
2023-06-19 16:34:28,279 - AUGCON - INFO - Epoch [1/50]-(15/22) Loss: 2.5308, Acc(1): 25.00, Acc(5): 50.00
2023-06-19 16:34:28,279 - AUGCON - INFO - Epoch [1/50]-(20/22) Loss: 2.6953, Acc(1): 0.00, Acc(5): 0.00
2023-06-19 16:34:28,280 - AUGCON - INFO - 	Validation Loss: 2.1408, Acc(1): 15.00, Acc(5): 68.00, F1: 0.01, Recall: 0.01, Precision: 0.02
2023-06-19 16:34:28,280 - AUGCON - INFO - Epoch [2/50]-(0/22) Loss: 2.3231, Acc(1): 0.00, Acc(5): 75.00
2023-06-19 16:34:28,280 - AUGCON - INFO - Epoch [2/50]-(5/22) Loss: 2.3375, Acc(1): 25.00, Acc(5): 25.00
2023-06-19 16:34:28,280 - AUGCON - INFO - Epoch [2/50]-(10/22) Loss: 2.5905, Acc(1): 0.00, Acc(5): 25.00
2023-06-19 16:34:28,280 - AUGCON - INFO - Epoch [2/50]-(15/22) Loss: 2.3762, Acc(1): 0.00, Acc(5): 50.00
2023-06-19 16:34:28,280 - AUGCON - INFO - Epoch [2/50]-(20/22) Loss: 2.2309, Acc(1): 0.00, Acc(5): 50.00
2023-06-19 16:34:28,280 - AUGCON - INFO - 	Validation Loss: 2.1880, Acc(1): 21.00, Acc(5): 60.00, F1: 0.07, Recall: 0.06, Precision: 0.09
2023-06-19 16:34:28,280 - AUGCON - INFO - Epoch [3/50]-(0/22) Loss: 2.0503, Acc(1): 25.00, Acc(5): 100.00
2023-06-19 16:34:28,280 - AUGCON - INFO - Epoch [3/50]-(5/22) Loss: 2.4019, Acc(1): 0.00, Acc(5): 25.00
2023-06-19 16:34:28,281 - AUGCON - INFO - Epoch [3/50]-(10/22) Loss: 2.2923, Acc(1): 0.00, Acc(5): 50.00
2023-06-19 16:34:28,281 - AUGCON - INFO - Epoch [3/50]-(15/22) Loss: 2.4287, Acc(1): 0.00, Acc(5): 25.00
2023-06-19 16:34:28,281 - AUGCON - INFO - Epoch [3/50]-(20/22) Loss: 2.2231, Acc(1): 25.00, Acc(5): 25.00
2023-06-19 16:34:28,281 - AUGCON - INFO - 	Validation Loss: 2.2209, Acc(1): 7.00, Acc(5): 43.00, F1: 0.01, Recall: 0.02, Precision: 0.01
2023-06-19 16:34:28,281 - AUGCON - INFO - Epoch [4/50]-(0/22) Loss: 2.1700, Acc(1): 0.00, Acc(5): 50.00
2023-06-19 16:34:28,281 - AUGCON - INFO - Epoch [4/50]-(5/22) Loss: 2.1902, Acc(1): 0.00, Acc(5): 75.00
2023-06-19 16:34:28,281 - AUGCON - INFO - Epoch [4/50]-(10/22) Loss: 2.1591, Acc(1): 0.00, Acc(5): 75.00
2023-06-19 16:34:28,281 - AUGCON - INFO - Epoch [4/50]-(15/22) Loss: 2.3353, Acc(1): 25.00, Acc(5): 50.00
2023-06-19 16:34:28,281 - AUGCON - INFO - Epoch [4/50]-(20/22) Loss: 2.3516, Acc(1): 0.00, Acc(5): 25.00
2023-06-19 16:34:28,281 - AUGCON - INFO - 	Validation Loss: 2.2046, Acc(1): 17.00, Acc(5): 60.00, F1: 0.05, Recall: 0.05, Precision: 0.06
2023-06-19 16:34:28,281 - AUGCON - INFO - Epoch [5/50]-(0/22) Loss: 2.1258, Acc(1): 50.00, Acc(5): 75.00
2023-06-19 16:34:28,282 - AUGCON - INFO - Epoch [5/50]-(5/22) Loss: 2.4267, Acc(1): 0.00, Acc(5): 0.00
2023-06-19 16:34:28,282 - AUGCON - INFO - Epoch [5/50]-(10/22) Loss: 2.2838, Acc(1): 0.00, Acc(5): 75.00
2023-06-19 16:34:28,282 - AUGCON - INFO - Epoch [5/50]-(15/22) Loss: 2.3696, Acc(1): 25.00, Acc(5): 25.00
2023-06-19 16:34:28,282 - AUGCON - INFO - Epoch [5/50]-(20/22) Loss: 2.2666, Acc(1): 0.00, Acc(5): 25.00
2023-06-19 16:34:28,282 - AUGCON - INFO - 	Validation Loss: 2.1824, Acc(1): 14.00, Acc(5): 57.00, F1: 0.02, Recall: 0.04, Precision: 0.02
2023-06-19 16:34:28,282 - AUGCON - INFO - Epoch [6/50]-(0/22) Loss: 2.1166, Acc(1): 0.00, Acc(5): 100.00
2023-06-19 16:34:28,282 - AUGCON - INFO - Epoch [6/50]-(5/22) Loss: 2.3631, Acc(1): 0.00, Acc(5): 0.00
2023-06-19 16:34:28,282 - AUGCON - INFO - Epoch [6/50]-(10/22) Loss: 2.3446, Acc(1): 0.00, Acc(5): 50.00
2023-06-19 16:34:28,282 - AUGCON - INFO - Epoch [6/50]-(15/22) Loss: 2.2902, Acc(1): 0.00, Acc(5): 25.00
2023-06-19 16:34:28,283 - AUGCON - INFO - Epoch [6/50]-(20/22) Loss: 2.5211, Acc(1): 0.00, Acc(5): 0.00
2023-06-19 16:34:28,283 - AUGCON - INFO - 	Validation Loss: 2.2019, Acc(1): 6.00, Acc(5): 57.00, F1: 0.02, Recall: 0.02, Precision: 0.01
2023-06-19 16:34:28,283 - AUGCON - INFO - Epoch [7/50]-(0/22) Loss: 2.1675, Acc(1): 25.00, Acc(5): 75.00
2023-06-19 16:34:28,283 - AUGCON - INFO - Epoch [7/50]-(5/22) Loss: 2.3032, Acc(1): 0.00, Acc(5): 50.00
2023-06-19 16:34:28,283 - AUGCON - INFO - Epoch [7/50]-(10/22) Loss: 2.1375, Acc(1): 25.00, Acc(5): 75.00
2023-06-19 16:34:28,283 - AUGCON - INFO - Epoch [7/50]-(15/22) Loss: 2.2612, Acc(1): 0.00, Acc(5): 50.00
2023-06-19 16:34:28,283 - AUGCON - INFO - Epoch [7/50]-(20/22) Loss: 2.3637, Acc(1): 0.00, Acc(5): 25.00
2023-06-19 16:34:28,283 - AUGCON - INFO - 	Validation Loss: 2.1908, Acc(1): 7.00, Acc(5): 66.00, F1: 0.01, Recall: 0.02, Precision: 0.01
2023-06-19 16:34:28,284 - AUGCON - INFO - Epoch [8/50]-(0/22) Loss: 2.3025, Acc(1): 0.00, Acc(5): 0.00
2023-06-19 16:34:28,284 - AUGCON - INFO - Epoch [8/50]-(5/22) Loss: 2.1987, Acc(1): 50.00, Acc(5): 50.00
2023-06-19 16:34:28,284 - AUGCON - INFO - Epoch [8/50]-(10/22) Loss: 2.5860, Acc(1): 0.00, Acc(5): 0.00
2023-06-19 16:34:28,284 - AUGCON - INFO - Epoch [8/50]-(15/22) Loss: 2.1552, Acc(1): 25.00, Acc(5): 50.00
2023-06-19 16:34:28,284 - AUGCON - INFO - Epoch [8/50]-(20/22) Loss: 2.5119, Acc(1): 0.00, Acc(5): 0.00
2023-06-19 16:34:28,284 - AUGCON - INFO - 	Validation Loss: 2.1678, Acc(1): 15.00, Acc(5): 73.00, F1: 0.04, Recall: 0.04, Precision: 0.04
2023-06-19 16:34:28,284 - AUGCON - INFO - Epoch [9/50]-(0/22) Loss: 2.2067, Acc(1): 25.00, Acc(5): 25.00
2023-06-19 16:34:28,284 - AUGCON - INFO - Epoch [9/50]-(5/22) Loss: 2.1618, Acc(1): 25.00, Acc(5): 75.00
2023-06-19 16:34:28,284 - AUGCON - INFO - Epoch [9/50]-(10/22) Loss: 2.0983, Acc(1): 50.00, Acc(5): 75.00
2023-06-19 16:34:28,285 - AUGCON - INFO - Epoch [9/50]-(15/22) Loss: 2.3454, Acc(1): 0.00, Acc(5): 25.00
2023-06-19 16:34:28,285 - AUGCON - INFO - Epoch [9/50]-(20/22) Loss: 2.3729, Acc(1): 0.00, Acc(5): 25.00
2023-06-19 16:34:28,285 - AUGCON - INFO - 	Validation Loss: 2.1851, Acc(1): 11.00, Acc(5): 61.00, F1: 0.02, Recall: 0.03, Precision: 0.01
2023-06-19 16:34:28,285 - AUGCON - INFO - Epoch [10/50]-(0/22) Loss: 2.1595, Acc(1): 25.00, Acc(5): 50.00
2023-06-19 16:34:28,285 - AUGCON - INFO - Epoch [10/50]-(5/22) Loss: 2.1580, Acc(1): 25.00, Acc(5): 50.00
2023-06-19 16:34:28,285 - AUGCON - INFO - Epoch [10/50]-(10/22) Loss: 2.0888, Acc(1): 25.00, Acc(5): 75.00
2023-06-19 16:34:28,285 - AUGCON - INFO - Epoch [10/50]-(15/22) Loss: 2.2113, Acc(1): 0.00, Acc(5): 75.00
2023-06-19 16:34:28,285 - AUGCON - INFO - Epoch [10/50]-(20/22) Loss: 2.4007, Acc(1): 0.00, Acc(5): 25.00
2023-06-19 16:34:28,285 - AUGCON - INFO - 	Validation Loss: 2.1913, Acc(1): 15.00, Acc(5): 69.00, F1: 0.05, Recall: 0.04, Precision: 0.05
2023-06-19 16:34:28,286 - AUGCON - INFO - Epoch [11/50]-(0/22) Loss: 2.2435, Acc(1): 25.00, Acc(5): 25.00
2023-06-19 16:34:28,286 - AUGCON - INFO - Epoch [11/50]-(5/22) Loss: 2.4658, Acc(1): 0.00, Acc(5): 0.00
2023-06-19 16:34:28,286 - AUGCON - INFO - Epoch [11/50]-(10/22) Loss: 2.0773, Acc(1): 25.00, Acc(5): 75.00
2023-06-19 16:34:28,286 - AUGCON - INFO - Epoch [11/50]-(15/22) Loss: 2.4703, Acc(1): 0.00, Acc(5): 50.00
2023-06-19 16:34:28,286 - AUGCON - INFO - Epoch [11/50]-(20/22) Loss: 2.2806, Acc(1): 0.00, Acc(5): 50.00
2023-06-19 16:34:28,286 - AUGCON - INFO - 	Validation Loss: 2.1996, Acc(1): 11.00, Acc(5): 67.00, F1: 0.02, Recall: 0.03, Precision: 0.02
2023-06-19 16:34:28,286 - AUGCON - INFO - Epoch [12/50]-(0/22) Loss: 2.2934, Acc(1): 0.00, Acc(5): 50.00
2023-06-19 16:34:28,286 - AUGCON - INFO - Epoch [12/50]-(5/22) Loss: 2.2153, Acc(1): 25.00, Acc(5): 50.00
2023-06-19 16:34:28,286 - AUGCON - INFO - Epoch [12/50]-(10/22) Loss: 2.1542, Acc(1): 25.00, Acc(5): 50.00
2023-06-19 16:34:28,287 - AUGCON - INFO - Epoch [12/50]-(15/22) Loss: 2.3136, Acc(1): 0.00, Acc(5): 25.00
2023-06-19 16:34:28,287 - AUGCON - INFO - Epoch [12/50]-(20/22) Loss: 2.3755, Acc(1): 0.00, Acc(5): 25.00
2023-06-19 16:34:28,287 - AUGCON - INFO - 	Validation Loss: 2.2323, Acc(1): 9.00, Acc(5): 47.00, F1: 0.04, Recall: 0.02, Precision: 0.07
2023-06-19 16:34:28,287 - AUGCON - INFO - Epoch [13/50]-(0/22) Loss: 2.2025, Acc(1): 25.00, Acc(5): 50.00
2023-06-19 16:34:28,287 - AUGCON - INFO - Epoch [13/50]-(5/22) Loss: 2.1938, Acc(1): 0.00, Acc(5): 50.00
2023-06-19 16:34:28,287 - AUGCON - INFO - Epoch [13/50]-(10/22) Loss: 2.3150, Acc(1): 0.00, Acc(5): 50.00
2023-06-19 16:34:28,287 - AUGCON - INFO - Epoch [13/50]-(15/22) Loss: 2.4349, Acc(1): 0.00, Acc(5): 25.00
2023-06-19 16:34:28,287 - AUGCON - INFO - Epoch [13/50]-(20/22) Loss: 2.2396, Acc(1): 0.00, Acc(5): 50.00
2023-06-19 16:34:28,287 - AUGCON - INFO - 	Validation Loss: 2.1639, Acc(1): 14.00, Acc(5): 68.00, F1: 0.02, Recall: 0.04, Precision: 0.02
2023-06-19 16:34:28,288 - AUGCON - INFO - Epoch [14/50]-(0/22) Loss: 2.1629, Acc(1): 0.00, Acc(5): 75.00
2023-06-19 16:34:28,288 - AUGCON - INFO - Epoch [14/50]-(5/22) Loss: 2.1080, Acc(1): 0.00, Acc(5): 100.00
2023-06-19 16:34:28,288 - AUGCON - INFO - Epoch [14/50]-(10/22) Loss: 2.1131, Acc(1): 25.00, Acc(5): 75.00
2023-06-19 16:34:28,288 - AUGCON - INFO - Epoch [14/50]-(15/22) Loss: 2.5038, Acc(1): 0.00, Acc(5): 25.00
2023-06-19 16:34:28,288 - AUGCON - INFO - Epoch [14/50]-(20/22) Loss: 2.5231, Acc(1): 0.00, Acc(5): 0.00
2023-06-19 16:34:28,288 - AUGCON - INFO - 	Validation Loss: 2.1841, Acc(1): 18.00, Acc(5): 64.00, F1: 0.05, Recall: 0.05, Precision: 0.04
2023-06-19 16:34:28,288 - AUGCON - INFO - Epoch [15/50]-(0/22) Loss: 2.2547, Acc(1): 0.00, Acc(5): 50.00
2023-06-19 16:34:28,288 - AUGCON - INFO - Epoch [15/50]-(5/22) Loss: 2.3650, Acc(1): 0.00, Acc(5): 25.00
2023-06-19 16:34:28,288 - AUGCON - INFO - Epoch [15/50]-(10/22) Loss: 2.0114, Acc(1): 0.00, Acc(5): 75.00
2023-06-19 16:34:28,289 - AUGCON - INFO - Epoch [15/50]-(15/22) Loss: 2.3911, Acc(1): 0.00, Acc(5): 50.00
2023-06-19 16:34:28,289 - AUGCON - INFO - Epoch [15/50]-(20/22) Loss: 2.6079, Acc(1): 0.00, Acc(5): 0.00
2023-06-19 16:34:28,289 - AUGCON - INFO - 	Validation Loss: 2.1532, Acc(1): 15.00, Acc(5): 70.00, F1: 0.01, Recall: 0.00, Precision: 0.17
2023-06-19 16:34:28,289 - AUGCON - INFO - Epoch [16/50]-(0/22) Loss: 2.2323, Acc(1): 0.00, Acc(5): 50.00
2023-06-19 16:34:28,289 - AUGCON - INFO - Epoch [16/50]-(5/22) Loss: 2.2802, Acc(1): 25.00, Acc(5): 50.00
2023-06-19 16:34:28,289 - AUGCON - INFO - Epoch [16/50]-(10/22) Loss: 2.5041, Acc(1): 0.00, Acc(5): 0.00
2023-06-19 16:34:28,289 - AUGCON - INFO - Epoch [16/50]-(15/22) Loss: 2.4618, Acc(1): 0.00, Acc(5): 50.00
2023-06-19 16:34:28,289 - AUGCON - INFO - Epoch [16/50]-(20/22) Loss: 2.2972, Acc(1): 0.00, Acc(5): 50.00
2023-06-19 16:34:28,289 - AUGCON - INFO - 	Validation Loss: 2.1536, Acc(1): 15.00, Acc(5): 65.00, F1: 0.04, Recall: 0.04, Precision: 0.04
2023-06-19 16:34:28,290 - AUGCON - INFO - Epoch [17/50]-(0/22) Loss: 2.3084, Acc(1): 0.00, Acc(5): 25.00
2023-06-19 16:34:28,290 - AUGCON - INFO - Epoch [17/50]-(5/22) Loss: 2.2221, Acc(1): 0.00, Acc(5): 75.00
2023-06-19 16:34:28,290 - AUGCON - INFO - Epoch [17/50]-(10/22) Loss: 2.3796, Acc(1): 0.00, Acc(5): 50.00
2023-06-19 16:34:28,290 - AUGCON - INFO - Epoch [17/50]-(15/22) Loss: 2.2902, Acc(1): 0.00, Acc(5): 50.00
2023-06-19 16:34:28,290 - AUGCON - INFO - Epoch [17/50]-(20/22) Loss: 2.2566, Acc(1): 0.00, Acc(5): 50.00
2023-06-19 16:34:28,290 - AUGCON - INFO - 	Validation Loss: 2.1427, Acc(1): 23.00, Acc(5): 77.00, F1: 0.06, Recall: 0.06, Precision: 0.05
2023-06-19 16:34:28,290 - AUGCON - INFO - Epoch [18/50]-(0/22) Loss: 2.1511, Acc(1): 25.00, Acc(5): 75.00
2023-06-19 16:34:28,290 - AUGCON - INFO - Epoch [18/50]-(5/22) Loss: 2.1522, Acc(1): 25.00, Acc(5): 75.00
2023-06-19 16:34:28,291 - AUGCON - INFO - Epoch [18/50]-(10/22) Loss: 2.5973, Acc(1): 0.00, Acc(5): 25.00
2023-06-19 16:34:28,291 - AUGCON - INFO - Epoch [18/50]-(15/22) Loss: 2.2223, Acc(1): 0.00, Acc(5): 75.00
2023-06-19 16:34:28,291 - AUGCON - INFO - Epoch [18/50]-(20/22) Loss: 2.1037, Acc(1): 50.00, Acc(5): 75.00
2023-06-19 16:34:28,291 - AUGCON - INFO - 	Validation Loss: 2.1357, Acc(1): 20.00, Acc(5): 81.00, F1: 0.04, Recall: 0.04, Precision: 0.05
2023-06-19 16:34:28,291 - AUGCON - INFO - Epoch [19/50]-(0/22) Loss: 2.1314, Acc(1): 0.00, Acc(5): 100.00
2023-06-19 16:34:28,291 - AUGCON - INFO - Epoch [19/50]-(5/22) Loss: 2.4806, Acc(1): 0.00, Acc(5): 0.00
2023-06-19 16:34:28,291 - AUGCON - INFO - Epoch [19/50]-(10/22) Loss: 2.3526, Acc(1): 0.00, Acc(5): 50.00
2023-06-19 16:34:28,291 - AUGCON - INFO - Epoch [19/50]-(15/22) Loss: 2.3142, Acc(1): 0.00, Acc(5): 50.00
2023-06-19 16:34:28,292 - AUGCON - INFO - Epoch [19/50]-(20/22) Loss: 2.0528, Acc(1): 25.00, Acc(5): 75.00
2023-06-19 16:34:28,292 - AUGCON - INFO - 	Validation Loss: 2.1997, Acc(1): 5.00, Acc(5): 70.00, F1: 0.01, Recall: 0.01, Precision: 0.01
2023-06-19 16:34:28,292 - AUGCON - INFO - Epoch [20/50]-(0/22) Loss: 2.1411, Acc(1): 0.00, Acc(5): 100.00
2023-06-19 16:34:28,292 - AUGCON - INFO - Epoch [20/50]-(5/22) Loss: 2.0027, Acc(1): 25.00, Acc(5): 100.00
2023-06-19 16:34:28,292 - AUGCON - INFO - Epoch [20/50]-(10/22) Loss: 2.1273, Acc(1): 25.00, Acc(5): 75.00
2023-06-19 16:34:28,292 - AUGCON - INFO - Epoch [20/50]-(15/22) Loss: 2.3945, Acc(1): 0.00, Acc(5): 25.00
2023-06-19 16:34:28,292 - AUGCON - INFO - Epoch [20/50]-(20/22) Loss: 2.1643, Acc(1): 0.00, Acc(5): 75.00
2023-06-19 16:34:28,292 - AUGCON - INFO - 	Validation Loss: 2.1024, Acc(1): 19.00, Acc(5): 84.00, F1: 0.06, Recall: 0.05, Precision: 0.06
2023-06-19 16:34:28,292 - AUGCON - INFO - Epoch [21/50]-(0/22) Loss: 2.0284, Acc(1): 50.00, Acc(5): 100.00
2023-06-19 16:34:28,293 - AUGCON - INFO - Epoch [21/50]-(5/22) Loss: 2.2442, Acc(1): 25.00, Acc(5): 50.00
2023-06-19 16:34:28,293 - AUGCON - INFO - Epoch [21/50]-(10/22) Loss: 2.3075, Acc(1): 0.00, Acc(5): 50.00
2023-06-19 16:34:28,293 - AUGCON - INFO - Epoch [21/50]-(15/22) Loss: 2.1715, Acc(1): 0.00, Acc(5): 75.00
2023-06-19 16:34:28,293 - AUGCON - INFO - Epoch [21/50]-(20/22) Loss: 2.2609, Acc(1): 0.00, Acc(5): 50.00
2023-06-19 16:34:28,293 - AUGCON - INFO - 	Validation Loss: 2.1784, Acc(1): 4.00, Acc(5): 63.00, F1: 0.01, Recall: 0.01, Precision: 0.01
2023-06-19 16:34:28,293 - AUGCON - INFO - Epoch [22/50]-(0/22) Loss: 2.2050, Acc(1): 0.00, Acc(5): 75.00
2023-06-19 16:34:28,293 - AUGCON - INFO - Epoch [22/50]-(5/22) Loss: 2.1786, Acc(1): 0.00, Acc(5): 75.00
2023-06-19 16:34:28,293 - AUGCON - INFO - Epoch [22/50]-(10/22) Loss: 2.1524, Acc(1): 25.00, Acc(5): 75.00
2023-06-19 16:34:28,294 - AUGCON - INFO - Epoch [22/50]-(15/22) Loss: 2.2975, Acc(1): 0.00, Acc(5): 25.00
2023-06-19 16:34:28,294 - AUGCON - INFO - Epoch [22/50]-(20/22) Loss: 2.2221, Acc(1): 25.00, Acc(5): 50.00
2023-06-19 16:34:28,294 - AUGCON - INFO - 	Validation Loss: 2.1360, Acc(1): 34.00, Acc(5): 75.00, F1: 0.08, Recall: 0.09, Precision: 0.08
2023-06-19 16:34:28,294 - AUGCON - INFO - Epoch [23/50]-(0/22) Loss: 2.1182, Acc(1): 25.00, Acc(5): 100.00
2023-06-19 16:34:28,294 - AUGCON - INFO - Epoch [23/50]-(5/22) Loss: 2.0598, Acc(1): 25.00, Acc(5): 100.00
2023-06-19 16:34:28,294 - AUGCON - INFO - Epoch [23/50]-(10/22) Loss: 2.2923, Acc(1): 0.00, Acc(5): 50.00
2023-06-19 16:34:28,294 - AUGCON - INFO - Epoch [23/50]-(15/22) Loss: 2.3601, Acc(1): 0.00, Acc(5): 50.00
2023-06-19 16:34:28,294 - AUGCON - INFO - Epoch [23/50]-(20/22) Loss: 2.1249, Acc(1): 25.00, Acc(5): 100.00
2023-06-19 16:34:28,294 - AUGCON - INFO - 	Validation Loss: 2.1470, Acc(1): 17.00, Acc(5): 77.00, F1: 0.04, Recall: 0.05, Precision: 0.03
2023-06-19 16:34:28,295 - AUGCON - INFO - Epoch [24/50]-(0/22) Loss: 2.2278, Acc(1): 0.00, Acc(5): 50.00
2023-06-19 16:34:28,295 - AUGCON - INFO - Epoch [24/50]-(5/22) Loss: 2.1511, Acc(1): 25.00, Acc(5): 75.00
2023-06-19 16:34:28,295 - AUGCON - INFO - Epoch [24/50]-(10/22) Loss: 2.2744, Acc(1): 0.00, Acc(5): 25.00
2023-06-19 16:34:28,295 - AUGCON - INFO - Epoch [24/50]-(15/22) Loss: 2.2823, Acc(1): 0.00, Acc(5): 50.00
2023-06-19 16:34:28,295 - AUGCON - INFO - Epoch [24/50]-(20/22) Loss: 2.1053, Acc(1): 25.00, Acc(5): 75.00
2023-06-19 16:34:28,295 - AUGCON - INFO - 	Validation Loss: 2.1248, Acc(1): 25.00, Acc(5): 81.00, F1: 0.08, Recall: 0.07, Precision: 0.09
2023-06-19 16:34:28,295 - AUGCON - INFO - Epoch [25/50]-(0/22) Loss: 2.0504, Acc(1): 25.00, Acc(5): 100.00
2023-06-19 16:34:28,295 - AUGCON - INFO - Epoch [25/50]-(5/22) Loss: 2.0347, Acc(1): 25.00, Acc(5): 75.00
2023-06-19 16:34:28,296 - AUGCON - INFO - Epoch [25/50]-(10/22) Loss: 2.1257, Acc(1): 0.00, Acc(5): 50.00
2023-06-19 16:34:28,296 - AUGCON - INFO - Epoch [25/50]-(15/22) Loss: 2.2268, Acc(1): 25.00, Acc(5): 50.00
2023-06-19 16:34:28,296 - AUGCON - INFO - Epoch [25/50]-(20/22) Loss: 2.1131, Acc(1): 0.00, Acc(5): 100.00
2023-06-19 16:34:28,296 - AUGCON - INFO - 	Validation Loss: 2.1333, Acc(1): 12.00, Acc(5): 79.00, F1: 0.02, Recall: 0.03, Precision: 0.02
2023-06-19 16:34:28,296 - AUGCON - INFO - Epoch [26/50]-(0/22) Loss: 2.1220, Acc(1): 0.00, Acc(5): 75.00
2023-06-19 16:34:28,297 - AUGCON - INFO - Epoch [26/50]-(5/22) Loss: 2.1470, Acc(1): 0.00, Acc(5): 75.00
2023-06-19 16:34:28,297 - AUGCON - INFO - Epoch [26/50]-(10/22) Loss: 2.3741, Acc(1): 25.00, Acc(5): 25.00
2023-06-19 16:34:28,297 - AUGCON - INFO - Epoch [26/50]-(15/22) Loss: 2.1536, Acc(1): 25.00, Acc(5): 75.00
2023-06-19 16:34:28,297 - AUGCON - INFO - Epoch [26/50]-(20/22) Loss: 2.2736, Acc(1): 0.00, Acc(5): 25.00
2023-06-19 16:34:28,297 - AUGCON - INFO - 	Validation Loss: 2.1022, Acc(1): 35.00, Acc(5): 72.00, F1: 0.11, Recall: 0.10, Precision: 0.14
2023-06-19 16:34:28,297 - AUGCON - INFO - Epoch [27/50]-(0/22) Loss: 2.2366, Acc(1): 25.00, Acc(5): 75.00
2023-06-19 16:34:28,297 - AUGCON - INFO - Epoch [27/50]-(5/22) Loss: 2.3452, Acc(1): 0.00, Acc(5): 25.00
2023-06-19 16:34:28,297 - AUGCON - INFO - Epoch [27/50]-(10/22) Loss: 2.1666, Acc(1): 0.00, Acc(5): 75.00
2023-06-19 16:34:28,298 - AUGCON - INFO - Epoch [27/50]-(15/22) Loss: 2.3660, Acc(1): 0.00, Acc(5): 50.00
2023-06-19 16:34:28,298 - AUGCON - INFO - Epoch [27/50]-(20/22) Loss: 2.1409, Acc(1): 25.00, Acc(5): 50.00
2023-06-19 16:34:28,298 - AUGCON - INFO - 	Validation Loss: 2.1370, Acc(1): 25.00, Acc(5): 75.00, F1: 0.09, Recall: 0.07, Precision: 0.13
2023-06-19 16:34:28,298 - AUGCON - INFO - Epoch [28/50]-(0/22) Loss: 2.0758, Acc(1): 50.00, Acc(5): 75.00
2023-06-19 16:34:28,298 - AUGCON - INFO - Epoch [28/50]-(5/22) Loss: 2.0883, Acc(1): 0.00, Acc(5): 75.00
2023-06-19 16:34:28,298 - AUGCON - INFO - Epoch [28/50]-(10/22) Loss: 2.0420, Acc(1): 25.00, Acc(5): 75.00
2023-06-19 16:34:28,298 - AUGCON - INFO - Epoch [28/50]-(15/22) Loss: 2.1404, Acc(1): 25.00, Acc(5): 50.00
2023-06-19 16:34:28,298 - AUGCON - INFO - Epoch [28/50]-(20/22) Loss: 2.1808, Acc(1): 0.00, Acc(5): 75.00
2023-06-19 16:34:28,299 - AUGCON - INFO - 	Validation Loss: 2.1413, Acc(1): 32.00, Acc(5): 73.00, F1: 0.07, Recall: 0.07, Precision: 0.08
2023-06-19 16:34:28,299 - AUGCON - INFO - Epoch [29/50]-(0/22) Loss: 2.0918, Acc(1): 25.00, Acc(5): 100.00
2023-06-19 16:34:28,299 - AUGCON - INFO - Epoch [29/50]-(5/22) Loss: 2.2765, Acc(1): 0.00, Acc(5): 50.00
2023-06-19 16:34:28,299 - AUGCON - INFO - Epoch [29/50]-(10/22) Loss: 2.2296, Acc(1): 0.00, Acc(5): 50.00
2023-06-19 16:34:28,299 - AUGCON - INFO - Epoch [29/50]-(15/22) Loss: 2.4019, Acc(1): 0.00, Acc(5): 0.00
2023-06-19 16:34:28,299 - AUGCON - INFO - Epoch [29/50]-(20/22) Loss: 2.1283, Acc(1): 25.00, Acc(5): 75.00
2023-06-19 16:34:28,299 - AUGCON - INFO - 	Validation Loss: 2.1008, Acc(1): 30.00, Acc(5): 85.00, F1: 0.07, Recall: 0.08, Precision: 0.06
2023-06-19 16:34:28,299 - AUGCON - INFO - Epoch [30/50]-(0/22) Loss: 2.0057, Acc(1): 75.00, Acc(5): 100.00
2023-06-19 16:34:28,299 - AUGCON - INFO - Epoch [30/50]-(5/22) Loss: 2.3303, Acc(1): 25.00, Acc(5): 50.00
2023-06-19 16:34:28,300 - AUGCON - INFO - Epoch [30/50]-(10/22) Loss: 2.1627, Acc(1): 0.00, Acc(5): 75.00
2023-06-19 16:34:28,300 - AUGCON - INFO - Epoch [30/50]-(15/22) Loss: 2.2134, Acc(1): 0.00, Acc(5): 75.00
2023-06-19 16:34:28,300 - AUGCON - INFO - Epoch [30/50]-(20/22) Loss: 2.2394, Acc(1): 50.00, Acc(5): 50.00
2023-06-19 16:34:28,300 - AUGCON - INFO - 	Validation Loss: 2.1076, Acc(1): 25.00, Acc(5): 82.00, F1: 0.06, Recall: 0.07, Precision: 0.06
2023-06-19 16:34:28,300 - AUGCON - INFO - Epoch [31/50]-(0/22) Loss: 2.1239, Acc(1): 0.00, Acc(5): 75.00
2023-06-19 16:34:28,300 - AUGCON - INFO - Epoch [31/50]-(5/22) Loss: 2.0743, Acc(1): 25.00, Acc(5): 100.00
2023-06-19 16:34:28,300 - AUGCON - INFO - Epoch [31/50]-(10/22) Loss: 2.2295, Acc(1): 25.00, Acc(5): 50.00
2023-06-19 16:34:28,300 - AUGCON - INFO - Epoch [31/50]-(15/22) Loss: 2.2985, Acc(1): 0.00, Acc(5): 25.00
2023-06-19 16:34:28,300 - AUGCON - INFO - Epoch [31/50]-(20/22) Loss: 2.3363, Acc(1): 0.00, Acc(5): 0.00
2023-06-19 16:34:28,301 - AUGCON - INFO - 	Validation Loss: 2.1229, Acc(1): 12.00, Acc(5): 77.00, F1: 0.02, Recall: 0.03, Precision: 0.02
2023-06-19 16:34:28,301 - AUGCON - INFO - Epoch [32/50]-(0/22) Loss: 2.0451, Acc(1): 25.00, Acc(5): 75.00
2023-06-19 16:34:28,301 - AUGCON - INFO - Epoch [32/50]-(5/22) Loss: 2.1898, Acc(1): 25.00, Acc(5): 50.00
2023-06-19 16:34:28,301 - AUGCON - INFO - Epoch [32/50]-(10/22) Loss: 2.2952, Acc(1): 0.00, Acc(5): 25.00
2023-06-19 16:34:28,301 - AUGCON - INFO - Epoch [32/50]-(15/22) Loss: 2.3374, Acc(1): 0.00, Acc(5): 50.00
2023-06-19 16:34:28,301 - AUGCON - INFO - Epoch [32/50]-(20/22) Loss: 2.2654, Acc(1): 0.00, Acc(5): 50.00
2023-06-19 16:34:28,301 - AUGCON - INFO - 	Validation Loss: 2.2183, Acc(1): 6.00, Acc(5): 46.00, F1: 0.02, Recall: 0.02, Precision: 0.02
2023-06-19 16:34:28,302 - AUGCON - INFO - Epoch [33/50]-(0/22) Loss: 2.1448, Acc(1): 0.00, Acc(5): 75.00
2023-06-19 16:34:28,302 - AUGCON - INFO - Epoch [33/50]-(5/22) Loss: 2.0179, Acc(1): 50.00, Acc(5): 100.00
2023-06-19 16:34:28,302 - AUGCON - INFO - Epoch [33/50]-(10/22) Loss: 2.0567, Acc(1): 0.00, Acc(5): 75.00
2023-06-19 16:34:28,302 - AUGCON - INFO - Epoch [33/50]-(15/22) Loss: 2.3031, Acc(1): 25.00, Acc(5): 50.00
2023-06-19 16:34:28,302 - AUGCON - INFO - Epoch [33/50]-(20/22) Loss: 2.2267, Acc(1): 25.00, Acc(5): 75.00
2023-06-19 16:34:28,302 - AUGCON - INFO - 	Validation Loss: 2.1416, Acc(1): 22.00, Acc(5): 76.00, F1: 0.05, Recall: 0.06, Precision: 0.04
2023-06-19 16:34:28,302 - AUGCON - INFO - Epoch [34/50]-(0/22) Loss: 2.3126, Acc(1): 25.00, Acc(5): 50.00
2023-06-19 16:34:28,302 - AUGCON - INFO - Epoch [34/50]-(5/22) Loss: 2.3392, Acc(1): 0.00, Acc(5): 50.00
2023-06-19 16:34:28,302 - AUGCON - INFO - Epoch [34/50]-(10/22) Loss: 2.4561, Acc(1): 0.00, Acc(5): 50.00
2023-06-19 16:34:28,302 - AUGCON - INFO - Epoch [34/50]-(15/22) Loss: 2.2605, Acc(1): 0.00, Acc(5): 75.00
2023-06-19 16:34:28,302 - AUGCON - INFO - Epoch [34/50]-(20/22) Loss: 2.2839, Acc(1): 0.00, Acc(5): 25.00
2023-06-19 16:34:28,302 - AUGCON - INFO - 	Validation Loss: 2.0996, Acc(1): 37.00, Acc(5): 77.00, F1: 0.09, Recall: 0.10, Precision: 0.07
2023-06-19 16:34:28,302 - AUGCON - INFO - Epoch [35/50]-(0/22) Loss: 2.1678, Acc(1): 25.00, Acc(5): 75.00
2023-06-19 16:34:28,302 - AUGCON - INFO - Epoch [35/50]-(5/22) Loss: 2.1924, Acc(1): 25.00, Acc(5): 50.00
2023-06-19 16:34:28,303 - AUGCON - INFO - Epoch [35/50]-(10/22) Loss: 2.2548, Acc(1): 0.00, Acc(5): 75.00
2023-06-19 16:34:28,303 - AUGCON - INFO - Epoch [35/50]-(15/22) Loss: 2.1601, Acc(1): 0.00, Acc(5): 50.00
2023-06-19 16:34:28,303 - AUGCON - INFO - Epoch [35/50]-(20/22) Loss: 2.3518, Acc(1): 0.00, Acc(5): 25.00
2023-06-19 16:34:28,303 - AUGCON - INFO - 	Validation Loss: 2.1176, Acc(1): 23.00, Acc(5): 63.00, F1: 0.05, Recall: 0.06, Precision: 0.05
2023-06-19 16:34:28,303 - AUGCON - INFO - Epoch [36/50]-(0/22) Loss: 2.3346, Acc(1): 0.00, Acc(5): 25.00
2023-06-19 16:34:28,303 - AUGCON - INFO - Epoch [36/50]-(5/22) Loss: 2.2864, Acc(1): 0.00, Acc(5): 50.00
2023-06-19 16:34:28,303 - AUGCON - INFO - Epoch [36/50]-(10/22) Loss: 2.2393, Acc(1): 0.00, Acc(5): 50.00
2023-06-19 16:34:28,303 - AUGCON - INFO - Epoch [36/50]-(15/22) Loss: 2.2275, Acc(1): 0.00, Acc(5): 75.00
2023-06-19 16:34:28,303 - AUGCON - INFO - Epoch [36/50]-(20/22) Loss: 2.1330, Acc(1): 0.00, Acc(5): 50.00
2023-06-19 16:34:28,303 - AUGCON - INFO - 	Validation Loss: 2.1155, Acc(1): 28.00, Acc(5): 71.00, F1: 0.05, Recall: 0.06, Precision: 0.04
2023-06-19 16:34:28,303 - AUGCON - INFO - Epoch [37/50]-(0/22) Loss: 2.0889, Acc(1): 50.00, Acc(5): 75.00
2023-06-19 16:34:28,303 - AUGCON - INFO - Epoch [37/50]-(5/22) Loss: 2.1614, Acc(1): 0.00, Acc(5): 75.00
2023-06-19 16:34:28,303 - AUGCON - INFO - Epoch [37/50]-(10/22) Loss: 2.2206, Acc(1): 0.00, Acc(5): 50.00
2023-06-19 16:34:28,303 - AUGCON - INFO - Epoch [37/50]-(15/22) Loss: 1.9369, Acc(1): 50.00, Acc(5): 100.00
2023-06-19 16:34:28,303 - AUGCON - INFO - Epoch [37/50]-(20/22) Loss: 2.1309, Acc(1): 25.00, Acc(5): 50.00
2023-06-19 16:34:28,304 - AUGCON - INFO - 	Validation Loss: 2.1261, Acc(1): 22.00, Acc(5): 70.00, F1: 0.06, Recall: 0.06, Precision: 0.05
2023-06-19 16:34:28,304 - AUGCON - INFO - Epoch [38/50]-(0/22) Loss: 2.1181, Acc(1): 0.00, Acc(5): 100.00
2023-06-19 16:34:28,304 - AUGCON - INFO - Epoch [38/50]-(5/22) Loss: 2.2527, Acc(1): 25.00, Acc(5): 50.00
2023-06-19 16:34:28,304 - AUGCON - INFO - Epoch [38/50]-(10/22) Loss: 2.3103, Acc(1): 25.00, Acc(5): 25.00
2023-06-19 16:34:28,304 - AUGCON - INFO - Epoch [38/50]-(15/22) Loss: 2.3015, Acc(1): 0.00, Acc(5): 75.00
2023-06-19 16:34:28,304 - AUGCON - INFO - Epoch [38/50]-(20/22) Loss: 2.1835, Acc(1): 0.00, Acc(5): 50.00
2023-06-19 16:34:28,304 - AUGCON - INFO - 	Validation Loss: 2.0832, Acc(1): 39.00, Acc(5): 85.00, F1: 0.10, Recall: 0.11, Precision: 0.09
2023-06-19 16:34:28,304 - AUGCON - INFO - Epoch [39/50]-(0/22) Loss: 1.9192, Acc(1): 75.00, Acc(5): 100.00
2023-06-19 16:34:28,304 - AUGCON - INFO - Epoch [39/50]-(5/22) Loss: 2.1406, Acc(1): 25.00, Acc(5): 75.00
2023-06-19 16:34:28,304 - AUGCON - INFO - Epoch [39/50]-(10/22) Loss: 2.0189, Acc(1): 50.00, Acc(5): 75.00
2023-06-19 16:34:28,304 - AUGCON - INFO - Epoch [39/50]-(15/22) Loss: 2.2421, Acc(1): 25.00, Acc(5): 50.00
2023-06-19 16:34:28,304 - AUGCON - INFO - Epoch [39/50]-(20/22) Loss: 2.2089, Acc(1): 25.00, Acc(5): 50.00
2023-06-19 16:34:28,304 - AUGCON - INFO - 	Validation Loss: 2.1207, Acc(1): 27.00, Acc(5): 67.00, F1: 0.07, Recall: 0.07, Precision: 0.08
2023-06-19 16:34:28,305 - AUGCON - INFO - Epoch [40/50]-(0/22) Loss: 2.2672, Acc(1): 0.00, Acc(5): 25.00
2023-06-19 16:34:28,305 - AUGCON - INFO - Epoch [40/50]-(5/22) Loss: 2.1234, Acc(1): 0.00, Acc(5): 100.00
2023-06-19 16:34:28,305 - AUGCON - INFO - Epoch [40/50]-(10/22) Loss: 2.0810, Acc(1): 25.00, Acc(5): 75.00
2023-06-19 16:34:28,305 - AUGCON - INFO - Epoch [40/50]-(15/22) Loss: 1.9793, Acc(1): 50.00, Acc(5): 75.00
2023-06-19 16:34:28,305 - AUGCON - INFO - Epoch [40/50]-(20/22) Loss: 2.3021, Acc(1): 0.00, Acc(5): 0.00
2023-06-19 16:34:28,305 - AUGCON - INFO - 	Validation Loss: 2.0921, Acc(1): 25.00, Acc(5): 72.00, F1: 0.09, Recall: 0.07, Precision: 0.13
2023-06-19 16:34:28,305 - AUGCON - INFO - Epoch [41/50]-(0/22) Loss: 2.1652, Acc(1): 25.00, Acc(5): 50.00
2023-06-19 16:34:28,305 - AUGCON - INFO - Epoch [41/50]-(5/22) Loss: 2.1781, Acc(1): 25.00, Acc(5): 75.00
2023-06-19 16:34:28,305 - AUGCON - INFO - Epoch [41/50]-(10/22) Loss: 2.0056, Acc(1): 25.00, Acc(5): 100.00
2023-06-19 16:34:28,305 - AUGCON - INFO - Epoch [41/50]-(15/22) Loss: 2.0497, Acc(1): 25.00, Acc(5): 75.00
2023-06-19 16:34:28,305 - AUGCON - INFO - Epoch [41/50]-(20/22) Loss: 2.3262, Acc(1): 0.00, Acc(5): 50.00
2023-06-19 16:34:28,305 - AUGCON - INFO - 	Validation Loss: 2.1251, Acc(1): 21.00, Acc(5): 64.00, F1: 0.06, Recall: 0.06, Precision: 0.05
2023-06-19 16:34:28,305 - AUGCON - INFO - Epoch [42/50]-(0/22) Loss: 2.1399, Acc(1): 25.00, Acc(5): 75.00
2023-06-19 16:34:28,305 - AUGCON - INFO - Epoch [42/50]-(5/22) Loss: 2.0082, Acc(1): 0.00, Acc(5): 100.00
2023-06-19 16:34:28,305 - AUGCON - INFO - Epoch [42/50]-(10/22) Loss: 2.1265, Acc(1): 0.00, Acc(5): 75.00
2023-06-19 16:34:28,305 - AUGCON - INFO - Epoch [42/50]-(15/22) Loss: 2.2520, Acc(1): 25.00, Acc(5): 50.00
2023-06-19 16:34:28,306 - AUGCON - INFO - Epoch [42/50]-(20/22) Loss: 2.2016, Acc(1): 0.00, Acc(5): 25.00
2023-06-19 16:34:28,306 - AUGCON - INFO - 	Validation Loss: 2.0669, Acc(1): 34.00, Acc(5): 81.00, F1: 0.09, Recall: 0.08, Precision: 0.11
2023-06-19 16:34:28,306 - AUGCON - INFO - Epoch [43/50]-(0/22) Loss: 1.9909, Acc(1): 50.00, Acc(5): 100.00
2023-06-19 16:34:28,306 - AUGCON - INFO - Epoch [43/50]-(5/22) Loss: 2.1885, Acc(1): 25.00, Acc(5): 50.00
2023-06-19 16:34:28,306 - AUGCON - INFO - Epoch [43/50]-(10/22) Loss: 2.0776, Acc(1): 50.00, Acc(5): 50.00
2023-06-19 16:34:28,306 - AUGCON - INFO - Epoch [43/50]-(15/22) Loss: 2.0710, Acc(1): 50.00, Acc(5): 50.00
2023-06-19 16:34:28,306 - AUGCON - INFO - Epoch [43/50]-(20/22) Loss: 2.2080, Acc(1): 25.00, Acc(5): 50.00
2023-06-19 16:34:28,306 - AUGCON - INFO - 	Validation Loss: 2.1232, Acc(1): 16.00, Acc(5): 71.00, F1: 0.03, Recall: 0.04, Precision: 0.02
2023-06-19 16:34:28,306 - AUGCON - INFO - Epoch [44/50]-(0/22) Loss: 1.9718, Acc(1): 75.00, Acc(5): 100.00
2023-06-19 16:34:28,306 - AUGCON - INFO - Epoch [44/50]-(5/22) Loss: 2.3040, Acc(1): 0.00, Acc(5): 25.00
2023-06-19 16:34:28,306 - AUGCON - INFO - Epoch [44/50]-(10/22) Loss: 2.3075, Acc(1): 0.00, Acc(5): 75.00
2023-06-19 16:34:28,306 - AUGCON - INFO - Epoch [44/50]-(15/22) Loss: 1.9422, Acc(1): 25.00, Acc(5): 75.00
2023-06-19 16:34:28,306 - AUGCON - INFO - Epoch [44/50]-(20/22) Loss: 2.3857, Acc(1): 0.00, Acc(5): 25.00
2023-06-19 16:34:28,306 - AUGCON - INFO - 	Validation Loss: 2.0710, Acc(1): 35.00, Acc(5): 86.00, F1: 0.10, Recall: 0.09, Precision: 0.11
2023-06-19 16:34:28,306 - AUGCON - INFO - Epoch [45/50]-(0/22) Loss: 2.0280, Acc(1): 50.00, Acc(5): 100.00
2023-06-19 16:34:28,307 - AUGCON - INFO - Epoch [45/50]-(5/22) Loss: 2.1921, Acc(1): 25.00, Acc(5): 75.00
2023-06-19 16:34:28,307 - AUGCON - INFO - Epoch [45/50]-(10/22) Loss: 2.2137, Acc(1): 25.00, Acc(5): 50.00
2023-06-19 16:34:28,307 - AUGCON - INFO - Epoch [45/50]-(15/22) Loss: 2.2530, Acc(1): 0.00, Acc(5): 50.00
2023-06-19 16:34:28,307 - AUGCON - INFO - Epoch [45/50]-(20/22) Loss: 2.1982, Acc(1): 25.00, Acc(5): 50.00
2023-06-19 16:34:28,307 - AUGCON - INFO - 	Validation Loss: 2.1125, Acc(1): 30.00, Acc(5): 64.00, F1: 0.09, Recall: 0.08, Precision: 0.09
2023-06-19 16:34:28,307 - AUGCON - INFO - Epoch [46/50]-(0/22) Loss: 2.1099, Acc(1): 25.00, Acc(5): 75.00
2023-06-19 16:34:28,307 - AUGCON - INFO - Epoch [46/50]-(5/22) Loss: 2.2338, Acc(1): 0.00, Acc(5): 50.00
2023-06-19 16:34:28,307 - AUGCON - INFO - Epoch [46/50]-(10/22) Loss: 2.0180, Acc(1): 25.00, Acc(5): 100.00
2023-06-19 16:34:28,307 - AUGCON - INFO - Epoch [46/50]-(15/22) Loss: 2.2451, Acc(1): 0.00, Acc(5): 50.00
2023-06-19 16:34:28,307 - AUGCON - INFO - Epoch [46/50]-(20/22) Loss: 2.2414, Acc(1): 0.00, Acc(5): 50.00
2023-06-19 16:34:28,307 - AUGCON - INFO - 	Validation Loss: 2.0715, Acc(1): 25.00, Acc(5): 81.00, F1: 0.05, Recall: 0.04, Precision: 0.07
2023-06-19 16:34:28,307 - AUGCON - INFO - Epoch [47/50]-(0/22) Loss: 2.0460, Acc(1): 25.00, Acc(5): 75.00
2023-06-19 16:34:28,307 - AUGCON - INFO - Epoch [47/50]-(5/22) Loss: 2.0987, Acc(1): 0.00, Acc(5): 100.00
2023-06-19 16:34:28,307 - AUGCON - INFO - Epoch [47/50]-(10/22) Loss: 2.1501, Acc(1): 0.00, Acc(5): 100.00
2023-06-19 16:34:28,308 - AUGCON - INFO - Epoch [47/50]-(15/22) Loss: 2.2000, Acc(1): 0.00, Acc(5): 50.00
2023-06-19 16:34:28,308 - AUGCON - INFO - Epoch [47/50]-(20/22) Loss: 2.1398, Acc(1): 25.00, Acc(5): 50.00
2023-06-19 16:34:28,308 - AUGCON - INFO - 	Validation Loss: 2.1093, Acc(1): 31.00, Acc(5): 71.00, F1: 0.08, Recall: 0.09, Precision: 0.08
2023-06-19 16:34:28,308 - AUGCON - INFO - Epoch [48/50]-(0/22) Loss: 2.0891, Acc(1): 50.00, Acc(5): 75.00
2023-06-19 16:34:28,308 - AUGCON - INFO - Epoch [48/50]-(5/22) Loss: 2.1081, Acc(1): 0.00, Acc(5): 100.00
2023-06-19 16:34:28,308 - AUGCON - INFO - Epoch [48/50]-(10/22) Loss: 2.3781, Acc(1): 0.00, Acc(5): 50.00
2023-06-19 16:34:28,308 - AUGCON - INFO - Epoch [48/50]-(15/22) Loss: 2.0210, Acc(1): 50.00, Acc(5): 100.00
2023-06-19 16:34:28,308 - AUGCON - INFO - Epoch [48/50]-(20/22) Loss: 2.1742, Acc(1): 25.00, Acc(5): 75.00
2023-06-19 16:34:28,308 - AUGCON - INFO - 	Validation Loss: 2.0663, Acc(1): 18.00, Acc(5): 73.00, F1: 0.05, Recall: 0.05, Precision: 0.05
2023-06-19 16:34:28,308 - AUGCON - INFO - Epoch [49/50]-(0/22) Loss: 2.1948, Acc(1): 0.00, Acc(5): 75.00
2023-06-19 16:34:28,308 - AUGCON - INFO - Epoch [49/50]-(5/22) Loss: 2.0647, Acc(1): 25.00, Acc(5): 75.00
2023-06-19 16:34:28,308 - AUGCON - INFO - Epoch [49/50]-(10/22) Loss: 2.3847, Acc(1): 0.00, Acc(5): 50.00
2023-06-19 16:34:28,308 - AUGCON - INFO - Epoch [49/50]-(15/22) Loss: 2.1983, Acc(1): 25.00, Acc(5): 50.00
2023-06-19 16:34:28,308 - AUGCON - INFO - Epoch [49/50]-(20/22) Loss: 2.2652, Acc(1): 0.00, Acc(5): 50.00
2023-06-19 16:34:28,308 - AUGCON - INFO - 	Validation Loss: 2.0543, Acc(1): 37.00, Acc(5): 87.00, F1: 0.11, Recall: 0.10, Precision: 0.11
2023-06-19 16:34:28,309 - AUGCON - INFO - Epoch [50/50]-(0/22) Loss: 2.0796, Acc(1): 25.00, Acc(5): 100.00
2023-06-19 16:34:28,309 - AUGCON - INFO - Epoch [50/50]-(5/22) Loss: 2.0666, Acc(1): 25.00, Acc(5): 100.00
2023-06-19 16:34:28,309 - AUGCON - INFO - Epoch [50/50]-(10/22) Loss: 2.0396, Acc(1): 0.00, Acc(5): 100.00
2023-06-19 16:34:28,309 - AUGCON - INFO - Epoch [50/50]-(15/22) Loss: 2.0511, Acc(1): 25.00, Acc(5): 75.00
2023-06-19 16:34:28,309 - AUGCON - INFO - Epoch [50/50]-(20/22) Loss: 2.0424, Acc(1): 25.00, Acc(5): 100.00
2023-06-19 16:34:28,309 - AUGCON - INFO - 	Validation Loss: 2.1230, Acc(1): 18.00, Acc(5): 81.00, F1: 0.06, Recall: 0.05, Precision: 0.06
2023-06-19 16:34:28,309 - AUGCON - INFO - 	Validation Loss: 2.0968, Acc(1): 21.33, Acc(5): 81.00, F1: 0.06, Recall: 0.06, Precision: 0.07
