2023-06-19 16:34:30,399 - AUGCON - INFO - logger initialized (/home/hjyoon/projects/augcon/config/exp0/finetune_da_false/without_target_domain_PH0038-iygoo/metacpc_random_8421/tgt_target_domain_PH0045-sjlee_seed0.yaml.log)
2023-06-19 16:34:30,399 - AUGCON - INFO - ================= Config =================
2023-06-19 16:34:30,399 - AUGCON - INFO -   mode: finetune
2023-06-19 16:34:30,399 - AUGCON - INFO -   seed: 0
2023-06-19 16:34:30,399 - AUGCON - INFO -   gpu: [4]
2023-06-19 16:34:30,399 - AUGCON - INFO -   num_workers: 1
2023-06-19 16:34:30,399 - AUGCON - INFO -   dist_url: tcp://localhost:10001
2023-06-19 16:34:30,399 - AUGCON - INFO -   dataset_name: ichar
2023-06-19 16:34:30,399 - AUGCON - INFO -   train_dataset_path: /mnt/sting/hjyoon/projects/cross/ICHAR/augcon/target_domain_PH0045-sjlee/finetune/10shot/target/train.pkl
2023-06-19 16:34:30,399 - AUGCON - INFO -   test_dataset_path: /mnt/sting/hjyoon/projects/cross/ICHAR/augcon/target_domain_PH0045-sjlee/finetune/10shot/target/test.pkl
2023-06-19 16:34:30,399 - AUGCON - INFO -   val_dataset_path: /mnt/sting/hjyoon/projects/cross/ICHAR/augcon/target_domain_PH0045-sjlee/finetune/10shot/target/val.pkl
2023-06-19 16:34:30,399 - AUGCON - INFO -   input_channels: 3
2023-06-19 16:34:30,399 - AUGCON - INFO -   num_cls: 9
2023-06-19 16:34:30,399 - AUGCON - INFO -   optimizer: adam
2023-06-19 16:34:30,399 - AUGCON - INFO -   criterion: crossentropy
2023-06-19 16:34:30,400 - AUGCON - INFO -   start_epoch: 0
2023-06-19 16:34:30,400 - AUGCON - INFO -   epochs: 50
2023-06-19 16:34:30,400 - AUGCON - INFO -   batch_size: 4
2023-06-19 16:34:30,400 - AUGCON - INFO -   lr: 0.001
2023-06-19 16:34:30,400 - AUGCON - INFO -   wd: 0.0
2023-06-19 16:34:30,400 - AUGCON - INFO -   resume: 
2023-06-19 16:34:30,400 - AUGCON - INFO -   pretrained: /mnt/sting/hjyoon/projects/augcontrast/models/exp0/pretrain/without_target_domain_PH0038-iygoo/metacpc_random_8421/checkpoint_0999.pth.tar
2023-06-19 16:34:30,400 - AUGCON - INFO -   ckpt_dir: /mnt/sting/hjyoon/projects/augcontrast/models/exp0/finetune_da_false/without_target_domain_PH0038-iygoo/metacpc_random_8421/tgt_target_domain_PH0045-sjlee_seed0
2023-06-19 16:34:30,400 - AUGCON - INFO -   log_freq: 5
2023-06-19 16:34:30,400 - AUGCON - INFO -   save_freq: 10
2023-06-19 16:34:30,400 - AUGCON - INFO -   pretext: metacpc
2023-06-19 16:34:30,400 - AUGCON - INFO -   enc_blocks: 4
2023-06-19 16:34:30,400 - AUGCON - INFO -   kernel_sizes: [8, 4, 2, 1]
2023-06-19 16:34:30,400 - AUGCON - INFO -   strides: [4, 2, 1, 1]
2023-06-19 16:34:30,400 - AUGCON - INFO -   agg_blocks: 5
2023-06-19 16:34:30,400 - AUGCON - INFO -   z_dim: 256
2023-06-19 16:34:30,400 - AUGCON - INFO -   pooling: mean
2023-06-19 16:34:30,400 - AUGCON - INFO -   pred_steps: 12
2023-06-19 16:34:30,400 - AUGCON - INFO -   n_negatives: 15
2023-06-19 16:34:30,400 - AUGCON - INFO -   offset: 4
2023-06-19 16:34:30,400 - AUGCON - INFO -   domain_adaptation: False
2023-06-19 16:34:30,400 - AUGCON - INFO -   task_steps: 10
2023-06-19 16:34:30,400 - AUGCON - INFO -   task_lr: 0.001
2023-06-19 16:34:30,400 - AUGCON - INFO -   reg_lambda: 0
2023-06-19 16:34:30,400 - AUGCON - INFO -   mlp: False
2023-06-19 16:34:30,400 - AUGCON - INFO -   freeze: True
2023-06-19 16:34:30,400 - AUGCON - INFO -   no_vars: False
2023-06-19 16:34:30,400 - AUGCON - INFO - ==========================================
2023-06-19 16:34:30,400 - AUGCON - INFO - Setting GPUs: [4]
2023-06-19 16:34:30,400 - AUGCON - INFO - GPUs [4] will be used
2023-06-19 16:34:30,401 - AUGCON - WARNING - You have chosen to seed training. 
2023-06-19 16:34:30,401 - AUGCON - WARNING - This will turn on the CUDNN deterministic setting, 
2023-06-19 16:34:30,401 - AUGCON - WARNING - which can slow down your training considerably! 
2023-06-19 16:34:30,401 - AUGCON - WARNING - You may see unexpected behavior when restarting 
2023-06-19 16:34:30,401 - AUGCON - WARNING - from checkpoints.
2023-06-19 16:34:30,450 - AUGCON - INFO - Executing MetaCPC
2023-06-19 16:34:30,450 - AUGCON - INFO - Logs are skipped during training
2023-06-19 16:34:49,182 - AUGCON - INFO - Single GPU is used for training - training 90 instances for each worker
2023-06-19 16:34:49,182 - AUGCON - INFO - Loading pretrained model from checkpoint - /mnt/sting/hjyoon/projects/augcontrast/models/exp0/pretrain/without_target_domain_PH0038-iygoo/metacpc_random_8421/checkpoint_0999.pth.tar
2023-06-19 16:34:49,182 - AUGCON - INFO - Missing keys: []
2023-06-19 16:34:49,182 - AUGCON - INFO - Loading encoder parameters to the classifier
2023-06-19 16:34:49,182 - AUGCON - INFO - Missing keys: ['classifier.block.0.weight', 'classifier.block.0.bias']
2023-06-19 16:34:49,182 - AUGCON - INFO - Epoch [1/50]-(0/22) Loss: 2.3548, Acc(1): 0.00, Acc(5): 50.00
2023-06-19 16:34:49,183 - AUGCON - INFO - Epoch [1/50]-(5/22) Loss: 1.7865, Acc(1): 50.00, Acc(5): 100.00
2023-06-19 16:34:49,183 - AUGCON - INFO - Epoch [1/50]-(10/22) Loss: 2.7005, Acc(1): 0.00, Acc(5): 25.00
2023-06-19 16:34:49,183 - AUGCON - INFO - Epoch [1/50]-(15/22) Loss: 2.5153, Acc(1): 50.00, Acc(5): 50.00
2023-06-19 16:34:49,183 - AUGCON - INFO - Epoch [1/50]-(20/22) Loss: 2.6126, Acc(1): 0.00, Acc(5): 0.00
2023-06-19 16:34:49,183 - AUGCON - INFO - 	Validation Loss: 2.1815, Acc(1): 17.00, Acc(5): 58.00, F1: 0.00, Recall: 0.00, Precision: 0.00
2023-06-19 16:34:49,183 - AUGCON - INFO - Epoch [2/50]-(0/22) Loss: 2.3109, Acc(1): 0.00, Acc(5): 75.00
2023-06-19 16:34:49,183 - AUGCON - INFO - Epoch [2/50]-(5/22) Loss: 2.3190, Acc(1): 25.00, Acc(5): 50.00
2023-06-19 16:34:49,183 - AUGCON - INFO - Epoch [2/50]-(10/22) Loss: 2.6065, Acc(1): 0.00, Acc(5): 25.00
2023-06-19 16:34:49,183 - AUGCON - INFO - Epoch [2/50]-(15/22) Loss: 2.4213, Acc(1): 0.00, Acc(5): 25.00
2023-06-19 16:34:49,183 - AUGCON - INFO - Epoch [2/50]-(20/22) Loss: 2.1949, Acc(1): 25.00, Acc(5): 50.00
2023-06-19 16:34:49,183 - AUGCON - INFO - 	Validation Loss: 2.2340, Acc(1): 17.00, Acc(5): 44.00, F1: 0.04, Recall: 0.05, Precision: 0.04
2023-06-19 16:34:49,183 - AUGCON - INFO - Epoch [3/50]-(0/22) Loss: 2.0472, Acc(1): 25.00, Acc(5): 100.00
2023-06-19 16:34:49,184 - AUGCON - INFO - Epoch [3/50]-(5/22) Loss: 2.4291, Acc(1): 0.00, Acc(5): 25.00
2023-06-19 16:34:49,184 - AUGCON - INFO - Epoch [3/50]-(10/22) Loss: 2.3156, Acc(1): 0.00, Acc(5): 50.00
2023-06-19 16:34:49,184 - AUGCON - INFO - Epoch [3/50]-(15/22) Loss: 2.4060, Acc(1): 0.00, Acc(5): 25.00
2023-06-19 16:34:49,184 - AUGCON - INFO - Epoch [3/50]-(20/22) Loss: 2.2062, Acc(1): 25.00, Acc(5): 50.00
2023-06-19 16:34:49,184 - AUGCON - INFO - 	Validation Loss: 2.1901, Acc(1): 13.00, Acc(5): 59.00, F1: 0.03, Recall: 0.04, Precision: 0.03
2023-06-19 16:34:49,184 - AUGCON - INFO - Epoch [4/50]-(0/22) Loss: 2.1762, Acc(1): 0.00, Acc(5): 50.00
2023-06-19 16:34:49,184 - AUGCON - INFO - Epoch [4/50]-(5/22) Loss: 2.1787, Acc(1): 0.00, Acc(5): 50.00
2023-06-19 16:34:49,184 - AUGCON - INFO - Epoch [4/50]-(10/22) Loss: 2.1289, Acc(1): 0.00, Acc(5): 75.00
2023-06-19 16:34:49,184 - AUGCON - INFO - Epoch [4/50]-(15/22) Loss: 2.3357, Acc(1): 25.00, Acc(5): 50.00
2023-06-19 16:34:49,184 - AUGCON - INFO - Epoch [4/50]-(20/22) Loss: 2.3441, Acc(1): 0.00, Acc(5): 50.00
2023-06-19 16:34:49,184 - AUGCON - INFO - 	Validation Loss: 2.2032, Acc(1): 9.00, Acc(5): 57.00, F1: 0.02, Recall: 0.03, Precision: 0.01
2023-06-19 16:34:49,184 - AUGCON - INFO - Epoch [5/50]-(0/22) Loss: 2.1298, Acc(1): 25.00, Acc(5): 75.00
2023-06-19 16:34:49,184 - AUGCON - INFO - Epoch [5/50]-(5/22) Loss: 2.3967, Acc(1): 0.00, Acc(5): 0.00
2023-06-19 16:34:49,184 - AUGCON - INFO - Epoch [5/50]-(10/22) Loss: 2.2605, Acc(1): 0.00, Acc(5): 75.00
2023-06-19 16:34:49,184 - AUGCON - INFO - Epoch [5/50]-(15/22) Loss: 2.3815, Acc(1): 25.00, Acc(5): 25.00
2023-06-19 16:34:49,185 - AUGCON - INFO - Epoch [5/50]-(20/22) Loss: 2.2430, Acc(1): 0.00, Acc(5): 25.00
2023-06-19 16:34:49,185 - AUGCON - INFO - 	Validation Loss: 2.2013, Acc(1): 12.00, Acc(5): 49.00, F1: 0.02, Recall: 0.03, Precision: 0.01
2023-06-19 16:34:49,185 - AUGCON - INFO - Epoch [6/50]-(0/22) Loss: 2.1514, Acc(1): 0.00, Acc(5): 75.00
2023-06-19 16:34:49,185 - AUGCON - INFO - Epoch [6/50]-(5/22) Loss: 2.3703, Acc(1): 0.00, Acc(5): 0.00
2023-06-19 16:34:49,185 - AUGCON - INFO - Epoch [6/50]-(10/22) Loss: 2.3061, Acc(1): 0.00, Acc(5): 25.00
2023-06-19 16:34:49,185 - AUGCON - INFO - Epoch [6/50]-(15/22) Loss: 2.2883, Acc(1): 0.00, Acc(5): 25.00
2023-06-19 16:34:49,185 - AUGCON - INFO - Epoch [6/50]-(20/22) Loss: 2.4925, Acc(1): 0.00, Acc(5): 0.00
2023-06-19 16:34:49,185 - AUGCON - INFO - 	Validation Loss: 2.2056, Acc(1): 7.00, Acc(5): 55.00, F1: 0.01, Recall: 0.02, Precision: 0.01
2023-06-19 16:34:49,185 - AUGCON - INFO - Epoch [7/50]-(0/22) Loss: 2.1948, Acc(1): 0.00, Acc(5): 75.00
2023-06-19 16:34:49,185 - AUGCON - INFO - Epoch [7/50]-(5/22) Loss: 2.3327, Acc(1): 0.00, Acc(5): 50.00
2023-06-19 16:34:49,185 - AUGCON - INFO - Epoch [7/50]-(10/22) Loss: 2.1432, Acc(1): 25.00, Acc(5): 75.00
2023-06-19 16:34:49,185 - AUGCON - INFO - Epoch [7/50]-(15/22) Loss: 2.2775, Acc(1): 0.00, Acc(5): 50.00
2023-06-19 16:34:49,185 - AUGCON - INFO - Epoch [7/50]-(20/22) Loss: 2.3452, Acc(1): 0.00, Acc(5): 25.00
2023-06-19 16:34:49,185 - AUGCON - INFO - 	Validation Loss: 2.1755, Acc(1): 13.00, Acc(5): 66.00, F1: 0.03, Recall: 0.04, Precision: 0.03
2023-06-19 16:34:49,185 - AUGCON - INFO - Epoch [8/50]-(0/22) Loss: 2.2982, Acc(1): 0.00, Acc(5): 25.00
2023-06-19 16:34:49,185 - AUGCON - INFO - Epoch [8/50]-(5/22) Loss: 2.1972, Acc(1): 0.00, Acc(5): 50.00
2023-06-19 16:34:49,186 - AUGCON - INFO - Epoch [8/50]-(10/22) Loss: 2.5987, Acc(1): 0.00, Acc(5): 0.00
2023-06-19 16:34:49,186 - AUGCON - INFO - Epoch [8/50]-(15/22) Loss: 2.1645, Acc(1): 25.00, Acc(5): 50.00
2023-06-19 16:34:49,186 - AUGCON - INFO - Epoch [8/50]-(20/22) Loss: 2.5075, Acc(1): 0.00, Acc(5): 0.00
2023-06-19 16:34:49,186 - AUGCON - INFO - 	Validation Loss: 2.1880, Acc(1): 9.00, Acc(5): 63.00, F1: 0.02, Recall: 0.03, Precision: 0.02
2023-06-19 16:34:49,186 - AUGCON - INFO - Epoch [9/50]-(0/22) Loss: 2.1405, Acc(1): 25.00, Acc(5): 25.00
2023-06-19 16:34:49,186 - AUGCON - INFO - Epoch [9/50]-(5/22) Loss: 2.1725, Acc(1): 25.00, Acc(5): 75.00
2023-06-19 16:34:49,186 - AUGCON - INFO - Epoch [9/50]-(10/22) Loss: 2.1312, Acc(1): 25.00, Acc(5): 75.00
2023-06-19 16:34:49,186 - AUGCON - INFO - Epoch [9/50]-(15/22) Loss: 2.3623, Acc(1): 0.00, Acc(5): 25.00
2023-06-19 16:34:49,186 - AUGCON - INFO - Epoch [9/50]-(20/22) Loss: 2.3496, Acc(1): 0.00, Acc(5): 25.00
2023-06-19 16:34:49,186 - AUGCON - INFO - 	Validation Loss: 2.1627, Acc(1): 18.00, Acc(5): 68.00, F1: 0.03, Recall: 0.05, Precision: 0.02
2023-06-19 16:34:49,186 - AUGCON - INFO - Epoch [10/50]-(0/22) Loss: 2.1549, Acc(1): 25.00, Acc(5): 50.00
2023-06-19 16:34:49,186 - AUGCON - INFO - Epoch [10/50]-(5/22) Loss: 2.1842, Acc(1): 25.00, Acc(5): 50.00
2023-06-19 16:34:49,186 - AUGCON - INFO - Epoch [10/50]-(10/22) Loss: 2.0516, Acc(1): 25.00, Acc(5): 100.00
2023-06-19 16:34:49,186 - AUGCON - INFO - Epoch [10/50]-(15/22) Loss: 2.1885, Acc(1): 0.00, Acc(5): 75.00
2023-06-19 16:34:49,186 - AUGCON - INFO - Epoch [10/50]-(20/22) Loss: 2.4056, Acc(1): 0.00, Acc(5): 25.00
2023-06-19 16:34:49,186 - AUGCON - INFO - 	Validation Loss: 2.2056, Acc(1): 6.00, Acc(5): 60.00, F1: 0.03, Recall: 0.02, Precision: 0.06
2023-06-19 16:34:49,187 - AUGCON - INFO - Epoch [11/50]-(0/22) Loss: 2.2330, Acc(1): 25.00, Acc(5): 25.00
2023-06-19 16:34:49,187 - AUGCON - INFO - Epoch [11/50]-(5/22) Loss: 2.4584, Acc(1): 0.00, Acc(5): 0.00
2023-06-19 16:34:49,187 - AUGCON - INFO - Epoch [11/50]-(10/22) Loss: 2.0822, Acc(1): 25.00, Acc(5): 50.00
2023-06-19 16:34:49,187 - AUGCON - INFO - Epoch [11/50]-(15/22) Loss: 2.4629, Acc(1): 0.00, Acc(5): 50.00
2023-06-19 16:34:49,187 - AUGCON - INFO - Epoch [11/50]-(20/22) Loss: 2.2913, Acc(1): 0.00, Acc(5): 50.00
2023-06-19 16:34:49,187 - AUGCON - INFO - 	Validation Loss: 2.1451, Acc(1): 14.00, Acc(5): 70.00, F1: 0.04, Recall: 0.04, Precision: 0.04
2023-06-19 16:34:49,187 - AUGCON - INFO - Epoch [12/50]-(0/22) Loss: 2.3172, Acc(1): 0.00, Acc(5): 50.00
2023-06-19 16:34:49,187 - AUGCON - INFO - Epoch [12/50]-(5/22) Loss: 2.2244, Acc(1): 0.00, Acc(5): 50.00
2023-06-19 16:34:49,187 - AUGCON - INFO - Epoch [12/50]-(10/22) Loss: 2.1159, Acc(1): 25.00, Acc(5): 75.00
2023-06-19 16:34:49,187 - AUGCON - INFO - Epoch [12/50]-(15/22) Loss: 2.1997, Acc(1): 0.00, Acc(5): 50.00
2023-06-19 16:34:49,187 - AUGCON - INFO - Epoch [12/50]-(20/22) Loss: 2.2947, Acc(1): 0.00, Acc(5): 50.00
2023-06-19 16:34:49,187 - AUGCON - INFO - 	Validation Loss: 2.1905, Acc(1): 16.00, Acc(5): 56.00, F1: 0.06, Recall: 0.05, Precision: 0.08
2023-06-19 16:34:49,187 - AUGCON - INFO - Epoch [13/50]-(0/22) Loss: 2.1256, Acc(1): 25.00, Acc(5): 75.00
2023-06-19 16:34:49,187 - AUGCON - INFO - Epoch [13/50]-(5/22) Loss: 2.1825, Acc(1): 0.00, Acc(5): 50.00
2023-06-19 16:34:49,187 - AUGCON - INFO - Epoch [13/50]-(10/22) Loss: 2.3228, Acc(1): 0.00, Acc(5): 50.00
2023-06-19 16:34:49,187 - AUGCON - INFO - Epoch [13/50]-(15/22) Loss: 2.4006, Acc(1): 25.00, Acc(5): 25.00
2023-06-19 16:34:49,188 - AUGCON - INFO - Epoch [13/50]-(20/22) Loss: 2.2010, Acc(1): 0.00, Acc(5): 75.00
2023-06-19 16:34:49,188 - AUGCON - INFO - 	Validation Loss: 2.1710, Acc(1): 18.00, Acc(5): 65.00, F1: 0.03, Recall: 0.05, Precision: 0.02
2023-06-19 16:34:49,188 - AUGCON - INFO - Epoch [14/50]-(0/22) Loss: 2.1958, Acc(1): 0.00, Acc(5): 75.00
2023-06-19 16:34:49,188 - AUGCON - INFO - Epoch [14/50]-(5/22) Loss: 2.0251, Acc(1): 50.00, Acc(5): 100.00
2023-06-19 16:34:49,188 - AUGCON - INFO - Epoch [14/50]-(10/22) Loss: 2.0648, Acc(1): 50.00, Acc(5): 100.00
2023-06-19 16:34:49,188 - AUGCON - INFO - Epoch [14/50]-(15/22) Loss: 2.4691, Acc(1): 0.00, Acc(5): 25.00
2023-06-19 16:34:49,188 - AUGCON - INFO - Epoch [14/50]-(20/22) Loss: 2.4774, Acc(1): 0.00, Acc(5): 25.00
2023-06-19 16:34:49,188 - AUGCON - INFO - 	Validation Loss: 2.2281, Acc(1): 11.00, Acc(5): 50.00, F1: 0.03, Recall: 0.03, Precision: 0.02
2023-06-19 16:34:49,188 - AUGCON - INFO - Epoch [15/50]-(0/22) Loss: 2.2714, Acc(1): 0.00, Acc(5): 25.00
2023-06-19 16:34:49,188 - AUGCON - INFO - Epoch [15/50]-(5/22) Loss: 2.3046, Acc(1): 0.00, Acc(5): 25.00
2023-06-19 16:34:49,188 - AUGCON - INFO - Epoch [15/50]-(10/22) Loss: 1.9800, Acc(1): 0.00, Acc(5): 75.00
2023-06-19 16:34:49,188 - AUGCON - INFO - Epoch [15/50]-(15/22) Loss: 2.3470, Acc(1): 0.00, Acc(5): 25.00
2023-06-19 16:34:49,188 - AUGCON - INFO - Epoch [15/50]-(20/22) Loss: 2.6590, Acc(1): 0.00, Acc(5): 0.00
2023-06-19 16:34:49,188 - AUGCON - INFO - 	Validation Loss: 2.1256, Acc(1): 18.00, Acc(5): 70.00, F1: 0.00, Recall: 0.00, Precision: 0.00
2023-06-19 16:34:49,188 - AUGCON - INFO - Epoch [16/50]-(0/22) Loss: 2.1841, Acc(1): 0.00, Acc(5): 50.00
2023-06-19 16:34:49,188 - AUGCON - INFO - Epoch [16/50]-(5/22) Loss: 2.2738, Acc(1): 25.00, Acc(5): 50.00
2023-06-19 16:34:49,189 - AUGCON - INFO - Epoch [16/50]-(10/22) Loss: 2.5023, Acc(1): 0.00, Acc(5): 0.00
2023-06-19 16:34:49,189 - AUGCON - INFO - Epoch [16/50]-(15/22) Loss: 2.3680, Acc(1): 0.00, Acc(5): 50.00
2023-06-19 16:34:49,189 - AUGCON - INFO - Epoch [16/50]-(20/22) Loss: 2.2284, Acc(1): 0.00, Acc(5): 50.00
2023-06-19 16:34:49,189 - AUGCON - INFO - 	Validation Loss: 2.2001, Acc(1): 11.00, Acc(5): 51.00, F1: 0.03, Recall: 0.03, Precision: 0.02
2023-06-19 16:34:49,189 - AUGCON - INFO - Epoch [17/50]-(0/22) Loss: 2.2997, Acc(1): 0.00, Acc(5): 25.00
2023-06-19 16:34:49,189 - AUGCON - INFO - Epoch [17/50]-(5/22) Loss: 2.2312, Acc(1): 0.00, Acc(5): 50.00
2023-06-19 16:34:49,189 - AUGCON - INFO - Epoch [17/50]-(10/22) Loss: 2.3997, Acc(1): 0.00, Acc(5): 50.00
2023-06-19 16:34:49,189 - AUGCON - INFO - Epoch [17/50]-(15/22) Loss: 2.2618, Acc(1): 25.00, Acc(5): 50.00
2023-06-19 16:34:49,189 - AUGCON - INFO - Epoch [17/50]-(20/22) Loss: 2.2337, Acc(1): 25.00, Acc(5): 50.00
2023-06-19 16:34:49,189 - AUGCON - INFO - 	Validation Loss: 2.1812, Acc(1): 21.00, Acc(5): 64.00, F1: 0.05, Recall: 0.06, Precision: 0.05
2023-06-19 16:34:49,189 - AUGCON - INFO - Epoch [18/50]-(0/22) Loss: 2.1287, Acc(1): 50.00, Acc(5): 75.00
2023-06-19 16:34:49,189 - AUGCON - INFO - Epoch [18/50]-(5/22) Loss: 2.1761, Acc(1): 0.00, Acc(5): 75.00
2023-06-19 16:34:49,189 - AUGCON - INFO - Epoch [18/50]-(10/22) Loss: 2.5387, Acc(1): 0.00, Acc(5): 0.00
2023-06-19 16:34:49,189 - AUGCON - INFO - Epoch [18/50]-(15/22) Loss: 2.2226, Acc(1): 0.00, Acc(5): 75.00
2023-06-19 16:34:49,189 - AUGCON - INFO - Epoch [18/50]-(20/22) Loss: 2.1292, Acc(1): 25.00, Acc(5): 50.00
2023-06-19 16:34:49,189 - AUGCON - INFO - 	Validation Loss: 2.1645, Acc(1): 12.00, Acc(5): 66.00, F1: 0.03, Recall: 0.03, Precision: 0.02
2023-06-19 16:34:49,189 - AUGCON - INFO - Epoch [19/50]-(0/22) Loss: 2.0873, Acc(1): 0.00, Acc(5): 100.00
2023-06-19 16:34:49,190 - AUGCON - INFO - Epoch [19/50]-(5/22) Loss: 2.5022, Acc(1): 0.00, Acc(5): 25.00
2023-06-19 16:34:49,190 - AUGCON - INFO - Epoch [19/50]-(10/22) Loss: 2.3387, Acc(1): 0.00, Acc(5): 50.00
2023-06-19 16:34:49,190 - AUGCON - INFO - Epoch [19/50]-(15/22) Loss: 2.3340, Acc(1): 0.00, Acc(5): 50.00
2023-06-19 16:34:49,190 - AUGCON - INFO - Epoch [19/50]-(20/22) Loss: 2.0257, Acc(1): 50.00, Acc(5): 75.00
2023-06-19 16:34:49,190 - AUGCON - INFO - 	Validation Loss: 2.1854, Acc(1): 8.00, Acc(5): 65.00, F1: 0.01, Recall: 0.02, Precision: 0.01
2023-06-19 16:34:49,190 - AUGCON - INFO - Epoch [20/50]-(0/22) Loss: 2.2112, Acc(1): 0.00, Acc(5): 25.00
2023-06-19 16:34:49,190 - AUGCON - INFO - Epoch [20/50]-(5/22) Loss: 2.0108, Acc(1): 25.00, Acc(5): 100.00
2023-06-19 16:34:49,190 - AUGCON - INFO - Epoch [20/50]-(10/22) Loss: 2.1520, Acc(1): 0.00, Acc(5): 75.00
2023-06-19 16:34:49,190 - AUGCON - INFO - Epoch [20/50]-(15/22) Loss: 2.3822, Acc(1): 0.00, Acc(5): 25.00
2023-06-19 16:34:49,190 - AUGCON - INFO - Epoch [20/50]-(20/22) Loss: 2.1676, Acc(1): 0.00, Acc(5): 100.00
2023-06-19 16:34:49,190 - AUGCON - INFO - 	Validation Loss: 2.1675, Acc(1): 6.00, Acc(5): 74.00, F1: 0.03, Recall: 0.02, Precision: 0.06
2023-06-19 16:34:49,190 - AUGCON - INFO - Epoch [21/50]-(0/22) Loss: 2.0171, Acc(1): 50.00, Acc(5): 75.00
2023-06-19 16:34:49,190 - AUGCON - INFO - Epoch [21/50]-(5/22) Loss: 2.1721, Acc(1): 25.00, Acc(5): 50.00
2023-06-19 16:34:49,190 - AUGCON - INFO - Epoch [21/50]-(10/22) Loss: 2.2809, Acc(1): 0.00, Acc(5): 50.00
2023-06-19 16:34:49,190 - AUGCON - INFO - Epoch [21/50]-(15/22) Loss: 2.0562, Acc(1): 25.00, Acc(5): 75.00
2023-06-19 16:34:49,190 - AUGCON - INFO - Epoch [21/50]-(20/22) Loss: 2.2854, Acc(1): 0.00, Acc(5): 50.00
2023-06-19 16:34:49,191 - AUGCON - INFO - 	Validation Loss: 2.1632, Acc(1): 11.00, Acc(5): 73.00, F1: 0.01, Recall: 0.02, Precision: 0.01
2023-06-19 16:34:49,191 - AUGCON - INFO - Epoch [22/50]-(0/22) Loss: 2.2055, Acc(1): 0.00, Acc(5): 75.00
2023-06-19 16:34:49,191 - AUGCON - INFO - Epoch [22/50]-(5/22) Loss: 2.2533, Acc(1): 0.00, Acc(5): 25.00
2023-06-19 16:34:49,191 - AUGCON - INFO - Epoch [22/50]-(10/22) Loss: 2.2233, Acc(1): 25.00, Acc(5): 75.00
2023-06-19 16:34:49,191 - AUGCON - INFO - Epoch [22/50]-(15/22) Loss: 2.2931, Acc(1): 0.00, Acc(5): 25.00
2023-06-19 16:34:49,191 - AUGCON - INFO - Epoch [22/50]-(20/22) Loss: 2.1669, Acc(1): 50.00, Acc(5): 50.00
2023-06-19 16:34:49,191 - AUGCON - INFO - 	Validation Loss: 2.1587, Acc(1): 24.00, Acc(5): 62.00, F1: 0.06, Recall: 0.07, Precision: 0.05
2023-06-19 16:34:49,191 - AUGCON - INFO - Epoch [23/50]-(0/22) Loss: 1.9952, Acc(1): 75.00, Acc(5): 75.00
2023-06-19 16:34:49,191 - AUGCON - INFO - Epoch [23/50]-(5/22) Loss: 2.0825, Acc(1): 25.00, Acc(5): 75.00
2023-06-19 16:34:49,191 - AUGCON - INFO - Epoch [23/50]-(10/22) Loss: 2.1929, Acc(1): 0.00, Acc(5): 75.00
2023-06-19 16:34:49,191 - AUGCON - INFO - Epoch [23/50]-(15/22) Loss: 2.3384, Acc(1): 25.00, Acc(5): 25.00
2023-06-19 16:34:49,191 - AUGCON - INFO - Epoch [23/50]-(20/22) Loss: 2.2251, Acc(1): 0.00, Acc(5): 50.00
2023-06-19 16:34:49,191 - AUGCON - INFO - 	Validation Loss: 2.1418, Acc(1): 16.00, Acc(5): 69.00, F1: 0.03, Recall: 0.05, Precision: 0.03
2023-06-19 16:34:49,191 - AUGCON - INFO - Epoch [24/50]-(0/22) Loss: 2.1575, Acc(1): 25.00, Acc(5): 50.00
2023-06-19 16:34:49,191 - AUGCON - INFO - Epoch [24/50]-(5/22) Loss: 2.1352, Acc(1): 25.00, Acc(5): 75.00
2023-06-19 16:34:49,191 - AUGCON - INFO - Epoch [24/50]-(10/22) Loss: 2.2816, Acc(1): 0.00, Acc(5): 25.00
2023-06-19 16:34:49,192 - AUGCON - INFO - Epoch [24/50]-(15/22) Loss: 2.3282, Acc(1): 0.00, Acc(5): 25.00
2023-06-19 16:34:49,192 - AUGCON - INFO - Epoch [24/50]-(20/22) Loss: 2.1228, Acc(1): 50.00, Acc(5): 75.00
2023-06-19 16:34:49,192 - AUGCON - INFO - 	Validation Loss: 2.1407, Acc(1): 29.00, Acc(5): 67.00, F1: 0.10, Recall: 0.08, Precision: 0.11
2023-06-19 16:34:49,192 - AUGCON - INFO - Epoch [25/50]-(0/22) Loss: 2.1113, Acc(1): 0.00, Acc(5): 100.00
2023-06-19 16:34:49,192 - AUGCON - INFO - Epoch [25/50]-(5/22) Loss: 1.9710, Acc(1): 25.00, Acc(5): 100.00
2023-06-19 16:34:49,192 - AUGCON - INFO - Epoch [25/50]-(10/22) Loss: 2.1238, Acc(1): 0.00, Acc(5): 100.00
2023-06-19 16:34:49,192 - AUGCON - INFO - Epoch [25/50]-(15/22) Loss: 2.3239, Acc(1): 25.00, Acc(5): 50.00
2023-06-19 16:34:49,192 - AUGCON - INFO - Epoch [25/50]-(20/22) Loss: 2.1747, Acc(1): 0.00, Acc(5): 100.00
2023-06-19 16:34:49,192 - AUGCON - INFO - 	Validation Loss: 2.1438, Acc(1): 14.00, Acc(5): 85.00, F1: 0.02, Recall: 0.04, Precision: 0.02
2023-06-19 16:34:49,192 - AUGCON - INFO - Epoch [26/50]-(0/22) Loss: 2.0724, Acc(1): 25.00, Acc(5): 100.00
2023-06-19 16:34:49,192 - AUGCON - INFO - Epoch [26/50]-(5/22) Loss: 2.0876, Acc(1): 0.00, Acc(5): 100.00
2023-06-19 16:34:49,192 - AUGCON - INFO - Epoch [26/50]-(10/22) Loss: 2.4860, Acc(1): 0.00, Acc(5): 25.00
2023-06-19 16:34:49,193 - AUGCON - INFO - Epoch [26/50]-(15/22) Loss: 2.1527, Acc(1): 50.00, Acc(5): 75.00
2023-06-19 16:34:49,193 - AUGCON - INFO - Epoch [26/50]-(20/22) Loss: 2.3433, Acc(1): 0.00, Acc(5): 25.00
2023-06-19 16:34:49,193 - AUGCON - INFO - 	Validation Loss: 2.1501, Acc(1): 22.00, Acc(5): 73.00, F1: 0.07, Recall: 0.06, Precision: 0.08
2023-06-19 16:34:49,193 - AUGCON - INFO - Epoch [27/50]-(0/22) Loss: 2.1934, Acc(1): 25.00, Acc(5): 75.00
2023-06-19 16:34:49,193 - AUGCON - INFO - Epoch [27/50]-(5/22) Loss: 2.2838, Acc(1): 0.00, Acc(5): 25.00
2023-06-19 16:34:49,193 - AUGCON - INFO - Epoch [27/50]-(10/22) Loss: 2.2950, Acc(1): 0.00, Acc(5): 75.00
2023-06-19 16:34:49,193 - AUGCON - INFO - Epoch [27/50]-(15/22) Loss: 2.3298, Acc(1): 0.00, Acc(5): 50.00
2023-06-19 16:34:49,193 - AUGCON - INFO - Epoch [27/50]-(20/22) Loss: 2.0852, Acc(1): 25.00, Acc(5): 100.00
2023-06-19 16:34:49,193 - AUGCON - INFO - 	Validation Loss: 2.1364, Acc(1): 28.00, Acc(5): 79.00, F1: 0.09, Recall: 0.08, Precision: 0.11
2023-06-19 16:34:49,193 - AUGCON - INFO - Epoch [28/50]-(0/22) Loss: 2.1649, Acc(1): 25.00, Acc(5): 75.00
2023-06-19 16:34:49,193 - AUGCON - INFO - Epoch [28/50]-(5/22) Loss: 2.0383, Acc(1): 0.00, Acc(5): 100.00
2023-06-19 16:34:49,194 - AUGCON - INFO - Epoch [28/50]-(10/22) Loss: 2.0761, Acc(1): 25.00, Acc(5): 75.00
2023-06-19 16:34:49,194 - AUGCON - INFO - Epoch [28/50]-(15/22) Loss: 2.1563, Acc(1): 0.00, Acc(5): 75.00
2023-06-19 16:34:49,194 - AUGCON - INFO - Epoch [28/50]-(20/22) Loss: 2.1635, Acc(1): 25.00, Acc(5): 25.00
2023-06-19 16:34:49,194 - AUGCON - INFO - 	Validation Loss: 2.1350, Acc(1): 23.00, Acc(5): 78.00, F1: 0.04, Recall: 0.04, Precision: 0.03
2023-06-19 16:34:49,194 - AUGCON - INFO - Epoch [29/50]-(0/22) Loss: 2.0842, Acc(1): 75.00, Acc(5): 100.00
2023-06-19 16:34:49,194 - AUGCON - INFO - Epoch [29/50]-(5/22) Loss: 2.2979, Acc(1): 0.00, Acc(5): 50.00
2023-06-19 16:34:49,194 - AUGCON - INFO - Epoch [29/50]-(10/22) Loss: 2.2675, Acc(1): 0.00, Acc(5): 50.00
2023-06-19 16:34:49,194 - AUGCON - INFO - Epoch [29/50]-(15/22) Loss: 2.3949, Acc(1): 0.00, Acc(5): 0.00
2023-06-19 16:34:49,194 - AUGCON - INFO - Epoch [29/50]-(20/22) Loss: 2.1906, Acc(1): 0.00, Acc(5): 50.00
2023-06-19 16:34:49,194 - AUGCON - INFO - 	Validation Loss: 2.1497, Acc(1): 14.00, Acc(5): 75.00, F1: 0.03, Recall: 0.04, Precision: 0.02
2023-06-19 16:34:49,194 - AUGCON - INFO - Epoch [30/50]-(0/22) Loss: 2.0878, Acc(1): 25.00, Acc(5): 100.00
2023-06-19 16:34:49,194 - AUGCON - INFO - Epoch [30/50]-(5/22) Loss: 2.3126, Acc(1): 0.00, Acc(5): 50.00
2023-06-19 16:34:49,195 - AUGCON - INFO - Epoch [30/50]-(10/22) Loss: 2.1392, Acc(1): 0.00, Acc(5): 100.00
2023-06-19 16:34:49,195 - AUGCON - INFO - Epoch [30/50]-(15/22) Loss: 2.2321, Acc(1): 0.00, Acc(5): 100.00
2023-06-19 16:34:49,195 - AUGCON - INFO - Epoch [30/50]-(20/22) Loss: 2.3052, Acc(1): 25.00, Acc(5): 25.00
2023-06-19 16:34:49,195 - AUGCON - INFO - 	Validation Loss: 2.1386, Acc(1): 12.00, Acc(5): 55.00, F1: 0.04, Recall: 0.03, Precision: 0.04
2023-06-19 16:34:49,195 - AUGCON - INFO - Epoch [31/50]-(0/22) Loss: 2.0573, Acc(1): 25.00, Acc(5): 50.00
2023-06-19 16:34:49,195 - AUGCON - INFO - Epoch [31/50]-(5/22) Loss: 2.0419, Acc(1): 50.00, Acc(5): 75.00
2023-06-19 16:34:49,195 - AUGCON - INFO - Epoch [31/50]-(10/22) Loss: 2.2454, Acc(1): 25.00, Acc(5): 25.00
2023-06-19 16:34:49,195 - AUGCON - INFO - Epoch [31/50]-(15/22) Loss: 2.2765, Acc(1): 0.00, Acc(5): 25.00
2023-06-19 16:34:49,195 - AUGCON - INFO - Epoch [31/50]-(20/22) Loss: 2.3782, Acc(1): 0.00, Acc(5): 25.00
2023-06-19 16:34:49,195 - AUGCON - INFO - 	Validation Loss: 2.1679, Acc(1): 13.00, Acc(5): 72.00, F1: 0.03, Recall: 0.04, Precision: 0.02
2023-06-19 16:34:49,195 - AUGCON - INFO - Epoch [32/50]-(0/22) Loss: 1.9925, Acc(1): 25.00, Acc(5): 100.00
2023-06-19 16:34:49,196 - AUGCON - INFO - Epoch [32/50]-(5/22) Loss: 2.1946, Acc(1): 25.00, Acc(5): 50.00
2023-06-19 16:34:49,196 - AUGCON - INFO - Epoch [32/50]-(10/22) Loss: 2.2149, Acc(1): 25.00, Acc(5): 25.00
2023-06-19 16:34:49,196 - AUGCON - INFO - Epoch [32/50]-(15/22) Loss: 2.2935, Acc(1): 0.00, Acc(5): 50.00
2023-06-19 16:34:49,196 - AUGCON - INFO - Epoch [32/50]-(20/22) Loss: 2.1767, Acc(1): 25.00, Acc(5): 25.00
2023-06-19 16:34:49,196 - AUGCON - INFO - 	Validation Loss: 2.1485, Acc(1): 20.00, Acc(5): 59.00, F1: 0.07, Recall: 0.06, Precision: 0.08
2023-06-19 16:34:49,196 - AUGCON - INFO - Epoch [33/50]-(0/22) Loss: 2.1077, Acc(1): 25.00, Acc(5): 75.00
2023-06-19 16:34:49,196 - AUGCON - INFO - Epoch [33/50]-(5/22) Loss: 2.0035, Acc(1): 25.00, Acc(5): 100.00
2023-06-19 16:34:49,196 - AUGCON - INFO - Epoch [33/50]-(10/22) Loss: 2.0931, Acc(1): 0.00, Acc(5): 75.00
2023-06-19 16:34:49,196 - AUGCON - INFO - Epoch [33/50]-(15/22) Loss: 2.3387, Acc(1): 0.00, Acc(5): 50.00
2023-06-19 16:34:49,196 - AUGCON - INFO - Epoch [33/50]-(20/22) Loss: 2.2852, Acc(1): 0.00, Acc(5): 75.00
2023-06-19 16:34:49,196 - AUGCON - INFO - 	Validation Loss: 2.1775, Acc(1): 23.00, Acc(5): 65.00, F1: 0.04, Recall: 0.07, Precision: 0.03
2023-06-19 16:34:49,196 - AUGCON - INFO - Epoch [34/50]-(0/22) Loss: 2.1855, Acc(1): 25.00, Acc(5): 50.00
2023-06-19 16:34:49,197 - AUGCON - INFO - Epoch [34/50]-(5/22) Loss: 2.3272, Acc(1): 0.00, Acc(5): 25.00
2023-06-19 16:34:49,197 - AUGCON - INFO - Epoch [34/50]-(10/22) Loss: 2.4571, Acc(1): 0.00, Acc(5): 50.00
2023-06-19 16:34:49,197 - AUGCON - INFO - Epoch [34/50]-(15/22) Loss: 2.2055, Acc(1): 0.00, Acc(5): 75.00
2023-06-19 16:34:49,197 - AUGCON - INFO - Epoch [34/50]-(20/22) Loss: 2.2872, Acc(1): 0.00, Acc(5): 0.00
2023-06-19 16:34:49,197 - AUGCON - INFO - 	Validation Loss: 2.1450, Acc(1): 21.00, Acc(5): 61.00, F1: 0.05, Recall: 0.06, Precision: 0.04
2023-06-19 16:34:49,197 - AUGCON - INFO - Epoch [35/50]-(0/22) Loss: 2.1835, Acc(1): 0.00, Acc(5): 50.00
2023-06-19 16:34:49,197 - AUGCON - INFO - Epoch [35/50]-(5/22) Loss: 2.2364, Acc(1): 25.00, Acc(5): 25.00
2023-06-19 16:34:49,197 - AUGCON - INFO - Epoch [35/50]-(10/22) Loss: 2.1821, Acc(1): 0.00, Acc(5): 100.00
2023-06-19 16:34:49,197 - AUGCON - INFO - Epoch [35/50]-(15/22) Loss: 2.1398, Acc(1): 25.00, Acc(5): 75.00
2023-06-19 16:34:49,197 - AUGCON - INFO - Epoch [35/50]-(20/22) Loss: 2.3020, Acc(1): 0.00, Acc(5): 25.00
2023-06-19 16:34:49,197 - AUGCON - INFO - 	Validation Loss: 2.1636, Acc(1): 16.00, Acc(5): 54.00, F1: 0.03, Recall: 0.05, Precision: 0.03
2023-06-19 16:34:49,198 - AUGCON - INFO - Epoch [36/50]-(0/22) Loss: 2.2556, Acc(1): 25.00, Acc(5): 25.00
2023-06-19 16:34:49,198 - AUGCON - INFO - Epoch [36/50]-(5/22) Loss: 2.3361, Acc(1): 0.00, Acc(5): 50.00
2023-06-19 16:34:49,198 - AUGCON - INFO - Epoch [36/50]-(10/22) Loss: 2.1709, Acc(1): 0.00, Acc(5): 75.00
2023-06-19 16:34:49,198 - AUGCON - INFO - Epoch [36/50]-(15/22) Loss: 2.2595, Acc(1): 0.00, Acc(5): 50.00
2023-06-19 16:34:49,198 - AUGCON - INFO - Epoch [36/50]-(20/22) Loss: 2.2985, Acc(1): 0.00, Acc(5): 0.00
2023-06-19 16:34:49,198 - AUGCON - INFO - 	Validation Loss: 2.1466, Acc(1): 18.00, Acc(5): 70.00, F1: 0.03, Recall: 0.05, Precision: 0.02
2023-06-19 16:34:49,198 - AUGCON - INFO - Epoch [37/50]-(0/22) Loss: 2.0048, Acc(1): 25.00, Acc(5): 75.00
2023-06-19 16:34:49,198 - AUGCON - INFO - Epoch [37/50]-(5/22) Loss: 2.0564, Acc(1): 25.00, Acc(5): 75.00
2023-06-19 16:34:49,198 - AUGCON - INFO - Epoch [37/50]-(10/22) Loss: 2.2289, Acc(1): 25.00, Acc(5): 50.00
2023-06-19 16:34:49,198 - AUGCON - INFO - Epoch [37/50]-(15/22) Loss: 2.0638, Acc(1): 0.00, Acc(5): 75.00
2023-06-19 16:34:49,198 - AUGCON - INFO - Epoch [37/50]-(20/22) Loss: 2.1286, Acc(1): 25.00, Acc(5): 75.00
2023-06-19 16:34:49,199 - AUGCON - INFO - 	Validation Loss: 2.1535, Acc(1): 14.00, Acc(5): 63.00, F1: 0.03, Recall: 0.04, Precision: 0.03
2023-06-19 16:34:49,199 - AUGCON - INFO - Epoch [38/50]-(0/22) Loss: 2.0481, Acc(1): 25.00, Acc(5): 100.00
2023-06-19 16:34:49,199 - AUGCON - INFO - Epoch [38/50]-(5/22) Loss: 2.3079, Acc(1): 25.00, Acc(5): 25.00
2023-06-19 16:34:49,199 - AUGCON - INFO - Epoch [38/50]-(10/22) Loss: 2.3436, Acc(1): 25.00, Acc(5): 25.00
2023-06-19 16:34:49,199 - AUGCON - INFO - Epoch [38/50]-(15/22) Loss: 2.2260, Acc(1): 0.00, Acc(5): 100.00
2023-06-19 16:34:49,199 - AUGCON - INFO - Epoch [38/50]-(20/22) Loss: 2.1681, Acc(1): 0.00, Acc(5): 50.00
2023-06-19 16:34:49,199 - AUGCON - INFO - 	Validation Loss: 2.1336, Acc(1): 25.00, Acc(5): 69.00, F1: 0.06, Recall: 0.07, Precision: 0.05
2023-06-19 16:34:49,199 - AUGCON - INFO - Epoch [39/50]-(0/22) Loss: 2.1262, Acc(1): 25.00, Acc(5): 100.00
2023-06-19 16:34:49,199 - AUGCON - INFO - Epoch [39/50]-(5/22) Loss: 2.0203, Acc(1): 25.00, Acc(5): 100.00
2023-06-19 16:34:49,199 - AUGCON - INFO - Epoch [39/50]-(10/22) Loss: 2.1050, Acc(1): 50.00, Acc(5): 75.00
2023-06-19 16:34:49,199 - AUGCON - INFO - Epoch [39/50]-(15/22) Loss: 2.1724, Acc(1): 0.00, Acc(5): 50.00
2023-06-19 16:34:49,199 - AUGCON - INFO - Epoch [39/50]-(20/22) Loss: 2.1738, Acc(1): 0.00, Acc(5): 75.00
2023-06-19 16:34:49,200 - AUGCON - INFO - 	Validation Loss: 2.1890, Acc(1): 20.00, Acc(5): 61.00, F1: 0.05, Recall: 0.06, Precision: 0.04
2023-06-19 16:34:49,200 - AUGCON - INFO - Epoch [40/50]-(0/22) Loss: 2.4076, Acc(1): 0.00, Acc(5): 0.00
2023-06-19 16:34:49,200 - AUGCON - INFO - Epoch [40/50]-(5/22) Loss: 2.0887, Acc(1): 0.00, Acc(5): 75.00
2023-06-19 16:34:49,200 - AUGCON - INFO - Epoch [40/50]-(10/22) Loss: 2.1504, Acc(1): 0.00, Acc(5): 75.00
2023-06-19 16:34:49,200 - AUGCON - INFO - Epoch [40/50]-(15/22) Loss: 2.0542, Acc(1): 25.00, Acc(5): 75.00
2023-06-19 16:34:49,200 - AUGCON - INFO - Epoch [40/50]-(20/22) Loss: 2.1566, Acc(1): 25.00, Acc(5): 50.00
2023-06-19 16:34:49,200 - AUGCON - INFO - 	Validation Loss: 2.0917, Acc(1): 21.00, Acc(5): 85.00, F1: 0.06, Recall: 0.06, Precision: 0.06
2023-06-19 16:34:49,200 - AUGCON - INFO - Epoch [41/50]-(0/22) Loss: 2.2442, Acc(1): 0.00, Acc(5): 75.00
2023-06-19 16:34:49,200 - AUGCON - INFO - Epoch [41/50]-(5/22) Loss: 2.1564, Acc(1): 25.00, Acc(5): 25.00
2023-06-19 16:34:49,200 - AUGCON - INFO - Epoch [41/50]-(10/22) Loss: 2.0716, Acc(1): 25.00, Acc(5): 50.00
2023-06-19 16:34:49,200 - AUGCON - INFO - Epoch [41/50]-(15/22) Loss: 2.0783, Acc(1): 50.00, Acc(5): 75.00
2023-06-19 16:34:49,201 - AUGCON - INFO - Epoch [41/50]-(20/22) Loss: 2.3651, Acc(1): 0.00, Acc(5): 25.00
2023-06-19 16:34:49,201 - AUGCON - INFO - 	Validation Loss: 2.1350, Acc(1): 16.00, Acc(5): 68.00, F1: 0.04, Recall: 0.05, Precision: 0.03
2023-06-19 16:34:49,201 - AUGCON - INFO - Epoch [42/50]-(0/22) Loss: 1.8107, Acc(1): 50.00, Acc(5): 100.00
2023-06-19 16:34:49,201 - AUGCON - INFO - Epoch [42/50]-(5/22) Loss: 1.9919, Acc(1): 25.00, Acc(5): 100.00
2023-06-19 16:34:49,201 - AUGCON - INFO - Epoch [42/50]-(10/22) Loss: 2.2761, Acc(1): 0.00, Acc(5): 50.00
2023-06-19 16:34:49,201 - AUGCON - INFO - Epoch [42/50]-(15/22) Loss: 2.1507, Acc(1): 50.00, Acc(5): 50.00
2023-06-19 16:34:49,201 - AUGCON - INFO - Epoch [42/50]-(20/22) Loss: 2.2749, Acc(1): 0.00, Acc(5): 50.00
2023-06-19 16:34:49,201 - AUGCON - INFO - 	Validation Loss: 2.1283, Acc(1): 28.00, Acc(5): 61.00, F1: 0.06, Recall: 0.04, Precision: 0.10
2023-06-19 16:34:49,201 - AUGCON - INFO - Epoch [43/50]-(0/22) Loss: 2.0653, Acc(1): 50.00, Acc(5): 75.00
2023-06-19 16:34:49,201 - AUGCON - INFO - Epoch [43/50]-(5/22) Loss: 2.0319, Acc(1): 50.00, Acc(5): 75.00
2023-06-19 16:34:49,201 - AUGCON - INFO - Epoch [43/50]-(10/22) Loss: 2.0431, Acc(1): 25.00, Acc(5): 75.00
2023-06-19 16:34:49,201 - AUGCON - INFO - Epoch [43/50]-(15/22) Loss: 2.1604, Acc(1): 50.00, Acc(5): 50.00
2023-06-19 16:34:49,202 - AUGCON - INFO - Epoch [43/50]-(20/22) Loss: 2.1859, Acc(1): 25.00, Acc(5): 50.00
2023-06-19 16:34:49,202 - AUGCON - INFO - 	Validation Loss: 2.1280, Acc(1): 22.00, Acc(5): 67.00, F1: 0.04, Recall: 0.06, Precision: 0.03
2023-06-19 16:34:49,202 - AUGCON - INFO - Epoch [44/50]-(0/22) Loss: 1.9185, Acc(1): 50.00, Acc(5): 75.00
2023-06-19 16:34:49,202 - AUGCON - INFO - Epoch [44/50]-(5/22) Loss: 2.2696, Acc(1): 0.00, Acc(5): 50.00
2023-06-19 16:34:49,202 - AUGCON - INFO - Epoch [44/50]-(10/22) Loss: 2.3470, Acc(1): 0.00, Acc(5): 50.00
2023-06-19 16:34:49,202 - AUGCON - INFO - Epoch [44/50]-(15/22) Loss: 2.1300, Acc(1): 25.00, Acc(5): 50.00
2023-06-19 16:34:49,202 - AUGCON - INFO - Epoch [44/50]-(20/22) Loss: 2.0790, Acc(1): 0.00, Acc(5): 100.00
2023-06-19 16:34:49,202 - AUGCON - INFO - 	Validation Loss: 2.0825, Acc(1): 32.00, Acc(5): 81.00, F1: 0.10, Recall: 0.08, Precision: 0.14
2023-06-19 16:34:49,202 - AUGCON - INFO - Epoch [45/50]-(0/22) Loss: 2.0432, Acc(1): 50.00, Acc(5): 100.00
2023-06-19 16:34:49,202 - AUGCON - INFO - Epoch [45/50]-(5/22) Loss: 2.0669, Acc(1): 0.00, Acc(5): 75.00
2023-06-19 16:34:49,202 - AUGCON - INFO - Epoch [45/50]-(10/22) Loss: 1.9727, Acc(1): 50.00, Acc(5): 75.00
2023-06-19 16:34:49,203 - AUGCON - INFO - Epoch [45/50]-(15/22) Loss: 2.2804, Acc(1): 0.00, Acc(5): 75.00
2023-06-19 16:34:49,203 - AUGCON - INFO - Epoch [45/50]-(20/22) Loss: 1.9858, Acc(1): 50.00, Acc(5): 50.00
2023-06-19 16:34:49,203 - AUGCON - INFO - 	Validation Loss: 2.1426, Acc(1): 20.00, Acc(5): 58.00, F1: 0.05, Recall: 0.06, Precision: 0.04
2023-06-19 16:34:49,203 - AUGCON - INFO - Epoch [46/50]-(0/22) Loss: 2.1890, Acc(1): 25.00, Acc(5): 50.00
2023-06-19 16:34:49,203 - AUGCON - INFO - Epoch [46/50]-(5/22) Loss: 2.1409, Acc(1): 25.00, Acc(5): 75.00
2023-06-19 16:34:49,203 - AUGCON - INFO - Epoch [46/50]-(10/22) Loss: 1.9824, Acc(1): 25.00, Acc(5): 75.00
2023-06-19 16:34:49,203 - AUGCON - INFO - Epoch [46/50]-(15/22) Loss: 1.9661, Acc(1): 50.00, Acc(5): 75.00
2023-06-19 16:34:49,203 - AUGCON - INFO - Epoch [46/50]-(20/22) Loss: 2.2818, Acc(1): 0.00, Acc(5): 75.00
2023-06-19 16:34:49,203 - AUGCON - INFO - 	Validation Loss: 2.1605, Acc(1): 18.00, Acc(5): 71.00, F1: 0.03, Recall: 0.03, Precision: 0.03
2023-06-19 16:34:49,203 - AUGCON - INFO - Epoch [47/50]-(0/22) Loss: 2.0942, Acc(1): 50.00, Acc(5): 75.00
2023-06-19 16:34:49,203 - AUGCON - INFO - Epoch [47/50]-(5/22) Loss: 2.0489, Acc(1): 25.00, Acc(5): 100.00
2023-06-19 16:34:49,203 - AUGCON - INFO - Epoch [47/50]-(10/22) Loss: 2.0596, Acc(1): 0.00, Acc(5): 100.00
2023-06-19 16:34:49,204 - AUGCON - INFO - Epoch [47/50]-(15/22) Loss: 2.0690, Acc(1): 25.00, Acc(5): 75.00
2023-06-19 16:34:49,204 - AUGCON - INFO - Epoch [47/50]-(20/22) Loss: 2.1096, Acc(1): 25.00, Acc(5): 75.00
2023-06-19 16:34:49,204 - AUGCON - INFO - 	Validation Loss: 2.0906, Acc(1): 37.00, Acc(5): 72.00, F1: 0.10, Recall: 0.11, Precision: 0.09
2023-06-19 16:34:49,204 - AUGCON - INFO - Epoch [48/50]-(0/22) Loss: 2.1666, Acc(1): 0.00, Acc(5): 50.00
2023-06-19 16:34:49,204 - AUGCON - INFO - Epoch [48/50]-(5/22) Loss: 2.2039, Acc(1): 0.00, Acc(5): 75.00
2023-06-19 16:34:49,204 - AUGCON - INFO - Epoch [48/50]-(10/22) Loss: 2.2122, Acc(1): 25.00, Acc(5): 25.00
2023-06-19 16:34:49,204 - AUGCON - INFO - Epoch [48/50]-(15/22) Loss: 1.8657, Acc(1): 75.00, Acc(5): 75.00
2023-06-19 16:34:49,204 - AUGCON - INFO - Epoch [48/50]-(20/22) Loss: 2.1983, Acc(1): 0.00, Acc(5): 75.00
2023-06-19 16:34:49,204 - AUGCON - INFO - 	Validation Loss: 2.1566, Acc(1): 9.00, Acc(5): 67.00, F1: 0.02, Recall: 0.03, Precision: 0.02
2023-06-19 16:34:49,204 - AUGCON - INFO - Epoch [49/50]-(0/22) Loss: 1.9851, Acc(1): 25.00, Acc(5): 100.00
2023-06-19 16:34:49,205 - AUGCON - INFO - Epoch [49/50]-(5/22) Loss: 2.1388, Acc(1): 0.00, Acc(5): 75.00
2023-06-19 16:34:49,205 - AUGCON - INFO - Epoch [49/50]-(10/22) Loss: 2.4956, Acc(1): 0.00, Acc(5): 25.00
2023-06-19 16:34:49,205 - AUGCON - INFO - Epoch [49/50]-(15/22) Loss: 2.0524, Acc(1): 25.00, Acc(5): 75.00
2023-06-19 16:34:49,205 - AUGCON - INFO - Epoch [49/50]-(20/22) Loss: 2.1575, Acc(1): 0.00, Acc(5): 50.00
2023-06-19 16:34:49,205 - AUGCON - INFO - 	Validation Loss: 2.1151, Acc(1): 21.00, Acc(5): 65.00, F1: 0.08, Recall: 0.06, Precision: 0.10
2023-06-19 16:34:49,205 - AUGCON - INFO - Epoch [50/50]-(0/22) Loss: 2.1555, Acc(1): 25.00, Acc(5): 25.00
2023-06-19 16:34:49,205 - AUGCON - INFO - Epoch [50/50]-(5/22) Loss: 2.1613, Acc(1): 0.00, Acc(5): 75.00
2023-06-19 16:34:49,205 - AUGCON - INFO - Epoch [50/50]-(10/22) Loss: 2.1361, Acc(1): 0.00, Acc(5): 100.00
2023-06-19 16:34:49,205 - AUGCON - INFO - Epoch [50/50]-(15/22) Loss: 2.0531, Acc(1): 0.00, Acc(5): 100.00
2023-06-19 16:34:49,205 - AUGCON - INFO - Epoch [50/50]-(20/22) Loss: 2.0874, Acc(1): 25.00, Acc(5): 75.00
2023-06-19 16:34:49,205 - AUGCON - INFO - 	Validation Loss: 2.0972, Acc(1): 29.00, Acc(5): 73.00, F1: 0.07, Recall: 0.08, Precision: 0.06
2023-06-19 16:34:49,205 - AUGCON - INFO - 	Validation Loss: 2.1323, Acc(1): 19.00, Acc(5): 77.00, F1: 0.05, Recall: 0.05, Precision: 0.04
