2023-06-19 16:33:27,337 - AUGCON - INFO - logger initialized (/home/hjyoon/projects/augcon/config/exp0/finetune_da_false/without_target_domain_PH0038-iygoo/metacpc_random_8421/tgt_target_domain_PH0034-ykha_seed0.yaml.log)
2023-06-19 16:33:27,337 - AUGCON - INFO - ================= Config =================
2023-06-19 16:33:27,337 - AUGCON - INFO -   mode: finetune
2023-06-19 16:33:27,337 - AUGCON - INFO -   seed: 0
2023-06-19 16:33:27,337 - AUGCON - INFO -   gpu: [4]
2023-06-19 16:33:27,338 - AUGCON - INFO -   num_workers: 1
2023-06-19 16:33:27,338 - AUGCON - INFO -   dist_url: tcp://localhost:10001
2023-06-19 16:33:27,338 - AUGCON - INFO -   dataset_name: ichar
2023-06-19 16:33:27,338 - AUGCON - INFO -   train_dataset_path: /mnt/sting/hjyoon/projects/cross/ICHAR/augcon/target_domain_PH0034-ykha/finetune/10shot/target/train.pkl
2023-06-19 16:33:27,338 - AUGCON - INFO -   test_dataset_path: /mnt/sting/hjyoon/projects/cross/ICHAR/augcon/target_domain_PH0034-ykha/finetune/10shot/target/test.pkl
2023-06-19 16:33:27,338 - AUGCON - INFO -   val_dataset_path: /mnt/sting/hjyoon/projects/cross/ICHAR/augcon/target_domain_PH0034-ykha/finetune/10shot/target/val.pkl
2023-06-19 16:33:27,338 - AUGCON - INFO -   input_channels: 3
2023-06-19 16:33:27,338 - AUGCON - INFO -   num_cls: 9
2023-06-19 16:33:27,338 - AUGCON - INFO -   optimizer: adam
2023-06-19 16:33:27,338 - AUGCON - INFO -   criterion: crossentropy
2023-06-19 16:33:27,338 - AUGCON - INFO -   start_epoch: 0
2023-06-19 16:33:27,338 - AUGCON - INFO -   epochs: 50
2023-06-19 16:33:27,338 - AUGCON - INFO -   batch_size: 4
2023-06-19 16:33:27,338 - AUGCON - INFO -   lr: 0.001
2023-06-19 16:33:27,338 - AUGCON - INFO -   wd: 0.0
2023-06-19 16:33:27,338 - AUGCON - INFO -   resume: 
2023-06-19 16:33:27,338 - AUGCON - INFO -   pretrained: /mnt/sting/hjyoon/projects/augcontrast/models/exp0/pretrain/without_target_domain_PH0038-iygoo/metacpc_random_8421/checkpoint_0999.pth.tar
2023-06-19 16:33:27,338 - AUGCON - INFO -   ckpt_dir: /mnt/sting/hjyoon/projects/augcontrast/models/exp0/finetune_da_false/without_target_domain_PH0038-iygoo/metacpc_random_8421/tgt_target_domain_PH0034-ykha_seed0
2023-06-19 16:33:27,338 - AUGCON - INFO -   log_freq: 5
2023-06-19 16:33:27,338 - AUGCON - INFO -   save_freq: 10
2023-06-19 16:33:27,338 - AUGCON - INFO -   pretext: metacpc
2023-06-19 16:33:27,338 - AUGCON - INFO -   enc_blocks: 4
2023-06-19 16:33:27,338 - AUGCON - INFO -   kernel_sizes: [8, 4, 2, 1]
2023-06-19 16:33:27,338 - AUGCON - INFO -   strides: [4, 2, 1, 1]
2023-06-19 16:33:27,338 - AUGCON - INFO -   agg_blocks: 5
2023-06-19 16:33:27,338 - AUGCON - INFO -   z_dim: 256
2023-06-19 16:33:27,338 - AUGCON - INFO -   pooling: mean
2023-06-19 16:33:27,338 - AUGCON - INFO -   pred_steps: 12
2023-06-19 16:33:27,338 - AUGCON - INFO -   n_negatives: 15
2023-06-19 16:33:27,338 - AUGCON - INFO -   offset: 4
2023-06-19 16:33:27,338 - AUGCON - INFO -   domain_adaptation: False
2023-06-19 16:33:27,338 - AUGCON - INFO -   task_steps: 10
2023-06-19 16:33:27,338 - AUGCON - INFO -   task_lr: 0.001
2023-06-19 16:33:27,338 - AUGCON - INFO -   reg_lambda: 0
2023-06-19 16:33:27,338 - AUGCON - INFO -   mlp: False
2023-06-19 16:33:27,338 - AUGCON - INFO -   freeze: True
2023-06-19 16:33:27,339 - AUGCON - INFO -   no_vars: False
2023-06-19 16:33:27,339 - AUGCON - INFO - ==========================================
2023-06-19 16:33:27,339 - AUGCON - INFO - Setting GPUs: [4]
2023-06-19 16:33:27,339 - AUGCON - INFO - GPUs [4] will be used
2023-06-19 16:33:27,339 - AUGCON - WARNING - You have chosen to seed training. 
2023-06-19 16:33:27,339 - AUGCON - WARNING - This will turn on the CUDNN deterministic setting, 
2023-06-19 16:33:27,339 - AUGCON - WARNING - which can slow down your training considerably! 
2023-06-19 16:33:27,339 - AUGCON - WARNING - You may see unexpected behavior when restarting 
2023-06-19 16:33:27,339 - AUGCON - WARNING - from checkpoints.
2023-06-19 16:33:27,371 - AUGCON - INFO - Executing MetaCPC
2023-06-19 16:33:27,371 - AUGCON - INFO - Logs are skipped during training
2023-06-19 16:33:46,119 - AUGCON - INFO - Single GPU is used for training - training 90 instances for each worker
2023-06-19 16:33:46,119 - AUGCON - INFO - Loading pretrained model from checkpoint - /mnt/sting/hjyoon/projects/augcontrast/models/exp0/pretrain/without_target_domain_PH0038-iygoo/metacpc_random_8421/checkpoint_0999.pth.tar
2023-06-19 16:33:46,119 - AUGCON - INFO - Missing keys: []
2023-06-19 16:33:46,119 - AUGCON - INFO - Loading encoder parameters to the classifier
2023-06-19 16:33:46,119 - AUGCON - INFO - Missing keys: ['classifier.block.0.weight', 'classifier.block.0.bias']
2023-06-19 16:33:46,119 - AUGCON - INFO - Epoch [1/50]-(0/22) Loss: 2.4591, Acc(1): 0.00, Acc(5): 25.00
2023-06-19 16:33:46,119 - AUGCON - INFO - Epoch [1/50]-(5/22) Loss: 2.2034, Acc(1): 0.00, Acc(5): 75.00
2023-06-19 16:33:46,119 - AUGCON - INFO - Epoch [1/50]-(10/22) Loss: 2.6870, Acc(1): 0.00, Acc(5): 50.00
2023-06-19 16:33:46,119 - AUGCON - INFO - Epoch [1/50]-(15/22) Loss: 2.5848, Acc(1): 0.00, Acc(5): 50.00
2023-06-19 16:33:46,120 - AUGCON - INFO - Epoch [1/50]-(20/22) Loss: 2.6662, Acc(1): 0.00, Acc(5): 0.00
2023-06-19 16:33:46,120 - AUGCON - INFO - 	Validation Loss: 2.2360, Acc(1): 15.00, Acc(5): 51.00, F1: 0.05, Recall: 0.04, Precision: 0.08
2023-06-19 16:33:46,120 - AUGCON - INFO - Epoch [2/50]-(0/22) Loss: 2.3622, Acc(1): 0.00, Acc(5): 25.00
2023-06-19 16:33:46,120 - AUGCON - INFO - Epoch [2/50]-(5/22) Loss: 2.3386, Acc(1): 0.00, Acc(5): 50.00
2023-06-19 16:33:46,120 - AUGCON - INFO - Epoch [2/50]-(10/22) Loss: 2.5551, Acc(1): 0.00, Acc(5): 25.00
2023-06-19 16:33:46,120 - AUGCON - INFO - Epoch [2/50]-(15/22) Loss: 2.4160, Acc(1): 0.00, Acc(5): 50.00
2023-06-19 16:33:46,120 - AUGCON - INFO - Epoch [2/50]-(20/22) Loss: 2.2346, Acc(1): 25.00, Acc(5): 50.00
2023-06-19 16:33:46,120 - AUGCON - INFO - 	Validation Loss: 2.1807, Acc(1): 22.00, Acc(5): 62.00, F1: 0.04, Recall: 0.06, Precision: 0.04
2023-06-19 16:33:46,120 - AUGCON - INFO - Epoch [3/50]-(0/22) Loss: 2.0732, Acc(1): 0.00, Acc(5): 100.00
2023-06-19 16:33:46,120 - AUGCON - INFO - Epoch [3/50]-(5/22) Loss: 2.4112, Acc(1): 0.00, Acc(5): 25.00
2023-06-19 16:33:46,120 - AUGCON - INFO - Epoch [3/50]-(10/22) Loss: 2.3371, Acc(1): 0.00, Acc(5): 50.00
2023-06-19 16:33:46,120 - AUGCON - INFO - Epoch [3/50]-(15/22) Loss: 2.3941, Acc(1): 0.00, Acc(5): 25.00
2023-06-19 16:33:46,120 - AUGCON - INFO - Epoch [3/50]-(20/22) Loss: 2.2226, Acc(1): 25.00, Acc(5): 25.00
2023-06-19 16:33:46,120 - AUGCON - INFO - 	Validation Loss: 2.1694, Acc(1): 15.00, Acc(5): 71.00, F1: 0.04, Recall: 0.04, Precision: 0.04
2023-06-19 16:33:46,121 - AUGCON - INFO - Epoch [4/50]-(0/22) Loss: 2.1990, Acc(1): 0.00, Acc(5): 50.00
2023-06-19 16:33:46,121 - AUGCON - INFO - Epoch [4/50]-(5/22) Loss: 2.2052, Acc(1): 0.00, Acc(5): 75.00
2023-06-19 16:33:46,121 - AUGCON - INFO - Epoch [4/50]-(10/22) Loss: 2.1381, Acc(1): 0.00, Acc(5): 75.00
2023-06-19 16:33:46,121 - AUGCON - INFO - Epoch [4/50]-(15/22) Loss: 2.3445, Acc(1): 25.00, Acc(5): 50.00
2023-06-19 16:33:46,121 - AUGCON - INFO - Epoch [4/50]-(20/22) Loss: 2.3414, Acc(1): 0.00, Acc(5): 50.00
2023-06-19 16:33:46,121 - AUGCON - INFO - 	Validation Loss: 2.1552, Acc(1): 20.00, Acc(5): 58.00, F1: 0.05, Recall: 0.05, Precision: 0.05
2023-06-19 16:33:46,121 - AUGCON - INFO - Epoch [5/50]-(0/22) Loss: 2.1326, Acc(1): 50.00, Acc(5): 75.00
2023-06-19 16:33:46,121 - AUGCON - INFO - Epoch [5/50]-(5/22) Loss: 2.4032, Acc(1): 0.00, Acc(5): 0.00
2023-06-19 16:33:46,121 - AUGCON - INFO - Epoch [5/50]-(10/22) Loss: 2.2917, Acc(1): 0.00, Acc(5): 75.00
2023-06-19 16:33:46,121 - AUGCON - INFO - Epoch [5/50]-(15/22) Loss: 2.3848, Acc(1): 25.00, Acc(5): 25.00
2023-06-19 16:33:46,121 - AUGCON - INFO - Epoch [5/50]-(20/22) Loss: 2.2532, Acc(1): 0.00, Acc(5): 75.00
2023-06-19 16:33:46,121 - AUGCON - INFO - 	Validation Loss: 2.2405, Acc(1): 6.00, Acc(5): 45.00, F1: 0.01, Recall: 0.02, Precision: 0.01
2023-06-19 16:33:46,121 - AUGCON - INFO - Epoch [6/50]-(0/22) Loss: 2.1447, Acc(1): 0.00, Acc(5): 75.00
2023-06-19 16:33:46,121 - AUGCON - INFO - Epoch [6/50]-(5/22) Loss: 2.3580, Acc(1): 0.00, Acc(5): 0.00
2023-06-19 16:33:46,121 - AUGCON - INFO - Epoch [6/50]-(10/22) Loss: 2.3457, Acc(1): 0.00, Acc(5): 50.00
2023-06-19 16:33:46,121 - AUGCON - INFO - Epoch [6/50]-(15/22) Loss: 2.3165, Acc(1): 0.00, Acc(5): 25.00
2023-06-19 16:33:46,122 - AUGCON - INFO - Epoch [6/50]-(20/22) Loss: 2.5166, Acc(1): 0.00, Acc(5): 0.00
2023-06-19 16:33:46,122 - AUGCON - INFO - 	Validation Loss: 2.1980, Acc(1): 16.00, Acc(5): 55.00, F1: 0.04, Recall: 0.03, Precision: 0.05
2023-06-19 16:33:46,122 - AUGCON - INFO - Epoch [7/50]-(0/22) Loss: 2.1599, Acc(1): 0.00, Acc(5): 75.00
2023-06-19 16:33:46,122 - AUGCON - INFO - Epoch [7/50]-(5/22) Loss: 2.3240, Acc(1): 0.00, Acc(5): 50.00
2023-06-19 16:33:46,122 - AUGCON - INFO - Epoch [7/50]-(10/22) Loss: 2.1220, Acc(1): 25.00, Acc(5): 50.00
2023-06-19 16:33:46,122 - AUGCON - INFO - Epoch [7/50]-(15/22) Loss: 2.2281, Acc(1): 0.00, Acc(5): 50.00
2023-06-19 16:33:46,122 - AUGCON - INFO - Epoch [7/50]-(20/22) Loss: 2.3456, Acc(1): 0.00, Acc(5): 25.00
2023-06-19 16:33:46,122 - AUGCON - INFO - 	Validation Loss: 2.1553, Acc(1): 17.00, Acc(5): 70.00, F1: 0.04, Recall: 0.04, Precision: 0.04
2023-06-19 16:33:46,122 - AUGCON - INFO - Epoch [8/50]-(0/22) Loss: 2.3173, Acc(1): 0.00, Acc(5): 0.00
2023-06-19 16:33:46,122 - AUGCON - INFO - Epoch [8/50]-(5/22) Loss: 2.2450, Acc(1): 0.00, Acc(5): 50.00
2023-06-19 16:33:46,122 - AUGCON - INFO - Epoch [8/50]-(10/22) Loss: 2.6278, Acc(1): 0.00, Acc(5): 0.00
2023-06-19 16:33:46,122 - AUGCON - INFO - Epoch [8/50]-(15/22) Loss: 2.1839, Acc(1): 25.00, Acc(5): 50.00
2023-06-19 16:33:46,122 - AUGCON - INFO - Epoch [8/50]-(20/22) Loss: 2.5109, Acc(1): 0.00, Acc(5): 0.00
2023-06-19 16:33:46,122 - AUGCON - INFO - 	Validation Loss: 2.1592, Acc(1): 5.00, Acc(5): 71.00, F1: 0.01, Recall: 0.01, Precision: 0.01
2023-06-19 16:33:46,122 - AUGCON - INFO - Epoch [9/50]-(0/22) Loss: 2.1741, Acc(1): 25.00, Acc(5): 50.00
2023-06-19 16:33:46,122 - AUGCON - INFO - Epoch [9/50]-(5/22) Loss: 2.1543, Acc(1): 50.00, Acc(5): 75.00
2023-06-19 16:33:46,122 - AUGCON - INFO - Epoch [9/50]-(10/22) Loss: 2.0960, Acc(1): 25.00, Acc(5): 75.00
2023-06-19 16:33:46,123 - AUGCON - INFO - Epoch [9/50]-(15/22) Loss: 2.3616, Acc(1): 0.00, Acc(5): 25.00
2023-06-19 16:33:46,123 - AUGCON - INFO - Epoch [9/50]-(20/22) Loss: 2.3050, Acc(1): 0.00, Acc(5): 25.00
2023-06-19 16:33:46,123 - AUGCON - INFO - 	Validation Loss: 2.1532, Acc(1): 16.00, Acc(5): 71.00, F1: 0.04, Recall: 0.04, Precision: 0.03
2023-06-19 16:33:46,123 - AUGCON - INFO - Epoch [10/50]-(0/22) Loss: 2.1567, Acc(1): 25.00, Acc(5): 50.00
2023-06-19 16:33:46,123 - AUGCON - INFO - Epoch [10/50]-(5/22) Loss: 2.1766, Acc(1): 25.00, Acc(5): 50.00
2023-06-19 16:33:46,123 - AUGCON - INFO - Epoch [10/50]-(10/22) Loss: 2.0438, Acc(1): 25.00, Acc(5): 100.00
2023-06-19 16:33:46,123 - AUGCON - INFO - Epoch [10/50]-(15/22) Loss: 2.1791, Acc(1): 0.00, Acc(5): 75.00
2023-06-19 16:33:46,123 - AUGCON - INFO - Epoch [10/50]-(20/22) Loss: 2.4164, Acc(1): 0.00, Acc(5): 25.00
2023-06-19 16:33:46,123 - AUGCON - INFO - 	Validation Loss: 2.1751, Acc(1): 7.00, Acc(5): 68.00, F1: 0.02, Recall: 0.02, Precision: 0.06
2023-06-19 16:33:46,123 - AUGCON - INFO - Epoch [11/50]-(0/22) Loss: 2.2505, Acc(1): 25.00, Acc(5): 25.00
2023-06-19 16:33:46,123 - AUGCON - INFO - Epoch [11/50]-(5/22) Loss: 2.4961, Acc(1): 0.00, Acc(5): 0.00
2023-06-19 16:33:46,123 - AUGCON - INFO - Epoch [11/50]-(10/22) Loss: 2.1015, Acc(1): 50.00, Acc(5): 50.00
2023-06-19 16:33:46,123 - AUGCON - INFO - Epoch [11/50]-(15/22) Loss: 2.4762, Acc(1): 0.00, Acc(5): 50.00
2023-06-19 16:33:46,123 - AUGCON - INFO - Epoch [11/50]-(20/22) Loss: 2.3145, Acc(1): 25.00, Acc(5): 25.00
2023-06-19 16:33:46,123 - AUGCON - INFO - 	Validation Loss: 2.1333, Acc(1): 19.00, Acc(5): 81.00, F1: 0.04, Recall: 0.04, Precision: 0.04
2023-06-19 16:33:46,123 - AUGCON - INFO - Epoch [12/50]-(0/22) Loss: 2.3091, Acc(1): 0.00, Acc(5): 25.00
2023-06-19 16:33:46,124 - AUGCON - INFO - Epoch [12/50]-(5/22) Loss: 2.1895, Acc(1): 0.00, Acc(5): 75.00
2023-06-19 16:33:46,124 - AUGCON - INFO - Epoch [12/50]-(10/22) Loss: 2.0931, Acc(1): 25.00, Acc(5): 100.00
2023-06-19 16:33:46,124 - AUGCON - INFO - Epoch [12/50]-(15/22) Loss: 2.2914, Acc(1): 0.00, Acc(5): 25.00
2023-06-19 16:33:46,124 - AUGCON - INFO - Epoch [12/50]-(20/22) Loss: 2.3704, Acc(1): 0.00, Acc(5): 25.00
2023-06-19 16:33:46,124 - AUGCON - INFO - 	Validation Loss: 2.2031, Acc(1): 14.00, Acc(5): 53.00, F1: 0.01, Recall: 0.01, Precision: 0.10
2023-06-19 16:33:46,124 - AUGCON - INFO - Epoch [13/50]-(0/22) Loss: 2.1591, Acc(1): 25.00, Acc(5): 50.00
2023-06-19 16:33:46,124 - AUGCON - INFO - Epoch [13/50]-(5/22) Loss: 2.2126, Acc(1): 0.00, Acc(5): 50.00
2023-06-19 16:33:46,124 - AUGCON - INFO - Epoch [13/50]-(10/22) Loss: 2.3134, Acc(1): 0.00, Acc(5): 50.00
2023-06-19 16:33:46,124 - AUGCON - INFO - Epoch [13/50]-(15/22) Loss: 2.4507, Acc(1): 25.00, Acc(5): 25.00
2023-06-19 16:33:46,124 - AUGCON - INFO - Epoch [13/50]-(20/22) Loss: 2.1850, Acc(1): 0.00, Acc(5): 75.00
2023-06-19 16:33:46,124 - AUGCON - INFO - 	Validation Loss: 2.1596, Acc(1): 12.00, Acc(5): 71.00, F1: 0.03, Recall: 0.03, Precision: 0.02
2023-06-19 16:33:46,124 - AUGCON - INFO - Epoch [14/50]-(0/22) Loss: 2.1662, Acc(1): 0.00, Acc(5): 75.00
2023-06-19 16:33:46,124 - AUGCON - INFO - Epoch [14/50]-(5/22) Loss: 2.0789, Acc(1): 25.00, Acc(5): 100.00
2023-06-19 16:33:46,124 - AUGCON - INFO - Epoch [14/50]-(10/22) Loss: 2.1528, Acc(1): 0.00, Acc(5): 100.00
2023-06-19 16:33:46,124 - AUGCON - INFO - Epoch [14/50]-(15/22) Loss: 2.4619, Acc(1): 0.00, Acc(5): 25.00
2023-06-19 16:33:46,124 - AUGCON - INFO - Epoch [14/50]-(20/22) Loss: 2.4912, Acc(1): 0.00, Acc(5): 25.00
2023-06-19 16:33:46,125 - AUGCON - INFO - 	Validation Loss: 2.1973, Acc(1): 10.00, Acc(5): 68.00, F1: 0.02, Recall: 0.03, Precision: 0.02
2023-06-19 16:33:46,125 - AUGCON - INFO - Epoch [15/50]-(0/22) Loss: 2.2384, Acc(1): 0.00, Acc(5): 50.00
2023-06-19 16:33:46,125 - AUGCON - INFO - Epoch [15/50]-(5/22) Loss: 2.3762, Acc(1): 0.00, Acc(5): 25.00
2023-06-19 16:33:46,125 - AUGCON - INFO - Epoch [15/50]-(10/22) Loss: 2.0060, Acc(1): 0.00, Acc(5): 75.00
2023-06-19 16:33:46,125 - AUGCON - INFO - Epoch [15/50]-(15/22) Loss: 2.3631, Acc(1): 0.00, Acc(5): 25.00
2023-06-19 16:33:46,125 - AUGCON - INFO - Epoch [15/50]-(20/22) Loss: 2.6458, Acc(1): 0.00, Acc(5): 0.00
2023-06-19 16:33:46,125 - AUGCON - INFO - 	Validation Loss: 2.1344, Acc(1): 15.00, Acc(5): 76.00, F1: 0.05, Recall: 0.04, Precision: 0.08
2023-06-19 16:33:46,125 - AUGCON - INFO - Epoch [16/50]-(0/22) Loss: 2.1638, Acc(1): 0.00, Acc(5): 75.00
2023-06-19 16:33:46,125 - AUGCON - INFO - Epoch [16/50]-(5/22) Loss: 2.2655, Acc(1): 25.00, Acc(5): 50.00
2023-06-19 16:33:46,125 - AUGCON - INFO - Epoch [16/50]-(10/22) Loss: 2.5359, Acc(1): 0.00, Acc(5): 0.00
2023-06-19 16:33:46,125 - AUGCON - INFO - Epoch [16/50]-(15/22) Loss: 2.4225, Acc(1): 0.00, Acc(5): 50.00
2023-06-19 16:33:46,125 - AUGCON - INFO - Epoch [16/50]-(20/22) Loss: 2.2816, Acc(1): 0.00, Acc(5): 50.00
2023-06-19 16:33:46,125 - AUGCON - INFO - 	Validation Loss: 2.2023, Acc(1): 6.00, Acc(5): 61.00, F1: 0.01, Recall: 0.02, Precision: 0.01
2023-06-19 16:33:46,125 - AUGCON - INFO - Epoch [17/50]-(0/22) Loss: 2.2875, Acc(1): 0.00, Acc(5): 75.00
2023-06-19 16:33:46,125 - AUGCON - INFO - Epoch [17/50]-(5/22) Loss: 2.2046, Acc(1): 0.00, Acc(5): 75.00
2023-06-19 16:33:46,125 - AUGCON - INFO - Epoch [17/50]-(10/22) Loss: 2.4510, Acc(1): 0.00, Acc(5): 50.00
2023-06-19 16:33:46,126 - AUGCON - INFO - Epoch [17/50]-(15/22) Loss: 2.2779, Acc(1): 0.00, Acc(5): 50.00
2023-06-19 16:33:46,126 - AUGCON - INFO - Epoch [17/50]-(20/22) Loss: 2.2264, Acc(1): 0.00, Acc(5): 50.00
2023-06-19 16:33:46,126 - AUGCON - INFO - 	Validation Loss: 2.1820, Acc(1): 11.00, Acc(5): 67.00, F1: 0.03, Recall: 0.03, Precision: 0.04
2023-06-19 16:33:46,126 - AUGCON - INFO - Epoch [18/50]-(0/22) Loss: 2.1544, Acc(1): 25.00, Acc(5): 75.00
2023-06-19 16:33:46,126 - AUGCON - INFO - Epoch [18/50]-(5/22) Loss: 2.1500, Acc(1): 25.00, Acc(5): 75.00
2023-06-19 16:33:46,126 - AUGCON - INFO - Epoch [18/50]-(10/22) Loss: 2.5983, Acc(1): 0.00, Acc(5): 25.00
2023-06-19 16:33:46,126 - AUGCON - INFO - Epoch [18/50]-(15/22) Loss: 2.2142, Acc(1): 0.00, Acc(5): 75.00
2023-06-19 16:33:46,126 - AUGCON - INFO - Epoch [18/50]-(20/22) Loss: 2.1194, Acc(1): 25.00, Acc(5): 75.00
2023-06-19 16:33:46,126 - AUGCON - INFO - 	Validation Loss: 2.1546, Acc(1): 10.00, Acc(5): 76.00, F1: 0.02, Recall: 0.03, Precision: 0.02
2023-06-19 16:33:46,126 - AUGCON - INFO - Epoch [19/50]-(0/22) Loss: 2.0823, Acc(1): 0.00, Acc(5): 100.00
2023-06-19 16:33:46,126 - AUGCON - INFO - Epoch [19/50]-(5/22) Loss: 2.4977, Acc(1): 0.00, Acc(5): 25.00
2023-06-19 16:33:46,126 - AUGCON - INFO - Epoch [19/50]-(10/22) Loss: 2.3832, Acc(1): 0.00, Acc(5): 50.00
2023-06-19 16:33:46,126 - AUGCON - INFO - Epoch [19/50]-(15/22) Loss: 2.3546, Acc(1): 0.00, Acc(5): 25.00
2023-06-19 16:33:46,126 - AUGCON - INFO - Epoch [19/50]-(20/22) Loss: 2.0391, Acc(1): 50.00, Acc(5): 75.00
2023-06-19 16:33:46,126 - AUGCON - INFO - 	Validation Loss: 2.1607, Acc(1): 16.00, Acc(5): 75.00, F1: 0.05, Recall: 0.04, Precision: 0.05
2023-06-19 16:33:46,126 - AUGCON - INFO - Epoch [20/50]-(0/22) Loss: 2.0761, Acc(1): 0.00, Acc(5): 100.00
2023-06-19 16:33:46,127 - AUGCON - INFO - Epoch [20/50]-(5/22) Loss: 1.9755, Acc(1): 25.00, Acc(5): 100.00
2023-06-19 16:33:46,127 - AUGCON - INFO - Epoch [20/50]-(10/22) Loss: 2.1378, Acc(1): 25.00, Acc(5): 75.00
2023-06-19 16:33:46,127 - AUGCON - INFO - Epoch [20/50]-(15/22) Loss: 2.3290, Acc(1): 25.00, Acc(5): 25.00
2023-06-19 16:33:46,127 - AUGCON - INFO - Epoch [20/50]-(20/22) Loss: 2.2563, Acc(1): 0.00, Acc(5): 75.00
2023-06-19 16:33:46,127 - AUGCON - INFO - 	Validation Loss: 2.1804, Acc(1): 9.00, Acc(5): 62.00, F1: 0.02, Recall: 0.02, Precision: 0.06
2023-06-19 16:33:46,127 - AUGCON - INFO - Epoch [21/50]-(0/22) Loss: 2.0134, Acc(1): 50.00, Acc(5): 100.00
2023-06-19 16:33:46,127 - AUGCON - INFO - Epoch [21/50]-(5/22) Loss: 2.1071, Acc(1): 50.00, Acc(5): 75.00
2023-06-19 16:33:46,127 - AUGCON - INFO - Epoch [21/50]-(10/22) Loss: 2.3025, Acc(1): 0.00, Acc(5): 50.00
2023-06-19 16:33:46,127 - AUGCON - INFO - Epoch [21/50]-(15/22) Loss: 2.1070, Acc(1): 25.00, Acc(5): 75.00
2023-06-19 16:33:46,127 - AUGCON - INFO - Epoch [21/50]-(20/22) Loss: 2.2875, Acc(1): 0.00, Acc(5): 50.00
2023-06-19 16:33:46,127 - AUGCON - INFO - 	Validation Loss: 2.1220, Acc(1): 18.00, Acc(5): 84.00, F1: 0.05, Recall: 0.05, Precision: 0.06
2023-06-19 16:33:46,127 - AUGCON - INFO - Epoch [22/50]-(0/22) Loss: 2.2191, Acc(1): 0.00, Acc(5): 75.00
2023-06-19 16:33:46,127 - AUGCON - INFO - Epoch [22/50]-(5/22) Loss: 2.1979, Acc(1): 0.00, Acc(5): 25.00
2023-06-19 16:33:46,127 - AUGCON - INFO - Epoch [22/50]-(10/22) Loss: 2.2116, Acc(1): 0.00, Acc(5): 75.00
2023-06-19 16:33:46,127 - AUGCON - INFO - Epoch [22/50]-(15/22) Loss: 2.2694, Acc(1): 0.00, Acc(5): 25.00
2023-06-19 16:33:46,127 - AUGCON - INFO - Epoch [22/50]-(20/22) Loss: 2.1854, Acc(1): 50.00, Acc(5): 50.00
2023-06-19 16:33:46,127 - AUGCON - INFO - 	Validation Loss: 2.1158, Acc(1): 27.00, Acc(5): 85.00, F1: 0.07, Recall: 0.07, Precision: 0.06
2023-06-19 16:33:46,128 - AUGCON - INFO - Epoch [23/50]-(0/22) Loss: 2.0946, Acc(1): 25.00, Acc(5): 100.00
2023-06-19 16:33:46,128 - AUGCON - INFO - Epoch [23/50]-(5/22) Loss: 2.0307, Acc(1): 25.00, Acc(5): 100.00
2023-06-19 16:33:46,128 - AUGCON - INFO - Epoch [23/50]-(10/22) Loss: 2.2085, Acc(1): 0.00, Acc(5): 75.00
2023-06-19 16:33:46,128 - AUGCON - INFO - Epoch [23/50]-(15/22) Loss: 2.3554, Acc(1): 0.00, Acc(5): 25.00
2023-06-19 16:33:46,128 - AUGCON - INFO - Epoch [23/50]-(20/22) Loss: 2.1314, Acc(1): 25.00, Acc(5): 75.00
2023-06-19 16:33:46,128 - AUGCON - INFO - 	Validation Loss: 2.1422, Acc(1): 8.00, Acc(5): 74.00, F1: 0.02, Recall: 0.02, Precision: 0.02
2023-06-19 16:33:46,128 - AUGCON - INFO - Epoch [24/50]-(0/22) Loss: 2.2106, Acc(1): 0.00, Acc(5): 25.00
2023-06-19 16:33:46,128 - AUGCON - INFO - Epoch [24/50]-(5/22) Loss: 2.1027, Acc(1): 25.00, Acc(5): 75.00
2023-06-19 16:33:46,128 - AUGCON - INFO - Epoch [24/50]-(10/22) Loss: 2.2523, Acc(1): 0.00, Acc(5): 50.00
2023-06-19 16:33:46,128 - AUGCON - INFO - Epoch [24/50]-(15/22) Loss: 2.3400, Acc(1): 0.00, Acc(5): 50.00
2023-06-19 16:33:46,128 - AUGCON - INFO - Epoch [24/50]-(20/22) Loss: 2.1165, Acc(1): 0.00, Acc(5): 100.00
2023-06-19 16:33:46,128 - AUGCON - INFO - 	Validation Loss: 2.1508, Acc(1): 21.00, Acc(5): 63.00, F1: 0.04, Recall: 0.02, Precision: 0.16
2023-06-19 16:33:46,128 - AUGCON - INFO - Epoch [25/50]-(0/22) Loss: 2.0942, Acc(1): 0.00, Acc(5): 100.00
2023-06-19 16:33:46,128 - AUGCON - INFO - Epoch [25/50]-(5/22) Loss: 1.9680, Acc(1): 25.00, Acc(5): 100.00
2023-06-19 16:33:46,128 - AUGCON - INFO - Epoch [25/50]-(10/22) Loss: 2.0836, Acc(1): 0.00, Acc(5): 100.00
2023-06-19 16:33:46,128 - AUGCON - INFO - Epoch [25/50]-(15/22) Loss: 2.2844, Acc(1): 50.00, Acc(5): 50.00
2023-06-19 16:33:46,129 - AUGCON - INFO - Epoch [25/50]-(20/22) Loss: 2.0610, Acc(1): 0.00, Acc(5): 100.00
2023-06-19 16:33:46,129 - AUGCON - INFO - 	Validation Loss: 2.1568, Acc(1): 10.00, Acc(5): 83.00, F1: 0.01, Recall: 0.02, Precision: 0.01
2023-06-19 16:33:46,129 - AUGCON - INFO - Epoch [26/50]-(0/22) Loss: 2.1266, Acc(1): 0.00, Acc(5): 75.00
2023-06-19 16:33:46,129 - AUGCON - INFO - Epoch [26/50]-(5/22) Loss: 2.1818, Acc(1): 0.00, Acc(5): 75.00
2023-06-19 16:33:46,129 - AUGCON - INFO - Epoch [26/50]-(10/22) Loss: 2.4706, Acc(1): 0.00, Acc(5): 25.00
2023-06-19 16:33:46,129 - AUGCON - INFO - Epoch [26/50]-(15/22) Loss: 2.1701, Acc(1): 25.00, Acc(5): 75.00
2023-06-19 16:33:46,129 - AUGCON - INFO - Epoch [26/50]-(20/22) Loss: 2.3155, Acc(1): 0.00, Acc(5): 25.00
2023-06-19 16:33:46,129 - AUGCON - INFO - 	Validation Loss: 2.1304, Acc(1): 25.00, Acc(5): 62.00, F1: 0.04, Recall: 0.04, Precision: 0.04
2023-06-19 16:33:46,129 - AUGCON - INFO - Epoch [27/50]-(0/22) Loss: 2.1875, Acc(1): 0.00, Acc(5): 50.00
2023-06-19 16:33:46,129 - AUGCON - INFO - Epoch [27/50]-(5/22) Loss: 2.3735, Acc(1): 0.00, Acc(5): 25.00
2023-06-19 16:33:46,129 - AUGCON - INFO - Epoch [27/50]-(10/22) Loss: 2.2189, Acc(1): 0.00, Acc(5): 100.00
2023-06-19 16:33:46,129 - AUGCON - INFO - Epoch [27/50]-(15/22) Loss: 2.3219, Acc(1): 0.00, Acc(5): 50.00
2023-06-19 16:33:46,129 - AUGCON - INFO - Epoch [27/50]-(20/22) Loss: 2.0805, Acc(1): 0.00, Acc(5): 100.00
2023-06-19 16:33:46,129 - AUGCON - INFO - 	Validation Loss: 2.1286, Acc(1): 20.00, Acc(5): 81.00, F1: 0.04, Recall: 0.02, Precision: 0.15
2023-06-19 16:33:46,129 - AUGCON - INFO - Epoch [28/50]-(0/22) Loss: 2.0943, Acc(1): 25.00, Acc(5): 75.00
2023-06-19 16:33:46,129 - AUGCON - INFO - Epoch [28/50]-(5/22) Loss: 2.0484, Acc(1): 0.00, Acc(5): 75.00
2023-06-19 16:33:46,130 - AUGCON - INFO - Epoch [28/50]-(10/22) Loss: 2.0507, Acc(1): 25.00, Acc(5): 75.00
2023-06-19 16:33:46,130 - AUGCON - INFO - Epoch [28/50]-(15/22) Loss: 2.0739, Acc(1): 25.00, Acc(5): 50.00
2023-06-19 16:33:46,130 - AUGCON - INFO - Epoch [28/50]-(20/22) Loss: 2.2298, Acc(1): 0.00, Acc(5): 25.00
2023-06-19 16:33:46,130 - AUGCON - INFO - 	Validation Loss: 2.1192, Acc(1): 27.00, Acc(5): 80.00, F1: 0.06, Recall: 0.05, Precision: 0.08
2023-06-19 16:33:46,130 - AUGCON - INFO - Epoch [29/50]-(0/22) Loss: 2.0664, Acc(1): 50.00, Acc(5): 100.00
2023-06-19 16:33:46,130 - AUGCON - INFO - Epoch [29/50]-(5/22) Loss: 2.3193, Acc(1): 0.00, Acc(5): 50.00
2023-06-19 16:33:46,130 - AUGCON - INFO - Epoch [29/50]-(10/22) Loss: 2.2687, Acc(1): 0.00, Acc(5): 50.00
2023-06-19 16:33:46,130 - AUGCON - INFO - Epoch [29/50]-(15/22) Loss: 2.3571, Acc(1): 0.00, Acc(5): 25.00
2023-06-19 16:33:46,130 - AUGCON - INFO - Epoch [29/50]-(20/22) Loss: 2.1466, Acc(1): 25.00, Acc(5): 75.00
2023-06-19 16:33:46,130 - AUGCON - INFO - 	Validation Loss: 2.1051, Acc(1): 29.00, Acc(5): 80.00, F1: 0.05, Recall: 0.05, Precision: 0.06
2023-06-19 16:33:46,130 - AUGCON - INFO - Epoch [30/50]-(0/22) Loss: 1.9865, Acc(1): 75.00, Acc(5): 100.00
2023-06-19 16:33:46,130 - AUGCON - INFO - Epoch [30/50]-(5/22) Loss: 2.2413, Acc(1): 25.00, Acc(5): 50.00
2023-06-19 16:33:46,130 - AUGCON - INFO - Epoch [30/50]-(10/22) Loss: 2.1352, Acc(1): 0.00, Acc(5): 100.00
2023-06-19 16:33:46,130 - AUGCON - INFO - Epoch [30/50]-(15/22) Loss: 2.2421, Acc(1): 0.00, Acc(5): 50.00
2023-06-19 16:33:46,130 - AUGCON - INFO - Epoch [30/50]-(20/22) Loss: 2.2415, Acc(1): 25.00, Acc(5): 50.00
2023-06-19 16:33:46,130 - AUGCON - INFO - 	Validation Loss: 2.1021, Acc(1): 26.00, Acc(5): 73.00, F1: 0.09, Recall: 0.07, Precision: 0.13
2023-06-19 16:33:46,130 - AUGCON - INFO - Epoch [31/50]-(0/22) Loss: 2.0637, Acc(1): 25.00, Acc(5): 75.00
2023-06-19 16:33:46,131 - AUGCON - INFO - Epoch [31/50]-(5/22) Loss: 2.0481, Acc(1): 25.00, Acc(5): 75.00
2023-06-19 16:33:46,131 - AUGCON - INFO - Epoch [31/50]-(10/22) Loss: 2.1980, Acc(1): 0.00, Acc(5): 75.00
2023-06-19 16:33:46,131 - AUGCON - INFO - Epoch [31/50]-(15/22) Loss: 2.2238, Acc(1): 0.00, Acc(5): 50.00
2023-06-19 16:33:46,131 - AUGCON - INFO - Epoch [31/50]-(20/22) Loss: 2.3185, Acc(1): 0.00, Acc(5): 0.00
2023-06-19 16:33:46,131 - AUGCON - INFO - 	Validation Loss: 2.1471, Acc(1): 18.00, Acc(5): 62.00, F1: 0.05, Recall: 0.05, Precision: 0.05
2023-06-19 16:33:46,131 - AUGCON - INFO - Epoch [32/50]-(0/22) Loss: 1.9643, Acc(1): 50.00, Acc(5): 100.00
2023-06-19 16:33:46,131 - AUGCON - INFO - Epoch [32/50]-(5/22) Loss: 2.1537, Acc(1): 25.00, Acc(5): 50.00
2023-06-19 16:33:46,131 - AUGCON - INFO - Epoch [32/50]-(10/22) Loss: 2.2541, Acc(1): 0.00, Acc(5): 25.00
2023-06-19 16:33:46,131 - AUGCON - INFO - Epoch [32/50]-(15/22) Loss: 2.3418, Acc(1): 0.00, Acc(5): 25.00
2023-06-19 16:33:46,131 - AUGCON - INFO - Epoch [32/50]-(20/22) Loss: 2.3305, Acc(1): 0.00, Acc(5): 25.00
2023-06-19 16:33:46,131 - AUGCON - INFO - 	Validation Loss: 2.1243, Acc(1): 20.00, Acc(5): 55.00, F1: 0.03, Recall: 0.02, Precision: 0.08
2023-06-19 16:33:46,131 - AUGCON - INFO - Epoch [33/50]-(0/22) Loss: 2.1456, Acc(1): 50.00, Acc(5): 50.00
2023-06-19 16:33:46,131 - AUGCON - INFO - Epoch [33/50]-(5/22) Loss: 1.9778, Acc(1): 25.00, Acc(5): 100.00
2023-06-19 16:33:46,131 - AUGCON - INFO - Epoch [33/50]-(10/22) Loss: 1.9481, Acc(1): 25.00, Acc(5): 75.00
2023-06-19 16:33:46,131 - AUGCON - INFO - Epoch [33/50]-(15/22) Loss: 2.2966, Acc(1): 25.00, Acc(5): 50.00
2023-06-19 16:33:46,131 - AUGCON - INFO - Epoch [33/50]-(20/22) Loss: 2.2312, Acc(1): 0.00, Acc(5): 75.00
2023-06-19 16:33:46,131 - AUGCON - INFO - 	Validation Loss: 2.1309, Acc(1): 30.00, Acc(5): 69.00, F1: 0.05, Recall: 0.05, Precision: 0.06
2023-06-19 16:33:46,132 - AUGCON - INFO - Epoch [34/50]-(0/22) Loss: 2.3012, Acc(1): 25.00, Acc(5): 50.00
2023-06-19 16:33:46,132 - AUGCON - INFO - Epoch [34/50]-(5/22) Loss: 2.3515, Acc(1): 0.00, Acc(5): 25.00
2023-06-19 16:33:46,132 - AUGCON - INFO - Epoch [34/50]-(10/22) Loss: 2.3731, Acc(1): 0.00, Acc(5): 100.00
2023-06-19 16:33:46,132 - AUGCON - INFO - Epoch [34/50]-(15/22) Loss: 2.2188, Acc(1): 0.00, Acc(5): 75.00
2023-06-19 16:33:46,132 - AUGCON - INFO - Epoch [34/50]-(20/22) Loss: 2.2779, Acc(1): 0.00, Acc(5): 50.00
2023-06-19 16:33:46,132 - AUGCON - INFO - 	Validation Loss: 2.1158, Acc(1): 24.00, Acc(5): 80.00, F1: 0.05, Recall: 0.06, Precision: 0.05
2023-06-19 16:33:46,132 - AUGCON - INFO - Epoch [35/50]-(0/22) Loss: 2.0991, Acc(1): 25.00, Acc(5): 100.00
2023-06-19 16:33:46,132 - AUGCON - INFO - Epoch [35/50]-(5/22) Loss: 2.1648, Acc(1): 25.00, Acc(5): 50.00
2023-06-19 16:33:46,132 - AUGCON - INFO - Epoch [35/50]-(10/22) Loss: 2.1916, Acc(1): 0.00, Acc(5): 75.00
2023-06-19 16:33:46,132 - AUGCON - INFO - Epoch [35/50]-(15/22) Loss: 2.2282, Acc(1): 0.00, Acc(5): 75.00
2023-06-19 16:33:46,132 - AUGCON - INFO - Epoch [35/50]-(20/22) Loss: 2.3551, Acc(1): 0.00, Acc(5): 0.00
2023-06-19 16:33:46,132 - AUGCON - INFO - 	Validation Loss: 2.1592, Acc(1): 14.00, Acc(5): 66.00, F1: 0.02, Recall: 0.03, Precision: 0.02
2023-06-19 16:33:46,132 - AUGCON - INFO - Epoch [36/50]-(0/22) Loss: 2.2657, Acc(1): 0.00, Acc(5): 50.00
2023-06-19 16:33:46,132 - AUGCON - INFO - Epoch [36/50]-(5/22) Loss: 2.2182, Acc(1): 25.00, Acc(5): 50.00
2023-06-19 16:33:46,132 - AUGCON - INFO - Epoch [36/50]-(10/22) Loss: 2.1984, Acc(1): 0.00, Acc(5): 50.00
2023-06-19 16:33:46,133 - AUGCON - INFO - Epoch [36/50]-(15/22) Loss: 2.1726, Acc(1): 0.00, Acc(5): 75.00
2023-06-19 16:33:46,133 - AUGCON - INFO - Epoch [36/50]-(20/22) Loss: 2.3155, Acc(1): 0.00, Acc(5): 50.00
2023-06-19 16:33:46,133 - AUGCON - INFO - 	Validation Loss: 2.1482, Acc(1): 23.00, Acc(5): 66.00, F1: 0.04, Recall: 0.04, Precision: 0.04
2023-06-19 16:33:46,133 - AUGCON - INFO - Epoch [37/50]-(0/22) Loss: 2.1465, Acc(1): 0.00, Acc(5): 75.00
2023-06-19 16:33:46,133 - AUGCON - INFO - Epoch [37/50]-(5/22) Loss: 2.0961, Acc(1): 0.00, Acc(5): 75.00
2023-06-19 16:33:46,133 - AUGCON - INFO - Epoch [37/50]-(10/22) Loss: 2.2092, Acc(1): 25.00, Acc(5): 50.00
2023-06-19 16:33:46,133 - AUGCON - INFO - Epoch [37/50]-(15/22) Loss: 2.0843, Acc(1): 25.00, Acc(5): 75.00
2023-06-19 16:33:46,133 - AUGCON - INFO - Epoch [37/50]-(20/22) Loss: 2.1785, Acc(1): 25.00, Acc(5): 75.00
2023-06-19 16:33:46,133 - AUGCON - INFO - 	Validation Loss: 2.1443, Acc(1): 20.00, Acc(5): 69.00, F1: 0.04, Recall: 0.05, Precision: 0.04
2023-06-19 16:33:46,133 - AUGCON - INFO - Epoch [38/50]-(0/22) Loss: 2.0505, Acc(1): 25.00, Acc(5): 100.00
2023-06-19 16:33:46,133 - AUGCON - INFO - Epoch [38/50]-(5/22) Loss: 2.2951, Acc(1): 25.00, Acc(5): 25.00
2023-06-19 16:33:46,133 - AUGCON - INFO - Epoch [38/50]-(10/22) Loss: 2.3285, Acc(1): 25.00, Acc(5): 50.00
2023-06-19 16:33:46,133 - AUGCON - INFO - Epoch [38/50]-(15/22) Loss: 2.2560, Acc(1): 0.00, Acc(5): 75.00
2023-06-19 16:33:46,133 - AUGCON - INFO - Epoch [38/50]-(20/22) Loss: 2.2413, Acc(1): 0.00, Acc(5): 50.00
2023-06-19 16:33:46,133 - AUGCON - INFO - 	Validation Loss: 2.1430, Acc(1): 21.00, Acc(5): 71.00, F1: 0.04, Recall: 0.03, Precision: 0.06
2023-06-19 16:33:46,133 - AUGCON - INFO - Epoch [39/50]-(0/22) Loss: 2.0008, Acc(1): 50.00, Acc(5): 100.00
2023-06-19 16:33:46,133 - AUGCON - INFO - Epoch [39/50]-(5/22) Loss: 2.0354, Acc(1): 25.00, Acc(5): 75.00
2023-06-19 16:33:46,134 - AUGCON - INFO - Epoch [39/50]-(10/22) Loss: 2.0940, Acc(1): 75.00, Acc(5): 75.00
2023-06-19 16:33:46,134 - AUGCON - INFO - Epoch [39/50]-(15/22) Loss: 2.2279, Acc(1): 25.00, Acc(5): 50.00
2023-06-19 16:33:46,134 - AUGCON - INFO - Epoch [39/50]-(20/22) Loss: 2.1473, Acc(1): 0.00, Acc(5): 75.00
2023-06-19 16:33:46,134 - AUGCON - INFO - 	Validation Loss: 2.1595, Acc(1): 26.00, Acc(5): 68.00, F1: 0.06, Recall: 0.07, Precision: 0.06
2023-06-19 16:33:46,134 - AUGCON - INFO - Epoch [40/50]-(0/22) Loss: 2.3392, Acc(1): 0.00, Acc(5): 0.00
2023-06-19 16:33:46,134 - AUGCON - INFO - Epoch [40/50]-(5/22) Loss: 2.0617, Acc(1): 0.00, Acc(5): 100.00
2023-06-19 16:33:46,134 - AUGCON - INFO - Epoch [40/50]-(10/22) Loss: 2.1431, Acc(1): 0.00, Acc(5): 50.00
2023-06-19 16:33:46,134 - AUGCON - INFO - Epoch [40/50]-(15/22) Loss: 1.9581, Acc(1): 25.00, Acc(5): 100.00
2023-06-19 16:33:46,134 - AUGCON - INFO - Epoch [40/50]-(20/22) Loss: 2.3804, Acc(1): 0.00, Acc(5): 50.00
2023-06-19 16:33:46,134 - AUGCON - INFO - 	Validation Loss: 2.0697, Acc(1): 29.00, Acc(5): 87.00, F1: 0.04, Recall: 0.04, Precision: 0.03
2023-06-19 16:33:46,134 - AUGCON - INFO - Epoch [41/50]-(0/22) Loss: 2.2007, Acc(1): 25.00, Acc(5): 50.00
2023-06-19 16:33:46,134 - AUGCON - INFO - Epoch [41/50]-(5/22) Loss: 2.0709, Acc(1): 50.00, Acc(5): 75.00
2023-06-19 16:33:46,134 - AUGCON - INFO - Epoch [41/50]-(10/22) Loss: 1.9382, Acc(1): 25.00, Acc(5): 100.00
2023-06-19 16:33:46,134 - AUGCON - INFO - Epoch [41/50]-(15/22) Loss: 2.0147, Acc(1): 50.00, Acc(5): 75.00
2023-06-19 16:33:46,134 - AUGCON - INFO - Epoch [41/50]-(20/22) Loss: 2.3392, Acc(1): 0.00, Acc(5): 25.00
2023-06-19 16:33:46,134 - AUGCON - INFO - 	Validation Loss: 2.1047, Acc(1): 24.00, Acc(5): 73.00, F1: 0.03, Recall: 0.03, Precision: 0.03
2023-06-19 16:33:46,135 - AUGCON - INFO - Epoch [42/50]-(0/22) Loss: 2.0424, Acc(1): 25.00, Acc(5): 100.00
2023-06-19 16:33:46,135 - AUGCON - INFO - Epoch [42/50]-(5/22) Loss: 1.9061, Acc(1): 25.00, Acc(5): 100.00
2023-06-19 16:33:46,135 - AUGCON - INFO - Epoch [42/50]-(10/22) Loss: 2.2099, Acc(1): 0.00, Acc(5): 75.00
2023-06-19 16:33:46,135 - AUGCON - INFO - Epoch [42/50]-(15/22) Loss: 2.1870, Acc(1): 25.00, Acc(5): 50.00
2023-06-19 16:33:46,135 - AUGCON - INFO - Epoch [42/50]-(20/22) Loss: 2.1815, Acc(1): 0.00, Acc(5): 75.00
2023-06-19 16:33:46,135 - AUGCON - INFO - 	Validation Loss: 2.1077, Acc(1): 16.00, Acc(5): 79.00, F1: 0.06, Recall: 0.04, Precision: 0.09
2023-06-19 16:33:46,135 - AUGCON - INFO - Epoch [43/50]-(0/22) Loss: 2.0297, Acc(1): 0.00, Acc(5): 100.00
2023-06-19 16:33:46,135 - AUGCON - INFO - Epoch [43/50]-(5/22) Loss: 2.1104, Acc(1): 25.00, Acc(5): 50.00
2023-06-19 16:33:46,135 - AUGCON - INFO - Epoch [43/50]-(10/22) Loss: 2.0709, Acc(1): 25.00, Acc(5): 75.00
2023-06-19 16:33:46,135 - AUGCON - INFO - Epoch [43/50]-(15/22) Loss: 2.0150, Acc(1): 50.00, Acc(5): 50.00
2023-06-19 16:33:46,135 - AUGCON - INFO - Epoch [43/50]-(20/22) Loss: 2.1722, Acc(1): 25.00, Acc(5): 50.00
2023-06-19 16:33:46,135 - AUGCON - INFO - 	Validation Loss: 2.1256, Acc(1): 20.00, Acc(5): 73.00, F1: 0.05, Recall: 0.05, Precision: 0.04
2023-06-19 16:33:46,135 - AUGCON - INFO - Epoch [44/50]-(0/22) Loss: 1.9881, Acc(1): 50.00, Acc(5): 75.00
2023-06-19 16:33:46,135 - AUGCON - INFO - Epoch [44/50]-(5/22) Loss: 2.3528, Acc(1): 0.00, Acc(5): 25.00
2023-06-19 16:33:46,135 - AUGCON - INFO - Epoch [44/50]-(10/22) Loss: 2.2165, Acc(1): 0.00, Acc(5): 50.00
2023-06-19 16:33:46,135 - AUGCON - INFO - Epoch [44/50]-(15/22) Loss: 2.0266, Acc(1): 25.00, Acc(5): 75.00
2023-06-19 16:33:46,135 - AUGCON - INFO - Epoch [44/50]-(20/22) Loss: 2.2979, Acc(1): 0.00, Acc(5): 50.00
2023-06-19 16:33:46,136 - AUGCON - INFO - 	Validation Loss: 2.1154, Acc(1): 24.00, Acc(5): 65.00, F1: 0.05, Recall: 0.03, Precision: 0.20
2023-06-19 16:33:46,136 - AUGCON - INFO - Epoch [45/50]-(0/22) Loss: 1.9618, Acc(1): 50.00, Acc(5): 100.00
2023-06-19 16:33:46,136 - AUGCON - INFO - Epoch [45/50]-(5/22) Loss: 2.1713, Acc(1): 0.00, Acc(5): 75.00
2023-06-19 16:33:46,136 - AUGCON - INFO - Epoch [45/50]-(10/22) Loss: 2.0317, Acc(1): 25.00, Acc(5): 100.00
2023-06-19 16:33:46,136 - AUGCON - INFO - Epoch [45/50]-(15/22) Loss: 2.2355, Acc(1): 0.00, Acc(5): 50.00
2023-06-19 16:33:46,136 - AUGCON - INFO - Epoch [45/50]-(20/22) Loss: 2.1525, Acc(1): 25.00, Acc(5): 50.00
2023-06-19 16:33:46,136 - AUGCON - INFO - 	Validation Loss: 2.0573, Acc(1): 31.00, Acc(5): 82.00, F1: 0.08, Recall: 0.08, Precision: 0.08
2023-06-19 16:33:46,136 - AUGCON - INFO - Epoch [46/50]-(0/22) Loss: 2.1274, Acc(1): 50.00, Acc(5): 75.00
2023-06-19 16:33:46,136 - AUGCON - INFO - Epoch [46/50]-(5/22) Loss: 2.0860, Acc(1): 50.00, Acc(5): 75.00
2023-06-19 16:33:46,136 - AUGCON - INFO - Epoch [46/50]-(10/22) Loss: 2.0013, Acc(1): 25.00, Acc(5): 100.00
2023-06-19 16:33:46,136 - AUGCON - INFO - Epoch [46/50]-(15/22) Loss: 2.2891, Acc(1): 0.00, Acc(5): 25.00
2023-06-19 16:33:46,136 - AUGCON - INFO - Epoch [46/50]-(20/22) Loss: 2.1812, Acc(1): 0.00, Acc(5): 75.00
2023-06-19 16:33:46,136 - AUGCON - INFO - 	Validation Loss: 2.1149, Acc(1): 18.00, Acc(5): 72.00, F1: 0.05, Recall: 0.05, Precision: 0.05
2023-06-19 16:33:46,136 - AUGCON - INFO - Epoch [47/50]-(0/22) Loss: 2.0571, Acc(1): 0.00, Acc(5): 100.00
2023-06-19 16:33:46,136 - AUGCON - INFO - Epoch [47/50]-(5/22) Loss: 2.0699, Acc(1): 0.00, Acc(5): 100.00
2023-06-19 16:33:46,136 - AUGCON - INFO - Epoch [47/50]-(10/22) Loss: 2.1343, Acc(1): 0.00, Acc(5): 100.00
2023-06-19 16:33:46,137 - AUGCON - INFO - Epoch [47/50]-(15/22) Loss: 2.1248, Acc(1): 0.00, Acc(5): 75.00
2023-06-19 16:33:46,137 - AUGCON - INFO - Epoch [47/50]-(20/22) Loss: 2.0898, Acc(1): 25.00, Acc(5): 75.00
2023-06-19 16:33:46,137 - AUGCON - INFO - 	Validation Loss: 2.0864, Acc(1): 28.00, Acc(5): 70.00, F1: 0.06, Recall: 0.04, Precision: 0.08
2023-06-19 16:33:46,137 - AUGCON - INFO - Epoch [48/50]-(0/22) Loss: 2.1050, Acc(1): 25.00, Acc(5): 50.00
2023-06-19 16:33:46,137 - AUGCON - INFO - Epoch [48/50]-(5/22) Loss: 2.0976, Acc(1): 0.00, Acc(5): 75.00
2023-06-19 16:33:46,137 - AUGCON - INFO - Epoch [48/50]-(10/22) Loss: 2.3667, Acc(1): 0.00, Acc(5): 50.00
2023-06-19 16:33:46,137 - AUGCON - INFO - Epoch [48/50]-(15/22) Loss: 1.9501, Acc(1): 50.00, Acc(5): 100.00
2023-06-19 16:33:46,137 - AUGCON - INFO - Epoch [48/50]-(20/22) Loss: 2.1205, Acc(1): 0.00, Acc(5): 75.00
2023-06-19 16:33:46,137 - AUGCON - INFO - 	Validation Loss: 2.1452, Acc(1): 12.00, Acc(5): 67.00, F1: 0.01, Recall: 0.02, Precision: 0.01
2023-06-19 16:33:46,137 - AUGCON - INFO - Epoch [49/50]-(0/22) Loss: 2.1122, Acc(1): 0.00, Acc(5): 100.00
2023-06-19 16:33:46,137 - AUGCON - INFO - Epoch [49/50]-(5/22) Loss: 2.1068, Acc(1): 0.00, Acc(5): 100.00
2023-06-19 16:33:46,137 - AUGCON - INFO - Epoch [49/50]-(10/22) Loss: 2.5635, Acc(1): 0.00, Acc(5): 25.00
2023-06-19 16:33:46,137 - AUGCON - INFO - Epoch [49/50]-(15/22) Loss: 2.1750, Acc(1): 25.00, Acc(5): 75.00
2023-06-19 16:33:46,137 - AUGCON - INFO - Epoch [49/50]-(20/22) Loss: 2.2468, Acc(1): 0.00, Acc(5): 25.00
2023-06-19 16:33:46,137 - AUGCON - INFO - 	Validation Loss: 2.0855, Acc(1): 28.00, Acc(5): 80.00, F1: 0.07, Recall: 0.04, Precision: 0.14
2023-06-19 16:33:46,137 - AUGCON - INFO - Epoch [50/50]-(0/22) Loss: 2.1403, Acc(1): 25.00, Acc(5): 50.00
2023-06-19 16:33:46,137 - AUGCON - INFO - Epoch [50/50]-(5/22) Loss: 2.0087, Acc(1): 25.00, Acc(5): 100.00
2023-06-19 16:33:46,138 - AUGCON - INFO - Epoch [50/50]-(10/22) Loss: 1.9521, Acc(1): 50.00, Acc(5): 100.00
2023-06-19 16:33:46,138 - AUGCON - INFO - Epoch [50/50]-(15/22) Loss: 2.0568, Acc(1): 0.00, Acc(5): 75.00
2023-06-19 16:33:46,138 - AUGCON - INFO - Epoch [50/50]-(20/22) Loss: 2.0094, Acc(1): 25.00, Acc(5): 75.00
2023-06-19 16:33:46,138 - AUGCON - INFO - 	Validation Loss: 2.0968, Acc(1): 17.00, Acc(5): 79.00, F1: 0.02, Recall: 0.01, Precision: 0.03
2023-06-19 16:33:46,138 - AUGCON - INFO - 	Validation Loss: 2.0707, Acc(1): 21.33, Acc(5): 77.33, F1: 0.02, Recall: 0.01, Precision: 0.03
