2023-06-19 16:30:20,808 - AUGCON - INFO - logger initialized (/home/hjyoon/projects/augcon/config/exp0/finetune_da_false/without_target_domain_PH0034-ykha/metacpc_perdomain_8421/tgt_target_domain_WA0002-bkkim_seed0.yaml.log)
2023-06-19 16:30:20,808 - AUGCON - INFO - ================= Config =================
2023-06-19 16:30:20,809 - AUGCON - INFO -   mode: finetune
2023-06-19 16:30:20,809 - AUGCON - INFO -   seed: 0
2023-06-19 16:30:20,809 - AUGCON - INFO -   gpu: [3]
2023-06-19 16:30:20,809 - AUGCON - INFO -   num_workers: 1
2023-06-19 16:30:20,809 - AUGCON - INFO -   dist_url: tcp://localhost:10001
2023-06-19 16:30:20,809 - AUGCON - INFO -   dataset_name: ichar
2023-06-19 16:30:20,809 - AUGCON - INFO -   train_dataset_path: /mnt/sting/hjyoon/projects/cross/ICHAR/augcon/target_domain_WA0002-bkkim/finetune/10shot/target/train.pkl
2023-06-19 16:30:20,809 - AUGCON - INFO -   test_dataset_path: /mnt/sting/hjyoon/projects/cross/ICHAR/augcon/target_domain_WA0002-bkkim/finetune/10shot/target/test.pkl
2023-06-19 16:30:20,809 - AUGCON - INFO -   val_dataset_path: /mnt/sting/hjyoon/projects/cross/ICHAR/augcon/target_domain_WA0002-bkkim/finetune/10shot/target/val.pkl
2023-06-19 16:30:20,809 - AUGCON - INFO -   input_channels: 3
2023-06-19 16:30:20,809 - AUGCON - INFO -   num_cls: 9
2023-06-19 16:30:20,809 - AUGCON - INFO -   optimizer: adam
2023-06-19 16:30:20,809 - AUGCON - INFO -   criterion: crossentropy
2023-06-19 16:30:20,809 - AUGCON - INFO -   start_epoch: 0
2023-06-19 16:30:20,809 - AUGCON - INFO -   epochs: 50
2023-06-19 16:30:20,809 - AUGCON - INFO -   batch_size: 4
2023-06-19 16:30:20,809 - AUGCON - INFO -   lr: 0.001
2023-06-19 16:30:20,809 - AUGCON - INFO -   wd: 0.0
2023-06-19 16:30:20,809 - AUGCON - INFO -   resume: 
2023-06-19 16:30:20,809 - AUGCON - INFO -   pretrained: /mnt/sting/hjyoon/projects/augcontrast/models/exp0/pretrain/without_target_domain_PH0034-ykha/metacpc_perdomain_8421/checkpoint_0999.pth.tar
2023-06-19 16:30:20,809 - AUGCON - INFO -   ckpt_dir: /mnt/sting/hjyoon/projects/augcontrast/models/exp0/finetune_da_false/without_target_domain_PH0034-ykha/metacpc_perdomain_8421/tgt_target_domain_WA0002-bkkim_seed0
2023-06-19 16:30:20,809 - AUGCON - INFO -   log_freq: 5
2023-06-19 16:30:20,809 - AUGCON - INFO -   save_freq: 10
2023-06-19 16:30:20,809 - AUGCON - INFO -   pretext: metacpc
2023-06-19 16:30:20,809 - AUGCON - INFO -   enc_blocks: 4
2023-06-19 16:30:20,809 - AUGCON - INFO -   kernel_sizes: [8, 4, 2, 1]
2023-06-19 16:30:20,809 - AUGCON - INFO -   strides: [4, 2, 1, 1]
2023-06-19 16:30:20,810 - AUGCON - INFO -   agg_blocks: 5
2023-06-19 16:30:20,810 - AUGCON - INFO -   z_dim: 256
2023-06-19 16:30:20,810 - AUGCON - INFO -   pooling: mean
2023-06-19 16:30:20,810 - AUGCON - INFO -   pred_steps: 12
2023-06-19 16:30:20,810 - AUGCON - INFO -   n_negatives: 15
2023-06-19 16:30:20,810 - AUGCON - INFO -   offset: 4
2023-06-19 16:30:20,810 - AUGCON - INFO -   domain_adaptation: False
2023-06-19 16:30:20,810 - AUGCON - INFO -   task_steps: 10
2023-06-19 16:30:20,810 - AUGCON - INFO -   task_lr: 0.001
2023-06-19 16:30:20,810 - AUGCON - INFO -   reg_lambda: 0
2023-06-19 16:30:20,810 - AUGCON - INFO -   mlp: False
2023-06-19 16:30:20,810 - AUGCON - INFO -   freeze: True
2023-06-19 16:30:20,810 - AUGCON - INFO -   no_vars: False
2023-06-19 16:30:20,810 - AUGCON - INFO - ==========================================
2023-06-19 16:30:20,810 - AUGCON - INFO - Setting GPUs: [3]
2023-06-19 16:30:20,810 - AUGCON - INFO - GPUs [3] will be used
2023-06-19 16:30:20,811 - AUGCON - WARNING - You have chosen to seed training. 
2023-06-19 16:30:20,811 - AUGCON - WARNING - This will turn on the CUDNN deterministic setting, 
2023-06-19 16:30:20,811 - AUGCON - WARNING - which can slow down your training considerably! 
2023-06-19 16:30:20,811 - AUGCON - WARNING - You may see unexpected behavior when restarting 
2023-06-19 16:30:20,811 - AUGCON - WARNING - from checkpoints.
2023-06-19 16:30:20,841 - AUGCON - INFO - Executing MetaCPC
2023-06-19 16:30:20,841 - AUGCON - INFO - Logs are skipped during training
2023-06-19 16:30:39,427 - AUGCON - INFO - Single GPU is used for training - training 90 instances for each worker
2023-06-19 16:30:39,428 - AUGCON - INFO - Loading pretrained model from checkpoint - /mnt/sting/hjyoon/projects/augcontrast/models/exp0/pretrain/without_target_domain_PH0034-ykha/metacpc_perdomain_8421/checkpoint_0999.pth.tar
2023-06-19 16:30:39,428 - AUGCON - INFO - Missing keys: []
2023-06-19 16:30:39,429 - AUGCON - INFO - Loading encoder parameters to the classifier
2023-06-19 16:30:39,429 - AUGCON - INFO - Missing keys: ['classifier.block.0.weight', 'classifier.block.0.bias']
2023-06-19 16:30:39,429 - AUGCON - INFO - Epoch [1/50]-(0/22) Loss: 2.5428, Acc(1): 0.00, Acc(5): 50.00
2023-06-19 16:30:39,429 - AUGCON - INFO - Epoch [1/50]-(5/22) Loss: 1.9498, Acc(1): 25.00, Acc(5): 75.00
2023-06-19 16:30:39,429 - AUGCON - INFO - Epoch [1/50]-(10/22) Loss: 2.8065, Acc(1): 0.00, Acc(5): 25.00
2023-06-19 16:30:39,429 - AUGCON - INFO - Epoch [1/50]-(15/22) Loss: 2.5720, Acc(1): 25.00, Acc(5): 50.00
2023-06-19 16:30:39,429 - AUGCON - INFO - Epoch [1/50]-(20/22) Loss: 2.5647, Acc(1): 0.00, Acc(5): 25.00
2023-06-19 16:30:39,429 - AUGCON - INFO - 	Validation Loss: 2.2400, Acc(1): 25.00, Acc(5): 42.00, F1: 0.08, Recall: 0.07, Precision: 0.10
2023-06-19 16:30:39,429 - AUGCON - INFO - Epoch [2/50]-(0/22) Loss: 2.2868, Acc(1): 0.00, Acc(5): 25.00
2023-06-19 16:30:39,429 - AUGCON - INFO - Epoch [2/50]-(5/22) Loss: 2.2633, Acc(1): 0.00, Acc(5): 50.00
2023-06-19 16:30:39,429 - AUGCON - INFO - Epoch [2/50]-(10/22) Loss: 2.5377, Acc(1): 0.00, Acc(5): 25.00
2023-06-19 16:30:39,429 - AUGCON - INFO - Epoch [2/50]-(15/22) Loss: 2.3822, Acc(1): 0.00, Acc(5): 50.00
2023-06-19 16:30:39,429 - AUGCON - INFO - Epoch [2/50]-(20/22) Loss: 2.1523, Acc(1): 25.00, Acc(5): 75.00
2023-06-19 16:30:39,429 - AUGCON - INFO - 	Validation Loss: 2.1384, Acc(1): 31.00, Acc(5): 66.00, F1: 0.07, Recall: 0.06, Precision: 0.09
2023-06-19 16:30:39,429 - AUGCON - INFO - Epoch [3/50]-(0/22) Loss: 2.0330, Acc(1): 25.00, Acc(5): 100.00
2023-06-19 16:30:39,430 - AUGCON - INFO - Epoch [3/50]-(5/22) Loss: 2.3201, Acc(1): 0.00, Acc(5): 25.00
2023-06-19 16:30:39,430 - AUGCON - INFO - Epoch [3/50]-(10/22) Loss: 2.2195, Acc(1): 0.00, Acc(5): 100.00
2023-06-19 16:30:39,430 - AUGCON - INFO - Epoch [3/50]-(15/22) Loss: 2.3359, Acc(1): 0.00, Acc(5): 50.00
2023-06-19 16:30:39,430 - AUGCON - INFO - Epoch [3/50]-(20/22) Loss: 2.1872, Acc(1): 25.00, Acc(5): 75.00
2023-06-19 16:30:39,430 - AUGCON - INFO - 	Validation Loss: 2.1453, Acc(1): 9.00, Acc(5): 82.00, F1: 0.02, Recall: 0.02, Precision: 0.02
2023-06-19 16:30:39,430 - AUGCON - INFO - Epoch [4/50]-(0/22) Loss: 2.1128, Acc(1): 0.00, Acc(5): 100.00
2023-06-19 16:30:39,430 - AUGCON - INFO - Epoch [4/50]-(5/22) Loss: 2.2035, Acc(1): 0.00, Acc(5): 50.00
2023-06-19 16:30:39,430 - AUGCON - INFO - Epoch [4/50]-(10/22) Loss: 2.1062, Acc(1): 0.00, Acc(5): 75.00
2023-06-19 16:30:39,430 - AUGCON - INFO - Epoch [4/50]-(15/22) Loss: 2.2745, Acc(1): 25.00, Acc(5): 50.00
2023-06-19 16:30:39,430 - AUGCON - INFO - Epoch [4/50]-(20/22) Loss: 2.2671, Acc(1): 0.00, Acc(5): 75.00
2023-06-19 16:30:39,430 - AUGCON - INFO - 	Validation Loss: 2.0922, Acc(1): 35.00, Acc(5): 76.00, F1: 0.08, Recall: 0.06, Precision: 0.10
2023-06-19 16:30:39,430 - AUGCON - INFO - Epoch [5/50]-(0/22) Loss: 2.1266, Acc(1): 50.00, Acc(5): 75.00
2023-06-19 16:30:39,430 - AUGCON - INFO - Epoch [5/50]-(5/22) Loss: 2.3369, Acc(1): 0.00, Acc(5): 25.00
2023-06-19 16:30:39,431 - AUGCON - INFO - Epoch [5/50]-(10/22) Loss: 2.1735, Acc(1): 0.00, Acc(5): 75.00
2023-06-19 16:30:39,431 - AUGCON - INFO - Epoch [5/50]-(15/22) Loss: 2.3078, Acc(1): 25.00, Acc(5): 25.00
2023-06-19 16:30:39,431 - AUGCON - INFO - Epoch [5/50]-(20/22) Loss: 2.2098, Acc(1): 25.00, Acc(5): 25.00
2023-06-19 16:30:39,431 - AUGCON - INFO - 	Validation Loss: 2.1968, Acc(1): 12.00, Acc(5): 50.00, F1: 0.04, Recall: 0.03, Precision: 0.05
2023-06-19 16:30:39,431 - AUGCON - INFO - Epoch [6/50]-(0/22) Loss: 2.0879, Acc(1): 0.00, Acc(5): 100.00
2023-06-19 16:30:39,431 - AUGCON - INFO - Epoch [6/50]-(5/22) Loss: 2.3465, Acc(1): 0.00, Acc(5): 25.00
2023-06-19 16:30:39,431 - AUGCON - INFO - Epoch [6/50]-(10/22) Loss: 2.2898, Acc(1): 25.00, Acc(5): 50.00
2023-06-19 16:30:39,431 - AUGCON - INFO - Epoch [6/50]-(15/22) Loss: 2.1773, Acc(1): 0.00, Acc(5): 75.00
2023-06-19 16:30:39,431 - AUGCON - INFO - Epoch [6/50]-(20/22) Loss: 2.4559, Acc(1): 0.00, Acc(5): 25.00
2023-06-19 16:30:39,431 - AUGCON - INFO - 	Validation Loss: 2.1076, Acc(1): 26.00, Acc(5): 73.00, F1: 0.06, Recall: 0.07, Precision: 0.05
2023-06-19 16:30:39,431 - AUGCON - INFO - Epoch [7/50]-(0/22) Loss: 2.0725, Acc(1): 25.00, Acc(5): 100.00
2023-06-19 16:30:39,431 - AUGCON - INFO - Epoch [7/50]-(5/22) Loss: 2.3404, Acc(1): 0.00, Acc(5): 25.00
2023-06-19 16:30:39,431 - AUGCON - INFO - Epoch [7/50]-(10/22) Loss: 2.0290, Acc(1): 25.00, Acc(5): 100.00
2023-06-19 16:30:39,431 - AUGCON - INFO - Epoch [7/50]-(15/22) Loss: 2.1215, Acc(1): 0.00, Acc(5): 75.00
2023-06-19 16:30:39,432 - AUGCON - INFO - Epoch [7/50]-(20/22) Loss: 2.2577, Acc(1): 0.00, Acc(5): 25.00
2023-06-19 16:30:39,432 - AUGCON - INFO - 	Validation Loss: 2.1164, Acc(1): 15.00, Acc(5): 85.00, F1: 0.03, Recall: 0.03, Precision: 0.03
2023-06-19 16:30:39,432 - AUGCON - INFO - Epoch [8/50]-(0/22) Loss: 2.1717, Acc(1): 25.00, Acc(5): 50.00
2023-06-19 16:30:39,432 - AUGCON - INFO - Epoch [8/50]-(5/22) Loss: 2.1247, Acc(1): 50.00, Acc(5): 50.00
2023-06-19 16:30:39,432 - AUGCON - INFO - Epoch [8/50]-(10/22) Loss: 2.4661, Acc(1): 0.00, Acc(5): 0.00
2023-06-19 16:30:39,432 - AUGCON - INFO - Epoch [8/50]-(15/22) Loss: 2.1040, Acc(1): 25.00, Acc(5): 50.00
2023-06-19 16:30:39,432 - AUGCON - INFO - Epoch [8/50]-(20/22) Loss: 2.3499, Acc(1): 0.00, Acc(5): 25.00
2023-06-19 16:30:39,432 - AUGCON - INFO - 	Validation Loss: 2.1294, Acc(1): 16.00, Acc(5): 72.00, F1: 0.04, Recall: 0.04, Precision: 0.03
2023-06-19 16:30:39,432 - AUGCON - INFO - Epoch [9/50]-(0/22) Loss: 2.1077, Acc(1): 25.00, Acc(5): 100.00
2023-06-19 16:30:39,432 - AUGCON - INFO - Epoch [9/50]-(5/22) Loss: 2.1091, Acc(1): 25.00, Acc(5): 75.00
2023-06-19 16:30:39,432 - AUGCON - INFO - Epoch [9/50]-(10/22) Loss: 2.0715, Acc(1): 25.00, Acc(5): 75.00
2023-06-19 16:30:39,432 - AUGCON - INFO - Epoch [9/50]-(15/22) Loss: 2.2758, Acc(1): 0.00, Acc(5): 50.00
2023-06-19 16:30:39,432 - AUGCON - INFO - Epoch [9/50]-(20/22) Loss: 2.2871, Acc(1): 0.00, Acc(5): 25.00
2023-06-19 16:30:39,432 - AUGCON - INFO - 	Validation Loss: 2.1106, Acc(1): 17.00, Acc(5): 76.00, F1: 0.06, Recall: 0.05, Precision: 0.07
2023-06-19 16:30:39,432 - AUGCON - INFO - Epoch [10/50]-(0/22) Loss: 1.9780, Acc(1): 25.00, Acc(5): 50.00
2023-06-19 16:30:39,432 - AUGCON - INFO - Epoch [10/50]-(5/22) Loss: 2.0543, Acc(1): 50.00, Acc(5): 50.00
2023-06-19 16:30:39,433 - AUGCON - INFO - Epoch [10/50]-(10/22) Loss: 1.9629, Acc(1): 25.00, Acc(5): 100.00
2023-06-19 16:30:39,433 - AUGCON - INFO - Epoch [10/50]-(15/22) Loss: 2.1192, Acc(1): 0.00, Acc(5): 75.00
2023-06-19 16:30:39,433 - AUGCON - INFO - Epoch [10/50]-(20/22) Loss: 2.3012, Acc(1): 0.00, Acc(5): 25.00
2023-06-19 16:30:39,433 - AUGCON - INFO - 	Validation Loss: 2.1032, Acc(1): 17.00, Acc(5): 76.00, F1: 0.05, Recall: 0.05, Precision: 0.05
2023-06-19 16:30:39,433 - AUGCON - INFO - Epoch [11/50]-(0/22) Loss: 1.9839, Acc(1): 25.00, Acc(5): 75.00
2023-06-19 16:30:39,433 - AUGCON - INFO - Epoch [11/50]-(5/22) Loss: 2.3739, Acc(1): 0.00, Acc(5): 0.00
2023-06-19 16:30:39,433 - AUGCON - INFO - Epoch [11/50]-(10/22) Loss: 1.9053, Acc(1): 50.00, Acc(5): 75.00
2023-06-19 16:30:39,433 - AUGCON - INFO - Epoch [11/50]-(15/22) Loss: 2.4407, Acc(1): 0.00, Acc(5): 50.00
2023-06-19 16:30:39,433 - AUGCON - INFO - Epoch [11/50]-(20/22) Loss: 2.1944, Acc(1): 0.00, Acc(5): 50.00
2023-06-19 16:30:39,433 - AUGCON - INFO - 	Validation Loss: 2.0819, Acc(1): 37.00, Acc(5): 76.00, F1: 0.09, Recall: 0.10, Precision: 0.09
2023-06-19 16:30:39,433 - AUGCON - INFO - Epoch [12/50]-(0/22) Loss: 2.0761, Acc(1): 25.00, Acc(5): 75.00
2023-06-19 16:30:39,433 - AUGCON - INFO - Epoch [12/50]-(5/22) Loss: 2.0072, Acc(1): 25.00, Acc(5): 50.00
2023-06-19 16:30:39,434 - AUGCON - INFO - Epoch [12/50]-(10/22) Loss: 2.0659, Acc(1): 25.00, Acc(5): 100.00
2023-06-19 16:30:39,434 - AUGCON - INFO - Epoch [12/50]-(15/22) Loss: 2.1478, Acc(1): 25.00, Acc(5): 75.00
2023-06-19 16:30:39,434 - AUGCON - INFO - Epoch [12/50]-(20/22) Loss: 2.2555, Acc(1): 25.00, Acc(5): 25.00
2023-06-19 16:30:39,434 - AUGCON - INFO - 	Validation Loss: 2.1148, Acc(1): 18.00, Acc(5): 79.00, F1: 0.04, Recall: 0.05, Precision: 0.03
2023-06-19 16:30:39,434 - AUGCON - INFO - Epoch [13/50]-(0/22) Loss: 1.9495, Acc(1): 50.00, Acc(5): 75.00
2023-06-19 16:30:39,434 - AUGCON - INFO - Epoch [13/50]-(5/22) Loss: 2.1378, Acc(1): 0.00, Acc(5): 75.00
2023-06-19 16:30:39,434 - AUGCON - INFO - Epoch [13/50]-(10/22) Loss: 2.0435, Acc(1): 25.00, Acc(5): 50.00
2023-06-19 16:30:39,434 - AUGCON - INFO - Epoch [13/50]-(15/22) Loss: 2.1947, Acc(1): 25.00, Acc(5): 25.00
2023-06-19 16:30:39,434 - AUGCON - INFO - Epoch [13/50]-(20/22) Loss: 2.1316, Acc(1): 25.00, Acc(5): 50.00
2023-06-19 16:30:39,434 - AUGCON - INFO - 	Validation Loss: 2.0406, Acc(1): 32.00, Acc(5): 79.00, F1: 0.09, Recall: 0.07, Precision: 0.11
2023-06-19 16:30:39,434 - AUGCON - INFO - Epoch [14/50]-(0/22) Loss: 2.1175, Acc(1): 25.00, Acc(5): 75.00
2023-06-19 16:30:39,434 - AUGCON - INFO - Epoch [14/50]-(5/22) Loss: 1.8007, Acc(1): 75.00, Acc(5): 100.00
2023-06-19 16:30:39,434 - AUGCON - INFO - Epoch [14/50]-(10/22) Loss: 1.9977, Acc(1): 25.00, Acc(5): 100.00
2023-06-19 16:30:39,434 - AUGCON - INFO - Epoch [14/50]-(15/22) Loss: 2.3973, Acc(1): 0.00, Acc(5): 50.00
2023-06-19 16:30:39,434 - AUGCON - INFO - Epoch [14/50]-(20/22) Loss: 2.3788, Acc(1): 0.00, Acc(5): 50.00
2023-06-19 16:30:39,434 - AUGCON - INFO - 	Validation Loss: 2.0878, Acc(1): 28.00, Acc(5): 70.00, F1: 0.06, Recall: 0.08, Precision: 0.05
2023-06-19 16:30:39,434 - AUGCON - INFO - Epoch [15/50]-(0/22) Loss: 2.1990, Acc(1): 0.00, Acc(5): 75.00
2023-06-19 16:30:39,435 - AUGCON - INFO - Epoch [15/50]-(5/22) Loss: 1.9175, Acc(1): 25.00, Acc(5): 75.00
2023-06-19 16:30:39,435 - AUGCON - INFO - Epoch [15/50]-(10/22) Loss: 1.9124, Acc(1): 50.00, Acc(5): 75.00
2023-06-19 16:30:39,435 - AUGCON - INFO - Epoch [15/50]-(15/22) Loss: 2.1427, Acc(1): 0.00, Acc(5): 50.00
2023-06-19 16:30:39,435 - AUGCON - INFO - Epoch [15/50]-(20/22) Loss: 2.4668, Acc(1): 0.00, Acc(5): 25.00
2023-06-19 16:30:39,435 - AUGCON - INFO - 	Validation Loss: 2.0680, Acc(1): 22.00, Acc(5): 83.00, F1: 0.07, Recall: 0.06, Precision: 0.09
2023-06-19 16:30:39,435 - AUGCON - INFO - Epoch [16/50]-(0/22) Loss: 2.1601, Acc(1): 0.00, Acc(5): 75.00
2023-06-19 16:30:39,435 - AUGCON - INFO - Epoch [16/50]-(5/22) Loss: 2.1516, Acc(1): 25.00, Acc(5): 50.00
2023-06-19 16:30:39,435 - AUGCON - INFO - Epoch [16/50]-(10/22) Loss: 2.1797, Acc(1): 25.00, Acc(5): 50.00
2023-06-19 16:30:39,435 - AUGCON - INFO - Epoch [16/50]-(15/22) Loss: 2.0883, Acc(1): 25.00, Acc(5): 50.00
2023-06-19 16:30:39,435 - AUGCON - INFO - Epoch [16/50]-(20/22) Loss: 2.1289, Acc(1): 25.00, Acc(5): 75.00
2023-06-19 16:30:39,435 - AUGCON - INFO - 	Validation Loss: 2.0820, Acc(1): 28.00, Acc(5): 80.00, F1: 0.06, Recall: 0.08, Precision: 0.05
2023-06-19 16:30:39,435 - AUGCON - INFO - Epoch [17/50]-(0/22) Loss: 2.2528, Acc(1): 0.00, Acc(5): 50.00
2023-06-19 16:30:39,435 - AUGCON - INFO - Epoch [17/50]-(5/22) Loss: 1.9784, Acc(1): 25.00, Acc(5): 100.00
2023-06-19 16:30:39,435 - AUGCON - INFO - Epoch [17/50]-(10/22) Loss: 2.1345, Acc(1): 25.00, Acc(5): 50.00
2023-06-19 16:30:39,436 - AUGCON - INFO - Epoch [17/50]-(15/22) Loss: 2.1892, Acc(1): 0.00, Acc(5): 100.00
2023-06-19 16:30:39,436 - AUGCON - INFO - Epoch [17/50]-(20/22) Loss: 2.0067, Acc(1): 25.00, Acc(5): 50.00
2023-06-19 16:30:39,436 - AUGCON - INFO - 	Validation Loss: 2.0365, Acc(1): 22.00, Acc(5): 84.00, F1: 0.06, Recall: 0.06, Precision: 0.06
2023-06-19 16:30:39,436 - AUGCON - INFO - Epoch [18/50]-(0/22) Loss: 1.8321, Acc(1): 50.00, Acc(5): 100.00
2023-06-19 16:30:39,436 - AUGCON - INFO - Epoch [18/50]-(5/22) Loss: 2.0994, Acc(1): 25.00, Acc(5): 75.00
2023-06-19 16:30:39,436 - AUGCON - INFO - Epoch [18/50]-(10/22) Loss: 2.5473, Acc(1): 0.00, Acc(5): 0.00
2023-06-19 16:30:39,436 - AUGCON - INFO - Epoch [18/50]-(15/22) Loss: 1.9580, Acc(1): 25.00, Acc(5): 100.00
2023-06-19 16:30:39,436 - AUGCON - INFO - Epoch [18/50]-(20/22) Loss: 1.9860, Acc(1): 50.00, Acc(5): 50.00
2023-06-19 16:30:39,436 - AUGCON - INFO - 	Validation Loss: 2.0482, Acc(1): 24.00, Acc(5): 90.00, F1: 0.06, Recall: 0.07, Precision: 0.06
2023-06-19 16:30:39,436 - AUGCON - INFO - Epoch [19/50]-(0/22) Loss: 2.0694, Acc(1): 50.00, Acc(5): 100.00
2023-06-19 16:30:39,436 - AUGCON - INFO - Epoch [19/50]-(5/22) Loss: 2.3507, Acc(1): 25.00, Acc(5): 25.00
2023-06-19 16:30:39,436 - AUGCON - INFO - Epoch [19/50]-(10/22) Loss: 2.1805, Acc(1): 0.00, Acc(5): 75.00
2023-06-19 16:30:39,436 - AUGCON - INFO - Epoch [19/50]-(15/22) Loss: 2.1391, Acc(1): 25.00, Acc(5): 75.00
2023-06-19 16:30:39,436 - AUGCON - INFO - Epoch [19/50]-(20/22) Loss: 1.8500, Acc(1): 50.00, Acc(5): 75.00
2023-06-19 16:30:39,437 - AUGCON - INFO - 	Validation Loss: 2.0190, Acc(1): 36.00, Acc(5): 77.00, F1: 0.09, Recall: 0.10, Precision: 0.08
2023-06-19 16:30:39,437 - AUGCON - INFO - Epoch [20/50]-(0/22) Loss: 2.0798, Acc(1): 0.00, Acc(5): 100.00
2023-06-19 16:30:39,437 - AUGCON - INFO - Epoch [20/50]-(5/22) Loss: 1.8989, Acc(1): 25.00, Acc(5): 100.00
2023-06-19 16:30:39,437 - AUGCON - INFO - Epoch [20/50]-(10/22) Loss: 1.9568, Acc(1): 50.00, Acc(5): 100.00
2023-06-19 16:30:39,437 - AUGCON - INFO - Epoch [20/50]-(15/22) Loss: 2.1608, Acc(1): 25.00, Acc(5): 50.00
2023-06-19 16:30:39,437 - AUGCON - INFO - Epoch [20/50]-(20/22) Loss: 2.0297, Acc(1): 25.00, Acc(5): 100.00
2023-06-19 16:30:39,437 - AUGCON - INFO - 	Validation Loss: 2.0521, Acc(1): 25.00, Acc(5): 82.00, F1: 0.08, Recall: 0.07, Precision: 0.10
2023-06-19 16:30:39,437 - AUGCON - INFO - Epoch [21/50]-(0/22) Loss: 1.6318, Acc(1): 75.00, Acc(5): 100.00
2023-06-19 16:30:39,437 - AUGCON - INFO - Epoch [21/50]-(5/22) Loss: 1.9223, Acc(1): 25.00, Acc(5): 100.00
2023-06-19 16:30:39,437 - AUGCON - INFO - Epoch [21/50]-(10/22) Loss: 2.1639, Acc(1): 0.00, Acc(5): 100.00
2023-06-19 16:30:39,437 - AUGCON - INFO - Epoch [21/50]-(15/22) Loss: 1.8762, Acc(1): 50.00, Acc(5): 75.00
2023-06-19 16:30:39,437 - AUGCON - INFO - Epoch [21/50]-(20/22) Loss: 2.0537, Acc(1): 25.00, Acc(5): 50.00
2023-06-19 16:30:39,437 - AUGCON - INFO - 	Validation Loss: 1.9800, Acc(1): 36.00, Acc(5): 81.00, F1: 0.09, Recall: 0.10, Precision: 0.08
2023-06-19 16:30:39,437 - AUGCON - INFO - Epoch [22/50]-(0/22) Loss: 2.0295, Acc(1): 25.00, Acc(5): 100.00
2023-06-19 16:30:39,437 - AUGCON - INFO - Epoch [22/50]-(5/22) Loss: 2.1969, Acc(1): 0.00, Acc(5): 75.00
2023-06-19 16:30:39,438 - AUGCON - INFO - Epoch [22/50]-(10/22) Loss: 2.0445, Acc(1): 0.00, Acc(5): 100.00
2023-06-19 16:30:39,438 - AUGCON - INFO - Epoch [22/50]-(15/22) Loss: 2.2389, Acc(1): 0.00, Acc(5): 25.00
2023-06-19 16:30:39,438 - AUGCON - INFO - Epoch [22/50]-(20/22) Loss: 1.7682, Acc(1): 75.00, Acc(5): 75.00
2023-06-19 16:30:39,438 - AUGCON - INFO - 	Validation Loss: 1.9785, Acc(1): 43.00, Acc(5): 88.00, F1: 0.10, Recall: 0.11, Precision: 0.10
2023-06-19 16:30:39,438 - AUGCON - INFO - Epoch [23/50]-(0/22) Loss: 1.9945, Acc(1): 50.00, Acc(5): 75.00
2023-06-19 16:30:39,438 - AUGCON - INFO - Epoch [23/50]-(5/22) Loss: 1.5160, Acc(1): 75.00, Acc(5): 100.00
2023-06-19 16:30:39,438 - AUGCON - INFO - Epoch [23/50]-(10/22) Loss: 2.1639, Acc(1): 0.00, Acc(5): 50.00
2023-06-19 16:30:39,438 - AUGCON - INFO - Epoch [23/50]-(15/22) Loss: 2.2082, Acc(1): 0.00, Acc(5): 50.00
2023-06-19 16:30:39,438 - AUGCON - INFO - Epoch [23/50]-(20/22) Loss: 1.9349, Acc(1): 25.00, Acc(5): 100.00
2023-06-19 16:30:39,438 - AUGCON - INFO - 	Validation Loss: 2.0118, Acc(1): 27.00, Acc(5): 90.00, F1: 0.07, Recall: 0.07, Precision: 0.06
2023-06-19 16:30:39,438 - AUGCON - INFO - Epoch [24/50]-(0/22) Loss: 2.0263, Acc(1): 0.00, Acc(5): 75.00
2023-06-19 16:30:39,438 - AUGCON - INFO - Epoch [24/50]-(5/22) Loss: 1.7938, Acc(1): 50.00, Acc(5): 100.00
2023-06-19 16:30:39,438 - AUGCON - INFO - Epoch [24/50]-(10/22) Loss: 2.1057, Acc(1): 0.00, Acc(5): 100.00
2023-06-19 16:30:39,438 - AUGCON - INFO - Epoch [24/50]-(15/22) Loss: 2.1384, Acc(1): 25.00, Acc(5): 50.00
2023-06-19 16:30:39,438 - AUGCON - INFO - Epoch [24/50]-(20/22) Loss: 1.6879, Acc(1): 50.00, Acc(5): 100.00
2023-06-19 16:30:39,438 - AUGCON - INFO - 	Validation Loss: 2.0063, Acc(1): 29.00, Acc(5): 86.00, F1: 0.08, Recall: 0.08, Precision: 0.07
2023-06-19 16:30:39,439 - AUGCON - INFO - Epoch [25/50]-(0/22) Loss: 2.0400, Acc(1): 50.00, Acc(5): 100.00
2023-06-19 16:30:39,439 - AUGCON - INFO - Epoch [25/50]-(5/22) Loss: 1.8557, Acc(1): 50.00, Acc(5): 100.00
2023-06-19 16:30:39,439 - AUGCON - INFO - Epoch [25/50]-(10/22) Loss: 1.8078, Acc(1): 25.00, Acc(5): 100.00
2023-06-19 16:30:39,439 - AUGCON - INFO - Epoch [25/50]-(15/22) Loss: 2.0240, Acc(1): 50.00, Acc(5): 50.00
2023-06-19 16:30:39,439 - AUGCON - INFO - Epoch [25/50]-(20/22) Loss: 1.9642, Acc(1): 50.00, Acc(5): 100.00
2023-06-19 16:30:39,439 - AUGCON - INFO - 	Validation Loss: 1.9915, Acc(1): 28.00, Acc(5): 87.00, F1: 0.07, Recall: 0.08, Precision: 0.07
2023-06-19 16:30:39,439 - AUGCON - INFO - Epoch [26/50]-(0/22) Loss: 1.9520, Acc(1): 100.00, Acc(5): 100.00
2023-06-19 16:30:39,439 - AUGCON - INFO - Epoch [26/50]-(5/22) Loss: 1.4759, Acc(1): 50.00, Acc(5): 100.00
2023-06-19 16:30:39,439 - AUGCON - INFO - Epoch [26/50]-(10/22) Loss: 2.4157, Acc(1): 0.00, Acc(5): 25.00
2023-06-19 16:30:39,439 - AUGCON - INFO - Epoch [26/50]-(15/22) Loss: 2.0421, Acc(1): 50.00, Acc(5): 75.00
2023-06-19 16:30:39,439 - AUGCON - INFO - Epoch [26/50]-(20/22) Loss: 1.8351, Acc(1): 50.00, Acc(5): 75.00
2023-06-19 16:30:39,439 - AUGCON - INFO - 	Validation Loss: 1.9869, Acc(1): 34.00, Acc(5): 85.00, F1: 0.08, Recall: 0.06, Precision: 0.14
2023-06-19 16:30:39,439 - AUGCON - INFO - Epoch [27/50]-(0/22) Loss: 1.7891, Acc(1): 50.00, Acc(5): 100.00
2023-06-19 16:30:39,439 - AUGCON - INFO - Epoch [27/50]-(5/22) Loss: 2.2193, Acc(1): 0.00, Acc(5): 50.00
2023-06-19 16:30:39,439 - AUGCON - INFO - Epoch [27/50]-(10/22) Loss: 1.9859, Acc(1): 50.00, Acc(5): 75.00
2023-06-19 16:30:39,439 - AUGCON - INFO - Epoch [27/50]-(15/22) Loss: 2.1925, Acc(1): 25.00, Acc(5): 50.00
2023-06-19 16:30:39,440 - AUGCON - INFO - Epoch [27/50]-(20/22) Loss: 1.9936, Acc(1): 0.00, Acc(5): 100.00
2023-06-19 16:30:39,440 - AUGCON - INFO - 	Validation Loss: 1.9628, Acc(1): 27.00, Acc(5): 92.00, F1: 0.06, Recall: 0.07, Precision: 0.06
2023-06-19 16:30:39,440 - AUGCON - INFO - Epoch [28/50]-(0/22) Loss: 2.0379, Acc(1): 25.00, Acc(5): 75.00
2023-06-19 16:30:39,440 - AUGCON - INFO - Epoch [28/50]-(5/22) Loss: 2.0439, Acc(1): 0.00, Acc(5): 75.00
2023-06-19 16:30:39,440 - AUGCON - INFO - Epoch [28/50]-(10/22) Loss: 1.7244, Acc(1): 75.00, Acc(5): 100.00
2023-06-19 16:30:39,440 - AUGCON - INFO - Epoch [28/50]-(15/22) Loss: 2.0099, Acc(1): 25.00, Acc(5): 100.00
2023-06-19 16:30:39,440 - AUGCON - INFO - Epoch [28/50]-(20/22) Loss: 1.8467, Acc(1): 50.00, Acc(5): 75.00
2023-06-19 16:30:39,440 - AUGCON - INFO - 	Validation Loss: 1.9608, Acc(1): 39.00, Acc(5): 92.00, F1: 0.09, Recall: 0.11, Precision: 0.08
2023-06-19 16:30:39,440 - AUGCON - INFO - Epoch [29/50]-(0/22) Loss: 2.0256, Acc(1): 75.00, Acc(5): 100.00
2023-06-19 16:30:39,440 - AUGCON - INFO - Epoch [29/50]-(5/22) Loss: 2.2414, Acc(1): 0.00, Acc(5): 75.00
2023-06-19 16:30:39,440 - AUGCON - INFO - Epoch [29/50]-(10/22) Loss: 2.1570, Acc(1): 0.00, Acc(5): 75.00
2023-06-19 16:30:39,440 - AUGCON - INFO - Epoch [29/50]-(15/22) Loss: 2.1696, Acc(1): 0.00, Acc(5): 75.00
2023-06-19 16:30:39,440 - AUGCON - INFO - Epoch [29/50]-(20/22) Loss: 1.7710, Acc(1): 25.00, Acc(5): 100.00
2023-06-19 16:30:39,440 - AUGCON - INFO - 	Validation Loss: 1.9286, Acc(1): 41.00, Acc(5): 87.00, F1: 0.11, Recall: 0.11, Precision: 0.10
2023-06-19 16:30:39,440 - AUGCON - INFO - Epoch [30/50]-(0/22) Loss: 1.9088, Acc(1): 50.00, Acc(5): 100.00
2023-06-19 16:30:39,440 - AUGCON - INFO - Epoch [30/50]-(5/22) Loss: 2.1131, Acc(1): 25.00, Acc(5): 50.00
2023-06-19 16:30:39,441 - AUGCON - INFO - Epoch [30/50]-(10/22) Loss: 1.9632, Acc(1): 0.00, Acc(5): 75.00
2023-06-19 16:30:39,441 - AUGCON - INFO - Epoch [30/50]-(15/22) Loss: 1.8269, Acc(1): 25.00, Acc(5): 100.00
2023-06-19 16:30:39,441 - AUGCON - INFO - Epoch [30/50]-(20/22) Loss: 2.1073, Acc(1): 25.00, Acc(5): 75.00
2023-06-19 16:30:39,441 - AUGCON - INFO - 	Validation Loss: 1.9122, Acc(1): 34.00, Acc(5): 87.00, F1: 0.10, Recall: 0.09, Precision: 0.12
2023-06-19 16:30:39,441 - AUGCON - INFO - Epoch [31/50]-(0/22) Loss: 1.9946, Acc(1): 0.00, Acc(5): 100.00
2023-06-19 16:30:39,441 - AUGCON - INFO - Epoch [31/50]-(5/22) Loss: 1.8651, Acc(1): 50.00, Acc(5): 100.00
2023-06-19 16:30:39,441 - AUGCON - INFO - Epoch [31/50]-(10/22) Loss: 2.0944, Acc(1): 25.00, Acc(5): 50.00
2023-06-19 16:30:39,441 - AUGCON - INFO - Epoch [31/50]-(15/22) Loss: 2.1553, Acc(1): 0.00, Acc(5): 100.00
2023-06-19 16:30:39,441 - AUGCON - INFO - Epoch [31/50]-(20/22) Loss: 2.2009, Acc(1): 0.00, Acc(5): 75.00
2023-06-19 16:30:39,441 - AUGCON - INFO - 	Validation Loss: 1.9660, Acc(1): 34.00, Acc(5): 88.00, F1: 0.08, Recall: 0.09, Precision: 0.07
2023-06-19 16:30:39,441 - AUGCON - INFO - Epoch [32/50]-(0/22) Loss: 1.8337, Acc(1): 50.00, Acc(5): 100.00
2023-06-19 16:30:39,441 - AUGCON - INFO - Epoch [32/50]-(5/22) Loss: 2.1036, Acc(1): 0.00, Acc(5): 75.00
2023-06-19 16:30:39,441 - AUGCON - INFO - Epoch [32/50]-(10/22) Loss: 1.7260, Acc(1): 75.00, Acc(5): 100.00
2023-06-19 16:30:39,441 - AUGCON - INFO - Epoch [32/50]-(15/22) Loss: 1.9847, Acc(1): 25.00, Acc(5): 75.00
2023-06-19 16:30:39,441 - AUGCON - INFO - Epoch [32/50]-(20/22) Loss: 1.9386, Acc(1): 25.00, Acc(5): 100.00
2023-06-19 16:30:39,441 - AUGCON - INFO - 	Validation Loss: 1.9565, Acc(1): 37.00, Acc(5): 87.00, F1: 0.08, Recall: 0.10, Precision: 0.07
2023-06-19 16:30:39,442 - AUGCON - INFO - Epoch [33/50]-(0/22) Loss: 1.9492, Acc(1): 25.00, Acc(5): 100.00
2023-06-19 16:30:39,442 - AUGCON - INFO - Epoch [33/50]-(5/22) Loss: 1.7375, Acc(1): 50.00, Acc(5): 75.00
2023-06-19 16:30:39,442 - AUGCON - INFO - Epoch [33/50]-(10/22) Loss: 1.8847, Acc(1): 0.00, Acc(5): 100.00
2023-06-19 16:30:39,442 - AUGCON - INFO - Epoch [33/50]-(15/22) Loss: 2.0997, Acc(1): 25.00, Acc(5): 75.00
2023-06-19 16:30:39,442 - AUGCON - INFO - Epoch [33/50]-(20/22) Loss: 1.8727, Acc(1): 25.00, Acc(5): 75.00
2023-06-19 16:30:39,442 - AUGCON - INFO - 	Validation Loss: 1.9348, Acc(1): 37.00, Acc(5): 87.00, F1: 0.08, Recall: 0.09, Precision: 0.07
2023-06-19 16:30:39,442 - AUGCON - INFO - Epoch [34/50]-(0/22) Loss: 1.9320, Acc(1): 50.00, Acc(5): 50.00
2023-06-19 16:30:39,442 - AUGCON - INFO - Epoch [34/50]-(5/22) Loss: 2.2483, Acc(1): 0.00, Acc(5): 100.00
2023-06-19 16:30:39,442 - AUGCON - INFO - Epoch [34/50]-(10/22) Loss: 2.2753, Acc(1): 0.00, Acc(5): 75.00
2023-06-19 16:30:39,442 - AUGCON - INFO - Epoch [34/50]-(15/22) Loss: 2.1073, Acc(1): 0.00, Acc(5): 75.00
2023-06-19 16:30:39,442 - AUGCON - INFO - Epoch [34/50]-(20/22) Loss: 2.1873, Acc(1): 0.00, Acc(5): 50.00
2023-06-19 16:30:39,442 - AUGCON - INFO - 	Validation Loss: 1.9242, Acc(1): 42.00, Acc(5): 89.00, F1: 0.11, Recall: 0.11, Precision: 0.10
2023-06-19 16:30:39,443 - AUGCON - INFO - Epoch [35/50]-(0/22) Loss: 1.6522, Acc(1): 75.00, Acc(5): 100.00
2023-06-19 16:30:39,443 - AUGCON - INFO - Epoch [35/50]-(5/22) Loss: 2.1171, Acc(1): 25.00, Acc(5): 75.00
2023-06-19 16:30:39,443 - AUGCON - INFO - Epoch [35/50]-(10/22) Loss: 1.8784, Acc(1): 50.00, Acc(5): 75.00
2023-06-19 16:30:39,443 - AUGCON - INFO - Epoch [35/50]-(15/22) Loss: 2.0027, Acc(1): 25.00, Acc(5): 75.00
2023-06-19 16:30:39,443 - AUGCON - INFO - Epoch [35/50]-(20/22) Loss: 2.1472, Acc(1): 25.00, Acc(5): 75.00
2023-06-19 16:30:39,443 - AUGCON - INFO - 	Validation Loss: 1.9678, Acc(1): 37.00, Acc(5): 81.00, F1: 0.09, Recall: 0.10, Precision: 0.08
2023-06-19 16:30:39,443 - AUGCON - INFO - Epoch [36/50]-(0/22) Loss: 2.1154, Acc(1): 25.00, Acc(5): 75.00
2023-06-19 16:30:39,443 - AUGCON - INFO - Epoch [36/50]-(5/22) Loss: 2.1869, Acc(1): 0.00, Acc(5): 50.00
2023-06-19 16:30:39,443 - AUGCON - INFO - Epoch [36/50]-(10/22) Loss: 1.9727, Acc(1): 0.00, Acc(5): 100.00
2023-06-19 16:30:39,443 - AUGCON - INFO - Epoch [36/50]-(15/22) Loss: 2.0989, Acc(1): 0.00, Acc(5): 100.00
2023-06-19 16:30:39,443 - AUGCON - INFO - Epoch [36/50]-(20/22) Loss: 1.9836, Acc(1): 50.00, Acc(5): 75.00
2023-06-19 16:30:39,443 - AUGCON - INFO - 	Validation Loss: 1.9250, Acc(1): 43.00, Acc(5): 77.00, F1: 0.12, Recall: 0.12, Precision: 0.12
2023-06-19 16:30:39,444 - AUGCON - INFO - Epoch [37/50]-(0/22) Loss: 1.8202, Acc(1): 75.00, Acc(5): 100.00
2023-06-19 16:30:39,444 - AUGCON - INFO - Epoch [37/50]-(5/22) Loss: 1.7562, Acc(1): 25.00, Acc(5): 100.00
2023-06-19 16:30:39,444 - AUGCON - INFO - Epoch [37/50]-(10/22) Loss: 2.1581, Acc(1): 50.00, Acc(5): 50.00
2023-06-19 16:30:39,444 - AUGCON - INFO - Epoch [37/50]-(15/22) Loss: 1.6836, Acc(1): 75.00, Acc(5): 100.00
2023-06-19 16:30:39,444 - AUGCON - INFO - Epoch [37/50]-(20/22) Loss: 1.9811, Acc(1): 25.00, Acc(5): 75.00
2023-06-19 16:30:39,444 - AUGCON - INFO - 	Validation Loss: 1.9353, Acc(1): 32.00, Acc(5): 85.00, F1: 0.07, Recall: 0.09, Precision: 0.06
2023-06-19 16:30:39,444 - AUGCON - INFO - Epoch [38/50]-(0/22) Loss: 1.4927, Acc(1): 75.00, Acc(5): 100.00
2023-06-19 16:30:39,444 - AUGCON - INFO - Epoch [38/50]-(5/22) Loss: 2.1435, Acc(1): 25.00, Acc(5): 50.00
2023-06-19 16:30:39,444 - AUGCON - INFO - Epoch [38/50]-(10/22) Loss: 2.1971, Acc(1): 25.00, Acc(5): 50.00
2023-06-19 16:30:39,444 - AUGCON - INFO - Epoch [38/50]-(15/22) Loss: 1.6570, Acc(1): 50.00, Acc(5): 100.00
2023-06-19 16:30:39,444 - AUGCON - INFO - Epoch [38/50]-(20/22) Loss: 1.9551, Acc(1): 25.00, Acc(5): 75.00
2023-06-19 16:30:39,444 - AUGCON - INFO - 	Validation Loss: 1.9249, Acc(1): 29.00, Acc(5): 89.00, F1: 0.08, Recall: 0.08, Precision: 0.07
2023-06-19 16:30:39,444 - AUGCON - INFO - Epoch [39/50]-(0/22) Loss: 1.7689, Acc(1): 100.00, Acc(5): 100.00
2023-06-19 16:30:39,445 - AUGCON - INFO - Epoch [39/50]-(5/22) Loss: 1.6180, Acc(1): 25.00, Acc(5): 100.00
2023-06-19 16:30:39,445 - AUGCON - INFO - Epoch [39/50]-(10/22) Loss: 1.8705, Acc(1): 50.00, Acc(5): 100.00
2023-06-19 16:30:39,445 - AUGCON - INFO - Epoch [39/50]-(15/22) Loss: 1.7293, Acc(1): 25.00, Acc(5): 75.00
2023-06-19 16:30:39,445 - AUGCON - INFO - Epoch [39/50]-(20/22) Loss: 1.9347, Acc(1): 25.00, Acc(5): 75.00
2023-06-19 16:30:39,445 - AUGCON - INFO - 	Validation Loss: 1.9339, Acc(1): 29.00, Acc(5): 85.00, F1: 0.08, Recall: 0.08, Precision: 0.07
2023-06-19 16:30:39,445 - AUGCON - INFO - Epoch [40/50]-(0/22) Loss: 1.7598, Acc(1): 50.00, Acc(5): 75.00
2023-06-19 16:30:39,445 - AUGCON - INFO - Epoch [40/50]-(5/22) Loss: 1.8455, Acc(1): 25.00, Acc(5): 100.00
2023-06-19 16:30:39,445 - AUGCON - INFO - Epoch [40/50]-(10/22) Loss: 1.8154, Acc(1): 25.00, Acc(5): 100.00
2023-06-19 16:30:39,445 - AUGCON - INFO - Epoch [40/50]-(15/22) Loss: 1.8819, Acc(1): 50.00, Acc(5): 100.00
2023-06-19 16:30:39,445 - AUGCON - INFO - Epoch [40/50]-(20/22) Loss: 2.0288, Acc(1): 0.00, Acc(5): 100.00
2023-06-19 16:30:39,445 - AUGCON - INFO - 	Validation Loss: 1.8604, Acc(1): 36.00, Acc(5): 92.00, F1: 0.09, Recall: 0.06, Precision: 0.17
2023-06-19 16:30:39,445 - AUGCON - INFO - Epoch [41/50]-(0/22) Loss: 1.8614, Acc(1): 25.00, Acc(5): 75.00
2023-06-19 16:30:39,445 - AUGCON - INFO - Epoch [41/50]-(5/22) Loss: 1.8046, Acc(1): 50.00, Acc(5): 100.00
2023-06-19 16:30:39,446 - AUGCON - INFO - Epoch [41/50]-(10/22) Loss: 1.7483, Acc(1): 50.00, Acc(5): 100.00
2023-06-19 16:30:39,446 - AUGCON - INFO - Epoch [41/50]-(15/22) Loss: 1.9529, Acc(1): 50.00, Acc(5): 100.00
2023-06-19 16:30:39,446 - AUGCON - INFO - Epoch [41/50]-(20/22) Loss: 2.1047, Acc(1): 0.00, Acc(5): 100.00
2023-06-19 16:30:39,446 - AUGCON - INFO - 	Validation Loss: 1.9127, Acc(1): 32.00, Acc(5): 83.00, F1: 0.07, Recall: 0.09, Precision: 0.06
2023-06-19 16:30:39,446 - AUGCON - INFO - Epoch [42/50]-(0/22) Loss: 1.7068, Acc(1): 75.00, Acc(5): 100.00
2023-06-19 16:30:39,446 - AUGCON - INFO - Epoch [42/50]-(5/22) Loss: 1.9046, Acc(1): 25.00, Acc(5): 100.00
2023-06-19 16:30:39,446 - AUGCON - INFO - Epoch [42/50]-(10/22) Loss: 1.9738, Acc(1): 0.00, Acc(5): 100.00
2023-06-19 16:30:39,446 - AUGCON - INFO - Epoch [42/50]-(15/22) Loss: 1.9663, Acc(1): 50.00, Acc(5): 75.00
2023-06-19 16:30:39,446 - AUGCON - INFO - Epoch [42/50]-(20/22) Loss: 1.6576, Acc(1): 25.00, Acc(5): 75.00
2023-06-19 16:30:39,446 - AUGCON - INFO - 	Validation Loss: 1.8661, Acc(1): 36.00, Acc(5): 83.00, F1: 0.11, Recall: 0.10, Precision: 0.13
2023-06-19 16:30:39,446 - AUGCON - INFO - Epoch [43/50]-(0/22) Loss: 1.8106, Acc(1): 50.00, Acc(5): 100.00
2023-06-19 16:30:39,446 - AUGCON - INFO - Epoch [43/50]-(5/22) Loss: 2.0968, Acc(1): 25.00, Acc(5): 50.00
2023-06-19 16:30:39,446 - AUGCON - INFO - Epoch [43/50]-(10/22) Loss: 1.8248, Acc(1): 25.00, Acc(5): 75.00
2023-06-19 16:30:39,446 - AUGCON - INFO - Epoch [43/50]-(15/22) Loss: 1.9909, Acc(1): 50.00, Acc(5): 50.00
2023-06-19 16:30:39,447 - AUGCON - INFO - Epoch [43/50]-(20/22) Loss: 1.8446, Acc(1): 50.00, Acc(5): 100.00
2023-06-19 16:30:39,447 - AUGCON - INFO - 	Validation Loss: 1.8548, Acc(1): 40.00, Acc(5): 89.00, F1: 0.10, Recall: 0.11, Precision: 0.09
2023-06-19 16:30:39,447 - AUGCON - INFO - Epoch [44/50]-(0/22) Loss: 1.5756, Acc(1): 75.00, Acc(5): 100.00
2023-06-19 16:30:39,447 - AUGCON - INFO - Epoch [44/50]-(5/22) Loss: 2.0455, Acc(1): 25.00, Acc(5): 75.00
2023-06-19 16:30:39,447 - AUGCON - INFO - Epoch [44/50]-(10/22) Loss: 1.9572, Acc(1): 25.00, Acc(5): 75.00
2023-06-19 16:30:39,447 - AUGCON - INFO - Epoch [44/50]-(15/22) Loss: 1.4159, Acc(1): 75.00, Acc(5): 100.00
2023-06-19 16:30:39,447 - AUGCON - INFO - Epoch [44/50]-(20/22) Loss: 2.0852, Acc(1): 0.00, Acc(5): 100.00
2023-06-19 16:30:39,447 - AUGCON - INFO - 	Validation Loss: 1.9140, Acc(1): 33.00, Acc(5): 94.00, F1: 0.09, Recall: 0.09, Precision: 0.09
2023-06-19 16:30:39,447 - AUGCON - INFO - Epoch [45/50]-(0/22) Loss: 1.7007, Acc(1): 50.00, Acc(5): 100.00
2023-06-19 16:30:39,447 - AUGCON - INFO - Epoch [45/50]-(5/22) Loss: 1.5285, Acc(1): 25.00, Acc(5): 100.00
2023-06-19 16:30:39,447 - AUGCON - INFO - Epoch [45/50]-(10/22) Loss: 1.8583, Acc(1): 25.00, Acc(5): 100.00
2023-06-19 16:30:39,447 - AUGCON - INFO - Epoch [45/50]-(15/22) Loss: 1.5948, Acc(1): 25.00, Acc(5): 100.00
2023-06-19 16:30:39,447 - AUGCON - INFO - Epoch [45/50]-(20/22) Loss: 1.7653, Acc(1): 50.00, Acc(5): 100.00
2023-06-19 16:30:39,448 - AUGCON - INFO - 	Validation Loss: 1.8278, Acc(1): 41.00, Acc(5): 88.00, F1: 0.09, Recall: 0.09, Precision: 0.11
2023-06-19 16:30:39,448 - AUGCON - INFO - Epoch [46/50]-(0/22) Loss: 1.9653, Acc(1): 0.00, Acc(5): 100.00
2023-06-19 16:30:39,448 - AUGCON - INFO - Epoch [46/50]-(5/22) Loss: 2.1159, Acc(1): 0.00, Acc(5): 50.00
2023-06-19 16:30:39,448 - AUGCON - INFO - Epoch [46/50]-(10/22) Loss: 1.7116, Acc(1): 75.00, Acc(5): 100.00
2023-06-19 16:30:39,448 - AUGCON - INFO - Epoch [46/50]-(15/22) Loss: 1.7879, Acc(1): 25.00, Acc(5): 100.00
2023-06-19 16:30:39,448 - AUGCON - INFO - Epoch [46/50]-(20/22) Loss: 2.0980, Acc(1): 0.00, Acc(5): 100.00
2023-06-19 16:30:39,448 - AUGCON - INFO - 	Validation Loss: 1.8913, Acc(1): 40.00, Acc(5): 89.00, F1: 0.11, Recall: 0.11, Precision: 0.11
2023-06-19 16:30:39,448 - AUGCON - INFO - Epoch [47/50]-(0/22) Loss: 1.9159, Acc(1): 50.00, Acc(5): 75.00
2023-06-19 16:30:39,448 - AUGCON - INFO - Epoch [47/50]-(5/22) Loss: 1.5341, Acc(1): 50.00, Acc(5): 100.00
2023-06-19 16:30:39,448 - AUGCON - INFO - Epoch [47/50]-(10/22) Loss: 1.8453, Acc(1): 0.00, Acc(5): 100.00
2023-06-19 16:30:39,448 - AUGCON - INFO - Epoch [47/50]-(15/22) Loss: 1.9055, Acc(1): 25.00, Acc(5): 75.00
2023-06-19 16:30:39,448 - AUGCON - INFO - Epoch [47/50]-(20/22) Loss: 1.8098, Acc(1): 50.00, Acc(5): 100.00
2023-06-19 16:30:39,449 - AUGCON - INFO - 	Validation Loss: 1.8631, Acc(1): 31.00, Acc(5): 92.00, F1: 0.07, Recall: 0.07, Precision: 0.07
2023-06-19 16:30:39,449 - AUGCON - INFO - Epoch [48/50]-(0/22) Loss: 1.9113, Acc(1): 25.00, Acc(5): 100.00
2023-06-19 16:30:39,449 - AUGCON - INFO - Epoch [48/50]-(5/22) Loss: 1.8634, Acc(1): 0.00, Acc(5): 100.00
2023-06-19 16:30:39,449 - AUGCON - INFO - Epoch [48/50]-(10/22) Loss: 1.6476, Acc(1): 50.00, Acc(5): 100.00
2023-06-19 16:30:39,449 - AUGCON - INFO - Epoch [48/50]-(15/22) Loss: 1.7902, Acc(1): 50.00, Acc(5): 75.00
2023-06-19 16:30:39,449 - AUGCON - INFO - Epoch [48/50]-(20/22) Loss: 1.9139, Acc(1): 50.00, Acc(5): 75.00
2023-06-19 16:30:39,449 - AUGCON - INFO - 	Validation Loss: 1.9010, Acc(1): 24.00, Acc(5): 82.00, F1: 0.06, Recall: 0.06, Precision: 0.05
2023-06-19 16:30:39,449 - AUGCON - INFO - Epoch [49/50]-(0/22) Loss: 1.3903, Acc(1): 50.00, Acc(5): 100.00
2023-06-19 16:30:39,449 - AUGCON - INFO - Epoch [49/50]-(5/22) Loss: 1.6219, Acc(1): 25.00, Acc(5): 100.00
2023-06-19 16:30:39,449 - AUGCON - INFO - Epoch [49/50]-(10/22) Loss: 2.2431, Acc(1): 0.00, Acc(5): 50.00
2023-06-19 16:30:39,449 - AUGCON - INFO - Epoch [49/50]-(15/22) Loss: 1.6724, Acc(1): 25.00, Acc(5): 75.00
2023-06-19 16:30:39,450 - AUGCON - INFO - Epoch [49/50]-(20/22) Loss: 1.8519, Acc(1): 25.00, Acc(5): 75.00
2023-06-19 16:30:39,450 - AUGCON - INFO - 	Validation Loss: 1.8682, Acc(1): 32.00, Acc(5): 90.00, F1: 0.09, Recall: 0.09, Precision: 0.10
2023-06-19 16:30:39,450 - AUGCON - INFO - Epoch [50/50]-(0/22) Loss: 1.1244, Acc(1): 75.00, Acc(5): 100.00
2023-06-19 16:30:39,450 - AUGCON - INFO - Epoch [50/50]-(5/22) Loss: 1.5547, Acc(1): 25.00, Acc(5): 100.00
2023-06-19 16:30:39,450 - AUGCON - INFO - Epoch [50/50]-(10/22) Loss: 1.2123, Acc(1): 50.00, Acc(5): 100.00
2023-06-19 16:30:39,450 - AUGCON - INFO - Epoch [50/50]-(15/22) Loss: 1.8045, Acc(1): 25.00, Acc(5): 100.00
2023-06-19 16:30:39,450 - AUGCON - INFO - Epoch [50/50]-(20/22) Loss: 1.7862, Acc(1): 50.00, Acc(5): 100.00
2023-06-19 16:30:39,450 - AUGCON - INFO - 	Validation Loss: 1.8491, Acc(1): 36.00, Acc(5): 90.00, F1: 0.08, Recall: 0.10, Precision: 0.07
2023-06-19 16:30:39,450 - AUGCON - INFO - 	Validation Loss: 1.8053, Acc(1): 36.33, Acc(5): 94.67, F1: 0.08, Recall: 0.09, Precision: 0.07
