2023-06-19 16:34:55,799 - AUGCON - INFO - logger initialized (/home/hjyoon/projects/augcon/config/exp0/finetune_da_false/without_target_domain_WA0003-hskim/metacpc_random_8421/tgt_target_domain_WA4697-jhryu_seed0.yaml.log)
2023-06-19 16:34:55,799 - AUGCON - INFO - ================= Config =================
2023-06-19 16:34:55,799 - AUGCON - INFO -   mode: finetune
2023-06-19 16:34:55,799 - AUGCON - INFO -   seed: 0
2023-06-19 16:34:55,799 - AUGCON - INFO -   gpu: [0]
2023-06-19 16:34:55,799 - AUGCON - INFO -   num_workers: 1
2023-06-19 16:34:55,799 - AUGCON - INFO -   dist_url: tcp://localhost:10001
2023-06-19 16:34:55,799 - AUGCON - INFO -   dataset_name: ichar
2023-06-19 16:34:55,799 - AUGCON - INFO -   train_dataset_path: /mnt/sting/hjyoon/projects/cross/ICHAR/augcon/target_domain_WA4697-jhryu/finetune/10shot/target/train.pkl
2023-06-19 16:34:55,799 - AUGCON - INFO -   test_dataset_path: /mnt/sting/hjyoon/projects/cross/ICHAR/augcon/target_domain_WA4697-jhryu/finetune/10shot/target/test.pkl
2023-06-19 16:34:55,799 - AUGCON - INFO -   val_dataset_path: /mnt/sting/hjyoon/projects/cross/ICHAR/augcon/target_domain_WA4697-jhryu/finetune/10shot/target/val.pkl
2023-06-19 16:34:55,799 - AUGCON - INFO -   input_channels: 3
2023-06-19 16:34:55,799 - AUGCON - INFO -   num_cls: 9
2023-06-19 16:34:55,799 - AUGCON - INFO -   optimizer: adam
2023-06-19 16:34:55,800 - AUGCON - INFO -   criterion: crossentropy
2023-06-19 16:34:55,800 - AUGCON - INFO -   start_epoch: 0
2023-06-19 16:34:55,800 - AUGCON - INFO -   epochs: 50
2023-06-19 16:34:55,800 - AUGCON - INFO -   batch_size: 4
2023-06-19 16:34:55,800 - AUGCON - INFO -   lr: 0.001
2023-06-19 16:34:55,800 - AUGCON - INFO -   wd: 0.0
2023-06-19 16:34:55,800 - AUGCON - INFO -   resume: 
2023-06-19 16:34:55,800 - AUGCON - INFO -   pretrained: /mnt/sting/hjyoon/projects/augcontrast/models/exp0/pretrain/without_target_domain_WA0003-hskim/metacpc_random_8421/checkpoint_0999.pth.tar
2023-06-19 16:34:55,800 - AUGCON - INFO -   ckpt_dir: /mnt/sting/hjyoon/projects/augcontrast/models/exp0/finetune_da_false/without_target_domain_WA0003-hskim/metacpc_random_8421/tgt_target_domain_WA4697-jhryu_seed0
2023-06-19 16:34:55,800 - AUGCON - INFO -   log_freq: 5
2023-06-19 16:34:55,800 - AUGCON - INFO -   save_freq: 10
2023-06-19 16:34:55,800 - AUGCON - INFO -   pretext: metacpc
2023-06-19 16:34:55,800 - AUGCON - INFO -   enc_blocks: 4
2023-06-19 16:34:55,800 - AUGCON - INFO -   kernel_sizes: [8, 4, 2, 1]
2023-06-19 16:34:55,800 - AUGCON - INFO -   strides: [4, 2, 1, 1]
2023-06-19 16:34:55,800 - AUGCON - INFO -   agg_blocks: 5
2023-06-19 16:34:55,800 - AUGCON - INFO -   z_dim: 256
2023-06-19 16:34:55,800 - AUGCON - INFO -   pooling: mean
2023-06-19 16:34:55,800 - AUGCON - INFO -   pred_steps: 12
2023-06-19 16:34:55,800 - AUGCON - INFO -   n_negatives: 15
2023-06-19 16:34:55,800 - AUGCON - INFO -   offset: 4
2023-06-19 16:34:55,800 - AUGCON - INFO -   domain_adaptation: False
2023-06-19 16:34:55,800 - AUGCON - INFO -   task_steps: 10
2023-06-19 16:34:55,800 - AUGCON - INFO -   task_lr: 0.001
2023-06-19 16:34:55,800 - AUGCON - INFO -   reg_lambda: 0
2023-06-19 16:34:55,800 - AUGCON - INFO -   mlp: False
2023-06-19 16:34:55,800 - AUGCON - INFO -   freeze: True
2023-06-19 16:34:55,800 - AUGCON - INFO -   no_vars: False
2023-06-19 16:34:55,800 - AUGCON - INFO - ==========================================
2023-06-19 16:34:55,800 - AUGCON - INFO - Setting GPUs: [0]
2023-06-19 16:34:55,800 - AUGCON - INFO - GPUs [0] will be used
2023-06-19 16:34:55,801 - AUGCON - WARNING - You have chosen to seed training. 
2023-06-19 16:34:55,801 - AUGCON - WARNING - This will turn on the CUDNN deterministic setting, 
2023-06-19 16:34:55,801 - AUGCON - WARNING - which can slow down your training considerably! 
2023-06-19 16:34:55,801 - AUGCON - WARNING - You may see unexpected behavior when restarting 
2023-06-19 16:34:55,801 - AUGCON - WARNING - from checkpoints.
2023-06-19 16:34:55,866 - AUGCON - INFO - Executing MetaCPC
2023-06-19 16:34:55,866 - AUGCON - INFO - Logs are skipped during training
2023-06-19 16:35:14,529 - AUGCON - INFO - Single GPU is used for training - training 90 instances for each worker
2023-06-19 16:35:14,529 - AUGCON - INFO - Loading pretrained model from checkpoint - /mnt/sting/hjyoon/projects/augcontrast/models/exp0/pretrain/without_target_domain_WA0003-hskim/metacpc_random_8421/checkpoint_0999.pth.tar
2023-06-19 16:35:14,529 - AUGCON - INFO - Missing keys: []
2023-06-19 16:35:14,529 - AUGCON - INFO - Loading encoder parameters to the classifier
2023-06-19 16:35:14,529 - AUGCON - INFO - Missing keys: ['classifier.block.0.weight', 'classifier.block.0.bias']
2023-06-19 16:35:14,529 - AUGCON - INFO - Epoch [1/50]-(0/22) Loss: 2.8190, Acc(1): 0.00, Acc(5): 0.00
2023-06-19 16:35:14,529 - AUGCON - INFO - Epoch [1/50]-(5/22) Loss: 2.1142, Acc(1): 0.00, Acc(5): 75.00
2023-06-19 16:35:14,530 - AUGCON - INFO - Epoch [1/50]-(10/22) Loss: 2.9508, Acc(1): 0.00, Acc(5): 25.00
2023-06-19 16:35:14,530 - AUGCON - INFO - Epoch [1/50]-(15/22) Loss: 2.7321, Acc(1): 0.00, Acc(5): 50.00
2023-06-19 16:35:14,530 - AUGCON - INFO - Epoch [1/50]-(20/22) Loss: 2.6568, Acc(1): 0.00, Acc(5): 0.00
2023-06-19 16:35:14,530 - AUGCON - INFO - 	Validation Loss: 2.1978, Acc(1): 4.00, Acc(5): 65.00, F1: 0.01, Recall: 0.01, Precision: 0.02
2023-06-19 16:35:14,530 - AUGCON - INFO - Epoch [2/50]-(0/22) Loss: 2.2394, Acc(1): 0.00, Acc(5): 75.00
2023-06-19 16:35:14,530 - AUGCON - INFO - Epoch [2/50]-(5/22) Loss: 2.3191, Acc(1): 25.00, Acc(5): 50.00
2023-06-19 16:35:14,530 - AUGCON - INFO - Epoch [2/50]-(10/22) Loss: 2.6320, Acc(1): 0.00, Acc(5): 25.00
2023-06-19 16:35:14,530 - AUGCON - INFO - Epoch [2/50]-(15/22) Loss: 2.4500, Acc(1): 0.00, Acc(5): 50.00
2023-06-19 16:35:14,530 - AUGCON - INFO - Epoch [2/50]-(20/22) Loss: 2.2410, Acc(1): 0.00, Acc(5): 50.00
2023-06-19 16:35:14,530 - AUGCON - INFO - 	Validation Loss: 2.1923, Acc(1): 12.00, Acc(5): 65.00, F1: 0.03, Recall: 0.03, Precision: 0.04
2023-06-19 16:35:14,530 - AUGCON - INFO - Epoch [3/50]-(0/22) Loss: 2.0469, Acc(1): 25.00, Acc(5): 100.00
2023-06-19 16:35:14,530 - AUGCON - INFO - Epoch [3/50]-(5/22) Loss: 2.4214, Acc(1): 0.00, Acc(5): 25.00
2023-06-19 16:35:14,530 - AUGCON - INFO - Epoch [3/50]-(10/22) Loss: 2.3225, Acc(1): 0.00, Acc(5): 50.00
2023-06-19 16:35:14,530 - AUGCON - INFO - Epoch [3/50]-(15/22) Loss: 2.4274, Acc(1): 0.00, Acc(5): 25.00
2023-06-19 16:35:14,530 - AUGCON - INFO - Epoch [3/50]-(20/22) Loss: 2.2661, Acc(1): 25.00, Acc(5): 50.00
2023-06-19 16:35:14,531 - AUGCON - INFO - 	Validation Loss: 2.2233, Acc(1): 14.00, Acc(5): 48.00, F1: 0.03, Recall: 0.04, Precision: 0.03
2023-06-19 16:35:14,531 - AUGCON - INFO - Epoch [4/50]-(0/22) Loss: 2.1907, Acc(1): 25.00, Acc(5): 50.00
2023-06-19 16:35:14,531 - AUGCON - INFO - Epoch [4/50]-(5/22) Loss: 2.1883, Acc(1): 0.00, Acc(5): 50.00
2023-06-19 16:35:14,531 - AUGCON - INFO - Epoch [4/50]-(10/22) Loss: 2.1763, Acc(1): 0.00, Acc(5): 75.00
2023-06-19 16:35:14,532 - AUGCON - INFO - Epoch [4/50]-(15/22) Loss: 2.3288, Acc(1): 25.00, Acc(5): 50.00
2023-06-19 16:35:14,532 - AUGCON - INFO - Epoch [4/50]-(20/22) Loss: 2.4120, Acc(1): 0.00, Acc(5): 25.00
2023-06-19 16:35:14,533 - AUGCON - INFO - 	Validation Loss: 2.2466, Acc(1): 5.00, Acc(5): 49.00, F1: 0.01, Recall: 0.01, Precision: 0.01
2023-06-19 16:35:14,533 - AUGCON - INFO - Epoch [5/50]-(0/22) Loss: 2.1818, Acc(1): 25.00, Acc(5): 50.00
2023-06-19 16:35:14,533 - AUGCON - INFO - Epoch [5/50]-(5/22) Loss: 2.4415, Acc(1): 0.00, Acc(5): 25.00
2023-06-19 16:35:14,533 - AUGCON - INFO - Epoch [5/50]-(10/22) Loss: 2.3086, Acc(1): 0.00, Acc(5): 75.00
2023-06-19 16:35:14,533 - AUGCON - INFO - Epoch [5/50]-(15/22) Loss: 2.3874, Acc(1): 25.00, Acc(5): 25.00
2023-06-19 16:35:14,533 - AUGCON - INFO - Epoch [5/50]-(20/22) Loss: 2.2948, Acc(1): 0.00, Acc(5): 50.00
2023-06-19 16:35:14,533 - AUGCON - INFO - 	Validation Loss: 2.2153, Acc(1): 9.00, Acc(5): 52.00, F1: 0.02, Recall: 0.02, Precision: 0.02
2023-06-19 16:35:14,533 - AUGCON - INFO - Epoch [6/50]-(0/22) Loss: 2.1584, Acc(1): 0.00, Acc(5): 75.00
2023-06-19 16:35:14,533 - AUGCON - INFO - Epoch [6/50]-(5/22) Loss: 2.4276, Acc(1): 0.00, Acc(5): 0.00
2023-06-19 16:35:14,533 - AUGCON - INFO - Epoch [6/50]-(10/22) Loss: 2.3683, Acc(1): 0.00, Acc(5): 50.00
2023-06-19 16:35:14,533 - AUGCON - INFO - Epoch [6/50]-(15/22) Loss: 2.3048, Acc(1): 0.00, Acc(5): 25.00
2023-06-19 16:35:14,533 - AUGCON - INFO - Epoch [6/50]-(20/22) Loss: 2.5300, Acc(1): 0.00, Acc(5): 0.00
2023-06-19 16:35:14,533 - AUGCON - INFO - 	Validation Loss: 2.2142, Acc(1): 9.00, Acc(5): 54.00, F1: 0.02, Recall: 0.02, Precision: 0.01
2023-06-19 16:35:14,533 - AUGCON - INFO - Epoch [7/50]-(0/22) Loss: 2.2069, Acc(1): 0.00, Acc(5): 50.00
2023-06-19 16:35:14,533 - AUGCON - INFO - Epoch [7/50]-(5/22) Loss: 2.3535, Acc(1): 0.00, Acc(5): 50.00
2023-06-19 16:35:14,533 - AUGCON - INFO - Epoch [7/50]-(10/22) Loss: 2.1474, Acc(1): 25.00, Acc(5): 50.00
2023-06-19 16:35:14,534 - AUGCON - INFO - Epoch [7/50]-(15/22) Loss: 2.2808, Acc(1): 0.00, Acc(5): 50.00
2023-06-19 16:35:14,534 - AUGCON - INFO - Epoch [7/50]-(20/22) Loss: 2.3407, Acc(1): 0.00, Acc(5): 25.00
2023-06-19 16:35:14,534 - AUGCON - INFO - 	Validation Loss: 2.1870, Acc(1): 14.00, Acc(5): 62.00, F1: 0.05, Recall: 0.04, Precision: 0.07
2023-06-19 16:35:14,534 - AUGCON - INFO - Epoch [8/50]-(0/22) Loss: 2.3084, Acc(1): 0.00, Acc(5): 25.00
2023-06-19 16:35:14,534 - AUGCON - INFO - Epoch [8/50]-(5/22) Loss: 2.2418, Acc(1): 0.00, Acc(5): 50.00
2023-06-19 16:35:14,534 - AUGCON - INFO - Epoch [8/50]-(10/22) Loss: 2.6548, Acc(1): 0.00, Acc(5): 0.00
2023-06-19 16:35:14,534 - AUGCON - INFO - Epoch [8/50]-(15/22) Loss: 2.1743, Acc(1): 25.00, Acc(5): 50.00
2023-06-19 16:35:14,534 - AUGCON - INFO - Epoch [8/50]-(20/22) Loss: 2.5523, Acc(1): 0.00, Acc(5): 0.00
2023-06-19 16:35:14,534 - AUGCON - INFO - 	Validation Loss: 2.1469, Acc(1): 25.00, Acc(5): 68.00, F1: 0.07, Recall: 0.07, Precision: 0.07
2023-06-19 16:35:14,534 - AUGCON - INFO - Epoch [9/50]-(0/22) Loss: 2.1891, Acc(1): 25.00, Acc(5): 25.00
2023-06-19 16:35:14,534 - AUGCON - INFO - Epoch [9/50]-(5/22) Loss: 2.1490, Acc(1): 25.00, Acc(5): 75.00
2023-06-19 16:35:14,534 - AUGCON - INFO - Epoch [9/50]-(10/22) Loss: 2.1106, Acc(1): 0.00, Acc(5): 75.00
2023-06-19 16:35:14,534 - AUGCON - INFO - Epoch [9/50]-(15/22) Loss: 2.3616, Acc(1): 0.00, Acc(5): 25.00
2023-06-19 16:35:14,534 - AUGCON - INFO - Epoch [9/50]-(20/22) Loss: 2.3036, Acc(1): 0.00, Acc(5): 25.00
2023-06-19 16:35:14,534 - AUGCON - INFO - 	Validation Loss: 2.1970, Acc(1): 10.00, Acc(5): 53.00, F1: 0.02, Recall: 0.03, Precision: 0.02
2023-06-19 16:35:14,534 - AUGCON - INFO - Epoch [10/50]-(0/22) Loss: 2.2107, Acc(1): 25.00, Acc(5): 50.00
2023-06-19 16:35:14,535 - AUGCON - INFO - Epoch [10/50]-(5/22) Loss: 2.1346, Acc(1): 25.00, Acc(5): 50.00
2023-06-19 16:35:14,535 - AUGCON - INFO - Epoch [10/50]-(10/22) Loss: 2.0999, Acc(1): 25.00, Acc(5): 100.00
2023-06-19 16:35:14,535 - AUGCON - INFO - Epoch [10/50]-(15/22) Loss: 2.2025, Acc(1): 0.00, Acc(5): 75.00
2023-06-19 16:35:14,535 - AUGCON - INFO - Epoch [10/50]-(20/22) Loss: 2.4030, Acc(1): 0.00, Acc(5): 50.00
2023-06-19 16:35:14,535 - AUGCON - INFO - 	Validation Loss: 2.1727, Acc(1): 10.00, Acc(5): 70.00, F1: 0.00, Recall: 0.00, Precision: 0.00
2023-06-19 16:35:14,535 - AUGCON - INFO - Epoch [11/50]-(0/22) Loss: 2.2976, Acc(1): 25.00, Acc(5): 25.00
2023-06-19 16:35:14,535 - AUGCON - INFO - Epoch [11/50]-(5/22) Loss: 2.5198, Acc(1): 0.00, Acc(5): 0.00
2023-06-19 16:35:14,535 - AUGCON - INFO - Epoch [11/50]-(10/22) Loss: 2.0900, Acc(1): 50.00, Acc(5): 50.00
2023-06-19 16:35:14,535 - AUGCON - INFO - Epoch [11/50]-(15/22) Loss: 2.4808, Acc(1): 0.00, Acc(5): 50.00
2023-06-19 16:35:14,535 - AUGCON - INFO - Epoch [11/50]-(20/22) Loss: 2.2649, Acc(1): 25.00, Acc(5): 50.00
2023-06-19 16:35:14,535 - AUGCON - INFO - 	Validation Loss: 2.1714, Acc(1): 18.00, Acc(5): 67.00, F1: 0.05, Recall: 0.05, Precision: 0.06
2023-06-19 16:35:14,535 - AUGCON - INFO - Epoch [12/50]-(0/22) Loss: 2.3043, Acc(1): 0.00, Acc(5): 25.00
2023-06-19 16:35:14,535 - AUGCON - INFO - Epoch [12/50]-(5/22) Loss: 2.1513, Acc(1): 0.00, Acc(5): 75.00
2023-06-19 16:35:14,535 - AUGCON - INFO - Epoch [12/50]-(10/22) Loss: 2.1298, Acc(1): 25.00, Acc(5): 75.00
2023-06-19 16:35:14,535 - AUGCON - INFO - Epoch [12/50]-(15/22) Loss: 2.2823, Acc(1): 0.00, Acc(5): 25.00
2023-06-19 16:35:14,535 - AUGCON - INFO - Epoch [12/50]-(20/22) Loss: 2.3833, Acc(1): 0.00, Acc(5): 25.00
2023-06-19 16:35:14,535 - AUGCON - INFO - 	Validation Loss: 2.1609, Acc(1): 12.00, Acc(5): 66.00, F1: 0.02, Recall: 0.03, Precision: 0.02
2023-06-19 16:35:14,536 - AUGCON - INFO - Epoch [13/50]-(0/22) Loss: 2.2070, Acc(1): 0.00, Acc(5): 50.00
2023-06-19 16:35:14,536 - AUGCON - INFO - Epoch [13/50]-(5/22) Loss: 2.2260, Acc(1): 0.00, Acc(5): 50.00
2023-06-19 16:35:14,536 - AUGCON - INFO - Epoch [13/50]-(10/22) Loss: 2.2724, Acc(1): 0.00, Acc(5): 50.00
2023-06-19 16:35:14,536 - AUGCON - INFO - Epoch [13/50]-(15/22) Loss: 2.4569, Acc(1): 25.00, Acc(5): 25.00
2023-06-19 16:35:14,536 - AUGCON - INFO - Epoch [13/50]-(20/22) Loss: 2.2208, Acc(1): 0.00, Acc(5): 50.00
2023-06-19 16:35:14,536 - AUGCON - INFO - 	Validation Loss: 2.2294, Acc(1): 9.00, Acc(5): 50.00, F1: 0.02, Recall: 0.02, Precision: 0.02
2023-06-19 16:35:14,536 - AUGCON - INFO - Epoch [14/50]-(0/22) Loss: 2.1749, Acc(1): 0.00, Acc(5): 50.00
2023-06-19 16:35:14,536 - AUGCON - INFO - Epoch [14/50]-(5/22) Loss: 2.0815, Acc(1): 25.00, Acc(5): 100.00
2023-06-19 16:35:14,536 - AUGCON - INFO - Epoch [14/50]-(10/22) Loss: 2.1252, Acc(1): 25.00, Acc(5): 100.00
2023-06-19 16:35:14,536 - AUGCON - INFO - Epoch [14/50]-(15/22) Loss: 2.4935, Acc(1): 0.00, Acc(5): 25.00
2023-06-19 16:35:14,536 - AUGCON - INFO - Epoch [14/50]-(20/22) Loss: 2.5190, Acc(1): 0.00, Acc(5): 25.00
2023-06-19 16:35:14,536 - AUGCON - INFO - 	Validation Loss: 2.1403, Acc(1): 23.00, Acc(5): 64.00, F1: 0.06, Recall: 0.06, Precision: 0.06
2023-06-19 16:35:14,536 - AUGCON - INFO - Epoch [15/50]-(0/22) Loss: 2.2760, Acc(1): 0.00, Acc(5): 25.00
2023-06-19 16:35:14,536 - AUGCON - INFO - Epoch [15/50]-(5/22) Loss: 2.4195, Acc(1): 0.00, Acc(5): 25.00
2023-06-19 16:35:14,536 - AUGCON - INFO - Epoch [15/50]-(10/22) Loss: 2.0203, Acc(1): 0.00, Acc(5): 75.00
2023-06-19 16:35:14,537 - AUGCON - INFO - Epoch [15/50]-(15/22) Loss: 2.4318, Acc(1): 0.00, Acc(5): 25.00
2023-06-19 16:35:14,537 - AUGCON - INFO - Epoch [15/50]-(20/22) Loss: 2.6881, Acc(1): 0.00, Acc(5): 0.00
2023-06-19 16:35:14,537 - AUGCON - INFO - 	Validation Loss: 2.2378, Acc(1): 9.00, Acc(5): 56.00, F1: 0.04, Recall: 0.02, Precision: 0.09
2023-06-19 16:35:14,537 - AUGCON - INFO - Epoch [16/50]-(0/22) Loss: 2.2221, Acc(1): 0.00, Acc(5): 50.00
2023-06-19 16:35:14,537 - AUGCON - INFO - Epoch [16/50]-(5/22) Loss: 2.3239, Acc(1): 25.00, Acc(5): 50.00
2023-06-19 16:35:14,537 - AUGCON - INFO - Epoch [16/50]-(10/22) Loss: 2.5829, Acc(1): 0.00, Acc(5): 0.00
2023-06-19 16:35:14,537 - AUGCON - INFO - Epoch [16/50]-(15/22) Loss: 2.4661, Acc(1): 0.00, Acc(5): 50.00
2023-06-19 16:35:14,537 - AUGCON - INFO - Epoch [16/50]-(20/22) Loss: 2.2764, Acc(1): 0.00, Acc(5): 25.00
2023-06-19 16:35:14,537 - AUGCON - INFO - 	Validation Loss: 2.1445, Acc(1): 22.00, Acc(5): 63.00, F1: 0.06, Recall: 0.06, Precision: 0.05
2023-06-19 16:35:14,537 - AUGCON - INFO - Epoch [17/50]-(0/22) Loss: 2.3193, Acc(1): 0.00, Acc(5): 0.00
2023-06-19 16:35:14,537 - AUGCON - INFO - Epoch [17/50]-(5/22) Loss: 2.2105, Acc(1): 0.00, Acc(5): 75.00
2023-06-19 16:35:14,537 - AUGCON - INFO - Epoch [17/50]-(10/22) Loss: 2.4850, Acc(1): 0.00, Acc(5): 25.00
2023-06-19 16:35:14,537 - AUGCON - INFO - Epoch [17/50]-(15/22) Loss: 2.2852, Acc(1): 25.00, Acc(5): 75.00
2023-06-19 16:35:14,537 - AUGCON - INFO - Epoch [17/50]-(20/22) Loss: 2.2397, Acc(1): 0.00, Acc(5): 50.00
2023-06-19 16:35:14,537 - AUGCON - INFO - 	Validation Loss: 2.1472, Acc(1): 14.00, Acc(5): 75.00, F1: 0.02, Recall: 0.01, Precision: 0.03
2023-06-19 16:35:14,537 - AUGCON - INFO - Epoch [18/50]-(0/22) Loss: 2.1539, Acc(1): 25.00, Acc(5): 50.00
2023-06-19 16:35:14,538 - AUGCON - INFO - Epoch [18/50]-(5/22) Loss: 2.1047, Acc(1): 25.00, Acc(5): 75.00
2023-06-19 16:35:14,538 - AUGCON - INFO - Epoch [18/50]-(10/22) Loss: 2.6346, Acc(1): 0.00, Acc(5): 0.00
2023-06-19 16:35:14,538 - AUGCON - INFO - Epoch [18/50]-(15/22) Loss: 2.2240, Acc(1): 0.00, Acc(5): 75.00
2023-06-19 16:35:14,538 - AUGCON - INFO - Epoch [18/50]-(20/22) Loss: 2.1036, Acc(1): 25.00, Acc(5): 75.00
2023-06-19 16:35:14,538 - AUGCON - INFO - 	Validation Loss: 2.1208, Acc(1): 30.00, Acc(5): 69.00, F1: 0.09, Recall: 0.08, Precision: 0.10
2023-06-19 16:35:14,538 - AUGCON - INFO - Epoch [19/50]-(0/22) Loss: 2.0744, Acc(1): 25.00, Acc(5): 100.00
2023-06-19 16:35:14,538 - AUGCON - INFO - Epoch [19/50]-(5/22) Loss: 2.5416, Acc(1): 0.00, Acc(5): 25.00
2023-06-19 16:35:14,538 - AUGCON - INFO - Epoch [19/50]-(10/22) Loss: 2.3927, Acc(1): 0.00, Acc(5): 50.00
2023-06-19 16:35:14,538 - AUGCON - INFO - Epoch [19/50]-(15/22) Loss: 2.3126, Acc(1): 0.00, Acc(5): 25.00
2023-06-19 16:35:14,538 - AUGCON - INFO - Epoch [19/50]-(20/22) Loss: 2.0622, Acc(1): 25.00, Acc(5): 75.00
2023-06-19 16:35:14,538 - AUGCON - INFO - 	Validation Loss: 2.1702, Acc(1): 10.00, Acc(5): 74.00, F1: 0.02, Recall: 0.03, Precision: 0.02
2023-06-19 16:35:14,538 - AUGCON - INFO - Epoch [20/50]-(0/22) Loss: 2.1809, Acc(1): 0.00, Acc(5): 100.00
2023-06-19 16:35:14,538 - AUGCON - INFO - Epoch [20/50]-(5/22) Loss: 1.9516, Acc(1): 50.00, Acc(5): 100.00
2023-06-19 16:35:14,538 - AUGCON - INFO - Epoch [20/50]-(10/22) Loss: 2.1373, Acc(1): 25.00, Acc(5): 75.00
2023-06-19 16:35:14,538 - AUGCON - INFO - Epoch [20/50]-(15/22) Loss: 2.3460, Acc(1): 25.00, Acc(5): 25.00
2023-06-19 16:35:14,538 - AUGCON - INFO - Epoch [20/50]-(20/22) Loss: 2.1507, Acc(1): 0.00, Acc(5): 75.00
2023-06-19 16:35:14,538 - AUGCON - INFO - 	Validation Loss: 2.1399, Acc(1): 10.00, Acc(5): 73.00, F1: 0.00, Recall: 0.00, Precision: 0.00
2023-06-19 16:35:14,539 - AUGCON - INFO - Epoch [21/50]-(0/22) Loss: 2.0157, Acc(1): 50.00, Acc(5): 100.00
2023-06-19 16:35:14,539 - AUGCON - INFO - Epoch [21/50]-(5/22) Loss: 2.2387, Acc(1): 25.00, Acc(5): 50.00
2023-06-19 16:35:14,539 - AUGCON - INFO - Epoch [21/50]-(10/22) Loss: 2.2699, Acc(1): 0.00, Acc(5): 50.00
2023-06-19 16:35:14,539 - AUGCON - INFO - Epoch [21/50]-(15/22) Loss: 2.1315, Acc(1): 25.00, Acc(5): 75.00
2023-06-19 16:35:14,539 - AUGCON - INFO - Epoch [21/50]-(20/22) Loss: 2.2882, Acc(1): 0.00, Acc(5): 25.00
2023-06-19 16:35:14,539 - AUGCON - INFO - 	Validation Loss: 2.2016, Acc(1): 13.00, Acc(5): 57.00, F1: 0.03, Recall: 0.03, Precision: 0.02
2023-06-19 16:35:14,539 - AUGCON - INFO - Epoch [22/50]-(0/22) Loss: 2.2328, Acc(1): 0.00, Acc(5): 100.00
2023-06-19 16:35:14,539 - AUGCON - INFO - Epoch [22/50]-(5/22) Loss: 2.2077, Acc(1): 0.00, Acc(5): 75.00
2023-06-19 16:35:14,539 - AUGCON - INFO - Epoch [22/50]-(10/22) Loss: 2.1697, Acc(1): 25.00, Acc(5): 75.00
2023-06-19 16:35:14,539 - AUGCON - INFO - Epoch [22/50]-(15/22) Loss: 2.2888, Acc(1): 0.00, Acc(5): 25.00
2023-06-19 16:35:14,539 - AUGCON - INFO - Epoch [22/50]-(20/22) Loss: 2.1499, Acc(1): 50.00, Acc(5): 75.00
2023-06-19 16:35:14,539 - AUGCON - INFO - 	Validation Loss: 2.1155, Acc(1): 33.00, Acc(5): 81.00, F1: 0.09, Recall: 0.08, Precision: 0.10
2023-06-19 16:35:14,539 - AUGCON - INFO - Epoch [23/50]-(0/22) Loss: 2.1264, Acc(1): 0.00, Acc(5): 75.00
2023-06-19 16:35:14,539 - AUGCON - INFO - Epoch [23/50]-(5/22) Loss: 2.0607, Acc(1): 25.00, Acc(5): 75.00
2023-06-19 16:35:14,539 - AUGCON - INFO - Epoch [23/50]-(10/22) Loss: 2.2590, Acc(1): 0.00, Acc(5): 50.00
2023-06-19 16:35:14,539 - AUGCON - INFO - Epoch [23/50]-(15/22) Loss: 2.4459, Acc(1): 0.00, Acc(5): 25.00
2023-06-19 16:35:14,539 - AUGCON - INFO - Epoch [23/50]-(20/22) Loss: 2.1786, Acc(1): 0.00, Acc(5): 50.00
2023-06-19 16:35:14,540 - AUGCON - INFO - 	Validation Loss: 2.1644, Acc(1): 11.00, Acc(5): 72.00, F1: 0.02, Recall: 0.03, Precision: 0.02
2023-06-19 16:35:14,540 - AUGCON - INFO - Epoch [24/50]-(0/22) Loss: 2.2497, Acc(1): 0.00, Acc(5): 50.00
2023-06-19 16:35:14,540 - AUGCON - INFO - Epoch [24/50]-(5/22) Loss: 2.1785, Acc(1): 0.00, Acc(5): 75.00
2023-06-19 16:35:14,540 - AUGCON - INFO - Epoch [24/50]-(10/22) Loss: 2.2308, Acc(1): 0.00, Acc(5): 50.00
2023-06-19 16:35:14,540 - AUGCON - INFO - Epoch [24/50]-(15/22) Loss: 2.2663, Acc(1): 0.00, Acc(5): 50.00
2023-06-19 16:35:14,540 - AUGCON - INFO - Epoch [24/50]-(20/22) Loss: 2.1148, Acc(1): 50.00, Acc(5): 75.00
2023-06-19 16:35:14,540 - AUGCON - INFO - 	Validation Loss: 2.1240, Acc(1): 22.00, Acc(5): 73.00, F1: 0.04, Recall: 0.05, Precision: 0.04
2023-06-19 16:35:14,540 - AUGCON - INFO - Epoch [25/50]-(0/22) Loss: 2.0547, Acc(1): 50.00, Acc(5): 75.00
2023-06-19 16:35:14,540 - AUGCON - INFO - Epoch [25/50]-(5/22) Loss: 2.0380, Acc(1): 25.00, Acc(5): 75.00
2023-06-19 16:35:14,540 - AUGCON - INFO - Epoch [25/50]-(10/22) Loss: 2.1166, Acc(1): 0.00, Acc(5): 100.00
2023-06-19 16:35:14,540 - AUGCON - INFO - Epoch [25/50]-(15/22) Loss: 2.2305, Acc(1): 50.00, Acc(5): 50.00
2023-06-19 16:35:14,540 - AUGCON - INFO - Epoch [25/50]-(20/22) Loss: 2.1636, Acc(1): 0.00, Acc(5): 75.00
2023-06-19 16:35:14,540 - AUGCON - INFO - 	Validation Loss: 2.1399, Acc(1): 10.00, Acc(5): 76.00, F1: 0.02, Recall: 0.03, Precision: 0.02
2023-06-19 16:35:14,540 - AUGCON - INFO - Epoch [26/50]-(0/22) Loss: 2.1223, Acc(1): 0.00, Acc(5): 100.00
2023-06-19 16:35:14,540 - AUGCON - INFO - Epoch [26/50]-(5/22) Loss: 2.2128, Acc(1): 0.00, Acc(5): 75.00
2023-06-19 16:35:14,541 - AUGCON - INFO - Epoch [26/50]-(10/22) Loss: 2.4641, Acc(1): 0.00, Acc(5): 25.00
2023-06-19 16:35:14,541 - AUGCON - INFO - Epoch [26/50]-(15/22) Loss: 2.1391, Acc(1): 50.00, Acc(5): 75.00
2023-06-19 16:35:14,541 - AUGCON - INFO - Epoch [26/50]-(20/22) Loss: 2.3063, Acc(1): 0.00, Acc(5): 25.00
2023-06-19 16:35:14,541 - AUGCON - INFO - 	Validation Loss: 2.0969, Acc(1): 30.00, Acc(5): 72.00, F1: 0.07, Recall: 0.06, Precision: 0.08
2023-06-19 16:35:14,541 - AUGCON - INFO - Epoch [27/50]-(0/22) Loss: 2.1574, Acc(1): 25.00, Acc(5): 50.00
2023-06-19 16:35:14,541 - AUGCON - INFO - Epoch [27/50]-(5/22) Loss: 2.3115, Acc(1): 0.00, Acc(5): 25.00
2023-06-19 16:35:14,541 - AUGCON - INFO - Epoch [27/50]-(10/22) Loss: 2.2712, Acc(1): 0.00, Acc(5): 50.00
2023-06-19 16:35:14,541 - AUGCON - INFO - Epoch [27/50]-(15/22) Loss: 2.4022, Acc(1): 0.00, Acc(5): 50.00
2023-06-19 16:35:14,541 - AUGCON - INFO - Epoch [27/50]-(20/22) Loss: 2.1249, Acc(1): 25.00, Acc(5): 75.00
2023-06-19 16:35:14,541 - AUGCON - INFO - 	Validation Loss: 2.1228, Acc(1): 21.00, Acc(5): 86.00, F1: 0.04, Recall: 0.05, Precision: 0.03
2023-06-19 16:35:14,541 - AUGCON - INFO - Epoch [28/50]-(0/22) Loss: 2.0419, Acc(1): 25.00, Acc(5): 100.00
2023-06-19 16:35:14,541 - AUGCON - INFO - Epoch [28/50]-(5/22) Loss: 2.0921, Acc(1): 0.00, Acc(5): 75.00
2023-06-19 16:35:14,541 - AUGCON - INFO - Epoch [28/50]-(10/22) Loss: 2.0899, Acc(1): 0.00, Acc(5): 100.00
2023-06-19 16:35:14,541 - AUGCON - INFO - Epoch [28/50]-(15/22) Loss: 2.1038, Acc(1): 25.00, Acc(5): 75.00
2023-06-19 16:35:14,541 - AUGCON - INFO - Epoch [28/50]-(20/22) Loss: 2.2265, Acc(1): 0.00, Acc(5): 50.00
2023-06-19 16:35:14,541 - AUGCON - INFO - 	Validation Loss: 2.1214, Acc(1): 27.00, Acc(5): 84.00, F1: 0.07, Recall: 0.07, Precision: 0.08
2023-06-19 16:35:14,541 - AUGCON - INFO - Epoch [29/50]-(0/22) Loss: 2.0417, Acc(1): 75.00, Acc(5): 100.00
2023-06-19 16:35:14,542 - AUGCON - INFO - Epoch [29/50]-(5/22) Loss: 2.2805, Acc(1): 0.00, Acc(5): 50.00
2023-06-19 16:35:14,542 - AUGCON - INFO - Epoch [29/50]-(10/22) Loss: 2.2232, Acc(1): 0.00, Acc(5): 50.00
2023-06-19 16:35:14,542 - AUGCON - INFO - Epoch [29/50]-(15/22) Loss: 2.4502, Acc(1): 0.00, Acc(5): 0.00
2023-06-19 16:35:14,542 - AUGCON - INFO - Epoch [29/50]-(20/22) Loss: 2.0935, Acc(1): 25.00, Acc(5): 75.00
2023-06-19 16:35:14,542 - AUGCON - INFO - 	Validation Loss: 2.0955, Acc(1): 34.00, Acc(5): 81.00, F1: 0.09, Recall: 0.09, Precision: 0.08
2023-06-19 16:35:14,542 - AUGCON - INFO - Epoch [30/50]-(0/22) Loss: 2.0483, Acc(1): 25.00, Acc(5): 100.00
2023-06-19 16:35:14,542 - AUGCON - INFO - Epoch [30/50]-(5/22) Loss: 2.3007, Acc(1): 25.00, Acc(5): 75.00
2023-06-19 16:35:14,542 - AUGCON - INFO - Epoch [30/50]-(10/22) Loss: 2.1269, Acc(1): 0.00, Acc(5): 100.00
2023-06-19 16:35:14,542 - AUGCON - INFO - Epoch [30/50]-(15/22) Loss: 2.1966, Acc(1): 0.00, Acc(5): 75.00
2023-06-19 16:35:14,542 - AUGCON - INFO - Epoch [30/50]-(20/22) Loss: 2.2528, Acc(1): 25.00, Acc(5): 25.00
2023-06-19 16:35:14,542 - AUGCON - INFO - 	Validation Loss: 2.1441, Acc(1): 19.00, Acc(5): 69.00, F1: 0.04, Recall: 0.02, Precision: 0.13
2023-06-19 16:35:14,542 - AUGCON - INFO - Epoch [31/50]-(0/22) Loss: 2.1485, Acc(1): 0.00, Acc(5): 75.00
2023-06-19 16:35:14,542 - AUGCON - INFO - Epoch [31/50]-(5/22) Loss: 1.9848, Acc(1): 25.00, Acc(5): 100.00
2023-06-19 16:35:14,542 - AUGCON - INFO - Epoch [31/50]-(10/22) Loss: 2.1947, Acc(1): 0.00, Acc(5): 75.00
2023-06-19 16:35:14,542 - AUGCON - INFO - Epoch [31/50]-(15/22) Loss: 2.2366, Acc(1): 0.00, Acc(5): 25.00
2023-06-19 16:35:14,542 - AUGCON - INFO - Epoch [31/50]-(20/22) Loss: 2.4088, Acc(1): 0.00, Acc(5): 0.00
2023-06-19 16:35:14,543 - AUGCON - INFO - 	Validation Loss: 2.1473, Acc(1): 16.00, Acc(5): 70.00, F1: 0.04, Recall: 0.04, Precision: 0.03
2023-06-19 16:35:14,543 - AUGCON - INFO - Epoch [32/50]-(0/22) Loss: 1.9714, Acc(1): 50.00, Acc(5): 100.00
2023-06-19 16:35:14,543 - AUGCON - INFO - Epoch [32/50]-(5/22) Loss: 2.2259, Acc(1): 0.00, Acc(5): 50.00
2023-06-19 16:35:14,543 - AUGCON - INFO - Epoch [32/50]-(10/22) Loss: 2.3029, Acc(1): 0.00, Acc(5): 25.00
2023-06-19 16:35:14,543 - AUGCON - INFO - Epoch [32/50]-(15/22) Loss: 2.3340, Acc(1): 0.00, Acc(5): 50.00
2023-06-19 16:35:14,543 - AUGCON - INFO - Epoch [32/50]-(20/22) Loss: 2.2714, Acc(1): 0.00, Acc(5): 25.00
2023-06-19 16:35:14,543 - AUGCON - INFO - 	Validation Loss: 2.1361, Acc(1): 21.00, Acc(5): 63.00, F1: 0.04, Recall: 0.05, Precision: 0.04
2023-06-19 16:35:14,543 - AUGCON - INFO - Epoch [33/50]-(0/22) Loss: 2.1119, Acc(1): 25.00, Acc(5): 50.00
2023-06-19 16:35:14,543 - AUGCON - INFO - Epoch [33/50]-(5/22) Loss: 2.0929, Acc(1): 25.00, Acc(5): 100.00
2023-06-19 16:35:14,543 - AUGCON - INFO - Epoch [33/50]-(10/22) Loss: 2.0963, Acc(1): 0.00, Acc(5): 75.00
2023-06-19 16:35:14,543 - AUGCON - INFO - Epoch [33/50]-(15/22) Loss: 2.2694, Acc(1): 25.00, Acc(5): 50.00
2023-06-19 16:35:14,543 - AUGCON - INFO - Epoch [33/50]-(20/22) Loss: 2.1827, Acc(1): 0.00, Acc(5): 75.00
2023-06-19 16:35:14,543 - AUGCON - INFO - 	Validation Loss: 2.1003, Acc(1): 27.00, Acc(5): 81.00, F1: 0.07, Recall: 0.07, Precision: 0.06
2023-06-19 16:35:14,543 - AUGCON - INFO - Epoch [34/50]-(0/22) Loss: 2.2070, Acc(1): 0.00, Acc(5): 50.00
2023-06-19 16:35:14,543 - AUGCON - INFO - Epoch [34/50]-(5/22) Loss: 2.3679, Acc(1): 0.00, Acc(5): 25.00
2023-06-19 16:35:14,543 - AUGCON - INFO - Epoch [34/50]-(10/22) Loss: 2.4807, Acc(1): 0.00, Acc(5): 50.00
2023-06-19 16:35:14,543 - AUGCON - INFO - Epoch [34/50]-(15/22) Loss: 2.2654, Acc(1): 0.00, Acc(5): 75.00
2023-06-19 16:35:14,544 - AUGCON - INFO - Epoch [34/50]-(20/22) Loss: 2.2316, Acc(1): 0.00, Acc(5): 50.00
2023-06-19 16:35:14,544 - AUGCON - INFO - 	Validation Loss: 2.0753, Acc(1): 34.00, Acc(5): 77.00, F1: 0.09, Recall: 0.08, Precision: 0.11
2023-06-19 16:35:14,544 - AUGCON - INFO - Epoch [35/50]-(0/22) Loss: 2.1789, Acc(1): 0.00, Acc(5): 75.00
2023-06-19 16:35:14,544 - AUGCON - INFO - Epoch [35/50]-(5/22) Loss: 2.2391, Acc(1): 25.00, Acc(5): 25.00
2023-06-19 16:35:14,544 - AUGCON - INFO - Epoch [35/50]-(10/22) Loss: 2.2466, Acc(1): 0.00, Acc(5): 50.00
2023-06-19 16:35:14,544 - AUGCON - INFO - Epoch [35/50]-(15/22) Loss: 2.2365, Acc(1): 0.00, Acc(5): 50.00
2023-06-19 16:35:14,544 - AUGCON - INFO - Epoch [35/50]-(20/22) Loss: 2.3265, Acc(1): 0.00, Acc(5): 25.00
2023-06-19 16:35:14,544 - AUGCON - INFO - 	Validation Loss: 2.1055, Acc(1): 27.00, Acc(5): 64.00, F1: 0.06, Recall: 0.07, Precision: 0.05
2023-06-19 16:35:14,544 - AUGCON - INFO - Epoch [36/50]-(0/22) Loss: 2.2502, Acc(1): 0.00, Acc(5): 50.00
2023-06-19 16:35:14,544 - AUGCON - INFO - Epoch [36/50]-(5/22) Loss: 2.3525, Acc(1): 0.00, Acc(5): 50.00
2023-06-19 16:35:14,544 - AUGCON - INFO - Epoch [36/50]-(10/22) Loss: 2.1958, Acc(1): 0.00, Acc(5): 50.00
2023-06-19 16:35:14,544 - AUGCON - INFO - Epoch [36/50]-(15/22) Loss: 2.2020, Acc(1): 0.00, Acc(5): 75.00
2023-06-19 16:35:14,544 - AUGCON - INFO - Epoch [36/50]-(20/22) Loss: 2.1890, Acc(1): 0.00, Acc(5): 75.00
2023-06-19 16:35:14,544 - AUGCON - INFO - 	Validation Loss: 2.0954, Acc(1): 31.00, Acc(5): 73.00, F1: 0.08, Recall: 0.08, Precision: 0.09
2023-06-19 16:35:14,544 - AUGCON - INFO - Epoch [37/50]-(0/22) Loss: 2.1365, Acc(1): 25.00, Acc(5): 75.00
2023-06-19 16:35:14,545 - AUGCON - INFO - Epoch [37/50]-(5/22) Loss: 2.0957, Acc(1): 25.00, Acc(5): 75.00
2023-06-19 16:35:14,545 - AUGCON - INFO - Epoch [37/50]-(10/22) Loss: 2.2471, Acc(1): 0.00, Acc(5): 50.00
2023-06-19 16:35:14,545 - AUGCON - INFO - Epoch [37/50]-(15/22) Loss: 2.0473, Acc(1): 25.00, Acc(5): 75.00
2023-06-19 16:35:14,545 - AUGCON - INFO - Epoch [37/50]-(20/22) Loss: 2.1520, Acc(1): 25.00, Acc(5): 75.00
2023-06-19 16:35:14,545 - AUGCON - INFO - 	Validation Loss: 2.0939, Acc(1): 30.00, Acc(5): 75.00, F1: 0.08, Recall: 0.08, Precision: 0.08
2023-06-19 16:35:14,545 - AUGCON - INFO - Epoch [38/50]-(0/22) Loss: 2.1222, Acc(1): 0.00, Acc(5): 75.00
2023-06-19 16:35:14,545 - AUGCON - INFO - Epoch [38/50]-(5/22) Loss: 2.2383, Acc(1): 25.00, Acc(5): 50.00
2023-06-19 16:35:14,545 - AUGCON - INFO - Epoch [38/50]-(10/22) Loss: 2.2825, Acc(1): 25.00, Acc(5): 50.00
2023-06-19 16:35:14,545 - AUGCON - INFO - Epoch [38/50]-(15/22) Loss: 2.2464, Acc(1): 0.00, Acc(5): 75.00
2023-06-19 16:35:14,545 - AUGCON - INFO - Epoch [38/50]-(20/22) Loss: 2.2096, Acc(1): 0.00, Acc(5): 50.00
2023-06-19 16:35:14,545 - AUGCON - INFO - 	Validation Loss: 2.0847, Acc(1): 36.00, Acc(5): 83.00, F1: 0.09, Recall: 0.08, Precision: 0.11
2023-06-19 16:35:14,545 - AUGCON - INFO - Epoch [39/50]-(0/22) Loss: 2.1229, Acc(1): 25.00, Acc(5): 75.00
2023-06-19 16:35:14,545 - AUGCON - INFO - Epoch [39/50]-(5/22) Loss: 2.0540, Acc(1): 25.00, Acc(5): 75.00
2023-06-19 16:35:14,545 - AUGCON - INFO - Epoch [39/50]-(10/22) Loss: 1.9956, Acc(1): 50.00, Acc(5): 75.00
2023-06-19 16:35:14,545 - AUGCON - INFO - Epoch [39/50]-(15/22) Loss: 2.1243, Acc(1): 0.00, Acc(5): 75.00
2023-06-19 16:35:14,545 - AUGCON - INFO - Epoch [39/50]-(20/22) Loss: 2.2486, Acc(1): 25.00, Acc(5): 50.00
2023-06-19 16:35:14,545 - AUGCON - INFO - 	Validation Loss: 2.0928, Acc(1): 36.00, Acc(5): 70.00, F1: 0.09, Recall: 0.08, Precision: 0.12
2023-06-19 16:35:14,546 - AUGCON - INFO - Epoch [40/50]-(0/22) Loss: 2.4117, Acc(1): 0.00, Acc(5): 50.00
2023-06-19 16:35:14,546 - AUGCON - INFO - Epoch [40/50]-(5/22) Loss: 2.0791, Acc(1): 25.00, Acc(5): 100.00
2023-06-19 16:35:14,546 - AUGCON - INFO - Epoch [40/50]-(10/22) Loss: 2.0581, Acc(1): 25.00, Acc(5): 75.00
2023-06-19 16:35:14,546 - AUGCON - INFO - Epoch [40/50]-(15/22) Loss: 1.9524, Acc(1): 25.00, Acc(5): 100.00
2023-06-19 16:35:14,546 - AUGCON - INFO - Epoch [40/50]-(20/22) Loss: 2.3156, Acc(1): 0.00, Acc(5): 25.00
2023-06-19 16:35:14,546 - AUGCON - INFO - 	Validation Loss: 2.1459, Acc(1): 13.00, Acc(5): 68.00, F1: 0.03, Recall: 0.03, Precision: 0.03
2023-06-19 16:35:14,546 - AUGCON - INFO - Epoch [41/50]-(0/22) Loss: 2.2908, Acc(1): 0.00, Acc(5): 50.00
2023-06-19 16:35:14,546 - AUGCON - INFO - Epoch [41/50]-(5/22) Loss: 2.2329, Acc(1): 25.00, Acc(5): 25.00
2023-06-19 16:35:14,546 - AUGCON - INFO - Epoch [41/50]-(10/22) Loss: 2.1155, Acc(1): 25.00, Acc(5): 75.00
2023-06-19 16:35:14,546 - AUGCON - INFO - Epoch [41/50]-(15/22) Loss: 2.0264, Acc(1): 50.00, Acc(5): 50.00
2023-06-19 16:35:14,546 - AUGCON - INFO - Epoch [41/50]-(20/22) Loss: 2.3263, Acc(1): 0.00, Acc(5): 25.00
2023-06-19 16:35:14,546 - AUGCON - INFO - 	Validation Loss: 2.0676, Acc(1): 29.00, Acc(5): 82.00, F1: 0.07, Recall: 0.08, Precision: 0.07
2023-06-19 16:35:14,546 - AUGCON - INFO - Epoch [42/50]-(0/22) Loss: 2.0518, Acc(1): 0.00, Acc(5): 100.00
2023-06-19 16:35:14,546 - AUGCON - INFO - Epoch [42/50]-(5/22) Loss: 1.8861, Acc(1): 50.00, Acc(5): 100.00
2023-06-19 16:35:14,546 - AUGCON - INFO - Epoch [42/50]-(10/22) Loss: 2.2752, Acc(1): 0.00, Acc(5): 75.00
2023-06-19 16:35:14,546 - AUGCON - INFO - Epoch [42/50]-(15/22) Loss: 2.1268, Acc(1): 25.00, Acc(5): 50.00
2023-06-19 16:35:14,546 - AUGCON - INFO - Epoch [42/50]-(20/22) Loss: 2.1972, Acc(1): 0.00, Acc(5): 50.00
2023-06-19 16:35:14,547 - AUGCON - INFO - 	Validation Loss: 2.0776, Acc(1): 33.00, Acc(5): 70.00, F1: 0.09, Recall: 0.06, Precision: 0.19
2023-06-19 16:35:14,547 - AUGCON - INFO - Epoch [43/50]-(0/22) Loss: 2.0306, Acc(1): 50.00, Acc(5): 75.00
2023-06-19 16:35:14,547 - AUGCON - INFO - Epoch [43/50]-(5/22) Loss: 2.1493, Acc(1): 25.00, Acc(5): 75.00
2023-06-19 16:35:14,547 - AUGCON - INFO - Epoch [43/50]-(10/22) Loss: 2.0945, Acc(1): 25.00, Acc(5): 75.00
2023-06-19 16:35:14,547 - AUGCON - INFO - Epoch [43/50]-(15/22) Loss: 1.9979, Acc(1): 50.00, Acc(5): 75.00
2023-06-19 16:35:14,547 - AUGCON - INFO - Epoch [43/50]-(20/22) Loss: 2.2341, Acc(1): 0.00, Acc(5): 50.00
2023-06-19 16:35:14,547 - AUGCON - INFO - 	Validation Loss: 2.1240, Acc(1): 19.00, Acc(5): 73.00, F1: 0.05, Recall: 0.05, Precision: 0.04
2023-06-19 16:35:14,547 - AUGCON - INFO - Epoch [44/50]-(0/22) Loss: 2.0477, Acc(1): 25.00, Acc(5): 100.00
2023-06-19 16:35:14,547 - AUGCON - INFO - Epoch [44/50]-(5/22) Loss: 2.2794, Acc(1): 0.00, Acc(5): 25.00
2023-06-19 16:35:14,547 - AUGCON - INFO - Epoch [44/50]-(10/22) Loss: 2.2808, Acc(1): 25.00, Acc(5): 50.00
2023-06-19 16:35:14,547 - AUGCON - INFO - Epoch [44/50]-(15/22) Loss: 2.0890, Acc(1): 25.00, Acc(5): 75.00
2023-06-19 16:35:14,547 - AUGCON - INFO - Epoch [44/50]-(20/22) Loss: 2.2845, Acc(1): 25.00, Acc(5): 50.00
2023-06-19 16:35:14,547 - AUGCON - INFO - 	Validation Loss: 2.0796, Acc(1): 25.00, Acc(5): 83.00, F1: 0.04, Recall: 0.05, Precision: 0.04
2023-06-19 16:35:14,547 - AUGCON - INFO - Epoch [45/50]-(0/22) Loss: 2.0025, Acc(1): 50.00, Acc(5): 100.00
2023-06-19 16:35:14,547 - AUGCON - INFO - Epoch [45/50]-(5/22) Loss: 2.1678, Acc(1): 0.00, Acc(5): 75.00
2023-06-19 16:35:14,547 - AUGCON - INFO - Epoch [45/50]-(10/22) Loss: 2.0816, Acc(1): 25.00, Acc(5): 75.00
2023-06-19 16:35:14,548 - AUGCON - INFO - Epoch [45/50]-(15/22) Loss: 2.2672, Acc(1): 25.00, Acc(5): 50.00
2023-06-19 16:35:14,548 - AUGCON - INFO - Epoch [45/50]-(20/22) Loss: 2.0787, Acc(1): 25.00, Acc(5): 75.00
2023-06-19 16:35:14,548 - AUGCON - INFO - 	Validation Loss: 2.1288, Acc(1): 21.00, Acc(5): 62.00, F1: 0.05, Recall: 0.05, Precision: 0.05
2023-06-19 16:35:14,548 - AUGCON - INFO - Epoch [46/50]-(0/22) Loss: 2.1786, Acc(1): 25.00, Acc(5): 50.00
2023-06-19 16:35:14,548 - AUGCON - INFO - Epoch [46/50]-(5/22) Loss: 2.1876, Acc(1): 25.00, Acc(5): 75.00
2023-06-19 16:35:14,548 - AUGCON - INFO - Epoch [46/50]-(10/22) Loss: 1.8545, Acc(1): 25.00, Acc(5): 100.00
2023-06-19 16:35:14,548 - AUGCON - INFO - Epoch [46/50]-(15/22) Loss: 2.1804, Acc(1): 0.00, Acc(5): 75.00
2023-06-19 16:35:14,548 - AUGCON - INFO - Epoch [46/50]-(20/22) Loss: 2.3187, Acc(1): 0.00, Acc(5): 25.00
2023-06-19 16:35:14,548 - AUGCON - INFO - 	Validation Loss: 2.0667, Acc(1): 30.00, Acc(5): 75.00, F1: 0.09, Recall: 0.08, Precision: 0.10
2023-06-19 16:35:14,548 - AUGCON - INFO - Epoch [47/50]-(0/22) Loss: 2.1070, Acc(1): 25.00, Acc(5): 75.00
2023-06-19 16:35:14,548 - AUGCON - INFO - Epoch [47/50]-(5/22) Loss: 2.1191, Acc(1): 0.00, Acc(5): 100.00
2023-06-19 16:35:14,548 - AUGCON - INFO - Epoch [47/50]-(10/22) Loss: 2.1802, Acc(1): 0.00, Acc(5): 100.00
2023-06-19 16:35:14,548 - AUGCON - INFO - Epoch [47/50]-(15/22) Loss: 2.1559, Acc(1): 0.00, Acc(5): 50.00
2023-06-19 16:35:14,548 - AUGCON - INFO - Epoch [47/50]-(20/22) Loss: 2.1600, Acc(1): 0.00, Acc(5): 50.00
2023-06-19 16:35:14,548 - AUGCON - INFO - 	Validation Loss: 2.1286, Acc(1): 25.00, Acc(5): 73.00, F1: 0.05, Recall: 0.06, Precision: 0.05
2023-06-19 16:35:14,548 - AUGCON - INFO - Epoch [48/50]-(0/22) Loss: 2.0359, Acc(1): 0.00, Acc(5): 100.00
2023-06-19 16:35:14,548 - AUGCON - INFO - Epoch [48/50]-(5/22) Loss: 2.1856, Acc(1): 25.00, Acc(5): 75.00
2023-06-19 16:35:14,549 - AUGCON - INFO - Epoch [48/50]-(10/22) Loss: 2.3233, Acc(1): 0.00, Acc(5): 50.00
2023-06-19 16:35:14,549 - AUGCON - INFO - Epoch [48/50]-(15/22) Loss: 2.0599, Acc(1): 25.00, Acc(5): 75.00
2023-06-19 16:35:14,549 - AUGCON - INFO - Epoch [48/50]-(20/22) Loss: 2.2570, Acc(1): 0.00, Acc(5): 50.00
2023-06-19 16:35:14,549 - AUGCON - INFO - 	Validation Loss: 2.0163, Acc(1): 25.00, Acc(5): 83.00, F1: 0.06, Recall: 0.07, Precision: 0.06
2023-06-19 16:35:14,549 - AUGCON - INFO - Epoch [49/50]-(0/22) Loss: 2.1323, Acc(1): 25.00, Acc(5): 50.00
2023-06-19 16:35:14,549 - AUGCON - INFO - Epoch [49/50]-(5/22) Loss: 2.0898, Acc(1): 0.00, Acc(5): 75.00
2023-06-19 16:35:14,549 - AUGCON - INFO - Epoch [49/50]-(10/22) Loss: 2.3336, Acc(1): 0.00, Acc(5): 25.00
2023-06-19 16:35:14,549 - AUGCON - INFO - Epoch [49/50]-(15/22) Loss: 2.0849, Acc(1): 25.00, Acc(5): 50.00
2023-06-19 16:35:14,549 - AUGCON - INFO - Epoch [49/50]-(20/22) Loss: 2.3436, Acc(1): 0.00, Acc(5): 25.00
2023-06-19 16:35:14,549 - AUGCON - INFO - 	Validation Loss: 2.0622, Acc(1): 30.00, Acc(5): 83.00, F1: 0.09, Recall: 0.05, Precision: 0.22
2023-06-19 16:35:14,549 - AUGCON - INFO - Epoch [50/50]-(0/22) Loss: 2.2095, Acc(1): 25.00, Acc(5): 50.00
2023-06-19 16:35:14,549 - AUGCON - INFO - Epoch [50/50]-(5/22) Loss: 2.0953, Acc(1): 0.00, Acc(5): 75.00
2023-06-19 16:35:14,549 - AUGCON - INFO - Epoch [50/50]-(10/22) Loss: 2.1186, Acc(1): 0.00, Acc(5): 100.00
2023-06-19 16:35:14,549 - AUGCON - INFO - Epoch [50/50]-(15/22) Loss: 1.9888, Acc(1): 25.00, Acc(5): 100.00
2023-06-19 16:35:14,549 - AUGCON - INFO - Epoch [50/50]-(20/22) Loss: 2.0237, Acc(1): 50.00, Acc(5): 75.00
2023-06-19 16:35:14,550 - AUGCON - INFO - 	Validation Loss: 2.1021, Acc(1): 18.00, Acc(5): 80.00, F1: 0.04, Recall: 0.05, Precision: 0.03
2023-06-19 16:35:14,550 - AUGCON - INFO - 	Validation Loss: 2.0549, Acc(1): 22.67, Acc(5): 86.67, F1: 0.05, Recall: 0.06, Precision: 0.04
