2023-06-19 16:32:11,746 - AUGCON - INFO - logger initialized (/home/hjyoon/projects/augcon/config/exp0/finetune_da_false/without_target_domain_WA0003-hskim/metacpc_random_8421/tgt_target_domain_PH0012-thanh_seed0.yaml.log)
2023-06-19 16:32:11,747 - AUGCON - INFO - ================= Config =================
2023-06-19 16:32:11,748 - AUGCON - INFO -   mode: finetune
2023-06-19 16:32:11,748 - AUGCON - INFO -   seed: 0
2023-06-19 16:32:11,748 - AUGCON - INFO -   gpu: [0]
2023-06-19 16:32:11,748 - AUGCON - INFO -   num_workers: 1
2023-06-19 16:32:11,748 - AUGCON - INFO -   dist_url: tcp://localhost:10001
2023-06-19 16:32:11,748 - AUGCON - INFO -   dataset_name: ichar
2023-06-19 16:32:11,748 - AUGCON - INFO -   train_dataset_path: /mnt/sting/hjyoon/projects/cross/ICHAR/augcon/target_domain_PH0012-thanh/finetune/10shot/target/train.pkl
2023-06-19 16:32:11,748 - AUGCON - INFO -   test_dataset_path: /mnt/sting/hjyoon/projects/cross/ICHAR/augcon/target_domain_PH0012-thanh/finetune/10shot/target/test.pkl
2023-06-19 16:32:11,748 - AUGCON - INFO -   val_dataset_path: /mnt/sting/hjyoon/projects/cross/ICHAR/augcon/target_domain_PH0012-thanh/finetune/10shot/target/val.pkl
2023-06-19 16:32:11,748 - AUGCON - INFO -   input_channels: 3
2023-06-19 16:32:11,748 - AUGCON - INFO -   num_cls: 9
2023-06-19 16:32:11,748 - AUGCON - INFO -   optimizer: adam
2023-06-19 16:32:11,748 - AUGCON - INFO -   criterion: crossentropy
2023-06-19 16:32:11,748 - AUGCON - INFO -   start_epoch: 0
2023-06-19 16:32:11,748 - AUGCON - INFO -   epochs: 50
2023-06-19 16:32:11,748 - AUGCON - INFO -   batch_size: 4
2023-06-19 16:32:11,748 - AUGCON - INFO -   lr: 0.001
2023-06-19 16:32:11,748 - AUGCON - INFO -   wd: 0.0
2023-06-19 16:32:11,748 - AUGCON - INFO -   resume: 
2023-06-19 16:32:11,748 - AUGCON - INFO -   pretrained: /mnt/sting/hjyoon/projects/augcontrast/models/exp0/pretrain/without_target_domain_WA0003-hskim/metacpc_random_8421/checkpoint_0999.pth.tar
2023-06-19 16:32:11,748 - AUGCON - INFO -   ckpt_dir: /mnt/sting/hjyoon/projects/augcontrast/models/exp0/finetune_da_false/without_target_domain_WA0003-hskim/metacpc_random_8421/tgt_target_domain_PH0012-thanh_seed0
2023-06-19 16:32:11,748 - AUGCON - INFO -   log_freq: 5
2023-06-19 16:32:11,748 - AUGCON - INFO -   save_freq: 10
2023-06-19 16:32:11,748 - AUGCON - INFO -   pretext: metacpc
2023-06-19 16:32:11,748 - AUGCON - INFO -   enc_blocks: 4
2023-06-19 16:32:11,748 - AUGCON - INFO -   kernel_sizes: [8, 4, 2, 1]
2023-06-19 16:32:11,748 - AUGCON - INFO -   strides: [4, 2, 1, 1]
2023-06-19 16:32:11,748 - AUGCON - INFO -   agg_blocks: 5
2023-06-19 16:32:11,748 - AUGCON - INFO -   z_dim: 256
2023-06-19 16:32:11,749 - AUGCON - INFO -   pooling: mean
2023-06-19 16:32:11,749 - AUGCON - INFO -   pred_steps: 12
2023-06-19 16:32:11,749 - AUGCON - INFO -   n_negatives: 15
2023-06-19 16:32:11,749 - AUGCON - INFO -   offset: 4
2023-06-19 16:32:11,749 - AUGCON - INFO -   domain_adaptation: False
2023-06-19 16:32:11,749 - AUGCON - INFO -   task_steps: 10
2023-06-19 16:32:11,749 - AUGCON - INFO -   task_lr: 0.001
2023-06-19 16:32:11,749 - AUGCON - INFO -   reg_lambda: 0
2023-06-19 16:32:11,749 - AUGCON - INFO -   mlp: False
2023-06-19 16:32:11,749 - AUGCON - INFO -   freeze: True
2023-06-19 16:32:11,749 - AUGCON - INFO -   no_vars: False
2023-06-19 16:32:11,749 - AUGCON - INFO - ==========================================
2023-06-19 16:32:11,749 - AUGCON - INFO - Setting GPUs: [0]
2023-06-19 16:32:11,749 - AUGCON - INFO - GPUs [0] will be used
2023-06-19 16:32:11,750 - AUGCON - WARNING - You have chosen to seed training. 
2023-06-19 16:32:11,750 - AUGCON - WARNING - This will turn on the CUDNN deterministic setting, 
2023-06-19 16:32:11,750 - AUGCON - WARNING - which can slow down your training considerably! 
2023-06-19 16:32:11,750 - AUGCON - WARNING - You may see unexpected behavior when restarting 
2023-06-19 16:32:11,750 - AUGCON - WARNING - from checkpoints.
2023-06-19 16:32:11,788 - AUGCON - INFO - Executing MetaCPC
2023-06-19 16:32:11,788 - AUGCON - INFO - Logs are skipped during training
2023-06-19 16:32:30,239 - AUGCON - INFO - Single GPU is used for training - training 90 instances for each worker
2023-06-19 16:32:30,240 - AUGCON - INFO - Loading pretrained model from checkpoint - /mnt/sting/hjyoon/projects/augcontrast/models/exp0/pretrain/without_target_domain_WA0003-hskim/metacpc_random_8421/checkpoint_0999.pth.tar
2023-06-19 16:32:30,240 - AUGCON - INFO - Missing keys: []
2023-06-19 16:32:30,240 - AUGCON - INFO - Loading encoder parameters to the classifier
2023-06-19 16:32:30,240 - AUGCON - INFO - Missing keys: ['classifier.block.0.weight', 'classifier.block.0.bias']
2023-06-19 16:32:30,240 - AUGCON - INFO - Epoch [1/50]-(0/22) Loss: 2.3427, Acc(1): 25.00, Acc(5): 50.00
2023-06-19 16:32:30,240 - AUGCON - INFO - Epoch [1/50]-(5/22) Loss: 2.0005, Acc(1): 0.00, Acc(5): 75.00
2023-06-19 16:32:30,240 - AUGCON - INFO - Epoch [1/50]-(10/22) Loss: 2.7722, Acc(1): 0.00, Acc(5): 25.00
2023-06-19 16:32:30,240 - AUGCON - INFO - Epoch [1/50]-(15/22) Loss: 2.6271, Acc(1): 0.00, Acc(5): 50.00
2023-06-19 16:32:30,241 - AUGCON - INFO - Epoch [1/50]-(20/22) Loss: 2.6892, Acc(1): 0.00, Acc(5): 25.00
2023-06-19 16:32:30,241 - AUGCON - INFO - 	Validation Loss: 2.1956, Acc(1): 9.00, Acc(5): 64.00, F1: 0.03, Recall: 0.03, Precision: 0.04
2023-06-19 16:32:30,241 - AUGCON - INFO - Epoch [2/50]-(0/22) Loss: 2.2803, Acc(1): 0.00, Acc(5): 25.00
2023-06-19 16:32:30,241 - AUGCON - INFO - Epoch [2/50]-(5/22) Loss: 2.4146, Acc(1): 0.00, Acc(5): 50.00
2023-06-19 16:32:30,241 - AUGCON - INFO - Epoch [2/50]-(10/22) Loss: 2.6224, Acc(1): 0.00, Acc(5): 25.00
2023-06-19 16:32:30,241 - AUGCON - INFO - Epoch [2/50]-(15/22) Loss: 2.4299, Acc(1): 0.00, Acc(5): 50.00
2023-06-19 16:32:30,241 - AUGCON - INFO - Epoch [2/50]-(20/22) Loss: 2.2044, Acc(1): 0.00, Acc(5): 50.00
2023-06-19 16:32:30,241 - AUGCON - INFO - 	Validation Loss: 2.1995, Acc(1): 9.00, Acc(5): 58.00, F1: 0.03, Recall: 0.02, Precision: 0.06
2023-06-19 16:32:30,241 - AUGCON - INFO - Epoch [3/50]-(0/22) Loss: 2.0591, Acc(1): 25.00, Acc(5): 100.00
2023-06-19 16:32:30,241 - AUGCON - INFO - Epoch [3/50]-(5/22) Loss: 2.4069, Acc(1): 0.00, Acc(5): 25.00
2023-06-19 16:32:30,241 - AUGCON - INFO - Epoch [3/50]-(10/22) Loss: 2.3394, Acc(1): 0.00, Acc(5): 50.00
2023-06-19 16:32:30,241 - AUGCON - INFO - Epoch [3/50]-(15/22) Loss: 2.4082, Acc(1): 0.00, Acc(5): 25.00
2023-06-19 16:32:30,241 - AUGCON - INFO - Epoch [3/50]-(20/22) Loss: 2.2483, Acc(1): 25.00, Acc(5): 25.00
2023-06-19 16:32:30,241 - AUGCON - INFO - 	Validation Loss: 2.2027, Acc(1): 6.00, Acc(5): 59.00, F1: 0.01, Recall: 0.02, Precision: 0.01
2023-06-19 16:32:30,242 - AUGCON - INFO - Epoch [4/50]-(0/22) Loss: 2.1294, Acc(1): 50.00, Acc(5): 75.00
2023-06-19 16:32:30,242 - AUGCON - INFO - Epoch [4/50]-(5/22) Loss: 2.2610, Acc(1): 0.00, Acc(5): 50.00
2023-06-19 16:32:30,242 - AUGCON - INFO - Epoch [4/50]-(10/22) Loss: 2.1107, Acc(1): 0.00, Acc(5): 75.00
2023-06-19 16:32:30,242 - AUGCON - INFO - Epoch [4/50]-(15/22) Loss: 2.3089, Acc(1): 25.00, Acc(5): 50.00
2023-06-19 16:32:30,242 - AUGCON - INFO - Epoch [4/50]-(20/22) Loss: 2.3662, Acc(1): 0.00, Acc(5): 25.00
2023-06-19 16:32:30,242 - AUGCON - INFO - 	Validation Loss: 2.1929, Acc(1): 14.00, Acc(5): 57.00, F1: 0.03, Recall: 0.03, Precision: 0.03
2023-06-19 16:32:30,242 - AUGCON - INFO - Epoch [5/50]-(0/22) Loss: 2.1185, Acc(1): 50.00, Acc(5): 75.00
2023-06-19 16:32:30,242 - AUGCON - INFO - Epoch [5/50]-(5/22) Loss: 2.4558, Acc(1): 0.00, Acc(5): 25.00
2023-06-19 16:32:30,242 - AUGCON - INFO - Epoch [5/50]-(10/22) Loss: 2.1914, Acc(1): 0.00, Acc(5): 75.00
2023-06-19 16:32:30,242 - AUGCON - INFO - Epoch [5/50]-(15/22) Loss: 2.3687, Acc(1): 25.00, Acc(5): 25.00
2023-06-19 16:32:30,242 - AUGCON - INFO - Epoch [5/50]-(20/22) Loss: 2.2587, Acc(1): 0.00, Acc(5): 75.00
2023-06-19 16:32:30,242 - AUGCON - INFO - 	Validation Loss: 2.1959, Acc(1): 6.00, Acc(5): 59.00, F1: 0.01, Recall: 0.01, Precision: 0.01
2023-06-19 16:32:30,242 - AUGCON - INFO - Epoch [6/50]-(0/22) Loss: 2.1131, Acc(1): 0.00, Acc(5): 75.00
2023-06-19 16:32:30,242 - AUGCON - INFO - Epoch [6/50]-(5/22) Loss: 2.3771, Acc(1): 0.00, Acc(5): 25.00
2023-06-19 16:32:30,242 - AUGCON - INFO - Epoch [6/50]-(10/22) Loss: 2.3137, Acc(1): 0.00, Acc(5): 50.00
2023-06-19 16:32:30,243 - AUGCON - INFO - Epoch [6/50]-(15/22) Loss: 2.1152, Acc(1): 0.00, Acc(5): 100.00
2023-06-19 16:32:30,243 - AUGCON - INFO - Epoch [6/50]-(20/22) Loss: 2.6023, Acc(1): 0.00, Acc(5): 0.00
2023-06-19 16:32:30,243 - AUGCON - INFO - 	Validation Loss: 2.1122, Acc(1): 26.00, Acc(5): 77.00, F1: 0.03, Recall: 0.03, Precision: 0.03
2023-06-19 16:32:30,243 - AUGCON - INFO - Epoch [7/50]-(0/22) Loss: 2.1454, Acc(1): 25.00, Acc(5): 75.00
2023-06-19 16:32:30,243 - AUGCON - INFO - Epoch [7/50]-(5/22) Loss: 2.3374, Acc(1): 0.00, Acc(5): 50.00
2023-06-19 16:32:30,243 - AUGCON - INFO - Epoch [7/50]-(10/22) Loss: 2.0783, Acc(1): 50.00, Acc(5): 75.00
2023-06-19 16:32:30,243 - AUGCON - INFO - Epoch [7/50]-(15/22) Loss: 2.2483, Acc(1): 0.00, Acc(5): 50.00
2023-06-19 16:32:30,243 - AUGCON - INFO - Epoch [7/50]-(20/22) Loss: 2.3125, Acc(1): 0.00, Acc(5): 25.00
2023-06-19 16:32:30,243 - AUGCON - INFO - 	Validation Loss: 2.1447, Acc(1): 9.00, Acc(5): 83.00, F1: 0.02, Recall: 0.02, Precision: 0.01
2023-06-19 16:32:30,243 - AUGCON - INFO - Epoch [8/50]-(0/22) Loss: 2.3264, Acc(1): 0.00, Acc(5): 0.00
2023-06-19 16:32:30,243 - AUGCON - INFO - Epoch [8/50]-(5/22) Loss: 2.0929, Acc(1): 50.00, Acc(5): 50.00
2023-06-19 16:32:30,243 - AUGCON - INFO - Epoch [8/50]-(10/22) Loss: 2.6011, Acc(1): 0.00, Acc(5): 0.00
2023-06-19 16:32:30,243 - AUGCON - INFO - Epoch [8/50]-(15/22) Loss: 2.0870, Acc(1): 25.00, Acc(5): 75.00
2023-06-19 16:32:30,243 - AUGCON - INFO - Epoch [8/50]-(20/22) Loss: 2.5204, Acc(1): 0.00, Acc(5): 0.00
2023-06-19 16:32:30,243 - AUGCON - INFO - 	Validation Loss: 2.0447, Acc(1): 39.00, Acc(5): 82.00, F1: 0.08, Recall: 0.07, Precision: 0.09
2023-06-19 16:32:30,244 - AUGCON - INFO - Epoch [9/50]-(0/22) Loss: 2.1326, Acc(1): 25.00, Acc(5): 75.00
2023-06-19 16:32:30,244 - AUGCON - INFO - Epoch [9/50]-(5/22) Loss: 2.0792, Acc(1): 0.00, Acc(5): 75.00
2023-06-19 16:32:30,244 - AUGCON - INFO - Epoch [9/50]-(10/22) Loss: 2.0829, Acc(1): 50.00, Acc(5): 75.00
2023-06-19 16:32:30,244 - AUGCON - INFO - Epoch [9/50]-(15/22) Loss: 2.3199, Acc(1): 0.00, Acc(5): 25.00
2023-06-19 16:32:30,244 - AUGCON - INFO - Epoch [9/50]-(20/22) Loss: 2.2337, Acc(1): 0.00, Acc(5): 25.00
2023-06-19 16:32:30,244 - AUGCON - INFO - 	Validation Loss: 2.1373, Acc(1): 11.00, Acc(5): 68.00, F1: 0.02, Recall: 0.03, Precision: 0.02
2023-06-19 16:32:30,244 - AUGCON - INFO - Epoch [10/50]-(0/22) Loss: 2.1000, Acc(1): 25.00, Acc(5): 50.00
2023-06-19 16:32:30,244 - AUGCON - INFO - Epoch [10/50]-(5/22) Loss: 1.9963, Acc(1): 50.00, Acc(5): 75.00
2023-06-19 16:32:30,244 - AUGCON - INFO - Epoch [10/50]-(10/22) Loss: 2.0484, Acc(1): 25.00, Acc(5): 100.00
2023-06-19 16:32:30,244 - AUGCON - INFO - Epoch [10/50]-(15/22) Loss: 2.0268, Acc(1): 50.00, Acc(5): 75.00
2023-06-19 16:32:30,244 - AUGCON - INFO - Epoch [10/50]-(20/22) Loss: 2.3798, Acc(1): 0.00, Acc(5): 0.00
2023-06-19 16:32:30,244 - AUGCON - INFO - 	Validation Loss: 2.0441, Acc(1): 29.00, Acc(5): 84.00, F1: 0.05, Recall: 0.04, Precision: 0.08
2023-06-19 16:32:30,244 - AUGCON - INFO - Epoch [11/50]-(0/22) Loss: 2.1513, Acc(1): 25.00, Acc(5): 50.00
2023-06-19 16:32:30,244 - AUGCON - INFO - Epoch [11/50]-(5/22) Loss: 2.4725, Acc(1): 0.00, Acc(5): 0.00
2023-06-19 16:32:30,244 - AUGCON - INFO - Epoch [11/50]-(10/22) Loss: 2.0256, Acc(1): 25.00, Acc(5): 75.00
2023-06-19 16:32:30,245 - AUGCON - INFO - Epoch [11/50]-(15/22) Loss: 2.3801, Acc(1): 0.00, Acc(5): 50.00
2023-06-19 16:32:30,245 - AUGCON - INFO - Epoch [11/50]-(20/22) Loss: 2.1743, Acc(1): 25.00, Acc(5): 50.00
2023-06-19 16:32:30,245 - AUGCON - INFO - 	Validation Loss: 2.1095, Acc(1): 23.00, Acc(5): 80.00, F1: 0.05, Recall: 0.07, Precision: 0.04
2023-06-19 16:32:30,245 - AUGCON - INFO - Epoch [12/50]-(0/22) Loss: 2.1550, Acc(1): 0.00, Acc(5): 100.00
2023-06-19 16:32:30,245 - AUGCON - INFO - Epoch [12/50]-(5/22) Loss: 2.0157, Acc(1): 25.00, Acc(5): 100.00
2023-06-19 16:32:30,245 - AUGCON - INFO - Epoch [12/50]-(10/22) Loss: 1.9280, Acc(1): 50.00, Acc(5): 100.00
2023-06-19 16:32:30,245 - AUGCON - INFO - Epoch [12/50]-(15/22) Loss: 2.2681, Acc(1): 0.00, Acc(5): 50.00
2023-06-19 16:32:30,245 - AUGCON - INFO - Epoch [12/50]-(20/22) Loss: 2.1565, Acc(1): 0.00, Acc(5): 50.00
2023-06-19 16:32:30,245 - AUGCON - INFO - 	Validation Loss: 2.0540, Acc(1): 17.00, Acc(5): 75.00, F1: 0.03, Recall: 0.04, Precision: 0.02
2023-06-19 16:32:30,245 - AUGCON - INFO - Epoch [13/50]-(0/22) Loss: 2.1336, Acc(1): 25.00, Acc(5): 50.00
2023-06-19 16:32:30,245 - AUGCON - INFO - Epoch [13/50]-(5/22) Loss: 2.0643, Acc(1): 25.00, Acc(5): 75.00
2023-06-19 16:32:30,245 - AUGCON - INFO - Epoch [13/50]-(10/22) Loss: 2.2277, Acc(1): 0.00, Acc(5): 50.00
2023-06-19 16:32:30,245 - AUGCON - INFO - Epoch [13/50]-(15/22) Loss: 2.3576, Acc(1): 0.00, Acc(5): 50.00
2023-06-19 16:32:30,245 - AUGCON - INFO - Epoch [13/50]-(20/22) Loss: 2.1402, Acc(1): 0.00, Acc(5): 50.00
2023-06-19 16:32:30,245 - AUGCON - INFO - 	Validation Loss: 2.0836, Acc(1): 23.00, Acc(5): 70.00, F1: 0.02, Recall: 0.02, Precision: 0.01
2023-06-19 16:32:30,246 - AUGCON - INFO - Epoch [14/50]-(0/22) Loss: 2.0899, Acc(1): 25.00, Acc(5): 50.00
2023-06-19 16:32:30,246 - AUGCON - INFO - Epoch [14/50]-(5/22) Loss: 2.0756, Acc(1): 0.00, Acc(5): 100.00
2023-06-19 16:32:30,246 - AUGCON - INFO - Epoch [14/50]-(10/22) Loss: 1.9713, Acc(1): 25.00, Acc(5): 75.00
2023-06-19 16:32:30,246 - AUGCON - INFO - Epoch [14/50]-(15/22) Loss: 2.3175, Acc(1): 0.00, Acc(5): 50.00
2023-06-19 16:32:30,246 - AUGCON - INFO - Epoch [14/50]-(20/22) Loss: 2.3796, Acc(1): 0.00, Acc(5): 25.00
2023-06-19 16:32:30,246 - AUGCON - INFO - 	Validation Loss: 2.0680, Acc(1): 28.00, Acc(5): 80.00, F1: 0.06, Recall: 0.06, Precision: 0.06
2023-06-19 16:32:30,246 - AUGCON - INFO - Epoch [15/50]-(0/22) Loss: 2.0582, Acc(1): 50.00, Acc(5): 100.00
2023-06-19 16:32:30,246 - AUGCON - INFO - Epoch [15/50]-(5/22) Loss: 2.3014, Acc(1): 0.00, Acc(5): 50.00
2023-06-19 16:32:30,246 - AUGCON - INFO - Epoch [15/50]-(10/22) Loss: 1.8142, Acc(1): 50.00, Acc(5): 75.00
2023-06-19 16:32:30,246 - AUGCON - INFO - Epoch [15/50]-(15/22) Loss: 2.4055, Acc(1): 0.00, Acc(5): 50.00
2023-06-19 16:32:30,246 - AUGCON - INFO - Epoch [15/50]-(20/22) Loss: 2.6045, Acc(1): 0.00, Acc(5): 0.00
2023-06-19 16:32:30,246 - AUGCON - INFO - 	Validation Loss: 2.0715, Acc(1): 35.00, Acc(5): 70.00, F1: 0.07, Recall: 0.05, Precision: 0.12
2023-06-19 16:32:30,246 - AUGCON - INFO - Epoch [16/50]-(0/22) Loss: 2.1940, Acc(1): 0.00, Acc(5): 75.00
2023-06-19 16:32:30,246 - AUGCON - INFO - Epoch [16/50]-(5/22) Loss: 2.1548, Acc(1): 25.00, Acc(5): 75.00
2023-06-19 16:32:30,246 - AUGCON - INFO - Epoch [16/50]-(10/22) Loss: 2.3369, Acc(1): 0.00, Acc(5): 50.00
2023-06-19 16:32:30,247 - AUGCON - INFO - Epoch [16/50]-(15/22) Loss: 2.4569, Acc(1): 0.00, Acc(5): 50.00
2023-06-19 16:32:30,247 - AUGCON - INFO - Epoch [16/50]-(20/22) Loss: 2.1548, Acc(1): 0.00, Acc(5): 100.00
2023-06-19 16:32:30,247 - AUGCON - INFO - 	Validation Loss: 2.0030, Acc(1): 36.00, Acc(5): 88.00, F1: 0.07, Recall: 0.06, Precision: 0.08
2023-06-19 16:32:30,247 - AUGCON - INFO - Epoch [17/50]-(0/22) Loss: 2.1799, Acc(1): 0.00, Acc(5): 75.00
2023-06-19 16:32:30,247 - AUGCON - INFO - Epoch [17/50]-(5/22) Loss: 2.1879, Acc(1): 0.00, Acc(5): 75.00
2023-06-19 16:32:30,247 - AUGCON - INFO - Epoch [17/50]-(10/22) Loss: 2.4198, Acc(1): 0.00, Acc(5): 50.00
2023-06-19 16:32:30,247 - AUGCON - INFO - Epoch [17/50]-(15/22) Loss: 2.3364, Acc(1): 0.00, Acc(5): 75.00
2023-06-19 16:32:30,247 - AUGCON - INFO - Epoch [17/50]-(20/22) Loss: 2.2947, Acc(1): 25.00, Acc(5): 50.00
2023-06-19 16:32:30,247 - AUGCON - INFO - 	Validation Loss: 1.9867, Acc(1): 39.00, Acc(5): 87.00, F1: 0.08, Recall: 0.07, Precision: 0.10
2023-06-19 16:32:30,247 - AUGCON - INFO - Epoch [18/50]-(0/22) Loss: 1.9749, Acc(1): 50.00, Acc(5): 75.00
2023-06-19 16:32:30,247 - AUGCON - INFO - Epoch [18/50]-(5/22) Loss: 1.9473, Acc(1): 25.00, Acc(5): 100.00
2023-06-19 16:32:30,247 - AUGCON - INFO - Epoch [18/50]-(10/22) Loss: 2.4457, Acc(1): 0.00, Acc(5): 25.00
2023-06-19 16:32:30,247 - AUGCON - INFO - Epoch [18/50]-(15/22) Loss: 2.2076, Acc(1): 0.00, Acc(5): 75.00
2023-06-19 16:32:30,247 - AUGCON - INFO - Epoch [18/50]-(20/22) Loss: 2.0307, Acc(1): 25.00, Acc(5): 50.00
2023-06-19 16:32:30,247 - AUGCON - INFO - 	Validation Loss: 1.9452, Acc(1): 41.00, Acc(5): 89.00, F1: 0.10, Recall: 0.07, Precision: 0.15
2023-06-19 16:32:30,247 - AUGCON - INFO - Epoch [19/50]-(0/22) Loss: 1.8563, Acc(1): 50.00, Acc(5): 100.00
2023-06-19 16:32:30,248 - AUGCON - INFO - Epoch [19/50]-(5/22) Loss: 2.4464, Acc(1): 0.00, Acc(5): 0.00
2023-06-19 16:32:30,248 - AUGCON - INFO - Epoch [19/50]-(10/22) Loss: 2.1062, Acc(1): 25.00, Acc(5): 75.00
2023-06-19 16:32:30,248 - AUGCON - INFO - Epoch [19/50]-(15/22) Loss: 2.1298, Acc(1): 0.00, Acc(5): 75.00
2023-06-19 16:32:30,248 - AUGCON - INFO - Epoch [19/50]-(20/22) Loss: 1.9818, Acc(1): 25.00, Acc(5): 100.00
2023-06-19 16:32:30,248 - AUGCON - INFO - 	Validation Loss: 1.9722, Acc(1): 33.00, Acc(5): 89.00, F1: 0.05, Recall: 0.05, Precision: 0.06
2023-06-19 16:32:30,248 - AUGCON - INFO - Epoch [20/50]-(0/22) Loss: 2.0470, Acc(1): 0.00, Acc(5): 75.00
2023-06-19 16:32:30,248 - AUGCON - INFO - Epoch [20/50]-(5/22) Loss: 1.6674, Acc(1): 75.00, Acc(5): 100.00
2023-06-19 16:32:30,248 - AUGCON - INFO - Epoch [20/50]-(10/22) Loss: 2.0658, Acc(1): 25.00, Acc(5): 50.00
2023-06-19 16:32:30,248 - AUGCON - INFO - Epoch [20/50]-(15/22) Loss: 2.2230, Acc(1): 25.00, Acc(5): 25.00
2023-06-19 16:32:30,248 - AUGCON - INFO - Epoch [20/50]-(20/22) Loss: 2.0453, Acc(1): 0.00, Acc(5): 100.00
2023-06-19 16:32:30,248 - AUGCON - INFO - 	Validation Loss: 1.9481, Acc(1): 44.00, Acc(5): 89.00, F1: 0.10, Recall: 0.08, Precision: 0.14
2023-06-19 16:32:30,248 - AUGCON - INFO - Epoch [21/50]-(0/22) Loss: 1.6731, Acc(1): 50.00, Acc(5): 75.00
2023-06-19 16:32:30,248 - AUGCON - INFO - Epoch [21/50]-(5/22) Loss: 2.0900, Acc(1): 25.00, Acc(5): 75.00
2023-06-19 16:32:30,248 - AUGCON - INFO - Epoch [21/50]-(10/22) Loss: 2.2306, Acc(1): 0.00, Acc(5): 50.00
2023-06-19 16:32:30,249 - AUGCON - INFO - Epoch [21/50]-(15/22) Loss: 2.0372, Acc(1): 25.00, Acc(5): 75.00
2023-06-19 16:32:30,249 - AUGCON - INFO - Epoch [21/50]-(20/22) Loss: 2.2549, Acc(1): 0.00, Acc(5): 25.00
2023-06-19 16:32:30,249 - AUGCON - INFO - 	Validation Loss: 1.9909, Acc(1): 32.00, Acc(5): 88.00, F1: 0.05, Recall: 0.04, Precision: 0.05
2023-06-19 16:32:30,249 - AUGCON - INFO - Epoch [22/50]-(0/22) Loss: 1.9852, Acc(1): 25.00, Acc(5): 100.00
2023-06-19 16:32:30,249 - AUGCON - INFO - Epoch [22/50]-(5/22) Loss: 2.1839, Acc(1): 0.00, Acc(5): 75.00
2023-06-19 16:32:30,249 - AUGCON - INFO - Epoch [22/50]-(10/22) Loss: 2.1155, Acc(1): 0.00, Acc(5): 75.00
2023-06-19 16:32:30,249 - AUGCON - INFO - Epoch [22/50]-(15/22) Loss: 2.3148, Acc(1): 0.00, Acc(5): 25.00
2023-06-19 16:32:30,249 - AUGCON - INFO - Epoch [22/50]-(20/22) Loss: 2.0830, Acc(1): 25.00, Acc(5): 75.00
2023-06-19 16:32:30,249 - AUGCON - INFO - 	Validation Loss: 1.9136, Acc(1): 50.00, Acc(5): 91.00, F1: 0.11, Recall: 0.10, Precision: 0.14
2023-06-19 16:32:30,249 - AUGCON - INFO - Epoch [23/50]-(0/22) Loss: 1.9452, Acc(1): 50.00, Acc(5): 100.00
2023-06-19 16:32:30,249 - AUGCON - INFO - Epoch [23/50]-(5/22) Loss: 1.8292, Acc(1): 25.00, Acc(5): 100.00
2023-06-19 16:32:30,249 - AUGCON - INFO - Epoch [23/50]-(10/22) Loss: 2.2140, Acc(1): 0.00, Acc(5): 75.00
2023-06-19 16:32:30,249 - AUGCON - INFO - Epoch [23/50]-(15/22) Loss: 2.3847, Acc(1): 0.00, Acc(5): 50.00
2023-06-19 16:32:30,249 - AUGCON - INFO - Epoch [23/50]-(20/22) Loss: 2.2059, Acc(1): 0.00, Acc(5): 50.00
2023-06-19 16:32:30,249 - AUGCON - INFO - 	Validation Loss: 1.9662, Acc(1): 38.00, Acc(5): 86.00, F1: 0.07, Recall: 0.07, Precision: 0.07
2023-06-19 16:32:30,250 - AUGCON - INFO - Epoch [24/50]-(0/22) Loss: 2.0164, Acc(1): 50.00, Acc(5): 75.00
2023-06-19 16:32:30,250 - AUGCON - INFO - Epoch [24/50]-(5/22) Loss: 2.0283, Acc(1): 25.00, Acc(5): 75.00
2023-06-19 16:32:30,250 - AUGCON - INFO - Epoch [24/50]-(10/22) Loss: 1.9245, Acc(1): 25.00, Acc(5): 100.00
2023-06-19 16:32:30,250 - AUGCON - INFO - Epoch [24/50]-(15/22) Loss: 2.2441, Acc(1): 0.00, Acc(5): 75.00
2023-06-19 16:32:30,250 - AUGCON - INFO - Epoch [24/50]-(20/22) Loss: 2.0712, Acc(1): 25.00, Acc(5): 100.00
2023-06-19 16:32:30,250 - AUGCON - INFO - 	Validation Loss: 1.9120, Acc(1): 39.00, Acc(5): 85.00, F1: 0.07, Recall: 0.07, Precision: 0.07
2023-06-19 16:32:30,250 - AUGCON - INFO - Epoch [25/50]-(0/22) Loss: 1.8694, Acc(1): 75.00, Acc(5): 100.00
2023-06-19 16:32:30,250 - AUGCON - INFO - Epoch [25/50]-(5/22) Loss: 1.7101, Acc(1): 50.00, Acc(5): 100.00
2023-06-19 16:32:30,250 - AUGCON - INFO - Epoch [25/50]-(10/22) Loss: 1.7835, Acc(1): 50.00, Acc(5): 100.00
2023-06-19 16:32:30,250 - AUGCON - INFO - Epoch [25/50]-(15/22) Loss: 2.2237, Acc(1): 25.00, Acc(5): 50.00
2023-06-19 16:32:30,250 - AUGCON - INFO - Epoch [25/50]-(20/22) Loss: 1.9471, Acc(1): 25.00, Acc(5): 100.00
2023-06-19 16:32:30,250 - AUGCON - INFO - 	Validation Loss: 1.9505, Acc(1): 32.00, Acc(5): 92.00, F1: 0.04, Recall: 0.04, Precision: 0.03
2023-06-19 16:32:30,250 - AUGCON - INFO - Epoch [26/50]-(0/22) Loss: 1.9478, Acc(1): 25.00, Acc(5): 100.00
2023-06-19 16:32:30,250 - AUGCON - INFO - Epoch [26/50]-(5/22) Loss: 2.1682, Acc(1): 0.00, Acc(5): 75.00
2023-06-19 16:32:30,250 - AUGCON - INFO - Epoch [26/50]-(10/22) Loss: 2.2255, Acc(1): 25.00, Acc(5): 25.00
2023-06-19 16:32:30,250 - AUGCON - INFO - Epoch [26/50]-(15/22) Loss: 1.9158, Acc(1): 50.00, Acc(5): 100.00
2023-06-19 16:32:30,251 - AUGCON - INFO - Epoch [26/50]-(20/22) Loss: 2.1287, Acc(1): 50.00, Acc(5): 50.00
2023-06-19 16:32:30,251 - AUGCON - INFO - 	Validation Loss: 1.8628, Acc(1): 53.00, Acc(5): 86.00, F1: 0.13, Recall: 0.11, Precision: 0.16
2023-06-19 16:32:30,251 - AUGCON - INFO - Epoch [27/50]-(0/22) Loss: 1.9490, Acc(1): 50.00, Acc(5): 75.00
2023-06-19 16:32:30,251 - AUGCON - INFO - Epoch [27/50]-(5/22) Loss: 2.2604, Acc(1): 0.00, Acc(5): 50.00
2023-06-19 16:32:30,251 - AUGCON - INFO - Epoch [27/50]-(10/22) Loss: 2.1121, Acc(1): 25.00, Acc(5): 50.00
2023-06-19 16:32:30,251 - AUGCON - INFO - Epoch [27/50]-(15/22) Loss: 2.1311, Acc(1): 25.00, Acc(5): 50.00
2023-06-19 16:32:30,251 - AUGCON - INFO - Epoch [27/50]-(20/22) Loss: 1.9412, Acc(1): 50.00, Acc(5): 100.00
2023-06-19 16:32:30,251 - AUGCON - INFO - 	Validation Loss: 1.8837, Acc(1): 48.00, Acc(5): 88.00, F1: 0.09, Recall: 0.09, Precision: 0.09
2023-06-19 16:32:30,251 - AUGCON - INFO - Epoch [28/50]-(0/22) Loss: 1.9511, Acc(1): 25.00, Acc(5): 100.00
2023-06-19 16:32:30,251 - AUGCON - INFO - Epoch [28/50]-(5/22) Loss: 1.8884, Acc(1): 25.00, Acc(5): 100.00
2023-06-19 16:32:30,251 - AUGCON - INFO - Epoch [28/50]-(10/22) Loss: 1.7666, Acc(1): 75.00, Acc(5): 100.00
2023-06-19 16:32:30,251 - AUGCON - INFO - Epoch [28/50]-(15/22) Loss: 1.7345, Acc(1): 50.00, Acc(5): 100.00
2023-06-19 16:32:30,251 - AUGCON - INFO - Epoch [28/50]-(20/22) Loss: 2.1561, Acc(1): 0.00, Acc(5): 100.00
2023-06-19 16:32:30,251 - AUGCON - INFO - 	Validation Loss: 1.8653, Acc(1): 50.00, Acc(5): 97.00, F1: 0.11, Recall: 0.10, Precision: 0.14
2023-06-19 16:32:30,251 - AUGCON - INFO - Epoch [29/50]-(0/22) Loss: 1.8993, Acc(1): 50.00, Acc(5): 100.00
2023-06-19 16:32:30,252 - AUGCON - INFO - Epoch [29/50]-(5/22) Loss: 2.1123, Acc(1): 0.00, Acc(5): 50.00
2023-06-19 16:32:30,252 - AUGCON - INFO - Epoch [29/50]-(10/22) Loss: 1.9062, Acc(1): 25.00, Acc(5): 75.00
2023-06-19 16:32:30,252 - AUGCON - INFO - Epoch [29/50]-(15/22) Loss: 2.2990, Acc(1): 0.00, Acc(5): 25.00
2023-06-19 16:32:30,252 - AUGCON - INFO - Epoch [29/50]-(20/22) Loss: 2.0663, Acc(1): 50.00, Acc(5): 75.00
2023-06-19 16:32:30,252 - AUGCON - INFO - 	Validation Loss: 1.8536, Acc(1): 58.00, Acc(5): 92.00, F1: 0.13, Recall: 0.12, Precision: 0.13
2023-06-19 16:32:30,252 - AUGCON - INFO - Epoch [30/50]-(0/22) Loss: 1.8868, Acc(1): 0.00, Acc(5): 100.00
2023-06-19 16:32:30,252 - AUGCON - INFO - Epoch [30/50]-(5/22) Loss: 1.9234, Acc(1): 50.00, Acc(5): 75.00
2023-06-19 16:32:30,252 - AUGCON - INFO - Epoch [30/50]-(10/22) Loss: 1.7699, Acc(1): 0.00, Acc(5): 100.00
2023-06-19 16:32:30,252 - AUGCON - INFO - Epoch [30/50]-(15/22) Loss: 2.1071, Acc(1): 0.00, Acc(5): 100.00
2023-06-19 16:32:30,252 - AUGCON - INFO - Epoch [30/50]-(20/22) Loss: 1.9411, Acc(1): 25.00, Acc(5): 75.00
2023-06-19 16:32:30,252 - AUGCON - INFO - 	Validation Loss: 1.8673, Acc(1): 36.00, Acc(5): 91.00, F1: 0.08, Recall: 0.06, Precision: 0.11
2023-06-19 16:32:30,252 - AUGCON - INFO - Epoch [31/50]-(0/22) Loss: 1.9325, Acc(1): 0.00, Acc(5): 100.00
2023-06-19 16:32:30,252 - AUGCON - INFO - Epoch [31/50]-(5/22) Loss: 1.8777, Acc(1): 50.00, Acc(5): 75.00
2023-06-19 16:32:30,252 - AUGCON - INFO - Epoch [31/50]-(10/22) Loss: 2.1019, Acc(1): 25.00, Acc(5): 25.00
2023-06-19 16:32:30,253 - AUGCON - INFO - Epoch [31/50]-(15/22) Loss: 2.0871, Acc(1): 0.00, Acc(5): 75.00
2023-06-19 16:32:30,253 - AUGCON - INFO - Epoch [31/50]-(20/22) Loss: 1.9587, Acc(1): 25.00, Acc(5): 75.00
2023-06-19 16:32:30,253 - AUGCON - INFO - 	Validation Loss: 1.8972, Acc(1): 41.00, Acc(5): 93.00, F1: 0.08, Recall: 0.07, Precision: 0.08
2023-06-19 16:32:30,253 - AUGCON - INFO - Epoch [32/50]-(0/22) Loss: 1.8980, Acc(1): 75.00, Acc(5): 75.00
2023-06-19 16:32:30,253 - AUGCON - INFO - Epoch [32/50]-(5/22) Loss: 1.8328, Acc(1): 25.00, Acc(5): 100.00
2023-06-19 16:32:30,253 - AUGCON - INFO - Epoch [32/50]-(10/22) Loss: 2.1255, Acc(1): 0.00, Acc(5): 75.00
2023-06-19 16:32:30,253 - AUGCON - INFO - Epoch [32/50]-(15/22) Loss: 2.1914, Acc(1): 0.00, Acc(5): 50.00
2023-06-19 16:32:30,253 - AUGCON - INFO - Epoch [32/50]-(20/22) Loss: 2.1456, Acc(1): 25.00, Acc(5): 25.00
2023-06-19 16:32:30,253 - AUGCON - INFO - 	Validation Loss: 1.9268, Acc(1): 27.00, Acc(5): 88.00, F1: 0.04, Recall: 0.06, Precision: 0.03
2023-06-19 16:32:30,253 - AUGCON - INFO - Epoch [33/50]-(0/22) Loss: 1.8594, Acc(1): 25.00, Acc(5): 100.00
2023-06-19 16:32:30,253 - AUGCON - INFO - Epoch [33/50]-(5/22) Loss: 1.9162, Acc(1): 25.00, Acc(5): 75.00
2023-06-19 16:32:30,253 - AUGCON - INFO - Epoch [33/50]-(10/22) Loss: 1.9984, Acc(1): 0.00, Acc(5): 75.00
2023-06-19 16:32:30,253 - AUGCON - INFO - Epoch [33/50]-(15/22) Loss: 2.0802, Acc(1): 25.00, Acc(5): 50.00
2023-06-19 16:32:30,253 - AUGCON - INFO - Epoch [33/50]-(20/22) Loss: 2.0035, Acc(1): 25.00, Acc(5): 75.00
2023-06-19 16:32:30,253 - AUGCON - INFO - 	Validation Loss: 1.8725, Acc(1): 50.00, Acc(5): 94.00, F1: 0.09, Recall: 0.10, Precision: 0.09
2023-06-19 16:32:30,253 - AUGCON - INFO - Epoch [34/50]-(0/22) Loss: 1.9873, Acc(1): 50.00, Acc(5): 100.00
2023-06-19 16:32:30,254 - AUGCON - INFO - Epoch [34/50]-(5/22) Loss: 2.3845, Acc(1): 0.00, Acc(5): 50.00
2023-06-19 16:32:30,254 - AUGCON - INFO - Epoch [34/50]-(10/22) Loss: 2.2918, Acc(1): 0.00, Acc(5): 50.00
2023-06-19 16:32:30,254 - AUGCON - INFO - Epoch [34/50]-(15/22) Loss: 1.8339, Acc(1): 25.00, Acc(5): 100.00
2023-06-19 16:32:30,254 - AUGCON - INFO - Epoch [34/50]-(20/22) Loss: 2.1138, Acc(1): 0.00, Acc(5): 75.00
2023-06-19 16:32:30,254 - AUGCON - INFO - 	Validation Loss: 1.8345, Acc(1): 53.00, Acc(5): 95.00, F1: 0.12, Recall: 0.11, Precision: 0.14
2023-06-19 16:32:30,254 - AUGCON - INFO - Epoch [35/50]-(0/22) Loss: 1.6352, Acc(1): 50.00, Acc(5): 100.00
2023-06-19 16:32:30,254 - AUGCON - INFO - Epoch [35/50]-(5/22) Loss: 1.9713, Acc(1): 25.00, Acc(5): 75.00
2023-06-19 16:32:30,254 - AUGCON - INFO - Epoch [35/50]-(10/22) Loss: 2.0964, Acc(1): 25.00, Acc(5): 75.00
2023-06-19 16:32:30,254 - AUGCON - INFO - Epoch [35/50]-(15/22) Loss: 2.0150, Acc(1): 25.00, Acc(5): 75.00
2023-06-19 16:32:30,254 - AUGCON - INFO - Epoch [35/50]-(20/22) Loss: 2.2275, Acc(1): 0.00, Acc(5): 50.00
2023-06-19 16:32:30,254 - AUGCON - INFO - 	Validation Loss: 1.8617, Acc(1): 48.00, Acc(5): 87.00, F1: 0.10, Recall: 0.09, Precision: 0.10
2023-06-19 16:32:30,254 - AUGCON - INFO - Epoch [36/50]-(0/22) Loss: 1.8302, Acc(1): 50.00, Acc(5): 75.00
2023-06-19 16:32:30,254 - AUGCON - INFO - Epoch [36/50]-(5/22) Loss: 1.9617, Acc(1): 25.00, Acc(5): 100.00
2023-06-19 16:32:30,254 - AUGCON - INFO - Epoch [36/50]-(10/22) Loss: 1.6639, Acc(1): 75.00, Acc(5): 100.00
2023-06-19 16:32:30,254 - AUGCON - INFO - Epoch [36/50]-(15/22) Loss: 2.0617, Acc(1): 25.00, Acc(5): 100.00
2023-06-19 16:32:30,255 - AUGCON - INFO - Epoch [36/50]-(20/22) Loss: 1.8064, Acc(1): 25.00, Acc(5): 100.00
2023-06-19 16:32:30,255 - AUGCON - INFO - 	Validation Loss: 1.8210, Acc(1): 41.00, Acc(5): 91.00, F1: 0.07, Recall: 0.07, Precision: 0.08
2023-06-19 16:32:30,255 - AUGCON - INFO - Epoch [37/50]-(0/22) Loss: 1.9368, Acc(1): 50.00, Acc(5): 75.00
2023-06-19 16:32:30,255 - AUGCON - INFO - Epoch [37/50]-(5/22) Loss: 2.0093, Acc(1): 0.00, Acc(5): 100.00
2023-06-19 16:32:30,255 - AUGCON - INFO - Epoch [37/50]-(10/22) Loss: 2.0422, Acc(1): 0.00, Acc(5): 75.00
2023-06-19 16:32:30,255 - AUGCON - INFO - Epoch [37/50]-(15/22) Loss: 1.7072, Acc(1): 50.00, Acc(5): 100.00
2023-06-19 16:32:30,255 - AUGCON - INFO - Epoch [37/50]-(20/22) Loss: 1.7294, Acc(1): 25.00, Acc(5): 100.00
2023-06-19 16:32:30,255 - AUGCON - INFO - 	Validation Loss: 1.7882, Acc(1): 59.00, Acc(5): 92.00, F1: 0.14, Recall: 0.12, Precision: 0.17
2023-06-19 16:32:30,255 - AUGCON - INFO - Epoch [38/50]-(0/22) Loss: 1.8685, Acc(1): 25.00, Acc(5): 100.00
2023-06-19 16:32:30,255 - AUGCON - INFO - Epoch [38/50]-(5/22) Loss: 2.2188, Acc(1): 25.00, Acc(5): 50.00
2023-06-19 16:32:30,255 - AUGCON - INFO - Epoch [38/50]-(10/22) Loss: 2.0554, Acc(1): 25.00, Acc(5): 50.00
2023-06-19 16:32:30,255 - AUGCON - INFO - Epoch [38/50]-(15/22) Loss: 1.9198, Acc(1): 0.00, Acc(5): 100.00
2023-06-19 16:32:30,255 - AUGCON - INFO - Epoch [38/50]-(20/22) Loss: 2.1014, Acc(1): 0.00, Acc(5): 75.00
2023-06-19 16:32:30,255 - AUGCON - INFO - 	Validation Loss: 1.7971, Acc(1): 49.00, Acc(5): 92.00, F1: 0.11, Recall: 0.09, Precision: 0.13
2023-06-19 16:32:30,255 - AUGCON - INFO - Epoch [39/50]-(0/22) Loss: 1.9026, Acc(1): 50.00, Acc(5): 100.00
2023-06-19 16:32:30,256 - AUGCON - INFO - Epoch [39/50]-(5/22) Loss: 1.9094, Acc(1): 25.00, Acc(5): 75.00
2023-06-19 16:32:30,256 - AUGCON - INFO - Epoch [39/50]-(10/22) Loss: 1.8871, Acc(1): 25.00, Acc(5): 75.00
2023-06-19 16:32:30,256 - AUGCON - INFO - Epoch [39/50]-(15/22) Loss: 1.6323, Acc(1): 50.00, Acc(5): 100.00
2023-06-19 16:32:30,256 - AUGCON - INFO - Epoch [39/50]-(20/22) Loss: 2.0073, Acc(1): 25.00, Acc(5): 50.00
2023-06-19 16:32:30,256 - AUGCON - INFO - 	Validation Loss: 1.7852, Acc(1): 49.00, Acc(5): 89.00, F1: 0.12, Recall: 0.09, Precision: 0.17
2023-06-19 16:32:30,256 - AUGCON - INFO - Epoch [40/50]-(0/22) Loss: 2.2390, Acc(1): 0.00, Acc(5): 75.00
2023-06-19 16:32:30,256 - AUGCON - INFO - Epoch [40/50]-(5/22) Loss: 1.5974, Acc(1): 75.00, Acc(5): 100.00
2023-06-19 16:32:30,256 - AUGCON - INFO - Epoch [40/50]-(10/22) Loss: 1.8945, Acc(1): 50.00, Acc(5): 100.00
2023-06-19 16:32:30,256 - AUGCON - INFO - Epoch [40/50]-(15/22) Loss: 1.6524, Acc(1): 50.00, Acc(5): 100.00
2023-06-19 16:32:30,256 - AUGCON - INFO - Epoch [40/50]-(20/22) Loss: 2.2801, Acc(1): 0.00, Acc(5): 50.00
2023-06-19 16:32:30,256 - AUGCON - INFO - 	Validation Loss: 1.8356, Acc(1): 47.00, Acc(5): 73.00, F1: 0.11, Recall: 0.09, Precision: 0.13
2023-06-19 16:32:30,256 - AUGCON - INFO - Epoch [41/50]-(0/22) Loss: 2.1641, Acc(1): 25.00, Acc(5): 50.00
2023-06-19 16:32:30,256 - AUGCON - INFO - Epoch [41/50]-(5/22) Loss: 1.8453, Acc(1): 50.00, Acc(5): 75.00
2023-06-19 16:32:30,256 - AUGCON - INFO - Epoch [41/50]-(10/22) Loss: 1.7829, Acc(1): 25.00, Acc(5): 100.00
2023-06-19 16:32:30,256 - AUGCON - INFO - Epoch [41/50]-(15/22) Loss: 1.9032, Acc(1): 50.00, Acc(5): 100.00
2023-06-19 16:32:30,257 - AUGCON - INFO - Epoch [41/50]-(20/22) Loss: 1.7151, Acc(1): 50.00, Acc(5): 100.00
2023-06-19 16:32:30,257 - AUGCON - INFO - 	Validation Loss: 1.8028, Acc(1): 53.00, Acc(5): 96.00, F1: 0.13, Recall: 0.13, Precision: 0.13
2023-06-19 16:32:30,257 - AUGCON - INFO - Epoch [42/50]-(0/22) Loss: 2.0323, Acc(1): 0.00, Acc(5): 100.00
2023-06-19 16:32:30,257 - AUGCON - INFO - Epoch [42/50]-(5/22) Loss: 1.7033, Acc(1): 50.00, Acc(5): 100.00
2023-06-19 16:32:30,257 - AUGCON - INFO - Epoch [42/50]-(10/22) Loss: 2.0353, Acc(1): 25.00, Acc(5): 75.00
2023-06-19 16:32:30,257 - AUGCON - INFO - Epoch [42/50]-(15/22) Loss: 2.2733, Acc(1): 25.00, Acc(5): 50.00
2023-06-19 16:32:30,257 - AUGCON - INFO - Epoch [42/50]-(20/22) Loss: 1.8151, Acc(1): 50.00, Acc(5): 100.00
2023-06-19 16:32:30,257 - AUGCON - INFO - 	Validation Loss: 1.7489, Acc(1): 43.00, Acc(5): 89.00, F1: 0.11, Recall: 0.08, Precision: 0.19
2023-06-19 16:32:30,257 - AUGCON - INFO - Epoch [43/50]-(0/22) Loss: 1.7571, Acc(1): 50.00, Acc(5): 100.00
2023-06-19 16:32:30,257 - AUGCON - INFO - Epoch [43/50]-(5/22) Loss: 1.8960, Acc(1): 50.00, Acc(5): 75.00
2023-06-19 16:32:30,257 - AUGCON - INFO - Epoch [43/50]-(10/22) Loss: 1.7973, Acc(1): 75.00, Acc(5): 75.00
2023-06-19 16:32:30,257 - AUGCON - INFO - Epoch [43/50]-(15/22) Loss: 1.7647, Acc(1): 50.00, Acc(5): 100.00
2023-06-19 16:32:30,257 - AUGCON - INFO - Epoch [43/50]-(20/22) Loss: 1.9313, Acc(1): 25.00, Acc(5): 100.00
2023-06-19 16:32:30,257 - AUGCON - INFO - 	Validation Loss: 1.8212, Acc(1): 40.00, Acc(5): 81.00, F1: 0.07, Recall: 0.07, Precision: 0.06
2023-06-19 16:32:30,257 - AUGCON - INFO - Epoch [44/50]-(0/22) Loss: 1.6055, Acc(1): 75.00, Acc(5): 75.00
2023-06-19 16:32:30,258 - AUGCON - INFO - Epoch [44/50]-(5/22) Loss: 1.9712, Acc(1): 25.00, Acc(5): 50.00
2023-06-19 16:32:30,258 - AUGCON - INFO - Epoch [44/50]-(10/22) Loss: 2.2499, Acc(1): 0.00, Acc(5): 75.00
2023-06-19 16:32:30,258 - AUGCON - INFO - Epoch [44/50]-(15/22) Loss: 1.6183, Acc(1): 50.00, Acc(5): 75.00
2023-06-19 16:32:30,258 - AUGCON - INFO - Epoch [44/50]-(20/22) Loss: 2.1053, Acc(1): 25.00, Acc(5): 75.00
2023-06-19 16:32:30,258 - AUGCON - INFO - 	Validation Loss: 1.7819, Acc(1): 47.00, Acc(5): 88.00, F1: 0.09, Recall: 0.09, Precision: 0.09
2023-06-19 16:32:30,258 - AUGCON - INFO - Epoch [45/50]-(0/22) Loss: 1.6475, Acc(1): 50.00, Acc(5): 100.00
2023-06-19 16:32:30,258 - AUGCON - INFO - Epoch [45/50]-(5/22) Loss: 1.9434, Acc(1): 25.00, Acc(5): 100.00
2023-06-19 16:32:30,258 - AUGCON - INFO - Epoch [45/50]-(10/22) Loss: 1.8963, Acc(1): 25.00, Acc(5): 100.00
2023-06-19 16:32:30,258 - AUGCON - INFO - Epoch [45/50]-(15/22) Loss: 2.3998, Acc(1): 0.00, Acc(5): 50.00
2023-06-19 16:32:30,258 - AUGCON - INFO - Epoch [45/50]-(20/22) Loss: 1.9938, Acc(1): 0.00, Acc(5): 75.00
2023-06-19 16:32:30,258 - AUGCON - INFO - 	Validation Loss: 1.7850, Acc(1): 38.00, Acc(5): 87.00, F1: 0.07, Recall: 0.06, Precision: 0.08
2023-06-19 16:32:30,258 - AUGCON - INFO - Epoch [46/50]-(0/22) Loss: 1.7089, Acc(1): 50.00, Acc(5): 100.00
2023-06-19 16:32:30,258 - AUGCON - INFO - Epoch [46/50]-(5/22) Loss: 2.0131, Acc(1): 0.00, Acc(5): 75.00
2023-06-19 16:32:30,258 - AUGCON - INFO - Epoch [46/50]-(10/22) Loss: 1.4436, Acc(1): 100.00, Acc(5): 100.00
2023-06-19 16:32:30,259 - AUGCON - INFO - Epoch [46/50]-(15/22) Loss: 2.1240, Acc(1): 25.00, Acc(5): 50.00
2023-06-19 16:32:30,259 - AUGCON - INFO - Epoch [46/50]-(20/22) Loss: 1.9857, Acc(1): 25.00, Acc(5): 50.00
2023-06-19 16:32:30,259 - AUGCON - INFO - 	Validation Loss: 1.7369, Acc(1): 53.00, Acc(5): 92.00, F1: 0.14, Recall: 0.11, Precision: 0.19
2023-06-19 16:32:30,259 - AUGCON - INFO - Epoch [47/50]-(0/22) Loss: 1.7189, Acc(1): 50.00, Acc(5): 100.00
2023-06-19 16:32:30,259 - AUGCON - INFO - Epoch [47/50]-(5/22) Loss: 1.6624, Acc(1): 50.00, Acc(5): 100.00
2023-06-19 16:32:30,259 - AUGCON - INFO - Epoch [47/50]-(10/22) Loss: 1.6080, Acc(1): 75.00, Acc(5): 100.00
2023-06-19 16:32:30,259 - AUGCON - INFO - Epoch [47/50]-(15/22) Loss: 1.8661, Acc(1): 25.00, Acc(5): 100.00
2023-06-19 16:32:30,259 - AUGCON - INFO - Epoch [47/50]-(20/22) Loss: 1.5115, Acc(1): 75.00, Acc(5): 100.00
2023-06-19 16:32:30,259 - AUGCON - INFO - 	Validation Loss: 1.8079, Acc(1): 46.00, Acc(5): 77.00, F1: 0.09, Recall: 0.09, Precision: 0.09
2023-06-19 16:32:30,259 - AUGCON - INFO - Epoch [48/50]-(0/22) Loss: 1.6879, Acc(1): 50.00, Acc(5): 100.00
2023-06-19 16:32:30,259 - AUGCON - INFO - Epoch [48/50]-(5/22) Loss: 1.7425, Acc(1): 50.00, Acc(5): 75.00
2023-06-19 16:32:30,259 - AUGCON - INFO - Epoch [48/50]-(10/22) Loss: 2.1869, Acc(1): 0.00, Acc(5): 75.00
2023-06-19 16:32:30,259 - AUGCON - INFO - Epoch [48/50]-(15/22) Loss: 1.7019, Acc(1): 50.00, Acc(5): 100.00
2023-06-19 16:32:30,259 - AUGCON - INFO - Epoch [48/50]-(20/22) Loss: 1.9179, Acc(1): 25.00, Acc(5): 100.00
2023-06-19 16:32:30,259 - AUGCON - INFO - 	Validation Loss: 1.6961, Acc(1): 51.00, Acc(5): 89.00, F1: 0.12, Recall: 0.10, Precision: 0.15
2023-06-19 16:32:30,260 - AUGCON - INFO - Epoch [49/50]-(0/22) Loss: 1.7289, Acc(1): 50.00, Acc(5): 100.00
2023-06-19 16:32:30,260 - AUGCON - INFO - Epoch [49/50]-(5/22) Loss: 1.9695, Acc(1): 50.00, Acc(5): 75.00
2023-06-19 16:32:30,260 - AUGCON - INFO - Epoch [49/50]-(10/22) Loss: 2.0058, Acc(1): 25.00, Acc(5): 75.00
2023-06-19 16:32:30,260 - AUGCON - INFO - Epoch [49/50]-(15/22) Loss: 1.9079, Acc(1): 50.00, Acc(5): 75.00
2023-06-19 16:32:30,260 - AUGCON - INFO - Epoch [49/50]-(20/22) Loss: 2.0106, Acc(1): 0.00, Acc(5): 100.00
2023-06-19 16:32:30,260 - AUGCON - INFO - 	Validation Loss: 1.7177, Acc(1): 37.00, Acc(5): 94.00, F1: 0.08, Recall: 0.06, Precision: 0.10
2023-06-19 16:32:30,260 - AUGCON - INFO - Epoch [50/50]-(0/22) Loss: 1.7106, Acc(1): 50.00, Acc(5): 100.00
2023-06-19 16:32:30,260 - AUGCON - INFO - Epoch [50/50]-(5/22) Loss: 1.6907, Acc(1): 75.00, Acc(5): 100.00
2023-06-19 16:32:30,260 - AUGCON - INFO - Epoch [50/50]-(10/22) Loss: 1.7499, Acc(1): 75.00, Acc(5): 100.00
2023-06-19 16:32:30,260 - AUGCON - INFO - Epoch [50/50]-(15/22) Loss: 1.5131, Acc(1): 75.00, Acc(5): 100.00
2023-06-19 16:32:30,260 - AUGCON - INFO - Epoch [50/50]-(20/22) Loss: 1.7545, Acc(1): 75.00, Acc(5): 100.00
2023-06-19 16:32:30,260 - AUGCON - INFO - 	Validation Loss: 1.7460, Acc(1): 45.00, Acc(5): 89.00, F1: 0.08, Recall: 0.09, Precision: 0.08
2023-06-19 16:32:30,260 - AUGCON - INFO - 	Validation Loss: 1.7613, Acc(1): 47.33, Acc(5): 87.00, F1: 0.09, Recall: 0.10, Precision: 0.09
