2023-06-19 16:31:50,195 - AUGCON - INFO - logger initialized (/home/hjyoon/projects/augcon/config/exp0/finetune_da_false/without_target_domain_WA0003-hskim/metacpc_random_8421/tgt_target_domain_PH0007-jskim_seed0.yaml.log)
2023-06-19 16:31:50,195 - AUGCON - INFO - ================= Config =================
2023-06-19 16:31:50,195 - AUGCON - INFO -   mode: finetune
2023-06-19 16:31:50,195 - AUGCON - INFO -   seed: 0
2023-06-19 16:31:50,195 - AUGCON - INFO -   gpu: [0]
2023-06-19 16:31:50,195 - AUGCON - INFO -   num_workers: 1
2023-06-19 16:31:50,195 - AUGCON - INFO -   dist_url: tcp://localhost:10001
2023-06-19 16:31:50,196 - AUGCON - INFO -   dataset_name: ichar
2023-06-19 16:31:50,196 - AUGCON - INFO -   train_dataset_path: /mnt/sting/hjyoon/projects/cross/ICHAR/augcon/target_domain_PH0007-jskim/finetune/10shot/target/train.pkl
2023-06-19 16:31:50,196 - AUGCON - INFO -   test_dataset_path: /mnt/sting/hjyoon/projects/cross/ICHAR/augcon/target_domain_PH0007-jskim/finetune/10shot/target/test.pkl
2023-06-19 16:31:50,196 - AUGCON - INFO -   val_dataset_path: /mnt/sting/hjyoon/projects/cross/ICHAR/augcon/target_domain_PH0007-jskim/finetune/10shot/target/val.pkl
2023-06-19 16:31:50,196 - AUGCON - INFO -   input_channels: 3
2023-06-19 16:31:50,196 - AUGCON - INFO -   num_cls: 9
2023-06-19 16:31:50,196 - AUGCON - INFO -   optimizer: adam
2023-06-19 16:31:50,196 - AUGCON - INFO -   criterion: crossentropy
2023-06-19 16:31:50,196 - AUGCON - INFO -   start_epoch: 0
2023-06-19 16:31:50,196 - AUGCON - INFO -   epochs: 50
2023-06-19 16:31:50,196 - AUGCON - INFO -   batch_size: 4
2023-06-19 16:31:50,196 - AUGCON - INFO -   lr: 0.001
2023-06-19 16:31:50,196 - AUGCON - INFO -   wd: 0.0
2023-06-19 16:31:50,196 - AUGCON - INFO -   resume: 
2023-06-19 16:31:50,196 - AUGCON - INFO -   pretrained: /mnt/sting/hjyoon/projects/augcontrast/models/exp0/pretrain/without_target_domain_WA0003-hskim/metacpc_random_8421/checkpoint_0999.pth.tar
2023-06-19 16:31:50,196 - AUGCON - INFO -   ckpt_dir: /mnt/sting/hjyoon/projects/augcontrast/models/exp0/finetune_da_false/without_target_domain_WA0003-hskim/metacpc_random_8421/tgt_target_domain_PH0007-jskim_seed0
2023-06-19 16:31:50,196 - AUGCON - INFO -   log_freq: 5
2023-06-19 16:31:50,196 - AUGCON - INFO -   save_freq: 10
2023-06-19 16:31:50,196 - AUGCON - INFO -   pretext: metacpc
2023-06-19 16:31:50,196 - AUGCON - INFO -   enc_blocks: 4
2023-06-19 16:31:50,196 - AUGCON - INFO -   kernel_sizes: [8, 4, 2, 1]
2023-06-19 16:31:50,196 - AUGCON - INFO -   strides: [4, 2, 1, 1]
2023-06-19 16:31:50,196 - AUGCON - INFO -   agg_blocks: 5
2023-06-19 16:31:50,196 - AUGCON - INFO -   z_dim: 256
2023-06-19 16:31:50,196 - AUGCON - INFO -   pooling: mean
2023-06-19 16:31:50,196 - AUGCON - INFO -   pred_steps: 12
2023-06-19 16:31:50,196 - AUGCON - INFO -   n_negatives: 15
2023-06-19 16:31:50,196 - AUGCON - INFO -   offset: 4
2023-06-19 16:31:50,196 - AUGCON - INFO -   domain_adaptation: False
2023-06-19 16:31:50,196 - AUGCON - INFO -   task_steps: 10
2023-06-19 16:31:50,196 - AUGCON - INFO -   task_lr: 0.001
2023-06-19 16:31:50,196 - AUGCON - INFO -   reg_lambda: 0
2023-06-19 16:31:50,196 - AUGCON - INFO -   mlp: False
2023-06-19 16:31:50,196 - AUGCON - INFO -   freeze: True
2023-06-19 16:31:50,196 - AUGCON - INFO -   no_vars: False
2023-06-19 16:31:50,196 - AUGCON - INFO - ==========================================
2023-06-19 16:31:50,196 - AUGCON - INFO - Setting GPUs: [0]
2023-06-19 16:31:50,197 - AUGCON - INFO - GPUs [0] will be used
2023-06-19 16:31:50,197 - AUGCON - WARNING - You have chosen to seed training. 
2023-06-19 16:31:50,197 - AUGCON - WARNING - This will turn on the CUDNN deterministic setting, 
2023-06-19 16:31:50,197 - AUGCON - WARNING - which can slow down your training considerably! 
2023-06-19 16:31:50,197 - AUGCON - WARNING - You may see unexpected behavior when restarting 
2023-06-19 16:31:50,197 - AUGCON - WARNING - from checkpoints.
2023-06-19 16:31:50,226 - AUGCON - INFO - Executing MetaCPC
2023-06-19 16:31:50,227 - AUGCON - INFO - Logs are skipped during training
2023-06-19 16:32:09,630 - AUGCON - INFO - Single GPU is used for training - training 90 instances for each worker
2023-06-19 16:32:09,630 - AUGCON - INFO - Loading pretrained model from checkpoint - /mnt/sting/hjyoon/projects/augcontrast/models/exp0/pretrain/without_target_domain_WA0003-hskim/metacpc_random_8421/checkpoint_0999.pth.tar
2023-06-19 16:32:09,630 - AUGCON - INFO - Missing keys: []
2023-06-19 16:32:09,630 - AUGCON - INFO - Loading encoder parameters to the classifier
2023-06-19 16:32:09,630 - AUGCON - INFO - Missing keys: ['classifier.block.0.weight', 'classifier.block.0.bias']
2023-06-19 16:32:09,630 - AUGCON - INFO - Epoch [1/50]-(0/22) Loss: 2.2326, Acc(1): 0.00, Acc(5): 50.00
2023-06-19 16:32:09,630 - AUGCON - INFO - Epoch [1/50]-(5/22) Loss: 2.1397, Acc(1): 0.00, Acc(5): 75.00
2023-06-19 16:32:09,630 - AUGCON - INFO - Epoch [1/50]-(10/22) Loss: 2.8244, Acc(1): 0.00, Acc(5): 50.00
2023-06-19 16:32:09,630 - AUGCON - INFO - Epoch [1/50]-(15/22) Loss: 2.8175, Acc(1): 0.00, Acc(5): 50.00
2023-06-19 16:32:09,631 - AUGCON - INFO - Epoch [1/50]-(20/22) Loss: 2.7444, Acc(1): 0.00, Acc(5): 25.00
2023-06-19 16:32:09,631 - AUGCON - INFO - 	Validation Loss: 2.2114, Acc(1): 24.00, Acc(5): 58.00, F1: 0.09, Recall: 0.08, Precision: 0.12
2023-06-19 16:32:09,631 - AUGCON - INFO - Epoch [2/50]-(0/22) Loss: 2.3347, Acc(1): 0.00, Acc(5): 25.00
2023-06-19 16:32:09,631 - AUGCON - INFO - Epoch [2/50]-(5/22) Loss: 2.3961, Acc(1): 0.00, Acc(5): 50.00
2023-06-19 16:32:09,631 - AUGCON - INFO - Epoch [2/50]-(10/22) Loss: 2.5762, Acc(1): 0.00, Acc(5): 25.00
2023-06-19 16:32:09,631 - AUGCON - INFO - Epoch [2/50]-(15/22) Loss: 2.4256, Acc(1): 0.00, Acc(5): 50.00
2023-06-19 16:32:09,631 - AUGCON - INFO - Epoch [2/50]-(20/22) Loss: 2.2295, Acc(1): 25.00, Acc(5): 50.00
2023-06-19 16:32:09,631 - AUGCON - INFO - 	Validation Loss: 2.2112, Acc(1): 15.00, Acc(5): 50.00, F1: 0.04, Recall: 0.05, Precision: 0.04
2023-06-19 16:32:09,631 - AUGCON - INFO - Epoch [3/50]-(0/22) Loss: 2.1117, Acc(1): 0.00, Acc(5): 100.00
2023-06-19 16:32:09,631 - AUGCON - INFO - Epoch [3/50]-(5/22) Loss: 2.3627, Acc(1): 0.00, Acc(5): 25.00
2023-06-19 16:32:09,631 - AUGCON - INFO - Epoch [3/50]-(10/22) Loss: 2.3322, Acc(1): 0.00, Acc(5): 50.00
2023-06-19 16:32:09,631 - AUGCON - INFO - Epoch [3/50]-(15/22) Loss: 2.4012, Acc(1): 0.00, Acc(5): 25.00
2023-06-19 16:32:09,631 - AUGCON - INFO - Epoch [3/50]-(20/22) Loss: 2.2409, Acc(1): 25.00, Acc(5): 50.00
2023-06-19 16:32:09,631 - AUGCON - INFO - 	Validation Loss: 2.1999, Acc(1): 5.00, Acc(5): 55.00, F1: 0.02, Recall: 0.02, Precision: 0.01
2023-06-19 16:32:09,631 - AUGCON - INFO - Epoch [4/50]-(0/22) Loss: 2.1592, Acc(1): 25.00, Acc(5): 50.00
2023-06-19 16:32:09,631 - AUGCON - INFO - Epoch [4/50]-(5/22) Loss: 2.2265, Acc(1): 0.00, Acc(5): 50.00
2023-06-19 16:32:09,632 - AUGCON - INFO - Epoch [4/50]-(10/22) Loss: 2.1907, Acc(1): 0.00, Acc(5): 75.00
2023-06-19 16:32:09,632 - AUGCON - INFO - Epoch [4/50]-(15/22) Loss: 2.3293, Acc(1): 25.00, Acc(5): 50.00
2023-06-19 16:32:09,632 - AUGCON - INFO - Epoch [4/50]-(20/22) Loss: 2.3659, Acc(1): 0.00, Acc(5): 25.00
2023-06-19 16:32:09,632 - AUGCON - INFO - 	Validation Loss: 2.1981, Acc(1): 14.00, Acc(5): 67.00, F1: 0.04, Recall: 0.05, Precision: 0.04
2023-06-19 16:32:09,632 - AUGCON - INFO - Epoch [5/50]-(0/22) Loss: 2.1067, Acc(1): 25.00, Acc(5): 75.00
2023-06-19 16:32:09,632 - AUGCON - INFO - Epoch [5/50]-(5/22) Loss: 2.4184, Acc(1): 0.00, Acc(5): 0.00
2023-06-19 16:32:09,632 - AUGCON - INFO - Epoch [5/50]-(10/22) Loss: 2.2693, Acc(1): 0.00, Acc(5): 75.00
2023-06-19 16:32:09,632 - AUGCON - INFO - Epoch [5/50]-(15/22) Loss: 2.3651, Acc(1): 25.00, Acc(5): 25.00
2023-06-19 16:32:09,632 - AUGCON - INFO - Epoch [5/50]-(20/22) Loss: 2.2462, Acc(1): 0.00, Acc(5): 25.00
2023-06-19 16:32:09,632 - AUGCON - INFO - 	Validation Loss: 2.2329, Acc(1): 5.00, Acc(5): 51.00, F1: 0.01, Recall: 0.02, Precision: 0.01
2023-06-19 16:32:09,632 - AUGCON - INFO - Epoch [6/50]-(0/22) Loss: 2.0735, Acc(1): 0.00, Acc(5): 100.00
2023-06-19 16:32:09,632 - AUGCON - INFO - Epoch [6/50]-(5/22) Loss: 2.3248, Acc(1): 0.00, Acc(5): 25.00
2023-06-19 16:32:09,632 - AUGCON - INFO - Epoch [6/50]-(10/22) Loss: 2.3354, Acc(1): 0.00, Acc(5): 50.00
2023-06-19 16:32:09,632 - AUGCON - INFO - Epoch [6/50]-(15/22) Loss: 2.2274, Acc(1): 0.00, Acc(5): 25.00
2023-06-19 16:32:09,633 - AUGCON - INFO - Epoch [6/50]-(20/22) Loss: 2.5633, Acc(1): 0.00, Acc(5): 0.00
2023-06-19 16:32:09,633 - AUGCON - INFO - 	Validation Loss: 2.1397, Acc(1): 25.00, Acc(5): 79.00, F1: 0.07, Recall: 0.07, Precision: 0.07
2023-06-19 16:32:09,633 - AUGCON - INFO - Epoch [7/50]-(0/22) Loss: 2.1558, Acc(1): 25.00, Acc(5): 75.00
2023-06-19 16:32:09,633 - AUGCON - INFO - Epoch [7/50]-(5/22) Loss: 2.3559, Acc(1): 0.00, Acc(5): 50.00
2023-06-19 16:32:09,633 - AUGCON - INFO - Epoch [7/50]-(10/22) Loss: 2.1345, Acc(1): 25.00, Acc(5): 75.00
2023-06-19 16:32:09,633 - AUGCON - INFO - Epoch [7/50]-(15/22) Loss: 2.2611, Acc(1): 0.00, Acc(5): 50.00
2023-06-19 16:32:09,633 - AUGCON - INFO - Epoch [7/50]-(20/22) Loss: 2.3579, Acc(1): 0.00, Acc(5): 25.00
2023-06-19 16:32:09,633 - AUGCON - INFO - 	Validation Loss: 2.2147, Acc(1): 6.00, Acc(5): 58.00, F1: 0.01, Recall: 0.02, Precision: 0.01
2023-06-19 16:32:09,633 - AUGCON - INFO - Epoch [8/50]-(0/22) Loss: 2.2896, Acc(1): 0.00, Acc(5): 25.00
2023-06-19 16:32:09,633 - AUGCON - INFO - Epoch [8/50]-(5/22) Loss: 2.2469, Acc(1): 0.00, Acc(5): 50.00
2023-06-19 16:32:09,633 - AUGCON - INFO - Epoch [8/50]-(10/22) Loss: 2.5818, Acc(1): 0.00, Acc(5): 25.00
2023-06-19 16:32:09,633 - AUGCON - INFO - Epoch [8/50]-(15/22) Loss: 2.1911, Acc(1): 25.00, Acc(5): 50.00
2023-06-19 16:32:09,633 - AUGCON - INFO - Epoch [8/50]-(20/22) Loss: 2.4613, Acc(1): 0.00, Acc(5): 0.00
2023-06-19 16:32:09,633 - AUGCON - INFO - 	Validation Loss: 2.1730, Acc(1): 10.00, Acc(5): 65.00, F1: 0.02, Recall: 0.03, Precision: 0.01
2023-06-19 16:32:09,634 - AUGCON - INFO - Epoch [9/50]-(0/22) Loss: 2.1937, Acc(1): 25.00, Acc(5): 25.00
2023-06-19 16:32:09,634 - AUGCON - INFO - Epoch [9/50]-(5/22) Loss: 2.1894, Acc(1): 0.00, Acc(5): 75.00
2023-06-19 16:32:09,634 - AUGCON - INFO - Epoch [9/50]-(10/22) Loss: 2.0878, Acc(1): 50.00, Acc(5): 75.00
2023-06-19 16:32:09,634 - AUGCON - INFO - Epoch [9/50]-(15/22) Loss: 2.2995, Acc(1): 0.00, Acc(5): 25.00
2023-06-19 16:32:09,634 - AUGCON - INFO - Epoch [9/50]-(20/22) Loss: 2.3010, Acc(1): 0.00, Acc(5): 25.00
2023-06-19 16:32:09,634 - AUGCON - INFO - 	Validation Loss: 2.1980, Acc(1): 6.00, Acc(5): 59.00, F1: 0.01, Recall: 0.02, Precision: 0.01
2023-06-19 16:32:09,634 - AUGCON - INFO - Epoch [10/50]-(0/22) Loss: 2.1760, Acc(1): 25.00, Acc(5): 50.00
2023-06-19 16:32:09,634 - AUGCON - INFO - Epoch [10/50]-(5/22) Loss: 2.1491, Acc(1): 25.00, Acc(5): 50.00
2023-06-19 16:32:09,634 - AUGCON - INFO - Epoch [10/50]-(10/22) Loss: 2.0866, Acc(1): 25.00, Acc(5): 75.00
2023-06-19 16:32:09,634 - AUGCON - INFO - Epoch [10/50]-(15/22) Loss: 2.2306, Acc(1): 0.00, Acc(5): 75.00
2023-06-19 16:32:09,634 - AUGCON - INFO - Epoch [10/50]-(20/22) Loss: 2.4068, Acc(1): 0.00, Acc(5): 25.00
2023-06-19 16:32:09,634 - AUGCON - INFO - 	Validation Loss: 2.1454, Acc(1): 16.00, Acc(5): 79.00, F1: 0.01, Recall: 0.00, Precision: 0.25
2023-06-19 16:32:09,634 - AUGCON - INFO - Epoch [11/50]-(0/22) Loss: 2.2637, Acc(1): 25.00, Acc(5): 25.00
2023-06-19 16:32:09,634 - AUGCON - INFO - Epoch [11/50]-(5/22) Loss: 2.4192, Acc(1): 0.00, Acc(5): 25.00
2023-06-19 16:32:09,634 - AUGCON - INFO - Epoch [11/50]-(10/22) Loss: 2.1068, Acc(1): 25.00, Acc(5): 50.00
2023-06-19 16:32:09,634 - AUGCON - INFO - Epoch [11/50]-(15/22) Loss: 2.4790, Acc(1): 0.00, Acc(5): 50.00
2023-06-19 16:32:09,635 - AUGCON - INFO - Epoch [11/50]-(20/22) Loss: 2.2812, Acc(1): 25.00, Acc(5): 75.00
2023-06-19 16:32:09,635 - AUGCON - INFO - 	Validation Loss: 2.2180, Acc(1): 10.00, Acc(5): 64.00, F1: 0.02, Recall: 0.03, Precision: 0.02
2023-06-19 16:32:09,635 - AUGCON - INFO - Epoch [12/50]-(0/22) Loss: 2.2699, Acc(1): 0.00, Acc(5): 50.00
2023-06-19 16:32:09,635 - AUGCON - INFO - Epoch [12/50]-(5/22) Loss: 2.2045, Acc(1): 0.00, Acc(5): 50.00
2023-06-19 16:32:09,635 - AUGCON - INFO - Epoch [12/50]-(10/22) Loss: 2.0966, Acc(1): 50.00, Acc(5): 75.00
2023-06-19 16:32:09,635 - AUGCON - INFO - Epoch [12/50]-(15/22) Loss: 2.2955, Acc(1): 0.00, Acc(5): 25.00
2023-06-19 16:32:09,635 - AUGCON - INFO - Epoch [12/50]-(20/22) Loss: 2.3793, Acc(1): 0.00, Acc(5): 25.00
2023-06-19 16:32:09,635 - AUGCON - INFO - 	Validation Loss: 2.1727, Acc(1): 16.00, Acc(5): 56.00, F1: 0.05, Recall: 0.05, Precision: 0.04
2023-06-19 16:32:09,635 - AUGCON - INFO - Epoch [13/50]-(0/22) Loss: 2.1689, Acc(1): 25.00, Acc(5): 50.00
2023-06-19 16:32:09,635 - AUGCON - INFO - Epoch [13/50]-(5/22) Loss: 2.2291, Acc(1): 0.00, Acc(5): 75.00
2023-06-19 16:32:09,635 - AUGCON - INFO - Epoch [13/50]-(10/22) Loss: 2.2945, Acc(1): 0.00, Acc(5): 50.00
2023-06-19 16:32:09,635 - AUGCON - INFO - Epoch [13/50]-(15/22) Loss: 2.4264, Acc(1): 0.00, Acc(5): 25.00
2023-06-19 16:32:09,635 - AUGCON - INFO - Epoch [13/50]-(20/22) Loss: 2.2334, Acc(1): 0.00, Acc(5): 50.00
2023-06-19 16:32:09,635 - AUGCON - INFO - 	Validation Loss: 2.1703, Acc(1): 11.00, Acc(5): 70.00, F1: 0.03, Recall: 0.04, Precision: 0.02
2023-06-19 16:32:09,635 - AUGCON - INFO - Epoch [14/50]-(0/22) Loss: 2.2081, Acc(1): 0.00, Acc(5): 50.00
2023-06-19 16:32:09,635 - AUGCON - INFO - Epoch [14/50]-(5/22) Loss: 2.0479, Acc(1): 0.00, Acc(5): 100.00
2023-06-19 16:32:09,636 - AUGCON - INFO - Epoch [14/50]-(10/22) Loss: 2.1397, Acc(1): 0.00, Acc(5): 75.00
2023-06-19 16:32:09,636 - AUGCON - INFO - Epoch [14/50]-(15/22) Loss: 2.4283, Acc(1): 0.00, Acc(5): 25.00
2023-06-19 16:32:09,636 - AUGCON - INFO - Epoch [14/50]-(20/22) Loss: 2.5118, Acc(1): 0.00, Acc(5): 25.00
2023-06-19 16:32:09,636 - AUGCON - INFO - 	Validation Loss: 2.2470, Acc(1): 15.00, Acc(5): 51.00, F1: 0.03, Recall: 0.05, Precision: 0.02
2023-06-19 16:32:09,636 - AUGCON - INFO - Epoch [15/50]-(0/22) Loss: 2.2629, Acc(1): 0.00, Acc(5): 50.00
2023-06-19 16:32:09,636 - AUGCON - INFO - Epoch [15/50]-(5/22) Loss: 2.3592, Acc(1): 0.00, Acc(5): 25.00
2023-06-19 16:32:09,636 - AUGCON - INFO - Epoch [15/50]-(10/22) Loss: 2.0652, Acc(1): 0.00, Acc(5): 75.00
2023-06-19 16:32:09,636 - AUGCON - INFO - Epoch [15/50]-(15/22) Loss: 2.3680, Acc(1): 0.00, Acc(5): 25.00
2023-06-19 16:32:09,636 - AUGCON - INFO - Epoch [15/50]-(20/22) Loss: 2.6478, Acc(1): 0.00, Acc(5): 0.00
2023-06-19 16:32:09,636 - AUGCON - INFO - 	Validation Loss: 2.1521, Acc(1): 24.00, Acc(5): 61.00, F1: 0.09, Recall: 0.08, Precision: 0.12
2023-06-19 16:32:09,636 - AUGCON - INFO - Epoch [16/50]-(0/22) Loss: 2.1956, Acc(1): 0.00, Acc(5): 50.00
2023-06-19 16:32:09,636 - AUGCON - INFO - Epoch [16/50]-(5/22) Loss: 2.3046, Acc(1): 0.00, Acc(5): 50.00
2023-06-19 16:32:09,636 - AUGCON - INFO - Epoch [16/50]-(10/22) Loss: 2.4802, Acc(1): 0.00, Acc(5): 0.00
2023-06-19 16:32:09,636 - AUGCON - INFO - Epoch [16/50]-(15/22) Loss: 2.3638, Acc(1): 0.00, Acc(5): 50.00
2023-06-19 16:32:09,637 - AUGCON - INFO - Epoch [16/50]-(20/22) Loss: 2.3052, Acc(1): 0.00, Acc(5): 50.00
2023-06-19 16:32:09,637 - AUGCON - INFO - 	Validation Loss: 2.1811, Acc(1): 12.00, Acc(5): 59.00, F1: 0.02, Recall: 0.04, Precision: 0.02
2023-06-19 16:32:09,637 - AUGCON - INFO - Epoch [17/50]-(0/22) Loss: 2.3143, Acc(1): 0.00, Acc(5): 50.00
2023-06-19 16:32:09,637 - AUGCON - INFO - Epoch [17/50]-(5/22) Loss: 2.2636, Acc(1): 0.00, Acc(5): 50.00
2023-06-19 16:32:09,637 - AUGCON - INFO - Epoch [17/50]-(10/22) Loss: 2.4152, Acc(1): 0.00, Acc(5): 50.00
2023-06-19 16:32:09,637 - AUGCON - INFO - Epoch [17/50]-(15/22) Loss: 2.2721, Acc(1): 0.00, Acc(5): 75.00
2023-06-19 16:32:09,637 - AUGCON - INFO - Epoch [17/50]-(20/22) Loss: 2.2377, Acc(1): 0.00, Acc(5): 25.00
2023-06-19 16:32:09,637 - AUGCON - INFO - 	Validation Loss: 2.1527, Acc(1): 16.00, Acc(5): 88.00, F1: 0.01, Recall: 0.01, Precision: 0.01
2023-06-19 16:32:09,637 - AUGCON - INFO - Epoch [18/50]-(0/22) Loss: 2.0860, Acc(1): 25.00, Acc(5): 100.00
2023-06-19 16:32:09,637 - AUGCON - INFO - Epoch [18/50]-(5/22) Loss: 2.1105, Acc(1): 25.00, Acc(5): 75.00
2023-06-19 16:32:09,637 - AUGCON - INFO - Epoch [18/50]-(10/22) Loss: 2.6266, Acc(1): 0.00, Acc(5): 25.00
2023-06-19 16:32:09,637 - AUGCON - INFO - Epoch [18/50]-(15/22) Loss: 2.1617, Acc(1): 0.00, Acc(5): 75.00
2023-06-19 16:32:09,637 - AUGCON - INFO - Epoch [18/50]-(20/22) Loss: 2.1165, Acc(1): 25.00, Acc(5): 75.00
2023-06-19 16:32:09,637 - AUGCON - INFO - 	Validation Loss: 2.1214, Acc(1): 17.00, Acc(5): 83.00, F1: 0.04, Recall: 0.05, Precision: 0.03
2023-06-19 16:32:09,637 - AUGCON - INFO - Epoch [19/50]-(0/22) Loss: 2.0959, Acc(1): 0.00, Acc(5): 100.00
2023-06-19 16:32:09,638 - AUGCON - INFO - Epoch [19/50]-(5/22) Loss: 2.4626, Acc(1): 0.00, Acc(5): 25.00
2023-06-19 16:32:09,638 - AUGCON - INFO - Epoch [19/50]-(10/22) Loss: 2.3880, Acc(1): 0.00, Acc(5): 50.00
2023-06-19 16:32:09,638 - AUGCON - INFO - Epoch [19/50]-(15/22) Loss: 2.3767, Acc(1): 0.00, Acc(5): 50.00
2023-06-19 16:32:09,638 - AUGCON - INFO - Epoch [19/50]-(20/22) Loss: 2.1063, Acc(1): 25.00, Acc(5): 75.00
2023-06-19 16:32:09,638 - AUGCON - INFO - 	Validation Loss: 2.1182, Acc(1): 19.00, Acc(5): 83.00, F1: 0.06, Recall: 0.06, Precision: 0.07
2023-06-19 16:32:09,638 - AUGCON - INFO - Epoch [20/50]-(0/22) Loss: 2.1487, Acc(1): 25.00, Acc(5): 75.00
2023-06-19 16:32:09,638 - AUGCON - INFO - Epoch [20/50]-(5/22) Loss: 2.0139, Acc(1): 50.00, Acc(5): 100.00
2023-06-19 16:32:09,638 - AUGCON - INFO - Epoch [20/50]-(10/22) Loss: 2.1925, Acc(1): 25.00, Acc(5): 75.00
2023-06-19 16:32:09,638 - AUGCON - INFO - Epoch [20/50]-(15/22) Loss: 2.3621, Acc(1): 0.00, Acc(5): 25.00
2023-06-19 16:32:09,638 - AUGCON - INFO - Epoch [20/50]-(20/22) Loss: 2.2297, Acc(1): 0.00, Acc(5): 50.00
2023-06-19 16:32:09,638 - AUGCON - INFO - 	Validation Loss: 2.1495, Acc(1): 16.00, Acc(5): 72.00, F1: 0.01, Recall: 0.00, Precision: 0.25
2023-06-19 16:32:09,638 - AUGCON - INFO - Epoch [21/50]-(0/22) Loss: 2.0114, Acc(1): 50.00, Acc(5): 100.00
2023-06-19 16:32:09,638 - AUGCON - INFO - Epoch [21/50]-(5/22) Loss: 2.1690, Acc(1): 25.00, Acc(5): 50.00
2023-06-19 16:32:09,638 - AUGCON - INFO - Epoch [21/50]-(10/22) Loss: 2.2842, Acc(1): 0.00, Acc(5): 75.00
2023-06-19 16:32:09,638 - AUGCON - INFO - Epoch [21/50]-(15/22) Loss: 2.1592, Acc(1): 25.00, Acc(5): 75.00
2023-06-19 16:32:09,638 - AUGCON - INFO - Epoch [21/50]-(20/22) Loss: 2.3144, Acc(1): 0.00, Acc(5): 50.00
2023-06-19 16:32:09,639 - AUGCON - INFO - 	Validation Loss: 2.1327, Acc(1): 23.00, Acc(5): 73.00, F1: 0.08, Recall: 0.07, Precision: 0.09
2023-06-19 16:32:09,639 - AUGCON - INFO - Epoch [22/50]-(0/22) Loss: 2.2519, Acc(1): 0.00, Acc(5): 50.00
2023-06-19 16:32:09,639 - AUGCON - INFO - Epoch [22/50]-(5/22) Loss: 2.2492, Acc(1): 0.00, Acc(5): 75.00
2023-06-19 16:32:09,639 - AUGCON - INFO - Epoch [22/50]-(10/22) Loss: 2.2588, Acc(1): 25.00, Acc(5): 75.00
2023-06-19 16:32:09,639 - AUGCON - INFO - Epoch [22/50]-(15/22) Loss: 2.1876, Acc(1): 0.00, Acc(5): 75.00
2023-06-19 16:32:09,639 - AUGCON - INFO - Epoch [22/50]-(20/22) Loss: 2.2259, Acc(1): 25.00, Acc(5): 50.00
2023-06-19 16:32:09,639 - AUGCON - INFO - 	Validation Loss: 2.1495, Acc(1): 13.00, Acc(5): 67.00, F1: 0.03, Recall: 0.04, Precision: 0.02
2023-06-19 16:32:09,639 - AUGCON - INFO - Epoch [23/50]-(0/22) Loss: 2.1104, Acc(1): 0.00, Acc(5): 75.00
2023-06-19 16:32:09,639 - AUGCON - INFO - Epoch [23/50]-(5/22) Loss: 2.1049, Acc(1): 25.00, Acc(5): 75.00
2023-06-19 16:32:09,639 - AUGCON - INFO - Epoch [23/50]-(10/22) Loss: 2.1814, Acc(1): 0.00, Acc(5): 100.00
2023-06-19 16:32:09,639 - AUGCON - INFO - Epoch [23/50]-(15/22) Loss: 2.3865, Acc(1): 0.00, Acc(5): 25.00
2023-06-19 16:32:09,639 - AUGCON - INFO - Epoch [23/50]-(20/22) Loss: 2.1074, Acc(1): 25.00, Acc(5): 75.00
2023-06-19 16:32:09,639 - AUGCON - INFO - 	Validation Loss: 2.1829, Acc(1): 15.00, Acc(5): 59.00, F1: 0.05, Recall: 0.05, Precision: 0.05
2023-06-19 16:32:09,639 - AUGCON - INFO - Epoch [24/50]-(0/22) Loss: 2.2347, Acc(1): 0.00, Acc(5): 75.00
2023-06-19 16:32:09,639 - AUGCON - INFO - Epoch [24/50]-(5/22) Loss: 2.0450, Acc(1): 75.00, Acc(5): 75.00
2023-06-19 16:32:09,639 - AUGCON - INFO - Epoch [24/50]-(10/22) Loss: 2.2643, Acc(1): 25.00, Acc(5): 25.00
2023-06-19 16:32:09,639 - AUGCON - INFO - Epoch [24/50]-(15/22) Loss: 2.3390, Acc(1): 0.00, Acc(5): 50.00
2023-06-19 16:32:09,640 - AUGCON - INFO - Epoch [24/50]-(20/22) Loss: 2.1908, Acc(1): 0.00, Acc(5): 75.00
2023-06-19 16:32:09,640 - AUGCON - INFO - 	Validation Loss: 2.1259, Acc(1): 28.00, Acc(5): 76.00, F1: 0.07, Recall: 0.07, Precision: 0.06
2023-06-19 16:32:09,640 - AUGCON - INFO - Epoch [25/50]-(0/22) Loss: 2.1093, Acc(1): 25.00, Acc(5): 100.00
2023-06-19 16:32:09,640 - AUGCON - INFO - Epoch [25/50]-(5/22) Loss: 1.9663, Acc(1): 50.00, Acc(5): 100.00
2023-06-19 16:32:09,640 - AUGCON - INFO - Epoch [25/50]-(10/22) Loss: 2.1224, Acc(1): 0.00, Acc(5): 75.00
2023-06-19 16:32:09,640 - AUGCON - INFO - Epoch [25/50]-(15/22) Loss: 2.3058, Acc(1): 25.00, Acc(5): 50.00
2023-06-19 16:32:09,640 - AUGCON - INFO - Epoch [25/50]-(20/22) Loss: 2.0708, Acc(1): 25.00, Acc(5): 75.00
2023-06-19 16:32:09,640 - AUGCON - INFO - 	Validation Loss: 2.1591, Acc(1): 14.00, Acc(5): 71.00, F1: 0.03, Recall: 0.05, Precision: 0.03
2023-06-19 16:32:09,640 - AUGCON - INFO - Epoch [26/50]-(0/22) Loss: 2.0187, Acc(1): 0.00, Acc(5): 100.00
2023-06-19 16:32:09,640 - AUGCON - INFO - Epoch [26/50]-(5/22) Loss: 2.1162, Acc(1): 0.00, Acc(5): 100.00
2023-06-19 16:32:09,640 - AUGCON - INFO - Epoch [26/50]-(10/22) Loss: 2.4629, Acc(1): 0.00, Acc(5): 25.00
2023-06-19 16:32:09,640 - AUGCON - INFO - Epoch [26/50]-(15/22) Loss: 2.0891, Acc(1): 25.00, Acc(5): 75.00
2023-06-19 16:32:09,640 - AUGCON - INFO - Epoch [26/50]-(20/22) Loss: 2.3178, Acc(1): 0.00, Acc(5): 25.00
2023-06-19 16:32:09,640 - AUGCON - INFO - 	Validation Loss: 2.1380, Acc(1): 20.00, Acc(5): 73.00, F1: 0.03, Recall: 0.04, Precision: 0.02
2023-06-19 16:32:09,640 - AUGCON - INFO - Epoch [27/50]-(0/22) Loss: 2.2431, Acc(1): 0.00, Acc(5): 50.00
2023-06-19 16:32:09,641 - AUGCON - INFO - Epoch [27/50]-(5/22) Loss: 2.2639, Acc(1): 0.00, Acc(5): 25.00
2023-06-19 16:32:09,641 - AUGCON - INFO - Epoch [27/50]-(10/22) Loss: 2.2325, Acc(1): 0.00, Acc(5): 100.00
2023-06-19 16:32:09,641 - AUGCON - INFO - Epoch [27/50]-(15/22) Loss: 2.2461, Acc(1): 0.00, Acc(5): 50.00
2023-06-19 16:32:09,641 - AUGCON - INFO - Epoch [27/50]-(20/22) Loss: 2.1118, Acc(1): 25.00, Acc(5): 75.00
2023-06-19 16:32:09,641 - AUGCON - INFO - 	Validation Loss: 2.1066, Acc(1): 26.00, Acc(5): 84.00, F1: 0.09, Recall: 0.08, Precision: 0.09
2023-06-19 16:32:09,641 - AUGCON - INFO - Epoch [28/50]-(0/22) Loss: 2.2008, Acc(1): 0.00, Acc(5): 50.00
2023-06-19 16:32:09,641 - AUGCON - INFO - Epoch [28/50]-(5/22) Loss: 1.9998, Acc(1): 25.00, Acc(5): 75.00
2023-06-19 16:32:09,641 - AUGCON - INFO - Epoch [28/50]-(10/22) Loss: 2.0652, Acc(1): 25.00, Acc(5): 100.00
2023-06-19 16:32:09,641 - AUGCON - INFO - Epoch [28/50]-(15/22) Loss: 2.0628, Acc(1): 50.00, Acc(5): 50.00
2023-06-19 16:32:09,641 - AUGCON - INFO - Epoch [28/50]-(20/22) Loss: 2.1851, Acc(1): 25.00, Acc(5): 75.00
2023-06-19 16:32:09,641 - AUGCON - INFO - 	Validation Loss: 2.1019, Acc(1): 34.00, Acc(5): 80.00, F1: 0.13, Recall: 0.11, Precision: 0.17
2023-06-19 16:32:09,641 - AUGCON - INFO - Epoch [29/50]-(0/22) Loss: 1.9037, Acc(1): 100.00, Acc(5): 100.00
2023-06-19 16:32:09,641 - AUGCON - INFO - Epoch [29/50]-(5/22) Loss: 2.2837, Acc(1): 0.00, Acc(5): 50.00
2023-06-19 16:32:09,641 - AUGCON - INFO - Epoch [29/50]-(10/22) Loss: 2.3497, Acc(1): 0.00, Acc(5): 50.00
2023-06-19 16:32:09,641 - AUGCON - INFO - Epoch [29/50]-(15/22) Loss: 2.3590, Acc(1): 0.00, Acc(5): 25.00
2023-06-19 16:32:09,641 - AUGCON - INFO - Epoch [29/50]-(20/22) Loss: 2.1252, Acc(1): 0.00, Acc(5): 100.00
2023-06-19 16:32:09,642 - AUGCON - INFO - 	Validation Loss: 2.1174, Acc(1): 24.00, Acc(5): 76.00, F1: 0.06, Recall: 0.08, Precision: 0.05
2023-06-19 16:32:09,642 - AUGCON - INFO - Epoch [30/50]-(0/22) Loss: 2.0553, Acc(1): 25.00, Acc(5): 75.00
2023-06-19 16:32:09,642 - AUGCON - INFO - Epoch [30/50]-(5/22) Loss: 2.1565, Acc(1): 25.00, Acc(5): 50.00
2023-06-19 16:32:09,642 - AUGCON - INFO - Epoch [30/50]-(10/22) Loss: 2.1494, Acc(1): 0.00, Acc(5): 75.00
2023-06-19 16:32:09,642 - AUGCON - INFO - Epoch [30/50]-(15/22) Loss: 2.2148, Acc(1): 0.00, Acc(5): 25.00
2023-06-19 16:32:09,642 - AUGCON - INFO - Epoch [30/50]-(20/22) Loss: 2.2053, Acc(1): 25.00, Acc(5): 25.00
2023-06-19 16:32:09,642 - AUGCON - INFO - 	Validation Loss: 2.0985, Acc(1): 27.00, Acc(5): 79.00, F1: 0.07, Recall: 0.05, Precision: 0.13
2023-06-19 16:32:09,642 - AUGCON - INFO - Epoch [31/50]-(0/22) Loss: 2.1480, Acc(1): 0.00, Acc(5): 100.00
2023-06-19 16:32:09,642 - AUGCON - INFO - Epoch [31/50]-(5/22) Loss: 2.0746, Acc(1): 25.00, Acc(5): 75.00
2023-06-19 16:32:09,642 - AUGCON - INFO - Epoch [31/50]-(10/22) Loss: 2.1283, Acc(1): 25.00, Acc(5): 75.00
2023-06-19 16:32:09,642 - AUGCON - INFO - Epoch [31/50]-(15/22) Loss: 1.9917, Acc(1): 25.00, Acc(5): 100.00
2023-06-19 16:32:09,643 - AUGCON - INFO - Epoch [31/50]-(20/22) Loss: 2.4094, Acc(1): 0.00, Acc(5): 25.00
2023-06-19 16:32:09,643 - AUGCON - INFO - 	Validation Loss: 2.1238, Acc(1): 18.00, Acc(5): 71.00, F1: 0.07, Recall: 0.06, Precision: 0.09
2023-06-19 16:32:09,643 - AUGCON - INFO - Epoch [32/50]-(0/22) Loss: 1.9449, Acc(1): 25.00, Acc(5): 100.00
2023-06-19 16:32:09,643 - AUGCON - INFO - Epoch [32/50]-(5/22) Loss: 2.0834, Acc(1): 50.00, Acc(5): 50.00
2023-06-19 16:32:09,643 - AUGCON - INFO - Epoch [32/50]-(10/22) Loss: 2.2112, Acc(1): 25.00, Acc(5): 25.00
2023-06-19 16:32:09,643 - AUGCON - INFO - Epoch [32/50]-(15/22) Loss: 2.2552, Acc(1): 0.00, Acc(5): 75.00
2023-06-19 16:32:09,643 - AUGCON - INFO - Epoch [32/50]-(20/22) Loss: 2.2901, Acc(1): 0.00, Acc(5): 50.00
2023-06-19 16:32:09,643 - AUGCON - INFO - 	Validation Loss: 2.1627, Acc(1): 30.00, Acc(5): 55.00, F1: 0.09, Recall: 0.10, Precision: 0.08
2023-06-19 16:32:09,644 - AUGCON - INFO - Epoch [33/50]-(0/22) Loss: 2.0261, Acc(1): 50.00, Acc(5): 75.00
2023-06-19 16:32:09,644 - AUGCON - INFO - Epoch [33/50]-(5/22) Loss: 1.9465, Acc(1): 25.00, Acc(5): 100.00
2023-06-19 16:32:09,644 - AUGCON - INFO - Epoch [33/50]-(10/22) Loss: 2.0447, Acc(1): 25.00, Acc(5): 75.00
2023-06-19 16:32:09,644 - AUGCON - INFO - Epoch [33/50]-(15/22) Loss: 2.2479, Acc(1): 50.00, Acc(5): 50.00
2023-06-19 16:32:09,644 - AUGCON - INFO - Epoch [33/50]-(20/22) Loss: 2.2301, Acc(1): 25.00, Acc(5): 75.00
2023-06-19 16:32:09,644 - AUGCON - INFO - 	Validation Loss: 2.1770, Acc(1): 30.00, Acc(5): 66.00, F1: 0.08, Recall: 0.10, Precision: 0.07
2023-06-19 16:32:09,644 - AUGCON - INFO - Epoch [34/50]-(0/22) Loss: 2.2644, Acc(1): 50.00, Acc(5): 50.00
2023-06-19 16:32:09,644 - AUGCON - INFO - Epoch [34/50]-(5/22) Loss: 2.3968, Acc(1): 0.00, Acc(5): 0.00
2023-06-19 16:32:09,644 - AUGCON - INFO - Epoch [34/50]-(10/22) Loss: 2.2482, Acc(1): 0.00, Acc(5): 75.00
2023-06-19 16:32:09,644 - AUGCON - INFO - Epoch [34/50]-(15/22) Loss: 2.2286, Acc(1): 0.00, Acc(5): 50.00
2023-06-19 16:32:09,644 - AUGCON - INFO - Epoch [34/50]-(20/22) Loss: 2.1417, Acc(1): 25.00, Acc(5): 50.00
2023-06-19 16:32:09,644 - AUGCON - INFO - 	Validation Loss: 2.1418, Acc(1): 17.00, Acc(5): 64.00, F1: 0.04, Recall: 0.05, Precision: 0.03
2023-06-19 16:32:09,644 - AUGCON - INFO - Epoch [35/50]-(0/22) Loss: 2.1559, Acc(1): 0.00, Acc(5): 100.00
2023-06-19 16:32:09,645 - AUGCON - INFO - Epoch [35/50]-(5/22) Loss: 2.1274, Acc(1): 50.00, Acc(5): 75.00
2023-06-19 16:32:09,645 - AUGCON - INFO - Epoch [35/50]-(10/22) Loss: 2.1065, Acc(1): 25.00, Acc(5): 100.00
2023-06-19 16:32:09,645 - AUGCON - INFO - Epoch [35/50]-(15/22) Loss: 2.1524, Acc(1): 0.00, Acc(5): 75.00
2023-06-19 16:32:09,645 - AUGCON - INFO - Epoch [35/50]-(20/22) Loss: 2.3516, Acc(1): 0.00, Acc(5): 25.00
2023-06-19 16:32:09,645 - AUGCON - INFO - 	Validation Loss: 2.1613, Acc(1): 13.00, Acc(5): 53.00, F1: 0.03, Recall: 0.04, Precision: 0.03
2023-06-19 16:32:09,645 - AUGCON - INFO - Epoch [36/50]-(0/22) Loss: 2.2540, Acc(1): 0.00, Acc(5): 25.00
2023-06-19 16:32:09,645 - AUGCON - INFO - Epoch [36/50]-(5/22) Loss: 2.2526, Acc(1): 25.00, Acc(5): 50.00
2023-06-19 16:32:09,645 - AUGCON - INFO - Epoch [36/50]-(10/22) Loss: 2.1983, Acc(1): 0.00, Acc(5): 50.00
2023-06-19 16:32:09,645 - AUGCON - INFO - Epoch [36/50]-(15/22) Loss: 2.2652, Acc(1): 0.00, Acc(5): 75.00
2023-06-19 16:32:09,645 - AUGCON - INFO - Epoch [36/50]-(20/22) Loss: 2.2720, Acc(1): 0.00, Acc(5): 50.00
2023-06-19 16:32:09,645 - AUGCON - INFO - 	Validation Loss: 2.0763, Acc(1): 17.00, Acc(5): 87.00, F1: 0.04, Recall: 0.05, Precision: 0.04
2023-06-19 16:32:09,645 - AUGCON - INFO - Epoch [37/50]-(0/22) Loss: 2.0503, Acc(1): 50.00, Acc(5): 75.00
2023-06-19 16:32:09,645 - AUGCON - INFO - Epoch [37/50]-(5/22) Loss: 1.9634, Acc(1): 25.00, Acc(5): 100.00
2023-06-19 16:32:09,645 - AUGCON - INFO - Epoch [37/50]-(10/22) Loss: 2.2095, Acc(1): 25.00, Acc(5): 50.00
2023-06-19 16:32:09,645 - AUGCON - INFO - Epoch [37/50]-(15/22) Loss: 2.0773, Acc(1): 0.00, Acc(5): 75.00
2023-06-19 16:32:09,646 - AUGCON - INFO - Epoch [37/50]-(20/22) Loss: 2.1066, Acc(1): 50.00, Acc(5): 75.00
2023-06-19 16:32:09,646 - AUGCON - INFO - 	Validation Loss: 2.0712, Acc(1): 21.00, Acc(5): 87.00, F1: 0.05, Recall: 0.07, Precision: 0.05
2023-06-19 16:32:09,646 - AUGCON - INFO - Epoch [38/50]-(0/22) Loss: 1.9816, Acc(1): 50.00, Acc(5): 100.00
2023-06-19 16:32:09,646 - AUGCON - INFO - Epoch [38/50]-(5/22) Loss: 2.3930, Acc(1): 25.00, Acc(5): 25.00
2023-06-19 16:32:09,646 - AUGCON - INFO - Epoch [38/50]-(10/22) Loss: 2.3287, Acc(1): 25.00, Acc(5): 50.00
2023-06-19 16:32:09,646 - AUGCON - INFO - Epoch [38/50]-(15/22) Loss: 2.1702, Acc(1): 0.00, Acc(5): 100.00
2023-06-19 16:32:09,646 - AUGCON - INFO - Epoch [38/50]-(20/22) Loss: 2.1561, Acc(1): 0.00, Acc(5): 75.00
2023-06-19 16:32:09,646 - AUGCON - INFO - 	Validation Loss: 2.0872, Acc(1): 25.00, Acc(5): 72.00, F1: 0.08, Recall: 0.07, Precision: 0.09
2023-06-19 16:32:09,646 - AUGCON - INFO - Epoch [39/50]-(0/22) Loss: 1.9729, Acc(1): 50.00, Acc(5): 100.00
2023-06-19 16:32:09,646 - AUGCON - INFO - Epoch [39/50]-(5/22) Loss: 2.1436, Acc(1): 0.00, Acc(5): 75.00
2023-06-19 16:32:09,646 - AUGCON - INFO - Epoch [39/50]-(10/22) Loss: 2.0668, Acc(1): 50.00, Acc(5): 75.00
2023-06-19 16:32:09,646 - AUGCON - INFO - Epoch [39/50]-(15/22) Loss: 2.1990, Acc(1): 0.00, Acc(5): 75.00
2023-06-19 16:32:09,646 - AUGCON - INFO - Epoch [39/50]-(20/22) Loss: 2.1804, Acc(1): 0.00, Acc(5): 50.00
2023-06-19 16:32:09,646 - AUGCON - INFO - 	Validation Loss: 2.0782, Acc(1): 16.00, Acc(5): 82.00, F1: 0.04, Recall: 0.05, Precision: 0.03
2023-06-19 16:32:09,646 - AUGCON - INFO - Epoch [40/50]-(0/22) Loss: 2.2864, Acc(1): 0.00, Acc(5): 25.00
2023-06-19 16:32:09,646 - AUGCON - INFO - Epoch [40/50]-(5/22) Loss: 2.0403, Acc(1): 25.00, Acc(5): 75.00
2023-06-19 16:32:09,647 - AUGCON - INFO - Epoch [40/50]-(10/22) Loss: 2.0083, Acc(1): 25.00, Acc(5): 75.00
2023-06-19 16:32:09,647 - AUGCON - INFO - Epoch [40/50]-(15/22) Loss: 1.9875, Acc(1): 50.00, Acc(5): 75.00
2023-06-19 16:32:09,647 - AUGCON - INFO - Epoch [40/50]-(20/22) Loss: 2.1404, Acc(1): 25.00, Acc(5): 50.00
2023-06-19 16:32:09,647 - AUGCON - INFO - 	Validation Loss: 2.1224, Acc(1): 13.00, Acc(5): 80.00, F1: 0.03, Recall: 0.04, Precision: 0.02
2023-06-19 16:32:09,647 - AUGCON - INFO - Epoch [41/50]-(0/22) Loss: 2.1967, Acc(1): 25.00, Acc(5): 50.00
2023-06-19 16:32:09,647 - AUGCON - INFO - Epoch [41/50]-(5/22) Loss: 2.0620, Acc(1): 25.00, Acc(5): 75.00
2023-06-19 16:32:09,647 - AUGCON - INFO - Epoch [41/50]-(10/22) Loss: 2.0783, Acc(1): 25.00, Acc(5): 100.00
2023-06-19 16:32:09,647 - AUGCON - INFO - Epoch [41/50]-(15/22) Loss: 2.0859, Acc(1): 25.00, Acc(5): 75.00
2023-06-19 16:32:09,647 - AUGCON - INFO - Epoch [41/50]-(20/22) Loss: 2.2974, Acc(1): 25.00, Acc(5): 25.00
2023-06-19 16:32:09,647 - AUGCON - INFO - 	Validation Loss: 2.1192, Acc(1): 19.00, Acc(5): 69.00, F1: 0.04, Recall: 0.06, Precision: 0.03
2023-06-19 16:32:09,647 - AUGCON - INFO - Epoch [42/50]-(0/22) Loss: 1.8283, Acc(1): 25.00, Acc(5): 100.00
2023-06-19 16:32:09,647 - AUGCON - INFO - Epoch [42/50]-(5/22) Loss: 1.8102, Acc(1): 50.00, Acc(5): 100.00
2023-06-19 16:32:09,647 - AUGCON - INFO - Epoch [42/50]-(10/22) Loss: 1.9344, Acc(1): 25.00, Acc(5): 75.00
2023-06-19 16:32:09,647 - AUGCON - INFO - Epoch [42/50]-(15/22) Loss: 2.2337, Acc(1): 25.00, Acc(5): 50.00
2023-06-19 16:32:09,647 - AUGCON - INFO - Epoch [42/50]-(20/22) Loss: 2.2525, Acc(1): 0.00, Acc(5): 50.00
2023-06-19 16:32:09,647 - AUGCON - INFO - 	Validation Loss: 2.0498, Acc(1): 39.00, Acc(5): 84.00, F1: 0.14, Recall: 0.11, Precision: 0.21
2023-06-19 16:32:09,648 - AUGCON - INFO - Epoch [43/50]-(0/22) Loss: 2.0382, Acc(1): 25.00, Acc(5): 75.00
2023-06-19 16:32:09,648 - AUGCON - INFO - Epoch [43/50]-(5/22) Loss: 1.9279, Acc(1): 25.00, Acc(5): 100.00
2023-06-19 16:32:09,648 - AUGCON - INFO - Epoch [43/50]-(10/22) Loss: 2.0538, Acc(1): 50.00, Acc(5): 75.00
2023-06-19 16:32:09,648 - AUGCON - INFO - Epoch [43/50]-(15/22) Loss: 2.1020, Acc(1): 50.00, Acc(5): 50.00
2023-06-19 16:32:09,648 - AUGCON - INFO - Epoch [43/50]-(20/22) Loss: 2.1424, Acc(1): 50.00, Acc(5): 50.00
2023-06-19 16:32:09,648 - AUGCON - INFO - 	Validation Loss: 2.0940, Acc(1): 28.00, Acc(5): 72.00, F1: 0.08, Recall: 0.09, Precision: 0.07
2023-06-19 16:32:09,648 - AUGCON - INFO - Epoch [44/50]-(0/22) Loss: 2.0182, Acc(1): 50.00, Acc(5): 100.00
2023-06-19 16:32:09,648 - AUGCON - INFO - Epoch [44/50]-(5/22) Loss: 2.1816, Acc(1): 0.00, Acc(5): 75.00
2023-06-19 16:32:09,648 - AUGCON - INFO - Epoch [44/50]-(10/22) Loss: 2.3436, Acc(1): 0.00, Acc(5): 50.00
2023-06-19 16:32:09,648 - AUGCON - INFO - Epoch [44/50]-(15/22) Loss: 2.1128, Acc(1): 25.00, Acc(5): 75.00
2023-06-19 16:32:09,648 - AUGCON - INFO - Epoch [44/50]-(20/22) Loss: 2.1932, Acc(1): 25.00, Acc(5): 50.00
2023-06-19 16:32:09,648 - AUGCON - INFO - 	Validation Loss: 2.0899, Acc(1): 35.00, Acc(5): 75.00, F1: 0.13, Recall: 0.11, Precision: 0.16
2023-06-19 16:32:09,648 - AUGCON - INFO - Epoch [45/50]-(0/22) Loss: 2.0120, Acc(1): 75.00, Acc(5): 100.00
2023-06-19 16:32:09,648 - AUGCON - INFO - Epoch [45/50]-(5/22) Loss: 2.1372, Acc(1): 25.00, Acc(5): 75.00
2023-06-19 16:32:09,648 - AUGCON - INFO - Epoch [45/50]-(10/22) Loss: 2.0818, Acc(1): 25.00, Acc(5): 75.00
2023-06-19 16:32:09,648 - AUGCON - INFO - Epoch [45/50]-(15/22) Loss: 2.3315, Acc(1): 0.00, Acc(5): 50.00
2023-06-19 16:32:09,649 - AUGCON - INFO - Epoch [45/50]-(20/22) Loss: 2.1287, Acc(1): 25.00, Acc(5): 50.00
2023-06-19 16:32:09,649 - AUGCON - INFO - 	Validation Loss: 2.0974, Acc(1): 29.00, Acc(5): 67.00, F1: 0.09, Recall: 0.09, Precision: 0.09
2023-06-19 16:32:09,649 - AUGCON - INFO - Epoch [46/50]-(0/22) Loss: 2.1266, Acc(1): 25.00, Acc(5): 50.00
2023-06-19 16:32:09,649 - AUGCON - INFO - Epoch [46/50]-(5/22) Loss: 2.2620, Acc(1): 0.00, Acc(5): 50.00
2023-06-19 16:32:09,649 - AUGCON - INFO - Epoch [46/50]-(10/22) Loss: 1.9136, Acc(1): 25.00, Acc(5): 100.00
2023-06-19 16:32:09,649 - AUGCON - INFO - Epoch [46/50]-(15/22) Loss: 2.2252, Acc(1): 0.00, Acc(5): 50.00
2023-06-19 16:32:09,649 - AUGCON - INFO - Epoch [46/50]-(20/22) Loss: 2.2084, Acc(1): 0.00, Acc(5): 75.00
2023-06-19 16:32:09,649 - AUGCON - INFO - 	Validation Loss: 2.0367, Acc(1): 29.00, Acc(5): 83.00, F1: 0.08, Recall: 0.09, Precision: 0.07
2023-06-19 16:32:09,649 - AUGCON - INFO - Epoch [47/50]-(0/22) Loss: 2.1101, Acc(1): 25.00, Acc(5): 75.00
2023-06-19 16:32:09,649 - AUGCON - INFO - Epoch [47/50]-(5/22) Loss: 2.1781, Acc(1): 0.00, Acc(5): 75.00
2023-06-19 16:32:09,649 - AUGCON - INFO - Epoch [47/50]-(10/22) Loss: 2.2165, Acc(1): 0.00, Acc(5): 50.00
2023-06-19 16:32:09,649 - AUGCON - INFO - Epoch [47/50]-(15/22) Loss: 1.9640, Acc(1): 50.00, Acc(5): 100.00
2023-06-19 16:32:09,649 - AUGCON - INFO - Epoch [47/50]-(20/22) Loss: 2.0990, Acc(1): 25.00, Acc(5): 75.00
2023-06-19 16:32:09,649 - AUGCON - INFO - 	Validation Loss: 2.1144, Acc(1): 23.00, Acc(5): 57.00, F1: 0.07, Recall: 0.07, Precision: 0.07
2023-06-19 16:32:09,649 - AUGCON - INFO - Epoch [48/50]-(0/22) Loss: 2.1830, Acc(1): 0.00, Acc(5): 75.00
2023-06-19 16:32:09,649 - AUGCON - INFO - Epoch [48/50]-(5/22) Loss: 2.0577, Acc(1): 25.00, Acc(5): 50.00
2023-06-19 16:32:09,650 - AUGCON - INFO - Epoch [48/50]-(10/22) Loss: 2.3655, Acc(1): 0.00, Acc(5): 25.00
2023-06-19 16:32:09,650 - AUGCON - INFO - Epoch [48/50]-(15/22) Loss: 1.9941, Acc(1): 25.00, Acc(5): 100.00
2023-06-19 16:32:09,650 - AUGCON - INFO - Epoch [48/50]-(20/22) Loss: 2.0578, Acc(1): 25.00, Acc(5): 75.00
2023-06-19 16:32:09,650 - AUGCON - INFO - 	Validation Loss: 2.1141, Acc(1): 16.00, Acc(5): 69.00, F1: 0.03, Recall: 0.05, Precision: 0.02
2023-06-19 16:32:09,650 - AUGCON - INFO - Epoch [49/50]-(0/22) Loss: 2.0840, Acc(1): 25.00, Acc(5): 100.00
2023-06-19 16:32:09,650 - AUGCON - INFO - Epoch [49/50]-(5/22) Loss: 2.1111, Acc(1): 0.00, Acc(5): 100.00
2023-06-19 16:32:09,650 - AUGCON - INFO - Epoch [49/50]-(10/22) Loss: 2.4772, Acc(1): 0.00, Acc(5): 25.00
2023-06-19 16:32:09,650 - AUGCON - INFO - Epoch [49/50]-(15/22) Loss: 2.1345, Acc(1): 25.00, Acc(5): 100.00
2023-06-19 16:32:09,650 - AUGCON - INFO - Epoch [49/50]-(20/22) Loss: 2.1984, Acc(1): 0.00, Acc(5): 50.00
2023-06-19 16:32:09,650 - AUGCON - INFO - 	Validation Loss: 2.0469, Acc(1): 22.00, Acc(5): 84.00, F1: 0.08, Recall: 0.05, Precision: 0.17
2023-06-19 16:32:09,650 - AUGCON - INFO - Epoch [50/50]-(0/22) Loss: 2.1406, Acc(1): 0.00, Acc(5): 50.00
2023-06-19 16:32:09,650 - AUGCON - INFO - Epoch [50/50]-(5/22) Loss: 2.0579, Acc(1): 0.00, Acc(5): 100.00
2023-06-19 16:32:09,650 - AUGCON - INFO - Epoch [50/50]-(10/22) Loss: 2.1533, Acc(1): 0.00, Acc(5): 100.00
2023-06-19 16:32:09,650 - AUGCON - INFO - Epoch [50/50]-(15/22) Loss: 2.0917, Acc(1): 25.00, Acc(5): 75.00
2023-06-19 16:32:09,650 - AUGCON - INFO - Epoch [50/50]-(20/22) Loss: 1.9126, Acc(1): 25.00, Acc(5): 100.00
2023-06-19 16:32:09,651 - AUGCON - INFO - 	Validation Loss: 2.0585, Acc(1): 26.00, Acc(5): 76.00, F1: 0.09, Recall: 0.08, Precision: 0.11
2023-06-19 16:32:09,651 - AUGCON - INFO - 	Validation Loss: 2.0400, Acc(1): 29.33, Acc(5): 73.00, F1: 0.10, Recall: 0.08, Precision: 0.12
