2023-06-19 16:44:23,770 - AUGCON - INFO - logger initialized (/home/hjyoon/projects/augcon/config/exp0/finetune_da_true/without_target_domain_WA0002-bkkim/metacpc_perdomain_8421/tgt_target_domain_WA0003-hskim_seed0.yaml.log)
2023-06-19 16:44:23,770 - AUGCON - INFO - ================= Config =================
2023-06-19 16:44:23,770 - AUGCON - INFO -   mode: finetune
2023-06-19 16:44:23,770 - AUGCON - INFO -   seed: 0
2023-06-19 16:44:23,770 - AUGCON - INFO -   gpu: [7]
2023-06-19 16:44:23,770 - AUGCON - INFO -   num_workers: 1
2023-06-19 16:44:23,770 - AUGCON - INFO -   dist_url: tcp://localhost:10001
2023-06-19 16:44:23,770 - AUGCON - INFO -   dataset_name: ichar
2023-06-19 16:44:23,770 - AUGCON - INFO -   train_dataset_path: /mnt/sting/hjyoon/projects/cross/ICHAR/augcon/target_domain_WA0003-hskim/finetune/10shot/target/train.pkl
2023-06-19 16:44:23,770 - AUGCON - INFO -   test_dataset_path: /mnt/sting/hjyoon/projects/cross/ICHAR/augcon/target_domain_WA0003-hskim/finetune/10shot/target/test.pkl
2023-06-19 16:44:23,770 - AUGCON - INFO -   val_dataset_path: /mnt/sting/hjyoon/projects/cross/ICHAR/augcon/target_domain_WA0003-hskim/finetune/10shot/target/val.pkl
2023-06-19 16:44:23,770 - AUGCON - INFO -   input_channels: 3
2023-06-19 16:44:23,770 - AUGCON - INFO -   num_cls: 9
2023-06-19 16:44:23,770 - AUGCON - INFO -   optimizer: adam
2023-06-19 16:44:23,770 - AUGCON - INFO -   criterion: crossentropy
2023-06-19 16:44:23,770 - AUGCON - INFO -   start_epoch: 0
2023-06-19 16:44:23,770 - AUGCON - INFO -   epochs: 50
2023-06-19 16:44:23,770 - AUGCON - INFO -   batch_size: 4
2023-06-19 16:44:23,770 - AUGCON - INFO -   lr: 0.001
2023-06-19 16:44:23,770 - AUGCON - INFO -   wd: 0.0
2023-06-19 16:44:23,770 - AUGCON - INFO -   resume: 
2023-06-19 16:44:23,770 - AUGCON - INFO -   pretrained: /mnt/sting/hjyoon/projects/augcontrast/models/exp0/pretrain/without_target_domain_WA0002-bkkim/metacpc_perdomain_8421/checkpoint_0999.pth.tar
2023-06-19 16:44:23,770 - AUGCON - INFO -   ckpt_dir: /mnt/sting/hjyoon/projects/augcontrast/models/exp0/finetune_da_true/without_target_domain_WA0002-bkkim/metacpc_perdomain_8421/tgt_target_domain_WA0003-hskim_seed0
2023-06-19 16:44:23,771 - AUGCON - INFO -   log_freq: 5
2023-06-19 16:44:23,771 - AUGCON - INFO -   save_freq: 10
2023-06-19 16:44:23,771 - AUGCON - INFO -   pretext: metacpc
2023-06-19 16:44:23,771 - AUGCON - INFO -   enc_blocks: 4
2023-06-19 16:44:23,771 - AUGCON - INFO -   kernel_sizes: [8, 4, 2, 1]
2023-06-19 16:44:23,771 - AUGCON - INFO -   strides: [4, 2, 1, 1]
2023-06-19 16:44:23,771 - AUGCON - INFO -   agg_blocks: 5
2023-06-19 16:44:23,771 - AUGCON - INFO -   z_dim: 256
2023-06-19 16:44:23,771 - AUGCON - INFO -   pooling: mean
2023-06-19 16:44:23,771 - AUGCON - INFO -   pred_steps: 12
2023-06-19 16:44:23,771 - AUGCON - INFO -   n_negatives: 15
2023-06-19 16:44:23,771 - AUGCON - INFO -   offset: 4
2023-06-19 16:44:23,771 - AUGCON - INFO -   domain_adaptation: True
2023-06-19 16:44:23,771 - AUGCON - INFO -   task_steps: 10
2023-06-19 16:44:23,771 - AUGCON - INFO -   task_lr: 0.001
2023-06-19 16:44:23,771 - AUGCON - INFO -   reg_lambda: 0
2023-06-19 16:44:23,771 - AUGCON - INFO -   mlp: False
2023-06-19 16:44:23,771 - AUGCON - INFO -   freeze: True
2023-06-19 16:44:23,771 - AUGCON - INFO -   no_vars: False
2023-06-19 16:44:23,771 - AUGCON - INFO - ==========================================
2023-06-19 16:44:23,771 - AUGCON - INFO - Setting GPUs: [7]
2023-06-19 16:44:23,771 - AUGCON - INFO - GPUs [7] will be used
2023-06-19 16:44:23,772 - AUGCON - WARNING - You have chosen to seed training. 
2023-06-19 16:44:23,772 - AUGCON - WARNING - This will turn on the CUDNN deterministic setting, 
2023-06-19 16:44:23,772 - AUGCON - WARNING - which can slow down your training considerably! 
2023-06-19 16:44:23,772 - AUGCON - WARNING - You may see unexpected behavior when restarting 
2023-06-19 16:44:23,772 - AUGCON - WARNING - from checkpoints.
2023-06-19 16:44:23,842 - AUGCON - INFO - Executing MetaCPC
2023-06-19 16:44:23,843 - AUGCON - INFO - Logs are skipped during training
2023-06-19 16:44:43,812 - AUGCON - INFO - Single GPU is used for training - training 90 instances for each worker
2023-06-19 16:44:43,812 - AUGCON - INFO - Loading pretrained model from checkpoint - /mnt/sting/hjyoon/projects/augcontrast/models/exp0/pretrain/without_target_domain_WA0002-bkkim/metacpc_perdomain_8421/checkpoint_0999.pth.tar
2023-06-19 16:44:43,812 - AUGCON - INFO - Missing keys: []
2023-06-19 16:44:43,812 - AUGCON - INFO - Perform domain adaptation step
2023-06-19 16:44:43,813 - AUGCON - INFO - 	meta-train [0/10] Loss: 5.4074, Acc(1): 8.86, Acc(5): 40.00
2023-06-19 16:44:43,813 - AUGCON - INFO - 	meta-train [1/10] Loss: 2.9142, Acc(1): 14.18, Acc(5): 54.14
2023-06-19 16:44:43,813 - AUGCON - INFO - 	meta-train [2/10] Loss: 2.5131, Acc(1): 18.42, Acc(5): 62.33
2023-06-19 16:44:43,813 - AUGCON - INFO - 	meta-train [3/10] Loss: 2.3097, Acc(1): 20.47, Acc(5): 68.30
2023-06-19 16:44:43,813 - AUGCON - INFO - 	meta-train [4/10] Loss: 2.1156, Acc(1): 25.53, Acc(5): 73.88
2023-06-19 16:44:43,813 - AUGCON - INFO - 	meta-train [5/10] Loss: 1.9811, Acc(1): 27.33, Acc(5): 77.89
2023-06-19 16:44:43,813 - AUGCON - INFO - 	meta-train [6/10] Loss: 1.7619, Acc(1): 33.64, Acc(5): 84.57
2023-06-19 16:44:43,813 - AUGCON - INFO - 	meta-train [7/10] Loss: 1.3336, Acc(1): 46.65, Acc(5): 93.32
2023-06-19 16:44:43,813 - AUGCON - INFO - 	meta-train [8/10] Loss: 1.2071, Acc(1): 50.77, Acc(5): 96.35
2023-06-19 16:44:43,813 - AUGCON - INFO - 	meta-train [9/10] Loss: 1.0616, Acc(1): 55.46, Acc(5): 97.96
2023-06-19 16:44:43,813 - AUGCON - INFO - Loading encoder parameters to the classifier
2023-06-19 16:44:43,813 - AUGCON - INFO - Missing keys: ['classifier.block.0.weight', 'classifier.block.0.bias']
2023-06-19 16:44:43,813 - AUGCON - INFO - Epoch [1/50]-(0/22) Loss: 2.1034, Acc(1): 0.00, Acc(5): 75.00
2023-06-19 16:44:43,813 - AUGCON - INFO - Epoch [1/50]-(5/22) Loss: 2.2819, Acc(1): 25.00, Acc(5): 50.00
2023-06-19 16:44:43,813 - AUGCON - INFO - Epoch [1/50]-(10/22) Loss: 2.6738, Acc(1): 0.00, Acc(5): 25.00
2023-06-19 16:44:43,814 - AUGCON - INFO - Epoch [1/50]-(15/22) Loss: 1.8381, Acc(1): 25.00, Acc(5): 75.00
2023-06-19 16:44:43,814 - AUGCON - INFO - Epoch [1/50]-(20/22) Loss: 2.1192, Acc(1): 0.00, Acc(5): 75.00
2023-06-19 16:44:43,814 - AUGCON - INFO - 	Validation Loss: 1.6741, Acc(1): 44.00, Acc(5): 100.00, F1: 0.08, Recall: 0.08, Precision: 0.09
2023-06-19 16:44:43,814 - AUGCON - INFO - Epoch [2/50]-(0/22) Loss: 1.5465, Acc(1): 50.00, Acc(5): 100.00
2023-06-19 16:44:43,814 - AUGCON - INFO - Epoch [2/50]-(5/22) Loss: 1.8143, Acc(1): 25.00, Acc(5): 75.00
2023-06-19 16:44:43,814 - AUGCON - INFO - Epoch [2/50]-(10/22) Loss: 1.3147, Acc(1): 75.00, Acc(5): 100.00
2023-06-19 16:44:43,814 - AUGCON - INFO - Epoch [2/50]-(15/22) Loss: 1.3760, Acc(1): 75.00, Acc(5): 100.00
2023-06-19 16:44:43,814 - AUGCON - INFO - Epoch [2/50]-(20/22) Loss: 1.5474, Acc(1): 100.00, Acc(5): 100.00
2023-06-19 16:44:43,814 - AUGCON - INFO - 	Validation Loss: 1.2626, Acc(1): 78.00, Acc(5): 100.00, F1: 0.19, Recall: 0.17, Precision: 0.22
2023-06-19 16:44:43,814 - AUGCON - INFO - Epoch [3/50]-(0/22) Loss: 1.1734, Acc(1): 75.00, Acc(5): 100.00
2023-06-19 16:44:43,814 - AUGCON - INFO - Epoch [3/50]-(5/22) Loss: 1.4050, Acc(1): 50.00, Acc(5): 100.00
2023-06-19 16:44:43,814 - AUGCON - INFO - Epoch [3/50]-(10/22) Loss: 1.4287, Acc(1): 75.00, Acc(5): 100.00
2023-06-19 16:44:43,814 - AUGCON - INFO - Epoch [3/50]-(15/22) Loss: 0.9809, Acc(1): 75.00, Acc(5): 100.00
2023-06-19 16:44:43,814 - AUGCON - INFO - Epoch [3/50]-(20/22) Loss: 1.2261, Acc(1): 75.00, Acc(5): 100.00
2023-06-19 16:44:43,814 - AUGCON - INFO - 	Validation Loss: 1.1016, Acc(1): 80.00, Acc(5): 100.00, F1: 0.21, Recall: 0.18, Precision: 0.25
2023-06-19 16:44:43,814 - AUGCON - INFO - Epoch [4/50]-(0/22) Loss: 1.7998, Acc(1): 25.00, Acc(5): 75.00
2023-06-19 16:44:43,815 - AUGCON - INFO - Epoch [4/50]-(5/22) Loss: 1.0453, Acc(1): 75.00, Acc(5): 100.00
2023-06-19 16:44:43,815 - AUGCON - INFO - Epoch [4/50]-(10/22) Loss: 1.2865, Acc(1): 50.00, Acc(5): 100.00
2023-06-19 16:44:43,815 - AUGCON - INFO - Epoch [4/50]-(15/22) Loss: 1.0450, Acc(1): 75.00, Acc(5): 100.00
2023-06-19 16:44:43,815 - AUGCON - INFO - Epoch [4/50]-(20/22) Loss: 0.8490, Acc(1): 100.00, Acc(5): 100.00
2023-06-19 16:44:43,815 - AUGCON - INFO - 	Validation Loss: 0.9598, Acc(1): 86.00, Acc(5): 98.00, F1: 0.21, Recall: 0.20, Precision: 0.22
2023-06-19 16:44:43,815 - AUGCON - INFO - Epoch [5/50]-(0/22) Loss: 1.1672, Acc(1): 75.00, Acc(5): 100.00
2023-06-19 16:44:43,815 - AUGCON - INFO - Epoch [5/50]-(5/22) Loss: 1.1904, Acc(1): 75.00, Acc(5): 100.00
2023-06-19 16:44:43,815 - AUGCON - INFO - Epoch [5/50]-(10/22) Loss: 1.0501, Acc(1): 100.00, Acc(5): 100.00
2023-06-19 16:44:43,815 - AUGCON - INFO - Epoch [5/50]-(15/22) Loss: 1.0682, Acc(1): 75.00, Acc(5): 100.00
2023-06-19 16:44:43,815 - AUGCON - INFO - Epoch [5/50]-(20/22) Loss: 1.1279, Acc(1): 50.00, Acc(5): 100.00
2023-06-19 16:44:43,815 - AUGCON - INFO - 	Validation Loss: 0.8637, Acc(1): 81.00, Acc(5): 100.00, F1: 0.21, Recall: 0.18, Precision: 0.24
2023-06-19 16:44:43,815 - AUGCON - INFO - Epoch [6/50]-(0/22) Loss: 0.8592, Acc(1): 75.00, Acc(5): 100.00
2023-06-19 16:44:43,815 - AUGCON - INFO - Epoch [6/50]-(5/22) Loss: 0.5683, Acc(1): 100.00, Acc(5): 100.00
2023-06-19 16:44:43,815 - AUGCON - INFO - Epoch [6/50]-(10/22) Loss: 0.8017, Acc(1): 75.00, Acc(5): 100.00
2023-06-19 16:44:43,816 - AUGCON - INFO - Epoch [6/50]-(15/22) Loss: 0.7971, Acc(1): 75.00, Acc(5): 100.00
2023-06-19 16:44:43,816 - AUGCON - INFO - Epoch [6/50]-(20/22) Loss: 0.6821, Acc(1): 100.00, Acc(5): 100.00
2023-06-19 16:44:43,816 - AUGCON - INFO - 	Validation Loss: 0.7834, Acc(1): 90.00, Acc(5): 100.00, F1: 0.22, Recall: 0.21, Precision: 0.23
2023-06-19 16:44:43,816 - AUGCON - INFO - Epoch [7/50]-(0/22) Loss: 0.9321, Acc(1): 75.00, Acc(5): 100.00
2023-06-19 16:44:43,816 - AUGCON - INFO - Epoch [7/50]-(5/22) Loss: 0.9485, Acc(1): 75.00, Acc(5): 100.00
2023-06-19 16:44:43,816 - AUGCON - INFO - Epoch [7/50]-(10/22) Loss: 1.1207, Acc(1): 50.00, Acc(5): 100.00
2023-06-19 16:44:43,816 - AUGCON - INFO - Epoch [7/50]-(15/22) Loss: 1.0029, Acc(1): 75.00, Acc(5): 100.00
2023-06-19 16:44:43,816 - AUGCON - INFO - Epoch [7/50]-(20/22) Loss: 0.7868, Acc(1): 100.00, Acc(5): 100.00
2023-06-19 16:44:43,816 - AUGCON - INFO - 	Validation Loss: 0.7367, Acc(1): 89.00, Acc(5): 99.00, F1: 0.22, Recall: 0.21, Precision: 0.23
2023-06-19 16:44:43,816 - AUGCON - INFO - Epoch [8/50]-(0/22) Loss: 0.7266, Acc(1): 100.00, Acc(5): 100.00
2023-06-19 16:44:43,816 - AUGCON - INFO - Epoch [8/50]-(5/22) Loss: 0.9901, Acc(1): 50.00, Acc(5): 100.00
2023-06-19 16:44:43,816 - AUGCON - INFO - Epoch [8/50]-(10/22) Loss: 0.4462, Acc(1): 100.00, Acc(5): 100.00
2023-06-19 16:44:43,817 - AUGCON - INFO - Epoch [8/50]-(15/22) Loss: 0.6809, Acc(1): 75.00, Acc(5): 100.00
2023-06-19 16:44:43,817 - AUGCON - INFO - Epoch [8/50]-(20/22) Loss: 0.6164, Acc(1): 100.00, Acc(5): 100.00
2023-06-19 16:44:43,817 - AUGCON - INFO - 	Validation Loss: 0.7111, Acc(1): 86.00, Acc(5): 99.00, F1: 0.22, Recall: 0.20, Precision: 0.24
2023-06-19 16:44:43,817 - AUGCON - INFO - Epoch [9/50]-(0/22) Loss: 0.2762, Acc(1): 100.00, Acc(5): 100.00
2023-06-19 16:44:43,817 - AUGCON - INFO - Epoch [9/50]-(5/22) Loss: 0.7011, Acc(1): 100.00, Acc(5): 100.00
2023-06-19 16:44:43,817 - AUGCON - INFO - Epoch [9/50]-(10/22) Loss: 0.3912, Acc(1): 100.00, Acc(5): 100.00
2023-06-19 16:44:43,817 - AUGCON - INFO - Epoch [9/50]-(15/22) Loss: 1.1607, Acc(1): 75.00, Acc(5): 100.00
2023-06-19 16:44:43,817 - AUGCON - INFO - Epoch [9/50]-(20/22) Loss: 0.5401, Acc(1): 100.00, Acc(5): 100.00
2023-06-19 16:44:43,817 - AUGCON - INFO - 	Validation Loss: 0.6610, Acc(1): 87.00, Acc(5): 99.00, F1: 0.21, Recall: 0.20, Precision: 0.23
2023-06-19 16:44:43,817 - AUGCON - INFO - Epoch [10/50]-(0/22) Loss: 0.4770, Acc(1): 100.00, Acc(5): 100.00
2023-06-19 16:44:43,817 - AUGCON - INFO - Epoch [10/50]-(5/22) Loss: 0.4930, Acc(1): 100.00, Acc(5): 100.00
2023-06-19 16:44:43,817 - AUGCON - INFO - Epoch [10/50]-(10/22) Loss: 0.5694, Acc(1): 75.00, Acc(5): 100.00
2023-06-19 16:44:43,817 - AUGCON - INFO - Epoch [10/50]-(15/22) Loss: 0.4041, Acc(1): 100.00, Acc(5): 100.00
2023-06-19 16:44:43,817 - AUGCON - INFO - Epoch [10/50]-(20/22) Loss: 0.4757, Acc(1): 100.00, Acc(5): 100.00
2023-06-19 16:44:43,817 - AUGCON - INFO - 	Validation Loss: 0.6474, Acc(1): 90.00, Acc(5): 99.00, F1: 0.22, Recall: 0.21, Precision: 0.24
2023-06-19 16:44:43,817 - AUGCON - INFO - Epoch [11/50]-(0/22) Loss: 0.4674, Acc(1): 100.00, Acc(5): 100.00
2023-06-19 16:44:43,818 - AUGCON - INFO - Epoch [11/50]-(5/22) Loss: 0.8499, Acc(1): 75.00, Acc(5): 100.00
2023-06-19 16:44:43,818 - AUGCON - INFO - Epoch [11/50]-(10/22) Loss: 0.4831, Acc(1): 100.00, Acc(5): 100.00
2023-06-19 16:44:43,818 - AUGCON - INFO - Epoch [11/50]-(15/22) Loss: 0.8397, Acc(1): 75.00, Acc(5): 100.00
2023-06-19 16:44:43,818 - AUGCON - INFO - Epoch [11/50]-(20/22) Loss: 0.6684, Acc(1): 100.00, Acc(5): 100.00
2023-06-19 16:44:43,818 - AUGCON - INFO - 	Validation Loss: 0.6491, Acc(1): 89.00, Acc(5): 99.00, F1: 0.22, Recall: 0.21, Precision: 0.23
2023-06-19 16:44:43,818 - AUGCON - INFO - Epoch [12/50]-(0/22) Loss: 0.5715, Acc(1): 75.00, Acc(5): 100.00
2023-06-19 16:44:43,818 - AUGCON - INFO - Epoch [12/50]-(5/22) Loss: 0.8994, Acc(1): 75.00, Acc(5): 100.00
2023-06-19 16:44:43,818 - AUGCON - INFO - Epoch [12/50]-(10/22) Loss: 0.5004, Acc(1): 100.00, Acc(5): 100.00
2023-06-19 16:44:43,818 - AUGCON - INFO - Epoch [12/50]-(15/22) Loss: 1.0014, Acc(1): 50.00, Acc(5): 100.00
2023-06-19 16:44:43,818 - AUGCON - INFO - Epoch [12/50]-(20/22) Loss: 0.4531, Acc(1): 100.00, Acc(5): 100.00
2023-06-19 16:44:43,818 - AUGCON - INFO - 	Validation Loss: 0.6017, Acc(1): 90.00, Acc(5): 99.00, F1: 0.22, Recall: 0.21, Precision: 0.23
2023-06-19 16:44:43,818 - AUGCON - INFO - Epoch [13/50]-(0/22) Loss: 0.3884, Acc(1): 100.00, Acc(5): 100.00
2023-06-19 16:44:43,818 - AUGCON - INFO - Epoch [13/50]-(5/22) Loss: 0.9006, Acc(1): 75.00, Acc(5): 100.00
2023-06-19 16:44:43,818 - AUGCON - INFO - Epoch [13/50]-(10/22) Loss: 0.1626, Acc(1): 100.00, Acc(5): 100.00
2023-06-19 16:44:43,818 - AUGCON - INFO - Epoch [13/50]-(15/22) Loss: 0.8196, Acc(1): 75.00, Acc(5): 100.00
2023-06-19 16:44:43,818 - AUGCON - INFO - Epoch [13/50]-(20/22) Loss: 0.3754, Acc(1): 100.00, Acc(5): 100.00
2023-06-19 16:44:43,819 - AUGCON - INFO - 	Validation Loss: 0.5755, Acc(1): 90.00, Acc(5): 99.00, F1: 0.22, Recall: 0.21, Precision: 0.23
2023-06-19 16:44:43,819 - AUGCON - INFO - Epoch [14/50]-(0/22) Loss: 0.7058, Acc(1): 75.00, Acc(5): 100.00
2023-06-19 16:44:43,819 - AUGCON - INFO - Epoch [14/50]-(5/22) Loss: 0.7578, Acc(1): 100.00, Acc(5): 100.00
2023-06-19 16:44:43,819 - AUGCON - INFO - Epoch [14/50]-(10/22) Loss: 0.2993, Acc(1): 100.00, Acc(5): 100.00
2023-06-19 16:44:43,819 - AUGCON - INFO - Epoch [14/50]-(15/22) Loss: 0.1425, Acc(1): 100.00, Acc(5): 100.00
2023-06-19 16:44:43,819 - AUGCON - INFO - Epoch [14/50]-(20/22) Loss: 0.3126, Acc(1): 100.00, Acc(5): 100.00
2023-06-19 16:44:43,819 - AUGCON - INFO - 	Validation Loss: 0.5612, Acc(1): 91.00, Acc(5): 100.00, F1: 0.22, Recall: 0.21, Precision: 0.24
2023-06-19 16:44:43,819 - AUGCON - INFO - Epoch [15/50]-(0/22) Loss: 0.4471, Acc(1): 100.00, Acc(5): 100.00
2023-06-19 16:44:43,819 - AUGCON - INFO - Epoch [15/50]-(5/22) Loss: 0.2887, Acc(1): 100.00, Acc(5): 100.00
2023-06-19 16:44:43,819 - AUGCON - INFO - Epoch [15/50]-(10/22) Loss: 0.3520, Acc(1): 100.00, Acc(5): 100.00
2023-06-19 16:44:43,819 - AUGCON - INFO - Epoch [15/50]-(15/22) Loss: 0.4831, Acc(1): 100.00, Acc(5): 100.00
2023-06-19 16:44:43,819 - AUGCON - INFO - Epoch [15/50]-(20/22) Loss: 0.3595, Acc(1): 100.00, Acc(5): 100.00
2023-06-19 16:44:43,819 - AUGCON - INFO - 	Validation Loss: 0.5508, Acc(1): 91.00, Acc(5): 99.00, F1: 0.22, Recall: 0.21, Precision: 0.24
2023-06-19 16:44:43,819 - AUGCON - INFO - Epoch [16/50]-(0/22) Loss: 0.3733, Acc(1): 100.00, Acc(5): 100.00
2023-06-19 16:44:43,820 - AUGCON - INFO - Epoch [16/50]-(5/22) Loss: 0.7202, Acc(1): 75.00, Acc(5): 100.00
2023-06-19 16:44:43,820 - AUGCON - INFO - Epoch [16/50]-(10/22) Loss: 0.3651, Acc(1): 100.00, Acc(5): 100.00
2023-06-19 16:44:43,820 - AUGCON - INFO - Epoch [16/50]-(15/22) Loss: 0.1531, Acc(1): 100.00, Acc(5): 100.00
2023-06-19 16:44:43,820 - AUGCON - INFO - Epoch [16/50]-(20/22) Loss: 0.8901, Acc(1): 75.00, Acc(5): 100.00
2023-06-19 16:44:43,820 - AUGCON - INFO - 	Validation Loss: 0.5535, Acc(1): 89.00, Acc(5): 99.00, F1: 0.22, Recall: 0.21, Precision: 0.23
2023-06-19 16:44:43,820 - AUGCON - INFO - Epoch [17/50]-(0/22) Loss: 0.4256, Acc(1): 100.00, Acc(5): 100.00
2023-06-19 16:44:43,820 - AUGCON - INFO - Epoch [17/50]-(5/22) Loss: 0.6600, Acc(1): 75.00, Acc(5): 100.00
2023-06-19 16:44:43,820 - AUGCON - INFO - Epoch [17/50]-(10/22) Loss: 0.5658, Acc(1): 100.00, Acc(5): 100.00
2023-06-19 16:44:43,820 - AUGCON - INFO - Epoch [17/50]-(15/22) Loss: 0.2398, Acc(1): 100.00, Acc(5): 100.00
2023-06-19 16:44:43,820 - AUGCON - INFO - Epoch [17/50]-(20/22) Loss: 0.1161, Acc(1): 100.00, Acc(5): 100.00
2023-06-19 16:44:43,820 - AUGCON - INFO - 	Validation Loss: 0.5329, Acc(1): 89.00, Acc(5): 99.00, F1: 0.22, Recall: 0.21, Precision: 0.23
2023-06-19 16:44:43,820 - AUGCON - INFO - Epoch [18/50]-(0/22) Loss: 0.4299, Acc(1): 100.00, Acc(5): 100.00
2023-06-19 16:44:43,820 - AUGCON - INFO - Epoch [18/50]-(5/22) Loss: 0.4841, Acc(1): 100.00, Acc(5): 100.00
2023-06-19 16:44:43,820 - AUGCON - INFO - Epoch [18/50]-(10/22) Loss: 0.4189, Acc(1): 100.00, Acc(5): 100.00
2023-06-19 16:44:43,821 - AUGCON - INFO - Epoch [18/50]-(15/22) Loss: 0.4964, Acc(1): 100.00, Acc(5): 100.00
2023-06-19 16:44:43,821 - AUGCON - INFO - Epoch [18/50]-(20/22) Loss: 0.4255, Acc(1): 100.00, Acc(5): 100.00
2023-06-19 16:44:43,821 - AUGCON - INFO - 	Validation Loss: 0.5267, Acc(1): 89.00, Acc(5): 98.00, F1: 0.22, Recall: 0.21, Precision: 0.23
2023-06-19 16:44:43,821 - AUGCON - INFO - Epoch [19/50]-(0/22) Loss: 0.3337, Acc(1): 100.00, Acc(5): 100.00
2023-06-19 16:44:43,821 - AUGCON - INFO - Epoch [19/50]-(5/22) Loss: 0.3301, Acc(1): 100.00, Acc(5): 100.00
2023-06-19 16:44:43,821 - AUGCON - INFO - Epoch [19/50]-(10/22) Loss: 0.4504, Acc(1): 100.00, Acc(5): 100.00
2023-06-19 16:44:43,821 - AUGCON - INFO - Epoch [19/50]-(15/22) Loss: 0.6832, Acc(1): 100.00, Acc(5): 100.00
2023-06-19 16:44:43,821 - AUGCON - INFO - Epoch [19/50]-(20/22) Loss: 0.5422, Acc(1): 100.00, Acc(5): 100.00
2023-06-19 16:44:43,821 - AUGCON - INFO - 	Validation Loss: 0.5242, Acc(1): 91.00, Acc(5): 99.00, F1: 0.22, Recall: 0.21, Precision: 0.23
2023-06-19 16:44:43,821 - AUGCON - INFO - Epoch [20/50]-(0/22) Loss: 0.4737, Acc(1): 75.00, Acc(5): 100.00
2023-06-19 16:44:43,821 - AUGCON - INFO - Epoch [20/50]-(5/22) Loss: 0.4671, Acc(1): 100.00, Acc(5): 100.00
2023-06-19 16:44:43,821 - AUGCON - INFO - Epoch [20/50]-(10/22) Loss: 0.2254, Acc(1): 100.00, Acc(5): 100.00
2023-06-19 16:44:43,821 - AUGCON - INFO - Epoch [20/50]-(15/22) Loss: 0.3666, Acc(1): 100.00, Acc(5): 100.00
2023-06-19 16:44:43,821 - AUGCON - INFO - Epoch [20/50]-(20/22) Loss: 0.2440, Acc(1): 100.00, Acc(5): 100.00
2023-06-19 16:44:43,821 - AUGCON - INFO - 	Validation Loss: 0.5145, Acc(1): 90.00, Acc(5): 99.00, F1: 0.22, Recall: 0.21, Precision: 0.24
2023-06-19 16:44:43,822 - AUGCON - INFO - Epoch [21/50]-(0/22) Loss: 0.3099, Acc(1): 100.00, Acc(5): 100.00
2023-06-19 16:44:43,822 - AUGCON - INFO - Epoch [21/50]-(5/22) Loss: 1.2315, Acc(1): 75.00, Acc(5): 100.00
2023-06-19 16:44:43,822 - AUGCON - INFO - Epoch [21/50]-(10/22) Loss: 0.2407, Acc(1): 100.00, Acc(5): 100.00
2023-06-19 16:44:43,822 - AUGCON - INFO - Epoch [21/50]-(15/22) Loss: 0.1256, Acc(1): 100.00, Acc(5): 100.00
2023-06-19 16:44:43,822 - AUGCON - INFO - Epoch [21/50]-(20/22) Loss: 0.5916, Acc(1): 75.00, Acc(5): 100.00
2023-06-19 16:44:43,822 - AUGCON - INFO - 	Validation Loss: 0.4842, Acc(1): 90.00, Acc(5): 99.00, F1: 0.22, Recall: 0.21, Precision: 0.24
2023-06-19 16:44:43,822 - AUGCON - INFO - Epoch [22/50]-(0/22) Loss: 0.5014, Acc(1): 75.00, Acc(5): 100.00
2023-06-19 16:44:43,822 - AUGCON - INFO - Epoch [22/50]-(5/22) Loss: 0.2826, Acc(1): 100.00, Acc(5): 100.00
2023-06-19 16:44:43,822 - AUGCON - INFO - Epoch [22/50]-(10/22) Loss: 0.5150, Acc(1): 100.00, Acc(5): 100.00
2023-06-19 16:44:43,822 - AUGCON - INFO - Epoch [22/50]-(15/22) Loss: 0.4500, Acc(1): 100.00, Acc(5): 100.00
2023-06-19 16:44:43,822 - AUGCON - INFO - Epoch [22/50]-(20/22) Loss: 0.2728, Acc(1): 100.00, Acc(5): 100.00
2023-06-19 16:44:43,822 - AUGCON - INFO - 	Validation Loss: 0.4780, Acc(1): 92.00, Acc(5): 99.00, F1: 0.23, Recall: 0.21, Precision: 0.24
2023-06-19 16:44:43,822 - AUGCON - INFO - Epoch [23/50]-(0/22) Loss: 0.5239, Acc(1): 75.00, Acc(5): 100.00
2023-06-19 16:44:43,823 - AUGCON - INFO - Epoch [23/50]-(5/22) Loss: 0.1347, Acc(1): 100.00, Acc(5): 100.00
2023-06-19 16:44:43,823 - AUGCON - INFO - Epoch [23/50]-(10/22) Loss: 0.7971, Acc(1): 75.00, Acc(5): 100.00
2023-06-19 16:44:43,823 - AUGCON - INFO - Epoch [23/50]-(15/22) Loss: 0.4101, Acc(1): 100.00, Acc(5): 100.00
2023-06-19 16:44:43,823 - AUGCON - INFO - Epoch [23/50]-(20/22) Loss: 0.2413, Acc(1): 100.00, Acc(5): 100.00
2023-06-19 16:44:43,823 - AUGCON - INFO - 	Validation Loss: 0.4851, Acc(1): 90.00, Acc(5): 99.00, F1: 0.22, Recall: 0.21, Precision: 0.23
2023-06-19 16:44:43,823 - AUGCON - INFO - Epoch [24/50]-(0/22) Loss: 0.6178, Acc(1): 75.00, Acc(5): 100.00
2023-06-19 16:44:43,823 - AUGCON - INFO - Epoch [24/50]-(5/22) Loss: 0.2276, Acc(1): 100.00, Acc(5): 100.00
2023-06-19 16:44:43,823 - AUGCON - INFO - Epoch [24/50]-(10/22) Loss: 0.2427, Acc(1): 100.00, Acc(5): 100.00
2023-06-19 16:44:43,823 - AUGCON - INFO - Epoch [24/50]-(15/22) Loss: 0.5636, Acc(1): 75.00, Acc(5): 100.00
2023-06-19 16:44:43,823 - AUGCON - INFO - Epoch [24/50]-(20/22) Loss: 0.2945, Acc(1): 100.00, Acc(5): 100.00
2023-06-19 16:44:43,823 - AUGCON - INFO - 	Validation Loss: 0.5069, Acc(1): 89.00, Acc(5): 98.00, F1: 0.22, Recall: 0.21, Precision: 0.23
2023-06-19 16:44:43,823 - AUGCON - INFO - Epoch [25/50]-(0/22) Loss: 0.2609, Acc(1): 100.00, Acc(5): 100.00
2023-06-19 16:44:43,823 - AUGCON - INFO - Epoch [25/50]-(5/22) Loss: 0.3603, Acc(1): 100.00, Acc(5): 100.00
2023-06-19 16:44:43,823 - AUGCON - INFO - Epoch [25/50]-(10/22) Loss: 0.1507, Acc(1): 100.00, Acc(5): 100.00
2023-06-19 16:44:43,823 - AUGCON - INFO - Epoch [25/50]-(15/22) Loss: 1.3412, Acc(1): 50.00, Acc(5): 100.00
2023-06-19 16:44:43,823 - AUGCON - INFO - Epoch [25/50]-(20/22) Loss: 0.3531, Acc(1): 100.00, Acc(5): 100.00
2023-06-19 16:44:43,824 - AUGCON - INFO - 	Validation Loss: 0.4861, Acc(1): 91.00, Acc(5): 99.00, F1: 0.22, Recall: 0.21, Precision: 0.23
2023-06-19 16:44:43,824 - AUGCON - INFO - Epoch [26/50]-(0/22) Loss: 0.1801, Acc(1): 100.00, Acc(5): 100.00
2023-06-19 16:44:43,824 - AUGCON - INFO - Epoch [26/50]-(5/22) Loss: 0.2952, Acc(1): 100.00, Acc(5): 100.00
2023-06-19 16:44:43,824 - AUGCON - INFO - Epoch [26/50]-(10/22) Loss: 0.3488, Acc(1): 100.00, Acc(5): 100.00
2023-06-19 16:44:43,824 - AUGCON - INFO - Epoch [26/50]-(15/22) Loss: 0.8607, Acc(1): 50.00, Acc(5): 100.00
2023-06-19 16:44:43,824 - AUGCON - INFO - Epoch [26/50]-(20/22) Loss: 0.3888, Acc(1): 100.00, Acc(5): 100.00
2023-06-19 16:44:43,824 - AUGCON - INFO - 	Validation Loss: 0.4770, Acc(1): 90.00, Acc(5): 99.00, F1: 0.22, Recall: 0.21, Precision: 0.24
2023-06-19 16:44:43,824 - AUGCON - INFO - Epoch [27/50]-(0/22) Loss: 0.2103, Acc(1): 100.00, Acc(5): 100.00
2023-06-19 16:44:43,824 - AUGCON - INFO - Epoch [27/50]-(5/22) Loss: 0.9533, Acc(1): 75.00, Acc(5): 100.00
2023-06-19 16:44:43,824 - AUGCON - INFO - Epoch [27/50]-(10/22) Loss: 0.1581, Acc(1): 100.00, Acc(5): 100.00
2023-06-19 16:44:43,824 - AUGCON - INFO - Epoch [27/50]-(15/22) Loss: 0.2192, Acc(1): 100.00, Acc(5): 100.00
2023-06-19 16:44:43,824 - AUGCON - INFO - Epoch [27/50]-(20/22) Loss: 0.6431, Acc(1): 75.00, Acc(5): 100.00
2023-06-19 16:44:43,824 - AUGCON - INFO - 	Validation Loss: 0.4468, Acc(1): 91.00, Acc(5): 99.00, F1: 0.22, Recall: 0.21, Precision: 0.24
2023-06-19 16:44:43,825 - AUGCON - INFO - Epoch [28/50]-(0/22) Loss: 0.1217, Acc(1): 100.00, Acc(5): 100.00
2023-06-19 16:44:43,825 - AUGCON - INFO - Epoch [28/50]-(5/22) Loss: 0.1892, Acc(1): 100.00, Acc(5): 100.00
2023-06-19 16:44:43,825 - AUGCON - INFO - Epoch [28/50]-(10/22) Loss: 0.2689, Acc(1): 100.00, Acc(5): 100.00
2023-06-19 16:44:43,825 - AUGCON - INFO - Epoch [28/50]-(15/22) Loss: 0.3301, Acc(1): 100.00, Acc(5): 100.00
2023-06-19 16:44:43,825 - AUGCON - INFO - Epoch [28/50]-(20/22) Loss: 0.3615, Acc(1): 100.00, Acc(5): 100.00
2023-06-19 16:44:43,825 - AUGCON - INFO - 	Validation Loss: 0.4632, Acc(1): 91.00, Acc(5): 99.00, F1: 0.22, Recall: 0.21, Precision: 0.24
2023-06-19 16:44:43,825 - AUGCON - INFO - Epoch [29/50]-(0/22) Loss: 0.6008, Acc(1): 75.00, Acc(5): 100.00
2023-06-19 16:44:43,825 - AUGCON - INFO - Epoch [29/50]-(5/22) Loss: 0.2802, Acc(1): 100.00, Acc(5): 100.00
2023-06-19 16:44:43,825 - AUGCON - INFO - Epoch [29/50]-(10/22) Loss: 0.3822, Acc(1): 75.00, Acc(5): 100.00
2023-06-19 16:44:43,825 - AUGCON - INFO - Epoch [29/50]-(15/22) Loss: 0.2428, Acc(1): 100.00, Acc(5): 100.00
2023-06-19 16:44:43,825 - AUGCON - INFO - Epoch [29/50]-(20/22) Loss: 1.0453, Acc(1): 75.00, Acc(5): 100.00
2023-06-19 16:44:43,825 - AUGCON - INFO - 	Validation Loss: 0.4689, Acc(1): 90.00, Acc(5): 99.00, F1: 0.22, Recall: 0.21, Precision: 0.24
2023-06-19 16:44:43,825 - AUGCON - INFO - Epoch [30/50]-(0/22) Loss: 0.1864, Acc(1): 100.00, Acc(5): 100.00
2023-06-19 16:44:43,825 - AUGCON - INFO - Epoch [30/50]-(5/22) Loss: 0.1915, Acc(1): 100.00, Acc(5): 100.00
2023-06-19 16:44:43,826 - AUGCON - INFO - Epoch [30/50]-(10/22) Loss: 0.1726, Acc(1): 100.00, Acc(5): 100.00
2023-06-19 16:44:43,826 - AUGCON - INFO - Epoch [30/50]-(15/22) Loss: 0.4022, Acc(1): 100.00, Acc(5): 100.00
2023-06-19 16:44:43,826 - AUGCON - INFO - Epoch [30/50]-(20/22) Loss: 0.2638, Acc(1): 100.00, Acc(5): 100.00
2023-06-19 16:44:43,826 - AUGCON - INFO - 	Validation Loss: 0.4558, Acc(1): 90.00, Acc(5): 99.00, F1: 0.22, Recall: 0.21, Precision: 0.23
2023-06-19 16:44:43,826 - AUGCON - INFO - Epoch [31/50]-(0/22) Loss: 0.2373, Acc(1): 100.00, Acc(5): 100.00
2023-06-19 16:44:43,826 - AUGCON - INFO - Epoch [31/50]-(5/22) Loss: 0.2281, Acc(1): 100.00, Acc(5): 100.00
2023-06-19 16:44:43,826 - AUGCON - INFO - Epoch [31/50]-(10/22) Loss: 0.3706, Acc(1): 75.00, Acc(5): 100.00
2023-06-19 16:44:43,826 - AUGCON - INFO - Epoch [31/50]-(15/22) Loss: 0.1910, Acc(1): 100.00, Acc(5): 100.00
2023-06-19 16:44:43,826 - AUGCON - INFO - Epoch [31/50]-(20/22) Loss: 0.2362, Acc(1): 100.00, Acc(5): 100.00
2023-06-19 16:44:43,826 - AUGCON - INFO - 	Validation Loss: 0.4668, Acc(1): 91.00, Acc(5): 99.00, F1: 0.22, Recall: 0.21, Precision: 0.23
2023-06-19 16:44:43,826 - AUGCON - INFO - Epoch [32/50]-(0/22) Loss: 0.2476, Acc(1): 100.00, Acc(5): 100.00
2023-06-19 16:44:43,826 - AUGCON - INFO - Epoch [32/50]-(5/22) Loss: 0.4224, Acc(1): 100.00, Acc(5): 100.00
2023-06-19 16:44:43,826 - AUGCON - INFO - Epoch [32/50]-(10/22) Loss: 0.1242, Acc(1): 100.00, Acc(5): 100.00
2023-06-19 16:44:43,826 - AUGCON - INFO - Epoch [32/50]-(15/22) Loss: 0.1730, Acc(1): 100.00, Acc(5): 100.00
2023-06-19 16:44:43,826 - AUGCON - INFO - Epoch [32/50]-(20/22) Loss: 0.3634, Acc(1): 100.00, Acc(5): 100.00
2023-06-19 16:44:43,826 - AUGCON - INFO - 	Validation Loss: 0.4509, Acc(1): 90.00, Acc(5): 100.00, F1: 0.22, Recall: 0.21, Precision: 0.23
2023-06-19 16:44:43,826 - AUGCON - INFO - Epoch [33/50]-(0/22) Loss: 0.1669, Acc(1): 100.00, Acc(5): 100.00
2023-06-19 16:44:43,827 - AUGCON - INFO - Epoch [33/50]-(5/22) Loss: 0.4221, Acc(1): 100.00, Acc(5): 100.00
2023-06-19 16:44:43,827 - AUGCON - INFO - Epoch [33/50]-(10/22) Loss: 0.3426, Acc(1): 75.00, Acc(5): 100.00
2023-06-19 16:44:43,827 - AUGCON - INFO - Epoch [33/50]-(15/22) Loss: 0.1296, Acc(1): 100.00, Acc(5): 100.00
2023-06-19 16:44:43,827 - AUGCON - INFO - Epoch [33/50]-(20/22) Loss: 0.3358, Acc(1): 100.00, Acc(5): 100.00
2023-06-19 16:44:43,827 - AUGCON - INFO - 	Validation Loss: 0.4431, Acc(1): 90.00, Acc(5): 99.00, F1: 0.22, Recall: 0.21, Precision: 0.23
2023-06-19 16:44:43,827 - AUGCON - INFO - Epoch [34/50]-(0/22) Loss: 0.1810, Acc(1): 100.00, Acc(5): 100.00
2023-06-19 16:44:43,827 - AUGCON - INFO - Epoch [34/50]-(5/22) Loss: 0.2293, Acc(1): 100.00, Acc(5): 100.00
2023-06-19 16:44:43,827 - AUGCON - INFO - Epoch [34/50]-(10/22) Loss: 0.0864, Acc(1): 100.00, Acc(5): 100.00
2023-06-19 16:44:43,827 - AUGCON - INFO - Epoch [34/50]-(15/22) Loss: 0.6155, Acc(1): 75.00, Acc(5): 100.00
2023-06-19 16:44:43,827 - AUGCON - INFO - Epoch [34/50]-(20/22) Loss: 0.6712, Acc(1): 75.00, Acc(5): 100.00
2023-06-19 16:44:43,827 - AUGCON - INFO - 	Validation Loss: 0.4191, Acc(1): 91.00, Acc(5): 99.00, F1: 0.22, Recall: 0.21, Precision: 0.24
2023-06-19 16:44:43,827 - AUGCON - INFO - Epoch [35/50]-(0/22) Loss: 0.6754, Acc(1): 75.00, Acc(5): 100.00
2023-06-19 16:44:43,828 - AUGCON - INFO - Epoch [35/50]-(5/22) Loss: 0.2020, Acc(1): 100.00, Acc(5): 100.00
2023-06-19 16:44:43,828 - AUGCON - INFO - Epoch [35/50]-(10/22) Loss: 0.0563, Acc(1): 100.00, Acc(5): 100.00
2023-06-19 16:44:43,828 - AUGCON - INFO - Epoch [35/50]-(15/22) Loss: 0.1832, Acc(1): 100.00, Acc(5): 100.00
2023-06-19 16:44:43,828 - AUGCON - INFO - Epoch [35/50]-(20/22) Loss: 0.9940, Acc(1): 75.00, Acc(5): 100.00
2023-06-19 16:44:43,828 - AUGCON - INFO - 	Validation Loss: 0.4345, Acc(1): 89.00, Acc(5): 99.00, F1: 0.22, Recall: 0.21, Precision: 0.23
2023-06-19 16:44:43,828 - AUGCON - INFO - Epoch [36/50]-(0/22) Loss: 0.2542, Acc(1): 100.00, Acc(5): 100.00
2023-06-19 16:44:43,828 - AUGCON - INFO - Epoch [36/50]-(5/22) Loss: 0.0695, Acc(1): 100.00, Acc(5): 100.00
2023-06-19 16:44:43,828 - AUGCON - INFO - Epoch [36/50]-(10/22) Loss: 0.9659, Acc(1): 75.00, Acc(5): 100.00
2023-06-19 16:44:43,828 - AUGCON - INFO - Epoch [36/50]-(15/22) Loss: 0.2257, Acc(1): 100.00, Acc(5): 100.00
2023-06-19 16:44:43,828 - AUGCON - INFO - Epoch [36/50]-(20/22) Loss: 0.2406, Acc(1): 100.00, Acc(5): 100.00
2023-06-19 16:44:43,828 - AUGCON - INFO - 	Validation Loss: 0.4386, Acc(1): 90.00, Acc(5): 99.00, F1: 0.22, Recall: 0.21, Precision: 0.24
2023-06-19 16:44:43,828 - AUGCON - INFO - Epoch [37/50]-(0/22) Loss: 0.1579, Acc(1): 100.00, Acc(5): 100.00
2023-06-19 16:44:43,828 - AUGCON - INFO - Epoch [37/50]-(5/22) Loss: 0.1166, Acc(1): 100.00, Acc(5): 100.00
2023-06-19 16:44:43,828 - AUGCON - INFO - Epoch [37/50]-(10/22) Loss: 0.0952, Acc(1): 100.00, Acc(5): 100.00
2023-06-19 16:44:43,829 - AUGCON - INFO - Epoch [37/50]-(15/22) Loss: 0.0835, Acc(1): 100.00, Acc(5): 100.00
2023-06-19 16:44:43,829 - AUGCON - INFO - Epoch [37/50]-(20/22) Loss: 0.5050, Acc(1): 75.00, Acc(5): 100.00
2023-06-19 16:44:43,829 - AUGCON - INFO - 	Validation Loss: 0.4398, Acc(1): 92.00, Acc(5): 99.00, F1: 0.23, Recall: 0.21, Precision: 0.24
2023-06-19 16:44:43,829 - AUGCON - INFO - Epoch [38/50]-(0/22) Loss: 0.0639, Acc(1): 100.00, Acc(5): 100.00
2023-06-19 16:44:43,829 - AUGCON - INFO - Epoch [38/50]-(5/22) Loss: 0.1363, Acc(1): 100.00, Acc(5): 100.00
2023-06-19 16:44:43,829 - AUGCON - INFO - Epoch [38/50]-(10/22) Loss: 0.2146, Acc(1): 100.00, Acc(5): 100.00
2023-06-19 16:44:43,829 - AUGCON - INFO - Epoch [38/50]-(15/22) Loss: 0.2272, Acc(1): 100.00, Acc(5): 100.00
2023-06-19 16:44:43,829 - AUGCON - INFO - Epoch [38/50]-(20/22) Loss: 0.2418, Acc(1): 100.00, Acc(5): 100.00
2023-06-19 16:44:43,829 - AUGCON - INFO - 	Validation Loss: 0.4378, Acc(1): 90.00, Acc(5): 99.00, F1: 0.22, Recall: 0.21, Precision: 0.23
2023-06-19 16:44:43,829 - AUGCON - INFO - Epoch [39/50]-(0/22) Loss: 0.1969, Acc(1): 100.00, Acc(5): 100.00
2023-06-19 16:44:43,829 - AUGCON - INFO - Epoch [39/50]-(5/22) Loss: 0.2729, Acc(1): 100.00, Acc(5): 100.00
2023-06-19 16:44:43,829 - AUGCON - INFO - Epoch [39/50]-(10/22) Loss: 0.2882, Acc(1): 75.00, Acc(5): 100.00
2023-06-19 16:44:43,829 - AUGCON - INFO - Epoch [39/50]-(15/22) Loss: 0.5510, Acc(1): 75.00, Acc(5): 100.00
2023-06-19 16:44:43,829 - AUGCON - INFO - Epoch [39/50]-(20/22) Loss: 0.1831, Acc(1): 100.00, Acc(5): 100.00
2023-06-19 16:44:43,829 - AUGCON - INFO - 	Validation Loss: 0.4172, Acc(1): 91.00, Acc(5): 99.00, F1: 0.22, Recall: 0.21, Precision: 0.24
2023-06-19 16:44:43,830 - AUGCON - INFO - Epoch [40/50]-(0/22) Loss: 0.2002, Acc(1): 100.00, Acc(5): 100.00
2023-06-19 16:44:43,830 - AUGCON - INFO - Epoch [40/50]-(5/22) Loss: 0.4999, Acc(1): 100.00, Acc(5): 100.00
2023-06-19 16:44:43,830 - AUGCON - INFO - Epoch [40/50]-(10/22) Loss: 0.2452, Acc(1): 100.00, Acc(5): 100.00
2023-06-19 16:44:43,830 - AUGCON - INFO - Epoch [40/50]-(15/22) Loss: 0.8991, Acc(1): 75.00, Acc(5): 100.00
2023-06-19 16:44:43,830 - AUGCON - INFO - Epoch [40/50]-(20/22) Loss: 0.1835, Acc(1): 100.00, Acc(5): 100.00
2023-06-19 16:44:43,830 - AUGCON - INFO - 	Validation Loss: 0.4417, Acc(1): 90.00, Acc(5): 99.00, F1: 0.22, Recall: 0.21, Precision: 0.23
2023-06-19 16:44:43,830 - AUGCON - INFO - Epoch [41/50]-(0/22) Loss: 0.1910, Acc(1): 100.00, Acc(5): 100.00
2023-06-19 16:44:43,830 - AUGCON - INFO - Epoch [41/50]-(5/22) Loss: 0.4174, Acc(1): 75.00, Acc(5): 100.00
2023-06-19 16:44:43,830 - AUGCON - INFO - Epoch [41/50]-(10/22) Loss: 0.1677, Acc(1): 100.00, Acc(5): 100.00
2023-06-19 16:44:43,830 - AUGCON - INFO - Epoch [41/50]-(15/22) Loss: 0.1536, Acc(1): 100.00, Acc(5): 100.00
2023-06-19 16:44:43,830 - AUGCON - INFO - Epoch [41/50]-(20/22) Loss: 0.1581, Acc(1): 100.00, Acc(5): 100.00
2023-06-19 16:44:43,831 - AUGCON - INFO - 	Validation Loss: 0.4415, Acc(1): 89.00, Acc(5): 99.00, F1: 0.22, Recall: 0.21, Precision: 0.23
2023-06-19 16:44:43,831 - AUGCON - INFO - Epoch [42/50]-(0/22) Loss: 0.1595, Acc(1): 100.00, Acc(5): 100.00
2023-06-19 16:44:43,831 - AUGCON - INFO - Epoch [42/50]-(5/22) Loss: 0.1435, Acc(1): 100.00, Acc(5): 100.00
2023-06-19 16:44:43,831 - AUGCON - INFO - Epoch [42/50]-(10/22) Loss: 0.1271, Acc(1): 100.00, Acc(5): 100.00
2023-06-19 16:44:43,831 - AUGCON - INFO - Epoch [42/50]-(15/22) Loss: 1.0037, Acc(1): 75.00, Acc(5): 100.00
2023-06-19 16:44:43,831 - AUGCON - INFO - Epoch [42/50]-(20/22) Loss: 0.1474, Acc(1): 100.00, Acc(5): 100.00
2023-06-19 16:44:43,831 - AUGCON - INFO - 	Validation Loss: 0.4172, Acc(1): 90.00, Acc(5): 99.00, F1: 0.22, Recall: 0.21, Precision: 0.23
2023-06-19 16:44:43,831 - AUGCON - INFO - Epoch [43/50]-(0/22) Loss: 0.1657, Acc(1): 100.00, Acc(5): 100.00
2023-06-19 16:44:43,831 - AUGCON - INFO - Epoch [43/50]-(5/22) Loss: 0.1085, Acc(1): 100.00, Acc(5): 100.00
2023-06-19 16:44:43,831 - AUGCON - INFO - Epoch [43/50]-(10/22) Loss: 0.4494, Acc(1): 100.00, Acc(5): 100.00
2023-06-19 16:44:43,831 - AUGCON - INFO - Epoch [43/50]-(15/22) Loss: 0.3808, Acc(1): 75.00, Acc(5): 100.00
2023-06-19 16:44:43,831 - AUGCON - INFO - Epoch [43/50]-(20/22) Loss: 0.0781, Acc(1): 100.00, Acc(5): 100.00
2023-06-19 16:44:43,831 - AUGCON - INFO - 	Validation Loss: 0.4403, Acc(1): 90.00, Acc(5): 99.00, F1: 0.22, Recall: 0.21, Precision: 0.23
2023-06-19 16:44:43,831 - AUGCON - INFO - Epoch [44/50]-(0/22) Loss: 0.0537, Acc(1): 100.00, Acc(5): 100.00
2023-06-19 16:44:43,831 - AUGCON - INFO - Epoch [44/50]-(5/22) Loss: 0.1098, Acc(1): 100.00, Acc(5): 100.00
2023-06-19 16:44:43,831 - AUGCON - INFO - Epoch [44/50]-(10/22) Loss: 0.0685, Acc(1): 100.00, Acc(5): 100.00
2023-06-19 16:44:43,831 - AUGCON - INFO - Epoch [44/50]-(15/22) Loss: 0.1726, Acc(1): 100.00, Acc(5): 100.00
2023-06-19 16:44:43,832 - AUGCON - INFO - Epoch [44/50]-(20/22) Loss: 0.7550, Acc(1): 75.00, Acc(5): 100.00
2023-06-19 16:44:43,832 - AUGCON - INFO - 	Validation Loss: 0.4163, Acc(1): 90.00, Acc(5): 99.00, F1: 0.22, Recall: 0.21, Precision: 0.23
2023-06-19 16:44:43,832 - AUGCON - INFO - Epoch [45/50]-(0/22) Loss: 0.0927, Acc(1): 100.00, Acc(5): 100.00
2023-06-19 16:44:43,832 - AUGCON - INFO - Epoch [45/50]-(5/22) Loss: 0.1175, Acc(1): 100.00, Acc(5): 100.00
2023-06-19 16:44:43,832 - AUGCON - INFO - Epoch [45/50]-(10/22) Loss: 0.0485, Acc(1): 100.00, Acc(5): 100.00
2023-06-19 16:44:43,832 - AUGCON - INFO - Epoch [45/50]-(15/22) Loss: 0.2155, Acc(1): 100.00, Acc(5): 100.00
2023-06-19 16:44:43,832 - AUGCON - INFO - Epoch [45/50]-(20/22) Loss: 0.2428, Acc(1): 100.00, Acc(5): 100.00
2023-06-19 16:44:43,832 - AUGCON - INFO - 	Validation Loss: 0.4138, Acc(1): 90.00, Acc(5): 99.00, F1: 0.22, Recall: 0.21, Precision: 0.24
2023-06-19 16:44:43,832 - AUGCON - INFO - Epoch [46/50]-(0/22) Loss: 0.1514, Acc(1): 100.00, Acc(5): 100.00
2023-06-19 16:44:43,832 - AUGCON - INFO - Epoch [46/50]-(5/22) Loss: 0.1059, Acc(1): 100.00, Acc(5): 100.00
2023-06-19 16:44:43,832 - AUGCON - INFO - Epoch [46/50]-(10/22) Loss: 0.1868, Acc(1): 100.00, Acc(5): 100.00
2023-06-19 16:44:43,832 - AUGCON - INFO - Epoch [46/50]-(15/22) Loss: 0.5321, Acc(1): 75.00, Acc(5): 100.00
2023-06-19 16:44:43,833 - AUGCON - INFO - Epoch [46/50]-(20/22) Loss: 0.1722, Acc(1): 100.00, Acc(5): 100.00
2023-06-19 16:44:43,833 - AUGCON - INFO - 	Validation Loss: 0.4168, Acc(1): 90.00, Acc(5): 99.00, F1: 0.22, Recall: 0.21, Precision: 0.23
2023-06-19 16:44:43,833 - AUGCON - INFO - Epoch [47/50]-(0/22) Loss: 0.1819, Acc(1): 100.00, Acc(5): 100.00
2023-06-19 16:44:43,833 - AUGCON - INFO - Epoch [47/50]-(5/22) Loss: 0.2043, Acc(1): 100.00, Acc(5): 100.00
2023-06-19 16:44:43,833 - AUGCON - INFO - Epoch [47/50]-(10/22) Loss: 0.2964, Acc(1): 100.00, Acc(5): 100.00
2023-06-19 16:44:43,833 - AUGCON - INFO - Epoch [47/50]-(15/22) Loss: 0.4737, Acc(1): 75.00, Acc(5): 100.00
2023-06-19 16:44:43,833 - AUGCON - INFO - Epoch [47/50]-(20/22) Loss: 0.0883, Acc(1): 100.00, Acc(5): 100.00
2023-06-19 16:44:43,833 - AUGCON - INFO - 	Validation Loss: 0.4388, Acc(1): 88.00, Acc(5): 99.00, F1: 0.21, Recall: 0.20, Precision: 0.23
2023-06-19 16:44:43,833 - AUGCON - INFO - Epoch [48/50]-(0/22) Loss: 0.0824, Acc(1): 100.00, Acc(5): 100.00
2023-06-19 16:44:43,833 - AUGCON - INFO - Epoch [48/50]-(5/22) Loss: 0.2126, Acc(1): 100.00, Acc(5): 100.00
2023-06-19 16:44:43,833 - AUGCON - INFO - Epoch [48/50]-(10/22) Loss: 0.2105, Acc(1): 100.00, Acc(5): 100.00
2023-06-19 16:44:43,833 - AUGCON - INFO - Epoch [48/50]-(15/22) Loss: 0.1215, Acc(1): 100.00, Acc(5): 100.00
2023-06-19 16:44:43,833 - AUGCON - INFO - Epoch [48/50]-(20/22) Loss: 0.2078, Acc(1): 100.00, Acc(5): 100.00
2023-06-19 16:44:43,833 - AUGCON - INFO - 	Validation Loss: 0.4262, Acc(1): 91.00, Acc(5): 99.00, F1: 0.22, Recall: 0.21, Precision: 0.24
2023-06-19 16:44:43,833 - AUGCON - INFO - Epoch [49/50]-(0/22) Loss: 0.1530, Acc(1): 100.00, Acc(5): 100.00
2023-06-19 16:44:43,834 - AUGCON - INFO - Epoch [49/50]-(5/22) Loss: 0.6719, Acc(1): 75.00, Acc(5): 100.00
2023-06-19 16:44:43,834 - AUGCON - INFO - Epoch [49/50]-(10/22) Loss: 0.8604, Acc(1): 75.00, Acc(5): 100.00
2023-06-19 16:44:43,834 - AUGCON - INFO - Epoch [49/50]-(15/22) Loss: 0.3758, Acc(1): 75.00, Acc(5): 100.00
2023-06-19 16:44:43,834 - AUGCON - INFO - Epoch [49/50]-(20/22) Loss: 0.1595, Acc(1): 100.00, Acc(5): 100.00
2023-06-19 16:44:43,834 - AUGCON - INFO - 	Validation Loss: 0.4514, Acc(1): 89.00, Acc(5): 99.00, F1: 0.22, Recall: 0.21, Precision: 0.23
2023-06-19 16:44:43,834 - AUGCON - INFO - Epoch [50/50]-(0/22) Loss: 0.4818, Acc(1): 75.00, Acc(5): 100.00
2023-06-19 16:44:43,834 - AUGCON - INFO - Epoch [50/50]-(5/22) Loss: 0.3743, Acc(1): 75.00, Acc(5): 100.00
2023-06-19 16:44:43,834 - AUGCON - INFO - Epoch [50/50]-(10/22) Loss: 0.1103, Acc(1): 100.00, Acc(5): 100.00
2023-06-19 16:44:43,834 - AUGCON - INFO - Epoch [50/50]-(15/22) Loss: 0.1333, Acc(1): 100.00, Acc(5): 100.00
2023-06-19 16:44:43,834 - AUGCON - INFO - Epoch [50/50]-(20/22) Loss: 0.2028, Acc(1): 100.00, Acc(5): 100.00
2023-06-19 16:44:43,834 - AUGCON - INFO - 	Validation Loss: 0.4160, Acc(1): 90.00, Acc(5): 99.00, F1: 0.22, Recall: 0.21, Precision: 0.23
2023-06-19 16:44:43,834 - AUGCON - INFO - 	Validation Loss: 0.4095, Acc(1): 89.67, Acc(5): 98.33, F1: 0.21, Recall: 0.20, Precision: 0.22
