2023-06-19 16:44:02,051 - AUGCON - INFO - logger initialized (/home/hjyoon/projects/augcon/config/exp0/finetune_da_true/without_target_domain_WA0002-bkkim/metacpc_perdomain_8421/tgt_target_domain_WA0002-bkkim_seed0.yaml.log)
2023-06-19 16:44:02,051 - AUGCON - INFO - ================= Config =================
2023-06-19 16:44:02,051 - AUGCON - INFO -   mode: finetune
2023-06-19 16:44:02,051 - AUGCON - INFO -   seed: 0
2023-06-19 16:44:02,051 - AUGCON - INFO -   gpu: [7]
2023-06-19 16:44:02,051 - AUGCON - INFO -   num_workers: 1
2023-06-19 16:44:02,051 - AUGCON - INFO -   dist_url: tcp://localhost:10001
2023-06-19 16:44:02,051 - AUGCON - INFO -   dataset_name: ichar
2023-06-19 16:44:02,051 - AUGCON - INFO -   train_dataset_path: /mnt/sting/hjyoon/projects/cross/ICHAR/augcon/target_domain_WA0002-bkkim/finetune/10shot/target/train.pkl
2023-06-19 16:44:02,051 - AUGCON - INFO -   test_dataset_path: /mnt/sting/hjyoon/projects/cross/ICHAR/augcon/target_domain_WA0002-bkkim/finetune/10shot/target/test.pkl
2023-06-19 16:44:02,051 - AUGCON - INFO -   val_dataset_path: /mnt/sting/hjyoon/projects/cross/ICHAR/augcon/target_domain_WA0002-bkkim/finetune/10shot/target/val.pkl
2023-06-19 16:44:02,051 - AUGCON - INFO -   input_channels: 3
2023-06-19 16:44:02,051 - AUGCON - INFO -   num_cls: 9
2023-06-19 16:44:02,051 - AUGCON - INFO -   optimizer: adam
2023-06-19 16:44:02,051 - AUGCON - INFO -   criterion: crossentropy
2023-06-19 16:44:02,052 - AUGCON - INFO -   start_epoch: 0
2023-06-19 16:44:02,052 - AUGCON - INFO -   epochs: 50
2023-06-19 16:44:02,052 - AUGCON - INFO -   batch_size: 4
2023-06-19 16:44:02,052 - AUGCON - INFO -   lr: 0.001
2023-06-19 16:44:02,052 - AUGCON - INFO -   wd: 0.0
2023-06-19 16:44:02,052 - AUGCON - INFO -   resume: 
2023-06-19 16:44:02,052 - AUGCON - INFO -   pretrained: /mnt/sting/hjyoon/projects/augcontrast/models/exp0/pretrain/without_target_domain_WA0002-bkkim/metacpc_perdomain_8421/checkpoint_0999.pth.tar
2023-06-19 16:44:02,052 - AUGCON - INFO -   ckpt_dir: /mnt/sting/hjyoon/projects/augcontrast/models/exp0/finetune_da_true/without_target_domain_WA0002-bkkim/metacpc_perdomain_8421/tgt_target_domain_WA0002-bkkim_seed0
2023-06-19 16:44:02,052 - AUGCON - INFO -   log_freq: 5
2023-06-19 16:44:02,052 - AUGCON - INFO -   save_freq: 10
2023-06-19 16:44:02,052 - AUGCON - INFO -   pretext: metacpc
2023-06-19 16:44:02,052 - AUGCON - INFO -   enc_blocks: 4
2023-06-19 16:44:02,052 - AUGCON - INFO -   kernel_sizes: [8, 4, 2, 1]
2023-06-19 16:44:02,052 - AUGCON - INFO -   strides: [4, 2, 1, 1]
2023-06-19 16:44:02,052 - AUGCON - INFO -   agg_blocks: 5
2023-06-19 16:44:02,052 - AUGCON - INFO -   z_dim: 256
2023-06-19 16:44:02,052 - AUGCON - INFO -   pooling: mean
2023-06-19 16:44:02,052 - AUGCON - INFO -   pred_steps: 12
2023-06-19 16:44:02,052 - AUGCON - INFO -   n_negatives: 15
2023-06-19 16:44:02,052 - AUGCON - INFO -   offset: 4
2023-06-19 16:44:02,052 - AUGCON - INFO -   domain_adaptation: True
2023-06-19 16:44:02,052 - AUGCON - INFO -   task_steps: 10
2023-06-19 16:44:02,052 - AUGCON - INFO -   task_lr: 0.001
2023-06-19 16:44:02,052 - AUGCON - INFO -   reg_lambda: 0
2023-06-19 16:44:02,052 - AUGCON - INFO -   mlp: False
2023-06-19 16:44:02,052 - AUGCON - INFO -   freeze: True
2023-06-19 16:44:02,052 - AUGCON - INFO -   no_vars: False
2023-06-19 16:44:02,052 - AUGCON - INFO - ==========================================
2023-06-19 16:44:02,052 - AUGCON - INFO - Setting GPUs: [7]
2023-06-19 16:44:02,053 - AUGCON - INFO - GPUs [7] will be used
2023-06-19 16:44:02,053 - AUGCON - WARNING - You have chosen to seed training. 
2023-06-19 16:44:02,053 - AUGCON - WARNING - This will turn on the CUDNN deterministic setting, 
2023-06-19 16:44:02,053 - AUGCON - WARNING - which can slow down your training considerably! 
2023-06-19 16:44:02,053 - AUGCON - WARNING - You may see unexpected behavior when restarting 
2023-06-19 16:44:02,053 - AUGCON - WARNING - from checkpoints.
2023-06-19 16:44:02,084 - AUGCON - INFO - Executing MetaCPC
2023-06-19 16:44:02,084 - AUGCON - INFO - Logs are skipped during training
2023-06-19 16:44:21,736 - AUGCON - INFO - Single GPU is used for training - training 90 instances for each worker
2023-06-19 16:44:21,736 - AUGCON - INFO - Loading pretrained model from checkpoint - /mnt/sting/hjyoon/projects/augcontrast/models/exp0/pretrain/without_target_domain_WA0002-bkkim/metacpc_perdomain_8421/checkpoint_0999.pth.tar
2023-06-19 16:44:21,736 - AUGCON - INFO - Missing keys: []
2023-06-19 16:44:21,736 - AUGCON - INFO - Perform domain adaptation step
2023-06-19 16:44:21,737 - AUGCON - INFO - 	meta-train [0/10] Loss: 4.8525, Acc(1): 7.36, Acc(5): 36.07
2023-06-19 16:44:21,737 - AUGCON - INFO - 	meta-train [1/10] Loss: 3.2909, Acc(1): 8.77, Acc(5): 38.60
2023-06-19 16:44:21,737 - AUGCON - INFO - 	meta-train [2/10] Loss: 3.0042, Acc(1): 10.66, Acc(5): 43.42
2023-06-19 16:44:21,737 - AUGCON - INFO - 	meta-train [3/10] Loss: 2.8918, Acc(1): 11.76, Acc(5): 46.72
2023-06-19 16:44:21,737 - AUGCON - INFO - 	meta-train [4/10] Loss: 2.7997, Acc(1): 13.86, Acc(5): 50.59
2023-06-19 16:44:21,737 - AUGCON - INFO - 	meta-train [5/10] Loss: 2.6992, Acc(1): 14.56, Acc(5): 53.17
2023-06-19 16:44:21,737 - AUGCON - INFO - 	meta-train [6/10] Loss: 2.6105, Acc(1): 15.47, Acc(5): 55.66
2023-06-19 16:44:21,737 - AUGCON - INFO - 	meta-train [7/10] Loss: 2.5701, Acc(1): 17.15, Acc(5): 58.30
2023-06-19 16:44:21,737 - AUGCON - INFO - 	meta-train [8/10] Loss: 2.4417, Acc(1): 18.34, Acc(5): 62.10
2023-06-19 16:44:21,738 - AUGCON - INFO - 	meta-train [9/10] Loss: 2.3663, Acc(1): 19.30, Acc(5): 64.44
2023-06-19 16:44:21,738 - AUGCON - INFO - Loading encoder parameters to the classifier
2023-06-19 16:44:21,738 - AUGCON - INFO - Missing keys: ['classifier.block.0.weight', 'classifier.block.0.bias']
2023-06-19 16:44:21,738 - AUGCON - INFO - Epoch [1/50]-(0/22) Loss: 2.4916, Acc(1): 0.00, Acc(5): 25.00
2023-06-19 16:44:21,738 - AUGCON - INFO - Epoch [1/50]-(5/22) Loss: 2.4203, Acc(1): 0.00, Acc(5): 50.00
2023-06-19 16:44:21,738 - AUGCON - INFO - Epoch [1/50]-(10/22) Loss: 2.5392, Acc(1): 0.00, Acc(5): 50.00
2023-06-19 16:44:21,738 - AUGCON - INFO - Epoch [1/50]-(15/22) Loss: 2.1096, Acc(1): 25.00, Acc(5): 75.00
2023-06-19 16:44:21,738 - AUGCON - INFO - Epoch [1/50]-(20/22) Loss: 2.2814, Acc(1): 25.00, Acc(5): 25.00
2023-06-19 16:44:21,738 - AUGCON - INFO - 	Validation Loss: 2.0805, Acc(1): 30.00, Acc(5): 77.00, F1: 0.06, Recall: 0.08, Precision: 0.05
2023-06-19 16:44:21,738 - AUGCON - INFO - Epoch [2/50]-(0/22) Loss: 2.0514, Acc(1): 25.00, Acc(5): 100.00
2023-06-19 16:44:21,739 - AUGCON - INFO - Epoch [2/50]-(5/22) Loss: 2.2420, Acc(1): 0.00, Acc(5): 50.00
2023-06-19 16:44:21,739 - AUGCON - INFO - Epoch [2/50]-(10/22) Loss: 2.1893, Acc(1): 25.00, Acc(5): 75.00
2023-06-19 16:44:21,739 - AUGCON - INFO - Epoch [2/50]-(15/22) Loss: 2.2449, Acc(1): 25.00, Acc(5): 50.00
2023-06-19 16:44:21,739 - AUGCON - INFO - Epoch [2/50]-(20/22) Loss: 2.0709, Acc(1): 25.00, Acc(5): 75.00
2023-06-19 16:44:21,739 - AUGCON - INFO - 	Validation Loss: 1.9060, Acc(1): 46.00, Acc(5): 90.00, F1: 0.12, Recall: 0.13, Precision: 0.11
2023-06-19 16:44:21,739 - AUGCON - INFO - Epoch [3/50]-(0/22) Loss: 1.7379, Acc(1): 50.00, Acc(5): 100.00
2023-06-19 16:44:21,739 - AUGCON - INFO - Epoch [3/50]-(5/22) Loss: 1.5645, Acc(1): 50.00, Acc(5): 100.00
2023-06-19 16:44:21,739 - AUGCON - INFO - Epoch [3/50]-(10/22) Loss: 2.2360, Acc(1): 0.00, Acc(5): 100.00
2023-06-19 16:44:21,739 - AUGCON - INFO - Epoch [3/50]-(15/22) Loss: 1.9131, Acc(1): 25.00, Acc(5): 100.00
2023-06-19 16:44:21,739 - AUGCON - INFO - Epoch [3/50]-(20/22) Loss: 1.8179, Acc(1): 25.00, Acc(5): 100.00
2023-06-19 16:44:21,740 - AUGCON - INFO - 	Validation Loss: 1.7266, Acc(1): 46.00, Acc(5): 94.00, F1: 0.11, Recall: 0.09, Precision: 0.15
2023-06-19 16:44:21,740 - AUGCON - INFO - Epoch [4/50]-(0/22) Loss: 1.6419, Acc(1): 50.00, Acc(5): 100.00
2023-06-19 16:44:21,740 - AUGCON - INFO - Epoch [4/50]-(5/22) Loss: 1.6063, Acc(1): 50.00, Acc(5): 100.00
2023-06-19 16:44:21,740 - AUGCON - INFO - Epoch [4/50]-(10/22) Loss: 1.6837, Acc(1): 50.00, Acc(5): 100.00
2023-06-19 16:44:21,740 - AUGCON - INFO - Epoch [4/50]-(15/22) Loss: 1.7344, Acc(1): 50.00, Acc(5): 100.00
2023-06-19 16:44:21,740 - AUGCON - INFO - Epoch [4/50]-(20/22) Loss: 1.8603, Acc(1): 50.00, Acc(5): 75.00
2023-06-19 16:44:21,740 - AUGCON - INFO - 	Validation Loss: 1.6537, Acc(1): 54.00, Acc(5): 93.00, F1: 0.16, Recall: 0.15, Precision: 0.17
2023-06-19 16:44:21,740 - AUGCON - INFO - Epoch [5/50]-(0/22) Loss: 1.4207, Acc(1): 75.00, Acc(5): 100.00
2023-06-19 16:44:21,740 - AUGCON - INFO - Epoch [5/50]-(5/22) Loss: 1.7205, Acc(1): 50.00, Acc(5): 100.00
2023-06-19 16:44:21,741 - AUGCON - INFO - Epoch [5/50]-(10/22) Loss: 1.3916, Acc(1): 50.00, Acc(5): 100.00
2023-06-19 16:44:21,741 - AUGCON - INFO - Epoch [5/50]-(15/22) Loss: 1.3064, Acc(1): 75.00, Acc(5): 100.00
2023-06-19 16:44:21,741 - AUGCON - INFO - Epoch [5/50]-(20/22) Loss: 1.5626, Acc(1): 50.00, Acc(5): 100.00
2023-06-19 16:44:21,741 - AUGCON - INFO - 	Validation Loss: 1.5395, Acc(1): 57.00, Acc(5): 98.00, F1: 0.14, Recall: 0.12, Precision: 0.18
2023-06-19 16:44:21,741 - AUGCON - INFO - Epoch [6/50]-(0/22) Loss: 1.5538, Acc(1): 50.00, Acc(5): 100.00
2023-06-19 16:44:21,741 - AUGCON - INFO - Epoch [6/50]-(5/22) Loss: 1.4005, Acc(1): 75.00, Acc(5): 100.00
2023-06-19 16:44:21,741 - AUGCON - INFO - Epoch [6/50]-(10/22) Loss: 1.9308, Acc(1): 25.00, Acc(5): 100.00
2023-06-19 16:44:21,741 - AUGCON - INFO - Epoch [6/50]-(15/22) Loss: 1.4252, Acc(1): 50.00, Acc(5): 100.00
2023-06-19 16:44:21,741 - AUGCON - INFO - Epoch [6/50]-(20/22) Loss: 1.7065, Acc(1): 25.00, Acc(5): 100.00
2023-06-19 16:44:21,741 - AUGCON - INFO - 	Validation Loss: 1.4623, Acc(1): 59.00, Acc(5): 98.00, F1: 0.15, Recall: 0.15, Precision: 0.14
2023-06-19 16:44:21,742 - AUGCON - INFO - Epoch [7/50]-(0/22) Loss: 1.5151, Acc(1): 50.00, Acc(5): 100.00
2023-06-19 16:44:21,742 - AUGCON - INFO - Epoch [7/50]-(5/22) Loss: 1.6302, Acc(1): 50.00, Acc(5): 100.00
2023-06-19 16:44:21,742 - AUGCON - INFO - Epoch [7/50]-(10/22) Loss: 1.6639, Acc(1): 50.00, Acc(5): 75.00
2023-06-19 16:44:21,742 - AUGCON - INFO - Epoch [7/50]-(15/22) Loss: 1.4442, Acc(1): 25.00, Acc(5): 100.00
2023-06-19 16:44:21,742 - AUGCON - INFO - Epoch [7/50]-(20/22) Loss: 1.6378, Acc(1): 50.00, Acc(5): 100.00
2023-06-19 16:44:21,742 - AUGCON - INFO - 	Validation Loss: 1.4168, Acc(1): 60.00, Acc(5): 99.00, F1: 0.16, Recall: 0.13, Precision: 0.21
2023-06-19 16:44:21,742 - AUGCON - INFO - Epoch [8/50]-(0/22) Loss: 1.7751, Acc(1): 75.00, Acc(5): 100.00
2023-06-19 16:44:21,742 - AUGCON - INFO - Epoch [8/50]-(5/22) Loss: 1.6495, Acc(1): 50.00, Acc(5): 100.00
2023-06-19 16:44:21,742 - AUGCON - INFO - Epoch [8/50]-(10/22) Loss: 1.4885, Acc(1): 25.00, Acc(5): 100.00
2023-06-19 16:44:21,742 - AUGCON - INFO - Epoch [8/50]-(15/22) Loss: 1.4639, Acc(1): 75.00, Acc(5): 100.00
2023-06-19 16:44:21,742 - AUGCON - INFO - Epoch [8/50]-(20/22) Loss: 1.3091, Acc(1): 50.00, Acc(5): 100.00
2023-06-19 16:44:21,743 - AUGCON - INFO - 	Validation Loss: 1.3566, Acc(1): 46.00, Acc(5): 100.00, F1: 0.11, Recall: 0.09, Precision: 0.15
2023-06-19 16:44:21,743 - AUGCON - INFO - Epoch [9/50]-(0/22) Loss: 0.8103, Acc(1): 75.00, Acc(5): 100.00
2023-06-19 16:44:21,743 - AUGCON - INFO - Epoch [9/50]-(5/22) Loss: 1.6202, Acc(1): 25.00, Acc(5): 100.00
2023-06-19 16:44:21,743 - AUGCON - INFO - Epoch [9/50]-(10/22) Loss: 1.5411, Acc(1): 0.00, Acc(5): 100.00
2023-06-19 16:44:21,743 - AUGCON - INFO - Epoch [9/50]-(15/22) Loss: 1.7613, Acc(1): 0.00, Acc(5): 100.00
2023-06-19 16:44:21,743 - AUGCON - INFO - Epoch [9/50]-(20/22) Loss: 1.5541, Acc(1): 75.00, Acc(5): 100.00
2023-06-19 16:44:21,743 - AUGCON - INFO - 	Validation Loss: 1.3659, Acc(1): 66.00, Acc(5): 98.00, F1: 0.17, Recall: 0.18, Precision: 0.17
2023-06-19 16:44:21,743 - AUGCON - INFO - Epoch [10/50]-(0/22) Loss: 1.4534, Acc(1): 75.00, Acc(5): 100.00
2023-06-19 16:44:21,743 - AUGCON - INFO - Epoch [10/50]-(5/22) Loss: 1.6740, Acc(1): 50.00, Acc(5): 100.00
2023-06-19 16:44:21,743 - AUGCON - INFO - Epoch [10/50]-(10/22) Loss: 1.2025, Acc(1): 50.00, Acc(5): 100.00
2023-06-19 16:44:21,744 - AUGCON - INFO - Epoch [10/50]-(15/22) Loss: 1.5098, Acc(1): 25.00, Acc(5): 100.00
2023-06-19 16:44:21,744 - AUGCON - INFO - Epoch [10/50]-(20/22) Loss: 1.3673, Acc(1): 50.00, Acc(5): 100.00
2023-06-19 16:44:21,744 - AUGCON - INFO - 	Validation Loss: 1.3120, Acc(1): 71.00, Acc(5): 100.00, F1: 0.19, Recall: 0.16, Precision: 0.25
2023-06-19 16:44:21,744 - AUGCON - INFO - Epoch [11/50]-(0/22) Loss: 1.3583, Acc(1): 50.00, Acc(5): 100.00
2023-06-19 16:44:21,744 - AUGCON - INFO - Epoch [11/50]-(5/22) Loss: 1.3012, Acc(1): 50.00, Acc(5): 100.00
2023-06-19 16:44:21,744 - AUGCON - INFO - Epoch [11/50]-(10/22) Loss: 0.9703, Acc(1): 100.00, Acc(5): 100.00
2023-06-19 16:44:21,744 - AUGCON - INFO - Epoch [11/50]-(15/22) Loss: 1.5342, Acc(1): 50.00, Acc(5): 100.00
2023-06-19 16:44:21,744 - AUGCON - INFO - Epoch [11/50]-(20/22) Loss: 1.3744, Acc(1): 25.00, Acc(5): 100.00
2023-06-19 16:44:21,744 - AUGCON - INFO - 	Validation Loss: 1.3237, Acc(1): 63.00, Acc(5): 98.00, F1: 0.18, Recall: 0.15, Precision: 0.21
2023-06-19 16:44:21,744 - AUGCON - INFO - Epoch [12/50]-(0/22) Loss: 1.2470, Acc(1): 50.00, Acc(5): 100.00
2023-06-19 16:44:21,745 - AUGCON - INFO - Epoch [12/50]-(5/22) Loss: 1.3731, Acc(1): 50.00, Acc(5): 100.00
2023-06-19 16:44:21,745 - AUGCON - INFO - Epoch [12/50]-(10/22) Loss: 1.6388, Acc(1): 25.00, Acc(5): 100.00
2023-06-19 16:44:21,745 - AUGCON - INFO - Epoch [12/50]-(15/22) Loss: 1.6356, Acc(1): 25.00, Acc(5): 100.00
2023-06-19 16:44:21,745 - AUGCON - INFO - Epoch [12/50]-(20/22) Loss: 1.5468, Acc(1): 50.00, Acc(5): 100.00
2023-06-19 16:44:21,745 - AUGCON - INFO - 	Validation Loss: 1.2652, Acc(1): 60.00, Acc(5): 100.00, F1: 0.15, Recall: 0.16, Precision: 0.14
2023-06-19 16:44:21,745 - AUGCON - INFO - Epoch [13/50]-(0/22) Loss: 1.1204, Acc(1): 50.00, Acc(5): 100.00
2023-06-19 16:44:21,745 - AUGCON - INFO - Epoch [13/50]-(5/22) Loss: 1.6538, Acc(1): 25.00, Acc(5): 100.00
2023-06-19 16:44:21,745 - AUGCON - INFO - Epoch [13/50]-(10/22) Loss: 1.1616, Acc(1): 0.00, Acc(5): 100.00
2023-06-19 16:44:21,745 - AUGCON - INFO - Epoch [13/50]-(15/22) Loss: 0.6792, Acc(1): 75.00, Acc(5): 100.00
2023-06-19 16:44:21,745 - AUGCON - INFO - Epoch [13/50]-(20/22) Loss: 1.7527, Acc(1): 0.00, Acc(5): 100.00
2023-06-19 16:44:21,746 - AUGCON - INFO - 	Validation Loss: 1.2940, Acc(1): 58.00, Acc(5): 99.00, F1: 0.15, Recall: 0.16, Precision: 0.14
2023-06-19 16:44:21,746 - AUGCON - INFO - Epoch [14/50]-(0/22) Loss: 1.1471, Acc(1): 50.00, Acc(5): 100.00
2023-06-19 16:44:21,746 - AUGCON - INFO - Epoch [14/50]-(5/22) Loss: 0.7143, Acc(1): 75.00, Acc(5): 100.00
2023-06-19 16:44:21,746 - AUGCON - INFO - Epoch [14/50]-(10/22) Loss: 1.3234, Acc(1): 75.00, Acc(5): 100.00
2023-06-19 16:44:21,746 - AUGCON - INFO - Epoch [14/50]-(15/22) Loss: 0.8936, Acc(1): 100.00, Acc(5): 100.00
2023-06-19 16:44:21,746 - AUGCON - INFO - Epoch [14/50]-(20/22) Loss: 1.3439, Acc(1): 75.00, Acc(5): 100.00
2023-06-19 16:44:21,746 - AUGCON - INFO - 	Validation Loss: 1.2396, Acc(1): 67.00, Acc(5): 100.00, F1: 0.18, Recall: 0.15, Precision: 0.25
2023-06-19 16:44:21,746 - AUGCON - INFO - Epoch [15/50]-(0/22) Loss: 0.8603, Acc(1): 100.00, Acc(5): 100.00
2023-06-19 16:44:21,746 - AUGCON - INFO - Epoch [15/50]-(5/22) Loss: 1.1869, Acc(1): 50.00, Acc(5): 100.00
2023-06-19 16:44:21,746 - AUGCON - INFO - Epoch [15/50]-(10/22) Loss: 0.7887, Acc(1): 100.00, Acc(5): 100.00
2023-06-19 16:44:21,747 - AUGCON - INFO - Epoch [15/50]-(15/22) Loss: 1.0745, Acc(1): 50.00, Acc(5): 100.00
2023-06-19 16:44:21,747 - AUGCON - INFO - Epoch [15/50]-(20/22) Loss: 1.6125, Acc(1): 25.00, Acc(5): 100.00
2023-06-19 16:44:21,747 - AUGCON - INFO - 	Validation Loss: 1.2011, Acc(1): 72.00, Acc(5): 100.00, F1: 0.19, Recall: 0.17, Precision: 0.23
2023-06-19 16:44:21,747 - AUGCON - INFO - Epoch [16/50]-(0/22) Loss: 1.3124, Acc(1): 75.00, Acc(5): 100.00
2023-06-19 16:44:21,747 - AUGCON - INFO - Epoch [16/50]-(5/22) Loss: 0.9814, Acc(1): 75.00, Acc(5): 100.00
2023-06-19 16:44:21,747 - AUGCON - INFO - Epoch [16/50]-(10/22) Loss: 0.8611, Acc(1): 75.00, Acc(5): 100.00
2023-06-19 16:44:21,747 - AUGCON - INFO - Epoch [16/50]-(15/22) Loss: 1.1410, Acc(1): 50.00, Acc(5): 100.00
2023-06-19 16:44:21,747 - AUGCON - INFO - Epoch [16/50]-(20/22) Loss: 1.9046, Acc(1): 0.00, Acc(5): 100.00
2023-06-19 16:44:21,747 - AUGCON - INFO - 	Validation Loss: 1.2218, Acc(1): 67.00, Acc(5): 99.00, F1: 0.18, Recall: 0.18, Precision: 0.18
2023-06-19 16:44:21,748 - AUGCON - INFO - Epoch [17/50]-(0/22) Loss: 0.6089, Acc(1): 100.00, Acc(5): 100.00
2023-06-19 16:44:21,748 - AUGCON - INFO - Epoch [17/50]-(5/22) Loss: 1.4840, Acc(1): 75.00, Acc(5): 100.00
2023-06-19 16:44:21,748 - AUGCON - INFO - Epoch [17/50]-(10/22) Loss: 1.4109, Acc(1): 25.00, Acc(5): 100.00
2023-06-19 16:44:21,748 - AUGCON - INFO - Epoch [17/50]-(15/22) Loss: 1.4634, Acc(1): 50.00, Acc(5): 100.00
2023-06-19 16:44:21,748 - AUGCON - INFO - Epoch [17/50]-(20/22) Loss: 0.5151, Acc(1): 75.00, Acc(5): 100.00
2023-06-19 16:44:21,748 - AUGCON - INFO - 	Validation Loss: 1.2044, Acc(1): 61.00, Acc(5): 100.00, F1: 0.17, Recall: 0.13, Precision: 0.25
2023-06-19 16:44:21,748 - AUGCON - INFO - Epoch [18/50]-(0/22) Loss: 1.4344, Acc(1): 25.00, Acc(5): 100.00
2023-06-19 16:44:21,748 - AUGCON - INFO - Epoch [18/50]-(5/22) Loss: 0.4792, Acc(1): 100.00, Acc(5): 100.00
2023-06-19 16:44:21,748 - AUGCON - INFO - Epoch [18/50]-(10/22) Loss: 1.4340, Acc(1): 25.00, Acc(5): 100.00
2023-06-19 16:44:21,748 - AUGCON - INFO - Epoch [18/50]-(15/22) Loss: 1.0339, Acc(1): 75.00, Acc(5): 100.00
2023-06-19 16:44:21,748 - AUGCON - INFO - Epoch [18/50]-(20/22) Loss: 1.3458, Acc(1): 50.00, Acc(5): 100.00
2023-06-19 16:44:21,748 - AUGCON - INFO - 	Validation Loss: 1.1870, Acc(1): 52.00, Acc(5): 100.00, F1: 0.13, Recall: 0.12, Precision: 0.15
2023-06-19 16:44:21,748 - AUGCON - INFO - Epoch [19/50]-(0/22) Loss: 0.8418, Acc(1): 100.00, Acc(5): 100.00
2023-06-19 16:44:21,748 - AUGCON - INFO - Epoch [19/50]-(5/22) Loss: 1.2973, Acc(1): 25.00, Acc(5): 100.00
2023-06-19 16:44:21,749 - AUGCON - INFO - Epoch [19/50]-(10/22) Loss: 0.7045, Acc(1): 75.00, Acc(5): 100.00
2023-06-19 16:44:21,749 - AUGCON - INFO - Epoch [19/50]-(15/22) Loss: 1.4391, Acc(1): 25.00, Acc(5): 100.00
2023-06-19 16:44:21,749 - AUGCON - INFO - Epoch [19/50]-(20/22) Loss: 0.7977, Acc(1): 50.00, Acc(5): 100.00
2023-06-19 16:44:21,749 - AUGCON - INFO - 	Validation Loss: 1.2062, Acc(1): 39.00, Acc(5): 100.00, F1: 0.10, Recall: 0.10, Precision: 0.09
2023-06-19 16:44:21,749 - AUGCON - INFO - Epoch [20/50]-(0/22) Loss: 1.1415, Acc(1): 75.00, Acc(5): 100.00
2023-06-19 16:44:21,749 - AUGCON - INFO - Epoch [20/50]-(5/22) Loss: 1.0159, Acc(1): 75.00, Acc(5): 100.00
2023-06-19 16:44:21,749 - AUGCON - INFO - Epoch [20/50]-(10/22) Loss: 1.1272, Acc(1): 50.00, Acc(5): 100.00
2023-06-19 16:44:21,749 - AUGCON - INFO - Epoch [20/50]-(15/22) Loss: 0.9075, Acc(1): 75.00, Acc(5): 100.00
2023-06-19 16:44:21,749 - AUGCON - INFO - Epoch [20/50]-(20/22) Loss: 1.3722, Acc(1): 75.00, Acc(5): 100.00
2023-06-19 16:44:21,749 - AUGCON - INFO - 	Validation Loss: 1.1529, Acc(1): 75.00, Acc(5): 99.00, F1: 0.19, Recall: 0.18, Precision: 0.21
2023-06-19 16:44:21,749 - AUGCON - INFO - Epoch [21/50]-(0/22) Loss: 0.5942, Acc(1): 100.00, Acc(5): 100.00
2023-06-19 16:44:21,749 - AUGCON - INFO - Epoch [21/50]-(5/22) Loss: 0.9735, Acc(1): 75.00, Acc(5): 100.00
2023-06-19 16:44:21,749 - AUGCON - INFO - Epoch [21/50]-(10/22) Loss: 0.8265, Acc(1): 75.00, Acc(5): 100.00
2023-06-19 16:44:21,749 - AUGCON - INFO - Epoch [21/50]-(15/22) Loss: 0.8140, Acc(1): 75.00, Acc(5): 100.00
2023-06-19 16:44:21,750 - AUGCON - INFO - Epoch [21/50]-(20/22) Loss: 1.2202, Acc(1): 50.00, Acc(5): 100.00
2023-06-19 16:44:21,750 - AUGCON - INFO - 	Validation Loss: 1.1727, Acc(1): 57.00, Acc(5): 100.00, F1: 0.15, Recall: 0.13, Precision: 0.17
2023-06-19 16:44:21,750 - AUGCON - INFO - Epoch [22/50]-(0/22) Loss: 1.2086, Acc(1): 75.00, Acc(5): 100.00
2023-06-19 16:44:21,750 - AUGCON - INFO - Epoch [22/50]-(5/22) Loss: 1.0489, Acc(1): 75.00, Acc(5): 100.00
2023-06-19 16:44:21,750 - AUGCON - INFO - Epoch [22/50]-(10/22) Loss: 0.5909, Acc(1): 75.00, Acc(5): 100.00
2023-06-19 16:44:21,750 - AUGCON - INFO - Epoch [22/50]-(15/22) Loss: 0.7951, Acc(1): 75.00, Acc(5): 100.00
2023-06-19 16:44:21,750 - AUGCON - INFO - Epoch [22/50]-(20/22) Loss: 1.3328, Acc(1): 25.00, Acc(5): 100.00
2023-06-19 16:44:21,750 - AUGCON - INFO - 	Validation Loss: 1.1495, Acc(1): 57.00, Acc(5): 100.00, F1: 0.14, Recall: 0.15, Precision: 0.13
2023-06-19 16:44:21,750 - AUGCON - INFO - Epoch [23/50]-(0/22) Loss: 0.5514, Acc(1): 100.00, Acc(5): 100.00
2023-06-19 16:44:21,750 - AUGCON - INFO - Epoch [23/50]-(5/22) Loss: 1.2362, Acc(1): 50.00, Acc(5): 100.00
2023-06-19 16:44:21,750 - AUGCON - INFO - Epoch [23/50]-(10/22) Loss: 1.2005, Acc(1): 50.00, Acc(5): 100.00
2023-06-19 16:44:21,750 - AUGCON - INFO - Epoch [23/50]-(15/22) Loss: 1.0254, Acc(1): 50.00, Acc(5): 100.00
2023-06-19 16:44:21,751 - AUGCON - INFO - Epoch [23/50]-(20/22) Loss: 0.7433, Acc(1): 75.00, Acc(5): 100.00
2023-06-19 16:44:21,751 - AUGCON - INFO - 	Validation Loss: 1.1716, Acc(1): 54.00, Acc(5): 100.00, F1: 0.13, Recall: 0.14, Precision: 0.12
2023-06-19 16:44:21,751 - AUGCON - INFO - Epoch [24/50]-(0/22) Loss: 0.9767, Acc(1): 50.00, Acc(5): 100.00
2023-06-19 16:44:21,751 - AUGCON - INFO - Epoch [24/50]-(5/22) Loss: 1.5554, Acc(1): 25.00, Acc(5): 100.00
2023-06-19 16:44:21,751 - AUGCON - INFO - Epoch [24/50]-(10/22) Loss: 1.1791, Acc(1): 50.00, Acc(5): 100.00
2023-06-19 16:44:21,751 - AUGCON - INFO - Epoch [24/50]-(15/22) Loss: 0.4072, Acc(1): 100.00, Acc(5): 100.00
2023-06-19 16:44:21,751 - AUGCON - INFO - Epoch [24/50]-(20/22) Loss: 1.4793, Acc(1): 25.00, Acc(5): 100.00
2023-06-19 16:44:21,751 - AUGCON - INFO - 	Validation Loss: 1.1079, Acc(1): 66.00, Acc(5): 100.00, F1: 0.18, Recall: 0.15, Precision: 0.23
2023-06-19 16:44:21,751 - AUGCON - INFO - Epoch [25/50]-(0/22) Loss: 1.3178, Acc(1): 50.00, Acc(5): 100.00
2023-06-19 16:44:21,751 - AUGCON - INFO - Epoch [25/50]-(5/22) Loss: 0.7801, Acc(1): 75.00, Acc(5): 100.00
2023-06-19 16:44:21,751 - AUGCON - INFO - Epoch [25/50]-(10/22) Loss: 1.0713, Acc(1): 50.00, Acc(5): 100.00
2023-06-19 16:44:21,751 - AUGCON - INFO - Epoch [25/50]-(15/22) Loss: 0.8381, Acc(1): 75.00, Acc(5): 100.00
2023-06-19 16:44:21,751 - AUGCON - INFO - Epoch [25/50]-(20/22) Loss: 0.8961, Acc(1): 75.00, Acc(5): 100.00
2023-06-19 16:44:21,751 - AUGCON - INFO - 	Validation Loss: 1.1131, Acc(1): 69.00, Acc(5): 100.00, F1: 0.18, Recall: 0.18, Precision: 0.17
2023-06-19 16:44:21,752 - AUGCON - INFO - Epoch [26/50]-(0/22) Loss: 0.6250, Acc(1): 100.00, Acc(5): 100.00
2023-06-19 16:44:21,752 - AUGCON - INFO - Epoch [26/50]-(5/22) Loss: 1.2563, Acc(1): 75.00, Acc(5): 100.00
2023-06-19 16:44:21,752 - AUGCON - INFO - Epoch [26/50]-(10/22) Loss: 1.6195, Acc(1): 25.00, Acc(5): 100.00
2023-06-19 16:44:21,752 - AUGCON - INFO - Epoch [26/50]-(15/22) Loss: 0.8192, Acc(1): 100.00, Acc(5): 100.00
2023-06-19 16:44:21,752 - AUGCON - INFO - Epoch [26/50]-(20/22) Loss: 0.9204, Acc(1): 50.00, Acc(5): 100.00
2023-06-19 16:44:21,752 - AUGCON - INFO - 	Validation Loss: 1.0938, Acc(1): 67.00, Acc(5): 100.00, F1: 0.17, Recall: 0.18, Precision: 0.16
2023-06-19 16:44:21,752 - AUGCON - INFO - Epoch [27/50]-(0/22) Loss: 0.9557, Acc(1): 50.00, Acc(5): 100.00
2023-06-19 16:44:21,752 - AUGCON - INFO - Epoch [27/50]-(5/22) Loss: 0.8181, Acc(1): 75.00, Acc(5): 100.00
2023-06-19 16:44:21,752 - AUGCON - INFO - Epoch [27/50]-(10/22) Loss: 1.1253, Acc(1): 75.00, Acc(5): 100.00
2023-06-19 16:44:21,752 - AUGCON - INFO - Epoch [27/50]-(15/22) Loss: 1.0109, Acc(1): 50.00, Acc(5): 100.00
2023-06-19 16:44:21,752 - AUGCON - INFO - Epoch [27/50]-(20/22) Loss: 0.5657, Acc(1): 100.00, Acc(5): 100.00
2023-06-19 16:44:21,752 - AUGCON - INFO - 	Validation Loss: 1.0646, Acc(1): 68.00, Acc(5): 100.00, F1: 0.19, Recall: 0.15, Precision: 0.26
2023-06-19 16:44:21,752 - AUGCON - INFO - Epoch [28/50]-(0/22) Loss: 0.8494, Acc(1): 75.00, Acc(5): 100.00
2023-06-19 16:44:21,752 - AUGCON - INFO - Epoch [28/50]-(5/22) Loss: 0.9290, Acc(1): 50.00, Acc(5): 100.00
2023-06-19 16:44:21,752 - AUGCON - INFO - Epoch [28/50]-(10/22) Loss: 1.2044, Acc(1): 50.00, Acc(5): 100.00
2023-06-19 16:44:21,753 - AUGCON - INFO - Epoch [28/50]-(15/22) Loss: 1.1005, Acc(1): 50.00, Acc(5): 100.00
2023-06-19 16:44:21,753 - AUGCON - INFO - Epoch [28/50]-(20/22) Loss: 0.9845, Acc(1): 75.00, Acc(5): 100.00
2023-06-19 16:44:21,753 - AUGCON - INFO - 	Validation Loss: 1.0911, Acc(1): 74.00, Acc(5): 100.00, F1: 0.19, Recall: 0.18, Precision: 0.20
2023-06-19 16:44:21,753 - AUGCON - INFO - Epoch [29/50]-(0/22) Loss: 1.1948, Acc(1): 100.00, Acc(5): 100.00
2023-06-19 16:44:21,753 - AUGCON - INFO - Epoch [29/50]-(5/22) Loss: 0.9562, Acc(1): 50.00, Acc(5): 100.00
2023-06-19 16:44:21,753 - AUGCON - INFO - Epoch [29/50]-(10/22) Loss: 1.1476, Acc(1): 75.00, Acc(5): 100.00
2023-06-19 16:44:21,753 - AUGCON - INFO - Epoch [29/50]-(15/22) Loss: 0.7482, Acc(1): 100.00, Acc(5): 100.00
2023-06-19 16:44:21,753 - AUGCON - INFO - Epoch [29/50]-(20/22) Loss: 0.8180, Acc(1): 75.00, Acc(5): 100.00
2023-06-19 16:44:21,753 - AUGCON - INFO - 	Validation Loss: 1.0792, Acc(1): 66.00, Acc(5): 100.00, F1: 0.17, Recall: 0.16, Precision: 0.18
2023-06-19 16:44:21,753 - AUGCON - INFO - Epoch [30/50]-(0/22) Loss: 0.8467, Acc(1): 75.00, Acc(5): 100.00
2023-06-19 16:44:21,753 - AUGCON - INFO - Epoch [30/50]-(5/22) Loss: 1.1682, Acc(1): 50.00, Acc(5): 100.00
2023-06-19 16:44:21,753 - AUGCON - INFO - Epoch [30/50]-(10/22) Loss: 0.5506, Acc(1): 75.00, Acc(5): 100.00
2023-06-19 16:44:21,753 - AUGCON - INFO - Epoch [30/50]-(15/22) Loss: 1.3638, Acc(1): 25.00, Acc(5): 100.00
2023-06-19 16:44:21,753 - AUGCON - INFO - Epoch [30/50]-(20/22) Loss: 0.6346, Acc(1): 75.00, Acc(5): 100.00
2023-06-19 16:44:21,754 - AUGCON - INFO - 	Validation Loss: 1.0753, Acc(1): 70.00, Acc(5): 100.00, F1: 0.17, Recall: 0.17, Precision: 0.18
2023-06-19 16:44:21,754 - AUGCON - INFO - Epoch [31/50]-(0/22) Loss: 1.3128, Acc(1): 50.00, Acc(5): 100.00
2023-06-19 16:44:21,754 - AUGCON - INFO - Epoch [31/50]-(5/22) Loss: 1.1967, Acc(1): 50.00, Acc(5): 100.00
2023-06-19 16:44:21,754 - AUGCON - INFO - Epoch [31/50]-(10/22) Loss: 0.6920, Acc(1): 75.00, Acc(5): 100.00
2023-06-19 16:44:21,754 - AUGCON - INFO - Epoch [31/50]-(15/22) Loss: 0.6945, Acc(1): 75.00, Acc(5): 100.00
2023-06-19 16:44:21,754 - AUGCON - INFO - Epoch [31/50]-(20/22) Loss: 1.2057, Acc(1): 75.00, Acc(5): 100.00
2023-06-19 16:44:21,754 - AUGCON - INFO - 	Validation Loss: 1.0873, Acc(1): 65.00, Acc(5): 100.00, F1: 0.18, Recall: 0.17, Precision: 0.18
2023-06-19 16:44:21,754 - AUGCON - INFO - Epoch [32/50]-(0/22) Loss: 0.8284, Acc(1): 75.00, Acc(5): 100.00
2023-06-19 16:44:21,754 - AUGCON - INFO - Epoch [32/50]-(5/22) Loss: 0.7058, Acc(1): 100.00, Acc(5): 100.00
2023-06-19 16:44:21,754 - AUGCON - INFO - Epoch [32/50]-(10/22) Loss: 1.2321, Acc(1): 75.00, Acc(5): 100.00
2023-06-19 16:44:21,754 - AUGCON - INFO - Epoch [32/50]-(15/22) Loss: 0.7130, Acc(1): 75.00, Acc(5): 100.00
2023-06-19 16:44:21,754 - AUGCON - INFO - Epoch [32/50]-(20/22) Loss: 1.3886, Acc(1): 50.00, Acc(5): 100.00
2023-06-19 16:44:21,754 - AUGCON - INFO - 	Validation Loss: 1.0771, Acc(1): 63.00, Acc(5): 100.00, F1: 0.15, Recall: 0.15, Precision: 0.15
2023-06-19 16:44:21,754 - AUGCON - INFO - Epoch [33/50]-(0/22) Loss: 1.1832, Acc(1): 50.00, Acc(5): 100.00
2023-06-19 16:44:21,754 - AUGCON - INFO - Epoch [33/50]-(5/22) Loss: 1.1545, Acc(1): 50.00, Acc(5): 100.00
2023-06-19 16:44:21,754 - AUGCON - INFO - Epoch [33/50]-(10/22) Loss: 0.2527, Acc(1): 100.00, Acc(5): 100.00
2023-06-19 16:44:21,755 - AUGCON - INFO - Epoch [33/50]-(15/22) Loss: 1.2814, Acc(1): 25.00, Acc(5): 100.00
2023-06-19 16:44:21,755 - AUGCON - INFO - Epoch [33/50]-(20/22) Loss: 1.1287, Acc(1): 50.00, Acc(5): 100.00
2023-06-19 16:44:21,755 - AUGCON - INFO - 	Validation Loss: 1.0313, Acc(1): 70.00, Acc(5): 100.00, F1: 0.18, Recall: 0.17, Precision: 0.20
2023-06-19 16:44:21,755 - AUGCON - INFO - Epoch [34/50]-(0/22) Loss: 0.9819, Acc(1): 75.00, Acc(5): 100.00
2023-06-19 16:44:21,755 - AUGCON - INFO - Epoch [34/50]-(5/22) Loss: 1.6565, Acc(1): 0.00, Acc(5): 100.00
2023-06-19 16:44:21,755 - AUGCON - INFO - Epoch [34/50]-(10/22) Loss: 0.6711, Acc(1): 75.00, Acc(5): 100.00
2023-06-19 16:44:21,755 - AUGCON - INFO - Epoch [34/50]-(15/22) Loss: 0.2615, Acc(1): 100.00, Acc(5): 100.00
2023-06-19 16:44:21,755 - AUGCON - INFO - Epoch [34/50]-(20/22) Loss: 1.4126, Acc(1): 25.00, Acc(5): 100.00
2023-06-19 16:44:21,755 - AUGCON - INFO - 	Validation Loss: 1.0576, Acc(1): 61.00, Acc(5): 100.00, F1: 0.15, Recall: 0.16, Precision: 0.14
2023-06-19 16:44:21,755 - AUGCON - INFO - Epoch [35/50]-(0/22) Loss: 1.3889, Acc(1): 25.00, Acc(5): 100.00
2023-06-19 16:44:21,755 - AUGCON - INFO - Epoch [35/50]-(5/22) Loss: 1.1123, Acc(1): 50.00, Acc(5): 100.00
2023-06-19 16:44:21,755 - AUGCON - INFO - Epoch [35/50]-(10/22) Loss: 1.3889, Acc(1): 25.00, Acc(5): 100.00
2023-06-19 16:44:21,755 - AUGCON - INFO - Epoch [35/50]-(15/22) Loss: 0.9992, Acc(1): 50.00, Acc(5): 100.00
2023-06-19 16:44:21,755 - AUGCON - INFO - Epoch [35/50]-(20/22) Loss: 0.4682, Acc(1): 100.00, Acc(5): 100.00
2023-06-19 16:44:21,755 - AUGCON - INFO - 	Validation Loss: 1.0411, Acc(1): 73.00, Acc(5): 100.00, F1: 0.19, Recall: 0.19, Precision: 0.19
2023-06-19 16:44:21,756 - AUGCON - INFO - Epoch [36/50]-(0/22) Loss: 0.5469, Acc(1): 75.00, Acc(5): 100.00
2023-06-19 16:44:21,756 - AUGCON - INFO - Epoch [36/50]-(5/22) Loss: 1.0616, Acc(1): 50.00, Acc(5): 100.00
2023-06-19 16:44:21,756 - AUGCON - INFO - Epoch [36/50]-(10/22) Loss: 0.6128, Acc(1): 75.00, Acc(5): 100.00
2023-06-19 16:44:21,756 - AUGCON - INFO - Epoch [36/50]-(15/22) Loss: 0.5755, Acc(1): 75.00, Acc(5): 100.00
2023-06-19 16:44:21,756 - AUGCON - INFO - Epoch [36/50]-(20/22) Loss: 0.9753, Acc(1): 50.00, Acc(5): 100.00
2023-06-19 16:44:21,756 - AUGCON - INFO - 	Validation Loss: 1.0638, Acc(1): 68.00, Acc(5): 100.00, F1: 0.17, Recall: 0.18, Precision: 0.16
2023-06-19 16:44:21,756 - AUGCON - INFO - Epoch [37/50]-(0/22) Loss: 0.4549, Acc(1): 100.00, Acc(5): 100.00
2023-06-19 16:44:21,756 - AUGCON - INFO - Epoch [37/50]-(5/22) Loss: 0.5974, Acc(1): 100.00, Acc(5): 100.00
2023-06-19 16:44:21,756 - AUGCON - INFO - Epoch [37/50]-(10/22) Loss: 1.1868, Acc(1): 50.00, Acc(5): 100.00
2023-06-19 16:44:21,756 - AUGCON - INFO - Epoch [37/50]-(15/22) Loss: 0.8555, Acc(1): 75.00, Acc(5): 100.00
2023-06-19 16:44:21,756 - AUGCON - INFO - Epoch [37/50]-(20/22) Loss: 0.4531, Acc(1): 100.00, Acc(5): 100.00
2023-06-19 16:44:21,756 - AUGCON - INFO - 	Validation Loss: 1.0299, Acc(1): 70.00, Acc(5): 100.00, F1: 0.19, Recall: 0.16, Precision: 0.23
2023-06-19 16:44:21,756 - AUGCON - INFO - Epoch [38/50]-(0/22) Loss: 0.6870, Acc(1): 75.00, Acc(5): 100.00
2023-06-19 16:44:21,757 - AUGCON - INFO - Epoch [38/50]-(5/22) Loss: 0.8609, Acc(1): 50.00, Acc(5): 100.00
2023-06-19 16:44:21,757 - AUGCON - INFO - Epoch [38/50]-(10/22) Loss: 0.8842, Acc(1): 75.00, Acc(5): 100.00
2023-06-19 16:44:21,757 - AUGCON - INFO - Epoch [38/50]-(15/22) Loss: 0.8060, Acc(1): 75.00, Acc(5): 100.00
2023-06-19 16:44:21,757 - AUGCON - INFO - Epoch [38/50]-(20/22) Loss: 0.9554, Acc(1): 75.00, Acc(5): 100.00
2023-06-19 16:44:21,757 - AUGCON - INFO - 	Validation Loss: 1.0376, Acc(1): 68.00, Acc(5): 100.00, F1: 0.18, Recall: 0.18, Precision: 0.17
2023-06-19 16:44:21,757 - AUGCON - INFO - Epoch [39/50]-(0/22) Loss: 1.0155, Acc(1): 75.00, Acc(5): 100.00
2023-06-19 16:44:21,757 - AUGCON - INFO - Epoch [39/50]-(5/22) Loss: 1.2629, Acc(1): 50.00, Acc(5): 100.00
2023-06-19 16:44:21,757 - AUGCON - INFO - Epoch [39/50]-(10/22) Loss: 1.0142, Acc(1): 50.00, Acc(5): 100.00
2023-06-19 16:44:21,757 - AUGCON - INFO - Epoch [39/50]-(15/22) Loss: 0.6786, Acc(1): 100.00, Acc(5): 100.00
2023-06-19 16:44:21,757 - AUGCON - INFO - Epoch [39/50]-(20/22) Loss: 0.8900, Acc(1): 50.00, Acc(5): 100.00
2023-06-19 16:44:21,757 - AUGCON - INFO - 	Validation Loss: 1.0302, Acc(1): 67.00, Acc(5): 100.00, F1: 0.18, Recall: 0.18, Precision: 0.18
2023-06-19 16:44:21,757 - AUGCON - INFO - Epoch [40/50]-(0/22) Loss: 0.4864, Acc(1): 100.00, Acc(5): 100.00
2023-06-19 16:44:21,757 - AUGCON - INFO - Epoch [40/50]-(5/22) Loss: 0.6618, Acc(1): 100.00, Acc(5): 100.00
2023-06-19 16:44:21,757 - AUGCON - INFO - Epoch [40/50]-(10/22) Loss: 0.4576, Acc(1): 100.00, Acc(5): 100.00
2023-06-19 16:44:21,757 - AUGCON - INFO - Epoch [40/50]-(15/22) Loss: 0.8025, Acc(1): 50.00, Acc(5): 100.00
2023-06-19 16:44:21,758 - AUGCON - INFO - Epoch [40/50]-(20/22) Loss: 0.7921, Acc(1): 75.00, Acc(5): 100.00
2023-06-19 16:44:21,758 - AUGCON - INFO - 	Validation Loss: 1.0230, Acc(1): 74.00, Acc(5): 100.00, F1: 0.20, Recall: 0.18, Precision: 0.22
2023-06-19 16:44:21,758 - AUGCON - INFO - Epoch [41/50]-(0/22) Loss: 1.0262, Acc(1): 75.00, Acc(5): 100.00
2023-06-19 16:44:21,758 - AUGCON - INFO - Epoch [41/50]-(5/22) Loss: 0.8100, Acc(1): 75.00, Acc(5): 100.00
2023-06-19 16:44:21,758 - AUGCON - INFO - Epoch [41/50]-(10/22) Loss: 1.4439, Acc(1): 25.00, Acc(5): 100.00
2023-06-19 16:44:21,758 - AUGCON - INFO - Epoch [41/50]-(15/22) Loss: 1.3499, Acc(1): 25.00, Acc(5): 100.00
2023-06-19 16:44:21,758 - AUGCON - INFO - Epoch [41/50]-(20/22) Loss: 1.1454, Acc(1): 75.00, Acc(5): 100.00
2023-06-19 16:44:21,758 - AUGCON - INFO - 	Validation Loss: 1.0054, Acc(1): 70.00, Acc(5): 100.00, F1: 0.18, Recall: 0.16, Precision: 0.21
2023-06-19 16:44:21,758 - AUGCON - INFO - Epoch [42/50]-(0/22) Loss: 0.9265, Acc(1): 50.00, Acc(5): 100.00
2023-06-19 16:44:21,758 - AUGCON - INFO - Epoch [42/50]-(5/22) Loss: 0.8872, Acc(1): 50.00, Acc(5): 100.00
2023-06-19 16:44:21,758 - AUGCON - INFO - Epoch [42/50]-(10/22) Loss: 0.7115, Acc(1): 75.00, Acc(5): 100.00
2023-06-19 16:44:21,758 - AUGCON - INFO - Epoch [42/50]-(15/22) Loss: 0.4200, Acc(1): 100.00, Acc(5): 100.00
2023-06-19 16:44:21,758 - AUGCON - INFO - Epoch [42/50]-(20/22) Loss: 1.1288, Acc(1): 50.00, Acc(5): 100.00
2023-06-19 16:44:21,758 - AUGCON - INFO - 	Validation Loss: 1.0273, Acc(1): 68.00, Acc(5): 100.00, F1: 0.18, Recall: 0.18, Precision: 0.18
2023-06-19 16:44:21,758 - AUGCON - INFO - Epoch [43/50]-(0/22) Loss: 0.9601, Acc(1): 75.00, Acc(5): 100.00
2023-06-19 16:44:21,758 - AUGCON - INFO - Epoch [43/50]-(5/22) Loss: 0.8627, Acc(1): 75.00, Acc(5): 100.00
2023-06-19 16:44:21,759 - AUGCON - INFO - Epoch [43/50]-(10/22) Loss: 0.4705, Acc(1): 100.00, Acc(5): 100.00
2023-06-19 16:44:21,759 - AUGCON - INFO - Epoch [43/50]-(15/22) Loss: 0.8696, Acc(1): 75.00, Acc(5): 100.00
2023-06-19 16:44:21,759 - AUGCON - INFO - Epoch [43/50]-(20/22) Loss: 1.2180, Acc(1): 50.00, Acc(5): 100.00
2023-06-19 16:44:21,759 - AUGCON - INFO - 	Validation Loss: 1.0120, Acc(1): 73.00, Acc(5): 100.00, F1: 0.18, Recall: 0.20, Precision: 0.17
2023-06-19 16:44:21,759 - AUGCON - INFO - Epoch [44/50]-(0/22) Loss: 0.6004, Acc(1): 75.00, Acc(5): 100.00
2023-06-19 16:44:21,759 - AUGCON - INFO - Epoch [44/50]-(5/22) Loss: 0.9680, Acc(1): 50.00, Acc(5): 100.00
2023-06-19 16:44:21,759 - AUGCON - INFO - Epoch [44/50]-(10/22) Loss: 1.1692, Acc(1): 25.00, Acc(5): 100.00
2023-06-19 16:44:21,759 - AUGCON - INFO - Epoch [44/50]-(15/22) Loss: 0.7904, Acc(1): 50.00, Acc(5): 100.00
2023-06-19 16:44:21,759 - AUGCON - INFO - Epoch [44/50]-(20/22) Loss: 0.7466, Acc(1): 75.00, Acc(5): 100.00
2023-06-19 16:44:21,759 - AUGCON - INFO - 	Validation Loss: 1.0106, Acc(1): 61.00, Acc(5): 100.00, F1: 0.15, Recall: 0.15, Precision: 0.15
2023-06-19 16:44:21,759 - AUGCON - INFO - Epoch [45/50]-(0/22) Loss: 1.4620, Acc(1): 25.00, Acc(5): 100.00
2023-06-19 16:44:21,759 - AUGCON - INFO - Epoch [45/50]-(5/22) Loss: 0.7849, Acc(1): 100.00, Acc(5): 100.00
2023-06-19 16:44:21,759 - AUGCON - INFO - Epoch [45/50]-(10/22) Loss: 0.5539, Acc(1): 75.00, Acc(5): 100.00
2023-06-19 16:44:21,759 - AUGCON - INFO - Epoch [45/50]-(15/22) Loss: 0.5945, Acc(1): 75.00, Acc(5): 100.00
2023-06-19 16:44:21,759 - AUGCON - INFO - Epoch [45/50]-(20/22) Loss: 0.8067, Acc(1): 50.00, Acc(5): 100.00
2023-06-19 16:44:21,759 - AUGCON - INFO - 	Validation Loss: 1.0308, Acc(1): 70.00, Acc(5): 100.00, F1: 0.18, Recall: 0.19, Precision: 0.18
2023-06-19 16:44:21,759 - AUGCON - INFO - Epoch [46/50]-(0/22) Loss: 1.0084, Acc(1): 50.00, Acc(5): 100.00
2023-06-19 16:44:21,760 - AUGCON - INFO - Epoch [46/50]-(5/22) Loss: 0.1977, Acc(1): 100.00, Acc(5): 100.00
2023-06-19 16:44:21,760 - AUGCON - INFO - Epoch [46/50]-(10/22) Loss: 0.5467, Acc(1): 75.00, Acc(5): 100.00
2023-06-19 16:44:21,760 - AUGCON - INFO - Epoch [46/50]-(15/22) Loss: 0.7649, Acc(1): 50.00, Acc(5): 100.00
2023-06-19 16:44:21,760 - AUGCON - INFO - Epoch [46/50]-(20/22) Loss: 0.8759, Acc(1): 75.00, Acc(5): 100.00
2023-06-19 16:44:21,760 - AUGCON - INFO - 	Validation Loss: 0.9749, Acc(1): 70.00, Acc(5): 100.00, F1: 0.17, Recall: 0.17, Precision: 0.18
2023-06-19 16:44:21,760 - AUGCON - INFO - Epoch [47/50]-(0/22) Loss: 0.8857, Acc(1): 50.00, Acc(5): 100.00
2023-06-19 16:44:21,760 - AUGCON - INFO - Epoch [47/50]-(5/22) Loss: 0.9969, Acc(1): 75.00, Acc(5): 100.00
2023-06-19 16:44:21,760 - AUGCON - INFO - Epoch [47/50]-(10/22) Loss: 0.5590, Acc(1): 100.00, Acc(5): 100.00
2023-06-19 16:44:21,760 - AUGCON - INFO - Epoch [47/50]-(15/22) Loss: 0.8194, Acc(1): 75.00, Acc(5): 100.00
2023-06-19 16:44:21,760 - AUGCON - INFO - Epoch [47/50]-(20/22) Loss: 0.8791, Acc(1): 50.00, Acc(5): 100.00
2023-06-19 16:44:21,760 - AUGCON - INFO - 	Validation Loss: 0.9866, Acc(1): 71.00, Acc(5): 100.00, F1: 0.19, Recall: 0.16, Precision: 0.23
2023-06-19 16:44:21,760 - AUGCON - INFO - Epoch [48/50]-(0/22) Loss: 0.7642, Acc(1): 100.00, Acc(5): 100.00
2023-06-19 16:44:21,760 - AUGCON - INFO - Epoch [48/50]-(5/22) Loss: 1.1361, Acc(1): 75.00, Acc(5): 100.00
2023-06-19 16:44:21,760 - AUGCON - INFO - Epoch [48/50]-(10/22) Loss: 0.8226, Acc(1): 75.00, Acc(5): 100.00
2023-06-19 16:44:21,760 - AUGCON - INFO - Epoch [48/50]-(15/22) Loss: 1.1483, Acc(1): 50.00, Acc(5): 100.00
2023-06-19 16:44:21,761 - AUGCON - INFO - Epoch [48/50]-(20/22) Loss: 0.1468, Acc(1): 100.00, Acc(5): 100.00
2023-06-19 16:44:21,761 - AUGCON - INFO - 	Validation Loss: 0.9655, Acc(1): 73.00, Acc(5): 100.00, F1: 0.18, Recall: 0.19, Precision: 0.17
2023-06-19 16:44:21,761 - AUGCON - INFO - Epoch [49/50]-(0/22) Loss: 0.4988, Acc(1): 100.00, Acc(5): 100.00
2023-06-19 16:44:21,761 - AUGCON - INFO - Epoch [49/50]-(5/22) Loss: 0.8083, Acc(1): 100.00, Acc(5): 100.00
2023-06-19 16:44:21,761 - AUGCON - INFO - Epoch [49/50]-(10/22) Loss: 0.2401, Acc(1): 100.00, Acc(5): 100.00
2023-06-19 16:44:21,761 - AUGCON - INFO - Epoch [49/50]-(15/22) Loss: 0.9570, Acc(1): 100.00, Acc(5): 100.00
2023-06-19 16:44:21,761 - AUGCON - INFO - Epoch [49/50]-(20/22) Loss: 1.1237, Acc(1): 50.00, Acc(5): 100.00
2023-06-19 16:44:21,761 - AUGCON - INFO - 	Validation Loss: 0.9883, Acc(1): 76.00, Acc(5): 100.00, F1: 0.19, Recall: 0.19, Precision: 0.19
2023-06-19 16:44:21,761 - AUGCON - INFO - Epoch [50/50]-(0/22) Loss: 0.7993, Acc(1): 75.00, Acc(5): 100.00
2023-06-19 16:44:21,761 - AUGCON - INFO - Epoch [50/50]-(5/22) Loss: 0.9172, Acc(1): 50.00, Acc(5): 100.00
2023-06-19 16:44:21,761 - AUGCON - INFO - Epoch [50/50]-(10/22) Loss: 1.2106, Acc(1): 50.00, Acc(5): 100.00
2023-06-19 16:44:21,761 - AUGCON - INFO - Epoch [50/50]-(15/22) Loss: 1.4213, Acc(1): 25.00, Acc(5): 100.00
2023-06-19 16:44:21,761 - AUGCON - INFO - Epoch [50/50]-(20/22) Loss: 0.9844, Acc(1): 75.00, Acc(5): 100.00
2023-06-19 16:44:21,761 - AUGCON - INFO - 	Validation Loss: 1.0126, Acc(1): 73.00, Acc(5): 100.00, F1: 0.19, Recall: 0.19, Precision: 0.19
2023-06-19 16:44:21,761 - AUGCON - INFO - 	Validation Loss: 0.9376, Acc(1): 76.67, Acc(5): 99.67, F1: 0.19, Recall: 0.19, Precision: 0.19
