2023-06-19 16:43:40,484 - AUGCON - INFO - logger initialized (/home/hjyoon/projects/augcon/config/exp0/finetune_da_true/without_target_domain_WA0002-bkkim/metacpc_perdomain_8421/tgt_target_domain_PH0045-sjlee_seed0.yaml.log)
2023-06-19 16:43:40,484 - AUGCON - INFO - ================= Config =================
2023-06-19 16:43:40,484 - AUGCON - INFO -   mode: finetune
2023-06-19 16:43:40,484 - AUGCON - INFO -   seed: 0
2023-06-19 16:43:40,484 - AUGCON - INFO -   gpu: [7]
2023-06-19 16:43:40,484 - AUGCON - INFO -   num_workers: 1
2023-06-19 16:43:40,484 - AUGCON - INFO -   dist_url: tcp://localhost:10001
2023-06-19 16:43:40,484 - AUGCON - INFO -   dataset_name: ichar
2023-06-19 16:43:40,484 - AUGCON - INFO -   train_dataset_path: /mnt/sting/hjyoon/projects/cross/ICHAR/augcon/target_domain_PH0045-sjlee/finetune/10shot/target/train.pkl
2023-06-19 16:43:40,484 - AUGCON - INFO -   test_dataset_path: /mnt/sting/hjyoon/projects/cross/ICHAR/augcon/target_domain_PH0045-sjlee/finetune/10shot/target/test.pkl
2023-06-19 16:43:40,484 - AUGCON - INFO -   val_dataset_path: /mnt/sting/hjyoon/projects/cross/ICHAR/augcon/target_domain_PH0045-sjlee/finetune/10shot/target/val.pkl
2023-06-19 16:43:40,484 - AUGCON - INFO -   input_channels: 3
2023-06-19 16:43:40,484 - AUGCON - INFO -   num_cls: 9
2023-06-19 16:43:40,484 - AUGCON - INFO -   optimizer: adam
2023-06-19 16:43:40,484 - AUGCON - INFO -   criterion: crossentropy
2023-06-19 16:43:40,484 - AUGCON - INFO -   start_epoch: 0
2023-06-19 16:43:40,484 - AUGCON - INFO -   epochs: 50
2023-06-19 16:43:40,484 - AUGCON - INFO -   batch_size: 4
2023-06-19 16:43:40,484 - AUGCON - INFO -   lr: 0.001
2023-06-19 16:43:40,484 - AUGCON - INFO -   wd: 0.0
2023-06-19 16:43:40,484 - AUGCON - INFO -   resume: 
2023-06-19 16:43:40,484 - AUGCON - INFO -   pretrained: /mnt/sting/hjyoon/projects/augcontrast/models/exp0/pretrain/without_target_domain_WA0002-bkkim/metacpc_perdomain_8421/checkpoint_0999.pth.tar
2023-06-19 16:43:40,484 - AUGCON - INFO -   ckpt_dir: /mnt/sting/hjyoon/projects/augcontrast/models/exp0/finetune_da_true/without_target_domain_WA0002-bkkim/metacpc_perdomain_8421/tgt_target_domain_PH0045-sjlee_seed0
2023-06-19 16:43:40,484 - AUGCON - INFO -   log_freq: 5
2023-06-19 16:43:40,484 - AUGCON - INFO -   save_freq: 10
2023-06-19 16:43:40,484 - AUGCON - INFO -   pretext: metacpc
2023-06-19 16:43:40,484 - AUGCON - INFO -   enc_blocks: 4
2023-06-19 16:43:40,484 - AUGCON - INFO -   kernel_sizes: [8, 4, 2, 1]
2023-06-19 16:43:40,484 - AUGCON - INFO -   strides: [4, 2, 1, 1]
2023-06-19 16:43:40,485 - AUGCON - INFO -   agg_blocks: 5
2023-06-19 16:43:40,485 - AUGCON - INFO -   z_dim: 256
2023-06-19 16:43:40,485 - AUGCON - INFO -   pooling: mean
2023-06-19 16:43:40,485 - AUGCON - INFO -   pred_steps: 12
2023-06-19 16:43:40,485 - AUGCON - INFO -   n_negatives: 15
2023-06-19 16:43:40,485 - AUGCON - INFO -   offset: 4
2023-06-19 16:43:40,485 - AUGCON - INFO -   domain_adaptation: True
2023-06-19 16:43:40,485 - AUGCON - INFO -   task_steps: 10
2023-06-19 16:43:40,485 - AUGCON - INFO -   task_lr: 0.001
2023-06-19 16:43:40,485 - AUGCON - INFO -   reg_lambda: 0
2023-06-19 16:43:40,485 - AUGCON - INFO -   mlp: False
2023-06-19 16:43:40,485 - AUGCON - INFO -   freeze: True
2023-06-19 16:43:40,485 - AUGCON - INFO -   no_vars: False
2023-06-19 16:43:40,485 - AUGCON - INFO - ==========================================
2023-06-19 16:43:40,485 - AUGCON - INFO - Setting GPUs: [7]
2023-06-19 16:43:40,485 - AUGCON - INFO - GPUs [7] will be used
2023-06-19 16:43:40,485 - AUGCON - WARNING - You have chosen to seed training. 
2023-06-19 16:43:40,486 - AUGCON - WARNING - This will turn on the CUDNN deterministic setting, 
2023-06-19 16:43:40,486 - AUGCON - WARNING - which can slow down your training considerably! 
2023-06-19 16:43:40,486 - AUGCON - WARNING - You may see unexpected behavior when restarting 
2023-06-19 16:43:40,486 - AUGCON - WARNING - from checkpoints.
2023-06-19 16:43:40,514 - AUGCON - INFO - Executing MetaCPC
2023-06-19 16:43:40,515 - AUGCON - INFO - Logs are skipped during training
2023-06-19 16:44:00,011 - AUGCON - INFO - Single GPU is used for training - training 90 instances for each worker
2023-06-19 16:44:00,011 - AUGCON - INFO - Loading pretrained model from checkpoint - /mnt/sting/hjyoon/projects/augcontrast/models/exp0/pretrain/without_target_domain_WA0002-bkkim/metacpc_perdomain_8421/checkpoint_0999.pth.tar
2023-06-19 16:44:00,011 - AUGCON - INFO - Missing keys: []
2023-06-19 16:44:00,011 - AUGCON - INFO - Perform domain adaptation step
2023-06-19 16:44:00,011 - AUGCON - INFO - 	meta-train [0/10] Loss: 4.4332, Acc(1): 7.08, Acc(5): 35.16
2023-06-19 16:44:00,012 - AUGCON - INFO - 	meta-train [1/10] Loss: 3.1409, Acc(1): 9.11, Acc(5): 38.66
2023-06-19 16:44:00,012 - AUGCON - INFO - 	meta-train [2/10] Loss: 2.9119, Acc(1): 11.03, Acc(5): 42.49
2023-06-19 16:44:00,012 - AUGCON - INFO - 	meta-train [3/10] Loss: 2.7831, Acc(1): 12.23, Acc(5): 46.19
2023-06-19 16:44:00,012 - AUGCON - INFO - 	meta-train [4/10] Loss: 2.6876, Acc(1): 13.96, Acc(5): 48.76
2023-06-19 16:44:00,012 - AUGCON - INFO - 	meta-train [5/10] Loss: 2.6175, Acc(1): 14.56, Acc(5): 50.78
2023-06-19 16:44:00,012 - AUGCON - INFO - 	meta-train [6/10] Loss: 2.4985, Acc(1): 17.30, Acc(5): 54.39
2023-06-19 16:44:00,012 - AUGCON - INFO - 	meta-train [7/10] Loss: 2.3516, Acc(1): 20.21, Acc(5): 61.11
2023-06-19 16:44:00,012 - AUGCON - INFO - 	meta-train [8/10] Loss: 1.9449, Acc(1): 31.06, Acc(5): 79.32
2023-06-19 16:44:00,012 - AUGCON - INFO - 	meta-train [9/10] Loss: 1.0905, Acc(1): 52.78, Acc(5): 97.92
2023-06-19 16:44:00,012 - AUGCON - INFO - Loading encoder parameters to the classifier
2023-06-19 16:44:00,012 - AUGCON - INFO - Missing keys: ['classifier.block.0.weight', 'classifier.block.0.bias']
2023-06-19 16:44:00,012 - AUGCON - INFO - Epoch [1/50]-(0/22) Loss: 2.1838, Acc(1): 0.00, Acc(5): 75.00
2023-06-19 16:44:00,012 - AUGCON - INFO - Epoch [1/50]-(5/22) Loss: 2.0859, Acc(1): 0.00, Acc(5): 75.00
2023-06-19 16:44:00,012 - AUGCON - INFO - Epoch [1/50]-(10/22) Loss: 2.4167, Acc(1): 0.00, Acc(5): 50.00
2023-06-19 16:44:00,013 - AUGCON - INFO - Epoch [1/50]-(15/22) Loss: 1.3921, Acc(1): 75.00, Acc(5): 75.00
2023-06-19 16:44:00,013 - AUGCON - INFO - Epoch [1/50]-(20/22) Loss: 1.9081, Acc(1): 25.00, Acc(5): 100.00
2023-06-19 16:44:00,013 - AUGCON - INFO - 	Validation Loss: 1.5288, Acc(1): 68.00, Acc(5): 100.00, F1: 0.18, Recall: 0.18, Precision: 0.19
2023-06-19 16:44:00,013 - AUGCON - INFO - Epoch [2/50]-(0/22) Loss: 1.2922, Acc(1): 100.00, Acc(5): 100.00
2023-06-19 16:44:00,013 - AUGCON - INFO - Epoch [2/50]-(5/22) Loss: 1.5011, Acc(1): 50.00, Acc(5): 100.00
2023-06-19 16:44:00,013 - AUGCON - INFO - Epoch [2/50]-(10/22) Loss: 1.0544, Acc(1): 75.00, Acc(5): 100.00
2023-06-19 16:44:00,013 - AUGCON - INFO - Epoch [2/50]-(15/22) Loss: 1.3923, Acc(1): 75.00, Acc(5): 75.00
2023-06-19 16:44:00,013 - AUGCON - INFO - Epoch [2/50]-(20/22) Loss: 1.2391, Acc(1): 75.00, Acc(5): 100.00
2023-06-19 16:44:00,013 - AUGCON - INFO - 	Validation Loss: 1.1042, Acc(1): 86.00, Acc(5): 100.00, F1: 0.22, Recall: 0.19, Precision: 0.24
2023-06-19 16:44:00,013 - AUGCON - INFO - Epoch [3/50]-(0/22) Loss: 1.0892, Acc(1): 100.00, Acc(5): 100.00
2023-06-19 16:44:00,013 - AUGCON - INFO - Epoch [3/50]-(5/22) Loss: 1.0629, Acc(1): 100.00, Acc(5): 100.00
2023-06-19 16:44:00,013 - AUGCON - INFO - Epoch [3/50]-(10/22) Loss: 1.4219, Acc(1): 50.00, Acc(5): 100.00
2023-06-19 16:44:00,013 - AUGCON - INFO - Epoch [3/50]-(15/22) Loss: 1.1996, Acc(1): 50.00, Acc(5): 100.00
2023-06-19 16:44:00,013 - AUGCON - INFO - Epoch [3/50]-(20/22) Loss: 1.1971, Acc(1): 75.00, Acc(5): 100.00
2023-06-19 16:44:00,013 - AUGCON - INFO - 	Validation Loss: 0.8942, Acc(1): 90.00, Acc(5): 100.00, F1: 0.22, Recall: 0.21, Precision: 0.24
2023-06-19 16:44:00,014 - AUGCON - INFO - Epoch [4/50]-(0/22) Loss: 0.7756, Acc(1): 100.00, Acc(5): 100.00
2023-06-19 16:44:00,014 - AUGCON - INFO - Epoch [4/50]-(5/22) Loss: 0.8668, Acc(1): 75.00, Acc(5): 100.00
2023-06-19 16:44:00,014 - AUGCON - INFO - Epoch [4/50]-(10/22) Loss: 1.0492, Acc(1): 75.00, Acc(5): 100.00
2023-06-19 16:44:00,014 - AUGCON - INFO - Epoch [4/50]-(15/22) Loss: 0.9223, Acc(1): 100.00, Acc(5): 100.00
2023-06-19 16:44:00,014 - AUGCON - INFO - Epoch [4/50]-(20/22) Loss: 0.7952, Acc(1): 75.00, Acc(5): 100.00
2023-06-19 16:44:00,014 - AUGCON - INFO - 	Validation Loss: 0.7141, Acc(1): 95.00, Acc(5): 100.00, F1: 0.23, Recall: 0.22, Precision: 0.24
2023-06-19 16:44:00,014 - AUGCON - INFO - Epoch [5/50]-(0/22) Loss: 0.9139, Acc(1): 75.00, Acc(5): 100.00
2023-06-19 16:44:00,014 - AUGCON - INFO - Epoch [5/50]-(5/22) Loss: 0.8073, Acc(1): 100.00, Acc(5): 100.00
2023-06-19 16:44:00,014 - AUGCON - INFO - Epoch [5/50]-(10/22) Loss: 0.5351, Acc(1): 100.00, Acc(5): 100.00
2023-06-19 16:44:00,014 - AUGCON - INFO - Epoch [5/50]-(15/22) Loss: 0.3833, Acc(1): 100.00, Acc(5): 100.00
2023-06-19 16:44:00,014 - AUGCON - INFO - Epoch [5/50]-(20/22) Loss: 1.2644, Acc(1): 50.00, Acc(5): 100.00
2023-06-19 16:44:00,014 - AUGCON - INFO - 	Validation Loss: 0.6278, Acc(1): 90.00, Acc(5): 100.00, F1: 0.22, Recall: 0.21, Precision: 0.23
2023-06-19 16:44:00,014 - AUGCON - INFO - Epoch [6/50]-(0/22) Loss: 0.8251, Acc(1): 100.00, Acc(5): 100.00
2023-06-19 16:44:00,014 - AUGCON - INFO - Epoch [6/50]-(5/22) Loss: 0.4864, Acc(1): 100.00, Acc(5): 100.00
2023-06-19 16:44:00,014 - AUGCON - INFO - Epoch [6/50]-(10/22) Loss: 1.0072, Acc(1): 50.00, Acc(5): 100.00
2023-06-19 16:44:00,015 - AUGCON - INFO - Epoch [6/50]-(15/22) Loss: 0.5117, Acc(1): 100.00, Acc(5): 100.00
2023-06-19 16:44:00,015 - AUGCON - INFO - Epoch [6/50]-(20/22) Loss: 0.8400, Acc(1): 50.00, Acc(5): 100.00
2023-06-19 16:44:00,015 - AUGCON - INFO - 	Validation Loss: 0.5440, Acc(1): 96.00, Acc(5): 100.00, F1: 0.23, Recall: 0.22, Precision: 0.24
2023-06-19 16:44:00,015 - AUGCON - INFO - Epoch [7/50]-(0/22) Loss: 0.9208, Acc(1): 75.00, Acc(5): 100.00
2023-06-19 16:44:00,015 - AUGCON - INFO - Epoch [7/50]-(5/22) Loss: 0.3538, Acc(1): 100.00, Acc(5): 100.00
2023-06-19 16:44:00,015 - AUGCON - INFO - Epoch [7/50]-(10/22) Loss: 0.5389, Acc(1): 100.00, Acc(5): 100.00
2023-06-19 16:44:00,015 - AUGCON - INFO - Epoch [7/50]-(15/22) Loss: 0.5259, Acc(1): 75.00, Acc(5): 100.00
2023-06-19 16:44:00,015 - AUGCON - INFO - Epoch [7/50]-(20/22) Loss: 0.4542, Acc(1): 100.00, Acc(5): 100.00
2023-06-19 16:44:00,015 - AUGCON - INFO - 	Validation Loss: 0.4994, Acc(1): 96.00, Acc(5): 100.00, F1: 0.23, Recall: 0.22, Precision: 0.24
2023-06-19 16:44:00,015 - AUGCON - INFO - Epoch [8/50]-(0/22) Loss: 1.0386, Acc(1): 50.00, Acc(5): 100.00
2023-06-19 16:44:00,015 - AUGCON - INFO - Epoch [8/50]-(5/22) Loss: 0.3704, Acc(1): 100.00, Acc(5): 100.00
2023-06-19 16:44:00,015 - AUGCON - INFO - Epoch [8/50]-(10/22) Loss: 0.6317, Acc(1): 75.00, Acc(5): 100.00
2023-06-19 16:44:00,015 - AUGCON - INFO - Epoch [8/50]-(15/22) Loss: 0.2626, Acc(1): 100.00, Acc(5): 100.00
2023-06-19 16:44:00,015 - AUGCON - INFO - Epoch [8/50]-(20/22) Loss: 0.4850, Acc(1): 100.00, Acc(5): 100.00
2023-06-19 16:44:00,015 - AUGCON - INFO - 	Validation Loss: 0.4301, Acc(1): 96.00, Acc(5): 100.00, F1: 0.23, Recall: 0.22, Precision: 0.24
2023-06-19 16:44:00,015 - AUGCON - INFO - Epoch [9/50]-(0/22) Loss: 0.2733, Acc(1): 100.00, Acc(5): 100.00
2023-06-19 16:44:00,016 - AUGCON - INFO - Epoch [9/50]-(5/22) Loss: 0.7334, Acc(1): 75.00, Acc(5): 100.00
2023-06-19 16:44:00,016 - AUGCON - INFO - Epoch [9/50]-(10/22) Loss: 0.6311, Acc(1): 100.00, Acc(5): 100.00
2023-06-19 16:44:00,016 - AUGCON - INFO - Epoch [9/50]-(15/22) Loss: 0.4486, Acc(1): 100.00, Acc(5): 100.00
2023-06-19 16:44:00,016 - AUGCON - INFO - Epoch [9/50]-(20/22) Loss: 0.4823, Acc(1): 75.00, Acc(5): 100.00
2023-06-19 16:44:00,016 - AUGCON - INFO - 	Validation Loss: 0.3935, Acc(1): 97.00, Acc(5): 100.00, F1: 0.23, Recall: 0.23, Precision: 0.24
2023-06-19 16:44:00,016 - AUGCON - INFO - Epoch [10/50]-(0/22) Loss: 0.4186, Acc(1): 100.00, Acc(5): 100.00
2023-06-19 16:44:00,016 - AUGCON - INFO - Epoch [10/50]-(5/22) Loss: 0.4901, Acc(1): 100.00, Acc(5): 100.00
2023-06-19 16:44:00,016 - AUGCON - INFO - Epoch [10/50]-(10/22) Loss: 0.3958, Acc(1): 100.00, Acc(5): 100.00
2023-06-19 16:44:00,016 - AUGCON - INFO - Epoch [10/50]-(15/22) Loss: 0.2789, Acc(1): 100.00, Acc(5): 100.00
2023-06-19 16:44:00,016 - AUGCON - INFO - Epoch [10/50]-(20/22) Loss: 0.3451, Acc(1): 100.00, Acc(5): 100.00
2023-06-19 16:44:00,016 - AUGCON - INFO - 	Validation Loss: 0.3625, Acc(1): 97.00, Acc(5): 100.00, F1: 0.23, Recall: 0.23, Precision: 0.24
2023-06-19 16:44:00,016 - AUGCON - INFO - Epoch [11/50]-(0/22) Loss: 0.4984, Acc(1): 75.00, Acc(5): 100.00
2023-06-19 16:44:00,016 - AUGCON - INFO - Epoch [11/50]-(5/22) Loss: 0.2996, Acc(1): 100.00, Acc(5): 100.00
2023-06-19 16:44:00,016 - AUGCON - INFO - Epoch [11/50]-(10/22) Loss: 0.2835, Acc(1): 100.00, Acc(5): 100.00
2023-06-19 16:44:00,017 - AUGCON - INFO - Epoch [11/50]-(15/22) Loss: 0.2487, Acc(1): 100.00, Acc(5): 100.00
2023-06-19 16:44:00,017 - AUGCON - INFO - Epoch [11/50]-(20/22) Loss: 0.2485, Acc(1): 100.00, Acc(5): 100.00
2023-06-19 16:44:00,017 - AUGCON - INFO - 	Validation Loss: 0.3461, Acc(1): 99.00, Acc(5): 100.00, F1: 0.23, Recall: 0.23, Precision: 0.23
2023-06-19 16:44:00,017 - AUGCON - INFO - Epoch [12/50]-(0/22) Loss: 0.2592, Acc(1): 100.00, Acc(5): 100.00
2023-06-19 16:44:00,017 - AUGCON - INFO - Epoch [12/50]-(5/22) Loss: 0.3149, Acc(1): 100.00, Acc(5): 100.00
2023-06-19 16:44:00,017 - AUGCON - INFO - Epoch [12/50]-(10/22) Loss: 0.2696, Acc(1): 100.00, Acc(5): 100.00
2023-06-19 16:44:00,017 - AUGCON - INFO - Epoch [12/50]-(15/22) Loss: 0.2009, Acc(1): 100.00, Acc(5): 100.00
2023-06-19 16:44:00,017 - AUGCON - INFO - Epoch [12/50]-(20/22) Loss: 0.3040, Acc(1): 100.00, Acc(5): 100.00
2023-06-19 16:44:00,017 - AUGCON - INFO - 	Validation Loss: 0.3240, Acc(1): 97.00, Acc(5): 100.00, F1: 0.23, Recall: 0.23, Precision: 0.24
2023-06-19 16:44:00,017 - AUGCON - INFO - Epoch [13/50]-(0/22) Loss: 0.3600, Acc(1): 100.00, Acc(5): 100.00
2023-06-19 16:44:00,017 - AUGCON - INFO - Epoch [13/50]-(5/22) Loss: 0.1563, Acc(1): 100.00, Acc(5): 100.00
2023-06-19 16:44:00,017 - AUGCON - INFO - Epoch [13/50]-(10/22) Loss: 0.2399, Acc(1): 100.00, Acc(5): 100.00
2023-06-19 16:44:00,017 - AUGCON - INFO - Epoch [13/50]-(15/22) Loss: 0.3057, Acc(1): 100.00, Acc(5): 100.00
2023-06-19 16:44:00,017 - AUGCON - INFO - Epoch [13/50]-(20/22) Loss: 0.5664, Acc(1): 75.00, Acc(5): 100.00
2023-06-19 16:44:00,017 - AUGCON - INFO - 	Validation Loss: 0.3029, Acc(1): 97.00, Acc(5): 100.00, F1: 0.23, Recall: 0.23, Precision: 0.24
2023-06-19 16:44:00,017 - AUGCON - INFO - Epoch [14/50]-(0/22) Loss: 0.2604, Acc(1): 100.00, Acc(5): 100.00
2023-06-19 16:44:00,018 - AUGCON - INFO - Epoch [14/50]-(5/22) Loss: 0.3230, Acc(1): 100.00, Acc(5): 100.00
2023-06-19 16:44:00,018 - AUGCON - INFO - Epoch [14/50]-(10/22) Loss: 0.3877, Acc(1): 100.00, Acc(5): 100.00
2023-06-19 16:44:00,018 - AUGCON - INFO - Epoch [14/50]-(15/22) Loss: 0.1779, Acc(1): 100.00, Acc(5): 100.00
2023-06-19 16:44:00,018 - AUGCON - INFO - Epoch [14/50]-(20/22) Loss: 0.1836, Acc(1): 100.00, Acc(5): 100.00
2023-06-19 16:44:00,018 - AUGCON - INFO - 	Validation Loss: 0.2726, Acc(1): 100.00, Acc(5): 100.00, F1: 0.23, Recall: 0.23, Precision: 0.23
2023-06-19 16:44:00,018 - AUGCON - INFO - Epoch [15/50]-(0/22) Loss: 0.2093, Acc(1): 100.00, Acc(5): 100.00
2023-06-19 16:44:00,018 - AUGCON - INFO - Epoch [15/50]-(5/22) Loss: 0.2628, Acc(1): 100.00, Acc(5): 100.00
2023-06-19 16:44:00,018 - AUGCON - INFO - Epoch [15/50]-(10/22) Loss: 0.1493, Acc(1): 100.00, Acc(5): 100.00
2023-06-19 16:44:00,018 - AUGCON - INFO - Epoch [15/50]-(15/22) Loss: 0.2754, Acc(1): 100.00, Acc(5): 100.00
2023-06-19 16:44:00,018 - AUGCON - INFO - Epoch [15/50]-(20/22) Loss: 0.2573, Acc(1): 100.00, Acc(5): 100.00
2023-06-19 16:44:00,018 - AUGCON - INFO - 	Validation Loss: 0.2661, Acc(1): 99.00, Acc(5): 100.00, F1: 0.23, Recall: 0.23, Precision: 0.23
2023-06-19 16:44:00,018 - AUGCON - INFO - Epoch [16/50]-(0/22) Loss: 0.2507, Acc(1): 100.00, Acc(5): 100.00
2023-06-19 16:44:00,018 - AUGCON - INFO - Epoch [16/50]-(5/22) Loss: 0.1423, Acc(1): 100.00, Acc(5): 100.00
2023-06-19 16:44:00,018 - AUGCON - INFO - Epoch [16/50]-(10/22) Loss: 0.4708, Acc(1): 75.00, Acc(5): 100.00
2023-06-19 16:44:00,018 - AUGCON - INFO - Epoch [16/50]-(15/22) Loss: 0.2147, Acc(1): 100.00, Acc(5): 100.00
2023-06-19 16:44:00,019 - AUGCON - INFO - Epoch [16/50]-(20/22) Loss: 0.3560, Acc(1): 100.00, Acc(5): 100.00
2023-06-19 16:44:00,019 - AUGCON - INFO - 	Validation Loss: 0.2662, Acc(1): 95.00, Acc(5): 100.00, F1: 0.23, Recall: 0.22, Precision: 0.24
2023-06-19 16:44:00,019 - AUGCON - INFO - Epoch [17/50]-(0/22) Loss: 0.1879, Acc(1): 100.00, Acc(5): 100.00
2023-06-19 16:44:00,019 - AUGCON - INFO - Epoch [17/50]-(5/22) Loss: 0.3145, Acc(1): 100.00, Acc(5): 100.00
2023-06-19 16:44:00,019 - AUGCON - INFO - Epoch [17/50]-(10/22) Loss: 0.7720, Acc(1): 75.00, Acc(5): 100.00
2023-06-19 16:44:00,019 - AUGCON - INFO - Epoch [17/50]-(15/22) Loss: 0.1886, Acc(1): 100.00, Acc(5): 100.00
2023-06-19 16:44:00,019 - AUGCON - INFO - Epoch [17/50]-(20/22) Loss: 0.2124, Acc(1): 100.00, Acc(5): 100.00
2023-06-19 16:44:00,019 - AUGCON - INFO - 	Validation Loss: 0.2527, Acc(1): 98.00, Acc(5): 100.00, F1: 0.23, Recall: 0.23, Precision: 0.24
2023-06-19 16:44:00,019 - AUGCON - INFO - Epoch [18/50]-(0/22) Loss: 0.1379, Acc(1): 100.00, Acc(5): 100.00
2023-06-19 16:44:00,019 - AUGCON - INFO - Epoch [18/50]-(5/22) Loss: 0.1192, Acc(1): 100.00, Acc(5): 100.00
2023-06-19 16:44:00,019 - AUGCON - INFO - Epoch [18/50]-(10/22) Loss: 0.2398, Acc(1): 100.00, Acc(5): 100.00
2023-06-19 16:44:00,019 - AUGCON - INFO - Epoch [18/50]-(15/22) Loss: 0.3304, Acc(1): 75.00, Acc(5): 100.00
2023-06-19 16:44:00,019 - AUGCON - INFO - Epoch [18/50]-(20/22) Loss: 0.3073, Acc(1): 75.00, Acc(5): 100.00
2023-06-19 16:44:00,019 - AUGCON - INFO - 	Validation Loss: 0.2318, Acc(1): 98.00, Acc(5): 100.00, F1: 0.23, Recall: 0.23, Precision: 0.23
2023-06-19 16:44:00,019 - AUGCON - INFO - Epoch [19/50]-(0/22) Loss: 0.9408, Acc(1): 50.00, Acc(5): 100.00
2023-06-19 16:44:00,020 - AUGCON - INFO - Epoch [19/50]-(5/22) Loss: 0.1178, Acc(1): 100.00, Acc(5): 100.00
2023-06-19 16:44:00,020 - AUGCON - INFO - Epoch [19/50]-(10/22) Loss: 0.4172, Acc(1): 75.00, Acc(5): 100.00
2023-06-19 16:44:00,020 - AUGCON - INFO - Epoch [19/50]-(15/22) Loss: 0.1213, Acc(1): 100.00, Acc(5): 100.00
2023-06-19 16:44:00,020 - AUGCON - INFO - Epoch [19/50]-(20/22) Loss: 0.1960, Acc(1): 100.00, Acc(5): 100.00
2023-06-19 16:44:00,020 - AUGCON - INFO - 	Validation Loss: 0.2187, Acc(1): 99.00, Acc(5): 100.00, F1: 0.23, Recall: 0.23, Precision: 0.24
2023-06-19 16:44:00,020 - AUGCON - INFO - Epoch [20/50]-(0/22) Loss: 0.1140, Acc(1): 100.00, Acc(5): 100.00
2023-06-19 16:44:00,020 - AUGCON - INFO - Epoch [20/50]-(5/22) Loss: 0.2035, Acc(1): 100.00, Acc(5): 100.00
2023-06-19 16:44:00,020 - AUGCON - INFO - Epoch [20/50]-(10/22) Loss: 0.1745, Acc(1): 100.00, Acc(5): 100.00
2023-06-19 16:44:00,020 - AUGCON - INFO - Epoch [20/50]-(15/22) Loss: 0.3006, Acc(1): 100.00, Acc(5): 100.00
2023-06-19 16:44:00,020 - AUGCON - INFO - Epoch [20/50]-(20/22) Loss: 0.3284, Acc(1): 75.00, Acc(5): 100.00
2023-06-19 16:44:00,020 - AUGCON - INFO - 	Validation Loss: 0.2113, Acc(1): 97.00, Acc(5): 100.00, F1: 0.23, Recall: 0.23, Precision: 0.23
2023-06-19 16:44:00,020 - AUGCON - INFO - Epoch [21/50]-(0/22) Loss: 0.5001, Acc(1): 75.00, Acc(5): 100.00
2023-06-19 16:44:00,020 - AUGCON - INFO - Epoch [21/50]-(5/22) Loss: 0.1931, Acc(1): 100.00, Acc(5): 100.00
2023-06-19 16:44:00,020 - AUGCON - INFO - Epoch [21/50]-(10/22) Loss: 0.2920, Acc(1): 100.00, Acc(5): 100.00
2023-06-19 16:44:00,020 - AUGCON - INFO - Epoch [21/50]-(15/22) Loss: 0.1006, Acc(1): 100.00, Acc(5): 100.00
2023-06-19 16:44:00,021 - AUGCON - INFO - Epoch [21/50]-(20/22) Loss: 0.0838, Acc(1): 100.00, Acc(5): 100.00
2023-06-19 16:44:00,021 - AUGCON - INFO - 	Validation Loss: 0.1999, Acc(1): 100.00, Acc(5): 100.00, F1: 0.23, Recall: 0.23, Precision: 0.23
2023-06-19 16:44:00,021 - AUGCON - INFO - Epoch [22/50]-(0/22) Loss: 0.1167, Acc(1): 100.00, Acc(5): 100.00
2023-06-19 16:44:00,021 - AUGCON - INFO - Epoch [22/50]-(5/22) Loss: 0.1555, Acc(1): 100.00, Acc(5): 100.00
2023-06-19 16:44:00,021 - AUGCON - INFO - Epoch [22/50]-(10/22) Loss: 0.2810, Acc(1): 100.00, Acc(5): 100.00
2023-06-19 16:44:00,021 - AUGCON - INFO - Epoch [22/50]-(15/22) Loss: 0.2125, Acc(1): 100.00, Acc(5): 100.00
2023-06-19 16:44:00,021 - AUGCON - INFO - Epoch [22/50]-(20/22) Loss: 0.7394, Acc(1): 50.00, Acc(5): 100.00
2023-06-19 16:44:00,021 - AUGCON - INFO - 	Validation Loss: 0.2054, Acc(1): 95.00, Acc(5): 100.00, F1: 0.23, Recall: 0.22, Precision: 0.23
2023-06-19 16:44:00,021 - AUGCON - INFO - Epoch [23/50]-(0/22) Loss: 0.1815, Acc(1): 100.00, Acc(5): 100.00
2023-06-19 16:44:00,021 - AUGCON - INFO - Epoch [23/50]-(5/22) Loss: 0.1196, Acc(1): 100.00, Acc(5): 100.00
2023-06-19 16:44:00,021 - AUGCON - INFO - Epoch [23/50]-(10/22) Loss: 0.2099, Acc(1): 100.00, Acc(5): 100.00
2023-06-19 16:44:00,021 - AUGCON - INFO - Epoch [23/50]-(15/22) Loss: 0.1919, Acc(1): 100.00, Acc(5): 100.00
2023-06-19 16:44:00,021 - AUGCON - INFO - Epoch [23/50]-(20/22) Loss: 0.0909, Acc(1): 100.00, Acc(5): 100.00
2023-06-19 16:44:00,021 - AUGCON - INFO - 	Validation Loss: 0.2088, Acc(1): 100.00, Acc(5): 100.00, F1: 0.23, Recall: 0.23, Precision: 0.23
2023-06-19 16:44:00,021 - AUGCON - INFO - Epoch [24/50]-(0/22) Loss: 0.4088, Acc(1): 75.00, Acc(5): 100.00
2023-06-19 16:44:00,022 - AUGCON - INFO - Epoch [24/50]-(5/22) Loss: 0.1920, Acc(1): 100.00, Acc(5): 100.00
2023-06-19 16:44:00,022 - AUGCON - INFO - Epoch [24/50]-(10/22) Loss: 0.9598, Acc(1): 75.00, Acc(5): 100.00
2023-06-19 16:44:00,022 - AUGCON - INFO - Epoch [24/50]-(15/22) Loss: 0.0940, Acc(1): 100.00, Acc(5): 100.00
2023-06-19 16:44:00,022 - AUGCON - INFO - Epoch [24/50]-(20/22) Loss: 0.1894, Acc(1): 100.00, Acc(5): 100.00
2023-06-19 16:44:00,022 - AUGCON - INFO - 	Validation Loss: 0.1727, Acc(1): 100.00, Acc(5): 100.00, F1: 0.23, Recall: 0.23, Precision: 0.23
2023-06-19 16:44:00,022 - AUGCON - INFO - Epoch [25/50]-(0/22) Loss: 0.1749, Acc(1): 100.00, Acc(5): 100.00
2023-06-19 16:44:00,022 - AUGCON - INFO - Epoch [25/50]-(5/22) Loss: 0.1877, Acc(1): 100.00, Acc(5): 100.00
2023-06-19 16:44:00,022 - AUGCON - INFO - Epoch [25/50]-(10/22) Loss: 0.1787, Acc(1): 100.00, Acc(5): 100.00
2023-06-19 16:44:00,022 - AUGCON - INFO - Epoch [25/50]-(15/22) Loss: 0.2591, Acc(1): 100.00, Acc(5): 100.00
2023-06-19 16:44:00,022 - AUGCON - INFO - Epoch [25/50]-(20/22) Loss: 0.6571, Acc(1): 75.00, Acc(5): 100.00
2023-06-19 16:44:00,022 - AUGCON - INFO - 	Validation Loss: 0.1752, Acc(1): 98.00, Acc(5): 100.00, F1: 0.23, Recall: 0.23, Precision: 0.23
2023-06-19 16:44:00,022 - AUGCON - INFO - Epoch [26/50]-(0/22) Loss: 0.1956, Acc(1): 100.00, Acc(5): 100.00
2023-06-19 16:44:00,022 - AUGCON - INFO - Epoch [26/50]-(5/22) Loss: 0.0916, Acc(1): 100.00, Acc(5): 100.00
2023-06-19 16:44:00,022 - AUGCON - INFO - Epoch [26/50]-(10/22) Loss: 0.3024, Acc(1): 100.00, Acc(5): 100.00
2023-06-19 16:44:00,022 - AUGCON - INFO - Epoch [26/50]-(15/22) Loss: 0.0571, Acc(1): 100.00, Acc(5): 100.00
2023-06-19 16:44:00,023 - AUGCON - INFO - Epoch [26/50]-(20/22) Loss: 0.2689, Acc(1): 100.00, Acc(5): 100.00
2023-06-19 16:44:00,023 - AUGCON - INFO - 	Validation Loss: 0.1656, Acc(1): 100.00, Acc(5): 100.00, F1: 0.23, Recall: 0.23, Precision: 0.23
2023-06-19 16:44:00,023 - AUGCON - INFO - Epoch [27/50]-(0/22) Loss: 0.2100, Acc(1): 100.00, Acc(5): 100.00
2023-06-19 16:44:00,023 - AUGCON - INFO - Epoch [27/50]-(5/22) Loss: 0.1800, Acc(1): 100.00, Acc(5): 100.00
2023-06-19 16:44:00,023 - AUGCON - INFO - Epoch [27/50]-(10/22) Loss: 0.0820, Acc(1): 100.00, Acc(5): 100.00
2023-06-19 16:44:00,023 - AUGCON - INFO - Epoch [27/50]-(15/22) Loss: 0.0770, Acc(1): 100.00, Acc(5): 100.00
2023-06-19 16:44:00,023 - AUGCON - INFO - Epoch [27/50]-(20/22) Loss: 0.7764, Acc(1): 75.00, Acc(5): 100.00
2023-06-19 16:44:00,023 - AUGCON - INFO - 	Validation Loss: 0.1798, Acc(1): 98.00, Acc(5): 100.00, F1: 0.23, Recall: 0.23, Precision: 0.24
2023-06-19 16:44:00,023 - AUGCON - INFO - Epoch [28/50]-(0/22) Loss: 0.3099, Acc(1): 75.00, Acc(5): 100.00
2023-06-19 16:44:00,023 - AUGCON - INFO - Epoch [28/50]-(5/22) Loss: 0.1971, Acc(1): 100.00, Acc(5): 100.00
2023-06-19 16:44:00,023 - AUGCON - INFO - Epoch [28/50]-(10/22) Loss: 0.0572, Acc(1): 100.00, Acc(5): 100.00
2023-06-19 16:44:00,023 - AUGCON - INFO - Epoch [28/50]-(15/22) Loss: 0.0904, Acc(1): 100.00, Acc(5): 100.00
2023-06-19 16:44:00,023 - AUGCON - INFO - Epoch [28/50]-(20/22) Loss: 0.1015, Acc(1): 100.00, Acc(5): 100.00
2023-06-19 16:44:00,023 - AUGCON - INFO - 	Validation Loss: 0.1611, Acc(1): 99.00, Acc(5): 100.00, F1: 0.23, Recall: 0.23, Precision: 0.24
2023-06-19 16:44:00,023 - AUGCON - INFO - Epoch [29/50]-(0/22) Loss: 0.0823, Acc(1): 100.00, Acc(5): 100.00
2023-06-19 16:44:00,023 - AUGCON - INFO - Epoch [29/50]-(5/22) Loss: 0.2889, Acc(1): 100.00, Acc(5): 100.00
2023-06-19 16:44:00,024 - AUGCON - INFO - Epoch [29/50]-(10/22) Loss: 0.0717, Acc(1): 100.00, Acc(5): 100.00
2023-06-19 16:44:00,024 - AUGCON - INFO - Epoch [29/50]-(15/22) Loss: 0.1306, Acc(1): 100.00, Acc(5): 100.00
2023-06-19 16:44:00,024 - AUGCON - INFO - Epoch [29/50]-(20/22) Loss: 0.1767, Acc(1): 100.00, Acc(5): 100.00
2023-06-19 16:44:00,024 - AUGCON - INFO - 	Validation Loss: 0.1632, Acc(1): 99.00, Acc(5): 100.00, F1: 0.23, Recall: 0.23, Precision: 0.23
2023-06-19 16:44:00,024 - AUGCON - INFO - Epoch [30/50]-(0/22) Loss: 0.1010, Acc(1): 100.00, Acc(5): 100.00
2023-06-19 16:44:00,024 - AUGCON - INFO - Epoch [30/50]-(5/22) Loss: 0.2828, Acc(1): 100.00, Acc(5): 100.00
2023-06-19 16:44:00,024 - AUGCON - INFO - Epoch [30/50]-(10/22) Loss: 0.1757, Acc(1): 100.00, Acc(5): 100.00
2023-06-19 16:44:00,024 - AUGCON - INFO - Epoch [30/50]-(15/22) Loss: 0.1702, Acc(1): 100.00, Acc(5): 100.00
2023-06-19 16:44:00,024 - AUGCON - INFO - Epoch [30/50]-(20/22) Loss: 0.1056, Acc(1): 100.00, Acc(5): 100.00
2023-06-19 16:44:00,024 - AUGCON - INFO - 	Validation Loss: 0.1707, Acc(1): 99.00, Acc(5): 100.00, F1: 0.23, Recall: 0.23, Precision: 0.23
2023-06-19 16:44:00,024 - AUGCON - INFO - Epoch [31/50]-(0/22) Loss: 0.4013, Acc(1): 100.00, Acc(5): 100.00
2023-06-19 16:44:00,024 - AUGCON - INFO - Epoch [31/50]-(5/22) Loss: 0.1986, Acc(1): 100.00, Acc(5): 100.00
2023-06-19 16:44:00,024 - AUGCON - INFO - Epoch [31/50]-(10/22) Loss: 0.0430, Acc(1): 100.00, Acc(5): 100.00
2023-06-19 16:44:00,024 - AUGCON - INFO - Epoch [31/50]-(15/22) Loss: 0.0721, Acc(1): 100.00, Acc(5): 100.00
2023-06-19 16:44:00,024 - AUGCON - INFO - Epoch [31/50]-(20/22) Loss: 0.1053, Acc(1): 100.00, Acc(5): 100.00
2023-06-19 16:44:00,025 - AUGCON - INFO - 	Validation Loss: 0.1445, Acc(1): 100.00, Acc(5): 100.00, F1: 0.23, Recall: 0.23, Precision: 0.23
2023-06-19 16:44:00,025 - AUGCON - INFO - Epoch [32/50]-(0/22) Loss: 0.0704, Acc(1): 100.00, Acc(5): 100.00
2023-06-19 16:44:00,025 - AUGCON - INFO - Epoch [32/50]-(5/22) Loss: 0.0872, Acc(1): 100.00, Acc(5): 100.00
2023-06-19 16:44:00,025 - AUGCON - INFO - Epoch [32/50]-(10/22) Loss: 0.0272, Acc(1): 100.00, Acc(5): 100.00
2023-06-19 16:44:00,025 - AUGCON - INFO - Epoch [32/50]-(15/22) Loss: 0.0758, Acc(1): 100.00, Acc(5): 100.00
2023-06-19 16:44:00,025 - AUGCON - INFO - Epoch [32/50]-(20/22) Loss: 0.1349, Acc(1): 100.00, Acc(5): 100.00
2023-06-19 16:44:00,025 - AUGCON - INFO - 	Validation Loss: 0.1473, Acc(1): 98.00, Acc(5): 100.00, F1: 0.23, Recall: 0.23, Precision: 0.24
2023-06-19 16:44:00,025 - AUGCON - INFO - Epoch [33/50]-(0/22) Loss: 0.1552, Acc(1): 100.00, Acc(5): 100.00
2023-06-19 16:44:00,025 - AUGCON - INFO - Epoch [33/50]-(5/22) Loss: 0.0743, Acc(1): 100.00, Acc(5): 100.00
2023-06-19 16:44:00,025 - AUGCON - INFO - Epoch [33/50]-(10/22) Loss: 0.1412, Acc(1): 100.00, Acc(5): 100.00
2023-06-19 16:44:00,025 - AUGCON - INFO - Epoch [33/50]-(15/22) Loss: 0.1124, Acc(1): 100.00, Acc(5): 100.00
2023-06-19 16:44:00,025 - AUGCON - INFO - Epoch [33/50]-(20/22) Loss: 0.0613, Acc(1): 100.00, Acc(5): 100.00
2023-06-19 16:44:00,025 - AUGCON - INFO - 	Validation Loss: 0.1490, Acc(1): 99.00, Acc(5): 100.00, F1: 0.23, Recall: 0.23, Precision: 0.23
2023-06-19 16:44:00,025 - AUGCON - INFO - Epoch [34/50]-(0/22) Loss: 0.0999, Acc(1): 100.00, Acc(5): 100.00
2023-06-19 16:44:00,025 - AUGCON - INFO - Epoch [34/50]-(5/22) Loss: 0.1210, Acc(1): 100.00, Acc(5): 100.00
2023-06-19 16:44:00,026 - AUGCON - INFO - Epoch [34/50]-(10/22) Loss: 0.0593, Acc(1): 100.00, Acc(5): 100.00
2023-06-19 16:44:00,026 - AUGCON - INFO - Epoch [34/50]-(15/22) Loss: 0.0674, Acc(1): 100.00, Acc(5): 100.00
2023-06-19 16:44:00,026 - AUGCON - INFO - Epoch [34/50]-(20/22) Loss: 0.1203, Acc(1): 100.00, Acc(5): 100.00
2023-06-19 16:44:00,026 - AUGCON - INFO - 	Validation Loss: 0.1353, Acc(1): 100.00, Acc(5): 100.00, F1: 0.23, Recall: 0.23, Precision: 0.23
2023-06-19 16:44:00,026 - AUGCON - INFO - Epoch [35/50]-(0/22) Loss: 0.1179, Acc(1): 100.00, Acc(5): 100.00
2023-06-19 16:44:00,026 - AUGCON - INFO - Epoch [35/50]-(5/22) Loss: 0.1596, Acc(1): 100.00, Acc(5): 100.00
2023-06-19 16:44:00,026 - AUGCON - INFO - Epoch [35/50]-(10/22) Loss: 0.0394, Acc(1): 100.00, Acc(5): 100.00
2023-06-19 16:44:00,026 - AUGCON - INFO - Epoch [35/50]-(15/22) Loss: 0.1475, Acc(1): 100.00, Acc(5): 100.00
2023-06-19 16:44:00,026 - AUGCON - INFO - Epoch [35/50]-(20/22) Loss: 0.0909, Acc(1): 100.00, Acc(5): 100.00
2023-06-19 16:44:00,026 - AUGCON - INFO - 	Validation Loss: 0.1309, Acc(1): 98.00, Acc(5): 100.00, F1: 0.23, Recall: 0.23, Precision: 0.23
2023-06-19 16:44:00,026 - AUGCON - INFO - Epoch [36/50]-(0/22) Loss: 0.0534, Acc(1): 100.00, Acc(5): 100.00
2023-06-19 16:44:00,026 - AUGCON - INFO - Epoch [36/50]-(5/22) Loss: 0.3072, Acc(1): 75.00, Acc(5): 100.00
2023-06-19 16:44:00,026 - AUGCON - INFO - Epoch [36/50]-(10/22) Loss: 0.1561, Acc(1): 100.00, Acc(5): 100.00
2023-06-19 16:44:00,026 - AUGCON - INFO - Epoch [36/50]-(15/22) Loss: 0.1173, Acc(1): 100.00, Acc(5): 100.00
2023-06-19 16:44:00,026 - AUGCON - INFO - Epoch [36/50]-(20/22) Loss: 0.0952, Acc(1): 100.00, Acc(5): 100.00
2023-06-19 16:44:00,026 - AUGCON - INFO - 	Validation Loss: 0.1360, Acc(1): 100.00, Acc(5): 100.00, F1: 0.23, Recall: 0.23, Precision: 0.23
2023-06-19 16:44:00,027 - AUGCON - INFO - Epoch [37/50]-(0/22) Loss: 0.0419, Acc(1): 100.00, Acc(5): 100.00
2023-06-19 16:44:00,027 - AUGCON - INFO - Epoch [37/50]-(5/22) Loss: 0.0700, Acc(1): 100.00, Acc(5): 100.00
2023-06-19 16:44:00,027 - AUGCON - INFO - Epoch [37/50]-(10/22) Loss: 0.1226, Acc(1): 100.00, Acc(5): 100.00
2023-06-19 16:44:00,027 - AUGCON - INFO - Epoch [37/50]-(15/22) Loss: 0.2515, Acc(1): 75.00, Acc(5): 100.00
2023-06-19 16:44:00,027 - AUGCON - INFO - Epoch [37/50]-(20/22) Loss: 0.1644, Acc(1): 100.00, Acc(5): 100.00
2023-06-19 16:44:00,027 - AUGCON - INFO - 	Validation Loss: 0.1296, Acc(1): 99.00, Acc(5): 100.00, F1: 0.23, Recall: 0.23, Precision: 0.24
2023-06-19 16:44:00,027 - AUGCON - INFO - Epoch [38/50]-(0/22) Loss: 0.0521, Acc(1): 100.00, Acc(5): 100.00
2023-06-19 16:44:00,027 - AUGCON - INFO - Epoch [38/50]-(5/22) Loss: 0.0598, Acc(1): 100.00, Acc(5): 100.00
2023-06-19 16:44:00,027 - AUGCON - INFO - Epoch [38/50]-(10/22) Loss: 0.0970, Acc(1): 100.00, Acc(5): 100.00
2023-06-19 16:44:00,027 - AUGCON - INFO - Epoch [38/50]-(15/22) Loss: 0.1751, Acc(1): 100.00, Acc(5): 100.00
2023-06-19 16:44:00,027 - AUGCON - INFO - Epoch [38/50]-(20/22) Loss: 0.0685, Acc(1): 100.00, Acc(5): 100.00
2023-06-19 16:44:00,027 - AUGCON - INFO - 	Validation Loss: 0.1290, Acc(1): 100.00, Acc(5): 100.00, F1: 0.23, Recall: 0.23, Precision: 0.23
2023-06-19 16:44:00,027 - AUGCON - INFO - Epoch [39/50]-(0/22) Loss: 0.0720, Acc(1): 100.00, Acc(5): 100.00
2023-06-19 16:44:00,027 - AUGCON - INFO - Epoch [39/50]-(5/22) Loss: 0.0704, Acc(1): 100.00, Acc(5): 100.00
2023-06-19 16:44:00,027 - AUGCON - INFO - Epoch [39/50]-(10/22) Loss: 0.0602, Acc(1): 100.00, Acc(5): 100.00
2023-06-19 16:44:00,028 - AUGCON - INFO - Epoch [39/50]-(15/22) Loss: 0.0334, Acc(1): 100.00, Acc(5): 100.00
2023-06-19 16:44:00,028 - AUGCON - INFO - Epoch [39/50]-(20/22) Loss: 0.2154, Acc(1): 100.00, Acc(5): 100.00
2023-06-19 16:44:00,028 - AUGCON - INFO - 	Validation Loss: 0.1278, Acc(1): 99.00, Acc(5): 100.00, F1: 0.23, Recall: 0.23, Precision: 0.24
2023-06-19 16:44:00,028 - AUGCON - INFO - Epoch [40/50]-(0/22) Loss: 0.1990, Acc(1): 100.00, Acc(5): 100.00
2023-06-19 16:44:00,028 - AUGCON - INFO - Epoch [40/50]-(5/22) Loss: 0.6151, Acc(1): 75.00, Acc(5): 100.00
2023-06-19 16:44:00,028 - AUGCON - INFO - Epoch [40/50]-(10/22) Loss: 0.2599, Acc(1): 75.00, Acc(5): 100.00
2023-06-19 16:44:00,028 - AUGCON - INFO - Epoch [40/50]-(15/22) Loss: 0.0816, Acc(1): 100.00, Acc(5): 100.00
2023-06-19 16:44:00,028 - AUGCON - INFO - Epoch [40/50]-(20/22) Loss: 0.0641, Acc(1): 100.00, Acc(5): 100.00
2023-06-19 16:44:00,028 - AUGCON - INFO - 	Validation Loss: 0.1276, Acc(1): 99.00, Acc(5): 100.00, F1: 0.23, Recall: 0.23, Precision: 0.24
2023-06-19 16:44:00,028 - AUGCON - INFO - Epoch [41/50]-(0/22) Loss: 0.1794, Acc(1): 100.00, Acc(5): 100.00
2023-06-19 16:44:00,028 - AUGCON - INFO - Epoch [41/50]-(5/22) Loss: 0.0491, Acc(1): 100.00, Acc(5): 100.00
2023-06-19 16:44:00,028 - AUGCON - INFO - Epoch [41/50]-(10/22) Loss: 0.1186, Acc(1): 100.00, Acc(5): 100.00
2023-06-19 16:44:00,028 - AUGCON - INFO - Epoch [41/50]-(15/22) Loss: 0.0693, Acc(1): 100.00, Acc(5): 100.00
2023-06-19 16:44:00,028 - AUGCON - INFO - Epoch [41/50]-(20/22) Loss: 0.0646, Acc(1): 100.00, Acc(5): 100.00
2023-06-19 16:44:00,028 - AUGCON - INFO - 	Validation Loss: 0.1197, Acc(1): 99.00, Acc(5): 100.00, F1: 0.23, Recall: 0.23, Precision: 0.23
2023-06-19 16:44:00,029 - AUGCON - INFO - Epoch [42/50]-(0/22) Loss: 0.1440, Acc(1): 100.00, Acc(5): 100.00
2023-06-19 16:44:00,029 - AUGCON - INFO - Epoch [42/50]-(5/22) Loss: 0.0797, Acc(1): 100.00, Acc(5): 100.00
2023-06-19 16:44:00,029 - AUGCON - INFO - Epoch [42/50]-(10/22) Loss: 0.0795, Acc(1): 100.00, Acc(5): 100.00
2023-06-19 16:44:00,029 - AUGCON - INFO - Epoch [42/50]-(15/22) Loss: 0.0714, Acc(1): 100.00, Acc(5): 100.00
2023-06-19 16:44:00,029 - AUGCON - INFO - Epoch [42/50]-(20/22) Loss: 0.0600, Acc(1): 100.00, Acc(5): 100.00
2023-06-19 16:44:00,029 - AUGCON - INFO - 	Validation Loss: 0.1279, Acc(1): 100.00, Acc(5): 100.00, F1: 0.23, Recall: 0.23, Precision: 0.23
2023-06-19 16:44:00,029 - AUGCON - INFO - Epoch [43/50]-(0/22) Loss: 0.5708, Acc(1): 75.00, Acc(5): 100.00
2023-06-19 16:44:00,029 - AUGCON - INFO - Epoch [43/50]-(5/22) Loss: 0.1811, Acc(1): 100.00, Acc(5): 100.00
2023-06-19 16:44:00,029 - AUGCON - INFO - Epoch [43/50]-(10/22) Loss: 0.0289, Acc(1): 100.00, Acc(5): 100.00
2023-06-19 16:44:00,029 - AUGCON - INFO - Epoch [43/50]-(15/22) Loss: 0.2271, Acc(1): 75.00, Acc(5): 100.00
2023-06-19 16:44:00,029 - AUGCON - INFO - Epoch [43/50]-(20/22) Loss: 0.0793, Acc(1): 100.00, Acc(5): 100.00
2023-06-19 16:44:00,029 - AUGCON - INFO - 	Validation Loss: 0.1108, Acc(1): 100.00, Acc(5): 100.00, F1: 0.23, Recall: 0.23, Precision: 0.23
2023-06-19 16:44:00,029 - AUGCON - INFO - Epoch [44/50]-(0/22) Loss: 0.0367, Acc(1): 100.00, Acc(5): 100.00
2023-06-19 16:44:00,029 - AUGCON - INFO - Epoch [44/50]-(5/22) Loss: 0.0600, Acc(1): 100.00, Acc(5): 100.00
2023-06-19 16:44:00,029 - AUGCON - INFO - Epoch [44/50]-(10/22) Loss: 0.0288, Acc(1): 100.00, Acc(5): 100.00
2023-06-19 16:44:00,030 - AUGCON - INFO - Epoch [44/50]-(15/22) Loss: 0.0540, Acc(1): 100.00, Acc(5): 100.00
2023-06-19 16:44:00,030 - AUGCON - INFO - Epoch [44/50]-(20/22) Loss: 0.1047, Acc(1): 100.00, Acc(5): 100.00
2023-06-19 16:44:00,030 - AUGCON - INFO - 	Validation Loss: 0.1146, Acc(1): 100.00, Acc(5): 100.00, F1: 0.23, Recall: 0.23, Precision: 0.23
2023-06-19 16:44:00,030 - AUGCON - INFO - Epoch [45/50]-(0/22) Loss: 0.0881, Acc(1): 100.00, Acc(5): 100.00
2023-06-19 16:44:00,030 - AUGCON - INFO - Epoch [45/50]-(5/22) Loss: 0.2157, Acc(1): 100.00, Acc(5): 100.00
2023-06-19 16:44:00,030 - AUGCON - INFO - Epoch [45/50]-(10/22) Loss: 0.0439, Acc(1): 100.00, Acc(5): 100.00
2023-06-19 16:44:00,030 - AUGCON - INFO - Epoch [45/50]-(15/22) Loss: 0.0521, Acc(1): 100.00, Acc(5): 100.00
2023-06-19 16:44:00,030 - AUGCON - INFO - Epoch [45/50]-(20/22) Loss: 0.1249, Acc(1): 100.00, Acc(5): 100.00
2023-06-19 16:44:00,030 - AUGCON - INFO - 	Validation Loss: 0.1158, Acc(1): 100.00, Acc(5): 100.00, F1: 0.23, Recall: 0.23, Precision: 0.23
2023-06-19 16:44:00,030 - AUGCON - INFO - Epoch [46/50]-(0/22) Loss: 0.0678, Acc(1): 100.00, Acc(5): 100.00
2023-06-19 16:44:00,030 - AUGCON - INFO - Epoch [46/50]-(5/22) Loss: 0.0349, Acc(1): 100.00, Acc(5): 100.00
2023-06-19 16:44:00,030 - AUGCON - INFO - Epoch [46/50]-(10/22) Loss: 0.0462, Acc(1): 100.00, Acc(5): 100.00
2023-06-19 16:44:00,030 - AUGCON - INFO - Epoch [46/50]-(15/22) Loss: 0.0510, Acc(1): 100.00, Acc(5): 100.00
2023-06-19 16:44:00,030 - AUGCON - INFO - Epoch [46/50]-(20/22) Loss: 0.1587, Acc(1): 100.00, Acc(5): 100.00
2023-06-19 16:44:00,030 - AUGCON - INFO - 	Validation Loss: 0.1097, Acc(1): 100.00, Acc(5): 100.00, F1: 0.23, Recall: 0.23, Precision: 0.23
2023-06-19 16:44:00,030 - AUGCON - INFO - Epoch [47/50]-(0/22) Loss: 0.0685, Acc(1): 100.00, Acc(5): 100.00
2023-06-19 16:44:00,031 - AUGCON - INFO - Epoch [47/50]-(5/22) Loss: 0.1299, Acc(1): 100.00, Acc(5): 100.00
2023-06-19 16:44:00,031 - AUGCON - INFO - Epoch [47/50]-(10/22) Loss: 0.4597, Acc(1): 75.00, Acc(5): 100.00
2023-06-19 16:44:00,031 - AUGCON - INFO - Epoch [47/50]-(15/22) Loss: 0.0640, Acc(1): 100.00, Acc(5): 100.00
2023-06-19 16:44:00,031 - AUGCON - INFO - Epoch [47/50]-(20/22) Loss: 0.1754, Acc(1): 100.00, Acc(5): 100.00
2023-06-19 16:44:00,031 - AUGCON - INFO - 	Validation Loss: 0.1038, Acc(1): 100.00, Acc(5): 100.00, F1: 0.23, Recall: 0.23, Precision: 0.23
2023-06-19 16:44:00,031 - AUGCON - INFO - Epoch [48/50]-(0/22) Loss: 0.0602, Acc(1): 100.00, Acc(5): 100.00
2023-06-19 16:44:00,031 - AUGCON - INFO - Epoch [48/50]-(5/22) Loss: 0.0509, Acc(1): 100.00, Acc(5): 100.00
2023-06-19 16:44:00,031 - AUGCON - INFO - Epoch [48/50]-(10/22) Loss: 0.0621, Acc(1): 100.00, Acc(5): 100.00
2023-06-19 16:44:00,031 - AUGCON - INFO - Epoch [48/50]-(15/22) Loss: 0.0496, Acc(1): 100.00, Acc(5): 100.00
2023-06-19 16:44:00,032 - AUGCON - INFO - Epoch [48/50]-(20/22) Loss: 0.0335, Acc(1): 100.00, Acc(5): 100.00
2023-06-19 16:44:00,032 - AUGCON - INFO - 	Validation Loss: 0.0997, Acc(1): 100.00, Acc(5): 100.00, F1: 0.23, Recall: 0.23, Precision: 0.23
2023-06-19 16:44:00,032 - AUGCON - INFO - Epoch [49/50]-(0/22) Loss: 0.1168, Acc(1): 100.00, Acc(5): 100.00
2023-06-19 16:44:00,032 - AUGCON - INFO - Epoch [49/50]-(5/22) Loss: 0.0648, Acc(1): 100.00, Acc(5): 100.00
2023-06-19 16:44:00,032 - AUGCON - INFO - Epoch [49/50]-(10/22) Loss: 0.0738, Acc(1): 100.00, Acc(5): 100.00
2023-06-19 16:44:00,032 - AUGCON - INFO - Epoch [49/50]-(15/22) Loss: 0.0114, Acc(1): 100.00, Acc(5): 100.00
2023-06-19 16:44:00,032 - AUGCON - INFO - Epoch [49/50]-(20/22) Loss: 0.0792, Acc(1): 100.00, Acc(5): 100.00
2023-06-19 16:44:00,032 - AUGCON - INFO - 	Validation Loss: 0.1202, Acc(1): 98.00, Acc(5): 100.00, F1: 0.23, Recall: 0.23, Precision: 0.23
2023-06-19 16:44:00,032 - AUGCON - INFO - Epoch [50/50]-(0/22) Loss: 0.0621, Acc(1): 100.00, Acc(5): 100.00
2023-06-19 16:44:00,032 - AUGCON - INFO - Epoch [50/50]-(5/22) Loss: 0.1967, Acc(1): 100.00, Acc(5): 100.00
2023-06-19 16:44:00,032 - AUGCON - INFO - Epoch [50/50]-(10/22) Loss: 0.0916, Acc(1): 100.00, Acc(5): 100.00
2023-06-19 16:44:00,033 - AUGCON - INFO - Epoch [50/50]-(15/22) Loss: 0.0821, Acc(1): 100.00, Acc(5): 100.00
2023-06-19 16:44:00,033 - AUGCON - INFO - Epoch [50/50]-(20/22) Loss: 0.0201, Acc(1): 100.00, Acc(5): 100.00
2023-06-19 16:44:00,033 - AUGCON - INFO - 	Validation Loss: 0.0983, Acc(1): 100.00, Acc(5): 100.00, F1: 0.23, Recall: 0.23, Precision: 0.23
2023-06-19 16:44:00,033 - AUGCON - INFO - 	Validation Loss: 0.1475, Acc(1): 97.67, Acc(5): 100.00, F1: 0.24, Recall: 0.23, Precision: 0.24
