2023-06-19 16:30:07,252 - AUGCON - INFO - logger initialized (/home/hjyoon/projects/augcon/config/exp0/finetune_da_false/without_target_domain_WA0003-hskim/metacpc_perdomain_8421/tgt_target_domain_PH0041-hmkim_seed0.yaml.log)
2023-06-19 16:30:07,253 - AUGCON - INFO - ================= Config =================
2023-06-19 16:30:07,253 - AUGCON - INFO -   mode: finetune
2023-06-19 16:30:07,253 - AUGCON - INFO -   seed: 0
2023-06-19 16:30:07,253 - AUGCON - INFO -   gpu: [0]
2023-06-19 16:30:07,253 - AUGCON - INFO -   num_workers: 1
2023-06-19 16:30:07,253 - AUGCON - INFO -   dist_url: tcp://localhost:10001
2023-06-19 16:30:07,253 - AUGCON - INFO -   dataset_name: ichar
2023-06-19 16:30:07,253 - AUGCON - INFO -   train_dataset_path: /mnt/sting/hjyoon/projects/cross/ICHAR/augcon/target_domain_PH0041-hmkim/finetune/10shot/target/train.pkl
2023-06-19 16:30:07,253 - AUGCON - INFO -   test_dataset_path: /mnt/sting/hjyoon/projects/cross/ICHAR/augcon/target_domain_PH0041-hmkim/finetune/10shot/target/test.pkl
2023-06-19 16:30:07,254 - AUGCON - INFO -   val_dataset_path: /mnt/sting/hjyoon/projects/cross/ICHAR/augcon/target_domain_PH0041-hmkim/finetune/10shot/target/val.pkl
2023-06-19 16:30:07,254 - AUGCON - INFO -   input_channels: 3
2023-06-19 16:30:07,254 - AUGCON - INFO -   num_cls: 9
2023-06-19 16:30:07,254 - AUGCON - INFO -   optimizer: adam
2023-06-19 16:30:07,254 - AUGCON - INFO -   criterion: crossentropy
2023-06-19 16:30:07,254 - AUGCON - INFO -   start_epoch: 0
2023-06-19 16:30:07,254 - AUGCON - INFO -   epochs: 50
2023-06-19 16:30:07,254 - AUGCON - INFO -   batch_size: 4
2023-06-19 16:30:07,254 - AUGCON - INFO -   lr: 0.001
2023-06-19 16:30:07,254 - AUGCON - INFO -   wd: 0.0
2023-06-19 16:30:07,254 - AUGCON - INFO -   resume: 
2023-06-19 16:30:07,254 - AUGCON - INFO -   pretrained: /mnt/sting/hjyoon/projects/augcontrast/models/exp0/pretrain/without_target_domain_WA0003-hskim/metacpc_perdomain_8421/checkpoint_0999.pth.tar
2023-06-19 16:30:07,254 - AUGCON - INFO -   ckpt_dir: /mnt/sting/hjyoon/projects/augcontrast/models/exp0/finetune_da_false/without_target_domain_WA0003-hskim/metacpc_perdomain_8421/tgt_target_domain_PH0041-hmkim_seed0
2023-06-19 16:30:07,254 - AUGCON - INFO -   log_freq: 5
2023-06-19 16:30:07,254 - AUGCON - INFO -   save_freq: 10
2023-06-19 16:30:07,254 - AUGCON - INFO -   pretext: metacpc
2023-06-19 16:30:07,254 - AUGCON - INFO -   enc_blocks: 4
2023-06-19 16:30:07,254 - AUGCON - INFO -   kernel_sizes: [8, 4, 2, 1]
2023-06-19 16:30:07,254 - AUGCON - INFO -   strides: [4, 2, 1, 1]
2023-06-19 16:30:07,254 - AUGCON - INFO -   agg_blocks: 5
2023-06-19 16:30:07,254 - AUGCON - INFO -   z_dim: 256
2023-06-19 16:30:07,254 - AUGCON - INFO -   pooling: mean
2023-06-19 16:30:07,254 - AUGCON - INFO -   pred_steps: 12
2023-06-19 16:30:07,254 - AUGCON - INFO -   n_negatives: 15
2023-06-19 16:30:07,254 - AUGCON - INFO -   offset: 4
2023-06-19 16:30:07,254 - AUGCON - INFO -   domain_adaptation: False
2023-06-19 16:30:07,254 - AUGCON - INFO -   task_steps: 10
2023-06-19 16:30:07,254 - AUGCON - INFO -   task_lr: 0.001
2023-06-19 16:30:07,255 - AUGCON - INFO -   reg_lambda: 0
2023-06-19 16:30:07,255 - AUGCON - INFO -   mlp: False
2023-06-19 16:30:07,255 - AUGCON - INFO -   freeze: True
2023-06-19 16:30:07,255 - AUGCON - INFO -   no_vars: False
2023-06-19 16:30:07,255 - AUGCON - INFO - ==========================================
2023-06-19 16:30:07,255 - AUGCON - INFO - Setting GPUs: [0]
2023-06-19 16:30:07,255 - AUGCON - INFO - GPUs [0] will be used
2023-06-19 16:30:07,255 - AUGCON - WARNING - You have chosen to seed training. 
2023-06-19 16:30:07,255 - AUGCON - WARNING - This will turn on the CUDNN deterministic setting, 
2023-06-19 16:30:07,256 - AUGCON - WARNING - which can slow down your training considerably! 
2023-06-19 16:30:07,256 - AUGCON - WARNING - You may see unexpected behavior when restarting 
2023-06-19 16:30:07,256 - AUGCON - WARNING - from checkpoints.
2023-06-19 16:30:07,289 - AUGCON - INFO - Executing MetaCPC
2023-06-19 16:30:07,289 - AUGCON - INFO - Logs are skipped during training
2023-06-19 16:30:24,926 - AUGCON - INFO - Single GPU is used for training - training 90 instances for each worker
2023-06-19 16:30:24,927 - AUGCON - INFO - Loading pretrained model from checkpoint - /mnt/sting/hjyoon/projects/augcontrast/models/exp0/pretrain/without_target_domain_WA0003-hskim/metacpc_perdomain_8421/checkpoint_0999.pth.tar
2023-06-19 16:30:24,927 - AUGCON - INFO - Missing keys: []
2023-06-19 16:30:24,927 - AUGCON - INFO - Loading encoder parameters to the classifier
2023-06-19 16:30:24,927 - AUGCON - INFO - Missing keys: ['classifier.block.0.weight', 'classifier.block.0.bias']
2023-06-19 16:30:24,927 - AUGCON - INFO - Epoch [1/50]-(0/22) Loss: 2.1830, Acc(1): 25.00, Acc(5): 75.00
2023-06-19 16:30:24,927 - AUGCON - INFO - Epoch [1/50]-(5/22) Loss: 2.1204, Acc(1): 0.00, Acc(5): 75.00
2023-06-19 16:30:24,927 - AUGCON - INFO - Epoch [1/50]-(10/22) Loss: 2.5938, Acc(1): 0.00, Acc(5): 50.00
2023-06-19 16:30:24,927 - AUGCON - INFO - Epoch [1/50]-(15/22) Loss: 2.4480, Acc(1): 25.00, Acc(5): 50.00
2023-06-19 16:30:24,927 - AUGCON - INFO - Epoch [1/50]-(20/22) Loss: 2.5818, Acc(1): 0.00, Acc(5): 0.00
2023-06-19 16:30:24,927 - AUGCON - INFO - 	Validation Loss: 2.1060, Acc(1): 18.00, Acc(5): 82.00, F1: 0.02, Recall: 0.01, Precision: 0.03
2023-06-19 16:30:24,927 - AUGCON - INFO - Epoch [2/50]-(0/22) Loss: 2.3487, Acc(1): 0.00, Acc(5): 25.00
2023-06-19 16:30:24,928 - AUGCON - INFO - Epoch [2/50]-(5/22) Loss: 2.2353, Acc(1): 25.00, Acc(5): 50.00
2023-06-19 16:30:24,928 - AUGCON - INFO - Epoch [2/50]-(10/22) Loss: 2.3913, Acc(1): 0.00, Acc(5): 25.00
2023-06-19 16:30:24,928 - AUGCON - INFO - Epoch [2/50]-(15/22) Loss: 2.2357, Acc(1): 0.00, Acc(5): 75.00
2023-06-19 16:30:24,928 - AUGCON - INFO - Epoch [2/50]-(20/22) Loss: 2.1590, Acc(1): 25.00, Acc(5): 50.00
2023-06-19 16:30:24,928 - AUGCON - INFO - 	Validation Loss: 2.0848, Acc(1): 21.00, Acc(5): 82.00, F1: 0.05, Recall: 0.06, Precision: 0.05
2023-06-19 16:30:24,928 - AUGCON - INFO - Epoch [3/50]-(0/22) Loss: 1.9932, Acc(1): 50.00, Acc(5): 100.00
2023-06-19 16:30:24,928 - AUGCON - INFO - Epoch [3/50]-(5/22) Loss: 2.2221, Acc(1): 0.00, Acc(5): 50.00
2023-06-19 16:30:24,928 - AUGCON - INFO - Epoch [3/50]-(10/22) Loss: 2.2223, Acc(1): 0.00, Acc(5): 75.00
2023-06-19 16:30:24,929 - AUGCON - INFO - Epoch [3/50]-(15/22) Loss: 2.3753, Acc(1): 0.00, Acc(5): 50.00
2023-06-19 16:30:24,929 - AUGCON - INFO - Epoch [3/50]-(20/22) Loss: 2.0541, Acc(1): 25.00, Acc(5): 75.00
2023-06-19 16:30:24,929 - AUGCON - INFO - 	Validation Loss: 2.0477, Acc(1): 34.00, Acc(5): 73.00, F1: 0.08, Recall: 0.09, Precision: 0.07
2023-06-19 16:30:24,929 - AUGCON - INFO - Epoch [4/50]-(0/22) Loss: 1.9310, Acc(1): 25.00, Acc(5): 100.00
2023-06-19 16:30:24,929 - AUGCON - INFO - Epoch [4/50]-(5/22) Loss: 2.0232, Acc(1): 0.00, Acc(5): 100.00
2023-06-19 16:30:24,929 - AUGCON - INFO - Epoch [4/50]-(10/22) Loss: 1.7615, Acc(1): 50.00, Acc(5): 100.00
2023-06-19 16:30:24,929 - AUGCON - INFO - Epoch [4/50]-(15/22) Loss: 2.2387, Acc(1): 25.00, Acc(5): 75.00
2023-06-19 16:30:24,929 - AUGCON - INFO - Epoch [4/50]-(20/22) Loss: 2.0774, Acc(1): 25.00, Acc(5): 50.00
2023-06-19 16:30:24,929 - AUGCON - INFO - 	Validation Loss: 1.9828, Acc(1): 32.00, Acc(5): 82.00, F1: 0.09, Recall: 0.09, Precision: 0.10
2023-06-19 16:30:24,929 - AUGCON - INFO - Epoch [5/50]-(0/22) Loss: 2.0130, Acc(1): 50.00, Acc(5): 75.00
2023-06-19 16:30:24,929 - AUGCON - INFO - Epoch [5/50]-(5/22) Loss: 2.0164, Acc(1): 25.00, Acc(5): 75.00
2023-06-19 16:30:24,929 - AUGCON - INFO - Epoch [5/50]-(10/22) Loss: 2.0004, Acc(1): 0.00, Acc(5): 75.00
2023-06-19 16:30:24,929 - AUGCON - INFO - Epoch [5/50]-(15/22) Loss: 2.2392, Acc(1): 25.00, Acc(5): 25.00
2023-06-19 16:30:24,929 - AUGCON - INFO - Epoch [5/50]-(20/22) Loss: 1.7645, Acc(1): 50.00, Acc(5): 75.00
2023-06-19 16:30:24,929 - AUGCON - INFO - 	Validation Loss: 1.9204, Acc(1): 41.00, Acc(5): 88.00, F1: 0.08, Recall: 0.11, Precision: 0.07
2023-06-19 16:30:24,930 - AUGCON - INFO - Epoch [6/50]-(0/22) Loss: 2.0010, Acc(1): 50.00, Acc(5): 100.00
2023-06-19 16:30:24,930 - AUGCON - INFO - Epoch [6/50]-(5/22) Loss: 1.7427, Acc(1): 50.00, Acc(5): 100.00
2023-06-19 16:30:24,930 - AUGCON - INFO - Epoch [6/50]-(10/22) Loss: 2.0798, Acc(1): 25.00, Acc(5): 75.00
2023-06-19 16:30:24,930 - AUGCON - INFO - Epoch [6/50]-(15/22) Loss: 2.0566, Acc(1): 25.00, Acc(5): 100.00
2023-06-19 16:30:24,930 - AUGCON - INFO - Epoch [6/50]-(20/22) Loss: 1.9630, Acc(1): 25.00, Acc(5): 100.00
2023-06-19 16:30:24,930 - AUGCON - INFO - 	Validation Loss: 1.9011, Acc(1): 40.00, Acc(5): 91.00, F1: 0.11, Recall: 0.11, Precision: 0.11
2023-06-19 16:30:24,930 - AUGCON - INFO - Epoch [7/50]-(0/22) Loss: 1.5109, Acc(1): 50.00, Acc(5): 100.00
2023-06-19 16:30:24,930 - AUGCON - INFO - Epoch [7/50]-(5/22) Loss: 1.9906, Acc(1): 25.00, Acc(5): 100.00
2023-06-19 16:30:24,930 - AUGCON - INFO - Epoch [7/50]-(10/22) Loss: 1.9799, Acc(1): 50.00, Acc(5): 75.00
2023-06-19 16:30:24,930 - AUGCON - INFO - Epoch [7/50]-(15/22) Loss: 1.6014, Acc(1): 50.00, Acc(5): 100.00
2023-06-19 16:30:24,930 - AUGCON - INFO - Epoch [7/50]-(20/22) Loss: 2.0569, Acc(1): 25.00, Acc(5): 100.00
2023-06-19 16:30:24,930 - AUGCON - INFO - 	Validation Loss: 1.8428, Acc(1): 43.00, Acc(5): 93.00, F1: 0.11, Recall: 0.11, Precision: 0.11
2023-06-19 16:30:24,930 - AUGCON - INFO - Epoch [8/50]-(0/22) Loss: 1.7430, Acc(1): 50.00, Acc(5): 75.00
2023-06-19 16:30:24,930 - AUGCON - INFO - Epoch [8/50]-(5/22) Loss: 1.8463, Acc(1): 50.00, Acc(5): 100.00
2023-06-19 16:30:24,930 - AUGCON - INFO - Epoch [8/50]-(10/22) Loss: 2.3272, Acc(1): 0.00, Acc(5): 50.00
2023-06-19 16:30:24,930 - AUGCON - INFO - Epoch [8/50]-(15/22) Loss: 1.6753, Acc(1): 50.00, Acc(5): 100.00
2023-06-19 16:30:24,931 - AUGCON - INFO - Epoch [8/50]-(20/22) Loss: 2.0337, Acc(1): 25.00, Acc(5): 50.00
2023-06-19 16:30:24,931 - AUGCON - INFO - 	Validation Loss: 1.7696, Acc(1): 61.00, Acc(5): 94.00, F1: 0.16, Recall: 0.16, Precision: 0.15
2023-06-19 16:30:24,931 - AUGCON - INFO - Epoch [9/50]-(0/22) Loss: 1.8509, Acc(1): 50.00, Acc(5): 75.00
2023-06-19 16:30:24,931 - AUGCON - INFO - Epoch [9/50]-(5/22) Loss: 1.6447, Acc(1): 50.00, Acc(5): 100.00
2023-06-19 16:30:24,931 - AUGCON - INFO - Epoch [9/50]-(10/22) Loss: 1.5940, Acc(1): 50.00, Acc(5): 100.00
2023-06-19 16:30:24,931 - AUGCON - INFO - Epoch [9/50]-(15/22) Loss: 1.9214, Acc(1): 25.00, Acc(5): 75.00
2023-06-19 16:30:24,931 - AUGCON - INFO - Epoch [9/50]-(20/22) Loss: 2.0039, Acc(1): 25.00, Acc(5): 100.00
2023-06-19 16:30:24,931 - AUGCON - INFO - 	Validation Loss: 1.7774, Acc(1): 38.00, Acc(5): 91.00, F1: 0.08, Recall: 0.09, Precision: 0.07
2023-06-19 16:30:24,931 - AUGCON - INFO - Epoch [10/50]-(0/22) Loss: 1.5606, Acc(1): 100.00, Acc(5): 100.00
2023-06-19 16:30:24,931 - AUGCON - INFO - Epoch [10/50]-(5/22) Loss: 1.9553, Acc(1): 50.00, Acc(5): 100.00
2023-06-19 16:30:24,931 - AUGCON - INFO - Epoch [10/50]-(10/22) Loss: 1.6159, Acc(1): 75.00, Acc(5): 100.00
2023-06-19 16:30:24,931 - AUGCON - INFO - Epoch [10/50]-(15/22) Loss: 1.5076, Acc(1): 50.00, Acc(5): 100.00
2023-06-19 16:30:24,931 - AUGCON - INFO - Epoch [10/50]-(20/22) Loss: 1.8921, Acc(1): 25.00, Acc(5): 100.00
2023-06-19 16:30:24,931 - AUGCON - INFO - 	Validation Loss: 1.7355, Acc(1): 43.00, Acc(5): 95.00, F1: 0.11, Recall: 0.12, Precision: 0.11
2023-06-19 16:30:24,931 - AUGCON - INFO - Epoch [11/50]-(0/22) Loss: 1.7330, Acc(1): 75.00, Acc(5): 75.00
2023-06-19 16:30:24,931 - AUGCON - INFO - Epoch [11/50]-(5/22) Loss: 2.0617, Acc(1): 0.00, Acc(5): 100.00
2023-06-19 16:30:24,931 - AUGCON - INFO - Epoch [11/50]-(10/22) Loss: 1.5937, Acc(1): 50.00, Acc(5): 100.00
2023-06-19 16:30:24,932 - AUGCON - INFO - Epoch [11/50]-(15/22) Loss: 1.9791, Acc(1): 25.00, Acc(5): 75.00
2023-06-19 16:30:24,932 - AUGCON - INFO - Epoch [11/50]-(20/22) Loss: 1.9086, Acc(1): 25.00, Acc(5): 100.00
2023-06-19 16:30:24,932 - AUGCON - INFO - 	Validation Loss: 1.7136, Acc(1): 44.00, Acc(5): 90.00, F1: 0.12, Recall: 0.12, Precision: 0.11
2023-06-19 16:30:24,932 - AUGCON - INFO - Epoch [12/50]-(0/22) Loss: 2.1637, Acc(1): 50.00, Acc(5): 50.00
2023-06-19 16:30:24,932 - AUGCON - INFO - Epoch [12/50]-(5/22) Loss: 1.6201, Acc(1): 50.00, Acc(5): 100.00
2023-06-19 16:30:24,932 - AUGCON - INFO - Epoch [12/50]-(10/22) Loss: 1.7540, Acc(1): 50.00, Acc(5): 100.00
2023-06-19 16:30:24,932 - AUGCON - INFO - Epoch [12/50]-(15/22) Loss: 2.0110, Acc(1): 25.00, Acc(5): 75.00
2023-06-19 16:30:24,932 - AUGCON - INFO - Epoch [12/50]-(20/22) Loss: 1.7786, Acc(1): 50.00, Acc(5): 100.00
2023-06-19 16:30:24,932 - AUGCON - INFO - 	Validation Loss: 1.6938, Acc(1): 60.00, Acc(5): 94.00, F1: 0.15, Recall: 0.17, Precision: 0.14
2023-06-19 16:30:24,932 - AUGCON - INFO - Epoch [13/50]-(0/22) Loss: 1.8594, Acc(1): 50.00, Acc(5): 75.00
2023-06-19 16:30:24,932 - AUGCON - INFO - Epoch [13/50]-(5/22) Loss: 1.6775, Acc(1): 50.00, Acc(5): 100.00
2023-06-19 16:30:24,933 - AUGCON - INFO - Epoch [13/50]-(10/22) Loss: 1.7768, Acc(1): 50.00, Acc(5): 75.00
2023-06-19 16:30:24,933 - AUGCON - INFO - Epoch [13/50]-(15/22) Loss: 2.1249, Acc(1): 0.00, Acc(5): 100.00
2023-06-19 16:30:24,933 - AUGCON - INFO - Epoch [13/50]-(20/22) Loss: 1.7981, Acc(1): 50.00, Acc(5): 100.00
2023-06-19 16:30:24,933 - AUGCON - INFO - 	Validation Loss: 1.6355, Acc(1): 51.00, Acc(5): 96.00, F1: 0.13, Recall: 0.14, Precision: 0.12
2023-06-19 16:30:24,933 - AUGCON - INFO - Epoch [14/50]-(0/22) Loss: 1.3229, Acc(1): 50.00, Acc(5): 100.00
2023-06-19 16:30:24,933 - AUGCON - INFO - Epoch [14/50]-(5/22) Loss: 1.6920, Acc(1): 50.00, Acc(5): 100.00
2023-06-19 16:30:24,933 - AUGCON - INFO - Epoch [14/50]-(10/22) Loss: 1.5519, Acc(1): 50.00, Acc(5): 100.00
2023-06-19 16:30:24,933 - AUGCON - INFO - Epoch [14/50]-(15/22) Loss: 2.0067, Acc(1): 25.00, Acc(5): 100.00
2023-06-19 16:30:24,933 - AUGCON - INFO - Epoch [14/50]-(20/22) Loss: 1.9572, Acc(1): 25.00, Acc(5): 100.00
2023-06-19 16:30:24,933 - AUGCON - INFO - 	Validation Loss: 1.6640, Acc(1): 51.00, Acc(5): 89.00, F1: 0.13, Recall: 0.14, Precision: 0.12
2023-06-19 16:30:24,933 - AUGCON - INFO - Epoch [15/50]-(0/22) Loss: 1.5338, Acc(1): 50.00, Acc(5): 100.00
2023-06-19 16:30:24,933 - AUGCON - INFO - Epoch [15/50]-(5/22) Loss: 1.4688, Acc(1): 75.00, Acc(5): 100.00
2023-06-19 16:30:24,933 - AUGCON - INFO - Epoch [15/50]-(10/22) Loss: 1.4213, Acc(1): 75.00, Acc(5): 100.00
2023-06-19 16:30:24,933 - AUGCON - INFO - Epoch [15/50]-(15/22) Loss: 2.1148, Acc(1): 25.00, Acc(5): 50.00
2023-06-19 16:30:24,933 - AUGCON - INFO - Epoch [15/50]-(20/22) Loss: 1.9052, Acc(1): 25.00, Acc(5): 50.00
2023-06-19 16:30:24,934 - AUGCON - INFO - 	Validation Loss: 1.6080, Acc(1): 61.00, Acc(5): 93.00, F1: 0.16, Recall: 0.14, Precision: 0.20
2023-06-19 16:30:24,934 - AUGCON - INFO - Epoch [16/50]-(0/22) Loss: 1.4230, Acc(1): 75.00, Acc(5): 100.00
2023-06-19 16:30:24,934 - AUGCON - INFO - Epoch [16/50]-(5/22) Loss: 1.7676, Acc(1): 50.00, Acc(5): 75.00
2023-06-19 16:30:24,934 - AUGCON - INFO - Epoch [16/50]-(10/22) Loss: 1.5824, Acc(1): 50.00, Acc(5): 100.00
2023-06-19 16:30:24,934 - AUGCON - INFO - Epoch [16/50]-(15/22) Loss: 1.7411, Acc(1): 25.00, Acc(5): 100.00
2023-06-19 16:30:24,934 - AUGCON - INFO - Epoch [16/50]-(20/22) Loss: 1.9774, Acc(1): 0.00, Acc(5): 100.00
2023-06-19 16:30:24,934 - AUGCON - INFO - 	Validation Loss: 1.5737, Acc(1): 56.00, Acc(5): 94.00, F1: 0.14, Recall: 0.15, Precision: 0.13
2023-06-19 16:30:24,934 - AUGCON - INFO - Epoch [17/50]-(0/22) Loss: 1.4491, Acc(1): 75.00, Acc(5): 100.00
2023-06-19 16:30:24,934 - AUGCON - INFO - Epoch [17/50]-(5/22) Loss: 0.8395, Acc(1): 100.00, Acc(5): 100.00
2023-06-19 16:30:24,934 - AUGCON - INFO - Epoch [17/50]-(10/22) Loss: 1.6772, Acc(1): 50.00, Acc(5): 100.00
2023-06-19 16:30:24,934 - AUGCON - INFO - Epoch [17/50]-(15/22) Loss: 1.7011, Acc(1): 50.00, Acc(5): 100.00
2023-06-19 16:30:24,934 - AUGCON - INFO - Epoch [17/50]-(20/22) Loss: 1.5488, Acc(1): 50.00, Acc(5): 100.00
2023-06-19 16:30:24,934 - AUGCON - INFO - 	Validation Loss: 1.5686, Acc(1): 64.00, Acc(5): 94.00, F1: 0.16, Recall: 0.17, Precision: 0.15
2023-06-19 16:30:24,934 - AUGCON - INFO - Epoch [18/50]-(0/22) Loss: 1.8613, Acc(1): 25.00, Acc(5): 75.00
2023-06-19 16:30:24,934 - AUGCON - INFO - Epoch [18/50]-(5/22) Loss: 1.6912, Acc(1): 50.00, Acc(5): 100.00
2023-06-19 16:30:24,934 - AUGCON - INFO - Epoch [18/50]-(10/22) Loss: 1.8163, Acc(1): 25.00, Acc(5): 75.00
2023-06-19 16:30:24,935 - AUGCON - INFO - Epoch [18/50]-(15/22) Loss: 2.0874, Acc(1): 0.00, Acc(5): 75.00
2023-06-19 16:30:24,935 - AUGCON - INFO - Epoch [18/50]-(20/22) Loss: 1.6234, Acc(1): 75.00, Acc(5): 100.00
2023-06-19 16:30:24,935 - AUGCON - INFO - 	Validation Loss: 1.4987, Acc(1): 69.00, Acc(5): 97.00, F1: 0.17, Recall: 0.17, Precision: 0.18
2023-06-19 16:30:24,935 - AUGCON - INFO - Epoch [19/50]-(0/22) Loss: 1.4039, Acc(1): 75.00, Acc(5): 100.00
2023-06-19 16:30:24,935 - AUGCON - INFO - Epoch [19/50]-(5/22) Loss: 1.4695, Acc(1): 25.00, Acc(5): 100.00
2023-06-19 16:30:24,935 - AUGCON - INFO - Epoch [19/50]-(10/22) Loss: 1.6185, Acc(1): 75.00, Acc(5): 100.00
2023-06-19 16:30:24,935 - AUGCON - INFO - Epoch [19/50]-(15/22) Loss: 1.6460, Acc(1): 50.00, Acc(5): 100.00
2023-06-19 16:30:24,935 - AUGCON - INFO - Epoch [19/50]-(20/22) Loss: 1.3396, Acc(1): 75.00, Acc(5): 100.00
2023-06-19 16:30:24,935 - AUGCON - INFO - 	Validation Loss: 1.5606, Acc(1): 54.00, Acc(5): 95.00, F1: 0.13, Recall: 0.15, Precision: 0.11
2023-06-19 16:30:24,935 - AUGCON - INFO - Epoch [20/50]-(0/22) Loss: 0.8620, Acc(1): 100.00, Acc(5): 100.00
2023-06-19 16:30:24,935 - AUGCON - INFO - Epoch [20/50]-(5/22) Loss: 1.3699, Acc(1): 100.00, Acc(5): 100.00
2023-06-19 16:30:24,935 - AUGCON - INFO - Epoch [20/50]-(10/22) Loss: 1.1756, Acc(1): 100.00, Acc(5): 100.00
2023-06-19 16:30:24,935 - AUGCON - INFO - Epoch [20/50]-(15/22) Loss: 1.7029, Acc(1): 50.00, Acc(5): 100.00
2023-06-19 16:30:24,935 - AUGCON - INFO - Epoch [20/50]-(20/22) Loss: 1.7245, Acc(1): 25.00, Acc(5): 100.00
2023-06-19 16:30:24,935 - AUGCON - INFO - 	Validation Loss: 1.4718, Acc(1): 65.00, Acc(5): 97.00, F1: 0.17, Recall: 0.16, Precision: 0.18
2023-06-19 16:30:24,935 - AUGCON - INFO - Epoch [21/50]-(0/22) Loss: 1.4571, Acc(1): 50.00, Acc(5): 100.00
2023-06-19 16:30:24,936 - AUGCON - INFO - Epoch [21/50]-(5/22) Loss: 1.9736, Acc(1): 25.00, Acc(5): 50.00
2023-06-19 16:30:24,936 - AUGCON - INFO - Epoch [21/50]-(10/22) Loss: 1.7503, Acc(1): 25.00, Acc(5): 100.00
2023-06-19 16:30:24,936 - AUGCON - INFO - Epoch [21/50]-(15/22) Loss: 1.6004, Acc(1): 50.00, Acc(5): 75.00
2023-06-19 16:30:24,936 - AUGCON - INFO - Epoch [21/50]-(20/22) Loss: 1.4433, Acc(1): 50.00, Acc(5): 100.00
2023-06-19 16:30:24,936 - AUGCON - INFO - 	Validation Loss: 1.5060, Acc(1): 53.00, Acc(5): 94.00, F1: 0.14, Recall: 0.14, Precision: 0.13
2023-06-19 16:30:24,936 - AUGCON - INFO - Epoch [22/50]-(0/22) Loss: 1.1284, Acc(1): 100.00, Acc(5): 100.00
2023-06-19 16:30:24,936 - AUGCON - INFO - Epoch [22/50]-(5/22) Loss: 1.2215, Acc(1): 100.00, Acc(5): 100.00
2023-06-19 16:30:24,936 - AUGCON - INFO - Epoch [22/50]-(10/22) Loss: 0.9542, Acc(1): 100.00, Acc(5): 100.00
2023-06-19 16:30:24,936 - AUGCON - INFO - Epoch [22/50]-(15/22) Loss: 1.7880, Acc(1): 25.00, Acc(5): 100.00
2023-06-19 16:30:24,936 - AUGCON - INFO - Epoch [22/50]-(20/22) Loss: 2.0524, Acc(1): 50.00, Acc(5): 75.00
2023-06-19 16:30:24,936 - AUGCON - INFO - 	Validation Loss: 1.4585, Acc(1): 62.00, Acc(5): 98.00, F1: 0.16, Recall: 0.17, Precision: 0.14
2023-06-19 16:30:24,936 - AUGCON - INFO - Epoch [23/50]-(0/22) Loss: 1.3928, Acc(1): 75.00, Acc(5): 100.00
2023-06-19 16:30:24,936 - AUGCON - INFO - Epoch [23/50]-(5/22) Loss: 1.0082, Acc(1): 75.00, Acc(5): 100.00
2023-06-19 16:30:24,936 - AUGCON - INFO - Epoch [23/50]-(10/22) Loss: 1.6153, Acc(1): 25.00, Acc(5): 100.00
2023-06-19 16:30:24,936 - AUGCON - INFO - Epoch [23/50]-(15/22) Loss: 1.3884, Acc(1): 50.00, Acc(5): 100.00
2023-06-19 16:30:24,936 - AUGCON - INFO - Epoch [23/50]-(20/22) Loss: 0.9991, Acc(1): 75.00, Acc(5): 100.00
2023-06-19 16:30:24,937 - AUGCON - INFO - 	Validation Loss: 1.4528, Acc(1): 61.00, Acc(5): 94.00, F1: 0.15, Recall: 0.17, Precision: 0.14
2023-06-19 16:30:24,937 - AUGCON - INFO - Epoch [24/50]-(0/22) Loss: 1.5223, Acc(1): 75.00, Acc(5): 100.00
2023-06-19 16:30:24,937 - AUGCON - INFO - Epoch [24/50]-(5/22) Loss: 1.2358, Acc(1): 50.00, Acc(5): 100.00
2023-06-19 16:30:24,937 - AUGCON - INFO - Epoch [24/50]-(10/22) Loss: 1.4539, Acc(1): 50.00, Acc(5): 100.00
2023-06-19 16:30:24,937 - AUGCON - INFO - Epoch [24/50]-(15/22) Loss: 1.1065, Acc(1): 75.00, Acc(5): 75.00
2023-06-19 16:30:24,937 - AUGCON - INFO - Epoch [24/50]-(20/22) Loss: 1.6018, Acc(1): 75.00, Acc(5): 75.00
2023-06-19 16:30:24,937 - AUGCON - INFO - 	Validation Loss: 1.4875, Acc(1): 67.00, Acc(5): 94.00, F1: 0.17, Recall: 0.17, Precision: 0.17
2023-06-19 16:30:24,937 - AUGCON - INFO - Epoch [25/50]-(0/22) Loss: 1.6632, Acc(1): 75.00, Acc(5): 100.00
2023-06-19 16:30:24,937 - AUGCON - INFO - Epoch [25/50]-(5/22) Loss: 1.1654, Acc(1): 75.00, Acc(5): 100.00
2023-06-19 16:30:24,937 - AUGCON - INFO - Epoch [25/50]-(10/22) Loss: 0.8802, Acc(1): 100.00, Acc(5): 100.00
2023-06-19 16:30:24,937 - AUGCON - INFO - Epoch [25/50]-(15/22) Loss: 1.6007, Acc(1): 50.00, Acc(5): 75.00
2023-06-19 16:30:24,937 - AUGCON - INFO - Epoch [25/50]-(20/22) Loss: 0.9775, Acc(1): 75.00, Acc(5): 100.00
2023-06-19 16:30:24,937 - AUGCON - INFO - 	Validation Loss: 1.4474, Acc(1): 69.00, Acc(5): 95.00, F1: 0.17, Recall: 0.18, Precision: 0.16
2023-06-19 16:30:24,937 - AUGCON - INFO - Epoch [26/50]-(0/22) Loss: 1.3014, Acc(1): 50.00, Acc(5): 100.00
2023-06-19 16:30:24,937 - AUGCON - INFO - Epoch [26/50]-(5/22) Loss: 1.9523, Acc(1): 25.00, Acc(5): 75.00
2023-06-19 16:30:24,938 - AUGCON - INFO - Epoch [26/50]-(10/22) Loss: 1.3805, Acc(1): 50.00, Acc(5): 100.00
2023-06-19 16:30:24,938 - AUGCON - INFO - Epoch [26/50]-(15/22) Loss: 1.4204, Acc(1): 75.00, Acc(5): 100.00
2023-06-19 16:30:24,938 - AUGCON - INFO - Epoch [26/50]-(20/22) Loss: 1.7729, Acc(1): 75.00, Acc(5): 75.00
2023-06-19 16:30:24,938 - AUGCON - INFO - 	Validation Loss: 1.3879, Acc(1): 64.00, Acc(5): 96.00, F1: 0.17, Recall: 0.16, Precision: 0.17
2023-06-19 16:30:24,938 - AUGCON - INFO - Epoch [27/50]-(0/22) Loss: 1.8449, Acc(1): 50.00, Acc(5): 75.00
2023-06-19 16:30:24,938 - AUGCON - INFO - Epoch [27/50]-(5/22) Loss: 1.6365, Acc(1): 25.00, Acc(5): 100.00
2023-06-19 16:30:24,938 - AUGCON - INFO - Epoch [27/50]-(10/22) Loss: 0.6450, Acc(1): 100.00, Acc(5): 100.00
2023-06-19 16:30:24,938 - AUGCON - INFO - Epoch [27/50]-(15/22) Loss: 1.7737, Acc(1): 25.00, Acc(5): 100.00
2023-06-19 16:30:24,938 - AUGCON - INFO - Epoch [27/50]-(20/22) Loss: 1.0527, Acc(1): 75.00, Acc(5): 100.00
2023-06-19 16:30:24,938 - AUGCON - INFO - 	Validation Loss: 1.3794, Acc(1): 75.00, Acc(5): 96.00, F1: 0.19, Recall: 0.18, Precision: 0.20
2023-06-19 16:30:24,938 - AUGCON - INFO - Epoch [28/50]-(0/22) Loss: 1.0477, Acc(1): 100.00, Acc(5): 100.00
2023-06-19 16:30:24,938 - AUGCON - INFO - Epoch [28/50]-(5/22) Loss: 1.4737, Acc(1): 75.00, Acc(5): 100.00
2023-06-19 16:30:24,938 - AUGCON - INFO - Epoch [28/50]-(10/22) Loss: 0.8492, Acc(1): 75.00, Acc(5): 100.00
2023-06-19 16:30:24,938 - AUGCON - INFO - Epoch [28/50]-(15/22) Loss: 1.3015, Acc(1): 50.00, Acc(5): 100.00
2023-06-19 16:30:24,938 - AUGCON - INFO - Epoch [28/50]-(20/22) Loss: 1.5494, Acc(1): 75.00, Acc(5): 100.00
2023-06-19 16:30:24,938 - AUGCON - INFO - 	Validation Loss: 1.4147, Acc(1): 66.00, Acc(5): 95.00, F1: 0.16, Recall: 0.18, Precision: 0.15
2023-06-19 16:30:24,939 - AUGCON - INFO - Epoch [29/50]-(0/22) Loss: 1.6330, Acc(1): 50.00, Acc(5): 100.00
2023-06-19 16:30:24,939 - AUGCON - INFO - Epoch [29/50]-(5/22) Loss: 1.3216, Acc(1): 75.00, Acc(5): 100.00
2023-06-19 16:30:24,939 - AUGCON - INFO - Epoch [29/50]-(10/22) Loss: 1.3830, Acc(1): 25.00, Acc(5): 100.00
2023-06-19 16:30:24,939 - AUGCON - INFO - Epoch [29/50]-(15/22) Loss: 1.7357, Acc(1): 25.00, Acc(5): 75.00
2023-06-19 16:30:24,939 - AUGCON - INFO - Epoch [29/50]-(20/22) Loss: 1.6896, Acc(1): 75.00, Acc(5): 75.00
2023-06-19 16:30:24,939 - AUGCON - INFO - 	Validation Loss: 1.3592, Acc(1): 73.00, Acc(5): 97.00, F1: 0.18, Recall: 0.18, Precision: 0.18
2023-06-19 16:30:24,939 - AUGCON - INFO - Epoch [30/50]-(0/22) Loss: 1.0384, Acc(1): 100.00, Acc(5): 100.00
2023-06-19 16:30:24,939 - AUGCON - INFO - Epoch [30/50]-(5/22) Loss: 1.3889, Acc(1): 50.00, Acc(5): 100.00
2023-06-19 16:30:24,939 - AUGCON - INFO - Epoch [30/50]-(10/22) Loss: 1.1652, Acc(1): 100.00, Acc(5): 100.00
2023-06-19 16:30:24,939 - AUGCON - INFO - Epoch [30/50]-(15/22) Loss: 1.0867, Acc(1): 75.00, Acc(5): 100.00
2023-06-19 16:30:24,939 - AUGCON - INFO - Epoch [30/50]-(20/22) Loss: 1.5770, Acc(1): 75.00, Acc(5): 100.00
2023-06-19 16:30:24,939 - AUGCON - INFO - 	Validation Loss: 1.3664, Acc(1): 69.00, Acc(5): 97.00, F1: 0.18, Recall: 0.18, Precision: 0.17
2023-06-19 16:30:24,939 - AUGCON - INFO - Epoch [31/50]-(0/22) Loss: 1.0168, Acc(1): 75.00, Acc(5): 100.00
2023-06-19 16:30:24,939 - AUGCON - INFO - Epoch [31/50]-(5/22) Loss: 1.4745, Acc(1): 75.00, Acc(5): 100.00
2023-06-19 16:30:24,939 - AUGCON - INFO - Epoch [31/50]-(10/22) Loss: 1.5761, Acc(1): 25.00, Acc(5): 100.00
2023-06-19 16:30:24,939 - AUGCON - INFO - Epoch [31/50]-(15/22) Loss: 1.8765, Acc(1): 0.00, Acc(5): 100.00
2023-06-19 16:30:24,940 - AUGCON - INFO - Epoch [31/50]-(20/22) Loss: 1.1567, Acc(1): 100.00, Acc(5): 100.00
2023-06-19 16:30:24,940 - AUGCON - INFO - 	Validation Loss: 1.3563, Acc(1): 68.00, Acc(5): 97.00, F1: 0.17, Recall: 0.17, Precision: 0.16
2023-06-19 16:30:24,940 - AUGCON - INFO - Epoch [32/50]-(0/22) Loss: 1.0970, Acc(1): 100.00, Acc(5): 100.00
2023-06-19 16:30:24,940 - AUGCON - INFO - Epoch [32/50]-(5/22) Loss: 1.4402, Acc(1): 100.00, Acc(5): 100.00
2023-06-19 16:30:24,940 - AUGCON - INFO - Epoch [32/50]-(10/22) Loss: 1.8849, Acc(1): 50.00, Acc(5): 75.00
2023-06-19 16:30:24,940 - AUGCON - INFO - Epoch [32/50]-(15/22) Loss: 1.2724, Acc(1): 50.00, Acc(5): 100.00
2023-06-19 16:30:24,940 - AUGCON - INFO - Epoch [32/50]-(20/22) Loss: 1.4985, Acc(1): 100.00, Acc(5): 100.00
2023-06-19 16:30:24,940 - AUGCON - INFO - 	Validation Loss: 1.3812, Acc(1): 64.00, Acc(5): 95.00, F1: 0.16, Recall: 0.18, Precision: 0.14
2023-06-19 16:30:24,940 - AUGCON - INFO - Epoch [33/50]-(0/22) Loss: 1.3183, Acc(1): 75.00, Acc(5): 100.00
2023-06-19 16:30:24,940 - AUGCON - INFO - Epoch [33/50]-(5/22) Loss: 1.0509, Acc(1): 75.00, Acc(5): 100.00
2023-06-19 16:30:24,940 - AUGCON - INFO - Epoch [33/50]-(10/22) Loss: 0.9646, Acc(1): 100.00, Acc(5): 100.00
2023-06-19 16:30:24,940 - AUGCON - INFO - Epoch [33/50]-(15/22) Loss: 1.3452, Acc(1): 50.00, Acc(5): 100.00
2023-06-19 16:30:24,940 - AUGCON - INFO - Epoch [33/50]-(20/22) Loss: 1.3732, Acc(1): 75.00, Acc(5): 100.00
2023-06-19 16:30:24,940 - AUGCON - INFO - 	Validation Loss: 1.3617, Acc(1): 66.00, Acc(5): 93.00, F1: 0.17, Recall: 0.18, Precision: 0.15
2023-06-19 16:30:24,940 - AUGCON - INFO - Epoch [34/50]-(0/22) Loss: 1.9473, Acc(1): 25.00, Acc(5): 100.00
2023-06-19 16:30:24,941 - AUGCON - INFO - Epoch [34/50]-(5/22) Loss: 1.3409, Acc(1): 75.00, Acc(5): 100.00
2023-06-19 16:30:24,941 - AUGCON - INFO - Epoch [34/50]-(10/22) Loss: 0.9444, Acc(1): 75.00, Acc(5): 100.00
2023-06-19 16:30:24,941 - AUGCON - INFO - Epoch [34/50]-(15/22) Loss: 1.1786, Acc(1): 75.00, Acc(5): 100.00
2023-06-19 16:30:24,941 - AUGCON - INFO - Epoch [34/50]-(20/22) Loss: 1.6382, Acc(1): 50.00, Acc(5): 75.00
2023-06-19 16:30:24,941 - AUGCON - INFO - 	Validation Loss: 1.3105, Acc(1): 70.00, Acc(5): 97.00, F1: 0.18, Recall: 0.18, Precision: 0.17
2023-06-19 16:30:24,941 - AUGCON - INFO - Epoch [35/50]-(0/22) Loss: 1.6048, Acc(1): 75.00, Acc(5): 75.00
2023-06-19 16:30:24,941 - AUGCON - INFO - Epoch [35/50]-(5/22) Loss: 1.4377, Acc(1): 50.00, Acc(5): 75.00
2023-06-19 16:30:24,941 - AUGCON - INFO - Epoch [35/50]-(10/22) Loss: 1.3657, Acc(1): 50.00, Acc(5): 100.00
2023-06-19 16:30:24,941 - AUGCON - INFO - Epoch [35/50]-(15/22) Loss: 1.4805, Acc(1): 25.00, Acc(5): 100.00
2023-06-19 16:30:24,941 - AUGCON - INFO - Epoch [35/50]-(20/22) Loss: 1.4485, Acc(1): 25.00, Acc(5): 100.00
2023-06-19 16:30:24,941 - AUGCON - INFO - 	Validation Loss: 1.3754, Acc(1): 55.00, Acc(5): 94.00, F1: 0.14, Recall: 0.15, Precision: 0.13
2023-06-19 16:30:24,941 - AUGCON - INFO - Epoch [36/50]-(0/22) Loss: 1.5887, Acc(1): 50.00, Acc(5): 75.00
2023-06-19 16:30:24,941 - AUGCON - INFO - Epoch [36/50]-(5/22) Loss: 0.8601, Acc(1): 75.00, Acc(5): 100.00
2023-06-19 16:30:24,941 - AUGCON - INFO - Epoch [36/50]-(10/22) Loss: 1.7182, Acc(1): 25.00, Acc(5): 100.00
2023-06-19 16:30:24,942 - AUGCON - INFO - Epoch [36/50]-(15/22) Loss: 1.1667, Acc(1): 50.00, Acc(5): 100.00
2023-06-19 16:30:24,942 - AUGCON - INFO - Epoch [36/50]-(20/22) Loss: 1.2166, Acc(1): 75.00, Acc(5): 100.00
2023-06-19 16:30:24,942 - AUGCON - INFO - 	Validation Loss: 1.3266, Acc(1): 66.00, Acc(5): 96.00, F1: 0.16, Recall: 0.16, Precision: 0.16
2023-06-19 16:30:24,944 - AUGCON - INFO - Epoch [37/50]-(0/22) Loss: 1.3236, Acc(1): 75.00, Acc(5): 100.00
2023-06-19 16:30:24,944 - AUGCON - INFO - Epoch [37/50]-(5/22) Loss: 1.5824, Acc(1): 25.00, Acc(5): 100.00
2023-06-19 16:30:24,944 - AUGCON - INFO - Epoch [37/50]-(10/22) Loss: 1.4586, Acc(1): 50.00, Acc(5): 75.00
2023-06-19 16:30:24,944 - AUGCON - INFO - Epoch [37/50]-(15/22) Loss: 1.1655, Acc(1): 50.00, Acc(5): 100.00
2023-06-19 16:30:24,944 - AUGCON - INFO - Epoch [37/50]-(20/22) Loss: 1.4908, Acc(1): 75.00, Acc(5): 75.00
2023-06-19 16:30:24,944 - AUGCON - INFO - 	Validation Loss: 1.3593, Acc(1): 63.00, Acc(5): 95.00, F1: 0.16, Recall: 0.17, Precision: 0.15
2023-06-19 16:30:24,944 - AUGCON - INFO - Epoch [38/50]-(0/22) Loss: 1.6815, Acc(1): 25.00, Acc(5): 100.00
2023-06-19 16:30:24,944 - AUGCON - INFO - Epoch [38/50]-(5/22) Loss: 1.3596, Acc(1): 75.00, Acc(5): 100.00
2023-06-19 16:30:24,945 - AUGCON - INFO - Epoch [38/50]-(10/22) Loss: 1.2606, Acc(1): 50.00, Acc(5): 100.00
2023-06-19 16:30:24,945 - AUGCON - INFO - Epoch [38/50]-(15/22) Loss: 1.7970, Acc(1): 25.00, Acc(5): 75.00
2023-06-19 16:30:24,945 - AUGCON - INFO - Epoch [38/50]-(20/22) Loss: 1.2557, Acc(1): 75.00, Acc(5): 100.00
2023-06-19 16:30:24,945 - AUGCON - INFO - 	Validation Loss: 1.2841, Acc(1): 71.00, Acc(5): 95.00, F1: 0.17, Recall: 0.19, Precision: 0.17
2023-06-19 16:30:24,945 - AUGCON - INFO - Epoch [39/50]-(0/22) Loss: 0.4598, Acc(1): 100.00, Acc(5): 100.00
2023-06-19 16:30:24,945 - AUGCON - INFO - Epoch [39/50]-(5/22) Loss: 1.8113, Acc(1): 50.00, Acc(5): 75.00
2023-06-19 16:30:24,945 - AUGCON - INFO - Epoch [39/50]-(10/22) Loss: 1.3430, Acc(1): 75.00, Acc(5): 100.00
2023-06-19 16:30:24,945 - AUGCON - INFO - Epoch [39/50]-(15/22) Loss: 1.7374, Acc(1): 75.00, Acc(5): 75.00
2023-06-19 16:30:24,945 - AUGCON - INFO - Epoch [39/50]-(20/22) Loss: 1.1282, Acc(1): 75.00, Acc(5): 100.00
2023-06-19 16:30:24,946 - AUGCON - INFO - 	Validation Loss: 1.3008, Acc(1): 65.00, Acc(5): 98.00, F1: 0.16, Recall: 0.17, Precision: 0.16
2023-06-19 16:30:24,946 - AUGCON - INFO - Epoch [40/50]-(0/22) Loss: 0.9590, Acc(1): 75.00, Acc(5): 100.00
2023-06-19 16:30:24,946 - AUGCON - INFO - Epoch [40/50]-(5/22) Loss: 1.2143, Acc(1): 75.00, Acc(5): 100.00
2023-06-19 16:30:24,946 - AUGCON - INFO - Epoch [40/50]-(10/22) Loss: 1.4128, Acc(1): 50.00, Acc(5): 100.00
2023-06-19 16:30:24,946 - AUGCON - INFO - Epoch [40/50]-(15/22) Loss: 0.9356, Acc(1): 100.00, Acc(5): 100.00
2023-06-19 16:30:24,946 - AUGCON - INFO - Epoch [40/50]-(20/22) Loss: 1.8362, Acc(1): 25.00, Acc(5): 100.00
2023-06-19 16:30:24,946 - AUGCON - INFO - 	Validation Loss: 1.3180, Acc(1): 67.00, Acc(5): 96.00, F1: 0.17, Recall: 0.16, Precision: 0.18
2023-06-19 16:30:24,946 - AUGCON - INFO - Epoch [41/50]-(0/22) Loss: 0.9694, Acc(1): 100.00, Acc(5): 100.00
2023-06-19 16:30:24,946 - AUGCON - INFO - Epoch [41/50]-(5/22) Loss: 1.6787, Acc(1): 50.00, Acc(5): 75.00
2023-06-19 16:30:24,946 - AUGCON - INFO - Epoch [41/50]-(10/22) Loss: 0.6882, Acc(1): 75.00, Acc(5): 100.00
2023-06-19 16:30:24,946 - AUGCON - INFO - Epoch [41/50]-(15/22) Loss: 1.1341, Acc(1): 100.00, Acc(5): 100.00
2023-06-19 16:30:24,946 - AUGCON - INFO - Epoch [41/50]-(20/22) Loss: 1.6018, Acc(1): 25.00, Acc(5): 100.00
2023-06-19 16:30:24,946 - AUGCON - INFO - 	Validation Loss: 1.2905, Acc(1): 66.00, Acc(5): 95.00, F1: 0.16, Recall: 0.18, Precision: 0.15
2023-06-19 16:30:24,947 - AUGCON - INFO - Epoch [42/50]-(0/22) Loss: 1.3986, Acc(1): 50.00, Acc(5): 100.00
2023-06-19 16:30:24,947 - AUGCON - INFO - Epoch [42/50]-(5/22) Loss: 1.5189, Acc(1): 25.00, Acc(5): 100.00
2023-06-19 16:30:24,947 - AUGCON - INFO - Epoch [42/50]-(10/22) Loss: 0.9836, Acc(1): 75.00, Acc(5): 100.00
2023-06-19 16:30:24,947 - AUGCON - INFO - Epoch [42/50]-(15/22) Loss: 1.5240, Acc(1): 50.00, Acc(5): 100.00
2023-06-19 16:30:24,947 - AUGCON - INFO - Epoch [42/50]-(20/22) Loss: 0.7096, Acc(1): 100.00, Acc(5): 100.00
2023-06-19 16:30:24,947 - AUGCON - INFO - 	Validation Loss: 1.2711, Acc(1): 74.00, Acc(5): 96.00, F1: 0.18, Recall: 0.17, Precision: 0.19
2023-06-19 16:30:24,947 - AUGCON - INFO - Epoch [43/50]-(0/22) Loss: 1.0615, Acc(1): 75.00, Acc(5): 100.00
2023-06-19 16:30:24,947 - AUGCON - INFO - Epoch [43/50]-(5/22) Loss: 1.4662, Acc(1): 25.00, Acc(5): 100.00
2023-06-19 16:30:24,947 - AUGCON - INFO - Epoch [43/50]-(10/22) Loss: 1.0379, Acc(1): 75.00, Acc(5): 100.00
2023-06-19 16:30:24,947 - AUGCON - INFO - Epoch [43/50]-(15/22) Loss: 1.0047, Acc(1): 50.00, Acc(5): 100.00
2023-06-19 16:30:24,947 - AUGCON - INFO - Epoch [43/50]-(20/22) Loss: 1.5996, Acc(1): 50.00, Acc(5): 75.00
2023-06-19 16:30:24,947 - AUGCON - INFO - 	Validation Loss: 1.2655, Acc(1): 67.00, Acc(5): 97.00, F1: 0.17, Recall: 0.18, Precision: 0.16
2023-06-19 16:30:24,948 - AUGCON - INFO - Epoch [44/50]-(0/22) Loss: 1.0284, Acc(1): 100.00, Acc(5): 100.00
2023-06-19 16:30:24,948 - AUGCON - INFO - Epoch [44/50]-(5/22) Loss: 1.2418, Acc(1): 75.00, Acc(5): 100.00
2023-06-19 16:30:24,948 - AUGCON - INFO - Epoch [44/50]-(10/22) Loss: 1.4957, Acc(1): 50.00, Acc(5): 75.00
2023-06-19 16:30:24,948 - AUGCON - INFO - Epoch [44/50]-(15/22) Loss: 0.7361, Acc(1): 100.00, Acc(5): 100.00
2023-06-19 16:30:24,948 - AUGCON - INFO - Epoch [44/50]-(20/22) Loss: 1.7667, Acc(1): 25.00, Acc(5): 100.00
2023-06-19 16:30:24,948 - AUGCON - INFO - 	Validation Loss: 1.2699, Acc(1): 71.00, Acc(5): 98.00, F1: 0.17, Recall: 0.17, Precision: 0.17
2023-06-19 16:30:24,948 - AUGCON - INFO - Epoch [45/50]-(0/22) Loss: 0.6570, Acc(1): 100.00, Acc(5): 100.00
2023-06-19 16:30:24,948 - AUGCON - INFO - Epoch [45/50]-(5/22) Loss: 1.2422, Acc(1): 75.00, Acc(5): 75.00
2023-06-19 16:30:24,948 - AUGCON - INFO - Epoch [45/50]-(10/22) Loss: 1.1783, Acc(1): 75.00, Acc(5): 100.00
2023-06-19 16:30:24,948 - AUGCON - INFO - Epoch [45/50]-(15/22) Loss: 0.9035, Acc(1): 50.00, Acc(5): 100.00
2023-06-19 16:30:24,948 - AUGCON - INFO - Epoch [45/50]-(20/22) Loss: 1.2960, Acc(1): 25.00, Acc(5): 100.00
2023-06-19 16:30:24,948 - AUGCON - INFO - 	Validation Loss: 1.2595, Acc(1): 61.00, Acc(5): 97.00, F1: 0.16, Recall: 0.16, Precision: 0.15
2023-06-19 16:30:24,949 - AUGCON - INFO - Epoch [46/50]-(0/22) Loss: 1.1779, Acc(1): 100.00, Acc(5): 100.00
2023-06-19 16:30:24,949 - AUGCON - INFO - Epoch [46/50]-(5/22) Loss: 1.0513, Acc(1): 50.00, Acc(5): 100.00
2023-06-19 16:30:24,949 - AUGCON - INFO - Epoch [46/50]-(10/22) Loss: 1.2126, Acc(1): 75.00, Acc(5): 100.00
2023-06-19 16:30:24,949 - AUGCON - INFO - Epoch [46/50]-(15/22) Loss: 1.5246, Acc(1): 50.00, Acc(5): 100.00
2023-06-19 16:30:24,949 - AUGCON - INFO - Epoch [46/50]-(20/22) Loss: 1.0571, Acc(1): 75.00, Acc(5): 100.00
2023-06-19 16:30:24,949 - AUGCON - INFO - 	Validation Loss: 1.2432, Acc(1): 73.00, Acc(5): 97.00, F1: 0.18, Recall: 0.17, Precision: 0.19
2023-06-19 16:30:24,949 - AUGCON - INFO - Epoch [47/50]-(0/22) Loss: 1.0632, Acc(1): 75.00, Acc(5): 100.00
2023-06-19 16:30:24,949 - AUGCON - INFO - Epoch [47/50]-(5/22) Loss: 1.0137, Acc(1): 100.00, Acc(5): 100.00
2023-06-19 16:30:24,949 - AUGCON - INFO - Epoch [47/50]-(10/22) Loss: 1.3215, Acc(1): 100.00, Acc(5): 100.00
2023-06-19 16:30:24,949 - AUGCON - INFO - Epoch [47/50]-(15/22) Loss: 1.2369, Acc(1): 25.00, Acc(5): 100.00
2023-06-19 16:30:24,949 - AUGCON - INFO - Epoch [47/50]-(20/22) Loss: 0.9625, Acc(1): 75.00, Acc(5): 100.00
2023-06-19 16:30:24,949 - AUGCON - INFO - 	Validation Loss: 1.2229, Acc(1): 66.00, Acc(5): 98.00, F1: 0.17, Recall: 0.17, Precision: 0.16
2023-06-19 16:30:24,949 - AUGCON - INFO - Epoch [48/50]-(0/22) Loss: 1.1876, Acc(1): 100.00, Acc(5): 100.00
2023-06-19 16:30:24,950 - AUGCON - INFO - Epoch [48/50]-(5/22) Loss: 0.9947, Acc(1): 50.00, Acc(5): 100.00
2023-06-19 16:30:24,950 - AUGCON - INFO - Epoch [48/50]-(10/22) Loss: 1.7582, Acc(1): 50.00, Acc(5): 75.00
2023-06-19 16:30:24,950 - AUGCON - INFO - Epoch [48/50]-(15/22) Loss: 1.0367, Acc(1): 50.00, Acc(5): 100.00
2023-06-19 16:30:24,950 - AUGCON - INFO - Epoch [48/50]-(20/22) Loss: 0.9589, Acc(1): 100.00, Acc(5): 100.00
2023-06-19 16:30:24,950 - AUGCON - INFO - 	Validation Loss: 1.2133, Acc(1): 65.00, Acc(5): 94.00, F1: 0.16, Recall: 0.17, Precision: 0.15
2023-06-19 16:30:24,950 - AUGCON - INFO - Epoch [49/50]-(0/22) Loss: 1.0813, Acc(1): 75.00, Acc(5): 100.00
2023-06-19 16:30:24,950 - AUGCON - INFO - Epoch [49/50]-(5/22) Loss: 0.8386, Acc(1): 75.00, Acc(5): 100.00
2023-06-19 16:30:24,950 - AUGCON - INFO - Epoch [49/50]-(10/22) Loss: 1.2383, Acc(1): 50.00, Acc(5): 100.00
2023-06-19 16:30:24,950 - AUGCON - INFO - Epoch [49/50]-(15/22) Loss: 1.3133, Acc(1): 75.00, Acc(5): 100.00
2023-06-19 16:30:24,950 - AUGCON - INFO - Epoch [49/50]-(20/22) Loss: 1.8235, Acc(1): 25.00, Acc(5): 100.00
2023-06-19 16:30:24,950 - AUGCON - INFO - 	Validation Loss: 1.1860, Acc(1): 78.00, Acc(5): 95.00, F1: 0.19, Recall: 0.19, Precision: 0.20
2023-06-19 16:30:24,950 - AUGCON - INFO - Epoch [50/50]-(0/22) Loss: 0.4604, Acc(1): 100.00, Acc(5): 100.00
2023-06-19 16:30:24,951 - AUGCON - INFO - Epoch [50/50]-(5/22) Loss: 0.5644, Acc(1): 100.00, Acc(5): 100.00
2023-06-19 16:30:24,951 - AUGCON - INFO - Epoch [50/50]-(10/22) Loss: 1.3514, Acc(1): 50.00, Acc(5): 75.00
2023-06-19 16:30:24,951 - AUGCON - INFO - Epoch [50/50]-(15/22) Loss: 0.8806, Acc(1): 100.00, Acc(5): 100.00
2023-06-19 16:30:24,951 - AUGCON - INFO - Epoch [50/50]-(20/22) Loss: 1.0233, Acc(1): 75.00, Acc(5): 100.00
2023-06-19 16:30:24,951 - AUGCON - INFO - 	Validation Loss: 1.2295, Acc(1): 65.00, Acc(5): 96.00, F1: 0.16, Recall: 0.17, Precision: 0.16
2023-06-19 16:30:24,951 - AUGCON - INFO - 	Validation Loss: 1.1441, Acc(1): 69.67, Acc(5): 97.33, F1: 0.17, Recall: 0.18, Precision: 0.17
