2023-06-05 20:41:49,296 - AUGCON - INFO - logger initialized (config/pretrain/new_preliminary_global/cpc_random.yaml.log)
2023-06-05 20:41:49,296 - AUGCON - INFO - ================= Config =================
2023-06-05 20:41:49,296 - AUGCON - INFO -   mode: pretrain
2023-06-05 20:41:49,296 - AUGCON - INFO -   seed: 0
2023-06-05 20:41:49,296 - AUGCON - INFO -   gpu: [0, 1, 2, 3]
2023-06-05 20:41:49,296 - AUGCON - INFO -   num_workers: 4
2023-06-05 20:41:49,296 - AUGCON - INFO -   dist_url: tcp://localhost:10001
2023-06-05 20:41:49,296 - AUGCON - INFO -   dataset_name: hhar
2023-06-05 20:41:49,296 - AUGCON - INFO -   train_dataset_path: /mnt/sting/hjyoon/projects/cross/ICHAR/augcon/target_domain_WA4697-jhryu/pretrain/train.pkl
2023-06-05 20:41:49,296 - AUGCON - INFO -   test_dataset_path: /mnt/sting/hjyoon/projects/cross/ICHAR/augcon/target_domain_WA4697-jhryu/pretrain/test.pkl
2023-06-05 20:41:49,296 - AUGCON - INFO -   val_dataset_path: /mnt/sting/hjyoon/projects/cross/ICHAR/augcon/target_domain_WA4697-jhryu/pretrain/val.pkl
2023-06-05 20:41:49,296 - AUGCON - INFO -   input_channels: 3
2023-06-05 20:41:49,296 - AUGCON - INFO -   num_cls: 9
2023-06-05 20:41:49,296 - AUGCON - INFO -   optimizer: adam
2023-06-05 20:41:49,296 - AUGCON - INFO -   criterion: crossentropy
2023-06-05 20:41:49,296 - AUGCON - INFO -   start_epoch: 0
2023-06-05 20:41:49,296 - AUGCON - INFO -   epochs: 100
2023-06-05 20:41:49,297 - AUGCON - INFO -   batch_size: 2048
2023-06-05 20:41:49,297 - AUGCON - INFO -   lr: 0.001
2023-06-05 20:41:49,297 - AUGCON - INFO -   wd: 0.001
2023-06-05 20:41:49,297 - AUGCON - INFO -   resume: 
2023-06-05 20:41:49,297 - AUGCON - INFO -   ckpt_dir: /mnt/sting/hjyoon/projects/augcontrast/models/0605_preliminary_global/pretrain/cpc_random
2023-06-05 20:41:49,297 - AUGCON - INFO -   log_freq: 20
2023-06-05 20:41:49,297 - AUGCON - INFO -   save_freq: 10
2023-06-05 20:41:49,297 - AUGCON - INFO -   pretext: cpc
2023-06-05 20:41:49,297 - AUGCON - INFO -   agg_blocks: 4
2023-06-05 20:41:49,297 - AUGCON - INFO -   z_dim: 256
2023-06-05 20:41:49,297 - AUGCON - INFO -   pooling: mean
2023-06-05 20:41:49,297 - AUGCON - INFO -   pred_steps: 4
2023-06-05 20:41:49,297 - AUGCON - INFO -   n_negatives: 15
2023-06-05 20:41:49,297 - AUGCON - INFO -   offset: 4
2023-06-05 20:41:49,297 - AUGCON - INFO -   neg_per_domain: False
2023-06-05 20:41:49,297 - AUGCON - INFO - ==========================================
2023-06-05 20:41:49,297 - AUGCON - INFO - Setting GPUs: [0, 1, 2, 3]
2023-06-05 20:41:49,297 - AUGCON - INFO - GPUs [0, 1, 2, 3] will be used
2023-06-05 20:41:49,297 - AUGCON - WARNING - You have chosen to seed training. 
2023-06-05 20:41:49,298 - AUGCON - WARNING - This will turn on the CUDNN deterministic setting, 
2023-06-05 20:41:49,298 - AUGCON - WARNING - which can slow down your training considerably! 
2023-06-05 20:41:49,298 - AUGCON - WARNING - You may see unexpected behavior when restarting 
2023-06-05 20:41:49,298 - AUGCON - WARNING - from checkpoints.
2023-06-05 20:41:49,626 - AUGCON - INFO - Executing CPC
2023-06-05 20:41:49,626 - AUGCON - INFO - Logs are skipped during training
2023-06-05 20:51:43,226 - AUGCON - INFO - DDP is used for training - training 3750 instances for each worker
2023-06-05 20:51:43,227 - AUGCON - INFO - Epoch [1/100]-(0/7) Loss: 2.7770, Acc(1): 6.11, Acc(5): 31.24
2023-06-05 20:51:43,227 - AUGCON - INFO - Epoch [2/100]-(0/7) Loss: 2.7727, Acc(1): 6.26, Acc(5): 31.48
2023-06-05 20:51:43,227 - AUGCON - INFO - Epoch [3/100]-(0/7) Loss: 2.7682, Acc(1): 8.48, Acc(5): 37.93
2023-06-05 20:51:43,227 - AUGCON - INFO - Epoch [4/100]-(0/7) Loss: 2.7002, Acc(1): 10.18, Acc(5): 48.08
2023-06-05 20:51:43,227 - AUGCON - INFO - Epoch [5/100]-(0/7) Loss: 2.4996, Acc(1): 12.70, Acc(5): 55.83
2023-06-05 20:51:43,228 - AUGCON - INFO - Epoch [6/100]-(0/7) Loss: 2.3081, Acc(1): 17.32, Acc(5): 67.52
2023-06-05 20:51:43,228 - AUGCON - INFO - Epoch [7/100]-(0/7) Loss: 2.1830, Acc(1): 19.69, Acc(5): 72.47
2023-06-05 20:51:43,228 - AUGCON - INFO - Epoch [8/100]-(0/7) Loss: 2.0949, Acc(1): 21.04, Acc(5): 74.79
2023-06-05 20:51:43,228 - AUGCON - INFO - Epoch [9/100]-(0/7) Loss: 1.9560, Acc(1): 25.07, Acc(5): 81.33
2023-06-05 20:51:43,228 - AUGCON - INFO - Epoch [10/100]-(0/7) Loss: 1.8630, Acc(1): 27.31, Acc(5): 84.40
2023-06-05 20:51:43,228 - AUGCON - INFO - Epoch [11/100]-(0/7) Loss: 1.7583, Acc(1): 29.84, Acc(5): 86.71
2023-06-05 20:51:43,229 - AUGCON - INFO - Epoch [12/100]-(0/7) Loss: 1.7182, Acc(1): 31.05, Acc(5): 88.80
2023-06-05 20:51:43,229 - AUGCON - INFO - Epoch [13/100]-(0/7) Loss: 1.7071, Acc(1): 32.99, Acc(5): 87.40
2023-06-05 20:51:43,229 - AUGCON - INFO - Epoch [14/100]-(0/7) Loss: 1.6145, Acc(1): 35.44, Acc(5): 90.77
2023-06-05 20:51:43,229 - AUGCON - INFO - Epoch [15/100]-(0/7) Loss: 1.5595, Acc(1): 36.82, Acc(5): 91.15
2023-06-05 20:51:43,229 - AUGCON - INFO - Epoch [16/100]-(0/7) Loss: 1.4805, Acc(1): 38.66, Acc(5): 93.00
2023-06-05 20:51:43,229 - AUGCON - INFO - Epoch [17/100]-(0/7) Loss: 1.5108, Acc(1): 37.98, Acc(5): 92.05
2023-06-05 20:51:43,230 - AUGCON - INFO - Epoch [18/100]-(0/7) Loss: 1.5433, Acc(1): 36.18, Acc(5): 90.93
2023-06-05 20:51:43,230 - AUGCON - INFO - Epoch [19/100]-(0/7) Loss: 1.5027, Acc(1): 38.64, Acc(5): 91.25
2023-06-05 20:51:43,230 - AUGCON - INFO - Epoch [20/100]-(0/7) Loss: 1.4608, Acc(1): 39.38, Acc(5): 92.14
2023-06-05 20:51:43,230 - AUGCON - INFO - Epoch [21/100]-(0/7) Loss: 1.4361, Acc(1): 40.80, Acc(5): 92.21
2023-06-05 20:51:43,230 - AUGCON - INFO - Epoch [22/100]-(0/7) Loss: 1.3478, Acc(1): 43.90, Acc(5): 93.87
2023-06-05 20:51:43,230 - AUGCON - INFO - Epoch [23/100]-(0/7) Loss: 1.3346, Acc(1): 44.43, Acc(5): 93.21
2023-06-05 20:51:43,231 - AUGCON - INFO - Epoch [24/100]-(0/7) Loss: 1.2833, Acc(1): 45.17, Acc(5): 95.32
2023-06-05 20:51:43,231 - AUGCON - INFO - Epoch [25/100]-(0/7) Loss: 1.3329, Acc(1): 43.90, Acc(5): 93.48
2023-06-05 20:51:43,231 - AUGCON - INFO - Epoch [26/100]-(0/7) Loss: 1.2754, Acc(1): 47.42, Acc(5): 94.05
2023-06-05 20:51:43,231 - AUGCON - INFO - Epoch [27/100]-(0/7) Loss: 1.2716, Acc(1): 46.88, Acc(5): 93.73
2023-06-05 20:51:43,231 - AUGCON - INFO - Epoch [28/100]-(0/7) Loss: 1.2501, Acc(1): 47.74, Acc(5): 94.17
2023-06-05 20:51:43,232 - AUGCON - INFO - Epoch [29/100]-(0/7) Loss: 1.1867, Acc(1): 49.34, Acc(5): 95.51
2023-06-05 20:51:43,232 - AUGCON - INFO - Epoch [30/100]-(0/7) Loss: 1.1851, Acc(1): 50.47, Acc(5): 95.67
2023-06-05 20:51:43,232 - AUGCON - INFO - Epoch [31/100]-(0/7) Loss: 1.1885, Acc(1): 50.84, Acc(5): 94.79
2023-06-05 20:51:43,232 - AUGCON - INFO - Epoch [32/100]-(0/7) Loss: 1.1631, Acc(1): 51.30, Acc(5): 95.48
2023-06-05 20:51:43,232 - AUGCON - INFO - Epoch [33/100]-(0/7) Loss: 1.1602, Acc(1): 51.63, Acc(5): 95.58
2023-06-05 20:51:43,232 - AUGCON - INFO - Epoch [34/100]-(0/7) Loss: 1.1960, Acc(1): 50.10, Acc(5): 95.82
2023-06-05 20:51:43,233 - AUGCON - INFO - Epoch [35/100]-(0/7) Loss: 1.1353, Acc(1): 51.83, Acc(5): 95.89
2023-06-05 20:51:43,233 - AUGCON - INFO - Epoch [36/100]-(0/7) Loss: 1.0650, Acc(1): 54.60, Acc(5): 97.17
2023-06-05 20:51:43,233 - AUGCON - INFO - Epoch [37/100]-(0/7) Loss: 1.1096, Acc(1): 54.40, Acc(5): 95.85
2023-06-05 20:51:43,233 - AUGCON - INFO - Epoch [38/100]-(0/7) Loss: 1.0471, Acc(1): 56.23, Acc(5): 96.81
2023-06-05 20:51:43,233 - AUGCON - INFO - Epoch [39/100]-(0/7) Loss: 0.9821, Acc(1): 58.33, Acc(5): 97.84
2023-06-05 20:51:43,233 - AUGCON - INFO - Epoch [40/100]-(0/7) Loss: 1.0114, Acc(1): 58.23, Acc(5): 97.23
2023-06-05 20:51:43,234 - AUGCON - INFO - Epoch [41/100]-(0/7) Loss: 1.0171, Acc(1): 57.38, Acc(5): 97.19
2023-06-05 20:51:43,234 - AUGCON - INFO - Epoch [42/100]-(0/7) Loss: 0.9742, Acc(1): 60.32, Acc(5): 97.04
2023-06-05 20:51:43,234 - AUGCON - INFO - Epoch [43/100]-(0/7) Loss: 0.9393, Acc(1): 60.51, Acc(5): 97.58
2023-06-05 20:51:43,234 - AUGCON - INFO - Epoch [44/100]-(0/7) Loss: 0.8977, Acc(1): 61.74, Acc(5): 98.08
2023-06-05 20:51:43,234 - AUGCON - INFO - Epoch [45/100]-(0/7) Loss: 0.9306, Acc(1): 61.07, Acc(5): 97.41
2023-06-05 20:51:43,234 - AUGCON - INFO - Epoch [46/100]-(0/7) Loss: 1.0842, Acc(1): 56.20, Acc(5): 96.02
2023-06-05 20:51:43,235 - AUGCON - INFO - Epoch [47/100]-(0/7) Loss: 0.9285, Acc(1): 61.41, Acc(5): 98.04
2023-06-05 20:51:43,235 - AUGCON - INFO - Epoch [48/100]-(0/7) Loss: 0.9251, Acc(1): 60.78, Acc(5): 98.10
2023-06-05 20:51:43,235 - AUGCON - INFO - Epoch [49/100]-(0/7) Loss: 0.9338, Acc(1): 61.81, Acc(5): 97.51
2023-06-05 20:51:43,235 - AUGCON - INFO - Epoch [50/100]-(0/7) Loss: 0.8916, Acc(1): 63.15, Acc(5): 97.89
2023-06-05 20:51:43,235 - AUGCON - INFO - Epoch [51/100]-(0/7) Loss: 0.8571, Acc(1): 64.15, Acc(5): 97.77
2023-06-05 20:51:43,235 - AUGCON - INFO - Epoch [52/100]-(0/7) Loss: 0.8497, Acc(1): 64.31, Acc(5): 98.35
2023-06-05 20:51:43,236 - AUGCON - INFO - Epoch [53/100]-(0/7) Loss: 0.8359, Acc(1): 64.63, Acc(5): 98.23
2023-06-05 20:51:43,236 - AUGCON - INFO - Epoch [54/100]-(0/7) Loss: 0.8109, Acc(1): 66.29, Acc(5): 98.52
2023-06-05 20:51:43,236 - AUGCON - INFO - Epoch [55/100]-(0/7) Loss: 0.7934, Acc(1): 66.55, Acc(5): 98.41
2023-06-05 20:51:43,236 - AUGCON - INFO - Epoch [56/100]-(0/7) Loss: 1.1042, Acc(1): 54.14, Acc(5): 96.78
2023-06-05 20:51:43,236 - AUGCON - INFO - Epoch [57/100]-(0/7) Loss: 1.0231, Acc(1): 58.30, Acc(5): 97.10
2023-06-05 20:51:43,236 - AUGCON - INFO - Epoch [58/100]-(0/7) Loss: 0.9736, Acc(1): 61.25, Acc(5): 97.43
2023-06-05 20:51:43,237 - AUGCON - INFO - Epoch [59/100]-(0/7) Loss: 0.9050, Acc(1): 63.51, Acc(5): 97.93
2023-06-05 20:51:43,237 - AUGCON - INFO - Epoch [60/100]-(0/7) Loss: 0.8569, Acc(1): 65.32, Acc(5): 98.06
2023-06-05 20:51:43,237 - AUGCON - INFO - Epoch [61/100]-(0/7) Loss: 0.8343, Acc(1): 65.19, Acc(5): 98.51
2023-06-05 20:51:43,237 - AUGCON - INFO - Epoch [62/100]-(0/7) Loss: 0.8274, Acc(1): 66.13, Acc(5): 98.06
2023-06-05 20:51:43,237 - AUGCON - INFO - Epoch [63/100]-(0/7) Loss: 0.8295, Acc(1): 65.53, Acc(5): 98.22
2023-06-05 20:51:43,237 - AUGCON - INFO - Epoch [64/100]-(0/7) Loss: 0.7788, Acc(1): 66.67, Acc(5): 98.86
2023-06-05 20:51:43,237 - AUGCON - INFO - Epoch [65/100]-(0/7) Loss: 0.7928, Acc(1): 66.87, Acc(5): 98.35
2023-06-05 20:51:43,237 - AUGCON - INFO - Epoch [66/100]-(0/7) Loss: 0.7567, Acc(1): 67.67, Acc(5): 98.70
2023-06-05 20:51:43,238 - AUGCON - INFO - Epoch [67/100]-(0/7) Loss: 0.7531, Acc(1): 68.34, Acc(5): 98.80
2023-06-05 20:51:43,238 - AUGCON - INFO - Epoch [68/100]-(0/7) Loss: 0.7577, Acc(1): 68.04, Acc(5): 98.61
2023-06-05 20:51:43,238 - AUGCON - INFO - Epoch [69/100]-(0/7) Loss: 0.7811, Acc(1): 66.59, Acc(5): 98.54
2023-06-05 20:51:43,238 - AUGCON - INFO - Epoch [70/100]-(0/7) Loss: 0.7284, Acc(1): 69.32, Acc(5): 98.87
2023-06-05 20:51:43,238 - AUGCON - INFO - Epoch [71/100]-(0/7) Loss: 0.7062, Acc(1): 70.31, Acc(5): 98.99
2023-06-05 20:51:43,238 - AUGCON - INFO - Epoch [72/100]-(0/7) Loss: 0.6899, Acc(1): 70.56, Acc(5): 99.08
2023-06-05 20:51:43,238 - AUGCON - INFO - Epoch [73/100]-(0/7) Loss: 0.7010, Acc(1): 69.95, Acc(5): 99.22
2023-06-05 20:51:43,238 - AUGCON - INFO - Epoch [74/100]-(0/7) Loss: 0.6576, Acc(1): 72.57, Acc(5): 99.31
2023-06-05 20:51:43,238 - AUGCON - INFO - Epoch [75/100]-(0/7) Loss: 0.6609, Acc(1): 71.94, Acc(5): 99.29
2023-06-05 20:51:43,238 - AUGCON - INFO - Epoch [76/100]-(0/7) Loss: 0.6515, Acc(1): 72.82, Acc(5): 99.34
2023-06-05 20:51:43,239 - AUGCON - INFO - Epoch [77/100]-(0/7) Loss: 0.6616, Acc(1): 71.64, Acc(5): 99.15
2023-06-05 20:51:43,239 - AUGCON - INFO - Epoch [78/100]-(0/7) Loss: 0.6348, Acc(1): 72.88, Acc(5): 99.29
2023-06-05 20:51:43,239 - AUGCON - INFO - Epoch [79/100]-(0/7) Loss: 0.6179, Acc(1): 73.44, Acc(5): 99.42
2023-06-05 20:51:43,239 - AUGCON - INFO - Epoch [80/100]-(0/7) Loss: 0.6281, Acc(1): 73.73, Acc(5): 99.45
2023-06-05 20:51:43,239 - AUGCON - INFO - Epoch [81/100]-(0/7) Loss: 0.7014, Acc(1): 70.47, Acc(5): 99.16
2023-06-05 20:51:43,239 - AUGCON - INFO - Epoch [82/100]-(0/7) Loss: 0.6169, Acc(1): 73.90, Acc(5): 99.27
2023-06-05 20:51:43,239 - AUGCON - INFO - Epoch [83/100]-(0/7) Loss: 0.6063, Acc(1): 75.01, Acc(5): 99.33
2023-06-05 20:51:43,239 - AUGCON - INFO - Epoch [84/100]-(0/7) Loss: 0.5976, Acc(1): 74.42, Acc(5): 99.43
2023-06-05 20:51:43,239 - AUGCON - INFO - Epoch [85/100]-(0/7) Loss: 0.5956, Acc(1): 74.73, Acc(5): 99.48
2023-06-05 20:51:43,239 - AUGCON - INFO - Epoch [86/100]-(0/7) Loss: 0.5943, Acc(1): 74.72, Acc(5): 99.43
2023-06-05 20:51:43,239 - AUGCON - INFO - Epoch [87/100]-(0/7) Loss: 0.5734, Acc(1): 75.52, Acc(5): 99.46
2023-06-05 20:51:43,239 - AUGCON - INFO - Epoch [88/100]-(0/7) Loss: 0.5347, Acc(1): 76.77, Acc(5): 99.69
2023-06-05 20:51:43,240 - AUGCON - INFO - Epoch [89/100]-(0/7) Loss: 0.5523, Acc(1): 76.74, Acc(5): 99.54
2023-06-05 20:51:43,240 - AUGCON - INFO - Epoch [90/100]-(0/7) Loss: 0.7631, Acc(1): 69.14, Acc(5): 98.63
2023-06-05 20:51:43,240 - AUGCON - INFO - Epoch [91/100]-(0/7) Loss: 0.6218, Acc(1): 73.80, Acc(5): 99.41
2023-06-05 20:51:43,240 - AUGCON - INFO - Epoch [92/100]-(0/7) Loss: 0.6239, Acc(1): 74.20, Acc(5): 99.49
2023-06-05 20:51:43,240 - AUGCON - INFO - Epoch [93/100]-(0/7) Loss: 0.5562, Acc(1): 76.39, Acc(5): 99.64
2023-06-05 20:51:43,240 - AUGCON - INFO - Epoch [94/100]-(0/7) Loss: 0.6014, Acc(1): 74.65, Acc(5): 99.36
2023-06-05 20:51:43,240 - AUGCON - INFO - Epoch [95/100]-(0/7) Loss: 0.5712, Acc(1): 75.84, Acc(5): 99.55
2023-06-05 20:51:43,240 - AUGCON - INFO - Epoch [96/100]-(0/7) Loss: 0.5358, Acc(1): 77.62, Acc(5): 99.59
2023-06-05 20:51:43,240 - AUGCON - INFO - Epoch [97/100]-(0/7) Loss: 0.5316, Acc(1): 77.20, Acc(5): 99.68
2023-06-05 20:51:43,240 - AUGCON - INFO - Epoch [98/100]-(0/7) Loss: 0.5294, Acc(1): 77.06, Acc(5): 99.59
2023-06-05 20:51:43,240 - AUGCON - INFO - Epoch [99/100]-(0/7) Loss: 0.5357, Acc(1): 77.37, Acc(5): 99.58
2023-06-05 20:51:43,241 - AUGCON - INFO - Epoch [100/100]-(0/7) Loss: 0.5344, Acc(1): 77.63, Acc(5): 99.56
