2023-06-19 16:21:37,428 - AUGCON - INFO - logger initialized (/home/hjyoon/projects/augcon/config/exp0/finetune_da_false/without_target_domain_WA0002-bkkim/cpc_perdomain_8421/tgt_target_domain_PH0034-ykha_seed0.yaml.log)
2023-06-19 16:21:37,428 - AUGCON - INFO - ================= Config =================
2023-06-19 16:21:37,428 - AUGCON - INFO -   mode: finetune
2023-06-19 16:21:37,428 - AUGCON - INFO -   seed: 0
2023-06-19 16:21:37,429 - AUGCON - INFO -   gpu: [7]
2023-06-19 16:21:37,429 - AUGCON - INFO -   num_workers: 1
2023-06-19 16:21:37,429 - AUGCON - INFO -   dist_url: tcp://localhost:10001
2023-06-19 16:21:37,429 - AUGCON - INFO -   dataset_name: ichar
2023-06-19 16:21:37,429 - AUGCON - INFO -   train_dataset_path: /mnt/sting/hjyoon/projects/cross/ICHAR/augcon/target_domain_PH0034-ykha/finetune/10shot/target/train.pkl
2023-06-19 16:21:37,429 - AUGCON - INFO -   test_dataset_path: /mnt/sting/hjyoon/projects/cross/ICHAR/augcon/target_domain_PH0034-ykha/finetune/10shot/target/test.pkl
2023-06-19 16:21:37,429 - AUGCON - INFO -   val_dataset_path: /mnt/sting/hjyoon/projects/cross/ICHAR/augcon/target_domain_PH0034-ykha/finetune/10shot/target/val.pkl
2023-06-19 16:21:37,429 - AUGCON - INFO -   input_channels: 3
2023-06-19 16:21:37,429 - AUGCON - INFO -   num_cls: 9
2023-06-19 16:21:37,429 - AUGCON - INFO -   optimizer: adam
2023-06-19 16:21:37,429 - AUGCON - INFO -   criterion: crossentropy
2023-06-19 16:21:37,429 - AUGCON - INFO -   start_epoch: 0
2023-06-19 16:21:37,429 - AUGCON - INFO -   epochs: 50
2023-06-19 16:21:37,429 - AUGCON - INFO -   batch_size: 4
2023-06-19 16:21:37,429 - AUGCON - INFO -   lr: 0.001
2023-06-19 16:21:37,429 - AUGCON - INFO -   wd: 0.0
2023-06-19 16:21:37,429 - AUGCON - INFO -   resume: 
2023-06-19 16:21:37,429 - AUGCON - INFO -   pretrained: /mnt/sting/hjyoon/projects/augcontrast/models/exp0/pretrain/without_target_domain_WA0002-bkkim/cpc_perdomain_8421//checkpoint_0099.pth.tar
2023-06-19 16:21:37,429 - AUGCON - INFO -   ckpt_dir: /mnt/sting/hjyoon/projects/augcontrast/models/exp0/finetune_da_false/without_target_domain_WA0002-bkkim/cpc_perdomain_8421/tgt_target_domain_PH0034-ykha_seed0
2023-06-19 16:21:37,429 - AUGCON - INFO -   log_freq: 5
2023-06-19 16:21:37,429 - AUGCON - INFO -   save_freq: 10
2023-06-19 16:21:37,429 - AUGCON - INFO -   pretext: metacpc
2023-06-19 16:21:37,429 - AUGCON - INFO -   enc_blocks: 4
2023-06-19 16:21:37,429 - AUGCON - INFO -   kernel_sizes: [8, 4, 2, 1]
2023-06-19 16:21:37,429 - AUGCON - INFO -   strides: [4, 2, 1, 1]
2023-06-19 16:21:37,429 - AUGCON - INFO -   agg_blocks: 5
2023-06-19 16:21:37,429 - AUGCON - INFO -   z_dim: 256
2023-06-19 16:21:37,429 - AUGCON - INFO -   pooling: mean
2023-06-19 16:21:37,429 - AUGCON - INFO -   pred_steps: 12
2023-06-19 16:21:37,429 - AUGCON - INFO -   n_negatives: 15
2023-06-19 16:21:37,429 - AUGCON - INFO -   offset: 4
2023-06-19 16:21:37,429 - AUGCON - INFO -   domain_adaptation: False
2023-06-19 16:21:37,429 - AUGCON - INFO -   task_steps: 10
2023-06-19 16:21:37,429 - AUGCON - INFO -   task_lr: 0.001
2023-06-19 16:21:37,429 - AUGCON - INFO -   reg_lambda: 0
2023-06-19 16:21:37,429 - AUGCON - INFO -   mlp: False
2023-06-19 16:21:37,429 - AUGCON - INFO -   freeze: True
2023-06-19 16:21:37,429 - AUGCON - INFO -   no_vars: True
2023-06-19 16:21:37,430 - AUGCON - INFO - ==========================================
2023-06-19 16:21:37,430 - AUGCON - INFO - Setting GPUs: [7]
2023-06-19 16:21:37,430 - AUGCON - INFO - GPUs [7] will be used
2023-06-19 16:21:37,430 - AUGCON - WARNING - You have chosen to seed training. 
2023-06-19 16:21:37,430 - AUGCON - WARNING - This will turn on the CUDNN deterministic setting, 
2023-06-19 16:21:37,430 - AUGCON - WARNING - which can slow down your training considerably! 
2023-06-19 16:21:37,430 - AUGCON - WARNING - You may see unexpected behavior when restarting 
2023-06-19 16:21:37,430 - AUGCON - WARNING - from checkpoints.
2023-06-19 16:21:37,454 - AUGCON - INFO - Executing MetaCPC
2023-06-19 16:21:37,454 - AUGCON - INFO - Logs are skipped during training
2023-06-19 16:21:53,319 - AUGCON - INFO - Single GPU is used for training - training 90 instances for each worker
2023-06-19 16:21:53,320 - AUGCON - INFO - Loading pretrained model from checkpoint - /mnt/sting/hjyoon/projects/augcontrast/models/exp0/pretrain/without_target_domain_WA0002-bkkim/cpc_perdomain_8421//checkpoint_0099.pth.tar
2023-06-19 16:21:53,320 - AUGCON - INFO - Missing keys: ['predictor.vars.0', 'predictor.vars.1']
2023-06-19 16:21:53,320 - AUGCON - INFO - Loading encoder parameters to the classifier
2023-06-19 16:21:53,321 - AUGCON - INFO - Missing keys: ['classifier.block.0.weight', 'classifier.block.0.bias']
2023-06-19 16:21:53,321 - AUGCON - INFO - Epoch [1/50]-(0/22) Loss: 2.4198, Acc(1): 25.00, Acc(5): 50.00
2023-06-19 16:21:53,321 - AUGCON - INFO - Epoch [1/50]-(5/22) Loss: 2.0975, Acc(1): 0.00, Acc(5): 75.00
2023-06-19 16:21:53,321 - AUGCON - INFO - Epoch [1/50]-(10/22) Loss: 2.2206, Acc(1): 25.00, Acc(5): 50.00
2023-06-19 16:21:53,321 - AUGCON - INFO - Epoch [1/50]-(15/22) Loss: 2.1368, Acc(1): 25.00, Acc(5): 50.00
2023-06-19 16:21:53,321 - AUGCON - INFO - Epoch [1/50]-(20/22) Loss: 1.9433, Acc(1): 0.00, Acc(5): 100.00
2023-06-19 16:21:53,321 - AUGCON - INFO - 	Validation Loss: 1.7081, Acc(1): 30.00, Acc(5): 99.00, F1: 0.07, Recall: 0.07, Precision: 0.07
2023-06-19 16:21:53,321 - AUGCON - INFO - Epoch [2/50]-(0/22) Loss: 1.8081, Acc(1): 50.00, Acc(5): 100.00
2023-06-19 16:21:53,321 - AUGCON - INFO - Epoch [2/50]-(5/22) Loss: 1.7484, Acc(1): 25.00, Acc(5): 100.00
2023-06-19 16:21:53,321 - AUGCON - INFO - Epoch [2/50]-(10/22) Loss: 1.6724, Acc(1): 25.00, Acc(5): 100.00
2023-06-19 16:21:53,321 - AUGCON - INFO - Epoch [2/50]-(15/22) Loss: 1.7711, Acc(1): 50.00, Acc(5): 75.00
2023-06-19 16:21:53,321 - AUGCON - INFO - Epoch [2/50]-(20/22) Loss: 1.2772, Acc(1): 75.00, Acc(5): 100.00
2023-06-19 16:21:53,321 - AUGCON - INFO - 	Validation Loss: 1.3355, Acc(1): 64.00, Acc(5): 99.00, F1: 0.14, Recall: 0.14, Precision: 0.13
2023-06-19 16:21:53,321 - AUGCON - INFO - Epoch [3/50]-(0/22) Loss: 1.3851, Acc(1): 75.00, Acc(5): 100.00
2023-06-19 16:21:53,322 - AUGCON - INFO - Epoch [3/50]-(5/22) Loss: 1.4331, Acc(1): 75.00, Acc(5): 100.00
2023-06-19 16:21:53,322 - AUGCON - INFO - Epoch [3/50]-(10/22) Loss: 1.2919, Acc(1): 50.00, Acc(5): 100.00
2023-06-19 16:21:53,322 - AUGCON - INFO - Epoch [3/50]-(15/22) Loss: 1.6416, Acc(1): 25.00, Acc(5): 100.00
2023-06-19 16:21:53,322 - AUGCON - INFO - Epoch [3/50]-(20/22) Loss: 1.0696, Acc(1): 75.00, Acc(5): 100.00
2023-06-19 16:21:53,322 - AUGCON - INFO - 	Validation Loss: 1.1325, Acc(1): 72.00, Acc(5): 99.00, F1: 0.16, Recall: 0.15, Precision: 0.16
2023-06-19 16:21:53,322 - AUGCON - INFO - Epoch [4/50]-(0/22) Loss: 1.2130, Acc(1): 75.00, Acc(5): 100.00
2023-06-19 16:21:53,322 - AUGCON - INFO - Epoch [4/50]-(5/22) Loss: 0.8097, Acc(1): 100.00, Acc(5): 100.00
2023-06-19 16:21:53,322 - AUGCON - INFO - Epoch [4/50]-(10/22) Loss: 0.9155, Acc(1): 100.00, Acc(5): 100.00
2023-06-19 16:21:53,322 - AUGCON - INFO - Epoch [4/50]-(15/22) Loss: 1.1607, Acc(1): 75.00, Acc(5): 100.00
2023-06-19 16:21:53,322 - AUGCON - INFO - Epoch [4/50]-(20/22) Loss: 1.2412, Acc(1): 50.00, Acc(5): 100.00
2023-06-19 16:21:53,322 - AUGCON - INFO - 	Validation Loss: 0.9761, Acc(1): 81.00, Acc(5): 99.00, F1: 0.18, Recall: 0.17, Precision: 0.19
2023-06-19 16:21:53,322 - AUGCON - INFO - Epoch [5/50]-(0/22) Loss: 0.9807, Acc(1): 50.00, Acc(5): 100.00
2023-06-19 16:21:53,322 - AUGCON - INFO - Epoch [5/50]-(5/22) Loss: 1.0335, Acc(1): 75.00, Acc(5): 100.00
2023-06-19 16:21:53,322 - AUGCON - INFO - Epoch [5/50]-(10/22) Loss: 1.4722, Acc(1): 25.00, Acc(5): 100.00
2023-06-19 16:21:53,323 - AUGCON - INFO - Epoch [5/50]-(15/22) Loss: 1.0289, Acc(1): 100.00, Acc(5): 100.00
2023-06-19 16:21:53,323 - AUGCON - INFO - Epoch [5/50]-(20/22) Loss: 0.7253, Acc(1): 100.00, Acc(5): 100.00
2023-06-19 16:21:53,323 - AUGCON - INFO - 	Validation Loss: 0.9285, Acc(1): 71.00, Acc(5): 99.00, F1: 0.15, Recall: 0.15, Precision: 0.15
2023-06-19 16:21:53,323 - AUGCON - INFO - Epoch [6/50]-(0/22) Loss: 0.9515, Acc(1): 100.00, Acc(5): 100.00
2023-06-19 16:21:53,323 - AUGCON - INFO - Epoch [6/50]-(5/22) Loss: 0.8788, Acc(1): 75.00, Acc(5): 100.00
2023-06-19 16:21:53,323 - AUGCON - INFO - Epoch [6/50]-(10/22) Loss: 0.8881, Acc(1): 75.00, Acc(5): 100.00
2023-06-19 16:21:53,323 - AUGCON - INFO - Epoch [6/50]-(15/22) Loss: 0.9176, Acc(1): 50.00, Acc(5): 100.00
2023-06-19 16:21:53,323 - AUGCON - INFO - Epoch [6/50]-(20/22) Loss: 0.6527, Acc(1): 100.00, Acc(5): 100.00
2023-06-19 16:21:53,323 - AUGCON - INFO - 	Validation Loss: 0.8503, Acc(1): 78.00, Acc(5): 98.00, F1: 0.18, Recall: 0.17, Precision: 0.19
2023-06-19 16:21:53,323 - AUGCON - INFO - Epoch [7/50]-(0/22) Loss: 1.2205, Acc(1): 50.00, Acc(5): 100.00
2023-06-19 16:21:53,323 - AUGCON - INFO - Epoch [7/50]-(5/22) Loss: 0.8660, Acc(1): 100.00, Acc(5): 100.00
2023-06-19 16:21:53,323 - AUGCON - INFO - Epoch [7/50]-(10/22) Loss: 0.8405, Acc(1): 75.00, Acc(5): 100.00
2023-06-19 16:21:53,323 - AUGCON - INFO - Epoch [7/50]-(15/22) Loss: 0.6765, Acc(1): 100.00, Acc(5): 100.00
2023-06-19 16:21:53,323 - AUGCON - INFO - Epoch [7/50]-(20/22) Loss: 0.7893, Acc(1): 100.00, Acc(5): 100.00
2023-06-19 16:21:53,323 - AUGCON - INFO - 	Validation Loss: 0.7639, Acc(1): 76.00, Acc(5): 99.00, F1: 0.17, Recall: 0.16, Precision: 0.17
2023-06-19 16:21:53,324 - AUGCON - INFO - Epoch [8/50]-(0/22) Loss: 0.7428, Acc(1): 100.00, Acc(5): 100.00
2023-06-19 16:21:53,324 - AUGCON - INFO - Epoch [8/50]-(5/22) Loss: 0.6751, Acc(1): 75.00, Acc(5): 100.00
2023-06-19 16:21:53,324 - AUGCON - INFO - Epoch [8/50]-(10/22) Loss: 1.0823, Acc(1): 50.00, Acc(5): 100.00
2023-06-19 16:21:53,324 - AUGCON - INFO - Epoch [8/50]-(15/22) Loss: 1.2952, Acc(1): 50.00, Acc(5): 100.00
2023-06-19 16:21:53,324 - AUGCON - INFO - Epoch [8/50]-(20/22) Loss: 1.1250, Acc(1): 50.00, Acc(5): 100.00
2023-06-19 16:21:53,324 - AUGCON - INFO - 	Validation Loss: 0.7548, Acc(1): 76.00, Acc(5): 100.00, F1: 0.17, Recall: 0.16, Precision: 0.17
2023-06-19 16:21:53,324 - AUGCON - INFO - Epoch [9/50]-(0/22) Loss: 0.5734, Acc(1): 100.00, Acc(5): 100.00
2023-06-19 16:21:53,324 - AUGCON - INFO - Epoch [9/50]-(5/22) Loss: 0.6759, Acc(1): 75.00, Acc(5): 100.00
2023-06-19 16:21:53,324 - AUGCON - INFO - Epoch [9/50]-(10/22) Loss: 0.4416, Acc(1): 100.00, Acc(5): 100.00
2023-06-19 16:21:53,324 - AUGCON - INFO - Epoch [9/50]-(15/22) Loss: 0.8701, Acc(1): 50.00, Acc(5): 100.00
2023-06-19 16:21:53,324 - AUGCON - INFO - Epoch [9/50]-(20/22) Loss: 0.7657, Acc(1): 75.00, Acc(5): 100.00
2023-06-19 16:21:53,324 - AUGCON - INFO - 	Validation Loss: 0.7439, Acc(1): 74.00, Acc(5): 99.00, F1: 0.16, Recall: 0.16, Precision: 0.16
2023-06-19 16:21:53,324 - AUGCON - INFO - Epoch [10/50]-(0/22) Loss: 0.6177, Acc(1): 100.00, Acc(5): 100.00
2023-06-19 16:21:53,325 - AUGCON - INFO - Epoch [10/50]-(5/22) Loss: 0.6954, Acc(1): 100.00, Acc(5): 100.00
2023-06-19 16:21:53,325 - AUGCON - INFO - Epoch [10/50]-(10/22) Loss: 0.6456, Acc(1): 75.00, Acc(5): 100.00
2023-06-19 16:21:53,325 - AUGCON - INFO - Epoch [10/50]-(15/22) Loss: 0.6399, Acc(1): 100.00, Acc(5): 100.00
2023-06-19 16:21:53,325 - AUGCON - INFO - Epoch [10/50]-(20/22) Loss: 1.1532, Acc(1): 75.00, Acc(5): 100.00
2023-06-19 16:21:53,325 - AUGCON - INFO - 	Validation Loss: 0.7087, Acc(1): 76.00, Acc(5): 100.00, F1: 0.17, Recall: 0.16, Precision: 0.18
2023-06-19 16:21:53,325 - AUGCON - INFO - Epoch [11/50]-(0/22) Loss: 1.2404, Acc(1): 50.00, Acc(5): 100.00
2023-06-19 16:21:53,325 - AUGCON - INFO - Epoch [11/50]-(5/22) Loss: 0.6829, Acc(1): 75.00, Acc(5): 100.00
2023-06-19 16:21:53,325 - AUGCON - INFO - Epoch [11/50]-(10/22) Loss: 0.5815, Acc(1): 75.00, Acc(5): 100.00
2023-06-19 16:21:53,325 - AUGCON - INFO - Epoch [11/50]-(15/22) Loss: 0.7697, Acc(1): 75.00, Acc(5): 100.00
2023-06-19 16:21:53,325 - AUGCON - INFO - Epoch [11/50]-(20/22) Loss: 0.6440, Acc(1): 100.00, Acc(5): 100.00
2023-06-19 16:21:53,325 - AUGCON - INFO - 	Validation Loss: 0.6583, Acc(1): 83.00, Acc(5): 100.00, F1: 0.18, Recall: 0.18, Precision: 0.18
2023-06-19 16:21:53,325 - AUGCON - INFO - Epoch [12/50]-(0/22) Loss: 0.8607, Acc(1): 75.00, Acc(5): 100.00
2023-06-19 16:21:53,325 - AUGCON - INFO - Epoch [12/50]-(5/22) Loss: 0.6675, Acc(1): 75.00, Acc(5): 100.00
2023-06-19 16:21:53,325 - AUGCON - INFO - Epoch [12/50]-(10/22) Loss: 0.6909, Acc(1): 100.00, Acc(5): 100.00
2023-06-19 16:21:53,325 - AUGCON - INFO - Epoch [12/50]-(15/22) Loss: 0.6480, Acc(1): 75.00, Acc(5): 100.00
2023-06-19 16:21:53,326 - AUGCON - INFO - Epoch [12/50]-(20/22) Loss: 0.4392, Acc(1): 100.00, Acc(5): 100.00
2023-06-19 16:21:53,326 - AUGCON - INFO - 	Validation Loss: 0.6629, Acc(1): 76.00, Acc(5): 100.00, F1: 0.16, Recall: 0.16, Precision: 0.16
2023-06-19 16:21:53,326 - AUGCON - INFO - Epoch [13/50]-(0/22) Loss: 0.5085, Acc(1): 75.00, Acc(5): 100.00
2023-06-19 16:21:53,326 - AUGCON - INFO - Epoch [13/50]-(5/22) Loss: 0.7882, Acc(1): 50.00, Acc(5): 100.00
2023-06-19 16:21:53,326 - AUGCON - INFO - Epoch [13/50]-(10/22) Loss: 0.6404, Acc(1): 75.00, Acc(5): 100.00
2023-06-19 16:21:53,326 - AUGCON - INFO - Epoch [13/50]-(15/22) Loss: 0.5759, Acc(1): 100.00, Acc(5): 100.00
2023-06-19 16:21:53,326 - AUGCON - INFO - Epoch [13/50]-(20/22) Loss: 0.3661, Acc(1): 100.00, Acc(5): 100.00
2023-06-19 16:21:53,326 - AUGCON - INFO - 	Validation Loss: 0.6681, Acc(1): 86.00, Acc(5): 100.00, F1: 0.20, Recall: 0.19, Precision: 0.21
2023-06-19 16:21:53,326 - AUGCON - INFO - Epoch [14/50]-(0/22) Loss: 0.6048, Acc(1): 75.00, Acc(5): 100.00
2023-06-19 16:21:53,327 - AUGCON - INFO - Epoch [14/50]-(5/22) Loss: 0.4335, Acc(1): 100.00, Acc(5): 100.00
2023-06-19 16:21:53,327 - AUGCON - INFO - Epoch [14/50]-(10/22) Loss: 1.0013, Acc(1): 75.00, Acc(5): 100.00
2023-06-19 16:21:53,327 - AUGCON - INFO - Epoch [14/50]-(15/22) Loss: 0.5875, Acc(1): 75.00, Acc(5): 100.00
2023-06-19 16:21:53,327 - AUGCON - INFO - Epoch [14/50]-(20/22) Loss: 0.6337, Acc(1): 100.00, Acc(5): 100.00
2023-06-19 16:21:53,327 - AUGCON - INFO - 	Validation Loss: 0.6287, Acc(1): 77.00, Acc(5): 100.00, F1: 0.16, Recall: 0.16, Precision: 0.16
2023-06-19 16:21:53,327 - AUGCON - INFO - Epoch [15/50]-(0/22) Loss: 0.5317, Acc(1): 75.00, Acc(5): 100.00
2023-06-19 16:21:53,327 - AUGCON - INFO - Epoch [15/50]-(5/22) Loss: 0.8334, Acc(1): 50.00, Acc(5): 100.00
2023-06-19 16:21:53,327 - AUGCON - INFO - Epoch [15/50]-(10/22) Loss: 0.2751, Acc(1): 100.00, Acc(5): 100.00
2023-06-19 16:21:53,328 - AUGCON - INFO - Epoch [15/50]-(15/22) Loss: 0.8291, Acc(1): 75.00, Acc(5): 100.00
2023-06-19 16:21:53,328 - AUGCON - INFO - Epoch [15/50]-(20/22) Loss: 0.7047, Acc(1): 50.00, Acc(5): 100.00
2023-06-19 16:21:53,328 - AUGCON - INFO - 	Validation Loss: 0.6400, Acc(1): 83.00, Acc(5): 100.00, F1: 0.19, Recall: 0.18, Precision: 0.20
2023-06-19 16:21:53,328 - AUGCON - INFO - Epoch [16/50]-(0/22) Loss: 0.2573, Acc(1): 100.00, Acc(5): 100.00
2023-06-19 16:21:53,328 - AUGCON - INFO - Epoch [16/50]-(5/22) Loss: 0.3562, Acc(1): 100.00, Acc(5): 100.00
2023-06-19 16:21:53,328 - AUGCON - INFO - Epoch [16/50]-(10/22) Loss: 0.4983, Acc(1): 100.00, Acc(5): 100.00
2023-06-19 16:21:53,328 - AUGCON - INFO - Epoch [16/50]-(15/22) Loss: 0.5536, Acc(1): 75.00, Acc(5): 100.00
2023-06-19 16:21:53,329 - AUGCON - INFO - Epoch [16/50]-(20/22) Loss: 0.3202, Acc(1): 100.00, Acc(5): 100.00
2023-06-19 16:21:53,329 - AUGCON - INFO - 	Validation Loss: 0.6563, Acc(1): 74.00, Acc(5): 100.00, F1: 0.16, Recall: 0.16, Precision: 0.16
2023-06-19 16:21:53,329 - AUGCON - INFO - Epoch [17/50]-(0/22) Loss: 0.3024, Acc(1): 100.00, Acc(5): 100.00
2023-06-19 16:21:53,329 - AUGCON - INFO - Epoch [17/50]-(5/22) Loss: 0.3539, Acc(1): 100.00, Acc(5): 100.00
2023-06-19 16:21:53,329 - AUGCON - INFO - Epoch [17/50]-(10/22) Loss: 0.5960, Acc(1): 100.00, Acc(5): 100.00
2023-06-19 16:21:53,329 - AUGCON - INFO - Epoch [17/50]-(15/22) Loss: 0.5780, Acc(1): 75.00, Acc(5): 100.00
2023-06-19 16:21:53,329 - AUGCON - INFO - Epoch [17/50]-(20/22) Loss: 0.3515, Acc(1): 100.00, Acc(5): 100.00
2023-06-19 16:21:53,329 - AUGCON - INFO - 	Validation Loss: 0.5989, Acc(1): 85.00, Acc(5): 100.00, F1: 0.19, Recall: 0.18, Precision: 0.20
2023-06-19 16:21:53,329 - AUGCON - INFO - Epoch [18/50]-(0/22) Loss: 1.0795, Acc(1): 50.00, Acc(5): 100.00
2023-06-19 16:21:53,330 - AUGCON - INFO - Epoch [18/50]-(5/22) Loss: 0.6794, Acc(1): 50.00, Acc(5): 100.00
2023-06-19 16:21:53,330 - AUGCON - INFO - Epoch [18/50]-(10/22) Loss: 0.2572, Acc(1): 100.00, Acc(5): 100.00
2023-06-19 16:21:53,330 - AUGCON - INFO - Epoch [18/50]-(15/22) Loss: 0.7507, Acc(1): 75.00, Acc(5): 100.00
2023-06-19 16:21:53,330 - AUGCON - INFO - Epoch [18/50]-(20/22) Loss: 0.4801, Acc(1): 100.00, Acc(5): 100.00
2023-06-19 16:21:53,330 - AUGCON - INFO - 	Validation Loss: 0.5676, Acc(1): 80.00, Acc(5): 100.00, F1: 0.18, Recall: 0.17, Precision: 0.18
2023-06-19 16:21:53,330 - AUGCON - INFO - Epoch [19/50]-(0/22) Loss: 0.2834, Acc(1): 100.00, Acc(5): 100.00
2023-06-19 16:21:53,330 - AUGCON - INFO - Epoch [19/50]-(5/22) Loss: 1.0844, Acc(1): 50.00, Acc(5): 100.00
2023-06-19 16:21:53,330 - AUGCON - INFO - Epoch [19/50]-(10/22) Loss: 0.9384, Acc(1): 50.00, Acc(5): 100.00
2023-06-19 16:21:53,330 - AUGCON - INFO - Epoch [19/50]-(15/22) Loss: 0.6280, Acc(1): 75.00, Acc(5): 100.00
2023-06-19 16:21:53,330 - AUGCON - INFO - Epoch [19/50]-(20/22) Loss: 0.3256, Acc(1): 100.00, Acc(5): 100.00
2023-06-19 16:21:53,330 - AUGCON - INFO - 	Validation Loss: 0.5823, Acc(1): 80.00, Acc(5): 100.00, F1: 0.18, Recall: 0.17, Precision: 0.19
2023-06-19 16:21:53,330 - AUGCON - INFO - Epoch [20/50]-(0/22) Loss: 0.1655, Acc(1): 100.00, Acc(5): 100.00
2023-06-19 16:21:53,331 - AUGCON - INFO - Epoch [20/50]-(5/22) Loss: 0.3616, Acc(1): 100.00, Acc(5): 100.00
2023-06-19 16:21:53,331 - AUGCON - INFO - Epoch [20/50]-(10/22) Loss: 0.6758, Acc(1): 75.00, Acc(5): 100.00
2023-06-19 16:21:53,331 - AUGCON - INFO - Epoch [20/50]-(15/22) Loss: 0.8458, Acc(1): 75.00, Acc(5): 100.00
2023-06-19 16:21:53,331 - AUGCON - INFO - Epoch [20/50]-(20/22) Loss: 0.6176, Acc(1): 75.00, Acc(5): 100.00
2023-06-19 16:21:53,331 - AUGCON - INFO - 	Validation Loss: 0.5874, Acc(1): 83.00, Acc(5): 100.00, F1: 0.19, Recall: 0.18, Precision: 0.20
2023-06-19 16:21:53,331 - AUGCON - INFO - Epoch [21/50]-(0/22) Loss: 0.6097, Acc(1): 100.00, Acc(5): 100.00
2023-06-19 16:21:53,331 - AUGCON - INFO - Epoch [21/50]-(5/22) Loss: 0.3796, Acc(1): 100.00, Acc(5): 100.00
2023-06-19 16:21:53,331 - AUGCON - INFO - Epoch [21/50]-(10/22) Loss: 0.4972, Acc(1): 100.00, Acc(5): 100.00
2023-06-19 16:21:53,331 - AUGCON - INFO - Epoch [21/50]-(15/22) Loss: 0.2288, Acc(1): 100.00, Acc(5): 100.00
2023-06-19 16:21:53,331 - AUGCON - INFO - Epoch [21/50]-(20/22) Loss: 0.9906, Acc(1): 75.00, Acc(5): 100.00
2023-06-19 16:21:53,331 - AUGCON - INFO - 	Validation Loss: 0.5349, Acc(1): 83.00, Acc(5): 100.00, F1: 0.19, Recall: 0.18, Precision: 0.20
2023-06-19 16:21:53,331 - AUGCON - INFO - Epoch [22/50]-(0/22) Loss: 0.6179, Acc(1): 75.00, Acc(5): 100.00
2023-06-19 16:21:53,331 - AUGCON - INFO - Epoch [22/50]-(5/22) Loss: 0.5164, Acc(1): 75.00, Acc(5): 100.00
2023-06-19 16:21:53,331 - AUGCON - INFO - Epoch [22/50]-(10/22) Loss: 0.5864, Acc(1): 75.00, Acc(5): 100.00
2023-06-19 16:21:53,331 - AUGCON - INFO - Epoch [22/50]-(15/22) Loss: 0.6767, Acc(1): 75.00, Acc(5): 100.00
2023-06-19 16:21:53,332 - AUGCON - INFO - Epoch [22/50]-(20/22) Loss: 0.2863, Acc(1): 100.00, Acc(5): 100.00
2023-06-19 16:21:53,332 - AUGCON - INFO - 	Validation Loss: 0.5657, Acc(1): 82.00, Acc(5): 100.00, F1: 0.18, Recall: 0.18, Precision: 0.19
2023-06-19 16:21:53,332 - AUGCON - INFO - Epoch [23/50]-(0/22) Loss: 0.1926, Acc(1): 100.00, Acc(5): 100.00
2023-06-19 16:21:53,332 - AUGCON - INFO - Epoch [23/50]-(5/22) Loss: 0.2530, Acc(1): 100.00, Acc(5): 100.00
2023-06-19 16:21:53,332 - AUGCON - INFO - Epoch [23/50]-(10/22) Loss: 0.2871, Acc(1): 100.00, Acc(5): 100.00
2023-06-19 16:21:53,332 - AUGCON - INFO - Epoch [23/50]-(15/22) Loss: 0.4950, Acc(1): 75.00, Acc(5): 100.00
2023-06-19 16:21:53,332 - AUGCON - INFO - Epoch [23/50]-(20/22) Loss: 0.4886, Acc(1): 75.00, Acc(5): 100.00
2023-06-19 16:21:53,332 - AUGCON - INFO - 	Validation Loss: 0.5618, Acc(1): 78.00, Acc(5): 100.00, F1: 0.17, Recall: 0.17, Precision: 0.17
2023-06-19 16:21:53,332 - AUGCON - INFO - Epoch [24/50]-(0/22) Loss: 0.2987, Acc(1): 100.00, Acc(5): 100.00
2023-06-19 16:21:53,332 - AUGCON - INFO - Epoch [24/50]-(5/22) Loss: 0.4929, Acc(1): 75.00, Acc(5): 100.00
2023-06-19 16:21:53,332 - AUGCON - INFO - Epoch [24/50]-(10/22) Loss: 0.3804, Acc(1): 100.00, Acc(5): 100.00
2023-06-19 16:21:53,332 - AUGCON - INFO - Epoch [24/50]-(15/22) Loss: 0.3862, Acc(1): 100.00, Acc(5): 100.00
2023-06-19 16:21:53,332 - AUGCON - INFO - Epoch [24/50]-(20/22) Loss: 0.4994, Acc(1): 75.00, Acc(5): 100.00
2023-06-19 16:21:53,333 - AUGCON - INFO - 	Validation Loss: 0.5444, Acc(1): 82.00, Acc(5): 100.00, F1: 0.18, Recall: 0.18, Precision: 0.19
2023-06-19 16:21:53,333 - AUGCON - INFO - Epoch [25/50]-(0/22) Loss: 0.4179, Acc(1): 100.00, Acc(5): 100.00
2023-06-19 16:21:53,333 - AUGCON - INFO - Epoch [25/50]-(5/22) Loss: 0.2099, Acc(1): 100.00, Acc(5): 100.00
2023-06-19 16:21:53,333 - AUGCON - INFO - Epoch [25/50]-(10/22) Loss: 0.4628, Acc(1): 100.00, Acc(5): 100.00
2023-06-19 16:21:53,333 - AUGCON - INFO - Epoch [25/50]-(15/22) Loss: 1.0044, Acc(1): 75.00, Acc(5): 100.00
2023-06-19 16:21:53,333 - AUGCON - INFO - Epoch [25/50]-(20/22) Loss: 0.2169, Acc(1): 100.00, Acc(5): 100.00
2023-06-19 16:21:53,333 - AUGCON - INFO - 	Validation Loss: 0.5727, Acc(1): 81.00, Acc(5): 100.00, F1: 0.18, Recall: 0.17, Precision: 0.18
2023-06-19 16:21:53,333 - AUGCON - INFO - Epoch [26/50]-(0/22) Loss: 0.2706, Acc(1): 100.00, Acc(5): 100.00
2023-06-19 16:21:53,333 - AUGCON - INFO - Epoch [26/50]-(5/22) Loss: 0.3166, Acc(1): 100.00, Acc(5): 100.00
2023-06-19 16:21:53,333 - AUGCON - INFO - Epoch [26/50]-(10/22) Loss: 0.3538, Acc(1): 100.00, Acc(5): 100.00
2023-06-19 16:21:53,333 - AUGCON - INFO - Epoch [26/50]-(15/22) Loss: 0.6599, Acc(1): 75.00, Acc(5): 100.00
2023-06-19 16:21:53,333 - AUGCON - INFO - Epoch [26/50]-(20/22) Loss: 0.6559, Acc(1): 75.00, Acc(5): 100.00
2023-06-19 16:21:53,333 - AUGCON - INFO - 	Validation Loss: 0.4975, Acc(1): 84.00, Acc(5): 100.00, F1: 0.19, Recall: 0.18, Precision: 0.19
2023-06-19 16:21:53,333 - AUGCON - INFO - Epoch [27/50]-(0/22) Loss: 0.4094, Acc(1): 100.00, Acc(5): 100.00
2023-06-19 16:21:53,333 - AUGCON - INFO - Epoch [27/50]-(5/22) Loss: 0.2203, Acc(1): 100.00, Acc(5): 100.00
2023-06-19 16:21:53,334 - AUGCON - INFO - Epoch [27/50]-(10/22) Loss: 0.7246, Acc(1): 75.00, Acc(5): 100.00
2023-06-19 16:21:53,334 - AUGCON - INFO - Epoch [27/50]-(15/22) Loss: 0.8722, Acc(1): 75.00, Acc(5): 100.00
2023-06-19 16:21:53,334 - AUGCON - INFO - Epoch [27/50]-(20/22) Loss: 0.1790, Acc(1): 100.00, Acc(5): 100.00
2023-06-19 16:21:53,334 - AUGCON - INFO - 	Validation Loss: 0.5272, Acc(1): 81.00, Acc(5): 100.00, F1: 0.18, Recall: 0.17, Precision: 0.18
2023-06-19 16:21:53,334 - AUGCON - INFO - Epoch [28/50]-(0/22) Loss: 0.4411, Acc(1): 75.00, Acc(5): 100.00
2023-06-19 16:21:53,334 - AUGCON - INFO - Epoch [28/50]-(5/22) Loss: 0.3254, Acc(1): 100.00, Acc(5): 100.00
2023-06-19 16:21:53,334 - AUGCON - INFO - Epoch [28/50]-(10/22) Loss: 0.5411, Acc(1): 75.00, Acc(5): 100.00
2023-06-19 16:21:53,334 - AUGCON - INFO - Epoch [28/50]-(15/22) Loss: 0.3234, Acc(1): 100.00, Acc(5): 100.00
2023-06-19 16:21:53,334 - AUGCON - INFO - Epoch [28/50]-(20/22) Loss: 0.4303, Acc(1): 100.00, Acc(5): 100.00
2023-06-19 16:21:53,334 - AUGCON - INFO - 	Validation Loss: 0.5429, Acc(1): 83.00, Acc(5): 100.00, F1: 0.19, Recall: 0.18, Precision: 0.19
2023-06-19 16:21:53,334 - AUGCON - INFO - Epoch [29/50]-(0/22) Loss: 0.4848, Acc(1): 75.00, Acc(5): 100.00
2023-06-19 16:21:53,334 - AUGCON - INFO - Epoch [29/50]-(5/22) Loss: 0.5383, Acc(1): 75.00, Acc(5): 100.00
2023-06-19 16:21:53,334 - AUGCON - INFO - Epoch [29/50]-(10/22) Loss: 0.3474, Acc(1): 100.00, Acc(5): 100.00
2023-06-19 16:21:53,334 - AUGCON - INFO - Epoch [29/50]-(15/22) Loss: 1.2905, Acc(1): 50.00, Acc(5): 100.00
2023-06-19 16:21:53,335 - AUGCON - INFO - Epoch [29/50]-(20/22) Loss: 1.2096, Acc(1): 50.00, Acc(5): 100.00
2023-06-19 16:21:53,335 - AUGCON - INFO - 	Validation Loss: 0.5230, Acc(1): 82.00, Acc(5): 100.00, F1: 0.18, Recall: 0.18, Precision: 0.18
2023-06-19 16:21:53,335 - AUGCON - INFO - Epoch [30/50]-(0/22) Loss: 0.2632, Acc(1): 100.00, Acc(5): 100.00
2023-06-19 16:21:53,335 - AUGCON - INFO - Epoch [30/50]-(5/22) Loss: 0.3687, Acc(1): 100.00, Acc(5): 100.00
2023-06-19 16:21:53,335 - AUGCON - INFO - Epoch [30/50]-(10/22) Loss: 0.6182, Acc(1): 75.00, Acc(5): 100.00
2023-06-19 16:21:53,335 - AUGCON - INFO - Epoch [30/50]-(15/22) Loss: 0.3697, Acc(1): 75.00, Acc(5): 100.00
2023-06-19 16:21:53,335 - AUGCON - INFO - Epoch [30/50]-(20/22) Loss: 0.7286, Acc(1): 75.00, Acc(5): 100.00
2023-06-19 16:21:53,335 - AUGCON - INFO - 	Validation Loss: 0.5225, Acc(1): 84.00, Acc(5): 100.00, F1: 0.19, Recall: 0.18, Precision: 0.20
2023-06-19 16:21:53,335 - AUGCON - INFO - Epoch [31/50]-(0/22) Loss: 0.9130, Acc(1): 75.00, Acc(5): 100.00
2023-06-19 16:21:53,335 - AUGCON - INFO - Epoch [31/50]-(5/22) Loss: 0.5262, Acc(1): 75.00, Acc(5): 100.00
2023-06-19 16:21:53,335 - AUGCON - INFO - Epoch [31/50]-(10/22) Loss: 0.7039, Acc(1): 75.00, Acc(5): 100.00
2023-06-19 16:21:53,336 - AUGCON - INFO - Epoch [31/50]-(15/22) Loss: 0.4205, Acc(1): 100.00, Acc(5): 100.00
2023-06-19 16:21:53,336 - AUGCON - INFO - Epoch [31/50]-(20/22) Loss: 0.2276, Acc(1): 100.00, Acc(5): 100.00
2023-06-19 16:21:53,336 - AUGCON - INFO - 	Validation Loss: 0.5367, Acc(1): 82.00, Acc(5): 100.00, F1: 0.18, Recall: 0.18, Precision: 0.18
2023-06-19 16:21:53,336 - AUGCON - INFO - Epoch [32/50]-(0/22) Loss: 0.3378, Acc(1): 100.00, Acc(5): 100.00
2023-06-19 16:21:53,336 - AUGCON - INFO - Epoch [32/50]-(5/22) Loss: 0.3920, Acc(1): 75.00, Acc(5): 100.00
2023-06-19 16:21:53,336 - AUGCON - INFO - Epoch [32/50]-(10/22) Loss: 0.2163, Acc(1): 100.00, Acc(5): 100.00
2023-06-19 16:21:53,336 - AUGCON - INFO - Epoch [32/50]-(15/22) Loss: 0.7501, Acc(1): 75.00, Acc(5): 100.00
2023-06-19 16:21:53,336 - AUGCON - INFO - Epoch [32/50]-(20/22) Loss: 0.3436, Acc(1): 100.00, Acc(5): 100.00
2023-06-19 16:21:53,337 - AUGCON - INFO - 	Validation Loss: 0.5270, Acc(1): 82.00, Acc(5): 100.00, F1: 0.18, Recall: 0.18, Precision: 0.19
2023-06-19 16:21:53,337 - AUGCON - INFO - Epoch [33/50]-(0/22) Loss: 0.2894, Acc(1): 100.00, Acc(5): 100.00
2023-06-19 16:21:53,337 - AUGCON - INFO - Epoch [33/50]-(5/22) Loss: 0.1851, Acc(1): 100.00, Acc(5): 100.00
2023-06-19 16:21:53,337 - AUGCON - INFO - Epoch [33/50]-(10/22) Loss: 0.2044, Acc(1): 100.00, Acc(5): 100.00
2023-06-19 16:21:53,337 - AUGCON - INFO - Epoch [33/50]-(15/22) Loss: 0.5741, Acc(1): 50.00, Acc(5): 100.00
2023-06-19 16:21:53,337 - AUGCON - INFO - Epoch [33/50]-(20/22) Loss: 0.4314, Acc(1): 100.00, Acc(5): 100.00
2023-06-19 16:21:53,337 - AUGCON - INFO - 	Validation Loss: 0.4883, Acc(1): 85.00, Acc(5): 100.00, F1: 0.19, Recall: 0.18, Precision: 0.19
2023-06-19 16:21:53,338 - AUGCON - INFO - Epoch [34/50]-(0/22) Loss: 0.1986, Acc(1): 100.00, Acc(5): 100.00
2023-06-19 16:21:53,338 - AUGCON - INFO - Epoch [34/50]-(5/22) Loss: 0.4212, Acc(1): 100.00, Acc(5): 100.00
2023-06-19 16:21:53,338 - AUGCON - INFO - Epoch [34/50]-(10/22) Loss: 0.1941, Acc(1): 100.00, Acc(5): 100.00
2023-06-19 16:21:53,338 - AUGCON - INFO - Epoch [34/50]-(15/22) Loss: 0.2257, Acc(1): 100.00, Acc(5): 100.00
2023-06-19 16:21:53,338 - AUGCON - INFO - Epoch [34/50]-(20/22) Loss: 1.4045, Acc(1): 25.00, Acc(5): 100.00
2023-06-19 16:21:53,338 - AUGCON - INFO - 	Validation Loss: 0.5172, Acc(1): 82.00, Acc(5): 100.00, F1: 0.18, Recall: 0.18, Precision: 0.19
2023-06-19 16:21:53,338 - AUGCON - INFO - Epoch [35/50]-(0/22) Loss: 0.3505, Acc(1): 75.00, Acc(5): 100.00
2023-06-19 16:21:53,338 - AUGCON - INFO - Epoch [35/50]-(5/22) Loss: 0.4156, Acc(1): 75.00, Acc(5): 100.00
2023-06-19 16:21:53,339 - AUGCON - INFO - Epoch [35/50]-(10/22) Loss: 0.1802, Acc(1): 100.00, Acc(5): 100.00
2023-06-19 16:21:53,339 - AUGCON - INFO - Epoch [35/50]-(15/22) Loss: 0.3666, Acc(1): 100.00, Acc(5): 100.00
2023-06-19 16:21:53,339 - AUGCON - INFO - Epoch [35/50]-(20/22) Loss: 0.3637, Acc(1): 100.00, Acc(5): 100.00
2023-06-19 16:21:53,339 - AUGCON - INFO - 	Validation Loss: 0.4777, Acc(1): 82.00, Acc(5): 100.00, F1: 0.18, Recall: 0.18, Precision: 0.18
2023-06-19 16:21:53,339 - AUGCON - INFO - Epoch [36/50]-(0/22) Loss: 0.2914, Acc(1): 100.00, Acc(5): 100.00
2023-06-19 16:21:53,339 - AUGCON - INFO - Epoch [36/50]-(5/22) Loss: 0.2245, Acc(1): 100.00, Acc(5): 100.00
2023-06-19 16:21:53,339 - AUGCON - INFO - Epoch [36/50]-(10/22) Loss: 0.1982, Acc(1): 100.00, Acc(5): 100.00
2023-06-19 16:21:53,339 - AUGCON - INFO - Epoch [36/50]-(15/22) Loss: 0.2889, Acc(1): 100.00, Acc(5): 100.00
2023-06-19 16:21:53,339 - AUGCON - INFO - Epoch [36/50]-(20/22) Loss: 1.1696, Acc(1): 75.00, Acc(5): 100.00
2023-06-19 16:21:53,339 - AUGCON - INFO - 	Validation Loss: 0.5610, Acc(1): 79.00, Acc(5): 100.00, F1: 0.17, Recall: 0.17, Precision: 0.18
2023-06-19 16:21:53,340 - AUGCON - INFO - Epoch [37/50]-(0/22) Loss: 0.2122, Acc(1): 100.00, Acc(5): 100.00
2023-06-19 16:21:53,340 - AUGCON - INFO - Epoch [37/50]-(5/22) Loss: 0.2129, Acc(1): 100.00, Acc(5): 100.00
2023-06-19 16:21:53,340 - AUGCON - INFO - Epoch [37/50]-(10/22) Loss: 0.2635, Acc(1): 100.00, Acc(5): 100.00
2023-06-19 16:21:53,340 - AUGCON - INFO - Epoch [37/50]-(15/22) Loss: 0.4955, Acc(1): 75.00, Acc(5): 100.00
2023-06-19 16:21:53,340 - AUGCON - INFO - Epoch [37/50]-(20/22) Loss: 0.7038, Acc(1): 75.00, Acc(5): 100.00
2023-06-19 16:21:53,340 - AUGCON - INFO - 	Validation Loss: 0.5170, Acc(1): 83.00, Acc(5): 100.00, F1: 0.18, Recall: 0.18, Precision: 0.19
2023-06-19 16:21:53,340 - AUGCON - INFO - Epoch [38/50]-(0/22) Loss: 0.4069, Acc(1): 75.00, Acc(5): 100.00
2023-06-19 16:21:53,340 - AUGCON - INFO - Epoch [38/50]-(5/22) Loss: 0.5167, Acc(1): 75.00, Acc(5): 100.00
2023-06-19 16:21:53,340 - AUGCON - INFO - Epoch [38/50]-(10/22) Loss: 0.6578, Acc(1): 75.00, Acc(5): 100.00
2023-06-19 16:21:53,340 - AUGCON - INFO - Epoch [38/50]-(15/22) Loss: 0.4683, Acc(1): 75.00, Acc(5): 100.00
2023-06-19 16:21:53,340 - AUGCON - INFO - Epoch [38/50]-(20/22) Loss: 0.4099, Acc(1): 100.00, Acc(5): 100.00
2023-06-19 16:21:53,340 - AUGCON - INFO - 	Validation Loss: 0.4806, Acc(1): 83.00, Acc(5): 100.00, F1: 0.18, Recall: 0.18, Precision: 0.19
2023-06-19 16:21:53,340 - AUGCON - INFO - Epoch [39/50]-(0/22) Loss: 0.4663, Acc(1): 75.00, Acc(5): 100.00
2023-06-19 16:21:53,341 - AUGCON - INFO - Epoch [39/50]-(5/22) Loss: 0.2363, Acc(1): 100.00, Acc(5): 100.00
2023-06-19 16:21:53,341 - AUGCON - INFO - Epoch [39/50]-(10/22) Loss: 0.8107, Acc(1): 75.00, Acc(5): 100.00
2023-06-19 16:21:53,341 - AUGCON - INFO - Epoch [39/50]-(15/22) Loss: 0.7126, Acc(1): 75.00, Acc(5): 100.00
2023-06-19 16:21:53,341 - AUGCON - INFO - Epoch [39/50]-(20/22) Loss: 0.2318, Acc(1): 100.00, Acc(5): 100.00
2023-06-19 16:21:53,341 - AUGCON - INFO - 	Validation Loss: 0.5325, Acc(1): 85.00, Acc(5): 100.00, F1: 0.19, Recall: 0.18, Precision: 0.19
2023-06-19 16:21:53,341 - AUGCON - INFO - Epoch [40/50]-(0/22) Loss: 0.6716, Acc(1): 75.00, Acc(5): 100.00
2023-06-19 16:21:53,341 - AUGCON - INFO - Epoch [40/50]-(5/22) Loss: 0.4724, Acc(1): 75.00, Acc(5): 100.00
2023-06-19 16:21:53,341 - AUGCON - INFO - Epoch [40/50]-(10/22) Loss: 1.2172, Acc(1): 50.00, Acc(5): 100.00
2023-06-19 16:21:53,341 - AUGCON - INFO - Epoch [40/50]-(15/22) Loss: 0.5446, Acc(1): 75.00, Acc(5): 100.00
2023-06-19 16:21:53,341 - AUGCON - INFO - Epoch [40/50]-(20/22) Loss: 0.5265, Acc(1): 75.00, Acc(5): 100.00
2023-06-19 16:21:53,341 - AUGCON - INFO - 	Validation Loss: 0.4730, Acc(1): 86.00, Acc(5): 100.00, F1: 0.19, Recall: 0.19, Precision: 0.20
2023-06-19 16:21:53,341 - AUGCON - INFO - Epoch [41/50]-(0/22) Loss: 0.2904, Acc(1): 100.00, Acc(5): 100.00
2023-06-19 16:21:53,341 - AUGCON - INFO - Epoch [41/50]-(5/22) Loss: 0.2870, Acc(1): 100.00, Acc(5): 100.00
2023-06-19 16:21:53,341 - AUGCON - INFO - Epoch [41/50]-(10/22) Loss: 0.2051, Acc(1): 100.00, Acc(5): 100.00
2023-06-19 16:21:53,341 - AUGCON - INFO - Epoch [41/50]-(15/22) Loss: 0.2250, Acc(1): 100.00, Acc(5): 100.00
2023-06-19 16:21:53,342 - AUGCON - INFO - Epoch [41/50]-(20/22) Loss: 0.4928, Acc(1): 75.00, Acc(5): 100.00
2023-06-19 16:21:53,342 - AUGCON - INFO - 	Validation Loss: 0.4966, Acc(1): 82.00, Acc(5): 100.00, F1: 0.18, Recall: 0.18, Precision: 0.18
2023-06-19 16:21:53,342 - AUGCON - INFO - Epoch [42/50]-(0/22) Loss: 0.1660, Acc(1): 100.00, Acc(5): 100.00
2023-06-19 16:21:53,342 - AUGCON - INFO - Epoch [42/50]-(5/22) Loss: 0.5044, Acc(1): 75.00, Acc(5): 100.00
2023-06-19 16:21:53,342 - AUGCON - INFO - Epoch [42/50]-(10/22) Loss: 0.2340, Acc(1): 100.00, Acc(5): 100.00
2023-06-19 16:21:53,342 - AUGCON - INFO - Epoch [42/50]-(15/22) Loss: 0.1989, Acc(1): 100.00, Acc(5): 100.00
2023-06-19 16:21:53,342 - AUGCON - INFO - Epoch [42/50]-(20/22) Loss: 0.5937, Acc(1): 75.00, Acc(5): 100.00
2023-06-19 16:21:53,342 - AUGCON - INFO - 	Validation Loss: 0.5034, Acc(1): 81.00, Acc(5): 100.00, F1: 0.18, Recall: 0.17, Precision: 0.18
2023-06-19 16:21:53,342 - AUGCON - INFO - Epoch [43/50]-(0/22) Loss: 0.2275, Acc(1): 100.00, Acc(5): 100.00
2023-06-19 16:21:53,342 - AUGCON - INFO - Epoch [43/50]-(5/22) Loss: 0.2261, Acc(1): 100.00, Acc(5): 100.00
2023-06-19 16:21:53,342 - AUGCON - INFO - Epoch [43/50]-(10/22) Loss: 0.1941, Acc(1): 100.00, Acc(5): 100.00
2023-06-19 16:21:53,342 - AUGCON - INFO - Epoch [43/50]-(15/22) Loss: 0.1708, Acc(1): 100.00, Acc(5): 100.00
2023-06-19 16:21:53,342 - AUGCON - INFO - Epoch [43/50]-(20/22) Loss: 0.6896, Acc(1): 75.00, Acc(5): 100.00
2023-06-19 16:21:53,342 - AUGCON - INFO - 	Validation Loss: 0.5004, Acc(1): 84.00, Acc(5): 100.00, F1: 0.19, Recall: 0.18, Precision: 0.20
2023-06-19 16:21:53,343 - AUGCON - INFO - Epoch [44/50]-(0/22) Loss: 0.4269, Acc(1): 75.00, Acc(5): 100.00
2023-06-19 16:21:53,343 - AUGCON - INFO - Epoch [44/50]-(5/22) Loss: 0.3877, Acc(1): 75.00, Acc(5): 100.00
2023-06-19 16:21:53,343 - AUGCON - INFO - Epoch [44/50]-(10/22) Loss: 0.1680, Acc(1): 100.00, Acc(5): 100.00
2023-06-19 16:21:53,343 - AUGCON - INFO - Epoch [44/50]-(15/22) Loss: 0.1346, Acc(1): 100.00, Acc(5): 100.00
2023-06-19 16:21:53,343 - AUGCON - INFO - Epoch [44/50]-(20/22) Loss: 0.1567, Acc(1): 100.00, Acc(5): 100.00
2023-06-19 16:21:53,343 - AUGCON - INFO - 	Validation Loss: 0.4854, Acc(1): 85.00, Acc(5): 100.00, F1: 0.19, Recall: 0.18, Precision: 0.19
2023-06-19 16:21:53,343 - AUGCON - INFO - Epoch [45/50]-(0/22) Loss: 0.1670, Acc(1): 100.00, Acc(5): 100.00
2023-06-19 16:21:53,343 - AUGCON - INFO - Epoch [45/50]-(5/22) Loss: 0.1108, Acc(1): 100.00, Acc(5): 100.00
2023-06-19 16:21:53,343 - AUGCON - INFO - Epoch [45/50]-(10/22) Loss: 0.1512, Acc(1): 100.00, Acc(5): 100.00
2023-06-19 16:21:53,343 - AUGCON - INFO - Epoch [45/50]-(15/22) Loss: 0.6183, Acc(1): 50.00, Acc(5): 100.00
2023-06-19 16:21:53,343 - AUGCON - INFO - Epoch [45/50]-(20/22) Loss: 0.2757, Acc(1): 100.00, Acc(5): 100.00
2023-06-19 16:21:53,343 - AUGCON - INFO - 	Validation Loss: 0.4824, Acc(1): 83.00, Acc(5): 100.00, F1: 0.18, Recall: 0.18, Precision: 0.19
2023-06-19 16:21:53,343 - AUGCON - INFO - Epoch [46/50]-(0/22) Loss: 0.2334, Acc(1): 100.00, Acc(5): 100.00
2023-06-19 16:21:53,343 - AUGCON - INFO - Epoch [46/50]-(5/22) Loss: 0.2229, Acc(1): 100.00, Acc(5): 100.00
2023-06-19 16:21:53,343 - AUGCON - INFO - Epoch [46/50]-(10/22) Loss: 0.2452, Acc(1): 100.00, Acc(5): 100.00
2023-06-19 16:21:53,344 - AUGCON - INFO - Epoch [46/50]-(15/22) Loss: 0.3339, Acc(1): 75.00, Acc(5): 100.00
2023-06-19 16:21:53,344 - AUGCON - INFO - Epoch [46/50]-(20/22) Loss: 0.2322, Acc(1): 100.00, Acc(5): 100.00
2023-06-19 16:21:53,344 - AUGCON - INFO - 	Validation Loss: 0.5428, Acc(1): 82.00, Acc(5): 100.00, F1: 0.18, Recall: 0.18, Precision: 0.19
2023-06-19 16:21:53,344 - AUGCON - INFO - Epoch [47/50]-(0/22) Loss: 0.2021, Acc(1): 100.00, Acc(5): 100.00
2023-06-19 16:21:53,344 - AUGCON - INFO - Epoch [47/50]-(5/22) Loss: 0.6206, Acc(1): 75.00, Acc(5): 100.00
2023-06-19 16:21:53,344 - AUGCON - INFO - Epoch [47/50]-(10/22) Loss: 0.4682, Acc(1): 75.00, Acc(5): 100.00
2023-06-19 16:21:53,344 - AUGCON - INFO - Epoch [47/50]-(15/22) Loss: 0.2659, Acc(1): 75.00, Acc(5): 100.00
2023-06-19 16:21:53,344 - AUGCON - INFO - Epoch [47/50]-(20/22) Loss: 0.3038, Acc(1): 100.00, Acc(5): 100.00
2023-06-19 16:21:53,344 - AUGCON - INFO - 	Validation Loss: 0.5075, Acc(1): 81.00, Acc(5): 100.00, F1: 0.18, Recall: 0.17, Precision: 0.19
2023-06-19 16:21:53,344 - AUGCON - INFO - Epoch [48/50]-(0/22) Loss: 0.5248, Acc(1): 75.00, Acc(5): 100.00
2023-06-19 16:21:53,344 - AUGCON - INFO - Epoch [48/50]-(5/22) Loss: 0.1314, Acc(1): 100.00, Acc(5): 100.00
2023-06-19 16:21:53,344 - AUGCON - INFO - Epoch [48/50]-(10/22) Loss: 1.1056, Acc(1): 75.00, Acc(5): 100.00
2023-06-19 16:21:53,345 - AUGCON - INFO - Epoch [48/50]-(15/22) Loss: 0.1352, Acc(1): 100.00, Acc(5): 100.00
2023-06-19 16:21:53,345 - AUGCON - INFO - Epoch [48/50]-(20/22) Loss: 0.4728, Acc(1): 75.00, Acc(5): 100.00
2023-06-19 16:21:53,345 - AUGCON - INFO - 	Validation Loss: 0.4374, Acc(1): 83.00, Acc(5): 100.00, F1: 0.18, Recall: 0.18, Precision: 0.18
2023-06-19 16:21:53,345 - AUGCON - INFO - Epoch [49/50]-(0/22) Loss: 0.4973, Acc(1): 75.00, Acc(5): 100.00
2023-06-19 16:21:53,345 - AUGCON - INFO - Epoch [49/50]-(5/22) Loss: 0.4285, Acc(1): 75.00, Acc(5): 100.00
2023-06-19 16:21:53,345 - AUGCON - INFO - Epoch [49/50]-(10/22) Loss: 0.8810, Acc(1): 75.00, Acc(5): 100.00
2023-06-19 16:21:53,345 - AUGCON - INFO - Epoch [49/50]-(15/22) Loss: 0.2388, Acc(1): 100.00, Acc(5): 100.00
2023-06-19 16:21:53,345 - AUGCON - INFO - Epoch [49/50]-(20/22) Loss: 0.7317, Acc(1): 75.00, Acc(5): 100.00
2023-06-19 16:21:53,345 - AUGCON - INFO - 	Validation Loss: 0.4630, Acc(1): 84.00, Acc(5): 100.00, F1: 0.19, Recall: 0.18, Precision: 0.19
2023-06-19 16:21:53,345 - AUGCON - INFO - Epoch [50/50]-(0/22) Loss: 0.4103, Acc(1): 75.00, Acc(5): 100.00
2023-06-19 16:21:53,346 - AUGCON - INFO - Epoch [50/50]-(5/22) Loss: 0.3903, Acc(1): 75.00, Acc(5): 100.00
2023-06-19 16:21:53,346 - AUGCON - INFO - Epoch [50/50]-(10/22) Loss: 0.3882, Acc(1): 75.00, Acc(5): 100.00
2023-06-19 16:21:53,346 - AUGCON - INFO - Epoch [50/50]-(15/22) Loss: 0.3611, Acc(1): 100.00, Acc(5): 100.00
2023-06-19 16:21:53,346 - AUGCON - INFO - Epoch [50/50]-(20/22) Loss: 0.1718, Acc(1): 100.00, Acc(5): 100.00
2023-06-19 16:21:53,346 - AUGCON - INFO - 	Validation Loss: 0.4627, Acc(1): 85.00, Acc(5): 100.00, F1: 0.19, Recall: 0.18, Precision: 0.19
2023-06-19 16:21:53,346 - AUGCON - INFO - 	Validation Loss: 0.3577, Acc(1): 89.00, Acc(5): 100.00, F1: 0.20, Recall: 0.20, Precision: 0.20
