2023-06-19 16:29:39,760 - AUGCON - INFO - logger initialized (/home/hjyoon/projects/augcon/config/exp0/finetune_da_false/without_target_domain_WA4697-jhryu/metacpc_perdomain_8421/tgt_target_domain_PH0007-jskim_seed0.yaml.log)
2023-06-19 16:29:39,760 - AUGCON - INFO - ================= Config =================
2023-06-19 16:29:39,760 - AUGCON - INFO -   mode: finetune
2023-06-19 16:29:39,760 - AUGCON - INFO -   seed: 0
2023-06-19 16:29:39,760 - AUGCON - INFO -   gpu: [1]
2023-06-19 16:29:39,760 - AUGCON - INFO -   num_workers: 1
2023-06-19 16:29:39,761 - AUGCON - INFO -   dist_url: tcp://localhost:10001
2023-06-19 16:29:39,761 - AUGCON - INFO -   dataset_name: ichar
2023-06-19 16:29:39,761 - AUGCON - INFO -   train_dataset_path: /mnt/sting/hjyoon/projects/cross/ICHAR/augcon/target_domain_PH0007-jskim/finetune/10shot/target/train.pkl
2023-06-19 16:29:39,761 - AUGCON - INFO -   test_dataset_path: /mnt/sting/hjyoon/projects/cross/ICHAR/augcon/target_domain_PH0007-jskim/finetune/10shot/target/test.pkl
2023-06-19 16:29:39,761 - AUGCON - INFO -   val_dataset_path: /mnt/sting/hjyoon/projects/cross/ICHAR/augcon/target_domain_PH0007-jskim/finetune/10shot/target/val.pkl
2023-06-19 16:29:39,761 - AUGCON - INFO -   input_channels: 3
2023-06-19 16:29:39,761 - AUGCON - INFO -   num_cls: 9
2023-06-19 16:29:39,761 - AUGCON - INFO -   optimizer: adam
2023-06-19 16:29:39,761 - AUGCON - INFO -   criterion: crossentropy
2023-06-19 16:29:39,761 - AUGCON - INFO -   start_epoch: 0
2023-06-19 16:29:39,761 - AUGCON - INFO -   epochs: 50
2023-06-19 16:29:39,761 - AUGCON - INFO -   batch_size: 4
2023-06-19 16:29:39,761 - AUGCON - INFO -   lr: 0.001
2023-06-19 16:29:39,761 - AUGCON - INFO -   wd: 0.0
2023-06-19 16:29:39,761 - AUGCON - INFO -   resume: 
2023-06-19 16:29:39,761 - AUGCON - INFO -   pretrained: /mnt/sting/hjyoon/projects/augcontrast/models/exp0/pretrain/without_target_domain_WA4697-jhryu/metacpc_perdomain_8421/checkpoint_0999.pth.tar
2023-06-19 16:29:39,761 - AUGCON - INFO -   ckpt_dir: /mnt/sting/hjyoon/projects/augcontrast/models/exp0/finetune_da_false/without_target_domain_WA4697-jhryu/metacpc_perdomain_8421/tgt_target_domain_PH0007-jskim_seed0
2023-06-19 16:29:39,761 - AUGCON - INFO -   log_freq: 5
2023-06-19 16:29:39,761 - AUGCON - INFO -   save_freq: 10
2023-06-19 16:29:39,761 - AUGCON - INFO -   pretext: metacpc
2023-06-19 16:29:39,761 - AUGCON - INFO -   enc_blocks: 4
2023-06-19 16:29:39,761 - AUGCON - INFO -   kernel_sizes: [8, 4, 2, 1]
2023-06-19 16:29:39,761 - AUGCON - INFO -   strides: [4, 2, 1, 1]
2023-06-19 16:29:39,761 - AUGCON - INFO -   agg_blocks: 5
2023-06-19 16:29:39,761 - AUGCON - INFO -   z_dim: 256
2023-06-19 16:29:39,761 - AUGCON - INFO -   pooling: mean
2023-06-19 16:29:39,762 - AUGCON - INFO -   pred_steps: 12
2023-06-19 16:29:39,762 - AUGCON - INFO -   n_negatives: 15
2023-06-19 16:29:39,762 - AUGCON - INFO -   offset: 4
2023-06-19 16:29:39,762 - AUGCON - INFO -   domain_adaptation: False
2023-06-19 16:29:39,762 - AUGCON - INFO -   task_steps: 10
2023-06-19 16:29:39,762 - AUGCON - INFO -   task_lr: 0.001
2023-06-19 16:29:39,762 - AUGCON - INFO -   reg_lambda: 0
2023-06-19 16:29:39,762 - AUGCON - INFO -   mlp: False
2023-06-19 16:29:39,762 - AUGCON - INFO -   freeze: True
2023-06-19 16:29:39,762 - AUGCON - INFO -   no_vars: False
2023-06-19 16:29:39,762 - AUGCON - INFO - ==========================================
2023-06-19 16:29:39,762 - AUGCON - INFO - Setting GPUs: [1]
2023-06-19 16:29:39,762 - AUGCON - INFO - GPUs [1] will be used
2023-06-19 16:29:39,763 - AUGCON - WARNING - You have chosen to seed training. 
2023-06-19 16:29:39,763 - AUGCON - WARNING - This will turn on the CUDNN deterministic setting, 
2023-06-19 16:29:39,763 - AUGCON - WARNING - which can slow down your training considerably! 
2023-06-19 16:29:39,763 - AUGCON - WARNING - You may see unexpected behavior when restarting 
2023-06-19 16:29:39,763 - AUGCON - WARNING - from checkpoints.
2023-06-19 16:29:39,793 - AUGCON - INFO - Executing MetaCPC
2023-06-19 16:29:39,793 - AUGCON - INFO - Logs are skipped during training
2023-06-19 16:29:59,383 - AUGCON - INFO - Single GPU is used for training - training 90 instances for each worker
2023-06-19 16:29:59,383 - AUGCON - INFO - Loading pretrained model from checkpoint - /mnt/sting/hjyoon/projects/augcontrast/models/exp0/pretrain/without_target_domain_WA4697-jhryu/metacpc_perdomain_8421/checkpoint_0999.pth.tar
2023-06-19 16:29:59,383 - AUGCON - INFO - Missing keys: []
2023-06-19 16:29:59,383 - AUGCON - INFO - Loading encoder parameters to the classifier
2023-06-19 16:29:59,384 - AUGCON - INFO - Missing keys: ['classifier.block.0.weight', 'classifier.block.0.bias']
2023-06-19 16:29:59,384 - AUGCON - INFO - Epoch [1/50]-(0/22) Loss: 2.0015, Acc(1): 0.00, Acc(5): 75.00
2023-06-19 16:29:59,384 - AUGCON - INFO - Epoch [1/50]-(5/22) Loss: 1.9612, Acc(1): 50.00, Acc(5): 75.00
2023-06-19 16:29:59,384 - AUGCON - INFO - Epoch [1/50]-(10/22) Loss: 2.5088, Acc(1): 25.00, Acc(5): 25.00
2023-06-19 16:29:59,384 - AUGCON - INFO - Epoch [1/50]-(15/22) Loss: 2.4368, Acc(1): 50.00, Acc(5): 50.00
2023-06-19 16:29:59,384 - AUGCON - INFO - Epoch [1/50]-(20/22) Loss: 2.4962, Acc(1): 0.00, Acc(5): 25.00
2023-06-19 16:29:59,384 - AUGCON - INFO - 	Validation Loss: 1.8907, Acc(1): 41.00, Acc(5): 76.00, F1: 0.11, Recall: 0.13, Precision: 0.10
2023-06-19 16:29:59,384 - AUGCON - INFO - Epoch [2/50]-(0/22) Loss: 2.0020, Acc(1): 50.00, Acc(5): 75.00
2023-06-19 16:29:59,384 - AUGCON - INFO - Epoch [2/50]-(5/22) Loss: 1.6299, Acc(1): 50.00, Acc(5): 100.00
2023-06-19 16:29:59,384 - AUGCON - INFO - Epoch [2/50]-(10/22) Loss: 2.1258, Acc(1): 0.00, Acc(5): 50.00
2023-06-19 16:29:59,384 - AUGCON - INFO - Epoch [2/50]-(15/22) Loss: 1.6880, Acc(1): 50.00, Acc(5): 75.00
2023-06-19 16:29:59,384 - AUGCON - INFO - Epoch [2/50]-(20/22) Loss: 1.9495, Acc(1): 25.00, Acc(5): 100.00
2023-06-19 16:29:59,384 - AUGCON - INFO - 	Validation Loss: 1.6783, Acc(1): 49.00, Acc(5): 90.00, F1: 0.17, Recall: 0.15, Precision: 0.19
2023-06-19 16:29:59,384 - AUGCON - INFO - Epoch [3/50]-(0/22) Loss: 1.8122, Acc(1): 25.00, Acc(5): 100.00
2023-06-19 16:29:59,385 - AUGCON - INFO - Epoch [3/50]-(5/22) Loss: 1.9177, Acc(1): 50.00, Acc(5): 75.00
2023-06-19 16:29:59,385 - AUGCON - INFO - Epoch [3/50]-(10/22) Loss: 1.7477, Acc(1): 75.00, Acc(5): 100.00
2023-06-19 16:29:59,385 - AUGCON - INFO - Epoch [3/50]-(15/22) Loss: 1.5038, Acc(1): 75.00, Acc(5): 100.00
2023-06-19 16:29:59,385 - AUGCON - INFO - Epoch [3/50]-(20/22) Loss: 1.3919, Acc(1): 75.00, Acc(5): 100.00
2023-06-19 16:29:59,385 - AUGCON - INFO - 	Validation Loss: 1.5653, Acc(1): 56.00, Acc(5): 90.00, F1: 0.18, Recall: 0.18, Precision: 0.17
2023-06-19 16:29:59,385 - AUGCON - INFO - Epoch [4/50]-(0/22) Loss: 1.3242, Acc(1): 75.00, Acc(5): 100.00
2023-06-19 16:29:59,385 - AUGCON - INFO - Epoch [4/50]-(5/22) Loss: 1.3552, Acc(1): 50.00, Acc(5): 100.00
2023-06-19 16:29:59,385 - AUGCON - INFO - Epoch [4/50]-(10/22) Loss: 1.4672, Acc(1): 25.00, Acc(5): 100.00
2023-06-19 16:29:59,385 - AUGCON - INFO - Epoch [4/50]-(15/22) Loss: 1.9710, Acc(1): 50.00, Acc(5): 50.00
2023-06-19 16:29:59,385 - AUGCON - INFO - Epoch [4/50]-(20/22) Loss: 2.2508, Acc(1): 50.00, Acc(5): 50.00
2023-06-19 16:29:59,385 - AUGCON - INFO - 	Validation Loss: 1.4288, Acc(1): 61.00, Acc(5): 90.00, F1: 0.20, Recall: 0.19, Precision: 0.21
2023-06-19 16:29:59,385 - AUGCON - INFO - Epoch [5/50]-(0/22) Loss: 1.4698, Acc(1): 75.00, Acc(5): 100.00
2023-06-19 16:29:59,385 - AUGCON - INFO - Epoch [5/50]-(5/22) Loss: 0.9771, Acc(1): 75.00, Acc(5): 100.00
2023-06-19 16:29:59,385 - AUGCON - INFO - Epoch [5/50]-(10/22) Loss: 1.4075, Acc(1): 75.00, Acc(5): 100.00
2023-06-19 16:29:59,385 - AUGCON - INFO - Epoch [5/50]-(15/22) Loss: 1.2247, Acc(1): 75.00, Acc(5): 100.00
2023-06-19 16:29:59,385 - AUGCON - INFO - Epoch [5/50]-(20/22) Loss: 1.5404, Acc(1): 50.00, Acc(5): 75.00
2023-06-19 16:29:59,386 - AUGCON - INFO - 	Validation Loss: 1.4140, Acc(1): 59.00, Acc(5): 93.00, F1: 0.17, Recall: 0.19, Precision: 0.16
2023-06-19 16:29:59,386 - AUGCON - INFO - Epoch [6/50]-(0/22) Loss: 1.1473, Acc(1): 50.00, Acc(5): 100.00
2023-06-19 16:29:59,386 - AUGCON - INFO - Epoch [6/50]-(5/22) Loss: 1.2768, Acc(1): 50.00, Acc(5): 100.00
2023-06-19 16:29:59,386 - AUGCON - INFO - Epoch [6/50]-(10/22) Loss: 1.3651, Acc(1): 75.00, Acc(5): 100.00
2023-06-19 16:29:59,386 - AUGCON - INFO - Epoch [6/50]-(15/22) Loss: 1.3239, Acc(1): 50.00, Acc(5): 100.00
2023-06-19 16:29:59,386 - AUGCON - INFO - Epoch [6/50]-(20/22) Loss: 2.0186, Acc(1): 0.00, Acc(5): 100.00
2023-06-19 16:29:59,386 - AUGCON - INFO - 	Validation Loss: 1.2931, Acc(1): 67.00, Acc(5): 91.00, F1: 0.21, Recall: 0.20, Precision: 0.22
2023-06-19 16:29:59,386 - AUGCON - INFO - Epoch [7/50]-(0/22) Loss: 1.6134, Acc(1): 50.00, Acc(5): 75.00
2023-06-19 16:29:59,386 - AUGCON - INFO - Epoch [7/50]-(5/22) Loss: 1.4357, Acc(1): 50.00, Acc(5): 100.00
2023-06-19 16:29:59,386 - AUGCON - INFO - Epoch [7/50]-(10/22) Loss: 1.1654, Acc(1): 100.00, Acc(5): 100.00
2023-06-19 16:29:59,386 - AUGCON - INFO - Epoch [7/50]-(15/22) Loss: 1.7897, Acc(1): 25.00, Acc(5): 75.00
2023-06-19 16:29:59,386 - AUGCON - INFO - Epoch [7/50]-(20/22) Loss: 1.4940, Acc(1): 25.00, Acc(5): 100.00
2023-06-19 16:29:59,386 - AUGCON - INFO - 	Validation Loss: 1.2752, Acc(1): 61.00, Acc(5): 90.00, F1: 0.18, Recall: 0.20, Precision: 0.17
2023-06-19 16:29:59,386 - AUGCON - INFO - Epoch [8/50]-(0/22) Loss: 0.6374, Acc(1): 100.00, Acc(5): 100.00
2023-06-19 16:29:59,386 - AUGCON - INFO - Epoch [8/50]-(5/22) Loss: 1.4296, Acc(1): 50.00, Acc(5): 100.00
2023-06-19 16:29:59,386 - AUGCON - INFO - Epoch [8/50]-(10/22) Loss: 1.1102, Acc(1): 75.00, Acc(5): 100.00
2023-06-19 16:29:59,387 - AUGCON - INFO - Epoch [8/50]-(15/22) Loss: 1.5251, Acc(1): 50.00, Acc(5): 100.00
2023-06-19 16:29:59,387 - AUGCON - INFO - Epoch [8/50]-(20/22) Loss: 1.3468, Acc(1): 75.00, Acc(5): 100.00
2023-06-19 16:29:59,387 - AUGCON - INFO - 	Validation Loss: 1.2116, Acc(1): 70.00, Acc(5): 96.00, F1: 0.20, Recall: 0.20, Precision: 0.20
2023-06-19 16:29:59,387 - AUGCON - INFO - Epoch [9/50]-(0/22) Loss: 1.1276, Acc(1): 75.00, Acc(5): 100.00
2023-06-19 16:29:59,387 - AUGCON - INFO - Epoch [9/50]-(5/22) Loss: 1.0846, Acc(1): 75.00, Acc(5): 100.00
2023-06-19 16:29:59,387 - AUGCON - INFO - Epoch [9/50]-(10/22) Loss: 0.8766, Acc(1): 100.00, Acc(5): 100.00
2023-06-19 16:29:59,387 - AUGCON - INFO - Epoch [9/50]-(15/22) Loss: 0.7526, Acc(1): 100.00, Acc(5): 100.00
2023-06-19 16:29:59,387 - AUGCON - INFO - Epoch [9/50]-(20/22) Loss: 0.7816, Acc(1): 75.00, Acc(5): 100.00
2023-06-19 16:29:59,387 - AUGCON - INFO - 	Validation Loss: 1.2104, Acc(1): 61.00, Acc(5): 91.00, F1: 0.18, Recall: 0.19, Precision: 0.16
2023-06-19 16:29:59,387 - AUGCON - INFO - Epoch [10/50]-(0/22) Loss: 1.2790, Acc(1): 50.00, Acc(5): 100.00
2023-06-19 16:29:59,387 - AUGCON - INFO - Epoch [10/50]-(5/22) Loss: 0.7885, Acc(1): 100.00, Acc(5): 100.00
2023-06-19 16:29:59,387 - AUGCON - INFO - Epoch [10/50]-(10/22) Loss: 1.0604, Acc(1): 75.00, Acc(5): 100.00
2023-06-19 16:29:59,387 - AUGCON - INFO - Epoch [10/50]-(15/22) Loss: 1.3585, Acc(1): 25.00, Acc(5): 100.00
2023-06-19 16:29:59,387 - AUGCON - INFO - Epoch [10/50]-(20/22) Loss: 0.6101, Acc(1): 100.00, Acc(5): 100.00
2023-06-19 16:29:59,387 - AUGCON - INFO - 	Validation Loss: 1.1428, Acc(1): 69.00, Acc(5): 92.00, F1: 0.20, Recall: 0.19, Precision: 0.20
2023-06-19 16:29:59,387 - AUGCON - INFO - Epoch [11/50]-(0/22) Loss: 1.4242, Acc(1): 50.00, Acc(5): 100.00
2023-06-19 16:29:59,387 - AUGCON - INFO - Epoch [11/50]-(5/22) Loss: 0.8199, Acc(1): 75.00, Acc(5): 100.00
2023-06-19 16:29:59,388 - AUGCON - INFO - Epoch [11/50]-(10/22) Loss: 1.0336, Acc(1): 50.00, Acc(5): 100.00
2023-06-19 16:29:59,388 - AUGCON - INFO - Epoch [11/50]-(15/22) Loss: 0.8891, Acc(1): 100.00, Acc(5): 100.00
2023-06-19 16:29:59,388 - AUGCON - INFO - Epoch [11/50]-(20/22) Loss: 1.1653, Acc(1): 75.00, Acc(5): 100.00
2023-06-19 16:29:59,388 - AUGCON - INFO - 	Validation Loss: 1.1605, Acc(1): 62.00, Acc(5): 90.00, F1: 0.18, Recall: 0.20, Precision: 0.17
2023-06-19 16:29:59,388 - AUGCON - INFO - Epoch [12/50]-(0/22) Loss: 1.2104, Acc(1): 50.00, Acc(5): 100.00
2023-06-19 16:29:59,388 - AUGCON - INFO - Epoch [12/50]-(5/22) Loss: 1.1342, Acc(1): 75.00, Acc(5): 100.00
2023-06-19 16:29:59,388 - AUGCON - INFO - Epoch [12/50]-(10/22) Loss: 1.1325, Acc(1): 50.00, Acc(5): 100.00
2023-06-19 16:29:59,388 - AUGCON - INFO - Epoch [12/50]-(15/22) Loss: 1.0520, Acc(1): 75.00, Acc(5): 100.00
2023-06-19 16:29:59,388 - AUGCON - INFO - Epoch [12/50]-(20/22) Loss: 1.1435, Acc(1): 50.00, Acc(5): 100.00
2023-06-19 16:29:59,388 - AUGCON - INFO - 	Validation Loss: 1.1153, Acc(1): 70.00, Acc(5): 93.00, F1: 0.19, Recall: 0.20, Precision: 0.18
2023-06-19 16:29:59,388 - AUGCON - INFO - Epoch [13/50]-(0/22) Loss: 1.0864, Acc(1): 50.00, Acc(5): 100.00
2023-06-19 16:29:59,388 - AUGCON - INFO - Epoch [13/50]-(5/22) Loss: 0.7234, Acc(1): 100.00, Acc(5): 100.00
2023-06-19 16:29:59,388 - AUGCON - INFO - Epoch [13/50]-(10/22) Loss: 1.1986, Acc(1): 50.00, Acc(5): 100.00
2023-06-19 16:29:59,388 - AUGCON - INFO - Epoch [13/50]-(15/22) Loss: 0.9501, Acc(1): 75.00, Acc(5): 100.00
2023-06-19 16:29:59,388 - AUGCON - INFO - Epoch [13/50]-(20/22) Loss: 0.7827, Acc(1): 75.00, Acc(5): 100.00
2023-06-19 16:29:59,389 - AUGCON - INFO - 	Validation Loss: 1.1077, Acc(1): 67.00, Acc(5): 92.00, F1: 0.18, Recall: 0.19, Precision: 0.18
2023-06-19 16:29:59,389 - AUGCON - INFO - Epoch [14/50]-(0/22) Loss: 0.8021, Acc(1): 75.00, Acc(5): 100.00
2023-06-19 16:29:59,389 - AUGCON - INFO - Epoch [14/50]-(5/22) Loss: 0.9723, Acc(1): 75.00, Acc(5): 100.00
2023-06-19 16:29:59,389 - AUGCON - INFO - Epoch [14/50]-(10/22) Loss: 0.8948, Acc(1): 75.00, Acc(5): 100.00
2023-06-19 16:29:59,389 - AUGCON - INFO - Epoch [14/50]-(15/22) Loss: 0.8773, Acc(1): 75.00, Acc(5): 100.00
2023-06-19 16:29:59,389 - AUGCON - INFO - Epoch [14/50]-(20/22) Loss: 1.2669, Acc(1): 50.00, Acc(5): 100.00
2023-06-19 16:29:59,389 - AUGCON - INFO - 	Validation Loss: 1.0677, Acc(1): 73.00, Acc(5): 96.00, F1: 0.20, Recall: 0.21, Precision: 0.19
2023-06-19 16:29:59,389 - AUGCON - INFO - Epoch [15/50]-(0/22) Loss: 1.4216, Acc(1): 25.00, Acc(5): 100.00
2023-06-19 16:29:59,389 - AUGCON - INFO - Epoch [15/50]-(5/22) Loss: 1.0938, Acc(1): 75.00, Acc(5): 100.00
2023-06-19 16:29:59,389 - AUGCON - INFO - Epoch [15/50]-(10/22) Loss: 1.1639, Acc(1): 50.00, Acc(5): 100.00
2023-06-19 16:29:59,389 - AUGCON - INFO - Epoch [15/50]-(15/22) Loss: 0.7264, Acc(1): 75.00, Acc(5): 100.00
2023-06-19 16:29:59,389 - AUGCON - INFO - Epoch [15/50]-(20/22) Loss: 1.1465, Acc(1): 50.00, Acc(5): 100.00
2023-06-19 16:29:59,389 - AUGCON - INFO - 	Validation Loss: 1.0593, Acc(1): 69.00, Acc(5): 91.00, F1: 0.19, Recall: 0.19, Precision: 0.18
2023-06-19 16:29:59,389 - AUGCON - INFO - Epoch [16/50]-(0/22) Loss: 0.6641, Acc(1): 75.00, Acc(5): 100.00
2023-06-19 16:29:59,389 - AUGCON - INFO - Epoch [16/50]-(5/22) Loss: 1.0292, Acc(1): 50.00, Acc(5): 100.00
2023-06-19 16:29:59,389 - AUGCON - INFO - Epoch [16/50]-(10/22) Loss: 0.8447, Acc(1): 75.00, Acc(5): 100.00
2023-06-19 16:29:59,390 - AUGCON - INFO - Epoch [16/50]-(15/22) Loss: 0.7244, Acc(1): 75.00, Acc(5): 100.00
2023-06-19 16:29:59,390 - AUGCON - INFO - Epoch [16/50]-(20/22) Loss: 0.5418, Acc(1): 75.00, Acc(5): 100.00
2023-06-19 16:29:59,390 - AUGCON - INFO - 	Validation Loss: 1.0378, Acc(1): 72.00, Acc(5): 95.00, F1: 0.20, Recall: 0.21, Precision: 0.19
2023-06-19 16:29:59,390 - AUGCON - INFO - Epoch [17/50]-(0/22) Loss: 0.7104, Acc(1): 75.00, Acc(5): 100.00
2023-06-19 16:29:59,390 - AUGCON - INFO - Epoch [17/50]-(5/22) Loss: 1.0520, Acc(1): 50.00, Acc(5): 100.00
2023-06-19 16:29:59,390 - AUGCON - INFO - Epoch [17/50]-(10/22) Loss: 1.2038, Acc(1): 50.00, Acc(5): 100.00
2023-06-19 16:29:59,390 - AUGCON - INFO - Epoch [17/50]-(15/22) Loss: 1.0293, Acc(1): 50.00, Acc(5): 100.00
2023-06-19 16:29:59,390 - AUGCON - INFO - Epoch [17/50]-(20/22) Loss: 0.7678, Acc(1): 100.00, Acc(5): 100.00
2023-06-19 16:29:59,390 - AUGCON - INFO - 	Validation Loss: 1.0131, Acc(1): 73.00, Acc(5): 93.00, F1: 0.20, Recall: 0.21, Precision: 0.19
2023-06-19 16:29:59,390 - AUGCON - INFO - Epoch [18/50]-(0/22) Loss: 0.8511, Acc(1): 75.00, Acc(5): 100.00
2023-06-19 16:29:59,390 - AUGCON - INFO - Epoch [18/50]-(5/22) Loss: 0.3570, Acc(1): 100.00, Acc(5): 100.00
2023-06-19 16:29:59,390 - AUGCON - INFO - Epoch [18/50]-(10/22) Loss: 0.3853, Acc(1): 100.00, Acc(5): 100.00
2023-06-19 16:29:59,390 - AUGCON - INFO - Epoch [18/50]-(15/22) Loss: 0.6436, Acc(1): 100.00, Acc(5): 100.00
2023-06-19 16:29:59,390 - AUGCON - INFO - Epoch [18/50]-(20/22) Loss: 1.2130, Acc(1): 50.00, Acc(5): 100.00
2023-06-19 16:29:59,390 - AUGCON - INFO - 	Validation Loss: 0.9828, Acc(1): 71.00, Acc(5): 95.00, F1: 0.20, Recall: 0.20, Precision: 0.19
2023-06-19 16:29:59,390 - AUGCON - INFO - Epoch [19/50]-(0/22) Loss: 1.2938, Acc(1): 50.00, Acc(5): 100.00
2023-06-19 16:29:59,390 - AUGCON - INFO - Epoch [19/50]-(5/22) Loss: 0.3416, Acc(1): 100.00, Acc(5): 100.00
2023-06-19 16:29:59,391 - AUGCON - INFO - Epoch [19/50]-(10/22) Loss: 1.5955, Acc(1): 25.00, Acc(5): 100.00
2023-06-19 16:29:59,391 - AUGCON - INFO - Epoch [19/50]-(15/22) Loss: 1.3906, Acc(1): 50.00, Acc(5): 100.00
2023-06-19 16:29:59,391 - AUGCON - INFO - Epoch [19/50]-(20/22) Loss: 0.6699, Acc(1): 100.00, Acc(5): 100.00
2023-06-19 16:29:59,391 - AUGCON - INFO - 	Validation Loss: 0.9853, Acc(1): 75.00, Acc(5): 93.00, F1: 0.20, Recall: 0.21, Precision: 0.19
2023-06-19 16:29:59,391 - AUGCON - INFO - Epoch [20/50]-(0/22) Loss: 1.1945, Acc(1): 50.00, Acc(5): 75.00
2023-06-19 16:29:59,391 - AUGCON - INFO - Epoch [20/50]-(5/22) Loss: 0.6006, Acc(1): 75.00, Acc(5): 100.00
2023-06-19 16:29:59,391 - AUGCON - INFO - Epoch [20/50]-(10/22) Loss: 1.3611, Acc(1): 50.00, Acc(5): 100.00
2023-06-19 16:29:59,391 - AUGCON - INFO - Epoch [20/50]-(15/22) Loss: 0.6783, Acc(1): 75.00, Acc(5): 100.00
2023-06-19 16:29:59,391 - AUGCON - INFO - Epoch [20/50]-(20/22) Loss: 1.3234, Acc(1): 75.00, Acc(5): 75.00
2023-06-19 16:29:59,391 - AUGCON - INFO - 	Validation Loss: 0.9553, Acc(1): 73.00, Acc(5): 90.00, F1: 0.20, Recall: 0.21, Precision: 0.20
2023-06-19 16:29:59,391 - AUGCON - INFO - Epoch [21/50]-(0/22) Loss: 0.8502, Acc(1): 75.00, Acc(5): 100.00
2023-06-19 16:29:59,391 - AUGCON - INFO - Epoch [21/50]-(5/22) Loss: 0.4450, Acc(1): 100.00, Acc(5): 100.00
2023-06-19 16:29:59,391 - AUGCON - INFO - Epoch [21/50]-(10/22) Loss: 0.6481, Acc(1): 75.00, Acc(5): 100.00
2023-06-19 16:29:59,391 - AUGCON - INFO - Epoch [21/50]-(15/22) Loss: 1.0377, Acc(1): 50.00, Acc(5): 100.00
2023-06-19 16:29:59,391 - AUGCON - INFO - Epoch [21/50]-(20/22) Loss: 1.4912, Acc(1): 50.00, Acc(5): 100.00
2023-06-19 16:29:59,391 - AUGCON - INFO - 	Validation Loss: 0.9716, Acc(1): 72.00, Acc(5): 92.00, F1: 0.20, Recall: 0.20, Precision: 0.20
2023-06-19 16:29:59,392 - AUGCON - INFO - Epoch [22/50]-(0/22) Loss: 0.7690, Acc(1): 75.00, Acc(5): 100.00
2023-06-19 16:29:59,392 - AUGCON - INFO - Epoch [22/50]-(5/22) Loss: 1.0871, Acc(1): 50.00, Acc(5): 100.00
2023-06-19 16:29:59,392 - AUGCON - INFO - Epoch [22/50]-(10/22) Loss: 2.4251, Acc(1): 0.00, Acc(5): 75.00
2023-06-19 16:29:59,392 - AUGCON - INFO - Epoch [22/50]-(15/22) Loss: 0.6754, Acc(1): 75.00, Acc(5): 100.00
2023-06-19 16:29:59,392 - AUGCON - INFO - Epoch [22/50]-(20/22) Loss: 0.6708, Acc(1): 100.00, Acc(5): 100.00
2023-06-19 16:29:59,392 - AUGCON - INFO - 	Validation Loss: 0.9347, Acc(1): 76.00, Acc(5): 95.00, F1: 0.21, Recall: 0.22, Precision: 0.20
2023-06-19 16:29:59,392 - AUGCON - INFO - Epoch [23/50]-(0/22) Loss: 0.2967, Acc(1): 100.00, Acc(5): 100.00
2023-06-19 16:29:59,392 - AUGCON - INFO - Epoch [23/50]-(5/22) Loss: 0.9262, Acc(1): 75.00, Acc(5): 100.00
2023-06-19 16:29:59,392 - AUGCON - INFO - Epoch [23/50]-(10/22) Loss: 0.5260, Acc(1): 75.00, Acc(5): 100.00
2023-06-19 16:29:59,392 - AUGCON - INFO - Epoch [23/50]-(15/22) Loss: 1.3152, Acc(1): 75.00, Acc(5): 75.00
2023-06-19 16:29:59,392 - AUGCON - INFO - Epoch [23/50]-(20/22) Loss: 1.1724, Acc(1): 75.00, Acc(5): 100.00
2023-06-19 16:29:59,392 - AUGCON - INFO - 	Validation Loss: 0.9980, Acc(1): 73.00, Acc(5): 93.00, F1: 0.19, Recall: 0.21, Precision: 0.18
2023-06-19 16:29:59,392 - AUGCON - INFO - Epoch [24/50]-(0/22) Loss: 0.5203, Acc(1): 75.00, Acc(5): 100.00
2023-06-19 16:29:59,392 - AUGCON - INFO - Epoch [24/50]-(5/22) Loss: 0.4111, Acc(1): 100.00, Acc(5): 100.00
2023-06-19 16:29:59,393 - AUGCON - INFO - Epoch [24/50]-(10/22) Loss: 0.5875, Acc(1): 75.00, Acc(5): 100.00
2023-06-19 16:29:59,393 - AUGCON - INFO - Epoch [24/50]-(15/22) Loss: 0.8651, Acc(1): 75.00, Acc(5): 100.00
2023-06-19 16:29:59,393 - AUGCON - INFO - Epoch [24/50]-(20/22) Loss: 1.4435, Acc(1): 25.00, Acc(5): 100.00
2023-06-19 16:29:59,393 - AUGCON - INFO - 	Validation Loss: 0.9361, Acc(1): 74.00, Acc(5): 94.00, F1: 0.20, Recall: 0.21, Precision: 0.19
2023-06-19 16:29:59,393 - AUGCON - INFO - Epoch [25/50]-(0/22) Loss: 0.5754, Acc(1): 75.00, Acc(5): 100.00
2023-06-19 16:29:59,393 - AUGCON - INFO - Epoch [25/50]-(5/22) Loss: 0.5618, Acc(1): 75.00, Acc(5): 100.00
2023-06-19 16:29:59,393 - AUGCON - INFO - Epoch [25/50]-(10/22) Loss: 1.1453, Acc(1): 25.00, Acc(5): 100.00
2023-06-19 16:29:59,393 - AUGCON - INFO - Epoch [25/50]-(15/22) Loss: 1.2245, Acc(1): 50.00, Acc(5): 100.00
2023-06-19 16:29:59,393 - AUGCON - INFO - Epoch [25/50]-(20/22) Loss: 0.2656, Acc(1): 75.00, Acc(5): 100.00
2023-06-19 16:29:59,393 - AUGCON - INFO - 	Validation Loss: 0.9536, Acc(1): 70.00, Acc(5): 92.00, F1: 0.19, Recall: 0.20, Precision: 0.18
2023-06-19 16:29:59,393 - AUGCON - INFO - Epoch [26/50]-(0/22) Loss: 0.5374, Acc(1): 75.00, Acc(5): 100.00
2023-06-19 16:29:59,393 - AUGCON - INFO - Epoch [26/50]-(5/22) Loss: 0.8534, Acc(1): 100.00, Acc(5): 100.00
2023-06-19 16:29:59,393 - AUGCON - INFO - Epoch [26/50]-(10/22) Loss: 0.6238, Acc(1): 75.00, Acc(5): 100.00
2023-06-19 16:29:59,393 - AUGCON - INFO - Epoch [26/50]-(15/22) Loss: 0.4421, Acc(1): 100.00, Acc(5): 100.00
2023-06-19 16:29:59,393 - AUGCON - INFO - Epoch [26/50]-(20/22) Loss: 1.1812, Acc(1): 75.00, Acc(5): 100.00
2023-06-19 16:29:59,393 - AUGCON - INFO - 	Validation Loss: 0.9074, Acc(1): 77.00, Acc(5): 95.00, F1: 0.21, Recall: 0.22, Precision: 0.20
2023-06-19 16:29:59,394 - AUGCON - INFO - Epoch [27/50]-(0/22) Loss: 1.0530, Acc(1): 50.00, Acc(5): 100.00
2023-06-19 16:29:59,394 - AUGCON - INFO - Epoch [27/50]-(5/22) Loss: 0.6860, Acc(1): 75.00, Acc(5): 100.00
2023-06-19 16:29:59,394 - AUGCON - INFO - Epoch [27/50]-(10/22) Loss: 0.8947, Acc(1): 50.00, Acc(5): 100.00
2023-06-19 16:29:59,394 - AUGCON - INFO - Epoch [27/50]-(15/22) Loss: 0.5315, Acc(1): 75.00, Acc(5): 100.00
2023-06-19 16:29:59,394 - AUGCON - INFO - Epoch [27/50]-(20/22) Loss: 0.8906, Acc(1): 50.00, Acc(5): 100.00
2023-06-19 16:29:59,394 - AUGCON - INFO - 	Validation Loss: 0.8791, Acc(1): 75.00, Acc(5): 94.00, F1: 0.21, Recall: 0.21, Precision: 0.20
2023-06-19 16:29:59,394 - AUGCON - INFO - Epoch [28/50]-(0/22) Loss: 1.5111, Acc(1): 50.00, Acc(5): 75.00
2023-06-19 16:29:59,394 - AUGCON - INFO - Epoch [28/50]-(5/22) Loss: 0.6586, Acc(1): 75.00, Acc(5): 100.00
2023-06-19 16:29:59,394 - AUGCON - INFO - Epoch [28/50]-(10/22) Loss: 0.9075, Acc(1): 50.00, Acc(5): 100.00
2023-06-19 16:29:59,394 - AUGCON - INFO - Epoch [28/50]-(15/22) Loss: 0.5754, Acc(1): 75.00, Acc(5): 100.00
2023-06-19 16:29:59,394 - AUGCON - INFO - Epoch [28/50]-(20/22) Loss: 0.9696, Acc(1): 75.00, Acc(5): 100.00
2023-06-19 16:29:59,394 - AUGCON - INFO - 	Validation Loss: 0.9404, Acc(1): 75.00, Acc(5): 93.00, F1: 0.21, Recall: 0.21, Precision: 0.20
2023-06-19 16:29:59,394 - AUGCON - INFO - Epoch [29/50]-(0/22) Loss: 0.1697, Acc(1): 100.00, Acc(5): 100.00
2023-06-19 16:29:59,394 - AUGCON - INFO - Epoch [29/50]-(5/22) Loss: 0.7089, Acc(1): 75.00, Acc(5): 100.00
2023-06-19 16:29:59,394 - AUGCON - INFO - Epoch [29/50]-(10/22) Loss: 1.1530, Acc(1): 50.00, Acc(5): 100.00
2023-06-19 16:29:59,394 - AUGCON - INFO - Epoch [29/50]-(15/22) Loss: 0.3894, Acc(1): 100.00, Acc(5): 100.00
2023-06-19 16:29:59,394 - AUGCON - INFO - Epoch [29/50]-(20/22) Loss: 0.6034, Acc(1): 100.00, Acc(5): 100.00
2023-06-19 16:29:59,395 - AUGCON - INFO - 	Validation Loss: 0.9104, Acc(1): 74.00, Acc(5): 95.00, F1: 0.20, Recall: 0.21, Precision: 0.19
2023-06-19 16:29:59,395 - AUGCON - INFO - Epoch [30/50]-(0/22) Loss: 1.8926, Acc(1): 25.00, Acc(5): 50.00
2023-06-19 16:29:59,395 - AUGCON - INFO - Epoch [30/50]-(5/22) Loss: 0.2641, Acc(1): 100.00, Acc(5): 100.00
2023-06-19 16:29:59,395 - AUGCON - INFO - Epoch [30/50]-(10/22) Loss: 1.1101, Acc(1): 50.00, Acc(5): 100.00
2023-06-19 16:29:59,395 - AUGCON - INFO - Epoch [30/50]-(15/22) Loss: 0.9637, Acc(1): 75.00, Acc(5): 100.00
2023-06-19 16:29:59,395 - AUGCON - INFO - Epoch [30/50]-(20/22) Loss: 0.6590, Acc(1): 75.00, Acc(5): 100.00
2023-06-19 16:29:59,395 - AUGCON - INFO - 	Validation Loss: 0.9034, Acc(1): 74.00, Acc(5): 94.00, F1: 0.20, Recall: 0.21, Precision: 0.20
2023-06-19 16:29:59,395 - AUGCON - INFO - Epoch [31/50]-(0/22) Loss: 0.6526, Acc(1): 75.00, Acc(5): 100.00
2023-06-19 16:29:59,395 - AUGCON - INFO - Epoch [31/50]-(5/22) Loss: 0.2768, Acc(1): 100.00, Acc(5): 100.00
2023-06-19 16:29:59,395 - AUGCON - INFO - Epoch [31/50]-(10/22) Loss: 0.3328, Acc(1): 100.00, Acc(5): 100.00
2023-06-19 16:29:59,395 - AUGCON - INFO - Epoch [31/50]-(15/22) Loss: 0.1698, Acc(1): 100.00, Acc(5): 100.00
2023-06-19 16:29:59,395 - AUGCON - INFO - Epoch [31/50]-(20/22) Loss: 1.7974, Acc(1): 25.00, Acc(5): 75.00
2023-06-19 16:29:59,395 - AUGCON - INFO - 	Validation Loss: 0.9286, Acc(1): 72.00, Acc(5): 96.00, F1: 0.20, Recall: 0.20, Precision: 0.20
2023-06-19 16:29:59,395 - AUGCON - INFO - Epoch [32/50]-(0/22) Loss: 1.2005, Acc(1): 25.00, Acc(5): 100.00
2023-06-19 16:29:59,395 - AUGCON - INFO - Epoch [32/50]-(5/22) Loss: 0.5503, Acc(1): 75.00, Acc(5): 100.00
2023-06-19 16:29:59,395 - AUGCON - INFO - Epoch [32/50]-(10/22) Loss: 0.6194, Acc(1): 100.00, Acc(5): 100.00
2023-06-19 16:29:59,396 - AUGCON - INFO - Epoch [32/50]-(15/22) Loss: 1.4811, Acc(1): 50.00, Acc(5): 100.00
2023-06-19 16:29:59,396 - AUGCON - INFO - Epoch [32/50]-(20/22) Loss: 1.3035, Acc(1): 50.00, Acc(5): 100.00
2023-06-19 16:29:59,396 - AUGCON - INFO - 	Validation Loss: 0.9253, Acc(1): 73.00, Acc(5): 96.00, F1: 0.20, Recall: 0.21, Precision: 0.19
2023-06-19 16:29:59,396 - AUGCON - INFO - Epoch [33/50]-(0/22) Loss: 0.6449, Acc(1): 75.00, Acc(5): 100.00
2023-06-19 16:29:59,396 - AUGCON - INFO - Epoch [33/50]-(5/22) Loss: 0.3302, Acc(1): 100.00, Acc(5): 100.00
2023-06-19 16:29:59,396 - AUGCON - INFO - Epoch [33/50]-(10/22) Loss: 1.8620, Acc(1): 25.00, Acc(5): 75.00
2023-06-19 16:29:59,396 - AUGCON - INFO - Epoch [33/50]-(15/22) Loss: 0.2515, Acc(1): 100.00, Acc(5): 100.00
2023-06-19 16:29:59,396 - AUGCON - INFO - Epoch [33/50]-(20/22) Loss: 0.6204, Acc(1): 75.00, Acc(5): 100.00
2023-06-19 16:29:59,396 - AUGCON - INFO - 	Validation Loss: 0.9089, Acc(1): 71.00, Acc(5): 93.00, F1: 0.20, Recall: 0.20, Precision: 0.19
2023-06-19 16:29:59,396 - AUGCON - INFO - Epoch [34/50]-(0/22) Loss: 0.3770, Acc(1): 100.00, Acc(5): 100.00
2023-06-19 16:29:59,396 - AUGCON - INFO - Epoch [34/50]-(5/22) Loss: 0.8618, Acc(1): 50.00, Acc(5): 100.00
2023-06-19 16:29:59,396 - AUGCON - INFO - Epoch [34/50]-(10/22) Loss: 0.6507, Acc(1): 75.00, Acc(5): 100.00
2023-06-19 16:29:59,396 - AUGCON - INFO - Epoch [34/50]-(15/22) Loss: 1.0653, Acc(1): 50.00, Acc(5): 100.00
2023-06-19 16:29:59,396 - AUGCON - INFO - Epoch [34/50]-(20/22) Loss: 0.1636, Acc(1): 100.00, Acc(5): 100.00
2023-06-19 16:29:59,396 - AUGCON - INFO - 	Validation Loss: 0.8878, Acc(1): 72.00, Acc(5): 95.00, F1: 0.19, Recall: 0.20, Precision: 0.18
2023-06-19 16:29:59,396 - AUGCON - INFO - Epoch [35/50]-(0/22) Loss: 0.7564, Acc(1): 75.00, Acc(5): 100.00
2023-06-19 16:29:59,397 - AUGCON - INFO - Epoch [35/50]-(5/22) Loss: 0.3672, Acc(1): 75.00, Acc(5): 100.00
2023-06-19 16:29:59,397 - AUGCON - INFO - Epoch [35/50]-(10/22) Loss: 0.7439, Acc(1): 75.00, Acc(5): 100.00
2023-06-19 16:29:59,397 - AUGCON - INFO - Epoch [35/50]-(15/22) Loss: 1.0515, Acc(1): 25.00, Acc(5): 100.00
2023-06-19 16:29:59,397 - AUGCON - INFO - Epoch [35/50]-(20/22) Loss: 1.1646, Acc(1): 50.00, Acc(5): 100.00
2023-06-19 16:29:59,397 - AUGCON - INFO - 	Validation Loss: 0.8657, Acc(1): 76.00, Acc(5): 94.00, F1: 0.21, Recall: 0.22, Precision: 0.20
2023-06-19 16:29:59,397 - AUGCON - INFO - Epoch [36/50]-(0/22) Loss: 0.3712, Acc(1): 100.00, Acc(5): 100.00
2023-06-19 16:29:59,397 - AUGCON - INFO - Epoch [36/50]-(5/22) Loss: 0.9172, Acc(1): 75.00, Acc(5): 75.00
2023-06-19 16:29:59,397 - AUGCON - INFO - Epoch [36/50]-(10/22) Loss: 0.6464, Acc(1): 75.00, Acc(5): 100.00
2023-06-19 16:29:59,397 - AUGCON - INFO - Epoch [36/50]-(15/22) Loss: 1.1525, Acc(1): 75.00, Acc(5): 75.00
2023-06-19 16:29:59,397 - AUGCON - INFO - Epoch [36/50]-(20/22) Loss: 0.8221, Acc(1): 50.00, Acc(5): 100.00
2023-06-19 16:29:59,397 - AUGCON - INFO - 	Validation Loss: 0.8704, Acc(1): 74.00, Acc(5): 95.00, F1: 0.20, Recall: 0.21, Precision: 0.20
2023-06-19 16:29:59,397 - AUGCON - INFO - Epoch [37/50]-(0/22) Loss: 0.6086, Acc(1): 75.00, Acc(5): 100.00
2023-06-19 16:29:59,397 - AUGCON - INFO - Epoch [37/50]-(5/22) Loss: 0.4963, Acc(1): 75.00, Acc(5): 100.00
2023-06-19 16:29:59,397 - AUGCON - INFO - Epoch [37/50]-(10/22) Loss: 0.3682, Acc(1): 75.00, Acc(5): 100.00
2023-06-19 16:29:59,397 - AUGCON - INFO - Epoch [37/50]-(15/22) Loss: 1.9292, Acc(1): 25.00, Acc(5): 100.00
2023-06-19 16:29:59,397 - AUGCON - INFO - Epoch [37/50]-(20/22) Loss: 0.9237, Acc(1): 50.00, Acc(5): 100.00
2023-06-19 16:29:59,398 - AUGCON - INFO - 	Validation Loss: 0.8502, Acc(1): 75.00, Acc(5): 93.00, F1: 0.21, Recall: 0.21, Precision: 0.20
2023-06-19 16:29:59,398 - AUGCON - INFO - Epoch [38/50]-(0/22) Loss: 0.3718, Acc(1): 100.00, Acc(5): 100.00
2023-06-19 16:29:59,398 - AUGCON - INFO - Epoch [38/50]-(5/22) Loss: 1.5660, Acc(1): 25.00, Acc(5): 100.00
2023-06-19 16:29:59,398 - AUGCON - INFO - Epoch [38/50]-(10/22) Loss: 0.5847, Acc(1): 100.00, Acc(5): 100.00
2023-06-19 16:29:59,398 - AUGCON - INFO - Epoch [38/50]-(15/22) Loss: 0.7484, Acc(1): 75.00, Acc(5): 100.00
2023-06-19 16:29:59,398 - AUGCON - INFO - Epoch [38/50]-(20/22) Loss: 0.4561, Acc(1): 100.00, Acc(5): 100.00
2023-06-19 16:29:59,398 - AUGCON - INFO - 	Validation Loss: 0.8532, Acc(1): 77.00, Acc(5): 93.00, F1: 0.21, Recall: 0.22, Precision: 0.20
2023-06-19 16:29:59,398 - AUGCON - INFO - Epoch [39/50]-(0/22) Loss: 0.8081, Acc(1): 50.00, Acc(5): 100.00
2023-06-19 16:29:59,398 - AUGCON - INFO - Epoch [39/50]-(5/22) Loss: 0.8248, Acc(1): 75.00, Acc(5): 100.00
2023-06-19 16:29:59,398 - AUGCON - INFO - Epoch [39/50]-(10/22) Loss: 0.3363, Acc(1): 100.00, Acc(5): 100.00
2023-06-19 16:29:59,398 - AUGCON - INFO - Epoch [39/50]-(15/22) Loss: 0.4912, Acc(1): 100.00, Acc(5): 100.00
2023-06-19 16:29:59,398 - AUGCON - INFO - Epoch [39/50]-(20/22) Loss: 0.8083, Acc(1): 50.00, Acc(5): 100.00
2023-06-19 16:29:59,398 - AUGCON - INFO - 	Validation Loss: 0.8507, Acc(1): 74.00, Acc(5): 95.00, F1: 0.20, Recall: 0.21, Precision: 0.19
2023-06-19 16:29:59,398 - AUGCON - INFO - Epoch [40/50]-(0/22) Loss: 0.8100, Acc(1): 75.00, Acc(5): 100.00
2023-06-19 16:29:59,398 - AUGCON - INFO - Epoch [40/50]-(5/22) Loss: 0.2831, Acc(1): 100.00, Acc(5): 100.00
2023-06-19 16:29:59,398 - AUGCON - INFO - Epoch [40/50]-(10/22) Loss: 0.6162, Acc(1): 75.00, Acc(5): 100.00
2023-06-19 16:29:59,399 - AUGCON - INFO - Epoch [40/50]-(15/22) Loss: 0.1107, Acc(1): 100.00, Acc(5): 100.00
2023-06-19 16:29:59,399 - AUGCON - INFO - Epoch [40/50]-(20/22) Loss: 0.2333, Acc(1): 100.00, Acc(5): 100.00
2023-06-19 16:29:59,399 - AUGCON - INFO - 	Validation Loss: 0.8629, Acc(1): 73.00, Acc(5): 93.00, F1: 0.20, Recall: 0.21, Precision: 0.20
2023-06-19 16:29:59,399 - AUGCON - INFO - Epoch [41/50]-(0/22) Loss: 0.7418, Acc(1): 100.00, Acc(5): 100.00
2023-06-19 16:29:59,399 - AUGCON - INFO - Epoch [41/50]-(5/22) Loss: 0.4606, Acc(1): 100.00, Acc(5): 100.00
2023-06-19 16:29:59,399 - AUGCON - INFO - Epoch [41/50]-(10/22) Loss: 1.6024, Acc(1): 25.00, Acc(5): 75.00
2023-06-19 16:29:59,399 - AUGCON - INFO - Epoch [41/50]-(15/22) Loss: 0.8556, Acc(1): 75.00, Acc(5): 100.00
2023-06-19 16:29:59,399 - AUGCON - INFO - Epoch [41/50]-(20/22) Loss: 0.6129, Acc(1): 75.00, Acc(5): 100.00
2023-06-19 16:29:59,399 - AUGCON - INFO - 	Validation Loss: 0.8690, Acc(1): 75.00, Acc(5): 98.00, F1: 0.21, Recall: 0.22, Precision: 0.20
2023-06-19 16:29:59,399 - AUGCON - INFO - Epoch [42/50]-(0/22) Loss: 0.2018, Acc(1): 100.00, Acc(5): 100.00
2023-06-19 16:29:59,399 - AUGCON - INFO - Epoch [42/50]-(5/22) Loss: 0.2117, Acc(1): 100.00, Acc(5): 100.00
2023-06-19 16:29:59,399 - AUGCON - INFO - Epoch [42/50]-(10/22) Loss: 0.3647, Acc(1): 100.00, Acc(5): 100.00
2023-06-19 16:29:59,399 - AUGCON - INFO - Epoch [42/50]-(15/22) Loss: 1.2237, Acc(1): 25.00, Acc(5): 100.00
2023-06-19 16:29:59,399 - AUGCON - INFO - Epoch [42/50]-(20/22) Loss: 0.7765, Acc(1): 50.00, Acc(5): 100.00
2023-06-19 16:29:59,399 - AUGCON - INFO - 	Validation Loss: 0.8210, Acc(1): 75.00, Acc(5): 95.00, F1: 0.21, Recall: 0.21, Precision: 0.20
2023-06-19 16:29:59,400 - AUGCON - INFO - Epoch [43/50]-(0/22) Loss: 0.1150, Acc(1): 100.00, Acc(5): 100.00
2023-06-19 16:29:59,400 - AUGCON - INFO - Epoch [43/50]-(5/22) Loss: 0.0887, Acc(1): 100.00, Acc(5): 100.00
2023-06-19 16:29:59,400 - AUGCON - INFO - Epoch [43/50]-(10/22) Loss: 0.4582, Acc(1): 75.00, Acc(5): 100.00
2023-06-19 16:29:59,400 - AUGCON - INFO - Epoch [43/50]-(15/22) Loss: 0.7645, Acc(1): 75.00, Acc(5): 100.00
2023-06-19 16:29:59,400 - AUGCON - INFO - Epoch [43/50]-(20/22) Loss: 0.3742, Acc(1): 100.00, Acc(5): 100.00
2023-06-19 16:29:59,400 - AUGCON - INFO - 	Validation Loss: 0.8787, Acc(1): 70.00, Acc(5): 94.00, F1: 0.19, Recall: 0.20, Precision: 0.19
2023-06-19 16:29:59,400 - AUGCON - INFO - Epoch [44/50]-(0/22) Loss: 0.8650, Acc(1): 50.00, Acc(5): 100.00
2023-06-19 16:29:59,400 - AUGCON - INFO - Epoch [44/50]-(5/22) Loss: 0.7163, Acc(1): 75.00, Acc(5): 100.00
2023-06-19 16:29:59,400 - AUGCON - INFO - Epoch [44/50]-(10/22) Loss: 0.5824, Acc(1): 100.00, Acc(5): 100.00
2023-06-19 16:29:59,400 - AUGCON - INFO - Epoch [44/50]-(15/22) Loss: 1.5143, Acc(1): 50.00, Acc(5): 75.00
2023-06-19 16:29:59,400 - AUGCON - INFO - Epoch [44/50]-(20/22) Loss: 0.4518, Acc(1): 75.00, Acc(5): 100.00
2023-06-19 16:29:59,400 - AUGCON - INFO - 	Validation Loss: 0.8151, Acc(1): 73.00, Acc(5): 96.00, F1: 0.20, Recall: 0.21, Precision: 0.19
2023-06-19 16:29:59,400 - AUGCON - INFO - Epoch [45/50]-(0/22) Loss: 0.9297, Acc(1): 75.00, Acc(5): 100.00
2023-06-19 16:29:59,400 - AUGCON - INFO - Epoch [45/50]-(5/22) Loss: 1.0859, Acc(1): 75.00, Acc(5): 100.00
2023-06-19 16:29:59,401 - AUGCON - INFO - Epoch [45/50]-(10/22) Loss: 0.4254, Acc(1): 75.00, Acc(5): 100.00
2023-06-19 16:29:59,401 - AUGCON - INFO - Epoch [45/50]-(15/22) Loss: 1.5637, Acc(1): 0.00, Acc(5): 100.00
2023-06-19 16:29:59,401 - AUGCON - INFO - Epoch [45/50]-(20/22) Loss: 0.5575, Acc(1): 75.00, Acc(5): 100.00
2023-06-19 16:29:59,401 - AUGCON - INFO - 	Validation Loss: 0.8446, Acc(1): 76.00, Acc(5): 96.00, F1: 0.21, Recall: 0.21, Precision: 0.21
2023-06-19 16:29:59,401 - AUGCON - INFO - Epoch [46/50]-(0/22) Loss: 1.0065, Acc(1): 75.00, Acc(5): 100.00
2023-06-19 16:29:59,401 - AUGCON - INFO - Epoch [46/50]-(5/22) Loss: 0.3869, Acc(1): 100.00, Acc(5): 100.00
2023-06-19 16:29:59,401 - AUGCON - INFO - Epoch [46/50]-(10/22) Loss: 0.5207, Acc(1): 75.00, Acc(5): 100.00
2023-06-19 16:29:59,401 - AUGCON - INFO - Epoch [46/50]-(15/22) Loss: 0.9512, Acc(1): 75.00, Acc(5): 100.00
2023-06-19 16:29:59,401 - AUGCON - INFO - Epoch [46/50]-(20/22) Loss: 1.0964, Acc(1): 50.00, Acc(5): 100.00
2023-06-19 16:29:59,401 - AUGCON - INFO - 	Validation Loss: 0.8227, Acc(1): 75.00, Acc(5): 95.00, F1: 0.20, Recall: 0.21, Precision: 0.20
2023-06-19 16:29:59,401 - AUGCON - INFO - Epoch [47/50]-(0/22) Loss: 0.4748, Acc(1): 75.00, Acc(5): 100.00
2023-06-19 16:29:59,401 - AUGCON - INFO - Epoch [47/50]-(5/22) Loss: 0.8270, Acc(1): 50.00, Acc(5): 100.00
2023-06-19 16:29:59,401 - AUGCON - INFO - Epoch [47/50]-(10/22) Loss: 1.4497, Acc(1): 25.00, Acc(5): 100.00
2023-06-19 16:29:59,401 - AUGCON - INFO - Epoch [47/50]-(15/22) Loss: 0.4882, Acc(1): 100.00, Acc(5): 100.00
2023-06-19 16:29:59,402 - AUGCON - INFO - Epoch [47/50]-(20/22) Loss: 0.4964, Acc(1): 100.00, Acc(5): 100.00
2023-06-19 16:29:59,402 - AUGCON - INFO - 	Validation Loss: 0.8709, Acc(1): 74.00, Acc(5): 92.00, F1: 0.21, Recall: 0.21, Precision: 0.20
2023-06-19 16:29:59,402 - AUGCON - INFO - Epoch [48/50]-(0/22) Loss: 1.0812, Acc(1): 50.00, Acc(5): 75.00
2023-06-19 16:29:59,402 - AUGCON - INFO - Epoch [48/50]-(5/22) Loss: 0.8846, Acc(1): 75.00, Acc(5): 100.00
2023-06-19 16:29:59,402 - AUGCON - INFO - Epoch [48/50]-(10/22) Loss: 0.7786, Acc(1): 75.00, Acc(5): 100.00
2023-06-19 16:29:59,402 - AUGCON - INFO - Epoch [48/50]-(15/22) Loss: 1.0313, Acc(1): 75.00, Acc(5): 100.00
2023-06-19 16:29:59,402 - AUGCON - INFO - Epoch [48/50]-(20/22) Loss: 0.8100, Acc(1): 75.00, Acc(5): 100.00
2023-06-19 16:29:59,402 - AUGCON - INFO - 	Validation Loss: 0.7782, Acc(1): 75.00, Acc(5): 97.00, F1: 0.21, Recall: 0.21, Precision: 0.20
2023-06-19 16:29:59,402 - AUGCON - INFO - Epoch [49/50]-(0/22) Loss: 0.5734, Acc(1): 75.00, Acc(5): 100.00
2023-06-19 16:29:59,402 - AUGCON - INFO - Epoch [49/50]-(5/22) Loss: 0.6286, Acc(1): 100.00, Acc(5): 100.00
2023-06-19 16:29:59,402 - AUGCON - INFO - Epoch [49/50]-(10/22) Loss: 0.1820, Acc(1): 100.00, Acc(5): 100.00
2023-06-19 16:29:59,402 - AUGCON - INFO - Epoch [49/50]-(15/22) Loss: 0.5436, Acc(1): 75.00, Acc(5): 100.00
2023-06-19 16:29:59,402 - AUGCON - INFO - Epoch [49/50]-(20/22) Loss: 0.2427, Acc(1): 100.00, Acc(5): 100.00
2023-06-19 16:29:59,402 - AUGCON - INFO - 	Validation Loss: 0.8672, Acc(1): 71.00, Acc(5): 95.00, F1: 0.20, Recall: 0.20, Precision: 0.19
2023-06-19 16:29:59,402 - AUGCON - INFO - Epoch [50/50]-(0/22) Loss: 0.7524, Acc(1): 75.00, Acc(5): 100.00
2023-06-19 16:29:59,403 - AUGCON - INFO - Epoch [50/50]-(5/22) Loss: 1.2243, Acc(1): 25.00, Acc(5): 100.00
2023-06-19 16:29:59,403 - AUGCON - INFO - Epoch [50/50]-(10/22) Loss: 1.0708, Acc(1): 75.00, Acc(5): 75.00
2023-06-19 16:29:59,403 - AUGCON - INFO - Epoch [50/50]-(15/22) Loss: 0.4885, Acc(1): 75.00, Acc(5): 100.00
2023-06-19 16:29:59,403 - AUGCON - INFO - Epoch [50/50]-(20/22) Loss: 0.2711, Acc(1): 100.00, Acc(5): 100.00
2023-06-19 16:29:59,403 - AUGCON - INFO - 	Validation Loss: 0.8055, Acc(1): 73.00, Acc(5): 97.00, F1: 0.20, Recall: 0.20, Precision: 0.20
2023-06-19 16:29:59,403 - AUGCON - INFO - 	Validation Loss: 0.8261, Acc(1): 76.67, Acc(5): 98.33, F1: 0.18, Recall: 0.18, Precision: 0.18
