2023-06-19 16:23:35,835 - AUGCON - INFO - logger initialized (/home/hjyoon/projects/augcon/config/exp0/finetune_da_false/without_target_domain_PH0034-ykha/cpc_perdomain_8421/tgt_target_domain_WA0002-bkkim_seed0.yaml.log)
2023-06-19 16:23:35,835 - AUGCON - INFO - ================= Config =================
2023-06-19 16:23:35,835 - AUGCON - INFO -   mode: finetune
2023-06-19 16:23:35,835 - AUGCON - INFO -   seed: 0
2023-06-19 16:23:35,835 - AUGCON - INFO -   gpu: [3]
2023-06-19 16:23:35,835 - AUGCON - INFO -   num_workers: 1
2023-06-19 16:23:35,835 - AUGCON - INFO -   dist_url: tcp://localhost:10001
2023-06-19 16:23:35,835 - AUGCON - INFO -   dataset_name: ichar
2023-06-19 16:23:35,835 - AUGCON - INFO -   train_dataset_path: /mnt/sting/hjyoon/projects/cross/ICHAR/augcon/target_domain_WA0002-bkkim/finetune/10shot/target/train.pkl
2023-06-19 16:23:35,835 - AUGCON - INFO -   test_dataset_path: /mnt/sting/hjyoon/projects/cross/ICHAR/augcon/target_domain_WA0002-bkkim/finetune/10shot/target/test.pkl
2023-06-19 16:23:35,835 - AUGCON - INFO -   val_dataset_path: /mnt/sting/hjyoon/projects/cross/ICHAR/augcon/target_domain_WA0002-bkkim/finetune/10shot/target/val.pkl
2023-06-19 16:23:35,835 - AUGCON - INFO -   input_channels: 3
2023-06-19 16:23:35,835 - AUGCON - INFO -   num_cls: 9
2023-06-19 16:23:35,835 - AUGCON - INFO -   optimizer: adam
2023-06-19 16:23:35,835 - AUGCON - INFO -   criterion: crossentropy
2023-06-19 16:23:35,835 - AUGCON - INFO -   start_epoch: 0
2023-06-19 16:23:35,835 - AUGCON - INFO -   epochs: 50
2023-06-19 16:23:35,835 - AUGCON - INFO -   batch_size: 4
2023-06-19 16:23:35,835 - AUGCON - INFO -   lr: 0.001
2023-06-19 16:23:35,835 - AUGCON - INFO -   wd: 0.0
2023-06-19 16:23:35,836 - AUGCON - INFO -   resume: 
2023-06-19 16:23:35,836 - AUGCON - INFO -   pretrained: /mnt/sting/hjyoon/projects/augcontrast/models/exp0/pretrain/without_target_domain_PH0034-ykha/cpc_perdomain_8421//checkpoint_0099.pth.tar
2023-06-19 16:23:35,836 - AUGCON - INFO -   ckpt_dir: /mnt/sting/hjyoon/projects/augcontrast/models/exp0/finetune_da_false/without_target_domain_PH0034-ykha/cpc_perdomain_8421/tgt_target_domain_WA0002-bkkim_seed0
2023-06-19 16:23:35,836 - AUGCON - INFO -   log_freq: 5
2023-06-19 16:23:35,836 - AUGCON - INFO -   save_freq: 10
2023-06-19 16:23:35,836 - AUGCON - INFO -   pretext: metacpc
2023-06-19 16:23:35,836 - AUGCON - INFO -   enc_blocks: 4
2023-06-19 16:23:35,836 - AUGCON - INFO -   kernel_sizes: [8, 4, 2, 1]
2023-06-19 16:23:35,836 - AUGCON - INFO -   strides: [4, 2, 1, 1]
2023-06-19 16:23:35,836 - AUGCON - INFO -   agg_blocks: 5
2023-06-19 16:23:35,836 - AUGCON - INFO -   z_dim: 256
2023-06-19 16:23:35,836 - AUGCON - INFO -   pooling: mean
2023-06-19 16:23:35,836 - AUGCON - INFO -   pred_steps: 12
2023-06-19 16:23:35,836 - AUGCON - INFO -   n_negatives: 15
2023-06-19 16:23:35,836 - AUGCON - INFO -   offset: 4
2023-06-19 16:23:35,836 - AUGCON - INFO -   domain_adaptation: False
2023-06-19 16:23:35,836 - AUGCON - INFO -   task_steps: 10
2023-06-19 16:23:35,836 - AUGCON - INFO -   task_lr: 0.001
2023-06-19 16:23:35,836 - AUGCON - INFO -   reg_lambda: 0
2023-06-19 16:23:35,836 - AUGCON - INFO -   mlp: False
2023-06-19 16:23:35,836 - AUGCON - INFO -   freeze: True
2023-06-19 16:23:35,836 - AUGCON - INFO -   no_vars: True
2023-06-19 16:23:35,836 - AUGCON - INFO - ==========================================
2023-06-19 16:23:35,836 - AUGCON - INFO - Setting GPUs: [3]
2023-06-19 16:23:35,836 - AUGCON - INFO - GPUs [3] will be used
2023-06-19 16:23:35,837 - AUGCON - WARNING - You have chosen to seed training. 
2023-06-19 16:23:35,837 - AUGCON - WARNING - This will turn on the CUDNN deterministic setting, 
2023-06-19 16:23:35,837 - AUGCON - WARNING - which can slow down your training considerably! 
2023-06-19 16:23:35,837 - AUGCON - WARNING - You may see unexpected behavior when restarting 
2023-06-19 16:23:35,837 - AUGCON - WARNING - from checkpoints.
2023-06-19 16:23:35,869 - AUGCON - INFO - Executing MetaCPC
2023-06-19 16:23:35,869 - AUGCON - INFO - Logs are skipped during training
2023-06-19 16:23:54,345 - AUGCON - INFO - Single GPU is used for training - training 90 instances for each worker
2023-06-19 16:23:54,345 - AUGCON - INFO - Loading pretrained model from checkpoint - /mnt/sting/hjyoon/projects/augcontrast/models/exp0/pretrain/without_target_domain_PH0034-ykha/cpc_perdomain_8421//checkpoint_0099.pth.tar
2023-06-19 16:23:54,345 - AUGCON - INFO - Missing keys: ['predictor.vars.0', 'predictor.vars.1']
2023-06-19 16:23:54,345 - AUGCON - INFO - Loading encoder parameters to the classifier
2023-06-19 16:23:54,345 - AUGCON - INFO - Missing keys: ['classifier.block.0.weight', 'classifier.block.0.bias']
2023-06-19 16:23:54,345 - AUGCON - INFO - Epoch [1/50]-(0/22) Loss: 2.4601, Acc(1): 0.00, Acc(5): 50.00
2023-06-19 16:23:54,346 - AUGCON - INFO - Epoch [1/50]-(5/22) Loss: 2.1196, Acc(1): 25.00, Acc(5): 75.00
2023-06-19 16:23:54,346 - AUGCON - INFO - Epoch [1/50]-(10/22) Loss: 2.5988, Acc(1): 0.00, Acc(5): 50.00
2023-06-19 16:23:54,346 - AUGCON - INFO - Epoch [1/50]-(15/22) Loss: 2.1843, Acc(1): 50.00, Acc(5): 50.00
2023-06-19 16:23:54,346 - AUGCON - INFO - Epoch [1/50]-(20/22) Loss: 2.0787, Acc(1): 25.00, Acc(5): 75.00
2023-06-19 16:23:54,346 - AUGCON - INFO - 	Validation Loss: 1.7869, Acc(1): 31.00, Acc(5): 96.00, F1: 0.10, Recall: 0.09, Precision: 0.12
2023-06-19 16:23:54,346 - AUGCON - INFO - Epoch [2/50]-(0/22) Loss: 1.9907, Acc(1): 0.00, Acc(5): 75.00
2023-06-19 16:23:54,346 - AUGCON - INFO - Epoch [2/50]-(5/22) Loss: 1.7884, Acc(1): 50.00, Acc(5): 100.00
2023-06-19 16:23:54,346 - AUGCON - INFO - Epoch [2/50]-(10/22) Loss: 1.8929, Acc(1): 0.00, Acc(5): 100.00
2023-06-19 16:23:54,346 - AUGCON - INFO - Epoch [2/50]-(15/22) Loss: 1.9627, Acc(1): 25.00, Acc(5): 100.00
2023-06-19 16:23:54,346 - AUGCON - INFO - Epoch [2/50]-(20/22) Loss: 1.1735, Acc(1): 75.00, Acc(5): 100.00
2023-06-19 16:23:54,347 - AUGCON - INFO - 	Validation Loss: 1.3406, Acc(1): 67.00, Acc(5): 98.00, F1: 0.17, Recall: 0.15, Precision: 0.20
2023-06-19 16:23:54,347 - AUGCON - INFO - Epoch [3/50]-(0/22) Loss: 1.1647, Acc(1): 100.00, Acc(5): 100.00
2023-06-19 16:23:54,347 - AUGCON - INFO - Epoch [3/50]-(5/22) Loss: 1.8323, Acc(1): 25.00, Acc(5): 100.00
2023-06-19 16:23:54,347 - AUGCON - INFO - Epoch [3/50]-(10/22) Loss: 1.4709, Acc(1): 50.00, Acc(5): 100.00
2023-06-19 16:23:54,347 - AUGCON - INFO - Epoch [3/50]-(15/22) Loss: 1.5452, Acc(1): 0.00, Acc(5): 100.00
2023-06-19 16:23:54,347 - AUGCON - INFO - Epoch [3/50]-(20/22) Loss: 1.1928, Acc(1): 75.00, Acc(5): 100.00
2023-06-19 16:23:54,347 - AUGCON - INFO - 	Validation Loss: 1.1819, Acc(1): 71.00, Acc(5): 100.00, F1: 0.18, Recall: 0.19, Precision: 0.18
2023-06-19 16:23:54,347 - AUGCON - INFO - Epoch [4/50]-(0/22) Loss: 1.3413, Acc(1): 50.00, Acc(5): 100.00
2023-06-19 16:23:54,347 - AUGCON - INFO - Epoch [4/50]-(5/22) Loss: 1.3762, Acc(1): 25.00, Acc(5): 100.00
2023-06-19 16:23:54,347 - AUGCON - INFO - Epoch [4/50]-(10/22) Loss: 0.9622, Acc(1): 100.00, Acc(5): 100.00
2023-06-19 16:23:54,347 - AUGCON - INFO - Epoch [4/50]-(15/22) Loss: 1.5238, Acc(1): 25.00, Acc(5): 100.00
2023-06-19 16:23:54,347 - AUGCON - INFO - Epoch [4/50]-(20/22) Loss: 1.0418, Acc(1): 50.00, Acc(5): 100.00
2023-06-19 16:23:54,348 - AUGCON - INFO - 	Validation Loss: 1.0512, Acc(1): 70.00, Acc(5): 100.00, F1: 0.19, Recall: 0.17, Precision: 0.23
2023-06-19 16:23:54,348 - AUGCON - INFO - Epoch [5/50]-(0/22) Loss: 0.8823, Acc(1): 100.00, Acc(5): 100.00
2023-06-19 16:23:54,348 - AUGCON - INFO - Epoch [5/50]-(5/22) Loss: 1.2293, Acc(1): 50.00, Acc(5): 100.00
2023-06-19 16:23:54,348 - AUGCON - INFO - Epoch [5/50]-(10/22) Loss: 0.8413, Acc(1): 75.00, Acc(5): 100.00
2023-06-19 16:23:54,348 - AUGCON - INFO - Epoch [5/50]-(15/22) Loss: 1.3917, Acc(1): 50.00, Acc(5): 100.00
2023-06-19 16:23:54,348 - AUGCON - INFO - Epoch [5/50]-(20/22) Loss: 1.1850, Acc(1): 50.00, Acc(5): 100.00
2023-06-19 16:23:54,348 - AUGCON - INFO - 	Validation Loss: 1.0192, Acc(1): 73.00, Acc(5): 100.00, F1: 0.19, Recall: 0.20, Precision: 0.18
2023-06-19 16:23:54,348 - AUGCON - INFO - Epoch [6/50]-(0/22) Loss: 1.1756, Acc(1): 100.00, Acc(5): 100.00
2023-06-19 16:23:54,348 - AUGCON - INFO - Epoch [6/50]-(5/22) Loss: 1.5060, Acc(1): 50.00, Acc(5): 100.00
2023-06-19 16:23:54,348 - AUGCON - INFO - Epoch [6/50]-(10/22) Loss: 0.8925, Acc(1): 100.00, Acc(5): 100.00
2023-06-19 16:23:54,348 - AUGCON - INFO - Epoch [6/50]-(15/22) Loss: 0.7006, Acc(1): 100.00, Acc(5): 100.00
2023-06-19 16:23:54,348 - AUGCON - INFO - Epoch [6/50]-(20/22) Loss: 1.3675, Acc(1): 25.00, Acc(5): 100.00
2023-06-19 16:23:54,348 - AUGCON - INFO - 	Validation Loss: 0.9626, Acc(1): 68.00, Acc(5): 100.00, F1: 0.17, Recall: 0.19, Precision: 0.16
2023-06-19 16:23:54,348 - AUGCON - INFO - Epoch [7/50]-(0/22) Loss: 0.9539, Acc(1): 75.00, Acc(5): 100.00
2023-06-19 16:23:54,348 - AUGCON - INFO - Epoch [7/50]-(5/22) Loss: 1.2410, Acc(1): 50.00, Acc(5): 100.00
2023-06-19 16:23:54,348 - AUGCON - INFO - Epoch [7/50]-(10/22) Loss: 0.9120, Acc(1): 75.00, Acc(5): 100.00
2023-06-19 16:23:54,349 - AUGCON - INFO - Epoch [7/50]-(15/22) Loss: 1.2471, Acc(1): 50.00, Acc(5): 100.00
2023-06-19 16:23:54,349 - AUGCON - INFO - Epoch [7/50]-(20/22) Loss: 0.6399, Acc(1): 100.00, Acc(5): 100.00
2023-06-19 16:23:54,349 - AUGCON - INFO - 	Validation Loss: 0.8889, Acc(1): 76.00, Acc(5): 100.00, F1: 0.20, Recall: 0.20, Precision: 0.20
2023-06-19 16:23:54,349 - AUGCON - INFO - Epoch [8/50]-(0/22) Loss: 0.9327, Acc(1): 50.00, Acc(5): 100.00
2023-06-19 16:23:54,349 - AUGCON - INFO - Epoch [8/50]-(5/22) Loss: 0.5870, Acc(1): 75.00, Acc(5): 100.00
2023-06-19 16:23:54,349 - AUGCON - INFO - Epoch [8/50]-(10/22) Loss: 1.1900, Acc(1): 50.00, Acc(5): 100.00
2023-06-19 16:23:54,349 - AUGCON - INFO - Epoch [8/50]-(15/22) Loss: 0.8551, Acc(1): 75.00, Acc(5): 100.00
2023-06-19 16:23:54,349 - AUGCON - INFO - Epoch [8/50]-(20/22) Loss: 1.1264, Acc(1): 50.00, Acc(5): 100.00
2023-06-19 16:23:54,349 - AUGCON - INFO - 	Validation Loss: 0.8785, Acc(1): 74.00, Acc(5): 100.00, F1: 0.19, Recall: 0.18, Precision: 0.20
2023-06-19 16:23:54,349 - AUGCON - INFO - Epoch [9/50]-(0/22) Loss: 0.4813, Acc(1): 100.00, Acc(5): 100.00
2023-06-19 16:23:54,349 - AUGCON - INFO - Epoch [9/50]-(5/22) Loss: 0.7593, Acc(1): 100.00, Acc(5): 100.00
2023-06-19 16:23:54,349 - AUGCON - INFO - Epoch [9/50]-(10/22) Loss: 0.9933, Acc(1): 75.00, Acc(5): 100.00
2023-06-19 16:23:54,349 - AUGCON - INFO - Epoch [9/50]-(15/22) Loss: 1.2379, Acc(1): 50.00, Acc(5): 100.00
2023-06-19 16:23:54,349 - AUGCON - INFO - Epoch [9/50]-(20/22) Loss: 1.1381, Acc(1): 50.00, Acc(5): 100.00
2023-06-19 16:23:54,349 - AUGCON - INFO - 	Validation Loss: 0.8456, Acc(1): 76.00, Acc(5): 100.00, F1: 0.20, Recall: 0.20, Precision: 0.20
2023-06-19 16:23:54,349 - AUGCON - INFO - Epoch [10/50]-(0/22) Loss: 0.9893, Acc(1): 75.00, Acc(5): 100.00
2023-06-19 16:23:54,350 - AUGCON - INFO - Epoch [10/50]-(5/22) Loss: 0.6324, Acc(1): 100.00, Acc(5): 100.00
2023-06-19 16:23:54,350 - AUGCON - INFO - Epoch [10/50]-(10/22) Loss: 0.8705, Acc(1): 75.00, Acc(5): 100.00
2023-06-19 16:23:54,350 - AUGCON - INFO - Epoch [10/50]-(15/22) Loss: 0.6549, Acc(1): 75.00, Acc(5): 100.00
2023-06-19 16:23:54,350 - AUGCON - INFO - Epoch [10/50]-(20/22) Loss: 1.1259, Acc(1): 50.00, Acc(5): 100.00
2023-06-19 16:23:54,350 - AUGCON - INFO - 	Validation Loss: 0.8243, Acc(1): 73.00, Acc(5): 100.00, F1: 0.19, Recall: 0.20, Precision: 0.18
2023-06-19 16:23:54,350 - AUGCON - INFO - Epoch [11/50]-(0/22) Loss: 0.6354, Acc(1): 75.00, Acc(5): 100.00
2023-06-19 16:23:54,350 - AUGCON - INFO - Epoch [11/50]-(5/22) Loss: 1.3401, Acc(1): 25.00, Acc(5): 100.00
2023-06-19 16:23:54,350 - AUGCON - INFO - Epoch [11/50]-(10/22) Loss: 0.6770, Acc(1): 75.00, Acc(5): 100.00
2023-06-19 16:23:54,350 - AUGCON - INFO - Epoch [11/50]-(15/22) Loss: 0.7005, Acc(1): 100.00, Acc(5): 100.00
2023-06-19 16:23:54,350 - AUGCON - INFO - Epoch [11/50]-(20/22) Loss: 0.7980, Acc(1): 75.00, Acc(5): 100.00
2023-06-19 16:23:54,350 - AUGCON - INFO - 	Validation Loss: 0.8010, Acc(1): 72.00, Acc(5): 100.00, F1: 0.19, Recall: 0.19, Precision: 0.20
2023-06-19 16:23:54,350 - AUGCON - INFO - Epoch [12/50]-(0/22) Loss: 0.3914, Acc(1): 100.00, Acc(5): 100.00
2023-06-19 16:23:54,351 - AUGCON - INFO - Epoch [12/50]-(5/22) Loss: 0.5972, Acc(1): 100.00, Acc(5): 100.00
2023-06-19 16:23:54,351 - AUGCON - INFO - Epoch [12/50]-(10/22) Loss: 0.7672, Acc(1): 100.00, Acc(5): 100.00
2023-06-19 16:23:54,351 - AUGCON - INFO - Epoch [12/50]-(15/22) Loss: 0.2322, Acc(1): 100.00, Acc(5): 100.00
2023-06-19 16:23:54,351 - AUGCON - INFO - Epoch [12/50]-(20/22) Loss: 0.8797, Acc(1): 50.00, Acc(5): 100.00
2023-06-19 16:23:54,351 - AUGCON - INFO - 	Validation Loss: 0.8158, Acc(1): 74.00, Acc(5): 100.00, F1: 0.18, Recall: 0.20, Precision: 0.17
2023-06-19 16:23:54,351 - AUGCON - INFO - Epoch [13/50]-(0/22) Loss: 0.7659, Acc(1): 75.00, Acc(5): 100.00
2023-06-19 16:23:54,351 - AUGCON - INFO - Epoch [13/50]-(5/22) Loss: 0.7926, Acc(1): 75.00, Acc(5): 100.00
2023-06-19 16:23:54,351 - AUGCON - INFO - Epoch [13/50]-(10/22) Loss: 0.3165, Acc(1): 100.00, Acc(5): 100.00
2023-06-19 16:23:54,351 - AUGCON - INFO - Epoch [13/50]-(15/22) Loss: 0.6647, Acc(1): 75.00, Acc(5): 100.00
2023-06-19 16:23:54,351 - AUGCON - INFO - Epoch [13/50]-(20/22) Loss: 0.8174, Acc(1): 75.00, Acc(5): 100.00
2023-06-19 16:23:54,351 - AUGCON - INFO - 	Validation Loss: 0.7566, Acc(1): 78.00, Acc(5): 100.00, F1: 0.20, Recall: 0.20, Precision: 0.21
2023-06-19 16:23:54,351 - AUGCON - INFO - Epoch [14/50]-(0/22) Loss: 0.9228, Acc(1): 50.00, Acc(5): 100.00
2023-06-19 16:23:54,351 - AUGCON - INFO - Epoch [14/50]-(5/22) Loss: 0.3114, Acc(1): 100.00, Acc(5): 100.00
2023-06-19 16:23:54,351 - AUGCON - INFO - Epoch [14/50]-(10/22) Loss: 0.7048, Acc(1): 75.00, Acc(5): 100.00
2023-06-19 16:23:54,351 - AUGCON - INFO - Epoch [14/50]-(15/22) Loss: 1.0534, Acc(1): 50.00, Acc(5): 100.00
2023-06-19 16:23:54,352 - AUGCON - INFO - Epoch [14/50]-(20/22) Loss: 0.6597, Acc(1): 75.00, Acc(5): 100.00
2023-06-19 16:23:54,352 - AUGCON - INFO - 	Validation Loss: 0.7506, Acc(1): 79.00, Acc(5): 100.00, F1: 0.20, Recall: 0.20, Precision: 0.20
2023-06-19 16:23:54,352 - AUGCON - INFO - Epoch [15/50]-(0/22) Loss: 0.8327, Acc(1): 75.00, Acc(5): 100.00
2023-06-19 16:23:54,352 - AUGCON - INFO - Epoch [15/50]-(5/22) Loss: 0.4939, Acc(1): 75.00, Acc(5): 100.00
2023-06-19 16:23:54,352 - AUGCON - INFO - Epoch [15/50]-(10/22) Loss: 0.7389, Acc(1): 75.00, Acc(5): 100.00
2023-06-19 16:23:54,352 - AUGCON - INFO - Epoch [15/50]-(15/22) Loss: 0.7102, Acc(1): 75.00, Acc(5): 100.00
2023-06-19 16:23:54,352 - AUGCON - INFO - Epoch [15/50]-(20/22) Loss: 0.7608, Acc(1): 75.00, Acc(5): 100.00
2023-06-19 16:23:54,352 - AUGCON - INFO - 	Validation Loss: 0.7487, Acc(1): 77.00, Acc(5): 100.00, F1: 0.20, Recall: 0.20, Precision: 0.20
2023-06-19 16:23:54,352 - AUGCON - INFO - Epoch [16/50]-(0/22) Loss: 0.8718, Acc(1): 100.00, Acc(5): 100.00
2023-06-19 16:23:54,352 - AUGCON - INFO - Epoch [16/50]-(5/22) Loss: 0.6435, Acc(1): 75.00, Acc(5): 100.00
2023-06-19 16:23:54,352 - AUGCON - INFO - Epoch [16/50]-(10/22) Loss: 0.6987, Acc(1): 75.00, Acc(5): 100.00
2023-06-19 16:23:54,352 - AUGCON - INFO - Epoch [16/50]-(15/22) Loss: 0.9717, Acc(1): 50.00, Acc(5): 100.00
2023-06-19 16:23:54,352 - AUGCON - INFO - Epoch [16/50]-(20/22) Loss: 0.1490, Acc(1): 100.00, Acc(5): 100.00
2023-06-19 16:23:54,353 - AUGCON - INFO - 	Validation Loss: 0.7284, Acc(1): 78.00, Acc(5): 100.00, F1: 0.20, Recall: 0.20, Precision: 0.19
2023-06-19 16:23:54,353 - AUGCON - INFO - Epoch [17/50]-(0/22) Loss: 0.8201, Acc(1): 75.00, Acc(5): 100.00
2023-06-19 16:23:54,353 - AUGCON - INFO - Epoch [17/50]-(5/22) Loss: 0.9416, Acc(1): 75.00, Acc(5): 100.00
2023-06-19 16:23:54,353 - AUGCON - INFO - Epoch [17/50]-(10/22) Loss: 0.5870, Acc(1): 100.00, Acc(5): 100.00
2023-06-19 16:23:54,353 - AUGCON - INFO - Epoch [17/50]-(15/22) Loss: 0.8192, Acc(1): 75.00, Acc(5): 100.00
2023-06-19 16:23:54,353 - AUGCON - INFO - Epoch [17/50]-(20/22) Loss: 0.8485, Acc(1): 75.00, Acc(5): 100.00
2023-06-19 16:23:54,353 - AUGCON - INFO - 	Validation Loss: 0.7051, Acc(1): 81.00, Acc(5): 100.00, F1: 0.21, Recall: 0.21, Precision: 0.20
2023-06-19 16:23:54,353 - AUGCON - INFO - Epoch [18/50]-(0/22) Loss: 0.7450, Acc(1): 75.00, Acc(5): 100.00
2023-06-19 16:23:54,353 - AUGCON - INFO - Epoch [18/50]-(5/22) Loss: 0.9422, Acc(1): 50.00, Acc(5): 100.00
2023-06-19 16:23:54,353 - AUGCON - INFO - Epoch [18/50]-(10/22) Loss: 0.3106, Acc(1): 100.00, Acc(5): 100.00
2023-06-19 16:23:54,353 - AUGCON - INFO - Epoch [18/50]-(15/22) Loss: 0.8352, Acc(1): 50.00, Acc(5): 100.00
2023-06-19 16:23:54,353 - AUGCON - INFO - Epoch [18/50]-(20/22) Loss: 0.5623, Acc(1): 100.00, Acc(5): 100.00
2023-06-19 16:23:54,353 - AUGCON - INFO - 	Validation Loss: 0.6926, Acc(1): 82.00, Acc(5): 100.00, F1: 0.21, Recall: 0.21, Precision: 0.20
2023-06-19 16:23:54,353 - AUGCON - INFO - Epoch [19/50]-(0/22) Loss: 0.5452, Acc(1): 100.00, Acc(5): 100.00
2023-06-19 16:23:54,354 - AUGCON - INFO - Epoch [19/50]-(5/22) Loss: 0.8682, Acc(1): 50.00, Acc(5): 100.00
2023-06-19 16:23:54,354 - AUGCON - INFO - Epoch [19/50]-(10/22) Loss: 0.7751, Acc(1): 75.00, Acc(5): 100.00
2023-06-19 16:23:54,354 - AUGCON - INFO - Epoch [19/50]-(15/22) Loss: 0.2312, Acc(1): 100.00, Acc(5): 100.00
2023-06-19 16:23:54,354 - AUGCON - INFO - Epoch [19/50]-(20/22) Loss: 0.3818, Acc(1): 100.00, Acc(5): 100.00
2023-06-19 16:23:54,354 - AUGCON - INFO - 	Validation Loss: 0.7214, Acc(1): 76.00, Acc(5): 100.00, F1: 0.19, Recall: 0.21, Precision: 0.18
2023-06-19 16:23:54,354 - AUGCON - INFO - Epoch [20/50]-(0/22) Loss: 1.3428, Acc(1): 50.00, Acc(5): 100.00
2023-06-19 16:23:54,354 - AUGCON - INFO - Epoch [20/50]-(5/22) Loss: 0.4668, Acc(1): 75.00, Acc(5): 100.00
2023-06-19 16:23:54,354 - AUGCON - INFO - Epoch [20/50]-(10/22) Loss: 0.4901, Acc(1): 100.00, Acc(5): 100.00
2023-06-19 16:23:54,354 - AUGCON - INFO - Epoch [20/50]-(15/22) Loss: 0.9105, Acc(1): 50.00, Acc(5): 100.00
2023-06-19 16:23:54,354 - AUGCON - INFO - Epoch [20/50]-(20/22) Loss: 0.2904, Acc(1): 100.00, Acc(5): 100.00
2023-06-19 16:23:54,354 - AUGCON - INFO - 	Validation Loss: 0.6884, Acc(1): 77.00, Acc(5): 100.00, F1: 0.19, Recall: 0.20, Precision: 0.19
2023-06-19 16:23:54,355 - AUGCON - INFO - Epoch [21/50]-(0/22) Loss: 0.4393, Acc(1): 75.00, Acc(5): 100.00
2023-06-19 16:23:54,355 - AUGCON - INFO - Epoch [21/50]-(5/22) Loss: 0.2623, Acc(1): 100.00, Acc(5): 100.00
2023-06-19 16:23:54,355 - AUGCON - INFO - Epoch [21/50]-(10/22) Loss: 0.6181, Acc(1): 75.00, Acc(5): 100.00
2023-06-19 16:23:54,355 - AUGCON - INFO - Epoch [21/50]-(15/22) Loss: 0.3535, Acc(1): 100.00, Acc(5): 100.00
2023-06-19 16:23:54,355 - AUGCON - INFO - Epoch [21/50]-(20/22) Loss: 0.8079, Acc(1): 75.00, Acc(5): 100.00
2023-06-19 16:23:54,355 - AUGCON - INFO - 	Validation Loss: 0.6843, Acc(1): 79.00, Acc(5): 100.00, F1: 0.20, Recall: 0.21, Precision: 0.20
2023-06-19 16:23:54,355 - AUGCON - INFO - Epoch [22/50]-(0/22) Loss: 0.6668, Acc(1): 50.00, Acc(5): 100.00
2023-06-19 16:23:54,355 - AUGCON - INFO - Epoch [22/50]-(5/22) Loss: 0.5208, Acc(1): 75.00, Acc(5): 100.00
2023-06-19 16:23:54,355 - AUGCON - INFO - Epoch [22/50]-(10/22) Loss: 1.0451, Acc(1): 75.00, Acc(5): 100.00
2023-06-19 16:23:54,355 - AUGCON - INFO - Epoch [22/50]-(15/22) Loss: 0.5783, Acc(1): 75.00, Acc(5): 100.00
2023-06-19 16:23:54,355 - AUGCON - INFO - Epoch [22/50]-(20/22) Loss: 0.1612, Acc(1): 100.00, Acc(5): 100.00
2023-06-19 16:23:54,356 - AUGCON - INFO - 	Validation Loss: 0.6772, Acc(1): 80.00, Acc(5): 100.00, F1: 0.20, Recall: 0.20, Precision: 0.20
2023-06-19 16:23:54,356 - AUGCON - INFO - Epoch [23/50]-(0/22) Loss: 0.1564, Acc(1): 100.00, Acc(5): 100.00
2023-06-19 16:23:54,356 - AUGCON - INFO - Epoch [23/50]-(5/22) Loss: 0.4058, Acc(1): 75.00, Acc(5): 100.00
2023-06-19 16:23:54,356 - AUGCON - INFO - Epoch [23/50]-(10/22) Loss: 0.7289, Acc(1): 75.00, Acc(5): 100.00
2023-06-19 16:23:54,356 - AUGCON - INFO - Epoch [23/50]-(15/22) Loss: 0.7048, Acc(1): 50.00, Acc(5): 100.00
2023-06-19 16:23:54,356 - AUGCON - INFO - Epoch [23/50]-(20/22) Loss: 0.8727, Acc(1): 75.00, Acc(5): 100.00
2023-06-19 16:23:54,356 - AUGCON - INFO - 	Validation Loss: 0.6747, Acc(1): 79.00, Acc(5): 100.00, F1: 0.20, Recall: 0.20, Precision: 0.20
2023-06-19 16:23:54,356 - AUGCON - INFO - Epoch [24/50]-(0/22) Loss: 0.5082, Acc(1): 75.00, Acc(5): 100.00
2023-06-19 16:23:54,356 - AUGCON - INFO - Epoch [24/50]-(5/22) Loss: 0.8102, Acc(1): 50.00, Acc(5): 100.00
2023-06-19 16:23:54,356 - AUGCON - INFO - Epoch [24/50]-(10/22) Loss: 0.8532, Acc(1): 50.00, Acc(5): 100.00
2023-06-19 16:23:54,356 - AUGCON - INFO - Epoch [24/50]-(15/22) Loss: 0.5053, Acc(1): 100.00, Acc(5): 100.00
2023-06-19 16:23:54,356 - AUGCON - INFO - Epoch [24/50]-(20/22) Loss: 0.5873, Acc(1): 100.00, Acc(5): 100.00
2023-06-19 16:23:54,356 - AUGCON - INFO - 	Validation Loss: 0.6758, Acc(1): 75.00, Acc(5): 100.00, F1: 0.19, Recall: 0.20, Precision: 0.19
2023-06-19 16:23:54,357 - AUGCON - INFO - Epoch [25/50]-(0/22) Loss: 0.3338, Acc(1): 100.00, Acc(5): 100.00
2023-06-19 16:23:54,357 - AUGCON - INFO - Epoch [25/50]-(5/22) Loss: 0.4929, Acc(1): 75.00, Acc(5): 100.00
2023-06-19 16:23:54,357 - AUGCON - INFO - Epoch [25/50]-(10/22) Loss: 0.3520, Acc(1): 100.00, Acc(5): 100.00
2023-06-19 16:23:54,357 - AUGCON - INFO - Epoch [25/50]-(15/22) Loss: 0.5886, Acc(1): 75.00, Acc(5): 100.00
2023-06-19 16:23:54,357 - AUGCON - INFO - Epoch [25/50]-(20/22) Loss: 1.1740, Acc(1): 50.00, Acc(5): 100.00
2023-06-19 16:23:54,357 - AUGCON - INFO - 	Validation Loss: 0.6612, Acc(1): 79.00, Acc(5): 100.00, F1: 0.20, Recall: 0.21, Precision: 0.20
2023-06-19 16:23:54,357 - AUGCON - INFO - Epoch [26/50]-(0/22) Loss: 0.8841, Acc(1): 75.00, Acc(5): 100.00
2023-06-19 16:23:54,357 - AUGCON - INFO - Epoch [26/50]-(5/22) Loss: 0.1794, Acc(1): 100.00, Acc(5): 100.00
2023-06-19 16:23:54,357 - AUGCON - INFO - Epoch [26/50]-(10/22) Loss: 0.6672, Acc(1): 75.00, Acc(5): 100.00
2023-06-19 16:23:54,357 - AUGCON - INFO - Epoch [26/50]-(15/22) Loss: 0.9643, Acc(1): 75.00, Acc(5): 100.00
2023-06-19 16:23:54,357 - AUGCON - INFO - Epoch [26/50]-(20/22) Loss: 0.1263, Acc(1): 100.00, Acc(5): 100.00
2023-06-19 16:23:54,357 - AUGCON - INFO - 	Validation Loss: 0.6249, Acc(1): 86.00, Acc(5): 100.00, F1: 0.22, Recall: 0.20, Precision: 0.23
2023-06-19 16:23:54,357 - AUGCON - INFO - Epoch [27/50]-(0/22) Loss: 0.2342, Acc(1): 100.00, Acc(5): 100.00
2023-06-19 16:23:54,358 - AUGCON - INFO - Epoch [27/50]-(5/22) Loss: 0.7253, Acc(1): 75.00, Acc(5): 100.00
2023-06-19 16:23:54,358 - AUGCON - INFO - Epoch [27/50]-(10/22) Loss: 0.4457, Acc(1): 100.00, Acc(5): 100.00
2023-06-19 16:23:54,358 - AUGCON - INFO - Epoch [27/50]-(15/22) Loss: 0.9308, Acc(1): 50.00, Acc(5): 100.00
2023-06-19 16:23:54,358 - AUGCON - INFO - Epoch [27/50]-(20/22) Loss: 0.6847, Acc(1): 75.00, Acc(5): 100.00
2023-06-19 16:23:54,358 - AUGCON - INFO - 	Validation Loss: 0.6615, Acc(1): 77.00, Acc(5): 100.00, F1: 0.19, Recall: 0.20, Precision: 0.19
2023-06-19 16:23:54,358 - AUGCON - INFO - Epoch [28/50]-(0/22) Loss: 1.0989, Acc(1): 75.00, Acc(5): 100.00
2023-06-19 16:23:54,358 - AUGCON - INFO - Epoch [28/50]-(5/22) Loss: 0.8134, Acc(1): 75.00, Acc(5): 100.00
2023-06-19 16:23:54,358 - AUGCON - INFO - Epoch [28/50]-(10/22) Loss: 0.3351, Acc(1): 100.00, Acc(5): 100.00
2023-06-19 16:23:54,358 - AUGCON - INFO - Epoch [28/50]-(15/22) Loss: 0.6914, Acc(1): 75.00, Acc(5): 100.00
2023-06-19 16:23:54,358 - AUGCON - INFO - Epoch [28/50]-(20/22) Loss: 0.1695, Acc(1): 100.00, Acc(5): 100.00
2023-06-19 16:23:54,358 - AUGCON - INFO - 	Validation Loss: 0.6491, Acc(1): 79.00, Acc(5): 100.00, F1: 0.20, Recall: 0.21, Precision: 0.19
2023-06-19 16:23:54,358 - AUGCON - INFO - Epoch [29/50]-(0/22) Loss: 0.7978, Acc(1): 75.00, Acc(5): 100.00
2023-06-19 16:23:54,359 - AUGCON - INFO - Epoch [29/50]-(5/22) Loss: 0.9032, Acc(1): 75.00, Acc(5): 100.00
2023-06-19 16:23:54,359 - AUGCON - INFO - Epoch [29/50]-(10/22) Loss: 0.2500, Acc(1): 100.00, Acc(5): 100.00
2023-06-19 16:23:54,359 - AUGCON - INFO - Epoch [29/50]-(15/22) Loss: 1.1063, Acc(1): 50.00, Acc(5): 100.00
2023-06-19 16:23:54,359 - AUGCON - INFO - Epoch [29/50]-(20/22) Loss: 0.6848, Acc(1): 75.00, Acc(5): 100.00
2023-06-19 16:23:54,359 - AUGCON - INFO - 	Validation Loss: 0.6287, Acc(1): 79.00, Acc(5): 100.00, F1: 0.20, Recall: 0.20, Precision: 0.21
2023-06-19 16:23:54,359 - AUGCON - INFO - Epoch [30/50]-(0/22) Loss: 0.8196, Acc(1): 50.00, Acc(5): 100.00
2023-06-19 16:23:54,359 - AUGCON - INFO - Epoch [30/50]-(5/22) Loss: 0.7112, Acc(1): 75.00, Acc(5): 100.00
2023-06-19 16:23:54,359 - AUGCON - INFO - Epoch [30/50]-(10/22) Loss: 0.4313, Acc(1): 75.00, Acc(5): 100.00
2023-06-19 16:23:54,359 - AUGCON - INFO - Epoch [30/50]-(15/22) Loss: 0.5902, Acc(1): 100.00, Acc(5): 100.00
2023-06-19 16:23:54,359 - AUGCON - INFO - Epoch [30/50]-(20/22) Loss: 0.7198, Acc(1): 50.00, Acc(5): 100.00
2023-06-19 16:23:54,360 - AUGCON - INFO - 	Validation Loss: 0.6621, Acc(1): 77.00, Acc(5): 100.00, F1: 0.19, Recall: 0.20, Precision: 0.19
2023-06-19 16:23:54,360 - AUGCON - INFO - Epoch [31/50]-(0/22) Loss: 0.6351, Acc(1): 75.00, Acc(5): 100.00
2023-06-19 16:23:54,360 - AUGCON - INFO - Epoch [31/50]-(5/22) Loss: 0.2415, Acc(1): 100.00, Acc(5): 100.00
2023-06-19 16:23:54,360 - AUGCON - INFO - Epoch [31/50]-(10/22) Loss: 0.7711, Acc(1): 50.00, Acc(5): 100.00
2023-06-19 16:23:54,360 - AUGCON - INFO - Epoch [31/50]-(15/22) Loss: 0.9175, Acc(1): 50.00, Acc(5): 100.00
2023-06-19 16:23:54,360 - AUGCON - INFO - Epoch [31/50]-(20/22) Loss: 0.5017, Acc(1): 75.00, Acc(5): 100.00
2023-06-19 16:23:54,360 - AUGCON - INFO - 	Validation Loss: 0.6838, Acc(1): 78.00, Acc(5): 100.00, F1: 0.19, Recall: 0.20, Precision: 0.19
2023-06-19 16:23:54,360 - AUGCON - INFO - Epoch [32/50]-(0/22) Loss: 0.4189, Acc(1): 100.00, Acc(5): 100.00
2023-06-19 16:23:54,360 - AUGCON - INFO - Epoch [32/50]-(5/22) Loss: 0.5553, Acc(1): 100.00, Acc(5): 100.00
2023-06-19 16:23:54,360 - AUGCON - INFO - Epoch [32/50]-(10/22) Loss: 0.2056, Acc(1): 100.00, Acc(5): 100.00
2023-06-19 16:23:54,361 - AUGCON - INFO - Epoch [32/50]-(15/22) Loss: 0.5934, Acc(1): 75.00, Acc(5): 100.00
2023-06-19 16:23:54,361 - AUGCON - INFO - Epoch [32/50]-(20/22) Loss: 0.2289, Acc(1): 100.00, Acc(5): 100.00
2023-06-19 16:23:54,361 - AUGCON - INFO - 	Validation Loss: 0.6281, Acc(1): 75.00, Acc(5): 100.00, F1: 0.19, Recall: 0.20, Precision: 0.17
2023-06-19 16:23:54,361 - AUGCON - INFO - Epoch [33/50]-(0/22) Loss: 0.4116, Acc(1): 100.00, Acc(5): 100.00
2023-06-19 16:23:54,361 - AUGCON - INFO - Epoch [33/50]-(5/22) Loss: 0.3675, Acc(1): 100.00, Acc(5): 100.00
2023-06-19 16:23:54,361 - AUGCON - INFO - Epoch [33/50]-(10/22) Loss: 1.0879, Acc(1): 50.00, Acc(5): 100.00
2023-06-19 16:23:54,361 - AUGCON - INFO - Epoch [33/50]-(15/22) Loss: 0.8993, Acc(1): 75.00, Acc(5): 100.00
2023-06-19 16:23:54,361 - AUGCON - INFO - Epoch [33/50]-(20/22) Loss: 0.3746, Acc(1): 100.00, Acc(5): 100.00
2023-06-19 16:23:54,361 - AUGCON - INFO - 	Validation Loss: 0.6583, Acc(1): 75.00, Acc(5): 100.00, F1: 0.19, Recall: 0.20, Precision: 0.19
2023-06-19 16:23:54,361 - AUGCON - INFO - Epoch [34/50]-(0/22) Loss: 0.0968, Acc(1): 100.00, Acc(5): 100.00
2023-06-19 16:23:54,361 - AUGCON - INFO - Epoch [34/50]-(5/22) Loss: 0.8084, Acc(1): 75.00, Acc(5): 100.00
2023-06-19 16:23:54,361 - AUGCON - INFO - Epoch [34/50]-(10/22) Loss: 1.4294, Acc(1): 25.00, Acc(5): 100.00
2023-06-19 16:23:54,362 - AUGCON - INFO - Epoch [34/50]-(15/22) Loss: 0.7333, Acc(1): 100.00, Acc(5): 100.00
2023-06-19 16:23:54,362 - AUGCON - INFO - Epoch [34/50]-(20/22) Loss: 1.5325, Acc(1): 50.00, Acc(5): 100.00
2023-06-19 16:23:54,362 - AUGCON - INFO - 	Validation Loss: 0.6480, Acc(1): 79.00, Acc(5): 100.00, F1: 0.20, Recall: 0.20, Precision: 0.21
2023-06-19 16:23:54,362 - AUGCON - INFO - Epoch [35/50]-(0/22) Loss: 0.4437, Acc(1): 75.00, Acc(5): 100.00
2023-06-19 16:23:54,362 - AUGCON - INFO - Epoch [35/50]-(5/22) Loss: 0.8798, Acc(1): 50.00, Acc(5): 100.00
2023-06-19 16:23:54,362 - AUGCON - INFO - Epoch [35/50]-(10/22) Loss: 0.4466, Acc(1): 100.00, Acc(5): 100.00
2023-06-19 16:23:54,362 - AUGCON - INFO - Epoch [35/50]-(15/22) Loss: 0.1562, Acc(1): 100.00, Acc(5): 100.00
2023-06-19 16:23:54,362 - AUGCON - INFO - Epoch [35/50]-(20/22) Loss: 0.4353, Acc(1): 75.00, Acc(5): 100.00
2023-06-19 16:23:54,362 - AUGCON - INFO - 	Validation Loss: 0.6266, Acc(1): 77.00, Acc(5): 100.00, F1: 0.20, Recall: 0.19, Precision: 0.20
2023-06-19 16:23:54,362 - AUGCON - INFO - Epoch [36/50]-(0/22) Loss: 0.6273, Acc(1): 75.00, Acc(5): 100.00
2023-06-19 16:23:54,362 - AUGCON - INFO - Epoch [36/50]-(5/22) Loss: 1.3550, Acc(1): 50.00, Acc(5): 100.00
2023-06-19 16:23:54,362 - AUGCON - INFO - Epoch [36/50]-(10/22) Loss: 0.2051, Acc(1): 100.00, Acc(5): 100.00
2023-06-19 16:23:54,363 - AUGCON - INFO - Epoch [36/50]-(15/22) Loss: 0.8628, Acc(1): 75.00, Acc(5): 100.00
2023-06-19 16:23:54,363 - AUGCON - INFO - Epoch [36/50]-(20/22) Loss: 0.6904, Acc(1): 75.00, Acc(5): 100.00
2023-06-19 16:23:54,363 - AUGCON - INFO - 	Validation Loss: 0.6616, Acc(1): 75.00, Acc(5): 100.00, F1: 0.19, Recall: 0.20, Precision: 0.18
2023-06-19 16:23:54,363 - AUGCON - INFO - Epoch [37/50]-(0/22) Loss: 0.2723, Acc(1): 100.00, Acc(5): 100.00
2023-06-19 16:23:54,363 - AUGCON - INFO - Epoch [37/50]-(5/22) Loss: 0.2911, Acc(1): 100.00, Acc(5): 100.00
2023-06-19 16:23:54,363 - AUGCON - INFO - Epoch [37/50]-(10/22) Loss: 0.4512, Acc(1): 100.00, Acc(5): 100.00
2023-06-19 16:23:54,363 - AUGCON - INFO - Epoch [37/50]-(15/22) Loss: 0.0989, Acc(1): 100.00, Acc(5): 100.00
2023-06-19 16:23:54,363 - AUGCON - INFO - Epoch [37/50]-(20/22) Loss: 0.5502, Acc(1): 75.00, Acc(5): 100.00
2023-06-19 16:23:54,363 - AUGCON - INFO - 	Validation Loss: 0.5971, Acc(1): 81.00, Acc(5): 100.00, F1: 0.20, Recall: 0.21, Precision: 0.20
2023-06-19 16:23:54,363 - AUGCON - INFO - Epoch [38/50]-(0/22) Loss: 0.2804, Acc(1): 100.00, Acc(5): 100.00
2023-06-19 16:23:54,363 - AUGCON - INFO - Epoch [38/50]-(5/22) Loss: 0.8675, Acc(1): 50.00, Acc(5): 100.00
2023-06-19 16:23:54,363 - AUGCON - INFO - Epoch [38/50]-(10/22) Loss: 0.6159, Acc(1): 75.00, Acc(5): 100.00
2023-06-19 16:23:54,363 - AUGCON - INFO - Epoch [38/50]-(15/22) Loss: 0.3428, Acc(1): 75.00, Acc(5): 100.00
2023-06-19 16:23:54,365 - AUGCON - INFO - Epoch [38/50]-(20/22) Loss: 0.2114, Acc(1): 100.00, Acc(5): 100.00
2023-06-19 16:23:54,365 - AUGCON - INFO - 	Validation Loss: 0.5931, Acc(1): 75.00, Acc(5): 100.00, F1: 0.19, Recall: 0.20, Precision: 0.18
2023-06-19 16:23:54,366 - AUGCON - INFO - Epoch [39/50]-(0/22) Loss: 0.7490, Acc(1): 75.00, Acc(5): 100.00
2023-06-19 16:23:54,366 - AUGCON - INFO - Epoch [39/50]-(5/22) Loss: 0.4577, Acc(1): 75.00, Acc(5): 100.00
2023-06-19 16:23:54,366 - AUGCON - INFO - Epoch [39/50]-(10/22) Loss: 0.6565, Acc(1): 75.00, Acc(5): 100.00
2023-06-19 16:23:54,366 - AUGCON - INFO - Epoch [39/50]-(15/22) Loss: 0.3899, Acc(1): 100.00, Acc(5): 100.00
2023-06-19 16:23:54,366 - AUGCON - INFO - Epoch [39/50]-(20/22) Loss: 0.5389, Acc(1): 75.00, Acc(5): 100.00
2023-06-19 16:23:54,366 - AUGCON - INFO - 	Validation Loss: 0.6160, Acc(1): 83.00, Acc(5): 100.00, F1: 0.21, Recall: 0.21, Precision: 0.20
2023-06-19 16:23:54,366 - AUGCON - INFO - Epoch [40/50]-(0/22) Loss: 0.4107, Acc(1): 100.00, Acc(5): 100.00
2023-06-19 16:23:54,366 - AUGCON - INFO - Epoch [40/50]-(5/22) Loss: 0.2358, Acc(1): 100.00, Acc(5): 100.00
2023-06-19 16:23:54,366 - AUGCON - INFO - Epoch [40/50]-(10/22) Loss: 0.5432, Acc(1): 100.00, Acc(5): 100.00
2023-06-19 16:23:54,366 - AUGCON - INFO - Epoch [40/50]-(15/22) Loss: 0.8544, Acc(1): 75.00, Acc(5): 100.00
2023-06-19 16:23:54,366 - AUGCON - INFO - Epoch [40/50]-(20/22) Loss: 0.3577, Acc(1): 100.00, Acc(5): 100.00
2023-06-19 16:23:54,367 - AUGCON - INFO - 	Validation Loss: 0.6252, Acc(1): 78.00, Acc(5): 100.00, F1: 0.20, Recall: 0.19, Precision: 0.21
2023-06-19 16:23:54,367 - AUGCON - INFO - Epoch [41/50]-(0/22) Loss: 0.3337, Acc(1): 100.00, Acc(5): 100.00
2023-06-19 16:23:54,367 - AUGCON - INFO - Epoch [41/50]-(5/22) Loss: 0.5350, Acc(1): 100.00, Acc(5): 100.00
2023-06-19 16:23:54,367 - AUGCON - INFO - Epoch [41/50]-(10/22) Loss: 1.1234, Acc(1): 50.00, Acc(5): 100.00
2023-06-19 16:23:54,367 - AUGCON - INFO - Epoch [41/50]-(15/22) Loss: 0.7144, Acc(1): 75.00, Acc(5): 100.00
2023-06-19 16:23:54,367 - AUGCON - INFO - Epoch [41/50]-(20/22) Loss: 0.5263, Acc(1): 100.00, Acc(5): 100.00
2023-06-19 16:23:54,367 - AUGCON - INFO - 	Validation Loss: 0.6243, Acc(1): 78.00, Acc(5): 100.00, F1: 0.20, Recall: 0.21, Precision: 0.19
2023-06-19 16:23:54,367 - AUGCON - INFO - Epoch [42/50]-(0/22) Loss: 0.7536, Acc(1): 50.00, Acc(5): 100.00
2023-06-19 16:23:54,367 - AUGCON - INFO - Epoch [42/50]-(5/22) Loss: 0.3386, Acc(1): 100.00, Acc(5): 100.00
2023-06-19 16:23:54,367 - AUGCON - INFO - Epoch [42/50]-(10/22) Loss: 0.9525, Acc(1): 75.00, Acc(5): 100.00
2023-06-19 16:23:54,367 - AUGCON - INFO - Epoch [42/50]-(15/22) Loss: 0.3710, Acc(1): 75.00, Acc(5): 100.00
2023-06-19 16:23:54,367 - AUGCON - INFO - Epoch [42/50]-(20/22) Loss: 0.3932, Acc(1): 75.00, Acc(5): 100.00
2023-06-19 16:23:54,368 - AUGCON - INFO - 	Validation Loss: 0.5535, Acc(1): 84.00, Acc(5): 100.00, F1: 0.21, Recall: 0.21, Precision: 0.21
2023-06-19 16:23:54,368 - AUGCON - INFO - Epoch [43/50]-(0/22) Loss: 0.5914, Acc(1): 75.00, Acc(5): 100.00
2023-06-19 16:23:54,368 - AUGCON - INFO - Epoch [43/50]-(5/22) Loss: 0.6339, Acc(1): 75.00, Acc(5): 100.00
2023-06-19 16:23:54,368 - AUGCON - INFO - Epoch [43/50]-(10/22) Loss: 0.6627, Acc(1): 75.00, Acc(5): 100.00
2023-06-19 16:23:54,368 - AUGCON - INFO - Epoch [43/50]-(15/22) Loss: 0.3117, Acc(1): 100.00, Acc(5): 100.00
2023-06-19 16:23:54,368 - AUGCON - INFO - Epoch [43/50]-(20/22) Loss: 0.7581, Acc(1): 75.00, Acc(5): 100.00
2023-06-19 16:23:54,368 - AUGCON - INFO - 	Validation Loss: 0.6689, Acc(1): 78.00, Acc(5): 100.00, F1: 0.19, Recall: 0.20, Precision: 0.18
2023-06-19 16:23:54,368 - AUGCON - INFO - Epoch [44/50]-(0/22) Loss: 0.0790, Acc(1): 100.00, Acc(5): 100.00
2023-06-19 16:23:54,368 - AUGCON - INFO - Epoch [44/50]-(5/22) Loss: 0.4980, Acc(1): 100.00, Acc(5): 100.00
2023-06-19 16:23:54,368 - AUGCON - INFO - Epoch [44/50]-(10/22) Loss: 0.3515, Acc(1): 100.00, Acc(5): 100.00
2023-06-19 16:23:54,368 - AUGCON - INFO - Epoch [44/50]-(15/22) Loss: 0.6022, Acc(1): 75.00, Acc(5): 100.00
2023-06-19 16:23:54,368 - AUGCON - INFO - Epoch [44/50]-(20/22) Loss: 0.3080, Acc(1): 75.00, Acc(5): 100.00
2023-06-19 16:23:54,369 - AUGCON - INFO - 	Validation Loss: 0.6024, Acc(1): 81.00, Acc(5): 100.00, F1: 0.20, Recall: 0.21, Precision: 0.19
2023-06-19 16:23:54,369 - AUGCON - INFO - Epoch [45/50]-(0/22) Loss: 0.2306, Acc(1): 100.00, Acc(5): 100.00
2023-06-19 16:23:54,369 - AUGCON - INFO - Epoch [45/50]-(5/22) Loss: 0.2490, Acc(1): 100.00, Acc(5): 100.00
2023-06-19 16:23:54,369 - AUGCON - INFO - Epoch [45/50]-(10/22) Loss: 0.0791, Acc(1): 100.00, Acc(5): 100.00
2023-06-19 16:23:54,369 - AUGCON - INFO - Epoch [45/50]-(15/22) Loss: 0.1653, Acc(1): 100.00, Acc(5): 100.00
2023-06-19 16:23:54,369 - AUGCON - INFO - Epoch [45/50]-(20/22) Loss: 0.3109, Acc(1): 100.00, Acc(5): 100.00
2023-06-19 16:23:54,369 - AUGCON - INFO - 	Validation Loss: 0.5960, Acc(1): 78.00, Acc(5): 100.00, F1: 0.20, Recall: 0.20, Precision: 0.20
2023-06-19 16:23:54,369 - AUGCON - INFO - Epoch [46/50]-(0/22) Loss: 0.7979, Acc(1): 75.00, Acc(5): 100.00
2023-06-19 16:23:54,369 - AUGCON - INFO - Epoch [46/50]-(5/22) Loss: 0.8948, Acc(1): 50.00, Acc(5): 100.00
2023-06-19 16:23:54,369 - AUGCON - INFO - Epoch [46/50]-(10/22) Loss: 0.1924, Acc(1): 100.00, Acc(5): 100.00
2023-06-19 16:23:54,369 - AUGCON - INFO - Epoch [46/50]-(15/22) Loss: 0.3167, Acc(1): 75.00, Acc(5): 100.00
2023-06-19 16:23:54,369 - AUGCON - INFO - Epoch [46/50]-(20/22) Loss: 0.9137, Acc(1): 75.00, Acc(5): 100.00
2023-06-19 16:23:54,370 - AUGCON - INFO - 	Validation Loss: 0.6019, Acc(1): 83.00, Acc(5): 100.00, F1: 0.21, Recall: 0.21, Precision: 0.21
2023-06-19 16:23:54,370 - AUGCON - INFO - Epoch [47/50]-(0/22) Loss: 0.1377, Acc(1): 100.00, Acc(5): 100.00
2023-06-19 16:23:54,370 - AUGCON - INFO - Epoch [47/50]-(5/22) Loss: 0.2015, Acc(1): 100.00, Acc(5): 100.00
2023-06-19 16:23:54,370 - AUGCON - INFO - Epoch [47/50]-(10/22) Loss: 0.4943, Acc(1): 75.00, Acc(5): 100.00
2023-06-19 16:23:54,370 - AUGCON - INFO - Epoch [47/50]-(15/22) Loss: 0.6782, Acc(1): 75.00, Acc(5): 100.00
2023-06-19 16:23:54,370 - AUGCON - INFO - Epoch [47/50]-(20/22) Loss: 0.5141, Acc(1): 75.00, Acc(5): 100.00
2023-06-19 16:23:54,370 - AUGCON - INFO - 	Validation Loss: 0.6143, Acc(1): 80.00, Acc(5): 100.00, F1: 0.20, Recall: 0.21, Precision: 0.19
2023-06-19 16:23:54,370 - AUGCON - INFO - Epoch [48/50]-(0/22) Loss: 0.8577, Acc(1): 75.00, Acc(5): 100.00
2023-06-19 16:23:54,370 - AUGCON - INFO - Epoch [48/50]-(5/22) Loss: 0.5688, Acc(1): 75.00, Acc(5): 100.00
2023-06-19 16:23:54,370 - AUGCON - INFO - Epoch [48/50]-(10/22) Loss: 0.5057, Acc(1): 75.00, Acc(5): 100.00
2023-06-19 16:23:54,370 - AUGCON - INFO - Epoch [48/50]-(15/22) Loss: 0.1982, Acc(1): 100.00, Acc(5): 100.00
2023-06-19 16:23:54,370 - AUGCON - INFO - Epoch [48/50]-(20/22) Loss: 0.3879, Acc(1): 100.00, Acc(5): 100.00
2023-06-19 16:23:54,371 - AUGCON - INFO - 	Validation Loss: 0.5969, Acc(1): 79.00, Acc(5): 100.00, F1: 0.20, Recall: 0.19, Precision: 0.21
2023-06-19 16:23:54,371 - AUGCON - INFO - Epoch [49/50]-(0/22) Loss: 0.2095, Acc(1): 100.00, Acc(5): 100.00
2023-06-19 16:23:54,371 - AUGCON - INFO - Epoch [49/50]-(5/22) Loss: 0.3224, Acc(1): 100.00, Acc(5): 100.00
2023-06-19 16:23:54,371 - AUGCON - INFO - Epoch [49/50]-(10/22) Loss: 1.2701, Acc(1): 50.00, Acc(5): 100.00
2023-06-19 16:23:54,371 - AUGCON - INFO - Epoch [49/50]-(15/22) Loss: 0.2484, Acc(1): 100.00, Acc(5): 100.00
2023-06-19 16:23:54,371 - AUGCON - INFO - Epoch [49/50]-(20/22) Loss: 0.2407, Acc(1): 100.00, Acc(5): 100.00
2023-06-19 16:23:54,371 - AUGCON - INFO - 	Validation Loss: 0.6353, Acc(1): 76.00, Acc(5): 100.00, F1: 0.19, Recall: 0.20, Precision: 0.19
2023-06-19 16:23:54,371 - AUGCON - INFO - Epoch [50/50]-(0/22) Loss: 0.3274, Acc(1): 75.00, Acc(5): 100.00
2023-06-19 16:23:54,371 - AUGCON - INFO - Epoch [50/50]-(5/22) Loss: 0.5608, Acc(1): 75.00, Acc(5): 100.00
2023-06-19 16:23:54,371 - AUGCON - INFO - Epoch [50/50]-(10/22) Loss: 0.9914, Acc(1): 50.00, Acc(5): 100.00
2023-06-19 16:23:54,371 - AUGCON - INFO - Epoch [50/50]-(15/22) Loss: 0.3316, Acc(1): 100.00, Acc(5): 100.00
2023-06-19 16:23:54,371 - AUGCON - INFO - Epoch [50/50]-(20/22) Loss: 0.5251, Acc(1): 75.00, Acc(5): 100.00
2023-06-19 16:23:54,372 - AUGCON - INFO - 	Validation Loss: 0.5784, Acc(1): 79.00, Acc(5): 100.00, F1: 0.20, Recall: 0.20, Precision: 0.19
2023-06-19 16:23:54,372 - AUGCON - INFO - 	Validation Loss: 0.5243, Acc(1): 83.67, Acc(5): 99.67, F1: 0.20, Recall: 0.20, Precision: 0.20
