2023-06-19 16:21:05,323 - AUGCON - INFO - logger initialized (/home/hjyoon/projects/augcon/config/exp0/finetune_da_false/without_target_domain_PH0007-jskim/metacpc_random_8421/tgt_target_domain_PH0014-wjlee_seed0.yaml.log)
2023-06-19 16:21:05,323 - AUGCON - INFO - ================= Config =================
2023-06-19 16:21:05,323 - AUGCON - INFO -   mode: finetune
2023-06-19 16:21:05,323 - AUGCON - INFO -   seed: 0
2023-06-19 16:21:05,323 - AUGCON - INFO -   gpu: [0]
2023-06-19 16:21:05,323 - AUGCON - INFO -   num_workers: 1
2023-06-19 16:21:05,323 - AUGCON - INFO -   dist_url: tcp://localhost:10001
2023-06-19 16:21:05,323 - AUGCON - INFO -   dataset_name: ichar
2023-06-19 16:21:05,323 - AUGCON - INFO -   train_dataset_path: /mnt/sting/hjyoon/projects/cross/ICHAR/augcon/target_domain_PH0014-wjlee/finetune/10shot/target/train.pkl
2023-06-19 16:21:05,323 - AUGCON - INFO -   test_dataset_path: /mnt/sting/hjyoon/projects/cross/ICHAR/augcon/target_domain_PH0014-wjlee/finetune/10shot/target/test.pkl
2023-06-19 16:21:05,323 - AUGCON - INFO -   val_dataset_path: /mnt/sting/hjyoon/projects/cross/ICHAR/augcon/target_domain_PH0014-wjlee/finetune/10shot/target/val.pkl
2023-06-19 16:21:05,323 - AUGCON - INFO -   input_channels: 3
2023-06-19 16:21:05,323 - AUGCON - INFO -   num_cls: 9
2023-06-19 16:21:05,323 - AUGCON - INFO -   optimizer: adam
2023-06-19 16:21:05,323 - AUGCON - INFO -   criterion: crossentropy
2023-06-19 16:21:05,323 - AUGCON - INFO -   start_epoch: 0
2023-06-19 16:21:05,323 - AUGCON - INFO -   epochs: 50
2023-06-19 16:21:05,323 - AUGCON - INFO -   batch_size: 4
2023-06-19 16:21:05,323 - AUGCON - INFO -   lr: 0.001
2023-06-19 16:21:05,323 - AUGCON - INFO -   wd: 0.0
2023-06-19 16:21:05,323 - AUGCON - INFO -   resume: 
2023-06-19 16:21:05,323 - AUGCON - INFO -   pretrained: /mnt/sting/hjyoon/projects/augcontrast/models/exp0/pretrain/without_target_domain_PH0007-jskim/metacpc_random_8421/checkpoint_0999.pth.tar
2023-06-19 16:21:05,323 - AUGCON - INFO -   ckpt_dir: /mnt/sting/hjyoon/projects/augcontrast/models/exp0/finetune_da_false/without_target_domain_PH0007-jskim/metacpc_random_8421/tgt_target_domain_PH0014-wjlee_seed0
2023-06-19 16:21:05,323 - AUGCON - INFO -   log_freq: 5
2023-06-19 16:21:05,323 - AUGCON - INFO -   save_freq: 10
2023-06-19 16:21:05,323 - AUGCON - INFO -   pretext: metacpc
2023-06-19 16:21:05,324 - AUGCON - INFO -   enc_blocks: 4
2023-06-19 16:21:05,324 - AUGCON - INFO -   kernel_sizes: [8, 4, 2, 1]
2023-06-19 16:21:05,324 - AUGCON - INFO -   strides: [4, 2, 1, 1]
2023-06-19 16:21:05,324 - AUGCON - INFO -   agg_blocks: 5
2023-06-19 16:21:05,324 - AUGCON - INFO -   z_dim: 256
2023-06-19 16:21:05,324 - AUGCON - INFO -   pooling: mean
2023-06-19 16:21:05,324 - AUGCON - INFO -   pred_steps: 12
2023-06-19 16:21:05,324 - AUGCON - INFO -   n_negatives: 15
2023-06-19 16:21:05,324 - AUGCON - INFO -   offset: 4
2023-06-19 16:21:05,324 - AUGCON - INFO -   domain_adaptation: False
2023-06-19 16:21:05,324 - AUGCON - INFO -   task_steps: 10
2023-06-19 16:21:05,324 - AUGCON - INFO -   task_lr: 0.001
2023-06-19 16:21:05,324 - AUGCON - INFO -   reg_lambda: 0
2023-06-19 16:21:05,324 - AUGCON - INFO -   mlp: False
2023-06-19 16:21:05,324 - AUGCON - INFO -   freeze: True
2023-06-19 16:21:05,324 - AUGCON - INFO -   no_vars: False
2023-06-19 16:21:05,324 - AUGCON - INFO - ==========================================
2023-06-19 16:21:05,324 - AUGCON - INFO - Setting GPUs: [0]
2023-06-19 16:21:05,324 - AUGCON - INFO - GPUs [0] will be used
2023-06-19 16:21:05,325 - AUGCON - WARNING - You have chosen to seed training. 
2023-06-19 16:21:05,325 - AUGCON - WARNING - This will turn on the CUDNN deterministic setting, 
2023-06-19 16:21:05,325 - AUGCON - WARNING - which can slow down your training considerably! 
2023-06-19 16:21:05,325 - AUGCON - WARNING - You may see unexpected behavior when restarting 
2023-06-19 16:21:05,325 - AUGCON - WARNING - from checkpoints.
2023-06-19 16:21:05,361 - AUGCON - INFO - Executing MetaCPC
2023-06-19 16:21:05,361 - AUGCON - INFO - Logs are skipped during training
2023-06-19 16:21:20,886 - AUGCON - INFO - Single GPU is used for training - training 90 instances for each worker
2023-06-19 16:21:20,886 - AUGCON - INFO - Loading pretrained model from checkpoint - /mnt/sting/hjyoon/projects/augcontrast/models/exp0/pretrain/without_target_domain_PH0007-jskim/metacpc_random_8421/checkpoint_0999.pth.tar
2023-06-19 16:21:20,886 - AUGCON - INFO - Missing keys: []
2023-06-19 16:21:20,887 - AUGCON - INFO - Loading encoder parameters to the classifier
2023-06-19 16:21:20,887 - AUGCON - INFO - Missing keys: ['classifier.block.0.weight', 'classifier.block.0.bias']
2023-06-19 16:21:20,887 - AUGCON - INFO - Epoch [1/50]-(0/22) Loss: 2.4817, Acc(1): 0.00, Acc(5): 50.00
2023-06-19 16:21:20,887 - AUGCON - INFO - Epoch [1/50]-(5/22) Loss: 2.1877, Acc(1): 0.00, Acc(5): 75.00
2023-06-19 16:21:20,887 - AUGCON - INFO - Epoch [1/50]-(10/22) Loss: 2.9234, Acc(1): 0.00, Acc(5): 25.00
2023-06-19 16:21:20,887 - AUGCON - INFO - Epoch [1/50]-(15/22) Loss: 2.7061, Acc(1): 25.00, Acc(5): 50.00
2023-06-19 16:21:20,887 - AUGCON - INFO - Epoch [1/50]-(20/22) Loss: 2.7088, Acc(1): 0.00, Acc(5): 0.00
2023-06-19 16:21:20,887 - AUGCON - INFO - 	Validation Loss: 2.2054, Acc(1): 9.00, Acc(5): 63.00, F1: 0.03, Recall: 0.02, Precision: 0.05
2023-06-19 16:21:20,887 - AUGCON - INFO - Epoch [2/50]-(0/22) Loss: 2.3312, Acc(1): 0.00, Acc(5): 25.00
2023-06-19 16:21:20,887 - AUGCON - INFO - Epoch [2/50]-(5/22) Loss: 2.2417, Acc(1): 0.00, Acc(5): 50.00
2023-06-19 16:21:20,887 - AUGCON - INFO - Epoch [2/50]-(10/22) Loss: 2.5540, Acc(1): 0.00, Acc(5): 25.00
2023-06-19 16:21:20,888 - AUGCON - INFO - Epoch [2/50]-(15/22) Loss: 2.4032, Acc(1): 0.00, Acc(5): 25.00
2023-06-19 16:21:20,888 - AUGCON - INFO - Epoch [2/50]-(20/22) Loss: 2.2046, Acc(1): 25.00, Acc(5): 50.00
2023-06-19 16:21:20,888 - AUGCON - INFO - 	Validation Loss: 2.1857, Acc(1): 9.00, Acc(5): 59.00, F1: 0.02, Recall: 0.02, Precision: 0.01
2023-06-19 16:21:20,888 - AUGCON - INFO - Epoch [3/50]-(0/22) Loss: 2.1054, Acc(1): 0.00, Acc(5): 75.00
2023-06-19 16:21:20,888 - AUGCON - INFO - Epoch [3/50]-(5/22) Loss: 2.3660, Acc(1): 0.00, Acc(5): 25.00
2023-06-19 16:21:20,888 - AUGCON - INFO - Epoch [3/50]-(10/22) Loss: 2.3532, Acc(1): 0.00, Acc(5): 50.00
2023-06-19 16:21:20,888 - AUGCON - INFO - Epoch [3/50]-(15/22) Loss: 2.4184, Acc(1): 0.00, Acc(5): 25.00
2023-06-19 16:21:20,888 - AUGCON - INFO - Epoch [3/50]-(20/22) Loss: 2.1836, Acc(1): 25.00, Acc(5): 25.00
2023-06-19 16:21:20,888 - AUGCON - INFO - 	Validation Loss: 2.1941, Acc(1): 7.00, Acc(5): 66.00, F1: 0.03, Recall: 0.02, Precision: 0.06
2023-06-19 16:21:20,888 - AUGCON - INFO - Epoch [4/50]-(0/22) Loss: 2.1760, Acc(1): 0.00, Acc(5): 50.00
2023-06-19 16:21:20,888 - AUGCON - INFO - Epoch [4/50]-(5/22) Loss: 2.1957, Acc(1): 0.00, Acc(5): 50.00
2023-06-19 16:21:20,888 - AUGCON - INFO - Epoch [4/50]-(10/22) Loss: 2.1227, Acc(1): 0.00, Acc(5): 75.00
2023-06-19 16:21:20,888 - AUGCON - INFO - Epoch [4/50]-(15/22) Loss: 2.2971, Acc(1): 25.00, Acc(5): 50.00
2023-06-19 16:21:20,889 - AUGCON - INFO - Epoch [4/50]-(20/22) Loss: 2.3137, Acc(1): 0.00, Acc(5): 25.00
2023-06-19 16:21:20,889 - AUGCON - INFO - 	Validation Loss: 2.1806, Acc(1): 13.00, Acc(5): 62.00, F1: 0.02, Recall: 0.03, Precision: 0.02
2023-06-19 16:21:20,889 - AUGCON - INFO - Epoch [5/50]-(0/22) Loss: 2.1568, Acc(1): 25.00, Acc(5): 75.00
2023-06-19 16:21:20,889 - AUGCON - INFO - Epoch [5/50]-(5/22) Loss: 2.3715, Acc(1): 0.00, Acc(5): 0.00
2023-06-19 16:21:20,889 - AUGCON - INFO - Epoch [5/50]-(10/22) Loss: 2.2329, Acc(1): 0.00, Acc(5): 75.00
2023-06-19 16:21:20,889 - AUGCON - INFO - Epoch [5/50]-(15/22) Loss: 2.3807, Acc(1): 25.00, Acc(5): 25.00
2023-06-19 16:21:20,889 - AUGCON - INFO - Epoch [5/50]-(20/22) Loss: 2.2437, Acc(1): 0.00, Acc(5): 25.00
2023-06-19 16:21:20,889 - AUGCON - INFO - 	Validation Loss: 2.1788, Acc(1): 10.00, Acc(5): 56.00, F1: 0.02, Recall: 0.02, Precision: 0.02
2023-06-19 16:21:20,889 - AUGCON - INFO - Epoch [6/50]-(0/22) Loss: 2.1142, Acc(1): 0.00, Acc(5): 100.00
2023-06-19 16:21:20,889 - AUGCON - INFO - Epoch [6/50]-(5/22) Loss: 2.3647, Acc(1): 0.00, Acc(5): 0.00
2023-06-19 16:21:20,889 - AUGCON - INFO - Epoch [6/50]-(10/22) Loss: 2.3367, Acc(1): 0.00, Acc(5): 25.00
2023-06-19 16:21:20,889 - AUGCON - INFO - Epoch [6/50]-(15/22) Loss: 2.2359, Acc(1): 0.00, Acc(5): 50.00
2023-06-19 16:21:20,889 - AUGCON - INFO - Epoch [6/50]-(20/22) Loss: 2.4400, Acc(1): 0.00, Acc(5): 25.00
2023-06-19 16:21:20,889 - AUGCON - INFO - 	Validation Loss: 2.1662, Acc(1): 22.00, Acc(5): 52.00, F1: 0.03, Recall: 0.03, Precision: 0.04
2023-06-19 16:21:20,889 - AUGCON - INFO - Epoch [7/50]-(0/22) Loss: 2.1336, Acc(1): 25.00, Acc(5): 75.00
2023-06-19 16:21:20,889 - AUGCON - INFO - Epoch [7/50]-(5/22) Loss: 2.3115, Acc(1): 0.00, Acc(5): 25.00
2023-06-19 16:21:20,890 - AUGCON - INFO - Epoch [7/50]-(10/22) Loss: 2.1087, Acc(1): 25.00, Acc(5): 75.00
2023-06-19 16:21:20,890 - AUGCON - INFO - Epoch [7/50]-(15/22) Loss: 2.2024, Acc(1): 0.00, Acc(5): 50.00
2023-06-19 16:21:20,890 - AUGCON - INFO - Epoch [7/50]-(20/22) Loss: 2.3291, Acc(1): 0.00, Acc(5): 25.00
2023-06-19 16:21:20,890 - AUGCON - INFO - 	Validation Loss: 2.1683, Acc(1): 8.00, Acc(5): 62.00, F1: 0.02, Recall: 0.02, Precision: 0.03
2023-06-19 16:21:20,890 - AUGCON - INFO - Epoch [8/50]-(0/22) Loss: 2.2367, Acc(1): 0.00, Acc(5): 50.00
2023-06-19 16:21:20,890 - AUGCON - INFO - Epoch [8/50]-(5/22) Loss: 2.1485, Acc(1): 50.00, Acc(5): 50.00
2023-06-19 16:21:20,890 - AUGCON - INFO - Epoch [8/50]-(10/22) Loss: 2.5453, Acc(1): 0.00, Acc(5): 25.00
2023-06-19 16:21:20,890 - AUGCON - INFO - Epoch [8/50]-(15/22) Loss: 2.1305, Acc(1): 25.00, Acc(5): 50.00
2023-06-19 16:21:20,890 - AUGCON - INFO - Epoch [8/50]-(20/22) Loss: 2.4685, Acc(1): 0.00, Acc(5): 0.00
2023-06-19 16:21:20,890 - AUGCON - INFO - 	Validation Loss: 2.1548, Acc(1): 29.00, Acc(5): 61.00, F1: 0.08, Recall: 0.07, Precision: 0.10
2023-06-19 16:21:20,890 - AUGCON - INFO - Epoch [9/50]-(0/22) Loss: 2.1565, Acc(1): 25.00, Acc(5): 50.00
2023-06-19 16:21:20,890 - AUGCON - INFO - Epoch [9/50]-(5/22) Loss: 2.1283, Acc(1): 25.00, Acc(5): 75.00
2023-06-19 16:21:20,890 - AUGCON - INFO - Epoch [9/50]-(10/22) Loss: 2.0755, Acc(1): 25.00, Acc(5): 75.00
2023-06-19 16:21:20,890 - AUGCON - INFO - Epoch [9/50]-(15/22) Loss: 2.3337, Acc(1): 0.00, Acc(5): 50.00
2023-06-19 16:21:20,890 - AUGCON - INFO - Epoch [9/50]-(20/22) Loss: 2.3227, Acc(1): 0.00, Acc(5): 25.00
2023-06-19 16:21:20,890 - AUGCON - INFO - 	Validation Loss: 2.1784, Acc(1): 15.00, Acc(5): 59.00, F1: 0.03, Recall: 0.04, Precision: 0.03
2023-06-19 16:21:20,891 - AUGCON - INFO - Epoch [10/50]-(0/22) Loss: 2.1325, Acc(1): 25.00, Acc(5): 50.00
2023-06-19 16:21:20,891 - AUGCON - INFO - Epoch [10/50]-(5/22) Loss: 2.1586, Acc(1): 25.00, Acc(5): 75.00
2023-06-19 16:21:20,891 - AUGCON - INFO - Epoch [10/50]-(10/22) Loss: 2.0283, Acc(1): 25.00, Acc(5): 100.00
2023-06-19 16:21:20,891 - AUGCON - INFO - Epoch [10/50]-(15/22) Loss: 2.1016, Acc(1): 0.00, Acc(5): 75.00
2023-06-19 16:21:20,891 - AUGCON - INFO - Epoch [10/50]-(20/22) Loss: 2.4369, Acc(1): 0.00, Acc(5): 25.00
2023-06-19 16:21:20,891 - AUGCON - INFO - 	Validation Loss: 2.1450, Acc(1): 20.00, Acc(5): 63.00, F1: 0.05, Recall: 0.05, Precision: 0.05
2023-06-19 16:21:20,891 - AUGCON - INFO - Epoch [11/50]-(0/22) Loss: 2.1906, Acc(1): 25.00, Acc(5): 25.00
2023-06-19 16:21:20,891 - AUGCON - INFO - Epoch [11/50]-(5/22) Loss: 2.4033, Acc(1): 0.00, Acc(5): 25.00
2023-06-19 16:21:20,891 - AUGCON - INFO - Epoch [11/50]-(10/22) Loss: 2.0531, Acc(1): 50.00, Acc(5): 75.00
2023-06-19 16:21:20,891 - AUGCON - INFO - Epoch [11/50]-(15/22) Loss: 2.4032, Acc(1): 0.00, Acc(5): 50.00
2023-06-19 16:21:20,891 - AUGCON - INFO - Epoch [11/50]-(20/22) Loss: 2.2592, Acc(1): 25.00, Acc(5): 50.00
2023-06-19 16:21:20,891 - AUGCON - INFO - 	Validation Loss: 2.1752, Acc(1): 16.00, Acc(5): 67.00, F1: 0.04, Recall: 0.04, Precision: 0.05
2023-06-19 16:21:20,891 - AUGCON - INFO - Epoch [12/50]-(0/22) Loss: 2.2660, Acc(1): 0.00, Acc(5): 75.00
2023-06-19 16:21:20,891 - AUGCON - INFO - Epoch [12/50]-(5/22) Loss: 2.1381, Acc(1): 25.00, Acc(5): 50.00
2023-06-19 16:21:20,891 - AUGCON - INFO - Epoch [12/50]-(10/22) Loss: 2.0842, Acc(1): 25.00, Acc(5): 100.00
2023-06-19 16:21:20,891 - AUGCON - INFO - Epoch [12/50]-(15/22) Loss: 2.2024, Acc(1): 0.00, Acc(5): 50.00
2023-06-19 16:21:20,892 - AUGCON - INFO - Epoch [12/50]-(20/22) Loss: 2.3036, Acc(1): 0.00, Acc(5): 25.00
2023-06-19 16:21:20,892 - AUGCON - INFO - 	Validation Loss: 2.1567, Acc(1): 16.00, Acc(5): 63.00, F1: 0.02, Recall: 0.01, Precision: 0.22
2023-06-19 16:21:20,892 - AUGCON - INFO - Epoch [13/50]-(0/22) Loss: 2.1081, Acc(1): 50.00, Acc(5): 50.00
2023-06-19 16:21:20,892 - AUGCON - INFO - Epoch [13/50]-(5/22) Loss: 2.1611, Acc(1): 0.00, Acc(5): 75.00
2023-06-19 16:21:20,892 - AUGCON - INFO - Epoch [13/50]-(10/22) Loss: 2.2323, Acc(1): 0.00, Acc(5): 50.00
2023-06-19 16:21:20,892 - AUGCON - INFO - Epoch [13/50]-(15/22) Loss: 2.3764, Acc(1): 25.00, Acc(5): 25.00
2023-06-19 16:21:20,892 - AUGCON - INFO - Epoch [13/50]-(20/22) Loss: 2.1513, Acc(1): 0.00, Acc(5): 50.00
2023-06-19 16:21:20,892 - AUGCON - INFO - 	Validation Loss: 2.1474, Acc(1): 16.00, Acc(5): 73.00, F1: 0.03, Recall: 0.04, Precision: 0.03
2023-06-19 16:21:20,892 - AUGCON - INFO - Epoch [14/50]-(0/22) Loss: 2.1408, Acc(1): 0.00, Acc(5): 75.00
2023-06-19 16:21:20,892 - AUGCON - INFO - Epoch [14/50]-(5/22) Loss: 2.0296, Acc(1): 50.00, Acc(5): 100.00
2023-06-19 16:21:20,892 - AUGCON - INFO - Epoch [14/50]-(10/22) Loss: 2.0495, Acc(1): 25.00, Acc(5): 100.00
2023-06-19 16:21:20,892 - AUGCON - INFO - Epoch [14/50]-(15/22) Loss: 2.4606, Acc(1): 0.00, Acc(5): 50.00
2023-06-19 16:21:20,892 - AUGCON - INFO - Epoch [14/50]-(20/22) Loss: 2.3895, Acc(1): 0.00, Acc(5): 50.00
2023-06-19 16:21:20,892 - AUGCON - INFO - 	Validation Loss: 2.1428, Acc(1): 16.00, Acc(5): 78.00, F1: 0.04, Recall: 0.04, Precision: 0.04
2023-06-19 16:21:20,892 - AUGCON - INFO - Epoch [15/50]-(0/22) Loss: 2.2014, Acc(1): 0.00, Acc(5): 75.00
2023-06-19 16:21:20,893 - AUGCON - INFO - Epoch [15/50]-(5/22) Loss: 2.2729, Acc(1): 0.00, Acc(5): 25.00
2023-06-19 16:21:20,893 - AUGCON - INFO - Epoch [15/50]-(10/22) Loss: 2.0016, Acc(1): 25.00, Acc(5): 75.00
2023-06-19 16:21:20,893 - AUGCON - INFO - Epoch [15/50]-(15/22) Loss: 2.3024, Acc(1): 0.00, Acc(5): 25.00
2023-06-19 16:21:20,893 - AUGCON - INFO - Epoch [15/50]-(20/22) Loss: 2.6117, Acc(1): 0.00, Acc(5): 0.00
2023-06-19 16:21:20,893 - AUGCON - INFO - 	Validation Loss: 2.1389, Acc(1): 10.00, Acc(5): 67.00, F1: 0.03, Recall: 0.02, Precision: 0.05
2023-06-19 16:21:20,893 - AUGCON - INFO - Epoch [16/50]-(0/22) Loss: 2.1249, Acc(1): 0.00, Acc(5): 75.00
2023-06-19 16:21:20,893 - AUGCON - INFO - Epoch [16/50]-(5/22) Loss: 2.2363, Acc(1): 25.00, Acc(5): 50.00
2023-06-19 16:21:20,893 - AUGCON - INFO - Epoch [16/50]-(10/22) Loss: 2.4118, Acc(1): 0.00, Acc(5): 25.00
2023-06-19 16:21:20,893 - AUGCON - INFO - Epoch [16/50]-(15/22) Loss: 2.3715, Acc(1): 0.00, Acc(5): 50.00
2023-06-19 16:21:20,893 - AUGCON - INFO - Epoch [16/50]-(20/22) Loss: 2.1745, Acc(1): 0.00, Acc(5): 50.00
2023-06-19 16:21:20,893 - AUGCON - INFO - 	Validation Loss: 2.1197, Acc(1): 13.00, Acc(5): 90.00, F1: 0.03, Recall: 0.03, Precision: 0.03
2023-06-19 16:21:20,893 - AUGCON - INFO - Epoch [17/50]-(0/22) Loss: 2.2377, Acc(1): 0.00, Acc(5): 75.00
2023-06-19 16:21:20,893 - AUGCON - INFO - Epoch [17/50]-(5/22) Loss: 2.1395, Acc(1): 0.00, Acc(5): 75.00
2023-06-19 16:21:20,893 - AUGCON - INFO - Epoch [17/50]-(10/22) Loss: 2.3043, Acc(1): 0.00, Acc(5): 50.00
2023-06-19 16:21:20,893 - AUGCON - INFO - Epoch [17/50]-(15/22) Loss: 2.3035, Acc(1): 0.00, Acc(5): 50.00
2023-06-19 16:21:20,894 - AUGCON - INFO - Epoch [17/50]-(20/22) Loss: 2.2209, Acc(1): 25.00, Acc(5): 50.00
2023-06-19 16:21:20,894 - AUGCON - INFO - 	Validation Loss: 2.1111, Acc(1): 31.00, Acc(5): 76.00, F1: 0.07, Recall: 0.07, Precision: 0.07
2023-06-19 16:21:20,894 - AUGCON - INFO - Epoch [18/50]-(0/22) Loss: 2.1184, Acc(1): 25.00, Acc(5): 75.00
2023-06-19 16:21:20,894 - AUGCON - INFO - Epoch [18/50]-(5/22) Loss: 2.1461, Acc(1): 25.00, Acc(5): 75.00
2023-06-19 16:21:20,894 - AUGCON - INFO - Epoch [18/50]-(10/22) Loss: 2.4716, Acc(1): 0.00, Acc(5): 25.00
2023-06-19 16:21:20,894 - AUGCON - INFO - Epoch [18/50]-(15/22) Loss: 2.1368, Acc(1): 0.00, Acc(5): 100.00
2023-06-19 16:21:20,894 - AUGCON - INFO - Epoch [18/50]-(20/22) Loss: 2.0474, Acc(1): 50.00, Acc(5): 75.00
2023-06-19 16:21:20,894 - AUGCON - INFO - 	Validation Loss: 2.1005, Acc(1): 32.00, Acc(5): 81.00, F1: 0.09, Recall: 0.08, Precision: 0.10
2023-06-19 16:21:20,894 - AUGCON - INFO - Epoch [19/50]-(0/22) Loss: 2.0536, Acc(1): 25.00, Acc(5): 100.00
2023-06-19 16:21:20,894 - AUGCON - INFO - Epoch [19/50]-(5/22) Loss: 2.4208, Acc(1): 25.00, Acc(5): 25.00
2023-06-19 16:21:20,894 - AUGCON - INFO - Epoch [19/50]-(10/22) Loss: 2.2406, Acc(1): 0.00, Acc(5): 50.00
2023-06-19 16:21:20,894 - AUGCON - INFO - Epoch [19/50]-(15/22) Loss: 2.1933, Acc(1): 0.00, Acc(5): 50.00
2023-06-19 16:21:20,894 - AUGCON - INFO - Epoch [19/50]-(20/22) Loss: 2.0249, Acc(1): 50.00, Acc(5): 75.00
2023-06-19 16:21:20,894 - AUGCON - INFO - 	Validation Loss: 2.1408, Acc(1): 19.00, Acc(5): 75.00, F1: 0.04, Recall: 0.04, Precision: 0.03
2023-06-19 16:21:20,894 - AUGCON - INFO - Epoch [20/50]-(0/22) Loss: 2.1389, Acc(1): 25.00, Acc(5): 50.00
2023-06-19 16:21:20,894 - AUGCON - INFO - Epoch [20/50]-(5/22) Loss: 1.9208, Acc(1): 25.00, Acc(5): 100.00
2023-06-19 16:21:20,895 - AUGCON - INFO - Epoch [20/50]-(10/22) Loss: 2.0710, Acc(1): 25.00, Acc(5): 75.00
2023-06-19 16:21:20,895 - AUGCON - INFO - Epoch [20/50]-(15/22) Loss: 2.3120, Acc(1): 0.00, Acc(5): 25.00
2023-06-19 16:21:20,895 - AUGCON - INFO - Epoch [20/50]-(20/22) Loss: 2.1492, Acc(1): 0.00, Acc(5): 75.00
2023-06-19 16:21:20,895 - AUGCON - INFO - 	Validation Loss: 2.0876, Acc(1): 23.00, Acc(5): 70.00, F1: 0.05, Recall: 0.05, Precision: 0.05
2023-06-19 16:21:20,895 - AUGCON - INFO - Epoch [21/50]-(0/22) Loss: 1.8891, Acc(1): 75.00, Acc(5): 75.00
2023-06-19 16:21:20,895 - AUGCON - INFO - Epoch [21/50]-(5/22) Loss: 2.0473, Acc(1): 25.00, Acc(5): 100.00
2023-06-19 16:21:20,895 - AUGCON - INFO - Epoch [21/50]-(10/22) Loss: 2.2585, Acc(1): 0.00, Acc(5): 25.00
2023-06-19 16:21:20,895 - AUGCON - INFO - Epoch [21/50]-(15/22) Loss: 2.0410, Acc(1): 50.00, Acc(5): 75.00
2023-06-19 16:21:20,895 - AUGCON - INFO - Epoch [21/50]-(20/22) Loss: 2.2216, Acc(1): 25.00, Acc(5): 75.00
2023-06-19 16:21:20,895 - AUGCON - INFO - 	Validation Loss: 2.1125, Acc(1): 17.00, Acc(5): 82.00, F1: 0.03, Recall: 0.04, Precision: 0.03
2023-06-19 16:21:20,895 - AUGCON - INFO - Epoch [22/50]-(0/22) Loss: 2.0813, Acc(1): 0.00, Acc(5): 100.00
2023-06-19 16:21:20,895 - AUGCON - INFO - Epoch [22/50]-(5/22) Loss: 2.1288, Acc(1): 25.00, Acc(5): 50.00
2023-06-19 16:21:20,895 - AUGCON - INFO - Epoch [22/50]-(10/22) Loss: 2.1526, Acc(1): 25.00, Acc(5): 75.00
2023-06-19 16:21:20,895 - AUGCON - INFO - Epoch [22/50]-(15/22) Loss: 2.2342, Acc(1): 0.00, Acc(5): 50.00
2023-06-19 16:21:20,895 - AUGCON - INFO - Epoch [22/50]-(20/22) Loss: 2.1200, Acc(1): 50.00, Acc(5): 75.00
2023-06-19 16:21:20,895 - AUGCON - INFO - 	Validation Loss: 2.0854, Acc(1): 23.00, Acc(5): 87.00, F1: 0.06, Recall: 0.05, Precision: 0.06
2023-06-19 16:21:20,896 - AUGCON - INFO - Epoch [23/50]-(0/22) Loss: 1.9382, Acc(1): 50.00, Acc(5): 100.00
2023-06-19 16:21:20,896 - AUGCON - INFO - Epoch [23/50]-(5/22) Loss: 2.0484, Acc(1): 25.00, Acc(5): 100.00
2023-06-19 16:21:20,896 - AUGCON - INFO - Epoch [23/50]-(10/22) Loss: 2.1372, Acc(1): 0.00, Acc(5): 100.00
2023-06-19 16:21:20,896 - AUGCON - INFO - Epoch [23/50]-(15/22) Loss: 2.3323, Acc(1): 0.00, Acc(5): 50.00
2023-06-19 16:21:20,896 - AUGCON - INFO - Epoch [23/50]-(20/22) Loss: 2.1037, Acc(1): 25.00, Acc(5): 75.00
2023-06-19 16:21:20,896 - AUGCON - INFO - 	Validation Loss: 2.0869, Acc(1): 13.00, Acc(5): 86.00, F1: 0.03, Recall: 0.03, Precision: 0.02
2023-06-19 16:21:20,896 - AUGCON - INFO - Epoch [24/50]-(0/22) Loss: 2.0928, Acc(1): 25.00, Acc(5): 100.00
2023-06-19 16:21:20,897 - AUGCON - INFO - Epoch [24/50]-(5/22) Loss: 2.1302, Acc(1): 25.00, Acc(5): 75.00
2023-06-19 16:21:20,897 - AUGCON - INFO - Epoch [24/50]-(10/22) Loss: 2.1544, Acc(1): 0.00, Acc(5): 50.00
2023-06-19 16:21:20,897 - AUGCON - INFO - Epoch [24/50]-(15/22) Loss: 2.1613, Acc(1): 0.00, Acc(5): 50.00
2023-06-19 16:21:20,897 - AUGCON - INFO - Epoch [24/50]-(20/22) Loss: 2.0175, Acc(1): 75.00, Acc(5): 100.00
2023-06-19 16:21:20,904 - AUGCON - INFO - 	Validation Loss: 2.0693, Acc(1): 40.00, Acc(5): 79.00, F1: 0.08, Recall: 0.07, Precision: 0.11
2023-06-19 16:21:20,904 - AUGCON - INFO - Epoch [25/50]-(0/22) Loss: 2.0133, Acc(1): 0.00, Acc(5): 100.00
2023-06-19 16:21:20,904 - AUGCON - INFO - Epoch [25/50]-(5/22) Loss: 1.8816, Acc(1): 50.00, Acc(5): 100.00
2023-06-19 16:21:20,904 - AUGCON - INFO - Epoch [25/50]-(10/22) Loss: 1.9626, Acc(1): 0.00, Acc(5): 100.00
2023-06-19 16:21:20,904 - AUGCON - INFO - Epoch [25/50]-(15/22) Loss: 2.2932, Acc(1): 25.00, Acc(5): 50.00
2023-06-19 16:21:20,904 - AUGCON - INFO - Epoch [25/50]-(20/22) Loss: 2.0837, Acc(1): 0.00, Acc(5): 100.00
2023-06-19 16:21:20,904 - AUGCON - INFO - 	Validation Loss: 2.0857, Acc(1): 24.00, Acc(5): 79.00, F1: 0.05, Recall: 0.06, Precision: 0.05
2023-06-19 16:21:20,905 - AUGCON - INFO - Epoch [26/50]-(0/22) Loss: 2.0793, Acc(1): 25.00, Acc(5): 100.00
2023-06-19 16:21:20,905 - AUGCON - INFO - Epoch [26/50]-(5/22) Loss: 2.0445, Acc(1): 0.00, Acc(5): 100.00
2023-06-19 16:21:20,905 - AUGCON - INFO - Epoch [26/50]-(10/22) Loss: 2.3426, Acc(1): 0.00, Acc(5): 25.00
2023-06-19 16:21:20,905 - AUGCON - INFO - Epoch [26/50]-(15/22) Loss: 2.1466, Acc(1): 0.00, Acc(5): 75.00
2023-06-19 16:21:20,905 - AUGCON - INFO - Epoch [26/50]-(20/22) Loss: 2.2415, Acc(1): 0.00, Acc(5): 25.00
2023-06-19 16:21:20,905 - AUGCON - INFO - 	Validation Loss: 2.0318, Acc(1): 38.00, Acc(5): 88.00, F1: 0.07, Recall: 0.08, Precision: 0.06
2023-06-19 16:21:20,905 - AUGCON - INFO - Epoch [27/50]-(0/22) Loss: 2.0290, Acc(1): 25.00, Acc(5): 75.00
2023-06-19 16:21:20,905 - AUGCON - INFO - Epoch [27/50]-(5/22) Loss: 2.2618, Acc(1): 0.00, Acc(5): 75.00
2023-06-19 16:21:20,905 - AUGCON - INFO - Epoch [27/50]-(10/22) Loss: 2.1017, Acc(1): 0.00, Acc(5): 100.00
2023-06-19 16:21:20,905 - AUGCON - INFO - Epoch [27/50]-(15/22) Loss: 2.3361, Acc(1): 0.00, Acc(5): 50.00
2023-06-19 16:21:20,905 - AUGCON - INFO - Epoch [27/50]-(20/22) Loss: 2.0491, Acc(1): 25.00, Acc(5): 100.00
2023-06-19 16:21:20,905 - AUGCON - INFO - 	Validation Loss: 2.0469, Acc(1): 39.00, Acc(5): 89.00, F1: 0.09, Recall: 0.06, Precision: 0.14
2023-06-19 16:21:20,906 - AUGCON - INFO - Epoch [28/50]-(0/22) Loss: 2.0576, Acc(1): 25.00, Acc(5): 100.00
2023-06-19 16:21:20,906 - AUGCON - INFO - Epoch [28/50]-(5/22) Loss: 1.9301, Acc(1): 25.00, Acc(5): 100.00
2023-06-19 16:21:20,906 - AUGCON - INFO - Epoch [28/50]-(10/22) Loss: 1.9456, Acc(1): 50.00, Acc(5): 100.00
2023-06-19 16:21:20,906 - AUGCON - INFO - Epoch [28/50]-(15/22) Loss: 2.0627, Acc(1): 25.00, Acc(5): 75.00
2023-06-19 16:21:20,906 - AUGCON - INFO - Epoch [28/50]-(20/22) Loss: 2.1924, Acc(1): 25.00, Acc(5): 75.00
2023-06-19 16:21:20,906 - AUGCON - INFO - 	Validation Loss: 2.0621, Acc(1): 34.00, Acc(5): 76.00, F1: 0.06, Recall: 0.05, Precision: 0.06
2023-06-19 16:21:20,906 - AUGCON - INFO - Epoch [29/50]-(0/22) Loss: 2.0006, Acc(1): 50.00, Acc(5): 100.00
2023-06-19 16:21:20,906 - AUGCON - INFO - Epoch [29/50]-(5/22) Loss: 2.1850, Acc(1): 0.00, Acc(5): 75.00
2023-06-19 16:21:20,906 - AUGCON - INFO - Epoch [29/50]-(10/22) Loss: 2.1190, Acc(1): 0.00, Acc(5): 75.00
2023-06-19 16:21:20,906 - AUGCON - INFO - Epoch [29/50]-(15/22) Loss: 2.3541, Acc(1): 0.00, Acc(5): 25.00
2023-06-19 16:21:20,906 - AUGCON - INFO - Epoch [29/50]-(20/22) Loss: 2.1056, Acc(1): 0.00, Acc(5): 100.00
2023-06-19 16:21:20,906 - AUGCON - INFO - 	Validation Loss: 2.0611, Acc(1): 31.00, Acc(5): 84.00, F1: 0.07, Recall: 0.07, Precision: 0.06
2023-06-19 16:21:20,907 - AUGCON - INFO - Epoch [30/50]-(0/22) Loss: 2.0171, Acc(1): 50.00, Acc(5): 100.00
2023-06-19 16:21:20,907 - AUGCON - INFO - Epoch [30/50]-(5/22) Loss: 2.2104, Acc(1): 25.00, Acc(5): 75.00
2023-06-19 16:21:20,907 - AUGCON - INFO - Epoch [30/50]-(10/22) Loss: 2.0666, Acc(1): 0.00, Acc(5): 100.00
2023-06-19 16:21:20,907 - AUGCON - INFO - Epoch [30/50]-(15/22) Loss: 2.1011, Acc(1): 0.00, Acc(5): 100.00
2023-06-19 16:21:20,907 - AUGCON - INFO - Epoch [30/50]-(20/22) Loss: 2.1670, Acc(1): 25.00, Acc(5): 50.00
2023-06-19 16:21:20,907 - AUGCON - INFO - 	Validation Loss: 2.0638, Acc(1): 34.00, Acc(5): 68.00, F1: 0.07, Recall: 0.07, Precision: 0.07
2023-06-19 16:21:20,907 - AUGCON - INFO - Epoch [31/50]-(0/22) Loss: 1.9110, Acc(1): 25.00, Acc(5): 100.00
2023-06-19 16:21:20,907 - AUGCON - INFO - Epoch [31/50]-(5/22) Loss: 1.9856, Acc(1): 50.00, Acc(5): 75.00
2023-06-19 16:21:20,907 - AUGCON - INFO - Epoch [31/50]-(10/22) Loss: 2.2403, Acc(1): 25.00, Acc(5): 25.00
2023-06-19 16:21:20,907 - AUGCON - INFO - Epoch [31/50]-(15/22) Loss: 2.2148, Acc(1): 0.00, Acc(5): 50.00
2023-06-19 16:21:20,907 - AUGCON - INFO - Epoch [31/50]-(20/22) Loss: 2.2189, Acc(1): 0.00, Acc(5): 50.00
2023-06-19 16:21:20,907 - AUGCON - INFO - 	Validation Loss: 2.0743, Acc(1): 22.00, Acc(5): 82.00, F1: 0.05, Recall: 0.05, Precision: 0.04
2023-06-19 16:21:20,908 - AUGCON - INFO - Epoch [32/50]-(0/22) Loss: 1.8796, Acc(1): 100.00, Acc(5): 100.00
2023-06-19 16:21:20,908 - AUGCON - INFO - Epoch [32/50]-(5/22) Loss: 2.0769, Acc(1): 0.00, Acc(5): 75.00
2023-06-19 16:21:20,908 - AUGCON - INFO - Epoch [32/50]-(10/22) Loss: 2.0651, Acc(1): 25.00, Acc(5): 75.00
2023-06-19 16:21:20,908 - AUGCON - INFO - Epoch [32/50]-(15/22) Loss: 2.1897, Acc(1): 0.00, Acc(5): 50.00
2023-06-19 16:21:20,908 - AUGCON - INFO - Epoch [32/50]-(20/22) Loss: 2.1863, Acc(1): 25.00, Acc(5): 75.00
2023-06-19 16:21:20,908 - AUGCON - INFO - 	Validation Loss: 2.0803, Acc(1): 27.00, Acc(5): 73.00, F1: 0.04, Recall: 0.04, Precision: 0.06
2023-06-19 16:21:20,908 - AUGCON - INFO - Epoch [33/50]-(0/22) Loss: 2.0438, Acc(1): 25.00, Acc(5): 100.00
2023-06-19 16:21:20,908 - AUGCON - INFO - Epoch [33/50]-(5/22) Loss: 1.9095, Acc(1): 50.00, Acc(5): 100.00
2023-06-19 16:21:20,908 - AUGCON - INFO - Epoch [33/50]-(10/22) Loss: 1.9618, Acc(1): 25.00, Acc(5): 100.00
2023-06-19 16:21:20,908 - AUGCON - INFO - Epoch [33/50]-(15/22) Loss: 2.2384, Acc(1): 25.00, Acc(5): 50.00
2023-06-19 16:21:20,908 - AUGCON - INFO - Epoch [33/50]-(20/22) Loss: 2.0976, Acc(1): 25.00, Acc(5): 75.00
2023-06-19 16:21:20,908 - AUGCON - INFO - 	Validation Loss: 2.0372, Acc(1): 35.00, Acc(5): 77.00, F1: 0.06, Recall: 0.06, Precision: 0.06
2023-06-19 16:21:20,909 - AUGCON - INFO - Epoch [34/50]-(0/22) Loss: 2.1052, Acc(1): 50.00, Acc(5): 50.00
2023-06-19 16:21:20,909 - AUGCON - INFO - Epoch [34/50]-(5/22) Loss: 2.2031, Acc(1): 0.00, Acc(5): 100.00
2023-06-19 16:21:20,909 - AUGCON - INFO - Epoch [34/50]-(10/22) Loss: 2.3080, Acc(1): 0.00, Acc(5): 50.00
2023-06-19 16:21:20,909 - AUGCON - INFO - Epoch [34/50]-(15/22) Loss: 2.1033, Acc(1): 25.00, Acc(5): 75.00
2023-06-19 16:21:20,909 - AUGCON - INFO - Epoch [34/50]-(20/22) Loss: 2.2116, Acc(1): 0.00, Acc(5): 50.00
2023-06-19 16:21:20,909 - AUGCON - INFO - 	Validation Loss: 2.0325, Acc(1): 38.00, Acc(5): 87.00, F1: 0.09, Recall: 0.09, Precision: 0.09
2023-06-19 16:21:20,909 - AUGCON - INFO - Epoch [35/50]-(0/22) Loss: 2.1044, Acc(1): 25.00, Acc(5): 50.00
2023-06-19 16:21:20,909 - AUGCON - INFO - Epoch [35/50]-(5/22) Loss: 2.2512, Acc(1): 0.00, Acc(5): 75.00
2023-06-19 16:21:20,909 - AUGCON - INFO - Epoch [35/50]-(10/22) Loss: 2.0963, Acc(1): 0.00, Acc(5): 50.00
2023-06-19 16:21:20,909 - AUGCON - INFO - Epoch [35/50]-(15/22) Loss: 2.0388, Acc(1): 25.00, Acc(5): 100.00
2023-06-19 16:21:20,910 - AUGCON - INFO - Epoch [35/50]-(20/22) Loss: 2.1560, Acc(1): 25.00, Acc(5): 75.00
2023-06-19 16:21:20,910 - AUGCON - INFO - 	Validation Loss: 2.0161, Acc(1): 23.00, Acc(5): 97.00, F1: 0.05, Recall: 0.05, Precision: 0.04
2023-06-19 16:21:20,910 - AUGCON - INFO - Epoch [36/50]-(0/22) Loss: 2.0999, Acc(1): 0.00, Acc(5): 50.00
2023-06-19 16:21:20,910 - AUGCON - INFO - Epoch [36/50]-(5/22) Loss: 2.2040, Acc(1): 25.00, Acc(5): 50.00
2023-06-19 16:21:20,910 - AUGCON - INFO - Epoch [36/50]-(10/22) Loss: 1.9806, Acc(1): 25.00, Acc(5): 75.00
2023-06-19 16:21:20,910 - AUGCON - INFO - Epoch [36/50]-(15/22) Loss: 2.1919, Acc(1): 0.00, Acc(5): 75.00
2023-06-19 16:21:20,910 - AUGCON - INFO - Epoch [36/50]-(20/22) Loss: 2.3234, Acc(1): 0.00, Acc(5): 25.00
2023-06-19 16:21:20,910 - AUGCON - INFO - 	Validation Loss: 2.0472, Acc(1): 25.00, Acc(5): 80.00, F1: 0.05, Recall: 0.06, Precision: 0.05
2023-06-19 16:21:20,910 - AUGCON - INFO - Epoch [37/50]-(0/22) Loss: 1.9497, Acc(1): 50.00, Acc(5): 100.00
2023-06-19 16:21:20,910 - AUGCON - INFO - Epoch [37/50]-(5/22) Loss: 2.0260, Acc(1): 25.00, Acc(5): 75.00
2023-06-19 16:21:20,910 - AUGCON - INFO - Epoch [37/50]-(10/22) Loss: 2.1326, Acc(1): 25.00, Acc(5): 50.00
2023-06-19 16:21:20,911 - AUGCON - INFO - Epoch [37/50]-(15/22) Loss: 1.9041, Acc(1): 50.00, Acc(5): 100.00
2023-06-19 16:21:20,911 - AUGCON - INFO - Epoch [37/50]-(20/22) Loss: 2.1512, Acc(1): 25.00, Acc(5): 75.00
2023-06-19 16:21:20,911 - AUGCON - INFO - 	Validation Loss: 2.0336, Acc(1): 21.00, Acc(5): 82.00, F1: 0.05, Recall: 0.05, Precision: 0.04
2023-06-19 16:21:20,911 - AUGCON - INFO - Epoch [38/50]-(0/22) Loss: 2.0215, Acc(1): 25.00, Acc(5): 75.00
2023-06-19 16:21:20,911 - AUGCON - INFO - Epoch [38/50]-(5/22) Loss: 2.1276, Acc(1): 0.00, Acc(5): 25.00
2023-06-19 16:21:20,911 - AUGCON - INFO - Epoch [38/50]-(10/22) Loss: 2.2017, Acc(1): 25.00, Acc(5): 50.00
2023-06-19 16:21:20,911 - AUGCON - INFO - Epoch [38/50]-(15/22) Loss: 2.0682, Acc(1): 0.00, Acc(5): 100.00
2023-06-19 16:21:20,911 - AUGCON - INFO - Epoch [38/50]-(20/22) Loss: 2.0894, Acc(1): 0.00, Acc(5): 100.00
2023-06-19 16:21:20,911 - AUGCON - INFO - 	Validation Loss: 1.9993, Acc(1): 39.00, Acc(5): 91.00, F1: 0.07, Recall: 0.07, Precision: 0.09
2023-06-19 16:21:20,912 - AUGCON - INFO - Epoch [39/50]-(0/22) Loss: 1.9825, Acc(1): 75.00, Acc(5): 100.00
2023-06-19 16:21:20,912 - AUGCON - INFO - Epoch [39/50]-(5/22) Loss: 1.8971, Acc(1): 25.00, Acc(5): 100.00
2023-06-19 16:21:20,912 - AUGCON - INFO - Epoch [39/50]-(10/22) Loss: 2.0541, Acc(1): 50.00, Acc(5): 75.00
2023-06-19 16:21:20,912 - AUGCON - INFO - Epoch [39/50]-(15/22) Loss: 2.0032, Acc(1): 50.00, Acc(5): 75.00
2023-06-19 16:21:20,912 - AUGCON - INFO - Epoch [39/50]-(20/22) Loss: 2.1040, Acc(1): 50.00, Acc(5): 75.00
2023-06-19 16:21:20,912 - AUGCON - INFO - 	Validation Loss: 2.0603, Acc(1): 37.00, Acc(5): 68.00, F1: 0.10, Recall: 0.09, Precision: 0.11
2023-06-19 16:21:20,912 - AUGCON - INFO - Epoch [40/50]-(0/22) Loss: 2.2379, Acc(1): 0.00, Acc(5): 50.00
2023-06-19 16:21:20,912 - AUGCON - INFO - Epoch [40/50]-(5/22) Loss: 1.9101, Acc(1): 0.00, Acc(5): 100.00
2023-06-19 16:21:20,912 - AUGCON - INFO - Epoch [40/50]-(10/22) Loss: 2.0624, Acc(1): 0.00, Acc(5): 75.00
2023-06-19 16:21:20,912 - AUGCON - INFO - Epoch [40/50]-(15/22) Loss: 1.9999, Acc(1): 25.00, Acc(5): 100.00
2023-06-19 16:21:20,912 - AUGCON - INFO - Epoch [40/50]-(20/22) Loss: 2.1733, Acc(1): 0.00, Acc(5): 75.00
2023-06-19 16:21:20,912 - AUGCON - INFO - 	Validation Loss: 1.9917, Acc(1): 38.00, Acc(5): 85.00, F1: 0.06, Recall: 0.07, Precision: 0.05
2023-06-19 16:21:20,913 - AUGCON - INFO - Epoch [41/50]-(0/22) Loss: 2.0688, Acc(1): 0.00, Acc(5): 75.00
2023-06-19 16:21:20,913 - AUGCON - INFO - Epoch [41/50]-(5/22) Loss: 1.9340, Acc(1): 25.00, Acc(5): 75.00
2023-06-19 16:21:20,913 - AUGCON - INFO - Epoch [41/50]-(10/22) Loss: 1.8851, Acc(1): 25.00, Acc(5): 100.00
2023-06-19 16:21:20,913 - AUGCON - INFO - Epoch [41/50]-(15/22) Loss: 2.0385, Acc(1): 25.00, Acc(5): 75.00
2023-06-19 16:21:20,913 - AUGCON - INFO - Epoch [41/50]-(20/22) Loss: 2.0924, Acc(1): 0.00, Acc(5): 75.00
2023-06-19 16:21:20,913 - AUGCON - INFO - 	Validation Loss: 2.0310, Acc(1): 25.00, Acc(5): 84.00, F1: 0.06, Recall: 0.06, Precision: 0.06
2023-06-19 16:21:20,913 - AUGCON - INFO - Epoch [42/50]-(0/22) Loss: 1.8530, Acc(1): 75.00, Acc(5): 100.00
2023-06-19 16:21:20,913 - AUGCON - INFO - Epoch [42/50]-(5/22) Loss: 1.8961, Acc(1): 50.00, Acc(5): 100.00
2023-06-19 16:21:20,913 - AUGCON - INFO - Epoch [42/50]-(10/22) Loss: 2.3254, Acc(1): 0.00, Acc(5): 75.00
2023-06-19 16:21:20,913 - AUGCON - INFO - Epoch [42/50]-(15/22) Loss: 2.0905, Acc(1): 25.00, Acc(5): 50.00
2023-06-19 16:21:20,913 - AUGCON - INFO - Epoch [42/50]-(20/22) Loss: 2.1027, Acc(1): 0.00, Acc(5): 75.00
2023-06-19 16:21:20,913 - AUGCON - INFO - 	Validation Loss: 1.9879, Acc(1): 35.00, Acc(5): 91.00, F1: 0.09, Recall: 0.08, Precision: 0.09
2023-06-19 16:21:20,913 - AUGCON - INFO - Epoch [43/50]-(0/22) Loss: 1.9450, Acc(1): 25.00, Acc(5): 100.00
2023-06-19 16:21:20,913 - AUGCON - INFO - Epoch [43/50]-(5/22) Loss: 2.0456, Acc(1): 25.00, Acc(5): 75.00
2023-06-19 16:21:20,913 - AUGCON - INFO - Epoch [43/50]-(10/22) Loss: 1.9759, Acc(1): 25.00, Acc(5): 100.00
2023-06-19 16:21:20,913 - AUGCON - INFO - Epoch [43/50]-(15/22) Loss: 2.0038, Acc(1): 50.00, Acc(5): 75.00
2023-06-19 16:21:20,914 - AUGCON - INFO - Epoch [43/50]-(20/22) Loss: 2.0127, Acc(1): 25.00, Acc(5): 75.00
2023-06-19 16:21:20,914 - AUGCON - INFO - 	Validation Loss: 2.0306, Acc(1): 28.00, Acc(5): 76.00, F1: 0.06, Recall: 0.06, Precision: 0.05
2023-06-19 16:21:20,914 - AUGCON - INFO - Epoch [44/50]-(0/22) Loss: 1.9059, Acc(1): 50.00, Acc(5): 75.00
2023-06-19 16:21:20,914 - AUGCON - INFO - Epoch [44/50]-(5/22) Loss: 1.9946, Acc(1): 25.00, Acc(5): 75.00
2023-06-19 16:21:20,914 - AUGCON - INFO - Epoch [44/50]-(10/22) Loss: 2.0849, Acc(1): 0.00, Acc(5): 75.00
2023-06-19 16:21:20,914 - AUGCON - INFO - Epoch [44/50]-(15/22) Loss: 2.1924, Acc(1): 25.00, Acc(5): 50.00
2023-06-19 16:21:20,914 - AUGCON - INFO - Epoch [44/50]-(20/22) Loss: 2.1881, Acc(1): 0.00, Acc(5): 75.00
2023-06-19 16:21:20,914 - AUGCON - INFO - 	Validation Loss: 1.9826, Acc(1): 43.00, Acc(5): 82.00, F1: 0.09, Recall: 0.07, Precision: 0.13
2023-06-19 16:21:20,914 - AUGCON - INFO - Epoch [45/50]-(0/22) Loss: 1.8702, Acc(1): 75.00, Acc(5): 100.00
2023-06-19 16:21:20,914 - AUGCON - INFO - Epoch [45/50]-(5/22) Loss: 2.0045, Acc(1): 25.00, Acc(5): 75.00
2023-06-19 16:21:20,914 - AUGCON - INFO - Epoch [45/50]-(10/22) Loss: 1.8034, Acc(1): 50.00, Acc(5): 100.00
2023-06-19 16:21:20,914 - AUGCON - INFO - Epoch [45/50]-(15/22) Loss: 2.2522, Acc(1): 0.00, Acc(5): 50.00
2023-06-19 16:21:20,914 - AUGCON - INFO - Epoch [45/50]-(20/22) Loss: 2.0370, Acc(1): 25.00, Acc(5): 100.00
2023-06-19 16:21:20,914 - AUGCON - INFO - 	Validation Loss: 1.9939, Acc(1): 30.00, Acc(5): 85.00, F1: 0.06, Recall: 0.07, Precision: 0.05
2023-06-19 16:21:20,914 - AUGCON - INFO - Epoch [46/50]-(0/22) Loss: 2.0595, Acc(1): 0.00, Acc(5): 75.00
2023-06-19 16:21:20,914 - AUGCON - INFO - Epoch [46/50]-(5/22) Loss: 2.1087, Acc(1): 0.00, Acc(5): 75.00
2023-06-19 16:21:20,915 - AUGCON - INFO - Epoch [46/50]-(10/22) Loss: 1.7606, Acc(1): 75.00, Acc(5): 100.00
2023-06-19 16:21:20,915 - AUGCON - INFO - Epoch [46/50]-(15/22) Loss: 2.0320, Acc(1): 0.00, Acc(5): 100.00
2023-06-19 16:21:20,915 - AUGCON - INFO - Epoch [46/50]-(20/22) Loss: 2.0258, Acc(1): 50.00, Acc(5): 75.00
2023-06-19 16:21:20,915 - AUGCON - INFO - 	Validation Loss: 2.0063, Acc(1): 18.00, Acc(5): 88.00, F1: 0.05, Recall: 0.04, Precision: 0.05
2023-06-19 16:21:20,915 - AUGCON - INFO - Epoch [47/50]-(0/22) Loss: 1.9126, Acc(1): 25.00, Acc(5): 100.00
2023-06-19 16:21:20,915 - AUGCON - INFO - Epoch [47/50]-(5/22) Loss: 2.1567, Acc(1): 0.00, Acc(5): 75.00
2023-06-19 16:21:20,915 - AUGCON - INFO - Epoch [47/50]-(10/22) Loss: 1.8925, Acc(1): 0.00, Acc(5): 100.00
2023-06-19 16:21:20,915 - AUGCON - INFO - Epoch [47/50]-(15/22) Loss: 1.9597, Acc(1): 25.00, Acc(5): 75.00
2023-06-19 16:21:20,915 - AUGCON - INFO - Epoch [47/50]-(20/22) Loss: 1.9195, Acc(1): 25.00, Acc(5): 100.00
2023-06-19 16:21:20,915 - AUGCON - INFO - 	Validation Loss: 1.9820, Acc(1): 41.00, Acc(5): 86.00, F1: 0.08, Recall: 0.07, Precision: 0.11
2023-06-19 16:21:20,915 - AUGCON - INFO - Epoch [48/50]-(0/22) Loss: 1.9715, Acc(1): 25.00, Acc(5): 100.00
2023-06-19 16:21:20,915 - AUGCON - INFO - Epoch [48/50]-(5/22) Loss: 2.2850, Acc(1): 25.00, Acc(5): 50.00
2023-06-19 16:21:20,915 - AUGCON - INFO - Epoch [48/50]-(10/22) Loss: 2.2024, Acc(1): 0.00, Acc(5): 75.00
2023-06-19 16:21:20,915 - AUGCON - INFO - Epoch [48/50]-(15/22) Loss: 1.8125, Acc(1): 50.00, Acc(5): 100.00
2023-06-19 16:21:20,915 - AUGCON - INFO - Epoch [48/50]-(20/22) Loss: 1.9284, Acc(1): 25.00, Acc(5): 100.00
2023-06-19 16:21:20,915 - AUGCON - INFO - 	Validation Loss: 1.9490, Acc(1): 28.00, Acc(5): 96.00, F1: 0.07, Recall: 0.07, Precision: 0.08
2023-06-19 16:21:20,915 - AUGCON - INFO - Epoch [49/50]-(0/22) Loss: 1.8969, Acc(1): 25.00, Acc(5): 100.00
2023-06-19 16:21:20,916 - AUGCON - INFO - Epoch [49/50]-(5/22) Loss: 1.9154, Acc(1): 50.00, Acc(5): 100.00
2023-06-19 16:21:20,916 - AUGCON - INFO - Epoch [49/50]-(10/22) Loss: 2.3238, Acc(1): 0.00, Acc(5): 50.00
2023-06-19 16:21:20,916 - AUGCON - INFO - Epoch [49/50]-(15/22) Loss: 2.0438, Acc(1): 25.00, Acc(5): 100.00
2023-06-19 16:21:20,916 - AUGCON - INFO - Epoch [49/50]-(20/22) Loss: 2.1260, Acc(1): 0.00, Acc(5): 75.00
2023-06-19 16:21:20,916 - AUGCON - INFO - 	Validation Loss: 1.9735, Acc(1): 31.00, Acc(5): 90.00, F1: 0.08, Recall: 0.07, Precision: 0.09
2023-06-19 16:21:20,916 - AUGCON - INFO - Epoch [50/50]-(0/22) Loss: 1.9207, Acc(1): 50.00, Acc(5): 100.00
2023-06-19 16:21:20,916 - AUGCON - INFO - Epoch [50/50]-(5/22) Loss: 1.9285, Acc(1): 50.00, Acc(5): 100.00
2023-06-19 16:21:20,916 - AUGCON - INFO - Epoch [50/50]-(10/22) Loss: 1.9612, Acc(1): 0.00, Acc(5): 100.00
2023-06-19 16:21:20,916 - AUGCON - INFO - Epoch [50/50]-(15/22) Loss: 1.8226, Acc(1): 0.00, Acc(5): 100.00
2023-06-19 16:21:20,916 - AUGCON - INFO - Epoch [50/50]-(20/22) Loss: 1.9752, Acc(1): 50.00, Acc(5): 100.00
2023-06-19 16:21:20,916 - AUGCON - INFO - 	Validation Loss: 1.9620, Acc(1): 32.00, Acc(5): 92.00, F1: 0.05, Recall: 0.05, Precision: 0.06
2023-06-19 16:21:20,916 - AUGCON - INFO - 	Validation Loss: 1.9722, Acc(1): 34.33, Acc(5): 91.00, F1: 0.06, Recall: 0.05, Precision: 0.06
