2023-06-19 16:42:20,874 - AUGCON - INFO - logger initialized (/home/hjyoon/projects/augcon/config/exp0/finetune_da_true/without_target_domain_PH0045-sjlee/metacpc_perdomain_8421/tgt_target_domain_PH0041-hmkim_seed0.yaml.log)
2023-06-19 16:42:20,874 - AUGCON - INFO - ================= Config =================
2023-06-19 16:42:20,874 - AUGCON - INFO -   mode: finetune
2023-06-19 16:42:20,874 - AUGCON - INFO -   seed: 0
2023-06-19 16:42:20,874 - AUGCON - INFO -   gpu: [6]
2023-06-19 16:42:20,874 - AUGCON - INFO -   num_workers: 1
2023-06-19 16:42:20,874 - AUGCON - INFO -   dist_url: tcp://localhost:10001
2023-06-19 16:42:20,874 - AUGCON - INFO -   dataset_name: ichar
2023-06-19 16:42:20,874 - AUGCON - INFO -   train_dataset_path: /mnt/sting/hjyoon/projects/cross/ICHAR/augcon/target_domain_PH0041-hmkim/finetune/10shot/target/train.pkl
2023-06-19 16:42:20,874 - AUGCON - INFO -   test_dataset_path: /mnt/sting/hjyoon/projects/cross/ICHAR/augcon/target_domain_PH0041-hmkim/finetune/10shot/target/test.pkl
2023-06-19 16:42:20,874 - AUGCON - INFO -   val_dataset_path: /mnt/sting/hjyoon/projects/cross/ICHAR/augcon/target_domain_PH0041-hmkim/finetune/10shot/target/val.pkl
2023-06-19 16:42:20,874 - AUGCON - INFO -   input_channels: 3
2023-06-19 16:42:20,874 - AUGCON - INFO -   num_cls: 9
2023-06-19 16:42:20,874 - AUGCON - INFO -   optimizer: adam
2023-06-19 16:42:20,874 - AUGCON - INFO -   criterion: crossentropy
2023-06-19 16:42:20,874 - AUGCON - INFO -   start_epoch: 0
2023-06-19 16:42:20,874 - AUGCON - INFO -   epochs: 50
2023-06-19 16:42:20,875 - AUGCON - INFO -   batch_size: 4
2023-06-19 16:42:20,875 - AUGCON - INFO -   lr: 0.001
2023-06-19 16:42:20,875 - AUGCON - INFO -   wd: 0.0
2023-06-19 16:42:20,875 - AUGCON - INFO -   resume: 
2023-06-19 16:42:20,875 - AUGCON - INFO -   pretrained: /mnt/sting/hjyoon/projects/augcontrast/models/exp0/pretrain/without_target_domain_PH0045-sjlee/metacpc_perdomain_8421/checkpoint_0999.pth.tar
2023-06-19 16:42:20,875 - AUGCON - INFO -   ckpt_dir: /mnt/sting/hjyoon/projects/augcontrast/models/exp0/finetune_da_true/without_target_domain_PH0045-sjlee/metacpc_perdomain_8421/tgt_target_domain_PH0041-hmkim_seed0
2023-06-19 16:42:20,875 - AUGCON - INFO -   log_freq: 5
2023-06-19 16:42:20,875 - AUGCON - INFO -   save_freq: 10
2023-06-19 16:42:20,875 - AUGCON - INFO -   pretext: metacpc
2023-06-19 16:42:20,875 - AUGCON - INFO -   enc_blocks: 4
2023-06-19 16:42:20,875 - AUGCON - INFO -   kernel_sizes: [8, 4, 2, 1]
2023-06-19 16:42:20,875 - AUGCON - INFO -   strides: [4, 2, 1, 1]
2023-06-19 16:42:20,875 - AUGCON - INFO -   agg_blocks: 5
2023-06-19 16:42:20,875 - AUGCON - INFO -   z_dim: 256
2023-06-19 16:42:20,875 - AUGCON - INFO -   pooling: mean
2023-06-19 16:42:20,875 - AUGCON - INFO -   pred_steps: 12
2023-06-19 16:42:20,875 - AUGCON - INFO -   n_negatives: 15
2023-06-19 16:42:20,875 - AUGCON - INFO -   offset: 4
2023-06-19 16:42:20,875 - AUGCON - INFO -   domain_adaptation: True
2023-06-19 16:42:20,875 - AUGCON - INFO -   task_steps: 10
2023-06-19 16:42:20,875 - AUGCON - INFO -   task_lr: 0.001
2023-06-19 16:42:20,875 - AUGCON - INFO -   reg_lambda: 0
2023-06-19 16:42:20,875 - AUGCON - INFO -   mlp: False
2023-06-19 16:42:20,875 - AUGCON - INFO -   freeze: True
2023-06-19 16:42:20,875 - AUGCON - INFO -   no_vars: False
2023-06-19 16:42:20,875 - AUGCON - INFO - ==========================================
2023-06-19 16:42:20,875 - AUGCON - INFO - Setting GPUs: [6]
2023-06-19 16:42:20,875 - AUGCON - INFO - GPUs [6] will be used
2023-06-19 16:42:20,876 - AUGCON - WARNING - You have chosen to seed training. 
2023-06-19 16:42:20,876 - AUGCON - WARNING - This will turn on the CUDNN deterministic setting, 
2023-06-19 16:42:20,876 - AUGCON - WARNING - which can slow down your training considerably! 
2023-06-19 16:42:20,876 - AUGCON - WARNING - You may see unexpected behavior when restarting 
2023-06-19 16:42:20,876 - AUGCON - WARNING - from checkpoints.
2023-06-19 16:42:20,901 - AUGCON - INFO - Executing MetaCPC
2023-06-19 16:42:20,902 - AUGCON - INFO - Logs are skipped during training
2023-06-19 16:42:40,977 - AUGCON - INFO - Single GPU is used for training - training 90 instances for each worker
2023-06-19 16:42:40,977 - AUGCON - INFO - Loading pretrained model from checkpoint - /mnt/sting/hjyoon/projects/augcontrast/models/exp0/pretrain/without_target_domain_PH0045-sjlee/metacpc_perdomain_8421/checkpoint_0999.pth.tar
2023-06-19 16:42:40,977 - AUGCON - INFO - Missing keys: []
2023-06-19 16:42:40,977 - AUGCON - INFO - Perform domain adaptation step
2023-06-19 16:42:40,977 - AUGCON - INFO - 	meta-train [0/10] Loss: 5.9564, Acc(1): 7.74, Acc(5): 35.25
2023-06-19 16:42:40,977 - AUGCON - INFO - 	meta-train [1/10] Loss: 3.0481, Acc(1): 11.19, Acc(5): 42.56
2023-06-19 16:42:40,977 - AUGCON - INFO - 	meta-train [2/10] Loss: 2.7108, Acc(1): 13.68, Acc(5): 47.92
2023-06-19 16:42:40,978 - AUGCON - INFO - 	meta-train [3/10] Loss: 2.6388, Acc(1): 14.35, Acc(5): 50.04
2023-06-19 16:42:40,978 - AUGCON - INFO - 	meta-train [4/10] Loss: 2.5543, Acc(1): 16.58, Acc(5): 52.39
2023-06-19 16:42:40,978 - AUGCON - INFO - 	meta-train [5/10] Loss: 2.4892, Acc(1): 17.37, Acc(5): 54.91
2023-06-19 16:42:40,978 - AUGCON - INFO - 	meta-train [6/10] Loss: 2.3703, Acc(1): 20.13, Acc(5): 61.23
2023-06-19 16:42:40,978 - AUGCON - INFO - 	meta-train [7/10] Loss: 2.2238, Acc(1): 24.10, Acc(5): 68.21
2023-06-19 16:42:40,978 - AUGCON - INFO - 	meta-train [8/10] Loss: 1.8867, Acc(1): 33.38, Acc(5): 80.13
2023-06-19 16:42:40,978 - AUGCON - INFO - 	meta-train [9/10] Loss: 1.2472, Acc(1): 48.98, Acc(5): 95.32
2023-06-19 16:42:40,978 - AUGCON - INFO - Loading encoder parameters to the classifier
2023-06-19 16:42:40,978 - AUGCON - INFO - Missing keys: ['classifier.block.0.weight', 'classifier.block.0.bias']
2023-06-19 16:42:40,978 - AUGCON - INFO - Epoch [1/50]-(0/22) Loss: 2.5799, Acc(1): 0.00, Acc(5): 0.00
2023-06-19 16:42:40,978 - AUGCON - INFO - Epoch [1/50]-(5/22) Loss: 2.1318, Acc(1): 0.00, Acc(5): 75.00
2023-06-19 16:42:40,979 - AUGCON - INFO - Epoch [1/50]-(10/22) Loss: 2.2737, Acc(1): 0.00, Acc(5): 75.00
2023-06-19 16:42:40,979 - AUGCON - INFO - Epoch [1/50]-(15/22) Loss: 2.0769, Acc(1): 25.00, Acc(5): 75.00
2023-06-19 16:42:40,979 - AUGCON - INFO - Epoch [1/50]-(20/22) Loss: 2.3183, Acc(1): 0.00, Acc(5): 50.00
2023-06-19 16:42:40,979 - AUGCON - INFO - 	Validation Loss: 1.8584, Acc(1): 32.00, Acc(5): 86.00, F1: 0.10, Recall: 0.09, Precision: 0.12
2023-06-19 16:42:40,979 - AUGCON - INFO - Epoch [2/50]-(0/22) Loss: 1.8794, Acc(1): 0.00, Acc(5): 100.00
2023-06-19 16:42:40,979 - AUGCON - INFO - Epoch [2/50]-(5/22) Loss: 1.8178, Acc(1): 25.00, Acc(5): 100.00
2023-06-19 16:42:40,979 - AUGCON - INFO - Epoch [2/50]-(10/22) Loss: 2.0028, Acc(1): 25.00, Acc(5): 100.00
2023-06-19 16:42:40,979 - AUGCON - INFO - Epoch [2/50]-(15/22) Loss: 1.6560, Acc(1): 75.00, Acc(5): 75.00
2023-06-19 16:42:40,979 - AUGCON - INFO - Epoch [2/50]-(20/22) Loss: 1.5852, Acc(1): 50.00, Acc(5): 100.00
2023-06-19 16:42:40,979 - AUGCON - INFO - 	Validation Loss: 1.5288, Acc(1): 55.00, Acc(5): 99.00, F1: 0.14, Recall: 0.13, Precision: 0.15
2023-06-19 16:42:40,979 - AUGCON - INFO - Epoch [3/50]-(0/22) Loss: 1.3886, Acc(1): 75.00, Acc(5): 100.00
2023-06-19 16:42:40,979 - AUGCON - INFO - Epoch [3/50]-(5/22) Loss: 1.2206, Acc(1): 100.00, Acc(5): 100.00
2023-06-19 16:42:40,980 - AUGCON - INFO - Epoch [3/50]-(10/22) Loss: 1.7864, Acc(1): 50.00, Acc(5): 100.00
2023-06-19 16:42:40,980 - AUGCON - INFO - Epoch [3/50]-(15/22) Loss: 1.5729, Acc(1): 50.00, Acc(5): 100.00
2023-06-19 16:42:40,980 - AUGCON - INFO - Epoch [3/50]-(20/22) Loss: 1.4386, Acc(1): 75.00, Acc(5): 100.00
2023-06-19 16:42:40,980 - AUGCON - INFO - 	Validation Loss: 1.3440, Acc(1): 55.00, Acc(5): 97.00, F1: 0.15, Recall: 0.15, Precision: 0.16
2023-06-19 16:42:40,980 - AUGCON - INFO - Epoch [4/50]-(0/22) Loss: 1.1448, Acc(1): 75.00, Acc(5): 100.00
2023-06-19 16:42:40,980 - AUGCON - INFO - Epoch [4/50]-(5/22) Loss: 1.6483, Acc(1): 25.00, Acc(5): 100.00
2023-06-19 16:42:40,980 - AUGCON - INFO - Epoch [4/50]-(10/22) Loss: 1.1611, Acc(1): 50.00, Acc(5): 100.00
2023-06-19 16:42:40,980 - AUGCON - INFO - Epoch [4/50]-(15/22) Loss: 1.4051, Acc(1): 50.00, Acc(5): 100.00
2023-06-19 16:42:40,980 - AUGCON - INFO - Epoch [4/50]-(20/22) Loss: 1.0876, Acc(1): 75.00, Acc(5): 100.00
2023-06-19 16:42:40,980 - AUGCON - INFO - 	Validation Loss: 1.1974, Acc(1): 69.00, Acc(5): 98.00, F1: 0.18, Recall: 0.15, Precision: 0.20
2023-06-19 16:42:40,980 - AUGCON - INFO - Epoch [5/50]-(0/22) Loss: 1.2286, Acc(1): 50.00, Acc(5): 100.00
2023-06-19 16:42:40,980 - AUGCON - INFO - Epoch [5/50]-(5/22) Loss: 1.1470, Acc(1): 75.00, Acc(5): 100.00
2023-06-19 16:42:40,981 - AUGCON - INFO - Epoch [5/50]-(10/22) Loss: 0.9284, Acc(1): 75.00, Acc(5): 100.00
2023-06-19 16:42:40,981 - AUGCON - INFO - Epoch [5/50]-(15/22) Loss: 0.7698, Acc(1): 75.00, Acc(5): 100.00
2023-06-19 16:42:40,981 - AUGCON - INFO - Epoch [5/50]-(20/22) Loss: 1.7398, Acc(1): 50.00, Acc(5): 100.00
2023-06-19 16:42:40,981 - AUGCON - INFO - 	Validation Loss: 1.1371, Acc(1): 61.00, Acc(5): 98.00, F1: 0.16, Recall: 0.16, Precision: 0.15
2023-06-19 16:42:40,981 - AUGCON - INFO - Epoch [6/50]-(0/22) Loss: 1.5337, Acc(1): 75.00, Acc(5): 100.00
2023-06-19 16:42:40,981 - AUGCON - INFO - Epoch [6/50]-(5/22) Loss: 0.8390, Acc(1): 100.00, Acc(5): 100.00
2023-06-19 16:42:40,981 - AUGCON - INFO - Epoch [6/50]-(10/22) Loss: 1.7507, Acc(1): 0.00, Acc(5): 100.00
2023-06-19 16:42:40,981 - AUGCON - INFO - Epoch [6/50]-(15/22) Loss: 0.8200, Acc(1): 100.00, Acc(5): 100.00
2023-06-19 16:42:40,981 - AUGCON - INFO - Epoch [6/50]-(20/22) Loss: 1.3683, Acc(1): 50.00, Acc(5): 100.00
2023-06-19 16:42:40,981 - AUGCON - INFO - 	Validation Loss: 1.0515, Acc(1): 66.00, Acc(5): 99.00, F1: 0.16, Recall: 0.18, Precision: 0.15
2023-06-19 16:42:40,981 - AUGCON - INFO - Epoch [7/50]-(0/22) Loss: 1.5417, Acc(1): 25.00, Acc(5): 100.00
2023-06-19 16:42:40,981 - AUGCON - INFO - Epoch [7/50]-(5/22) Loss: 1.1770, Acc(1): 75.00, Acc(5): 100.00
2023-06-19 16:42:40,982 - AUGCON - INFO - Epoch [7/50]-(10/22) Loss: 0.9961, Acc(1): 75.00, Acc(5): 100.00
2023-06-19 16:42:40,982 - AUGCON - INFO - Epoch [7/50]-(15/22) Loss: 1.0549, Acc(1): 75.00, Acc(5): 100.00
2023-06-19 16:42:40,982 - AUGCON - INFO - Epoch [7/50]-(20/22) Loss: 0.9297, Acc(1): 75.00, Acc(5): 100.00
2023-06-19 16:42:40,982 - AUGCON - INFO - 	Validation Loss: 1.0089, Acc(1): 65.00, Acc(5): 98.00, F1: 0.17, Recall: 0.18, Precision: 0.16
2023-06-19 16:42:40,982 - AUGCON - INFO - Epoch [8/50]-(0/22) Loss: 1.0810, Acc(1): 50.00, Acc(5): 100.00
2023-06-19 16:42:40,982 - AUGCON - INFO - Epoch [8/50]-(5/22) Loss: 1.4169, Acc(1): 50.00, Acc(5): 100.00
2023-06-19 16:42:40,982 - AUGCON - INFO - Epoch [8/50]-(10/22) Loss: 0.9693, Acc(1): 75.00, Acc(5): 100.00
2023-06-19 16:42:40,982 - AUGCON - INFO - Epoch [8/50]-(15/22) Loss: 0.9270, Acc(1): 75.00, Acc(5): 100.00
2023-06-19 16:42:40,982 - AUGCON - INFO - Epoch [8/50]-(20/22) Loss: 1.7334, Acc(1): 25.00, Acc(5): 75.00
2023-06-19 16:42:40,982 - AUGCON - INFO - 	Validation Loss: 0.9573, Acc(1): 68.00, Acc(5): 99.00, F1: 0.17, Recall: 0.18, Precision: 0.16
2023-06-19 16:42:40,982 - AUGCON - INFO - Epoch [9/50]-(0/22) Loss: 1.0025, Acc(1): 100.00, Acc(5): 100.00
2023-06-19 16:42:40,982 - AUGCON - INFO - Epoch [9/50]-(5/22) Loss: 2.1147, Acc(1): 0.00, Acc(5): 75.00
2023-06-19 16:42:40,983 - AUGCON - INFO - Epoch [9/50]-(10/22) Loss: 1.1700, Acc(1): 50.00, Acc(5): 75.00
2023-06-19 16:42:40,983 - AUGCON - INFO - Epoch [9/50]-(15/22) Loss: 0.8090, Acc(1): 75.00, Acc(5): 100.00
2023-06-19 16:42:40,983 - AUGCON - INFO - Epoch [9/50]-(20/22) Loss: 0.9366, Acc(1): 75.00, Acc(5): 100.00
2023-06-19 16:42:40,983 - AUGCON - INFO - 	Validation Loss: 0.9162, Acc(1): 69.00, Acc(5): 99.00, F1: 0.17, Recall: 0.19, Precision: 0.15
2023-06-19 16:42:40,983 - AUGCON - INFO - Epoch [10/50]-(0/22) Loss: 1.1719, Acc(1): 50.00, Acc(5): 100.00
2023-06-19 16:42:40,983 - AUGCON - INFO - Epoch [10/50]-(5/22) Loss: 1.3192, Acc(1): 50.00, Acc(5): 100.00
2023-06-19 16:42:40,983 - AUGCON - INFO - Epoch [10/50]-(10/22) Loss: 0.6493, Acc(1): 75.00, Acc(5): 100.00
2023-06-19 16:42:40,983 - AUGCON - INFO - Epoch [10/50]-(15/22) Loss: 1.0057, Acc(1): 50.00, Acc(5): 100.00
2023-06-19 16:42:40,983 - AUGCON - INFO - Epoch [10/50]-(20/22) Loss: 0.8504, Acc(1): 75.00, Acc(5): 100.00
2023-06-19 16:42:40,983 - AUGCON - INFO - 	Validation Loss: 0.8857, Acc(1): 74.00, Acc(5): 99.00, F1: 0.18, Recall: 0.18, Precision: 0.18
2023-06-19 16:42:40,983 - AUGCON - INFO - Epoch [11/50]-(0/22) Loss: 1.1845, Acc(1): 50.00, Acc(5): 100.00
2023-06-19 16:42:40,984 - AUGCON - INFO - Epoch [11/50]-(5/22) Loss: 0.9451, Acc(1): 100.00, Acc(5): 100.00
2023-06-19 16:42:40,984 - AUGCON - INFO - Epoch [11/50]-(10/22) Loss: 0.8429, Acc(1): 75.00, Acc(5): 100.00
2023-06-19 16:42:40,984 - AUGCON - INFO - Epoch [11/50]-(15/22) Loss: 0.3546, Acc(1): 100.00, Acc(5): 100.00
2023-06-19 16:42:40,984 - AUGCON - INFO - Epoch [11/50]-(20/22) Loss: 0.7910, Acc(1): 75.00, Acc(5): 100.00
2023-06-19 16:42:40,984 - AUGCON - INFO - 	Validation Loss: 0.8543, Acc(1): 72.00, Acc(5): 100.00, F1: 0.18, Recall: 0.18, Precision: 0.17
2023-06-19 16:42:40,984 - AUGCON - INFO - Epoch [12/50]-(0/22) Loss: 0.5532, Acc(1): 75.00, Acc(5): 100.00
2023-06-19 16:42:40,984 - AUGCON - INFO - Epoch [12/50]-(5/22) Loss: 0.9713, Acc(1): 75.00, Acc(5): 100.00
2023-06-19 16:42:40,984 - AUGCON - INFO - Epoch [12/50]-(10/22) Loss: 0.8418, Acc(1): 75.00, Acc(5): 100.00
2023-06-19 16:42:40,984 - AUGCON - INFO - Epoch [12/50]-(15/22) Loss: 0.8370, Acc(1): 100.00, Acc(5): 100.00
2023-06-19 16:42:40,984 - AUGCON - INFO - Epoch [12/50]-(20/22) Loss: 0.8186, Acc(1): 75.00, Acc(5): 100.00
2023-06-19 16:42:40,984 - AUGCON - INFO - 	Validation Loss: 0.8274, Acc(1): 72.00, Acc(5): 99.00, F1: 0.18, Recall: 0.18, Precision: 0.18
2023-06-19 16:42:40,984 - AUGCON - INFO - Epoch [13/50]-(0/22) Loss: 1.6390, Acc(1): 25.00, Acc(5): 100.00
2023-06-19 16:42:40,985 - AUGCON - INFO - Epoch [13/50]-(5/22) Loss: 0.5645, Acc(1): 100.00, Acc(5): 100.00
2023-06-19 16:42:40,985 - AUGCON - INFO - Epoch [13/50]-(10/22) Loss: 0.5104, Acc(1): 75.00, Acc(5): 100.00
2023-06-19 16:42:40,985 - AUGCON - INFO - Epoch [13/50]-(15/22) Loss: 0.8517, Acc(1): 75.00, Acc(5): 100.00
2023-06-19 16:42:40,985 - AUGCON - INFO - Epoch [13/50]-(20/22) Loss: 0.7137, Acc(1): 100.00, Acc(5): 100.00
2023-06-19 16:42:40,985 - AUGCON - INFO - 	Validation Loss: 0.8548, Acc(1): 71.00, Acc(5): 98.00, F1: 0.17, Recall: 0.20, Precision: 0.16
2023-06-19 16:42:40,985 - AUGCON - INFO - Epoch [14/50]-(0/22) Loss: 0.8723, Acc(1): 100.00, Acc(5): 100.00
2023-06-19 16:42:40,985 - AUGCON - INFO - Epoch [14/50]-(5/22) Loss: 0.5663, Acc(1): 75.00, Acc(5): 100.00
2023-06-19 16:42:40,985 - AUGCON - INFO - Epoch [14/50]-(10/22) Loss: 1.3328, Acc(1): 75.00, Acc(5): 100.00
2023-06-19 16:42:40,985 - AUGCON - INFO - Epoch [14/50]-(15/22) Loss: 1.0366, Acc(1): 50.00, Acc(5): 100.00
2023-06-19 16:42:40,985 - AUGCON - INFO - Epoch [14/50]-(20/22) Loss: 0.9173, Acc(1): 75.00, Acc(5): 100.00
2023-06-19 16:42:40,985 - AUGCON - INFO - 	Validation Loss: 0.8091, Acc(1): 70.00, Acc(5): 99.00, F1: 0.17, Recall: 0.19, Precision: 0.16
2023-06-19 16:42:40,986 - AUGCON - INFO - Epoch [15/50]-(0/22) Loss: 1.0030, Acc(1): 100.00, Acc(5): 100.00
2023-06-19 16:42:40,986 - AUGCON - INFO - Epoch [15/50]-(5/22) Loss: 0.5097, Acc(1): 100.00, Acc(5): 100.00
2023-06-19 16:42:40,986 - AUGCON - INFO - Epoch [15/50]-(10/22) Loss: 0.2336, Acc(1): 100.00, Acc(5): 100.00
2023-06-19 16:42:40,986 - AUGCON - INFO - Epoch [15/50]-(15/22) Loss: 1.3951, Acc(1): 50.00, Acc(5): 100.00
2023-06-19 16:42:40,986 - AUGCON - INFO - Epoch [15/50]-(20/22) Loss: 0.8640, Acc(1): 50.00, Acc(5): 100.00
2023-06-19 16:42:40,986 - AUGCON - INFO - 	Validation Loss: 0.7740, Acc(1): 70.00, Acc(5): 100.00, F1: 0.17, Recall: 0.19, Precision: 0.16
2023-06-19 16:42:40,986 - AUGCON - INFO - Epoch [16/50]-(0/22) Loss: 1.0008, Acc(1): 50.00, Acc(5): 100.00
2023-06-19 16:42:40,986 - AUGCON - INFO - Epoch [16/50]-(5/22) Loss: 0.7278, Acc(1): 75.00, Acc(5): 100.00
2023-06-19 16:42:40,986 - AUGCON - INFO - Epoch [16/50]-(10/22) Loss: 0.6450, Acc(1): 75.00, Acc(5): 100.00
2023-06-19 16:42:40,986 - AUGCON - INFO - Epoch [16/50]-(15/22) Loss: 1.1005, Acc(1): 50.00, Acc(5): 100.00
2023-06-19 16:42:40,986 - AUGCON - INFO - Epoch [16/50]-(20/22) Loss: 0.5923, Acc(1): 75.00, Acc(5): 100.00
2023-06-19 16:42:40,987 - AUGCON - INFO - 	Validation Loss: 0.7763, Acc(1): 70.00, Acc(5): 100.00, F1: 0.17, Recall: 0.18, Precision: 0.17
2023-06-19 16:42:40,987 - AUGCON - INFO - Epoch [17/50]-(0/22) Loss: 0.7329, Acc(1): 75.00, Acc(5): 100.00
2023-06-19 16:42:40,987 - AUGCON - INFO - Epoch [17/50]-(5/22) Loss: 0.7851, Acc(1): 100.00, Acc(5): 100.00
2023-06-19 16:42:40,987 - AUGCON - INFO - Epoch [17/50]-(10/22) Loss: 0.7039, Acc(1): 50.00, Acc(5): 100.00
2023-06-19 16:42:40,987 - AUGCON - INFO - Epoch [17/50]-(15/22) Loss: 1.0374, Acc(1): 75.00, Acc(5): 100.00
2023-06-19 16:42:40,987 - AUGCON - INFO - Epoch [17/50]-(20/22) Loss: 0.5447, Acc(1): 75.00, Acc(5): 100.00
2023-06-19 16:42:40,987 - AUGCON - INFO - 	Validation Loss: 0.7507, Acc(1): 69.00, Acc(5): 100.00, F1: 0.17, Recall: 0.19, Precision: 0.16
2023-06-19 16:42:40,987 - AUGCON - INFO - Epoch [18/50]-(0/22) Loss: 0.6208, Acc(1): 75.00, Acc(5): 100.00
2023-06-19 16:42:40,987 - AUGCON - INFO - Epoch [18/50]-(5/22) Loss: 0.6882, Acc(1): 75.00, Acc(5): 100.00
2023-06-19 16:42:40,987 - AUGCON - INFO - Epoch [18/50]-(10/22) Loss: 1.1316, Acc(1): 75.00, Acc(5): 100.00
2023-06-19 16:42:40,987 - AUGCON - INFO - Epoch [18/50]-(15/22) Loss: 1.1585, Acc(1): 50.00, Acc(5): 100.00
2023-06-19 16:42:40,987 - AUGCON - INFO - Epoch [18/50]-(20/22) Loss: 0.5086, Acc(1): 75.00, Acc(5): 100.00
2023-06-19 16:42:40,988 - AUGCON - INFO - 	Validation Loss: 0.7400, Acc(1): 70.00, Acc(5): 100.00, F1: 0.17, Recall: 0.19, Precision: 0.16
2023-06-19 16:42:40,988 - AUGCON - INFO - Epoch [19/50]-(0/22) Loss: 0.9076, Acc(1): 100.00, Acc(5): 100.00
2023-06-19 16:42:40,988 - AUGCON - INFO - Epoch [19/50]-(5/22) Loss: 0.5093, Acc(1): 100.00, Acc(5): 100.00
2023-06-19 16:42:40,988 - AUGCON - INFO - Epoch [19/50]-(10/22) Loss: 1.2176, Acc(1): 50.00, Acc(5): 75.00
2023-06-19 16:42:40,988 - AUGCON - INFO - Epoch [19/50]-(15/22) Loss: 0.5303, Acc(1): 100.00, Acc(5): 100.00
2023-06-19 16:42:40,988 - AUGCON - INFO - Epoch [19/50]-(20/22) Loss: 0.7259, Acc(1): 75.00, Acc(5): 100.00
2023-06-19 16:42:40,988 - AUGCON - INFO - 	Validation Loss: 0.7369, Acc(1): 70.00, Acc(5): 100.00, F1: 0.17, Recall: 0.19, Precision: 0.16
2023-06-19 16:42:40,988 - AUGCON - INFO - Epoch [20/50]-(0/22) Loss: 0.6058, Acc(1): 75.00, Acc(5): 100.00
2023-06-19 16:42:40,988 - AUGCON - INFO - Epoch [20/50]-(5/22) Loss: 0.8541, Acc(1): 75.00, Acc(5): 100.00
2023-06-19 16:42:40,988 - AUGCON - INFO - Epoch [20/50]-(10/22) Loss: 0.8866, Acc(1): 50.00, Acc(5): 100.00
2023-06-19 16:42:40,988 - AUGCON - INFO - Epoch [20/50]-(15/22) Loss: 1.0425, Acc(1): 50.00, Acc(5): 100.00
2023-06-19 16:42:40,988 - AUGCON - INFO - Epoch [20/50]-(20/22) Loss: 0.6186, Acc(1): 100.00, Acc(5): 100.00
2023-06-19 16:42:40,989 - AUGCON - INFO - 	Validation Loss: 0.7049, Acc(1): 73.00, Acc(5): 100.00, F1: 0.18, Recall: 0.19, Precision: 0.17
2023-06-19 16:42:40,989 - AUGCON - INFO - Epoch [21/50]-(0/22) Loss: 1.1309, Acc(1): 50.00, Acc(5): 100.00
2023-06-19 16:42:40,989 - AUGCON - INFO - Epoch [21/50]-(5/22) Loss: 0.5282, Acc(1): 75.00, Acc(5): 100.00
2023-06-19 16:42:40,989 - AUGCON - INFO - Epoch [21/50]-(10/22) Loss: 0.5750, Acc(1): 75.00, Acc(5): 100.00
2023-06-19 16:42:40,989 - AUGCON - INFO - Epoch [21/50]-(15/22) Loss: 0.3426, Acc(1): 100.00, Acc(5): 100.00
2023-06-19 16:42:40,989 - AUGCON - INFO - Epoch [21/50]-(20/22) Loss: 0.8028, Acc(1): 75.00, Acc(5): 100.00
2023-06-19 16:42:40,989 - AUGCON - INFO - 	Validation Loss: 0.6886, Acc(1): 70.00, Acc(5): 100.00, F1: 0.17, Recall: 0.19, Precision: 0.16
2023-06-19 16:42:40,989 - AUGCON - INFO - Epoch [22/50]-(0/22) Loss: 0.5309, Acc(1): 100.00, Acc(5): 100.00
2023-06-19 16:42:40,989 - AUGCON - INFO - Epoch [22/50]-(5/22) Loss: 0.6379, Acc(1): 75.00, Acc(5): 100.00
2023-06-19 16:42:40,989 - AUGCON - INFO - Epoch [22/50]-(10/22) Loss: 0.5245, Acc(1): 75.00, Acc(5): 100.00
2023-06-19 16:42:40,989 - AUGCON - INFO - Epoch [22/50]-(15/22) Loss: 1.1063, Acc(1): 75.00, Acc(5): 100.00
2023-06-19 16:42:40,990 - AUGCON - INFO - Epoch [22/50]-(20/22) Loss: 1.4747, Acc(1): 50.00, Acc(5): 100.00
2023-06-19 16:42:40,990 - AUGCON - INFO - 	Validation Loss: 0.7275, Acc(1): 68.00, Acc(5): 100.00, F1: 0.17, Recall: 0.19, Precision: 0.15
2023-06-19 16:42:40,990 - AUGCON - INFO - Epoch [23/50]-(0/22) Loss: 1.3490, Acc(1): 75.00, Acc(5): 100.00
2023-06-19 16:42:40,990 - AUGCON - INFO - Epoch [23/50]-(5/22) Loss: 0.3213, Acc(1): 100.00, Acc(5): 100.00
2023-06-19 16:42:40,990 - AUGCON - INFO - Epoch [23/50]-(10/22) Loss: 0.6312, Acc(1): 75.00, Acc(5): 100.00
2023-06-19 16:42:40,990 - AUGCON - INFO - Epoch [23/50]-(15/22) Loss: 0.8747, Acc(1): 50.00, Acc(5): 100.00
2023-06-19 16:42:40,990 - AUGCON - INFO - Epoch [23/50]-(20/22) Loss: 0.4566, Acc(1): 100.00, Acc(5): 100.00
2023-06-19 16:42:40,990 - AUGCON - INFO - 	Validation Loss: 0.7177, Acc(1): 71.00, Acc(5): 100.00, F1: 0.18, Recall: 0.20, Precision: 0.16
2023-06-19 16:42:40,990 - AUGCON - INFO - Epoch [24/50]-(0/22) Loss: 0.5637, Acc(1): 75.00, Acc(5): 100.00
2023-06-19 16:42:40,990 - AUGCON - INFO - Epoch [24/50]-(5/22) Loss: 0.6885, Acc(1): 75.00, Acc(5): 100.00
2023-06-19 16:42:40,990 - AUGCON - INFO - Epoch [24/50]-(10/22) Loss: 1.0196, Acc(1): 100.00, Acc(5): 100.00
2023-06-19 16:42:40,991 - AUGCON - INFO - Epoch [24/50]-(15/22) Loss: 0.3788, Acc(1): 100.00, Acc(5): 100.00
2023-06-19 16:42:40,991 - AUGCON - INFO - Epoch [24/50]-(20/22) Loss: 1.1240, Acc(1): 50.00, Acc(5): 100.00
2023-06-19 16:42:40,991 - AUGCON - INFO - 	Validation Loss: 0.6994, Acc(1): 73.00, Acc(5): 100.00, F1: 0.18, Recall: 0.20, Precision: 0.17
2023-06-19 16:42:40,991 - AUGCON - INFO - Epoch [25/50]-(0/22) Loss: 1.1514, Acc(1): 25.00, Acc(5): 100.00
2023-06-19 16:42:40,991 - AUGCON - INFO - Epoch [25/50]-(5/22) Loss: 1.1949, Acc(1): 50.00, Acc(5): 100.00
2023-06-19 16:42:40,991 - AUGCON - INFO - Epoch [25/50]-(10/22) Loss: 0.8792, Acc(1): 75.00, Acc(5): 100.00
2023-06-19 16:42:40,991 - AUGCON - INFO - Epoch [25/50]-(15/22) Loss: 0.5275, Acc(1): 75.00, Acc(5): 100.00
2023-06-19 16:42:40,991 - AUGCON - INFO - Epoch [25/50]-(20/22) Loss: 0.5120, Acc(1): 100.00, Acc(5): 100.00
2023-06-19 16:42:40,991 - AUGCON - INFO - 	Validation Loss: 0.6770, Acc(1): 69.00, Acc(5): 100.00, F1: 0.17, Recall: 0.19, Precision: 0.16
2023-06-19 16:42:40,991 - AUGCON - INFO - Epoch [26/50]-(0/22) Loss: 0.3881, Acc(1): 100.00, Acc(5): 100.00
2023-06-19 16:42:40,991 - AUGCON - INFO - Epoch [26/50]-(5/22) Loss: 0.8065, Acc(1): 50.00, Acc(5): 100.00
2023-06-19 16:42:40,992 - AUGCON - INFO - Epoch [26/50]-(10/22) Loss: 1.0174, Acc(1): 50.00, Acc(5): 100.00
2023-06-19 16:42:40,992 - AUGCON - INFO - Epoch [26/50]-(15/22) Loss: 0.8747, Acc(1): 50.00, Acc(5): 100.00
2023-06-19 16:42:40,992 - AUGCON - INFO - Epoch [26/50]-(20/22) Loss: 0.2793, Acc(1): 100.00, Acc(5): 100.00
2023-06-19 16:42:40,992 - AUGCON - INFO - 	Validation Loss: 0.6529, Acc(1): 73.00, Acc(5): 100.00, F1: 0.18, Recall: 0.19, Precision: 0.17
2023-06-19 16:42:40,992 - AUGCON - INFO - Epoch [27/50]-(0/22) Loss: 0.8509, Acc(1): 50.00, Acc(5): 100.00
2023-06-19 16:42:40,992 - AUGCON - INFO - Epoch [27/50]-(5/22) Loss: 0.5699, Acc(1): 100.00, Acc(5): 100.00
2023-06-19 16:42:40,992 - AUGCON - INFO - Epoch [27/50]-(10/22) Loss: 0.2561, Acc(1): 100.00, Acc(5): 100.00
2023-06-19 16:42:40,992 - AUGCON - INFO - Epoch [27/50]-(15/22) Loss: 0.3470, Acc(1): 100.00, Acc(5): 100.00
2023-06-19 16:42:40,992 - AUGCON - INFO - Epoch [27/50]-(20/22) Loss: 0.4047, Acc(1): 100.00, Acc(5): 100.00
2023-06-19 16:42:40,992 - AUGCON - INFO - 	Validation Loss: 0.6646, Acc(1): 75.00, Acc(5): 100.00, F1: 0.19, Recall: 0.20, Precision: 0.17
2023-06-19 16:42:40,993 - AUGCON - INFO - Epoch [28/50]-(0/22) Loss: 0.5511, Acc(1): 75.00, Acc(5): 100.00
2023-06-19 16:42:40,993 - AUGCON - INFO - Epoch [28/50]-(5/22) Loss: 0.7240, Acc(1): 75.00, Acc(5): 100.00
2023-06-19 16:42:40,993 - AUGCON - INFO - Epoch [28/50]-(10/22) Loss: 0.6046, Acc(1): 100.00, Acc(5): 100.00
2023-06-19 16:42:40,993 - AUGCON - INFO - Epoch [28/50]-(15/22) Loss: 0.2113, Acc(1): 100.00, Acc(5): 100.00
2023-06-19 16:42:40,993 - AUGCON - INFO - Epoch [28/50]-(20/22) Loss: 0.7924, Acc(1): 75.00, Acc(5): 100.00
2023-06-19 16:42:40,993 - AUGCON - INFO - 	Validation Loss: 0.6500, Acc(1): 74.00, Acc(5): 100.00, F1: 0.19, Recall: 0.20, Precision: 0.17
2023-06-19 16:42:40,993 - AUGCON - INFO - Epoch [29/50]-(0/22) Loss: 0.7181, Acc(1): 50.00, Acc(5): 100.00
2023-06-19 16:42:40,993 - AUGCON - INFO - Epoch [29/50]-(5/22) Loss: 1.2025, Acc(1): 50.00, Acc(5): 100.00
2023-06-19 16:42:40,993 - AUGCON - INFO - Epoch [29/50]-(10/22) Loss: 0.1935, Acc(1): 100.00, Acc(5): 100.00
2023-06-19 16:42:40,993 - AUGCON - INFO - Epoch [29/50]-(15/22) Loss: 1.3193, Acc(1): 50.00, Acc(5): 75.00
2023-06-19 16:42:40,994 - AUGCON - INFO - Epoch [29/50]-(20/22) Loss: 0.6086, Acc(1): 75.00, Acc(5): 100.00
2023-06-19 16:42:40,994 - AUGCON - INFO - 	Validation Loss: 0.6842, Acc(1): 69.00, Acc(5): 100.00, F1: 0.17, Recall: 0.19, Precision: 0.16
2023-06-19 16:42:40,994 - AUGCON - INFO - Epoch [30/50]-(0/22) Loss: 0.4438, Acc(1): 100.00, Acc(5): 100.00
2023-06-19 16:42:40,994 - AUGCON - INFO - Epoch [30/50]-(5/22) Loss: 0.7418, Acc(1): 75.00, Acc(5): 100.00
2023-06-19 16:42:40,994 - AUGCON - INFO - Epoch [30/50]-(10/22) Loss: 1.0499, Acc(1): 75.00, Acc(5): 100.00
2023-06-19 16:42:40,994 - AUGCON - INFO - Epoch [30/50]-(15/22) Loss: 0.8149, Acc(1): 75.00, Acc(5): 100.00
2023-06-19 16:42:40,994 - AUGCON - INFO - Epoch [30/50]-(20/22) Loss: 0.5730, Acc(1): 75.00, Acc(5): 100.00
2023-06-19 16:42:40,994 - AUGCON - INFO - 	Validation Loss: 0.6425, Acc(1): 76.00, Acc(5): 100.00, F1: 0.19, Recall: 0.20, Precision: 0.18
2023-06-19 16:42:40,994 - AUGCON - INFO - Epoch [31/50]-(0/22) Loss: 0.9327, Acc(1): 75.00, Acc(5): 100.00
2023-06-19 16:42:40,994 - AUGCON - INFO - Epoch [31/50]-(5/22) Loss: 0.4939, Acc(1): 75.00, Acc(5): 100.00
2023-06-19 16:42:40,994 - AUGCON - INFO - Epoch [31/50]-(10/22) Loss: 0.2834, Acc(1): 100.00, Acc(5): 100.00
2023-06-19 16:42:40,995 - AUGCON - INFO - Epoch [31/50]-(15/22) Loss: 0.8874, Acc(1): 75.00, Acc(5): 100.00
2023-06-19 16:42:40,995 - AUGCON - INFO - Epoch [31/50]-(20/22) Loss: 0.5449, Acc(1): 75.00, Acc(5): 100.00
2023-06-19 16:42:40,995 - AUGCON - INFO - 	Validation Loss: 0.6415, Acc(1): 72.00, Acc(5): 100.00, F1: 0.18, Recall: 0.19, Precision: 0.17
2023-06-19 16:42:40,995 - AUGCON - INFO - Epoch [32/50]-(0/22) Loss: 0.3768, Acc(1): 100.00, Acc(5): 100.00
2023-06-19 16:42:40,995 - AUGCON - INFO - Epoch [32/50]-(5/22) Loss: 0.4586, Acc(1): 75.00, Acc(5): 100.00
2023-06-19 16:42:40,995 - AUGCON - INFO - Epoch [32/50]-(10/22) Loss: 0.2273, Acc(1): 100.00, Acc(5): 100.00
2023-06-19 16:42:40,995 - AUGCON - INFO - Epoch [32/50]-(15/22) Loss: 0.4469, Acc(1): 75.00, Acc(5): 100.00
2023-06-19 16:42:40,995 - AUGCON - INFO - Epoch [32/50]-(20/22) Loss: 0.3534, Acc(1): 100.00, Acc(5): 100.00
2023-06-19 16:42:40,995 - AUGCON - INFO - 	Validation Loss: 0.6220, Acc(1): 80.00, Acc(5): 100.00, F1: 0.20, Recall: 0.22, Precision: 0.19
2023-06-19 16:42:40,995 - AUGCON - INFO - Epoch [33/50]-(0/22) Loss: 0.8343, Acc(1): 100.00, Acc(5): 100.00
2023-06-19 16:42:40,995 - AUGCON - INFO - Epoch [33/50]-(5/22) Loss: 0.6963, Acc(1): 75.00, Acc(5): 100.00
2023-06-19 16:42:40,995 - AUGCON - INFO - Epoch [33/50]-(10/22) Loss: 0.1094, Acc(1): 100.00, Acc(5): 100.00
2023-06-19 16:42:40,996 - AUGCON - INFO - Epoch [33/50]-(15/22) Loss: 0.9084, Acc(1): 75.00, Acc(5): 100.00
2023-06-19 16:42:40,996 - AUGCON - INFO - Epoch [33/50]-(20/22) Loss: 0.5506, Acc(1): 75.00, Acc(5): 100.00
2023-06-19 16:42:40,996 - AUGCON - INFO - 	Validation Loss: 0.6220, Acc(1): 79.00, Acc(5): 100.00, F1: 0.20, Recall: 0.20, Precision: 0.19
2023-06-19 16:42:40,996 - AUGCON - INFO - Epoch [34/50]-(0/22) Loss: 0.1608, Acc(1): 100.00, Acc(5): 100.00
2023-06-19 16:42:40,996 - AUGCON - INFO - Epoch [34/50]-(5/22) Loss: 0.8673, Acc(1): 50.00, Acc(5): 100.00
2023-06-19 16:42:40,996 - AUGCON - INFO - Epoch [34/50]-(10/22) Loss: 0.6055, Acc(1): 75.00, Acc(5): 100.00
2023-06-19 16:42:40,996 - AUGCON - INFO - Epoch [34/50]-(15/22) Loss: 0.6381, Acc(1): 75.00, Acc(5): 100.00
2023-06-19 16:42:40,996 - AUGCON - INFO - Epoch [34/50]-(20/22) Loss: 0.5776, Acc(1): 100.00, Acc(5): 100.00
2023-06-19 16:42:40,996 - AUGCON - INFO - 	Validation Loss: 0.6579, Acc(1): 71.00, Acc(5): 100.00, F1: 0.18, Recall: 0.19, Precision: 0.16
2023-06-19 16:42:40,996 - AUGCON - INFO - Epoch [35/50]-(0/22) Loss: 0.4269, Acc(1): 100.00, Acc(5): 100.00
2023-06-19 16:42:40,997 - AUGCON - INFO - Epoch [35/50]-(5/22) Loss: 1.0928, Acc(1): 25.00, Acc(5): 100.00
2023-06-19 16:42:40,997 - AUGCON - INFO - Epoch [35/50]-(10/22) Loss: 0.2770, Acc(1): 100.00, Acc(5): 100.00
2023-06-19 16:42:40,997 - AUGCON - INFO - Epoch [35/50]-(15/22) Loss: 0.7213, Acc(1): 50.00, Acc(5): 100.00
2023-06-19 16:42:40,997 - AUGCON - INFO - Epoch [35/50]-(20/22) Loss: 0.6288, Acc(1): 75.00, Acc(5): 100.00
2023-06-19 16:42:40,997 - AUGCON - INFO - 	Validation Loss: 0.6303, Acc(1): 69.00, Acc(5): 100.00, F1: 0.17, Recall: 0.19, Precision: 0.16
2023-06-19 16:42:40,997 - AUGCON - INFO - Epoch [36/50]-(0/22) Loss: 0.1136, Acc(1): 100.00, Acc(5): 100.00
2023-06-19 16:42:40,997 - AUGCON - INFO - Epoch [36/50]-(5/22) Loss: 0.8001, Acc(1): 50.00, Acc(5): 100.00
2023-06-19 16:42:40,997 - AUGCON - INFO - Epoch [36/50]-(10/22) Loss: 0.7048, Acc(1): 75.00, Acc(5): 100.00
2023-06-19 16:42:40,997 - AUGCON - INFO - Epoch [36/50]-(15/22) Loss: 0.9056, Acc(1): 50.00, Acc(5): 100.00
2023-06-19 16:42:40,997 - AUGCON - INFO - Epoch [36/50]-(20/22) Loss: 0.3607, Acc(1): 100.00, Acc(5): 100.00
2023-06-19 16:42:40,997 - AUGCON - INFO - 	Validation Loss: 0.6171, Acc(1): 79.00, Acc(5): 100.00, F1: 0.20, Recall: 0.21, Precision: 0.19
2023-06-19 16:42:40,998 - AUGCON - INFO - Epoch [37/50]-(0/22) Loss: 0.4542, Acc(1): 75.00, Acc(5): 100.00
2023-06-19 16:42:40,998 - AUGCON - INFO - Epoch [37/50]-(5/22) Loss: 0.4241, Acc(1): 75.00, Acc(5): 100.00
2023-06-19 16:42:40,998 - AUGCON - INFO - Epoch [37/50]-(10/22) Loss: 0.8432, Acc(1): 75.00, Acc(5): 100.00
2023-06-19 16:42:40,998 - AUGCON - INFO - Epoch [37/50]-(15/22) Loss: 0.4963, Acc(1): 100.00, Acc(5): 100.00
2023-06-19 16:42:40,998 - AUGCON - INFO - Epoch [37/50]-(20/22) Loss: 0.5137, Acc(1): 100.00, Acc(5): 100.00
2023-06-19 16:42:40,998 - AUGCON - INFO - 	Validation Loss: 0.6111, Acc(1): 79.00, Acc(5): 100.00, F1: 0.20, Recall: 0.22, Precision: 0.19
2023-06-19 16:42:40,998 - AUGCON - INFO - Epoch [38/50]-(0/22) Loss: 0.4330, Acc(1): 75.00, Acc(5): 100.00
2023-06-19 16:42:40,998 - AUGCON - INFO - Epoch [38/50]-(5/22) Loss: 0.7131, Acc(1): 100.00, Acc(5): 100.00
2023-06-19 16:42:40,998 - AUGCON - INFO - Epoch [38/50]-(10/22) Loss: 0.2438, Acc(1): 100.00, Acc(5): 100.00
2023-06-19 16:42:40,999 - AUGCON - INFO - Epoch [38/50]-(15/22) Loss: 0.7665, Acc(1): 75.00, Acc(5): 100.00
2023-06-19 16:42:40,999 - AUGCON - INFO - Epoch [38/50]-(20/22) Loss: 0.6587, Acc(1): 75.00, Acc(5): 100.00
2023-06-19 16:42:40,999 - AUGCON - INFO - 	Validation Loss: 0.5720, Acc(1): 82.00, Acc(5): 100.00, F1: 0.21, Recall: 0.21, Precision: 0.20
2023-06-19 16:42:40,999 - AUGCON - INFO - Epoch [39/50]-(0/22) Loss: 0.3249, Acc(1): 100.00, Acc(5): 100.00
2023-06-19 16:42:40,999 - AUGCON - INFO - Epoch [39/50]-(5/22) Loss: 0.2643, Acc(1): 100.00, Acc(5): 100.00
2023-06-19 16:42:41,000 - AUGCON - INFO - Epoch [39/50]-(10/22) Loss: 0.3370, Acc(1): 100.00, Acc(5): 100.00
2023-06-19 16:42:41,000 - AUGCON - INFO - Epoch [39/50]-(15/22) Loss: 0.5497, Acc(1): 100.00, Acc(5): 100.00
2023-06-19 16:42:41,000 - AUGCON - INFO - Epoch [39/50]-(20/22) Loss: 0.9102, Acc(1): 50.00, Acc(5): 100.00
2023-06-19 16:42:41,000 - AUGCON - INFO - 	Validation Loss: 0.5806, Acc(1): 85.00, Acc(5): 100.00, F1: 0.21, Recall: 0.21, Precision: 0.21
2023-06-19 16:42:41,000 - AUGCON - INFO - Epoch [40/50]-(0/22) Loss: 0.8681, Acc(1): 75.00, Acc(5): 100.00
2023-06-19 16:42:41,000 - AUGCON - INFO - Epoch [40/50]-(5/22) Loss: 0.7133, Acc(1): 75.00, Acc(5): 100.00
2023-06-19 16:42:41,000 - AUGCON - INFO - Epoch [40/50]-(10/22) Loss: 0.3355, Acc(1): 100.00, Acc(5): 100.00
2023-06-19 16:42:41,000 - AUGCON - INFO - Epoch [40/50]-(15/22) Loss: 0.2715, Acc(1): 100.00, Acc(5): 100.00
2023-06-19 16:42:41,001 - AUGCON - INFO - Epoch [40/50]-(20/22) Loss: 0.7532, Acc(1): 50.00, Acc(5): 100.00
2023-06-19 16:42:41,002 - AUGCON - INFO - 	Validation Loss: 0.6050, Acc(1): 83.00, Acc(5): 100.00, F1: 0.21, Recall: 0.22, Precision: 0.20
2023-06-19 16:42:41,002 - AUGCON - INFO - Epoch [41/50]-(0/22) Loss: 1.3253, Acc(1): 50.00, Acc(5): 100.00
2023-06-19 16:42:41,002 - AUGCON - INFO - Epoch [41/50]-(5/22) Loss: 0.3581, Acc(1): 75.00, Acc(5): 100.00
2023-06-19 16:42:41,002 - AUGCON - INFO - Epoch [41/50]-(10/22) Loss: 0.8564, Acc(1): 75.00, Acc(5): 100.00
2023-06-19 16:42:41,002 - AUGCON - INFO - Epoch [41/50]-(15/22) Loss: 0.7467, Acc(1): 50.00, Acc(5): 100.00
2023-06-19 16:42:41,002 - AUGCON - INFO - Epoch [41/50]-(20/22) Loss: 0.7776, Acc(1): 75.00, Acc(5): 100.00
2023-06-19 16:42:41,002 - AUGCON - INFO - 	Validation Loss: 0.5973, Acc(1): 79.00, Acc(5): 100.00, F1: 0.20, Recall: 0.21, Precision: 0.19
2023-06-19 16:42:41,002 - AUGCON - INFO - Epoch [42/50]-(0/22) Loss: 0.6820, Acc(1): 50.00, Acc(5): 100.00
2023-06-19 16:42:41,003 - AUGCON - INFO - Epoch [42/50]-(5/22) Loss: 0.8362, Acc(1): 75.00, Acc(5): 100.00
2023-06-19 16:42:41,003 - AUGCON - INFO - Epoch [42/50]-(10/22) Loss: 0.4477, Acc(1): 100.00, Acc(5): 100.00
2023-06-19 16:42:41,003 - AUGCON - INFO - Epoch [42/50]-(15/22) Loss: 0.1356, Acc(1): 100.00, Acc(5): 100.00
2023-06-19 16:42:41,003 - AUGCON - INFO - Epoch [42/50]-(20/22) Loss: 0.3762, Acc(1): 100.00, Acc(5): 100.00
2023-06-19 16:42:41,003 - AUGCON - INFO - 	Validation Loss: 0.5708, Acc(1): 82.00, Acc(5): 100.00, F1: 0.21, Recall: 0.21, Precision: 0.20
2023-06-19 16:42:41,003 - AUGCON - INFO - Epoch [43/50]-(0/22) Loss: 0.7340, Acc(1): 75.00, Acc(5): 100.00
2023-06-19 16:42:41,003 - AUGCON - INFO - Epoch [43/50]-(5/22) Loss: 0.8631, Acc(1): 75.00, Acc(5): 100.00
2023-06-19 16:42:41,003 - AUGCON - INFO - Epoch [43/50]-(10/22) Loss: 0.1218, Acc(1): 100.00, Acc(5): 100.00
2023-06-19 16:42:41,003 - AUGCON - INFO - Epoch [43/50]-(15/22) Loss: 0.6162, Acc(1): 75.00, Acc(5): 100.00
2023-06-19 16:42:41,003 - AUGCON - INFO - Epoch [43/50]-(20/22) Loss: 1.0039, Acc(1): 50.00, Acc(5): 100.00
2023-06-19 16:42:41,003 - AUGCON - INFO - 	Validation Loss: 0.5664, Acc(1): 80.00, Acc(5): 100.00, F1: 0.20, Recall: 0.21, Precision: 0.19
2023-06-19 16:42:41,003 - AUGCON - INFO - Epoch [44/50]-(0/22) Loss: 0.5676, Acc(1): 75.00, Acc(5): 100.00
2023-06-19 16:42:41,003 - AUGCON - INFO - Epoch [44/50]-(5/22) Loss: 0.2761, Acc(1): 100.00, Acc(5): 100.00
2023-06-19 16:42:41,003 - AUGCON - INFO - Epoch [44/50]-(10/22) Loss: 0.4739, Acc(1): 75.00, Acc(5): 100.00
2023-06-19 16:42:41,003 - AUGCON - INFO - Epoch [44/50]-(15/22) Loss: 0.8605, Acc(1): 75.00, Acc(5): 100.00
2023-06-19 16:42:41,004 - AUGCON - INFO - Epoch [44/50]-(20/22) Loss: 0.5624, Acc(1): 75.00, Acc(5): 100.00
2023-06-19 16:42:41,004 - AUGCON - INFO - 	Validation Loss: 0.6106, Acc(1): 79.00, Acc(5): 100.00, F1: 0.20, Recall: 0.22, Precision: 0.19
2023-06-19 16:42:41,004 - AUGCON - INFO - Epoch [45/50]-(0/22) Loss: 0.8029, Acc(1): 75.00, Acc(5): 100.00
2023-06-19 16:42:41,004 - AUGCON - INFO - Epoch [45/50]-(5/22) Loss: 0.5586, Acc(1): 100.00, Acc(5): 100.00
2023-06-19 16:42:41,004 - AUGCON - INFO - Epoch [45/50]-(10/22) Loss: 0.6713, Acc(1): 75.00, Acc(5): 100.00
2023-06-19 16:42:41,004 - AUGCON - INFO - Epoch [45/50]-(15/22) Loss: 0.5925, Acc(1): 75.00, Acc(5): 100.00
2023-06-19 16:42:41,004 - AUGCON - INFO - Epoch [45/50]-(20/22) Loss: 0.3006, Acc(1): 100.00, Acc(5): 100.00
2023-06-19 16:42:41,004 - AUGCON - INFO - 	Validation Loss: 0.5837, Acc(1): 80.00, Acc(5): 100.00, F1: 0.20, Recall: 0.21, Precision: 0.19
2023-06-19 16:42:41,004 - AUGCON - INFO - Epoch [46/50]-(0/22) Loss: 0.6562, Acc(1): 75.00, Acc(5): 100.00
2023-06-19 16:42:41,004 - AUGCON - INFO - Epoch [46/50]-(5/22) Loss: 0.4146, Acc(1): 75.00, Acc(5): 100.00
2023-06-19 16:42:41,004 - AUGCON - INFO - Epoch [46/50]-(10/22) Loss: 0.3685, Acc(1): 100.00, Acc(5): 100.00
2023-06-19 16:42:41,004 - AUGCON - INFO - Epoch [46/50]-(15/22) Loss: 0.3269, Acc(1): 100.00, Acc(5): 100.00
2023-06-19 16:42:41,004 - AUGCON - INFO - Epoch [46/50]-(20/22) Loss: 0.5669, Acc(1): 75.00, Acc(5): 100.00
2023-06-19 16:42:41,004 - AUGCON - INFO - 	Validation Loss: 0.5813, Acc(1): 80.00, Acc(5): 100.00, F1: 0.20, Recall: 0.21, Precision: 0.19
2023-06-19 16:42:41,005 - AUGCON - INFO - Epoch [47/50]-(0/22) Loss: 0.4974, Acc(1): 75.00, Acc(5): 100.00
2023-06-19 16:42:41,005 - AUGCON - INFO - Epoch [47/50]-(5/22) Loss: 0.5742, Acc(1): 75.00, Acc(5): 100.00
2023-06-19 16:42:41,005 - AUGCON - INFO - Epoch [47/50]-(10/22) Loss: 0.3888, Acc(1): 75.00, Acc(5): 100.00
2023-06-19 16:42:41,005 - AUGCON - INFO - Epoch [47/50]-(15/22) Loss: 0.3719, Acc(1): 75.00, Acc(5): 100.00
2023-06-19 16:42:41,005 - AUGCON - INFO - Epoch [47/50]-(20/22) Loss: 1.4785, Acc(1): 25.00, Acc(5): 100.00
2023-06-19 16:42:41,005 - AUGCON - INFO - 	Validation Loss: 0.5620, Acc(1): 80.00, Acc(5): 100.00, F1: 0.20, Recall: 0.21, Precision: 0.20
2023-06-19 16:42:41,005 - AUGCON - INFO - Epoch [48/50]-(0/22) Loss: 0.7840, Acc(1): 75.00, Acc(5): 100.00
2023-06-19 16:42:41,005 - AUGCON - INFO - Epoch [48/50]-(5/22) Loss: 0.3053, Acc(1): 100.00, Acc(5): 100.00
2023-06-19 16:42:41,005 - AUGCON - INFO - Epoch [48/50]-(10/22) Loss: 0.4632, Acc(1): 100.00, Acc(5): 100.00
2023-06-19 16:42:41,005 - AUGCON - INFO - Epoch [48/50]-(15/22) Loss: 0.2488, Acc(1): 100.00, Acc(5): 100.00
2023-06-19 16:42:41,005 - AUGCON - INFO - Epoch [48/50]-(20/22) Loss: 0.5215, Acc(1): 75.00, Acc(5): 100.00
2023-06-19 16:42:41,005 - AUGCON - INFO - 	Validation Loss: 0.5739, Acc(1): 79.00, Acc(5): 100.00, F1: 0.20, Recall: 0.22, Precision: 0.19
2023-06-19 16:42:41,005 - AUGCON - INFO - Epoch [49/50]-(0/22) Loss: 0.4957, Acc(1): 75.00, Acc(5): 100.00
2023-06-19 16:42:41,005 - AUGCON - INFO - Epoch [49/50]-(5/22) Loss: 0.3175, Acc(1): 100.00, Acc(5): 100.00
2023-06-19 16:42:41,005 - AUGCON - INFO - Epoch [49/50]-(10/22) Loss: 0.2341, Acc(1): 100.00, Acc(5): 100.00
2023-06-19 16:42:41,006 - AUGCON - INFO - Epoch [49/50]-(15/22) Loss: 0.3719, Acc(1): 100.00, Acc(5): 100.00
2023-06-19 16:42:41,006 - AUGCON - INFO - Epoch [49/50]-(20/22) Loss: 0.7281, Acc(1): 75.00, Acc(5): 100.00
2023-06-19 16:42:41,006 - AUGCON - INFO - 	Validation Loss: 0.5730, Acc(1): 75.00, Acc(5): 100.00, F1: 0.19, Recall: 0.20, Precision: 0.17
2023-06-19 16:42:41,006 - AUGCON - INFO - Epoch [50/50]-(0/22) Loss: 0.4728, Acc(1): 75.00, Acc(5): 100.00
2023-06-19 16:42:41,006 - AUGCON - INFO - Epoch [50/50]-(5/22) Loss: 0.7918, Acc(1): 75.00, Acc(5): 100.00
2023-06-19 16:42:41,006 - AUGCON - INFO - Epoch [50/50]-(10/22) Loss: 0.7717, Acc(1): 75.00, Acc(5): 100.00
2023-06-19 16:42:41,006 - AUGCON - INFO - Epoch [50/50]-(15/22) Loss: 0.7921, Acc(1): 50.00, Acc(5): 100.00
2023-06-19 16:42:41,006 - AUGCON - INFO - Epoch [50/50]-(20/22) Loss: 0.3071, Acc(1): 100.00, Acc(5): 100.00
2023-06-19 16:42:41,006 - AUGCON - INFO - 	Validation Loss: 0.5409, Acc(1): 81.00, Acc(5): 100.00, F1: 0.20, Recall: 0.22, Precision: 0.19
2023-06-19 16:42:41,006 - AUGCON - INFO - 	Validation Loss: 0.4849, Acc(1): 85.67, Acc(5): 100.00, F1: 0.22, Recall: 0.21, Precision: 0.22
