2023-06-19 16:43:27,662 - AUGCON - INFO - logger initialized (/home/hjyoon/projects/augcon/config/exp0/finetune_da_true/without_target_domain_PH0045-sjlee/metacpc_perdomain_8421/tgt_target_domain_WA0003-hskim_seed0.yaml.log)
2023-06-19 16:43:27,662 - AUGCON - INFO - ================= Config =================
2023-06-19 16:43:27,662 - AUGCON - INFO -   mode: finetune
2023-06-19 16:43:27,662 - AUGCON - INFO -   seed: 0
2023-06-19 16:43:27,662 - AUGCON - INFO -   gpu: [6]
2023-06-19 16:43:27,662 - AUGCON - INFO -   num_workers: 1
2023-06-19 16:43:27,662 - AUGCON - INFO -   dist_url: tcp://localhost:10001
2023-06-19 16:43:27,662 - AUGCON - INFO -   dataset_name: ichar
2023-06-19 16:43:27,662 - AUGCON - INFO -   train_dataset_path: /mnt/sting/hjyoon/projects/cross/ICHAR/augcon/target_domain_WA0003-hskim/finetune/10shot/target/train.pkl
2023-06-19 16:43:27,662 - AUGCON - INFO -   test_dataset_path: /mnt/sting/hjyoon/projects/cross/ICHAR/augcon/target_domain_WA0003-hskim/finetune/10shot/target/test.pkl
2023-06-19 16:43:27,662 - AUGCON - INFO -   val_dataset_path: /mnt/sting/hjyoon/projects/cross/ICHAR/augcon/target_domain_WA0003-hskim/finetune/10shot/target/val.pkl
2023-06-19 16:43:27,662 - AUGCON - INFO -   input_channels: 3
2023-06-19 16:43:27,662 - AUGCON - INFO -   num_cls: 9
2023-06-19 16:43:27,662 - AUGCON - INFO -   optimizer: adam
2023-06-19 16:43:27,662 - AUGCON - INFO -   criterion: crossentropy
2023-06-19 16:43:27,662 - AUGCON - INFO -   start_epoch: 0
2023-06-19 16:43:27,662 - AUGCON - INFO -   epochs: 50
2023-06-19 16:43:27,662 - AUGCON - INFO -   batch_size: 4
2023-06-19 16:43:27,662 - AUGCON - INFO -   lr: 0.001
2023-06-19 16:43:27,662 - AUGCON - INFO -   wd: 0.0
2023-06-19 16:43:27,662 - AUGCON - INFO -   resume: 
2023-06-19 16:43:27,662 - AUGCON - INFO -   pretrained: /mnt/sting/hjyoon/projects/augcontrast/models/exp0/pretrain/without_target_domain_PH0045-sjlee/metacpc_perdomain_8421/checkpoint_0999.pth.tar
2023-06-19 16:43:27,662 - AUGCON - INFO -   ckpt_dir: /mnt/sting/hjyoon/projects/augcontrast/models/exp0/finetune_da_true/without_target_domain_PH0045-sjlee/metacpc_perdomain_8421/tgt_target_domain_WA0003-hskim_seed0
2023-06-19 16:43:27,662 - AUGCON - INFO -   log_freq: 5
2023-06-19 16:43:27,662 - AUGCON - INFO -   save_freq: 10
2023-06-19 16:43:27,662 - AUGCON - INFO -   pretext: metacpc
2023-06-19 16:43:27,662 - AUGCON - INFO -   enc_blocks: 4
2023-06-19 16:43:27,662 - AUGCON - INFO -   kernel_sizes: [8, 4, 2, 1]
2023-06-19 16:43:27,662 - AUGCON - INFO -   strides: [4, 2, 1, 1]
2023-06-19 16:43:27,662 - AUGCON - INFO -   agg_blocks: 5
2023-06-19 16:43:27,662 - AUGCON - INFO -   z_dim: 256
2023-06-19 16:43:27,662 - AUGCON - INFO -   pooling: mean
2023-06-19 16:43:27,663 - AUGCON - INFO -   pred_steps: 12
2023-06-19 16:43:27,663 - AUGCON - INFO -   n_negatives: 15
2023-06-19 16:43:27,663 - AUGCON - INFO -   offset: 4
2023-06-19 16:43:27,663 - AUGCON - INFO -   domain_adaptation: True
2023-06-19 16:43:27,663 - AUGCON - INFO -   task_steps: 10
2023-06-19 16:43:27,663 - AUGCON - INFO -   task_lr: 0.001
2023-06-19 16:43:27,663 - AUGCON - INFO -   reg_lambda: 0
2023-06-19 16:43:27,663 - AUGCON - INFO -   mlp: False
2023-06-19 16:43:27,663 - AUGCON - INFO -   freeze: True
2023-06-19 16:43:27,663 - AUGCON - INFO -   no_vars: False
2023-06-19 16:43:27,663 - AUGCON - INFO - ==========================================
2023-06-19 16:43:27,663 - AUGCON - INFO - Setting GPUs: [6]
2023-06-19 16:43:27,663 - AUGCON - INFO - GPUs [6] will be used
2023-06-19 16:43:27,663 - AUGCON - WARNING - You have chosen to seed training. 
2023-06-19 16:43:27,663 - AUGCON - WARNING - This will turn on the CUDNN deterministic setting, 
2023-06-19 16:43:27,663 - AUGCON - WARNING - which can slow down your training considerably! 
2023-06-19 16:43:27,664 - AUGCON - WARNING - You may see unexpected behavior when restarting 
2023-06-19 16:43:27,664 - AUGCON - WARNING - from checkpoints.
2023-06-19 16:43:27,690 - AUGCON - INFO - Executing MetaCPC
2023-06-19 16:43:27,690 - AUGCON - INFO - Logs are skipped during training
2023-06-19 16:43:47,671 - AUGCON - INFO - Single GPU is used for training - training 90 instances for each worker
2023-06-19 16:43:47,672 - AUGCON - INFO - Loading pretrained model from checkpoint - /mnt/sting/hjyoon/projects/augcontrast/models/exp0/pretrain/without_target_domain_PH0045-sjlee/metacpc_perdomain_8421/checkpoint_0999.pth.tar
2023-06-19 16:43:47,672 - AUGCON - INFO - Missing keys: []
2023-06-19 16:43:47,672 - AUGCON - INFO - Perform domain adaptation step
2023-06-19 16:43:47,672 - AUGCON - INFO - 	meta-train [0/10] Loss: 4.6701, Acc(1): 8.68, Acc(5): 37.86
2023-06-19 16:43:47,672 - AUGCON - INFO - 	meta-train [1/10] Loss: 3.0252, Acc(1): 12.82, Acc(5): 48.13
2023-06-19 16:43:47,672 - AUGCON - INFO - 	meta-train [2/10] Loss: 2.5437, Acc(1): 18.74, Acc(5): 55.62
2023-06-19 16:43:47,672 - AUGCON - INFO - 	meta-train [3/10] Loss: 2.3357, Acc(1): 21.06, Acc(5): 62.42
2023-06-19 16:43:47,672 - AUGCON - INFO - 	meta-train [4/10] Loss: 2.1535, Acc(1): 25.02, Acc(5): 68.07
2023-06-19 16:43:47,672 - AUGCON - INFO - 	meta-train [5/10] Loss: 1.9501, Acc(1): 29.74, Acc(5): 75.75
2023-06-19 16:43:47,672 - AUGCON - INFO - 	meta-train [6/10] Loss: 1.4994, Acc(1): 39.69, Acc(5): 89.47
2023-06-19 16:43:47,672 - AUGCON - INFO - 	meta-train [7/10] Loss: 1.1770, Acc(1): 50.20, Acc(5): 96.04
2023-06-19 16:43:47,672 - AUGCON - INFO - 	meta-train [8/10] Loss: 1.1425, Acc(1): 50.27, Acc(5): 96.20
2023-06-19 16:43:47,672 - AUGCON - INFO - 	meta-train [9/10] Loss: 1.1476, Acc(1): 50.92, Acc(5): 96.62
2023-06-19 16:43:47,673 - AUGCON - INFO - Loading encoder parameters to the classifier
2023-06-19 16:43:47,673 - AUGCON - INFO - Missing keys: ['classifier.block.0.weight', 'classifier.block.0.bias']
2023-06-19 16:43:47,673 - AUGCON - INFO - Epoch [1/50]-(0/22) Loss: 2.3196, Acc(1): 0.00, Acc(5): 50.00
2023-06-19 16:43:47,673 - AUGCON - INFO - Epoch [1/50]-(5/22) Loss: 2.2784, Acc(1): 0.00, Acc(5): 50.00
2023-06-19 16:43:47,673 - AUGCON - INFO - Epoch [1/50]-(10/22) Loss: 2.7640, Acc(1): 0.00, Acc(5): 0.00
2023-06-19 16:43:47,673 - AUGCON - INFO - Epoch [1/50]-(15/22) Loss: 2.0528, Acc(1): 25.00, Acc(5): 75.00
2023-06-19 16:43:47,673 - AUGCON - INFO - Epoch [1/50]-(20/22) Loss: 2.2733, Acc(1): 0.00, Acc(5): 25.00
2023-06-19 16:43:47,673 - AUGCON - INFO - 	Validation Loss: 1.8507, Acc(1): 34.00, Acc(5): 89.00, F1: 0.10, Recall: 0.10, Precision: 0.10
2023-06-19 16:43:47,673 - AUGCON - INFO - Epoch [2/50]-(0/22) Loss: 1.6259, Acc(1): 75.00, Acc(5): 100.00
2023-06-19 16:43:47,673 - AUGCON - INFO - Epoch [2/50]-(5/22) Loss: 1.9299, Acc(1): 25.00, Acc(5): 75.00
2023-06-19 16:43:47,673 - AUGCON - INFO - Epoch [2/50]-(10/22) Loss: 1.7506, Acc(1): 25.00, Acc(5): 100.00
2023-06-19 16:43:47,673 - AUGCON - INFO - Epoch [2/50]-(15/22) Loss: 1.5125, Acc(1): 25.00, Acc(5): 100.00
2023-06-19 16:43:47,673 - AUGCON - INFO - Epoch [2/50]-(20/22) Loss: 1.6671, Acc(1): 50.00, Acc(5): 100.00
2023-06-19 16:43:47,673 - AUGCON - INFO - 	Validation Loss: 1.3342, Acc(1): 66.00, Acc(5): 98.00, F1: 0.18, Recall: 0.18, Precision: 0.18
2023-06-19 16:43:47,673 - AUGCON - INFO - Epoch [3/50]-(0/22) Loss: 1.1623, Acc(1): 75.00, Acc(5): 100.00
2023-06-19 16:43:47,674 - AUGCON - INFO - Epoch [3/50]-(5/22) Loss: 1.5415, Acc(1): 50.00, Acc(5): 100.00
2023-06-19 16:43:47,674 - AUGCON - INFO - Epoch [3/50]-(10/22) Loss: 1.2263, Acc(1): 75.00, Acc(5): 100.00
2023-06-19 16:43:47,674 - AUGCON - INFO - Epoch [3/50]-(15/22) Loss: 1.0780, Acc(1): 100.00, Acc(5): 100.00
2023-06-19 16:43:47,674 - AUGCON - INFO - Epoch [3/50]-(20/22) Loss: 1.2093, Acc(1): 50.00, Acc(5): 100.00
2023-06-19 16:43:47,674 - AUGCON - INFO - 	Validation Loss: 1.1289, Acc(1): 75.00, Acc(5): 97.00, F1: 0.20, Recall: 0.17, Precision: 0.25
2023-06-19 16:43:47,674 - AUGCON - INFO - Epoch [4/50]-(0/22) Loss: 1.8268, Acc(1): 25.00, Acc(5): 100.00
2023-06-19 16:43:47,674 - AUGCON - INFO - Epoch [4/50]-(5/22) Loss: 1.1710, Acc(1): 50.00, Acc(5): 100.00
2023-06-19 16:43:47,674 - AUGCON - INFO - Epoch [4/50]-(10/22) Loss: 1.3319, Acc(1): 50.00, Acc(5): 100.00
2023-06-19 16:43:47,674 - AUGCON - INFO - Epoch [4/50]-(15/22) Loss: 0.9770, Acc(1): 75.00, Acc(5): 100.00
2023-06-19 16:43:47,674 - AUGCON - INFO - Epoch [4/50]-(20/22) Loss: 0.7680, Acc(1): 100.00, Acc(5): 100.00
2023-06-19 16:43:47,674 - AUGCON - INFO - 	Validation Loss: 0.9769, Acc(1): 78.00, Acc(5): 98.00, F1: 0.20, Recall: 0.19, Precision: 0.20
2023-06-19 16:43:47,674 - AUGCON - INFO - Epoch [5/50]-(0/22) Loss: 1.1630, Acc(1): 50.00, Acc(5): 100.00
2023-06-19 16:43:47,674 - AUGCON - INFO - Epoch [5/50]-(5/22) Loss: 1.1419, Acc(1): 50.00, Acc(5): 100.00
2023-06-19 16:43:47,674 - AUGCON - INFO - Epoch [5/50]-(10/22) Loss: 1.2467, Acc(1): 75.00, Acc(5): 100.00
2023-06-19 16:43:47,674 - AUGCON - INFO - Epoch [5/50]-(15/22) Loss: 1.1077, Acc(1): 50.00, Acc(5): 100.00
2023-06-19 16:43:47,674 - AUGCON - INFO - Epoch [5/50]-(20/22) Loss: 1.0958, Acc(1): 50.00, Acc(5): 100.00
2023-06-19 16:43:47,675 - AUGCON - INFO - 	Validation Loss: 0.8872, Acc(1): 83.00, Acc(5): 99.00, F1: 0.21, Recall: 0.19, Precision: 0.23
2023-06-19 16:43:47,675 - AUGCON - INFO - Epoch [6/50]-(0/22) Loss: 0.6141, Acc(1): 75.00, Acc(5): 100.00
2023-06-19 16:43:47,675 - AUGCON - INFO - Epoch [6/50]-(5/22) Loss: 0.5092, Acc(1): 100.00, Acc(5): 100.00
2023-06-19 16:43:47,675 - AUGCON - INFO - Epoch [6/50]-(10/22) Loss: 0.5200, Acc(1): 100.00, Acc(5): 100.00
2023-06-19 16:43:47,675 - AUGCON - INFO - Epoch [6/50]-(15/22) Loss: 0.7708, Acc(1): 75.00, Acc(5): 100.00
2023-06-19 16:43:47,675 - AUGCON - INFO - Epoch [6/50]-(20/22) Loss: 0.4410, Acc(1): 100.00, Acc(5): 100.00
2023-06-19 16:43:47,675 - AUGCON - INFO - 	Validation Loss: 0.7994, Acc(1): 89.00, Acc(5): 99.00, F1: 0.22, Recall: 0.21, Precision: 0.23
2023-06-19 16:43:47,675 - AUGCON - INFO - Epoch [7/50]-(0/22) Loss: 0.9150, Acc(1): 75.00, Acc(5): 100.00
2023-06-19 16:43:47,675 - AUGCON - INFO - Epoch [7/50]-(5/22) Loss: 0.9036, Acc(1): 50.00, Acc(5): 100.00
2023-06-19 16:43:47,675 - AUGCON - INFO - Epoch [7/50]-(10/22) Loss: 1.1832, Acc(1): 25.00, Acc(5): 100.00
2023-06-19 16:43:47,675 - AUGCON - INFO - Epoch [7/50]-(15/22) Loss: 0.8481, Acc(1): 50.00, Acc(5): 100.00
2023-06-19 16:43:47,675 - AUGCON - INFO - Epoch [7/50]-(20/22) Loss: 0.7207, Acc(1): 75.00, Acc(5): 100.00
2023-06-19 16:43:47,675 - AUGCON - INFO - 	Validation Loss: 0.7640, Acc(1): 88.00, Acc(5): 99.00, F1: 0.21, Recall: 0.20, Precision: 0.23
2023-06-19 16:43:47,675 - AUGCON - INFO - Epoch [8/50]-(0/22) Loss: 0.5551, Acc(1): 100.00, Acc(5): 100.00
2023-06-19 16:43:47,675 - AUGCON - INFO - Epoch [8/50]-(5/22) Loss: 0.6517, Acc(1): 75.00, Acc(5): 100.00
2023-06-19 16:43:47,675 - AUGCON - INFO - Epoch [8/50]-(10/22) Loss: 0.3667, Acc(1): 100.00, Acc(5): 100.00
2023-06-19 16:43:47,676 - AUGCON - INFO - Epoch [8/50]-(15/22) Loss: 0.5885, Acc(1): 75.00, Acc(5): 100.00
2023-06-19 16:43:47,676 - AUGCON - INFO - Epoch [8/50]-(20/22) Loss: 0.5921, Acc(1): 100.00, Acc(5): 100.00
2023-06-19 16:43:47,676 - AUGCON - INFO - 	Validation Loss: 0.7136, Acc(1): 77.00, Acc(5): 99.00, F1: 0.21, Recall: 0.17, Precision: 0.26
2023-06-19 16:43:47,676 - AUGCON - INFO - Epoch [9/50]-(0/22) Loss: 0.1578, Acc(1): 100.00, Acc(5): 100.00
2023-06-19 16:43:47,676 - AUGCON - INFO - Epoch [9/50]-(5/22) Loss: 0.6645, Acc(1): 100.00, Acc(5): 100.00
2023-06-19 16:43:47,676 - AUGCON - INFO - Epoch [9/50]-(10/22) Loss: 0.1984, Acc(1): 100.00, Acc(5): 100.00
2023-06-19 16:43:47,676 - AUGCON - INFO - Epoch [9/50]-(15/22) Loss: 1.0966, Acc(1): 50.00, Acc(5): 100.00
2023-06-19 16:43:47,676 - AUGCON - INFO - Epoch [9/50]-(20/22) Loss: 0.5088, Acc(1): 100.00, Acc(5): 100.00
2023-06-19 16:43:47,676 - AUGCON - INFO - 	Validation Loss: 0.6932, Acc(1): 88.00, Acc(5): 98.00, F1: 0.21, Recall: 0.20, Precision: 0.23
2023-06-19 16:43:47,676 - AUGCON - INFO - Epoch [10/50]-(0/22) Loss: 0.4042, Acc(1): 100.00, Acc(5): 100.00
2023-06-19 16:43:47,676 - AUGCON - INFO - Epoch [10/50]-(5/22) Loss: 0.2948, Acc(1): 100.00, Acc(5): 100.00
2023-06-19 16:43:47,676 - AUGCON - INFO - Epoch [10/50]-(10/22) Loss: 0.4952, Acc(1): 75.00, Acc(5): 100.00
2023-06-19 16:43:47,676 - AUGCON - INFO - Epoch [10/50]-(15/22) Loss: 0.3019, Acc(1): 100.00, Acc(5): 100.00
2023-06-19 16:43:47,676 - AUGCON - INFO - Epoch [10/50]-(20/22) Loss: 0.5544, Acc(1): 100.00, Acc(5): 100.00
2023-06-19 16:43:47,676 - AUGCON - INFO - 	Validation Loss: 0.6667, Acc(1): 89.00, Acc(5): 99.00, F1: 0.22, Recall: 0.21, Precision: 0.24
2023-06-19 16:43:47,677 - AUGCON - INFO - Epoch [11/50]-(0/22) Loss: 0.5279, Acc(1): 100.00, Acc(5): 100.00
2023-06-19 16:43:47,677 - AUGCON - INFO - Epoch [11/50]-(5/22) Loss: 0.8898, Acc(1): 75.00, Acc(5): 100.00
2023-06-19 16:43:47,677 - AUGCON - INFO - Epoch [11/50]-(10/22) Loss: 0.5064, Acc(1): 75.00, Acc(5): 100.00
2023-06-19 16:43:47,677 - AUGCON - INFO - Epoch [11/50]-(15/22) Loss: 0.8299, Acc(1): 75.00, Acc(5): 100.00
2023-06-19 16:43:47,677 - AUGCON - INFO - Epoch [11/50]-(20/22) Loss: 0.8121, Acc(1): 100.00, Acc(5): 100.00
2023-06-19 16:43:47,677 - AUGCON - INFO - 	Validation Loss: 0.6583, Acc(1): 86.00, Acc(5): 99.00, F1: 0.21, Recall: 0.20, Precision: 0.22
2023-06-19 16:43:47,677 - AUGCON - INFO - Epoch [12/50]-(0/22) Loss: 0.6700, Acc(1): 50.00, Acc(5): 100.00
2023-06-19 16:43:47,677 - AUGCON - INFO - Epoch [12/50]-(5/22) Loss: 0.6341, Acc(1): 75.00, Acc(5): 100.00
2023-06-19 16:43:47,677 - AUGCON - INFO - Epoch [12/50]-(10/22) Loss: 0.4166, Acc(1): 100.00, Acc(5): 100.00
2023-06-19 16:43:47,677 - AUGCON - INFO - Epoch [12/50]-(15/22) Loss: 0.7202, Acc(1): 100.00, Acc(5): 100.00
2023-06-19 16:43:47,677 - AUGCON - INFO - Epoch [12/50]-(20/22) Loss: 0.2682, Acc(1): 100.00, Acc(5): 100.00
2023-06-19 16:43:47,677 - AUGCON - INFO - 	Validation Loss: 0.6200, Acc(1): 88.00, Acc(5): 99.00, F1: 0.22, Recall: 0.20, Precision: 0.23
2023-06-19 16:43:47,677 - AUGCON - INFO - Epoch [13/50]-(0/22) Loss: 0.3648, Acc(1): 100.00, Acc(5): 100.00
2023-06-19 16:43:47,677 - AUGCON - INFO - Epoch [13/50]-(5/22) Loss: 0.6104, Acc(1): 100.00, Acc(5): 100.00
2023-06-19 16:43:47,677 - AUGCON - INFO - Epoch [13/50]-(10/22) Loss: 0.1270, Acc(1): 100.00, Acc(5): 100.00
2023-06-19 16:43:47,678 - AUGCON - INFO - Epoch [13/50]-(15/22) Loss: 0.9906, Acc(1): 75.00, Acc(5): 100.00
2023-06-19 16:43:47,678 - AUGCON - INFO - Epoch [13/50]-(20/22) Loss: 0.3286, Acc(1): 100.00, Acc(5): 100.00
2023-06-19 16:43:47,678 - AUGCON - INFO - 	Validation Loss: 0.5969, Acc(1): 91.00, Acc(5): 99.00, F1: 0.22, Recall: 0.21, Precision: 0.23
2023-06-19 16:43:47,678 - AUGCON - INFO - Epoch [14/50]-(0/22) Loss: 0.6550, Acc(1): 100.00, Acc(5): 100.00
2023-06-19 16:43:47,678 - AUGCON - INFO - Epoch [14/50]-(5/22) Loss: 0.8293, Acc(1): 75.00, Acc(5): 100.00
2023-06-19 16:43:47,678 - AUGCON - INFO - Epoch [14/50]-(10/22) Loss: 0.1710, Acc(1): 100.00, Acc(5): 100.00
2023-06-19 16:43:47,678 - AUGCON - INFO - Epoch [14/50]-(15/22) Loss: 0.1824, Acc(1): 100.00, Acc(5): 100.00
2023-06-19 16:43:47,678 - AUGCON - INFO - Epoch [14/50]-(20/22) Loss: 0.3923, Acc(1): 100.00, Acc(5): 100.00
2023-06-19 16:43:47,678 - AUGCON - INFO - 	Validation Loss: 0.5883, Acc(1): 89.00, Acc(5): 99.00, F1: 0.22, Recall: 0.21, Precision: 0.23
2023-06-19 16:43:47,678 - AUGCON - INFO - Epoch [15/50]-(0/22) Loss: 0.3736, Acc(1): 100.00, Acc(5): 100.00
2023-06-19 16:43:47,678 - AUGCON - INFO - Epoch [15/50]-(5/22) Loss: 0.2004, Acc(1): 100.00, Acc(5): 100.00
2023-06-19 16:43:47,678 - AUGCON - INFO - Epoch [15/50]-(10/22) Loss: 0.3960, Acc(1): 100.00, Acc(5): 100.00
2023-06-19 16:43:47,678 - AUGCON - INFO - Epoch [15/50]-(15/22) Loss: 0.5454, Acc(1): 100.00, Acc(5): 100.00
2023-06-19 16:43:47,678 - AUGCON - INFO - Epoch [15/50]-(20/22) Loss: 0.4402, Acc(1): 100.00, Acc(5): 100.00
2023-06-19 16:43:47,678 - AUGCON - INFO - 	Validation Loss: 0.5733, Acc(1): 88.00, Acc(5): 99.00, F1: 0.22, Recall: 0.20, Precision: 0.23
2023-06-19 16:43:47,678 - AUGCON - INFO - Epoch [16/50]-(0/22) Loss: 0.2744, Acc(1): 100.00, Acc(5): 100.00
2023-06-19 16:43:47,679 - AUGCON - INFO - Epoch [16/50]-(5/22) Loss: 0.5455, Acc(1): 75.00, Acc(5): 100.00
2023-06-19 16:43:47,679 - AUGCON - INFO - Epoch [16/50]-(10/22) Loss: 0.5069, Acc(1): 100.00, Acc(5): 100.00
2023-06-19 16:43:47,679 - AUGCON - INFO - Epoch [16/50]-(15/22) Loss: 0.0813, Acc(1): 100.00, Acc(5): 100.00
2023-06-19 16:43:47,679 - AUGCON - INFO - Epoch [16/50]-(20/22) Loss: 0.9991, Acc(1): 75.00, Acc(5): 100.00
2023-06-19 16:43:47,679 - AUGCON - INFO - 	Validation Loss: 0.5626, Acc(1): 93.00, Acc(5): 99.00, F1: 0.23, Recall: 0.22, Precision: 0.24
2023-06-19 16:43:47,679 - AUGCON - INFO - Epoch [17/50]-(0/22) Loss: 0.4331, Acc(1): 100.00, Acc(5): 100.00
2023-06-19 16:43:47,679 - AUGCON - INFO - Epoch [17/50]-(5/22) Loss: 0.6541, Acc(1): 75.00, Acc(5): 100.00
2023-06-19 16:43:47,679 - AUGCON - INFO - Epoch [17/50]-(10/22) Loss: 0.4362, Acc(1): 100.00, Acc(5): 100.00
2023-06-19 16:43:47,679 - AUGCON - INFO - Epoch [17/50]-(15/22) Loss: 0.1559, Acc(1): 100.00, Acc(5): 100.00
2023-06-19 16:43:47,679 - AUGCON - INFO - Epoch [17/50]-(20/22) Loss: 0.2140, Acc(1): 100.00, Acc(5): 100.00
2023-06-19 16:43:47,679 - AUGCON - INFO - 	Validation Loss: 0.5511, Acc(1): 88.00, Acc(5): 99.00, F1: 0.21, Recall: 0.20, Precision: 0.23
2023-06-19 16:43:47,679 - AUGCON - INFO - Epoch [18/50]-(0/22) Loss: 0.5642, Acc(1): 75.00, Acc(5): 100.00
2023-06-19 16:43:47,679 - AUGCON - INFO - Epoch [18/50]-(5/22) Loss: 0.5858, Acc(1): 100.00, Acc(5): 100.00
2023-06-19 16:43:47,679 - AUGCON - INFO - Epoch [18/50]-(10/22) Loss: 0.2953, Acc(1): 100.00, Acc(5): 100.00
2023-06-19 16:43:47,679 - AUGCON - INFO - Epoch [18/50]-(15/22) Loss: 0.4896, Acc(1): 100.00, Acc(5): 100.00
2023-06-19 16:43:47,679 - AUGCON - INFO - Epoch [18/50]-(20/22) Loss: 0.5349, Acc(1): 75.00, Acc(5): 100.00
2023-06-19 16:43:47,680 - AUGCON - INFO - 	Validation Loss: 0.5437, Acc(1): 89.00, Acc(5): 99.00, F1: 0.22, Recall: 0.21, Precision: 0.23
2023-06-19 16:43:47,680 - AUGCON - INFO - Epoch [19/50]-(0/22) Loss: 0.2766, Acc(1): 100.00, Acc(5): 100.00
2023-06-19 16:43:47,680 - AUGCON - INFO - Epoch [19/50]-(5/22) Loss: 0.3983, Acc(1): 100.00, Acc(5): 100.00
2023-06-19 16:43:47,680 - AUGCON - INFO - Epoch [19/50]-(10/22) Loss: 0.4876, Acc(1): 100.00, Acc(5): 100.00
2023-06-19 16:43:47,680 - AUGCON - INFO - Epoch [19/50]-(15/22) Loss: 0.4097, Acc(1): 100.00, Acc(5): 100.00
2023-06-19 16:43:47,680 - AUGCON - INFO - Epoch [19/50]-(20/22) Loss: 0.5298, Acc(1): 100.00, Acc(5): 100.00
2023-06-19 16:43:47,680 - AUGCON - INFO - 	Validation Loss: 0.5378, Acc(1): 89.00, Acc(5): 99.00, F1: 0.22, Recall: 0.21, Precision: 0.23
2023-06-19 16:43:47,680 - AUGCON - INFO - Epoch [20/50]-(0/22) Loss: 0.3251, Acc(1): 100.00, Acc(5): 100.00
2023-06-19 16:43:47,680 - AUGCON - INFO - Epoch [20/50]-(5/22) Loss: 0.3751, Acc(1): 100.00, Acc(5): 100.00
2023-06-19 16:43:47,680 - AUGCON - INFO - Epoch [20/50]-(10/22) Loss: 0.1985, Acc(1): 100.00, Acc(5): 100.00
2023-06-19 16:43:47,680 - AUGCON - INFO - Epoch [20/50]-(15/22) Loss: 0.5602, Acc(1): 75.00, Acc(5): 100.00
2023-06-19 16:43:47,680 - AUGCON - INFO - Epoch [20/50]-(20/22) Loss: 0.2226, Acc(1): 100.00, Acc(5): 100.00
2023-06-19 16:43:47,680 - AUGCON - INFO - 	Validation Loss: 0.5260, Acc(1): 89.00, Acc(5): 100.00, F1: 0.22, Recall: 0.21, Precision: 0.23
2023-06-19 16:43:47,680 - AUGCON - INFO - Epoch [21/50]-(0/22) Loss: 0.2221, Acc(1): 100.00, Acc(5): 100.00
2023-06-19 16:43:47,680 - AUGCON - INFO - Epoch [21/50]-(5/22) Loss: 0.9565, Acc(1): 75.00, Acc(5): 100.00
2023-06-19 16:43:47,681 - AUGCON - INFO - Epoch [21/50]-(10/22) Loss: 0.2178, Acc(1): 100.00, Acc(5): 100.00
2023-06-19 16:43:47,681 - AUGCON - INFO - Epoch [21/50]-(15/22) Loss: 0.2506, Acc(1): 100.00, Acc(5): 100.00
2023-06-19 16:43:47,681 - AUGCON - INFO - Epoch [21/50]-(20/22) Loss: 0.4578, Acc(1): 100.00, Acc(5): 100.00
2023-06-19 16:43:47,681 - AUGCON - INFO - 	Validation Loss: 0.5159, Acc(1): 88.00, Acc(5): 99.00, F1: 0.22, Recall: 0.20, Precision: 0.23
2023-06-19 16:43:47,681 - AUGCON - INFO - Epoch [22/50]-(0/22) Loss: 0.3640, Acc(1): 75.00, Acc(5): 100.00
2023-06-19 16:43:47,681 - AUGCON - INFO - Epoch [22/50]-(5/22) Loss: 0.4073, Acc(1): 100.00, Acc(5): 100.00
2023-06-19 16:43:47,681 - AUGCON - INFO - Epoch [22/50]-(10/22) Loss: 0.6687, Acc(1): 100.00, Acc(5): 100.00
2023-06-19 16:43:47,681 - AUGCON - INFO - Epoch [22/50]-(15/22) Loss: 0.4536, Acc(1): 100.00, Acc(5): 100.00
2023-06-19 16:43:47,681 - AUGCON - INFO - Epoch [22/50]-(20/22) Loss: 0.3461, Acc(1): 100.00, Acc(5): 100.00
2023-06-19 16:43:47,681 - AUGCON - INFO - 	Validation Loss: 0.5107, Acc(1): 89.00, Acc(5): 99.00, F1: 0.21, Recall: 0.21, Precision: 0.22
2023-06-19 16:43:47,681 - AUGCON - INFO - Epoch [23/50]-(0/22) Loss: 0.3396, Acc(1): 100.00, Acc(5): 100.00
2023-06-19 16:43:47,681 - AUGCON - INFO - Epoch [23/50]-(5/22) Loss: 0.2143, Acc(1): 100.00, Acc(5): 100.00
2023-06-19 16:43:47,681 - AUGCON - INFO - Epoch [23/50]-(10/22) Loss: 0.7937, Acc(1): 75.00, Acc(5): 100.00
2023-06-19 16:43:47,681 - AUGCON - INFO - Epoch [23/50]-(15/22) Loss: 0.2937, Acc(1): 100.00, Acc(5): 100.00
2023-06-19 16:43:47,681 - AUGCON - INFO - Epoch [23/50]-(20/22) Loss: 0.4450, Acc(1): 100.00, Acc(5): 100.00
2023-06-19 16:43:47,682 - AUGCON - INFO - 	Validation Loss: 0.5007, Acc(1): 89.00, Acc(5): 99.00, F1: 0.22, Recall: 0.21, Precision: 0.23
2023-06-19 16:43:47,682 - AUGCON - INFO - Epoch [24/50]-(0/22) Loss: 0.3188, Acc(1): 100.00, Acc(5): 100.00
2023-06-19 16:43:47,682 - AUGCON - INFO - Epoch [24/50]-(5/22) Loss: 0.1745, Acc(1): 100.00, Acc(5): 100.00
2023-06-19 16:43:47,682 - AUGCON - INFO - Epoch [24/50]-(10/22) Loss: 0.0785, Acc(1): 100.00, Acc(5): 100.00
2023-06-19 16:43:47,682 - AUGCON - INFO - Epoch [24/50]-(15/22) Loss: 0.3970, Acc(1): 100.00, Acc(5): 100.00
2023-06-19 16:43:47,682 - AUGCON - INFO - Epoch [24/50]-(20/22) Loss: 0.2020, Acc(1): 100.00, Acc(5): 100.00
2023-06-19 16:43:47,682 - AUGCON - INFO - 	Validation Loss: 0.5267, Acc(1): 87.00, Acc(5): 99.00, F1: 0.22, Recall: 0.20, Precision: 0.23
2023-06-19 16:43:47,682 - AUGCON - INFO - Epoch [25/50]-(0/22) Loss: 0.1278, Acc(1): 100.00, Acc(5): 100.00
2023-06-19 16:43:47,682 - AUGCON - INFO - Epoch [25/50]-(5/22) Loss: 0.4860, Acc(1): 100.00, Acc(5): 100.00
2023-06-19 16:43:47,682 - AUGCON - INFO - Epoch [25/50]-(10/22) Loss: 0.1659, Acc(1): 100.00, Acc(5): 100.00
2023-06-19 16:43:47,682 - AUGCON - INFO - Epoch [25/50]-(15/22) Loss: 1.0688, Acc(1): 50.00, Acc(5): 100.00
2023-06-19 16:43:47,682 - AUGCON - INFO - Epoch [25/50]-(20/22) Loss: 0.4584, Acc(1): 100.00, Acc(5): 100.00
2023-06-19 16:43:47,682 - AUGCON - INFO - 	Validation Loss: 0.5079, Acc(1): 90.00, Acc(5): 99.00, F1: 0.22, Recall: 0.21, Precision: 0.23
2023-06-19 16:43:47,682 - AUGCON - INFO - Epoch [26/50]-(0/22) Loss: 0.2153, Acc(1): 100.00, Acc(5): 100.00
2023-06-19 16:43:47,682 - AUGCON - INFO - Epoch [26/50]-(5/22) Loss: 0.0594, Acc(1): 100.00, Acc(5): 100.00
2023-06-19 16:43:47,682 - AUGCON - INFO - Epoch [26/50]-(10/22) Loss: 0.2547, Acc(1): 100.00, Acc(5): 100.00
2023-06-19 16:43:47,683 - AUGCON - INFO - Epoch [26/50]-(15/22) Loss: 0.6974, Acc(1): 75.00, Acc(5): 100.00
2023-06-19 16:43:47,683 - AUGCON - INFO - Epoch [26/50]-(20/22) Loss: 0.4534, Acc(1): 100.00, Acc(5): 100.00
2023-06-19 16:43:47,683 - AUGCON - INFO - 	Validation Loss: 0.4888, Acc(1): 89.00, Acc(5): 99.00, F1: 0.22, Recall: 0.21, Precision: 0.23
2023-06-19 16:43:47,683 - AUGCON - INFO - Epoch [27/50]-(0/22) Loss: 0.1881, Acc(1): 100.00, Acc(5): 100.00
2023-06-19 16:43:47,683 - AUGCON - INFO - Epoch [27/50]-(5/22) Loss: 0.7686, Acc(1): 75.00, Acc(5): 100.00
2023-06-19 16:43:47,683 - AUGCON - INFO - Epoch [27/50]-(10/22) Loss: 0.2282, Acc(1): 100.00, Acc(5): 100.00
2023-06-19 16:43:47,683 - AUGCON - INFO - Epoch [27/50]-(15/22) Loss: 0.3389, Acc(1): 100.00, Acc(5): 100.00
2023-06-19 16:43:47,683 - AUGCON - INFO - Epoch [27/50]-(20/22) Loss: 0.4995, Acc(1): 100.00, Acc(5): 100.00
2023-06-19 16:43:47,683 - AUGCON - INFO - 	Validation Loss: 0.5000, Acc(1): 91.00, Acc(5): 99.00, F1: 0.22, Recall: 0.21, Precision: 0.23
2023-06-19 16:43:47,683 - AUGCON - INFO - Epoch [28/50]-(0/22) Loss: 0.3590, Acc(1): 100.00, Acc(5): 100.00
2023-06-19 16:43:47,683 - AUGCON - INFO - Epoch [28/50]-(5/22) Loss: 0.2597, Acc(1): 100.00, Acc(5): 100.00
2023-06-19 16:43:47,683 - AUGCON - INFO - Epoch [28/50]-(10/22) Loss: 0.2630, Acc(1): 100.00, Acc(5): 100.00
2023-06-19 16:43:47,683 - AUGCON - INFO - Epoch [28/50]-(15/22) Loss: 0.4415, Acc(1): 100.00, Acc(5): 100.00
2023-06-19 16:43:47,683 - AUGCON - INFO - Epoch [28/50]-(20/22) Loss: 0.2445, Acc(1): 100.00, Acc(5): 100.00
2023-06-19 16:43:47,683 - AUGCON - INFO - 	Validation Loss: 0.4930, Acc(1): 89.00, Acc(5): 99.00, F1: 0.22, Recall: 0.21, Precision: 0.23
2023-06-19 16:43:47,683 - AUGCON - INFO - Epoch [29/50]-(0/22) Loss: 0.1949, Acc(1): 100.00, Acc(5): 100.00
2023-06-19 16:43:47,684 - AUGCON - INFO - Epoch [29/50]-(5/22) Loss: 0.3480, Acc(1): 100.00, Acc(5): 100.00
2023-06-19 16:43:47,684 - AUGCON - INFO - Epoch [29/50]-(10/22) Loss: 0.2384, Acc(1): 100.00, Acc(5): 100.00
2023-06-19 16:43:47,684 - AUGCON - INFO - Epoch [29/50]-(15/22) Loss: 0.3008, Acc(1): 100.00, Acc(5): 100.00
2023-06-19 16:43:47,684 - AUGCON - INFO - Epoch [29/50]-(20/22) Loss: 0.7940, Acc(1): 75.00, Acc(5): 100.00
2023-06-19 16:43:47,684 - AUGCON - INFO - 	Validation Loss: 0.4694, Acc(1): 88.00, Acc(5): 99.00, F1: 0.21, Recall: 0.20, Precision: 0.23
2023-06-19 16:43:47,684 - AUGCON - INFO - Epoch [30/50]-(0/22) Loss: 0.3110, Acc(1): 100.00, Acc(5): 100.00
2023-06-19 16:43:47,684 - AUGCON - INFO - Epoch [30/50]-(5/22) Loss: 0.1889, Acc(1): 100.00, Acc(5): 100.00
2023-06-19 16:43:47,684 - AUGCON - INFO - Epoch [30/50]-(10/22) Loss: 0.2091, Acc(1): 100.00, Acc(5): 100.00
2023-06-19 16:43:47,684 - AUGCON - INFO - Epoch [30/50]-(15/22) Loss: 0.3526, Acc(1): 75.00, Acc(5): 100.00
2023-06-19 16:43:47,684 - AUGCON - INFO - Epoch [30/50]-(20/22) Loss: 0.4115, Acc(1): 100.00, Acc(5): 100.00
2023-06-19 16:43:47,684 - AUGCON - INFO - 	Validation Loss: 0.4543, Acc(1): 92.00, Acc(5): 99.00, F1: 0.22, Recall: 0.21, Precision: 0.23
2023-06-19 16:43:47,684 - AUGCON - INFO - Epoch [31/50]-(0/22) Loss: 0.2534, Acc(1): 100.00, Acc(5): 100.00
2023-06-19 16:43:47,684 - AUGCON - INFO - Epoch [31/50]-(5/22) Loss: 0.2957, Acc(1): 100.00, Acc(5): 100.00
2023-06-19 16:43:47,684 - AUGCON - INFO - Epoch [31/50]-(10/22) Loss: 0.4980, Acc(1): 75.00, Acc(5): 100.00
2023-06-19 16:43:47,684 - AUGCON - INFO - Epoch [31/50]-(15/22) Loss: 0.2429, Acc(1): 100.00, Acc(5): 100.00
2023-06-19 16:43:47,685 - AUGCON - INFO - Epoch [31/50]-(20/22) Loss: 0.1933, Acc(1): 100.00, Acc(5): 100.00
2023-06-19 16:43:47,685 - AUGCON - INFO - 	Validation Loss: 0.4600, Acc(1): 91.00, Acc(5): 99.00, F1: 0.22, Recall: 0.21, Precision: 0.23
2023-06-19 16:43:47,685 - AUGCON - INFO - Epoch [32/50]-(0/22) Loss: 0.1345, Acc(1): 100.00, Acc(5): 100.00
2023-06-19 16:43:47,685 - AUGCON - INFO - Epoch [32/50]-(5/22) Loss: 0.4808, Acc(1): 100.00, Acc(5): 100.00
2023-06-19 16:43:47,685 - AUGCON - INFO - Epoch [32/50]-(10/22) Loss: 0.1491, Acc(1): 100.00, Acc(5): 100.00
2023-06-19 16:43:47,685 - AUGCON - INFO - Epoch [32/50]-(15/22) Loss: 0.1832, Acc(1): 100.00, Acc(5): 100.00
2023-06-19 16:43:47,685 - AUGCON - INFO - Epoch [32/50]-(20/22) Loss: 0.2901, Acc(1): 100.00, Acc(5): 100.00
2023-06-19 16:43:47,685 - AUGCON - INFO - 	Validation Loss: 0.4683, Acc(1): 89.00, Acc(5): 99.00, F1: 0.22, Recall: 0.21, Precision: 0.23
2023-06-19 16:43:47,685 - AUGCON - INFO - Epoch [33/50]-(0/22) Loss: 0.0851, Acc(1): 100.00, Acc(5): 100.00
2023-06-19 16:43:47,685 - AUGCON - INFO - Epoch [33/50]-(5/22) Loss: 0.1704, Acc(1): 100.00, Acc(5): 100.00
2023-06-19 16:43:47,685 - AUGCON - INFO - Epoch [33/50]-(10/22) Loss: 0.4392, Acc(1): 75.00, Acc(5): 100.00
2023-06-19 16:43:47,685 - AUGCON - INFO - Epoch [33/50]-(15/22) Loss: 0.0746, Acc(1): 100.00, Acc(5): 100.00
2023-06-19 16:43:47,685 - AUGCON - INFO - Epoch [33/50]-(20/22) Loss: 0.2971, Acc(1): 100.00, Acc(5): 100.00
2023-06-19 16:43:47,685 - AUGCON - INFO - 	Validation Loss: 0.4686, Acc(1): 89.00, Acc(5): 100.00, F1: 0.22, Recall: 0.21, Precision: 0.23
2023-06-19 16:43:47,685 - AUGCON - INFO - Epoch [34/50]-(0/22) Loss: 0.1987, Acc(1): 100.00, Acc(5): 100.00
2023-06-19 16:43:47,686 - AUGCON - INFO - Epoch [34/50]-(5/22) Loss: 0.0345, Acc(1): 100.00, Acc(5): 100.00
2023-06-19 16:43:47,686 - AUGCON - INFO - Epoch [34/50]-(10/22) Loss: 0.0883, Acc(1): 100.00, Acc(5): 100.00
2023-06-19 16:43:47,686 - AUGCON - INFO - Epoch [34/50]-(15/22) Loss: 0.5068, Acc(1): 75.00, Acc(5): 100.00
2023-06-19 16:43:47,686 - AUGCON - INFO - Epoch [34/50]-(20/22) Loss: 0.6745, Acc(1): 75.00, Acc(5): 100.00
2023-06-19 16:43:47,686 - AUGCON - INFO - 	Validation Loss: 0.4459, Acc(1): 91.00, Acc(5): 99.00, F1: 0.22, Recall: 0.21, Precision: 0.23
2023-06-19 16:43:47,686 - AUGCON - INFO - Epoch [35/50]-(0/22) Loss: 0.7403, Acc(1): 75.00, Acc(5): 100.00
2023-06-19 16:43:47,686 - AUGCON - INFO - Epoch [35/50]-(5/22) Loss: 0.1583, Acc(1): 100.00, Acc(5): 100.00
2023-06-19 16:43:47,686 - AUGCON - INFO - Epoch [35/50]-(10/22) Loss: 0.0748, Acc(1): 100.00, Acc(5): 100.00
2023-06-19 16:43:47,686 - AUGCON - INFO - Epoch [35/50]-(15/22) Loss: 0.3435, Acc(1): 100.00, Acc(5): 100.00
2023-06-19 16:43:47,686 - AUGCON - INFO - Epoch [35/50]-(20/22) Loss: 0.6474, Acc(1): 75.00, Acc(5): 100.00
2023-06-19 16:43:47,686 - AUGCON - INFO - 	Validation Loss: 0.4643, Acc(1): 88.00, Acc(5): 100.00, F1: 0.21, Recall: 0.20, Precision: 0.23
2023-06-19 16:43:47,686 - AUGCON - INFO - Epoch [36/50]-(0/22) Loss: 0.3142, Acc(1): 100.00, Acc(5): 100.00
2023-06-19 16:43:47,686 - AUGCON - INFO - Epoch [36/50]-(5/22) Loss: 0.0317, Acc(1): 100.00, Acc(5): 100.00
2023-06-19 16:43:47,686 - AUGCON - INFO - Epoch [36/50]-(10/22) Loss: 0.7197, Acc(1): 75.00, Acc(5): 100.00
2023-06-19 16:43:47,686 - AUGCON - INFO - Epoch [36/50]-(15/22) Loss: 0.1435, Acc(1): 100.00, Acc(5): 100.00
2023-06-19 16:43:47,686 - AUGCON - INFO - Epoch [36/50]-(20/22) Loss: 0.2618, Acc(1): 100.00, Acc(5): 100.00
2023-06-19 16:43:47,687 - AUGCON - INFO - 	Validation Loss: 0.4791, Acc(1): 88.00, Acc(5): 99.00, F1: 0.21, Recall: 0.20, Precision: 0.23
2023-06-19 16:43:47,687 - AUGCON - INFO - Epoch [37/50]-(0/22) Loss: 0.0621, Acc(1): 100.00, Acc(5): 100.00
2023-06-19 16:43:47,687 - AUGCON - INFO - Epoch [37/50]-(5/22) Loss: 0.1353, Acc(1): 100.00, Acc(5): 100.00
2023-06-19 16:43:47,687 - AUGCON - INFO - Epoch [37/50]-(10/22) Loss: 0.0491, Acc(1): 100.00, Acc(5): 100.00
2023-06-19 16:43:47,687 - AUGCON - INFO - Epoch [37/50]-(15/22) Loss: 0.0374, Acc(1): 100.00, Acc(5): 100.00
2023-06-19 16:43:47,687 - AUGCON - INFO - Epoch [37/50]-(20/22) Loss: 0.6450, Acc(1): 50.00, Acc(5): 100.00
2023-06-19 16:43:47,687 - AUGCON - INFO - 	Validation Loss: 0.4695, Acc(1): 89.00, Acc(5): 100.00, F1: 0.22, Recall: 0.21, Precision: 0.23
2023-06-19 16:43:47,687 - AUGCON - INFO - Epoch [38/50]-(0/22) Loss: 0.1571, Acc(1): 100.00, Acc(5): 100.00
2023-06-19 16:43:47,687 - AUGCON - INFO - Epoch [38/50]-(5/22) Loss: 0.0450, Acc(1): 100.00, Acc(5): 100.00
2023-06-19 16:43:47,687 - AUGCON - INFO - Epoch [38/50]-(10/22) Loss: 0.2790, Acc(1): 100.00, Acc(5): 100.00
2023-06-19 16:43:47,687 - AUGCON - INFO - Epoch [38/50]-(15/22) Loss: 0.1673, Acc(1): 100.00, Acc(5): 100.00
2023-06-19 16:43:47,687 - AUGCON - INFO - Epoch [38/50]-(20/22) Loss: 0.2160, Acc(1): 100.00, Acc(5): 100.00
2023-06-19 16:43:47,687 - AUGCON - INFO - 	Validation Loss: 0.4294, Acc(1): 92.00, Acc(5): 100.00, F1: 0.22, Recall: 0.21, Precision: 0.24
2023-06-19 16:43:47,687 - AUGCON - INFO - Epoch [39/50]-(0/22) Loss: 0.0594, Acc(1): 100.00, Acc(5): 100.00
2023-06-19 16:43:47,687 - AUGCON - INFO - Epoch [39/50]-(5/22) Loss: 0.2496, Acc(1): 100.00, Acc(5): 100.00
2023-06-19 16:43:47,687 - AUGCON - INFO - Epoch [39/50]-(10/22) Loss: 0.2219, Acc(1): 100.00, Acc(5): 100.00
2023-06-19 16:43:47,688 - AUGCON - INFO - Epoch [39/50]-(15/22) Loss: 0.7068, Acc(1): 75.00, Acc(5): 100.00
2023-06-19 16:43:47,688 - AUGCON - INFO - Epoch [39/50]-(20/22) Loss: 0.1106, Acc(1): 100.00, Acc(5): 100.00
2023-06-19 16:43:47,688 - AUGCON - INFO - 	Validation Loss: 0.4562, Acc(1): 88.00, Acc(5): 100.00, F1: 0.21, Recall: 0.20, Precision: 0.23
2023-06-19 16:43:47,688 - AUGCON - INFO - Epoch [40/50]-(0/22) Loss: 0.3423, Acc(1): 100.00, Acc(5): 100.00
2023-06-19 16:43:47,688 - AUGCON - INFO - Epoch [40/50]-(5/22) Loss: 0.2977, Acc(1): 100.00, Acc(5): 100.00
2023-06-19 16:43:47,688 - AUGCON - INFO - Epoch [40/50]-(10/22) Loss: 0.2957, Acc(1): 100.00, Acc(5): 100.00
2023-06-19 16:43:47,688 - AUGCON - INFO - Epoch [40/50]-(15/22) Loss: 0.7694, Acc(1): 75.00, Acc(5): 100.00
2023-06-19 16:43:47,688 - AUGCON - INFO - Epoch [40/50]-(20/22) Loss: 0.1766, Acc(1): 100.00, Acc(5): 100.00
2023-06-19 16:43:47,688 - AUGCON - INFO - 	Validation Loss: 0.4527, Acc(1): 91.00, Acc(5): 99.00, F1: 0.22, Recall: 0.21, Precision: 0.23
2023-06-19 16:43:47,688 - AUGCON - INFO - Epoch [41/50]-(0/22) Loss: 0.1579, Acc(1): 100.00, Acc(5): 100.00
2023-06-19 16:43:47,688 - AUGCON - INFO - Epoch [41/50]-(5/22) Loss: 0.1940, Acc(1): 100.00, Acc(5): 100.00
2023-06-19 16:43:47,688 - AUGCON - INFO - Epoch [41/50]-(10/22) Loss: 0.1306, Acc(1): 100.00, Acc(5): 100.00
2023-06-19 16:43:47,688 - AUGCON - INFO - Epoch [41/50]-(15/22) Loss: 0.1261, Acc(1): 100.00, Acc(5): 100.00
2023-06-19 16:43:47,688 - AUGCON - INFO - Epoch [41/50]-(20/22) Loss: 0.0665, Acc(1): 100.00, Acc(5): 100.00
2023-06-19 16:43:47,688 - AUGCON - INFO - 	Validation Loss: 0.4664, Acc(1): 90.00, Acc(5): 100.00, F1: 0.22, Recall: 0.21, Precision: 0.23
2023-06-19 16:43:47,689 - AUGCON - INFO - Epoch [42/50]-(0/22) Loss: 0.2624, Acc(1): 100.00, Acc(5): 100.00
2023-06-19 16:43:47,689 - AUGCON - INFO - Epoch [42/50]-(5/22) Loss: 0.0625, Acc(1): 100.00, Acc(5): 100.00
2023-06-19 16:43:47,689 - AUGCON - INFO - Epoch [42/50]-(10/22) Loss: 0.0736, Acc(1): 100.00, Acc(5): 100.00
2023-06-19 16:43:47,689 - AUGCON - INFO - Epoch [42/50]-(15/22) Loss: 0.5457, Acc(1): 75.00, Acc(5): 100.00
2023-06-19 16:43:47,689 - AUGCON - INFO - Epoch [42/50]-(20/22) Loss: 0.1199, Acc(1): 100.00, Acc(5): 100.00
2023-06-19 16:43:47,689 - AUGCON - INFO - 	Validation Loss: 0.4755, Acc(1): 91.00, Acc(5): 99.00, F1: 0.22, Recall: 0.21, Precision: 0.23
2023-06-19 16:43:47,689 - AUGCON - INFO - Epoch [43/50]-(0/22) Loss: 0.1483, Acc(1): 100.00, Acc(5): 100.00
2023-06-19 16:43:47,689 - AUGCON - INFO - Epoch [43/50]-(5/22) Loss: 0.0322, Acc(1): 100.00, Acc(5): 100.00
2023-06-19 16:43:47,689 - AUGCON - INFO - Epoch [43/50]-(10/22) Loss: 0.4402, Acc(1): 100.00, Acc(5): 100.00
2023-06-19 16:43:47,689 - AUGCON - INFO - Epoch [43/50]-(15/22) Loss: 0.2901, Acc(1): 75.00, Acc(5): 100.00
2023-06-19 16:43:47,689 - AUGCON - INFO - Epoch [43/50]-(20/22) Loss: 0.0703, Acc(1): 100.00, Acc(5): 100.00
2023-06-19 16:43:47,689 - AUGCON - INFO - 	Validation Loss: 0.4391, Acc(1): 91.00, Acc(5): 100.00, F1: 0.22, Recall: 0.21, Precision: 0.23
2023-06-19 16:43:47,689 - AUGCON - INFO - Epoch [44/50]-(0/22) Loss: 0.0344, Acc(1): 100.00, Acc(5): 100.00
2023-06-19 16:43:47,689 - AUGCON - INFO - Epoch [44/50]-(5/22) Loss: 0.0655, Acc(1): 100.00, Acc(5): 100.00
2023-06-19 16:43:47,689 - AUGCON - INFO - Epoch [44/50]-(10/22) Loss: 0.1476, Acc(1): 100.00, Acc(5): 100.00
2023-06-19 16:43:47,690 - AUGCON - INFO - Epoch [44/50]-(15/22) Loss: 0.3548, Acc(1): 100.00, Acc(5): 100.00
2023-06-19 16:43:47,690 - AUGCON - INFO - Epoch [44/50]-(20/22) Loss: 0.3696, Acc(1): 100.00, Acc(5): 100.00
2023-06-19 16:43:47,690 - AUGCON - INFO - 	Validation Loss: 0.4466, Acc(1): 89.00, Acc(5): 99.00, F1: 0.22, Recall: 0.21, Precision: 0.23
2023-06-19 16:43:47,690 - AUGCON - INFO - Epoch [45/50]-(0/22) Loss: 0.0824, Acc(1): 100.00, Acc(5): 100.00
2023-06-19 16:43:47,690 - AUGCON - INFO - Epoch [45/50]-(5/22) Loss: 0.1819, Acc(1): 100.00, Acc(5): 100.00
2023-06-19 16:43:47,690 - AUGCON - INFO - Epoch [45/50]-(10/22) Loss: 0.1439, Acc(1): 100.00, Acc(5): 100.00
2023-06-19 16:43:47,690 - AUGCON - INFO - Epoch [45/50]-(15/22) Loss: 0.2436, Acc(1): 100.00, Acc(5): 100.00
2023-06-19 16:43:47,690 - AUGCON - INFO - Epoch [45/50]-(20/22) Loss: 0.2671, Acc(1): 100.00, Acc(5): 100.00
2023-06-19 16:43:47,690 - AUGCON - INFO - 	Validation Loss: 0.4475, Acc(1): 90.00, Acc(5): 99.00, F1: 0.22, Recall: 0.21, Precision: 0.23
2023-06-19 16:43:47,690 - AUGCON - INFO - Epoch [46/50]-(0/22) Loss: 0.2231, Acc(1): 100.00, Acc(5): 100.00
2023-06-19 16:43:47,690 - AUGCON - INFO - Epoch [46/50]-(5/22) Loss: 0.1643, Acc(1): 100.00, Acc(5): 100.00
2023-06-19 16:43:47,690 - AUGCON - INFO - Epoch [46/50]-(10/22) Loss: 0.2738, Acc(1): 100.00, Acc(5): 100.00
2023-06-19 16:43:47,690 - AUGCON - INFO - Epoch [46/50]-(15/22) Loss: 0.7665, Acc(1): 75.00, Acc(5): 100.00
2023-06-19 16:43:47,690 - AUGCON - INFO - Epoch [46/50]-(20/22) Loss: 0.1491, Acc(1): 100.00, Acc(5): 100.00
2023-06-19 16:43:47,690 - AUGCON - INFO - 	Validation Loss: 0.4505, Acc(1): 92.00, Acc(5): 99.00, F1: 0.22, Recall: 0.21, Precision: 0.24
2023-06-19 16:43:47,691 - AUGCON - INFO - Epoch [47/50]-(0/22) Loss: 0.3002, Acc(1): 100.00, Acc(5): 100.00
2023-06-19 16:43:47,691 - AUGCON - INFO - Epoch [47/50]-(5/22) Loss: 0.0538, Acc(1): 100.00, Acc(5): 100.00
2023-06-19 16:43:47,691 - AUGCON - INFO - Epoch [47/50]-(10/22) Loss: 0.2600, Acc(1): 100.00, Acc(5): 100.00
2023-06-19 16:43:47,691 - AUGCON - INFO - Epoch [47/50]-(15/22) Loss: 0.4794, Acc(1): 75.00, Acc(5): 100.00
2023-06-19 16:43:47,691 - AUGCON - INFO - Epoch [47/50]-(20/22) Loss: 0.1452, Acc(1): 100.00, Acc(5): 100.00
2023-06-19 16:43:47,691 - AUGCON - INFO - 	Validation Loss: 0.4527, Acc(1): 91.00, Acc(5): 99.00, F1: 0.22, Recall: 0.21, Precision: 0.23
2023-06-19 16:43:47,691 - AUGCON - INFO - Epoch [48/50]-(0/22) Loss: 0.0306, Acc(1): 100.00, Acc(5): 100.00
2023-06-19 16:43:47,691 - AUGCON - INFO - Epoch [48/50]-(5/22) Loss: 0.1160, Acc(1): 100.00, Acc(5): 100.00
2023-06-19 16:43:47,691 - AUGCON - INFO - Epoch [48/50]-(10/22) Loss: 0.1553, Acc(1): 100.00, Acc(5): 100.00
2023-06-19 16:43:47,691 - AUGCON - INFO - Epoch [48/50]-(15/22) Loss: 0.1132, Acc(1): 100.00, Acc(5): 100.00
2023-06-19 16:43:47,691 - AUGCON - INFO - Epoch [48/50]-(20/22) Loss: 0.2438, Acc(1): 100.00, Acc(5): 100.00
2023-06-19 16:43:47,691 - AUGCON - INFO - 	Validation Loss: 0.4381, Acc(1): 88.00, Acc(5): 99.00, F1: 0.21, Recall: 0.20, Precision: 0.23
2023-06-19 16:43:47,691 - AUGCON - INFO - Epoch [49/50]-(0/22) Loss: 0.2257, Acc(1): 100.00, Acc(5): 100.00
2023-06-19 16:43:47,691 - AUGCON - INFO - Epoch [49/50]-(5/22) Loss: 0.4311, Acc(1): 75.00, Acc(5): 100.00
2023-06-19 16:43:47,691 - AUGCON - INFO - Epoch [49/50]-(10/22) Loss: 0.6424, Acc(1): 75.00, Acc(5): 100.00
2023-06-19 16:43:47,691 - AUGCON - INFO - Epoch [49/50]-(15/22) Loss: 0.0849, Acc(1): 100.00, Acc(5): 100.00
2023-06-19 16:43:47,692 - AUGCON - INFO - Epoch [49/50]-(20/22) Loss: 0.1238, Acc(1): 100.00, Acc(5): 100.00
2023-06-19 16:43:47,692 - AUGCON - INFO - 	Validation Loss: 0.4511, Acc(1): 90.00, Acc(5): 99.00, F1: 0.22, Recall: 0.21, Precision: 0.23
2023-06-19 16:43:47,692 - AUGCON - INFO - Epoch [50/50]-(0/22) Loss: 0.5655, Acc(1): 75.00, Acc(5): 100.00
2023-06-19 16:43:47,692 - AUGCON - INFO - Epoch [50/50]-(5/22) Loss: 0.3572, Acc(1): 100.00, Acc(5): 100.00
2023-06-19 16:43:47,692 - AUGCON - INFO - Epoch [50/50]-(10/22) Loss: 0.0730, Acc(1): 100.00, Acc(5): 100.00
2023-06-19 16:43:47,692 - AUGCON - INFO - Epoch [50/50]-(15/22) Loss: 0.0427, Acc(1): 100.00, Acc(5): 100.00
2023-06-19 16:43:47,692 - AUGCON - INFO - Epoch [50/50]-(20/22) Loss: 0.1604, Acc(1): 100.00, Acc(5): 100.00
2023-06-19 16:43:47,692 - AUGCON - INFO - 	Validation Loss: 0.4436, Acc(1): 89.00, Acc(5): 99.00, F1: 0.22, Recall: 0.21, Precision: 0.23
2023-06-19 16:43:47,692 - AUGCON - INFO - 	Validation Loss: 0.3907, Acc(1): 91.67, Acc(5): 99.67, F1: 0.21, Recall: 0.20, Precision: 0.22
