2023-06-19 16:41:15,270 - AUGCON - INFO - logger initialized (/home/hjyoon/projects/augcon/config/exp0/finetune_da_true/without_target_domain_PH0014-wjlee/metacpc_perdomain_8421/tgt_target_domain_PH0012-thanh_seed0.yaml.log)
2023-06-19 16:41:15,270 - AUGCON - INFO - ================= Config =================
2023-06-19 16:41:15,270 - AUGCON - INFO -   mode: finetune
2023-06-19 16:41:15,270 - AUGCON - INFO -   seed: 0
2023-06-19 16:41:15,270 - AUGCON - INFO -   gpu: [2]
2023-06-19 16:41:15,270 - AUGCON - INFO -   num_workers: 1
2023-06-19 16:41:15,270 - AUGCON - INFO -   dist_url: tcp://localhost:10001
2023-06-19 16:41:15,270 - AUGCON - INFO -   dataset_name: ichar
2023-06-19 16:41:15,270 - AUGCON - INFO -   train_dataset_path: /mnt/sting/hjyoon/projects/cross/ICHAR/augcon/target_domain_PH0012-thanh/finetune/10shot/target/train.pkl
2023-06-19 16:41:15,270 - AUGCON - INFO -   test_dataset_path: /mnt/sting/hjyoon/projects/cross/ICHAR/augcon/target_domain_PH0012-thanh/finetune/10shot/target/test.pkl
2023-06-19 16:41:15,270 - AUGCON - INFO -   val_dataset_path: /mnt/sting/hjyoon/projects/cross/ICHAR/augcon/target_domain_PH0012-thanh/finetune/10shot/target/val.pkl
2023-06-19 16:41:15,270 - AUGCON - INFO -   input_channels: 3
2023-06-19 16:41:15,270 - AUGCON - INFO -   num_cls: 9
2023-06-19 16:41:15,270 - AUGCON - INFO -   optimizer: adam
2023-06-19 16:41:15,270 - AUGCON - INFO -   criterion: crossentropy
2023-06-19 16:41:15,270 - AUGCON - INFO -   start_epoch: 0
2023-06-19 16:41:15,270 - AUGCON - INFO -   epochs: 50
2023-06-19 16:41:15,270 - AUGCON - INFO -   batch_size: 4
2023-06-19 16:41:15,270 - AUGCON - INFO -   lr: 0.001
2023-06-19 16:41:15,270 - AUGCON - INFO -   wd: 0.0
2023-06-19 16:41:15,270 - AUGCON - INFO -   resume: 
2023-06-19 16:41:15,270 - AUGCON - INFO -   pretrained: /mnt/sting/hjyoon/projects/augcontrast/models/exp0/pretrain/without_target_domain_PH0014-wjlee/metacpc_perdomain_8421/checkpoint_0999.pth.tar
2023-06-19 16:41:15,270 - AUGCON - INFO -   ckpt_dir: /mnt/sting/hjyoon/projects/augcontrast/models/exp0/finetune_da_true/without_target_domain_PH0014-wjlee/metacpc_perdomain_8421/tgt_target_domain_PH0012-thanh_seed0
2023-06-19 16:41:15,270 - AUGCON - INFO -   log_freq: 5
2023-06-19 16:41:15,270 - AUGCON - INFO -   save_freq: 10
2023-06-19 16:41:15,270 - AUGCON - INFO -   pretext: metacpc
2023-06-19 16:41:15,270 - AUGCON - INFO -   enc_blocks: 4
2023-06-19 16:41:15,270 - AUGCON - INFO -   kernel_sizes: [8, 4, 2, 1]
2023-06-19 16:41:15,270 - AUGCON - INFO -   strides: [4, 2, 1, 1]
2023-06-19 16:41:15,270 - AUGCON - INFO -   agg_blocks: 5
2023-06-19 16:41:15,270 - AUGCON - INFO -   z_dim: 256
2023-06-19 16:41:15,271 - AUGCON - INFO -   pooling: mean
2023-06-19 16:41:15,271 - AUGCON - INFO -   pred_steps: 12
2023-06-19 16:41:15,271 - AUGCON - INFO -   n_negatives: 15
2023-06-19 16:41:15,271 - AUGCON - INFO -   offset: 4
2023-06-19 16:41:15,271 - AUGCON - INFO -   domain_adaptation: True
2023-06-19 16:41:15,271 - AUGCON - INFO -   task_steps: 10
2023-06-19 16:41:15,271 - AUGCON - INFO -   task_lr: 0.001
2023-06-19 16:41:15,271 - AUGCON - INFO -   reg_lambda: 0
2023-06-19 16:41:15,271 - AUGCON - INFO -   mlp: False
2023-06-19 16:41:15,271 - AUGCON - INFO -   freeze: True
2023-06-19 16:41:15,271 - AUGCON - INFO -   no_vars: False
2023-06-19 16:41:15,271 - AUGCON - INFO - ==========================================
2023-06-19 16:41:15,271 - AUGCON - INFO - Setting GPUs: [2]
2023-06-19 16:41:15,271 - AUGCON - INFO - GPUs [2] will be used
2023-06-19 16:41:15,271 - AUGCON - WARNING - You have chosen to seed training. 
2023-06-19 16:41:15,271 - AUGCON - WARNING - This will turn on the CUDNN deterministic setting, 
2023-06-19 16:41:15,271 - AUGCON - WARNING - which can slow down your training considerably! 
2023-06-19 16:41:15,272 - AUGCON - WARNING - You may see unexpected behavior when restarting 
2023-06-19 16:41:15,272 - AUGCON - WARNING - from checkpoints.
2023-06-19 16:41:15,304 - AUGCON - INFO - Executing MetaCPC
2023-06-19 16:41:15,304 - AUGCON - INFO - Logs are skipped during training
2023-06-19 16:41:35,771 - AUGCON - INFO - Single GPU is used for training - training 90 instances for each worker
2023-06-19 16:41:35,772 - AUGCON - INFO - Loading pretrained model from checkpoint - /mnt/sting/hjyoon/projects/augcontrast/models/exp0/pretrain/without_target_domain_PH0014-wjlee/metacpc_perdomain_8421/checkpoint_0999.pth.tar
2023-06-19 16:41:35,772 - AUGCON - INFO - Missing keys: []
2023-06-19 16:41:35,772 - AUGCON - INFO - Perform domain adaptation step
2023-06-19 16:41:35,772 - AUGCON - INFO - 	meta-train [0/10] Loss: 8.8862, Acc(1): 10.24, Acc(5): 45.56
2023-06-19 16:41:35,772 - AUGCON - INFO - 	meta-train [1/10] Loss: 3.9442, Acc(1): 16.15, Acc(5): 53.92
2023-06-19 16:41:35,773 - AUGCON - INFO - 	meta-train [2/10] Loss: 2.4737, Acc(1): 23.61, Acc(5): 68.45
2023-06-19 16:41:35,773 - AUGCON - INFO - 	meta-train [3/10] Loss: 1.9796, Acc(1): 31.11, Acc(5): 80.00
2023-06-19 16:41:35,773 - AUGCON - INFO - 	meta-train [4/10] Loss: 1.7147, Acc(1): 38.30, Acc(5): 85.90
2023-06-19 16:41:35,773 - AUGCON - INFO - 	meta-train [5/10] Loss: 1.4185, Acc(1): 45.96, Acc(5): 92.04
2023-06-19 16:41:35,773 - AUGCON - INFO - 	meta-train [6/10] Loss: 0.9269, Acc(1): 63.68, Acc(5): 97.81
2023-06-19 16:41:35,773 - AUGCON - INFO - 	meta-train [7/10] Loss: 0.9201, Acc(1): 64.20, Acc(5): 98.23
2023-06-19 16:41:35,773 - AUGCON - INFO - 	meta-train [8/10] Loss: 0.9196, Acc(1): 63.69, Acc(5): 98.12
2023-06-19 16:41:35,773 - AUGCON - INFO - 	meta-train [9/10] Loss: 0.9109, Acc(1): 64.85, Acc(5): 98.07
2023-06-19 16:41:35,773 - AUGCON - INFO - Loading encoder parameters to the classifier
2023-06-19 16:41:35,774 - AUGCON - INFO - Missing keys: ['classifier.block.0.weight', 'classifier.block.0.bias']
2023-06-19 16:41:35,774 - AUGCON - INFO - Epoch [1/50]-(0/22) Loss: 2.4547, Acc(1): 0.00, Acc(5): 25.00
2023-06-19 16:41:35,774 - AUGCON - INFO - Epoch [1/50]-(5/22) Loss: 2.1266, Acc(1): 0.00, Acc(5): 100.00
2023-06-19 16:41:35,774 - AUGCON - INFO - Epoch [1/50]-(10/22) Loss: 2.2384, Acc(1): 0.00, Acc(5): 100.00
2023-06-19 16:41:35,774 - AUGCON - INFO - Epoch [1/50]-(15/22) Loss: 2.0025, Acc(1): 50.00, Acc(5): 75.00
2023-06-19 16:41:35,774 - AUGCON - INFO - Epoch [1/50]-(20/22) Loss: 2.7325, Acc(1): 0.00, Acc(5): 25.00
2023-06-19 16:41:35,774 - AUGCON - INFO - 	Validation Loss: 1.7361, Acc(1): 51.00, Acc(5): 95.00, F1: 0.12, Recall: 0.15, Precision: 0.10
2023-06-19 16:41:35,774 - AUGCON - INFO - Epoch [2/50]-(0/22) Loss: 1.8503, Acc(1): 50.00, Acc(5): 100.00
2023-06-19 16:41:35,774 - AUGCON - INFO - Epoch [2/50]-(5/22) Loss: 1.6196, Acc(1): 50.00, Acc(5): 100.00
2023-06-19 16:41:35,774 - AUGCON - INFO - Epoch [2/50]-(10/22) Loss: 1.4822, Acc(1): 75.00, Acc(5): 100.00
2023-06-19 16:41:35,775 - AUGCON - INFO - Epoch [2/50]-(15/22) Loss: 1.9522, Acc(1): 50.00, Acc(5): 75.00
2023-06-19 16:41:35,775 - AUGCON - INFO - Epoch [2/50]-(20/22) Loss: 1.4091, Acc(1): 50.00, Acc(5): 75.00
2023-06-19 16:41:35,775 - AUGCON - INFO - 	Validation Loss: 1.3214, Acc(1): 71.00, Acc(5): 98.00, F1: 0.17, Recall: 0.20, Precision: 0.14
2023-06-19 16:41:35,775 - AUGCON - INFO - Epoch [3/50]-(0/22) Loss: 1.4152, Acc(1): 50.00, Acc(5): 100.00
2023-06-19 16:41:35,775 - AUGCON - INFO - Epoch [3/50]-(5/22) Loss: 1.2361, Acc(1): 75.00, Acc(5): 100.00
2023-06-19 16:41:35,775 - AUGCON - INFO - Epoch [3/50]-(10/22) Loss: 1.1790, Acc(1): 50.00, Acc(5): 100.00
2023-06-19 16:41:35,775 - AUGCON - INFO - Epoch [3/50]-(15/22) Loss: 1.2659, Acc(1): 75.00, Acc(5): 100.00
2023-06-19 16:41:35,775 - AUGCON - INFO - Epoch [3/50]-(20/22) Loss: 1.2526, Acc(1): 75.00, Acc(5): 100.00
2023-06-19 16:41:35,775 - AUGCON - INFO - 	Validation Loss: 1.1597, Acc(1): 70.00, Acc(5): 95.00, F1: 0.18, Recall: 0.20, Precision: 0.16
2023-06-19 16:41:35,775 - AUGCON - INFO - Epoch [4/50]-(0/22) Loss: 1.0729, Acc(1): 75.00, Acc(5): 100.00
2023-06-19 16:41:35,775 - AUGCON - INFO - Epoch [4/50]-(5/22) Loss: 1.4015, Acc(1): 75.00, Acc(5): 100.00
2023-06-19 16:41:35,775 - AUGCON - INFO - Epoch [4/50]-(10/22) Loss: 0.5726, Acc(1): 100.00, Acc(5): 100.00
2023-06-19 16:41:35,776 - AUGCON - INFO - Epoch [4/50]-(15/22) Loss: 0.8973, Acc(1): 100.00, Acc(5): 100.00
2023-06-19 16:41:35,776 - AUGCON - INFO - Epoch [4/50]-(20/22) Loss: 1.0104, Acc(1): 100.00, Acc(5): 100.00
2023-06-19 16:41:35,776 - AUGCON - INFO - 	Validation Loss: 1.0387, Acc(1): 83.00, Acc(5): 95.00, F1: 0.19, Recall: 0.20, Precision: 0.19
2023-06-19 16:41:35,776 - AUGCON - INFO - Epoch [5/50]-(0/22) Loss: 1.1310, Acc(1): 50.00, Acc(5): 100.00
2023-06-19 16:41:35,776 - AUGCON - INFO - Epoch [5/50]-(5/22) Loss: 1.0430, Acc(1): 50.00, Acc(5): 100.00
2023-06-19 16:41:35,776 - AUGCON - INFO - Epoch [5/50]-(10/22) Loss: 0.6290, Acc(1): 100.00, Acc(5): 100.00
2023-06-19 16:41:35,776 - AUGCON - INFO - Epoch [5/50]-(15/22) Loss: 0.7304, Acc(1): 100.00, Acc(5): 100.00
2023-06-19 16:41:35,776 - AUGCON - INFO - Epoch [5/50]-(20/22) Loss: 1.0582, Acc(1): 75.00, Acc(5): 100.00
2023-06-19 16:41:35,776 - AUGCON - INFO - 	Validation Loss: 0.9390, Acc(1): 81.00, Acc(5): 97.00, F1: 0.19, Recall: 0.19, Precision: 0.19
2023-06-19 16:41:35,776 - AUGCON - INFO - Epoch [6/50]-(0/22) Loss: 0.7556, Acc(1): 100.00, Acc(5): 100.00
2023-06-19 16:41:35,777 - AUGCON - INFO - Epoch [6/50]-(5/22) Loss: 0.8884, Acc(1): 75.00, Acc(5): 100.00
2023-06-19 16:41:35,777 - AUGCON - INFO - Epoch [6/50]-(10/22) Loss: 1.3669, Acc(1): 25.00, Acc(5): 100.00
2023-06-19 16:41:35,777 - AUGCON - INFO - Epoch [6/50]-(15/22) Loss: 0.4202, Acc(1): 100.00, Acc(5): 100.00
2023-06-19 16:41:35,777 - AUGCON - INFO - Epoch [6/50]-(20/22) Loss: 0.7605, Acc(1): 75.00, Acc(5): 100.00
2023-06-19 16:41:35,777 - AUGCON - INFO - 	Validation Loss: 0.8918, Acc(1): 80.00, Acc(5): 97.00, F1: 0.18, Recall: 0.19, Precision: 0.18
2023-06-19 16:41:35,777 - AUGCON - INFO - Epoch [7/50]-(0/22) Loss: 1.1019, Acc(1): 50.00, Acc(5): 100.00
2023-06-19 16:41:35,777 - AUGCON - INFO - Epoch [7/50]-(5/22) Loss: 0.8512, Acc(1): 100.00, Acc(5): 100.00
2023-06-19 16:41:35,777 - AUGCON - INFO - Epoch [7/50]-(10/22) Loss: 0.9573, Acc(1): 75.00, Acc(5): 100.00
2023-06-19 16:41:35,777 - AUGCON - INFO - Epoch [7/50]-(15/22) Loss: 0.8127, Acc(1): 50.00, Acc(5): 100.00
2023-06-19 16:41:35,777 - AUGCON - INFO - Epoch [7/50]-(20/22) Loss: 0.4580, Acc(1): 75.00, Acc(5): 100.00
2023-06-19 16:41:35,777 - AUGCON - INFO - 	Validation Loss: 0.8547, Acc(1): 81.00, Acc(5): 96.00, F1: 0.19, Recall: 0.19, Precision: 0.18
2023-06-19 16:41:35,778 - AUGCON - INFO - Epoch [8/50]-(0/22) Loss: 0.2570, Acc(1): 100.00, Acc(5): 100.00
2023-06-19 16:41:35,778 - AUGCON - INFO - Epoch [8/50]-(5/22) Loss: 1.0831, Acc(1): 50.00, Acc(5): 100.00
2023-06-19 16:41:35,778 - AUGCON - INFO - Epoch [8/50]-(10/22) Loss: 1.0266, Acc(1): 100.00, Acc(5): 100.00
2023-06-19 16:41:35,778 - AUGCON - INFO - Epoch [8/50]-(15/22) Loss: 0.9661, Acc(1): 75.00, Acc(5): 100.00
2023-06-19 16:41:35,778 - AUGCON - INFO - Epoch [8/50]-(20/22) Loss: 1.1011, Acc(1): 50.00, Acc(5): 100.00
2023-06-19 16:41:35,778 - AUGCON - INFO - 	Validation Loss: 0.8200, Acc(1): 80.00, Acc(5): 98.00, F1: 0.18, Recall: 0.20, Precision: 0.17
2023-06-19 16:41:35,778 - AUGCON - INFO - Epoch [9/50]-(0/22) Loss: 0.8129, Acc(1): 100.00, Acc(5): 100.00
2023-06-19 16:41:35,778 - AUGCON - INFO - Epoch [9/50]-(5/22) Loss: 1.1489, Acc(1): 75.00, Acc(5): 100.00
2023-06-19 16:41:35,778 - AUGCON - INFO - Epoch [9/50]-(10/22) Loss: 0.6144, Acc(1): 75.00, Acc(5): 100.00
2023-06-19 16:41:35,778 - AUGCON - INFO - Epoch [9/50]-(15/22) Loss: 0.7610, Acc(1): 75.00, Acc(5): 100.00
2023-06-19 16:41:35,778 - AUGCON - INFO - Epoch [9/50]-(20/22) Loss: 0.7084, Acc(1): 100.00, Acc(5): 100.00
2023-06-19 16:41:35,779 - AUGCON - INFO - 	Validation Loss: 0.7677, Acc(1): 82.00, Acc(5): 96.00, F1: 0.19, Recall: 0.19, Precision: 0.19
2023-06-19 16:41:35,779 - AUGCON - INFO - Epoch [10/50]-(0/22) Loss: 0.6998, Acc(1): 75.00, Acc(5): 100.00
2023-06-19 16:41:35,779 - AUGCON - INFO - Epoch [10/50]-(5/22) Loss: 0.8369, Acc(1): 75.00, Acc(5): 100.00
2023-06-19 16:41:35,779 - AUGCON - INFO - Epoch [10/50]-(10/22) Loss: 0.7187, Acc(1): 75.00, Acc(5): 100.00
2023-06-19 16:41:35,779 - AUGCON - INFO - Epoch [10/50]-(15/22) Loss: 0.5508, Acc(1): 75.00, Acc(5): 100.00
2023-06-19 16:41:35,779 - AUGCON - INFO - Epoch [10/50]-(20/22) Loss: 0.7359, Acc(1): 100.00, Acc(5): 100.00
2023-06-19 16:41:35,779 - AUGCON - INFO - 	Validation Loss: 0.7409, Acc(1): 81.00, Acc(5): 98.00, F1: 0.19, Recall: 0.19, Precision: 0.18
2023-06-19 16:41:35,779 - AUGCON - INFO - Epoch [11/50]-(0/22) Loss: 0.6219, Acc(1): 75.00, Acc(5): 100.00
2023-06-19 16:41:35,779 - AUGCON - INFO - Epoch [11/50]-(5/22) Loss: 0.6329, Acc(1): 100.00, Acc(5): 100.00
2023-06-19 16:41:35,779 - AUGCON - INFO - Epoch [11/50]-(10/22) Loss: 0.8884, Acc(1): 75.00, Acc(5): 100.00
2023-06-19 16:41:35,779 - AUGCON - INFO - Epoch [11/50]-(15/22) Loss: 0.3653, Acc(1): 100.00, Acc(5): 100.00
2023-06-19 16:41:35,780 - AUGCON - INFO - Epoch [11/50]-(20/22) Loss: 0.3687, Acc(1): 100.00, Acc(5): 100.00
2023-06-19 16:41:35,780 - AUGCON - INFO - 	Validation Loss: 0.7281, Acc(1): 80.00, Acc(5): 98.00, F1: 0.19, Recall: 0.19, Precision: 0.19
2023-06-19 16:41:35,780 - AUGCON - INFO - Epoch [12/50]-(0/22) Loss: 0.5047, Acc(1): 75.00, Acc(5): 100.00
2023-06-19 16:41:35,780 - AUGCON - INFO - Epoch [12/50]-(5/22) Loss: 0.5043, Acc(1): 100.00, Acc(5): 100.00
2023-06-19 16:41:35,780 - AUGCON - INFO - Epoch [12/50]-(10/22) Loss: 0.4930, Acc(1): 100.00, Acc(5): 100.00
2023-06-19 16:41:35,780 - AUGCON - INFO - Epoch [12/50]-(15/22) Loss: 0.3650, Acc(1): 100.00, Acc(5): 100.00
2023-06-19 16:41:35,780 - AUGCON - INFO - Epoch [12/50]-(20/22) Loss: 0.6991, Acc(1): 75.00, Acc(5): 100.00
2023-06-19 16:41:35,780 - AUGCON - INFO - 	Validation Loss: 0.7097, Acc(1): 83.00, Acc(5): 98.00, F1: 0.19, Recall: 0.20, Precision: 0.19
2023-06-19 16:41:35,780 - AUGCON - INFO - Epoch [13/50]-(0/22) Loss: 0.5410, Acc(1): 100.00, Acc(5): 100.00
2023-06-19 16:41:35,780 - AUGCON - INFO - Epoch [13/50]-(5/22) Loss: 0.5078, Acc(1): 100.00, Acc(5): 100.00
2023-06-19 16:41:35,780 - AUGCON - INFO - Epoch [13/50]-(10/22) Loss: 1.1607, Acc(1): 75.00, Acc(5): 100.00
2023-06-19 16:41:35,781 - AUGCON - INFO - Epoch [13/50]-(15/22) Loss: 0.5472, Acc(1): 100.00, Acc(5): 100.00
2023-06-19 16:41:35,781 - AUGCON - INFO - Epoch [13/50]-(20/22) Loss: 0.6584, Acc(1): 75.00, Acc(5): 100.00
2023-06-19 16:41:35,781 - AUGCON - INFO - 	Validation Loss: 0.6788, Acc(1): 82.00, Acc(5): 98.00, F1: 0.19, Recall: 0.19, Precision: 0.19
2023-06-19 16:41:35,781 - AUGCON - INFO - Epoch [14/50]-(0/22) Loss: 0.3814, Acc(1): 100.00, Acc(5): 100.00
2023-06-19 16:41:35,781 - AUGCON - INFO - Epoch [14/50]-(5/22) Loss: 0.5710, Acc(1): 75.00, Acc(5): 100.00
2023-06-19 16:41:35,781 - AUGCON - INFO - Epoch [14/50]-(10/22) Loss: 0.7899, Acc(1): 75.00, Acc(5): 100.00
2023-06-19 16:41:35,781 - AUGCON - INFO - Epoch [14/50]-(15/22) Loss: 1.0318, Acc(1): 50.00, Acc(5): 100.00
2023-06-19 16:41:35,781 - AUGCON - INFO - Epoch [14/50]-(20/22) Loss: 0.4848, Acc(1): 100.00, Acc(5): 100.00
2023-06-19 16:41:35,781 - AUGCON - INFO - 	Validation Loss: 0.6649, Acc(1): 82.00, Acc(5): 98.00, F1: 0.19, Recall: 0.19, Precision: 0.19
2023-06-19 16:41:35,781 - AUGCON - INFO - Epoch [15/50]-(0/22) Loss: 0.7949, Acc(1): 50.00, Acc(5): 100.00
2023-06-19 16:41:35,781 - AUGCON - INFO - Epoch [15/50]-(5/22) Loss: 0.4242, Acc(1): 100.00, Acc(5): 100.00
2023-06-19 16:41:35,782 - AUGCON - INFO - Epoch [15/50]-(10/22) Loss: 0.2979, Acc(1): 100.00, Acc(5): 100.00
2023-06-19 16:41:35,782 - AUGCON - INFO - Epoch [15/50]-(15/22) Loss: 0.4761, Acc(1): 100.00, Acc(5): 100.00
2023-06-19 16:41:35,782 - AUGCON - INFO - Epoch [15/50]-(20/22) Loss: 0.6103, Acc(1): 100.00, Acc(5): 100.00
2023-06-19 16:41:35,782 - AUGCON - INFO - 	Validation Loss: 0.6767, Acc(1): 83.00, Acc(5): 98.00, F1: 0.19, Recall: 0.20, Precision: 0.19
2023-06-19 16:41:35,782 - AUGCON - INFO - Epoch [16/50]-(0/22) Loss: 0.8084, Acc(1): 75.00, Acc(5): 100.00
2023-06-19 16:41:35,782 - AUGCON - INFO - Epoch [16/50]-(5/22) Loss: 0.6132, Acc(1): 100.00, Acc(5): 100.00
2023-06-19 16:41:35,782 - AUGCON - INFO - Epoch [16/50]-(10/22) Loss: 0.3639, Acc(1): 100.00, Acc(5): 100.00
2023-06-19 16:41:35,782 - AUGCON - INFO - Epoch [16/50]-(15/22) Loss: 0.8332, Acc(1): 75.00, Acc(5): 100.00
2023-06-19 16:41:35,782 - AUGCON - INFO - Epoch [16/50]-(20/22) Loss: 0.4229, Acc(1): 75.00, Acc(5): 100.00
2023-06-19 16:41:35,782 - AUGCON - INFO - 	Validation Loss: 0.6554, Acc(1): 83.00, Acc(5): 98.00, F1: 0.19, Recall: 0.20, Precision: 0.19
2023-06-19 16:41:35,782 - AUGCON - INFO - Epoch [17/50]-(0/22) Loss: 0.1165, Acc(1): 100.00, Acc(5): 100.00
2023-06-19 16:41:35,783 - AUGCON - INFO - Epoch [17/50]-(5/22) Loss: 0.6992, Acc(1): 75.00, Acc(5): 100.00
2023-06-19 16:41:35,783 - AUGCON - INFO - Epoch [17/50]-(10/22) Loss: 0.1425, Acc(1): 100.00, Acc(5): 100.00
2023-06-19 16:41:35,783 - AUGCON - INFO - Epoch [17/50]-(15/22) Loss: 0.5820, Acc(1): 100.00, Acc(5): 100.00
2023-06-19 16:41:35,783 - AUGCON - INFO - Epoch [17/50]-(20/22) Loss: 0.8670, Acc(1): 75.00, Acc(5): 100.00
2023-06-19 16:41:35,783 - AUGCON - INFO - 	Validation Loss: 0.6729, Acc(1): 81.00, Acc(5): 98.00, F1: 0.19, Recall: 0.19, Precision: 0.19
2023-06-19 16:41:35,783 - AUGCON - INFO - Epoch [18/50]-(0/22) Loss: 0.3453, Acc(1): 100.00, Acc(5): 100.00
2023-06-19 16:41:35,783 - AUGCON - INFO - Epoch [18/50]-(5/22) Loss: 0.2156, Acc(1): 100.00, Acc(5): 100.00
2023-06-19 16:41:35,783 - AUGCON - INFO - Epoch [18/50]-(10/22) Loss: 0.4536, Acc(1): 100.00, Acc(5): 100.00
2023-06-19 16:41:35,783 - AUGCON - INFO - Epoch [18/50]-(15/22) Loss: 0.2246, Acc(1): 100.00, Acc(5): 100.00
2023-06-19 16:41:35,783 - AUGCON - INFO - Epoch [18/50]-(20/22) Loss: 0.2025, Acc(1): 100.00, Acc(5): 100.00
2023-06-19 16:41:35,783 - AUGCON - INFO - 	Validation Loss: 0.6738, Acc(1): 84.00, Acc(5): 98.00, F1: 0.20, Recall: 0.20, Precision: 0.20
2023-06-19 16:41:35,783 - AUGCON - INFO - Epoch [19/50]-(0/22) Loss: 0.3013, Acc(1): 100.00, Acc(5): 100.00
2023-06-19 16:41:35,784 - AUGCON - INFO - Epoch [19/50]-(5/22) Loss: 0.3278, Acc(1): 75.00, Acc(5): 100.00
2023-06-19 16:41:35,784 - AUGCON - INFO - Epoch [19/50]-(10/22) Loss: 0.7436, Acc(1): 75.00, Acc(5): 100.00
2023-06-19 16:41:35,784 - AUGCON - INFO - Epoch [19/50]-(15/22) Loss: 0.6953, Acc(1): 75.00, Acc(5): 100.00
2023-06-19 16:41:35,784 - AUGCON - INFO - Epoch [19/50]-(20/22) Loss: 0.5698, Acc(1): 75.00, Acc(5): 100.00
2023-06-19 16:41:35,784 - AUGCON - INFO - 	Validation Loss: 0.6442, Acc(1): 83.00, Acc(5): 98.00, F1: 0.19, Recall: 0.20, Precision: 0.19
2023-06-19 16:41:35,784 - AUGCON - INFO - Epoch [20/50]-(0/22) Loss: 0.3001, Acc(1): 100.00, Acc(5): 100.00
2023-06-19 16:41:35,784 - AUGCON - INFO - Epoch [20/50]-(5/22) Loss: 0.2358, Acc(1): 100.00, Acc(5): 100.00
2023-06-19 16:41:35,784 - AUGCON - INFO - Epoch [20/50]-(10/22) Loss: 0.6013, Acc(1): 100.00, Acc(5): 100.00
2023-06-19 16:41:35,784 - AUGCON - INFO - Epoch [20/50]-(15/22) Loss: 0.2132, Acc(1): 100.00, Acc(5): 100.00
2023-06-19 16:41:35,784 - AUGCON - INFO - Epoch [20/50]-(20/22) Loss: 0.3569, Acc(1): 75.00, Acc(5): 100.00
2023-06-19 16:41:35,785 - AUGCON - INFO - 	Validation Loss: 0.6459, Acc(1): 83.00, Acc(5): 98.00, F1: 0.19, Recall: 0.20, Precision: 0.19
2023-06-19 16:41:35,785 - AUGCON - INFO - Epoch [21/50]-(0/22) Loss: 0.4382, Acc(1): 75.00, Acc(5): 100.00
2023-06-19 16:41:35,785 - AUGCON - INFO - Epoch [21/50]-(5/22) Loss: 0.1931, Acc(1): 100.00, Acc(5): 100.00
2023-06-19 16:41:35,785 - AUGCON - INFO - Epoch [21/50]-(10/22) Loss: 0.3662, Acc(1): 100.00, Acc(5): 100.00
2023-06-19 16:41:35,785 - AUGCON - INFO - Epoch [21/50]-(15/22) Loss: 0.6227, Acc(1): 75.00, Acc(5): 100.00
2023-06-19 16:41:35,785 - AUGCON - INFO - Epoch [21/50]-(20/22) Loss: 0.4854, Acc(1): 100.00, Acc(5): 100.00
2023-06-19 16:41:35,785 - AUGCON - INFO - 	Validation Loss: 0.6537, Acc(1): 81.00, Acc(5): 98.00, F1: 0.19, Recall: 0.19, Precision: 0.19
2023-06-19 16:41:35,785 - AUGCON - INFO - Epoch [22/50]-(0/22) Loss: 0.1927, Acc(1): 100.00, Acc(5): 100.00
2023-06-19 16:41:35,785 - AUGCON - INFO - Epoch [22/50]-(5/22) Loss: 0.3822, Acc(1): 100.00, Acc(5): 100.00
2023-06-19 16:41:35,785 - AUGCON - INFO - Epoch [22/50]-(10/22) Loss: 0.1865, Acc(1): 100.00, Acc(5): 100.00
2023-06-19 16:41:35,785 - AUGCON - INFO - Epoch [22/50]-(15/22) Loss: 0.1709, Acc(1): 100.00, Acc(5): 100.00
2023-06-19 16:41:35,785 - AUGCON - INFO - Epoch [22/50]-(20/22) Loss: 0.4460, Acc(1): 100.00, Acc(5): 100.00
2023-06-19 16:41:35,786 - AUGCON - INFO - 	Validation Loss: 0.6463, Acc(1): 81.00, Acc(5): 98.00, F1: 0.19, Recall: 0.19, Precision: 0.19
2023-06-19 16:41:35,786 - AUGCON - INFO - Epoch [23/50]-(0/22) Loss: 0.7512, Acc(1): 75.00, Acc(5): 100.00
2023-06-19 16:41:35,786 - AUGCON - INFO - Epoch [23/50]-(5/22) Loss: 0.3830, Acc(1): 100.00, Acc(5): 100.00
2023-06-19 16:41:35,786 - AUGCON - INFO - Epoch [23/50]-(10/22) Loss: 0.2796, Acc(1): 100.00, Acc(5): 100.00
2023-06-19 16:41:35,786 - AUGCON - INFO - Epoch [23/50]-(15/22) Loss: 0.2278, Acc(1): 100.00, Acc(5): 100.00
2023-06-19 16:41:35,786 - AUGCON - INFO - Epoch [23/50]-(20/22) Loss: 0.6717, Acc(1): 50.00, Acc(5): 100.00
2023-06-19 16:41:35,786 - AUGCON - INFO - 	Validation Loss: 0.6494, Acc(1): 80.00, Acc(5): 98.00, F1: 0.19, Recall: 0.19, Precision: 0.19
2023-06-19 16:41:35,786 - AUGCON - INFO - Epoch [24/50]-(0/22) Loss: 0.3445, Acc(1): 75.00, Acc(5): 100.00
2023-06-19 16:41:35,786 - AUGCON - INFO - Epoch [24/50]-(5/22) Loss: 0.2200, Acc(1): 100.00, Acc(5): 100.00
2023-06-19 16:41:35,786 - AUGCON - INFO - Epoch [24/50]-(10/22) Loss: 0.8047, Acc(1): 50.00, Acc(5): 100.00
2023-06-19 16:41:35,786 - AUGCON - INFO - Epoch [24/50]-(15/22) Loss: 0.2323, Acc(1): 100.00, Acc(5): 100.00
2023-06-19 16:41:35,787 - AUGCON - INFO - Epoch [24/50]-(20/22) Loss: 0.5435, Acc(1): 75.00, Acc(5): 100.00
2023-06-19 16:41:35,787 - AUGCON - INFO - 	Validation Loss: 0.6458, Acc(1): 83.00, Acc(5): 98.00, F1: 0.20, Recall: 0.20, Precision: 0.19
2023-06-19 16:41:35,787 - AUGCON - INFO - Epoch [25/50]-(0/22) Loss: 0.3470, Acc(1): 100.00, Acc(5): 100.00
2023-06-19 16:41:35,787 - AUGCON - INFO - Epoch [25/50]-(5/22) Loss: 0.1933, Acc(1): 100.00, Acc(5): 100.00
2023-06-19 16:41:35,787 - AUGCON - INFO - Epoch [25/50]-(10/22) Loss: 0.3877, Acc(1): 100.00, Acc(5): 100.00
2023-06-19 16:41:35,787 - AUGCON - INFO - Epoch [25/50]-(15/22) Loss: 0.2448, Acc(1): 100.00, Acc(5): 100.00
2023-06-19 16:41:35,787 - AUGCON - INFO - Epoch [25/50]-(20/22) Loss: 0.2465, Acc(1): 100.00, Acc(5): 100.00
2023-06-19 16:41:35,787 - AUGCON - INFO - 	Validation Loss: 0.6424, Acc(1): 82.00, Acc(5): 98.00, F1: 0.19, Recall: 0.19, Precision: 0.19
2023-06-19 16:41:35,787 - AUGCON - INFO - Epoch [26/50]-(0/22) Loss: 0.5156, Acc(1): 75.00, Acc(5): 100.00
2023-06-19 16:41:35,787 - AUGCON - INFO - Epoch [26/50]-(5/22) Loss: 0.8169, Acc(1): 75.00, Acc(5): 100.00
2023-06-19 16:41:35,787 - AUGCON - INFO - Epoch [26/50]-(10/22) Loss: 0.6929, Acc(1): 75.00, Acc(5): 100.00
2023-06-19 16:41:35,788 - AUGCON - INFO - Epoch [26/50]-(15/22) Loss: 0.4673, Acc(1): 100.00, Acc(5): 100.00
2023-06-19 16:41:35,788 - AUGCON - INFO - Epoch [26/50]-(20/22) Loss: 0.2458, Acc(1): 100.00, Acc(5): 100.00
2023-06-19 16:41:35,788 - AUGCON - INFO - 	Validation Loss: 0.6349, Acc(1): 82.00, Acc(5): 98.00, F1: 0.19, Recall: 0.19, Precision: 0.19
2023-06-19 16:41:35,788 - AUGCON - INFO - Epoch [27/50]-(0/22) Loss: 0.3236, Acc(1): 100.00, Acc(5): 100.00
2023-06-19 16:41:35,788 - AUGCON - INFO - Epoch [27/50]-(5/22) Loss: 0.2783, Acc(1): 100.00, Acc(5): 100.00
2023-06-19 16:41:35,788 - AUGCON - INFO - Epoch [27/50]-(10/22) Loss: 0.1481, Acc(1): 100.00, Acc(5): 100.00
2023-06-19 16:41:35,788 - AUGCON - INFO - Epoch [27/50]-(15/22) Loss: 0.5359, Acc(1): 100.00, Acc(5): 100.00
2023-06-19 16:41:35,788 - AUGCON - INFO - Epoch [27/50]-(20/22) Loss: 0.6824, Acc(1): 50.00, Acc(5): 100.00
2023-06-19 16:41:35,788 - AUGCON - INFO - 	Validation Loss: 0.6625, Acc(1): 81.00, Acc(5): 98.00, F1: 0.19, Recall: 0.19, Precision: 0.19
2023-06-19 16:41:35,788 - AUGCON - INFO - Epoch [28/50]-(0/22) Loss: 0.6685, Acc(1): 75.00, Acc(5): 100.00
2023-06-19 16:41:35,788 - AUGCON - INFO - Epoch [28/50]-(5/22) Loss: 0.3714, Acc(1): 100.00, Acc(5): 100.00
2023-06-19 16:41:35,789 - AUGCON - INFO - Epoch [28/50]-(10/22) Loss: 0.2786, Acc(1): 100.00, Acc(5): 100.00
2023-06-19 16:41:35,789 - AUGCON - INFO - Epoch [28/50]-(15/22) Loss: 0.1299, Acc(1): 100.00, Acc(5): 100.00
2023-06-19 16:41:35,789 - AUGCON - INFO - Epoch [28/50]-(20/22) Loss: 0.2739, Acc(1): 100.00, Acc(5): 100.00
2023-06-19 16:41:35,789 - AUGCON - INFO - 	Validation Loss: 0.6174, Acc(1): 82.00, Acc(5): 98.00, F1: 0.19, Recall: 0.19, Precision: 0.19
2023-06-19 16:41:35,789 - AUGCON - INFO - Epoch [29/50]-(0/22) Loss: 0.3869, Acc(1): 100.00, Acc(5): 100.00
2023-06-19 16:41:35,789 - AUGCON - INFO - Epoch [29/50]-(5/22) Loss: 0.2995, Acc(1): 75.00, Acc(5): 100.00
2023-06-19 16:41:35,789 - AUGCON - INFO - Epoch [29/50]-(10/22) Loss: 0.2246, Acc(1): 100.00, Acc(5): 100.00
2023-06-19 16:41:35,789 - AUGCON - INFO - Epoch [29/50]-(15/22) Loss: 0.2077, Acc(1): 100.00, Acc(5): 100.00
2023-06-19 16:41:35,789 - AUGCON - INFO - Epoch [29/50]-(20/22) Loss: 0.4156, Acc(1): 75.00, Acc(5): 100.00
2023-06-19 16:41:35,789 - AUGCON - INFO - 	Validation Loss: 0.6424, Acc(1): 83.00, Acc(5): 98.00, F1: 0.19, Recall: 0.20, Precision: 0.19
2023-06-19 16:41:35,789 - AUGCON - INFO - Epoch [30/50]-(0/22) Loss: 0.2911, Acc(1): 100.00, Acc(5): 100.00
2023-06-19 16:41:35,790 - AUGCON - INFO - Epoch [30/50]-(5/22) Loss: 0.7635, Acc(1): 75.00, Acc(5): 100.00
2023-06-19 16:41:35,790 - AUGCON - INFO - Epoch [30/50]-(10/22) Loss: 0.4875, Acc(1): 75.00, Acc(5): 100.00
2023-06-19 16:41:35,790 - AUGCON - INFO - Epoch [30/50]-(15/22) Loss: 0.2475, Acc(1): 100.00, Acc(5): 100.00
2023-06-19 16:41:35,790 - AUGCON - INFO - Epoch [30/50]-(20/22) Loss: 0.4016, Acc(1): 100.00, Acc(5): 100.00
2023-06-19 16:41:35,790 - AUGCON - INFO - 	Validation Loss: 0.6423, Acc(1): 81.00, Acc(5): 98.00, F1: 0.19, Recall: 0.19, Precision: 0.19
2023-06-19 16:41:35,790 - AUGCON - INFO - Epoch [31/50]-(0/22) Loss: 0.1047, Acc(1): 100.00, Acc(5): 100.00
2023-06-19 16:41:35,790 - AUGCON - INFO - Epoch [31/50]-(5/22) Loss: 0.3042, Acc(1): 100.00, Acc(5): 100.00
2023-06-19 16:41:35,790 - AUGCON - INFO - Epoch [31/50]-(10/22) Loss: 0.2634, Acc(1): 100.00, Acc(5): 100.00
2023-06-19 16:41:35,790 - AUGCON - INFO - Epoch [31/50]-(15/22) Loss: 0.2056, Acc(1): 100.00, Acc(5): 100.00
2023-06-19 16:41:35,790 - AUGCON - INFO - Epoch [31/50]-(20/22) Loss: 0.0938, Acc(1): 100.00, Acc(5): 100.00
2023-06-19 16:41:35,790 - AUGCON - INFO - 	Validation Loss: 0.6395, Acc(1): 81.00, Acc(5): 98.00, F1: 0.19, Recall: 0.19, Precision: 0.19
2023-06-19 16:41:35,790 - AUGCON - INFO - Epoch [32/50]-(0/22) Loss: 0.1085, Acc(1): 100.00, Acc(5): 100.00
2023-06-19 16:41:35,791 - AUGCON - INFO - Epoch [32/50]-(5/22) Loss: 0.5054, Acc(1): 75.00, Acc(5): 100.00
2023-06-19 16:41:35,791 - AUGCON - INFO - Epoch [32/50]-(10/22) Loss: 0.3222, Acc(1): 100.00, Acc(5): 100.00
2023-06-19 16:41:35,791 - AUGCON - INFO - Epoch [32/50]-(15/22) Loss: 0.1897, Acc(1): 100.00, Acc(5): 100.00
2023-06-19 16:41:35,791 - AUGCON - INFO - Epoch [32/50]-(20/22) Loss: 0.0922, Acc(1): 100.00, Acc(5): 100.00
2023-06-19 16:41:35,791 - AUGCON - INFO - 	Validation Loss: 0.6112, Acc(1): 83.00, Acc(5): 98.00, F1: 0.20, Recall: 0.20, Precision: 0.20
2023-06-19 16:41:35,791 - AUGCON - INFO - Epoch [33/50]-(0/22) Loss: 0.3284, Acc(1): 75.00, Acc(5): 100.00
2023-06-19 16:41:35,791 - AUGCON - INFO - Epoch [33/50]-(5/22) Loss: 0.3430, Acc(1): 100.00, Acc(5): 100.00
2023-06-19 16:41:35,791 - AUGCON - INFO - Epoch [33/50]-(10/22) Loss: 0.1086, Acc(1): 100.00, Acc(5): 100.00
2023-06-19 16:41:35,791 - AUGCON - INFO - Epoch [33/50]-(15/22) Loss: 0.5097, Acc(1): 75.00, Acc(5): 100.00
2023-06-19 16:41:35,791 - AUGCON - INFO - Epoch [33/50]-(20/22) Loss: 0.1755, Acc(1): 100.00, Acc(5): 100.00
2023-06-19 16:41:35,791 - AUGCON - INFO - 	Validation Loss: 0.6549, Acc(1): 82.00, Acc(5): 98.00, F1: 0.19, Recall: 0.19, Precision: 0.19
2023-06-19 16:41:35,792 - AUGCON - INFO - Epoch [34/50]-(0/22) Loss: 0.0720, Acc(1): 100.00, Acc(5): 100.00
2023-06-19 16:41:35,792 - AUGCON - INFO - Epoch [34/50]-(5/22) Loss: 0.4968, Acc(1): 75.00, Acc(5): 100.00
2023-06-19 16:41:35,792 - AUGCON - INFO - Epoch [34/50]-(10/22) Loss: 0.5472, Acc(1): 75.00, Acc(5): 100.00
2023-06-19 16:41:35,792 - AUGCON - INFO - Epoch [34/50]-(15/22) Loss: 0.2539, Acc(1): 100.00, Acc(5): 100.00
2023-06-19 16:41:35,792 - AUGCON - INFO - Epoch [34/50]-(20/22) Loss: 0.1428, Acc(1): 100.00, Acc(5): 100.00
2023-06-19 16:41:35,792 - AUGCON - INFO - 	Validation Loss: 0.6421, Acc(1): 81.00, Acc(5): 98.00, F1: 0.19, Recall: 0.19, Precision: 0.19
2023-06-19 16:41:35,792 - AUGCON - INFO - Epoch [35/50]-(0/22) Loss: 0.0530, Acc(1): 100.00, Acc(5): 100.00
2023-06-19 16:41:35,792 - AUGCON - INFO - Epoch [35/50]-(5/22) Loss: 0.1937, Acc(1): 100.00, Acc(5): 100.00
2023-06-19 16:41:35,792 - AUGCON - INFO - Epoch [35/50]-(10/22) Loss: 0.4826, Acc(1): 75.00, Acc(5): 100.00
2023-06-19 16:41:35,792 - AUGCON - INFO - Epoch [35/50]-(15/22) Loss: 0.4020, Acc(1): 100.00, Acc(5): 100.00
2023-06-19 16:41:35,792 - AUGCON - INFO - Epoch [35/50]-(20/22) Loss: 0.1903, Acc(1): 100.00, Acc(5): 100.00
2023-06-19 16:41:35,793 - AUGCON - INFO - 	Validation Loss: 0.6290, Acc(1): 83.00, Acc(5): 98.00, F1: 0.19, Recall: 0.20, Precision: 0.19
2023-06-19 16:41:35,793 - AUGCON - INFO - Epoch [36/50]-(0/22) Loss: 0.3208, Acc(1): 75.00, Acc(5): 100.00
2023-06-19 16:41:35,793 - AUGCON - INFO - Epoch [36/50]-(5/22) Loss: 0.5148, Acc(1): 75.00, Acc(5): 100.00
2023-06-19 16:41:35,793 - AUGCON - INFO - Epoch [36/50]-(10/22) Loss: 0.1683, Acc(1): 100.00, Acc(5): 100.00
2023-06-19 16:41:35,793 - AUGCON - INFO - Epoch [36/50]-(15/22) Loss: 0.2680, Acc(1): 100.00, Acc(5): 100.00
2023-06-19 16:41:35,793 - AUGCON - INFO - Epoch [36/50]-(20/22) Loss: 0.0735, Acc(1): 100.00, Acc(5): 100.00
2023-06-19 16:41:35,793 - AUGCON - INFO - 	Validation Loss: 0.6458, Acc(1): 82.00, Acc(5): 98.00, F1: 0.19, Recall: 0.19, Precision: 0.19
2023-06-19 16:41:35,793 - AUGCON - INFO - Epoch [37/50]-(0/22) Loss: 0.1193, Acc(1): 100.00, Acc(5): 100.00
2023-06-19 16:41:35,793 - AUGCON - INFO - Epoch [37/50]-(5/22) Loss: 0.5206, Acc(1): 100.00, Acc(5): 100.00
2023-06-19 16:41:35,793 - AUGCON - INFO - Epoch [37/50]-(10/22) Loss: 0.4786, Acc(1): 75.00, Acc(5): 100.00
2023-06-19 16:41:35,793 - AUGCON - INFO - Epoch [37/50]-(15/22) Loss: 0.4596, Acc(1): 75.00, Acc(5): 100.00
2023-06-19 16:41:35,794 - AUGCON - INFO - Epoch [37/50]-(20/22) Loss: 0.0782, Acc(1): 100.00, Acc(5): 100.00
2023-06-19 16:41:35,794 - AUGCON - INFO - 	Validation Loss: 0.6387, Acc(1): 83.00, Acc(5): 98.00, F1: 0.20, Recall: 0.20, Precision: 0.20
2023-06-19 16:41:35,794 - AUGCON - INFO - Epoch [38/50]-(0/22) Loss: 0.3889, Acc(1): 100.00, Acc(5): 100.00
2023-06-19 16:41:35,794 - AUGCON - INFO - Epoch [38/50]-(5/22) Loss: 0.0821, Acc(1): 100.00, Acc(5): 100.00
2023-06-19 16:41:35,794 - AUGCON - INFO - Epoch [38/50]-(10/22) Loss: 0.3159, Acc(1): 75.00, Acc(5): 100.00
2023-06-19 16:41:35,794 - AUGCON - INFO - Epoch [38/50]-(15/22) Loss: 0.1194, Acc(1): 100.00, Acc(5): 100.00
2023-06-19 16:41:35,794 - AUGCON - INFO - Epoch [38/50]-(20/22) Loss: 0.1471, Acc(1): 100.00, Acc(5): 100.00
2023-06-19 16:41:35,794 - AUGCON - INFO - 	Validation Loss: 0.6652, Acc(1): 81.00, Acc(5): 98.00, F1: 0.19, Recall: 0.19, Precision: 0.19
2023-06-19 16:41:35,794 - AUGCON - INFO - Epoch [39/50]-(0/22) Loss: 0.2135, Acc(1): 100.00, Acc(5): 100.00
2023-06-19 16:41:35,794 - AUGCON - INFO - Epoch [39/50]-(5/22) Loss: 0.3741, Acc(1): 100.00, Acc(5): 100.00
2023-06-19 16:41:35,794 - AUGCON - INFO - Epoch [39/50]-(10/22) Loss: 0.7292, Acc(1): 50.00, Acc(5): 100.00
2023-06-19 16:41:35,795 - AUGCON - INFO - Epoch [39/50]-(15/22) Loss: 0.3474, Acc(1): 100.00, Acc(5): 100.00
2023-06-19 16:41:35,795 - AUGCON - INFO - Epoch [39/50]-(20/22) Loss: 0.6253, Acc(1): 75.00, Acc(5): 100.00
2023-06-19 16:41:35,795 - AUGCON - INFO - 	Validation Loss: 0.6503, Acc(1): 81.00, Acc(5): 98.00, F1: 0.19, Recall: 0.19, Precision: 0.19
2023-06-19 16:41:35,795 - AUGCON - INFO - Epoch [40/50]-(0/22) Loss: 0.1544, Acc(1): 100.00, Acc(5): 100.00
2023-06-19 16:41:35,795 - AUGCON - INFO - Epoch [40/50]-(5/22) Loss: 0.4327, Acc(1): 75.00, Acc(5): 100.00
2023-06-19 16:41:35,795 - AUGCON - INFO - Epoch [40/50]-(10/22) Loss: 0.2130, Acc(1): 100.00, Acc(5): 100.00
2023-06-19 16:41:35,795 - AUGCON - INFO - Epoch [40/50]-(15/22) Loss: 0.1632, Acc(1): 100.00, Acc(5): 100.00
2023-06-19 16:41:35,795 - AUGCON - INFO - Epoch [40/50]-(20/22) Loss: 0.1814, Acc(1): 100.00, Acc(5): 100.00
2023-06-19 16:41:35,795 - AUGCON - INFO - 	Validation Loss: 0.6481, Acc(1): 83.00, Acc(5): 98.00, F1: 0.20, Recall: 0.20, Precision: 0.20
2023-06-19 16:41:35,795 - AUGCON - INFO - Epoch [41/50]-(0/22) Loss: 0.1436, Acc(1): 100.00, Acc(5): 100.00
2023-06-19 16:41:35,795 - AUGCON - INFO - Epoch [41/50]-(5/22) Loss: 0.3955, Acc(1): 75.00, Acc(5): 100.00
2023-06-19 16:41:35,796 - AUGCON - INFO - Epoch [41/50]-(10/22) Loss: 0.1699, Acc(1): 100.00, Acc(5): 100.00
2023-06-19 16:41:35,796 - AUGCON - INFO - Epoch [41/50]-(15/22) Loss: 0.7042, Acc(1): 50.00, Acc(5): 100.00
2023-06-19 16:41:35,796 - AUGCON - INFO - Epoch [41/50]-(20/22) Loss: 0.3116, Acc(1): 100.00, Acc(5): 100.00
2023-06-19 16:41:35,796 - AUGCON - INFO - 	Validation Loss: 0.6646, Acc(1): 83.00, Acc(5): 98.00, F1: 0.20, Recall: 0.20, Precision: 0.20
2023-06-19 16:41:35,796 - AUGCON - INFO - Epoch [42/50]-(0/22) Loss: 0.1440, Acc(1): 100.00, Acc(5): 100.00
2023-06-19 16:41:35,796 - AUGCON - INFO - Epoch [42/50]-(5/22) Loss: 0.3819, Acc(1): 100.00, Acc(5): 100.00
2023-06-19 16:41:35,796 - AUGCON - INFO - Epoch [42/50]-(10/22) Loss: 0.0991, Acc(1): 100.00, Acc(5): 100.00
2023-06-19 16:41:35,796 - AUGCON - INFO - Epoch [42/50]-(15/22) Loss: 0.1080, Acc(1): 100.00, Acc(5): 100.00
2023-06-19 16:41:35,796 - AUGCON - INFO - Epoch [42/50]-(20/22) Loss: 0.2228, Acc(1): 100.00, Acc(5): 100.00
2023-06-19 16:41:35,796 - AUGCON - INFO - 	Validation Loss: 0.6734, Acc(1): 82.00, Acc(5): 98.00, F1: 0.19, Recall: 0.19, Precision: 0.19
2023-06-19 16:41:35,797 - AUGCON - INFO - Epoch [43/50]-(0/22) Loss: 0.0589, Acc(1): 100.00, Acc(5): 100.00
2023-06-19 16:41:35,797 - AUGCON - INFO - Epoch [43/50]-(5/22) Loss: 0.2747, Acc(1): 100.00, Acc(5): 100.00
2023-06-19 16:41:35,797 - AUGCON - INFO - Epoch [43/50]-(10/22) Loss: 0.7438, Acc(1): 75.00, Acc(5): 100.00
2023-06-19 16:41:35,797 - AUGCON - INFO - Epoch [43/50]-(15/22) Loss: 0.3497, Acc(1): 75.00, Acc(5): 100.00
2023-06-19 16:41:35,797 - AUGCON - INFO - Epoch [43/50]-(20/22) Loss: 0.4944, Acc(1): 100.00, Acc(5): 100.00
2023-06-19 16:41:35,797 - AUGCON - INFO - 	Validation Loss: 0.6434, Acc(1): 83.00, Acc(5): 98.00, F1: 0.19, Recall: 0.20, Precision: 0.19
2023-06-19 16:41:35,797 - AUGCON - INFO - Epoch [44/50]-(0/22) Loss: 0.2107, Acc(1): 100.00, Acc(5): 100.00
2023-06-19 16:41:35,797 - AUGCON - INFO - Epoch [44/50]-(5/22) Loss: 0.4797, Acc(1): 100.00, Acc(5): 100.00
2023-06-19 16:41:35,797 - AUGCON - INFO - Epoch [44/50]-(10/22) Loss: 0.2360, Acc(1): 100.00, Acc(5): 100.00
2023-06-19 16:41:35,797 - AUGCON - INFO - Epoch [44/50]-(15/22) Loss: 0.1148, Acc(1): 100.00, Acc(5): 100.00
2023-06-19 16:41:35,797 - AUGCON - INFO - Epoch [44/50]-(20/22) Loss: 0.4393, Acc(1): 75.00, Acc(5): 100.00
2023-06-19 16:41:35,797 - AUGCON - INFO - 	Validation Loss: 0.6841, Acc(1): 81.00, Acc(5): 98.00, F1: 0.19, Recall: 0.19, Precision: 0.19
2023-06-19 16:41:35,797 - AUGCON - INFO - Epoch [45/50]-(0/22) Loss: 0.2975, Acc(1): 100.00, Acc(5): 100.00
2023-06-19 16:41:35,798 - AUGCON - INFO - Epoch [45/50]-(5/22) Loss: 0.0498, Acc(1): 100.00, Acc(5): 100.00
2023-06-19 16:41:35,798 - AUGCON - INFO - Epoch [45/50]-(10/22) Loss: 0.1041, Acc(1): 100.00, Acc(5): 100.00
2023-06-19 16:41:35,798 - AUGCON - INFO - Epoch [45/50]-(15/22) Loss: 0.4982, Acc(1): 100.00, Acc(5): 100.00
2023-06-19 16:41:35,798 - AUGCON - INFO - Epoch [45/50]-(20/22) Loss: 0.0819, Acc(1): 100.00, Acc(5): 100.00
2023-06-19 16:41:35,798 - AUGCON - INFO - 	Validation Loss: 0.6670, Acc(1): 81.00, Acc(5): 98.00, F1: 0.19, Recall: 0.19, Precision: 0.19
2023-06-19 16:41:35,798 - AUGCON - INFO - Epoch [46/50]-(0/22) Loss: 0.4689, Acc(1): 75.00, Acc(5): 100.00
2023-06-19 16:41:35,798 - AUGCON - INFO - Epoch [46/50]-(5/22) Loss: 0.1011, Acc(1): 100.00, Acc(5): 100.00
2023-06-19 16:41:35,798 - AUGCON - INFO - Epoch [46/50]-(10/22) Loss: 0.0670, Acc(1): 100.00, Acc(5): 100.00
2023-06-19 16:41:35,798 - AUGCON - INFO - Epoch [46/50]-(15/22) Loss: 0.2025, Acc(1): 100.00, Acc(5): 100.00
2023-06-19 16:41:35,798 - AUGCON - INFO - Epoch [46/50]-(20/22) Loss: 0.1301, Acc(1): 100.00, Acc(5): 100.00
2023-06-19 16:41:35,798 - AUGCON - INFO - 	Validation Loss: 0.6367, Acc(1): 81.00, Acc(5): 98.00, F1: 0.19, Recall: 0.19, Precision: 0.19
2023-06-19 16:41:35,798 - AUGCON - INFO - Epoch [47/50]-(0/22) Loss: 0.1879, Acc(1): 100.00, Acc(5): 100.00
2023-06-19 16:41:35,799 - AUGCON - INFO - Epoch [47/50]-(5/22) Loss: 0.3732, Acc(1): 100.00, Acc(5): 100.00
2023-06-19 16:41:35,799 - AUGCON - INFO - Epoch [47/50]-(10/22) Loss: 0.0479, Acc(1): 100.00, Acc(5): 100.00
2023-06-19 16:41:35,799 - AUGCON - INFO - Epoch [47/50]-(15/22) Loss: 0.2193, Acc(1): 100.00, Acc(5): 100.00
2023-06-19 16:41:35,799 - AUGCON - INFO - Epoch [47/50]-(20/22) Loss: 0.4922, Acc(1): 100.00, Acc(5): 100.00
2023-06-19 16:41:35,799 - AUGCON - INFO - 	Validation Loss: 0.6619, Acc(1): 82.00, Acc(5): 98.00, F1: 0.19, Recall: 0.19, Precision: 0.19
2023-06-19 16:41:35,799 - AUGCON - INFO - Epoch [48/50]-(0/22) Loss: 0.2214, Acc(1): 100.00, Acc(5): 100.00
2023-06-19 16:41:35,799 - AUGCON - INFO - Epoch [48/50]-(5/22) Loss: 0.0376, Acc(1): 100.00, Acc(5): 100.00
2023-06-19 16:41:35,799 - AUGCON - INFO - Epoch [48/50]-(10/22) Loss: 0.0750, Acc(1): 100.00, Acc(5): 100.00
2023-06-19 16:41:35,799 - AUGCON - INFO - Epoch [48/50]-(15/22) Loss: 0.2675, Acc(1): 100.00, Acc(5): 100.00
2023-06-19 16:41:35,799 - AUGCON - INFO - Epoch [48/50]-(20/22) Loss: 0.0357, Acc(1): 100.00, Acc(5): 100.00
2023-06-19 16:41:35,799 - AUGCON - INFO - 	Validation Loss: 0.6627, Acc(1): 81.00, Acc(5): 98.00, F1: 0.19, Recall: 0.19, Precision: 0.19
2023-06-19 16:41:35,799 - AUGCON - INFO - Epoch [49/50]-(0/22) Loss: 0.1927, Acc(1): 100.00, Acc(5): 100.00
2023-06-19 16:41:35,800 - AUGCON - INFO - Epoch [49/50]-(5/22) Loss: 0.2061, Acc(1): 100.00, Acc(5): 100.00
2023-06-19 16:41:35,800 - AUGCON - INFO - Epoch [49/50]-(10/22) Loss: 0.0359, Acc(1): 100.00, Acc(5): 100.00
2023-06-19 16:41:35,800 - AUGCON - INFO - Epoch [49/50]-(15/22) Loss: 0.5964, Acc(1): 100.00, Acc(5): 100.00
2023-06-19 16:41:35,800 - AUGCON - INFO - Epoch [49/50]-(20/22) Loss: 0.2418, Acc(1): 100.00, Acc(5): 100.00
2023-06-19 16:41:35,800 - AUGCON - INFO - 	Validation Loss: 0.6659, Acc(1): 82.00, Acc(5): 98.00, F1: 0.19, Recall: 0.19, Precision: 0.19
2023-06-19 16:41:35,800 - AUGCON - INFO - Epoch [50/50]-(0/22) Loss: 0.2384, Acc(1): 100.00, Acc(5): 100.00
2023-06-19 16:41:35,800 - AUGCON - INFO - Epoch [50/50]-(5/22) Loss: 0.1718, Acc(1): 100.00, Acc(5): 100.00
2023-06-19 16:41:35,800 - AUGCON - INFO - Epoch [50/50]-(10/22) Loss: 0.6251, Acc(1): 75.00, Acc(5): 100.00
2023-06-19 16:41:35,800 - AUGCON - INFO - Epoch [50/50]-(15/22) Loss: 0.3707, Acc(1): 100.00, Acc(5): 100.00
2023-06-19 16:41:35,800 - AUGCON - INFO - Epoch [50/50]-(20/22) Loss: 0.0870, Acc(1): 100.00, Acc(5): 100.00
2023-06-19 16:41:35,800 - AUGCON - INFO - 	Validation Loss: 0.6934, Acc(1): 81.00, Acc(5): 98.00, F1: 0.19, Recall: 0.19, Precision: 0.19
2023-06-19 16:41:35,801 - AUGCON - INFO - 	Validation Loss: 0.9550, Acc(1): 81.67, Acc(5): 96.33, F1: 0.20, Recall: 0.20, Precision: 0.20
