2023-06-19 16:42:00,016 - AUGCON - INFO - logger initialized (/home/hjyoon/projects/augcon/config/exp0/finetune_da_true/without_target_domain_PH0014-wjlee/metacpc_perdomain_8421/tgt_target_domain_PH0034-ykha_seed0.yaml.log)
2023-06-19 16:42:00,017 - AUGCON - INFO - ================= Config =================
2023-06-19 16:42:00,017 - AUGCON - INFO -   mode: finetune
2023-06-19 16:42:00,017 - AUGCON - INFO -   seed: 0
2023-06-19 16:42:00,017 - AUGCON - INFO -   gpu: [2]
2023-06-19 16:42:00,017 - AUGCON - INFO -   num_workers: 1
2023-06-19 16:42:00,017 - AUGCON - INFO -   dist_url: tcp://localhost:10001
2023-06-19 16:42:00,017 - AUGCON - INFO -   dataset_name: ichar
2023-06-19 16:42:00,017 - AUGCON - INFO -   train_dataset_path: /mnt/sting/hjyoon/projects/cross/ICHAR/augcon/target_domain_PH0034-ykha/finetune/10shot/target/train.pkl
2023-06-19 16:42:00,017 - AUGCON - INFO -   test_dataset_path: /mnt/sting/hjyoon/projects/cross/ICHAR/augcon/target_domain_PH0034-ykha/finetune/10shot/target/test.pkl
2023-06-19 16:42:00,017 - AUGCON - INFO -   val_dataset_path: /mnt/sting/hjyoon/projects/cross/ICHAR/augcon/target_domain_PH0034-ykha/finetune/10shot/target/val.pkl
2023-06-19 16:42:00,017 - AUGCON - INFO -   input_channels: 3
2023-06-19 16:42:00,017 - AUGCON - INFO -   num_cls: 9
2023-06-19 16:42:00,017 - AUGCON - INFO -   optimizer: adam
2023-06-19 16:42:00,017 - AUGCON - INFO -   criterion: crossentropy
2023-06-19 16:42:00,017 - AUGCON - INFO -   start_epoch: 0
2023-06-19 16:42:00,017 - AUGCON - INFO -   epochs: 50
2023-06-19 16:42:00,017 - AUGCON - INFO -   batch_size: 4
2023-06-19 16:42:00,017 - AUGCON - INFO -   lr: 0.001
2023-06-19 16:42:00,017 - AUGCON - INFO -   wd: 0.0
2023-06-19 16:42:00,017 - AUGCON - INFO -   resume: 
2023-06-19 16:42:00,017 - AUGCON - INFO -   pretrained: /mnt/sting/hjyoon/projects/augcontrast/models/exp0/pretrain/without_target_domain_PH0014-wjlee/metacpc_perdomain_8421/checkpoint_0999.pth.tar
2023-06-19 16:42:00,017 - AUGCON - INFO -   ckpt_dir: /mnt/sting/hjyoon/projects/augcontrast/models/exp0/finetune_da_true/without_target_domain_PH0014-wjlee/metacpc_perdomain_8421/tgt_target_domain_PH0034-ykha_seed0
2023-06-19 16:42:00,017 - AUGCON - INFO -   log_freq: 5
2023-06-19 16:42:00,017 - AUGCON - INFO -   save_freq: 10
2023-06-19 16:42:00,017 - AUGCON - INFO -   pretext: metacpc
2023-06-19 16:42:00,017 - AUGCON - INFO -   enc_blocks: 4
2023-06-19 16:42:00,018 - AUGCON - INFO -   kernel_sizes: [8, 4, 2, 1]
2023-06-19 16:42:00,018 - AUGCON - INFO -   strides: [4, 2, 1, 1]
2023-06-19 16:42:00,018 - AUGCON - INFO -   agg_blocks: 5
2023-06-19 16:42:00,018 - AUGCON - INFO -   z_dim: 256
2023-06-19 16:42:00,018 - AUGCON - INFO -   pooling: mean
2023-06-19 16:42:00,018 - AUGCON - INFO -   pred_steps: 12
2023-06-19 16:42:00,018 - AUGCON - INFO -   n_negatives: 15
2023-06-19 16:42:00,018 - AUGCON - INFO -   offset: 4
2023-06-19 16:42:00,018 - AUGCON - INFO -   domain_adaptation: True
2023-06-19 16:42:00,018 - AUGCON - INFO -   task_steps: 10
2023-06-19 16:42:00,018 - AUGCON - INFO -   task_lr: 0.001
2023-06-19 16:42:00,018 - AUGCON - INFO -   reg_lambda: 0
2023-06-19 16:42:00,018 - AUGCON - INFO -   mlp: False
2023-06-19 16:42:00,018 - AUGCON - INFO -   freeze: True
2023-06-19 16:42:00,018 - AUGCON - INFO -   no_vars: False
2023-06-19 16:42:00,018 - AUGCON - INFO - ==========================================
2023-06-19 16:42:00,018 - AUGCON - INFO - Setting GPUs: [2]
2023-06-19 16:42:00,018 - AUGCON - INFO - GPUs [2] will be used
2023-06-19 16:42:00,019 - AUGCON - WARNING - You have chosen to seed training. 
2023-06-19 16:42:00,019 - AUGCON - WARNING - This will turn on the CUDNN deterministic setting, 
2023-06-19 16:42:00,019 - AUGCON - WARNING - which can slow down your training considerably! 
2023-06-19 16:42:00,019 - AUGCON - WARNING - You may see unexpected behavior when restarting 
2023-06-19 16:42:00,019 - AUGCON - WARNING - from checkpoints.
2023-06-19 16:42:00,049 - AUGCON - INFO - Executing MetaCPC
2023-06-19 16:42:00,050 - AUGCON - INFO - Logs are skipped during training
2023-06-19 16:42:19,848 - AUGCON - INFO - Single GPU is used for training - training 90 instances for each worker
2023-06-19 16:42:19,848 - AUGCON - INFO - Loading pretrained model from checkpoint - /mnt/sting/hjyoon/projects/augcontrast/models/exp0/pretrain/without_target_domain_PH0014-wjlee/metacpc_perdomain_8421/checkpoint_0999.pth.tar
2023-06-19 16:42:19,848 - AUGCON - INFO - Missing keys: []
2023-06-19 16:42:19,849 - AUGCON - INFO - Perform domain adaptation step
2023-06-19 16:42:19,849 - AUGCON - INFO - 	meta-train [0/10] Loss: 7.3259, Acc(1): 7.16, Acc(5): 32.97
2023-06-19 16:42:19,849 - AUGCON - INFO - 	meta-train [1/10] Loss: 5.2571, Acc(1): 7.45, Acc(5): 34.72
2023-06-19 16:42:19,849 - AUGCON - INFO - 	meta-train [2/10] Loss: 3.4044, Acc(1): 9.58, Acc(5): 41.70
2023-06-19 16:42:19,849 - AUGCON - INFO - 	meta-train [3/10] Loss: 2.6617, Acc(1): 15.09, Acc(5): 56.67
2023-06-19 16:42:19,849 - AUGCON - INFO - 	meta-train [4/10] Loss: 2.1805, Acc(1): 24.27, Acc(5): 73.04
2023-06-19 16:42:19,849 - AUGCON - INFO - 	meta-train [5/10] Loss: 1.7443, Acc(1): 34.43, Acc(5): 87.57
2023-06-19 16:42:19,849 - AUGCON - INFO - 	meta-train [6/10] Loss: 1.5161, Acc(1): 42.03, Acc(5): 92.32
2023-06-19 16:42:19,849 - AUGCON - INFO - 	meta-train [7/10] Loss: 1.4385, Acc(1): 44.06, Acc(5): 93.32
2023-06-19 16:42:19,849 - AUGCON - INFO - 	meta-train [8/10] Loss: 1.4381, Acc(1): 43.30, Acc(5): 93.45
2023-06-19 16:42:19,849 - AUGCON - INFO - 	meta-train [9/10] Loss: 1.4045, Acc(1): 44.72, Acc(5): 93.51
2023-06-19 16:42:19,850 - AUGCON - INFO - Loading encoder parameters to the classifier
2023-06-19 16:42:19,850 - AUGCON - INFO - Missing keys: ['classifier.block.0.weight', 'classifier.block.0.bias']
2023-06-19 16:42:19,850 - AUGCON - INFO - Epoch [1/50]-(0/22) Loss: 1.7927, Acc(1): 50.00, Acc(5): 75.00
2023-06-19 16:42:19,850 - AUGCON - INFO - Epoch [1/50]-(5/22) Loss: 2.2207, Acc(1): 25.00, Acc(5): 50.00
2023-06-19 16:42:19,850 - AUGCON - INFO - Epoch [1/50]-(10/22) Loss: 2.7026, Acc(1): 0.00, Acc(5): 50.00
2023-06-19 16:42:19,850 - AUGCON - INFO - Epoch [1/50]-(15/22) Loss: 1.9820, Acc(1): 25.00, Acc(5): 75.00
2023-06-19 16:42:19,850 - AUGCON - INFO - Epoch [1/50]-(20/22) Loss: 2.2536, Acc(1): 0.00, Acc(5): 25.00
2023-06-19 16:42:19,850 - AUGCON - INFO - 	Validation Loss: 2.0382, Acc(1): 28.00, Acc(5): 74.00, F1: 0.06, Recall: 0.07, Precision: 0.05
2023-06-19 16:42:19,850 - AUGCON - INFO - Epoch [2/50]-(0/22) Loss: 1.8699, Acc(1): 25.00, Acc(5): 100.00
2023-06-19 16:42:19,850 - AUGCON - INFO - Epoch [2/50]-(5/22) Loss: 2.2301, Acc(1): 0.00, Acc(5): 50.00
2023-06-19 16:42:19,850 - AUGCON - INFO - Epoch [2/50]-(10/22) Loss: 2.0745, Acc(1): 25.00, Acc(5): 75.00
2023-06-19 16:42:19,851 - AUGCON - INFO - Epoch [2/50]-(15/22) Loss: 1.9150, Acc(1): 25.00, Acc(5): 100.00
2023-06-19 16:42:19,851 - AUGCON - INFO - Epoch [2/50]-(20/22) Loss: 1.9249, Acc(1): 25.00, Acc(5): 100.00
2023-06-19 16:42:19,851 - AUGCON - INFO - 	Validation Loss: 1.7595, Acc(1): 58.00, Acc(5): 90.00, F1: 0.14, Recall: 0.15, Precision: 0.13
2023-06-19 16:42:19,851 - AUGCON - INFO - Epoch [3/50]-(0/22) Loss: 1.6461, Acc(1): 25.00, Acc(5): 100.00
2023-06-19 16:42:19,851 - AUGCON - INFO - Epoch [3/50]-(5/22) Loss: 1.5381, Acc(1): 100.00, Acc(5): 100.00
2023-06-19 16:42:19,851 - AUGCON - INFO - Epoch [3/50]-(10/22) Loss: 2.1346, Acc(1): 0.00, Acc(5): 75.00
2023-06-19 16:42:19,851 - AUGCON - INFO - Epoch [3/50]-(15/22) Loss: 1.7389, Acc(1): 25.00, Acc(5): 100.00
2023-06-19 16:42:19,851 - AUGCON - INFO - Epoch [3/50]-(20/22) Loss: 1.6037, Acc(1): 50.00, Acc(5): 100.00
2023-06-19 16:42:19,851 - AUGCON - INFO - 	Validation Loss: 1.4870, Acc(1): 61.00, Acc(5): 100.00, F1: 0.12, Recall: 0.12, Precision: 0.13
2023-06-19 16:42:19,851 - AUGCON - INFO - Epoch [4/50]-(0/22) Loss: 1.5427, Acc(1): 75.00, Acc(5): 100.00
2023-06-19 16:42:19,851 - AUGCON - INFO - Epoch [4/50]-(5/22) Loss: 1.4746, Acc(1): 50.00, Acc(5): 100.00
2023-06-19 16:42:19,852 - AUGCON - INFO - Epoch [4/50]-(10/22) Loss: 1.7949, Acc(1): 0.00, Acc(5): 100.00
2023-06-19 16:42:19,852 - AUGCON - INFO - Epoch [4/50]-(15/22) Loss: 1.3475, Acc(1): 75.00, Acc(5): 100.00
2023-06-19 16:42:19,852 - AUGCON - INFO - Epoch [4/50]-(20/22) Loss: 1.4965, Acc(1): 75.00, Acc(5): 100.00
2023-06-19 16:42:19,852 - AUGCON - INFO - 	Validation Loss: 1.3612, Acc(1): 63.00, Acc(5): 99.00, F1: 0.14, Recall: 0.13, Precision: 0.16
2023-06-19 16:42:19,852 - AUGCON - INFO - Epoch [5/50]-(0/22) Loss: 1.4219, Acc(1): 50.00, Acc(5): 100.00
2023-06-19 16:42:19,852 - AUGCON - INFO - Epoch [5/50]-(5/22) Loss: 1.3999, Acc(1): 50.00, Acc(5): 100.00
2023-06-19 16:42:19,852 - AUGCON - INFO - Epoch [5/50]-(10/22) Loss: 1.6088, Acc(1): 50.00, Acc(5): 100.00
2023-06-19 16:42:19,852 - AUGCON - INFO - Epoch [5/50]-(15/22) Loss: 1.1548, Acc(1): 75.00, Acc(5): 100.00
2023-06-19 16:42:19,852 - AUGCON - INFO - Epoch [5/50]-(20/22) Loss: 1.6195, Acc(1): 0.00, Acc(5): 100.00
2023-06-19 16:42:19,852 - AUGCON - INFO - 	Validation Loss: 1.1966, Acc(1): 66.00, Acc(5): 100.00, F1: 0.14, Recall: 0.14, Precision: 0.15
2023-06-19 16:42:19,852 - AUGCON - INFO - Epoch [6/50]-(0/22) Loss: 1.3240, Acc(1): 50.00, Acc(5): 100.00
2023-06-19 16:42:19,853 - AUGCON - INFO - Epoch [6/50]-(5/22) Loss: 1.0190, Acc(1): 100.00, Acc(5): 100.00
2023-06-19 16:42:19,853 - AUGCON - INFO - Epoch [6/50]-(10/22) Loss: 1.2017, Acc(1): 75.00, Acc(5): 100.00
2023-06-19 16:42:19,853 - AUGCON - INFO - Epoch [6/50]-(15/22) Loss: 1.7081, Acc(1): 25.00, Acc(5): 75.00
2023-06-19 16:42:19,853 - AUGCON - INFO - Epoch [6/50]-(20/22) Loss: 1.2890, Acc(1): 50.00, Acc(5): 100.00
2023-06-19 16:42:19,853 - AUGCON - INFO - 	Validation Loss: 1.1180, Acc(1): 63.00, Acc(5): 100.00, F1: 0.13, Recall: 0.13, Precision: 0.14
2023-06-19 16:42:19,853 - AUGCON - INFO - Epoch [7/50]-(0/22) Loss: 1.3120, Acc(1): 75.00, Acc(5): 100.00
2023-06-19 16:42:19,853 - AUGCON - INFO - Epoch [7/50]-(5/22) Loss: 0.7041, Acc(1): 100.00, Acc(5): 100.00
2023-06-19 16:42:19,853 - AUGCON - INFO - Epoch [7/50]-(10/22) Loss: 1.3534, Acc(1): 75.00, Acc(5): 100.00
2023-06-19 16:42:19,853 - AUGCON - INFO - Epoch [7/50]-(15/22) Loss: 1.1719, Acc(1): 50.00, Acc(5): 100.00
2023-06-19 16:42:19,853 - AUGCON - INFO - Epoch [7/50]-(20/22) Loss: 1.0015, Acc(1): 75.00, Acc(5): 100.00
2023-06-19 16:42:19,853 - AUGCON - INFO - 	Validation Loss: 1.0677, Acc(1): 72.00, Acc(5): 100.00, F1: 0.16, Recall: 0.15, Precision: 0.18
2023-06-19 16:42:19,854 - AUGCON - INFO - Epoch [8/50]-(0/22) Loss: 1.2591, Acc(1): 50.00, Acc(5): 100.00
2023-06-19 16:42:19,854 - AUGCON - INFO - Epoch [8/50]-(5/22) Loss: 1.1129, Acc(1): 50.00, Acc(5): 100.00
2023-06-19 16:42:19,854 - AUGCON - INFO - Epoch [8/50]-(10/22) Loss: 1.0736, Acc(1): 50.00, Acc(5): 100.00
2023-06-19 16:42:19,854 - AUGCON - INFO - Epoch [8/50]-(15/22) Loss: 0.8183, Acc(1): 75.00, Acc(5): 100.00
2023-06-19 16:42:19,854 - AUGCON - INFO - Epoch [8/50]-(20/22) Loss: 0.7496, Acc(1): 100.00, Acc(5): 100.00
2023-06-19 16:42:19,854 - AUGCON - INFO - 	Validation Loss: 0.9668, Acc(1): 70.00, Acc(5): 100.00, F1: 0.15, Recall: 0.15, Precision: 0.14
2023-06-19 16:42:19,854 - AUGCON - INFO - Epoch [9/50]-(0/22) Loss: 0.6215, Acc(1): 75.00, Acc(5): 100.00
2023-06-19 16:42:19,854 - AUGCON - INFO - Epoch [9/50]-(5/22) Loss: 0.9134, Acc(1): 75.00, Acc(5): 100.00
2023-06-19 16:42:19,854 - AUGCON - INFO - Epoch [9/50]-(10/22) Loss: 1.2366, Acc(1): 25.00, Acc(5): 100.00
2023-06-19 16:42:19,854 - AUGCON - INFO - Epoch [9/50]-(15/22) Loss: 1.4253, Acc(1): 25.00, Acc(5): 100.00
2023-06-19 16:42:19,854 - AUGCON - INFO - Epoch [9/50]-(20/22) Loss: 0.9773, Acc(1): 75.00, Acc(5): 100.00
2023-06-19 16:42:19,855 - AUGCON - INFO - 	Validation Loss: 0.9792, Acc(1): 70.00, Acc(5): 100.00, F1: 0.16, Recall: 0.15, Precision: 0.17
2023-06-19 16:42:19,855 - AUGCON - INFO - Epoch [10/50]-(0/22) Loss: 0.7511, Acc(1): 75.00, Acc(5): 100.00
2023-06-19 16:42:19,855 - AUGCON - INFO - Epoch [10/50]-(5/22) Loss: 1.0671, Acc(1): 75.00, Acc(5): 100.00
2023-06-19 16:42:19,855 - AUGCON - INFO - Epoch [10/50]-(10/22) Loss: 1.5096, Acc(1): 25.00, Acc(5): 100.00
2023-06-19 16:42:19,855 - AUGCON - INFO - Epoch [10/50]-(15/22) Loss: 0.6294, Acc(1): 100.00, Acc(5): 100.00
2023-06-19 16:42:19,855 - AUGCON - INFO - Epoch [10/50]-(20/22) Loss: 0.9044, Acc(1): 100.00, Acc(5): 100.00
2023-06-19 16:42:19,855 - AUGCON - INFO - 	Validation Loss: 0.8900, Acc(1): 74.00, Acc(5): 100.00, F1: 0.17, Recall: 0.16, Precision: 0.18
2023-06-19 16:42:19,855 - AUGCON - INFO - Epoch [11/50]-(0/22) Loss: 0.9343, Acc(1): 75.00, Acc(5): 100.00
2023-06-19 16:42:19,855 - AUGCON - INFO - Epoch [11/50]-(5/22) Loss: 0.7221, Acc(1): 100.00, Acc(5): 100.00
2023-06-19 16:42:19,855 - AUGCON - INFO - Epoch [11/50]-(10/22) Loss: 0.9018, Acc(1): 75.00, Acc(5): 100.00
2023-06-19 16:42:19,855 - AUGCON - INFO - Epoch [11/50]-(15/22) Loss: 1.2806, Acc(1): 50.00, Acc(5): 100.00
2023-06-19 16:42:19,856 - AUGCON - INFO - Epoch [11/50]-(20/22) Loss: 0.6004, Acc(1): 100.00, Acc(5): 100.00
2023-06-19 16:42:19,856 - AUGCON - INFO - 	Validation Loss: 0.9128, Acc(1): 72.00, Acc(5): 100.00, F1: 0.16, Recall: 0.15, Precision: 0.17
2023-06-19 16:42:19,856 - AUGCON - INFO - Epoch [12/50]-(0/22) Loss: 0.9794, Acc(1): 75.00, Acc(5): 100.00
2023-06-19 16:42:19,856 - AUGCON - INFO - Epoch [12/50]-(5/22) Loss: 0.7846, Acc(1): 100.00, Acc(5): 100.00
2023-06-19 16:42:19,856 - AUGCON - INFO - Epoch [12/50]-(10/22) Loss: 1.4122, Acc(1): 50.00, Acc(5): 100.00
2023-06-19 16:42:19,856 - AUGCON - INFO - Epoch [12/50]-(15/22) Loss: 0.7257, Acc(1): 100.00, Acc(5): 100.00
2023-06-19 16:42:19,856 - AUGCON - INFO - Epoch [12/50]-(20/22) Loss: 0.8256, Acc(1): 75.00, Acc(5): 100.00
2023-06-19 16:42:19,856 - AUGCON - INFO - 	Validation Loss: 0.8510, Acc(1): 71.00, Acc(5): 100.00, F1: 0.16, Recall: 0.15, Precision: 0.16
2023-06-19 16:42:19,856 - AUGCON - INFO - Epoch [13/50]-(0/22) Loss: 1.0338, Acc(1): 75.00, Acc(5): 100.00
2023-06-19 16:42:19,856 - AUGCON - INFO - Epoch [13/50]-(5/22) Loss: 0.5011, Acc(1): 100.00, Acc(5): 100.00
2023-06-19 16:42:19,856 - AUGCON - INFO - Epoch [13/50]-(10/22) Loss: 1.0728, Acc(1): 25.00, Acc(5): 100.00
2023-06-19 16:42:19,857 - AUGCON - INFO - Epoch [13/50]-(15/22) Loss: 0.7037, Acc(1): 100.00, Acc(5): 100.00
2023-06-19 16:42:19,857 - AUGCON - INFO - Epoch [13/50]-(20/22) Loss: 0.9167, Acc(1): 75.00, Acc(5): 100.00
2023-06-19 16:42:19,857 - AUGCON - INFO - 	Validation Loss: 0.8339, Acc(1): 68.00, Acc(5): 100.00, F1: 0.15, Recall: 0.14, Precision: 0.16
2023-06-19 16:42:19,857 - AUGCON - INFO - Epoch [14/50]-(0/22) Loss: 0.5807, Acc(1): 100.00, Acc(5): 100.00
2023-06-19 16:42:19,857 - AUGCON - INFO - Epoch [14/50]-(5/22) Loss: 0.8964, Acc(1): 75.00, Acc(5): 100.00
2023-06-19 16:42:19,857 - AUGCON - INFO - Epoch [14/50]-(10/22) Loss: 0.9421, Acc(1): 75.00, Acc(5): 100.00
2023-06-19 16:42:19,857 - AUGCON - INFO - Epoch [14/50]-(15/22) Loss: 0.4046, Acc(1): 100.00, Acc(5): 100.00
2023-06-19 16:42:19,857 - AUGCON - INFO - Epoch [14/50]-(20/22) Loss: 0.5810, Acc(1): 75.00, Acc(5): 100.00
2023-06-19 16:42:19,857 - AUGCON - INFO - 	Validation Loss: 0.8118, Acc(1): 73.00, Acc(5): 100.00, F1: 0.17, Recall: 0.15, Precision: 0.18
2023-06-19 16:42:19,857 - AUGCON - INFO - Epoch [15/50]-(0/22) Loss: 0.6101, Acc(1): 75.00, Acc(5): 100.00
2023-06-19 16:42:19,857 - AUGCON - INFO - Epoch [15/50]-(5/22) Loss: 0.5928, Acc(1): 100.00, Acc(5): 100.00
2023-06-19 16:42:19,858 - AUGCON - INFO - Epoch [15/50]-(10/22) Loss: 0.6846, Acc(1): 75.00, Acc(5): 100.00
2023-06-19 16:42:19,858 - AUGCON - INFO - Epoch [15/50]-(15/22) Loss: 0.7905, Acc(1): 100.00, Acc(5): 100.00
2023-06-19 16:42:19,858 - AUGCON - INFO - Epoch [15/50]-(20/22) Loss: 0.8345, Acc(1): 75.00, Acc(5): 100.00
2023-06-19 16:42:19,858 - AUGCON - INFO - 	Validation Loss: 0.7822, Acc(1): 74.00, Acc(5): 100.00, F1: 0.17, Recall: 0.16, Precision: 0.18
2023-06-19 16:42:19,858 - AUGCON - INFO - Epoch [16/50]-(0/22) Loss: 0.9159, Acc(1): 75.00, Acc(5): 100.00
2023-06-19 16:42:19,858 - AUGCON - INFO - Epoch [16/50]-(5/22) Loss: 0.5572, Acc(1): 100.00, Acc(5): 100.00
2023-06-19 16:42:19,858 - AUGCON - INFO - Epoch [16/50]-(10/22) Loss: 0.9366, Acc(1): 75.00, Acc(5): 100.00
2023-06-19 16:42:19,858 - AUGCON - INFO - Epoch [16/50]-(15/22) Loss: 0.5544, Acc(1): 100.00, Acc(5): 100.00
2023-06-19 16:42:19,858 - AUGCON - INFO - Epoch [16/50]-(20/22) Loss: 1.0841, Acc(1): 50.00, Acc(5): 100.00
2023-06-19 16:42:19,858 - AUGCON - INFO - 	Validation Loss: 0.7989, Acc(1): 68.00, Acc(5): 100.00, F1: 0.15, Recall: 0.14, Precision: 0.16
2023-06-19 16:42:19,858 - AUGCON - INFO - Epoch [17/50]-(0/22) Loss: 0.5578, Acc(1): 100.00, Acc(5): 100.00
2023-06-19 16:42:19,859 - AUGCON - INFO - Epoch [17/50]-(5/22) Loss: 0.4868, Acc(1): 100.00, Acc(5): 100.00
2023-06-19 16:42:19,859 - AUGCON - INFO - Epoch [17/50]-(10/22) Loss: 0.9536, Acc(1): 50.00, Acc(5): 100.00
2023-06-19 16:42:19,859 - AUGCON - INFO - Epoch [17/50]-(15/22) Loss: 0.6576, Acc(1): 100.00, Acc(5): 100.00
2023-06-19 16:42:19,859 - AUGCON - INFO - Epoch [17/50]-(20/22) Loss: 0.6171, Acc(1): 100.00, Acc(5): 100.00
2023-06-19 16:42:19,859 - AUGCON - INFO - 	Validation Loss: 0.7254, Acc(1): 74.00, Acc(5): 100.00, F1: 0.17, Recall: 0.16, Precision: 0.18
2023-06-19 16:42:19,859 - AUGCON - INFO - Epoch [18/50]-(0/22) Loss: 0.6132, Acc(1): 100.00, Acc(5): 100.00
2023-06-19 16:42:19,859 - AUGCON - INFO - Epoch [18/50]-(5/22) Loss: 0.6113, Acc(1): 100.00, Acc(5): 100.00
2023-06-19 16:42:19,859 - AUGCON - INFO - Epoch [18/50]-(10/22) Loss: 0.7487, Acc(1): 75.00, Acc(5): 100.00
2023-06-19 16:42:19,859 - AUGCON - INFO - Epoch [18/50]-(15/22) Loss: 0.6268, Acc(1): 100.00, Acc(5): 100.00
2023-06-19 16:42:19,859 - AUGCON - INFO - Epoch [18/50]-(20/22) Loss: 0.7796, Acc(1): 75.00, Acc(5): 100.00
2023-06-19 16:42:19,859 - AUGCON - INFO - 	Validation Loss: 0.7250, Acc(1): 74.00, Acc(5): 100.00, F1: 0.17, Recall: 0.16, Precision: 0.18
2023-06-19 16:42:19,859 - AUGCON - INFO - Epoch [19/50]-(0/22) Loss: 0.5834, Acc(1): 100.00, Acc(5): 100.00
2023-06-19 16:42:19,860 - AUGCON - INFO - Epoch [19/50]-(5/22) Loss: 0.6732, Acc(1): 75.00, Acc(5): 100.00
2023-06-19 16:42:19,860 - AUGCON - INFO - Epoch [19/50]-(10/22) Loss: 0.9880, Acc(1): 75.00, Acc(5): 100.00
2023-06-19 16:42:19,860 - AUGCON - INFO - Epoch [19/50]-(15/22) Loss: 0.6028, Acc(1): 75.00, Acc(5): 100.00
2023-06-19 16:42:19,860 - AUGCON - INFO - Epoch [19/50]-(20/22) Loss: 0.6581, Acc(1): 100.00, Acc(5): 100.00
2023-06-19 16:42:19,860 - AUGCON - INFO - 	Validation Loss: 0.7146, Acc(1): 69.00, Acc(5): 100.00, F1: 0.15, Recall: 0.14, Precision: 0.17
2023-06-19 16:42:19,860 - AUGCON - INFO - Epoch [20/50]-(0/22) Loss: 0.5378, Acc(1): 75.00, Acc(5): 100.00
2023-06-19 16:42:19,860 - AUGCON - INFO - Epoch [20/50]-(5/22) Loss: 0.7372, Acc(1): 75.00, Acc(5): 100.00
2023-06-19 16:42:19,860 - AUGCON - INFO - Epoch [20/50]-(10/22) Loss: 0.8108, Acc(1): 75.00, Acc(5): 100.00
2023-06-19 16:42:19,860 - AUGCON - INFO - Epoch [20/50]-(15/22) Loss: 0.7633, Acc(1): 75.00, Acc(5): 100.00
2023-06-19 16:42:19,860 - AUGCON - INFO - Epoch [20/50]-(20/22) Loss: 0.7571, Acc(1): 75.00, Acc(5): 100.00
2023-06-19 16:42:19,860 - AUGCON - INFO - 	Validation Loss: 0.6971, Acc(1): 74.00, Acc(5): 100.00, F1: 0.17, Recall: 0.16, Precision: 0.18
2023-06-19 16:42:19,861 - AUGCON - INFO - Epoch [21/50]-(0/22) Loss: 0.4335, Acc(1): 100.00, Acc(5): 100.00
2023-06-19 16:42:19,861 - AUGCON - INFO - Epoch [21/50]-(5/22) Loss: 0.6539, Acc(1): 100.00, Acc(5): 100.00
2023-06-19 16:42:19,861 - AUGCON - INFO - Epoch [21/50]-(10/22) Loss: 0.7833, Acc(1): 100.00, Acc(5): 100.00
2023-06-19 16:42:19,861 - AUGCON - INFO - Epoch [21/50]-(15/22) Loss: 0.3830, Acc(1): 100.00, Acc(5): 100.00
2023-06-19 16:42:19,861 - AUGCON - INFO - Epoch [21/50]-(20/22) Loss: 0.4612, Acc(1): 100.00, Acc(5): 100.00
2023-06-19 16:42:19,861 - AUGCON - INFO - 	Validation Loss: 0.6736, Acc(1): 80.00, Acc(5): 100.00, F1: 0.19, Recall: 0.17, Precision: 0.20
2023-06-19 16:42:19,861 - AUGCON - INFO - Epoch [22/50]-(0/22) Loss: 0.9923, Acc(1): 50.00, Acc(5): 100.00
2023-06-19 16:42:19,861 - AUGCON - INFO - Epoch [22/50]-(5/22) Loss: 0.7690, Acc(1): 50.00, Acc(5): 100.00
2023-06-19 16:42:19,861 - AUGCON - INFO - Epoch [22/50]-(10/22) Loss: 1.0859, Acc(1): 25.00, Acc(5): 100.00
2023-06-19 16:42:19,861 - AUGCON - INFO - Epoch [22/50]-(15/22) Loss: 0.7674, Acc(1): 75.00, Acc(5): 100.00
2023-06-19 16:42:19,862 - AUGCON - INFO - Epoch [22/50]-(20/22) Loss: 0.7399, Acc(1): 75.00, Acc(5): 100.00
2023-06-19 16:42:19,862 - AUGCON - INFO - 	Validation Loss: 0.6567, Acc(1): 77.00, Acc(5): 100.00, F1: 0.16, Recall: 0.16, Precision: 0.16
2023-06-19 16:42:19,862 - AUGCON - INFO - Epoch [23/50]-(0/22) Loss: 0.3622, Acc(1): 100.00, Acc(5): 100.00
2023-06-19 16:42:19,862 - AUGCON - INFO - Epoch [23/50]-(5/22) Loss: 0.4620, Acc(1): 75.00, Acc(5): 100.00
2023-06-19 16:42:19,862 - AUGCON - INFO - Epoch [23/50]-(10/22) Loss: 0.7784, Acc(1): 75.00, Acc(5): 100.00
2023-06-19 16:42:19,862 - AUGCON - INFO - Epoch [23/50]-(15/22) Loss: 1.0633, Acc(1): 75.00, Acc(5): 100.00
2023-06-19 16:42:19,862 - AUGCON - INFO - Epoch [23/50]-(20/22) Loss: 0.4186, Acc(1): 100.00, Acc(5): 100.00
2023-06-19 16:42:19,862 - AUGCON - INFO - 	Validation Loss: 0.6645, Acc(1): 72.00, Acc(5): 100.00, F1: 0.16, Recall: 0.15, Precision: 0.16
2023-06-19 16:42:19,862 - AUGCON - INFO - Epoch [24/50]-(0/22) Loss: 0.5141, Acc(1): 100.00, Acc(5): 100.00
2023-06-19 16:42:19,862 - AUGCON - INFO - Epoch [24/50]-(5/22) Loss: 0.7582, Acc(1): 75.00, Acc(5): 100.00
2023-06-19 16:42:19,862 - AUGCON - INFO - Epoch [24/50]-(10/22) Loss: 0.4579, Acc(1): 100.00, Acc(5): 100.00
2023-06-19 16:42:19,862 - AUGCON - INFO - Epoch [24/50]-(15/22) Loss: 0.7816, Acc(1): 75.00, Acc(5): 100.00
2023-06-19 16:42:19,862 - AUGCON - INFO - Epoch [24/50]-(20/22) Loss: 0.6161, Acc(1): 75.00, Acc(5): 100.00
2023-06-19 16:42:19,862 - AUGCON - INFO - 	Validation Loss: 0.6373, Acc(1): 80.00, Acc(5): 100.00, F1: 0.18, Recall: 0.17, Precision: 0.18
2023-06-19 16:42:19,862 - AUGCON - INFO - Epoch [25/50]-(0/22) Loss: 0.5381, Acc(1): 100.00, Acc(5): 100.00
2023-06-19 16:42:19,863 - AUGCON - INFO - Epoch [25/50]-(5/22) Loss: 0.4919, Acc(1): 100.00, Acc(5): 100.00
2023-06-19 16:42:19,863 - AUGCON - INFO - Epoch [25/50]-(10/22) Loss: 0.3728, Acc(1): 100.00, Acc(5): 100.00
2023-06-19 16:42:19,863 - AUGCON - INFO - Epoch [25/50]-(15/22) Loss: 0.5635, Acc(1): 75.00, Acc(5): 100.00
2023-06-19 16:42:19,863 - AUGCON - INFO - Epoch [25/50]-(20/22) Loss: 0.6223, Acc(1): 75.00, Acc(5): 100.00
2023-06-19 16:42:19,863 - AUGCON - INFO - 	Validation Loss: 0.6770, Acc(1): 74.00, Acc(5): 100.00, F1: 0.16, Recall: 0.16, Precision: 0.17
2023-06-19 16:42:19,863 - AUGCON - INFO - Epoch [26/50]-(0/22) Loss: 0.7851, Acc(1): 75.00, Acc(5): 100.00
2023-06-19 16:42:19,863 - AUGCON - INFO - Epoch [26/50]-(5/22) Loss: 0.4024, Acc(1): 100.00, Acc(5): 100.00
2023-06-19 16:42:19,863 - AUGCON - INFO - Epoch [26/50]-(10/22) Loss: 0.5317, Acc(1): 100.00, Acc(5): 100.00
2023-06-19 16:42:19,863 - AUGCON - INFO - Epoch [26/50]-(15/22) Loss: 0.1829, Acc(1): 100.00, Acc(5): 100.00
2023-06-19 16:42:19,863 - AUGCON - INFO - Epoch [26/50]-(20/22) Loss: 0.9644, Acc(1): 75.00, Acc(5): 100.00
2023-06-19 16:42:19,863 - AUGCON - INFO - 	Validation Loss: 0.6261, Acc(1): 80.00, Acc(5): 100.00, F1: 0.18, Recall: 0.17, Precision: 0.18
2023-06-19 16:42:19,863 - AUGCON - INFO - Epoch [27/50]-(0/22) Loss: 0.3974, Acc(1): 100.00, Acc(5): 100.00
2023-06-19 16:42:19,863 - AUGCON - INFO - Epoch [27/50]-(5/22) Loss: 0.4687, Acc(1): 100.00, Acc(5): 100.00
2023-06-19 16:42:19,863 - AUGCON - INFO - Epoch [27/50]-(10/22) Loss: 0.6618, Acc(1): 50.00, Acc(5): 100.00
2023-06-19 16:42:19,863 - AUGCON - INFO - Epoch [27/50]-(15/22) Loss: 0.3312, Acc(1): 100.00, Acc(5): 100.00
2023-06-19 16:42:19,864 - AUGCON - INFO - Epoch [27/50]-(20/22) Loss: 0.6542, Acc(1): 100.00, Acc(5): 100.00
2023-06-19 16:42:19,864 - AUGCON - INFO - 	Validation Loss: 0.5983, Acc(1): 83.00, Acc(5): 100.00, F1: 0.18, Recall: 0.18, Precision: 0.18
2023-06-19 16:42:19,864 - AUGCON - INFO - Epoch [28/50]-(0/22) Loss: 0.5820, Acc(1): 100.00, Acc(5): 100.00
2023-06-19 16:42:19,864 - AUGCON - INFO - Epoch [28/50]-(5/22) Loss: 0.7795, Acc(1): 75.00, Acc(5): 100.00
2023-06-19 16:42:19,864 - AUGCON - INFO - Epoch [28/50]-(10/22) Loss: 0.6359, Acc(1): 100.00, Acc(5): 100.00
2023-06-19 16:42:19,864 - AUGCON - INFO - Epoch [28/50]-(15/22) Loss: 0.4498, Acc(1): 100.00, Acc(5): 100.00
2023-06-19 16:42:19,864 - AUGCON - INFO - Epoch [28/50]-(20/22) Loss: 0.4237, Acc(1): 100.00, Acc(5): 100.00
2023-06-19 16:42:19,864 - AUGCON - INFO - 	Validation Loss: 0.6256, Acc(1): 76.00, Acc(5): 100.00, F1: 0.17, Recall: 0.16, Precision: 0.18
2023-06-19 16:42:19,864 - AUGCON - INFO - Epoch [29/50]-(0/22) Loss: 0.3636, Acc(1): 100.00, Acc(5): 100.00
2023-06-19 16:42:19,864 - AUGCON - INFO - Epoch [29/50]-(5/22) Loss: 1.0599, Acc(1): 50.00, Acc(5): 100.00
2023-06-19 16:42:19,864 - AUGCON - INFO - Epoch [29/50]-(10/22) Loss: 0.6772, Acc(1): 50.00, Acc(5): 100.00
2023-06-19 16:42:19,864 - AUGCON - INFO - Epoch [29/50]-(15/22) Loss: 0.5716, Acc(1): 75.00, Acc(5): 100.00
2023-06-19 16:42:19,864 - AUGCON - INFO - Epoch [29/50]-(20/22) Loss: 0.6533, Acc(1): 75.00, Acc(5): 100.00
2023-06-19 16:42:19,864 - AUGCON - INFO - 	Validation Loss: 0.6211, Acc(1): 78.00, Acc(5): 100.00, F1: 0.17, Recall: 0.17, Precision: 0.18
2023-06-19 16:42:19,864 - AUGCON - INFO - Epoch [30/50]-(0/22) Loss: 0.6743, Acc(1): 100.00, Acc(5): 100.00
2023-06-19 16:42:19,865 - AUGCON - INFO - Epoch [30/50]-(5/22) Loss: 0.5980, Acc(1): 75.00, Acc(5): 100.00
2023-06-19 16:42:19,865 - AUGCON - INFO - Epoch [30/50]-(10/22) Loss: 0.7015, Acc(1): 75.00, Acc(5): 100.00
2023-06-19 16:42:19,865 - AUGCON - INFO - Epoch [30/50]-(15/22) Loss: 0.9114, Acc(1): 100.00, Acc(5): 100.00
2023-06-19 16:42:19,865 - AUGCON - INFO - Epoch [30/50]-(20/22) Loss: 0.3731, Acc(1): 100.00, Acc(5): 100.00
2023-06-19 16:42:19,865 - AUGCON - INFO - 	Validation Loss: 0.5973, Acc(1): 82.00, Acc(5): 100.00, F1: 0.18, Recall: 0.18, Precision: 0.19
2023-06-19 16:42:19,865 - AUGCON - INFO - Epoch [31/50]-(0/22) Loss: 0.5719, Acc(1): 100.00, Acc(5): 100.00
2023-06-19 16:42:19,865 - AUGCON - INFO - Epoch [31/50]-(5/22) Loss: 0.5461, Acc(1): 75.00, Acc(5): 100.00
2023-06-19 16:42:19,865 - AUGCON - INFO - Epoch [31/50]-(10/22) Loss: 0.8895, Acc(1): 25.00, Acc(5): 100.00
2023-06-19 16:42:19,865 - AUGCON - INFO - Epoch [31/50]-(15/22) Loss: 0.3315, Acc(1): 100.00, Acc(5): 100.00
2023-06-19 16:42:19,865 - AUGCON - INFO - Epoch [31/50]-(20/22) Loss: 0.9853, Acc(1): 50.00, Acc(5): 100.00
2023-06-19 16:42:19,865 - AUGCON - INFO - 	Validation Loss: 0.6197, Acc(1): 77.00, Acc(5): 100.00, F1: 0.17, Recall: 0.16, Precision: 0.18
2023-06-19 16:42:19,865 - AUGCON - INFO - Epoch [32/50]-(0/22) Loss: 0.5012, Acc(1): 100.00, Acc(5): 100.00
2023-06-19 16:42:19,865 - AUGCON - INFO - Epoch [32/50]-(5/22) Loss: 0.4588, Acc(1): 100.00, Acc(5): 100.00
2023-06-19 16:42:19,865 - AUGCON - INFO - Epoch [32/50]-(10/22) Loss: 0.4132, Acc(1): 100.00, Acc(5): 100.00
2023-06-19 16:42:19,865 - AUGCON - INFO - Epoch [32/50]-(15/22) Loss: 0.6129, Acc(1): 75.00, Acc(5): 100.00
2023-06-19 16:42:19,865 - AUGCON - INFO - Epoch [32/50]-(20/22) Loss: 0.8041, Acc(1): 75.00, Acc(5): 100.00
2023-06-19 16:42:19,866 - AUGCON - INFO - 	Validation Loss: 0.5993, Acc(1): 77.00, Acc(5): 100.00, F1: 0.17, Recall: 0.16, Precision: 0.18
2023-06-19 16:42:19,866 - AUGCON - INFO - Epoch [33/50]-(0/22) Loss: 0.5201, Acc(1): 100.00, Acc(5): 100.00
2023-06-19 16:42:19,866 - AUGCON - INFO - Epoch [33/50]-(5/22) Loss: 0.6340, Acc(1): 75.00, Acc(5): 100.00
2023-06-19 16:42:19,866 - AUGCON - INFO - Epoch [33/50]-(10/22) Loss: 0.9607, Acc(1): 50.00, Acc(5): 100.00
2023-06-19 16:42:19,866 - AUGCON - INFO - Epoch [33/50]-(15/22) Loss: 0.9180, Acc(1): 75.00, Acc(5): 100.00
2023-06-19 16:42:19,866 - AUGCON - INFO - Epoch [33/50]-(20/22) Loss: 0.5246, Acc(1): 100.00, Acc(5): 100.00
2023-06-19 16:42:19,866 - AUGCON - INFO - 	Validation Loss: 0.6050, Acc(1): 80.00, Acc(5): 100.00, F1: 0.18, Recall: 0.17, Precision: 0.18
2023-06-19 16:42:19,866 - AUGCON - INFO - Epoch [34/50]-(0/22) Loss: 0.2166, Acc(1): 100.00, Acc(5): 100.00
2023-06-19 16:42:19,866 - AUGCON - INFO - Epoch [34/50]-(5/22) Loss: 0.6724, Acc(1): 75.00, Acc(5): 100.00
2023-06-19 16:42:19,866 - AUGCON - INFO - Epoch [34/50]-(10/22) Loss: 0.3212, Acc(1): 100.00, Acc(5): 100.00
2023-06-19 16:42:19,866 - AUGCON - INFO - Epoch [34/50]-(15/22) Loss: 0.5391, Acc(1): 75.00, Acc(5): 100.00
2023-06-19 16:42:19,866 - AUGCON - INFO - Epoch [34/50]-(20/22) Loss: 1.1975, Acc(1): 25.00, Acc(5): 100.00
2023-06-19 16:42:19,866 - AUGCON - INFO - 	Validation Loss: 0.5963, Acc(1): 73.00, Acc(5): 100.00, F1: 0.16, Recall: 0.15, Precision: 0.16
2023-06-19 16:42:19,866 - AUGCON - INFO - Epoch [35/50]-(0/22) Loss: 0.8613, Acc(1): 50.00, Acc(5): 100.00
2023-06-19 16:42:19,866 - AUGCON - INFO - Epoch [35/50]-(5/22) Loss: 0.5828, Acc(1): 100.00, Acc(5): 100.00
2023-06-19 16:42:19,867 - AUGCON - INFO - Epoch [35/50]-(10/22) Loss: 0.6742, Acc(1): 100.00, Acc(5): 100.00
2023-06-19 16:42:19,867 - AUGCON - INFO - Epoch [35/50]-(15/22) Loss: 0.5339, Acc(1): 75.00, Acc(5): 100.00
2023-06-19 16:42:19,867 - AUGCON - INFO - Epoch [35/50]-(20/22) Loss: 0.5801, Acc(1): 75.00, Acc(5): 100.00
2023-06-19 16:42:19,867 - AUGCON - INFO - 	Validation Loss: 0.6011, Acc(1): 77.00, Acc(5): 100.00, F1: 0.18, Recall: 0.16, Precision: 0.19
2023-06-19 16:42:19,867 - AUGCON - INFO - Epoch [36/50]-(0/22) Loss: 1.0519, Acc(1): 75.00, Acc(5): 100.00
2023-06-19 16:42:19,867 - AUGCON - INFO - Epoch [36/50]-(5/22) Loss: 0.6108, Acc(1): 100.00, Acc(5): 100.00
2023-06-19 16:42:19,867 - AUGCON - INFO - Epoch [36/50]-(10/22) Loss: 0.4401, Acc(1): 100.00, Acc(5): 100.00
2023-06-19 16:42:19,867 - AUGCON - INFO - Epoch [36/50]-(15/22) Loss: 0.9499, Acc(1): 25.00, Acc(5): 100.00
2023-06-19 16:42:19,867 - AUGCON - INFO - Epoch [36/50]-(20/22) Loss: 1.0993, Acc(1): 25.00, Acc(5): 100.00
2023-06-19 16:42:19,867 - AUGCON - INFO - 	Validation Loss: 0.5938, Acc(1): 76.00, Acc(5): 100.00, F1: 0.17, Recall: 0.16, Precision: 0.18
2023-06-19 16:42:19,867 - AUGCON - INFO - Epoch [37/50]-(0/22) Loss: 0.1922, Acc(1): 100.00, Acc(5): 100.00
2023-06-19 16:42:19,867 - AUGCON - INFO - Epoch [37/50]-(5/22) Loss: 0.4224, Acc(1): 100.00, Acc(5): 100.00
2023-06-19 16:42:19,867 - AUGCON - INFO - Epoch [37/50]-(10/22) Loss: 0.6567, Acc(1): 75.00, Acc(5): 100.00
2023-06-19 16:42:19,867 - AUGCON - INFO - Epoch [37/50]-(15/22) Loss: 0.6906, Acc(1): 75.00, Acc(5): 100.00
2023-06-19 16:42:19,867 - AUGCON - INFO - Epoch [37/50]-(20/22) Loss: 1.1270, Acc(1): 50.00, Acc(5): 100.00
2023-06-19 16:42:19,867 - AUGCON - INFO - 	Validation Loss: 0.5410, Acc(1): 85.00, Acc(5): 100.00, F1: 0.19, Recall: 0.18, Precision: 0.20
2023-06-19 16:42:19,868 - AUGCON - INFO - Epoch [38/50]-(0/22) Loss: 0.4173, Acc(1): 100.00, Acc(5): 100.00
2023-06-19 16:42:19,868 - AUGCON - INFO - Epoch [38/50]-(5/22) Loss: 0.4736, Acc(1): 75.00, Acc(5): 100.00
2023-06-19 16:42:19,868 - AUGCON - INFO - Epoch [38/50]-(10/22) Loss: 0.3890, Acc(1): 100.00, Acc(5): 100.00
2023-06-19 16:42:19,868 - AUGCON - INFO - Epoch [38/50]-(15/22) Loss: 0.4924, Acc(1): 75.00, Acc(5): 100.00
2023-06-19 16:42:19,868 - AUGCON - INFO - Epoch [38/50]-(20/22) Loss: 0.4209, Acc(1): 100.00, Acc(5): 100.00
2023-06-19 16:42:19,868 - AUGCON - INFO - 	Validation Loss: 0.5689, Acc(1): 79.00, Acc(5): 100.00, F1: 0.18, Recall: 0.17, Precision: 0.19
2023-06-19 16:42:19,868 - AUGCON - INFO - Epoch [39/50]-(0/22) Loss: 0.5019, Acc(1): 100.00, Acc(5): 100.00
2023-06-19 16:42:19,868 - AUGCON - INFO - Epoch [39/50]-(5/22) Loss: 0.8169, Acc(1): 75.00, Acc(5): 100.00
2023-06-19 16:42:19,868 - AUGCON - INFO - Epoch [39/50]-(10/22) Loss: 0.7133, Acc(1): 75.00, Acc(5): 100.00
2023-06-19 16:42:19,868 - AUGCON - INFO - Epoch [39/50]-(15/22) Loss: 0.3686, Acc(1): 75.00, Acc(5): 100.00
2023-06-19 16:42:19,868 - AUGCON - INFO - Epoch [39/50]-(20/22) Loss: 0.6843, Acc(1): 75.00, Acc(5): 100.00
2023-06-19 16:42:19,868 - AUGCON - INFO - 	Validation Loss: 0.5511, Acc(1): 80.00, Acc(5): 100.00, F1: 0.18, Recall: 0.17, Precision: 0.19
2023-06-19 16:42:19,868 - AUGCON - INFO - Epoch [40/50]-(0/22) Loss: 0.7492, Acc(1): 50.00, Acc(5): 100.00
2023-06-19 16:42:19,868 - AUGCON - INFO - Epoch [40/50]-(5/22) Loss: 0.4106, Acc(1): 100.00, Acc(5): 100.00
2023-06-19 16:42:19,868 - AUGCON - INFO - Epoch [40/50]-(10/22) Loss: 0.7600, Acc(1): 75.00, Acc(5): 100.00
2023-06-19 16:42:19,869 - AUGCON - INFO - Epoch [40/50]-(15/22) Loss: 0.7376, Acc(1): 75.00, Acc(5): 100.00
2023-06-19 16:42:19,869 - AUGCON - INFO - Epoch [40/50]-(20/22) Loss: 0.4988, Acc(1): 75.00, Acc(5): 100.00
2023-06-19 16:42:19,869 - AUGCON - INFO - 	Validation Loss: 0.5572, Acc(1): 83.00, Acc(5): 100.00, F1: 0.19, Recall: 0.18, Precision: 0.20
2023-06-19 16:42:19,869 - AUGCON - INFO - Epoch [41/50]-(0/22) Loss: 0.5515, Acc(1): 100.00, Acc(5): 100.00
2023-06-19 16:42:19,869 - AUGCON - INFO - Epoch [41/50]-(5/22) Loss: 0.5923, Acc(1): 75.00, Acc(5): 100.00
2023-06-19 16:42:19,869 - AUGCON - INFO - Epoch [41/50]-(10/22) Loss: 0.3884, Acc(1): 100.00, Acc(5): 100.00
2023-06-19 16:42:19,869 - AUGCON - INFO - Epoch [41/50]-(15/22) Loss: 0.4928, Acc(1): 75.00, Acc(5): 100.00
2023-06-19 16:42:19,869 - AUGCON - INFO - Epoch [41/50]-(20/22) Loss: 0.7043, Acc(1): 75.00, Acc(5): 100.00
2023-06-19 16:42:19,869 - AUGCON - INFO - 	Validation Loss: 0.5434, Acc(1): 83.00, Acc(5): 100.00, F1: 0.18, Recall: 0.18, Precision: 0.18
2023-06-19 16:42:19,869 - AUGCON - INFO - Epoch [42/50]-(0/22) Loss: 0.9360, Acc(1): 50.00, Acc(5): 100.00
2023-06-19 16:42:19,869 - AUGCON - INFO - Epoch [42/50]-(5/22) Loss: 0.6862, Acc(1): 50.00, Acc(5): 100.00
2023-06-19 16:42:19,869 - AUGCON - INFO - Epoch [42/50]-(10/22) Loss: 0.4782, Acc(1): 75.00, Acc(5): 100.00
2023-06-19 16:42:19,869 - AUGCON - INFO - Epoch [42/50]-(15/22) Loss: 0.4243, Acc(1): 100.00, Acc(5): 100.00
2023-06-19 16:42:19,869 - AUGCON - INFO - Epoch [42/50]-(20/22) Loss: 0.2504, Acc(1): 100.00, Acc(5): 100.00
2023-06-19 16:42:19,869 - AUGCON - INFO - 	Validation Loss: 0.5335, Acc(1): 84.00, Acc(5): 100.00, F1: 0.19, Recall: 0.18, Precision: 0.20
2023-06-19 16:42:19,870 - AUGCON - INFO - Epoch [43/50]-(0/22) Loss: 0.5179, Acc(1): 100.00, Acc(5): 100.00
2023-06-19 16:42:19,870 - AUGCON - INFO - Epoch [43/50]-(5/22) Loss: 0.1554, Acc(1): 100.00, Acc(5): 100.00
2023-06-19 16:42:19,870 - AUGCON - INFO - Epoch [43/50]-(10/22) Loss: 0.3405, Acc(1): 100.00, Acc(5): 100.00
2023-06-19 16:42:19,870 - AUGCON - INFO - Epoch [43/50]-(15/22) Loss: 0.9208, Acc(1): 75.00, Acc(5): 100.00
2023-06-19 16:42:19,870 - AUGCON - INFO - Epoch [43/50]-(20/22) Loss: 0.6086, Acc(1): 50.00, Acc(5): 100.00
2023-06-19 16:42:19,870 - AUGCON - INFO - 	Validation Loss: 0.5435, Acc(1): 81.00, Acc(5): 100.00, F1: 0.18, Recall: 0.17, Precision: 0.19
2023-06-19 16:42:19,870 - AUGCON - INFO - Epoch [44/50]-(0/22) Loss: 0.3754, Acc(1): 100.00, Acc(5): 100.00
2023-06-19 16:42:19,870 - AUGCON - INFO - Epoch [44/50]-(5/22) Loss: 0.2546, Acc(1): 100.00, Acc(5): 100.00
2023-06-19 16:42:19,870 - AUGCON - INFO - Epoch [44/50]-(10/22) Loss: 0.2987, Acc(1): 100.00, Acc(5): 100.00
2023-06-19 16:42:19,870 - AUGCON - INFO - Epoch [44/50]-(15/22) Loss: 0.2400, Acc(1): 100.00, Acc(5): 100.00
2023-06-19 16:42:19,870 - AUGCON - INFO - Epoch [44/50]-(20/22) Loss: 0.6786, Acc(1): 75.00, Acc(5): 100.00
2023-06-19 16:42:19,870 - AUGCON - INFO - 	Validation Loss: 0.5276, Acc(1): 84.00, Acc(5): 100.00, F1: 0.19, Recall: 0.18, Precision: 0.19
2023-06-19 16:42:19,870 - AUGCON - INFO - Epoch [45/50]-(0/22) Loss: 0.5194, Acc(1): 100.00, Acc(5): 100.00
2023-06-19 16:42:19,870 - AUGCON - INFO - Epoch [45/50]-(5/22) Loss: 0.6942, Acc(1): 75.00, Acc(5): 100.00
2023-06-19 16:42:19,870 - AUGCON - INFO - Epoch [45/50]-(10/22) Loss: 0.2101, Acc(1): 100.00, Acc(5): 100.00
2023-06-19 16:42:19,870 - AUGCON - INFO - Epoch [45/50]-(15/22) Loss: 0.3633, Acc(1): 100.00, Acc(5): 100.00
2023-06-19 16:42:19,871 - AUGCON - INFO - Epoch [45/50]-(20/22) Loss: 0.2227, Acc(1): 100.00, Acc(5): 100.00
2023-06-19 16:42:19,871 - AUGCON - INFO - 	Validation Loss: 0.5504, Acc(1): 79.00, Acc(5): 100.00, F1: 0.18, Recall: 0.17, Precision: 0.19
2023-06-19 16:42:19,871 - AUGCON - INFO - Epoch [46/50]-(0/22) Loss: 0.4630, Acc(1): 75.00, Acc(5): 100.00
2023-06-19 16:42:19,871 - AUGCON - INFO - Epoch [46/50]-(5/22) Loss: 0.4322, Acc(1): 75.00, Acc(5): 100.00
2023-06-19 16:42:19,871 - AUGCON - INFO - Epoch [46/50]-(10/22) Loss: 0.4614, Acc(1): 75.00, Acc(5): 100.00
2023-06-19 16:42:19,871 - AUGCON - INFO - Epoch [46/50]-(15/22) Loss: 0.7720, Acc(1): 50.00, Acc(5): 100.00
2023-06-19 16:42:19,871 - AUGCON - INFO - Epoch [46/50]-(20/22) Loss: 0.3712, Acc(1): 100.00, Acc(5): 100.00
2023-06-19 16:42:19,871 - AUGCON - INFO - 	Validation Loss: 0.5139, Acc(1): 86.00, Acc(5): 100.00, F1: 0.19, Recall: 0.19, Precision: 0.20
2023-06-19 16:42:19,871 - AUGCON - INFO - Epoch [47/50]-(0/22) Loss: 0.3185, Acc(1): 100.00, Acc(5): 100.00
2023-06-19 16:42:19,871 - AUGCON - INFO - Epoch [47/50]-(5/22) Loss: 0.8695, Acc(1): 50.00, Acc(5): 100.00
2023-06-19 16:42:19,871 - AUGCON - INFO - Epoch [47/50]-(10/22) Loss: 0.4627, Acc(1): 100.00, Acc(5): 100.00
2023-06-19 16:42:19,871 - AUGCON - INFO - Epoch [47/50]-(15/22) Loss: 0.8173, Acc(1): 50.00, Acc(5): 100.00
2023-06-19 16:42:19,871 - AUGCON - INFO - Epoch [47/50]-(20/22) Loss: 0.4917, Acc(1): 75.00, Acc(5): 100.00
2023-06-19 16:42:19,871 - AUGCON - INFO - 	Validation Loss: 0.5051, Acc(1): 87.00, Acc(5): 100.00, F1: 0.19, Recall: 0.19, Precision: 0.20
2023-06-19 16:42:19,871 - AUGCON - INFO - Epoch [48/50]-(0/22) Loss: 0.4589, Acc(1): 75.00, Acc(5): 100.00
2023-06-19 16:42:19,871 - AUGCON - INFO - Epoch [48/50]-(5/22) Loss: 0.1869, Acc(1): 100.00, Acc(5): 100.00
2023-06-19 16:42:19,872 - AUGCON - INFO - Epoch [48/50]-(10/22) Loss: 0.5742, Acc(1): 50.00, Acc(5): 100.00
2023-06-19 16:42:19,872 - AUGCON - INFO - Epoch [48/50]-(15/22) Loss: 0.8684, Acc(1): 75.00, Acc(5): 100.00
2023-06-19 16:42:19,872 - AUGCON - INFO - Epoch [48/50]-(20/22) Loss: 0.4024, Acc(1): 75.00, Acc(5): 100.00
2023-06-19 16:42:19,872 - AUGCON - INFO - 	Validation Loss: 0.5346, Acc(1): 83.00, Acc(5): 100.00, F1: 0.18, Recall: 0.18, Precision: 0.18
2023-06-19 16:42:19,872 - AUGCON - INFO - Epoch [49/50]-(0/22) Loss: 0.7176, Acc(1): 75.00, Acc(5): 100.00
2023-06-19 16:42:19,872 - AUGCON - INFO - Epoch [49/50]-(5/22) Loss: 0.4509, Acc(1): 100.00, Acc(5): 100.00
2023-06-19 16:42:19,872 - AUGCON - INFO - Epoch [49/50]-(10/22) Loss: 0.3008, Acc(1): 100.00, Acc(5): 100.00
2023-06-19 16:42:19,872 - AUGCON - INFO - Epoch [49/50]-(15/22) Loss: 0.2583, Acc(1): 100.00, Acc(5): 100.00
2023-06-19 16:42:19,872 - AUGCON - INFO - Epoch [49/50]-(20/22) Loss: 0.2947, Acc(1): 100.00, Acc(5): 100.00
2023-06-19 16:42:19,872 - AUGCON - INFO - 	Validation Loss: 0.5391, Acc(1): 79.00, Acc(5): 100.00, F1: 0.17, Recall: 0.17, Precision: 0.18
2023-06-19 16:42:19,872 - AUGCON - INFO - Epoch [50/50]-(0/22) Loss: 0.5984, Acc(1): 100.00, Acc(5): 100.00
2023-06-19 16:42:19,872 - AUGCON - INFO - Epoch [50/50]-(5/22) Loss: 1.1290, Acc(1): 50.00, Acc(5): 100.00
2023-06-19 16:42:19,872 - AUGCON - INFO - Epoch [50/50]-(10/22) Loss: 0.3684, Acc(1): 100.00, Acc(5): 100.00
2023-06-19 16:42:19,872 - AUGCON - INFO - Epoch [50/50]-(15/22) Loss: 0.2873, Acc(1): 100.00, Acc(5): 100.00
2023-06-19 16:42:19,873 - AUGCON - INFO - Epoch [50/50]-(20/22) Loss: 0.4288, Acc(1): 75.00, Acc(5): 100.00
2023-06-19 16:42:19,873 - AUGCON - INFO - 	Validation Loss: 0.5489, Acc(1): 85.00, Acc(5): 100.00, F1: 0.19, Recall: 0.18, Precision: 0.20
2023-06-19 16:42:19,873 - AUGCON - INFO - 	Validation Loss: 0.4368, Acc(1): 86.67, Acc(5): 100.00, F1: 0.20, Recall: 0.20, Precision: 0.20
