2023-06-19 16:27:33,205 - AUGCON - INFO - logger initialized (/home/hjyoon/projects/augcon/config/exp0/finetune_da_true/without_target_domain_PH0007-jskim/cpc_random_8421/tgt_target_domain_PH0012-thanh_seed0.yaml.log)
2023-06-19 16:27:33,205 - AUGCON - INFO - ================= Config =================
2023-06-19 16:27:33,205 - AUGCON - INFO -   mode: finetune
2023-06-19 16:27:33,205 - AUGCON - INFO -   seed: 0
2023-06-19 16:27:33,206 - AUGCON - INFO -   gpu: [0]
2023-06-19 16:27:33,206 - AUGCON - INFO -   num_workers: 1
2023-06-19 16:27:33,206 - AUGCON - INFO -   dist_url: tcp://localhost:10001
2023-06-19 16:27:33,206 - AUGCON - INFO -   dataset_name: ichar
2023-06-19 16:27:33,206 - AUGCON - INFO -   train_dataset_path: /mnt/sting/hjyoon/projects/cross/ICHAR/augcon/target_domain_PH0012-thanh/finetune/10shot/target/train.pkl
2023-06-19 16:27:33,206 - AUGCON - INFO -   test_dataset_path: /mnt/sting/hjyoon/projects/cross/ICHAR/augcon/target_domain_PH0012-thanh/finetune/10shot/target/test.pkl
2023-06-19 16:27:33,206 - AUGCON - INFO -   val_dataset_path: /mnt/sting/hjyoon/projects/cross/ICHAR/augcon/target_domain_PH0012-thanh/finetune/10shot/target/val.pkl
2023-06-19 16:27:33,206 - AUGCON - INFO -   input_channels: 3
2023-06-19 16:27:33,206 - AUGCON - INFO -   num_cls: 9
2023-06-19 16:27:33,206 - AUGCON - INFO -   optimizer: adam
2023-06-19 16:27:33,206 - AUGCON - INFO -   criterion: crossentropy
2023-06-19 16:27:33,206 - AUGCON - INFO -   start_epoch: 0
2023-06-19 16:27:33,206 - AUGCON - INFO -   epochs: 50
2023-06-19 16:27:33,206 - AUGCON - INFO -   batch_size: 4
2023-06-19 16:27:33,206 - AUGCON - INFO -   lr: 0.001
2023-06-19 16:27:33,206 - AUGCON - INFO -   wd: 0.0
2023-06-19 16:27:33,206 - AUGCON - INFO -   resume: 
2023-06-19 16:27:33,206 - AUGCON - INFO -   pretrained: /mnt/sting/hjyoon/projects/augcontrast/models/exp0/pretrain/without_target_domain_PH0007-jskim/cpc_random_8421//checkpoint_0099.pth.tar
2023-06-19 16:27:33,206 - AUGCON - INFO -   ckpt_dir: /mnt/sting/hjyoon/projects/augcontrast/models/exp0/finetune_da_true/without_target_domain_PH0007-jskim/cpc_random_8421/tgt_target_domain_PH0012-thanh_seed0
2023-06-19 16:27:33,206 - AUGCON - INFO -   log_freq: 5
2023-06-19 16:27:33,206 - AUGCON - INFO -   save_freq: 10
2023-06-19 16:27:33,206 - AUGCON - INFO -   pretext: metacpc
2023-06-19 16:27:33,206 - AUGCON - INFO -   enc_blocks: 4
2023-06-19 16:27:33,206 - AUGCON - INFO -   kernel_sizes: [8, 4, 2, 1]
2023-06-19 16:27:33,206 - AUGCON - INFO -   strides: [4, 2, 1, 1]
2023-06-19 16:27:33,206 - AUGCON - INFO -   agg_blocks: 5
2023-06-19 16:27:33,206 - AUGCON - INFO -   z_dim: 256
2023-06-19 16:27:33,206 - AUGCON - INFO -   pooling: mean
2023-06-19 16:27:33,206 - AUGCON - INFO -   pred_steps: 12
2023-06-19 16:27:33,206 - AUGCON - INFO -   n_negatives: 15
2023-06-19 16:27:33,206 - AUGCON - INFO -   offset: 4
2023-06-19 16:27:33,206 - AUGCON - INFO -   domain_adaptation: True
2023-06-19 16:27:33,206 - AUGCON - INFO -   task_steps: 10
2023-06-19 16:27:33,206 - AUGCON - INFO -   task_lr: 0.001
2023-06-19 16:27:33,206 - AUGCON - INFO -   reg_lambda: 0
2023-06-19 16:27:33,206 - AUGCON - INFO -   mlp: False
2023-06-19 16:27:33,206 - AUGCON - INFO -   freeze: True
2023-06-19 16:27:33,207 - AUGCON - INFO -   no_vars: True
2023-06-19 16:27:33,207 - AUGCON - INFO - ==========================================
2023-06-19 16:27:33,207 - AUGCON - INFO - Setting GPUs: [0]
2023-06-19 16:27:33,207 - AUGCON - INFO - GPUs [0] will be used
2023-06-19 16:27:33,207 - AUGCON - WARNING - You have chosen to seed training. 
2023-06-19 16:27:33,207 - AUGCON - WARNING - This will turn on the CUDNN deterministic setting, 
2023-06-19 16:27:33,207 - AUGCON - WARNING - which can slow down your training considerably! 
2023-06-19 16:27:33,207 - AUGCON - WARNING - You may see unexpected behavior when restarting 
2023-06-19 16:27:33,207 - AUGCON - WARNING - from checkpoints.
2023-06-19 16:27:33,240 - AUGCON - INFO - Executing MetaCPC
2023-06-19 16:27:33,240 - AUGCON - INFO - Logs are skipped during training
2023-06-19 16:27:52,955 - AUGCON - INFO - Single GPU is used for training - training 90 instances for each worker
2023-06-19 16:27:52,956 - AUGCON - INFO - Loading pretrained model from checkpoint - /mnt/sting/hjyoon/projects/augcontrast/models/exp0/pretrain/without_target_domain_PH0007-jskim/cpc_random_8421//checkpoint_0099.pth.tar
2023-06-19 16:27:52,956 - AUGCON - INFO - Missing keys: ['predictor.vars.0', 'predictor.vars.1']
2023-06-19 16:27:52,956 - AUGCON - INFO - Perform domain adaptation step
2023-06-19 16:27:52,956 - AUGCON - INFO - 	meta-train [0/10] Loss: 3.3079, Acc(1): 6.04, Acc(5): 31.23
2023-06-19 16:27:52,956 - AUGCON - INFO - 	meta-train [1/10] Loss: 3.1885, Acc(1): 6.36, Acc(5): 31.68
2023-06-19 16:27:52,956 - AUGCON - INFO - 	meta-train [2/10] Loss: 3.0980, Acc(1): 6.33, Acc(5): 31.32
2023-06-19 16:27:52,956 - AUGCON - INFO - 	meta-train [3/10] Loss: 3.0453, Acc(1): 6.20, Acc(5): 31.33
2023-06-19 16:27:52,956 - AUGCON - INFO - 	meta-train [4/10] Loss: 2.9886, Acc(1): 6.24, Acc(5): 30.91
2023-06-19 16:27:52,956 - AUGCON - INFO - 	meta-train [5/10] Loss: 2.9622, Acc(1): 6.33, Acc(5): 30.78
2023-06-19 16:27:52,956 - AUGCON - INFO - 	meta-train [6/10] Loss: 2.9465, Acc(1): 6.14, Acc(5): 31.25
2023-06-19 16:27:52,957 - AUGCON - INFO - 	meta-train [7/10] Loss: 2.9199, Acc(1): 6.37, Acc(5): 31.70
2023-06-19 16:27:52,957 - AUGCON - INFO - 	meta-train [8/10] Loss: 2.9144, Acc(1): 6.54, Acc(5): 31.03
2023-06-19 16:27:52,957 - AUGCON - INFO - 	meta-train [9/10] Loss: 2.9030, Acc(1): 6.03, Acc(5): 31.39
2023-06-19 16:27:52,957 - AUGCON - INFO - Loading encoder parameters to the classifier
2023-06-19 16:27:52,957 - AUGCON - INFO - Missing keys: ['classifier.block.0.weight', 'classifier.block.0.bias']
2023-06-19 16:27:52,957 - AUGCON - INFO - Epoch [1/50]-(0/22) Loss: 2.3027, Acc(1): 0.00, Acc(5): 100.00
2023-06-19 16:27:52,957 - AUGCON - INFO - Epoch [1/50]-(5/22) Loss: 2.3926, Acc(1): 0.00, Acc(5): 75.00
2023-06-19 16:27:52,957 - AUGCON - INFO - Epoch [1/50]-(10/22) Loss: 2.8584, Acc(1): 0.00, Acc(5): 50.00
2023-06-19 16:27:52,957 - AUGCON - INFO - Epoch [1/50]-(15/22) Loss: 2.0761, Acc(1): 50.00, Acc(5): 75.00
2023-06-19 16:27:52,957 - AUGCON - INFO - Epoch [1/50]-(20/22) Loss: 2.2596, Acc(1): 0.00, Acc(5): 50.00
2023-06-19 16:27:52,957 - AUGCON - INFO - 	Validation Loss: 2.0282, Acc(1): 20.00, Acc(5): 89.00, F1: 0.06, Recall: 0.06, Precision: 0.06
2023-06-19 16:27:52,958 - AUGCON - INFO - Epoch [2/50]-(0/22) Loss: 2.0063, Acc(1): 0.00, Acc(5): 100.00
2023-06-19 16:27:52,958 - AUGCON - INFO - Epoch [2/50]-(5/22) Loss: 2.2579, Acc(1): 0.00, Acc(5): 50.00
2023-06-19 16:27:52,958 - AUGCON - INFO - Epoch [2/50]-(10/22) Loss: 2.0371, Acc(1): 25.00, Acc(5): 50.00
2023-06-19 16:27:52,958 - AUGCON - INFO - Epoch [2/50]-(15/22) Loss: 2.1932, Acc(1): 25.00, Acc(5): 75.00
2023-06-19 16:27:52,958 - AUGCON - INFO - Epoch [2/50]-(20/22) Loss: 2.0471, Acc(1): 25.00, Acc(5): 75.00
2023-06-19 16:27:52,958 - AUGCON - INFO - 	Validation Loss: 1.7880, Acc(1): 44.00, Acc(5): 91.00, F1: 0.09, Recall: 0.09, Precision: 0.09
2023-06-19 16:27:52,958 - AUGCON - INFO - Epoch [3/50]-(0/22) Loss: 1.7513, Acc(1): 75.00, Acc(5): 100.00
2023-06-19 16:27:52,958 - AUGCON - INFO - Epoch [3/50]-(5/22) Loss: 1.8008, Acc(1): 50.00, Acc(5): 100.00
2023-06-19 16:27:52,958 - AUGCON - INFO - Epoch [3/50]-(10/22) Loss: 1.8438, Acc(1): 0.00, Acc(5): 100.00
2023-06-19 16:27:52,958 - AUGCON - INFO - Epoch [3/50]-(15/22) Loss: 1.8089, Acc(1): 0.00, Acc(5): 100.00
2023-06-19 16:27:52,958 - AUGCON - INFO - Epoch [3/50]-(20/22) Loss: 1.8153, Acc(1): 0.00, Acc(5): 100.00
2023-06-19 16:27:52,959 - AUGCON - INFO - 	Validation Loss: 1.6736, Acc(1): 41.00, Acc(5): 97.00, F1: 0.14, Recall: 0.12, Precision: 0.15
2023-06-19 16:27:52,959 - AUGCON - INFO - Epoch [4/50]-(0/22) Loss: 1.8494, Acc(1): 50.00, Acc(5): 100.00
2023-06-19 16:27:52,959 - AUGCON - INFO - Epoch [4/50]-(5/22) Loss: 1.8537, Acc(1): 25.00, Acc(5): 100.00
2023-06-19 16:27:52,959 - AUGCON - INFO - Epoch [4/50]-(10/22) Loss: 1.6345, Acc(1): 50.00, Acc(5): 100.00
2023-06-19 16:27:52,959 - AUGCON - INFO - Epoch [4/50]-(15/22) Loss: 1.7295, Acc(1): 75.00, Acc(5): 100.00
2023-06-19 16:27:52,959 - AUGCON - INFO - Epoch [4/50]-(20/22) Loss: 1.6981, Acc(1): 25.00, Acc(5): 100.00
2023-06-19 16:27:52,959 - AUGCON - INFO - 	Validation Loss: 1.5428, Acc(1): 53.00, Acc(5): 98.00, F1: 0.11, Recall: 0.11, Precision: 0.11
2023-06-19 16:27:52,959 - AUGCON - INFO - Epoch [5/50]-(0/22) Loss: 1.5424, Acc(1): 25.00, Acc(5): 100.00
2023-06-19 16:27:52,959 - AUGCON - INFO - Epoch [5/50]-(5/22) Loss: 1.6700, Acc(1): 50.00, Acc(5): 100.00
2023-06-19 16:27:52,959 - AUGCON - INFO - Epoch [5/50]-(10/22) Loss: 1.7260, Acc(1): 50.00, Acc(5): 100.00
2023-06-19 16:27:52,959 - AUGCON - INFO - Epoch [5/50]-(15/22) Loss: 1.5374, Acc(1): 75.00, Acc(5): 100.00
2023-06-19 16:27:52,960 - AUGCON - INFO - Epoch [5/50]-(20/22) Loss: 1.8502, Acc(1): 25.00, Acc(5): 100.00
2023-06-19 16:27:52,960 - AUGCON - INFO - 	Validation Loss: 1.4247, Acc(1): 67.00, Acc(5): 99.00, F1: 0.17, Recall: 0.15, Precision: 0.20
2023-06-19 16:27:52,960 - AUGCON - INFO - Epoch [6/50]-(0/22) Loss: 1.4215, Acc(1): 50.00, Acc(5): 100.00
2023-06-19 16:27:52,960 - AUGCON - INFO - Epoch [6/50]-(5/22) Loss: 1.1470, Acc(1): 75.00, Acc(5): 100.00
2023-06-19 16:27:52,960 - AUGCON - INFO - Epoch [6/50]-(10/22) Loss: 1.8259, Acc(1): 0.00, Acc(5): 100.00
2023-06-19 16:27:52,960 - AUGCON - INFO - Epoch [6/50]-(15/22) Loss: 1.4261, Acc(1): 75.00, Acc(5): 100.00
2023-06-19 16:27:52,960 - AUGCON - INFO - Epoch [6/50]-(20/22) Loss: 1.3662, Acc(1): 50.00, Acc(5): 100.00
2023-06-19 16:27:52,960 - AUGCON - INFO - 	Validation Loss: 1.4169, Acc(1): 60.00, Acc(5): 98.00, F1: 0.12, Recall: 0.13, Precision: 0.11
2023-06-19 16:27:52,960 - AUGCON - INFO - Epoch [7/50]-(0/22) Loss: 1.8154, Acc(1): 0.00, Acc(5): 100.00
2023-06-19 16:27:52,960 - AUGCON - INFO - Epoch [7/50]-(5/22) Loss: 1.6185, Acc(1): 25.00, Acc(5): 100.00
2023-06-19 16:27:52,960 - AUGCON - INFO - Epoch [7/50]-(10/22) Loss: 1.8907, Acc(1): 25.00, Acc(5): 75.00
2023-06-19 16:27:52,961 - AUGCON - INFO - Epoch [7/50]-(15/22) Loss: 1.4206, Acc(1): 25.00, Acc(5): 100.00
2023-06-19 16:27:52,961 - AUGCON - INFO - Epoch [7/50]-(20/22) Loss: 1.2078, Acc(1): 50.00, Acc(5): 100.00
2023-06-19 16:27:52,961 - AUGCON - INFO - 	Validation Loss: 1.3711, Acc(1): 76.00, Acc(5): 99.00, F1: 0.18, Recall: 0.18, Precision: 0.18
2023-06-19 16:27:52,961 - AUGCON - INFO - Epoch [8/50]-(0/22) Loss: 0.9778, Acc(1): 75.00, Acc(5): 100.00
2023-06-19 16:27:52,961 - AUGCON - INFO - Epoch [8/50]-(5/22) Loss: 1.1916, Acc(1): 75.00, Acc(5): 100.00
2023-06-19 16:27:52,961 - AUGCON - INFO - Epoch [8/50]-(10/22) Loss: 1.7244, Acc(1): 25.00, Acc(5): 100.00
2023-06-19 16:27:52,961 - AUGCON - INFO - Epoch [8/50]-(15/22) Loss: 2.0206, Acc(1): 25.00, Acc(5): 75.00
2023-06-19 16:27:52,961 - AUGCON - INFO - Epoch [8/50]-(20/22) Loss: 1.6657, Acc(1): 25.00, Acc(5): 100.00
2023-06-19 16:27:52,961 - AUGCON - INFO - 	Validation Loss: 1.3562, Acc(1): 59.00, Acc(5): 98.00, F1: 0.15, Recall: 0.17, Precision: 0.13
2023-06-19 16:27:52,961 - AUGCON - INFO - Epoch [9/50]-(0/22) Loss: 1.3274, Acc(1): 25.00, Acc(5): 100.00
2023-06-19 16:27:52,961 - AUGCON - INFO - Epoch [9/50]-(5/22) Loss: 1.8694, Acc(1): 0.00, Acc(5): 100.00
2023-06-19 16:27:52,962 - AUGCON - INFO - Epoch [9/50]-(10/22) Loss: 1.0482, Acc(1): 75.00, Acc(5): 100.00
2023-06-19 16:27:52,962 - AUGCON - INFO - Epoch [9/50]-(15/22) Loss: 1.5542, Acc(1): 50.00, Acc(5): 100.00
2023-06-19 16:27:52,962 - AUGCON - INFO - Epoch [9/50]-(20/22) Loss: 1.3958, Acc(1): 25.00, Acc(5): 100.00
2023-06-19 16:27:52,962 - AUGCON - INFO - 	Validation Loss: 1.2683, Acc(1): 64.00, Acc(5): 98.00, F1: 0.13, Recall: 0.14, Precision: 0.12
2023-06-19 16:27:52,962 - AUGCON - INFO - Epoch [10/50]-(0/22) Loss: 1.2820, Acc(1): 75.00, Acc(5): 100.00
2023-06-19 16:27:52,962 - AUGCON - INFO - Epoch [10/50]-(5/22) Loss: 1.4298, Acc(1): 100.00, Acc(5): 100.00
2023-06-19 16:27:52,962 - AUGCON - INFO - Epoch [10/50]-(10/22) Loss: 1.1546, Acc(1): 50.00, Acc(5): 100.00
2023-06-19 16:27:52,962 - AUGCON - INFO - Epoch [10/50]-(15/22) Loss: 1.0739, Acc(1): 75.00, Acc(5): 100.00
2023-06-19 16:27:52,962 - AUGCON - INFO - Epoch [10/50]-(20/22) Loss: 1.4869, Acc(1): 25.00, Acc(5): 100.00
2023-06-19 16:27:52,962 - AUGCON - INFO - 	Validation Loss: 1.2344, Acc(1): 74.00, Acc(5): 98.00, F1: 0.18, Recall: 0.17, Precision: 0.19
2023-06-19 16:27:52,962 - AUGCON - INFO - Epoch [11/50]-(0/22) Loss: 1.2590, Acc(1): 50.00, Acc(5): 100.00
2023-06-19 16:27:52,963 - AUGCON - INFO - Epoch [11/50]-(5/22) Loss: 1.5015, Acc(1): 75.00, Acc(5): 75.00
2023-06-19 16:27:52,963 - AUGCON - INFO - Epoch [11/50]-(10/22) Loss: 1.3745, Acc(1): 50.00, Acc(5): 75.00
2023-06-19 16:27:52,963 - AUGCON - INFO - Epoch [11/50]-(15/22) Loss: 1.2205, Acc(1): 100.00, Acc(5): 100.00
2023-06-19 16:27:52,963 - AUGCON - INFO - Epoch [11/50]-(20/22) Loss: 1.2309, Acc(1): 75.00, Acc(5): 100.00
2023-06-19 16:27:52,963 - AUGCON - INFO - 	Validation Loss: 1.2080, Acc(1): 74.00, Acc(5): 98.00, F1: 0.18, Recall: 0.17, Precision: 0.19
2023-06-19 16:27:52,963 - AUGCON - INFO - Epoch [12/50]-(0/22) Loss: 1.2692, Acc(1): 50.00, Acc(5): 100.00
2023-06-19 16:27:52,963 - AUGCON - INFO - Epoch [12/50]-(5/22) Loss: 1.4569, Acc(1): 50.00, Acc(5): 100.00
2023-06-19 16:27:52,963 - AUGCON - INFO - Epoch [12/50]-(10/22) Loss: 1.4651, Acc(1): 25.00, Acc(5): 100.00
2023-06-19 16:27:52,963 - AUGCON - INFO - Epoch [12/50]-(15/22) Loss: 1.4063, Acc(1): 50.00, Acc(5): 100.00
2023-06-19 16:27:52,963 - AUGCON - INFO - Epoch [12/50]-(20/22) Loss: 1.3656, Acc(1): 75.00, Acc(5): 100.00
2023-06-19 16:27:52,963 - AUGCON - INFO - 	Validation Loss: 1.1840, Acc(1): 77.00, Acc(5): 97.00, F1: 0.18, Recall: 0.18, Precision: 0.17
2023-06-19 16:27:52,964 - AUGCON - INFO - Epoch [13/50]-(0/22) Loss: 1.1127, Acc(1): 75.00, Acc(5): 100.00
2023-06-19 16:27:52,964 - AUGCON - INFO - Epoch [13/50]-(5/22) Loss: 1.1257, Acc(1): 100.00, Acc(5): 100.00
2023-06-19 16:27:52,964 - AUGCON - INFO - Epoch [13/50]-(10/22) Loss: 1.7351, Acc(1): 25.00, Acc(5): 100.00
2023-06-19 16:27:52,964 - AUGCON - INFO - Epoch [13/50]-(15/22) Loss: 1.5662, Acc(1): 25.00, Acc(5): 100.00
2023-06-19 16:27:52,964 - AUGCON - INFO - Epoch [13/50]-(20/22) Loss: 1.3753, Acc(1): 50.00, Acc(5): 100.00
2023-06-19 16:27:52,964 - AUGCON - INFO - 	Validation Loss: 1.1638, Acc(1): 63.00, Acc(5): 98.00, F1: 0.13, Recall: 0.14, Precision: 0.12
2023-06-19 16:27:52,964 - AUGCON - INFO - Epoch [14/50]-(0/22) Loss: 1.1175, Acc(1): 50.00, Acc(5): 100.00
2023-06-19 16:27:52,964 - AUGCON - INFO - Epoch [14/50]-(5/22) Loss: 1.4253, Acc(1): 0.00, Acc(5): 100.00
2023-06-19 16:27:52,964 - AUGCON - INFO - Epoch [14/50]-(10/22) Loss: 1.1486, Acc(1): 25.00, Acc(5): 100.00
2023-06-19 16:27:52,964 - AUGCON - INFO - Epoch [14/50]-(15/22) Loss: 2.0178, Acc(1): 25.00, Acc(5): 75.00
2023-06-19 16:27:52,964 - AUGCON - INFO - Epoch [14/50]-(20/22) Loss: 0.9356, Acc(1): 75.00, Acc(5): 100.00
2023-06-19 16:27:52,965 - AUGCON - INFO - 	Validation Loss: 1.0923, Acc(1): 76.00, Acc(5): 98.00, F1: 0.18, Recall: 0.18, Precision: 0.19
2023-06-19 16:27:52,965 - AUGCON - INFO - Epoch [15/50]-(0/22) Loss: 1.1790, Acc(1): 75.00, Acc(5): 100.00
2023-06-19 16:27:52,965 - AUGCON - INFO - Epoch [15/50]-(5/22) Loss: 0.9535, Acc(1): 75.00, Acc(5): 100.00
2023-06-19 16:27:52,965 - AUGCON - INFO - Epoch [15/50]-(10/22) Loss: 0.9665, Acc(1): 100.00, Acc(5): 100.00
2023-06-19 16:27:52,965 - AUGCON - INFO - Epoch [15/50]-(15/22) Loss: 1.4749, Acc(1): 25.00, Acc(5): 100.00
2023-06-19 16:27:52,965 - AUGCON - INFO - Epoch [15/50]-(20/22) Loss: 1.2789, Acc(1): 25.00, Acc(5): 100.00
2023-06-19 16:27:52,965 - AUGCON - INFO - 	Validation Loss: 1.1476, Acc(1): 78.00, Acc(5): 98.00, F1: 0.17, Recall: 0.18, Precision: 0.16
2023-06-19 16:27:52,965 - AUGCON - INFO - Epoch [16/50]-(0/22) Loss: 0.9399, Acc(1): 75.00, Acc(5): 100.00
2023-06-19 16:27:52,965 - AUGCON - INFO - Epoch [16/50]-(5/22) Loss: 1.2192, Acc(1): 75.00, Acc(5): 100.00
2023-06-19 16:27:52,965 - AUGCON - INFO - Epoch [16/50]-(10/22) Loss: 1.0238, Acc(1): 100.00, Acc(5): 100.00
2023-06-19 16:27:52,965 - AUGCON - INFO - Epoch [16/50]-(15/22) Loss: 1.4420, Acc(1): 25.00, Acc(5): 100.00
2023-06-19 16:27:52,966 - AUGCON - INFO - Epoch [16/50]-(20/22) Loss: 1.2586, Acc(1): 75.00, Acc(5): 100.00
2023-06-19 16:27:52,966 - AUGCON - INFO - 	Validation Loss: 1.0904, Acc(1): 79.00, Acc(5): 98.00, F1: 0.19, Recall: 0.18, Precision: 0.19
2023-06-19 16:27:52,966 - AUGCON - INFO - Epoch [17/50]-(0/22) Loss: 0.7566, Acc(1): 100.00, Acc(5): 100.00
2023-06-19 16:27:52,966 - AUGCON - INFO - Epoch [17/50]-(5/22) Loss: 1.2802, Acc(1): 50.00, Acc(5): 100.00
2023-06-19 16:27:52,966 - AUGCON - INFO - Epoch [17/50]-(10/22) Loss: 0.8757, Acc(1): 100.00, Acc(5): 100.00
2023-06-19 16:27:52,966 - AUGCON - INFO - Epoch [17/50]-(15/22) Loss: 1.2621, Acc(1): 50.00, Acc(5): 100.00
2023-06-19 16:27:52,966 - AUGCON - INFO - Epoch [17/50]-(20/22) Loss: 1.7562, Acc(1): 25.00, Acc(5): 100.00
2023-06-19 16:27:52,966 - AUGCON - INFO - 	Validation Loss: 1.0997, Acc(1): 58.00, Acc(5): 98.00, F1: 0.12, Recall: 0.12, Precision: 0.11
2023-06-19 16:27:52,966 - AUGCON - INFO - Epoch [18/50]-(0/22) Loss: 1.1702, Acc(1): 50.00, Acc(5): 100.00
2023-06-19 16:27:52,966 - AUGCON - INFO - Epoch [18/50]-(5/22) Loss: 1.2691, Acc(1): 50.00, Acc(5): 100.00
2023-06-19 16:27:52,966 - AUGCON - INFO - Epoch [18/50]-(10/22) Loss: 1.1722, Acc(1): 50.00, Acc(5): 100.00
2023-06-19 16:27:52,967 - AUGCON - INFO - Epoch [18/50]-(15/22) Loss: 0.8796, Acc(1): 75.00, Acc(5): 100.00
2023-06-19 16:27:52,967 - AUGCON - INFO - Epoch [18/50]-(20/22) Loss: 1.2989, Acc(1): 75.00, Acc(5): 100.00
2023-06-19 16:27:52,967 - AUGCON - INFO - 	Validation Loss: 1.0940, Acc(1): 80.00, Acc(5): 98.00, F1: 0.19, Recall: 0.19, Precision: 0.18
2023-06-19 16:27:52,967 - AUGCON - INFO - Epoch [19/50]-(0/22) Loss: 1.0089, Acc(1): 50.00, Acc(5): 100.00
2023-06-19 16:27:52,967 - AUGCON - INFO - Epoch [19/50]-(5/22) Loss: 1.0752, Acc(1): 50.00, Acc(5): 100.00
2023-06-19 16:27:52,967 - AUGCON - INFO - Epoch [19/50]-(10/22) Loss: 1.3488, Acc(1): 25.00, Acc(5): 100.00
2023-06-19 16:27:52,967 - AUGCON - INFO - Epoch [19/50]-(15/22) Loss: 1.3138, Acc(1): 25.00, Acc(5): 100.00
2023-06-19 16:27:52,967 - AUGCON - INFO - Epoch [19/50]-(20/22) Loss: 1.4901, Acc(1): 25.00, Acc(5): 100.00
2023-06-19 16:27:52,967 - AUGCON - INFO - 	Validation Loss: 1.0617, Acc(1): 69.00, Acc(5): 98.00, F1: 0.14, Recall: 0.15, Precision: 0.13
2023-06-19 16:27:52,967 - AUGCON - INFO - Epoch [20/50]-(0/22) Loss: 1.1795, Acc(1): 75.00, Acc(5): 100.00
2023-06-19 16:27:52,967 - AUGCON - INFO - Epoch [20/50]-(5/22) Loss: 0.7021, Acc(1): 75.00, Acc(5): 100.00
2023-06-19 16:27:52,968 - AUGCON - INFO - Epoch [20/50]-(10/22) Loss: 0.9935, Acc(1): 50.00, Acc(5): 100.00
2023-06-19 16:27:52,968 - AUGCON - INFO - Epoch [20/50]-(15/22) Loss: 1.3821, Acc(1): 75.00, Acc(5): 100.00
2023-06-19 16:27:52,968 - AUGCON - INFO - Epoch [20/50]-(20/22) Loss: 0.7933, Acc(1): 75.00, Acc(5): 100.00
2023-06-19 16:27:52,968 - AUGCON - INFO - 	Validation Loss: 1.0533, Acc(1): 75.00, Acc(5): 98.00, F1: 0.16, Recall: 0.18, Precision: 0.15
2023-06-19 16:27:52,968 - AUGCON - INFO - Epoch [21/50]-(0/22) Loss: 1.1720, Acc(1): 50.00, Acc(5): 100.00
2023-06-19 16:27:52,968 - AUGCON - INFO - Epoch [21/50]-(5/22) Loss: 1.2248, Acc(1): 75.00, Acc(5): 100.00
2023-06-19 16:27:52,968 - AUGCON - INFO - Epoch [21/50]-(10/22) Loss: 1.1435, Acc(1): 75.00, Acc(5): 100.00
2023-06-19 16:27:52,968 - AUGCON - INFO - Epoch [21/50]-(15/22) Loss: 1.5485, Acc(1): 50.00, Acc(5): 75.00
2023-06-19 16:27:52,968 - AUGCON - INFO - Epoch [21/50]-(20/22) Loss: 1.3642, Acc(1): 50.00, Acc(5): 100.00
2023-06-19 16:27:52,968 - AUGCON - INFO - 	Validation Loss: 1.0134, Acc(1): 83.00, Acc(5): 98.00, F1: 0.19, Recall: 0.20, Precision: 0.19
2023-06-19 16:27:52,968 - AUGCON - INFO - Epoch [22/50]-(0/22) Loss: 1.0356, Acc(1): 100.00, Acc(5): 100.00
2023-06-19 16:27:52,969 - AUGCON - INFO - Epoch [22/50]-(5/22) Loss: 1.2467, Acc(1): 50.00, Acc(5): 100.00
2023-06-19 16:27:52,969 - AUGCON - INFO - Epoch [22/50]-(10/22) Loss: 1.4340, Acc(1): 50.00, Acc(5): 100.00
2023-06-19 16:27:52,969 - AUGCON - INFO - Epoch [22/50]-(15/22) Loss: 0.9604, Acc(1): 75.00, Acc(5): 100.00
2023-06-19 16:27:52,969 - AUGCON - INFO - Epoch [22/50]-(20/22) Loss: 0.9409, Acc(1): 50.00, Acc(5): 100.00
2023-06-19 16:27:52,969 - AUGCON - INFO - 	Validation Loss: 1.0150, Acc(1): 81.00, Acc(5): 99.00, F1: 0.19, Recall: 0.19, Precision: 0.18
2023-06-19 16:27:52,969 - AUGCON - INFO - Epoch [23/50]-(0/22) Loss: 1.1825, Acc(1): 50.00, Acc(5): 100.00
2023-06-19 16:27:52,969 - AUGCON - INFO - Epoch [23/50]-(5/22) Loss: 0.9476, Acc(1): 100.00, Acc(5): 100.00
2023-06-19 16:27:52,969 - AUGCON - INFO - Epoch [23/50]-(10/22) Loss: 1.3601, Acc(1): 50.00, Acc(5): 100.00
2023-06-19 16:27:52,969 - AUGCON - INFO - Epoch [23/50]-(15/22) Loss: 1.0609, Acc(1): 50.00, Acc(5): 100.00
2023-06-19 16:27:52,969 - AUGCON - INFO - Epoch [23/50]-(20/22) Loss: 1.0508, Acc(1): 50.00, Acc(5): 100.00
2023-06-19 16:27:52,970 - AUGCON - INFO - 	Validation Loss: 1.0330, Acc(1): 63.00, Acc(5): 98.00, F1: 0.13, Recall: 0.14, Precision: 0.12
2023-06-19 16:27:52,970 - AUGCON - INFO - Epoch [24/50]-(0/22) Loss: 1.0920, Acc(1): 75.00, Acc(5): 100.00
2023-06-19 16:27:52,970 - AUGCON - INFO - Epoch [24/50]-(5/22) Loss: 0.8333, Acc(1): 75.00, Acc(5): 100.00
2023-06-19 16:27:52,970 - AUGCON - INFO - Epoch [24/50]-(10/22) Loss: 1.0354, Acc(1): 25.00, Acc(5): 100.00
2023-06-19 16:27:52,970 - AUGCON - INFO - Epoch [24/50]-(15/22) Loss: 1.0072, Acc(1): 75.00, Acc(5): 100.00
2023-06-19 16:27:52,970 - AUGCON - INFO - Epoch [24/50]-(20/22) Loss: 0.7961, Acc(1): 75.00, Acc(5): 100.00
2023-06-19 16:27:52,970 - AUGCON - INFO - 	Validation Loss: 1.0206, Acc(1): 78.00, Acc(5): 98.00, F1: 0.19, Recall: 0.18, Precision: 0.20
2023-06-19 16:27:52,970 - AUGCON - INFO - Epoch [25/50]-(0/22) Loss: 0.5342, Acc(1): 100.00, Acc(5): 100.00
2023-06-19 16:27:52,970 - AUGCON - INFO - Epoch [25/50]-(5/22) Loss: 1.1129, Acc(1): 75.00, Acc(5): 100.00
2023-06-19 16:27:52,970 - AUGCON - INFO - Epoch [25/50]-(10/22) Loss: 0.7599, Acc(1): 100.00, Acc(5): 100.00
2023-06-19 16:27:52,970 - AUGCON - INFO - Epoch [25/50]-(15/22) Loss: 1.2418, Acc(1): 50.00, Acc(5): 100.00
2023-06-19 16:27:52,971 - AUGCON - INFO - Epoch [25/50]-(20/22) Loss: 1.1278, Acc(1): 50.00, Acc(5): 100.00
2023-06-19 16:27:52,971 - AUGCON - INFO - 	Validation Loss: 0.9939, Acc(1): 80.00, Acc(5): 98.00, F1: 0.19, Recall: 0.19, Precision: 0.19
2023-06-19 16:27:52,971 - AUGCON - INFO - Epoch [26/50]-(0/22) Loss: 1.3118, Acc(1): 75.00, Acc(5): 100.00
2023-06-19 16:27:52,971 - AUGCON - INFO - Epoch [26/50]-(5/22) Loss: 1.5634, Acc(1): 50.00, Acc(5): 100.00
2023-06-19 16:27:52,971 - AUGCON - INFO - Epoch [26/50]-(10/22) Loss: 1.3587, Acc(1): 50.00, Acc(5): 100.00
2023-06-19 16:27:52,971 - AUGCON - INFO - Epoch [26/50]-(15/22) Loss: 1.2696, Acc(1): 50.00, Acc(5): 100.00
2023-06-19 16:27:52,971 - AUGCON - INFO - Epoch [26/50]-(20/22) Loss: 0.8498, Acc(1): 75.00, Acc(5): 100.00
2023-06-19 16:27:52,971 - AUGCON - INFO - 	Validation Loss: 1.0011, Acc(1): 81.00, Acc(5): 98.00, F1: 0.19, Recall: 0.19, Precision: 0.18
2023-06-19 16:27:52,971 - AUGCON - INFO - Epoch [27/50]-(0/22) Loss: 1.0731, Acc(1): 50.00, Acc(5): 100.00
2023-06-19 16:27:52,971 - AUGCON - INFO - Epoch [27/50]-(5/22) Loss: 1.0976, Acc(1): 50.00, Acc(5): 100.00
2023-06-19 16:27:52,971 - AUGCON - INFO - Epoch [27/50]-(10/22) Loss: 0.8361, Acc(1): 100.00, Acc(5): 100.00
2023-06-19 16:27:52,971 - AUGCON - INFO - Epoch [27/50]-(15/22) Loss: 1.4998, Acc(1): 0.00, Acc(5): 100.00
2023-06-19 16:27:52,972 - AUGCON - INFO - Epoch [27/50]-(20/22) Loss: 1.6491, Acc(1): 50.00, Acc(5): 75.00
2023-06-19 16:27:52,972 - AUGCON - INFO - 	Validation Loss: 0.9541, Acc(1): 82.00, Acc(5): 98.00, F1: 0.20, Recall: 0.19, Precision: 0.21
2023-06-19 16:27:52,972 - AUGCON - INFO - Epoch [28/50]-(0/22) Loss: 1.6491, Acc(1): 25.00, Acc(5): 100.00
2023-06-19 16:27:52,972 - AUGCON - INFO - Epoch [28/50]-(5/22) Loss: 1.1825, Acc(1): 100.00, Acc(5): 100.00
2023-06-19 16:27:52,972 - AUGCON - INFO - Epoch [28/50]-(10/22) Loss: 1.3331, Acc(1): 50.00, Acc(5): 100.00
2023-06-19 16:27:52,972 - AUGCON - INFO - Epoch [28/50]-(15/22) Loss: 0.7997, Acc(1): 75.00, Acc(5): 100.00
2023-06-19 16:27:52,972 - AUGCON - INFO - Epoch [28/50]-(20/22) Loss: 1.0517, Acc(1): 50.00, Acc(5): 100.00
2023-06-19 16:27:52,972 - AUGCON - INFO - 	Validation Loss: 0.9363, Acc(1): 80.00, Acc(5): 98.00, F1: 0.19, Recall: 0.19, Precision: 0.19
2023-06-19 16:27:52,972 - AUGCON - INFO - Epoch [29/50]-(0/22) Loss: 1.0355, Acc(1): 100.00, Acc(5): 100.00
2023-06-19 16:27:52,972 - AUGCON - INFO - Epoch [29/50]-(5/22) Loss: 1.2073, Acc(1): 75.00, Acc(5): 100.00
2023-06-19 16:27:52,973 - AUGCON - INFO - Epoch [29/50]-(10/22) Loss: 0.6199, Acc(1): 100.00, Acc(5): 100.00
2023-06-19 16:27:52,973 - AUGCON - INFO - Epoch [29/50]-(15/22) Loss: 0.7917, Acc(1): 75.00, Acc(5): 100.00
2023-06-19 16:27:52,973 - AUGCON - INFO - Epoch [29/50]-(20/22) Loss: 1.3417, Acc(1): 50.00, Acc(5): 100.00
2023-06-19 16:27:52,973 - AUGCON - INFO - 	Validation Loss: 0.9382, Acc(1): 83.00, Acc(5): 98.00, F1: 0.20, Recall: 0.20, Precision: 0.19
2023-06-19 16:27:52,973 - AUGCON - INFO - Epoch [30/50]-(0/22) Loss: 1.1653, Acc(1): 75.00, Acc(5): 100.00
2023-06-19 16:27:52,973 - AUGCON - INFO - Epoch [30/50]-(5/22) Loss: 1.3730, Acc(1): 50.00, Acc(5): 100.00
2023-06-19 16:27:52,973 - AUGCON - INFO - Epoch [30/50]-(10/22) Loss: 0.9239, Acc(1): 100.00, Acc(5): 100.00
2023-06-19 16:27:52,973 - AUGCON - INFO - Epoch [30/50]-(15/22) Loss: 1.1862, Acc(1): 50.00, Acc(5): 100.00
2023-06-19 16:27:52,973 - AUGCON - INFO - Epoch [30/50]-(20/22) Loss: 1.0715, Acc(1): 25.00, Acc(5): 100.00
2023-06-19 16:27:52,973 - AUGCON - INFO - 	Validation Loss: 0.9655, Acc(1): 85.00, Acc(5): 98.00, F1: 0.20, Recall: 0.20, Precision: 0.19
2023-06-19 16:27:52,973 - AUGCON - INFO - Epoch [31/50]-(0/22) Loss: 0.5627, Acc(1): 75.00, Acc(5): 100.00
2023-06-19 16:27:52,974 - AUGCON - INFO - Epoch [31/50]-(5/22) Loss: 0.9304, Acc(1): 50.00, Acc(5): 100.00
2023-06-19 16:27:52,974 - AUGCON - INFO - Epoch [31/50]-(10/22) Loss: 1.0912, Acc(1): 75.00, Acc(5): 100.00
2023-06-19 16:27:52,974 - AUGCON - INFO - Epoch [31/50]-(15/22) Loss: 1.0674, Acc(1): 75.00, Acc(5): 100.00
2023-06-19 16:27:52,974 - AUGCON - INFO - Epoch [31/50]-(20/22) Loss: 0.8866, Acc(1): 50.00, Acc(5): 100.00
2023-06-19 16:27:52,974 - AUGCON - INFO - 	Validation Loss: 0.8918, Acc(1): 82.00, Acc(5): 98.00, F1: 0.19, Recall: 0.19, Precision: 0.19
2023-06-19 16:27:52,974 - AUGCON - INFO - Epoch [32/50]-(0/22) Loss: 0.6908, Acc(1): 100.00, Acc(5): 100.00
2023-06-19 16:27:52,974 - AUGCON - INFO - Epoch [32/50]-(5/22) Loss: 1.0077, Acc(1): 75.00, Acc(5): 100.00
2023-06-19 16:27:52,974 - AUGCON - INFO - Epoch [32/50]-(10/22) Loss: 0.9642, Acc(1): 75.00, Acc(5): 100.00
2023-06-19 16:27:52,974 - AUGCON - INFO - Epoch [32/50]-(15/22) Loss: 0.9122, Acc(1): 75.00, Acc(5): 100.00
2023-06-19 16:27:52,974 - AUGCON - INFO - Epoch [32/50]-(20/22) Loss: 0.3901, Acc(1): 100.00, Acc(5): 100.00
2023-06-19 16:27:52,974 - AUGCON - INFO - 	Validation Loss: 0.8900, Acc(1): 83.00, Acc(5): 98.00, F1: 0.19, Recall: 0.20, Precision: 0.19
2023-06-19 16:27:52,974 - AUGCON - INFO - Epoch [33/50]-(0/22) Loss: 0.7417, Acc(1): 75.00, Acc(5): 100.00
2023-06-19 16:27:52,974 - AUGCON - INFO - Epoch [33/50]-(5/22) Loss: 1.3448, Acc(1): 50.00, Acc(5): 100.00
2023-06-19 16:27:52,974 - AUGCON - INFO - Epoch [33/50]-(10/22) Loss: 0.7723, Acc(1): 100.00, Acc(5): 100.00
2023-06-19 16:27:52,974 - AUGCON - INFO - Epoch [33/50]-(15/22) Loss: 1.1731, Acc(1): 25.00, Acc(5): 100.00
2023-06-19 16:27:52,975 - AUGCON - INFO - Epoch [33/50]-(20/22) Loss: 0.8944, Acc(1): 75.00, Acc(5): 100.00
2023-06-19 16:27:52,975 - AUGCON - INFO - 	Validation Loss: 0.9489, Acc(1): 82.00, Acc(5): 98.00, F1: 0.19, Recall: 0.19, Precision: 0.19
2023-06-19 16:27:52,975 - AUGCON - INFO - Epoch [34/50]-(0/22) Loss: 0.2997, Acc(1): 100.00, Acc(5): 100.00
2023-06-19 16:27:52,975 - AUGCON - INFO - Epoch [34/50]-(5/22) Loss: 1.1935, Acc(1): 50.00, Acc(5): 100.00
2023-06-19 16:27:52,975 - AUGCON - INFO - Epoch [34/50]-(10/22) Loss: 1.0626, Acc(1): 50.00, Acc(5): 100.00
2023-06-19 16:27:52,975 - AUGCON - INFO - Epoch [34/50]-(15/22) Loss: 1.1791, Acc(1): 75.00, Acc(5): 100.00
2023-06-19 16:27:52,975 - AUGCON - INFO - Epoch [34/50]-(20/22) Loss: 0.7158, Acc(1): 75.00, Acc(5): 100.00
2023-06-19 16:27:52,975 - AUGCON - INFO - 	Validation Loss: 0.9139, Acc(1): 82.00, Acc(5): 98.00, F1: 0.19, Recall: 0.19, Precision: 0.19
2023-06-19 16:27:52,975 - AUGCON - INFO - Epoch [35/50]-(0/22) Loss: 0.5195, Acc(1): 100.00, Acc(5): 100.00
2023-06-19 16:27:52,975 - AUGCON - INFO - Epoch [35/50]-(5/22) Loss: 1.0840, Acc(1): 50.00, Acc(5): 100.00
2023-06-19 16:27:52,975 - AUGCON - INFO - Epoch [35/50]-(10/22) Loss: 0.8947, Acc(1): 100.00, Acc(5): 100.00
2023-06-19 16:27:52,975 - AUGCON - INFO - Epoch [35/50]-(15/22) Loss: 1.1294, Acc(1): 50.00, Acc(5): 100.00
2023-06-19 16:27:52,975 - AUGCON - INFO - Epoch [35/50]-(20/22) Loss: 1.3008, Acc(1): 50.00, Acc(5): 100.00
2023-06-19 16:27:52,975 - AUGCON - INFO - 	Validation Loss: 0.8955, Acc(1): 84.00, Acc(5): 98.00, F1: 0.19, Recall: 0.20, Precision: 0.19
2023-06-19 16:27:52,975 - AUGCON - INFO - Epoch [36/50]-(0/22) Loss: 0.8251, Acc(1): 100.00, Acc(5): 100.00
2023-06-19 16:27:52,975 - AUGCON - INFO - Epoch [36/50]-(5/22) Loss: 1.2468, Acc(1): 50.00, Acc(5): 100.00
2023-06-19 16:27:52,976 - AUGCON - INFO - Epoch [36/50]-(10/22) Loss: 1.2699, Acc(1): 25.00, Acc(5): 100.00
2023-06-19 16:27:52,976 - AUGCON - INFO - Epoch [36/50]-(15/22) Loss: 0.6914, Acc(1): 100.00, Acc(5): 100.00
2023-06-19 16:27:52,976 - AUGCON - INFO - Epoch [36/50]-(20/22) Loss: 1.0886, Acc(1): 50.00, Acc(5): 100.00
2023-06-19 16:27:52,976 - AUGCON - INFO - 	Validation Loss: 0.9682, Acc(1): 68.00, Acc(5): 98.00, F1: 0.14, Recall: 0.15, Precision: 0.13
2023-06-19 16:27:52,976 - AUGCON - INFO - Epoch [37/50]-(0/22) Loss: 0.5342, Acc(1): 75.00, Acc(5): 100.00
2023-06-19 16:27:52,976 - AUGCON - INFO - Epoch [37/50]-(5/22) Loss: 1.3316, Acc(1): 75.00, Acc(5): 100.00
2023-06-19 16:27:52,976 - AUGCON - INFO - Epoch [37/50]-(10/22) Loss: 1.1265, Acc(1): 100.00, Acc(5): 100.00
2023-06-19 16:27:52,976 - AUGCON - INFO - Epoch [37/50]-(15/22) Loss: 0.9524, Acc(1): 75.00, Acc(5): 100.00
2023-06-19 16:27:52,976 - AUGCON - INFO - Epoch [37/50]-(20/22) Loss: 0.9785, Acc(1): 50.00, Acc(5): 100.00
2023-06-19 16:27:52,976 - AUGCON - INFO - 	Validation Loss: 0.8907, Acc(1): 85.00, Acc(5): 98.00, F1: 0.20, Recall: 0.20, Precision: 0.20
2023-06-19 16:27:52,976 - AUGCON - INFO - Epoch [38/50]-(0/22) Loss: 1.0853, Acc(1): 50.00, Acc(5): 100.00
2023-06-19 16:27:52,976 - AUGCON - INFO - Epoch [38/50]-(5/22) Loss: 0.5196, Acc(1): 75.00, Acc(5): 100.00
2023-06-19 16:27:52,976 - AUGCON - INFO - Epoch [38/50]-(10/22) Loss: 0.7290, Acc(1): 75.00, Acc(5): 100.00
2023-06-19 16:27:52,976 - AUGCON - INFO - Epoch [38/50]-(15/22) Loss: 1.0044, Acc(1): 75.00, Acc(5): 100.00
2023-06-19 16:27:52,977 - AUGCON - INFO - Epoch [38/50]-(20/22) Loss: 0.7262, Acc(1): 100.00, Acc(5): 100.00
2023-06-19 16:27:52,977 - AUGCON - INFO - 	Validation Loss: 0.8878, Acc(1): 83.00, Acc(5): 98.00, F1: 0.19, Recall: 0.20, Precision: 0.18
2023-06-19 16:27:52,977 - AUGCON - INFO - Epoch [39/50]-(0/22) Loss: 0.7801, Acc(1): 75.00, Acc(5): 100.00
2023-06-19 16:27:52,977 - AUGCON - INFO - Epoch [39/50]-(5/22) Loss: 1.1443, Acc(1): 50.00, Acc(5): 100.00
2023-06-19 16:27:52,977 - AUGCON - INFO - Epoch [39/50]-(10/22) Loss: 1.4480, Acc(1): 50.00, Acc(5): 100.00
2023-06-19 16:27:52,977 - AUGCON - INFO - Epoch [39/50]-(15/22) Loss: 1.1476, Acc(1): 75.00, Acc(5): 100.00
2023-06-19 16:27:52,977 - AUGCON - INFO - Epoch [39/50]-(20/22) Loss: 1.0852, Acc(1): 50.00, Acc(5): 100.00
2023-06-19 16:27:52,977 - AUGCON - INFO - 	Validation Loss: 0.9066, Acc(1): 85.00, Acc(5): 98.00, F1: 0.20, Recall: 0.20, Precision: 0.19
2023-06-19 16:27:52,977 - AUGCON - INFO - Epoch [40/50]-(0/22) Loss: 0.9932, Acc(1): 100.00, Acc(5): 100.00
2023-06-19 16:27:52,977 - AUGCON - INFO - Epoch [40/50]-(5/22) Loss: 0.9253, Acc(1): 75.00, Acc(5): 100.00
2023-06-19 16:27:52,977 - AUGCON - INFO - Epoch [40/50]-(10/22) Loss: 0.9640, Acc(1): 25.00, Acc(5): 100.00
2023-06-19 16:27:52,977 - AUGCON - INFO - Epoch [40/50]-(15/22) Loss: 1.2039, Acc(1): 25.00, Acc(5): 100.00
2023-06-19 16:27:52,977 - AUGCON - INFO - Epoch [40/50]-(20/22) Loss: 1.1543, Acc(1): 50.00, Acc(5): 100.00
2023-06-19 16:27:52,977 - AUGCON - INFO - 	Validation Loss: 0.9190, Acc(1): 77.00, Acc(5): 98.00, F1: 0.18, Recall: 0.18, Precision: 0.18
2023-06-19 16:27:52,978 - AUGCON - INFO - Epoch [41/50]-(0/22) Loss: 0.6880, Acc(1): 50.00, Acc(5): 100.00
2023-06-19 16:27:52,978 - AUGCON - INFO - Epoch [41/50]-(5/22) Loss: 0.8360, Acc(1): 75.00, Acc(5): 100.00
2023-06-19 16:27:52,978 - AUGCON - INFO - Epoch [41/50]-(10/22) Loss: 0.8446, Acc(1): 75.00, Acc(5): 100.00
2023-06-19 16:27:52,978 - AUGCON - INFO - Epoch [41/50]-(15/22) Loss: 1.2302, Acc(1): 25.00, Acc(5): 100.00
2023-06-19 16:27:52,978 - AUGCON - INFO - Epoch [41/50]-(20/22) Loss: 0.8129, Acc(1): 75.00, Acc(5): 100.00
2023-06-19 16:27:52,978 - AUGCON - INFO - 	Validation Loss: 0.8569, Acc(1): 81.00, Acc(5): 98.00, F1: 0.19, Recall: 0.19, Precision: 0.20
2023-06-19 16:27:52,978 - AUGCON - INFO - Epoch [42/50]-(0/22) Loss: 1.1657, Acc(1): 50.00, Acc(5): 100.00
2023-06-19 16:27:52,978 - AUGCON - INFO - Epoch [42/50]-(5/22) Loss: 0.7512, Acc(1): 50.00, Acc(5): 100.00
2023-06-19 16:27:52,978 - AUGCON - INFO - Epoch [42/50]-(10/22) Loss: 0.2935, Acc(1): 100.00, Acc(5): 100.00
2023-06-19 16:27:52,978 - AUGCON - INFO - Epoch [42/50]-(15/22) Loss: 0.7420, Acc(1): 75.00, Acc(5): 100.00
2023-06-19 16:27:52,978 - AUGCON - INFO - Epoch [42/50]-(20/22) Loss: 0.6581, Acc(1): 75.00, Acc(5): 100.00
2023-06-19 16:27:52,978 - AUGCON - INFO - 	Validation Loss: 0.8761, Acc(1): 80.00, Acc(5): 98.00, F1: 0.19, Recall: 0.19, Precision: 0.19
2023-06-19 16:27:52,978 - AUGCON - INFO - Epoch [43/50]-(0/22) Loss: 0.6162, Acc(1): 100.00, Acc(5): 100.00
2023-06-19 16:27:52,978 - AUGCON - INFO - Epoch [43/50]-(5/22) Loss: 0.8688, Acc(1): 75.00, Acc(5): 100.00
2023-06-19 16:27:52,979 - AUGCON - INFO - Epoch [43/50]-(10/22) Loss: 1.4368, Acc(1): 50.00, Acc(5): 75.00
2023-06-19 16:27:52,979 - AUGCON - INFO - Epoch [43/50]-(15/22) Loss: 0.9438, Acc(1): 75.00, Acc(5): 100.00
2023-06-19 16:27:52,979 - AUGCON - INFO - Epoch [43/50]-(20/22) Loss: 1.0762, Acc(1): 50.00, Acc(5): 100.00
2023-06-19 16:27:52,979 - AUGCON - INFO - 	Validation Loss: 0.8570, Acc(1): 84.00, Acc(5): 97.00, F1: 0.19, Recall: 0.20, Precision: 0.19
2023-06-19 16:27:52,979 - AUGCON - INFO - Epoch [44/50]-(0/22) Loss: 0.7032, Acc(1): 75.00, Acc(5): 100.00
2023-06-19 16:27:52,979 - AUGCON - INFO - Epoch [44/50]-(5/22) Loss: 0.8095, Acc(1): 75.00, Acc(5): 100.00
2023-06-19 16:27:52,979 - AUGCON - INFO - Epoch [44/50]-(10/22) Loss: 0.9370, Acc(1): 50.00, Acc(5): 100.00
2023-06-19 16:27:52,979 - AUGCON - INFO - Epoch [44/50]-(15/22) Loss: 0.7777, Acc(1): 100.00, Acc(5): 100.00
2023-06-19 16:27:52,979 - AUGCON - INFO - Epoch [44/50]-(20/22) Loss: 1.0331, Acc(1): 50.00, Acc(5): 100.00
2023-06-19 16:27:52,979 - AUGCON - INFO - 	Validation Loss: 0.9089, Acc(1): 82.00, Acc(5): 98.00, F1: 0.19, Recall: 0.19, Precision: 0.19
2023-06-19 16:27:52,979 - AUGCON - INFO - Epoch [45/50]-(0/22) Loss: 1.1139, Acc(1): 25.00, Acc(5): 100.00
2023-06-19 16:27:52,979 - AUGCON - INFO - Epoch [45/50]-(5/22) Loss: 0.4212, Acc(1): 100.00, Acc(5): 100.00
2023-06-19 16:27:52,979 - AUGCON - INFO - Epoch [45/50]-(10/22) Loss: 0.5475, Acc(1): 75.00, Acc(5): 100.00
2023-06-19 16:27:52,979 - AUGCON - INFO - Epoch [45/50]-(15/22) Loss: 1.0598, Acc(1): 25.00, Acc(5): 100.00
2023-06-19 16:27:52,980 - AUGCON - INFO - Epoch [45/50]-(20/22) Loss: 1.2918, Acc(1): 50.00, Acc(5): 100.00
2023-06-19 16:27:52,980 - AUGCON - INFO - 	Validation Loss: 0.8601, Acc(1): 84.00, Acc(5): 97.00, F1: 0.19, Recall: 0.20, Precision: 0.19
2023-06-19 16:27:52,980 - AUGCON - INFO - Epoch [46/50]-(0/22) Loss: 0.8862, Acc(1): 75.00, Acc(5): 100.00
2023-06-19 16:27:52,980 - AUGCON - INFO - Epoch [46/50]-(5/22) Loss: 0.6068, Acc(1): 100.00, Acc(5): 100.00
2023-06-19 16:27:52,980 - AUGCON - INFO - Epoch [46/50]-(10/22) Loss: 0.7505, Acc(1): 75.00, Acc(5): 100.00
2023-06-19 16:27:52,980 - AUGCON - INFO - Epoch [46/50]-(15/22) Loss: 0.8854, Acc(1): 100.00, Acc(5): 100.00
2023-06-19 16:27:52,980 - AUGCON - INFO - Epoch [46/50]-(20/22) Loss: 0.9680, Acc(1): 75.00, Acc(5): 100.00
2023-06-19 16:27:52,980 - AUGCON - INFO - 	Validation Loss: 0.8067, Acc(1): 81.00, Acc(5): 98.00, F1: 0.19, Recall: 0.19, Precision: 0.19
2023-06-19 16:27:52,980 - AUGCON - INFO - Epoch [47/50]-(0/22) Loss: 1.1983, Acc(1): 50.00, Acc(5): 100.00
2023-06-19 16:27:52,980 - AUGCON - INFO - Epoch [47/50]-(5/22) Loss: 0.6803, Acc(1): 75.00, Acc(5): 100.00
2023-06-19 16:27:52,980 - AUGCON - INFO - Epoch [47/50]-(10/22) Loss: 0.6753, Acc(1): 75.00, Acc(5): 100.00
2023-06-19 16:27:52,980 - AUGCON - INFO - Epoch [47/50]-(15/22) Loss: 0.7172, Acc(1): 75.00, Acc(5): 100.00
2023-06-19 16:27:52,981 - AUGCON - INFO - Epoch [47/50]-(20/22) Loss: 1.4559, Acc(1): 25.00, Acc(5): 100.00
2023-06-19 16:27:52,981 - AUGCON - INFO - 	Validation Loss: 0.8606, Acc(1): 79.00, Acc(5): 97.00, F1: 0.19, Recall: 0.18, Precision: 0.19
2023-06-19 16:27:52,981 - AUGCON - INFO - Epoch [48/50]-(0/22) Loss: 0.8045, Acc(1): 75.00, Acc(5): 100.00
2023-06-19 16:27:52,981 - AUGCON - INFO - Epoch [48/50]-(5/22) Loss: 0.3348, Acc(1): 100.00, Acc(5): 100.00
2023-06-19 16:27:52,981 - AUGCON - INFO - Epoch [48/50]-(10/22) Loss: 0.9169, Acc(1): 50.00, Acc(5): 100.00
2023-06-19 16:27:52,981 - AUGCON - INFO - Epoch [48/50]-(15/22) Loss: 1.0482, Acc(1): 75.00, Acc(5): 100.00
2023-06-19 16:27:52,981 - AUGCON - INFO - Epoch [48/50]-(20/22) Loss: 1.0822, Acc(1): 75.00, Acc(5): 100.00
2023-06-19 16:27:52,981 - AUGCON - INFO - 	Validation Loss: 0.9067, Acc(1): 84.00, Acc(5): 98.00, F1: 0.19, Recall: 0.20, Precision: 0.19
2023-06-19 16:27:52,981 - AUGCON - INFO - Epoch [49/50]-(0/22) Loss: 1.0987, Acc(1): 25.00, Acc(5): 100.00
2023-06-19 16:27:52,981 - AUGCON - INFO - Epoch [49/50]-(5/22) Loss: 1.1933, Acc(1): 75.00, Acc(5): 100.00
2023-06-19 16:27:52,981 - AUGCON - INFO - Epoch [49/50]-(10/22) Loss: 0.7382, Acc(1): 100.00, Acc(5): 100.00
2023-06-19 16:27:52,981 - AUGCON - INFO - Epoch [49/50]-(15/22) Loss: 1.3247, Acc(1): 25.00, Acc(5): 100.00
2023-06-19 16:27:52,981 - AUGCON - INFO - Epoch [49/50]-(20/22) Loss: 0.7996, Acc(1): 75.00, Acc(5): 100.00
2023-06-19 16:27:52,981 - AUGCON - INFO - 	Validation Loss: 0.8671, Acc(1): 84.00, Acc(5): 97.00, F1: 0.20, Recall: 0.20, Precision: 0.20
2023-06-19 16:27:52,982 - AUGCON - INFO - Epoch [50/50]-(0/22) Loss: 1.2198, Acc(1): 75.00, Acc(5): 100.00
2023-06-19 16:27:52,982 - AUGCON - INFO - Epoch [50/50]-(5/22) Loss: 0.8883, Acc(1): 100.00, Acc(5): 100.00
2023-06-19 16:27:52,982 - AUGCON - INFO - Epoch [50/50]-(10/22) Loss: 1.1674, Acc(1): 50.00, Acc(5): 100.00
2023-06-19 16:27:52,982 - AUGCON - INFO - Epoch [50/50]-(15/22) Loss: 1.6343, Acc(1): 25.00, Acc(5): 100.00
2023-06-19 16:27:52,982 - AUGCON - INFO - Epoch [50/50]-(20/22) Loss: 0.7770, Acc(1): 100.00, Acc(5): 100.00
2023-06-19 16:27:52,982 - AUGCON - INFO - 	Validation Loss: 0.8371, Acc(1): 82.00, Acc(5): 98.00, F1: 0.18, Recall: 0.19, Precision: 0.17
2023-06-19 16:27:52,982 - AUGCON - INFO - 	Validation Loss: 1.0107, Acc(1): 76.67, Acc(5): 94.33, F1: 0.18, Recall: 0.19, Precision: 0.17
