2023-06-19 16:28:39,091 - AUGCON - INFO - logger initialized (/home/hjyoon/projects/augcon/config/exp0/finetune_da_true/without_target_domain_PH0007-jskim/cpc_random_8421/tgt_target_domain_PH0038-iygoo_seed0.yaml.log)
2023-06-19 16:28:39,092 - AUGCON - INFO - ================= Config =================
2023-06-19 16:28:39,092 - AUGCON - INFO -   mode: finetune
2023-06-19 16:28:39,092 - AUGCON - INFO -   seed: 0
2023-06-19 16:28:39,092 - AUGCON - INFO -   gpu: [0]
2023-06-19 16:28:39,092 - AUGCON - INFO -   num_workers: 1
2023-06-19 16:28:39,092 - AUGCON - INFO -   dist_url: tcp://localhost:10001
2023-06-19 16:28:39,092 - AUGCON - INFO -   dataset_name: ichar
2023-06-19 16:28:39,092 - AUGCON - INFO -   train_dataset_path: /mnt/sting/hjyoon/projects/cross/ICHAR/augcon/target_domain_PH0038-iygoo/finetune/10shot/target/train.pkl
2023-06-19 16:28:39,092 - AUGCON - INFO -   test_dataset_path: /mnt/sting/hjyoon/projects/cross/ICHAR/augcon/target_domain_PH0038-iygoo/finetune/10shot/target/test.pkl
2023-06-19 16:28:39,092 - AUGCON - INFO -   val_dataset_path: /mnt/sting/hjyoon/projects/cross/ICHAR/augcon/target_domain_PH0038-iygoo/finetune/10shot/target/val.pkl
2023-06-19 16:28:39,092 - AUGCON - INFO -   input_channels: 3
2023-06-19 16:28:39,092 - AUGCON - INFO -   num_cls: 9
2023-06-19 16:28:39,092 - AUGCON - INFO -   optimizer: adam
2023-06-19 16:28:39,092 - AUGCON - INFO -   criterion: crossentropy
2023-06-19 16:28:39,092 - AUGCON - INFO -   start_epoch: 0
2023-06-19 16:28:39,092 - AUGCON - INFO -   epochs: 50
2023-06-19 16:28:39,092 - AUGCON - INFO -   batch_size: 4
2023-06-19 16:28:39,092 - AUGCON - INFO -   lr: 0.001
2023-06-19 16:28:39,092 - AUGCON - INFO -   wd: 0.0
2023-06-19 16:28:39,092 - AUGCON - INFO -   resume: 
2023-06-19 16:28:39,092 - AUGCON - INFO -   pretrained: /mnt/sting/hjyoon/projects/augcontrast/models/exp0/pretrain/without_target_domain_PH0007-jskim/cpc_random_8421//checkpoint_0099.pth.tar
2023-06-19 16:28:39,092 - AUGCON - INFO -   ckpt_dir: /mnt/sting/hjyoon/projects/augcontrast/models/exp0/finetune_da_true/without_target_domain_PH0007-jskim/cpc_random_8421/tgt_target_domain_PH0038-iygoo_seed0
2023-06-19 16:28:39,092 - AUGCON - INFO -   log_freq: 5
2023-06-19 16:28:39,092 - AUGCON - INFO -   save_freq: 10
2023-06-19 16:28:39,092 - AUGCON - INFO -   pretext: metacpc
2023-06-19 16:28:39,092 - AUGCON - INFO -   enc_blocks: 4
2023-06-19 16:28:39,092 - AUGCON - INFO -   kernel_sizes: [8, 4, 2, 1]
2023-06-19 16:28:39,092 - AUGCON - INFO -   strides: [4, 2, 1, 1]
2023-06-19 16:28:39,092 - AUGCON - INFO -   agg_blocks: 5
2023-06-19 16:28:39,092 - AUGCON - INFO -   z_dim: 256
2023-06-19 16:28:39,092 - AUGCON - INFO -   pooling: mean
2023-06-19 16:28:39,092 - AUGCON - INFO -   pred_steps: 12
2023-06-19 16:28:39,092 - AUGCON - INFO -   n_negatives: 15
2023-06-19 16:28:39,092 - AUGCON - INFO -   offset: 4
2023-06-19 16:28:39,092 - AUGCON - INFO -   domain_adaptation: True
2023-06-19 16:28:39,092 - AUGCON - INFO -   task_steps: 10
2023-06-19 16:28:39,092 - AUGCON - INFO -   task_lr: 0.001
2023-06-19 16:28:39,093 - AUGCON - INFO -   reg_lambda: 0
2023-06-19 16:28:39,093 - AUGCON - INFO -   mlp: False
2023-06-19 16:28:39,093 - AUGCON - INFO -   freeze: True
2023-06-19 16:28:39,093 - AUGCON - INFO -   no_vars: True
2023-06-19 16:28:39,093 - AUGCON - INFO - ==========================================
2023-06-19 16:28:39,093 - AUGCON - INFO - Setting GPUs: [0]
2023-06-19 16:28:39,093 - AUGCON - INFO - GPUs [0] will be used
2023-06-19 16:28:39,093 - AUGCON - WARNING - You have chosen to seed training. 
2023-06-19 16:28:39,093 - AUGCON - WARNING - This will turn on the CUDNN deterministic setting, 
2023-06-19 16:28:39,093 - AUGCON - WARNING - which can slow down your training considerably! 
2023-06-19 16:28:39,093 - AUGCON - WARNING - You may see unexpected behavior when restarting 
2023-06-19 16:28:39,093 - AUGCON - WARNING - from checkpoints.
2023-06-19 16:28:39,119 - AUGCON - INFO - Executing MetaCPC
2023-06-19 16:28:39,119 - AUGCON - INFO - Logs are skipped during training
2023-06-19 16:28:58,498 - AUGCON - INFO - Single GPU is used for training - training 90 instances for each worker
2023-06-19 16:28:58,498 - AUGCON - INFO - Loading pretrained model from checkpoint - /mnt/sting/hjyoon/projects/augcontrast/models/exp0/pretrain/without_target_domain_PH0007-jskim/cpc_random_8421//checkpoint_0099.pth.tar
2023-06-19 16:28:58,498 - AUGCON - INFO - Missing keys: ['predictor.vars.0', 'predictor.vars.1']
2023-06-19 16:28:58,498 - AUGCON - INFO - Perform domain adaptation step
2023-06-19 16:28:58,498 - AUGCON - INFO - 	meta-train [0/10] Loss: 2.8785, Acc(1): 6.69, Acc(5): 32.70
2023-06-19 16:28:58,499 - AUGCON - INFO - 	meta-train [1/10] Loss: 2.8714, Acc(1): 6.74, Acc(5): 32.28
2023-06-19 16:28:58,499 - AUGCON - INFO - 	meta-train [2/10] Loss: 2.8573, Acc(1): 6.80, Acc(5): 33.17
2023-06-19 16:28:58,499 - AUGCON - INFO - 	meta-train [3/10] Loss: 2.8427, Acc(1): 7.06, Acc(5): 33.22
2023-06-19 16:28:58,499 - AUGCON - INFO - 	meta-train [4/10] Loss: 2.8278, Acc(1): 7.03, Acc(5): 32.84
2023-06-19 16:28:58,499 - AUGCON - INFO - 	meta-train [5/10] Loss: 2.8220, Acc(1): 6.87, Acc(5): 32.64
2023-06-19 16:28:58,499 - AUGCON - INFO - 	meta-train [6/10] Loss: 2.8194, Acc(1): 6.98, Acc(5): 32.69
2023-06-19 16:28:58,499 - AUGCON - INFO - 	meta-train [7/10] Loss: 2.8137, Acc(1): 6.72, Acc(5): 32.66
2023-06-19 16:28:58,499 - AUGCON - INFO - 	meta-train [8/10] Loss: 2.8147, Acc(1): 6.47, Acc(5): 31.97
2023-06-19 16:28:58,499 - AUGCON - INFO - 	meta-train [9/10] Loss: 2.8155, Acc(1): 6.60, Acc(5): 32.25
2023-06-19 16:28:58,499 - AUGCON - INFO - Loading encoder parameters to the classifier
2023-06-19 16:28:58,499 - AUGCON - INFO - Missing keys: ['classifier.block.0.weight', 'classifier.block.0.bias']
2023-06-19 16:28:58,499 - AUGCON - INFO - Epoch [1/50]-(0/22) Loss: 2.2824, Acc(1): 0.00, Acc(5): 75.00
2023-06-19 16:28:58,499 - AUGCON - INFO - Epoch [1/50]-(5/22) Loss: 2.1205, Acc(1): 0.00, Acc(5): 100.00
2023-06-19 16:28:58,499 - AUGCON - INFO - Epoch [1/50]-(10/22) Loss: 2.5098, Acc(1): 0.00, Acc(5): 75.00
2023-06-19 16:28:58,499 - AUGCON - INFO - Epoch [1/50]-(15/22) Loss: 2.0158, Acc(1): 25.00, Acc(5): 75.00
2023-06-19 16:28:58,500 - AUGCON - INFO - Epoch [1/50]-(20/22) Loss: 2.3243, Acc(1): 25.00, Acc(5): 25.00
2023-06-19 16:28:58,500 - AUGCON - INFO - 	Validation Loss: 1.9785, Acc(1): 27.00, Acc(5): 79.00, F1: 0.05, Recall: 0.03, Precision: 0.10
2023-06-19 16:28:58,500 - AUGCON - INFO - Epoch [2/50]-(0/22) Loss: 2.1100, Acc(1): 0.00, Acc(5): 100.00
2023-06-19 16:28:58,500 - AUGCON - INFO - Epoch [2/50]-(5/22) Loss: 2.0576, Acc(1): 25.00, Acc(5): 50.00
2023-06-19 16:28:58,500 - AUGCON - INFO - Epoch [2/50]-(10/22) Loss: 2.0224, Acc(1): 25.00, Acc(5): 75.00
2023-06-19 16:28:58,500 - AUGCON - INFO - Epoch [2/50]-(15/22) Loss: 1.8706, Acc(1): 75.00, Acc(5): 75.00
2023-06-19 16:28:58,500 - AUGCON - INFO - Epoch [2/50]-(20/22) Loss: 1.8461, Acc(1): 50.00, Acc(5): 75.00
2023-06-19 16:28:58,500 - AUGCON - INFO - 	Validation Loss: 1.7594, Acc(1): 45.00, Acc(5): 94.00, F1: 0.10, Recall: 0.08, Precision: 0.12
2023-06-19 16:28:58,500 - AUGCON - INFO - Epoch [3/50]-(0/22) Loss: 1.7150, Acc(1): 25.00, Acc(5): 100.00
2023-06-19 16:28:58,500 - AUGCON - INFO - Epoch [3/50]-(5/22) Loss: 1.5301, Acc(1): 100.00, Acc(5): 100.00
2023-06-19 16:28:58,500 - AUGCON - INFO - Epoch [3/50]-(10/22) Loss: 2.0140, Acc(1): 0.00, Acc(5): 75.00
2023-06-19 16:28:58,500 - AUGCON - INFO - Epoch [3/50]-(15/22) Loss: 1.8068, Acc(1): 25.00, Acc(5): 100.00
2023-06-19 16:28:58,500 - AUGCON - INFO - Epoch [3/50]-(20/22) Loss: 1.6932, Acc(1): 50.00, Acc(5): 100.00
2023-06-19 16:28:58,500 - AUGCON - INFO - 	Validation Loss: 1.6623, Acc(1): 51.00, Acc(5): 94.00, F1: 0.11, Recall: 0.10, Precision: 0.12
2023-06-19 16:28:58,500 - AUGCON - INFO - Epoch [4/50]-(0/22) Loss: 1.4780, Acc(1): 75.00, Acc(5): 100.00
2023-06-19 16:28:58,501 - AUGCON - INFO - Epoch [4/50]-(5/22) Loss: 1.8253, Acc(1): 50.00, Acc(5): 100.00
2023-06-19 16:28:58,501 - AUGCON - INFO - Epoch [4/50]-(10/22) Loss: 1.2065, Acc(1): 75.00, Acc(5): 100.00
2023-06-19 16:28:58,501 - AUGCON - INFO - Epoch [4/50]-(15/22) Loss: 1.4359, Acc(1): 50.00, Acc(5): 100.00
2023-06-19 16:28:58,501 - AUGCON - INFO - Epoch [4/50]-(20/22) Loss: 1.4425, Acc(1): 25.00, Acc(5): 100.00
2023-06-19 16:28:58,501 - AUGCON - INFO - 	Validation Loss: 1.6032, Acc(1): 46.00, Acc(5): 93.00, F1: 0.10, Recall: 0.10, Precision: 0.11
2023-06-19 16:28:58,501 - AUGCON - INFO - Epoch [5/50]-(0/22) Loss: 1.5343, Acc(1): 50.00, Acc(5): 100.00
2023-06-19 16:28:58,501 - AUGCON - INFO - Epoch [5/50]-(5/22) Loss: 1.5615, Acc(1): 50.00, Acc(5): 100.00
2023-06-19 16:28:58,501 - AUGCON - INFO - Epoch [5/50]-(10/22) Loss: 1.1514, Acc(1): 75.00, Acc(5): 100.00
2023-06-19 16:28:58,501 - AUGCON - INFO - Epoch [5/50]-(15/22) Loss: 1.1283, Acc(1): 50.00, Acc(5): 100.00
2023-06-19 16:28:58,501 - AUGCON - INFO - Epoch [5/50]-(20/22) Loss: 1.8341, Acc(1): 0.00, Acc(5): 100.00
2023-06-19 16:28:58,501 - AUGCON - INFO - 	Validation Loss: 1.5361, Acc(1): 52.00, Acc(5): 91.00, F1: 0.11, Recall: 0.11, Precision: 0.12
2023-06-19 16:28:58,501 - AUGCON - INFO - Epoch [6/50]-(0/22) Loss: 1.6420, Acc(1): 75.00, Acc(5): 100.00
2023-06-19 16:28:58,501 - AUGCON - INFO - Epoch [6/50]-(5/22) Loss: 1.1396, Acc(1): 75.00, Acc(5): 100.00
2023-06-19 16:28:58,501 - AUGCON - INFO - Epoch [6/50]-(10/22) Loss: 1.7971, Acc(1): 25.00, Acc(5): 100.00
2023-06-19 16:28:58,501 - AUGCON - INFO - Epoch [6/50]-(15/22) Loss: 1.1037, Acc(1): 75.00, Acc(5): 100.00
2023-06-19 16:28:58,501 - AUGCON - INFO - Epoch [6/50]-(20/22) Loss: 1.3086, Acc(1): 25.00, Acc(5): 100.00
2023-06-19 16:28:58,502 - AUGCON - INFO - 	Validation Loss: 1.4808, Acc(1): 50.00, Acc(5): 94.00, F1: 0.10, Recall: 0.10, Precision: 0.10
2023-06-19 16:28:58,502 - AUGCON - INFO - Epoch [7/50]-(0/22) Loss: 1.5274, Acc(1): 25.00, Acc(5): 100.00
2023-06-19 16:28:58,502 - AUGCON - INFO - Epoch [7/50]-(5/22) Loss: 1.5607, Acc(1): 25.00, Acc(5): 100.00
2023-06-19 16:28:58,502 - AUGCON - INFO - Epoch [7/50]-(10/22) Loss: 1.3671, Acc(1): 25.00, Acc(5): 75.00
2023-06-19 16:28:58,502 - AUGCON - INFO - Epoch [7/50]-(15/22) Loss: 1.1915, Acc(1): 75.00, Acc(5): 100.00
2023-06-19 16:28:58,502 - AUGCON - INFO - Epoch [7/50]-(20/22) Loss: 1.0002, Acc(1): 75.00, Acc(5): 100.00
2023-06-19 16:28:58,502 - AUGCON - INFO - 	Validation Loss: 1.4490, Acc(1): 58.00, Acc(5): 93.00, F1: 0.14, Recall: 0.14, Precision: 0.13
2023-06-19 16:28:58,502 - AUGCON - INFO - Epoch [8/50]-(0/22) Loss: 0.9684, Acc(1): 100.00, Acc(5): 100.00
2023-06-19 16:28:58,502 - AUGCON - INFO - Epoch [8/50]-(5/22) Loss: 1.6114, Acc(1): 25.00, Acc(5): 100.00
2023-06-19 16:28:58,502 - AUGCON - INFO - Epoch [8/50]-(10/22) Loss: 1.6191, Acc(1): 25.00, Acc(5): 100.00
2023-06-19 16:28:58,502 - AUGCON - INFO - Epoch [8/50]-(15/22) Loss: 1.2124, Acc(1): 50.00, Acc(5): 100.00
2023-06-19 16:28:58,502 - AUGCON - INFO - Epoch [8/50]-(20/22) Loss: 1.3938, Acc(1): 50.00, Acc(5): 100.00
2023-06-19 16:28:58,502 - AUGCON - INFO - 	Validation Loss: 1.3891, Acc(1): 51.00, Acc(5): 94.00, F1: 0.11, Recall: 0.10, Precision: 0.12
2023-06-19 16:28:58,502 - AUGCON - INFO - Epoch [9/50]-(0/22) Loss: 1.2486, Acc(1): 50.00, Acc(5): 100.00
2023-06-19 16:28:58,502 - AUGCON - INFO - Epoch [9/50]-(5/22) Loss: 1.6950, Acc(1): 0.00, Acc(5): 100.00
2023-06-19 16:28:58,502 - AUGCON - INFO - Epoch [9/50]-(10/22) Loss: 1.6091, Acc(1): 0.00, Acc(5): 100.00
2023-06-19 16:28:58,502 - AUGCON - INFO - Epoch [9/50]-(15/22) Loss: 1.3612, Acc(1): 50.00, Acc(5): 100.00
2023-06-19 16:28:58,503 - AUGCON - INFO - Epoch [9/50]-(20/22) Loss: 0.9728, Acc(1): 75.00, Acc(5): 100.00
2023-06-19 16:28:58,503 - AUGCON - INFO - 	Validation Loss: 1.3805, Acc(1): 63.00, Acc(5): 94.00, F1: 0.15, Recall: 0.13, Precision: 0.16
2023-06-19 16:28:58,503 - AUGCON - INFO - Epoch [10/50]-(0/22) Loss: 1.0813, Acc(1): 100.00, Acc(5): 100.00
2023-06-19 16:28:58,503 - AUGCON - INFO - Epoch [10/50]-(5/22) Loss: 1.1664, Acc(1): 75.00, Acc(5): 100.00
2023-06-19 16:28:58,503 - AUGCON - INFO - Epoch [10/50]-(10/22) Loss: 1.4107, Acc(1): 25.00, Acc(5): 100.00
2023-06-19 16:28:58,503 - AUGCON - INFO - Epoch [10/50]-(15/22) Loss: 1.1566, Acc(1): 75.00, Acc(5): 100.00
2023-06-19 16:28:58,503 - AUGCON - INFO - Epoch [10/50]-(20/22) Loss: 1.2072, Acc(1): 75.00, Acc(5): 100.00
2023-06-19 16:28:58,503 - AUGCON - INFO - 	Validation Loss: 1.3642, Acc(1): 60.00, Acc(5): 93.00, F1: 0.15, Recall: 0.15, Precision: 0.14
2023-06-19 16:28:58,503 - AUGCON - INFO - Epoch [11/50]-(0/22) Loss: 1.2024, Acc(1): 50.00, Acc(5): 100.00
2023-06-19 16:28:58,503 - AUGCON - INFO - Epoch [11/50]-(5/22) Loss: 1.1828, Acc(1): 75.00, Acc(5): 100.00
2023-06-19 16:28:58,503 - AUGCON - INFO - Epoch [11/50]-(10/22) Loss: 1.2055, Acc(1): 75.00, Acc(5): 100.00
2023-06-19 16:28:58,503 - AUGCON - INFO - Epoch [11/50]-(15/22) Loss: 1.0849, Acc(1): 50.00, Acc(5): 100.00
2023-06-19 16:28:58,503 - AUGCON - INFO - Epoch [11/50]-(20/22) Loss: 0.8602, Acc(1): 75.00, Acc(5): 100.00
2023-06-19 16:28:58,503 - AUGCON - INFO - 	Validation Loss: 1.3400, Acc(1): 66.00, Acc(5): 92.00, F1: 0.15, Recall: 0.17, Precision: 0.14
2023-06-19 16:28:58,503 - AUGCON - INFO - Epoch [12/50]-(0/22) Loss: 0.7788, Acc(1): 100.00, Acc(5): 100.00
2023-06-19 16:28:58,504 - AUGCON - INFO - Epoch [12/50]-(5/22) Loss: 1.2973, Acc(1): 25.00, Acc(5): 100.00
2023-06-19 16:28:58,504 - AUGCON - INFO - Epoch [12/50]-(10/22) Loss: 1.0463, Acc(1): 75.00, Acc(5): 100.00
2023-06-19 16:28:58,504 - AUGCON - INFO - Epoch [12/50]-(15/22) Loss: 0.9675, Acc(1): 100.00, Acc(5): 100.00
2023-06-19 16:28:58,504 - AUGCON - INFO - Epoch [12/50]-(20/22) Loss: 1.0555, Acc(1): 50.00, Acc(5): 100.00
2023-06-19 16:28:58,504 - AUGCON - INFO - 	Validation Loss: 1.3421, Acc(1): 64.00, Acc(5): 94.00, F1: 0.14, Recall: 0.13, Precision: 0.16
2023-06-19 16:28:58,504 - AUGCON - INFO - Epoch [13/50]-(0/22) Loss: 0.9563, Acc(1): 75.00, Acc(5): 100.00
2023-06-19 16:28:58,504 - AUGCON - INFO - Epoch [13/50]-(5/22) Loss: 0.7439, Acc(1): 100.00, Acc(5): 100.00
2023-06-19 16:28:58,504 - AUGCON - INFO - Epoch [13/50]-(10/22) Loss: 1.1730, Acc(1): 0.00, Acc(5): 100.00
2023-06-19 16:28:58,504 - AUGCON - INFO - Epoch [13/50]-(15/22) Loss: 1.4500, Acc(1): 25.00, Acc(5): 100.00
2023-06-19 16:28:58,504 - AUGCON - INFO - Epoch [13/50]-(20/22) Loss: 0.6093, Acc(1): 100.00, Acc(5): 100.00
2023-06-19 16:28:58,504 - AUGCON - INFO - 	Validation Loss: 1.3824, Acc(1): 54.00, Acc(5): 94.00, F1: 0.13, Recall: 0.14, Precision: 0.12
2023-06-19 16:28:58,504 - AUGCON - INFO - Epoch [14/50]-(0/22) Loss: 1.0600, Acc(1): 75.00, Acc(5): 100.00
2023-06-19 16:28:58,504 - AUGCON - INFO - Epoch [14/50]-(5/22) Loss: 1.1127, Acc(1): 25.00, Acc(5): 100.00
2023-06-19 16:28:58,504 - AUGCON - INFO - Epoch [14/50]-(10/22) Loss: 0.7244, Acc(1): 75.00, Acc(5): 100.00
2023-06-19 16:28:58,504 - AUGCON - INFO - Epoch [14/50]-(15/22) Loss: 0.8722, Acc(1): 100.00, Acc(5): 100.00
2023-06-19 16:28:58,505 - AUGCON - INFO - Epoch [14/50]-(20/22) Loss: 0.8830, Acc(1): 75.00, Acc(5): 100.00
2023-06-19 16:28:58,505 - AUGCON - INFO - 	Validation Loss: 1.3238, Acc(1): 58.00, Acc(5): 94.00, F1: 0.14, Recall: 0.16, Precision: 0.12
2023-06-19 16:28:58,505 - AUGCON - INFO - Epoch [15/50]-(0/22) Loss: 0.8888, Acc(1): 75.00, Acc(5): 100.00
2023-06-19 16:28:58,505 - AUGCON - INFO - Epoch [15/50]-(5/22) Loss: 0.8367, Acc(1): 75.00, Acc(5): 100.00
2023-06-19 16:28:58,505 - AUGCON - INFO - Epoch [15/50]-(10/22) Loss: 0.6703, Acc(1): 75.00, Acc(5): 100.00
2023-06-19 16:28:58,505 - AUGCON - INFO - Epoch [15/50]-(15/22) Loss: 1.1660, Acc(1): 75.00, Acc(5): 100.00
2023-06-19 16:28:58,505 - AUGCON - INFO - Epoch [15/50]-(20/22) Loss: 0.7707, Acc(1): 100.00, Acc(5): 100.00
2023-06-19 16:28:58,505 - AUGCON - INFO - 	Validation Loss: 1.2741, Acc(1): 66.00, Acc(5): 93.00, F1: 0.15, Recall: 0.17, Precision: 0.14
2023-06-19 16:28:58,505 - AUGCON - INFO - Epoch [16/50]-(0/22) Loss: 0.6889, Acc(1): 100.00, Acc(5): 100.00
2023-06-19 16:28:58,505 - AUGCON - INFO - Epoch [16/50]-(5/22) Loss: 1.0398, Acc(1): 75.00, Acc(5): 100.00
2023-06-19 16:28:58,505 - AUGCON - INFO - Epoch [16/50]-(10/22) Loss: 0.7806, Acc(1): 75.00, Acc(5): 100.00
2023-06-19 16:28:58,505 - AUGCON - INFO - Epoch [16/50]-(15/22) Loss: 1.0315, Acc(1): 50.00, Acc(5): 100.00
2023-06-19 16:28:58,505 - AUGCON - INFO - Epoch [16/50]-(20/22) Loss: 1.1936, Acc(1): 50.00, Acc(5): 100.00
2023-06-19 16:28:58,505 - AUGCON - INFO - 	Validation Loss: 1.3056, Acc(1): 61.00, Acc(5): 94.00, F1: 0.14, Recall: 0.12, Precision: 0.16
2023-06-19 16:28:58,505 - AUGCON - INFO - Epoch [17/50]-(0/22) Loss: 0.7743, Acc(1): 100.00, Acc(5): 100.00
2023-06-19 16:28:58,505 - AUGCON - INFO - Epoch [17/50]-(5/22) Loss: 1.0131, Acc(1): 50.00, Acc(5): 100.00
2023-06-19 16:28:58,505 - AUGCON - INFO - Epoch [17/50]-(10/22) Loss: 0.9300, Acc(1): 75.00, Acc(5): 100.00
2023-06-19 16:28:58,506 - AUGCON - INFO - Epoch [17/50]-(15/22) Loss: 0.6950, Acc(1): 100.00, Acc(5): 100.00
2023-06-19 16:28:58,506 - AUGCON - INFO - Epoch [17/50]-(20/22) Loss: 1.0919, Acc(1): 50.00, Acc(5): 100.00
2023-06-19 16:28:58,506 - AUGCON - INFO - 	Validation Loss: 1.2866, Acc(1): 68.00, Acc(5): 94.00, F1: 0.15, Recall: 0.16, Precision: 0.14
2023-06-19 16:28:58,506 - AUGCON - INFO - Epoch [18/50]-(0/22) Loss: 0.9463, Acc(1): 50.00, Acc(5): 100.00
2023-06-19 16:28:58,506 - AUGCON - INFO - Epoch [18/50]-(5/22) Loss: 0.8201, Acc(1): 75.00, Acc(5): 100.00
2023-06-19 16:28:58,506 - AUGCON - INFO - Epoch [18/50]-(10/22) Loss: 1.0363, Acc(1): 50.00, Acc(5): 100.00
2023-06-19 16:28:58,506 - AUGCON - INFO - Epoch [18/50]-(15/22) Loss: 0.7755, Acc(1): 50.00, Acc(5): 100.00
2023-06-19 16:28:58,506 - AUGCON - INFO - Epoch [18/50]-(20/22) Loss: 0.4815, Acc(1): 100.00, Acc(5): 100.00
2023-06-19 16:28:58,506 - AUGCON - INFO - 	Validation Loss: 1.2877, Acc(1): 69.00, Acc(5): 93.00, F1: 0.16, Recall: 0.15, Precision: 0.17
2023-06-19 16:28:58,506 - AUGCON - INFO - Epoch [19/50]-(0/22) Loss: 1.2052, Acc(1): 75.00, Acc(5): 100.00
2023-06-19 16:28:58,506 - AUGCON - INFO - Epoch [19/50]-(5/22) Loss: 0.6971, Acc(1): 100.00, Acc(5): 100.00
2023-06-19 16:28:58,506 - AUGCON - INFO - Epoch [19/50]-(10/22) Loss: 0.8919, Acc(1): 75.00, Acc(5): 100.00
2023-06-19 16:28:58,506 - AUGCON - INFO - Epoch [19/50]-(15/22) Loss: 0.8241, Acc(1): 75.00, Acc(5): 100.00
2023-06-19 16:28:58,506 - AUGCON - INFO - Epoch [19/50]-(20/22) Loss: 1.0397, Acc(1): 25.00, Acc(5): 100.00
2023-06-19 16:28:58,506 - AUGCON - INFO - 	Validation Loss: 1.2935, Acc(1): 55.00, Acc(5): 93.00, F1: 0.14, Recall: 0.15, Precision: 0.12
2023-06-19 16:28:58,506 - AUGCON - INFO - Epoch [20/50]-(0/22) Loss: 0.5099, Acc(1): 100.00, Acc(5): 100.00
2023-06-19 16:28:58,507 - AUGCON - INFO - Epoch [20/50]-(5/22) Loss: 0.8871, Acc(1): 50.00, Acc(5): 100.00
2023-06-19 16:28:58,507 - AUGCON - INFO - Epoch [20/50]-(10/22) Loss: 1.0353, Acc(1): 75.00, Acc(5): 100.00
2023-06-19 16:28:58,507 - AUGCON - INFO - Epoch [20/50]-(15/22) Loss: 0.8999, Acc(1): 75.00, Acc(5): 100.00
2023-06-19 16:28:58,507 - AUGCON - INFO - Epoch [20/50]-(20/22) Loss: 0.8237, Acc(1): 75.00, Acc(5): 100.00
2023-06-19 16:28:58,507 - AUGCON - INFO - 	Validation Loss: 1.2641, Acc(1): 68.00, Acc(5): 93.00, F1: 0.15, Recall: 0.14, Precision: 0.17
2023-06-19 16:28:58,507 - AUGCON - INFO - Epoch [21/50]-(0/22) Loss: 0.9983, Acc(1): 100.00, Acc(5): 100.00
2023-06-19 16:28:58,507 - AUGCON - INFO - Epoch [21/50]-(5/22) Loss: 0.4980, Acc(1): 100.00, Acc(5): 100.00
2023-06-19 16:28:58,507 - AUGCON - INFO - Epoch [21/50]-(10/22) Loss: 1.1004, Acc(1): 25.00, Acc(5): 100.00
2023-06-19 16:28:58,507 - AUGCON - INFO - Epoch [21/50]-(15/22) Loss: 0.6400, Acc(1): 100.00, Acc(5): 100.00
2023-06-19 16:28:58,507 - AUGCON - INFO - Epoch [21/50]-(20/22) Loss: 1.1127, Acc(1): 50.00, Acc(5): 100.00
2023-06-19 16:28:58,508 - AUGCON - INFO - 	Validation Loss: 1.2837, Acc(1): 58.00, Acc(5): 93.00, F1: 0.14, Recall: 0.16, Precision: 0.13
2023-06-19 16:28:58,508 - AUGCON - INFO - Epoch [22/50]-(0/22) Loss: 0.9748, Acc(1): 75.00, Acc(5): 100.00
2023-06-19 16:28:58,508 - AUGCON - INFO - Epoch [22/50]-(5/22) Loss: 0.8240, Acc(1): 75.00, Acc(5): 100.00
2023-06-19 16:28:58,508 - AUGCON - INFO - Epoch [22/50]-(10/22) Loss: 1.4504, Acc(1): 75.00, Acc(5): 100.00
2023-06-19 16:28:58,508 - AUGCON - INFO - Epoch [22/50]-(15/22) Loss: 0.8175, Acc(1): 75.00, Acc(5): 100.00
2023-06-19 16:28:58,508 - AUGCON - INFO - Epoch [22/50]-(20/22) Loss: 1.0615, Acc(1): 50.00, Acc(5): 100.00
2023-06-19 16:28:58,508 - AUGCON - INFO - 	Validation Loss: 1.2890, Acc(1): 58.00, Acc(5): 93.00, F1: 0.13, Recall: 0.12, Precision: 0.14
2023-06-19 16:28:58,509 - AUGCON - INFO - Epoch [23/50]-(0/22) Loss: 0.7853, Acc(1): 75.00, Acc(5): 100.00
2023-06-19 16:28:58,509 - AUGCON - INFO - Epoch [23/50]-(5/22) Loss: 0.6788, Acc(1): 75.00, Acc(5): 100.00
2023-06-19 16:28:58,509 - AUGCON - INFO - Epoch [23/50]-(10/22) Loss: 1.0732, Acc(1): 75.00, Acc(5): 100.00
2023-06-19 16:28:58,509 - AUGCON - INFO - Epoch [23/50]-(15/22) Loss: 0.9609, Acc(1): 75.00, Acc(5): 100.00
2023-06-19 16:28:58,509 - AUGCON - INFO - Epoch [23/50]-(20/22) Loss: 0.7617, Acc(1): 100.00, Acc(5): 100.00
2023-06-19 16:28:58,509 - AUGCON - INFO - 	Validation Loss: 1.3039, Acc(1): 68.00, Acc(5): 92.00, F1: 0.16, Recall: 0.18, Precision: 0.14
2023-06-19 16:28:58,509 - AUGCON - INFO - Epoch [24/50]-(0/22) Loss: 1.1262, Acc(1): 75.00, Acc(5): 100.00
2023-06-19 16:28:58,509 - AUGCON - INFO - Epoch [24/50]-(5/22) Loss: 0.7394, Acc(1): 100.00, Acc(5): 100.00
2023-06-19 16:28:58,509 - AUGCON - INFO - Epoch [24/50]-(10/22) Loss: 0.8259, Acc(1): 75.00, Acc(5): 100.00
2023-06-19 16:28:58,509 - AUGCON - INFO - Epoch [24/50]-(15/22) Loss: 0.9870, Acc(1): 25.00, Acc(5): 100.00
2023-06-19 16:28:58,510 - AUGCON - INFO - Epoch [24/50]-(20/22) Loss: 1.0653, Acc(1): 100.00, Acc(5): 100.00
2023-06-19 16:28:58,510 - AUGCON - INFO - 	Validation Loss: 1.2732, Acc(1): 72.00, Acc(5): 93.00, F1: 0.16, Recall: 0.15, Precision: 0.16
2023-06-19 16:28:58,510 - AUGCON - INFO - Epoch [25/50]-(0/22) Loss: 0.9285, Acc(1): 75.00, Acc(5): 100.00
2023-06-19 16:28:58,510 - AUGCON - INFO - Epoch [25/50]-(5/22) Loss: 0.7908, Acc(1): 50.00, Acc(5): 100.00
2023-06-19 16:28:58,510 - AUGCON - INFO - Epoch [25/50]-(10/22) Loss: 0.8018, Acc(1): 75.00, Acc(5): 100.00
2023-06-19 16:28:58,510 - AUGCON - INFO - Epoch [25/50]-(15/22) Loss: 0.8429, Acc(1): 50.00, Acc(5): 100.00
2023-06-19 16:28:58,510 - AUGCON - INFO - Epoch [25/50]-(20/22) Loss: 0.7466, Acc(1): 75.00, Acc(5): 100.00
2023-06-19 16:28:58,510 - AUGCON - INFO - 	Validation Loss: 1.2546, Acc(1): 68.00, Acc(5): 93.00, F1: 0.15, Recall: 0.15, Precision: 0.16
2023-06-19 16:28:58,510 - AUGCON - INFO - Epoch [26/50]-(0/22) Loss: 1.1503, Acc(1): 50.00, Acc(5): 100.00
2023-06-19 16:28:58,510 - AUGCON - INFO - Epoch [26/50]-(5/22) Loss: 0.7168, Acc(1): 100.00, Acc(5): 100.00
2023-06-19 16:28:58,510 - AUGCON - INFO - Epoch [26/50]-(10/22) Loss: 0.5733, Acc(1): 100.00, Acc(5): 100.00
2023-06-19 16:28:58,510 - AUGCON - INFO - Epoch [26/50]-(15/22) Loss: 0.9645, Acc(1): 75.00, Acc(5): 100.00
2023-06-19 16:28:58,510 - AUGCON - INFO - Epoch [26/50]-(20/22) Loss: 0.7753, Acc(1): 50.00, Acc(5): 100.00
2023-06-19 16:28:58,510 - AUGCON - INFO - 	Validation Loss: 1.2572, Acc(1): 66.00, Acc(5): 94.00, F1: 0.15, Recall: 0.15, Precision: 0.16
2023-06-19 16:28:58,510 - AUGCON - INFO - Epoch [27/50]-(0/22) Loss: 0.9570, Acc(1): 50.00, Acc(5): 100.00
2023-06-19 16:28:58,511 - AUGCON - INFO - Epoch [27/50]-(5/22) Loss: 0.8823, Acc(1): 100.00, Acc(5): 100.00
2023-06-19 16:28:58,511 - AUGCON - INFO - Epoch [27/50]-(10/22) Loss: 0.5275, Acc(1): 75.00, Acc(5): 100.00
2023-06-19 16:28:58,511 - AUGCON - INFO - Epoch [27/50]-(15/22) Loss: 0.4821, Acc(1): 100.00, Acc(5): 100.00
2023-06-19 16:28:58,511 - AUGCON - INFO - Epoch [27/50]-(20/22) Loss: 1.2286, Acc(1): 25.00, Acc(5): 100.00
2023-06-19 16:28:58,511 - AUGCON - INFO - 	Validation Loss: 1.2356, Acc(1): 66.00, Acc(5): 93.00, F1: 0.15, Recall: 0.14, Precision: 0.16
2023-06-19 16:28:58,511 - AUGCON - INFO - Epoch [28/50]-(0/22) Loss: 0.9259, Acc(1): 25.00, Acc(5): 100.00
2023-06-19 16:28:58,511 - AUGCON - INFO - Epoch [28/50]-(5/22) Loss: 0.8954, Acc(1): 50.00, Acc(5): 100.00
2023-06-19 16:28:58,511 - AUGCON - INFO - Epoch [28/50]-(10/22) Loss: 0.8773, Acc(1): 50.00, Acc(5): 100.00
2023-06-19 16:28:58,511 - AUGCON - INFO - Epoch [28/50]-(15/22) Loss: 0.6760, Acc(1): 50.00, Acc(5): 100.00
2023-06-19 16:28:58,511 - AUGCON - INFO - Epoch [28/50]-(20/22) Loss: 0.8269, Acc(1): 75.00, Acc(5): 100.00
2023-06-19 16:28:58,511 - AUGCON - INFO - 	Validation Loss: 1.2900, Acc(1): 58.00, Acc(5): 94.00, F1: 0.13, Recall: 0.13, Precision: 0.13
2023-06-19 16:28:58,511 - AUGCON - INFO - Epoch [29/50]-(0/22) Loss: 0.5677, Acc(1): 100.00, Acc(5): 100.00
2023-06-19 16:28:58,511 - AUGCON - INFO - Epoch [29/50]-(5/22) Loss: 1.0197, Acc(1): 75.00, Acc(5): 100.00
2023-06-19 16:28:58,512 - AUGCON - INFO - Epoch [29/50]-(10/22) Loss: 0.8105, Acc(1): 50.00, Acc(5): 100.00
2023-06-19 16:28:58,512 - AUGCON - INFO - Epoch [29/50]-(15/22) Loss: 0.8938, Acc(1): 50.00, Acc(5): 100.00
2023-06-19 16:28:58,512 - AUGCON - INFO - Epoch [29/50]-(20/22) Loss: 0.6300, Acc(1): 100.00, Acc(5): 100.00
2023-06-19 16:28:58,512 - AUGCON - INFO - 	Validation Loss: 1.2021, Acc(1): 75.00, Acc(5): 93.00, F1: 0.17, Recall: 0.16, Precision: 0.18
2023-06-19 16:28:58,512 - AUGCON - INFO - Epoch [30/50]-(0/22) Loss: 0.7811, Acc(1): 50.00, Acc(5): 100.00
2023-06-19 16:28:58,512 - AUGCON - INFO - Epoch [30/50]-(5/22) Loss: 1.0504, Acc(1): 50.00, Acc(5): 100.00
2023-06-19 16:28:58,512 - AUGCON - INFO - Epoch [30/50]-(10/22) Loss: 1.1432, Acc(1): 75.00, Acc(5): 100.00
2023-06-19 16:28:58,512 - AUGCON - INFO - Epoch [30/50]-(15/22) Loss: 0.6890, Acc(1): 50.00, Acc(5): 100.00
2023-06-19 16:28:58,512 - AUGCON - INFO - Epoch [30/50]-(20/22) Loss: 0.9202, Acc(1): 50.00, Acc(5): 100.00
2023-06-19 16:28:58,512 - AUGCON - INFO - 	Validation Loss: 1.3202, Acc(1): 60.00, Acc(5): 94.00, F1: 0.14, Recall: 0.15, Precision: 0.13
2023-06-19 16:28:58,512 - AUGCON - INFO - Epoch [31/50]-(0/22) Loss: 1.0216, Acc(1): 75.00, Acc(5): 100.00
2023-06-19 16:28:58,512 - AUGCON - INFO - Epoch [31/50]-(5/22) Loss: 0.6637, Acc(1): 100.00, Acc(5): 100.00
2023-06-19 16:28:58,512 - AUGCON - INFO - Epoch [31/50]-(10/22) Loss: 0.6838, Acc(1): 50.00, Acc(5): 100.00
2023-06-19 16:28:58,512 - AUGCON - INFO - Epoch [31/50]-(15/22) Loss: 0.6980, Acc(1): 100.00, Acc(5): 100.00
2023-06-19 16:28:58,512 - AUGCON - INFO - Epoch [31/50]-(20/22) Loss: 0.3218, Acc(1): 100.00, Acc(5): 100.00
2023-06-19 16:28:58,513 - AUGCON - INFO - 	Validation Loss: 1.2372, Acc(1): 67.00, Acc(5): 93.00, F1: 0.15, Recall: 0.14, Precision: 0.17
2023-06-19 16:28:58,513 - AUGCON - INFO - Epoch [32/50]-(0/22) Loss: 0.7252, Acc(1): 75.00, Acc(5): 100.00
2023-06-19 16:28:58,513 - AUGCON - INFO - Epoch [32/50]-(5/22) Loss: 0.8273, Acc(1): 100.00, Acc(5): 100.00
2023-06-19 16:28:58,513 - AUGCON - INFO - Epoch [32/50]-(10/22) Loss: 0.5986, Acc(1): 75.00, Acc(5): 100.00
2023-06-19 16:28:58,513 - AUGCON - INFO - Epoch [32/50]-(15/22) Loss: 0.9697, Acc(1): 25.00, Acc(5): 100.00
2023-06-19 16:28:58,513 - AUGCON - INFO - Epoch [32/50]-(20/22) Loss: 0.4654, Acc(1): 100.00, Acc(5): 100.00
2023-06-19 16:28:58,513 - AUGCON - INFO - 	Validation Loss: 1.2805, Acc(1): 62.00, Acc(5): 94.00, F1: 0.14, Recall: 0.14, Precision: 0.14
2023-06-19 16:28:58,513 - AUGCON - INFO - Epoch [33/50]-(0/22) Loss: 0.6328, Acc(1): 75.00, Acc(5): 100.00
2023-06-19 16:28:58,513 - AUGCON - INFO - Epoch [33/50]-(5/22) Loss: 0.8872, Acc(1): 50.00, Acc(5): 100.00
2023-06-19 16:28:58,513 - AUGCON - INFO - Epoch [33/50]-(10/22) Loss: 1.2191, Acc(1): 50.00, Acc(5): 100.00
2023-06-19 16:28:58,513 - AUGCON - INFO - Epoch [33/50]-(15/22) Loss: 0.7566, Acc(1): 75.00, Acc(5): 100.00
2023-06-19 16:28:58,513 - AUGCON - INFO - Epoch [33/50]-(20/22) Loss: 0.8870, Acc(1): 75.00, Acc(5): 100.00
2023-06-19 16:28:58,513 - AUGCON - INFO - 	Validation Loss: 1.2295, Acc(1): 73.00, Acc(5): 93.00, F1: 0.17, Recall: 0.17, Precision: 0.17
2023-06-19 16:28:58,514 - AUGCON - INFO - Epoch [34/50]-(0/22) Loss: 0.2679, Acc(1): 100.00, Acc(5): 100.00
2023-06-19 16:28:58,514 - AUGCON - INFO - Epoch [34/50]-(5/22) Loss: 0.8229, Acc(1): 75.00, Acc(5): 100.00
2023-06-19 16:28:58,514 - AUGCON - INFO - Epoch [34/50]-(10/22) Loss: 0.5622, Acc(1): 100.00, Acc(5): 100.00
2023-06-19 16:28:58,514 - AUGCON - INFO - Epoch [34/50]-(15/22) Loss: 0.9184, Acc(1): 50.00, Acc(5): 100.00
2023-06-19 16:28:58,514 - AUGCON - INFO - Epoch [34/50]-(20/22) Loss: 0.7663, Acc(1): 75.00, Acc(5): 100.00
2023-06-19 16:28:58,514 - AUGCON - INFO - 	Validation Loss: 1.2661, Acc(1): 62.00, Acc(5): 93.00, F1: 0.14, Recall: 0.13, Precision: 0.15
2023-06-19 16:28:58,514 - AUGCON - INFO - Epoch [35/50]-(0/22) Loss: 0.6870, Acc(1): 75.00, Acc(5): 100.00
2023-06-19 16:28:58,514 - AUGCON - INFO - Epoch [35/50]-(5/22) Loss: 0.8533, Acc(1): 75.00, Acc(5): 100.00
2023-06-19 16:28:58,514 - AUGCON - INFO - Epoch [35/50]-(10/22) Loss: 0.5529, Acc(1): 75.00, Acc(5): 100.00
2023-06-19 16:28:58,514 - AUGCON - INFO - Epoch [35/50]-(15/22) Loss: 0.7482, Acc(1): 75.00, Acc(5): 100.00
2023-06-19 16:28:58,514 - AUGCON - INFO - Epoch [35/50]-(20/22) Loss: 0.6987, Acc(1): 75.00, Acc(5): 100.00
2023-06-19 16:28:58,514 - AUGCON - INFO - 	Validation Loss: 1.2566, Acc(1): 63.00, Acc(5): 93.00, F1: 0.15, Recall: 0.17, Precision: 0.13
2023-06-19 16:28:58,514 - AUGCON - INFO - Epoch [36/50]-(0/22) Loss: 1.0337, Acc(1): 50.00, Acc(5): 100.00
2023-06-19 16:28:58,514 - AUGCON - INFO - Epoch [36/50]-(5/22) Loss: 1.0173, Acc(1): 75.00, Acc(5): 100.00
2023-06-19 16:28:58,514 - AUGCON - INFO - Epoch [36/50]-(10/22) Loss: 0.8952, Acc(1): 75.00, Acc(5): 100.00
2023-06-19 16:28:58,515 - AUGCON - INFO - Epoch [36/50]-(15/22) Loss: 1.9274, Acc(1): 50.00, Acc(5): 100.00
2023-06-19 16:28:58,515 - AUGCON - INFO - Epoch [36/50]-(20/22) Loss: 0.3311, Acc(1): 100.00, Acc(5): 100.00
2023-06-19 16:28:58,515 - AUGCON - INFO - 	Validation Loss: 1.3045, Acc(1): 65.00, Acc(5): 93.00, F1: 0.15, Recall: 0.15, Precision: 0.15
2023-06-19 16:28:58,515 - AUGCON - INFO - Epoch [37/50]-(0/22) Loss: 0.3392, Acc(1): 100.00, Acc(5): 100.00
2023-06-19 16:28:58,515 - AUGCON - INFO - Epoch [37/50]-(5/22) Loss: 0.7570, Acc(1): 100.00, Acc(5): 100.00
2023-06-19 16:28:58,515 - AUGCON - INFO - Epoch [37/50]-(10/22) Loss: 0.7709, Acc(1): 75.00, Acc(5): 100.00
2023-06-19 16:28:58,515 - AUGCON - INFO - Epoch [37/50]-(15/22) Loss: 0.4493, Acc(1): 100.00, Acc(5): 100.00
2023-06-19 16:28:58,515 - AUGCON - INFO - Epoch [37/50]-(20/22) Loss: 1.6300, Acc(1): 50.00, Acc(5): 100.00
2023-06-19 16:28:58,515 - AUGCON - INFO - 	Validation Loss: 1.2326, Acc(1): 71.00, Acc(5): 93.00, F1: 0.16, Recall: 0.16, Precision: 0.15
2023-06-19 16:28:58,515 - AUGCON - INFO - Epoch [38/50]-(0/22) Loss: 0.7174, Acc(1): 75.00, Acc(5): 100.00
2023-06-19 16:28:58,515 - AUGCON - INFO - Epoch [38/50]-(5/22) Loss: 0.7092, Acc(1): 100.00, Acc(5): 100.00
2023-06-19 16:28:58,515 - AUGCON - INFO - Epoch [38/50]-(10/22) Loss: 0.6431, Acc(1): 75.00, Acc(5): 100.00
2023-06-19 16:28:58,515 - AUGCON - INFO - Epoch [38/50]-(15/22) Loss: 1.3182, Acc(1): 50.00, Acc(5): 100.00
2023-06-19 16:28:58,515 - AUGCON - INFO - Epoch [38/50]-(20/22) Loss: 0.5534, Acc(1): 100.00, Acc(5): 100.00
2023-06-19 16:28:58,515 - AUGCON - INFO - 	Validation Loss: 1.2066, Acc(1): 68.00, Acc(5): 93.00, F1: 0.16, Recall: 0.16, Precision: 0.15
2023-06-19 16:28:58,516 - AUGCON - INFO - Epoch [39/50]-(0/22) Loss: 0.2992, Acc(1): 100.00, Acc(5): 100.00
2023-06-19 16:28:58,516 - AUGCON - INFO - Epoch [39/50]-(5/22) Loss: 0.4595, Acc(1): 100.00, Acc(5): 100.00
2023-06-19 16:28:58,516 - AUGCON - INFO - Epoch [39/50]-(10/22) Loss: 1.4146, Acc(1): 75.00, Acc(5): 100.00
2023-06-19 16:28:58,516 - AUGCON - INFO - Epoch [39/50]-(15/22) Loss: 0.5696, Acc(1): 100.00, Acc(5): 100.00
2023-06-19 16:28:58,516 - AUGCON - INFO - Epoch [39/50]-(20/22) Loss: 1.2201, Acc(1): 0.00, Acc(5): 100.00
2023-06-19 16:28:58,516 - AUGCON - INFO - 	Validation Loss: 1.2126, Acc(1): 68.00, Acc(5): 93.00, F1: 0.16, Recall: 0.16, Precision: 0.15
2023-06-19 16:28:58,516 - AUGCON - INFO - Epoch [40/50]-(0/22) Loss: 0.8789, Acc(1): 50.00, Acc(5): 100.00
2023-06-19 16:28:58,516 - AUGCON - INFO - Epoch [40/50]-(5/22) Loss: 0.8138, Acc(1): 75.00, Acc(5): 100.00
2023-06-19 16:28:58,516 - AUGCON - INFO - Epoch [40/50]-(10/22) Loss: 1.6580, Acc(1): 50.00, Acc(5): 100.00
2023-06-19 16:28:58,516 - AUGCON - INFO - Epoch [40/50]-(15/22) Loss: 0.5785, Acc(1): 100.00, Acc(5): 100.00
2023-06-19 16:28:58,516 - AUGCON - INFO - Epoch [40/50]-(20/22) Loss: 0.5834, Acc(1): 100.00, Acc(5): 100.00
2023-06-19 16:28:58,516 - AUGCON - INFO - 	Validation Loss: 1.2183, Acc(1): 69.00, Acc(5): 94.00, F1: 0.15, Recall: 0.15, Precision: 0.16
2023-06-19 16:28:58,516 - AUGCON - INFO - Epoch [41/50]-(0/22) Loss: 0.7894, Acc(1): 100.00, Acc(5): 100.00
2023-06-19 16:28:58,516 - AUGCON - INFO - Epoch [41/50]-(5/22) Loss: 0.6728, Acc(1): 75.00, Acc(5): 100.00
2023-06-19 16:28:58,517 - AUGCON - INFO - Epoch [41/50]-(10/22) Loss: 0.8136, Acc(1): 75.00, Acc(5): 100.00
2023-06-19 16:28:58,517 - AUGCON - INFO - Epoch [41/50]-(15/22) Loss: 0.5013, Acc(1): 100.00, Acc(5): 100.00
2023-06-19 16:28:58,517 - AUGCON - INFO - Epoch [41/50]-(20/22) Loss: 0.6504, Acc(1): 100.00, Acc(5): 100.00
2023-06-19 16:28:58,517 - AUGCON - INFO - 	Validation Loss: 1.2057, Acc(1): 75.00, Acc(5): 93.00, F1: 0.16, Recall: 0.17, Precision: 0.16
2023-06-19 16:28:58,517 - AUGCON - INFO - Epoch [42/50]-(0/22) Loss: 1.2833, Acc(1): 50.00, Acc(5): 100.00
2023-06-19 16:28:58,517 - AUGCON - INFO - Epoch [42/50]-(5/22) Loss: 0.6618, Acc(1): 75.00, Acc(5): 100.00
2023-06-19 16:28:58,517 - AUGCON - INFO - Epoch [42/50]-(10/22) Loss: 0.4024, Acc(1): 75.00, Acc(5): 100.00
2023-06-19 16:28:58,517 - AUGCON - INFO - Epoch [42/50]-(15/22) Loss: 0.7273, Acc(1): 50.00, Acc(5): 100.00
2023-06-19 16:28:58,517 - AUGCON - INFO - Epoch [42/50]-(20/22) Loss: 0.3885, Acc(1): 100.00, Acc(5): 100.00
2023-06-19 16:28:58,517 - AUGCON - INFO - 	Validation Loss: 1.2126, Acc(1): 71.00, Acc(5): 93.00, F1: 0.16, Recall: 0.16, Precision: 0.16
2023-06-19 16:28:58,517 - AUGCON - INFO - Epoch [43/50]-(0/22) Loss: 0.6639, Acc(1): 100.00, Acc(5): 100.00
2023-06-19 16:28:58,517 - AUGCON - INFO - Epoch [43/50]-(5/22) Loss: 0.6215, Acc(1): 100.00, Acc(5): 100.00
2023-06-19 16:28:58,517 - AUGCON - INFO - Epoch [43/50]-(10/22) Loss: 0.5657, Acc(1): 75.00, Acc(5): 100.00
2023-06-19 16:28:58,517 - AUGCON - INFO - Epoch [43/50]-(15/22) Loss: 1.3507, Acc(1): 50.00, Acc(5): 100.00
2023-06-19 16:28:58,517 - AUGCON - INFO - Epoch [43/50]-(20/22) Loss: 0.3854, Acc(1): 75.00, Acc(5): 100.00
2023-06-19 16:28:58,518 - AUGCON - INFO - 	Validation Loss: 1.2431, Acc(1): 74.00, Acc(5): 93.00, F1: 0.17, Recall: 0.16, Precision: 0.18
2023-06-19 16:28:58,518 - AUGCON - INFO - Epoch [44/50]-(0/22) Loss: 0.5058, Acc(1): 75.00, Acc(5): 100.00
2023-06-19 16:28:58,518 - AUGCON - INFO - Epoch [44/50]-(5/22) Loss: 0.8080, Acc(1): 50.00, Acc(5): 100.00
2023-06-19 16:28:58,518 - AUGCON - INFO - Epoch [44/50]-(10/22) Loss: 0.3119, Acc(1): 100.00, Acc(5): 100.00
2023-06-19 16:28:58,518 - AUGCON - INFO - Epoch [44/50]-(15/22) Loss: 0.5833, Acc(1): 75.00, Acc(5): 100.00
2023-06-19 16:28:58,518 - AUGCON - INFO - Epoch [44/50]-(20/22) Loss: 0.8003, Acc(1): 100.00, Acc(5): 100.00
2023-06-19 16:28:58,518 - AUGCON - INFO - 	Validation Loss: 1.2287, Acc(1): 69.00, Acc(5): 94.00, F1: 0.15, Recall: 0.15, Precision: 0.15
2023-06-19 16:28:58,518 - AUGCON - INFO - Epoch [45/50]-(0/22) Loss: 0.4965, Acc(1): 100.00, Acc(5): 100.00
2023-06-19 16:28:58,518 - AUGCON - INFO - Epoch [45/50]-(5/22) Loss: 1.4713, Acc(1): 50.00, Acc(5): 100.00
2023-06-19 16:28:58,518 - AUGCON - INFO - Epoch [45/50]-(10/22) Loss: 0.6212, Acc(1): 100.00, Acc(5): 100.00
2023-06-19 16:28:58,518 - AUGCON - INFO - Epoch [45/50]-(15/22) Loss: 0.7794, Acc(1): 75.00, Acc(5): 100.00
2023-06-19 16:28:58,518 - AUGCON - INFO - Epoch [45/50]-(20/22) Loss: 0.9295, Acc(1): 75.00, Acc(5): 100.00
2023-06-19 16:28:58,519 - AUGCON - INFO - 	Validation Loss: 1.2948, Acc(1): 61.00, Acc(5): 93.00, F1: 0.14, Recall: 0.15, Precision: 0.13
2023-06-19 16:28:58,519 - AUGCON - INFO - Epoch [46/50]-(0/22) Loss: 0.7974, Acc(1): 75.00, Acc(5): 100.00
2023-06-19 16:28:58,519 - AUGCON - INFO - Epoch [46/50]-(5/22) Loss: 0.5706, Acc(1): 75.00, Acc(5): 100.00
2023-06-19 16:28:58,519 - AUGCON - INFO - Epoch [46/50]-(10/22) Loss: 0.6664, Acc(1): 100.00, Acc(5): 100.00
2023-06-19 16:28:58,519 - AUGCON - INFO - Epoch [46/50]-(15/22) Loss: 1.2744, Acc(1): 50.00, Acc(5): 100.00
2023-06-19 16:28:58,519 - AUGCON - INFO - Epoch [46/50]-(20/22) Loss: 0.6169, Acc(1): 75.00, Acc(5): 100.00
2023-06-19 16:28:58,519 - AUGCON - INFO - 	Validation Loss: 1.2193, Acc(1): 77.00, Acc(5): 93.00, F1: 0.17, Recall: 0.17, Precision: 0.18
2023-06-19 16:28:58,519 - AUGCON - INFO - Epoch [47/50]-(0/22) Loss: 0.9599, Acc(1): 50.00, Acc(5): 100.00
2023-06-19 16:28:58,519 - AUGCON - INFO - Epoch [47/50]-(5/22) Loss: 0.4345, Acc(1): 100.00, Acc(5): 100.00
2023-06-19 16:28:58,519 - AUGCON - INFO - Epoch [47/50]-(10/22) Loss: 0.6170, Acc(1): 75.00, Acc(5): 100.00
2023-06-19 16:28:58,519 - AUGCON - INFO - Epoch [47/50]-(15/22) Loss: 0.6757, Acc(1): 75.00, Acc(5): 100.00
2023-06-19 16:28:58,519 - AUGCON - INFO - Epoch [47/50]-(20/22) Loss: 0.7150, Acc(1): 75.00, Acc(5): 100.00
2023-06-19 16:28:58,519 - AUGCON - INFO - 	Validation Loss: 1.2071, Acc(1): 70.00, Acc(5): 93.00, F1: 0.16, Recall: 0.17, Precision: 0.16
2023-06-19 16:28:58,520 - AUGCON - INFO - Epoch [48/50]-(0/22) Loss: 0.6244, Acc(1): 100.00, Acc(5): 100.00
2023-06-19 16:28:58,520 - AUGCON - INFO - Epoch [48/50]-(5/22) Loss: 0.2071, Acc(1): 100.00, Acc(5): 100.00
2023-06-19 16:28:58,520 - AUGCON - INFO - Epoch [48/50]-(10/22) Loss: 0.6351, Acc(1): 100.00, Acc(5): 100.00
2023-06-19 16:28:58,520 - AUGCON - INFO - Epoch [48/50]-(15/22) Loss: 0.5287, Acc(1): 75.00, Acc(5): 100.00
2023-06-19 16:28:58,520 - AUGCON - INFO - Epoch [48/50]-(20/22) Loss: 0.9436, Acc(1): 25.00, Acc(5): 100.00
2023-06-19 16:28:58,520 - AUGCON - INFO - 	Validation Loss: 1.2572, Acc(1): 71.00, Acc(5): 93.00, F1: 0.16, Recall: 0.15, Precision: 0.16
2023-06-19 16:28:58,520 - AUGCON - INFO - Epoch [49/50]-(0/22) Loss: 1.1089, Acc(1): 50.00, Acc(5): 100.00
2023-06-19 16:28:58,520 - AUGCON - INFO - Epoch [49/50]-(5/22) Loss: 0.4881, Acc(1): 75.00, Acc(5): 100.00
2023-06-19 16:28:58,520 - AUGCON - INFO - Epoch [49/50]-(10/22) Loss: 0.5028, Acc(1): 100.00, Acc(5): 100.00
2023-06-19 16:28:58,520 - AUGCON - INFO - Epoch [49/50]-(15/22) Loss: 0.3350, Acc(1): 100.00, Acc(5): 100.00
2023-06-19 16:28:58,520 - AUGCON - INFO - Epoch [49/50]-(20/22) Loss: 0.5749, Acc(1): 75.00, Acc(5): 100.00
2023-06-19 16:28:58,520 - AUGCON - INFO - 	Validation Loss: 1.2756, Acc(1): 66.00, Acc(5): 93.00, F1: 0.15, Recall: 0.14, Precision: 0.15
2023-06-19 16:28:58,520 - AUGCON - INFO - Epoch [50/50]-(0/22) Loss: 1.1934, Acc(1): 0.00, Acc(5): 100.00
2023-06-19 16:28:58,520 - AUGCON - INFO - Epoch [50/50]-(5/22) Loss: 1.1016, Acc(1): 25.00, Acc(5): 100.00
2023-06-19 16:28:58,521 - AUGCON - INFO - Epoch [50/50]-(10/22) Loss: 0.7550, Acc(1): 100.00, Acc(5): 100.00
2023-06-19 16:28:58,521 - AUGCON - INFO - Epoch [50/50]-(15/22) Loss: 0.5252, Acc(1): 100.00, Acc(5): 100.00
2023-06-19 16:28:58,521 - AUGCON - INFO - Epoch [50/50]-(20/22) Loss: 0.4575, Acc(1): 75.00, Acc(5): 100.00
2023-06-19 16:28:58,521 - AUGCON - INFO - 	Validation Loss: 1.2590, Acc(1): 70.00, Acc(5): 94.00, F1: 0.16, Recall: 0.16, Precision: 0.16
2023-06-19 16:28:58,521 - AUGCON - INFO - 	Validation Loss: 1.3225, Acc(1): 60.67, Acc(5): 94.33, F1: 0.13, Recall: 0.14, Precision: 0.13
