2023-06-19 16:42:56,015 - AUGCON - INFO - logger initialized (/home/hjyoon/projects/augcon/config/exp0/finetune_da_true/without_target_domain_PH0038-iygoo/cpc_random_8421/tgt_target_domain_WA4697-jhryu_seed0.yaml.log)
2023-06-19 16:42:56,015 - AUGCON - INFO - ================= Config =================
2023-06-19 16:42:56,015 - AUGCON - INFO -   mode: finetune
2023-06-19 16:42:56,016 - AUGCON - INFO -   seed: 0
2023-06-19 16:42:56,016 - AUGCON - INFO -   gpu: [4]
2023-06-19 16:42:56,016 - AUGCON - INFO -   num_workers: 1
2023-06-19 16:42:56,016 - AUGCON - INFO -   dist_url: tcp://localhost:10001
2023-06-19 16:42:56,016 - AUGCON - INFO -   dataset_name: ichar
2023-06-19 16:42:56,016 - AUGCON - INFO -   train_dataset_path: /mnt/sting/hjyoon/projects/cross/ICHAR/augcon/target_domain_WA4697-jhryu/finetune/10shot/target/train.pkl
2023-06-19 16:42:56,016 - AUGCON - INFO -   test_dataset_path: /mnt/sting/hjyoon/projects/cross/ICHAR/augcon/target_domain_WA4697-jhryu/finetune/10shot/target/test.pkl
2023-06-19 16:42:56,016 - AUGCON - INFO -   val_dataset_path: /mnt/sting/hjyoon/projects/cross/ICHAR/augcon/target_domain_WA4697-jhryu/finetune/10shot/target/val.pkl
2023-06-19 16:42:56,016 - AUGCON - INFO -   input_channels: 3
2023-06-19 16:42:56,016 - AUGCON - INFO -   num_cls: 9
2023-06-19 16:42:56,016 - AUGCON - INFO -   optimizer: adam
2023-06-19 16:42:56,016 - AUGCON - INFO -   criterion: crossentropy
2023-06-19 16:42:56,016 - AUGCON - INFO -   start_epoch: 0
2023-06-19 16:42:56,016 - AUGCON - INFO -   epochs: 50
2023-06-19 16:42:56,016 - AUGCON - INFO -   batch_size: 4
2023-06-19 16:42:56,016 - AUGCON - INFO -   lr: 0.001
2023-06-19 16:42:56,016 - AUGCON - INFO -   wd: 0.0
2023-06-19 16:42:56,016 - AUGCON - INFO -   resume: 
2023-06-19 16:42:56,016 - AUGCON - INFO -   pretrained: /mnt/sting/hjyoon/projects/augcontrast/models/exp0/pretrain/without_target_domain_PH0038-iygoo/cpc_random_8421//checkpoint_0099.pth.tar
2023-06-19 16:42:56,016 - AUGCON - INFO -   ckpt_dir: /mnt/sting/hjyoon/projects/augcontrast/models/exp0/finetune_da_true/without_target_domain_PH0038-iygoo/cpc_random_8421/tgt_target_domain_WA4697-jhryu_seed0
2023-06-19 16:42:56,016 - AUGCON - INFO -   log_freq: 5
2023-06-19 16:42:56,016 - AUGCON - INFO -   save_freq: 10
2023-06-19 16:42:56,016 - AUGCON - INFO -   pretext: metacpc
2023-06-19 16:42:56,016 - AUGCON - INFO -   enc_blocks: 4
2023-06-19 16:42:56,016 - AUGCON - INFO -   kernel_sizes: [8, 4, 2, 1]
2023-06-19 16:42:56,016 - AUGCON - INFO -   strides: [4, 2, 1, 1]
2023-06-19 16:42:56,016 - AUGCON - INFO -   agg_blocks: 5
2023-06-19 16:42:56,016 - AUGCON - INFO -   z_dim: 256
2023-06-19 16:42:56,016 - AUGCON - INFO -   pooling: mean
2023-06-19 16:42:56,016 - AUGCON - INFO -   pred_steps: 12
2023-06-19 16:42:56,016 - AUGCON - INFO -   n_negatives: 15
2023-06-19 16:42:56,016 - AUGCON - INFO -   offset: 4
2023-06-19 16:42:56,016 - AUGCON - INFO -   domain_adaptation: True
2023-06-19 16:42:56,016 - AUGCON - INFO -   task_steps: 10
2023-06-19 16:42:56,016 - AUGCON - INFO -   task_lr: 0.001
2023-06-19 16:42:56,016 - AUGCON - INFO -   reg_lambda: 0
2023-06-19 16:42:56,016 - AUGCON - INFO -   mlp: False
2023-06-19 16:42:56,017 - AUGCON - INFO -   freeze: True
2023-06-19 16:42:56,017 - AUGCON - INFO -   no_vars: True
2023-06-19 16:42:56,017 - AUGCON - INFO - ==========================================
2023-06-19 16:42:56,017 - AUGCON - INFO - Setting GPUs: [4]
2023-06-19 16:42:56,017 - AUGCON - INFO - GPUs [4] will be used
2023-06-19 16:42:56,017 - AUGCON - WARNING - You have chosen to seed training. 
2023-06-19 16:42:56,017 - AUGCON - WARNING - This will turn on the CUDNN deterministic setting, 
2023-06-19 16:42:56,017 - AUGCON - WARNING - which can slow down your training considerably! 
2023-06-19 16:42:56,017 - AUGCON - WARNING - You may see unexpected behavior when restarting 
2023-06-19 16:42:56,017 - AUGCON - WARNING - from checkpoints.
2023-06-19 16:42:56,064 - AUGCON - INFO - Executing MetaCPC
2023-06-19 16:42:56,064 - AUGCON - INFO - Logs are skipped during training
2023-06-19 16:43:16,367 - AUGCON - INFO - Single GPU is used for training - training 90 instances for each worker
2023-06-19 16:43:16,368 - AUGCON - INFO - Loading pretrained model from checkpoint - /mnt/sting/hjyoon/projects/augcontrast/models/exp0/pretrain/without_target_domain_PH0038-iygoo/cpc_random_8421//checkpoint_0099.pth.tar
2023-06-19 16:43:16,368 - AUGCON - INFO - Missing keys: ['predictor.vars.0', 'predictor.vars.1']
2023-06-19 16:43:16,368 - AUGCON - INFO - Perform domain adaptation step
2023-06-19 16:43:16,368 - AUGCON - INFO - 	meta-train [0/10] Loss: 3.2680, Acc(1): 6.61, Acc(5): 32.21
2023-06-19 16:43:16,368 - AUGCON - INFO - 	meta-train [1/10] Loss: 3.1045, Acc(1): 6.67, Acc(5): 31.89
2023-06-19 16:43:16,368 - AUGCON - INFO - 	meta-train [2/10] Loss: 3.0131, Acc(1): 6.70, Acc(5): 31.90
2023-06-19 16:43:16,368 - AUGCON - INFO - 	meta-train [3/10] Loss: 2.9413, Acc(1): 6.48, Acc(5): 31.24
2023-06-19 16:43:16,368 - AUGCON - INFO - 	meta-train [4/10] Loss: 2.9116, Acc(1): 6.55, Acc(5): 31.22
2023-06-19 16:43:16,368 - AUGCON - INFO - 	meta-train [5/10] Loss: 2.8702, Acc(1): 6.59, Acc(5): 31.99
2023-06-19 16:43:16,369 - AUGCON - INFO - 	meta-train [6/10] Loss: 2.8501, Acc(1): 6.23, Acc(5): 31.57
2023-06-19 16:43:16,369 - AUGCON - INFO - 	meta-train [7/10] Loss: 2.8406, Acc(1): 6.32, Acc(5): 31.66
2023-06-19 16:43:16,369 - AUGCON - INFO - 	meta-train [8/10] Loss: 2.8317, Acc(1): 6.49, Acc(5): 31.95
2023-06-19 16:43:16,369 - AUGCON - INFO - 	meta-train [9/10] Loss: 2.8298, Acc(1): 6.32, Acc(5): 32.21
2023-06-19 16:43:16,369 - AUGCON - INFO - Loading encoder parameters to the classifier
2023-06-19 16:43:16,369 - AUGCON - INFO - Missing keys: ['classifier.block.0.weight', 'classifier.block.0.bias']
2023-06-19 16:43:16,369 - AUGCON - INFO - Epoch [1/50]-(0/22) Loss: 2.5059, Acc(1): 0.00, Acc(5): 50.00
2023-06-19 16:43:16,369 - AUGCON - INFO - Epoch [1/50]-(5/22) Loss: 2.2984, Acc(1): 0.00, Acc(5): 50.00
2023-06-19 16:43:16,369 - AUGCON - INFO - Epoch [1/50]-(10/22) Loss: 2.5880, Acc(1): 0.00, Acc(5): 50.00
2023-06-19 16:43:16,369 - AUGCON - INFO - Epoch [1/50]-(15/22) Loss: 1.9738, Acc(1): 25.00, Acc(5): 75.00
2023-06-19 16:43:16,369 - AUGCON - INFO - Epoch [1/50]-(20/22) Loss: 2.1431, Acc(1): 0.00, Acc(5): 75.00
2023-06-19 16:43:16,369 - AUGCON - INFO - 	Validation Loss: 2.0052, Acc(1): 36.00, Acc(5): 88.00, F1: 0.08, Recall: 0.09, Precision: 0.08
2023-06-19 16:43:16,369 - AUGCON - INFO - Epoch [2/50]-(0/22) Loss: 2.0024, Acc(1): 25.00, Acc(5): 100.00
2023-06-19 16:43:16,369 - AUGCON - INFO - Epoch [2/50]-(5/22) Loss: 2.3452, Acc(1): 25.00, Acc(5): 75.00
2023-06-19 16:43:16,369 - AUGCON - INFO - Epoch [2/50]-(10/22) Loss: 1.9298, Acc(1): 25.00, Acc(5): 100.00
2023-06-19 16:43:16,369 - AUGCON - INFO - Epoch [2/50]-(15/22) Loss: 2.0814, Acc(1): 25.00, Acc(5): 75.00
2023-06-19 16:43:16,370 - AUGCON - INFO - Epoch [2/50]-(20/22) Loss: 2.2658, Acc(1): 25.00, Acc(5): 50.00
2023-06-19 16:43:16,370 - AUGCON - INFO - 	Validation Loss: 1.8911, Acc(1): 23.00, Acc(5): 92.00, F1: 0.06, Recall: 0.05, Precision: 0.07
2023-06-19 16:43:16,370 - AUGCON - INFO - Epoch [3/50]-(0/22) Loss: 1.9192, Acc(1): 25.00, Acc(5): 100.00
2023-06-19 16:43:16,370 - AUGCON - INFO - Epoch [3/50]-(5/22) Loss: 1.6784, Acc(1): 75.00, Acc(5): 75.00
2023-06-19 16:43:16,370 - AUGCON - INFO - Epoch [3/50]-(10/22) Loss: 2.0034, Acc(1): 50.00, Acc(5): 75.00
2023-06-19 16:43:16,370 - AUGCON - INFO - Epoch [3/50]-(15/22) Loss: 1.7667, Acc(1): 25.00, Acc(5): 100.00
2023-06-19 16:43:16,370 - AUGCON - INFO - Epoch [3/50]-(20/22) Loss: 1.8806, Acc(1): 25.00, Acc(5): 75.00
2023-06-19 16:43:16,370 - AUGCON - INFO - 	Validation Loss: 1.8007, Acc(1): 35.00, Acc(5): 94.00, F1: 0.07, Recall: 0.07, Precision: 0.08
2023-06-19 16:43:16,370 - AUGCON - INFO - Epoch [4/50]-(0/22) Loss: 1.7968, Acc(1): 25.00, Acc(5): 100.00
2023-06-19 16:43:16,370 - AUGCON - INFO - Epoch [4/50]-(5/22) Loss: 1.7881, Acc(1): 0.00, Acc(5): 100.00
2023-06-19 16:43:16,370 - AUGCON - INFO - Epoch [4/50]-(10/22) Loss: 1.6306, Acc(1): 25.00, Acc(5): 100.00
2023-06-19 16:43:16,370 - AUGCON - INFO - Epoch [4/50]-(15/22) Loss: 1.6448, Acc(1): 75.00, Acc(5): 100.00
2023-06-19 16:43:16,370 - AUGCON - INFO - Epoch [4/50]-(20/22) Loss: 1.8732, Acc(1): 25.00, Acc(5): 100.00
2023-06-19 16:43:16,370 - AUGCON - INFO - 	Validation Loss: 1.7730, Acc(1): 30.00, Acc(5): 93.00, F1: 0.06, Recall: 0.05, Precision: 0.07
2023-06-19 16:43:16,370 - AUGCON - INFO - Epoch [5/50]-(0/22) Loss: 1.6195, Acc(1): 25.00, Acc(5): 100.00
2023-06-19 16:43:16,370 - AUGCON - INFO - Epoch [5/50]-(5/22) Loss: 1.8443, Acc(1): 50.00, Acc(5): 75.00
2023-06-19 16:43:16,371 - AUGCON - INFO - Epoch [5/50]-(10/22) Loss: 1.7564, Acc(1): 25.00, Acc(5): 100.00
2023-06-19 16:43:16,371 - AUGCON - INFO - Epoch [5/50]-(15/22) Loss: 1.5707, Acc(1): 50.00, Acc(5): 100.00
2023-06-19 16:43:16,371 - AUGCON - INFO - Epoch [5/50]-(20/22) Loss: 2.1505, Acc(1): 25.00, Acc(5): 75.00
2023-06-19 16:43:16,371 - AUGCON - INFO - 	Validation Loss: 1.6881, Acc(1): 44.00, Acc(5): 97.00, F1: 0.12, Recall: 0.09, Precision: 0.19
2023-06-19 16:43:16,371 - AUGCON - INFO - Epoch [6/50]-(0/22) Loss: 1.5263, Acc(1): 50.00, Acc(5): 75.00
2023-06-19 16:43:16,371 - AUGCON - INFO - Epoch [6/50]-(5/22) Loss: 1.9693, Acc(1): 50.00, Acc(5): 50.00
2023-06-19 16:43:16,371 - AUGCON - INFO - Epoch [6/50]-(10/22) Loss: 1.9146, Acc(1): 0.00, Acc(5): 100.00
2023-06-19 16:43:16,371 - AUGCON - INFO - Epoch [6/50]-(15/22) Loss: 1.5046, Acc(1): 25.00, Acc(5): 100.00
2023-06-19 16:43:16,371 - AUGCON - INFO - Epoch [6/50]-(20/22) Loss: 1.6258, Acc(1): 25.00, Acc(5): 100.00
2023-06-19 16:43:16,371 - AUGCON - INFO - 	Validation Loss: 1.6506, Acc(1): 43.00, Acc(5): 98.00, F1: 0.11, Recall: 0.09, Precision: 0.16
2023-06-19 16:43:16,371 - AUGCON - INFO - Epoch [7/50]-(0/22) Loss: 1.5539, Acc(1): 25.00, Acc(5): 100.00
2023-06-19 16:43:16,371 - AUGCON - INFO - Epoch [7/50]-(5/22) Loss: 1.7872, Acc(1): 50.00, Acc(5): 100.00
2023-06-19 16:43:16,371 - AUGCON - INFO - Epoch [7/50]-(10/22) Loss: 2.0887, Acc(1): 25.00, Acc(5): 75.00
2023-06-19 16:43:16,371 - AUGCON - INFO - Epoch [7/50]-(15/22) Loss: 1.8033, Acc(1): 0.00, Acc(5): 100.00
2023-06-19 16:43:16,371 - AUGCON - INFO - Epoch [7/50]-(20/22) Loss: 1.6138, Acc(1): 25.00, Acc(5): 100.00
2023-06-19 16:43:16,371 - AUGCON - INFO - 	Validation Loss: 1.6534, Acc(1): 43.00, Acc(5): 97.00, F1: 0.10, Recall: 0.09, Precision: 0.11
2023-06-19 16:43:16,371 - AUGCON - INFO - Epoch [8/50]-(0/22) Loss: 1.2275, Acc(1): 50.00, Acc(5): 100.00
2023-06-19 16:43:16,372 - AUGCON - INFO - Epoch [8/50]-(5/22) Loss: 1.1556, Acc(1): 100.00, Acc(5): 100.00
2023-06-19 16:43:16,372 - AUGCON - INFO - Epoch [8/50]-(10/22) Loss: 2.2256, Acc(1): 0.00, Acc(5): 75.00
2023-06-19 16:43:16,372 - AUGCON - INFO - Epoch [8/50]-(15/22) Loss: 1.6167, Acc(1): 25.00, Acc(5): 100.00
2023-06-19 16:43:16,372 - AUGCON - INFO - Epoch [8/50]-(20/22) Loss: 1.8850, Acc(1): 25.00, Acc(5): 100.00
2023-06-19 16:43:16,372 - AUGCON - INFO - 	Validation Loss: 1.6097, Acc(1): 47.00, Acc(5): 98.00, F1: 0.12, Recall: 0.12, Precision: 0.12
2023-06-19 16:43:16,372 - AUGCON - INFO - Epoch [9/50]-(0/22) Loss: 1.6218, Acc(1): 75.00, Acc(5): 100.00
2023-06-19 16:43:16,372 - AUGCON - INFO - Epoch [9/50]-(5/22) Loss: 1.8635, Acc(1): 50.00, Acc(5): 100.00
2023-06-19 16:43:16,372 - AUGCON - INFO - Epoch [9/50]-(10/22) Loss: 1.0781, Acc(1): 50.00, Acc(5): 100.00
2023-06-19 16:43:16,372 - AUGCON - INFO - Epoch [9/50]-(15/22) Loss: 2.1153, Acc(1): 25.00, Acc(5): 50.00
2023-06-19 16:43:16,372 - AUGCON - INFO - Epoch [9/50]-(20/22) Loss: 1.8428, Acc(1): 50.00, Acc(5): 100.00
2023-06-19 16:43:16,372 - AUGCON - INFO - 	Validation Loss: 1.5709, Acc(1): 41.00, Acc(5): 96.00, F1: 0.10, Recall: 0.08, Precision: 0.11
2023-06-19 16:43:16,372 - AUGCON - INFO - Epoch [10/50]-(0/22) Loss: 1.3562, Acc(1): 50.00, Acc(5): 100.00
2023-06-19 16:43:16,372 - AUGCON - INFO - Epoch [10/50]-(5/22) Loss: 1.3559, Acc(1): 100.00, Acc(5): 100.00
2023-06-19 16:43:16,372 - AUGCON - INFO - Epoch [10/50]-(10/22) Loss: 1.4544, Acc(1): 50.00, Acc(5): 100.00
2023-06-19 16:43:16,372 - AUGCON - INFO - Epoch [10/50]-(15/22) Loss: 1.6353, Acc(1): 50.00, Acc(5): 100.00
2023-06-19 16:43:16,372 - AUGCON - INFO - Epoch [10/50]-(20/22) Loss: 1.6272, Acc(1): 50.00, Acc(5): 100.00
2023-06-19 16:43:16,373 - AUGCON - INFO - 	Validation Loss: 1.5383, Acc(1): 45.00, Acc(5): 96.00, F1: 0.10, Recall: 0.09, Precision: 0.10
2023-06-19 16:43:16,373 - AUGCON - INFO - Epoch [11/50]-(0/22) Loss: 1.9591, Acc(1): 25.00, Acc(5): 75.00
2023-06-19 16:43:16,373 - AUGCON - INFO - Epoch [11/50]-(5/22) Loss: 1.4489, Acc(1): 50.00, Acc(5): 100.00
2023-06-19 16:43:16,373 - AUGCON - INFO - Epoch [11/50]-(10/22) Loss: 1.1198, Acc(1): 75.00, Acc(5): 100.00
2023-06-19 16:43:16,373 - AUGCON - INFO - Epoch [11/50]-(15/22) Loss: 1.9188, Acc(1): 50.00, Acc(5): 75.00
2023-06-19 16:43:16,373 - AUGCON - INFO - Epoch [11/50]-(20/22) Loss: 1.9026, Acc(1): 0.00, Acc(5): 75.00
2023-06-19 16:43:16,373 - AUGCON - INFO - 	Validation Loss: 1.5433, Acc(1): 44.00, Acc(5): 98.00, F1: 0.10, Recall: 0.09, Precision: 0.12
2023-06-19 16:43:16,373 - AUGCON - INFO - Epoch [12/50]-(0/22) Loss: 1.3039, Acc(1): 50.00, Acc(5): 100.00
2023-06-19 16:43:16,373 - AUGCON - INFO - Epoch [12/50]-(5/22) Loss: 1.3001, Acc(1): 75.00, Acc(5): 100.00
2023-06-19 16:43:16,373 - AUGCON - INFO - Epoch [12/50]-(10/22) Loss: 1.7202, Acc(1): 50.00, Acc(5): 100.00
2023-06-19 16:43:16,373 - AUGCON - INFO - Epoch [12/50]-(15/22) Loss: 1.6659, Acc(1): 25.00, Acc(5): 100.00
2023-06-19 16:43:16,373 - AUGCON - INFO - Epoch [12/50]-(20/22) Loss: 1.6087, Acc(1): 25.00, Acc(5): 100.00
2023-06-19 16:43:16,373 - AUGCON - INFO - 	Validation Loss: 1.4627, Acc(1): 56.00, Acc(5): 98.00, F1: 0.14, Recall: 0.12, Precision: 0.17
2023-06-19 16:43:16,373 - AUGCON - INFO - Epoch [13/50]-(0/22) Loss: 1.6041, Acc(1): 25.00, Acc(5): 100.00
2023-06-19 16:43:16,373 - AUGCON - INFO - Epoch [13/50]-(5/22) Loss: 1.9936, Acc(1): 50.00, Acc(5): 75.00
2023-06-19 16:43:16,373 - AUGCON - INFO - Epoch [13/50]-(10/22) Loss: 1.4195, Acc(1): 50.00, Acc(5): 100.00
2023-06-19 16:43:16,374 - AUGCON - INFO - Epoch [13/50]-(15/22) Loss: 1.3632, Acc(1): 75.00, Acc(5): 100.00
2023-06-19 16:43:16,374 - AUGCON - INFO - Epoch [13/50]-(20/22) Loss: 1.4544, Acc(1): 75.00, Acc(5): 100.00
2023-06-19 16:43:16,374 - AUGCON - INFO - 	Validation Loss: 1.5129, Acc(1): 45.00, Acc(5): 97.00, F1: 0.10, Recall: 0.09, Precision: 0.11
2023-06-19 16:43:16,374 - AUGCON - INFO - Epoch [14/50]-(0/22) Loss: 1.7514, Acc(1): 25.00, Acc(5): 100.00
2023-06-19 16:43:16,374 - AUGCON - INFO - Epoch [14/50]-(5/22) Loss: 1.3661, Acc(1): 25.00, Acc(5): 100.00
2023-06-19 16:43:16,374 - AUGCON - INFO - Epoch [14/50]-(10/22) Loss: 1.5789, Acc(1): 50.00, Acc(5): 100.00
2023-06-19 16:43:16,374 - AUGCON - INFO - Epoch [14/50]-(15/22) Loss: 1.4132, Acc(1): 50.00, Acc(5): 100.00
2023-06-19 16:43:16,374 - AUGCON - INFO - Epoch [14/50]-(20/22) Loss: 1.7100, Acc(1): 50.00, Acc(5): 100.00
2023-06-19 16:43:16,374 - AUGCON - INFO - 	Validation Loss: 1.4420, Acc(1): 55.00, Acc(5): 97.00, F1: 0.14, Recall: 0.12, Precision: 0.18
2023-06-19 16:43:16,374 - AUGCON - INFO - Epoch [15/50]-(0/22) Loss: 1.3056, Acc(1): 50.00, Acc(5): 100.00
2023-06-19 16:43:16,374 - AUGCON - INFO - Epoch [15/50]-(5/22) Loss: 1.1261, Acc(1): 100.00, Acc(5): 100.00
2023-06-19 16:43:16,374 - AUGCON - INFO - Epoch [15/50]-(10/22) Loss: 1.2288, Acc(1): 75.00, Acc(5): 100.00
2023-06-19 16:43:16,374 - AUGCON - INFO - Epoch [15/50]-(15/22) Loss: 1.2429, Acc(1): 50.00, Acc(5): 100.00
2023-06-19 16:43:16,374 - AUGCON - INFO - Epoch [15/50]-(20/22) Loss: 1.3114, Acc(1): 50.00, Acc(5): 100.00
2023-06-19 16:43:16,374 - AUGCON - INFO - 	Validation Loss: 1.5426, Acc(1): 44.00, Acc(5): 93.00, F1: 0.10, Recall: 0.10, Precision: 0.11
2023-06-19 16:43:16,374 - AUGCON - INFO - Epoch [16/50]-(0/22) Loss: 1.2302, Acc(1): 25.00, Acc(5): 100.00
2023-06-19 16:43:16,375 - AUGCON - INFO - Epoch [16/50]-(5/22) Loss: 1.5639, Acc(1): 25.00, Acc(5): 100.00
2023-06-19 16:43:16,375 - AUGCON - INFO - Epoch [16/50]-(10/22) Loss: 1.5543, Acc(1): 25.00, Acc(5): 100.00
2023-06-19 16:43:16,375 - AUGCON - INFO - Epoch [16/50]-(15/22) Loss: 1.3599, Acc(1): 50.00, Acc(5): 100.00
2023-06-19 16:43:16,375 - AUGCON - INFO - Epoch [16/50]-(20/22) Loss: 2.7589, Acc(1): 25.00, Acc(5): 50.00
2023-06-19 16:43:16,375 - AUGCON - INFO - 	Validation Loss: 1.4333, Acc(1): 54.00, Acc(5): 98.00, F1: 0.13, Recall: 0.12, Precision: 0.15
2023-06-19 16:43:16,375 - AUGCON - INFO - Epoch [17/50]-(0/22) Loss: 0.9926, Acc(1): 50.00, Acc(5): 100.00
2023-06-19 16:43:16,375 - AUGCON - INFO - Epoch [17/50]-(5/22) Loss: 1.5953, Acc(1): 75.00, Acc(5): 100.00
2023-06-19 16:43:16,375 - AUGCON - INFO - Epoch [17/50]-(10/22) Loss: 1.0508, Acc(1): 75.00, Acc(5): 75.00
2023-06-19 16:43:16,375 - AUGCON - INFO - Epoch [17/50]-(15/22) Loss: 1.2908, Acc(1): 75.00, Acc(5): 100.00
2023-06-19 16:43:16,375 - AUGCON - INFO - Epoch [17/50]-(20/22) Loss: 1.2550, Acc(1): 75.00, Acc(5): 100.00
2023-06-19 16:43:16,375 - AUGCON - INFO - 	Validation Loss: 1.4390, Acc(1): 44.00, Acc(5): 98.00, F1: 0.10, Recall: 0.10, Precision: 0.10
2023-06-19 16:43:16,375 - AUGCON - INFO - Epoch [18/50]-(0/22) Loss: 1.5171, Acc(1): 25.00, Acc(5): 100.00
2023-06-19 16:43:16,375 - AUGCON - INFO - Epoch [18/50]-(5/22) Loss: 1.4920, Acc(1): 50.00, Acc(5): 100.00
2023-06-19 16:43:16,375 - AUGCON - INFO - Epoch [18/50]-(10/22) Loss: 1.1103, Acc(1): 100.00, Acc(5): 100.00
2023-06-19 16:43:16,375 - AUGCON - INFO - Epoch [18/50]-(15/22) Loss: 1.7583, Acc(1): 25.00, Acc(5): 100.00
2023-06-19 16:43:16,375 - AUGCON - INFO - Epoch [18/50]-(20/22) Loss: 1.5967, Acc(1): 75.00, Acc(5): 75.00
2023-06-19 16:43:16,375 - AUGCON - INFO - 	Validation Loss: 1.4532, Acc(1): 43.00, Acc(5): 97.00, F1: 0.10, Recall: 0.11, Precision: 0.09
2023-06-19 16:43:16,376 - AUGCON - INFO - Epoch [19/50]-(0/22) Loss: 1.0486, Acc(1): 75.00, Acc(5): 100.00
2023-06-19 16:43:16,376 - AUGCON - INFO - Epoch [19/50]-(5/22) Loss: 1.7986, Acc(1): 75.00, Acc(5): 75.00
2023-06-19 16:43:16,376 - AUGCON - INFO - Epoch [19/50]-(10/22) Loss: 1.7614, Acc(1): 25.00, Acc(5): 100.00
2023-06-19 16:43:16,376 - AUGCON - INFO - Epoch [19/50]-(15/22) Loss: 1.6710, Acc(1): 25.00, Acc(5): 100.00
2023-06-19 16:43:16,376 - AUGCON - INFO - Epoch [19/50]-(20/22) Loss: 1.5086, Acc(1): 75.00, Acc(5): 100.00
2023-06-19 16:43:16,376 - AUGCON - INFO - 	Validation Loss: 1.4117, Acc(1): 46.00, Acc(5): 96.00, F1: 0.11, Recall: 0.09, Precision: 0.15
2023-06-19 16:43:16,376 - AUGCON - INFO - Epoch [20/50]-(0/22) Loss: 1.3371, Acc(1): 50.00, Acc(5): 100.00
2023-06-19 16:43:16,376 - AUGCON - INFO - Epoch [20/50]-(5/22) Loss: 1.3276, Acc(1): 75.00, Acc(5): 100.00
2023-06-19 16:43:16,376 - AUGCON - INFO - Epoch [20/50]-(10/22) Loss: 1.0713, Acc(1): 75.00, Acc(5): 100.00
2023-06-19 16:43:16,376 - AUGCON - INFO - Epoch [20/50]-(15/22) Loss: 1.2884, Acc(1): 100.00, Acc(5): 100.00
2023-06-19 16:43:16,376 - AUGCON - INFO - Epoch [20/50]-(20/22) Loss: 1.3450, Acc(1): 50.00, Acc(5): 100.00
2023-06-19 16:43:16,376 - AUGCON - INFO - 	Validation Loss: 1.4089, Acc(1): 49.00, Acc(5): 98.00, F1: 0.12, Recall: 0.12, Precision: 0.12
2023-06-19 16:43:16,376 - AUGCON - INFO - Epoch [21/50]-(0/22) Loss: 1.2234, Acc(1): 50.00, Acc(5): 100.00
2023-06-19 16:43:16,376 - AUGCON - INFO - Epoch [21/50]-(5/22) Loss: 1.6155, Acc(1): 75.00, Acc(5): 75.00
2023-06-19 16:43:16,376 - AUGCON - INFO - Epoch [21/50]-(10/22) Loss: 1.2544, Acc(1): 100.00, Acc(5): 100.00
2023-06-19 16:43:16,376 - AUGCON - INFO - Epoch [21/50]-(15/22) Loss: 1.4111, Acc(1): 50.00, Acc(5): 100.00
2023-06-19 16:43:16,377 - AUGCON - INFO - Epoch [21/50]-(20/22) Loss: 1.4942, Acc(1): 25.00, Acc(5): 100.00
2023-06-19 16:43:16,377 - AUGCON - INFO - 	Validation Loss: 1.3908, Acc(1): 52.00, Acc(5): 98.00, F1: 0.12, Recall: 0.11, Precision: 0.14
2023-06-19 16:43:16,377 - AUGCON - INFO - Epoch [22/50]-(0/22) Loss: 0.8001, Acc(1): 100.00, Acc(5): 100.00
2023-06-19 16:43:16,377 - AUGCON - INFO - Epoch [22/50]-(5/22) Loss: 1.3818, Acc(1): 50.00, Acc(5): 100.00
2023-06-19 16:43:16,377 - AUGCON - INFO - Epoch [22/50]-(10/22) Loss: 1.4284, Acc(1): 50.00, Acc(5): 100.00
2023-06-19 16:43:16,377 - AUGCON - INFO - Epoch [22/50]-(15/22) Loss: 1.3571, Acc(1): 50.00, Acc(5): 100.00
2023-06-19 16:43:16,377 - AUGCON - INFO - Epoch [22/50]-(20/22) Loss: 1.2992, Acc(1): 50.00, Acc(5): 100.00
2023-06-19 16:43:16,377 - AUGCON - INFO - 	Validation Loss: 1.3928, Acc(1): 44.00, Acc(5): 98.00, F1: 0.10, Recall: 0.11, Precision: 0.10
2023-06-19 16:43:16,377 - AUGCON - INFO - Epoch [23/50]-(0/22) Loss: 1.2217, Acc(1): 75.00, Acc(5): 100.00
2023-06-19 16:43:16,377 - AUGCON - INFO - Epoch [23/50]-(5/22) Loss: 1.7676, Acc(1): 50.00, Acc(5): 75.00
2023-06-19 16:43:16,377 - AUGCON - INFO - Epoch [23/50]-(10/22) Loss: 1.5979, Acc(1): 75.00, Acc(5): 75.00
2023-06-19 16:43:16,377 - AUGCON - INFO - Epoch [23/50]-(15/22) Loss: 0.8222, Acc(1): 75.00, Acc(5): 100.00
2023-06-19 16:43:16,377 - AUGCON - INFO - Epoch [23/50]-(20/22) Loss: 1.6000, Acc(1): 25.00, Acc(5): 100.00
2023-06-19 16:43:16,377 - AUGCON - INFO - 	Validation Loss: 1.3902, Acc(1): 47.00, Acc(5): 98.00, F1: 0.11, Recall: 0.10, Precision: 0.11
2023-06-19 16:43:16,377 - AUGCON - INFO - Epoch [24/50]-(0/22) Loss: 1.0918, Acc(1): 50.00, Acc(5): 100.00
2023-06-19 16:43:16,377 - AUGCON - INFO - Epoch [24/50]-(5/22) Loss: 0.9921, Acc(1): 100.00, Acc(5): 100.00
2023-06-19 16:43:16,378 - AUGCON - INFO - Epoch [24/50]-(10/22) Loss: 1.4726, Acc(1): 50.00, Acc(5): 100.00
2023-06-19 16:43:16,378 - AUGCON - INFO - Epoch [24/50]-(15/22) Loss: 1.2010, Acc(1): 75.00, Acc(5): 100.00
2023-06-19 16:43:16,378 - AUGCON - INFO - Epoch [24/50]-(20/22) Loss: 0.9161, Acc(1): 75.00, Acc(5): 100.00
2023-06-19 16:43:16,378 - AUGCON - INFO - 	Validation Loss: 1.3420, Acc(1): 57.00, Acc(5): 98.00, F1: 0.13, Recall: 0.13, Precision: 0.13
2023-06-19 16:43:16,378 - AUGCON - INFO - Epoch [25/50]-(0/22) Loss: 0.9423, Acc(1): 75.00, Acc(5): 100.00
2023-06-19 16:43:16,378 - AUGCON - INFO - Epoch [25/50]-(5/22) Loss: 1.3342, Acc(1): 50.00, Acc(5): 100.00
2023-06-19 16:43:16,378 - AUGCON - INFO - Epoch [25/50]-(10/22) Loss: 1.3127, Acc(1): 25.00, Acc(5): 100.00
2023-06-19 16:43:16,378 - AUGCON - INFO - Epoch [25/50]-(15/22) Loss: 1.1014, Acc(1): 75.00, Acc(5): 100.00
2023-06-19 16:43:16,378 - AUGCON - INFO - Epoch [25/50]-(20/22) Loss: 1.0206, Acc(1): 75.00, Acc(5): 100.00
2023-06-19 16:43:16,378 - AUGCON - INFO - 	Validation Loss: 1.3158, Acc(1): 49.00, Acc(5): 98.00, F1: 0.12, Recall: 0.11, Precision: 0.13
2023-06-19 16:43:16,378 - AUGCON - INFO - Epoch [26/50]-(0/22) Loss: 0.8785, Acc(1): 75.00, Acc(5): 100.00
2023-06-19 16:43:16,378 - AUGCON - INFO - Epoch [26/50]-(5/22) Loss: 1.1891, Acc(1): 75.00, Acc(5): 100.00
2023-06-19 16:43:16,378 - AUGCON - INFO - Epoch [26/50]-(10/22) Loss: 2.2181, Acc(1): 0.00, Acc(5): 75.00
2023-06-19 16:43:16,378 - AUGCON - INFO - Epoch [26/50]-(15/22) Loss: 1.2154, Acc(1): 50.00, Acc(5): 100.00
2023-06-19 16:43:16,378 - AUGCON - INFO - Epoch [26/50]-(20/22) Loss: 1.5633, Acc(1): 0.00, Acc(5): 100.00
2023-06-19 16:43:16,378 - AUGCON - INFO - 	Validation Loss: 1.3094, Acc(1): 53.00, Acc(5): 98.00, F1: 0.13, Recall: 0.13, Precision: 0.13
2023-06-19 16:43:16,378 - AUGCON - INFO - Epoch [27/50]-(0/22) Loss: 1.2773, Acc(1): 75.00, Acc(5): 100.00
2023-06-19 16:43:16,379 - AUGCON - INFO - Epoch [27/50]-(5/22) Loss: 0.7939, Acc(1): 100.00, Acc(5): 100.00
2023-06-19 16:43:16,379 - AUGCON - INFO - Epoch [27/50]-(10/22) Loss: 1.7643, Acc(1): 50.00, Acc(5): 75.00
2023-06-19 16:43:16,379 - AUGCON - INFO - Epoch [27/50]-(15/22) Loss: 1.2972, Acc(1): 50.00, Acc(5): 100.00
2023-06-19 16:43:16,379 - AUGCON - INFO - Epoch [27/50]-(20/22) Loss: 1.1950, Acc(1): 25.00, Acc(5): 100.00
2023-06-19 16:43:16,379 - AUGCON - INFO - 	Validation Loss: 1.3323, Acc(1): 60.00, Acc(5): 98.00, F1: 0.14, Recall: 0.15, Precision: 0.14
2023-06-19 16:43:16,379 - AUGCON - INFO - Epoch [28/50]-(0/22) Loss: 1.5300, Acc(1): 50.00, Acc(5): 100.00
2023-06-19 16:43:16,379 - AUGCON - INFO - Epoch [28/50]-(5/22) Loss: 1.3276, Acc(1): 75.00, Acc(5): 100.00
2023-06-19 16:43:16,379 - AUGCON - INFO - Epoch [28/50]-(10/22) Loss: 1.1397, Acc(1): 50.00, Acc(5): 100.00
2023-06-19 16:43:16,379 - AUGCON - INFO - Epoch [28/50]-(15/22) Loss: 1.9558, Acc(1): 25.00, Acc(5): 75.00
2023-06-19 16:43:16,379 - AUGCON - INFO - Epoch [28/50]-(20/22) Loss: 0.9926, Acc(1): 75.00, Acc(5): 100.00
2023-06-19 16:43:16,379 - AUGCON - INFO - 	Validation Loss: 1.3089, Acc(1): 51.00, Acc(5): 97.00, F1: 0.12, Recall: 0.11, Precision: 0.14
2023-06-19 16:43:16,379 - AUGCON - INFO - Epoch [29/50]-(0/22) Loss: 1.2252, Acc(1): 75.00, Acc(5): 100.00
2023-06-19 16:43:16,379 - AUGCON - INFO - Epoch [29/50]-(5/22) Loss: 1.2515, Acc(1): 50.00, Acc(5): 100.00
2023-06-19 16:43:16,379 - AUGCON - INFO - Epoch [29/50]-(10/22) Loss: 1.2189, Acc(1): 50.00, Acc(5): 100.00
2023-06-19 16:43:16,379 - AUGCON - INFO - Epoch [29/50]-(15/22) Loss: 1.9656, Acc(1): 25.00, Acc(5): 75.00
2023-06-19 16:43:16,379 - AUGCON - INFO - Epoch [29/50]-(20/22) Loss: 0.8688, Acc(1): 100.00, Acc(5): 100.00
2023-06-19 16:43:16,380 - AUGCON - INFO - 	Validation Loss: 1.3020, Acc(1): 54.00, Acc(5): 97.00, F1: 0.13, Recall: 0.13, Precision: 0.13
2023-06-19 16:43:16,380 - AUGCON - INFO - Epoch [30/50]-(0/22) Loss: 1.2737, Acc(1): 75.00, Acc(5): 100.00
2023-06-19 16:43:16,380 - AUGCON - INFO - Epoch [30/50]-(5/22) Loss: 1.0950, Acc(1): 100.00, Acc(5): 100.00
2023-06-19 16:43:16,380 - AUGCON - INFO - Epoch [30/50]-(10/22) Loss: 1.1229, Acc(1): 75.00, Acc(5): 100.00
2023-06-19 16:43:16,380 - AUGCON - INFO - Epoch [30/50]-(15/22) Loss: 1.9168, Acc(1): 25.00, Acc(5): 75.00
2023-06-19 16:43:16,380 - AUGCON - INFO - Epoch [30/50]-(20/22) Loss: 1.5418, Acc(1): 50.00, Acc(5): 100.00
2023-06-19 16:43:16,380 - AUGCON - INFO - 	Validation Loss: 1.2649, Acc(1): 53.00, Acc(5): 98.00, F1: 0.13, Recall: 0.11, Precision: 0.15
2023-06-19 16:43:16,380 - AUGCON - INFO - Epoch [31/50]-(0/22) Loss: 1.6968, Acc(1): 25.00, Acc(5): 75.00
2023-06-19 16:43:16,380 - AUGCON - INFO - Epoch [31/50]-(5/22) Loss: 1.5573, Acc(1): 50.00, Acc(5): 100.00
2023-06-19 16:43:16,380 - AUGCON - INFO - Epoch [31/50]-(10/22) Loss: 0.8292, Acc(1): 75.00, Acc(5): 100.00
2023-06-19 16:43:16,380 - AUGCON - INFO - Epoch [31/50]-(15/22) Loss: 1.0732, Acc(1): 50.00, Acc(5): 100.00
2023-06-19 16:43:16,380 - AUGCON - INFO - Epoch [31/50]-(20/22) Loss: 1.4868, Acc(1): 25.00, Acc(5): 100.00
2023-06-19 16:43:16,380 - AUGCON - INFO - 	Validation Loss: 1.3184, Acc(1): 57.00, Acc(5): 97.00, F1: 0.14, Recall: 0.13, Precision: 0.14
2023-06-19 16:43:16,380 - AUGCON - INFO - Epoch [32/50]-(0/22) Loss: 0.6672, Acc(1): 100.00, Acc(5): 100.00
2023-06-19 16:43:16,380 - AUGCON - INFO - Epoch [32/50]-(5/22) Loss: 0.8890, Acc(1): 75.00, Acc(5): 100.00
2023-06-19 16:43:16,380 - AUGCON - INFO - Epoch [32/50]-(10/22) Loss: 1.4023, Acc(1): 50.00, Acc(5): 100.00
2023-06-19 16:43:16,381 - AUGCON - INFO - Epoch [32/50]-(15/22) Loss: 1.4173, Acc(1): 25.00, Acc(5): 100.00
2023-06-19 16:43:16,381 - AUGCON - INFO - Epoch [32/50]-(20/22) Loss: 1.8277, Acc(1): 25.00, Acc(5): 75.00
2023-06-19 16:43:16,381 - AUGCON - INFO - 	Validation Loss: 1.2637, Acc(1): 58.00, Acc(5): 98.00, F1: 0.13, Recall: 0.13, Precision: 0.14
2023-06-19 16:43:16,381 - AUGCON - INFO - Epoch [33/50]-(0/22) Loss: 1.3519, Acc(1): 50.00, Acc(5): 75.00
2023-06-19 16:43:16,381 - AUGCON - INFO - Epoch [33/50]-(5/22) Loss: 1.1132, Acc(1): 75.00, Acc(5): 100.00
2023-06-19 16:43:16,381 - AUGCON - INFO - Epoch [33/50]-(10/22) Loss: 0.9617, Acc(1): 75.00, Acc(5): 100.00
2023-06-19 16:43:16,381 - AUGCON - INFO - Epoch [33/50]-(15/22) Loss: 1.1835, Acc(1): 75.00, Acc(5): 100.00
2023-06-19 16:43:16,381 - AUGCON - INFO - Epoch [33/50]-(20/22) Loss: 0.8947, Acc(1): 75.00, Acc(5): 100.00
2023-06-19 16:43:16,381 - AUGCON - INFO - 	Validation Loss: 1.2848, Acc(1): 58.00, Acc(5): 98.00, F1: 0.14, Recall: 0.13, Precision: 0.15
2023-06-19 16:43:16,381 - AUGCON - INFO - Epoch [34/50]-(0/22) Loss: 1.1301, Acc(1): 75.00, Acc(5): 100.00
2023-06-19 16:43:16,381 - AUGCON - INFO - Epoch [34/50]-(5/22) Loss: 1.1201, Acc(1): 75.00, Acc(5): 100.00
2023-06-19 16:43:16,381 - AUGCON - INFO - Epoch [34/50]-(10/22) Loss: 1.4043, Acc(1): 50.00, Acc(5): 100.00
2023-06-19 16:43:16,381 - AUGCON - INFO - Epoch [34/50]-(15/22) Loss: 1.6574, Acc(1): 0.00, Acc(5): 100.00
2023-06-19 16:43:16,381 - AUGCON - INFO - Epoch [34/50]-(20/22) Loss: 1.4548, Acc(1): 50.00, Acc(5): 75.00
2023-06-19 16:43:16,381 - AUGCON - INFO - 	Validation Loss: 1.2582, Acc(1): 59.00, Acc(5): 98.00, F1: 0.14, Recall: 0.13, Precision: 0.15
2023-06-19 16:43:16,381 - AUGCON - INFO - Epoch [35/50]-(0/22) Loss: 1.6133, Acc(1): 25.00, Acc(5): 75.00
2023-06-19 16:43:16,382 - AUGCON - INFO - Epoch [35/50]-(5/22) Loss: 0.7147, Acc(1): 100.00, Acc(5): 100.00
2023-06-19 16:43:16,382 - AUGCON - INFO - Epoch [35/50]-(10/22) Loss: 1.5718, Acc(1): 50.00, Acc(5): 75.00
2023-06-19 16:43:16,382 - AUGCON - INFO - Epoch [35/50]-(15/22) Loss: 1.6929, Acc(1): 50.00, Acc(5): 100.00
2023-06-19 16:43:16,382 - AUGCON - INFO - Epoch [35/50]-(20/22) Loss: 0.8403, Acc(1): 50.00, Acc(5): 100.00
2023-06-19 16:43:16,382 - AUGCON - INFO - 	Validation Loss: 1.1973, Acc(1): 57.00, Acc(5): 98.00, F1: 0.14, Recall: 0.13, Precision: 0.16
2023-06-19 16:43:16,382 - AUGCON - INFO - Epoch [36/50]-(0/22) Loss: 1.0654, Acc(1): 75.00, Acc(5): 100.00
2023-06-19 16:43:16,382 - AUGCON - INFO - Epoch [36/50]-(5/22) Loss: 1.1284, Acc(1): 75.00, Acc(5): 100.00
2023-06-19 16:43:16,382 - AUGCON - INFO - Epoch [36/50]-(10/22) Loss: 1.1362, Acc(1): 25.00, Acc(5): 100.00
2023-06-19 16:43:16,382 - AUGCON - INFO - Epoch [36/50]-(15/22) Loss: 1.0683, Acc(1): 75.00, Acc(5): 100.00
2023-06-19 16:43:16,382 - AUGCON - INFO - Epoch [36/50]-(20/22) Loss: 1.4010, Acc(1): 25.00, Acc(5): 100.00
2023-06-19 16:43:16,382 - AUGCON - INFO - 	Validation Loss: 1.2737, Acc(1): 50.00, Acc(5): 98.00, F1: 0.11, Recall: 0.11, Precision: 0.11
2023-06-19 16:43:16,382 - AUGCON - INFO - Epoch [37/50]-(0/22) Loss: 1.4433, Acc(1): 50.00, Acc(5): 100.00
2023-06-19 16:43:16,382 - AUGCON - INFO - Epoch [37/50]-(5/22) Loss: 1.0139, Acc(1): 75.00, Acc(5): 100.00
2023-06-19 16:43:16,382 - AUGCON - INFO - Epoch [37/50]-(10/22) Loss: 1.1064, Acc(1): 100.00, Acc(5): 100.00
2023-06-19 16:43:16,383 - AUGCON - INFO - Epoch [37/50]-(15/22) Loss: 1.1029, Acc(1): 75.00, Acc(5): 100.00
2023-06-19 16:43:16,383 - AUGCON - INFO - Epoch [37/50]-(20/22) Loss: 1.4698, Acc(1): 25.00, Acc(5): 100.00
2023-06-19 16:43:16,383 - AUGCON - INFO - 	Validation Loss: 1.2635, Acc(1): 60.00, Acc(5): 97.00, F1: 0.14, Recall: 0.14, Precision: 0.14
2023-06-19 16:43:16,383 - AUGCON - INFO - Epoch [38/50]-(0/22) Loss: 1.3068, Acc(1): 75.00, Acc(5): 100.00
2023-06-19 16:43:16,383 - AUGCON - INFO - Epoch [38/50]-(5/22) Loss: 1.1531, Acc(1): 50.00, Acc(5): 100.00
2023-06-19 16:43:16,383 - AUGCON - INFO - Epoch [38/50]-(10/22) Loss: 1.4044, Acc(1): 50.00, Acc(5): 75.00
2023-06-19 16:43:16,383 - AUGCON - INFO - Epoch [38/50]-(15/22) Loss: 1.2619, Acc(1): 50.00, Acc(5): 100.00
2023-06-19 16:43:16,383 - AUGCON - INFO - Epoch [38/50]-(20/22) Loss: 0.5540, Acc(1): 75.00, Acc(5): 100.00
2023-06-19 16:43:16,383 - AUGCON - INFO - 	Validation Loss: 1.2823, Acc(1): 53.00, Acc(5): 99.00, F1: 0.13, Recall: 0.12, Precision: 0.14
2023-06-19 16:43:16,383 - AUGCON - INFO - Epoch [39/50]-(0/22) Loss: 1.5597, Acc(1): 50.00, Acc(5): 75.00
2023-06-19 16:43:16,383 - AUGCON - INFO - Epoch [39/50]-(5/22) Loss: 1.2802, Acc(1): 50.00, Acc(5): 100.00
2023-06-19 16:43:16,383 - AUGCON - INFO - Epoch [39/50]-(10/22) Loss: 1.3355, Acc(1): 50.00, Acc(5): 100.00
2023-06-19 16:43:16,383 - AUGCON - INFO - Epoch [39/50]-(15/22) Loss: 1.7279, Acc(1): 25.00, Acc(5): 75.00
2023-06-19 16:43:16,383 - AUGCON - INFO - Epoch [39/50]-(20/22) Loss: 1.0610, Acc(1): 100.00, Acc(5): 100.00
2023-06-19 16:43:16,383 - AUGCON - INFO - 	Validation Loss: 1.2258, Acc(1): 58.00, Acc(5): 98.00, F1: 0.14, Recall: 0.13, Precision: 0.14
2023-06-19 16:43:16,383 - AUGCON - INFO - Epoch [40/50]-(0/22) Loss: 1.1671, Acc(1): 50.00, Acc(5): 100.00
2023-06-19 16:43:16,384 - AUGCON - INFO - Epoch [40/50]-(5/22) Loss: 0.7389, Acc(1): 100.00, Acc(5): 100.00
2023-06-19 16:43:16,384 - AUGCON - INFO - Epoch [40/50]-(10/22) Loss: 1.3893, Acc(1): 50.00, Acc(5): 100.00
2023-06-19 16:43:16,384 - AUGCON - INFO - Epoch [40/50]-(15/22) Loss: 1.0067, Acc(1): 50.00, Acc(5): 100.00
2023-06-19 16:43:16,384 - AUGCON - INFO - Epoch [40/50]-(20/22) Loss: 1.0789, Acc(1): 50.00, Acc(5): 100.00
2023-06-19 16:43:16,384 - AUGCON - INFO - 	Validation Loss: 1.2094, Acc(1): 63.00, Acc(5): 98.00, F1: 0.15, Recall: 0.15, Precision: 0.15
2023-06-19 16:43:16,384 - AUGCON - INFO - Epoch [41/50]-(0/22) Loss: 0.7511, Acc(1): 100.00, Acc(5): 100.00
2023-06-19 16:43:16,384 - AUGCON - INFO - Epoch [41/50]-(5/22) Loss: 0.8641, Acc(1): 100.00, Acc(5): 100.00
2023-06-19 16:43:16,384 - AUGCON - INFO - Epoch [41/50]-(10/22) Loss: 0.8951, Acc(1): 75.00, Acc(5): 100.00
2023-06-19 16:43:16,384 - AUGCON - INFO - Epoch [41/50]-(15/22) Loss: 1.7457, Acc(1): 25.00, Acc(5): 100.00
2023-06-19 16:43:16,384 - AUGCON - INFO - Epoch [41/50]-(20/22) Loss: 1.1171, Acc(1): 25.00, Acc(5): 100.00
2023-06-19 16:43:16,384 - AUGCON - INFO - 	Validation Loss: 1.2067, Acc(1): 63.00, Acc(5): 98.00, F1: 0.16, Recall: 0.14, Precision: 0.17
2023-06-19 16:43:16,384 - AUGCON - INFO - Epoch [42/50]-(0/22) Loss: 1.0123, Acc(1): 75.00, Acc(5): 100.00
2023-06-19 16:43:16,384 - AUGCON - INFO - Epoch [42/50]-(5/22) Loss: 0.8252, Acc(1): 75.00, Acc(5): 100.00
2023-06-19 16:43:16,384 - AUGCON - INFO - Epoch [42/50]-(10/22) Loss: 1.3448, Acc(1): 50.00, Acc(5): 100.00
2023-06-19 16:43:16,384 - AUGCON - INFO - Epoch [42/50]-(15/22) Loss: 1.2399, Acc(1): 50.00, Acc(5): 100.00
2023-06-19 16:43:16,385 - AUGCON - INFO - Epoch [42/50]-(20/22) Loss: 1.3221, Acc(1): 75.00, Acc(5): 100.00
2023-06-19 16:43:16,385 - AUGCON - INFO - 	Validation Loss: 1.2669, Acc(1): 58.00, Acc(5): 99.00, F1: 0.14, Recall: 0.14, Precision: 0.14
2023-06-19 16:43:16,385 - AUGCON - INFO - Epoch [43/50]-(0/22) Loss: 0.4569, Acc(1): 100.00, Acc(5): 100.00
2023-06-19 16:43:16,385 - AUGCON - INFO - Epoch [43/50]-(5/22) Loss: 0.9743, Acc(1): 75.00, Acc(5): 100.00
2023-06-19 16:43:16,385 - AUGCON - INFO - Epoch [43/50]-(10/22) Loss: 1.3708, Acc(1): 50.00, Acc(5): 100.00
2023-06-19 16:43:16,385 - AUGCON - INFO - Epoch [43/50]-(15/22) Loss: 0.7574, Acc(1): 75.00, Acc(5): 100.00
2023-06-19 16:43:16,385 - AUGCON - INFO - Epoch [43/50]-(20/22) Loss: 1.7653, Acc(1): 50.00, Acc(5): 75.00
2023-06-19 16:43:16,385 - AUGCON - INFO - 	Validation Loss: 1.1667, Acc(1): 64.00, Acc(5): 98.00, F1: 0.16, Recall: 0.14, Precision: 0.19
2023-06-19 16:43:16,385 - AUGCON - INFO - Epoch [44/50]-(0/22) Loss: 1.9359, Acc(1): 25.00, Acc(5): 75.00
2023-06-19 16:43:16,385 - AUGCON - INFO - Epoch [44/50]-(5/22) Loss: 1.1039, Acc(1): 50.00, Acc(5): 100.00
2023-06-19 16:43:16,385 - AUGCON - INFO - Epoch [44/50]-(10/22) Loss: 1.2854, Acc(1): 75.00, Acc(5): 100.00
2023-06-19 16:43:16,385 - AUGCON - INFO - Epoch [44/50]-(15/22) Loss: 1.6645, Acc(1): 50.00, Acc(5): 75.00
2023-06-19 16:43:16,385 - AUGCON - INFO - Epoch [44/50]-(20/22) Loss: 1.0196, Acc(1): 50.00, Acc(5): 100.00
2023-06-19 16:43:16,385 - AUGCON - INFO - 	Validation Loss: 1.1809, Acc(1): 60.00, Acc(5): 98.00, F1: 0.15, Recall: 0.15, Precision: 0.14
2023-06-19 16:43:16,385 - AUGCON - INFO - Epoch [45/50]-(0/22) Loss: 1.0848, Acc(1): 75.00, Acc(5): 100.00
2023-06-19 16:43:16,385 - AUGCON - INFO - Epoch [45/50]-(5/22) Loss: 1.7171, Acc(1): 25.00, Acc(5): 75.00
2023-06-19 16:43:16,386 - AUGCON - INFO - Epoch [45/50]-(10/22) Loss: 1.9943, Acc(1): 25.00, Acc(5): 100.00
2023-06-19 16:43:16,386 - AUGCON - INFO - Epoch [45/50]-(15/22) Loss: 0.8033, Acc(1): 75.00, Acc(5): 100.00
2023-06-19 16:43:16,386 - AUGCON - INFO - Epoch [45/50]-(20/22) Loss: 1.4951, Acc(1): 25.00, Acc(5): 100.00
2023-06-19 16:43:16,386 - AUGCON - INFO - 	Validation Loss: 1.2202, Acc(1): 54.00, Acc(5): 97.00, F1: 0.13, Recall: 0.12, Precision: 0.16
2023-06-19 16:43:16,386 - AUGCON - INFO - Epoch [46/50]-(0/22) Loss: 0.8302, Acc(1): 100.00, Acc(5): 100.00
2023-06-19 16:43:16,386 - AUGCON - INFO - Epoch [46/50]-(5/22) Loss: 1.3364, Acc(1): 25.00, Acc(5): 100.00
2023-06-19 16:43:16,386 - AUGCON - INFO - Epoch [46/50]-(10/22) Loss: 1.4508, Acc(1): 0.00, Acc(5): 100.00
2023-06-19 16:43:16,386 - AUGCON - INFO - Epoch [46/50]-(15/22) Loss: 1.5054, Acc(1): 50.00, Acc(5): 75.00
2023-06-19 16:43:16,386 - AUGCON - INFO - Epoch [46/50]-(20/22) Loss: 0.7439, Acc(1): 100.00, Acc(5): 100.00
2023-06-19 16:43:16,386 - AUGCON - INFO - 	Validation Loss: 1.2167, Acc(1): 59.00, Acc(5): 99.00, F1: 0.14, Recall: 0.14, Precision: 0.15
2023-06-19 16:43:16,386 - AUGCON - INFO - Epoch [47/50]-(0/22) Loss: 1.7320, Acc(1): 25.00, Acc(5): 75.00
2023-06-19 16:43:16,386 - AUGCON - INFO - Epoch [47/50]-(5/22) Loss: 0.8949, Acc(1): 100.00, Acc(5): 100.00
2023-06-19 16:43:16,386 - AUGCON - INFO - Epoch [47/50]-(10/22) Loss: 0.9326, Acc(1): 100.00, Acc(5): 100.00
2023-06-19 16:43:16,386 - AUGCON - INFO - Epoch [47/50]-(15/22) Loss: 1.4249, Acc(1): 75.00, Acc(5): 75.00
2023-06-19 16:43:16,386 - AUGCON - INFO - Epoch [47/50]-(20/22) Loss: 1.4890, Acc(1): 50.00, Acc(5): 100.00
2023-06-19 16:43:16,386 - AUGCON - INFO - 	Validation Loss: 1.1807, Acc(1): 60.00, Acc(5): 98.00, F1: 0.15, Recall: 0.13, Precision: 0.16
2023-06-19 16:43:16,387 - AUGCON - INFO - Epoch [48/50]-(0/22) Loss: 0.8280, Acc(1): 75.00, Acc(5): 100.00
2023-06-19 16:43:16,387 - AUGCON - INFO - Epoch [48/50]-(5/22) Loss: 1.8702, Acc(1): 25.00, Acc(5): 75.00
2023-06-19 16:43:16,387 - AUGCON - INFO - Epoch [48/50]-(10/22) Loss: 0.7206, Acc(1): 100.00, Acc(5): 100.00
2023-06-19 16:43:16,387 - AUGCON - INFO - Epoch [48/50]-(15/22) Loss: 0.9049, Acc(1): 75.00, Acc(5): 100.00
2023-06-19 16:43:16,387 - AUGCON - INFO - Epoch [48/50]-(20/22) Loss: 1.0096, Acc(1): 75.00, Acc(5): 100.00
2023-06-19 16:43:16,387 - AUGCON - INFO - 	Validation Loss: 1.2106, Acc(1): 61.00, Acc(5): 98.00, F1: 0.15, Recall: 0.14, Precision: 0.15
2023-06-19 16:43:16,387 - AUGCON - INFO - Epoch [49/50]-(0/22) Loss: 1.0878, Acc(1): 75.00, Acc(5): 100.00
2023-06-19 16:43:16,387 - AUGCON - INFO - Epoch [49/50]-(5/22) Loss: 0.7149, Acc(1): 100.00, Acc(5): 100.00
2023-06-19 16:43:16,387 - AUGCON - INFO - Epoch [49/50]-(10/22) Loss: 1.1559, Acc(1): 50.00, Acc(5): 100.00
2023-06-19 16:43:16,387 - AUGCON - INFO - Epoch [49/50]-(15/22) Loss: 1.0690, Acc(1): 100.00, Acc(5): 100.00
2023-06-19 16:43:16,387 - AUGCON - INFO - Epoch [49/50]-(20/22) Loss: 1.5051, Acc(1): 75.00, Acc(5): 75.00
2023-06-19 16:43:16,387 - AUGCON - INFO - 	Validation Loss: 1.1479, Acc(1): 62.00, Acc(5): 98.00, F1: 0.15, Recall: 0.15, Precision: 0.15
2023-06-19 16:43:16,387 - AUGCON - INFO - Epoch [50/50]-(0/22) Loss: 1.3614, Acc(1): 75.00, Acc(5): 75.00
2023-06-19 16:43:16,387 - AUGCON - INFO - Epoch [50/50]-(5/22) Loss: 1.1892, Acc(1): 25.00, Acc(5): 100.00
2023-06-19 16:43:16,387 - AUGCON - INFO - Epoch [50/50]-(10/22) Loss: 0.9719, Acc(1): 75.00, Acc(5): 100.00
2023-06-19 16:43:16,387 - AUGCON - INFO - Epoch [50/50]-(15/22) Loss: 1.4187, Acc(1): 50.00, Acc(5): 100.00
2023-06-19 16:43:16,387 - AUGCON - INFO - Epoch [50/50]-(20/22) Loss: 0.9631, Acc(1): 75.00, Acc(5): 100.00
2023-06-19 16:43:16,388 - AUGCON - INFO - 	Validation Loss: 1.2300, Acc(1): 54.00, Acc(5): 98.00, F1: 0.13, Recall: 0.13, Precision: 0.14
2023-06-19 16:43:16,388 - AUGCON - INFO - 	Validation Loss: 1.2697, Acc(1): 57.67, Acc(5): 95.33, F1: 0.14, Recall: 0.13, Precision: 0.15
