2023-06-19 16:31:43,430 - AUGCON - INFO - logger initialized (/home/hjyoon/projects/augcon/config/exp0/finetune_da_true/without_target_domain_PH0041-hmkim/cpc_perdomain_8421/tgt_target_domain_PH0007-jskim_seed0.yaml.log)
2023-06-19 16:31:43,430 - AUGCON - INFO - ================= Config =================
2023-06-19 16:31:43,430 - AUGCON - INFO -   mode: finetune
2023-06-19 16:31:43,430 - AUGCON - INFO -   seed: 0
2023-06-19 16:31:43,430 - AUGCON - INFO -   gpu: [5]
2023-06-19 16:31:43,430 - AUGCON - INFO -   num_workers: 1
2023-06-19 16:31:43,430 - AUGCON - INFO -   dist_url: tcp://localhost:10001
2023-06-19 16:31:43,430 - AUGCON - INFO -   dataset_name: ichar
2023-06-19 16:31:43,430 - AUGCON - INFO -   train_dataset_path: /mnt/sting/hjyoon/projects/cross/ICHAR/augcon/target_domain_PH0007-jskim/finetune/10shot/target/train.pkl
2023-06-19 16:31:43,430 - AUGCON - INFO -   test_dataset_path: /mnt/sting/hjyoon/projects/cross/ICHAR/augcon/target_domain_PH0007-jskim/finetune/10shot/target/test.pkl
2023-06-19 16:31:43,430 - AUGCON - INFO -   val_dataset_path: /mnt/sting/hjyoon/projects/cross/ICHAR/augcon/target_domain_PH0007-jskim/finetune/10shot/target/val.pkl
2023-06-19 16:31:43,430 - AUGCON - INFO -   input_channels: 3
2023-06-19 16:31:43,430 - AUGCON - INFO -   num_cls: 9
2023-06-19 16:31:43,430 - AUGCON - INFO -   optimizer: adam
2023-06-19 16:31:43,431 - AUGCON - INFO -   criterion: crossentropy
2023-06-19 16:31:43,431 - AUGCON - INFO -   start_epoch: 0
2023-06-19 16:31:43,431 - AUGCON - INFO -   epochs: 50
2023-06-19 16:31:43,431 - AUGCON - INFO -   batch_size: 4
2023-06-19 16:31:43,431 - AUGCON - INFO -   lr: 0.001
2023-06-19 16:31:43,431 - AUGCON - INFO -   wd: 0.0
2023-06-19 16:31:43,431 - AUGCON - INFO -   resume: 
2023-06-19 16:31:43,431 - AUGCON - INFO -   pretrained: /mnt/sting/hjyoon/projects/augcontrast/models/exp0/pretrain/without_target_domain_PH0041-hmkim/cpc_perdomain_8421//checkpoint_0099.pth.tar
2023-06-19 16:31:43,431 - AUGCON - INFO -   ckpt_dir: /mnt/sting/hjyoon/projects/augcontrast/models/exp0/finetune_da_true/without_target_domain_PH0041-hmkim/cpc_perdomain_8421/tgt_target_domain_PH0007-jskim_seed0
2023-06-19 16:31:43,431 - AUGCON - INFO -   log_freq: 5
2023-06-19 16:31:43,431 - AUGCON - INFO -   save_freq: 10
2023-06-19 16:31:43,431 - AUGCON - INFO -   pretext: metacpc
2023-06-19 16:31:43,431 - AUGCON - INFO -   enc_blocks: 4
2023-06-19 16:31:43,431 - AUGCON - INFO -   kernel_sizes: [8, 4, 2, 1]
2023-06-19 16:31:43,431 - AUGCON - INFO -   strides: [4, 2, 1, 1]
2023-06-19 16:31:43,431 - AUGCON - INFO -   agg_blocks: 5
2023-06-19 16:31:43,431 - AUGCON - INFO -   z_dim: 256
2023-06-19 16:31:43,431 - AUGCON - INFO -   pooling: mean
2023-06-19 16:31:43,431 - AUGCON - INFO -   pred_steps: 12
2023-06-19 16:31:43,431 - AUGCON - INFO -   n_negatives: 15
2023-06-19 16:31:43,431 - AUGCON - INFO -   offset: 4
2023-06-19 16:31:43,431 - AUGCON - INFO -   domain_adaptation: True
2023-06-19 16:31:43,431 - AUGCON - INFO -   task_steps: 10
2023-06-19 16:31:43,431 - AUGCON - INFO -   task_lr: 0.001
2023-06-19 16:31:43,431 - AUGCON - INFO -   reg_lambda: 0
2023-06-19 16:31:43,431 - AUGCON - INFO -   mlp: False
2023-06-19 16:31:43,431 - AUGCON - INFO -   freeze: True
2023-06-19 16:31:43,431 - AUGCON - INFO -   no_vars: True
2023-06-19 16:31:43,431 - AUGCON - INFO - ==========================================
2023-06-19 16:31:43,431 - AUGCON - INFO - Setting GPUs: [5]
2023-06-19 16:31:43,431 - AUGCON - INFO - GPUs [5] will be used
2023-06-19 16:31:43,432 - AUGCON - WARNING - You have chosen to seed training. 
2023-06-19 16:31:43,432 - AUGCON - WARNING - This will turn on the CUDNN deterministic setting, 
2023-06-19 16:31:43,432 - AUGCON - WARNING - which can slow down your training considerably! 
2023-06-19 16:31:43,432 - AUGCON - WARNING - You may see unexpected behavior when restarting 
2023-06-19 16:31:43,432 - AUGCON - WARNING - from checkpoints.
2023-06-19 16:31:43,457 - AUGCON - INFO - Executing MetaCPC
2023-06-19 16:31:43,458 - AUGCON - INFO - Logs are skipped during training
2023-06-19 16:32:03,254 - AUGCON - INFO - Single GPU is used for training - training 90 instances for each worker
2023-06-19 16:32:03,255 - AUGCON - INFO - Loading pretrained model from checkpoint - /mnt/sting/hjyoon/projects/augcontrast/models/exp0/pretrain/without_target_domain_PH0041-hmkim/cpc_perdomain_8421//checkpoint_0099.pth.tar
2023-06-19 16:32:03,255 - AUGCON - INFO - Missing keys: ['predictor.vars.0', 'predictor.vars.1']
2023-06-19 16:32:03,255 - AUGCON - INFO - Perform domain adaptation step
2023-06-19 16:32:03,255 - AUGCON - INFO - 	meta-train [0/10] Loss: 2.9932, Acc(1): 6.34, Acc(5): 30.28
2023-06-19 16:32:03,255 - AUGCON - INFO - 	meta-train [1/10] Loss: 2.9584, Acc(1): 5.94, Acc(5): 30.34
2023-06-19 16:32:03,255 - AUGCON - INFO - 	meta-train [2/10] Loss: 2.9441, Acc(1): 6.29, Acc(5): 30.51
2023-06-19 16:32:03,255 - AUGCON - INFO - 	meta-train [3/10] Loss: 2.9319, Acc(1): 6.20, Acc(5): 30.95
2023-06-19 16:32:03,255 - AUGCON - INFO - 	meta-train [4/10] Loss: 2.9170, Acc(1): 6.25, Acc(5): 30.67
2023-06-19 16:32:03,255 - AUGCON - INFO - 	meta-train [5/10] Loss: 2.8982, Acc(1): 6.29, Acc(5): 31.01
2023-06-19 16:32:03,255 - AUGCON - INFO - 	meta-train [6/10] Loss: 2.8941, Acc(1): 6.21, Acc(5): 30.87
2023-06-19 16:32:03,255 - AUGCON - INFO - 	meta-train [7/10] Loss: 2.8768, Acc(1): 6.32, Acc(5): 31.36
2023-06-19 16:32:03,255 - AUGCON - INFO - 	meta-train [8/10] Loss: 2.8856, Acc(1): 6.20, Acc(5): 31.35
2023-06-19 16:32:03,255 - AUGCON - INFO - 	meta-train [9/10] Loss: 2.8686, Acc(1): 6.26, Acc(5): 31.50
2023-06-19 16:32:03,255 - AUGCON - INFO - Loading encoder parameters to the classifier
2023-06-19 16:32:03,256 - AUGCON - INFO - Missing keys: ['classifier.block.0.weight', 'classifier.block.0.bias']
2023-06-19 16:32:03,256 - AUGCON - INFO - Epoch [1/50]-(0/22) Loss: 2.2119, Acc(1): 0.00, Acc(5): 75.00
2023-06-19 16:32:03,256 - AUGCON - INFO - Epoch [1/50]-(5/22) Loss: 2.2729, Acc(1): 25.00, Acc(5): 75.00
2023-06-19 16:32:03,256 - AUGCON - INFO - Epoch [1/50]-(10/22) Loss: 2.3786, Acc(1): 0.00, Acc(5): 50.00
2023-06-19 16:32:03,256 - AUGCON - INFO - Epoch [1/50]-(15/22) Loss: 1.7927, Acc(1): 25.00, Acc(5): 75.00
2023-06-19 16:32:03,256 - AUGCON - INFO - Epoch [1/50]-(20/22) Loss: 1.9579, Acc(1): 50.00, Acc(5): 75.00
2023-06-19 16:32:03,256 - AUGCON - INFO - 	Validation Loss: 1.7905, Acc(1): 43.00, Acc(5): 90.00, F1: 0.12, Recall: 0.14, Precision: 0.11
2023-06-19 16:32:03,256 - AUGCON - INFO - Epoch [2/50]-(0/22) Loss: 2.0279, Acc(1): 0.00, Acc(5): 75.00
2023-06-19 16:32:03,256 - AUGCON - INFO - Epoch [2/50]-(5/22) Loss: 1.9644, Acc(1): 25.00, Acc(5): 100.00
2023-06-19 16:32:03,256 - AUGCON - INFO - Epoch [2/50]-(10/22) Loss: 1.8781, Acc(1): 25.00, Acc(5): 75.00
2023-06-19 16:32:03,256 - AUGCON - INFO - Epoch [2/50]-(15/22) Loss: 1.5868, Acc(1): 0.00, Acc(5): 100.00
2023-06-19 16:32:03,256 - AUGCON - INFO - Epoch [2/50]-(20/22) Loss: 1.5809, Acc(1): 75.00, Acc(5): 100.00
2023-06-19 16:32:03,256 - AUGCON - INFO - 	Validation Loss: 1.5508, Acc(1): 61.00, Acc(5): 97.00, F1: 0.20, Recall: 0.20, Precision: 0.21
2023-06-19 16:32:03,256 - AUGCON - INFO - Epoch [3/50]-(0/22) Loss: 1.7365, Acc(1): 50.00, Acc(5): 100.00
2023-06-19 16:32:03,257 - AUGCON - INFO - Epoch [3/50]-(5/22) Loss: 1.4847, Acc(1): 75.00, Acc(5): 100.00
2023-06-19 16:32:03,257 - AUGCON - INFO - Epoch [3/50]-(10/22) Loss: 1.7841, Acc(1): 25.00, Acc(5): 100.00
2023-06-19 16:32:03,257 - AUGCON - INFO - Epoch [3/50]-(15/22) Loss: 1.9737, Acc(1): 50.00, Acc(5): 100.00
2023-06-19 16:32:03,257 - AUGCON - INFO - Epoch [3/50]-(20/22) Loss: 1.3244, Acc(1): 50.00, Acc(5): 100.00
2023-06-19 16:32:03,257 - AUGCON - INFO - 	Validation Loss: 1.4545, Acc(1): 58.00, Acc(5): 98.00, F1: 0.19, Recall: 0.19, Precision: 0.20
2023-06-19 16:32:03,257 - AUGCON - INFO - Epoch [4/50]-(0/22) Loss: 1.7134, Acc(1): 25.00, Acc(5): 100.00
2023-06-19 16:32:03,257 - AUGCON - INFO - Epoch [4/50]-(5/22) Loss: 1.5592, Acc(1): 50.00, Acc(5): 75.00
2023-06-19 16:32:03,257 - AUGCON - INFO - Epoch [4/50]-(10/22) Loss: 1.7377, Acc(1): 50.00, Acc(5): 75.00
2023-06-19 16:32:03,257 - AUGCON - INFO - Epoch [4/50]-(15/22) Loss: 1.2404, Acc(1): 75.00, Acc(5): 100.00
2023-06-19 16:32:03,257 - AUGCON - INFO - Epoch [4/50]-(20/22) Loss: 1.2669, Acc(1): 75.00, Acc(5): 100.00
2023-06-19 16:32:03,257 - AUGCON - INFO - 	Validation Loss: 1.3059, Acc(1): 61.00, Acc(5): 98.00, F1: 0.21, Recall: 0.20, Precision: 0.22
2023-06-19 16:32:03,257 - AUGCON - INFO - Epoch [5/50]-(0/22) Loss: 1.7970, Acc(1): 25.00, Acc(5): 75.00
2023-06-19 16:32:03,258 - AUGCON - INFO - Epoch [5/50]-(5/22) Loss: 1.2781, Acc(1): 75.00, Acc(5): 100.00
2023-06-19 16:32:03,258 - AUGCON - INFO - Epoch [5/50]-(10/22) Loss: 1.3517, Acc(1): 50.00, Acc(5): 100.00
2023-06-19 16:32:03,258 - AUGCON - INFO - Epoch [5/50]-(15/22) Loss: 1.7578, Acc(1): 0.00, Acc(5): 100.00
2023-06-19 16:32:03,258 - AUGCON - INFO - Epoch [5/50]-(20/22) Loss: 1.5200, Acc(1): 50.00, Acc(5): 100.00
2023-06-19 16:32:03,258 - AUGCON - INFO - 	Validation Loss: 1.2596, Acc(1): 61.00, Acc(5): 100.00, F1: 0.20, Recall: 0.19, Precision: 0.21
2023-06-19 16:32:03,258 - AUGCON - INFO - Epoch [6/50]-(0/22) Loss: 1.4384, Acc(1): 75.00, Acc(5): 100.00
2023-06-19 16:32:03,258 - AUGCON - INFO - Epoch [6/50]-(5/22) Loss: 0.9210, Acc(1): 75.00, Acc(5): 100.00
2023-06-19 16:32:03,258 - AUGCON - INFO - Epoch [6/50]-(10/22) Loss: 1.0656, Acc(1): 50.00, Acc(5): 100.00
2023-06-19 16:32:03,258 - AUGCON - INFO - Epoch [6/50]-(15/22) Loss: 1.2932, Acc(1): 75.00, Acc(5): 75.00
2023-06-19 16:32:03,258 - AUGCON - INFO - Epoch [6/50]-(20/22) Loss: 0.7305, Acc(1): 100.00, Acc(5): 100.00
2023-06-19 16:32:03,258 - AUGCON - INFO - 	Validation Loss: 1.2463, Acc(1): 61.00, Acc(5): 99.00, F1: 0.20, Recall: 0.20, Precision: 0.20
2023-06-19 16:32:03,258 - AUGCON - INFO - Epoch [7/50]-(0/22) Loss: 1.2452, Acc(1): 50.00, Acc(5): 100.00
2023-06-19 16:32:03,258 - AUGCON - INFO - Epoch [7/50]-(5/22) Loss: 1.2106, Acc(1): 50.00, Acc(5): 100.00
2023-06-19 16:32:03,258 - AUGCON - INFO - Epoch [7/50]-(10/22) Loss: 1.0242, Acc(1): 75.00, Acc(5): 100.00
2023-06-19 16:32:03,258 - AUGCON - INFO - Epoch [7/50]-(15/22) Loss: 1.2962, Acc(1): 50.00, Acc(5): 100.00
2023-06-19 16:32:03,258 - AUGCON - INFO - Epoch [7/50]-(20/22) Loss: 0.9696, Acc(1): 75.00, Acc(5): 75.00
2023-06-19 16:32:03,259 - AUGCON - INFO - 	Validation Loss: 1.1647, Acc(1): 61.00, Acc(5): 98.00, F1: 0.20, Recall: 0.20, Precision: 0.20
2023-06-19 16:32:03,259 - AUGCON - INFO - Epoch [8/50]-(0/22) Loss: 1.2921, Acc(1): 75.00, Acc(5): 100.00
2023-06-19 16:32:03,259 - AUGCON - INFO - Epoch [8/50]-(5/22) Loss: 1.4761, Acc(1): 50.00, Acc(5): 100.00
2023-06-19 16:32:03,259 - AUGCON - INFO - Epoch [8/50]-(10/22) Loss: 0.9882, Acc(1): 75.00, Acc(5): 100.00
2023-06-19 16:32:03,259 - AUGCON - INFO - Epoch [8/50]-(15/22) Loss: 1.0279, Acc(1): 75.00, Acc(5): 100.00
2023-06-19 16:32:03,259 - AUGCON - INFO - Epoch [8/50]-(20/22) Loss: 1.0177, Acc(1): 75.00, Acc(5): 100.00
2023-06-19 16:32:03,259 - AUGCON - INFO - 	Validation Loss: 1.1868, Acc(1): 60.00, Acc(5): 98.00, F1: 0.19, Recall: 0.19, Precision: 0.19
2023-06-19 16:32:03,259 - AUGCON - INFO - Epoch [9/50]-(0/22) Loss: 0.9816, Acc(1): 75.00, Acc(5): 100.00
2023-06-19 16:32:03,259 - AUGCON - INFO - Epoch [9/50]-(5/22) Loss: 0.8004, Acc(1): 75.00, Acc(5): 100.00
2023-06-19 16:32:03,259 - AUGCON - INFO - Epoch [9/50]-(10/22) Loss: 1.4597, Acc(1): 50.00, Acc(5): 100.00
2023-06-19 16:32:03,259 - AUGCON - INFO - Epoch [9/50]-(15/22) Loss: 1.0318, Acc(1): 75.00, Acc(5): 100.00
2023-06-19 16:32:03,259 - AUGCON - INFO - Epoch [9/50]-(20/22) Loss: 1.4911, Acc(1): 75.00, Acc(5): 75.00
2023-06-19 16:32:03,259 - AUGCON - INFO - 	Validation Loss: 1.1072, Acc(1): 62.00, Acc(5): 100.00, F1: 0.20, Recall: 0.20, Precision: 0.20
2023-06-19 16:32:03,260 - AUGCON - INFO - Epoch [10/50]-(0/22) Loss: 0.4289, Acc(1): 100.00, Acc(5): 100.00
2023-06-19 16:32:03,260 - AUGCON - INFO - Epoch [10/50]-(5/22) Loss: 0.4491, Acc(1): 100.00, Acc(5): 100.00
2023-06-19 16:32:03,260 - AUGCON - INFO - Epoch [10/50]-(10/22) Loss: 1.1407, Acc(1): 50.00, Acc(5): 100.00
2023-06-19 16:32:03,260 - AUGCON - INFO - Epoch [10/50]-(15/22) Loss: 0.7640, Acc(1): 75.00, Acc(5): 100.00
2023-06-19 16:32:03,260 - AUGCON - INFO - Epoch [10/50]-(20/22) Loss: 1.5684, Acc(1): 25.00, Acc(5): 75.00
2023-06-19 16:32:03,260 - AUGCON - INFO - 	Validation Loss: 1.1077, Acc(1): 60.00, Acc(5): 100.00, F1: 0.20, Recall: 0.19, Precision: 0.20
2023-06-19 16:32:03,260 - AUGCON - INFO - Epoch [11/50]-(0/22) Loss: 0.6107, Acc(1): 75.00, Acc(5): 100.00
2023-06-19 16:32:03,260 - AUGCON - INFO - Epoch [11/50]-(5/22) Loss: 1.0324, Acc(1): 50.00, Acc(5): 100.00
2023-06-19 16:32:03,260 - AUGCON - INFO - Epoch [11/50]-(10/22) Loss: 1.4822, Acc(1): 50.00, Acc(5): 75.00
2023-06-19 16:32:03,260 - AUGCON - INFO - Epoch [11/50]-(15/22) Loss: 0.7747, Acc(1): 75.00, Acc(5): 100.00
2023-06-19 16:32:03,260 - AUGCON - INFO - Epoch [11/50]-(20/22) Loss: 1.0605, Acc(1): 50.00, Acc(5): 100.00
2023-06-19 16:32:03,260 - AUGCON - INFO - 	Validation Loss: 1.0482, Acc(1): 65.00, Acc(5): 98.00, F1: 0.21, Recall: 0.20, Precision: 0.22
2023-06-19 16:32:03,260 - AUGCON - INFO - Epoch [12/50]-(0/22) Loss: 1.0434, Acc(1): 50.00, Acc(5): 100.00
2023-06-19 16:32:03,260 - AUGCON - INFO - Epoch [12/50]-(5/22) Loss: 1.2624, Acc(1): 75.00, Acc(5): 100.00
2023-06-19 16:32:03,261 - AUGCON - INFO - Epoch [12/50]-(10/22) Loss: 1.6593, Acc(1): 50.00, Acc(5): 75.00
2023-06-19 16:32:03,261 - AUGCON - INFO - Epoch [12/50]-(15/22) Loss: 1.1943, Acc(1): 50.00, Acc(5): 100.00
2023-06-19 16:32:03,261 - AUGCON - INFO - Epoch [12/50]-(20/22) Loss: 1.4425, Acc(1): 25.00, Acc(5): 100.00
2023-06-19 16:32:03,261 - AUGCON - INFO - 	Validation Loss: 1.0783, Acc(1): 63.00, Acc(5): 100.00, F1: 0.19, Recall: 0.20, Precision: 0.19
2023-06-19 16:32:03,261 - AUGCON - INFO - Epoch [13/50]-(0/22) Loss: 1.0146, Acc(1): 75.00, Acc(5): 100.00
2023-06-19 16:32:03,261 - AUGCON - INFO - Epoch [13/50]-(5/22) Loss: 1.6441, Acc(1): 25.00, Acc(5): 75.00
2023-06-19 16:32:03,261 - AUGCON - INFO - Epoch [13/50]-(10/22) Loss: 1.7104, Acc(1): 25.00, Acc(5): 100.00
2023-06-19 16:32:03,261 - AUGCON - INFO - Epoch [13/50]-(15/22) Loss: 1.2549, Acc(1): 50.00, Acc(5): 100.00
2023-06-19 16:32:03,261 - AUGCON - INFO - Epoch [13/50]-(20/22) Loss: 0.2800, Acc(1): 100.00, Acc(5): 100.00
2023-06-19 16:32:03,261 - AUGCON - INFO - 	Validation Loss: 1.0700, Acc(1): 61.00, Acc(5): 100.00, F1: 0.20, Recall: 0.19, Precision: 0.20
2023-06-19 16:32:03,261 - AUGCON - INFO - Epoch [14/50]-(0/22) Loss: 0.7933, Acc(1): 75.00, Acc(5): 100.00
2023-06-19 16:32:03,261 - AUGCON - INFO - Epoch [14/50]-(5/22) Loss: 1.5390, Acc(1): 50.00, Acc(5): 100.00
2023-06-19 16:32:03,261 - AUGCON - INFO - Epoch [14/50]-(10/22) Loss: 0.3570, Acc(1): 100.00, Acc(5): 100.00
2023-06-19 16:32:03,261 - AUGCON - INFO - Epoch [14/50]-(15/22) Loss: 0.9056, Acc(1): 50.00, Acc(5): 100.00
2023-06-19 16:32:03,261 - AUGCON - INFO - Epoch [14/50]-(20/22) Loss: 1.7196, Acc(1): 25.00, Acc(5): 75.00
2023-06-19 16:32:03,261 - AUGCON - INFO - 	Validation Loss: 1.0309, Acc(1): 64.00, Acc(5): 100.00, F1: 0.21, Recall: 0.19, Precision: 0.23
2023-06-19 16:32:03,262 - AUGCON - INFO - Epoch [15/50]-(0/22) Loss: 0.8456, Acc(1): 75.00, Acc(5): 100.00
2023-06-19 16:32:03,262 - AUGCON - INFO - Epoch [15/50]-(5/22) Loss: 1.4203, Acc(1): 25.00, Acc(5): 100.00
2023-06-19 16:32:03,262 - AUGCON - INFO - Epoch [15/50]-(10/22) Loss: 1.5924, Acc(1): 0.00, Acc(5): 100.00
2023-06-19 16:32:03,262 - AUGCON - INFO - Epoch [15/50]-(15/22) Loss: 1.1701, Acc(1): 50.00, Acc(5): 100.00
2023-06-19 16:32:03,262 - AUGCON - INFO - Epoch [15/50]-(20/22) Loss: 0.7249, Acc(1): 75.00, Acc(5): 100.00
2023-06-19 16:32:03,262 - AUGCON - INFO - 	Validation Loss: 1.0356, Acc(1): 63.00, Acc(5): 99.00, F1: 0.19, Recall: 0.20, Precision: 0.19
2023-06-19 16:32:03,262 - AUGCON - INFO - Epoch [16/50]-(0/22) Loss: 0.7615, Acc(1): 75.00, Acc(5): 100.00
2023-06-19 16:32:03,262 - AUGCON - INFO - Epoch [16/50]-(5/22) Loss: 1.2074, Acc(1): 25.00, Acc(5): 100.00
2023-06-19 16:32:03,262 - AUGCON - INFO - Epoch [16/50]-(10/22) Loss: 1.0291, Acc(1): 75.00, Acc(5): 100.00
2023-06-19 16:32:03,262 - AUGCON - INFO - Epoch [16/50]-(15/22) Loss: 0.9787, Acc(1): 50.00, Acc(5): 100.00
2023-06-19 16:32:03,262 - AUGCON - INFO - Epoch [16/50]-(20/22) Loss: 0.5852, Acc(1): 100.00, Acc(5): 100.00
2023-06-19 16:32:03,262 - AUGCON - INFO - 	Validation Loss: 0.9837, Acc(1): 61.00, Acc(5): 100.00, F1: 0.20, Recall: 0.20, Precision: 0.20
2023-06-19 16:32:03,263 - AUGCON - INFO - Epoch [17/50]-(0/22) Loss: 0.9393, Acc(1): 50.00, Acc(5): 100.00
2023-06-19 16:32:03,263 - AUGCON - INFO - Epoch [17/50]-(5/22) Loss: 1.4357, Acc(1): 50.00, Acc(5): 75.00
2023-06-19 16:32:03,263 - AUGCON - INFO - Epoch [17/50]-(10/22) Loss: 0.8032, Acc(1): 75.00, Acc(5): 100.00
2023-06-19 16:32:03,263 - AUGCON - INFO - Epoch [17/50]-(15/22) Loss: 0.5761, Acc(1): 100.00, Acc(5): 100.00
2023-06-19 16:32:03,263 - AUGCON - INFO - Epoch [17/50]-(20/22) Loss: 1.1464, Acc(1): 50.00, Acc(5): 100.00
2023-06-19 16:32:03,263 - AUGCON - INFO - 	Validation Loss: 1.0471, Acc(1): 60.00, Acc(5): 100.00, F1: 0.19, Recall: 0.19, Precision: 0.19
2023-06-19 16:32:03,263 - AUGCON - INFO - Epoch [18/50]-(0/22) Loss: 0.6943, Acc(1): 75.00, Acc(5): 100.00
2023-06-19 16:32:03,263 - AUGCON - INFO - Epoch [18/50]-(5/22) Loss: 1.3289, Acc(1): 25.00, Acc(5): 100.00
2023-06-19 16:32:03,263 - AUGCON - INFO - Epoch [18/50]-(10/22) Loss: 0.8652, Acc(1): 75.00, Acc(5): 100.00
2023-06-19 16:32:03,263 - AUGCON - INFO - Epoch [18/50]-(15/22) Loss: 1.7553, Acc(1): 50.00, Acc(5): 75.00
2023-06-19 16:32:03,263 - AUGCON - INFO - Epoch [18/50]-(20/22) Loss: 0.4947, Acc(1): 75.00, Acc(5): 100.00
2023-06-19 16:32:03,263 - AUGCON - INFO - 	Validation Loss: 0.9626, Acc(1): 62.00, Acc(5): 100.00, F1: 0.20, Recall: 0.20, Precision: 0.19
2023-06-19 16:32:03,263 - AUGCON - INFO - Epoch [19/50]-(0/22) Loss: 0.6420, Acc(1): 75.00, Acc(5): 100.00
2023-06-19 16:32:03,263 - AUGCON - INFO - Epoch [19/50]-(5/22) Loss: 1.4240, Acc(1): 50.00, Acc(5): 100.00
2023-06-19 16:32:03,263 - AUGCON - INFO - Epoch [19/50]-(10/22) Loss: 1.0745, Acc(1): 50.00, Acc(5): 100.00
2023-06-19 16:32:03,263 - AUGCON - INFO - Epoch [19/50]-(15/22) Loss: 1.2368, Acc(1): 25.00, Acc(5): 100.00
2023-06-19 16:32:03,264 - AUGCON - INFO - Epoch [19/50]-(20/22) Loss: 0.6355, Acc(1): 100.00, Acc(5): 100.00
2023-06-19 16:32:03,264 - AUGCON - INFO - 	Validation Loss: 0.9495, Acc(1): 64.00, Acc(5): 100.00, F1: 0.20, Recall: 0.21, Precision: 0.20
2023-06-19 16:32:03,264 - AUGCON - INFO - Epoch [20/50]-(0/22) Loss: 0.8307, Acc(1): 75.00, Acc(5): 100.00
2023-06-19 16:32:03,264 - AUGCON - INFO - Epoch [20/50]-(5/22) Loss: 0.8521, Acc(1): 75.00, Acc(5): 100.00
2023-06-19 16:32:03,264 - AUGCON - INFO - Epoch [20/50]-(10/22) Loss: 0.8283, Acc(1): 75.00, Acc(5): 100.00
2023-06-19 16:32:03,264 - AUGCON - INFO - Epoch [20/50]-(15/22) Loss: 0.9269, Acc(1): 50.00, Acc(5): 100.00
2023-06-19 16:32:03,264 - AUGCON - INFO - Epoch [20/50]-(20/22) Loss: 0.6950, Acc(1): 75.00, Acc(5): 100.00
2023-06-19 16:32:03,264 - AUGCON - INFO - 	Validation Loss: 0.9582, Acc(1): 64.00, Acc(5): 100.00, F1: 0.20, Recall: 0.21, Precision: 0.20
2023-06-19 16:32:03,264 - AUGCON - INFO - Epoch [21/50]-(0/22) Loss: 0.5874, Acc(1): 75.00, Acc(5): 100.00
2023-06-19 16:32:03,264 - AUGCON - INFO - Epoch [21/50]-(5/22) Loss: 0.8432, Acc(1): 75.00, Acc(5): 100.00
2023-06-19 16:32:03,264 - AUGCON - INFO - Epoch [21/50]-(10/22) Loss: 1.1888, Acc(1): 50.00, Acc(5): 100.00
2023-06-19 16:32:03,264 - AUGCON - INFO - Epoch [21/50]-(15/22) Loss: 0.8216, Acc(1): 50.00, Acc(5): 100.00
2023-06-19 16:32:03,264 - AUGCON - INFO - Epoch [21/50]-(20/22) Loss: 1.2043, Acc(1): 25.00, Acc(5): 100.00
2023-06-19 16:32:03,265 - AUGCON - INFO - 	Validation Loss: 0.9254, Acc(1): 68.00, Acc(5): 100.00, F1: 0.21, Recall: 0.21, Precision: 0.20
2023-06-19 16:32:03,265 - AUGCON - INFO - Epoch [22/50]-(0/22) Loss: 1.3397, Acc(1): 25.00, Acc(5): 100.00
2023-06-19 16:32:03,265 - AUGCON - INFO - Epoch [22/50]-(5/22) Loss: 0.8898, Acc(1): 75.00, Acc(5): 100.00
2023-06-19 16:32:03,265 - AUGCON - INFO - Epoch [22/50]-(10/22) Loss: 1.6812, Acc(1): 25.00, Acc(5): 100.00
2023-06-19 16:32:03,265 - AUGCON - INFO - Epoch [22/50]-(15/22) Loss: 1.5674, Acc(1): 50.00, Acc(5): 75.00
2023-06-19 16:32:03,265 - AUGCON - INFO - Epoch [22/50]-(20/22) Loss: 0.7458, Acc(1): 75.00, Acc(5): 100.00
2023-06-19 16:32:03,265 - AUGCON - INFO - 	Validation Loss: 0.9504, Acc(1): 61.00, Acc(5): 100.00, F1: 0.19, Recall: 0.20, Precision: 0.18
2023-06-19 16:32:03,265 - AUGCON - INFO - Epoch [23/50]-(0/22) Loss: 0.6532, Acc(1): 100.00, Acc(5): 100.00
2023-06-19 16:32:03,265 - AUGCON - INFO - Epoch [23/50]-(5/22) Loss: 0.6302, Acc(1): 100.00, Acc(5): 100.00
2023-06-19 16:32:03,265 - AUGCON - INFO - Epoch [23/50]-(10/22) Loss: 0.9439, Acc(1): 50.00, Acc(5): 100.00
2023-06-19 16:32:03,265 - AUGCON - INFO - Epoch [23/50]-(15/22) Loss: 1.0587, Acc(1): 50.00, Acc(5): 100.00
2023-06-19 16:32:03,265 - AUGCON - INFO - Epoch [23/50]-(20/22) Loss: 1.0520, Acc(1): 50.00, Acc(5): 100.00
2023-06-19 16:32:03,265 - AUGCON - INFO - 	Validation Loss: 0.9096, Acc(1): 65.00, Acc(5): 100.00, F1: 0.20, Recall: 0.20, Precision: 0.21
2023-06-19 16:32:03,265 - AUGCON - INFO - Epoch [24/50]-(0/22) Loss: 1.8239, Acc(1): 0.00, Acc(5): 100.00
2023-06-19 16:32:03,265 - AUGCON - INFO - Epoch [24/50]-(5/22) Loss: 0.9576, Acc(1): 50.00, Acc(5): 100.00
2023-06-19 16:32:03,266 - AUGCON - INFO - Epoch [24/50]-(10/22) Loss: 0.4556, Acc(1): 100.00, Acc(5): 100.00
2023-06-19 16:32:03,266 - AUGCON - INFO - Epoch [24/50]-(15/22) Loss: 1.4556, Acc(1): 25.00, Acc(5): 100.00
2023-06-19 16:32:03,266 - AUGCON - INFO - Epoch [24/50]-(20/22) Loss: 0.6403, Acc(1): 75.00, Acc(5): 100.00
2023-06-19 16:32:03,266 - AUGCON - INFO - 	Validation Loss: 0.9265, Acc(1): 64.00, Acc(5): 100.00, F1: 0.20, Recall: 0.20, Precision: 0.19
2023-06-19 16:32:03,266 - AUGCON - INFO - Epoch [25/50]-(0/22) Loss: 0.4040, Acc(1): 100.00, Acc(5): 100.00
2023-06-19 16:32:03,266 - AUGCON - INFO - Epoch [25/50]-(5/22) Loss: 0.8941, Acc(1): 50.00, Acc(5): 100.00
2023-06-19 16:32:03,266 - AUGCON - INFO - Epoch [25/50]-(10/22) Loss: 0.4367, Acc(1): 100.00, Acc(5): 100.00
2023-06-19 16:32:03,266 - AUGCON - INFO - Epoch [25/50]-(15/22) Loss: 1.2238, Acc(1): 50.00, Acc(5): 100.00
2023-06-19 16:32:03,266 - AUGCON - INFO - Epoch [25/50]-(20/22) Loss: 1.3811, Acc(1): 25.00, Acc(5): 100.00
2023-06-19 16:32:03,266 - AUGCON - INFO - 	Validation Loss: 0.9560, Acc(1): 66.00, Acc(5): 100.00, F1: 0.20, Recall: 0.20, Precision: 0.20
2023-06-19 16:32:03,266 - AUGCON - INFO - Epoch [26/50]-(0/22) Loss: 1.2303, Acc(1): 25.00, Acc(5): 100.00
2023-06-19 16:32:03,266 - AUGCON - INFO - Epoch [26/50]-(5/22) Loss: 0.8294, Acc(1): 75.00, Acc(5): 100.00
2023-06-19 16:32:03,266 - AUGCON - INFO - Epoch [26/50]-(10/22) Loss: 0.7510, Acc(1): 75.00, Acc(5): 100.00
2023-06-19 16:32:03,266 - AUGCON - INFO - Epoch [26/50]-(15/22) Loss: 0.7533, Acc(1): 75.00, Acc(5): 100.00
2023-06-19 16:32:03,266 - AUGCON - INFO - Epoch [26/50]-(20/22) Loss: 0.6261, Acc(1): 100.00, Acc(5): 100.00
2023-06-19 16:32:03,266 - AUGCON - INFO - 	Validation Loss: 0.9390, Acc(1): 65.00, Acc(5): 100.00, F1: 0.20, Recall: 0.21, Precision: 0.19
2023-06-19 16:32:03,267 - AUGCON - INFO - Epoch [27/50]-(0/22) Loss: 0.5278, Acc(1): 75.00, Acc(5): 100.00
2023-06-19 16:32:03,267 - AUGCON - INFO - Epoch [27/50]-(5/22) Loss: 0.9607, Acc(1): 50.00, Acc(5): 100.00
2023-06-19 16:32:03,267 - AUGCON - INFO - Epoch [27/50]-(10/22) Loss: 1.0679, Acc(1): 50.00, Acc(5): 100.00
2023-06-19 16:32:03,267 - AUGCON - INFO - Epoch [27/50]-(15/22) Loss: 0.6155, Acc(1): 100.00, Acc(5): 100.00
2023-06-19 16:32:03,267 - AUGCON - INFO - Epoch [27/50]-(20/22) Loss: 0.9122, Acc(1): 75.00, Acc(5): 100.00
2023-06-19 16:32:03,267 - AUGCON - INFO - 	Validation Loss: 0.9113, Acc(1): 62.00, Acc(5): 100.00, F1: 0.19, Recall: 0.20, Precision: 0.19
2023-06-19 16:32:03,267 - AUGCON - INFO - Epoch [28/50]-(0/22) Loss: 1.1074, Acc(1): 25.00, Acc(5): 100.00
2023-06-19 16:32:03,267 - AUGCON - INFO - Epoch [28/50]-(5/22) Loss: 0.9799, Acc(1): 50.00, Acc(5): 100.00
2023-06-19 16:32:03,267 - AUGCON - INFO - Epoch [28/50]-(10/22) Loss: 1.0267, Acc(1): 50.00, Acc(5): 100.00
2023-06-19 16:32:03,267 - AUGCON - INFO - Epoch [28/50]-(15/22) Loss: 0.6427, Acc(1): 100.00, Acc(5): 100.00
2023-06-19 16:32:03,267 - AUGCON - INFO - Epoch [28/50]-(20/22) Loss: 0.8111, Acc(1): 75.00, Acc(5): 100.00
2023-06-19 16:32:03,267 - AUGCON - INFO - 	Validation Loss: 0.8566, Acc(1): 67.00, Acc(5): 100.00, F1: 0.21, Recall: 0.21, Precision: 0.21
2023-06-19 16:32:03,267 - AUGCON - INFO - Epoch [29/50]-(0/22) Loss: 0.8215, Acc(1): 75.00, Acc(5): 100.00
2023-06-19 16:32:03,267 - AUGCON - INFO - Epoch [29/50]-(5/22) Loss: 0.8414, Acc(1): 75.00, Acc(5): 100.00
2023-06-19 16:32:03,268 - AUGCON - INFO - Epoch [29/50]-(10/22) Loss: 1.3852, Acc(1): 25.00, Acc(5): 75.00
2023-06-19 16:32:03,268 - AUGCON - INFO - Epoch [29/50]-(15/22) Loss: 1.4124, Acc(1): 75.00, Acc(5): 75.00
2023-06-19 16:32:03,268 - AUGCON - INFO - Epoch [29/50]-(20/22) Loss: 1.5204, Acc(1): 25.00, Acc(5): 100.00
2023-06-19 16:32:03,268 - AUGCON - INFO - 	Validation Loss: 0.9133, Acc(1): 63.00, Acc(5): 100.00, F1: 0.19, Recall: 0.20, Precision: 0.18
2023-06-19 16:32:03,268 - AUGCON - INFO - Epoch [30/50]-(0/22) Loss: 0.7090, Acc(1): 75.00, Acc(5): 100.00
2023-06-19 16:32:03,268 - AUGCON - INFO - Epoch [30/50]-(5/22) Loss: 0.6823, Acc(1): 75.00, Acc(5): 100.00
2023-06-19 16:32:03,268 - AUGCON - INFO - Epoch [30/50]-(10/22) Loss: 0.7762, Acc(1): 75.00, Acc(5): 100.00
2023-06-19 16:32:03,268 - AUGCON - INFO - Epoch [30/50]-(15/22) Loss: 0.6322, Acc(1): 100.00, Acc(5): 100.00
2023-06-19 16:32:03,268 - AUGCON - INFO - Epoch [30/50]-(20/22) Loss: 0.9978, Acc(1): 50.00, Acc(5): 100.00
2023-06-19 16:32:03,268 - AUGCON - INFO - 	Validation Loss: 0.8596, Acc(1): 65.00, Acc(5): 99.00, F1: 0.20, Recall: 0.20, Precision: 0.20
2023-06-19 16:32:03,268 - AUGCON - INFO - Epoch [31/50]-(0/22) Loss: 0.5020, Acc(1): 100.00, Acc(5): 100.00
2023-06-19 16:32:03,268 - AUGCON - INFO - Epoch [31/50]-(5/22) Loss: 1.0611, Acc(1): 75.00, Acc(5): 75.00
2023-06-19 16:32:03,268 - AUGCON - INFO - Epoch [31/50]-(10/22) Loss: 1.6975, Acc(1): 25.00, Acc(5): 100.00
2023-06-19 16:32:03,268 - AUGCON - INFO - Epoch [31/50]-(15/22) Loss: 0.3732, Acc(1): 100.00, Acc(5): 100.00
2023-06-19 16:32:03,268 - AUGCON - INFO - Epoch [31/50]-(20/22) Loss: 0.6707, Acc(1): 75.00, Acc(5): 100.00
2023-06-19 16:32:03,268 - AUGCON - INFO - 	Validation Loss: 0.8137, Acc(1): 67.00, Acc(5): 100.00, F1: 0.20, Recall: 0.20, Precision: 0.20
2023-06-19 16:32:03,269 - AUGCON - INFO - Epoch [32/50]-(0/22) Loss: 1.1658, Acc(1): 25.00, Acc(5): 100.00
2023-06-19 16:32:03,269 - AUGCON - INFO - Epoch [32/50]-(5/22) Loss: 0.7665, Acc(1): 100.00, Acc(5): 100.00
2023-06-19 16:32:03,269 - AUGCON - INFO - Epoch [32/50]-(10/22) Loss: 0.9309, Acc(1): 50.00, Acc(5): 100.00
2023-06-19 16:32:03,269 - AUGCON - INFO - Epoch [32/50]-(15/22) Loss: 1.1831, Acc(1): 25.00, Acc(5): 100.00
2023-06-19 16:32:03,269 - AUGCON - INFO - Epoch [32/50]-(20/22) Loss: 1.0292, Acc(1): 75.00, Acc(5): 75.00
2023-06-19 16:32:03,269 - AUGCON - INFO - 	Validation Loss: 0.8800, Acc(1): 68.00, Acc(5): 100.00, F1: 0.21, Recall: 0.22, Precision: 0.20
2023-06-19 16:32:03,269 - AUGCON - INFO - Epoch [33/50]-(0/22) Loss: 0.3029, Acc(1): 100.00, Acc(5): 100.00
2023-06-19 16:32:03,269 - AUGCON - INFO - Epoch [33/50]-(5/22) Loss: 0.6071, Acc(1): 75.00, Acc(5): 100.00
2023-06-19 16:32:03,269 - AUGCON - INFO - Epoch [33/50]-(10/22) Loss: 1.7681, Acc(1): 25.00, Acc(5): 75.00
2023-06-19 16:32:03,269 - AUGCON - INFO - Epoch [33/50]-(15/22) Loss: 0.3038, Acc(1): 100.00, Acc(5): 100.00
2023-06-19 16:32:03,269 - AUGCON - INFO - Epoch [33/50]-(20/22) Loss: 0.7440, Acc(1): 50.00, Acc(5): 100.00
2023-06-19 16:32:03,269 - AUGCON - INFO - 	Validation Loss: 0.8519, Acc(1): 67.00, Acc(5): 100.00, F1: 0.20, Recall: 0.21, Precision: 0.19
2023-06-19 16:32:03,269 - AUGCON - INFO - Epoch [34/50]-(0/22) Loss: 1.3789, Acc(1): 25.00, Acc(5): 100.00
2023-06-19 16:32:03,270 - AUGCON - INFO - Epoch [34/50]-(5/22) Loss: 0.7274, Acc(1): 50.00, Acc(5): 100.00
2023-06-19 16:32:03,270 - AUGCON - INFO - Epoch [34/50]-(10/22) Loss: 0.4177, Acc(1): 75.00, Acc(5): 100.00
2023-06-19 16:32:03,270 - AUGCON - INFO - Epoch [34/50]-(15/22) Loss: 1.3490, Acc(1): 50.00, Acc(5): 100.00
2023-06-19 16:32:03,270 - AUGCON - INFO - Epoch [34/50]-(20/22) Loss: 0.2649, Acc(1): 100.00, Acc(5): 100.00
2023-06-19 16:32:03,270 - AUGCON - INFO - 	Validation Loss: 0.8390, Acc(1): 66.00, Acc(5): 100.00, F1: 0.20, Recall: 0.21, Precision: 0.20
2023-06-19 16:32:03,270 - AUGCON - INFO - Epoch [35/50]-(0/22) Loss: 0.6154, Acc(1): 75.00, Acc(5): 100.00
2023-06-19 16:32:03,270 - AUGCON - INFO - Epoch [35/50]-(5/22) Loss: 0.5029, Acc(1): 75.00, Acc(5): 100.00
2023-06-19 16:32:03,270 - AUGCON - INFO - Epoch [35/50]-(10/22) Loss: 1.0939, Acc(1): 25.00, Acc(5): 100.00
2023-06-19 16:32:03,270 - AUGCON - INFO - Epoch [35/50]-(15/22) Loss: 1.4497, Acc(1): 75.00, Acc(5): 75.00
2023-06-19 16:32:03,270 - AUGCON - INFO - Epoch [35/50]-(20/22) Loss: 0.7711, Acc(1): 75.00, Acc(5): 100.00
2023-06-19 16:32:03,270 - AUGCON - INFO - 	Validation Loss: 0.8464, Acc(1): 68.00, Acc(5): 100.00, F1: 0.20, Recall: 0.20, Precision: 0.21
2023-06-19 16:32:03,270 - AUGCON - INFO - Epoch [36/50]-(0/22) Loss: 0.8830, Acc(1): 75.00, Acc(5): 100.00
2023-06-19 16:32:03,270 - AUGCON - INFO - Epoch [36/50]-(5/22) Loss: 0.7834, Acc(1): 75.00, Acc(5): 100.00
2023-06-19 16:32:03,270 - AUGCON - INFO - Epoch [36/50]-(10/22) Loss: 0.8108, Acc(1): 50.00, Acc(5): 100.00
2023-06-19 16:32:03,270 - AUGCON - INFO - Epoch [36/50]-(15/22) Loss: 1.2096, Acc(1): 50.00, Acc(5): 100.00
2023-06-19 16:32:03,270 - AUGCON - INFO - Epoch [36/50]-(20/22) Loss: 1.3263, Acc(1): 50.00, Acc(5): 75.00
2023-06-19 16:32:03,271 - AUGCON - INFO - 	Validation Loss: 0.8920, Acc(1): 65.00, Acc(5): 100.00, F1: 0.20, Recall: 0.21, Precision: 0.18
2023-06-19 16:32:03,271 - AUGCON - INFO - Epoch [37/50]-(0/22) Loss: 1.1076, Acc(1): 50.00, Acc(5): 100.00
2023-06-19 16:32:03,271 - AUGCON - INFO - Epoch [37/50]-(5/22) Loss: 0.9038, Acc(1): 75.00, Acc(5): 100.00
2023-06-19 16:32:03,271 - AUGCON - INFO - Epoch [37/50]-(10/22) Loss: 0.1892, Acc(1): 100.00, Acc(5): 100.00
2023-06-19 16:32:03,271 - AUGCON - INFO - Epoch [37/50]-(15/22) Loss: 0.3253, Acc(1): 100.00, Acc(5): 100.00
2023-06-19 16:32:03,271 - AUGCON - INFO - Epoch [37/50]-(20/22) Loss: 1.2233, Acc(1): 50.00, Acc(5): 100.00
2023-06-19 16:32:03,271 - AUGCON - INFO - 	Validation Loss: 0.8000, Acc(1): 72.00, Acc(5): 100.00, F1: 0.22, Recall: 0.21, Precision: 0.23
2023-06-19 16:32:03,271 - AUGCON - INFO - Epoch [38/50]-(0/22) Loss: 0.6077, Acc(1): 75.00, Acc(5): 100.00
2023-06-19 16:32:03,271 - AUGCON - INFO - Epoch [38/50]-(5/22) Loss: 0.3424, Acc(1): 100.00, Acc(5): 100.00
2023-06-19 16:32:03,271 - AUGCON - INFO - Epoch [38/50]-(10/22) Loss: 0.8069, Acc(1): 75.00, Acc(5): 100.00
2023-06-19 16:32:03,271 - AUGCON - INFO - Epoch [38/50]-(15/22) Loss: 1.1407, Acc(1): 50.00, Acc(5): 100.00
2023-06-19 16:32:03,271 - AUGCON - INFO - Epoch [38/50]-(20/22) Loss: 0.9225, Acc(1): 50.00, Acc(5): 100.00
2023-06-19 16:32:03,271 - AUGCON - INFO - 	Validation Loss: 0.8246, Acc(1): 67.00, Acc(5): 100.00, F1: 0.20, Recall: 0.22, Precision: 0.19
2023-06-19 16:32:03,271 - AUGCON - INFO - Epoch [39/50]-(0/22) Loss: 0.9018, Acc(1): 50.00, Acc(5): 100.00
2023-06-19 16:32:03,271 - AUGCON - INFO - Epoch [39/50]-(5/22) Loss: 1.3553, Acc(1): 25.00, Acc(5): 100.00
2023-06-19 16:32:03,271 - AUGCON - INFO - Epoch [39/50]-(10/22) Loss: 1.0023, Acc(1): 50.00, Acc(5): 100.00
2023-06-19 16:32:03,271 - AUGCON - INFO - Epoch [39/50]-(15/22) Loss: 0.3363, Acc(1): 100.00, Acc(5): 100.00
2023-06-19 16:32:03,272 - AUGCON - INFO - Epoch [39/50]-(20/22) Loss: 0.7591, Acc(1): 50.00, Acc(5): 100.00
2023-06-19 16:32:03,272 - AUGCON - INFO - 	Validation Loss: 0.8499, Acc(1): 68.00, Acc(5): 99.00, F1: 0.20, Recall: 0.21, Precision: 0.20
2023-06-19 16:32:03,272 - AUGCON - INFO - Epoch [40/50]-(0/22) Loss: 1.2927, Acc(1): 75.00, Acc(5): 100.00
2023-06-19 16:32:03,272 - AUGCON - INFO - Epoch [40/50]-(5/22) Loss: 0.6115, Acc(1): 100.00, Acc(5): 100.00
2023-06-19 16:32:03,272 - AUGCON - INFO - Epoch [40/50]-(10/22) Loss: 1.1489, Acc(1): 50.00, Acc(5): 100.00
2023-06-19 16:32:03,272 - AUGCON - INFO - Epoch [40/50]-(15/22) Loss: 1.4544, Acc(1): 50.00, Acc(5): 100.00
2023-06-19 16:32:03,272 - AUGCON - INFO - Epoch [40/50]-(20/22) Loss: 0.7790, Acc(1): 75.00, Acc(5): 100.00
2023-06-19 16:32:03,272 - AUGCON - INFO - 	Validation Loss: 0.8422, Acc(1): 65.00, Acc(5): 100.00, F1: 0.20, Recall: 0.21, Precision: 0.18
2023-06-19 16:32:03,272 - AUGCON - INFO - Epoch [41/50]-(0/22) Loss: 0.7058, Acc(1): 75.00, Acc(5): 100.00
2023-06-19 16:32:03,272 - AUGCON - INFO - Epoch [41/50]-(5/22) Loss: 0.8645, Acc(1): 75.00, Acc(5): 100.00
2023-06-19 16:32:03,272 - AUGCON - INFO - Epoch [41/50]-(10/22) Loss: 0.7706, Acc(1): 75.00, Acc(5): 100.00
2023-06-19 16:32:03,272 - AUGCON - INFO - Epoch [41/50]-(15/22) Loss: 0.1135, Acc(1): 100.00, Acc(5): 100.00
2023-06-19 16:32:03,272 - AUGCON - INFO - Epoch [41/50]-(20/22) Loss: 0.6598, Acc(1): 75.00, Acc(5): 100.00
2023-06-19 16:32:03,273 - AUGCON - INFO - 	Validation Loss: 0.8003, Acc(1): 69.00, Acc(5): 100.00, F1: 0.20, Recall: 0.20, Precision: 0.21
2023-06-19 16:32:03,273 - AUGCON - INFO - Epoch [42/50]-(0/22) Loss: 1.0589, Acc(1): 50.00, Acc(5): 100.00
2023-06-19 16:32:03,273 - AUGCON - INFO - Epoch [42/50]-(5/22) Loss: 0.6790, Acc(1): 75.00, Acc(5): 100.00
2023-06-19 16:32:03,273 - AUGCON - INFO - Epoch [42/50]-(10/22) Loss: 1.4533, Acc(1): 50.00, Acc(5): 75.00
2023-06-19 16:32:03,273 - AUGCON - INFO - Epoch [42/50]-(15/22) Loss: 1.5933, Acc(1): 0.00, Acc(5): 100.00
2023-06-19 16:32:03,273 - AUGCON - INFO - Epoch [42/50]-(20/22) Loss: 0.6937, Acc(1): 75.00, Acc(5): 100.00
2023-06-19 16:32:03,273 - AUGCON - INFO - 	Validation Loss: 0.8038, Acc(1): 71.00, Acc(5): 100.00, F1: 0.21, Recall: 0.22, Precision: 0.20
2023-06-19 16:32:03,273 - AUGCON - INFO - Epoch [43/50]-(0/22) Loss: 0.4957, Acc(1): 100.00, Acc(5): 100.00
2023-06-19 16:32:03,273 - AUGCON - INFO - Epoch [43/50]-(5/22) Loss: 0.5638, Acc(1): 100.00, Acc(5): 100.00
2023-06-19 16:32:03,273 - AUGCON - INFO - Epoch [43/50]-(10/22) Loss: 1.7236, Acc(1): 50.00, Acc(5): 75.00
2023-06-19 16:32:03,273 - AUGCON - INFO - Epoch [43/50]-(15/22) Loss: 0.9659, Acc(1): 75.00, Acc(5): 100.00
2023-06-19 16:32:03,273 - AUGCON - INFO - Epoch [43/50]-(20/22) Loss: 0.3960, Acc(1): 100.00, Acc(5): 100.00
2023-06-19 16:32:03,273 - AUGCON - INFO - 	Validation Loss: 0.8120, Acc(1): 70.00, Acc(5): 100.00, F1: 0.21, Recall: 0.21, Precision: 0.20
2023-06-19 16:32:03,273 - AUGCON - INFO - Epoch [44/50]-(0/22) Loss: 0.7314, Acc(1): 75.00, Acc(5): 100.00
2023-06-19 16:32:03,273 - AUGCON - INFO - Epoch [44/50]-(5/22) Loss: 0.7471, Acc(1): 50.00, Acc(5): 100.00
2023-06-19 16:32:03,273 - AUGCON - INFO - Epoch [44/50]-(10/22) Loss: 0.3414, Acc(1): 75.00, Acc(5): 100.00
2023-06-19 16:32:03,274 - AUGCON - INFO - Epoch [44/50]-(15/22) Loss: 1.0104, Acc(1): 50.00, Acc(5): 100.00
2023-06-19 16:32:03,274 - AUGCON - INFO - Epoch [44/50]-(20/22) Loss: 0.5675, Acc(1): 75.00, Acc(5): 100.00
2023-06-19 16:32:03,274 - AUGCON - INFO - 	Validation Loss: 0.7852, Acc(1): 67.00, Acc(5): 100.00, F1: 0.20, Recall: 0.22, Precision: 0.19
2023-06-19 16:32:03,274 - AUGCON - INFO - Epoch [45/50]-(0/22) Loss: 0.1443, Acc(1): 100.00, Acc(5): 100.00
2023-06-19 16:32:03,274 - AUGCON - INFO - Epoch [45/50]-(5/22) Loss: 0.6404, Acc(1): 75.00, Acc(5): 100.00
2023-06-19 16:32:03,274 - AUGCON - INFO - Epoch [45/50]-(10/22) Loss: 0.4972, Acc(1): 100.00, Acc(5): 100.00
2023-06-19 16:32:03,274 - AUGCON - INFO - Epoch [45/50]-(15/22) Loss: 1.4093, Acc(1): 50.00, Acc(5): 100.00
2023-06-19 16:32:03,274 - AUGCON - INFO - Epoch [45/50]-(20/22) Loss: 0.4355, Acc(1): 75.00, Acc(5): 100.00
2023-06-19 16:32:03,274 - AUGCON - INFO - 	Validation Loss: 0.8077, Acc(1): 70.00, Acc(5): 99.00, F1: 0.21, Recall: 0.20, Precision: 0.21
2023-06-19 16:32:03,274 - AUGCON - INFO - Epoch [46/50]-(0/22) Loss: 0.5885, Acc(1): 75.00, Acc(5): 100.00
2023-06-19 16:32:03,274 - AUGCON - INFO - Epoch [46/50]-(5/22) Loss: 1.0922, Acc(1): 25.00, Acc(5): 100.00
2023-06-19 16:32:03,274 - AUGCON - INFO - Epoch [46/50]-(10/22) Loss: 0.6610, Acc(1): 75.00, Acc(5): 100.00
2023-06-19 16:32:03,274 - AUGCON - INFO - Epoch [46/50]-(15/22) Loss: 0.8174, Acc(1): 75.00, Acc(5): 100.00
2023-06-19 16:32:03,274 - AUGCON - INFO - Epoch [46/50]-(20/22) Loss: 1.0581, Acc(1): 50.00, Acc(5): 100.00
2023-06-19 16:32:03,275 - AUGCON - INFO - 	Validation Loss: 0.7944, Acc(1): 67.00, Acc(5): 100.00, F1: 0.20, Recall: 0.21, Precision: 0.19
2023-06-19 16:32:03,275 - AUGCON - INFO - Epoch [47/50]-(0/22) Loss: 0.7647, Acc(1): 75.00, Acc(5): 100.00
2023-06-19 16:32:03,275 - AUGCON - INFO - Epoch [47/50]-(5/22) Loss: 0.6048, Acc(1): 75.00, Acc(5): 100.00
2023-06-19 16:32:03,275 - AUGCON - INFO - Epoch [47/50]-(10/22) Loss: 1.3979, Acc(1): 50.00, Acc(5): 100.00
2023-06-19 16:32:03,275 - AUGCON - INFO - Epoch [47/50]-(15/22) Loss: 0.5175, Acc(1): 100.00, Acc(5): 100.00
2023-06-19 16:32:03,275 - AUGCON - INFO - Epoch [47/50]-(20/22) Loss: 0.7266, Acc(1): 75.00, Acc(5): 100.00
2023-06-19 16:32:03,275 - AUGCON - INFO - 	Validation Loss: 0.7607, Acc(1): 76.00, Acc(5): 100.00, F1: 0.22, Recall: 0.21, Precision: 0.23
2023-06-19 16:32:03,275 - AUGCON - INFO - Epoch [48/50]-(0/22) Loss: 0.3956, Acc(1): 100.00, Acc(5): 100.00
2023-06-19 16:32:03,275 - AUGCON - INFO - Epoch [48/50]-(5/22) Loss: 0.6889, Acc(1): 75.00, Acc(5): 100.00
2023-06-19 16:32:03,275 - AUGCON - INFO - Epoch [48/50]-(10/22) Loss: 1.0789, Acc(1): 50.00, Acc(5): 100.00
2023-06-19 16:32:03,275 - AUGCON - INFO - Epoch [48/50]-(15/22) Loss: 0.8394, Acc(1): 75.00, Acc(5): 100.00
2023-06-19 16:32:03,275 - AUGCON - INFO - Epoch [48/50]-(20/22) Loss: 1.4655, Acc(1): 25.00, Acc(5): 100.00
2023-06-19 16:32:03,275 - AUGCON - INFO - 	Validation Loss: 0.8395, Acc(1): 67.00, Acc(5): 99.00, F1: 0.20, Recall: 0.22, Precision: 0.18
2023-06-19 16:32:03,275 - AUGCON - INFO - Epoch [49/50]-(0/22) Loss: 0.8323, Acc(1): 75.00, Acc(5): 100.00
2023-06-19 16:32:03,275 - AUGCON - INFO - Epoch [49/50]-(5/22) Loss: 0.9880, Acc(1): 75.00, Acc(5): 100.00
2023-06-19 16:32:03,275 - AUGCON - INFO - Epoch [49/50]-(10/22) Loss: 1.3369, Acc(1): 50.00, Acc(5): 75.00
2023-06-19 16:32:03,276 - AUGCON - INFO - Epoch [49/50]-(15/22) Loss: 0.7631, Acc(1): 100.00, Acc(5): 100.00
2023-06-19 16:32:03,276 - AUGCON - INFO - Epoch [49/50]-(20/22) Loss: 0.2044, Acc(1): 100.00, Acc(5): 100.00
2023-06-19 16:32:03,276 - AUGCON - INFO - 	Validation Loss: 0.7516, Acc(1): 71.00, Acc(5): 100.00, F1: 0.21, Recall: 0.23, Precision: 0.20
2023-06-19 16:32:03,276 - AUGCON - INFO - Epoch [50/50]-(0/22) Loss: 0.7619, Acc(1): 50.00, Acc(5): 100.00
2023-06-19 16:32:03,276 - AUGCON - INFO - Epoch [50/50]-(5/22) Loss: 0.9505, Acc(1): 75.00, Acc(5): 100.00
2023-06-19 16:32:03,276 - AUGCON - INFO - Epoch [50/50]-(10/22) Loss: 0.8262, Acc(1): 100.00, Acc(5): 100.00
2023-06-19 16:32:03,276 - AUGCON - INFO - Epoch [50/50]-(15/22) Loss: 0.5553, Acc(1): 100.00, Acc(5): 100.00
2023-06-19 16:32:03,276 - AUGCON - INFO - Epoch [50/50]-(20/22) Loss: 1.2679, Acc(1): 50.00, Acc(5): 100.00
2023-06-19 16:32:03,276 - AUGCON - INFO - 	Validation Loss: 0.8334, Acc(1): 68.00, Acc(5): 100.00, F1: 0.20, Recall: 0.21, Precision: 0.19
2023-06-19 16:32:03,276 - AUGCON - INFO - 	Validation Loss: 0.8613, Acc(1): 60.33, Acc(5): 99.67, F1: 0.16, Recall: 0.16, Precision: 0.15
