2023-06-19 16:40:00,308 - AUGCON - INFO - logger initialized (/home/hjyoon/projects/augcon/config/exp0/finetune_da_true/without_target_domain_WA0002-bkkim/cpc_random_8421/tgt_target_domain_PH0045-sjlee_seed0.yaml.log)
2023-06-19 16:40:00,309 - AUGCON - INFO - ================= Config =================
2023-06-19 16:40:00,309 - AUGCON - INFO -   mode: finetune
2023-06-19 16:40:00,309 - AUGCON - INFO -   seed: 0
2023-06-19 16:40:00,309 - AUGCON - INFO -   gpu: [7]
2023-06-19 16:40:00,309 - AUGCON - INFO -   num_workers: 1
2023-06-19 16:40:00,309 - AUGCON - INFO -   dist_url: tcp://localhost:10001
2023-06-19 16:40:00,309 - AUGCON - INFO -   dataset_name: ichar
2023-06-19 16:40:00,309 - AUGCON - INFO -   train_dataset_path: /mnt/sting/hjyoon/projects/cross/ICHAR/augcon/target_domain_PH0045-sjlee/finetune/10shot/target/train.pkl
2023-06-19 16:40:00,309 - AUGCON - INFO -   test_dataset_path: /mnt/sting/hjyoon/projects/cross/ICHAR/augcon/target_domain_PH0045-sjlee/finetune/10shot/target/test.pkl
2023-06-19 16:40:00,309 - AUGCON - INFO -   val_dataset_path: /mnt/sting/hjyoon/projects/cross/ICHAR/augcon/target_domain_PH0045-sjlee/finetune/10shot/target/val.pkl
2023-06-19 16:40:00,309 - AUGCON - INFO -   input_channels: 3
2023-06-19 16:40:00,309 - AUGCON - INFO -   num_cls: 9
2023-06-19 16:40:00,309 - AUGCON - INFO -   optimizer: adam
2023-06-19 16:40:00,309 - AUGCON - INFO -   criterion: crossentropy
2023-06-19 16:40:00,309 - AUGCON - INFO -   start_epoch: 0
2023-06-19 16:40:00,309 - AUGCON - INFO -   epochs: 50
2023-06-19 16:40:00,309 - AUGCON - INFO -   batch_size: 4
2023-06-19 16:40:00,309 - AUGCON - INFO -   lr: 0.001
2023-06-19 16:40:00,309 - AUGCON - INFO -   wd: 0.0
2023-06-19 16:40:00,309 - AUGCON - INFO -   resume: 
2023-06-19 16:40:00,310 - AUGCON - INFO -   pretrained: /mnt/sting/hjyoon/projects/augcontrast/models/exp0/pretrain/without_target_domain_WA0002-bkkim/cpc_random_8421//checkpoint_0099.pth.tar
2023-06-19 16:40:00,310 - AUGCON - INFO -   ckpt_dir: /mnt/sting/hjyoon/projects/augcontrast/models/exp0/finetune_da_true/without_target_domain_WA0002-bkkim/cpc_random_8421/tgt_target_domain_PH0045-sjlee_seed0
2023-06-19 16:40:00,310 - AUGCON - INFO -   log_freq: 5
2023-06-19 16:40:00,310 - AUGCON - INFO -   save_freq: 10
2023-06-19 16:40:00,310 - AUGCON - INFO -   pretext: metacpc
2023-06-19 16:40:00,310 - AUGCON - INFO -   enc_blocks: 4
2023-06-19 16:40:00,310 - AUGCON - INFO -   kernel_sizes: [8, 4, 2, 1]
2023-06-19 16:40:00,310 - AUGCON - INFO -   strides: [4, 2, 1, 1]
2023-06-19 16:40:00,310 - AUGCON - INFO -   agg_blocks: 5
2023-06-19 16:40:00,310 - AUGCON - INFO -   z_dim: 256
2023-06-19 16:40:00,310 - AUGCON - INFO -   pooling: mean
2023-06-19 16:40:00,310 - AUGCON - INFO -   pred_steps: 12
2023-06-19 16:40:00,310 - AUGCON - INFO -   n_negatives: 15
2023-06-19 16:40:00,310 - AUGCON - INFO -   offset: 4
2023-06-19 16:40:00,310 - AUGCON - INFO -   domain_adaptation: True
2023-06-19 16:40:00,310 - AUGCON - INFO -   task_steps: 10
2023-06-19 16:40:00,310 - AUGCON - INFO -   task_lr: 0.001
2023-06-19 16:40:00,310 - AUGCON - INFO -   reg_lambda: 0
2023-06-19 16:40:00,310 - AUGCON - INFO -   mlp: False
2023-06-19 16:40:00,310 - AUGCON - INFO -   freeze: True
2023-06-19 16:40:00,310 - AUGCON - INFO -   no_vars: True
2023-06-19 16:40:00,310 - AUGCON - INFO - ==========================================
2023-06-19 16:40:00,310 - AUGCON - INFO - Setting GPUs: [7]
2023-06-19 16:40:00,311 - AUGCON - INFO - GPUs [7] will be used
2023-06-19 16:40:00,311 - AUGCON - WARNING - You have chosen to seed training. 
2023-06-19 16:40:00,311 - AUGCON - WARNING - This will turn on the CUDNN deterministic setting, 
2023-06-19 16:40:00,311 - AUGCON - WARNING - which can slow down your training considerably! 
2023-06-19 16:40:00,311 - AUGCON - WARNING - You may see unexpected behavior when restarting 
2023-06-19 16:40:00,311 - AUGCON - WARNING - from checkpoints.
2023-06-19 16:40:00,342 - AUGCON - INFO - Executing MetaCPC
2023-06-19 16:40:00,343 - AUGCON - INFO - Logs are skipped during training
2023-06-19 16:40:20,491 - AUGCON - INFO - Single GPU is used for training - training 90 instances for each worker
2023-06-19 16:40:20,492 - AUGCON - INFO - Loading pretrained model from checkpoint - /mnt/sting/hjyoon/projects/augcontrast/models/exp0/pretrain/without_target_domain_WA0002-bkkim/cpc_random_8421//checkpoint_0099.pth.tar
2023-06-19 16:40:20,492 - AUGCON - INFO - Missing keys: ['predictor.vars.0', 'predictor.vars.1']
2023-06-19 16:40:20,492 - AUGCON - INFO - Perform domain adaptation step
2023-06-19 16:40:20,492 - AUGCON - INFO - 	meta-train [0/10] Loss: 2.7947, Acc(1): 6.45, Acc(5): 32.66
2023-06-19 16:40:20,492 - AUGCON - INFO - 	meta-train [1/10] Loss: 2.7934, Acc(1): 6.38, Acc(5): 32.67
2023-06-19 16:40:20,492 - AUGCON - INFO - 	meta-train [2/10] Loss: 2.7911, Acc(1): 6.50, Acc(5): 33.01
2023-06-19 16:40:20,492 - AUGCON - INFO - 	meta-train [3/10] Loss: 2.7868, Acc(1): 6.73, Acc(5): 33.52
2023-06-19 16:40:20,492 - AUGCON - INFO - 	meta-train [4/10] Loss: 2.7853, Acc(1): 6.59, Acc(5): 33.26
2023-06-19 16:40:20,492 - AUGCON - INFO - 	meta-train [5/10] Loss: 2.7832, Acc(1): 6.70, Acc(5): 33.50
2023-06-19 16:40:20,492 - AUGCON - INFO - 	meta-train [6/10] Loss: 2.7836, Acc(1): 6.71, Acc(5): 33.23
2023-06-19 16:40:20,492 - AUGCON - INFO - 	meta-train [7/10] Loss: 2.7824, Acc(1): 6.64, Acc(5): 33.59
2023-06-19 16:40:20,492 - AUGCON - INFO - 	meta-train [8/10] Loss: 2.7823, Acc(1): 6.43, Acc(5): 33.58
2023-06-19 16:40:20,493 - AUGCON - INFO - 	meta-train [9/10] Loss: 2.7790, Acc(1): 6.74, Acc(5): 33.53
2023-06-19 16:40:20,493 - AUGCON - INFO - Loading encoder parameters to the classifier
2023-06-19 16:40:20,493 - AUGCON - INFO - Missing keys: ['classifier.block.0.weight', 'classifier.block.0.bias']
2023-06-19 16:40:20,493 - AUGCON - INFO - Epoch [1/50]-(0/22) Loss: 2.1551, Acc(1): 0.00, Acc(5): 50.00
2023-06-19 16:40:20,493 - AUGCON - INFO - Epoch [1/50]-(5/22) Loss: 2.1917, Acc(1): 0.00, Acc(5): 75.00
2023-06-19 16:40:20,493 - AUGCON - INFO - Epoch [1/50]-(10/22) Loss: 2.1459, Acc(1): 50.00, Acc(5): 50.00
2023-06-19 16:40:20,493 - AUGCON - INFO - Epoch [1/50]-(15/22) Loss: 1.8736, Acc(1): 50.00, Acc(5): 75.00
2023-06-19 16:40:20,493 - AUGCON - INFO - Epoch [1/50]-(20/22) Loss: 1.9252, Acc(1): 25.00, Acc(5): 100.00
2023-06-19 16:40:20,493 - AUGCON - INFO - 	Validation Loss: 1.7258, Acc(1): 33.00, Acc(5): 98.00, F1: 0.08, Recall: 0.09, Precision: 0.08
2023-06-19 16:40:20,493 - AUGCON - INFO - Epoch [2/50]-(0/22) Loss: 1.4880, Acc(1): 50.00, Acc(5): 100.00
2023-06-19 16:40:20,493 - AUGCON - INFO - Epoch [2/50]-(5/22) Loss: 2.0449, Acc(1): 25.00, Acc(5): 50.00
2023-06-19 16:40:20,493 - AUGCON - INFO - Epoch [2/50]-(10/22) Loss: 1.5134, Acc(1): 25.00, Acc(5): 75.00
2023-06-19 16:40:20,493 - AUGCON - INFO - Epoch [2/50]-(15/22) Loss: 1.4079, Acc(1): 75.00, Acc(5): 75.00
2023-06-19 16:40:20,493 - AUGCON - INFO - Epoch [2/50]-(20/22) Loss: 1.7697, Acc(1): 25.00, Acc(5): 100.00
2023-06-19 16:40:20,493 - AUGCON - INFO - 	Validation Loss: 1.4146, Acc(1): 52.00, Acc(5): 100.00, F1: 0.11, Recall: 0.15, Precision: 0.09
2023-06-19 16:40:20,494 - AUGCON - INFO - Epoch [3/50]-(0/22) Loss: 1.0227, Acc(1): 100.00, Acc(5): 100.00
2023-06-19 16:40:20,494 - AUGCON - INFO - Epoch [3/50]-(5/22) Loss: 1.3903, Acc(1): 75.00, Acc(5): 100.00
2023-06-19 16:40:20,494 - AUGCON - INFO - Epoch [3/50]-(10/22) Loss: 1.8796, Acc(1): 25.00, Acc(5): 100.00
2023-06-19 16:40:20,494 - AUGCON - INFO - Epoch [3/50]-(15/22) Loss: 1.4802, Acc(1): 50.00, Acc(5): 75.00
2023-06-19 16:40:20,494 - AUGCON - INFO - Epoch [3/50]-(20/22) Loss: 1.6260, Acc(1): 25.00, Acc(5): 100.00
2023-06-19 16:40:20,494 - AUGCON - INFO - 	Validation Loss: 1.2571, Acc(1): 58.00, Acc(5): 100.00, F1: 0.17, Recall: 0.17, Precision: 0.18
2023-06-19 16:40:20,494 - AUGCON - INFO - Epoch [4/50]-(0/22) Loss: 1.2273, Acc(1): 50.00, Acc(5): 100.00
2023-06-19 16:40:20,494 - AUGCON - INFO - Epoch [4/50]-(5/22) Loss: 1.1225, Acc(1): 75.00, Acc(5): 100.00
2023-06-19 16:40:20,494 - AUGCON - INFO - Epoch [4/50]-(10/22) Loss: 1.7037, Acc(1): 25.00, Acc(5): 100.00
2023-06-19 16:40:20,494 - AUGCON - INFO - Epoch [4/50]-(15/22) Loss: 1.5829, Acc(1): 25.00, Acc(5): 100.00
2023-06-19 16:40:20,494 - AUGCON - INFO - Epoch [4/50]-(20/22) Loss: 0.8589, Acc(1): 75.00, Acc(5): 100.00
2023-06-19 16:40:20,494 - AUGCON - INFO - 	Validation Loss: 1.1518, Acc(1): 64.00, Acc(5): 100.00, F1: 0.17, Recall: 0.15, Precision: 0.19
2023-06-19 16:40:20,494 - AUGCON - INFO - Epoch [5/50]-(0/22) Loss: 1.3439, Acc(1): 50.00, Acc(5): 100.00
2023-06-19 16:40:20,494 - AUGCON - INFO - Epoch [5/50]-(5/22) Loss: 1.5790, Acc(1): 50.00, Acc(5): 100.00
2023-06-19 16:40:20,494 - AUGCON - INFO - Epoch [5/50]-(10/22) Loss: 1.2138, Acc(1): 75.00, Acc(5): 100.00
2023-06-19 16:40:20,495 - AUGCON - INFO - Epoch [5/50]-(15/22) Loss: 0.8619, Acc(1): 100.00, Acc(5): 100.00
2023-06-19 16:40:20,495 - AUGCON - INFO - Epoch [5/50]-(20/22) Loss: 1.8767, Acc(1): 0.00, Acc(5): 100.00
2023-06-19 16:40:20,495 - AUGCON - INFO - 	Validation Loss: 1.1143, Acc(1): 62.00, Acc(5): 99.00, F1: 0.17, Recall: 0.17, Precision: 0.17
2023-06-19 16:40:20,495 - AUGCON - INFO - Epoch [6/50]-(0/22) Loss: 1.4418, Acc(1): 25.00, Acc(5): 100.00
2023-06-19 16:40:20,495 - AUGCON - INFO - Epoch [6/50]-(5/22) Loss: 0.6596, Acc(1): 100.00, Acc(5): 100.00
2023-06-19 16:40:20,495 - AUGCON - INFO - Epoch [6/50]-(10/22) Loss: 1.4185, Acc(1): 50.00, Acc(5): 100.00
2023-06-19 16:40:20,495 - AUGCON - INFO - Epoch [6/50]-(15/22) Loss: 1.4143, Acc(1): 75.00, Acc(5): 100.00
2023-06-19 16:40:20,495 - AUGCON - INFO - Epoch [6/50]-(20/22) Loss: 1.2081, Acc(1): 50.00, Acc(5): 100.00
2023-06-19 16:40:20,495 - AUGCON - INFO - 	Validation Loss: 1.0762, Acc(1): 66.00, Acc(5): 100.00, F1: 0.18, Recall: 0.19, Precision: 0.18
2023-06-19 16:40:20,495 - AUGCON - INFO - Epoch [7/50]-(0/22) Loss: 1.5231, Acc(1): 75.00, Acc(5): 100.00
2023-06-19 16:40:20,495 - AUGCON - INFO - Epoch [7/50]-(5/22) Loss: 0.5110, Acc(1): 100.00, Acc(5): 100.00
2023-06-19 16:40:20,495 - AUGCON - INFO - Epoch [7/50]-(10/22) Loss: 0.7493, Acc(1): 75.00, Acc(5): 100.00
2023-06-19 16:40:20,495 - AUGCON - INFO - Epoch [7/50]-(15/22) Loss: 0.8657, Acc(1): 50.00, Acc(5): 100.00
2023-06-19 16:40:20,495 - AUGCON - INFO - Epoch [7/50]-(20/22) Loss: 0.8866, Acc(1): 75.00, Acc(5): 100.00
2023-06-19 16:40:20,495 - AUGCON - INFO - 	Validation Loss: 1.0150, Acc(1): 67.00, Acc(5): 100.00, F1: 0.16, Recall: 0.19, Precision: 0.14
2023-06-19 16:40:20,495 - AUGCON - INFO - Epoch [8/50]-(0/22) Loss: 1.2251, Acc(1): 50.00, Acc(5): 100.00
2023-06-19 16:40:20,496 - AUGCON - INFO - Epoch [8/50]-(5/22) Loss: 0.9004, Acc(1): 75.00, Acc(5): 100.00
2023-06-19 16:40:20,496 - AUGCON - INFO - Epoch [8/50]-(10/22) Loss: 1.0521, Acc(1): 50.00, Acc(5): 100.00
2023-06-19 16:40:20,496 - AUGCON - INFO - Epoch [8/50]-(15/22) Loss: 0.2443, Acc(1): 100.00, Acc(5): 100.00
2023-06-19 16:40:20,496 - AUGCON - INFO - Epoch [8/50]-(20/22) Loss: 0.9940, Acc(1): 50.00, Acc(5): 100.00
2023-06-19 16:40:20,496 - AUGCON - INFO - 	Validation Loss: 0.9741, Acc(1): 62.00, Acc(5): 100.00, F1: 0.18, Recall: 0.17, Precision: 0.20
2023-06-19 16:40:20,496 - AUGCON - INFO - Epoch [9/50]-(0/22) Loss: 0.1757, Acc(1): 100.00, Acc(5): 100.00
2023-06-19 16:40:20,496 - AUGCON - INFO - Epoch [9/50]-(5/22) Loss: 1.6629, Acc(1): 0.00, Acc(5): 100.00
2023-06-19 16:40:20,496 - AUGCON - INFO - Epoch [9/50]-(10/22) Loss: 1.0721, Acc(1): 50.00, Acc(5): 100.00
2023-06-19 16:40:20,496 - AUGCON - INFO - Epoch [9/50]-(15/22) Loss: 1.0409, Acc(1): 50.00, Acc(5): 100.00
2023-06-19 16:40:20,496 - AUGCON - INFO - Epoch [9/50]-(20/22) Loss: 0.7764, Acc(1): 100.00, Acc(5): 100.00
2023-06-19 16:40:20,496 - AUGCON - INFO - 	Validation Loss: 0.9765, Acc(1): 64.00, Acc(5): 100.00, F1: 0.16, Recall: 0.18, Precision: 0.15
2023-06-19 16:40:20,496 - AUGCON - INFO - Epoch [10/50]-(0/22) Loss: 0.7143, Acc(1): 100.00, Acc(5): 100.00
2023-06-19 16:40:20,496 - AUGCON - INFO - Epoch [10/50]-(5/22) Loss: 1.2487, Acc(1): 100.00, Acc(5): 100.00
2023-06-19 16:40:20,496 - AUGCON - INFO - Epoch [10/50]-(10/22) Loss: 1.3417, Acc(1): 50.00, Acc(5): 100.00
2023-06-19 16:40:20,496 - AUGCON - INFO - Epoch [10/50]-(15/22) Loss: 0.5464, Acc(1): 75.00, Acc(5): 100.00
2023-06-19 16:40:20,497 - AUGCON - INFO - Epoch [10/50]-(20/22) Loss: 0.9075, Acc(1): 50.00, Acc(5): 100.00
2023-06-19 16:40:20,497 - AUGCON - INFO - 	Validation Loss: 0.9237, Acc(1): 72.00, Acc(5): 100.00, F1: 0.19, Recall: 0.18, Precision: 0.21
2023-06-19 16:40:20,497 - AUGCON - INFO - Epoch [11/50]-(0/22) Loss: 1.1627, Acc(1): 75.00, Acc(5): 100.00
2023-06-19 16:40:20,497 - AUGCON - INFO - Epoch [11/50]-(5/22) Loss: 0.8471, Acc(1): 100.00, Acc(5): 100.00
2023-06-19 16:40:20,497 - AUGCON - INFO - Epoch [11/50]-(10/22) Loss: 0.8335, Acc(1): 75.00, Acc(5): 100.00
2023-06-19 16:40:20,497 - AUGCON - INFO - Epoch [11/50]-(15/22) Loss: 0.8347, Acc(1): 100.00, Acc(5): 100.00
2023-06-19 16:40:20,497 - AUGCON - INFO - Epoch [11/50]-(20/22) Loss: 0.3852, Acc(1): 100.00, Acc(5): 100.00
2023-06-19 16:40:20,497 - AUGCON - INFO - 	Validation Loss: 0.9314, Acc(1): 69.00, Acc(5): 100.00, F1: 0.17, Recall: 0.19, Precision: 0.14
2023-06-19 16:40:20,497 - AUGCON - INFO - Epoch [12/50]-(0/22) Loss: 0.6704, Acc(1): 100.00, Acc(5): 100.00
2023-06-19 16:40:20,497 - AUGCON - INFO - Epoch [12/50]-(5/22) Loss: 1.0083, Acc(1): 50.00, Acc(5): 100.00
2023-06-19 16:40:20,497 - AUGCON - INFO - Epoch [12/50]-(10/22) Loss: 0.9317, Acc(1): 50.00, Acc(5): 100.00
2023-06-19 16:40:20,497 - AUGCON - INFO - Epoch [12/50]-(15/22) Loss: 0.4587, Acc(1): 100.00, Acc(5): 100.00
2023-06-19 16:40:20,497 - AUGCON - INFO - Epoch [12/50]-(20/22) Loss: 0.5245, Acc(1): 75.00, Acc(5): 100.00
2023-06-19 16:40:20,497 - AUGCON - INFO - 	Validation Loss: 0.8935, Acc(1): 75.00, Acc(5): 100.00, F1: 0.20, Recall: 0.18, Precision: 0.23
2023-06-19 16:40:20,497 - AUGCON - INFO - Epoch [13/50]-(0/22) Loss: 1.1098, Acc(1): 50.00, Acc(5): 100.00
2023-06-19 16:40:20,498 - AUGCON - INFO - Epoch [13/50]-(5/22) Loss: 0.2018, Acc(1): 100.00, Acc(5): 100.00
2023-06-19 16:40:20,498 - AUGCON - INFO - Epoch [13/50]-(10/22) Loss: 0.4289, Acc(1): 100.00, Acc(5): 100.00
2023-06-19 16:40:20,498 - AUGCON - INFO - Epoch [13/50]-(15/22) Loss: 0.8681, Acc(1): 50.00, Acc(5): 100.00
2023-06-19 16:40:20,498 - AUGCON - INFO - Epoch [13/50]-(20/22) Loss: 0.8195, Acc(1): 75.00, Acc(5): 100.00
2023-06-19 16:40:20,498 - AUGCON - INFO - 	Validation Loss: 0.9036, Acc(1): 68.00, Acc(5): 100.00, F1: 0.17, Recall: 0.19, Precision: 0.16
2023-06-19 16:40:20,498 - AUGCON - INFO - Epoch [14/50]-(0/22) Loss: 0.5362, Acc(1): 75.00, Acc(5): 100.00
2023-06-19 16:40:20,498 - AUGCON - INFO - Epoch [14/50]-(5/22) Loss: 1.2235, Acc(1): 50.00, Acc(5): 100.00
2023-06-19 16:40:20,498 - AUGCON - INFO - Epoch [14/50]-(10/22) Loss: 0.7365, Acc(1): 75.00, Acc(5): 100.00
2023-06-19 16:40:20,498 - AUGCON - INFO - Epoch [14/50]-(15/22) Loss: 0.0566, Acc(1): 100.00, Acc(5): 100.00
2023-06-19 16:40:20,498 - AUGCON - INFO - Epoch [14/50]-(20/22) Loss: 0.3277, Acc(1): 100.00, Acc(5): 100.00
2023-06-19 16:40:20,498 - AUGCON - INFO - 	Validation Loss: 0.8607, Acc(1): 78.00, Acc(5): 100.00, F1: 0.20, Recall: 0.20, Precision: 0.19
2023-06-19 16:40:20,498 - AUGCON - INFO - Epoch [15/50]-(0/22) Loss: 0.6913, Acc(1): 75.00, Acc(5): 100.00
2023-06-19 16:40:20,498 - AUGCON - INFO - Epoch [15/50]-(5/22) Loss: 0.4960, Acc(1): 100.00, Acc(5): 100.00
2023-06-19 16:40:20,498 - AUGCON - INFO - Epoch [15/50]-(10/22) Loss: 0.3424, Acc(1): 100.00, Acc(5): 100.00
2023-06-19 16:40:20,498 - AUGCON - INFO - Epoch [15/50]-(15/22) Loss: 1.0916, Acc(1): 50.00, Acc(5): 100.00
2023-06-19 16:40:20,498 - AUGCON - INFO - Epoch [15/50]-(20/22) Loss: 0.6944, Acc(1): 75.00, Acc(5): 100.00
2023-06-19 16:40:20,499 - AUGCON - INFO - 	Validation Loss: 0.8379, Acc(1): 74.00, Acc(5): 100.00, F1: 0.18, Recall: 0.21, Precision: 0.15
2023-06-19 16:40:20,499 - AUGCON - INFO - Epoch [16/50]-(0/22) Loss: 0.6809, Acc(1): 75.00, Acc(5): 100.00
2023-06-19 16:40:20,499 - AUGCON - INFO - Epoch [16/50]-(5/22) Loss: 0.2904, Acc(1): 100.00, Acc(5): 100.00
2023-06-19 16:40:20,499 - AUGCON - INFO - Epoch [16/50]-(10/22) Loss: 0.9186, Acc(1): 75.00, Acc(5): 100.00
2023-06-19 16:40:20,499 - AUGCON - INFO - Epoch [16/50]-(15/22) Loss: 0.4041, Acc(1): 100.00, Acc(5): 100.00
2023-06-19 16:40:20,499 - AUGCON - INFO - Epoch [16/50]-(20/22) Loss: 1.3096, Acc(1): 25.00, Acc(5): 100.00
2023-06-19 16:40:20,499 - AUGCON - INFO - 	Validation Loss: 0.8741, Acc(1): 68.00, Acc(5): 100.00, F1: 0.17, Recall: 0.17, Precision: 0.17
2023-06-19 16:40:20,499 - AUGCON - INFO - Epoch [17/50]-(0/22) Loss: 0.6851, Acc(1): 100.00, Acc(5): 100.00
2023-06-19 16:40:20,499 - AUGCON - INFO - Epoch [17/50]-(5/22) Loss: 0.6548, Acc(1): 75.00, Acc(5): 100.00
2023-06-19 16:40:20,499 - AUGCON - INFO - Epoch [17/50]-(10/22) Loss: 0.9995, Acc(1): 100.00, Acc(5): 100.00
2023-06-19 16:40:20,499 - AUGCON - INFO - Epoch [17/50]-(15/22) Loss: 0.7198, Acc(1): 100.00, Acc(5): 100.00
2023-06-19 16:40:20,499 - AUGCON - INFO - Epoch [17/50]-(20/22) Loss: 0.4985, Acc(1): 100.00, Acc(5): 100.00
2023-06-19 16:40:20,499 - AUGCON - INFO - 	Validation Loss: 0.8356, Acc(1): 71.00, Acc(5): 100.00, F1: 0.19, Recall: 0.19, Precision: 0.18
2023-06-19 16:40:20,499 - AUGCON - INFO - Epoch [18/50]-(0/22) Loss: 0.7776, Acc(1): 75.00, Acc(5): 100.00
2023-06-19 16:40:20,499 - AUGCON - INFO - Epoch [18/50]-(5/22) Loss: 0.6372, Acc(1): 75.00, Acc(5): 100.00
2023-06-19 16:40:20,500 - AUGCON - INFO - Epoch [18/50]-(10/22) Loss: 1.1885, Acc(1): 75.00, Acc(5): 100.00
2023-06-19 16:40:20,500 - AUGCON - INFO - Epoch [18/50]-(15/22) Loss: 0.7517, Acc(1): 75.00, Acc(5): 100.00
2023-06-19 16:40:20,500 - AUGCON - INFO - Epoch [18/50]-(20/22) Loss: 0.9261, Acc(1): 100.00, Acc(5): 100.00
2023-06-19 16:40:20,500 - AUGCON - INFO - 	Validation Loss: 0.7970, Acc(1): 75.00, Acc(5): 100.00, F1: 0.19, Recall: 0.19, Precision: 0.20
2023-06-19 16:40:20,500 - AUGCON - INFO - Epoch [19/50]-(0/22) Loss: 0.9152, Acc(1): 75.00, Acc(5): 100.00
2023-06-19 16:40:20,500 - AUGCON - INFO - Epoch [19/50]-(5/22) Loss: 0.7961, Acc(1): 75.00, Acc(5): 100.00
2023-06-19 16:40:20,500 - AUGCON - INFO - Epoch [19/50]-(10/22) Loss: 1.0887, Acc(1): 50.00, Acc(5): 100.00
2023-06-19 16:40:20,500 - AUGCON - INFO - Epoch [19/50]-(15/22) Loss: 0.5165, Acc(1): 75.00, Acc(5): 100.00
2023-06-19 16:40:20,500 - AUGCON - INFO - Epoch [19/50]-(20/22) Loss: 0.8490, Acc(1): 50.00, Acc(5): 100.00
2023-06-19 16:40:20,500 - AUGCON - INFO - 	Validation Loss: 0.8047, Acc(1): 73.00, Acc(5): 100.00, F1: 0.18, Recall: 0.21, Precision: 0.16
2023-06-19 16:40:20,500 - AUGCON - INFO - Epoch [20/50]-(0/22) Loss: 0.2592, Acc(1): 100.00, Acc(5): 100.00
2023-06-19 16:40:20,500 - AUGCON - INFO - Epoch [20/50]-(5/22) Loss: 0.8135, Acc(1): 75.00, Acc(5): 100.00
2023-06-19 16:40:20,500 - AUGCON - INFO - Epoch [20/50]-(10/22) Loss: 0.9472, Acc(1): 75.00, Acc(5): 100.00
2023-06-19 16:40:20,500 - AUGCON - INFO - Epoch [20/50]-(15/22) Loss: 0.7348, Acc(1): 75.00, Acc(5): 100.00
2023-06-19 16:40:20,500 - AUGCON - INFO - Epoch [20/50]-(20/22) Loss: 0.6734, Acc(1): 75.00, Acc(5): 100.00
2023-06-19 16:40:20,501 - AUGCON - INFO - 	Validation Loss: 0.7745, Acc(1): 79.00, Acc(5): 100.00, F1: 0.20, Recall: 0.20, Precision: 0.20
2023-06-19 16:40:20,501 - AUGCON - INFO - Epoch [21/50]-(0/22) Loss: 0.6326, Acc(1): 75.00, Acc(5): 100.00
2023-06-19 16:40:20,501 - AUGCON - INFO - Epoch [21/50]-(5/22) Loss: 1.0775, Acc(1): 100.00, Acc(5): 100.00
2023-06-19 16:40:20,501 - AUGCON - INFO - Epoch [21/50]-(10/22) Loss: 0.8272, Acc(1): 75.00, Acc(5): 100.00
2023-06-19 16:40:20,501 - AUGCON - INFO - Epoch [21/50]-(15/22) Loss: 0.0624, Acc(1): 100.00, Acc(5): 100.00
2023-06-19 16:40:20,501 - AUGCON - INFO - Epoch [21/50]-(20/22) Loss: 0.2404, Acc(1): 100.00, Acc(5): 100.00
2023-06-19 16:40:20,501 - AUGCON - INFO - 	Validation Loss: 0.7883, Acc(1): 76.00, Acc(5): 100.00, F1: 0.19, Recall: 0.21, Precision: 0.17
2023-06-19 16:40:20,501 - AUGCON - INFO - Epoch [22/50]-(0/22) Loss: 0.8912, Acc(1): 100.00, Acc(5): 100.00
2023-06-19 16:40:20,501 - AUGCON - INFO - Epoch [22/50]-(5/22) Loss: 0.8475, Acc(1): 75.00, Acc(5): 100.00
2023-06-19 16:40:20,501 - AUGCON - INFO - Epoch [22/50]-(10/22) Loss: 1.1699, Acc(1): 75.00, Acc(5): 100.00
2023-06-19 16:40:20,501 - AUGCON - INFO - Epoch [22/50]-(15/22) Loss: 0.9615, Acc(1): 75.00, Acc(5): 100.00
2023-06-19 16:40:20,501 - AUGCON - INFO - Epoch [22/50]-(20/22) Loss: 0.9612, Acc(1): 75.00, Acc(5): 100.00
2023-06-19 16:40:20,501 - AUGCON - INFO - 	Validation Loss: 0.8117, Acc(1): 74.00, Acc(5): 100.00, F1: 0.19, Recall: 0.19, Precision: 0.18
2023-06-19 16:40:20,501 - AUGCON - INFO - Epoch [23/50]-(0/22) Loss: 0.5002, Acc(1): 75.00, Acc(5): 100.00
2023-06-19 16:40:20,501 - AUGCON - INFO - Epoch [23/50]-(5/22) Loss: 0.4211, Acc(1): 75.00, Acc(5): 100.00
2023-06-19 16:40:20,501 - AUGCON - INFO - Epoch [23/50]-(10/22) Loss: 0.9802, Acc(1): 50.00, Acc(5): 100.00
2023-06-19 16:40:20,502 - AUGCON - INFO - Epoch [23/50]-(15/22) Loss: 0.9942, Acc(1): 50.00, Acc(5): 100.00
2023-06-19 16:40:20,502 - AUGCON - INFO - Epoch [23/50]-(20/22) Loss: 0.8047, Acc(1): 75.00, Acc(5): 100.00
2023-06-19 16:40:20,502 - AUGCON - INFO - 	Validation Loss: 0.8355, Acc(1): 70.00, Acc(5): 100.00, F1: 0.18, Recall: 0.20, Precision: 0.16
2023-06-19 16:40:20,502 - AUGCON - INFO - Epoch [24/50]-(0/22) Loss: 0.7963, Acc(1): 50.00, Acc(5): 100.00
2023-06-19 16:40:20,502 - AUGCON - INFO - Epoch [24/50]-(5/22) Loss: 0.6785, Acc(1): 75.00, Acc(5): 100.00
2023-06-19 16:40:20,502 - AUGCON - INFO - Epoch [24/50]-(10/22) Loss: 0.5673, Acc(1): 75.00, Acc(5): 100.00
2023-06-19 16:40:20,502 - AUGCON - INFO - Epoch [24/50]-(15/22) Loss: 0.5463, Acc(1): 75.00, Acc(5): 100.00
2023-06-19 16:40:20,502 - AUGCON - INFO - Epoch [24/50]-(20/22) Loss: 1.4409, Acc(1): 25.00, Acc(5): 100.00
2023-06-19 16:40:20,502 - AUGCON - INFO - 	Validation Loss: 0.7899, Acc(1): 70.00, Acc(5): 100.00, F1: 0.19, Recall: 0.19, Precision: 0.19
2023-06-19 16:40:20,502 - AUGCON - INFO - Epoch [25/50]-(0/22) Loss: 0.7672, Acc(1): 75.00, Acc(5): 100.00
2023-06-19 16:40:20,502 - AUGCON - INFO - Epoch [25/50]-(5/22) Loss: 1.0088, Acc(1): 75.00, Acc(5): 100.00
2023-06-19 16:40:20,502 - AUGCON - INFO - Epoch [25/50]-(10/22) Loss: 0.2863, Acc(1): 100.00, Acc(5): 100.00
2023-06-19 16:40:20,502 - AUGCON - INFO - Epoch [25/50]-(15/22) Loss: 0.8499, Acc(1): 50.00, Acc(5): 100.00
2023-06-19 16:40:20,502 - AUGCON - INFO - Epoch [25/50]-(20/22) Loss: 0.6928, Acc(1): 75.00, Acc(5): 100.00
2023-06-19 16:40:20,502 - AUGCON - INFO - 	Validation Loss: 0.7789, Acc(1): 71.00, Acc(5): 100.00, F1: 0.16, Recall: 0.18, Precision: 0.14
2023-06-19 16:40:20,503 - AUGCON - INFO - Epoch [26/50]-(0/22) Loss: 0.7978, Acc(1): 50.00, Acc(5): 100.00
2023-06-19 16:40:20,503 - AUGCON - INFO - Epoch [26/50]-(5/22) Loss: 0.2683, Acc(1): 100.00, Acc(5): 100.00
2023-06-19 16:40:20,503 - AUGCON - INFO - Epoch [26/50]-(10/22) Loss: 1.0436, Acc(1): 25.00, Acc(5): 100.00
2023-06-19 16:40:20,503 - AUGCON - INFO - Epoch [26/50]-(15/22) Loss: 0.0224, Acc(1): 100.00, Acc(5): 100.00
2023-06-19 16:40:20,503 - AUGCON - INFO - Epoch [26/50]-(20/22) Loss: 1.1856, Acc(1): 50.00, Acc(5): 100.00
2023-06-19 16:40:20,503 - AUGCON - INFO - 	Validation Loss: 0.7480, Acc(1): 76.00, Acc(5): 100.00, F1: 0.19, Recall: 0.19, Precision: 0.19
2023-06-19 16:40:20,503 - AUGCON - INFO - Epoch [27/50]-(0/22) Loss: 0.7787, Acc(1): 75.00, Acc(5): 100.00
2023-06-19 16:40:20,503 - AUGCON - INFO - Epoch [27/50]-(5/22) Loss: 0.8234, Acc(1): 75.00, Acc(5): 100.00
2023-06-19 16:40:20,503 - AUGCON - INFO - Epoch [27/50]-(10/22) Loss: 0.3097, Acc(1): 100.00, Acc(5): 100.00
2023-06-19 16:40:20,503 - AUGCON - INFO - Epoch [27/50]-(15/22) Loss: 0.1589, Acc(1): 100.00, Acc(5): 100.00
2023-06-19 16:40:20,503 - AUGCON - INFO - Epoch [27/50]-(20/22) Loss: 0.8479, Acc(1): 50.00, Acc(5): 100.00
2023-06-19 16:40:20,503 - AUGCON - INFO - 	Validation Loss: 0.7265, Acc(1): 77.00, Acc(5): 100.00, F1: 0.20, Recall: 0.19, Precision: 0.21
2023-06-19 16:40:20,503 - AUGCON - INFO - Epoch [28/50]-(0/22) Loss: 0.3558, Acc(1): 75.00, Acc(5): 100.00
2023-06-19 16:40:20,503 - AUGCON - INFO - Epoch [28/50]-(5/22) Loss: 0.5559, Acc(1): 100.00, Acc(5): 100.00
2023-06-19 16:40:20,503 - AUGCON - INFO - Epoch [28/50]-(10/22) Loss: 0.7342, Acc(1): 100.00, Acc(5): 100.00
2023-06-19 16:40:20,503 - AUGCON - INFO - Epoch [28/50]-(15/22) Loss: 0.2941, Acc(1): 100.00, Acc(5): 100.00
2023-06-19 16:40:20,504 - AUGCON - INFO - Epoch [28/50]-(20/22) Loss: 0.6208, Acc(1): 75.00, Acc(5): 100.00
2023-06-19 16:40:20,504 - AUGCON - INFO - 	Validation Loss: 0.7571, Acc(1): 75.00, Acc(5): 100.00, F1: 0.20, Recall: 0.20, Precision: 0.19
2023-06-19 16:40:20,504 - AUGCON - INFO - Epoch [29/50]-(0/22) Loss: 0.1895, Acc(1): 100.00, Acc(5): 100.00
2023-06-19 16:40:20,504 - AUGCON - INFO - Epoch [29/50]-(5/22) Loss: 0.9635, Acc(1): 75.00, Acc(5): 100.00
2023-06-19 16:40:20,504 - AUGCON - INFO - Epoch [29/50]-(10/22) Loss: 0.0980, Acc(1): 100.00, Acc(5): 100.00
2023-06-19 16:40:20,504 - AUGCON - INFO - Epoch [29/50]-(15/22) Loss: 0.5803, Acc(1): 75.00, Acc(5): 100.00
2023-06-19 16:40:20,504 - AUGCON - INFO - Epoch [29/50]-(20/22) Loss: 0.7821, Acc(1): 75.00, Acc(5): 100.00
2023-06-19 16:40:20,504 - AUGCON - INFO - 	Validation Loss: 0.7243, Acc(1): 74.00, Acc(5): 100.00, F1: 0.17, Recall: 0.19, Precision: 0.16
2023-06-19 16:40:20,504 - AUGCON - INFO - Epoch [30/50]-(0/22) Loss: 0.6172, Acc(1): 100.00, Acc(5): 100.00
2023-06-19 16:40:20,504 - AUGCON - INFO - Epoch [30/50]-(5/22) Loss: 0.6610, Acc(1): 100.00, Acc(5): 100.00
2023-06-19 16:40:20,504 - AUGCON - INFO - Epoch [30/50]-(10/22) Loss: 0.7316, Acc(1): 100.00, Acc(5): 100.00
2023-06-19 16:40:20,504 - AUGCON - INFO - Epoch [30/50]-(15/22) Loss: 1.1720, Acc(1): 75.00, Acc(5): 100.00
2023-06-19 16:40:20,504 - AUGCON - INFO - Epoch [30/50]-(20/22) Loss: 0.8624, Acc(1): 50.00, Acc(5): 100.00
2023-06-19 16:40:20,504 - AUGCON - INFO - 	Validation Loss: 0.7466, Acc(1): 74.00, Acc(5): 100.00, F1: 0.19, Recall: 0.19, Precision: 0.19
2023-06-19 16:40:20,505 - AUGCON - INFO - Epoch [31/50]-(0/22) Loss: 0.9542, Acc(1): 50.00, Acc(5): 100.00
2023-06-19 16:40:20,505 - AUGCON - INFO - Epoch [31/50]-(5/22) Loss: 0.3868, Acc(1): 75.00, Acc(5): 100.00
2023-06-19 16:40:20,505 - AUGCON - INFO - Epoch [31/50]-(10/22) Loss: 0.4679, Acc(1): 75.00, Acc(5): 100.00
2023-06-19 16:40:20,505 - AUGCON - INFO - Epoch [31/50]-(15/22) Loss: 0.4076, Acc(1): 75.00, Acc(5): 100.00
2023-06-19 16:40:20,505 - AUGCON - INFO - Epoch [31/50]-(20/22) Loss: 0.6604, Acc(1): 75.00, Acc(5): 100.00
2023-06-19 16:40:20,505 - AUGCON - INFO - 	Validation Loss: 0.6748, Acc(1): 83.00, Acc(5): 100.00, F1: 0.20, Recall: 0.19, Precision: 0.21
2023-06-19 16:40:20,505 - AUGCON - INFO - Epoch [32/50]-(0/22) Loss: 0.5069, Acc(1): 100.00, Acc(5): 100.00
2023-06-19 16:40:20,505 - AUGCON - INFO - Epoch [32/50]-(5/22) Loss: 1.0299, Acc(1): 50.00, Acc(5): 100.00
2023-06-19 16:40:20,505 - AUGCON - INFO - Epoch [32/50]-(10/22) Loss: 0.0665, Acc(1): 100.00, Acc(5): 100.00
2023-06-19 16:40:20,505 - AUGCON - INFO - Epoch [32/50]-(15/22) Loss: 0.4369, Acc(1): 100.00, Acc(5): 100.00
2023-06-19 16:40:20,505 - AUGCON - INFO - Epoch [32/50]-(20/22) Loss: 0.4786, Acc(1): 100.00, Acc(5): 100.00
2023-06-19 16:40:20,505 - AUGCON - INFO - 	Validation Loss: 0.7007, Acc(1): 78.00, Acc(5): 100.00, F1: 0.19, Recall: 0.20, Precision: 0.19
2023-06-19 16:40:20,505 - AUGCON - INFO - Epoch [33/50]-(0/22) Loss: 0.6087, Acc(1): 100.00, Acc(5): 100.00
2023-06-19 16:40:20,505 - AUGCON - INFO - Epoch [33/50]-(5/22) Loss: 0.7485, Acc(1): 75.00, Acc(5): 100.00
2023-06-19 16:40:20,505 - AUGCON - INFO - Epoch [33/50]-(10/22) Loss: 0.8109, Acc(1): 50.00, Acc(5): 100.00
2023-06-19 16:40:20,506 - AUGCON - INFO - Epoch [33/50]-(15/22) Loss: 0.8979, Acc(1): 50.00, Acc(5): 100.00
2023-06-19 16:40:20,506 - AUGCON - INFO - Epoch [33/50]-(20/22) Loss: 0.5018, Acc(1): 100.00, Acc(5): 100.00
2023-06-19 16:40:20,506 - AUGCON - INFO - 	Validation Loss: 0.6906, Acc(1): 74.00, Acc(5): 100.00, F1: 0.17, Recall: 0.20, Precision: 0.15
2023-06-19 16:40:20,506 - AUGCON - INFO - Epoch [34/50]-(0/22) Loss: 0.0570, Acc(1): 100.00, Acc(5): 100.00
2023-06-19 16:40:20,506 - AUGCON - INFO - Epoch [34/50]-(5/22) Loss: 0.4654, Acc(1): 100.00, Acc(5): 100.00
2023-06-19 16:40:20,506 - AUGCON - INFO - Epoch [34/50]-(10/22) Loss: 0.2406, Acc(1): 100.00, Acc(5): 100.00
2023-06-19 16:40:20,506 - AUGCON - INFO - Epoch [34/50]-(15/22) Loss: 0.6241, Acc(1): 75.00, Acc(5): 100.00
2023-06-19 16:40:20,506 - AUGCON - INFO - Epoch [34/50]-(20/22) Loss: 1.0559, Acc(1): 75.00, Acc(5): 100.00
2023-06-19 16:40:20,506 - AUGCON - INFO - 	Validation Loss: 0.7161, Acc(1): 75.00, Acc(5): 100.00, F1: 0.18, Recall: 0.20, Precision: 0.17
2023-06-19 16:40:20,506 - AUGCON - INFO - Epoch [35/50]-(0/22) Loss: 0.7091, Acc(1): 100.00, Acc(5): 100.00
2023-06-19 16:40:20,506 - AUGCON - INFO - Epoch [35/50]-(5/22) Loss: 1.1411, Acc(1): 50.00, Acc(5): 100.00
2023-06-19 16:40:20,506 - AUGCON - INFO - Epoch [35/50]-(10/22) Loss: 0.2823, Acc(1): 100.00, Acc(5): 100.00
2023-06-19 16:40:20,506 - AUGCON - INFO - Epoch [35/50]-(15/22) Loss: 0.9744, Acc(1): 50.00, Acc(5): 100.00
2023-06-19 16:40:20,506 - AUGCON - INFO - Epoch [35/50]-(20/22) Loss: 0.6976, Acc(1): 75.00, Acc(5): 100.00
2023-06-19 16:40:20,506 - AUGCON - INFO - 	Validation Loss: 0.6932, Acc(1): 75.00, Acc(5): 100.00, F1: 0.17, Recall: 0.19, Precision: 0.16
2023-06-19 16:40:20,507 - AUGCON - INFO - Epoch [36/50]-(0/22) Loss: 0.8078, Acc(1): 75.00, Acc(5): 100.00
2023-06-19 16:40:20,507 - AUGCON - INFO - Epoch [36/50]-(5/22) Loss: 0.6905, Acc(1): 75.00, Acc(5): 100.00
2023-06-19 16:40:20,507 - AUGCON - INFO - Epoch [36/50]-(10/22) Loss: 0.8201, Acc(1): 75.00, Acc(5): 100.00
2023-06-19 16:40:20,507 - AUGCON - INFO - Epoch [36/50]-(15/22) Loss: 0.7014, Acc(1): 75.00, Acc(5): 100.00
2023-06-19 16:40:20,507 - AUGCON - INFO - Epoch [36/50]-(20/22) Loss: 1.0118, Acc(1): 75.00, Acc(5): 100.00
2023-06-19 16:40:20,507 - AUGCON - INFO - 	Validation Loss: 0.6913, Acc(1): 75.00, Acc(5): 100.00, F1: 0.18, Recall: 0.20, Precision: 0.17
2023-06-19 16:40:20,507 - AUGCON - INFO - Epoch [37/50]-(0/22) Loss: 0.0325, Acc(1): 100.00, Acc(5): 100.00
2023-06-19 16:40:20,507 - AUGCON - INFO - Epoch [37/50]-(5/22) Loss: 0.7723, Acc(1): 75.00, Acc(5): 100.00
2023-06-19 16:40:20,507 - AUGCON - INFO - Epoch [37/50]-(10/22) Loss: 0.5439, Acc(1): 75.00, Acc(5): 100.00
2023-06-19 16:40:20,507 - AUGCON - INFO - Epoch [37/50]-(15/22) Loss: 0.2812, Acc(1): 100.00, Acc(5): 100.00
2023-06-19 16:40:20,507 - AUGCON - INFO - Epoch [37/50]-(20/22) Loss: 1.2821, Acc(1): 50.00, Acc(5): 100.00
2023-06-19 16:40:20,507 - AUGCON - INFO - 	Validation Loss: 0.6950, Acc(1): 76.00, Acc(5): 100.00, F1: 0.20, Recall: 0.19, Precision: 0.21
2023-06-19 16:40:20,507 - AUGCON - INFO - Epoch [38/50]-(0/22) Loss: 0.6748, Acc(1): 75.00, Acc(5): 100.00
2023-06-19 16:40:20,507 - AUGCON - INFO - Epoch [38/50]-(5/22) Loss: 0.3920, Acc(1): 100.00, Acc(5): 100.00
2023-06-19 16:40:20,507 - AUGCON - INFO - Epoch [38/50]-(10/22) Loss: 0.6365, Acc(1): 75.00, Acc(5): 100.00
2023-06-19 16:40:20,507 - AUGCON - INFO - Epoch [38/50]-(15/22) Loss: 0.6139, Acc(1): 75.00, Acc(5): 100.00
2023-06-19 16:40:20,508 - AUGCON - INFO - Epoch [38/50]-(20/22) Loss: 0.4749, Acc(1): 100.00, Acc(5): 100.00
2023-06-19 16:40:20,508 - AUGCON - INFO - 	Validation Loss: 0.6638, Acc(1): 79.00, Acc(5): 100.00, F1: 0.19, Recall: 0.21, Precision: 0.17
2023-06-19 16:40:20,508 - AUGCON - INFO - Epoch [39/50]-(0/22) Loss: 0.4728, Acc(1): 100.00, Acc(5): 100.00
2023-06-19 16:40:20,508 - AUGCON - INFO - Epoch [39/50]-(5/22) Loss: 0.6355, Acc(1): 75.00, Acc(5): 100.00
2023-06-19 16:40:20,508 - AUGCON - INFO - Epoch [39/50]-(10/22) Loss: 0.5505, Acc(1): 75.00, Acc(5): 100.00
2023-06-19 16:40:20,508 - AUGCON - INFO - Epoch [39/50]-(15/22) Loss: 0.2948, Acc(1): 75.00, Acc(5): 100.00
2023-06-19 16:40:20,508 - AUGCON - INFO - Epoch [39/50]-(20/22) Loss: 0.7804, Acc(1): 50.00, Acc(5): 100.00
2023-06-19 16:40:20,508 - AUGCON - INFO - 	Validation Loss: 0.6787, Acc(1): 82.00, Acc(5): 100.00, F1: 0.19, Recall: 0.19, Precision: 0.20
2023-06-19 16:40:20,508 - AUGCON - INFO - Epoch [40/50]-(0/22) Loss: 0.5988, Acc(1): 75.00, Acc(5): 100.00
2023-06-19 16:40:20,508 - AUGCON - INFO - Epoch [40/50]-(5/22) Loss: 0.8483, Acc(1): 75.00, Acc(5): 100.00
2023-06-19 16:40:20,508 - AUGCON - INFO - Epoch [40/50]-(10/22) Loss: 0.7435, Acc(1): 75.00, Acc(5): 100.00
2023-06-19 16:40:20,508 - AUGCON - INFO - Epoch [40/50]-(15/22) Loss: 0.5455, Acc(1): 100.00, Acc(5): 100.00
2023-06-19 16:40:20,508 - AUGCON - INFO - Epoch [40/50]-(20/22) Loss: 0.3063, Acc(1): 100.00, Acc(5): 100.00
2023-06-19 16:40:20,508 - AUGCON - INFO - 	Validation Loss: 0.6910, Acc(1): 73.00, Acc(5): 100.00, F1: 0.18, Recall: 0.20, Precision: 0.16
2023-06-19 16:40:20,508 - AUGCON - INFO - Epoch [41/50]-(0/22) Loss: 1.0383, Acc(1): 50.00, Acc(5): 100.00
2023-06-19 16:40:20,509 - AUGCON - INFO - Epoch [41/50]-(5/22) Loss: 0.5495, Acc(1): 75.00, Acc(5): 100.00
2023-06-19 16:40:20,509 - AUGCON - INFO - Epoch [41/50]-(10/22) Loss: 0.5274, Acc(1): 75.00, Acc(5): 100.00
2023-06-19 16:40:20,509 - AUGCON - INFO - Epoch [41/50]-(15/22) Loss: 0.2565, Acc(1): 100.00, Acc(5): 100.00
2023-06-19 16:40:20,509 - AUGCON - INFO - Epoch [41/50]-(20/22) Loss: 0.5034, Acc(1): 100.00, Acc(5): 100.00
2023-06-19 16:40:20,509 - AUGCON - INFO - 	Validation Loss: 0.6801, Acc(1): 71.00, Acc(5): 100.00, F1: 0.17, Recall: 0.20, Precision: 0.15
2023-06-19 16:40:20,509 - AUGCON - INFO - Epoch [42/50]-(0/22) Loss: 0.9541, Acc(1): 75.00, Acc(5): 100.00
2023-06-19 16:40:20,509 - AUGCON - INFO - Epoch [42/50]-(5/22) Loss: 0.7399, Acc(1): 75.00, Acc(5): 100.00
2023-06-19 16:40:20,509 - AUGCON - INFO - Epoch [42/50]-(10/22) Loss: 0.3417, Acc(1): 100.00, Acc(5): 100.00
2023-06-19 16:40:20,509 - AUGCON - INFO - Epoch [42/50]-(15/22) Loss: 0.1920, Acc(1): 100.00, Acc(5): 100.00
2023-06-19 16:40:20,509 - AUGCON - INFO - Epoch [42/50]-(20/22) Loss: 0.2167, Acc(1): 100.00, Acc(5): 100.00
2023-06-19 16:40:20,509 - AUGCON - INFO - 	Validation Loss: 0.6327, Acc(1): 78.00, Acc(5): 100.00, F1: 0.20, Recall: 0.19, Precision: 0.21
2023-06-19 16:40:20,509 - AUGCON - INFO - Epoch [43/50]-(0/22) Loss: 0.5578, Acc(1): 100.00, Acc(5): 100.00
2023-06-19 16:40:20,509 - AUGCON - INFO - Epoch [43/50]-(5/22) Loss: 0.2485, Acc(1): 75.00, Acc(5): 100.00
2023-06-19 16:40:20,509 - AUGCON - INFO - Epoch [43/50]-(10/22) Loss: 0.3969, Acc(1): 75.00, Acc(5): 100.00
2023-06-19 16:40:20,509 - AUGCON - INFO - Epoch [43/50]-(15/22) Loss: 0.9827, Acc(1): 50.00, Acc(5): 100.00
2023-06-19 16:40:20,510 - AUGCON - INFO - Epoch [43/50]-(20/22) Loss: 0.4279, Acc(1): 100.00, Acc(5): 100.00
2023-06-19 16:40:20,510 - AUGCON - INFO - 	Validation Loss: 0.6667, Acc(1): 80.00, Acc(5): 100.00, F1: 0.19, Recall: 0.19, Precision: 0.19
2023-06-19 16:40:20,510 - AUGCON - INFO - Epoch [44/50]-(0/22) Loss: 0.2596, Acc(1): 100.00, Acc(5): 100.00
2023-06-19 16:40:20,510 - AUGCON - INFO - Epoch [44/50]-(5/22) Loss: 0.0518, Acc(1): 100.00, Acc(5): 100.00
2023-06-19 16:40:20,510 - AUGCON - INFO - Epoch [44/50]-(10/22) Loss: 0.1497, Acc(1): 100.00, Acc(5): 100.00
2023-06-19 16:40:20,510 - AUGCON - INFO - Epoch [44/50]-(15/22) Loss: 0.5433, Acc(1): 75.00, Acc(5): 100.00
2023-06-19 16:40:20,510 - AUGCON - INFO - Epoch [44/50]-(20/22) Loss: 0.9505, Acc(1): 100.00, Acc(5): 100.00
2023-06-19 16:40:20,510 - AUGCON - INFO - 	Validation Loss: 0.6821, Acc(1): 78.00, Acc(5): 100.00, F1: 0.19, Recall: 0.20, Precision: 0.18
2023-06-19 16:40:20,510 - AUGCON - INFO - Epoch [45/50]-(0/22) Loss: 0.3435, Acc(1): 100.00, Acc(5): 100.00
2023-06-19 16:40:20,510 - AUGCON - INFO - Epoch [45/50]-(5/22) Loss: 0.9475, Acc(1): 50.00, Acc(5): 100.00
2023-06-19 16:40:20,510 - AUGCON - INFO - Epoch [45/50]-(10/22) Loss: 0.4186, Acc(1): 75.00, Acc(5): 100.00
2023-06-19 16:40:20,510 - AUGCON - INFO - Epoch [45/50]-(15/22) Loss: 0.5168, Acc(1): 75.00, Acc(5): 100.00
2023-06-19 16:40:20,510 - AUGCON - INFO - Epoch [45/50]-(20/22) Loss: 0.3017, Acc(1): 100.00, Acc(5): 100.00
2023-06-19 16:40:20,510 - AUGCON - INFO - 	Validation Loss: 0.6098, Acc(1): 81.00, Acc(5): 100.00, F1: 0.19, Recall: 0.20, Precision: 0.18
2023-06-19 16:40:20,510 - AUGCON - INFO - Epoch [46/50]-(0/22) Loss: 0.5333, Acc(1): 100.00, Acc(5): 100.00
2023-06-19 16:40:20,510 - AUGCON - INFO - Epoch [46/50]-(5/22) Loss: 0.1200, Acc(1): 100.00, Acc(5): 100.00
2023-06-19 16:40:20,511 - AUGCON - INFO - Epoch [46/50]-(10/22) Loss: 0.6317, Acc(1): 100.00, Acc(5): 100.00
2023-06-19 16:40:20,511 - AUGCON - INFO - Epoch [46/50]-(15/22) Loss: 0.7850, Acc(1): 75.00, Acc(5): 100.00
2023-06-19 16:40:20,511 - AUGCON - INFO - Epoch [46/50]-(20/22) Loss: 0.2669, Acc(1): 100.00, Acc(5): 100.00
2023-06-19 16:40:20,511 - AUGCON - INFO - 	Validation Loss: 0.6659, Acc(1): 73.00, Acc(5): 100.00, F1: 0.18, Recall: 0.19, Precision: 0.18
2023-06-19 16:40:20,511 - AUGCON - INFO - Epoch [47/50]-(0/22) Loss: 0.8564, Acc(1): 75.00, Acc(5): 100.00
2023-06-19 16:40:20,511 - AUGCON - INFO - Epoch [47/50]-(5/22) Loss: 0.4502, Acc(1): 100.00, Acc(5): 100.00
2023-06-19 16:40:20,511 - AUGCON - INFO - Epoch [47/50]-(10/22) Loss: 0.7465, Acc(1): 100.00, Acc(5): 100.00
2023-06-19 16:40:20,511 - AUGCON - INFO - Epoch [47/50]-(15/22) Loss: 0.4430, Acc(1): 100.00, Acc(5): 100.00
2023-06-19 16:40:20,511 - AUGCON - INFO - Epoch [47/50]-(20/22) Loss: 0.6632, Acc(1): 50.00, Acc(5): 100.00
2023-06-19 16:40:20,511 - AUGCON - INFO - 	Validation Loss: 0.6244, Acc(1): 80.00, Acc(5): 100.00, F1: 0.20, Recall: 0.19, Precision: 0.21
2023-06-19 16:40:20,511 - AUGCON - INFO - Epoch [48/50]-(0/22) Loss: 0.2614, Acc(1): 100.00, Acc(5): 100.00
2023-06-19 16:40:20,511 - AUGCON - INFO - Epoch [48/50]-(5/22) Loss: 0.1154, Acc(1): 100.00, Acc(5): 100.00
2023-06-19 16:40:20,511 - AUGCON - INFO - Epoch [48/50]-(10/22) Loss: 0.8863, Acc(1): 75.00, Acc(5): 100.00
2023-06-19 16:40:20,511 - AUGCON - INFO - Epoch [48/50]-(15/22) Loss: 0.6040, Acc(1): 75.00, Acc(5): 100.00
2023-06-19 16:40:20,511 - AUGCON - INFO - Epoch [48/50]-(20/22) Loss: 0.4574, Acc(1): 75.00, Acc(5): 100.00
2023-06-19 16:40:20,512 - AUGCON - INFO - 	Validation Loss: 0.6090, Acc(1): 78.00, Acc(5): 100.00, F1: 0.19, Recall: 0.20, Precision: 0.18
2023-06-19 16:40:20,512 - AUGCON - INFO - Epoch [49/50]-(0/22) Loss: 0.9438, Acc(1): 50.00, Acc(5): 100.00
2023-06-19 16:40:20,512 - AUGCON - INFO - Epoch [49/50]-(5/22) Loss: 0.4743, Acc(1): 100.00, Acc(5): 100.00
2023-06-19 16:40:20,512 - AUGCON - INFO - Epoch [49/50]-(10/22) Loss: 0.2643, Acc(1): 100.00, Acc(5): 100.00
2023-06-19 16:40:20,512 - AUGCON - INFO - Epoch [49/50]-(15/22) Loss: 0.0157, Acc(1): 100.00, Acc(5): 100.00
2023-06-19 16:40:20,512 - AUGCON - INFO - Epoch [49/50]-(20/22) Loss: 0.3973, Acc(1): 100.00, Acc(5): 100.00
2023-06-19 16:40:20,512 - AUGCON - INFO - 	Validation Loss: 0.6313, Acc(1): 79.00, Acc(5): 100.00, F1: 0.19, Recall: 0.19, Precision: 0.21
2023-06-19 16:40:20,512 - AUGCON - INFO - Epoch [50/50]-(0/22) Loss: 0.3976, Acc(1): 75.00, Acc(5): 100.00
2023-06-19 16:40:20,512 - AUGCON - INFO - Epoch [50/50]-(5/22) Loss: 0.8848, Acc(1): 75.00, Acc(5): 100.00
2023-06-19 16:40:20,512 - AUGCON - INFO - Epoch [50/50]-(10/22) Loss: 0.2891, Acc(1): 100.00, Acc(5): 100.00
2023-06-19 16:40:20,512 - AUGCON - INFO - Epoch [50/50]-(15/22) Loss: 0.5798, Acc(1): 75.00, Acc(5): 100.00
2023-06-19 16:40:20,512 - AUGCON - INFO - Epoch [50/50]-(20/22) Loss: 0.4981, Acc(1): 100.00, Acc(5): 100.00
2023-06-19 16:40:20,512 - AUGCON - INFO - 	Validation Loss: 0.6376, Acc(1): 77.00, Acc(5): 100.00, F1: 0.19, Recall: 0.19, Precision: 0.18
2023-06-19 16:40:20,512 - AUGCON - INFO - 	Validation Loss: 0.6337, Acc(1): 80.67, Acc(5): 100.00, F1: 0.20, Recall: 0.20, Precision: 0.20
