2023-06-19 16:46:13,717 - AUGCON - INFO - logger initialized (/home/hjyoon/projects/augcon/config/exp0/finetune_da_true/without_target_domain_PH0034-ykha/metacpc_random_8421/tgt_target_domain_PH0012-thanh_seed0.yaml.log)
2023-06-19 16:46:13,717 - AUGCON - INFO - ================= Config =================
2023-06-19 16:46:13,717 - AUGCON - INFO -   mode: finetune
2023-06-19 16:46:13,717 - AUGCON - INFO -   seed: 0
2023-06-19 16:46:13,717 - AUGCON - INFO -   gpu: [3]
2023-06-19 16:46:13,717 - AUGCON - INFO -   num_workers: 1
2023-06-19 16:46:13,717 - AUGCON - INFO -   dist_url: tcp://localhost:10001
2023-06-19 16:46:13,717 - AUGCON - INFO -   dataset_name: ichar
2023-06-19 16:46:13,717 - AUGCON - INFO -   train_dataset_path: /mnt/sting/hjyoon/projects/cross/ICHAR/augcon/target_domain_PH0012-thanh/finetune/10shot/target/train.pkl
2023-06-19 16:46:13,717 - AUGCON - INFO -   test_dataset_path: /mnt/sting/hjyoon/projects/cross/ICHAR/augcon/target_domain_PH0012-thanh/finetune/10shot/target/test.pkl
2023-06-19 16:46:13,717 - AUGCON - INFO -   val_dataset_path: /mnt/sting/hjyoon/projects/cross/ICHAR/augcon/target_domain_PH0012-thanh/finetune/10shot/target/val.pkl
2023-06-19 16:46:13,717 - AUGCON - INFO -   input_channels: 3
2023-06-19 16:46:13,717 - AUGCON - INFO -   num_cls: 9
2023-06-19 16:46:13,717 - AUGCON - INFO -   optimizer: adam
2023-06-19 16:46:13,717 - AUGCON - INFO -   criterion: crossentropy
2023-06-19 16:46:13,717 - AUGCON - INFO -   start_epoch: 0
2023-06-19 16:46:13,717 - AUGCON - INFO -   epochs: 50
2023-06-19 16:46:13,718 - AUGCON - INFO -   batch_size: 4
2023-06-19 16:46:13,718 - AUGCON - INFO -   lr: 0.001
2023-06-19 16:46:13,718 - AUGCON - INFO -   wd: 0.0
2023-06-19 16:46:13,718 - AUGCON - INFO -   resume: 
2023-06-19 16:46:13,718 - AUGCON - INFO -   pretrained: /mnt/sting/hjyoon/projects/augcontrast/models/exp0/pretrain/without_target_domain_PH0034-ykha/metacpc_random_8421/checkpoint_0999.pth.tar
2023-06-19 16:46:13,718 - AUGCON - INFO -   ckpt_dir: /mnt/sting/hjyoon/projects/augcontrast/models/exp0/finetune_da_true/without_target_domain_PH0034-ykha/metacpc_random_8421/tgt_target_domain_PH0012-thanh_seed0
2023-06-19 16:46:13,718 - AUGCON - INFO -   log_freq: 5
2023-06-19 16:46:13,718 - AUGCON - INFO -   save_freq: 10
2023-06-19 16:46:13,718 - AUGCON - INFO -   pretext: metacpc
2023-06-19 16:46:13,718 - AUGCON - INFO -   enc_blocks: 4
2023-06-19 16:46:13,718 - AUGCON - INFO -   kernel_sizes: [8, 4, 2, 1]
2023-06-19 16:46:13,718 - AUGCON - INFO -   strides: [4, 2, 1, 1]
2023-06-19 16:46:13,718 - AUGCON - INFO -   agg_blocks: 5
2023-06-19 16:46:13,718 - AUGCON - INFO -   z_dim: 256
2023-06-19 16:46:13,718 - AUGCON - INFO -   pooling: mean
2023-06-19 16:46:13,718 - AUGCON - INFO -   pred_steps: 12
2023-06-19 16:46:13,718 - AUGCON - INFO -   n_negatives: 15
2023-06-19 16:46:13,718 - AUGCON - INFO -   offset: 4
2023-06-19 16:46:13,718 - AUGCON - INFO -   domain_adaptation: True
2023-06-19 16:46:13,718 - AUGCON - INFO -   task_steps: 10
2023-06-19 16:46:13,718 - AUGCON - INFO -   task_lr: 0.001
2023-06-19 16:46:13,718 - AUGCON - INFO -   reg_lambda: 0
2023-06-19 16:46:13,718 - AUGCON - INFO -   mlp: False
2023-06-19 16:46:13,718 - AUGCON - INFO -   freeze: True
2023-06-19 16:46:13,718 - AUGCON - INFO -   no_vars: False
2023-06-19 16:46:13,718 - AUGCON - INFO - ==========================================
2023-06-19 16:46:13,718 - AUGCON - INFO - Setting GPUs: [3]
2023-06-19 16:46:13,719 - AUGCON - INFO - GPUs [3] will be used
2023-06-19 16:46:13,719 - AUGCON - WARNING - You have chosen to seed training. 
2023-06-19 16:46:13,719 - AUGCON - WARNING - This will turn on the CUDNN deterministic setting, 
2023-06-19 16:46:13,719 - AUGCON - WARNING - which can slow down your training considerably! 
2023-06-19 16:46:13,719 - AUGCON - WARNING - You may see unexpected behavior when restarting 
2023-06-19 16:46:13,719 - AUGCON - WARNING - from checkpoints.
2023-06-19 16:46:13,746 - AUGCON - INFO - Executing MetaCPC
2023-06-19 16:46:13,746 - AUGCON - INFO - Logs are skipped during training
2023-06-19 16:46:33,299 - AUGCON - INFO - Single GPU is used for training - training 90 instances for each worker
2023-06-19 16:46:33,299 - AUGCON - INFO - Loading pretrained model from checkpoint - /mnt/sting/hjyoon/projects/augcontrast/models/exp0/pretrain/without_target_domain_PH0034-ykha/metacpc_random_8421/checkpoint_0999.pth.tar
2023-06-19 16:46:33,299 - AUGCON - INFO - Missing keys: []
2023-06-19 16:46:33,299 - AUGCON - INFO - Perform domain adaptation step
2023-06-19 16:46:33,299 - AUGCON - INFO - 	meta-train [0/10] Loss: 1.1520, Acc(1): 54.28, Acc(5): 96.48
2023-06-19 16:46:33,299 - AUGCON - INFO - 	meta-train [1/10] Loss: 1.0858, Acc(1): 57.50, Acc(5): 96.91
2023-06-19 16:46:33,299 - AUGCON - INFO - 	meta-train [2/10] Loss: 1.0829, Acc(1): 56.64, Acc(5): 97.17
2023-06-19 16:46:33,299 - AUGCON - INFO - 	meta-train [3/10] Loss: 1.0887, Acc(1): 57.92, Acc(5): 96.88
2023-06-19 16:46:33,299 - AUGCON - INFO - 	meta-train [4/10] Loss: 1.0688, Acc(1): 58.11, Acc(5): 96.98
2023-06-19 16:46:33,300 - AUGCON - INFO - 	meta-train [5/10] Loss: 1.0726, Acc(1): 58.07, Acc(5): 96.83
2023-06-19 16:46:33,300 - AUGCON - INFO - 	meta-train [6/10] Loss: 1.1142, Acc(1): 56.12, Acc(5): 96.48
2023-06-19 16:46:33,300 - AUGCON - INFO - 	meta-train [7/10] Loss: 1.0729, Acc(1): 57.34, Acc(5): 97.27
2023-06-19 16:46:33,300 - AUGCON - INFO - 	meta-train [8/10] Loss: 1.0832, Acc(1): 58.27, Acc(5): 96.89
2023-06-19 16:46:33,300 - AUGCON - INFO - 	meta-train [9/10] Loss: 1.0501, Acc(1): 58.21, Acc(5): 97.33
2023-06-19 16:46:33,300 - AUGCON - INFO - Loading encoder parameters to the classifier
2023-06-19 16:46:33,300 - AUGCON - INFO - Missing keys: ['classifier.block.0.weight', 'classifier.block.0.bias']
2023-06-19 16:46:33,300 - AUGCON - INFO - Epoch [1/50]-(0/22) Loss: 2.0774, Acc(1): 50.00, Acc(5): 75.00
2023-06-19 16:46:33,300 - AUGCON - INFO - Epoch [1/50]-(5/22) Loss: 2.2369, Acc(1): 25.00, Acc(5): 75.00
2023-06-19 16:46:33,300 - AUGCON - INFO - Epoch [1/50]-(10/22) Loss: 2.6687, Acc(1): 0.00, Acc(5): 75.00
2023-06-19 16:46:33,300 - AUGCON - INFO - Epoch [1/50]-(15/22) Loss: 1.9408, Acc(1): 50.00, Acc(5): 75.00
2023-06-19 16:46:33,300 - AUGCON - INFO - Epoch [1/50]-(20/22) Loss: 2.4193, Acc(1): 0.00, Acc(5): 0.00
2023-06-19 16:46:33,300 - AUGCON - INFO - 	Validation Loss: 1.9718, Acc(1): 32.00, Acc(5): 92.00, F1: 0.09, Recall: 0.09, Precision: 0.08
2023-06-19 16:46:33,300 - AUGCON - INFO - Epoch [2/50]-(0/22) Loss: 2.0273, Acc(1): 0.00, Acc(5): 100.00
2023-06-19 16:46:33,300 - AUGCON - INFO - Epoch [2/50]-(5/22) Loss: 2.0428, Acc(1): 25.00, Acc(5): 100.00
2023-06-19 16:46:33,301 - AUGCON - INFO - Epoch [2/50]-(10/22) Loss: 1.7998, Acc(1): 25.00, Acc(5): 75.00
2023-06-19 16:46:33,301 - AUGCON - INFO - Epoch [2/50]-(15/22) Loss: 2.0289, Acc(1): 50.00, Acc(5): 75.00
2023-06-19 16:46:33,301 - AUGCON - INFO - Epoch [2/50]-(20/22) Loss: 1.8894, Acc(1): 50.00, Acc(5): 75.00
2023-06-19 16:46:33,301 - AUGCON - INFO - 	Validation Loss: 1.6569, Acc(1): 57.00, Acc(5): 93.00, F1: 0.13, Recall: 0.16, Precision: 0.11
2023-06-19 16:46:33,301 - AUGCON - INFO - Epoch [3/50]-(0/22) Loss: 1.6745, Acc(1): 50.00, Acc(5): 100.00
2023-06-19 16:46:33,301 - AUGCON - INFO - Epoch [3/50]-(5/22) Loss: 1.5201, Acc(1): 75.00, Acc(5): 100.00
2023-06-19 16:46:33,301 - AUGCON - INFO - Epoch [3/50]-(10/22) Loss: 1.5805, Acc(1): 25.00, Acc(5): 100.00
2023-06-19 16:46:33,301 - AUGCON - INFO - Epoch [3/50]-(15/22) Loss: 1.6155, Acc(1): 75.00, Acc(5): 100.00
2023-06-19 16:46:33,301 - AUGCON - INFO - Epoch [3/50]-(20/22) Loss: 1.4985, Acc(1): 50.00, Acc(5): 100.00
2023-06-19 16:46:33,301 - AUGCON - INFO - 	Validation Loss: 1.4564, Acc(1): 63.00, Acc(5): 96.00, F1: 0.16, Recall: 0.17, Precision: 0.15
2023-06-19 16:46:33,301 - AUGCON - INFO - Epoch [4/50]-(0/22) Loss: 1.5060, Acc(1): 50.00, Acc(5): 100.00
2023-06-19 16:46:33,301 - AUGCON - INFO - Epoch [4/50]-(5/22) Loss: 1.5531, Acc(1): 25.00, Acc(5): 100.00
2023-06-19 16:46:33,301 - AUGCON - INFO - Epoch [4/50]-(10/22) Loss: 1.1118, Acc(1): 100.00, Acc(5): 100.00
2023-06-19 16:46:33,301 - AUGCON - INFO - Epoch [4/50]-(15/22) Loss: 1.3866, Acc(1): 75.00, Acc(5): 100.00
2023-06-19 16:46:33,301 - AUGCON - INFO - Epoch [4/50]-(20/22) Loss: 1.1156, Acc(1): 100.00, Acc(5): 100.00
2023-06-19 16:46:33,301 - AUGCON - INFO - 	Validation Loss: 1.2894, Acc(1): 81.00, Acc(5): 96.00, F1: 0.20, Recall: 0.19, Precision: 0.21
2023-06-19 16:46:33,302 - AUGCON - INFO - Epoch [5/50]-(0/22) Loss: 1.2933, Acc(1): 75.00, Acc(5): 100.00
2023-06-19 16:46:33,302 - AUGCON - INFO - Epoch [5/50]-(5/22) Loss: 1.2370, Acc(1): 75.00, Acc(5): 100.00
2023-06-19 16:46:33,302 - AUGCON - INFO - Epoch [5/50]-(10/22) Loss: 1.0594, Acc(1): 100.00, Acc(5): 100.00
2023-06-19 16:46:33,302 - AUGCON - INFO - Epoch [5/50]-(15/22) Loss: 1.2607, Acc(1): 75.00, Acc(5): 100.00
2023-06-19 16:46:33,302 - AUGCON - INFO - Epoch [5/50]-(20/22) Loss: 1.2536, Acc(1): 50.00, Acc(5): 100.00
2023-06-19 16:46:33,302 - AUGCON - INFO - 	Validation Loss: 1.1352, Acc(1): 83.00, Acc(5): 96.00, F1: 0.20, Recall: 0.20, Precision: 0.21
2023-06-19 16:46:33,302 - AUGCON - INFO - Epoch [6/50]-(0/22) Loss: 0.8189, Acc(1): 100.00, Acc(5): 100.00
2023-06-19 16:46:33,302 - AUGCON - INFO - Epoch [6/50]-(5/22) Loss: 0.8216, Acc(1): 100.00, Acc(5): 100.00
2023-06-19 16:46:33,302 - AUGCON - INFO - Epoch [6/50]-(10/22) Loss: 1.4150, Acc(1): 50.00, Acc(5): 100.00
2023-06-19 16:46:33,302 - AUGCON - INFO - Epoch [6/50]-(15/22) Loss: 0.7160, Acc(1): 75.00, Acc(5): 100.00
2023-06-19 16:46:33,302 - AUGCON - INFO - Epoch [6/50]-(20/22) Loss: 0.7593, Acc(1): 75.00, Acc(5): 100.00
2023-06-19 16:46:33,302 - AUGCON - INFO - 	Validation Loss: 1.0737, Acc(1): 85.00, Acc(5): 96.00, F1: 0.20, Recall: 0.20, Precision: 0.20
2023-06-19 16:46:33,302 - AUGCON - INFO - Epoch [7/50]-(0/22) Loss: 1.4900, Acc(1): 50.00, Acc(5): 100.00
2023-06-19 16:46:33,302 - AUGCON - INFO - Epoch [7/50]-(5/22) Loss: 1.0802, Acc(1): 75.00, Acc(5): 100.00
2023-06-19 16:46:33,302 - AUGCON - INFO - Epoch [7/50]-(10/22) Loss: 1.3108, Acc(1): 75.00, Acc(5): 100.00
2023-06-19 16:46:33,302 - AUGCON - INFO - Epoch [7/50]-(15/22) Loss: 0.9097, Acc(1): 75.00, Acc(5): 100.00
2023-06-19 16:46:33,303 - AUGCON - INFO - Epoch [7/50]-(20/22) Loss: 0.6030, Acc(1): 100.00, Acc(5): 100.00
2023-06-19 16:46:33,303 - AUGCON - INFO - 	Validation Loss: 1.0044, Acc(1): 86.00, Acc(5): 96.00, F1: 0.21, Recall: 0.20, Precision: 0.21
2023-06-19 16:46:33,303 - AUGCON - INFO - Epoch [8/50]-(0/22) Loss: 0.3588, Acc(1): 100.00, Acc(5): 100.00
2023-06-19 16:46:33,303 - AUGCON - INFO - Epoch [8/50]-(5/22) Loss: 1.1834, Acc(1): 75.00, Acc(5): 100.00
2023-06-19 16:46:33,303 - AUGCON - INFO - Epoch [8/50]-(10/22) Loss: 1.1922, Acc(1): 75.00, Acc(5): 100.00
2023-06-19 16:46:33,303 - AUGCON - INFO - Epoch [8/50]-(15/22) Loss: 1.3456, Acc(1): 75.00, Acc(5): 75.00
2023-06-19 16:46:33,303 - AUGCON - INFO - Epoch [8/50]-(20/22) Loss: 1.1431, Acc(1): 25.00, Acc(5): 100.00
2023-06-19 16:46:33,303 - AUGCON - INFO - 	Validation Loss: 0.9557, Acc(1): 81.00, Acc(5): 96.00, F1: 0.19, Recall: 0.21, Precision: 0.18
2023-06-19 16:46:33,303 - AUGCON - INFO - Epoch [9/50]-(0/22) Loss: 0.7198, Acc(1): 100.00, Acc(5): 100.00
2023-06-19 16:46:33,303 - AUGCON - INFO - Epoch [9/50]-(5/22) Loss: 1.5009, Acc(1): 25.00, Acc(5): 100.00
2023-06-19 16:46:33,303 - AUGCON - INFO - Epoch [9/50]-(10/22) Loss: 0.8200, Acc(1): 75.00, Acc(5): 100.00
2023-06-19 16:46:33,303 - AUGCON - INFO - Epoch [9/50]-(15/22) Loss: 1.0484, Acc(1): 75.00, Acc(5): 100.00
2023-06-19 16:46:33,303 - AUGCON - INFO - Epoch [9/50]-(20/22) Loss: 0.6242, Acc(1): 75.00, Acc(5): 100.00
2023-06-19 16:46:33,303 - AUGCON - INFO - 	Validation Loss: 0.9069, Acc(1): 86.00, Acc(5): 96.00, F1: 0.20, Recall: 0.20, Precision: 0.20
2023-06-19 16:46:33,303 - AUGCON - INFO - Epoch [10/50]-(0/22) Loss: 0.8719, Acc(1): 100.00, Acc(5): 100.00
2023-06-19 16:46:33,303 - AUGCON - INFO - Epoch [10/50]-(5/22) Loss: 1.0988, Acc(1): 75.00, Acc(5): 100.00
2023-06-19 16:46:33,303 - AUGCON - INFO - Epoch [10/50]-(10/22) Loss: 0.6302, Acc(1): 100.00, Acc(5): 100.00
2023-06-19 16:46:33,304 - AUGCON - INFO - Epoch [10/50]-(15/22) Loss: 0.7401, Acc(1): 75.00, Acc(5): 100.00
2023-06-19 16:46:33,304 - AUGCON - INFO - Epoch [10/50]-(20/22) Loss: 1.0635, Acc(1): 75.00, Acc(5): 100.00
2023-06-19 16:46:33,304 - AUGCON - INFO - 	Validation Loss: 0.8560, Acc(1): 85.00, Acc(5): 96.00, F1: 0.20, Recall: 0.20, Precision: 0.21
2023-06-19 16:46:33,304 - AUGCON - INFO - Epoch [11/50]-(0/22) Loss: 0.8255, Acc(1): 75.00, Acc(5): 100.00
2023-06-19 16:46:33,304 - AUGCON - INFO - Epoch [11/50]-(5/22) Loss: 0.8530, Acc(1): 100.00, Acc(5): 100.00
2023-06-19 16:46:33,304 - AUGCON - INFO - Epoch [11/50]-(10/22) Loss: 0.9711, Acc(1): 75.00, Acc(5): 75.00
2023-06-19 16:46:33,304 - AUGCON - INFO - Epoch [11/50]-(15/22) Loss: 0.5014, Acc(1): 100.00, Acc(5): 100.00
2023-06-19 16:46:33,304 - AUGCON - INFO - Epoch [11/50]-(20/22) Loss: 0.5629, Acc(1): 100.00, Acc(5): 100.00
2023-06-19 16:46:33,304 - AUGCON - INFO - 	Validation Loss: 0.8239, Acc(1): 85.00, Acc(5): 96.00, F1: 0.21, Recall: 0.20, Precision: 0.21
2023-06-19 16:46:33,304 - AUGCON - INFO - Epoch [12/50]-(0/22) Loss: 0.6223, Acc(1): 75.00, Acc(5): 100.00
2023-06-19 16:46:33,304 - AUGCON - INFO - Epoch [12/50]-(5/22) Loss: 0.9083, Acc(1): 100.00, Acc(5): 100.00
2023-06-19 16:46:33,304 - AUGCON - INFO - Epoch [12/50]-(10/22) Loss: 0.6249, Acc(1): 75.00, Acc(5): 100.00
2023-06-19 16:46:33,304 - AUGCON - INFO - Epoch [12/50]-(15/22) Loss: 0.7101, Acc(1): 75.00, Acc(5): 100.00
2023-06-19 16:46:33,304 - AUGCON - INFO - Epoch [12/50]-(20/22) Loss: 1.0133, Acc(1): 75.00, Acc(5): 100.00
2023-06-19 16:46:33,304 - AUGCON - INFO - 	Validation Loss: 0.8053, Acc(1): 86.00, Acc(5): 96.00, F1: 0.20, Recall: 0.21, Precision: 0.19
2023-06-19 16:46:33,305 - AUGCON - INFO - Epoch [13/50]-(0/22) Loss: 0.6281, Acc(1): 75.00, Acc(5): 100.00
2023-06-19 16:46:33,305 - AUGCON - INFO - Epoch [13/50]-(5/22) Loss: 0.7029, Acc(1): 100.00, Acc(5): 100.00
2023-06-19 16:46:33,305 - AUGCON - INFO - Epoch [13/50]-(10/22) Loss: 1.4769, Acc(1): 50.00, Acc(5): 75.00
2023-06-19 16:46:33,305 - AUGCON - INFO - Epoch [13/50]-(15/22) Loss: 0.7476, Acc(1): 100.00, Acc(5): 100.00
2023-06-19 16:46:33,305 - AUGCON - INFO - Epoch [13/50]-(20/22) Loss: 0.7827, Acc(1): 75.00, Acc(5): 100.00
2023-06-19 16:46:33,305 - AUGCON - INFO - 	Validation Loss: 0.7731, Acc(1): 86.00, Acc(5): 96.00, F1: 0.20, Recall: 0.20, Precision: 0.20
2023-06-19 16:46:33,305 - AUGCON - INFO - Epoch [14/50]-(0/22) Loss: 0.3705, Acc(1): 100.00, Acc(5): 100.00
2023-06-19 16:46:33,305 - AUGCON - INFO - Epoch [14/50]-(5/22) Loss: 0.5991, Acc(1): 100.00, Acc(5): 100.00
2023-06-19 16:46:33,305 - AUGCON - INFO - Epoch [14/50]-(10/22) Loss: 0.6841, Acc(1): 75.00, Acc(5): 100.00
2023-06-19 16:46:33,305 - AUGCON - INFO - Epoch [14/50]-(15/22) Loss: 1.1947, Acc(1): 75.00, Acc(5): 100.00
2023-06-19 16:46:33,305 - AUGCON - INFO - Epoch [14/50]-(20/22) Loss: 0.4735, Acc(1): 100.00, Acc(5): 100.00
2023-06-19 16:46:33,305 - AUGCON - INFO - 	Validation Loss: 0.7347, Acc(1): 83.00, Acc(5): 96.00, F1: 0.20, Recall: 0.20, Precision: 0.20
2023-06-19 16:46:33,305 - AUGCON - INFO - Epoch [15/50]-(0/22) Loss: 0.5486, Acc(1): 100.00, Acc(5): 100.00
2023-06-19 16:46:33,305 - AUGCON - INFO - Epoch [15/50]-(5/22) Loss: 0.5425, Acc(1): 100.00, Acc(5): 100.00
2023-06-19 16:46:33,305 - AUGCON - INFO - Epoch [15/50]-(10/22) Loss: 0.4321, Acc(1): 100.00, Acc(5): 100.00
2023-06-19 16:46:33,305 - AUGCON - INFO - Epoch [15/50]-(15/22) Loss: 0.8039, Acc(1): 75.00, Acc(5): 100.00
2023-06-19 16:46:33,306 - AUGCON - INFO - Epoch [15/50]-(20/22) Loss: 0.4745, Acc(1): 100.00, Acc(5): 100.00
2023-06-19 16:46:33,306 - AUGCON - INFO - 	Validation Loss: 0.7615, Acc(1): 86.00, Acc(5): 96.00, F1: 0.20, Recall: 0.20, Precision: 0.20
2023-06-19 16:46:33,306 - AUGCON - INFO - Epoch [16/50]-(0/22) Loss: 0.3603, Acc(1): 100.00, Acc(5): 100.00
2023-06-19 16:46:33,306 - AUGCON - INFO - Epoch [16/50]-(5/22) Loss: 0.7417, Acc(1): 100.00, Acc(5): 100.00
2023-06-19 16:46:33,306 - AUGCON - INFO - Epoch [16/50]-(10/22) Loss: 0.3816, Acc(1): 100.00, Acc(5): 100.00
2023-06-19 16:46:33,306 - AUGCON - INFO - Epoch [16/50]-(15/22) Loss: 1.0042, Acc(1): 75.00, Acc(5): 100.00
2023-06-19 16:46:33,306 - AUGCON - INFO - Epoch [16/50]-(20/22) Loss: 0.6084, Acc(1): 75.00, Acc(5): 100.00
2023-06-19 16:46:33,306 - AUGCON - INFO - 	Validation Loss: 0.7039, Acc(1): 87.00, Acc(5): 96.00, F1: 0.21, Recall: 0.21, Precision: 0.21
2023-06-19 16:46:33,306 - AUGCON - INFO - Epoch [17/50]-(0/22) Loss: 0.2106, Acc(1): 100.00, Acc(5): 100.00
2023-06-19 16:46:33,306 - AUGCON - INFO - Epoch [17/50]-(5/22) Loss: 0.9763, Acc(1): 50.00, Acc(5): 100.00
2023-06-19 16:46:33,306 - AUGCON - INFO - Epoch [17/50]-(10/22) Loss: 0.3495, Acc(1): 100.00, Acc(5): 100.00
2023-06-19 16:46:33,306 - AUGCON - INFO - Epoch [17/50]-(15/22) Loss: 0.7688, Acc(1): 100.00, Acc(5): 100.00
2023-06-19 16:46:33,306 - AUGCON - INFO - Epoch [17/50]-(20/22) Loss: 1.0415, Acc(1): 75.00, Acc(5): 75.00
2023-06-19 16:46:33,306 - AUGCON - INFO - 	Validation Loss: 0.7380, Acc(1): 85.00, Acc(5): 96.00, F1: 0.20, Recall: 0.20, Precision: 0.19
2023-06-19 16:46:33,306 - AUGCON - INFO - Epoch [18/50]-(0/22) Loss: 0.6129, Acc(1): 100.00, Acc(5): 100.00
2023-06-19 16:46:33,306 - AUGCON - INFO - Epoch [18/50]-(5/22) Loss: 0.4064, Acc(1): 100.00, Acc(5): 100.00
2023-06-19 16:46:33,307 - AUGCON - INFO - Epoch [18/50]-(10/22) Loss: 0.6718, Acc(1): 75.00, Acc(5): 100.00
2023-06-19 16:46:33,307 - AUGCON - INFO - Epoch [18/50]-(15/22) Loss: 0.2157, Acc(1): 100.00, Acc(5): 100.00
2023-06-19 16:46:33,307 - AUGCON - INFO - Epoch [18/50]-(20/22) Loss: 0.5063, Acc(1): 100.00, Acc(5): 100.00
2023-06-19 16:46:33,307 - AUGCON - INFO - 	Validation Loss: 0.7149, Acc(1): 85.00, Acc(5): 96.00, F1: 0.20, Recall: 0.20, Precision: 0.20
2023-06-19 16:46:33,307 - AUGCON - INFO - Epoch [19/50]-(0/22) Loss: 0.3398, Acc(1): 100.00, Acc(5): 100.00
2023-06-19 16:46:33,307 - AUGCON - INFO - Epoch [19/50]-(5/22) Loss: 0.5193, Acc(1): 75.00, Acc(5): 100.00
2023-06-19 16:46:33,307 - AUGCON - INFO - Epoch [19/50]-(10/22) Loss: 0.4658, Acc(1): 100.00, Acc(5): 100.00
2023-06-19 16:46:33,307 - AUGCON - INFO - Epoch [19/50]-(15/22) Loss: 0.8638, Acc(1): 75.00, Acc(5): 100.00
2023-06-19 16:46:33,307 - AUGCON - INFO - Epoch [19/50]-(20/22) Loss: 0.5184, Acc(1): 100.00, Acc(5): 100.00
2023-06-19 16:46:33,307 - AUGCON - INFO - 	Validation Loss: 0.7059, Acc(1): 85.00, Acc(5): 96.00, F1: 0.20, Recall: 0.20, Precision: 0.20
2023-06-19 16:46:33,307 - AUGCON - INFO - Epoch [20/50]-(0/22) Loss: 0.5528, Acc(1): 100.00, Acc(5): 100.00
2023-06-19 16:46:33,307 - AUGCON - INFO - Epoch [20/50]-(5/22) Loss: 0.2396, Acc(1): 100.00, Acc(5): 100.00
2023-06-19 16:46:33,307 - AUGCON - INFO - Epoch [20/50]-(10/22) Loss: 0.5366, Acc(1): 100.00, Acc(5): 100.00
2023-06-19 16:46:33,307 - AUGCON - INFO - Epoch [20/50]-(15/22) Loss: 0.4705, Acc(1): 100.00, Acc(5): 100.00
2023-06-19 16:46:33,307 - AUGCON - INFO - Epoch [20/50]-(20/22) Loss: 0.4499, Acc(1): 75.00, Acc(5): 100.00
2023-06-19 16:46:33,307 - AUGCON - INFO - 	Validation Loss: 0.6957, Acc(1): 86.00, Acc(5): 96.00, F1: 0.20, Recall: 0.20, Precision: 0.20
2023-06-19 16:46:33,307 - AUGCON - INFO - Epoch [21/50]-(0/22) Loss: 0.2283, Acc(1): 100.00, Acc(5): 100.00
2023-06-19 16:46:33,308 - AUGCON - INFO - Epoch [21/50]-(5/22) Loss: 0.4402, Acc(1): 100.00, Acc(5): 100.00
2023-06-19 16:46:33,308 - AUGCON - INFO - Epoch [21/50]-(10/22) Loss: 0.4901, Acc(1): 100.00, Acc(5): 100.00
2023-06-19 16:46:33,308 - AUGCON - INFO - Epoch [21/50]-(15/22) Loss: 0.9614, Acc(1): 75.00, Acc(5): 75.00
2023-06-19 16:46:33,308 - AUGCON - INFO - Epoch [21/50]-(20/22) Loss: 0.6667, Acc(1): 75.00, Acc(5): 100.00
2023-06-19 16:46:33,308 - AUGCON - INFO - 	Validation Loss: 0.6863, Acc(1): 86.00, Acc(5): 96.00, F1: 0.20, Recall: 0.20, Precision: 0.20
2023-06-19 16:46:33,308 - AUGCON - INFO - Epoch [22/50]-(0/22) Loss: 0.4243, Acc(1): 100.00, Acc(5): 100.00
2023-06-19 16:46:33,308 - AUGCON - INFO - Epoch [22/50]-(5/22) Loss: 0.3324, Acc(1): 100.00, Acc(5): 100.00
2023-06-19 16:46:33,308 - AUGCON - INFO - Epoch [22/50]-(10/22) Loss: 0.4857, Acc(1): 100.00, Acc(5): 100.00
2023-06-19 16:46:33,308 - AUGCON - INFO - Epoch [22/50]-(15/22) Loss: 0.2377, Acc(1): 100.00, Acc(5): 100.00
2023-06-19 16:46:33,308 - AUGCON - INFO - Epoch [22/50]-(20/22) Loss: 0.4761, Acc(1): 75.00, Acc(5): 100.00
2023-06-19 16:46:33,308 - AUGCON - INFO - 	Validation Loss: 0.6670, Acc(1): 86.00, Acc(5): 96.00, F1: 0.20, Recall: 0.20, Precision: 0.20
2023-06-19 16:46:33,308 - AUGCON - INFO - Epoch [23/50]-(0/22) Loss: 0.4653, Acc(1): 100.00, Acc(5): 100.00
2023-06-19 16:46:33,308 - AUGCON - INFO - Epoch [23/50]-(5/22) Loss: 0.3668, Acc(1): 100.00, Acc(5): 100.00
2023-06-19 16:46:33,308 - AUGCON - INFO - Epoch [23/50]-(10/22) Loss: 0.5576, Acc(1): 100.00, Acc(5): 100.00
2023-06-19 16:46:33,308 - AUGCON - INFO - Epoch [23/50]-(15/22) Loss: 0.4626, Acc(1): 100.00, Acc(5): 100.00
2023-06-19 16:46:33,309 - AUGCON - INFO - Epoch [23/50]-(20/22) Loss: 0.5306, Acc(1): 75.00, Acc(5): 100.00
2023-06-19 16:46:33,309 - AUGCON - INFO - 	Validation Loss: 0.6722, Acc(1): 84.00, Acc(5): 96.00, F1: 0.20, Recall: 0.20, Precision: 0.20
2023-06-19 16:46:33,309 - AUGCON - INFO - Epoch [24/50]-(0/22) Loss: 0.5521, Acc(1): 75.00, Acc(5): 100.00
2023-06-19 16:46:33,309 - AUGCON - INFO - Epoch [24/50]-(5/22) Loss: 0.3549, Acc(1): 75.00, Acc(5): 100.00
2023-06-19 16:46:33,309 - AUGCON - INFO - Epoch [24/50]-(10/22) Loss: 0.4873, Acc(1): 100.00, Acc(5): 100.00
2023-06-19 16:46:33,309 - AUGCON - INFO - Epoch [24/50]-(15/22) Loss: 0.3509, Acc(1): 100.00, Acc(5): 100.00
2023-06-19 16:46:33,309 - AUGCON - INFO - Epoch [24/50]-(20/22) Loss: 0.4569, Acc(1): 75.00, Acc(5): 100.00
2023-06-19 16:46:33,309 - AUGCON - INFO - 	Validation Loss: 0.6728, Acc(1): 83.00, Acc(5): 96.00, F1: 0.20, Recall: 0.20, Precision: 0.20
2023-06-19 16:46:33,309 - AUGCON - INFO - Epoch [25/50]-(0/22) Loss: 0.2252, Acc(1): 100.00, Acc(5): 100.00
2023-06-19 16:46:33,309 - AUGCON - INFO - Epoch [25/50]-(5/22) Loss: 0.3187, Acc(1): 100.00, Acc(5): 100.00
2023-06-19 16:46:33,309 - AUGCON - INFO - Epoch [25/50]-(10/22) Loss: 0.3007, Acc(1): 100.00, Acc(5): 100.00
2023-06-19 16:46:33,309 - AUGCON - INFO - Epoch [25/50]-(15/22) Loss: 0.4565, Acc(1): 100.00, Acc(5): 100.00
2023-06-19 16:46:33,309 - AUGCON - INFO - Epoch [25/50]-(20/22) Loss: 0.3763, Acc(1): 100.00, Acc(5): 100.00
2023-06-19 16:46:33,309 - AUGCON - INFO - 	Validation Loss: 0.6553, Acc(1): 85.00, Acc(5): 96.00, F1: 0.20, Recall: 0.20, Precision: 0.20
2023-06-19 16:46:33,309 - AUGCON - INFO - Epoch [26/50]-(0/22) Loss: 0.7631, Acc(1): 75.00, Acc(5): 100.00
2023-06-19 16:46:33,309 - AUGCON - INFO - Epoch [26/50]-(5/22) Loss: 0.7885, Acc(1): 50.00, Acc(5): 100.00
2023-06-19 16:46:33,310 - AUGCON - INFO - Epoch [26/50]-(10/22) Loss: 0.8067, Acc(1): 75.00, Acc(5): 100.00
2023-06-19 16:46:33,310 - AUGCON - INFO - Epoch [26/50]-(15/22) Loss: 0.4699, Acc(1): 100.00, Acc(5): 100.00
2023-06-19 16:46:33,310 - AUGCON - INFO - Epoch [26/50]-(20/22) Loss: 0.1968, Acc(1): 100.00, Acc(5): 100.00
2023-06-19 16:46:33,310 - AUGCON - INFO - 	Validation Loss: 0.6651, Acc(1): 84.00, Acc(5): 96.00, F1: 0.20, Recall: 0.20, Precision: 0.19
2023-06-19 16:46:33,310 - AUGCON - INFO - Epoch [27/50]-(0/22) Loss: 0.4658, Acc(1): 100.00, Acc(5): 100.00
2023-06-19 16:46:33,310 - AUGCON - INFO - Epoch [27/50]-(5/22) Loss: 0.4924, Acc(1): 75.00, Acc(5): 100.00
2023-06-19 16:46:33,310 - AUGCON - INFO - Epoch [27/50]-(10/22) Loss: 0.2272, Acc(1): 100.00, Acc(5): 100.00
2023-06-19 16:46:33,310 - AUGCON - INFO - Epoch [27/50]-(15/22) Loss: 0.6145, Acc(1): 100.00, Acc(5): 100.00
2023-06-19 16:46:33,310 - AUGCON - INFO - Epoch [27/50]-(20/22) Loss: 0.8981, Acc(1): 75.00, Acc(5): 75.00
2023-06-19 16:46:33,310 - AUGCON - INFO - 	Validation Loss: 0.6492, Acc(1): 85.00, Acc(5): 96.00, F1: 0.20, Recall: 0.20, Precision: 0.19
2023-06-19 16:46:33,310 - AUGCON - INFO - Epoch [28/50]-(0/22) Loss: 0.9807, Acc(1): 75.00, Acc(5): 100.00
2023-06-19 16:46:33,310 - AUGCON - INFO - Epoch [28/50]-(5/22) Loss: 0.5493, Acc(1): 100.00, Acc(5): 100.00
2023-06-19 16:46:33,310 - AUGCON - INFO - Epoch [28/50]-(10/22) Loss: 0.4870, Acc(1): 75.00, Acc(5): 100.00
2023-06-19 16:46:33,310 - AUGCON - INFO - Epoch [28/50]-(15/22) Loss: 0.2747, Acc(1): 100.00, Acc(5): 100.00
2023-06-19 16:46:33,310 - AUGCON - INFO - Epoch [28/50]-(20/22) Loss: 0.4287, Acc(1): 100.00, Acc(5): 100.00
2023-06-19 16:46:33,310 - AUGCON - INFO - 	Validation Loss: 0.6514, Acc(1): 85.00, Acc(5): 96.00, F1: 0.20, Recall: 0.20, Precision: 0.20
2023-06-19 16:46:33,310 - AUGCON - INFO - Epoch [29/50]-(0/22) Loss: 0.4521, Acc(1): 100.00, Acc(5): 100.00
2023-06-19 16:46:33,311 - AUGCON - INFO - Epoch [29/50]-(5/22) Loss: 0.5462, Acc(1): 75.00, Acc(5): 100.00
2023-06-19 16:46:33,311 - AUGCON - INFO - Epoch [29/50]-(10/22) Loss: 0.3062, Acc(1): 100.00, Acc(5): 100.00
2023-06-19 16:46:33,311 - AUGCON - INFO - Epoch [29/50]-(15/22) Loss: 0.2097, Acc(1): 100.00, Acc(5): 100.00
2023-06-19 16:46:33,311 - AUGCON - INFO - Epoch [29/50]-(20/22) Loss: 0.6967, Acc(1): 50.00, Acc(5): 100.00
2023-06-19 16:46:33,311 - AUGCON - INFO - 	Validation Loss: 0.6351, Acc(1): 86.00, Acc(5): 96.00, F1: 0.20, Recall: 0.20, Precision: 0.20
2023-06-19 16:46:33,311 - AUGCON - INFO - Epoch [30/50]-(0/22) Loss: 0.4550, Acc(1): 100.00, Acc(5): 100.00
2023-06-19 16:46:33,311 - AUGCON - INFO - Epoch [30/50]-(5/22) Loss: 0.7991, Acc(1): 75.00, Acc(5): 100.00
2023-06-19 16:46:33,311 - AUGCON - INFO - Epoch [30/50]-(10/22) Loss: 0.2576, Acc(1): 100.00, Acc(5): 100.00
2023-06-19 16:46:33,311 - AUGCON - INFO - Epoch [30/50]-(15/22) Loss: 0.4499, Acc(1): 75.00, Acc(5): 100.00
2023-06-19 16:46:33,311 - AUGCON - INFO - Epoch [30/50]-(20/22) Loss: 0.3432, Acc(1): 100.00, Acc(5): 100.00
2023-06-19 16:46:33,311 - AUGCON - INFO - 	Validation Loss: 0.6500, Acc(1): 85.00, Acc(5): 96.00, F1: 0.20, Recall: 0.20, Precision: 0.20
2023-06-19 16:46:33,311 - AUGCON - INFO - Epoch [31/50]-(0/22) Loss: 0.0955, Acc(1): 100.00, Acc(5): 100.00
2023-06-19 16:46:33,311 - AUGCON - INFO - Epoch [31/50]-(5/22) Loss: 0.4708, Acc(1): 100.00, Acc(5): 100.00
2023-06-19 16:46:33,311 - AUGCON - INFO - Epoch [31/50]-(10/22) Loss: 0.3377, Acc(1): 100.00, Acc(5): 100.00
2023-06-19 16:46:33,311 - AUGCON - INFO - Epoch [31/50]-(15/22) Loss: 0.2663, Acc(1): 100.00, Acc(5): 100.00
2023-06-19 16:46:33,311 - AUGCON - INFO - Epoch [31/50]-(20/22) Loss: 0.0815, Acc(1): 100.00, Acc(5): 100.00
2023-06-19 16:46:33,312 - AUGCON - INFO - 	Validation Loss: 0.6189, Acc(1): 83.00, Acc(5): 96.00, F1: 0.20, Recall: 0.20, Precision: 0.20
2023-06-19 16:46:33,312 - AUGCON - INFO - Epoch [32/50]-(0/22) Loss: 0.3526, Acc(1): 100.00, Acc(5): 100.00
2023-06-19 16:46:33,312 - AUGCON - INFO - Epoch [32/50]-(5/22) Loss: 0.3238, Acc(1): 100.00, Acc(5): 100.00
2023-06-19 16:46:33,312 - AUGCON - INFO - Epoch [32/50]-(10/22) Loss: 0.5139, Acc(1): 100.00, Acc(5): 100.00
2023-06-19 16:46:33,312 - AUGCON - INFO - Epoch [32/50]-(15/22) Loss: 0.2586, Acc(1): 100.00, Acc(5): 100.00
2023-06-19 16:46:33,312 - AUGCON - INFO - Epoch [32/50]-(20/22) Loss: 0.1324, Acc(1): 100.00, Acc(5): 100.00
2023-06-19 16:46:33,312 - AUGCON - INFO - 	Validation Loss: 0.6172, Acc(1): 84.00, Acc(5): 96.00, F1: 0.20, Recall: 0.20, Precision: 0.20
2023-06-19 16:46:33,312 - AUGCON - INFO - Epoch [33/50]-(0/22) Loss: 0.3141, Acc(1): 75.00, Acc(5): 100.00
2023-06-19 16:46:33,312 - AUGCON - INFO - Epoch [33/50]-(5/22) Loss: 0.4398, Acc(1): 100.00, Acc(5): 100.00
2023-06-19 16:46:33,312 - AUGCON - INFO - Epoch [33/50]-(10/22) Loss: 0.2510, Acc(1): 100.00, Acc(5): 100.00
2023-06-19 16:46:33,312 - AUGCON - INFO - Epoch [33/50]-(15/22) Loss: 0.4327, Acc(1): 75.00, Acc(5): 100.00
2023-06-19 16:46:33,312 - AUGCON - INFO - Epoch [33/50]-(20/22) Loss: 0.3240, Acc(1): 100.00, Acc(5): 100.00
2023-06-19 16:46:33,312 - AUGCON - INFO - 	Validation Loss: 0.6467, Acc(1): 85.00, Acc(5): 96.00, F1: 0.20, Recall: 0.20, Precision: 0.20
2023-06-19 16:46:33,312 - AUGCON - INFO - Epoch [34/50]-(0/22) Loss: 0.0899, Acc(1): 100.00, Acc(5): 100.00
2023-06-19 16:46:33,313 - AUGCON - INFO - Epoch [34/50]-(5/22) Loss: 0.7446, Acc(1): 75.00, Acc(5): 100.00
2023-06-19 16:46:33,313 - AUGCON - INFO - Epoch [34/50]-(10/22) Loss: 0.2970, Acc(1): 100.00, Acc(5): 100.00
2023-06-19 16:46:33,313 - AUGCON - INFO - Epoch [34/50]-(15/22) Loss: 0.3846, Acc(1): 100.00, Acc(5): 100.00
2023-06-19 16:46:33,313 - AUGCON - INFO - Epoch [34/50]-(20/22) Loss: 0.2333, Acc(1): 100.00, Acc(5): 100.00
2023-06-19 16:46:33,313 - AUGCON - INFO - 	Validation Loss: 0.6272, Acc(1): 85.00, Acc(5): 96.00, F1: 0.20, Recall: 0.20, Precision: 0.20
2023-06-19 16:46:33,313 - AUGCON - INFO - Epoch [35/50]-(0/22) Loss: 0.0653, Acc(1): 100.00, Acc(5): 100.00
2023-06-19 16:46:33,313 - AUGCON - INFO - Epoch [35/50]-(5/22) Loss: 0.5622, Acc(1): 75.00, Acc(5): 100.00
2023-06-19 16:46:33,313 - AUGCON - INFO - Epoch [35/50]-(10/22) Loss: 0.5053, Acc(1): 75.00, Acc(5): 100.00
2023-06-19 16:46:33,313 - AUGCON - INFO - Epoch [35/50]-(15/22) Loss: 0.6546, Acc(1): 75.00, Acc(5): 100.00
2023-06-19 16:46:33,313 - AUGCON - INFO - Epoch [35/50]-(20/22) Loss: 0.1861, Acc(1): 100.00, Acc(5): 100.00
2023-06-19 16:46:33,313 - AUGCON - INFO - 	Validation Loss: 0.6126, Acc(1): 85.00, Acc(5): 96.00, F1: 0.20, Recall: 0.20, Precision: 0.20
2023-06-19 16:46:33,313 - AUGCON - INFO - Epoch [36/50]-(0/22) Loss: 0.2011, Acc(1): 100.00, Acc(5): 100.00
2023-06-19 16:46:33,313 - AUGCON - INFO - Epoch [36/50]-(5/22) Loss: 0.7136, Acc(1): 75.00, Acc(5): 100.00
2023-06-19 16:46:33,313 - AUGCON - INFO - Epoch [36/50]-(10/22) Loss: 0.2893, Acc(1): 100.00, Acc(5): 100.00
2023-06-19 16:46:33,313 - AUGCON - INFO - Epoch [36/50]-(15/22) Loss: 0.3174, Acc(1): 100.00, Acc(5): 100.00
2023-06-19 16:46:33,313 - AUGCON - INFO - Epoch [36/50]-(20/22) Loss: 0.1243, Acc(1): 100.00, Acc(5): 100.00
2023-06-19 16:46:33,314 - AUGCON - INFO - 	Validation Loss: 0.6130, Acc(1): 85.00, Acc(5): 96.00, F1: 0.20, Recall: 0.20, Precision: 0.20
2023-06-19 16:46:33,314 - AUGCON - INFO - Epoch [37/50]-(0/22) Loss: 0.0878, Acc(1): 100.00, Acc(5): 100.00
2023-06-19 16:46:33,314 - AUGCON - INFO - Epoch [37/50]-(5/22) Loss: 0.8199, Acc(1): 75.00, Acc(5): 100.00
2023-06-19 16:46:33,314 - AUGCON - INFO - Epoch [37/50]-(10/22) Loss: 0.4347, Acc(1): 75.00, Acc(5): 100.00
2023-06-19 16:46:33,314 - AUGCON - INFO - Epoch [37/50]-(15/22) Loss: 0.3602, Acc(1): 75.00, Acc(5): 100.00
2023-06-19 16:46:33,314 - AUGCON - INFO - Epoch [37/50]-(20/22) Loss: 0.1944, Acc(1): 100.00, Acc(5): 100.00
2023-06-19 16:46:33,314 - AUGCON - INFO - 	Validation Loss: 0.6079, Acc(1): 84.00, Acc(5): 96.00, F1: 0.20, Recall: 0.20, Precision: 0.19
2023-06-19 16:46:33,314 - AUGCON - INFO - Epoch [38/50]-(0/22) Loss: 0.4768, Acc(1): 100.00, Acc(5): 100.00
2023-06-19 16:46:33,314 - AUGCON - INFO - Epoch [38/50]-(5/22) Loss: 0.0640, Acc(1): 100.00, Acc(5): 100.00
2023-06-19 16:46:33,314 - AUGCON - INFO - Epoch [38/50]-(10/22) Loss: 0.1883, Acc(1): 100.00, Acc(5): 100.00
2023-06-19 16:46:33,314 - AUGCON - INFO - Epoch [38/50]-(15/22) Loss: 0.2537, Acc(1): 100.00, Acc(5): 100.00
2023-06-19 16:46:33,314 - AUGCON - INFO - Epoch [38/50]-(20/22) Loss: 0.1411, Acc(1): 100.00, Acc(5): 100.00
2023-06-19 16:46:33,314 - AUGCON - INFO - 	Validation Loss: 0.6272, Acc(1): 86.00, Acc(5): 96.00, F1: 0.20, Recall: 0.20, Precision: 0.19
2023-06-19 16:46:33,314 - AUGCON - INFO - Epoch [39/50]-(0/22) Loss: 0.3870, Acc(1): 100.00, Acc(5): 100.00
2023-06-19 16:46:33,314 - AUGCON - INFO - Epoch [39/50]-(5/22) Loss: 0.4916, Acc(1): 100.00, Acc(5): 100.00
2023-06-19 16:46:33,314 - AUGCON - INFO - Epoch [39/50]-(10/22) Loss: 0.6537, Acc(1): 50.00, Acc(5): 100.00
2023-06-19 16:46:33,314 - AUGCON - INFO - Epoch [39/50]-(15/22) Loss: 0.1324, Acc(1): 100.00, Acc(5): 100.00
2023-06-19 16:46:33,315 - AUGCON - INFO - Epoch [39/50]-(20/22) Loss: 0.6656, Acc(1): 50.00, Acc(5): 100.00
2023-06-19 16:46:33,315 - AUGCON - INFO - 	Validation Loss: 0.6204, Acc(1): 85.00, Acc(5): 96.00, F1: 0.20, Recall: 0.20, Precision: 0.20
2023-06-19 16:46:33,315 - AUGCON - INFO - Epoch [40/50]-(0/22) Loss: 0.3469, Acc(1): 100.00, Acc(5): 100.00
2023-06-19 16:46:33,315 - AUGCON - INFO - Epoch [40/50]-(5/22) Loss: 0.5110, Acc(1): 75.00, Acc(5): 100.00
2023-06-19 16:46:33,315 - AUGCON - INFO - Epoch [40/50]-(10/22) Loss: 0.3392, Acc(1): 100.00, Acc(5): 100.00
2023-06-19 16:46:33,315 - AUGCON - INFO - Epoch [40/50]-(15/22) Loss: 0.3317, Acc(1): 100.00, Acc(5): 100.00
2023-06-19 16:46:33,315 - AUGCON - INFO - Epoch [40/50]-(20/22) Loss: 0.3792, Acc(1): 75.00, Acc(5): 100.00
2023-06-19 16:46:33,315 - AUGCON - INFO - 	Validation Loss: 0.6540, Acc(1): 84.00, Acc(5): 96.00, F1: 0.20, Recall: 0.20, Precision: 0.19
2023-06-19 16:46:33,315 - AUGCON - INFO - Epoch [41/50]-(0/22) Loss: 0.2547, Acc(1): 100.00, Acc(5): 100.00
2023-06-19 16:46:33,315 - AUGCON - INFO - Epoch [41/50]-(5/22) Loss: 0.2686, Acc(1): 100.00, Acc(5): 100.00
2023-06-19 16:46:33,315 - AUGCON - INFO - Epoch [41/50]-(10/22) Loss: 0.4051, Acc(1): 100.00, Acc(5): 100.00
2023-06-19 16:46:33,315 - AUGCON - INFO - Epoch [41/50]-(15/22) Loss: 0.5287, Acc(1): 75.00, Acc(5): 100.00
2023-06-19 16:46:33,315 - AUGCON - INFO - Epoch [41/50]-(20/22) Loss: 0.2918, Acc(1): 100.00, Acc(5): 100.00
2023-06-19 16:46:33,315 - AUGCON - INFO - 	Validation Loss: 0.6264, Acc(1): 84.00, Acc(5): 96.00, F1: 0.20, Recall: 0.20, Precision: 0.20
2023-06-19 16:46:33,315 - AUGCON - INFO - Epoch [42/50]-(0/22) Loss: 0.3854, Acc(1): 100.00, Acc(5): 100.00
2023-06-19 16:46:33,315 - AUGCON - INFO - Epoch [42/50]-(5/22) Loss: 0.1276, Acc(1): 100.00, Acc(5): 100.00
2023-06-19 16:46:33,316 - AUGCON - INFO - Epoch [42/50]-(10/22) Loss: 0.0642, Acc(1): 100.00, Acc(5): 100.00
2023-06-19 16:46:33,316 - AUGCON - INFO - Epoch [42/50]-(15/22) Loss: 0.1473, Acc(1): 100.00, Acc(5): 100.00
2023-06-19 16:46:33,316 - AUGCON - INFO - Epoch [42/50]-(20/22) Loss: 0.2609, Acc(1): 100.00, Acc(5): 100.00
2023-06-19 16:46:33,316 - AUGCON - INFO - 	Validation Loss: 0.6297, Acc(1): 84.00, Acc(5): 96.00, F1: 0.20, Recall: 0.20, Precision: 0.19
2023-06-19 16:46:33,316 - AUGCON - INFO - Epoch [43/50]-(0/22) Loss: 0.1985, Acc(1): 100.00, Acc(5): 100.00
2023-06-19 16:46:33,316 - AUGCON - INFO - Epoch [43/50]-(5/22) Loss: 0.3481, Acc(1): 100.00, Acc(5): 100.00
2023-06-19 16:46:33,316 - AUGCON - INFO - Epoch [43/50]-(10/22) Loss: 0.7897, Acc(1): 75.00, Acc(5): 100.00
2023-06-19 16:46:33,316 - AUGCON - INFO - Epoch [43/50]-(15/22) Loss: 0.5350, Acc(1): 75.00, Acc(5): 100.00
2023-06-19 16:46:33,316 - AUGCON - INFO - Epoch [43/50]-(20/22) Loss: 0.4123, Acc(1): 75.00, Acc(5): 100.00
2023-06-19 16:46:33,316 - AUGCON - INFO - 	Validation Loss: 0.6289, Acc(1): 85.00, Acc(5): 96.00, F1: 0.20, Recall: 0.20, Precision: 0.20
2023-06-19 16:46:33,316 - AUGCON - INFO - Epoch [44/50]-(0/22) Loss: 0.1299, Acc(1): 100.00, Acc(5): 100.00
2023-06-19 16:46:33,316 - AUGCON - INFO - Epoch [44/50]-(5/22) Loss: 0.2708, Acc(1): 100.00, Acc(5): 100.00
2023-06-19 16:46:33,316 - AUGCON - INFO - Epoch [44/50]-(10/22) Loss: 0.3707, Acc(1): 100.00, Acc(5): 100.00
2023-06-19 16:46:33,316 - AUGCON - INFO - Epoch [44/50]-(15/22) Loss: 0.2561, Acc(1): 100.00, Acc(5): 100.00
2023-06-19 16:46:33,316 - AUGCON - INFO - Epoch [44/50]-(20/22) Loss: 0.1490, Acc(1): 100.00, Acc(5): 100.00
2023-06-19 16:46:33,316 - AUGCON - INFO - 	Validation Loss: 0.6409, Acc(1): 82.00, Acc(5): 96.00, F1: 0.19, Recall: 0.20, Precision: 0.19
2023-06-19 16:46:33,317 - AUGCON - INFO - Epoch [45/50]-(0/22) Loss: 0.5265, Acc(1): 75.00, Acc(5): 100.00
2023-06-19 16:46:33,317 - AUGCON - INFO - Epoch [45/50]-(5/22) Loss: 0.0536, Acc(1): 100.00, Acc(5): 100.00
2023-06-19 16:46:33,317 - AUGCON - INFO - Epoch [45/50]-(10/22) Loss: 0.0937, Acc(1): 100.00, Acc(5): 100.00
2023-06-19 16:46:33,317 - AUGCON - INFO - Epoch [45/50]-(15/22) Loss: 0.3925, Acc(1): 75.00, Acc(5): 100.00
2023-06-19 16:46:33,317 - AUGCON - INFO - Epoch [45/50]-(20/22) Loss: 0.1148, Acc(1): 100.00, Acc(5): 100.00
2023-06-19 16:46:33,317 - AUGCON - INFO - 	Validation Loss: 0.6250, Acc(1): 85.00, Acc(5): 96.00, F1: 0.20, Recall: 0.20, Precision: 0.20
2023-06-19 16:46:33,317 - AUGCON - INFO - Epoch [46/50]-(0/22) Loss: 0.3612, Acc(1): 100.00, Acc(5): 100.00
2023-06-19 16:46:33,317 - AUGCON - INFO - Epoch [46/50]-(5/22) Loss: 0.1468, Acc(1): 100.00, Acc(5): 100.00
2023-06-19 16:46:33,317 - AUGCON - INFO - Epoch [46/50]-(10/22) Loss: 0.1157, Acc(1): 100.00, Acc(5): 100.00
2023-06-19 16:46:33,317 - AUGCON - INFO - Epoch [46/50]-(15/22) Loss: 0.2375, Acc(1): 100.00, Acc(5): 100.00
2023-06-19 16:46:33,317 - AUGCON - INFO - Epoch [46/50]-(20/22) Loss: 0.3688, Acc(1): 100.00, Acc(5): 100.00
2023-06-19 16:46:33,317 - AUGCON - INFO - 	Validation Loss: 0.6172, Acc(1): 85.00, Acc(5): 96.00, F1: 0.20, Recall: 0.20, Precision: 0.20
2023-06-19 16:46:33,317 - AUGCON - INFO - Epoch [47/50]-(0/22) Loss: 0.3003, Acc(1): 100.00, Acc(5): 100.00
2023-06-19 16:46:33,317 - AUGCON - INFO - Epoch [47/50]-(5/22) Loss: 0.1348, Acc(1): 100.00, Acc(5): 100.00
2023-06-19 16:46:33,317 - AUGCON - INFO - Epoch [47/50]-(10/22) Loss: 0.0849, Acc(1): 100.00, Acc(5): 100.00
2023-06-19 16:46:33,317 - AUGCON - INFO - Epoch [47/50]-(15/22) Loss: 0.2804, Acc(1): 100.00, Acc(5): 100.00
2023-06-19 16:46:33,318 - AUGCON - INFO - Epoch [47/50]-(20/22) Loss: 0.6245, Acc(1): 100.00, Acc(5): 100.00
2023-06-19 16:46:33,318 - AUGCON - INFO - 	Validation Loss: 0.6536, Acc(1): 85.00, Acc(5): 96.00, F1: 0.20, Recall: 0.20, Precision: 0.20
2023-06-19 16:46:33,318 - AUGCON - INFO - Epoch [48/50]-(0/22) Loss: 0.3293, Acc(1): 100.00, Acc(5): 100.00
2023-06-19 16:46:33,318 - AUGCON - INFO - Epoch [48/50]-(5/22) Loss: 0.0815, Acc(1): 100.00, Acc(5): 100.00
2023-06-19 16:46:33,318 - AUGCON - INFO - Epoch [48/50]-(10/22) Loss: 0.1397, Acc(1): 100.00, Acc(5): 100.00
2023-06-19 16:46:33,318 - AUGCON - INFO - Epoch [48/50]-(15/22) Loss: 0.3967, Acc(1): 75.00, Acc(5): 100.00
2023-06-19 16:46:33,318 - AUGCON - INFO - Epoch [48/50]-(20/22) Loss: 0.1166, Acc(1): 100.00, Acc(5): 100.00
2023-06-19 16:46:33,318 - AUGCON - INFO - 	Validation Loss: 0.6366, Acc(1): 85.00, Acc(5): 96.00, F1: 0.20, Recall: 0.20, Precision: 0.20
2023-06-19 16:46:33,318 - AUGCON - INFO - Epoch [49/50]-(0/22) Loss: 0.1288, Acc(1): 100.00, Acc(5): 100.00
2023-06-19 16:46:33,318 - AUGCON - INFO - Epoch [49/50]-(5/22) Loss: 0.4324, Acc(1): 100.00, Acc(5): 100.00
2023-06-19 16:46:33,318 - AUGCON - INFO - Epoch [49/50]-(10/22) Loss: 0.0841, Acc(1): 100.00, Acc(5): 100.00
2023-06-19 16:46:33,318 - AUGCON - INFO - Epoch [49/50]-(15/22) Loss: 0.6022, Acc(1): 75.00, Acc(5): 100.00
2023-06-19 16:46:33,318 - AUGCON - INFO - Epoch [49/50]-(20/22) Loss: 0.2051, Acc(1): 100.00, Acc(5): 100.00
2023-06-19 16:46:33,318 - AUGCON - INFO - 	Validation Loss: 0.6241, Acc(1): 85.00, Acc(5): 96.00, F1: 0.20, Recall: 0.20, Precision: 0.20
2023-06-19 16:46:33,318 - AUGCON - INFO - Epoch [50/50]-(0/22) Loss: 0.6229, Acc(1): 75.00, Acc(5): 100.00
2023-06-19 16:46:33,318 - AUGCON - INFO - Epoch [50/50]-(5/22) Loss: 0.2440, Acc(1): 100.00, Acc(5): 100.00
2023-06-19 16:46:33,319 - AUGCON - INFO - Epoch [50/50]-(10/22) Loss: 0.5891, Acc(1): 75.00, Acc(5): 100.00
2023-06-19 16:46:33,319 - AUGCON - INFO - Epoch [50/50]-(15/22) Loss: 0.7406, Acc(1): 75.00, Acc(5): 100.00
2023-06-19 16:46:33,319 - AUGCON - INFO - Epoch [50/50]-(20/22) Loss: 0.1840, Acc(1): 100.00, Acc(5): 100.00
2023-06-19 16:46:33,319 - AUGCON - INFO - 	Validation Loss: 0.6208, Acc(1): 85.00, Acc(5): 96.00, F1: 0.20, Recall: 0.20, Precision: 0.20
2023-06-19 16:46:33,319 - AUGCON - INFO - 	Validation Loss: 0.9018, Acc(1): 83.00, Acc(5): 91.67, F1: 0.20, Recall: 0.21, Precision: 0.19
