2023-06-19 16:13:16,281 - AUGCON - INFO - logger initialized (/home/hjyoon/projects/augcon/config/exp0/finetune_da_false/without_target_domain_PH0007-jskim/cpc_perdomain_8421/tgt_target_domain_PH0034-ykha_seed0.yaml.log)
2023-06-19 16:13:16,281 - AUGCON - INFO - ================= Config =================
2023-06-19 16:13:16,281 - AUGCON - INFO -   mode: finetune
2023-06-19 16:13:16,281 - AUGCON - INFO -   seed: 0
2023-06-19 16:13:16,281 - AUGCON - INFO -   gpu: [0]
2023-06-19 16:13:16,281 - AUGCON - INFO -   num_workers: 1
2023-06-19 16:13:16,281 - AUGCON - INFO -   dist_url: tcp://localhost:10001
2023-06-19 16:13:16,281 - AUGCON - INFO -   dataset_name: ichar
2023-06-19 16:13:16,281 - AUGCON - INFO -   train_dataset_path: /mnt/sting/hjyoon/projects/cross/ICHAR/augcon/target_domain_PH0034-ykha/finetune/10shot/target/train.pkl
2023-06-19 16:13:16,281 - AUGCON - INFO -   test_dataset_path: /mnt/sting/hjyoon/projects/cross/ICHAR/augcon/target_domain_PH0034-ykha/finetune/10shot/target/test.pkl
2023-06-19 16:13:16,281 - AUGCON - INFO -   val_dataset_path: /mnt/sting/hjyoon/projects/cross/ICHAR/augcon/target_domain_PH0034-ykha/finetune/10shot/target/val.pkl
2023-06-19 16:13:16,281 - AUGCON - INFO -   input_channels: 3
2023-06-19 16:13:16,281 - AUGCON - INFO -   num_cls: 9
2023-06-19 16:13:16,281 - AUGCON - INFO -   optimizer: adam
2023-06-19 16:13:16,281 - AUGCON - INFO -   criterion: crossentropy
2023-06-19 16:13:16,281 - AUGCON - INFO -   start_epoch: 0
2023-06-19 16:13:16,281 - AUGCON - INFO -   epochs: 50
2023-06-19 16:13:16,281 - AUGCON - INFO -   batch_size: 4
2023-06-19 16:13:16,282 - AUGCON - INFO -   lr: 0.001
2023-06-19 16:13:16,282 - AUGCON - INFO -   wd: 0.0
2023-06-19 16:13:16,282 - AUGCON - INFO -   resume: 
2023-06-19 16:13:16,282 - AUGCON - INFO -   pretrained: /mnt/sting/hjyoon/projects/augcontrast/models/exp0/pretrain/without_target_domain_PH0007-jskim/cpc_perdomain_8421//checkpoint_0099.pth.tar
2023-06-19 16:13:16,282 - AUGCON - INFO -   ckpt_dir: /mnt/sting/hjyoon/projects/augcontrast/models/exp0/finetune_da_false/without_target_domain_PH0007-jskim/cpc_perdomain_8421/tgt_target_domain_PH0034-ykha_seed0
2023-06-19 16:13:16,282 - AUGCON - INFO -   log_freq: 5
2023-06-19 16:13:16,282 - AUGCON - INFO -   save_freq: 10
2023-06-19 16:13:16,282 - AUGCON - INFO -   pretext: metacpc
2023-06-19 16:13:16,282 - AUGCON - INFO -   enc_blocks: 4
2023-06-19 16:13:16,282 - AUGCON - INFO -   kernel_sizes: [8, 4, 2, 1]
2023-06-19 16:13:16,282 - AUGCON - INFO -   strides: [4, 2, 1, 1]
2023-06-19 16:13:16,282 - AUGCON - INFO -   agg_blocks: 5
2023-06-19 16:13:16,282 - AUGCON - INFO -   z_dim: 256
2023-06-19 16:13:16,282 - AUGCON - INFO -   pooling: mean
2023-06-19 16:13:16,282 - AUGCON - INFO -   pred_steps: 12
2023-06-19 16:13:16,282 - AUGCON - INFO -   n_negatives: 15
2023-06-19 16:13:16,282 - AUGCON - INFO -   offset: 4
2023-06-19 16:13:16,282 - AUGCON - INFO -   domain_adaptation: False
2023-06-19 16:13:16,282 - AUGCON - INFO -   task_steps: 10
2023-06-19 16:13:16,282 - AUGCON - INFO -   task_lr: 0.001
2023-06-19 16:13:16,282 - AUGCON - INFO -   reg_lambda: 0
2023-06-19 16:13:16,282 - AUGCON - INFO -   mlp: False
2023-06-19 16:13:16,282 - AUGCON - INFO -   freeze: True
2023-06-19 16:13:16,282 - AUGCON - INFO -   no_vars: True
2023-06-19 16:13:16,282 - AUGCON - INFO - ==========================================
2023-06-19 16:13:16,282 - AUGCON - INFO - Setting GPUs: [0]
2023-06-19 16:13:16,282 - AUGCON - INFO - GPUs [0] will be used
2023-06-19 16:13:16,283 - AUGCON - WARNING - You have chosen to seed training. 
2023-06-19 16:13:16,283 - AUGCON - WARNING - This will turn on the CUDNN deterministic setting, 
2023-06-19 16:13:16,283 - AUGCON - WARNING - which can slow down your training considerably! 
2023-06-19 16:13:16,283 - AUGCON - WARNING - You may see unexpected behavior when restarting 
2023-06-19 16:13:16,283 - AUGCON - WARNING - from checkpoints.
2023-06-19 16:13:16,313 - AUGCON - INFO - Executing MetaCPC
2023-06-19 16:13:16,313 - AUGCON - INFO - Logs are skipped during training
2023-06-19 16:13:30,123 - AUGCON - INFO - Single GPU is used for training - training 90 instances for each worker
2023-06-19 16:13:30,123 - AUGCON - INFO - Loading pretrained model from checkpoint - /mnt/sting/hjyoon/projects/augcontrast/models/exp0/pretrain/without_target_domain_PH0007-jskim/cpc_perdomain_8421//checkpoint_0099.pth.tar
2023-06-19 16:13:30,123 - AUGCON - INFO - Missing keys: ['predictor.vars.0', 'predictor.vars.1']
2023-06-19 16:13:30,123 - AUGCON - INFO - Loading encoder parameters to the classifier
2023-06-19 16:13:30,123 - AUGCON - INFO - Missing keys: ['classifier.block.0.weight', 'classifier.block.0.bias']
2023-06-19 16:13:30,123 - AUGCON - INFO - Epoch [1/50]-(0/22) Loss: 2.0475, Acc(1): 0.00, Acc(5): 100.00
2023-06-19 16:13:30,123 - AUGCON - INFO - Epoch [1/50]-(5/22) Loss: 1.9787, Acc(1): 0.00, Acc(5): 75.00
2023-06-19 16:13:30,123 - AUGCON - INFO - Epoch [1/50]-(10/22) Loss: 2.5127, Acc(1): 25.00, Acc(5): 75.00
2023-06-19 16:13:30,123 - AUGCON - INFO - Epoch [1/50]-(15/22) Loss: 2.6106, Acc(1): 25.00, Acc(5): 50.00
2023-06-19 16:13:30,123 - AUGCON - INFO - Epoch [1/50]-(20/22) Loss: 2.6266, Acc(1): 0.00, Acc(5): 0.00
2023-06-19 16:13:30,124 - AUGCON - INFO - 	Validation Loss: 2.0218, Acc(1): 22.00, Acc(5): 81.00, F1: 0.06, Recall: 0.06, Precision: 0.06
2023-06-19 16:13:30,124 - AUGCON - INFO - Epoch [2/50]-(0/22) Loss: 2.2840, Acc(1): 0.00, Acc(5): 75.00
2023-06-19 16:13:30,124 - AUGCON - INFO - Epoch [2/50]-(5/22) Loss: 2.0324, Acc(1): 0.00, Acc(5): 75.00
2023-06-19 16:13:30,124 - AUGCON - INFO - Epoch [2/50]-(10/22) Loss: 2.0629, Acc(1): 0.00, Acc(5): 100.00
2023-06-19 16:13:30,124 - AUGCON - INFO - Epoch [2/50]-(15/22) Loss: 2.2227, Acc(1): 0.00, Acc(5): 50.00
2023-06-19 16:13:30,124 - AUGCON - INFO - Epoch [2/50]-(20/22) Loss: 1.9044, Acc(1): 50.00, Acc(5): 100.00
2023-06-19 16:13:30,124 - AUGCON - INFO - 	Validation Loss: 1.8214, Acc(1): 45.00, Acc(5): 96.00, F1: 0.11, Recall: 0.11, Precision: 0.11
2023-06-19 16:13:30,124 - AUGCON - INFO - Epoch [3/50]-(0/22) Loss: 1.7719, Acc(1): 50.00, Acc(5): 100.00
2023-06-19 16:13:30,124 - AUGCON - INFO - Epoch [3/50]-(5/22) Loss: 1.8433, Acc(1): 0.00, Acc(5): 100.00
2023-06-19 16:13:30,124 - AUGCON - INFO - Epoch [3/50]-(10/22) Loss: 1.5860, Acc(1): 25.00, Acc(5): 100.00
2023-06-19 16:13:30,125 - AUGCON - INFO - Epoch [3/50]-(15/22) Loss: 1.6716, Acc(1): 50.00, Acc(5): 100.00
2023-06-19 16:13:30,125 - AUGCON - INFO - Epoch [3/50]-(20/22) Loss: 1.8527, Acc(1): 25.00, Acc(5): 100.00
2023-06-19 16:13:30,125 - AUGCON - INFO - 	Validation Loss: 1.7016, Acc(1): 33.00, Acc(5): 100.00, F1: 0.09, Recall: 0.08, Precision: 0.09
2023-06-19 16:13:30,125 - AUGCON - INFO - Epoch [4/50]-(0/22) Loss: 1.6615, Acc(1): 50.00, Acc(5): 100.00
2023-06-19 16:13:30,125 - AUGCON - INFO - Epoch [4/50]-(5/22) Loss: 1.4948, Acc(1): 0.00, Acc(5): 100.00
2023-06-19 16:13:30,125 - AUGCON - INFO - Epoch [4/50]-(10/22) Loss: 1.7504, Acc(1): 25.00, Acc(5): 100.00
2023-06-19 16:13:30,125 - AUGCON - INFO - Epoch [4/50]-(15/22) Loss: 1.6376, Acc(1): 25.00, Acc(5): 100.00
2023-06-19 16:13:30,125 - AUGCON - INFO - Epoch [4/50]-(20/22) Loss: 1.8688, Acc(1): 25.00, Acc(5): 100.00
2023-06-19 16:13:30,125 - AUGCON - INFO - 	Validation Loss: 1.5811, Acc(1): 51.00, Acc(5): 99.00, F1: 0.14, Recall: 0.13, Precision: 0.14
2023-06-19 16:13:30,125 - AUGCON - INFO - Epoch [5/50]-(0/22) Loss: 1.5560, Acc(1): 25.00, Acc(5): 100.00
2023-06-19 16:13:30,125 - AUGCON - INFO - Epoch [5/50]-(5/22) Loss: 1.6796, Acc(1): 25.00, Acc(5): 100.00
2023-06-19 16:13:30,126 - AUGCON - INFO - Epoch [5/50]-(10/22) Loss: 1.9144, Acc(1): 0.00, Acc(5): 100.00
2023-06-19 16:13:30,126 - AUGCON - INFO - Epoch [5/50]-(15/22) Loss: 1.5335, Acc(1): 25.00, Acc(5): 100.00
2023-06-19 16:13:30,126 - AUGCON - INFO - Epoch [5/50]-(20/22) Loss: 1.6194, Acc(1): 75.00, Acc(5): 100.00
2023-06-19 16:13:30,126 - AUGCON - INFO - 	Validation Loss: 1.5880, Acc(1): 47.00, Acc(5): 100.00, F1: 0.09, Recall: 0.09, Precision: 0.09
2023-06-19 16:13:30,126 - AUGCON - INFO - Epoch [6/50]-(0/22) Loss: 1.3597, Acc(1): 50.00, Acc(5): 100.00
2023-06-19 16:13:30,126 - AUGCON - INFO - Epoch [6/50]-(5/22) Loss: 1.7036, Acc(1): 25.00, Acc(5): 100.00
2023-06-19 16:13:30,126 - AUGCON - INFO - Epoch [6/50]-(10/22) Loss: 1.4474, Acc(1): 50.00, Acc(5): 100.00
2023-06-19 16:13:30,126 - AUGCON - INFO - Epoch [6/50]-(15/22) Loss: 1.3801, Acc(1): 25.00, Acc(5): 100.00
2023-06-19 16:13:30,126 - AUGCON - INFO - Epoch [6/50]-(20/22) Loss: 1.5449, Acc(1): 0.00, Acc(5): 100.00
2023-06-19 16:13:30,126 - AUGCON - INFO - 	Validation Loss: 1.4948, Acc(1): 55.00, Acc(5): 100.00, F1: 0.13, Recall: 0.11, Precision: 0.15
2023-06-19 16:13:30,126 - AUGCON - INFO - Epoch [7/50]-(0/22) Loss: 1.4850, Acc(1): 50.00, Acc(5): 100.00
2023-06-19 16:13:30,126 - AUGCON - INFO - Epoch [7/50]-(5/22) Loss: 1.6810, Acc(1): 25.00, Acc(5): 100.00
2023-06-19 16:13:30,127 - AUGCON - INFO - Epoch [7/50]-(10/22) Loss: 1.4148, Acc(1): 50.00, Acc(5): 100.00
2023-06-19 16:13:30,127 - AUGCON - INFO - Epoch [7/50]-(15/22) Loss: 1.5727, Acc(1): 50.00, Acc(5): 100.00
2023-06-19 16:13:30,127 - AUGCON - INFO - Epoch [7/50]-(20/22) Loss: 1.5248, Acc(1): 75.00, Acc(5): 100.00
2023-06-19 16:13:30,127 - AUGCON - INFO - 	Validation Loss: 1.4050, Acc(1): 63.00, Acc(5): 100.00, F1: 0.13, Recall: 0.13, Precision: 0.13
2023-06-19 16:13:30,127 - AUGCON - INFO - Epoch [8/50]-(0/22) Loss: 1.5424, Acc(1): 50.00, Acc(5): 100.00
2023-06-19 16:13:30,127 - AUGCON - INFO - Epoch [8/50]-(5/22) Loss: 1.3290, Acc(1): 75.00, Acc(5): 100.00
2023-06-19 16:13:30,127 - AUGCON - INFO - Epoch [8/50]-(10/22) Loss: 1.7621, Acc(1): 0.00, Acc(5): 100.00
2023-06-19 16:13:30,127 - AUGCON - INFO - Epoch [8/50]-(15/22) Loss: 1.6653, Acc(1): 50.00, Acc(5): 100.00
2023-06-19 16:13:30,127 - AUGCON - INFO - Epoch [8/50]-(20/22) Loss: 1.2892, Acc(1): 50.00, Acc(5): 100.00
2023-06-19 16:13:30,127 - AUGCON - INFO - 	Validation Loss: 1.3751, Acc(1): 61.00, Acc(5): 100.00, F1: 0.12, Recall: 0.12, Precision: 0.12
2023-06-19 16:13:30,127 - AUGCON - INFO - Epoch [9/50]-(0/22) Loss: 1.2828, Acc(1): 100.00, Acc(5): 100.00
2023-06-19 16:13:30,127 - AUGCON - INFO - Epoch [9/50]-(5/22) Loss: 1.2776, Acc(1): 75.00, Acc(5): 100.00
2023-06-19 16:13:30,128 - AUGCON - INFO - Epoch [9/50]-(10/22) Loss: 1.2787, Acc(1): 75.00, Acc(5): 100.00
2023-06-19 16:13:30,128 - AUGCON - INFO - Epoch [9/50]-(15/22) Loss: 1.3383, Acc(1): 25.00, Acc(5): 100.00
2023-06-19 16:13:30,128 - AUGCON - INFO - Epoch [9/50]-(20/22) Loss: 1.2353, Acc(1): 75.00, Acc(5): 100.00
2023-06-19 16:13:30,128 - AUGCON - INFO - 	Validation Loss: 1.3447, Acc(1): 61.00, Acc(5): 100.00, F1: 0.13, Recall: 0.12, Precision: 0.13
2023-06-19 16:13:30,128 - AUGCON - INFO - Epoch [10/50]-(0/22) Loss: 1.2331, Acc(1): 100.00, Acc(5): 100.00
2023-06-19 16:13:30,128 - AUGCON - INFO - Epoch [10/50]-(5/22) Loss: 1.3402, Acc(1): 50.00, Acc(5): 100.00
2023-06-19 16:13:30,128 - AUGCON - INFO - Epoch [10/50]-(10/22) Loss: 1.0366, Acc(1): 50.00, Acc(5): 100.00
2023-06-19 16:13:30,128 - AUGCON - INFO - Epoch [10/50]-(15/22) Loss: 1.2175, Acc(1): 50.00, Acc(5): 100.00
2023-06-19 16:13:30,128 - AUGCON - INFO - Epoch [10/50]-(20/22) Loss: 1.8607, Acc(1): 50.00, Acc(5): 100.00
2023-06-19 16:13:30,128 - AUGCON - INFO - 	Validation Loss: 1.3410, Acc(1): 59.00, Acc(5): 100.00, F1: 0.14, Recall: 0.12, Precision: 0.16
2023-06-19 16:13:30,128 - AUGCON - INFO - Epoch [11/50]-(0/22) Loss: 1.6832, Acc(1): 25.00, Acc(5): 100.00
2023-06-19 16:13:30,128 - AUGCON - INFO - Epoch [11/50]-(5/22) Loss: 1.3132, Acc(1): 25.00, Acc(5): 100.00
2023-06-19 16:13:30,129 - AUGCON - INFO - Epoch [11/50]-(10/22) Loss: 1.2077, Acc(1): 50.00, Acc(5): 100.00
2023-06-19 16:13:30,129 - AUGCON - INFO - Epoch [11/50]-(15/22) Loss: 1.6011, Acc(1): 50.00, Acc(5): 75.00
2023-06-19 16:13:30,129 - AUGCON - INFO - Epoch [11/50]-(20/22) Loss: 1.2196, Acc(1): 50.00, Acc(5): 100.00
2023-06-19 16:13:30,129 - AUGCON - INFO - 	Validation Loss: 1.2735, Acc(1): 61.00, Acc(5): 100.00, F1: 0.12, Recall: 0.12, Precision: 0.12
2023-06-19 16:13:30,129 - AUGCON - INFO - Epoch [12/50]-(0/22) Loss: 1.4599, Acc(1): 50.00, Acc(5): 100.00
2023-06-19 16:13:30,129 - AUGCON - INFO - Epoch [12/50]-(5/22) Loss: 1.2504, Acc(1): 75.00, Acc(5): 100.00
2023-06-19 16:13:30,129 - AUGCON - INFO - Epoch [12/50]-(10/22) Loss: 0.9996, Acc(1): 100.00, Acc(5): 100.00
2023-06-19 16:13:30,129 - AUGCON - INFO - Epoch [12/50]-(15/22) Loss: 1.1473, Acc(1): 75.00, Acc(5): 100.00
2023-06-19 16:13:30,129 - AUGCON - INFO - Epoch [12/50]-(20/22) Loss: 1.4297, Acc(1): 50.00, Acc(5): 100.00
2023-06-19 16:13:30,129 - AUGCON - INFO - 	Validation Loss: 1.3057, Acc(1): 57.00, Acc(5): 100.00, F1: 0.12, Recall: 0.11, Precision: 0.12
2023-06-19 16:13:30,129 - AUGCON - INFO - Epoch [13/50]-(0/22) Loss: 1.1638, Acc(1): 75.00, Acc(5): 100.00
2023-06-19 16:13:30,129 - AUGCON - INFO - Epoch [13/50]-(5/22) Loss: 1.2868, Acc(1): 50.00, Acc(5): 100.00
2023-06-19 16:13:30,130 - AUGCON - INFO - Epoch [13/50]-(10/22) Loss: 1.2665, Acc(1): 100.00, Acc(5): 100.00
2023-06-19 16:13:30,130 - AUGCON - INFO - Epoch [13/50]-(15/22) Loss: 1.1676, Acc(1): 75.00, Acc(5): 100.00
2023-06-19 16:13:30,130 - AUGCON - INFO - Epoch [13/50]-(20/22) Loss: 1.0547, Acc(1): 100.00, Acc(5): 100.00
2023-06-19 16:13:30,130 - AUGCON - INFO - 	Validation Loss: 1.2373, Acc(1): 62.00, Acc(5): 100.00, F1: 0.14, Recall: 0.13, Precision: 0.15
2023-06-19 16:13:30,130 - AUGCON - INFO - Epoch [14/50]-(0/22) Loss: 1.2133, Acc(1): 75.00, Acc(5): 100.00
2023-06-19 16:13:30,130 - AUGCON - INFO - Epoch [14/50]-(5/22) Loss: 0.9585, Acc(1): 100.00, Acc(5): 100.00
2023-06-19 16:13:30,130 - AUGCON - INFO - Epoch [14/50]-(10/22) Loss: 1.5553, Acc(1): 50.00, Acc(5): 75.00
2023-06-19 16:13:30,130 - AUGCON - INFO - Epoch [14/50]-(15/22) Loss: 1.0926, Acc(1): 25.00, Acc(5): 100.00
2023-06-19 16:13:30,130 - AUGCON - INFO - Epoch [14/50]-(20/22) Loss: 1.3124, Acc(1): 50.00, Acc(5): 100.00
2023-06-19 16:13:30,130 - AUGCON - INFO - 	Validation Loss: 1.2345, Acc(1): 56.00, Acc(5): 100.00, F1: 0.11, Recall: 0.11, Precision: 0.11
2023-06-19 16:13:30,130 - AUGCON - INFO - Epoch [15/50]-(0/22) Loss: 0.9970, Acc(1): 75.00, Acc(5): 100.00
2023-06-19 16:13:30,130 - AUGCON - INFO - Epoch [15/50]-(5/22) Loss: 1.3783, Acc(1): 50.00, Acc(5): 100.00
2023-06-19 16:13:30,131 - AUGCON - INFO - Epoch [15/50]-(10/22) Loss: 1.0941, Acc(1): 75.00, Acc(5): 100.00
2023-06-19 16:13:30,131 - AUGCON - INFO - Epoch [15/50]-(15/22) Loss: 1.3348, Acc(1): 75.00, Acc(5): 100.00
2023-06-19 16:13:30,131 - AUGCON - INFO - Epoch [15/50]-(20/22) Loss: 1.3335, Acc(1): 50.00, Acc(5): 100.00
2023-06-19 16:13:30,131 - AUGCON - INFO - 	Validation Loss: 1.2023, Acc(1): 61.00, Acc(5): 100.00, F1: 0.14, Recall: 0.12, Precision: 0.16
2023-06-19 16:13:30,131 - AUGCON - INFO - Epoch [16/50]-(0/22) Loss: 1.0259, Acc(1): 75.00, Acc(5): 100.00
2023-06-19 16:13:30,131 - AUGCON - INFO - Epoch [16/50]-(5/22) Loss: 1.0763, Acc(1): 50.00, Acc(5): 100.00
2023-06-19 16:13:30,131 - AUGCON - INFO - Epoch [16/50]-(10/22) Loss: 1.4470, Acc(1): 25.00, Acc(5): 100.00
2023-06-19 16:13:30,131 - AUGCON - INFO - Epoch [16/50]-(15/22) Loss: 0.8944, Acc(1): 75.00, Acc(5): 100.00
2023-06-19 16:13:30,131 - AUGCON - INFO - Epoch [16/50]-(20/22) Loss: 1.1741, Acc(1): 50.00, Acc(5): 100.00
2023-06-19 16:13:30,131 - AUGCON - INFO - 	Validation Loss: 1.2141, Acc(1): 58.00, Acc(5): 100.00, F1: 0.12, Recall: 0.12, Precision: 0.12
2023-06-19 16:13:30,131 - AUGCON - INFO - Epoch [17/50]-(0/22) Loss: 1.2171, Acc(1): 75.00, Acc(5): 100.00
2023-06-19 16:13:30,131 - AUGCON - INFO - Epoch [17/50]-(5/22) Loss: 1.2730, Acc(1): 50.00, Acc(5): 100.00
2023-06-19 16:13:30,132 - AUGCON - INFO - Epoch [17/50]-(10/22) Loss: 1.3536, Acc(1): 75.00, Acc(5): 100.00
2023-06-19 16:13:30,132 - AUGCON - INFO - Epoch [17/50]-(15/22) Loss: 1.2201, Acc(1): 50.00, Acc(5): 100.00
2023-06-19 16:13:30,132 - AUGCON - INFO - Epoch [17/50]-(20/22) Loss: 0.9063, Acc(1): 75.00, Acc(5): 100.00
2023-06-19 16:13:30,132 - AUGCON - INFO - 	Validation Loss: 1.1623, Acc(1): 63.00, Acc(5): 99.00, F1: 0.14, Recall: 0.13, Precision: 0.14
2023-06-19 16:13:30,132 - AUGCON - INFO - Epoch [18/50]-(0/22) Loss: 1.5673, Acc(1): 50.00, Acc(5): 100.00
2023-06-19 16:13:30,132 - AUGCON - INFO - Epoch [18/50]-(5/22) Loss: 1.4049, Acc(1): 50.00, Acc(5): 100.00
2023-06-19 16:13:30,132 - AUGCON - INFO - Epoch [18/50]-(10/22) Loss: 1.2783, Acc(1): 25.00, Acc(5): 100.00
2023-06-19 16:13:30,132 - AUGCON - INFO - Epoch [18/50]-(15/22) Loss: 1.0768, Acc(1): 50.00, Acc(5): 100.00
2023-06-19 16:13:30,132 - AUGCON - INFO - Epoch [18/50]-(20/22) Loss: 1.0841, Acc(1): 75.00, Acc(5): 100.00
2023-06-19 16:13:30,132 - AUGCON - INFO - 	Validation Loss: 1.1541, Acc(1): 63.00, Acc(5): 100.00, F1: 0.13, Recall: 0.13, Precision: 0.14
2023-06-19 16:13:30,132 - AUGCON - INFO - Epoch [19/50]-(0/22) Loss: 1.1113, Acc(1): 75.00, Acc(5): 100.00
2023-06-19 16:13:30,133 - AUGCON - INFO - Epoch [19/50]-(5/22) Loss: 1.5285, Acc(1): 50.00, Acc(5): 100.00
2023-06-19 16:13:30,133 - AUGCON - INFO - Epoch [19/50]-(10/22) Loss: 1.4290, Acc(1): 50.00, Acc(5): 100.00
2023-06-19 16:13:30,133 - AUGCON - INFO - Epoch [19/50]-(15/22) Loss: 1.2833, Acc(1): 50.00, Acc(5): 100.00
2023-06-19 16:13:30,133 - AUGCON - INFO - Epoch [19/50]-(20/22) Loss: 0.7645, Acc(1): 100.00, Acc(5): 100.00
2023-06-19 16:13:30,133 - AUGCON - INFO - 	Validation Loss: 1.1711, Acc(1): 66.00, Acc(5): 100.00, F1: 0.15, Recall: 0.14, Precision: 0.16
2023-06-19 16:13:30,133 - AUGCON - INFO - Epoch [20/50]-(0/22) Loss: 0.9872, Acc(1): 100.00, Acc(5): 100.00
2023-06-19 16:13:30,133 - AUGCON - INFO - Epoch [20/50]-(5/22) Loss: 1.0832, Acc(1): 100.00, Acc(5): 100.00
2023-06-19 16:13:30,133 - AUGCON - INFO - Epoch [20/50]-(10/22) Loss: 1.2973, Acc(1): 50.00, Acc(5): 100.00
2023-06-19 16:13:30,133 - AUGCON - INFO - Epoch [20/50]-(15/22) Loss: 1.3028, Acc(1): 75.00, Acc(5): 100.00
2023-06-19 16:13:30,133 - AUGCON - INFO - Epoch [20/50]-(20/22) Loss: 1.1332, Acc(1): 50.00, Acc(5): 100.00
2023-06-19 16:13:30,133 - AUGCON - INFO - 	Validation Loss: 1.1511, Acc(1): 64.00, Acc(5): 100.00, F1: 0.14, Recall: 0.13, Precision: 0.15
2023-06-19 16:13:30,133 - AUGCON - INFO - Epoch [21/50]-(0/22) Loss: 1.0314, Acc(1): 75.00, Acc(5): 100.00
2023-06-19 16:13:30,134 - AUGCON - INFO - Epoch [21/50]-(5/22) Loss: 1.0780, Acc(1): 50.00, Acc(5): 100.00
2023-06-19 16:13:30,134 - AUGCON - INFO - Epoch [21/50]-(10/22) Loss: 0.9954, Acc(1): 50.00, Acc(5): 100.00
2023-06-19 16:13:30,134 - AUGCON - INFO - Epoch [21/50]-(15/22) Loss: 0.8697, Acc(1): 75.00, Acc(5): 100.00
2023-06-19 16:13:30,134 - AUGCON - INFO - Epoch [21/50]-(20/22) Loss: 1.5304, Acc(1): 25.00, Acc(5): 100.00
2023-06-19 16:13:30,134 - AUGCON - INFO - 	Validation Loss: 1.0816, Acc(1): 69.00, Acc(5): 100.00, F1: 0.15, Recall: 0.14, Precision: 0.17
2023-06-19 16:13:30,134 - AUGCON - INFO - Epoch [22/50]-(0/22) Loss: 1.3373, Acc(1): 25.00, Acc(5): 100.00
2023-06-19 16:13:30,134 - AUGCON - INFO - Epoch [22/50]-(5/22) Loss: 0.9751, Acc(1): 75.00, Acc(5): 100.00
2023-06-19 16:13:30,134 - AUGCON - INFO - Epoch [22/50]-(10/22) Loss: 1.0145, Acc(1): 75.00, Acc(5): 100.00
2023-06-19 16:13:30,134 - AUGCON - INFO - Epoch [22/50]-(15/22) Loss: 0.8809, Acc(1): 75.00, Acc(5): 100.00
2023-06-19 16:13:30,134 - AUGCON - INFO - Epoch [22/50]-(20/22) Loss: 1.0512, Acc(1): 75.00, Acc(5): 100.00
2023-06-19 16:13:30,134 - AUGCON - INFO - 	Validation Loss: 1.0772, Acc(1): 63.00, Acc(5): 100.00, F1: 0.13, Recall: 0.13, Precision: 0.13
2023-06-19 16:13:30,134 - AUGCON - INFO - Epoch [23/50]-(0/22) Loss: 0.8606, Acc(1): 100.00, Acc(5): 100.00
2023-06-19 16:13:30,135 - AUGCON - INFO - Epoch [23/50]-(5/22) Loss: 1.0259, Acc(1): 75.00, Acc(5): 100.00
2023-06-19 16:13:30,135 - AUGCON - INFO - Epoch [23/50]-(10/22) Loss: 0.6711, Acc(1): 100.00, Acc(5): 100.00
2023-06-19 16:13:30,135 - AUGCON - INFO - Epoch [23/50]-(15/22) Loss: 1.0598, Acc(1): 50.00, Acc(5): 100.00
2023-06-19 16:13:30,135 - AUGCON - INFO - Epoch [23/50]-(20/22) Loss: 1.0103, Acc(1): 75.00, Acc(5): 100.00
2023-06-19 16:13:30,135 - AUGCON - INFO - 	Validation Loss: 1.0785, Acc(1): 63.00, Acc(5): 100.00, F1: 0.13, Recall: 0.13, Precision: 0.13
2023-06-19 16:13:30,135 - AUGCON - INFO - Epoch [24/50]-(0/22) Loss: 1.0034, Acc(1): 75.00, Acc(5): 100.00
2023-06-19 16:13:30,135 - AUGCON - INFO - Epoch [24/50]-(5/22) Loss: 1.0011, Acc(1): 50.00, Acc(5): 100.00
2023-06-19 16:13:30,135 - AUGCON - INFO - Epoch [24/50]-(10/22) Loss: 1.0100, Acc(1): 75.00, Acc(5): 100.00
2023-06-19 16:13:30,135 - AUGCON - INFO - Epoch [24/50]-(15/22) Loss: 1.1014, Acc(1): 50.00, Acc(5): 100.00
2023-06-19 16:13:30,135 - AUGCON - INFO - Epoch [24/50]-(20/22) Loss: 0.9328, Acc(1): 75.00, Acc(5): 100.00
2023-06-19 16:13:30,135 - AUGCON - INFO - 	Validation Loss: 1.0715, Acc(1): 62.00, Acc(5): 100.00, F1: 0.13, Recall: 0.13, Precision: 0.13
2023-06-19 16:13:30,135 - AUGCON - INFO - Epoch [25/50]-(0/22) Loss: 1.1050, Acc(1): 50.00, Acc(5): 100.00
2023-06-19 16:13:30,136 - AUGCON - INFO - Epoch [25/50]-(5/22) Loss: 0.8501, Acc(1): 100.00, Acc(5): 100.00
2023-06-19 16:13:30,136 - AUGCON - INFO - Epoch [25/50]-(10/22) Loss: 1.0360, Acc(1): 50.00, Acc(5): 100.00
2023-06-19 16:13:30,136 - AUGCON - INFO - Epoch [25/50]-(15/22) Loss: 1.4877, Acc(1): 50.00, Acc(5): 100.00
2023-06-19 16:13:30,136 - AUGCON - INFO - Epoch [25/50]-(20/22) Loss: 0.9353, Acc(1): 75.00, Acc(5): 100.00
2023-06-19 16:13:30,136 - AUGCON - INFO - 	Validation Loss: 1.0580, Acc(1): 62.00, Acc(5): 100.00, F1: 0.13, Recall: 0.13, Precision: 0.13
2023-06-19 16:13:30,136 - AUGCON - INFO - Epoch [26/50]-(0/22) Loss: 0.6436, Acc(1): 100.00, Acc(5): 100.00
2023-06-19 16:13:30,136 - AUGCON - INFO - Epoch [26/50]-(5/22) Loss: 0.8148, Acc(1): 100.00, Acc(5): 100.00
2023-06-19 16:13:30,136 - AUGCON - INFO - Epoch [26/50]-(10/22) Loss: 1.3484, Acc(1): 25.00, Acc(5): 100.00
2023-06-19 16:13:30,136 - AUGCON - INFO - Epoch [26/50]-(15/22) Loss: 1.3009, Acc(1): 50.00, Acc(5): 100.00
2023-06-19 16:13:30,136 - AUGCON - INFO - Epoch [26/50]-(20/22) Loss: 1.3980, Acc(1): 50.00, Acc(5): 100.00
2023-06-19 16:13:30,136 - AUGCON - INFO - 	Validation Loss: 1.0177, Acc(1): 71.00, Acc(5): 100.00, F1: 0.15, Recall: 0.15, Precision: 0.15
2023-06-19 16:13:30,137 - AUGCON - INFO - Epoch [27/50]-(0/22) Loss: 1.0495, Acc(1): 75.00, Acc(5): 100.00
2023-06-19 16:13:30,137 - AUGCON - INFO - Epoch [27/50]-(5/22) Loss: 0.8646, Acc(1): 75.00, Acc(5): 100.00
2023-06-19 16:13:30,137 - AUGCON - INFO - Epoch [27/50]-(10/22) Loss: 1.1422, Acc(1): 50.00, Acc(5): 100.00
2023-06-19 16:13:30,137 - AUGCON - INFO - Epoch [27/50]-(15/22) Loss: 1.2863, Acc(1): 75.00, Acc(5): 100.00
2023-06-19 16:13:30,137 - AUGCON - INFO - Epoch [27/50]-(20/22) Loss: 1.0095, Acc(1): 75.00, Acc(5): 100.00
2023-06-19 16:13:30,137 - AUGCON - INFO - 	Validation Loss: 1.0327, Acc(1): 63.00, Acc(5): 100.00, F1: 0.14, Recall: 0.13, Precision: 0.15
2023-06-19 16:13:30,137 - AUGCON - INFO - Epoch [28/50]-(0/22) Loss: 0.9035, Acc(1): 75.00, Acc(5): 100.00
2023-06-19 16:13:30,137 - AUGCON - INFO - Epoch [28/50]-(5/22) Loss: 0.9840, Acc(1): 75.00, Acc(5): 100.00
2023-06-19 16:13:30,137 - AUGCON - INFO - Epoch [28/50]-(10/22) Loss: 0.8741, Acc(1): 75.00, Acc(5): 100.00
2023-06-19 16:13:30,137 - AUGCON - INFO - Epoch [28/50]-(15/22) Loss: 0.9845, Acc(1): 50.00, Acc(5): 100.00
2023-06-19 16:13:30,137 - AUGCON - INFO - Epoch [28/50]-(20/22) Loss: 0.8521, Acc(1): 100.00, Acc(5): 100.00
2023-06-19 16:13:30,137 - AUGCON - INFO - 	Validation Loss: 1.0405, Acc(1): 65.00, Acc(5): 100.00, F1: 0.14, Recall: 0.13, Precision: 0.15
2023-06-19 16:13:30,138 - AUGCON - INFO - Epoch [29/50]-(0/22) Loss: 0.7451, Acc(1): 100.00, Acc(5): 100.00
2023-06-19 16:13:30,138 - AUGCON - INFO - Epoch [29/50]-(5/22) Loss: 1.1004, Acc(1): 25.00, Acc(5): 100.00
2023-06-19 16:13:30,138 - AUGCON - INFO - Epoch [29/50]-(10/22) Loss: 0.9653, Acc(1): 75.00, Acc(5): 100.00
2023-06-19 16:13:30,138 - AUGCON - INFO - Epoch [29/50]-(15/22) Loss: 1.4195, Acc(1): 50.00, Acc(5): 100.00
2023-06-19 16:13:30,138 - AUGCON - INFO - Epoch [29/50]-(20/22) Loss: 1.5260, Acc(1): 50.00, Acc(5): 75.00
2023-06-19 16:13:30,138 - AUGCON - INFO - 	Validation Loss: 1.0269, Acc(1): 63.00, Acc(5): 100.00, F1: 0.13, Recall: 0.13, Precision: 0.14
2023-06-19 16:13:30,138 - AUGCON - INFO - Epoch [30/50]-(0/22) Loss: 0.6698, Acc(1): 100.00, Acc(5): 100.00
2023-06-19 16:13:30,138 - AUGCON - INFO - Epoch [30/50]-(5/22) Loss: 0.9454, Acc(1): 75.00, Acc(5): 100.00
2023-06-19 16:13:30,138 - AUGCON - INFO - Epoch [30/50]-(10/22) Loss: 1.0751, Acc(1): 50.00, Acc(5): 100.00
2023-06-19 16:13:30,138 - AUGCON - INFO - Epoch [30/50]-(15/22) Loss: 0.9402, Acc(1): 50.00, Acc(5): 100.00
2023-06-19 16:13:30,138 - AUGCON - INFO - Epoch [30/50]-(20/22) Loss: 0.6564, Acc(1): 100.00, Acc(5): 100.00
2023-06-19 16:13:30,138 - AUGCON - INFO - 	Validation Loss: 1.0225, Acc(1): 60.00, Acc(5): 100.00, F1: 0.13, Recall: 0.12, Precision: 0.14
2023-06-19 16:13:30,138 - AUGCON - INFO - Epoch [31/50]-(0/22) Loss: 1.1156, Acc(1): 75.00, Acc(5): 100.00
2023-06-19 16:13:30,139 - AUGCON - INFO - Epoch [31/50]-(5/22) Loss: 1.0414, Acc(1): 25.00, Acc(5): 100.00
2023-06-19 16:13:30,139 - AUGCON - INFO - Epoch [31/50]-(10/22) Loss: 1.1371, Acc(1): 75.00, Acc(5): 100.00
2023-06-19 16:13:30,139 - AUGCON - INFO - Epoch [31/50]-(15/22) Loss: 1.0234, Acc(1): 50.00, Acc(5): 100.00
2023-06-19 16:13:30,139 - AUGCON - INFO - Epoch [31/50]-(20/22) Loss: 0.7613, Acc(1): 75.00, Acc(5): 100.00
2023-06-19 16:13:30,139 - AUGCON - INFO - 	Validation Loss: 1.0020, Acc(1): 66.00, Acc(5): 100.00, F1: 0.14, Recall: 0.14, Precision: 0.15
2023-06-19 16:13:30,139 - AUGCON - INFO - Epoch [32/50]-(0/22) Loss: 0.8195, Acc(1): 75.00, Acc(5): 100.00
2023-06-19 16:13:30,139 - AUGCON - INFO - Epoch [32/50]-(5/22) Loss: 1.1730, Acc(1): 50.00, Acc(5): 100.00
2023-06-19 16:13:30,139 - AUGCON - INFO - Epoch [32/50]-(10/22) Loss: 0.8287, Acc(1): 100.00, Acc(5): 100.00
2023-06-19 16:13:30,139 - AUGCON - INFO - Epoch [32/50]-(15/22) Loss: 1.0398, Acc(1): 75.00, Acc(5): 100.00
2023-06-19 16:13:30,139 - AUGCON - INFO - Epoch [32/50]-(20/22) Loss: 0.8338, Acc(1): 100.00, Acc(5): 100.00
2023-06-19 16:13:30,139 - AUGCON - INFO - 	Validation Loss: 1.0173, Acc(1): 57.00, Acc(5): 100.00, F1: 0.12, Recall: 0.11, Precision: 0.12
2023-06-19 16:13:30,139 - AUGCON - INFO - Epoch [33/50]-(0/22) Loss: 0.6740, Acc(1): 75.00, Acc(5): 100.00
2023-06-19 16:13:30,140 - AUGCON - INFO - Epoch [33/50]-(5/22) Loss: 0.5920, Acc(1): 100.00, Acc(5): 100.00
2023-06-19 16:13:30,140 - AUGCON - INFO - Epoch [33/50]-(10/22) Loss: 0.4578, Acc(1): 100.00, Acc(5): 100.00
2023-06-19 16:13:30,140 - AUGCON - INFO - Epoch [33/50]-(15/22) Loss: 1.1497, Acc(1): 50.00, Acc(5): 100.00
2023-06-19 16:13:30,140 - AUGCON - INFO - Epoch [33/50]-(20/22) Loss: 0.9852, Acc(1): 50.00, Acc(5): 100.00
2023-06-19 16:13:30,140 - AUGCON - INFO - 	Validation Loss: 1.0144, Acc(1): 62.00, Acc(5): 100.00, F1: 0.13, Recall: 0.13, Precision: 0.14
2023-06-19 16:13:30,140 - AUGCON - INFO - Epoch [34/50]-(0/22) Loss: 1.0558, Acc(1): 75.00, Acc(5): 100.00
2023-06-19 16:13:30,140 - AUGCON - INFO - Epoch [34/50]-(5/22) Loss: 0.9514, Acc(1): 50.00, Acc(5): 100.00
2023-06-19 16:13:30,140 - AUGCON - INFO - Epoch [34/50]-(10/22) Loss: 1.0311, Acc(1): 50.00, Acc(5): 100.00
2023-06-19 16:13:30,140 - AUGCON - INFO - Epoch [34/50]-(15/22) Loss: 1.1099, Acc(1): 25.00, Acc(5): 100.00
2023-06-19 16:13:30,140 - AUGCON - INFO - Epoch [34/50]-(20/22) Loss: 1.4261, Acc(1): 25.00, Acc(5): 100.00
2023-06-19 16:13:30,140 - AUGCON - INFO - 	Validation Loss: 0.9731, Acc(1): 67.00, Acc(5): 100.00, F1: 0.14, Recall: 0.14, Precision: 0.15
2023-06-19 16:13:30,140 - AUGCON - INFO - Epoch [35/50]-(0/22) Loss: 0.7515, Acc(1): 100.00, Acc(5): 100.00
2023-06-19 16:13:30,141 - AUGCON - INFO - Epoch [35/50]-(5/22) Loss: 1.1378, Acc(1): 50.00, Acc(5): 100.00
2023-06-19 16:13:30,141 - AUGCON - INFO - Epoch [35/50]-(10/22) Loss: 0.7230, Acc(1): 100.00, Acc(5): 100.00
2023-06-19 16:13:30,141 - AUGCON - INFO - Epoch [35/50]-(15/22) Loss: 0.7201, Acc(1): 100.00, Acc(5): 100.00
2023-06-19 16:13:30,141 - AUGCON - INFO - Epoch [35/50]-(20/22) Loss: 0.8241, Acc(1): 75.00, Acc(5): 100.00
2023-06-19 16:13:30,141 - AUGCON - INFO - 	Validation Loss: 0.9743, Acc(1): 61.00, Acc(5): 100.00, F1: 0.12, Recall: 0.12, Precision: 0.13
2023-06-19 16:13:30,141 - AUGCON - INFO - Epoch [36/50]-(0/22) Loss: 1.0188, Acc(1): 25.00, Acc(5): 100.00
2023-06-19 16:13:30,141 - AUGCON - INFO - Epoch [36/50]-(5/22) Loss: 0.7470, Acc(1): 75.00, Acc(5): 100.00
2023-06-19 16:13:30,141 - AUGCON - INFO - Epoch [36/50]-(10/22) Loss: 0.8534, Acc(1): 100.00, Acc(5): 100.00
2023-06-19 16:13:30,141 - AUGCON - INFO - Epoch [36/50]-(15/22) Loss: 0.9113, Acc(1): 50.00, Acc(5): 100.00
2023-06-19 16:13:30,141 - AUGCON - INFO - Epoch [36/50]-(20/22) Loss: 1.4529, Acc(1): 75.00, Acc(5): 100.00
2023-06-19 16:13:30,141 - AUGCON - INFO - 	Validation Loss: 0.9954, Acc(1): 62.00, Acc(5): 100.00, F1: 0.13, Recall: 0.13, Precision: 0.14
2023-06-19 16:13:30,141 - AUGCON - INFO - Epoch [37/50]-(0/22) Loss: 0.7341, Acc(1): 100.00, Acc(5): 100.00
2023-06-19 16:13:30,142 - AUGCON - INFO - Epoch [37/50]-(5/22) Loss: 0.6871, Acc(1): 75.00, Acc(5): 100.00
2023-06-19 16:13:30,142 - AUGCON - INFO - Epoch [37/50]-(10/22) Loss: 0.9679, Acc(1): 75.00, Acc(5): 100.00
2023-06-19 16:13:30,142 - AUGCON - INFO - Epoch [37/50]-(15/22) Loss: 0.7150, Acc(1): 100.00, Acc(5): 100.00
2023-06-19 16:13:30,142 - AUGCON - INFO - Epoch [37/50]-(20/22) Loss: 1.0165, Acc(1): 50.00, Acc(5): 100.00
2023-06-19 16:13:30,142 - AUGCON - INFO - 	Validation Loss: 0.9713, Acc(1): 62.00, Acc(5): 100.00, F1: 0.13, Recall: 0.13, Precision: 0.14
2023-06-19 16:13:30,142 - AUGCON - INFO - Epoch [38/50]-(0/22) Loss: 0.7347, Acc(1): 75.00, Acc(5): 100.00
2023-06-19 16:13:30,142 - AUGCON - INFO - Epoch [38/50]-(5/22) Loss: 0.7671, Acc(1): 100.00, Acc(5): 100.00
2023-06-19 16:13:30,142 - AUGCON - INFO - Epoch [38/50]-(10/22) Loss: 1.2732, Acc(1): 50.00, Acc(5): 100.00
2023-06-19 16:13:30,142 - AUGCON - INFO - Epoch [38/50]-(15/22) Loss: 0.9136, Acc(1): 50.00, Acc(5): 100.00
2023-06-19 16:13:30,142 - AUGCON - INFO - Epoch [38/50]-(20/22) Loss: 0.9137, Acc(1): 100.00, Acc(5): 100.00
2023-06-19 16:13:30,142 - AUGCON - INFO - 	Validation Loss: 0.9568, Acc(1): 69.00, Acc(5): 100.00, F1: 0.15, Recall: 0.14, Precision: 0.16
2023-06-19 16:13:30,142 - AUGCON - INFO - Epoch [39/50]-(0/22) Loss: 0.6998, Acc(1): 100.00, Acc(5): 100.00
2023-06-19 16:13:30,143 - AUGCON - INFO - Epoch [39/50]-(5/22) Loss: 0.8281, Acc(1): 75.00, Acc(5): 100.00
2023-06-19 16:13:30,143 - AUGCON - INFO - Epoch [39/50]-(10/22) Loss: 1.2623, Acc(1): 50.00, Acc(5): 100.00
2023-06-19 16:13:30,143 - AUGCON - INFO - Epoch [39/50]-(15/22) Loss: 1.1278, Acc(1): 75.00, Acc(5): 100.00
2023-06-19 16:13:30,143 - AUGCON - INFO - Epoch [39/50]-(20/22) Loss: 0.6473, Acc(1): 100.00, Acc(5): 100.00
2023-06-19 16:13:30,143 - AUGCON - INFO - 	Validation Loss: 0.9931, Acc(1): 63.00, Acc(5): 100.00, F1: 0.14, Recall: 0.13, Precision: 0.14
2023-06-19 16:13:30,143 - AUGCON - INFO - Epoch [40/50]-(0/22) Loss: 0.9540, Acc(1): 75.00, Acc(5): 100.00
2023-06-19 16:13:30,143 - AUGCON - INFO - Epoch [40/50]-(5/22) Loss: 0.7296, Acc(1): 75.00, Acc(5): 100.00
2023-06-19 16:13:30,143 - AUGCON - INFO - Epoch [40/50]-(10/22) Loss: 1.3305, Acc(1): 50.00, Acc(5): 75.00
2023-06-19 16:13:30,143 - AUGCON - INFO - Epoch [40/50]-(15/22) Loss: 0.9890, Acc(1): 75.00, Acc(5): 100.00
2023-06-19 16:13:30,143 - AUGCON - INFO - Epoch [40/50]-(20/22) Loss: 0.9680, Acc(1): 50.00, Acc(5): 100.00
2023-06-19 16:13:30,143 - AUGCON - INFO - 	Validation Loss: 0.8965, Acc(1): 74.00, Acc(5): 100.00, F1: 0.16, Recall: 0.16, Precision: 0.16
2023-06-19 16:13:30,143 - AUGCON - INFO - Epoch [41/50]-(0/22) Loss: 0.9089, Acc(1): 75.00, Acc(5): 100.00
2023-06-19 16:13:30,144 - AUGCON - INFO - Epoch [41/50]-(5/22) Loss: 0.6310, Acc(1): 100.00, Acc(5): 100.00
2023-06-19 16:13:30,144 - AUGCON - INFO - Epoch [41/50]-(10/22) Loss: 0.5706, Acc(1): 100.00, Acc(5): 100.00
2023-06-19 16:13:30,144 - AUGCON - INFO - Epoch [41/50]-(15/22) Loss: 0.6052, Acc(1): 75.00, Acc(5): 100.00
2023-06-19 16:13:30,144 - AUGCON - INFO - Epoch [41/50]-(20/22) Loss: 1.1073, Acc(1): 75.00, Acc(5): 100.00
2023-06-19 16:13:30,144 - AUGCON - INFO - 	Validation Loss: 0.9307, Acc(1): 61.00, Acc(5): 100.00, F1: 0.13, Recall: 0.12, Precision: 0.13
2023-06-19 16:13:30,144 - AUGCON - INFO - Epoch [42/50]-(0/22) Loss: 0.6347, Acc(1): 75.00, Acc(5): 100.00
2023-06-19 16:13:30,144 - AUGCON - INFO - Epoch [42/50]-(5/22) Loss: 0.7485, Acc(1): 50.00, Acc(5): 100.00
2023-06-19 16:13:30,144 - AUGCON - INFO - Epoch [42/50]-(10/22) Loss: 0.7987, Acc(1): 75.00, Acc(5): 100.00
2023-06-19 16:13:30,144 - AUGCON - INFO - Epoch [42/50]-(15/22) Loss: 0.8071, Acc(1): 75.00, Acc(5): 100.00
2023-06-19 16:13:30,144 - AUGCON - INFO - Epoch [42/50]-(20/22) Loss: 1.0624, Acc(1): 50.00, Acc(5): 100.00
2023-06-19 16:13:30,144 - AUGCON - INFO - 	Validation Loss: 0.9180, Acc(1): 68.00, Acc(5): 100.00, F1: 0.15, Recall: 0.14, Precision: 0.15
2023-06-19 16:13:30,145 - AUGCON - INFO - Epoch [43/50]-(0/22) Loss: 0.6309, Acc(1): 100.00, Acc(5): 100.00
2023-06-19 16:13:30,145 - AUGCON - INFO - Epoch [43/50]-(5/22) Loss: 0.6666, Acc(1): 100.00, Acc(5): 100.00
2023-06-19 16:13:30,145 - AUGCON - INFO - Epoch [43/50]-(10/22) Loss: 0.7823, Acc(1): 50.00, Acc(5): 100.00
2023-06-19 16:13:30,145 - AUGCON - INFO - Epoch [43/50]-(15/22) Loss: 0.7832, Acc(1): 100.00, Acc(5): 100.00
2023-06-19 16:13:30,145 - AUGCON - INFO - Epoch [43/50]-(20/22) Loss: 1.2198, Acc(1): 50.00, Acc(5): 100.00
2023-06-19 16:13:30,145 - AUGCON - INFO - 	Validation Loss: 0.9512, Acc(1): 67.00, Acc(5): 100.00, F1: 0.14, Recall: 0.14, Precision: 0.15
2023-06-19 16:13:30,145 - AUGCON - INFO - Epoch [44/50]-(0/22) Loss: 0.5958, Acc(1): 100.00, Acc(5): 100.00
2023-06-19 16:13:30,145 - AUGCON - INFO - Epoch [44/50]-(5/22) Loss: 1.2174, Acc(1): 50.00, Acc(5): 100.00
2023-06-19 16:13:30,145 - AUGCON - INFO - Epoch [44/50]-(10/22) Loss: 0.7922, Acc(1): 75.00, Acc(5): 100.00
2023-06-19 16:13:30,145 - AUGCON - INFO - Epoch [44/50]-(15/22) Loss: 0.6019, Acc(1): 100.00, Acc(5): 100.00
2023-06-19 16:13:30,145 - AUGCON - INFO - Epoch [44/50]-(20/22) Loss: 0.6906, Acc(1): 100.00, Acc(5): 100.00
2023-06-19 16:13:30,145 - AUGCON - INFO - 	Validation Loss: 0.9252, Acc(1): 68.00, Acc(5): 100.00, F1: 0.15, Recall: 0.14, Precision: 0.15
2023-06-19 16:13:30,146 - AUGCON - INFO - Epoch [45/50]-(0/22) Loss: 0.7634, Acc(1): 75.00, Acc(5): 100.00
2023-06-19 16:13:30,146 - AUGCON - INFO - Epoch [45/50]-(5/22) Loss: 0.7961, Acc(1): 75.00, Acc(5): 100.00
2023-06-19 16:13:30,146 - AUGCON - INFO - Epoch [45/50]-(10/22) Loss: 0.4888, Acc(1): 100.00, Acc(5): 100.00
2023-06-19 16:13:30,146 - AUGCON - INFO - Epoch [45/50]-(15/22) Loss: 0.8586, Acc(1): 75.00, Acc(5): 100.00
2023-06-19 16:13:30,146 - AUGCON - INFO - Epoch [45/50]-(20/22) Loss: 0.8919, Acc(1): 75.00, Acc(5): 100.00
2023-06-19 16:13:30,146 - AUGCON - INFO - 	Validation Loss: 0.9165, Acc(1): 66.00, Acc(5): 100.00, F1: 0.14, Recall: 0.14, Precision: 0.15
2023-06-19 16:13:30,146 - AUGCON - INFO - Epoch [46/50]-(0/22) Loss: 0.5990, Acc(1): 100.00, Acc(5): 100.00
2023-06-19 16:13:30,146 - AUGCON - INFO - Epoch [46/50]-(5/22) Loss: 0.6962, Acc(1): 75.00, Acc(5): 100.00
2023-06-19 16:13:30,146 - AUGCON - INFO - Epoch [46/50]-(10/22) Loss: 0.6612, Acc(1): 100.00, Acc(5): 100.00
2023-06-19 16:13:30,146 - AUGCON - INFO - Epoch [46/50]-(15/22) Loss: 0.7726, Acc(1): 75.00, Acc(5): 100.00
2023-06-19 16:13:30,146 - AUGCON - INFO - Epoch [46/50]-(20/22) Loss: 0.7604, Acc(1): 75.00, Acc(5): 100.00
2023-06-19 16:13:30,146 - AUGCON - INFO - 	Validation Loss: 0.9180, Acc(1): 57.00, Acc(5): 100.00, F1: 0.12, Recall: 0.11, Precision: 0.13
2023-06-19 16:13:30,147 - AUGCON - INFO - Epoch [47/50]-(0/22) Loss: 0.6748, Acc(1): 100.00, Acc(5): 100.00
2023-06-19 16:13:30,147 - AUGCON - INFO - Epoch [47/50]-(5/22) Loss: 0.7643, Acc(1): 75.00, Acc(5): 100.00
2023-06-19 16:13:30,147 - AUGCON - INFO - Epoch [47/50]-(10/22) Loss: 0.9168, Acc(1): 75.00, Acc(5): 100.00
2023-06-19 16:13:30,147 - AUGCON - INFO - Epoch [47/50]-(15/22) Loss: 0.6123, Acc(1): 100.00, Acc(5): 100.00
2023-06-19 16:13:30,147 - AUGCON - INFO - Epoch [47/50]-(20/22) Loss: 0.8565, Acc(1): 75.00, Acc(5): 100.00
2023-06-19 16:13:30,147 - AUGCON - INFO - 	Validation Loss: 0.8745, Acc(1): 65.00, Acc(5): 100.00, F1: 0.14, Recall: 0.13, Precision: 0.14
2023-06-19 16:13:30,147 - AUGCON - INFO - Epoch [48/50]-(0/22) Loss: 0.9385, Acc(1): 75.00, Acc(5): 100.00
2023-06-19 16:13:30,147 - AUGCON - INFO - Epoch [48/50]-(5/22) Loss: 0.5197, Acc(1): 100.00, Acc(5): 100.00
2023-06-19 16:13:30,147 - AUGCON - INFO - Epoch [48/50]-(10/22) Loss: 1.3156, Acc(1): 50.00, Acc(5): 75.00
2023-06-19 16:13:30,147 - AUGCON - INFO - Epoch [48/50]-(15/22) Loss: 0.5900, Acc(1): 75.00, Acc(5): 100.00
2023-06-19 16:13:30,147 - AUGCON - INFO - Epoch [48/50]-(20/22) Loss: 1.1666, Acc(1): 50.00, Acc(5): 100.00
2023-06-19 16:13:30,147 - AUGCON - INFO - 	Validation Loss: 0.8770, Acc(1): 68.00, Acc(5): 100.00, F1: 0.15, Recall: 0.14, Precision: 0.16
2023-06-19 16:13:30,148 - AUGCON - INFO - Epoch [49/50]-(0/22) Loss: 0.8339, Acc(1): 50.00, Acc(5): 100.00
2023-06-19 16:13:30,148 - AUGCON - INFO - Epoch [49/50]-(5/22) Loss: 0.8042, Acc(1): 75.00, Acc(5): 100.00
2023-06-19 16:13:30,148 - AUGCON - INFO - Epoch [49/50]-(10/22) Loss: 1.5330, Acc(1): 50.00, Acc(5): 100.00
2023-06-19 16:13:30,148 - AUGCON - INFO - Epoch [49/50]-(15/22) Loss: 0.8105, Acc(1): 75.00, Acc(5): 100.00
2023-06-19 16:13:30,148 - AUGCON - INFO - Epoch [49/50]-(20/22) Loss: 0.6355, Acc(1): 75.00, Acc(5): 100.00
2023-06-19 16:13:30,148 - AUGCON - INFO - 	Validation Loss: 0.8945, Acc(1): 65.00, Acc(5): 100.00, F1: 0.14, Recall: 0.13, Precision: 0.15
2023-06-19 16:13:30,148 - AUGCON - INFO - Epoch [50/50]-(0/22) Loss: 0.7931, Acc(1): 75.00, Acc(5): 100.00
2023-06-19 16:13:30,148 - AUGCON - INFO - Epoch [50/50]-(5/22) Loss: 0.7222, Acc(1): 75.00, Acc(5): 100.00
2023-06-19 16:13:30,148 - AUGCON - INFO - Epoch [50/50]-(10/22) Loss: 0.6301, Acc(1): 75.00, Acc(5): 100.00
2023-06-19 16:13:30,148 - AUGCON - INFO - Epoch [50/50]-(15/22) Loss: 0.7965, Acc(1): 75.00, Acc(5): 100.00
2023-06-19 16:13:30,148 - AUGCON - INFO - Epoch [50/50]-(20/22) Loss: 0.5982, Acc(1): 100.00, Acc(5): 100.00
2023-06-19 16:13:30,148 - AUGCON - INFO - 	Validation Loss: 0.8787, Acc(1): 68.00, Acc(5): 100.00, F1: 0.15, Recall: 0.14, Precision: 0.17
2023-06-19 16:13:30,149 - AUGCON - INFO - 	Validation Loss: 0.7988, Acc(1): 74.67, Acc(5): 100.00, F1: 0.17, Recall: 0.16, Precision: 0.17
