2023-06-19 16:13:47,465 - AUGCON - INFO - logger initialized (/home/hjyoon/projects/augcon/config/exp0/finetune_da_false/without_target_domain_PH0007-jskim/cpc_perdomain_8421/tgt_target_domain_PH0041-hmkim_seed0.yaml.log)
2023-06-19 16:13:47,465 - AUGCON - INFO - ================= Config =================
2023-06-19 16:13:47,465 - AUGCON - INFO -   mode: finetune
2023-06-19 16:13:47,465 - AUGCON - INFO -   seed: 0
2023-06-19 16:13:47,465 - AUGCON - INFO -   gpu: [0]
2023-06-19 16:13:47,465 - AUGCON - INFO -   num_workers: 1
2023-06-19 16:13:47,465 - AUGCON - INFO -   dist_url: tcp://localhost:10001
2023-06-19 16:13:47,465 - AUGCON - INFO -   dataset_name: ichar
2023-06-19 16:13:47,465 - AUGCON - INFO -   train_dataset_path: /mnt/sting/hjyoon/projects/cross/ICHAR/augcon/target_domain_PH0041-hmkim/finetune/10shot/target/train.pkl
2023-06-19 16:13:47,465 - AUGCON - INFO -   test_dataset_path: /mnt/sting/hjyoon/projects/cross/ICHAR/augcon/target_domain_PH0041-hmkim/finetune/10shot/target/test.pkl
2023-06-19 16:13:47,465 - AUGCON - INFO -   val_dataset_path: /mnt/sting/hjyoon/projects/cross/ICHAR/augcon/target_domain_PH0041-hmkim/finetune/10shot/target/val.pkl
2023-06-19 16:13:47,465 - AUGCON - INFO -   input_channels: 3
2023-06-19 16:13:47,465 - AUGCON - INFO -   num_cls: 9
2023-06-19 16:13:47,465 - AUGCON - INFO -   optimizer: adam
2023-06-19 16:13:47,465 - AUGCON - INFO -   criterion: crossentropy
2023-06-19 16:13:47,465 - AUGCON - INFO -   start_epoch: 0
2023-06-19 16:13:47,465 - AUGCON - INFO -   epochs: 50
2023-06-19 16:13:47,465 - AUGCON - INFO -   batch_size: 4
2023-06-19 16:13:47,465 - AUGCON - INFO -   lr: 0.001
2023-06-19 16:13:47,465 - AUGCON - INFO -   wd: 0.0
2023-06-19 16:13:47,465 - AUGCON - INFO -   resume: 
2023-06-19 16:13:47,465 - AUGCON - INFO -   pretrained: /mnt/sting/hjyoon/projects/augcontrast/models/exp0/pretrain/without_target_domain_PH0007-jskim/cpc_perdomain_8421//checkpoint_0099.pth.tar
2023-06-19 16:13:47,465 - AUGCON - INFO -   ckpt_dir: /mnt/sting/hjyoon/projects/augcontrast/models/exp0/finetune_da_false/without_target_domain_PH0007-jskim/cpc_perdomain_8421/tgt_target_domain_PH0041-hmkim_seed0
2023-06-19 16:13:47,465 - AUGCON - INFO -   log_freq: 5
2023-06-19 16:13:47,465 - AUGCON - INFO -   save_freq: 10
2023-06-19 16:13:47,465 - AUGCON - INFO -   pretext: metacpc
2023-06-19 16:13:47,466 - AUGCON - INFO -   enc_blocks: 4
2023-06-19 16:13:47,466 - AUGCON - INFO -   kernel_sizes: [8, 4, 2, 1]
2023-06-19 16:13:47,466 - AUGCON - INFO -   strides: [4, 2, 1, 1]
2023-06-19 16:13:47,466 - AUGCON - INFO -   agg_blocks: 5
2023-06-19 16:13:47,466 - AUGCON - INFO -   z_dim: 256
2023-06-19 16:13:47,466 - AUGCON - INFO -   pooling: mean
2023-06-19 16:13:47,466 - AUGCON - INFO -   pred_steps: 12
2023-06-19 16:13:47,466 - AUGCON - INFO -   n_negatives: 15
2023-06-19 16:13:47,466 - AUGCON - INFO -   offset: 4
2023-06-19 16:13:47,466 - AUGCON - INFO -   domain_adaptation: False
2023-06-19 16:13:47,466 - AUGCON - INFO -   task_steps: 10
2023-06-19 16:13:47,466 - AUGCON - INFO -   task_lr: 0.001
2023-06-19 16:13:47,466 - AUGCON - INFO -   reg_lambda: 0
2023-06-19 16:13:47,466 - AUGCON - INFO -   mlp: False
2023-06-19 16:13:47,466 - AUGCON - INFO -   freeze: True
2023-06-19 16:13:47,466 - AUGCON - INFO -   no_vars: True
2023-06-19 16:13:47,466 - AUGCON - INFO - ==========================================
2023-06-19 16:13:47,466 - AUGCON - INFO - Setting GPUs: [0]
2023-06-19 16:13:47,466 - AUGCON - INFO - GPUs [0] will be used
2023-06-19 16:13:47,466 - AUGCON - WARNING - You have chosen to seed training. 
2023-06-19 16:13:47,466 - AUGCON - WARNING - This will turn on the CUDNN deterministic setting, 
2023-06-19 16:13:47,467 - AUGCON - WARNING - which can slow down your training considerably! 
2023-06-19 16:13:47,467 - AUGCON - WARNING - You may see unexpected behavior when restarting 
2023-06-19 16:13:47,467 - AUGCON - WARNING - from checkpoints.
2023-06-19 16:13:47,566 - AUGCON - INFO - Executing MetaCPC
2023-06-19 16:13:47,566 - AUGCON - INFO - Logs are skipped during training
2023-06-19 16:14:00,629 - AUGCON - INFO - Single GPU is used for training - training 90 instances for each worker
2023-06-19 16:14:00,629 - AUGCON - INFO - Loading pretrained model from checkpoint - /mnt/sting/hjyoon/projects/augcontrast/models/exp0/pretrain/without_target_domain_PH0007-jskim/cpc_perdomain_8421//checkpoint_0099.pth.tar
2023-06-19 16:14:00,629 - AUGCON - INFO - Missing keys: ['predictor.vars.0', 'predictor.vars.1']
2023-06-19 16:14:00,630 - AUGCON - INFO - Loading encoder parameters to the classifier
2023-06-19 16:14:00,630 - AUGCON - INFO - Missing keys: ['classifier.block.0.weight', 'classifier.block.0.bias']
2023-06-19 16:14:00,630 - AUGCON - INFO - Epoch [1/50]-(0/22) Loss: 2.4936, Acc(1): 0.00, Acc(5): 25.00
2023-06-19 16:14:00,630 - AUGCON - INFO - Epoch [1/50]-(5/22) Loss: 2.3675, Acc(1): 0.00, Acc(5): 75.00
2023-06-19 16:14:00,630 - AUGCON - INFO - Epoch [1/50]-(10/22) Loss: 2.3563, Acc(1): 25.00, Acc(5): 50.00
2023-06-19 16:14:00,630 - AUGCON - INFO - Epoch [1/50]-(15/22) Loss: 2.0630, Acc(1): 50.00, Acc(5): 50.00
2023-06-19 16:14:00,630 - AUGCON - INFO - Epoch [1/50]-(20/22) Loss: 2.0474, Acc(1): 25.00, Acc(5): 50.00
2023-06-19 16:14:00,630 - AUGCON - INFO - 	Validation Loss: 1.6301, Acc(1): 49.00, Acc(5): 99.00, F1: 0.10, Recall: 0.10, Precision: 0.09
2023-06-19 16:14:00,630 - AUGCON - INFO - Epoch [2/50]-(0/22) Loss: 2.0196, Acc(1): 0.00, Acc(5): 100.00
2023-06-19 16:14:00,630 - AUGCON - INFO - Epoch [2/50]-(5/22) Loss: 1.3025, Acc(1): 75.00, Acc(5): 100.00
2023-06-19 16:14:00,630 - AUGCON - INFO - Epoch [2/50]-(10/22) Loss: 1.9922, Acc(1): 25.00, Acc(5): 50.00
2023-06-19 16:14:00,631 - AUGCON - INFO - Epoch [2/50]-(15/22) Loss: 1.4243, Acc(1): 75.00, Acc(5): 75.00
2023-06-19 16:14:00,631 - AUGCON - INFO - Epoch [2/50]-(20/22) Loss: 1.6955, Acc(1): 25.00, Acc(5): 75.00
2023-06-19 16:14:00,631 - AUGCON - INFO - 	Validation Loss: 1.2336, Acc(1): 57.00, Acc(5): 98.00, F1: 0.16, Recall: 0.16, Precision: 0.15
2023-06-19 16:14:00,631 - AUGCON - INFO - Epoch [3/50]-(0/22) Loss: 0.6057, Acc(1): 100.00, Acc(5): 100.00
2023-06-19 16:14:00,631 - AUGCON - INFO - Epoch [3/50]-(5/22) Loss: 1.3877, Acc(1): 50.00, Acc(5): 100.00
2023-06-19 16:14:00,631 - AUGCON - INFO - Epoch [3/50]-(10/22) Loss: 1.2631, Acc(1): 75.00, Acc(5): 75.00
2023-06-19 16:14:00,631 - AUGCON - INFO - Epoch [3/50]-(15/22) Loss: 2.1761, Acc(1): 25.00, Acc(5): 75.00
2023-06-19 16:14:00,631 - AUGCON - INFO - Epoch [3/50]-(20/22) Loss: 1.2731, Acc(1): 50.00, Acc(5): 100.00
2023-06-19 16:14:00,631 - AUGCON - INFO - 	Validation Loss: 1.0769, Acc(1): 60.00, Acc(5): 99.00, F1: 0.16, Recall: 0.17, Precision: 0.15
2023-06-19 16:14:00,631 - AUGCON - INFO - Epoch [4/50]-(0/22) Loss: 1.0078, Acc(1): 75.00, Acc(5): 100.00
2023-06-19 16:14:00,631 - AUGCON - INFO - Epoch [4/50]-(5/22) Loss: 1.4456, Acc(1): 25.00, Acc(5): 100.00
2023-06-19 16:14:00,631 - AUGCON - INFO - Epoch [4/50]-(10/22) Loss: 0.8900, Acc(1): 75.00, Acc(5): 100.00
2023-06-19 16:14:00,631 - AUGCON - INFO - Epoch [4/50]-(15/22) Loss: 1.2034, Acc(1): 75.00, Acc(5): 100.00
2023-06-19 16:14:00,632 - AUGCON - INFO - Epoch [4/50]-(20/22) Loss: 1.2964, Acc(1): 50.00, Acc(5): 75.00
2023-06-19 16:14:00,632 - AUGCON - INFO - 	Validation Loss: 0.9587, Acc(1): 61.00, Acc(5): 98.00, F1: 0.17, Recall: 0.17, Precision: 0.17
2023-06-19 16:14:00,632 - AUGCON - INFO - Epoch [5/50]-(0/22) Loss: 1.0708, Acc(1): 50.00, Acc(5): 100.00
2023-06-19 16:14:00,632 - AUGCON - INFO - Epoch [5/50]-(5/22) Loss: 1.3528, Acc(1): 50.00, Acc(5): 100.00
2023-06-19 16:14:00,632 - AUGCON - INFO - Epoch [5/50]-(10/22) Loss: 0.5874, Acc(1): 75.00, Acc(5): 100.00
2023-06-19 16:14:00,632 - AUGCON - INFO - Epoch [5/50]-(15/22) Loss: 1.2514, Acc(1): 25.00, Acc(5): 100.00
2023-06-19 16:14:00,632 - AUGCON - INFO - Epoch [5/50]-(20/22) Loss: 0.7689, Acc(1): 75.00, Acc(5): 100.00
2023-06-19 16:14:00,632 - AUGCON - INFO - 	Validation Loss: 0.9077, Acc(1): 64.00, Acc(5): 99.00, F1: 0.16, Recall: 0.18, Precision: 0.15
2023-06-19 16:14:00,632 - AUGCON - INFO - Epoch [6/50]-(0/22) Loss: 0.6991, Acc(1): 100.00, Acc(5): 100.00
2023-06-19 16:14:00,632 - AUGCON - INFO - Epoch [6/50]-(5/22) Loss: 0.8621, Acc(1): 75.00, Acc(5): 100.00
2023-06-19 16:14:00,632 - AUGCON - INFO - Epoch [6/50]-(10/22) Loss: 1.1129, Acc(1): 50.00, Acc(5): 100.00
2023-06-19 16:14:00,633 - AUGCON - INFO - Epoch [6/50]-(15/22) Loss: 0.7273, Acc(1): 75.00, Acc(5): 100.00
2023-06-19 16:14:00,633 - AUGCON - INFO - Epoch [6/50]-(20/22) Loss: 1.1575, Acc(1): 75.00, Acc(5): 100.00
2023-06-19 16:14:00,633 - AUGCON - INFO - 	Validation Loss: 0.8551, Acc(1): 67.00, Acc(5): 99.00, F1: 0.18, Recall: 0.18, Precision: 0.18
2023-06-19 16:14:00,633 - AUGCON - INFO - Epoch [7/50]-(0/22) Loss: 0.7267, Acc(1): 50.00, Acc(5): 100.00
2023-06-19 16:14:00,633 - AUGCON - INFO - Epoch [7/50]-(5/22) Loss: 1.1340, Acc(1): 75.00, Acc(5): 100.00
2023-06-19 16:14:00,633 - AUGCON - INFO - Epoch [7/50]-(10/22) Loss: 1.3346, Acc(1): 25.00, Acc(5): 100.00
2023-06-19 16:14:00,633 - AUGCON - INFO - Epoch [7/50]-(15/22) Loss: 0.9200, Acc(1): 100.00, Acc(5): 100.00
2023-06-19 16:14:00,633 - AUGCON - INFO - Epoch [7/50]-(20/22) Loss: 0.3310, Acc(1): 100.00, Acc(5): 100.00
2023-06-19 16:14:00,633 - AUGCON - INFO - 	Validation Loss: 0.8152, Acc(1): 73.00, Acc(5): 99.00, F1: 0.18, Recall: 0.18, Precision: 0.18
2023-06-19 16:14:00,633 - AUGCON - INFO - Epoch [8/50]-(0/22) Loss: 1.1636, Acc(1): 50.00, Acc(5): 100.00
2023-06-19 16:14:00,633 - AUGCON - INFO - Epoch [8/50]-(5/22) Loss: 0.3908, Acc(1): 100.00, Acc(5): 100.00
2023-06-19 16:14:00,633 - AUGCON - INFO - Epoch [8/50]-(10/22) Loss: 1.3304, Acc(1): 50.00, Acc(5): 100.00
2023-06-19 16:14:00,634 - AUGCON - INFO - Epoch [8/50]-(15/22) Loss: 0.3093, Acc(1): 100.00, Acc(5): 100.00
2023-06-19 16:14:00,634 - AUGCON - INFO - Epoch [8/50]-(20/22) Loss: 1.8073, Acc(1): 0.00, Acc(5): 100.00
2023-06-19 16:14:00,634 - AUGCON - INFO - 	Validation Loss: 0.7743, Acc(1): 73.00, Acc(5): 98.00, F1: 0.19, Recall: 0.18, Precision: 0.20
2023-06-19 16:14:00,634 - AUGCON - INFO - Epoch [9/50]-(0/22) Loss: 0.9245, Acc(1): 75.00, Acc(5): 100.00
2023-06-19 16:14:00,634 - AUGCON - INFO - Epoch [9/50]-(5/22) Loss: 0.3672, Acc(1): 100.00, Acc(5): 100.00
2023-06-19 16:14:00,634 - AUGCON - INFO - Epoch [9/50]-(10/22) Loss: 0.6956, Acc(1): 75.00, Acc(5): 100.00
2023-06-19 16:14:00,634 - AUGCON - INFO - Epoch [9/50]-(15/22) Loss: 1.1675, Acc(1): 50.00, Acc(5): 100.00
2023-06-19 16:14:00,634 - AUGCON - INFO - Epoch [9/50]-(20/22) Loss: 1.0029, Acc(1): 50.00, Acc(5): 100.00
2023-06-19 16:14:00,634 - AUGCON - INFO - 	Validation Loss: 0.7497, Acc(1): 87.00, Acc(5): 99.00, F1: 0.22, Recall: 0.21, Precision: 0.22
2023-06-19 16:14:00,634 - AUGCON - INFO - Epoch [10/50]-(0/22) Loss: 0.6284, Acc(1): 100.00, Acc(5): 100.00
2023-06-19 16:14:00,634 - AUGCON - INFO - Epoch [10/50]-(5/22) Loss: 0.6765, Acc(1): 75.00, Acc(5): 100.00
2023-06-19 16:14:00,634 - AUGCON - INFO - Epoch [10/50]-(10/22) Loss: 0.8565, Acc(1): 75.00, Acc(5): 100.00
2023-06-19 16:14:00,634 - AUGCON - INFO - Epoch [10/50]-(15/22) Loss: 0.3801, Acc(1): 100.00, Acc(5): 100.00
2023-06-19 16:14:00,635 - AUGCON - INFO - Epoch [10/50]-(20/22) Loss: 0.7900, Acc(1): 50.00, Acc(5): 100.00
2023-06-19 16:14:00,635 - AUGCON - INFO - 	Validation Loss: 0.7383, Acc(1): 77.00, Acc(5): 98.00, F1: 0.20, Recall: 0.20, Precision: 0.20
2023-06-19 16:14:00,635 - AUGCON - INFO - Epoch [11/50]-(0/22) Loss: 0.9916, Acc(1): 75.00, Acc(5): 100.00
2023-06-19 16:14:00,635 - AUGCON - INFO - Epoch [11/50]-(5/22) Loss: 1.1828, Acc(1): 25.00, Acc(5): 100.00
2023-06-19 16:14:00,635 - AUGCON - INFO - Epoch [11/50]-(10/22) Loss: 0.7598, Acc(1): 75.00, Acc(5): 100.00
2023-06-19 16:14:00,635 - AUGCON - INFO - Epoch [11/50]-(15/22) Loss: 1.0746, Acc(1): 50.00, Acc(5): 100.00
2023-06-19 16:14:00,635 - AUGCON - INFO - Epoch [11/50]-(20/22) Loss: 0.5592, Acc(1): 75.00, Acc(5): 100.00
2023-06-19 16:14:00,635 - AUGCON - INFO - 	Validation Loss: 0.6932, Acc(1): 83.00, Acc(5): 99.00, F1: 0.21, Recall: 0.20, Precision: 0.21
2023-06-19 16:14:00,635 - AUGCON - INFO - Epoch [12/50]-(0/22) Loss: 0.8227, Acc(1): 75.00, Acc(5): 100.00
2023-06-19 16:14:00,635 - AUGCON - INFO - Epoch [12/50]-(5/22) Loss: 0.7736, Acc(1): 100.00, Acc(5): 100.00
2023-06-19 16:14:00,635 - AUGCON - INFO - Epoch [12/50]-(10/22) Loss: 0.5590, Acc(1): 75.00, Acc(5): 100.00
2023-06-19 16:14:00,635 - AUGCON - INFO - Epoch [12/50]-(15/22) Loss: 1.1565, Acc(1): 25.00, Acc(5): 100.00
2023-06-19 16:14:00,636 - AUGCON - INFO - Epoch [12/50]-(20/22) Loss: 0.3723, Acc(1): 100.00, Acc(5): 100.00
2023-06-19 16:14:00,636 - AUGCON - INFO - 	Validation Loss: 0.7079, Acc(1): 77.00, Acc(5): 98.00, F1: 0.20, Recall: 0.20, Precision: 0.20
2023-06-19 16:14:00,636 - AUGCON - INFO - Epoch [13/50]-(0/22) Loss: 1.4217, Acc(1): 50.00, Acc(5): 100.00
2023-06-19 16:14:00,636 - AUGCON - INFO - Epoch [13/50]-(5/22) Loss: 0.5079, Acc(1): 100.00, Acc(5): 100.00
2023-06-19 16:14:00,636 - AUGCON - INFO - Epoch [13/50]-(10/22) Loss: 0.6378, Acc(1): 75.00, Acc(5): 100.00
2023-06-19 16:14:00,636 - AUGCON - INFO - Epoch [13/50]-(15/22) Loss: 1.6717, Acc(1): 25.00, Acc(5): 75.00
2023-06-19 16:14:00,636 - AUGCON - INFO - Epoch [13/50]-(20/22) Loss: 1.0672, Acc(1): 50.00, Acc(5): 100.00
2023-06-19 16:14:00,636 - AUGCON - INFO - 	Validation Loss: 0.6937, Acc(1): 77.00, Acc(5): 100.00, F1: 0.20, Recall: 0.20, Precision: 0.19
2023-06-19 16:14:00,636 - AUGCON - INFO - Epoch [14/50]-(0/22) Loss: 0.3658, Acc(1): 100.00, Acc(5): 100.00
2023-06-19 16:14:00,636 - AUGCON - INFO - Epoch [14/50]-(5/22) Loss: 0.7973, Acc(1): 100.00, Acc(5): 100.00
2023-06-19 16:14:00,636 - AUGCON - INFO - Epoch [14/50]-(10/22) Loss: 0.4921, Acc(1): 100.00, Acc(5): 100.00
2023-06-19 16:14:00,636 - AUGCON - INFO - Epoch [14/50]-(15/22) Loss: 0.9336, Acc(1): 50.00, Acc(5): 100.00
2023-06-19 16:14:00,637 - AUGCON - INFO - Epoch [14/50]-(20/22) Loss: 0.8229, Acc(1): 75.00, Acc(5): 100.00
2023-06-19 16:14:00,637 - AUGCON - INFO - 	Validation Loss: 0.6899, Acc(1): 77.00, Acc(5): 100.00, F1: 0.20, Recall: 0.21, Precision: 0.19
2023-06-19 16:14:00,637 - AUGCON - INFO - Epoch [15/50]-(0/22) Loss: 0.6202, Acc(1): 100.00, Acc(5): 100.00
2023-06-19 16:14:00,637 - AUGCON - INFO - Epoch [15/50]-(5/22) Loss: 0.5671, Acc(1): 50.00, Acc(5): 100.00
2023-06-19 16:14:00,637 - AUGCON - INFO - Epoch [15/50]-(10/22) Loss: 0.3296, Acc(1): 100.00, Acc(5): 100.00
2023-06-19 16:14:00,637 - AUGCON - INFO - Epoch [15/50]-(15/22) Loss: 1.3324, Acc(1): 50.00, Acc(5): 100.00
2023-06-19 16:14:00,637 - AUGCON - INFO - Epoch [15/50]-(20/22) Loss: 0.5137, Acc(1): 75.00, Acc(5): 100.00
2023-06-19 16:14:00,637 - AUGCON - INFO - 	Validation Loss: 0.6331, Acc(1): 87.00, Acc(5): 100.00, F1: 0.22, Recall: 0.21, Precision: 0.23
2023-06-19 16:14:00,637 - AUGCON - INFO - Epoch [16/50]-(0/22) Loss: 0.8347, Acc(1): 75.00, Acc(5): 100.00
2023-06-19 16:14:00,637 - AUGCON - INFO - Epoch [16/50]-(5/22) Loss: 0.8862, Acc(1): 50.00, Acc(5): 100.00
2023-06-19 16:14:00,637 - AUGCON - INFO - Epoch [16/50]-(10/22) Loss: 0.6503, Acc(1): 50.00, Acc(5): 100.00
2023-06-19 16:14:00,637 - AUGCON - INFO - Epoch [16/50]-(15/22) Loss: 1.0541, Acc(1): 25.00, Acc(5): 100.00
2023-06-19 16:14:00,638 - AUGCON - INFO - Epoch [16/50]-(20/22) Loss: 1.0972, Acc(1): 75.00, Acc(5): 100.00
2023-06-19 16:14:00,638 - AUGCON - INFO - 	Validation Loss: 0.6434, Acc(1): 84.00, Acc(5): 100.00, F1: 0.21, Recall: 0.20, Precision: 0.23
2023-06-19 16:14:00,638 - AUGCON - INFO - Epoch [17/50]-(0/22) Loss: 0.9055, Acc(1): 50.00, Acc(5): 100.00
2023-06-19 16:14:00,638 - AUGCON - INFO - Epoch [17/50]-(5/22) Loss: 0.3381, Acc(1): 100.00, Acc(5): 100.00
2023-06-19 16:14:00,638 - AUGCON - INFO - Epoch [17/50]-(10/22) Loss: 0.4209, Acc(1): 100.00, Acc(5): 100.00
2023-06-19 16:14:00,638 - AUGCON - INFO - Epoch [17/50]-(15/22) Loss: 0.6573, Acc(1): 50.00, Acc(5): 100.00
2023-06-19 16:14:00,638 - AUGCON - INFO - Epoch [17/50]-(20/22) Loss: 0.9661, Acc(1): 75.00, Acc(5): 100.00
2023-06-19 16:14:00,638 - AUGCON - INFO - 	Validation Loss: 0.6180, Acc(1): 84.00, Acc(5): 100.00, F1: 0.21, Recall: 0.21, Precision: 0.21
2023-06-19 16:14:00,638 - AUGCON - INFO - Epoch [18/50]-(0/22) Loss: 1.1776, Acc(1): 50.00, Acc(5): 100.00
2023-06-19 16:14:00,638 - AUGCON - INFO - Epoch [18/50]-(5/22) Loss: 0.6997, Acc(1): 100.00, Acc(5): 100.00
2023-06-19 16:14:00,638 - AUGCON - INFO - Epoch [18/50]-(10/22) Loss: 1.1230, Acc(1): 25.00, Acc(5): 100.00
2023-06-19 16:14:00,638 - AUGCON - INFO - Epoch [18/50]-(15/22) Loss: 1.0684, Acc(1): 75.00, Acc(5): 100.00
2023-06-19 16:14:00,638 - AUGCON - INFO - Epoch [18/50]-(20/22) Loss: 0.4230, Acc(1): 100.00, Acc(5): 100.00
2023-06-19 16:14:00,639 - AUGCON - INFO - 	Validation Loss: 0.6156, Acc(1): 85.00, Acc(5): 100.00, F1: 0.21, Recall: 0.20, Precision: 0.22
2023-06-19 16:14:00,639 - AUGCON - INFO - Epoch [19/50]-(0/22) Loss: 0.4859, Acc(1): 100.00, Acc(5): 100.00
2023-06-19 16:14:00,639 - AUGCON - INFO - Epoch [19/50]-(5/22) Loss: 0.4811, Acc(1): 100.00, Acc(5): 100.00
2023-06-19 16:14:00,639 - AUGCON - INFO - Epoch [19/50]-(10/22) Loss: 0.2568, Acc(1): 100.00, Acc(5): 100.00
2023-06-19 16:14:00,639 - AUGCON - INFO - Epoch [19/50]-(15/22) Loss: 0.5849, Acc(1): 75.00, Acc(5): 100.00
2023-06-19 16:14:00,639 - AUGCON - INFO - Epoch [19/50]-(20/22) Loss: 0.8511, Acc(1): 75.00, Acc(5): 100.00
2023-06-19 16:14:00,639 - AUGCON - INFO - 	Validation Loss: 0.6187, Acc(1): 84.00, Acc(5): 100.00, F1: 0.21, Recall: 0.22, Precision: 0.21
2023-06-19 16:14:00,639 - AUGCON - INFO - Epoch [20/50]-(0/22) Loss: 0.3093, Acc(1): 100.00, Acc(5): 100.00
2023-06-19 16:14:00,639 - AUGCON - INFO - Epoch [20/50]-(5/22) Loss: 0.5937, Acc(1): 100.00, Acc(5): 100.00
2023-06-19 16:14:00,639 - AUGCON - INFO - Epoch [20/50]-(10/22) Loss: 0.5601, Acc(1): 100.00, Acc(5): 100.00
2023-06-19 16:14:00,639 - AUGCON - INFO - Epoch [20/50]-(15/22) Loss: 0.8843, Acc(1): 75.00, Acc(5): 100.00
2023-06-19 16:14:00,639 - AUGCON - INFO - Epoch [20/50]-(20/22) Loss: 0.5870, Acc(1): 75.00, Acc(5): 100.00
2023-06-19 16:14:00,640 - AUGCON - INFO - 	Validation Loss: 0.5873, Acc(1): 87.00, Acc(5): 100.00, F1: 0.22, Recall: 0.21, Precision: 0.22
2023-06-19 16:14:00,640 - AUGCON - INFO - Epoch [21/50]-(0/22) Loss: 0.2809, Acc(1): 100.00, Acc(5): 100.00
2023-06-19 16:14:00,640 - AUGCON - INFO - Epoch [21/50]-(5/22) Loss: 1.5316, Acc(1): 25.00, Acc(5): 100.00
2023-06-19 16:14:00,640 - AUGCON - INFO - Epoch [21/50]-(10/22) Loss: 0.7405, Acc(1): 100.00, Acc(5): 100.00
2023-06-19 16:14:00,640 - AUGCON - INFO - Epoch [21/50]-(15/22) Loss: 1.0120, Acc(1): 75.00, Acc(5): 100.00
2023-06-19 16:14:00,640 - AUGCON - INFO - Epoch [21/50]-(20/22) Loss: 0.4216, Acc(1): 100.00, Acc(5): 100.00
2023-06-19 16:14:00,640 - AUGCON - INFO - 	Validation Loss: 0.5909, Acc(1): 87.00, Acc(5): 100.00, F1: 0.21, Recall: 0.22, Precision: 0.21
2023-06-19 16:14:00,640 - AUGCON - INFO - Epoch [22/50]-(0/22) Loss: 0.1951, Acc(1): 100.00, Acc(5): 100.00
2023-06-19 16:14:00,640 - AUGCON - INFO - Epoch [22/50]-(5/22) Loss: 0.2468, Acc(1): 100.00, Acc(5): 100.00
2023-06-19 16:14:00,640 - AUGCON - INFO - Epoch [22/50]-(10/22) Loss: 0.3886, Acc(1): 75.00, Acc(5): 100.00
2023-06-19 16:14:00,640 - AUGCON - INFO - Epoch [22/50]-(15/22) Loss: 0.9065, Acc(1): 75.00, Acc(5): 100.00
2023-06-19 16:14:00,640 - AUGCON - INFO - Epoch [22/50]-(20/22) Loss: 1.7660, Acc(1): 75.00, Acc(5): 75.00
2023-06-19 16:14:00,641 - AUGCON - INFO - 	Validation Loss: 0.5923, Acc(1): 87.00, Acc(5): 100.00, F1: 0.22, Recall: 0.21, Precision: 0.22
2023-06-19 16:14:00,641 - AUGCON - INFO - Epoch [23/50]-(0/22) Loss: 0.4682, Acc(1): 75.00, Acc(5): 100.00
2023-06-19 16:14:00,641 - AUGCON - INFO - Epoch [23/50]-(5/22) Loss: 0.5744, Acc(1): 75.00, Acc(5): 100.00
2023-06-19 16:14:00,641 - AUGCON - INFO - Epoch [23/50]-(10/22) Loss: 0.8208, Acc(1): 100.00, Acc(5): 100.00
2023-06-19 16:14:00,641 - AUGCON - INFO - Epoch [23/50]-(15/22) Loss: 0.5054, Acc(1): 75.00, Acc(5): 100.00
2023-06-19 16:14:00,641 - AUGCON - INFO - Epoch [23/50]-(20/22) Loss: 0.3115, Acc(1): 100.00, Acc(5): 100.00
2023-06-19 16:14:00,641 - AUGCON - INFO - 	Validation Loss: 0.5737, Acc(1): 87.00, Acc(5): 100.00, F1: 0.21, Recall: 0.21, Precision: 0.22
2023-06-19 16:14:00,641 - AUGCON - INFO - Epoch [24/50]-(0/22) Loss: 0.5005, Acc(1): 75.00, Acc(5): 100.00
2023-06-19 16:14:00,641 - AUGCON - INFO - Epoch [24/50]-(5/22) Loss: 0.6713, Acc(1): 75.00, Acc(5): 100.00
2023-06-19 16:14:00,641 - AUGCON - INFO - Epoch [24/50]-(10/22) Loss: 0.5567, Acc(1): 75.00, Acc(5): 100.00
2023-06-19 16:14:00,641 - AUGCON - INFO - Epoch [24/50]-(15/22) Loss: 0.6015, Acc(1): 75.00, Acc(5): 100.00
2023-06-19 16:14:00,641 - AUGCON - INFO - Epoch [24/50]-(20/22) Loss: 1.2613, Acc(1): 75.00, Acc(5): 100.00
2023-06-19 16:14:00,641 - AUGCON - INFO - 	Validation Loss: 0.5600, Acc(1): 87.00, Acc(5): 100.00, F1: 0.22, Recall: 0.21, Precision: 0.23
2023-06-19 16:14:00,642 - AUGCON - INFO - Epoch [25/50]-(0/22) Loss: 0.8087, Acc(1): 50.00, Acc(5): 100.00
2023-06-19 16:14:00,642 - AUGCON - INFO - Epoch [25/50]-(5/22) Loss: 0.5257, Acc(1): 75.00, Acc(5): 100.00
2023-06-19 16:14:00,642 - AUGCON - INFO - Epoch [25/50]-(10/22) Loss: 0.3135, Acc(1): 100.00, Acc(5): 100.00
2023-06-19 16:14:00,642 - AUGCON - INFO - Epoch [25/50]-(15/22) Loss: 0.4912, Acc(1): 100.00, Acc(5): 100.00
2023-06-19 16:14:00,642 - AUGCON - INFO - Epoch [25/50]-(20/22) Loss: 0.5198, Acc(1): 100.00, Acc(5): 100.00
2023-06-19 16:14:00,642 - AUGCON - INFO - 	Validation Loss: 0.5468, Acc(1): 88.00, Acc(5): 100.00, F1: 0.22, Recall: 0.22, Precision: 0.22
2023-06-19 16:14:00,642 - AUGCON - INFO - Epoch [26/50]-(0/22) Loss: 0.6556, Acc(1): 100.00, Acc(5): 100.00
2023-06-19 16:14:00,642 - AUGCON - INFO - Epoch [26/50]-(5/22) Loss: 1.6558, Acc(1): 50.00, Acc(5): 75.00
2023-06-19 16:14:00,642 - AUGCON - INFO - Epoch [26/50]-(10/22) Loss: 0.7234, Acc(1): 75.00, Acc(5): 100.00
2023-06-19 16:14:00,642 - AUGCON - INFO - Epoch [26/50]-(15/22) Loss: 0.5255, Acc(1): 100.00, Acc(5): 100.00
2023-06-19 16:14:00,642 - AUGCON - INFO - Epoch [26/50]-(20/22) Loss: 0.8961, Acc(1): 75.00, Acc(5): 100.00
2023-06-19 16:14:00,642 - AUGCON - INFO - 	Validation Loss: 0.5562, Acc(1): 87.00, Acc(5): 100.00, F1: 0.22, Recall: 0.21, Precision: 0.22
2023-06-19 16:14:00,643 - AUGCON - INFO - Epoch [27/50]-(0/22) Loss: 1.4169, Acc(1): 75.00, Acc(5): 75.00
2023-06-19 16:14:00,643 - AUGCON - INFO - Epoch [27/50]-(5/22) Loss: 0.9571, Acc(1): 50.00, Acc(5): 100.00
2023-06-19 16:14:00,643 - AUGCON - INFO - Epoch [27/50]-(10/22) Loss: 0.1989, Acc(1): 100.00, Acc(5): 100.00
2023-06-19 16:14:00,643 - AUGCON - INFO - Epoch [27/50]-(15/22) Loss: 0.6492, Acc(1): 50.00, Acc(5): 100.00
2023-06-19 16:14:00,643 - AUGCON - INFO - Epoch [27/50]-(20/22) Loss: 0.4973, Acc(1): 100.00, Acc(5): 100.00
2023-06-19 16:14:00,643 - AUGCON - INFO - 	Validation Loss: 0.5475, Acc(1): 87.00, Acc(5): 100.00, F1: 0.22, Recall: 0.20, Precision: 0.23
2023-06-19 16:14:00,643 - AUGCON - INFO - Epoch [28/50]-(0/22) Loss: 0.3282, Acc(1): 100.00, Acc(5): 100.00
2023-06-19 16:14:00,643 - AUGCON - INFO - Epoch [28/50]-(5/22) Loss: 0.7055, Acc(1): 75.00, Acc(5): 100.00
2023-06-19 16:14:00,643 - AUGCON - INFO - Epoch [28/50]-(10/22) Loss: 0.2683, Acc(1): 100.00, Acc(5): 100.00
2023-06-19 16:14:00,643 - AUGCON - INFO - Epoch [28/50]-(15/22) Loss: 0.5992, Acc(1): 75.00, Acc(5): 100.00
2023-06-19 16:14:00,643 - AUGCON - INFO - Epoch [28/50]-(20/22) Loss: 0.6149, Acc(1): 75.00, Acc(5): 100.00
2023-06-19 16:14:00,643 - AUGCON - INFO - 	Validation Loss: 0.5461, Acc(1): 89.00, Acc(5): 100.00, F1: 0.22, Recall: 0.22, Precision: 0.23
2023-06-19 16:14:00,643 - AUGCON - INFO - Epoch [29/50]-(0/22) Loss: 0.9167, Acc(1): 75.00, Acc(5): 100.00
2023-06-19 16:14:00,644 - AUGCON - INFO - Epoch [29/50]-(5/22) Loss: 0.4889, Acc(1): 100.00, Acc(5): 100.00
2023-06-19 16:14:00,644 - AUGCON - INFO - Epoch [29/50]-(10/22) Loss: 0.4268, Acc(1): 100.00, Acc(5): 100.00
2023-06-19 16:14:00,644 - AUGCON - INFO - Epoch [29/50]-(15/22) Loss: 0.7068, Acc(1): 75.00, Acc(5): 100.00
2023-06-19 16:14:00,644 - AUGCON - INFO - Epoch [29/50]-(20/22) Loss: 1.0015, Acc(1): 75.00, Acc(5): 100.00
2023-06-19 16:14:00,644 - AUGCON - INFO - 	Validation Loss: 0.5229, Acc(1): 87.00, Acc(5): 100.00, F1: 0.22, Recall: 0.21, Precision: 0.22
2023-06-19 16:14:00,644 - AUGCON - INFO - Epoch [30/50]-(0/22) Loss: 0.3086, Acc(1): 100.00, Acc(5): 100.00
2023-06-19 16:14:00,644 - AUGCON - INFO - Epoch [30/50]-(5/22) Loss: 0.7557, Acc(1): 50.00, Acc(5): 100.00
2023-06-19 16:14:00,644 - AUGCON - INFO - Epoch [30/50]-(10/22) Loss: 0.1375, Acc(1): 100.00, Acc(5): 100.00
2023-06-19 16:14:00,644 - AUGCON - INFO - Epoch [30/50]-(15/22) Loss: 0.2403, Acc(1): 100.00, Acc(5): 100.00
2023-06-19 16:14:00,644 - AUGCON - INFO - Epoch [30/50]-(20/22) Loss: 0.4728, Acc(1): 75.00, Acc(5): 100.00
2023-06-19 16:14:00,644 - AUGCON - INFO - 	Validation Loss: 0.5211, Acc(1): 89.00, Acc(5): 100.00, F1: 0.22, Recall: 0.21, Precision: 0.23
2023-06-19 16:14:00,644 - AUGCON - INFO - Epoch [31/50]-(0/22) Loss: 0.4525, Acc(1): 100.00, Acc(5): 100.00
2023-06-19 16:14:00,645 - AUGCON - INFO - Epoch [31/50]-(5/22) Loss: 0.5081, Acc(1): 100.00, Acc(5): 100.00
2023-06-19 16:14:00,645 - AUGCON - INFO - Epoch [31/50]-(10/22) Loss: 0.6422, Acc(1): 75.00, Acc(5): 100.00
2023-06-19 16:14:00,645 - AUGCON - INFO - Epoch [31/50]-(15/22) Loss: 1.1727, Acc(1): 25.00, Acc(5): 100.00
2023-06-19 16:14:00,645 - AUGCON - INFO - Epoch [31/50]-(20/22) Loss: 0.1617, Acc(1): 100.00, Acc(5): 100.00
2023-06-19 16:14:00,645 - AUGCON - INFO - 	Validation Loss: 0.5342, Acc(1): 88.00, Acc(5): 100.00, F1: 0.22, Recall: 0.22, Precision: 0.22
2023-06-19 16:14:00,645 - AUGCON - INFO - Epoch [32/50]-(0/22) Loss: 0.6207, Acc(1): 100.00, Acc(5): 100.00
2023-06-19 16:14:00,645 - AUGCON - INFO - Epoch [32/50]-(5/22) Loss: 0.5078, Acc(1): 100.00, Acc(5): 100.00
2023-06-19 16:14:00,645 - AUGCON - INFO - Epoch [32/50]-(10/22) Loss: 0.8780, Acc(1): 50.00, Acc(5): 100.00
2023-06-19 16:14:00,645 - AUGCON - INFO - Epoch [32/50]-(15/22) Loss: 0.5659, Acc(1): 100.00, Acc(5): 100.00
2023-06-19 16:14:00,645 - AUGCON - INFO - Epoch [32/50]-(20/22) Loss: 0.2848, Acc(1): 100.00, Acc(5): 100.00
2023-06-19 16:14:00,645 - AUGCON - INFO - 	Validation Loss: 0.5547, Acc(1): 84.00, Acc(5): 100.00, F1: 0.21, Recall: 0.22, Precision: 0.21
2023-06-19 16:14:00,645 - AUGCON - INFO - Epoch [33/50]-(0/22) Loss: 0.4250, Acc(1): 75.00, Acc(5): 100.00
2023-06-19 16:14:00,646 - AUGCON - INFO - Epoch [33/50]-(5/22) Loss: 0.3883, Acc(1): 100.00, Acc(5): 100.00
2023-06-19 16:14:00,646 - AUGCON - INFO - Epoch [33/50]-(10/22) Loss: 0.2796, Acc(1): 100.00, Acc(5): 100.00
2023-06-19 16:14:00,646 - AUGCON - INFO - Epoch [33/50]-(15/22) Loss: 0.5762, Acc(1): 75.00, Acc(5): 100.00
2023-06-19 16:14:00,646 - AUGCON - INFO - Epoch [33/50]-(20/22) Loss: 0.5615, Acc(1): 75.00, Acc(5): 100.00
2023-06-19 16:14:00,646 - AUGCON - INFO - 	Validation Loss: 0.5512, Acc(1): 82.00, Acc(5): 100.00, F1: 0.21, Recall: 0.21, Precision: 0.20
2023-06-19 16:14:00,646 - AUGCON - INFO - Epoch [34/50]-(0/22) Loss: 1.3085, Acc(1): 25.00, Acc(5): 100.00
2023-06-19 16:14:00,646 - AUGCON - INFO - Epoch [34/50]-(5/22) Loss: 0.5817, Acc(1): 75.00, Acc(5): 100.00
2023-06-19 16:14:00,646 - AUGCON - INFO - Epoch [34/50]-(10/22) Loss: 0.4481, Acc(1): 75.00, Acc(5): 100.00
2023-06-19 16:14:00,646 - AUGCON - INFO - Epoch [34/50]-(15/22) Loss: 0.2962, Acc(1): 100.00, Acc(5): 100.00
2023-06-19 16:14:00,646 - AUGCON - INFO - Epoch [34/50]-(20/22) Loss: 0.7232, Acc(1): 50.00, Acc(5): 100.00
2023-06-19 16:14:00,646 - AUGCON - INFO - 	Validation Loss: 0.4987, Acc(1): 88.00, Acc(5): 100.00, F1: 0.22, Recall: 0.21, Precision: 0.23
2023-06-19 16:14:00,646 - AUGCON - INFO - Epoch [35/50]-(0/22) Loss: 1.1295, Acc(1): 75.00, Acc(5): 100.00
2023-06-19 16:14:00,647 - AUGCON - INFO - Epoch [35/50]-(5/22) Loss: 0.5408, Acc(1): 100.00, Acc(5): 100.00
2023-06-19 16:14:00,647 - AUGCON - INFO - Epoch [35/50]-(10/22) Loss: 0.7729, Acc(1): 75.00, Acc(5): 100.00
2023-06-19 16:14:00,647 - AUGCON - INFO - Epoch [35/50]-(15/22) Loss: 0.7205, Acc(1): 50.00, Acc(5): 100.00
2023-06-19 16:14:00,647 - AUGCON - INFO - Epoch [35/50]-(20/22) Loss: 0.6152, Acc(1): 100.00, Acc(5): 100.00
2023-06-19 16:14:00,647 - AUGCON - INFO - 	Validation Loss: 0.5215, Acc(1): 85.00, Acc(5): 100.00, F1: 0.21, Recall: 0.21, Precision: 0.21
2023-06-19 16:14:00,647 - AUGCON - INFO - Epoch [36/50]-(0/22) Loss: 0.5459, Acc(1): 75.00, Acc(5): 100.00
2023-06-19 16:14:00,647 - AUGCON - INFO - Epoch [36/50]-(5/22) Loss: 0.2152, Acc(1): 100.00, Acc(5): 100.00
2023-06-19 16:14:00,647 - AUGCON - INFO - Epoch [36/50]-(10/22) Loss: 0.7242, Acc(1): 75.00, Acc(5): 100.00
2023-06-19 16:14:00,647 - AUGCON - INFO - Epoch [36/50]-(15/22) Loss: 0.3857, Acc(1): 100.00, Acc(5): 100.00
2023-06-19 16:14:00,647 - AUGCON - INFO - Epoch [36/50]-(20/22) Loss: 0.1320, Acc(1): 100.00, Acc(5): 100.00
2023-06-19 16:14:00,647 - AUGCON - INFO - 	Validation Loss: 0.5183, Acc(1): 87.00, Acc(5): 100.00, F1: 0.22, Recall: 0.21, Precision: 0.22
2023-06-19 16:14:00,647 - AUGCON - INFO - Epoch [37/50]-(0/22) Loss: 0.6419, Acc(1): 75.00, Acc(5): 100.00
2023-06-19 16:14:00,647 - AUGCON - INFO - Epoch [37/50]-(5/22) Loss: 1.1125, Acc(1): 25.00, Acc(5): 100.00
2023-06-19 16:14:00,648 - AUGCON - INFO - Epoch [37/50]-(10/22) Loss: 0.6128, Acc(1): 50.00, Acc(5): 100.00
2023-06-19 16:14:00,648 - AUGCON - INFO - Epoch [37/50]-(15/22) Loss: 0.1263, Acc(1): 100.00, Acc(5): 100.00
2023-06-19 16:14:00,648 - AUGCON - INFO - Epoch [37/50]-(20/22) Loss: 0.3918, Acc(1): 75.00, Acc(5): 100.00
2023-06-19 16:14:00,648 - AUGCON - INFO - 	Validation Loss: 0.5274, Acc(1): 86.00, Acc(5): 100.00, F1: 0.21, Recall: 0.22, Precision: 0.21
2023-06-19 16:14:00,648 - AUGCON - INFO - Epoch [38/50]-(0/22) Loss: 1.1596, Acc(1): 50.00, Acc(5): 100.00
2023-06-19 16:14:00,648 - AUGCON - INFO - Epoch [38/50]-(5/22) Loss: 0.3018, Acc(1): 100.00, Acc(5): 100.00
2023-06-19 16:14:00,648 - AUGCON - INFO - Epoch [38/50]-(10/22) Loss: 0.5047, Acc(1): 75.00, Acc(5): 100.00
2023-06-19 16:14:00,648 - AUGCON - INFO - Epoch [38/50]-(15/22) Loss: 0.8653, Acc(1): 75.00, Acc(5): 100.00
2023-06-19 16:14:00,648 - AUGCON - INFO - Epoch [38/50]-(20/22) Loss: 0.6871, Acc(1): 75.00, Acc(5): 100.00
2023-06-19 16:14:00,648 - AUGCON - INFO - 	Validation Loss: 0.5112, Acc(1): 86.00, Acc(5): 100.00, F1: 0.21, Recall: 0.21, Precision: 0.22
2023-06-19 16:14:00,648 - AUGCON - INFO - Epoch [39/50]-(0/22) Loss: 0.1141, Acc(1): 100.00, Acc(5): 100.00
2023-06-19 16:14:00,648 - AUGCON - INFO - Epoch [39/50]-(5/22) Loss: 1.4850, Acc(1): 75.00, Acc(5): 100.00
2023-06-19 16:14:00,649 - AUGCON - INFO - Epoch [39/50]-(10/22) Loss: 0.2955, Acc(1): 100.00, Acc(5): 100.00
2023-06-19 16:14:00,649 - AUGCON - INFO - Epoch [39/50]-(15/22) Loss: 0.7009, Acc(1): 50.00, Acc(5): 100.00
2023-06-19 16:14:00,649 - AUGCON - INFO - Epoch [39/50]-(20/22) Loss: 0.4918, Acc(1): 75.00, Acc(5): 100.00
2023-06-19 16:14:00,649 - AUGCON - INFO - 	Validation Loss: 0.5104, Acc(1): 87.00, Acc(5): 100.00, F1: 0.22, Recall: 0.21, Precision: 0.22
2023-06-19 16:14:00,649 - AUGCON - INFO - Epoch [40/50]-(0/22) Loss: 0.2702, Acc(1): 100.00, Acc(5): 100.00
2023-06-19 16:14:00,649 - AUGCON - INFO - Epoch [40/50]-(5/22) Loss: 0.4873, Acc(1): 75.00, Acc(5): 100.00
2023-06-19 16:14:00,649 - AUGCON - INFO - Epoch [40/50]-(10/22) Loss: 0.3088, Acc(1): 100.00, Acc(5): 100.00
2023-06-19 16:14:00,649 - AUGCON - INFO - Epoch [40/50]-(15/22) Loss: 0.4673, Acc(1): 100.00, Acc(5): 100.00
2023-06-19 16:14:00,649 - AUGCON - INFO - Epoch [40/50]-(20/22) Loss: 0.9573, Acc(1): 50.00, Acc(5): 100.00
2023-06-19 16:14:00,649 - AUGCON - INFO - 	Validation Loss: 0.4811, Acc(1): 89.00, Acc(5): 100.00, F1: 0.22, Recall: 0.22, Precision: 0.23
2023-06-19 16:14:00,649 - AUGCON - INFO - Epoch [41/50]-(0/22) Loss: 0.2643, Acc(1): 100.00, Acc(5): 100.00
2023-06-19 16:14:00,649 - AUGCON - INFO - Epoch [41/50]-(5/22) Loss: 0.7644, Acc(1): 75.00, Acc(5): 100.00
2023-06-19 16:14:00,650 - AUGCON - INFO - Epoch [41/50]-(10/22) Loss: 0.2969, Acc(1): 100.00, Acc(5): 100.00
2023-06-19 16:14:00,650 - AUGCON - INFO - Epoch [41/50]-(15/22) Loss: 0.3018, Acc(1): 100.00, Acc(5): 100.00
2023-06-19 16:14:00,650 - AUGCON - INFO - Epoch [41/50]-(20/22) Loss: 0.3553, Acc(1): 100.00, Acc(5): 100.00
2023-06-19 16:14:00,650 - AUGCON - INFO - 	Validation Loss: 0.4857, Acc(1): 86.00, Acc(5): 100.00, F1: 0.21, Recall: 0.21, Precision: 0.21
2023-06-19 16:14:00,650 - AUGCON - INFO - Epoch [42/50]-(0/22) Loss: 0.8727, Acc(1): 50.00, Acc(5): 100.00
2023-06-19 16:14:00,650 - AUGCON - INFO - Epoch [42/50]-(5/22) Loss: 0.8749, Acc(1): 100.00, Acc(5): 100.00
2023-06-19 16:14:00,650 - AUGCON - INFO - Epoch [42/50]-(10/22) Loss: 0.5045, Acc(1): 75.00, Acc(5): 100.00
2023-06-19 16:14:00,650 - AUGCON - INFO - Epoch [42/50]-(15/22) Loss: 0.6062, Acc(1): 75.00, Acc(5): 100.00
2023-06-19 16:14:00,650 - AUGCON - INFO - Epoch [42/50]-(20/22) Loss: 0.2283, Acc(1): 75.00, Acc(5): 100.00
2023-06-19 16:14:00,650 - AUGCON - INFO - 	Validation Loss: 0.4627, Acc(1): 89.00, Acc(5): 100.00, F1: 0.22, Recall: 0.21, Precision: 0.23
2023-06-19 16:14:00,650 - AUGCON - INFO - Epoch [43/50]-(0/22) Loss: 0.5288, Acc(1): 75.00, Acc(5): 100.00
2023-06-19 16:14:00,650 - AUGCON - INFO - Epoch [43/50]-(5/22) Loss: 0.4882, Acc(1): 100.00, Acc(5): 100.00
2023-06-19 16:14:00,651 - AUGCON - INFO - Epoch [43/50]-(10/22) Loss: 0.4543, Acc(1): 100.00, Acc(5): 100.00
2023-06-19 16:14:00,651 - AUGCON - INFO - Epoch [43/50]-(15/22) Loss: 0.5954, Acc(1): 75.00, Acc(5): 100.00
2023-06-19 16:14:00,651 - AUGCON - INFO - Epoch [43/50]-(20/22) Loss: 0.6389, Acc(1): 75.00, Acc(5): 100.00
2023-06-19 16:14:00,651 - AUGCON - INFO - 	Validation Loss: 0.5071, Acc(1): 84.00, Acc(5): 100.00, F1: 0.21, Recall: 0.22, Precision: 0.21
2023-06-19 16:14:00,651 - AUGCON - INFO - Epoch [44/50]-(0/22) Loss: 0.1707, Acc(1): 100.00, Acc(5): 100.00
2023-06-19 16:14:00,651 - AUGCON - INFO - Epoch [44/50]-(5/22) Loss: 0.1996, Acc(1): 100.00, Acc(5): 100.00
2023-06-19 16:14:00,651 - AUGCON - INFO - Epoch [44/50]-(10/22) Loss: 1.4972, Acc(1): 50.00, Acc(5): 100.00
2023-06-19 16:14:00,651 - AUGCON - INFO - Epoch [44/50]-(15/22) Loss: 0.1181, Acc(1): 100.00, Acc(5): 100.00
2023-06-19 16:14:00,651 - AUGCON - INFO - Epoch [44/50]-(20/22) Loss: 1.1498, Acc(1): 50.00, Acc(5): 100.00
2023-06-19 16:14:00,651 - AUGCON - INFO - 	Validation Loss: 0.4602, Acc(1): 90.00, Acc(5): 100.00, F1: 0.22, Recall: 0.21, Precision: 0.23
2023-06-19 16:14:00,651 - AUGCON - INFO - Epoch [45/50]-(0/22) Loss: 0.2604, Acc(1): 100.00, Acc(5): 100.00
2023-06-19 16:14:00,651 - AUGCON - INFO - Epoch [45/50]-(5/22) Loss: 0.4143, Acc(1): 75.00, Acc(5): 100.00
2023-06-19 16:14:00,651 - AUGCON - INFO - Epoch [45/50]-(10/22) Loss: 0.3229, Acc(1): 75.00, Acc(5): 100.00
2023-06-19 16:14:00,652 - AUGCON - INFO - Epoch [45/50]-(15/22) Loss: 0.2115, Acc(1): 100.00, Acc(5): 100.00
2023-06-19 16:14:00,652 - AUGCON - INFO - Epoch [45/50]-(20/22) Loss: 0.5212, Acc(1): 100.00, Acc(5): 100.00
2023-06-19 16:14:00,652 - AUGCON - INFO - 	Validation Loss: 0.4943, Acc(1): 86.00, Acc(5): 100.00, F1: 0.21, Recall: 0.21, Precision: 0.22
2023-06-19 16:14:00,652 - AUGCON - INFO - Epoch [46/50]-(0/22) Loss: 0.2538, Acc(1): 100.00, Acc(5): 100.00
2023-06-19 16:14:00,652 - AUGCON - INFO - Epoch [46/50]-(5/22) Loss: 0.5606, Acc(1): 100.00, Acc(5): 100.00
2023-06-19 16:14:00,652 - AUGCON - INFO - Epoch [46/50]-(10/22) Loss: 0.3255, Acc(1): 100.00, Acc(5): 100.00
2023-06-19 16:14:00,652 - AUGCON - INFO - Epoch [46/50]-(15/22) Loss: 0.7543, Acc(1): 50.00, Acc(5): 100.00
2023-06-19 16:14:00,652 - AUGCON - INFO - Epoch [46/50]-(20/22) Loss: 0.2688, Acc(1): 100.00, Acc(5): 100.00
2023-06-19 16:14:00,652 - AUGCON - INFO - 	Validation Loss: 0.4514, Acc(1): 90.00, Acc(5): 100.00, F1: 0.22, Recall: 0.21, Precision: 0.23
2023-06-19 16:14:00,652 - AUGCON - INFO - Epoch [47/50]-(0/22) Loss: 0.2352, Acc(1): 100.00, Acc(5): 100.00
2023-06-19 16:14:00,652 - AUGCON - INFO - Epoch [47/50]-(5/22) Loss: 0.2569, Acc(1): 100.00, Acc(5): 100.00
2023-06-19 16:14:00,652 - AUGCON - INFO - Epoch [47/50]-(10/22) Loss: 0.1057, Acc(1): 100.00, Acc(5): 100.00
2023-06-19 16:14:00,653 - AUGCON - INFO - Epoch [47/50]-(15/22) Loss: 0.7589, Acc(1): 50.00, Acc(5): 100.00
2023-06-19 16:14:00,653 - AUGCON - INFO - Epoch [47/50]-(20/22) Loss: 0.3353, Acc(1): 100.00, Acc(5): 100.00
2023-06-19 16:14:00,653 - AUGCON - INFO - 	Validation Loss: 0.4658, Acc(1): 91.00, Acc(5): 100.00, F1: 0.22, Recall: 0.22, Precision: 0.23
2023-06-19 16:14:00,653 - AUGCON - INFO - Epoch [48/50]-(0/22) Loss: 0.5829, Acc(1): 100.00, Acc(5): 100.00
2023-06-19 16:14:00,653 - AUGCON - INFO - Epoch [48/50]-(5/22) Loss: 0.2072, Acc(1): 100.00, Acc(5): 100.00
2023-06-19 16:14:00,653 - AUGCON - INFO - Epoch [48/50]-(10/22) Loss: 0.8038, Acc(1): 50.00, Acc(5): 100.00
2023-06-19 16:14:00,653 - AUGCON - INFO - Epoch [48/50]-(15/22) Loss: 0.6945, Acc(1): 75.00, Acc(5): 100.00
2023-06-19 16:14:00,653 - AUGCON - INFO - Epoch [48/50]-(20/22) Loss: 0.3260, Acc(1): 100.00, Acc(5): 100.00
2023-06-19 16:14:00,653 - AUGCON - INFO - 	Validation Loss: 0.4620, Acc(1): 88.00, Acc(5): 100.00, F1: 0.22, Recall: 0.21, Precision: 0.22
2023-06-19 16:14:00,653 - AUGCON - INFO - Epoch [49/50]-(0/22) Loss: 0.5501, Acc(1): 75.00, Acc(5): 100.00
2023-06-19 16:14:00,653 - AUGCON - INFO - Epoch [49/50]-(5/22) Loss: 0.2950, Acc(1): 100.00, Acc(5): 100.00
2023-06-19 16:14:00,653 - AUGCON - INFO - Epoch [49/50]-(10/22) Loss: 0.5009, Acc(1): 75.00, Acc(5): 100.00
2023-06-19 16:14:00,654 - AUGCON - INFO - Epoch [49/50]-(15/22) Loss: 0.6017, Acc(1): 75.00, Acc(5): 100.00
2023-06-19 16:14:00,654 - AUGCON - INFO - Epoch [49/50]-(20/22) Loss: 0.8627, Acc(1): 50.00, Acc(5): 100.00
2023-06-19 16:14:00,654 - AUGCON - INFO - 	Validation Loss: 0.4552, Acc(1): 90.00, Acc(5): 100.00, F1: 0.22, Recall: 0.21, Precision: 0.24
2023-06-19 16:14:00,654 - AUGCON - INFO - Epoch [50/50]-(0/22) Loss: 0.0774, Acc(1): 100.00, Acc(5): 100.00
2023-06-19 16:14:00,654 - AUGCON - INFO - Epoch [50/50]-(5/22) Loss: 0.3481, Acc(1): 100.00, Acc(5): 100.00
2023-06-19 16:14:00,654 - AUGCON - INFO - Epoch [50/50]-(10/22) Loss: 0.7230, Acc(1): 75.00, Acc(5): 100.00
2023-06-19 16:14:00,654 - AUGCON - INFO - Epoch [50/50]-(15/22) Loss: 0.4214, Acc(1): 75.00, Acc(5): 100.00
2023-06-19 16:14:00,654 - AUGCON - INFO - Epoch [50/50]-(20/22) Loss: 0.4900, Acc(1): 75.00, Acc(5): 100.00
2023-06-19 16:14:00,654 - AUGCON - INFO - 	Validation Loss: 0.4786, Acc(1): 88.00, Acc(5): 100.00, F1: 0.22, Recall: 0.21, Precision: 0.22
2023-06-19 16:14:00,654 - AUGCON - INFO - 	Validation Loss: 0.4565, Acc(1): 86.00, Acc(5): 100.00, F1: 0.22, Recall: 0.22, Precision: 0.22
