2023-06-19 16:39:47,964 - AUGCON - INFO - logger initialized (/home/hjyoon/projects/augcon/config/exp0/finetune_da_true/without_target_domain_PH0012-thanh/metacpc_perdomain_8421/tgt_target_domain_PH0007-jskim_seed0.yaml.log)
2023-06-19 16:39:47,964 - AUGCON - INFO - ================= Config =================
2023-06-19 16:39:47,964 - AUGCON - INFO -   mode: finetune
2023-06-19 16:39:47,964 - AUGCON - INFO -   seed: 0
2023-06-19 16:39:47,964 - AUGCON - INFO -   gpu: [1]
2023-06-19 16:39:47,964 - AUGCON - INFO -   num_workers: 1
2023-06-19 16:39:47,964 - AUGCON - INFO -   dist_url: tcp://localhost:10001
2023-06-19 16:39:47,964 - AUGCON - INFO -   dataset_name: ichar
2023-06-19 16:39:47,964 - AUGCON - INFO -   train_dataset_path: /mnt/sting/hjyoon/projects/cross/ICHAR/augcon/target_domain_PH0007-jskim/finetune/10shot/target/train.pkl
2023-06-19 16:39:47,964 - AUGCON - INFO -   test_dataset_path: /mnt/sting/hjyoon/projects/cross/ICHAR/augcon/target_domain_PH0007-jskim/finetune/10shot/target/test.pkl
2023-06-19 16:39:47,964 - AUGCON - INFO -   val_dataset_path: /mnt/sting/hjyoon/projects/cross/ICHAR/augcon/target_domain_PH0007-jskim/finetune/10shot/target/val.pkl
2023-06-19 16:39:47,964 - AUGCON - INFO -   input_channels: 3
2023-06-19 16:39:47,964 - AUGCON - INFO -   num_cls: 9
2023-06-19 16:39:47,964 - AUGCON - INFO -   optimizer: adam
2023-06-19 16:39:47,964 - AUGCON - INFO -   criterion: crossentropy
2023-06-19 16:39:47,964 - AUGCON - INFO -   start_epoch: 0
2023-06-19 16:39:47,964 - AUGCON - INFO -   epochs: 50
2023-06-19 16:39:47,964 - AUGCON - INFO -   batch_size: 4
2023-06-19 16:39:47,964 - AUGCON - INFO -   lr: 0.001
2023-06-19 16:39:47,964 - AUGCON - INFO -   wd: 0.0
2023-06-19 16:39:47,965 - AUGCON - INFO -   resume: 
2023-06-19 16:39:47,965 - AUGCON - INFO -   pretrained: /mnt/sting/hjyoon/projects/augcontrast/models/exp0/pretrain/without_target_domain_PH0012-thanh/metacpc_perdomain_8421/checkpoint_0999.pth.tar
2023-06-19 16:39:47,965 - AUGCON - INFO -   ckpt_dir: /mnt/sting/hjyoon/projects/augcontrast/models/exp0/finetune_da_true/without_target_domain_PH0012-thanh/metacpc_perdomain_8421/tgt_target_domain_PH0007-jskim_seed0
2023-06-19 16:39:47,965 - AUGCON - INFO -   log_freq: 5
2023-06-19 16:39:47,965 - AUGCON - INFO -   save_freq: 10
2023-06-19 16:39:47,965 - AUGCON - INFO -   pretext: metacpc
2023-06-19 16:39:47,965 - AUGCON - INFO -   enc_blocks: 4
2023-06-19 16:39:47,965 - AUGCON - INFO -   kernel_sizes: [8, 4, 2, 1]
2023-06-19 16:39:47,965 - AUGCON - INFO -   strides: [4, 2, 1, 1]
2023-06-19 16:39:47,965 - AUGCON - INFO -   agg_blocks: 5
2023-06-19 16:39:47,965 - AUGCON - INFO -   z_dim: 256
2023-06-19 16:39:47,965 - AUGCON - INFO -   pooling: mean
2023-06-19 16:39:47,965 - AUGCON - INFO -   pred_steps: 12
2023-06-19 16:39:47,965 - AUGCON - INFO -   n_negatives: 15
2023-06-19 16:39:47,965 - AUGCON - INFO -   offset: 4
2023-06-19 16:39:47,965 - AUGCON - INFO -   domain_adaptation: True
2023-06-19 16:39:47,965 - AUGCON - INFO -   task_steps: 10
2023-06-19 16:39:47,965 - AUGCON - INFO -   task_lr: 0.001
2023-06-19 16:39:47,965 - AUGCON - INFO -   reg_lambda: 0
2023-06-19 16:39:47,965 - AUGCON - INFO -   mlp: False
2023-06-19 16:39:47,965 - AUGCON - INFO -   freeze: True
2023-06-19 16:39:47,965 - AUGCON - INFO -   no_vars: False
2023-06-19 16:39:47,965 - AUGCON - INFO - ==========================================
2023-06-19 16:39:47,965 - AUGCON - INFO - Setting GPUs: [1]
2023-06-19 16:39:47,965 - AUGCON - INFO - GPUs [1] will be used
2023-06-19 16:39:47,966 - AUGCON - WARNING - You have chosen to seed training. 
2023-06-19 16:39:47,966 - AUGCON - WARNING - This will turn on the CUDNN deterministic setting, 
2023-06-19 16:39:47,966 - AUGCON - WARNING - which can slow down your training considerably! 
2023-06-19 16:39:47,966 - AUGCON - WARNING - You may see unexpected behavior when restarting 
2023-06-19 16:39:47,966 - AUGCON - WARNING - from checkpoints.
2023-06-19 16:39:47,995 - AUGCON - INFO - Executing MetaCPC
2023-06-19 16:39:47,995 - AUGCON - INFO - Logs are skipped during training
2023-06-19 16:40:07,676 - AUGCON - INFO - Single GPU is used for training - training 90 instances for each worker
2023-06-19 16:40:07,676 - AUGCON - INFO - Loading pretrained model from checkpoint - /mnt/sting/hjyoon/projects/augcontrast/models/exp0/pretrain/without_target_domain_PH0012-thanh/metacpc_perdomain_8421/checkpoint_0999.pth.tar
2023-06-19 16:40:07,677 - AUGCON - INFO - Missing keys: []
2023-06-19 16:40:07,677 - AUGCON - INFO - Perform domain adaptation step
2023-06-19 16:40:07,677 - AUGCON - INFO - 	meta-train [0/10] Loss: 2.4937, Acc(1): 19.40, Acc(5): 61.53
2023-06-19 16:40:07,677 - AUGCON - INFO - 	meta-train [1/10] Loss: 2.2295, Acc(1): 23.91, Acc(5): 68.77
2023-06-19 16:40:07,677 - AUGCON - INFO - 	meta-train [2/10] Loss: 2.0589, Acc(1): 27.69, Acc(5): 72.96
2023-06-19 16:40:07,677 - AUGCON - INFO - 	meta-train [3/10] Loss: 1.8615, Acc(1): 33.55, Acc(5): 79.89
2023-06-19 16:40:07,677 - AUGCON - INFO - 	meta-train [4/10] Loss: 1.6201, Acc(1): 41.09, Acc(5): 85.49
2023-06-19 16:40:07,677 - AUGCON - INFO - 	meta-train [5/10] Loss: 1.3040, Acc(1): 50.82, Acc(5): 93.40
2023-06-19 16:40:07,677 - AUGCON - INFO - 	meta-train [6/10] Loss: 1.1216, Acc(1): 55.01, Acc(5): 96.47
2023-06-19 16:40:07,677 - AUGCON - INFO - 	meta-train [7/10] Loss: 1.0290, Acc(1): 57.32, Acc(5): 97.68
2023-06-19 16:40:07,677 - AUGCON - INFO - 	meta-train [8/10] Loss: 1.0417, Acc(1): 57.85, Acc(5): 97.14
2023-06-19 16:40:07,677 - AUGCON - INFO - 	meta-train [9/10] Loss: 1.0205, Acc(1): 58.80, Acc(5): 97.61
2023-06-19 16:40:07,678 - AUGCON - INFO - Loading encoder parameters to the classifier
2023-06-19 16:40:07,678 - AUGCON - INFO - Missing keys: ['classifier.block.0.weight', 'classifier.block.0.bias']
2023-06-19 16:40:07,678 - AUGCON - INFO - Epoch [1/50]-(0/22) Loss: 2.2203, Acc(1): 0.00, Acc(5): 100.00
2023-06-19 16:40:07,678 - AUGCON - INFO - Epoch [1/50]-(5/22) Loss: 2.2222, Acc(1): 0.00, Acc(5): 75.00
2023-06-19 16:40:07,678 - AUGCON - INFO - Epoch [1/50]-(10/22) Loss: 2.5624, Acc(1): 0.00, Acc(5): 50.00
2023-06-19 16:40:07,678 - AUGCON - INFO - Epoch [1/50]-(15/22) Loss: 1.8826, Acc(1): 25.00, Acc(5): 75.00
2023-06-19 16:40:07,678 - AUGCON - INFO - Epoch [1/50]-(20/22) Loss: 2.1229, Acc(1): 0.00, Acc(5): 75.00
2023-06-19 16:40:07,678 - AUGCON - INFO - 	Validation Loss: 1.8996, Acc(1): 30.00, Acc(5): 90.00, F1: 0.07, Recall: 0.09, Precision: 0.06
2023-06-19 16:40:07,678 - AUGCON - INFO - Epoch [2/50]-(0/22) Loss: 2.0507, Acc(1): 25.00, Acc(5): 75.00
2023-06-19 16:40:07,678 - AUGCON - INFO - Epoch [2/50]-(5/22) Loss: 1.9720, Acc(1): 25.00, Acc(5): 100.00
2023-06-19 16:40:07,678 - AUGCON - INFO - Epoch [2/50]-(10/22) Loss: 1.9413, Acc(1): 25.00, Acc(5): 100.00
2023-06-19 16:40:07,678 - AUGCON - INFO - Epoch [2/50]-(15/22) Loss: 1.5001, Acc(1): 50.00, Acc(5): 100.00
2023-06-19 16:40:07,679 - AUGCON - INFO - Epoch [2/50]-(20/22) Loss: 1.4730, Acc(1): 75.00, Acc(5): 100.00
2023-06-19 16:40:07,679 - AUGCON - INFO - 	Validation Loss: 1.6168, Acc(1): 58.00, Acc(5): 93.00, F1: 0.17, Recall: 0.19, Precision: 0.16
2023-06-19 16:40:07,679 - AUGCON - INFO - Epoch [3/50]-(0/22) Loss: 1.7588, Acc(1): 25.00, Acc(5): 100.00
2023-06-19 16:40:07,679 - AUGCON - INFO - Epoch [3/50]-(5/22) Loss: 1.3771, Acc(1): 75.00, Acc(5): 75.00
2023-06-19 16:40:07,679 - AUGCON - INFO - Epoch [3/50]-(10/22) Loss: 1.8655, Acc(1): 25.00, Acc(5): 100.00
2023-06-19 16:40:07,679 - AUGCON - INFO - Epoch [3/50]-(15/22) Loss: 1.8234, Acc(1): 50.00, Acc(5): 100.00
2023-06-19 16:40:07,679 - AUGCON - INFO - Epoch [3/50]-(20/22) Loss: 1.2155, Acc(1): 75.00, Acc(5): 100.00
2023-06-19 16:40:07,679 - AUGCON - INFO - 	Validation Loss: 1.4942, Acc(1): 60.00, Acc(5): 93.00, F1: 0.18, Recall: 0.19, Precision: 0.17
2023-06-19 16:40:07,679 - AUGCON - INFO - Epoch [4/50]-(0/22) Loss: 1.4740, Acc(1): 50.00, Acc(5): 100.00
2023-06-19 16:40:07,679 - AUGCON - INFO - Epoch [4/50]-(5/22) Loss: 1.5309, Acc(1): 50.00, Acc(5): 100.00
2023-06-19 16:40:07,679 - AUGCON - INFO - Epoch [4/50]-(10/22) Loss: 1.7889, Acc(1): 50.00, Acc(5): 75.00
2023-06-19 16:40:07,680 - AUGCON - INFO - Epoch [4/50]-(15/22) Loss: 1.2271, Acc(1): 50.00, Acc(5): 100.00
2023-06-19 16:40:07,680 - AUGCON - INFO - Epoch [4/50]-(20/22) Loss: 1.0151, Acc(1): 75.00, Acc(5): 100.00
2023-06-19 16:40:07,680 - AUGCON - INFO - 	Validation Loss: 1.3494, Acc(1): 55.00, Acc(5): 94.00, F1: 0.18, Recall: 0.18, Precision: 0.18
2023-06-19 16:40:07,680 - AUGCON - INFO - Epoch [5/50]-(0/22) Loss: 1.4604, Acc(1): 50.00, Acc(5): 100.00
2023-06-19 16:40:07,680 - AUGCON - INFO - Epoch [5/50]-(5/22) Loss: 1.1352, Acc(1): 100.00, Acc(5): 100.00
2023-06-19 16:40:07,680 - AUGCON - INFO - Epoch [5/50]-(10/22) Loss: 1.2501, Acc(1): 50.00, Acc(5): 100.00
2023-06-19 16:40:07,680 - AUGCON - INFO - Epoch [5/50]-(15/22) Loss: 1.3778, Acc(1): 50.00, Acc(5): 100.00
2023-06-19 16:40:07,680 - AUGCON - INFO - Epoch [5/50]-(20/22) Loss: 1.2648, Acc(1): 100.00, Acc(5): 100.00
2023-06-19 16:40:07,680 - AUGCON - INFO - 	Validation Loss: 1.3045, Acc(1): 62.00, Acc(5): 96.00, F1: 0.18, Recall: 0.20, Precision: 0.17
2023-06-19 16:40:07,680 - AUGCON - INFO - Epoch [6/50]-(0/22) Loss: 1.2906, Acc(1): 75.00, Acc(5): 100.00
2023-06-19 16:40:07,680 - AUGCON - INFO - Epoch [6/50]-(5/22) Loss: 0.7658, Acc(1): 75.00, Acc(5): 100.00
2023-06-19 16:40:07,681 - AUGCON - INFO - Epoch [6/50]-(10/22) Loss: 1.0103, Acc(1): 75.00, Acc(5): 100.00
2023-06-19 16:40:07,681 - AUGCON - INFO - Epoch [6/50]-(15/22) Loss: 1.0527, Acc(1): 75.00, Acc(5): 100.00
2023-06-19 16:40:07,681 - AUGCON - INFO - Epoch [6/50]-(20/22) Loss: 0.6800, Acc(1): 100.00, Acc(5): 100.00
2023-06-19 16:40:07,681 - AUGCON - INFO - 	Validation Loss: 1.2846, Acc(1): 61.00, Acc(5): 94.00, F1: 0.18, Recall: 0.20, Precision: 0.16
2023-06-19 16:40:07,681 - AUGCON - INFO - Epoch [7/50]-(0/22) Loss: 0.9021, Acc(1): 100.00, Acc(5): 100.00
2023-06-19 16:40:07,681 - AUGCON - INFO - Epoch [7/50]-(5/22) Loss: 0.7603, Acc(1): 75.00, Acc(5): 100.00
2023-06-19 16:40:07,681 - AUGCON - INFO - Epoch [7/50]-(10/22) Loss: 0.8614, Acc(1): 75.00, Acc(5): 100.00
2023-06-19 16:40:07,681 - AUGCON - INFO - Epoch [7/50]-(15/22) Loss: 1.0407, Acc(1): 75.00, Acc(5): 100.00
2023-06-19 16:40:07,681 - AUGCON - INFO - Epoch [7/50]-(20/22) Loss: 0.8990, Acc(1): 75.00, Acc(5): 100.00
2023-06-19 16:40:07,681 - AUGCON - INFO - 	Validation Loss: 1.2218, Acc(1): 61.00, Acc(5): 95.00, F1: 0.19, Recall: 0.20, Precision: 0.18
2023-06-19 16:40:07,681 - AUGCON - INFO - Epoch [8/50]-(0/22) Loss: 0.7218, Acc(1): 100.00, Acc(5): 100.00
2023-06-19 16:40:07,681 - AUGCON - INFO - Epoch [8/50]-(5/22) Loss: 1.0511, Acc(1): 75.00, Acc(5): 100.00
2023-06-19 16:40:07,682 - AUGCON - INFO - Epoch [8/50]-(10/22) Loss: 0.9615, Acc(1): 75.00, Acc(5): 100.00
2023-06-19 16:40:07,682 - AUGCON - INFO - Epoch [8/50]-(15/22) Loss: 0.9142, Acc(1): 75.00, Acc(5): 100.00
2023-06-19 16:40:07,682 - AUGCON - INFO - Epoch [8/50]-(20/22) Loss: 1.4275, Acc(1): 75.00, Acc(5): 75.00
2023-06-19 16:40:07,682 - AUGCON - INFO - 	Validation Loss: 1.2208, Acc(1): 61.00, Acc(5): 95.00, F1: 0.18, Recall: 0.20, Precision: 0.16
2023-06-19 16:40:07,682 - AUGCON - INFO - Epoch [9/50]-(0/22) Loss: 0.6922, Acc(1): 75.00, Acc(5): 100.00
2023-06-19 16:40:07,682 - AUGCON - INFO - Epoch [9/50]-(5/22) Loss: 0.7707, Acc(1): 100.00, Acc(5): 100.00
2023-06-19 16:40:07,682 - AUGCON - INFO - Epoch [9/50]-(10/22) Loss: 1.3512, Acc(1): 50.00, Acc(5): 100.00
2023-06-19 16:40:07,682 - AUGCON - INFO - Epoch [9/50]-(15/22) Loss: 0.8510, Acc(1): 75.00, Acc(5): 100.00
2023-06-19 16:40:07,682 - AUGCON - INFO - Epoch [9/50]-(20/22) Loss: 0.6770, Acc(1): 75.00, Acc(5): 100.00
2023-06-19 16:40:07,682 - AUGCON - INFO - 	Validation Loss: 1.1184, Acc(1): 61.00, Acc(5): 95.00, F1: 0.19, Recall: 0.20, Precision: 0.18
2023-06-19 16:40:07,682 - AUGCON - INFO - Epoch [10/50]-(0/22) Loss: 0.3751, Acc(1): 100.00, Acc(5): 100.00
2023-06-19 16:40:07,682 - AUGCON - INFO - Epoch [10/50]-(5/22) Loss: 0.4618, Acc(1): 100.00, Acc(5): 100.00
2023-06-19 16:40:07,682 - AUGCON - INFO - Epoch [10/50]-(10/22) Loss: 1.0172, Acc(1): 75.00, Acc(5): 100.00
2023-06-19 16:40:07,683 - AUGCON - INFO - Epoch [10/50]-(15/22) Loss: 0.4941, Acc(1): 100.00, Acc(5): 100.00
2023-06-19 16:40:07,683 - AUGCON - INFO - Epoch [10/50]-(20/22) Loss: 1.1979, Acc(1): 75.00, Acc(5): 100.00
2023-06-19 16:40:07,683 - AUGCON - INFO - 	Validation Loss: 1.1064, Acc(1): 60.00, Acc(5): 94.00, F1: 0.18, Recall: 0.19, Precision: 0.17
2023-06-19 16:40:07,683 - AUGCON - INFO - Epoch [11/50]-(0/22) Loss: 0.5307, Acc(1): 100.00, Acc(5): 100.00
2023-06-19 16:40:07,683 - AUGCON - INFO - Epoch [11/50]-(5/22) Loss: 0.7340, Acc(1): 75.00, Acc(5): 100.00
2023-06-19 16:40:07,683 - AUGCON - INFO - Epoch [11/50]-(10/22) Loss: 1.1769, Acc(1): 50.00, Acc(5): 100.00
2023-06-19 16:40:07,683 - AUGCON - INFO - Epoch [11/50]-(15/22) Loss: 0.6925, Acc(1): 75.00, Acc(5): 100.00
2023-06-19 16:40:07,683 - AUGCON - INFO - Epoch [11/50]-(20/22) Loss: 1.1374, Acc(1): 75.00, Acc(5): 75.00
2023-06-19 16:40:07,683 - AUGCON - INFO - 	Validation Loss: 1.0836, Acc(1): 63.00, Acc(5): 95.00, F1: 0.18, Recall: 0.19, Precision: 0.18
2023-06-19 16:40:07,683 - AUGCON - INFO - Epoch [12/50]-(0/22) Loss: 0.7734, Acc(1): 75.00, Acc(5): 100.00
2023-06-19 16:40:07,683 - AUGCON - INFO - Epoch [12/50]-(5/22) Loss: 0.9393, Acc(1): 50.00, Acc(5): 100.00
2023-06-19 16:40:07,683 - AUGCON - INFO - Epoch [12/50]-(10/22) Loss: 1.0785, Acc(1): 50.00, Acc(5): 100.00
2023-06-19 16:40:07,684 - AUGCON - INFO - Epoch [12/50]-(15/22) Loss: 1.2143, Acc(1): 75.00, Acc(5): 75.00
2023-06-19 16:40:07,684 - AUGCON - INFO - Epoch [12/50]-(20/22) Loss: 1.8918, Acc(1): 25.00, Acc(5): 75.00
2023-06-19 16:40:07,684 - AUGCON - INFO - 	Validation Loss: 1.0994, Acc(1): 63.00, Acc(5): 95.00, F1: 0.18, Recall: 0.20, Precision: 0.16
2023-06-19 16:40:07,684 - AUGCON - INFO - Epoch [13/50]-(0/22) Loss: 0.5482, Acc(1): 100.00, Acc(5): 100.00
2023-06-19 16:40:07,684 - AUGCON - INFO - Epoch [13/50]-(5/22) Loss: 0.7192, Acc(1): 75.00, Acc(5): 100.00
2023-06-19 16:40:07,684 - AUGCON - INFO - Epoch [13/50]-(10/22) Loss: 1.7120, Acc(1): 25.00, Acc(5): 100.00
2023-06-19 16:40:07,684 - AUGCON - INFO - Epoch [13/50]-(15/22) Loss: 0.9128, Acc(1): 75.00, Acc(5): 100.00
2023-06-19 16:40:07,684 - AUGCON - INFO - Epoch [13/50]-(20/22) Loss: 0.2696, Acc(1): 100.00, Acc(5): 100.00
2023-06-19 16:40:07,684 - AUGCON - INFO - 	Validation Loss: 1.0719, Acc(1): 62.00, Acc(5): 94.00, F1: 0.19, Recall: 0.20, Precision: 0.18
2023-06-19 16:40:07,684 - AUGCON - INFO - Epoch [14/50]-(0/22) Loss: 1.2309, Acc(1): 75.00, Acc(5): 75.00
2023-06-19 16:40:07,684 - AUGCON - INFO - Epoch [14/50]-(5/22) Loss: 0.7843, Acc(1): 100.00, Acc(5): 100.00
2023-06-19 16:40:07,684 - AUGCON - INFO - Epoch [14/50]-(10/22) Loss: 0.3561, Acc(1): 100.00, Acc(5): 100.00
2023-06-19 16:40:07,685 - AUGCON - INFO - Epoch [14/50]-(15/22) Loss: 0.6304, Acc(1): 75.00, Acc(5): 100.00
2023-06-19 16:40:07,685 - AUGCON - INFO - Epoch [14/50]-(20/22) Loss: 1.0537, Acc(1): 25.00, Acc(5): 100.00
2023-06-19 16:40:07,685 - AUGCON - INFO - 	Validation Loss: 1.0130, Acc(1): 68.00, Acc(5): 95.00, F1: 0.19, Recall: 0.20, Precision: 0.18
2023-06-19 16:40:07,685 - AUGCON - INFO - Epoch [15/50]-(0/22) Loss: 0.6952, Acc(1): 75.00, Acc(5): 100.00
2023-06-19 16:40:07,685 - AUGCON - INFO - Epoch [15/50]-(5/22) Loss: 1.5223, Acc(1): 50.00, Acc(5): 75.00
2023-06-19 16:40:07,685 - AUGCON - INFO - Epoch [15/50]-(10/22) Loss: 1.9297, Acc(1): 25.00, Acc(5): 100.00
2023-06-19 16:40:07,685 - AUGCON - INFO - Epoch [15/50]-(15/22) Loss: 0.8586, Acc(1): 75.00, Acc(5): 100.00
2023-06-19 16:40:07,685 - AUGCON - INFO - Epoch [15/50]-(20/22) Loss: 0.2676, Acc(1): 100.00, Acc(5): 100.00
2023-06-19 16:40:07,685 - AUGCON - INFO - 	Validation Loss: 1.0278, Acc(1): 61.00, Acc(5): 95.00, F1: 0.18, Recall: 0.20, Precision: 0.17
2023-06-19 16:40:07,685 - AUGCON - INFO - Epoch [16/50]-(0/22) Loss: 0.6456, Acc(1): 75.00, Acc(5): 100.00
2023-06-19 16:40:07,685 - AUGCON - INFO - Epoch [16/50]-(5/22) Loss: 0.8168, Acc(1): 75.00, Acc(5): 100.00
2023-06-19 16:40:07,685 - AUGCON - INFO - Epoch [16/50]-(10/22) Loss: 1.1628, Acc(1): 75.00, Acc(5): 75.00
2023-06-19 16:40:07,686 - AUGCON - INFO - Epoch [16/50]-(15/22) Loss: 0.7896, Acc(1): 75.00, Acc(5): 100.00
2023-06-19 16:40:07,686 - AUGCON - INFO - Epoch [16/50]-(20/22) Loss: 0.3678, Acc(1): 100.00, Acc(5): 100.00
2023-06-19 16:40:07,686 - AUGCON - INFO - 	Validation Loss: 1.0138, Acc(1): 63.00, Acc(5): 96.00, F1: 0.18, Recall: 0.20, Precision: 0.17
2023-06-19 16:40:07,686 - AUGCON - INFO - Epoch [17/50]-(0/22) Loss: 0.3628, Acc(1): 100.00, Acc(5): 100.00
2023-06-19 16:40:07,686 - AUGCON - INFO - Epoch [17/50]-(5/22) Loss: 0.7820, Acc(1): 75.00, Acc(5): 100.00
2023-06-19 16:40:07,686 - AUGCON - INFO - Epoch [17/50]-(10/22) Loss: 0.7868, Acc(1): 75.00, Acc(5): 100.00
2023-06-19 16:40:07,686 - AUGCON - INFO - Epoch [17/50]-(15/22) Loss: 0.5625, Acc(1): 75.00, Acc(5): 100.00
2023-06-19 16:40:07,686 - AUGCON - INFO - Epoch [17/50]-(20/22) Loss: 1.0465, Acc(1): 50.00, Acc(5): 100.00
2023-06-19 16:40:07,686 - AUGCON - INFO - 	Validation Loss: 1.0290, Acc(1): 61.00, Acc(5): 93.00, F1: 0.18, Recall: 0.20, Precision: 0.17
2023-06-19 16:40:07,686 - AUGCON - INFO - Epoch [18/50]-(0/22) Loss: 0.6057, Acc(1): 75.00, Acc(5): 100.00
2023-06-19 16:40:07,686 - AUGCON - INFO - Epoch [18/50]-(5/22) Loss: 1.1315, Acc(1): 50.00, Acc(5): 100.00
2023-06-19 16:40:07,686 - AUGCON - INFO - Epoch [18/50]-(10/22) Loss: 0.9561, Acc(1): 75.00, Acc(5): 100.00
2023-06-19 16:40:07,687 - AUGCON - INFO - Epoch [18/50]-(15/22) Loss: 1.3669, Acc(1): 75.00, Acc(5): 75.00
2023-06-19 16:40:07,687 - AUGCON - INFO - Epoch [18/50]-(20/22) Loss: 0.2244, Acc(1): 100.00, Acc(5): 100.00
2023-06-19 16:40:07,687 - AUGCON - INFO - 	Validation Loss: 0.9847, Acc(1): 64.00, Acc(5): 95.00, F1: 0.19, Recall: 0.21, Precision: 0.18
2023-06-19 16:40:07,687 - AUGCON - INFO - Epoch [19/50]-(0/22) Loss: 0.5592, Acc(1): 75.00, Acc(5): 100.00
2023-06-19 16:40:07,687 - AUGCON - INFO - Epoch [19/50]-(5/22) Loss: 1.5146, Acc(1): 50.00, Acc(5): 100.00
2023-06-19 16:40:07,687 - AUGCON - INFO - Epoch [19/50]-(10/22) Loss: 0.9580, Acc(1): 75.00, Acc(5): 100.00
2023-06-19 16:40:07,687 - AUGCON - INFO - Epoch [19/50]-(15/22) Loss: 0.9505, Acc(1): 50.00, Acc(5): 100.00
2023-06-19 16:40:07,687 - AUGCON - INFO - Epoch [19/50]-(20/22) Loss: 0.4818, Acc(1): 100.00, Acc(5): 100.00
2023-06-19 16:40:07,687 - AUGCON - INFO - 	Validation Loss: 0.9918, Acc(1): 67.00, Acc(5): 96.00, F1: 0.19, Recall: 0.20, Precision: 0.18
2023-06-19 16:40:07,687 - AUGCON - INFO - Epoch [20/50]-(0/22) Loss: 0.6768, Acc(1): 75.00, Acc(5): 100.00
2023-06-19 16:40:07,687 - AUGCON - INFO - Epoch [20/50]-(5/22) Loss: 1.3733, Acc(1): 50.00, Acc(5): 100.00
2023-06-19 16:40:07,688 - AUGCON - INFO - Epoch [20/50]-(10/22) Loss: 0.7377, Acc(1): 75.00, Acc(5): 100.00
2023-06-19 16:40:07,688 - AUGCON - INFO - Epoch [20/50]-(15/22) Loss: 0.6324, Acc(1): 75.00, Acc(5): 100.00
2023-06-19 16:40:07,688 - AUGCON - INFO - Epoch [20/50]-(20/22) Loss: 0.4981, Acc(1): 75.00, Acc(5): 100.00
2023-06-19 16:40:07,688 - AUGCON - INFO - 	Validation Loss: 0.9994, Acc(1): 62.00, Acc(5): 97.00, F1: 0.18, Recall: 0.20, Precision: 0.16
2023-06-19 16:40:07,688 - AUGCON - INFO - Epoch [21/50]-(0/22) Loss: 0.4833, Acc(1): 75.00, Acc(5): 100.00
2023-06-19 16:40:07,688 - AUGCON - INFO - Epoch [21/50]-(5/22) Loss: 0.5653, Acc(1): 75.00, Acc(5): 100.00
2023-06-19 16:40:07,688 - AUGCON - INFO - Epoch [21/50]-(10/22) Loss: 1.0541, Acc(1): 50.00, Acc(5): 100.00
2023-06-19 16:40:07,688 - AUGCON - INFO - Epoch [21/50]-(15/22) Loss: 0.7462, Acc(1): 50.00, Acc(5): 100.00
2023-06-19 16:40:07,688 - AUGCON - INFO - Epoch [21/50]-(20/22) Loss: 0.7874, Acc(1): 100.00, Acc(5): 100.00
2023-06-19 16:40:07,688 - AUGCON - INFO - 	Validation Loss: 0.9177, Acc(1): 70.00, Acc(5): 94.00, F1: 0.19, Recall: 0.20, Precision: 0.19
2023-06-19 16:40:07,688 - AUGCON - INFO - Epoch [22/50]-(0/22) Loss: 1.2601, Acc(1): 25.00, Acc(5): 100.00
2023-06-19 16:40:07,689 - AUGCON - INFO - Epoch [22/50]-(5/22) Loss: 1.0055, Acc(1): 75.00, Acc(5): 75.00
2023-06-19 16:40:07,689 - AUGCON - INFO - Epoch [22/50]-(10/22) Loss: 1.5305, Acc(1): 50.00, Acc(5): 75.00
2023-06-19 16:40:07,689 - AUGCON - INFO - Epoch [22/50]-(15/22) Loss: 0.9677, Acc(1): 50.00, Acc(5): 100.00
2023-06-19 16:40:07,689 - AUGCON - INFO - Epoch [22/50]-(20/22) Loss: 0.3649, Acc(1): 100.00, Acc(5): 100.00
2023-06-19 16:40:07,689 - AUGCON - INFO - 	Validation Loss: 0.9846, Acc(1): 65.00, Acc(5): 95.00, F1: 0.19, Recall: 0.21, Precision: 0.17
2023-06-19 16:40:07,689 - AUGCON - INFO - Epoch [23/50]-(0/22) Loss: 0.8399, Acc(1): 75.00, Acc(5): 100.00
2023-06-19 16:40:07,689 - AUGCON - INFO - Epoch [23/50]-(5/22) Loss: 0.4148, Acc(1): 75.00, Acc(5): 100.00
2023-06-19 16:40:07,689 - AUGCON - INFO - Epoch [23/50]-(10/22) Loss: 1.0535, Acc(1): 50.00, Acc(5): 100.00
2023-06-19 16:40:07,689 - AUGCON - INFO - Epoch [23/50]-(15/22) Loss: 0.6793, Acc(1): 75.00, Acc(5): 100.00
2023-06-19 16:40:07,689 - AUGCON - INFO - Epoch [23/50]-(20/22) Loss: 0.6933, Acc(1): 75.00, Acc(5): 100.00
2023-06-19 16:40:07,689 - AUGCON - INFO - 	Validation Loss: 0.9112, Acc(1): 69.00, Acc(5): 96.00, F1: 0.19, Recall: 0.20, Precision: 0.19
2023-06-19 16:40:07,689 - AUGCON - INFO - Epoch [24/50]-(0/22) Loss: 1.1124, Acc(1): 50.00, Acc(5): 100.00
2023-06-19 16:40:07,689 - AUGCON - INFO - Epoch [24/50]-(5/22) Loss: 1.2088, Acc(1): 50.00, Acc(5): 100.00
2023-06-19 16:40:07,689 - AUGCON - INFO - Epoch [24/50]-(10/22) Loss: 0.5654, Acc(1): 75.00, Acc(5): 100.00
2023-06-19 16:40:07,689 - AUGCON - INFO - Epoch [24/50]-(15/22) Loss: 1.7868, Acc(1): 25.00, Acc(5): 100.00
2023-06-19 16:40:07,690 - AUGCON - INFO - Epoch [24/50]-(20/22) Loss: 0.8030, Acc(1): 75.00, Acc(5): 100.00
2023-06-19 16:40:07,690 - AUGCON - INFO - 	Validation Loss: 0.9178, Acc(1): 71.00, Acc(5): 96.00, F1: 0.20, Recall: 0.21, Precision: 0.19
2023-06-19 16:40:07,690 - AUGCON - INFO - Epoch [25/50]-(0/22) Loss: 0.1688, Acc(1): 100.00, Acc(5): 100.00
2023-06-19 16:40:07,690 - AUGCON - INFO - Epoch [25/50]-(5/22) Loss: 0.9851, Acc(1): 75.00, Acc(5): 100.00
2023-06-19 16:40:07,690 - AUGCON - INFO - Epoch [25/50]-(10/22) Loss: 0.1004, Acc(1): 100.00, Acc(5): 100.00
2023-06-19 16:40:07,690 - AUGCON - INFO - Epoch [25/50]-(15/22) Loss: 1.1424, Acc(1): 50.00, Acc(5): 100.00
2023-06-19 16:40:07,690 - AUGCON - INFO - Epoch [25/50]-(20/22) Loss: 1.1840, Acc(1): 75.00, Acc(5): 75.00
2023-06-19 16:40:07,690 - AUGCON - INFO - 	Validation Loss: 0.8994, Acc(1): 74.00, Acc(5): 98.00, F1: 0.20, Recall: 0.21, Precision: 0.19
2023-06-19 16:40:07,690 - AUGCON - INFO - Epoch [26/50]-(0/22) Loss: 1.4030, Acc(1): 25.00, Acc(5): 100.00
2023-06-19 16:40:07,690 - AUGCON - INFO - Epoch [26/50]-(5/22) Loss: 1.1141, Acc(1): 25.00, Acc(5): 100.00
2023-06-19 16:40:07,690 - AUGCON - INFO - Epoch [26/50]-(10/22) Loss: 0.9014, Acc(1): 75.00, Acc(5): 75.00
2023-06-19 16:40:07,690 - AUGCON - INFO - Epoch [26/50]-(15/22) Loss: 0.3237, Acc(1): 100.00, Acc(5): 100.00
2023-06-19 16:40:07,690 - AUGCON - INFO - Epoch [26/50]-(20/22) Loss: 0.5175, Acc(1): 100.00, Acc(5): 100.00
2023-06-19 16:40:07,690 - AUGCON - INFO - 	Validation Loss: 0.9152, Acc(1): 64.00, Acc(5): 97.00, F1: 0.19, Recall: 0.21, Precision: 0.17
2023-06-19 16:40:07,691 - AUGCON - INFO - Epoch [27/50]-(0/22) Loss: 0.5184, Acc(1): 75.00, Acc(5): 100.00
2023-06-19 16:40:07,691 - AUGCON - INFO - Epoch [27/50]-(5/22) Loss: 0.8727, Acc(1): 75.00, Acc(5): 100.00
2023-06-19 16:40:07,691 - AUGCON - INFO - Epoch [27/50]-(10/22) Loss: 1.2266, Acc(1): 50.00, Acc(5): 75.00
2023-06-19 16:40:07,691 - AUGCON - INFO - Epoch [27/50]-(15/22) Loss: 0.1821, Acc(1): 100.00, Acc(5): 100.00
2023-06-19 16:40:07,691 - AUGCON - INFO - Epoch [27/50]-(20/22) Loss: 0.8187, Acc(1): 75.00, Acc(5): 100.00
2023-06-19 16:40:07,691 - AUGCON - INFO - 	Validation Loss: 0.9137, Acc(1): 66.00, Acc(5): 94.00, F1: 0.19, Recall: 0.21, Precision: 0.17
2023-06-19 16:40:07,691 - AUGCON - INFO - Epoch [28/50]-(0/22) Loss: 0.8539, Acc(1): 50.00, Acc(5): 100.00
2023-06-19 16:40:07,691 - AUGCON - INFO - Epoch [28/50]-(5/22) Loss: 1.2047, Acc(1): 50.00, Acc(5): 75.00
2023-06-19 16:40:07,691 - AUGCON - INFO - Epoch [28/50]-(10/22) Loss: 0.9400, Acc(1): 50.00, Acc(5): 100.00
2023-06-19 16:40:07,691 - AUGCON - INFO - Epoch [28/50]-(15/22) Loss: 0.4499, Acc(1): 100.00, Acc(5): 100.00
2023-06-19 16:40:07,691 - AUGCON - INFO - Epoch [28/50]-(20/22) Loss: 0.5079, Acc(1): 100.00, Acc(5): 100.00
2023-06-19 16:40:07,691 - AUGCON - INFO - 	Validation Loss: 0.8759, Acc(1): 76.00, Acc(5): 96.00, F1: 0.21, Recall: 0.21, Precision: 0.21
2023-06-19 16:40:07,691 - AUGCON - INFO - Epoch [29/50]-(0/22) Loss: 0.5644, Acc(1): 75.00, Acc(5): 100.00
2023-06-19 16:40:07,691 - AUGCON - INFO - Epoch [29/50]-(5/22) Loss: 0.4447, Acc(1): 100.00, Acc(5): 100.00
2023-06-19 16:40:07,691 - AUGCON - INFO - Epoch [29/50]-(10/22) Loss: 0.9199, Acc(1): 50.00, Acc(5): 100.00
2023-06-19 16:40:07,692 - AUGCON - INFO - Epoch [29/50]-(15/22) Loss: 0.8127, Acc(1): 50.00, Acc(5): 100.00
2023-06-19 16:40:07,692 - AUGCON - INFO - Epoch [29/50]-(20/22) Loss: 0.8999, Acc(1): 75.00, Acc(5): 100.00
2023-06-19 16:40:07,692 - AUGCON - INFO - 	Validation Loss: 0.8866, Acc(1): 65.00, Acc(5): 96.00, F1: 0.19, Recall: 0.21, Precision: 0.18
2023-06-19 16:40:07,692 - AUGCON - INFO - Epoch [30/50]-(0/22) Loss: 0.5563, Acc(1): 75.00, Acc(5): 100.00
2023-06-19 16:40:07,692 - AUGCON - INFO - Epoch [30/50]-(5/22) Loss: 0.6402, Acc(1): 75.00, Acc(5): 100.00
2023-06-19 16:40:07,692 - AUGCON - INFO - Epoch [30/50]-(10/22) Loss: 0.9861, Acc(1): 50.00, Acc(5): 100.00
2023-06-19 16:40:07,692 - AUGCON - INFO - Epoch [30/50]-(15/22) Loss: 0.3463, Acc(1): 100.00, Acc(5): 100.00
2023-06-19 16:40:07,692 - AUGCON - INFO - Epoch [30/50]-(20/22) Loss: 0.6696, Acc(1): 75.00, Acc(5): 100.00
2023-06-19 16:40:07,692 - AUGCON - INFO - 	Validation Loss: 0.8630, Acc(1): 74.00, Acc(5): 96.00, F1: 0.20, Recall: 0.21, Precision: 0.20
2023-06-19 16:40:07,692 - AUGCON - INFO - Epoch [31/50]-(0/22) Loss: 0.2700, Acc(1): 100.00, Acc(5): 100.00
2023-06-19 16:40:07,692 - AUGCON - INFO - Epoch [31/50]-(5/22) Loss: 0.4466, Acc(1): 75.00, Acc(5): 100.00
2023-06-19 16:40:07,692 - AUGCON - INFO - Epoch [31/50]-(10/22) Loss: 1.3099, Acc(1): 50.00, Acc(5): 100.00
2023-06-19 16:40:07,692 - AUGCON - INFO - Epoch [31/50]-(15/22) Loss: 0.2900, Acc(1): 100.00, Acc(5): 100.00
2023-06-19 16:40:07,692 - AUGCON - INFO - Epoch [31/50]-(20/22) Loss: 0.5430, Acc(1): 75.00, Acc(5): 100.00
2023-06-19 16:40:07,693 - AUGCON - INFO - 	Validation Loss: 0.8396, Acc(1): 74.00, Acc(5): 98.00, F1: 0.20, Recall: 0.21, Precision: 0.19
2023-06-19 16:40:07,693 - AUGCON - INFO - Epoch [32/50]-(0/22) Loss: 1.0265, Acc(1): 50.00, Acc(5): 100.00
2023-06-19 16:40:07,693 - AUGCON - INFO - Epoch [32/50]-(5/22) Loss: 0.6063, Acc(1): 100.00, Acc(5): 100.00
2023-06-19 16:40:07,693 - AUGCON - INFO - Epoch [32/50]-(10/22) Loss: 0.6782, Acc(1): 75.00, Acc(5): 100.00
2023-06-19 16:40:07,693 - AUGCON - INFO - Epoch [32/50]-(15/22) Loss: 1.0353, Acc(1): 75.00, Acc(5): 100.00
2023-06-19 16:40:07,693 - AUGCON - INFO - Epoch [32/50]-(20/22) Loss: 0.4495, Acc(1): 75.00, Acc(5): 100.00
2023-06-19 16:40:07,693 - AUGCON - INFO - 	Validation Loss: 0.8621, Acc(1): 74.00, Acc(5): 95.00, F1: 0.20, Recall: 0.21, Precision: 0.19
2023-06-19 16:40:07,693 - AUGCON - INFO - Epoch [33/50]-(0/22) Loss: 0.1551, Acc(1): 100.00, Acc(5): 100.00
2023-06-19 16:40:07,693 - AUGCON - INFO - Epoch [33/50]-(5/22) Loss: 0.5875, Acc(1): 75.00, Acc(5): 100.00
2023-06-19 16:40:07,693 - AUGCON - INFO - Epoch [33/50]-(10/22) Loss: 1.6245, Acc(1): 25.00, Acc(5): 100.00
2023-06-19 16:40:07,693 - AUGCON - INFO - Epoch [33/50]-(15/22) Loss: 0.1839, Acc(1): 100.00, Acc(5): 100.00
2023-06-19 16:40:07,693 - AUGCON - INFO - Epoch [33/50]-(20/22) Loss: 0.5658, Acc(1): 75.00, Acc(5): 100.00
2023-06-19 16:40:07,693 - AUGCON - INFO - 	Validation Loss: 0.8642, Acc(1): 73.00, Acc(5): 95.00, F1: 0.19, Recall: 0.20, Precision: 0.19
2023-06-19 16:40:07,693 - AUGCON - INFO - Epoch [34/50]-(0/22) Loss: 1.6320, Acc(1): 25.00, Acc(5): 75.00
2023-06-19 16:40:07,693 - AUGCON - INFO - Epoch [34/50]-(5/22) Loss: 0.7094, Acc(1): 50.00, Acc(5): 100.00
2023-06-19 16:40:07,694 - AUGCON - INFO - Epoch [34/50]-(10/22) Loss: 0.6543, Acc(1): 75.00, Acc(5): 100.00
2023-06-19 16:40:07,694 - AUGCON - INFO - Epoch [34/50]-(15/22) Loss: 1.3895, Acc(1): 50.00, Acc(5): 100.00
2023-06-19 16:40:07,694 - AUGCON - INFO - Epoch [34/50]-(20/22) Loss: 0.2212, Acc(1): 100.00, Acc(5): 100.00
2023-06-19 16:40:07,694 - AUGCON - INFO - 	Validation Loss: 0.8544, Acc(1): 71.00, Acc(5): 95.00, F1: 0.20, Recall: 0.21, Precision: 0.19
2023-06-19 16:40:07,694 - AUGCON - INFO - Epoch [35/50]-(0/22) Loss: 0.6614, Acc(1): 75.00, Acc(5): 100.00
2023-06-19 16:40:07,694 - AUGCON - INFO - Epoch [35/50]-(5/22) Loss: 0.5364, Acc(1): 75.00, Acc(5): 100.00
2023-06-19 16:40:07,694 - AUGCON - INFO - Epoch [35/50]-(10/22) Loss: 0.8672, Acc(1): 75.00, Acc(5): 100.00
2023-06-19 16:40:07,694 - AUGCON - INFO - Epoch [35/50]-(15/22) Loss: 0.6595, Acc(1): 75.00, Acc(5): 100.00
2023-06-19 16:40:07,694 - AUGCON - INFO - Epoch [35/50]-(20/22) Loss: 0.5038, Acc(1): 100.00, Acc(5): 100.00
2023-06-19 16:40:07,694 - AUGCON - INFO - 	Validation Loss: 0.8257, Acc(1): 72.00, Acc(5): 94.00, F1: 0.20, Recall: 0.20, Precision: 0.19
2023-06-19 16:40:07,694 - AUGCON - INFO - Epoch [36/50]-(0/22) Loss: 0.6144, Acc(1): 100.00, Acc(5): 100.00
2023-06-19 16:40:07,694 - AUGCON - INFO - Epoch [36/50]-(5/22) Loss: 0.5264, Acc(1): 75.00, Acc(5): 100.00
2023-06-19 16:40:07,694 - AUGCON - INFO - Epoch [36/50]-(10/22) Loss: 0.6790, Acc(1): 75.00, Acc(5): 100.00
2023-06-19 16:40:07,694 - AUGCON - INFO - Epoch [36/50]-(15/22) Loss: 0.9834, Acc(1): 50.00, Acc(5): 100.00
2023-06-19 16:40:07,694 - AUGCON - INFO - Epoch [36/50]-(20/22) Loss: 0.8438, Acc(1): 75.00, Acc(5): 100.00
2023-06-19 16:40:07,695 - AUGCON - INFO - 	Validation Loss: 0.8874, Acc(1): 66.00, Acc(5): 95.00, F1: 0.19, Recall: 0.21, Precision: 0.17
2023-06-19 16:40:07,695 - AUGCON - INFO - Epoch [37/50]-(0/22) Loss: 0.8850, Acc(1): 50.00, Acc(5): 100.00
2023-06-19 16:40:07,695 - AUGCON - INFO - Epoch [37/50]-(5/22) Loss: 0.9466, Acc(1): 50.00, Acc(5): 100.00
2023-06-19 16:40:07,695 - AUGCON - INFO - Epoch [37/50]-(10/22) Loss: 0.1363, Acc(1): 100.00, Acc(5): 100.00
2023-06-19 16:40:07,695 - AUGCON - INFO - Epoch [37/50]-(15/22) Loss: 0.2499, Acc(1): 100.00, Acc(5): 100.00
2023-06-19 16:40:07,695 - AUGCON - INFO - Epoch [37/50]-(20/22) Loss: 1.3113, Acc(1): 50.00, Acc(5): 100.00
2023-06-19 16:40:07,695 - AUGCON - INFO - 	Validation Loss: 0.8002, Acc(1): 81.00, Acc(5): 96.00, F1: 0.22, Recall: 0.22, Precision: 0.22
2023-06-19 16:40:07,695 - AUGCON - INFO - Epoch [38/50]-(0/22) Loss: 0.5785, Acc(1): 75.00, Acc(5): 100.00
2023-06-19 16:40:07,695 - AUGCON - INFO - Epoch [38/50]-(5/22) Loss: 0.6057, Acc(1): 50.00, Acc(5): 100.00
2023-06-19 16:40:07,695 - AUGCON - INFO - Epoch [38/50]-(10/22) Loss: 0.5694, Acc(1): 75.00, Acc(5): 100.00
2023-06-19 16:40:07,695 - AUGCON - INFO - Epoch [38/50]-(15/22) Loss: 1.2057, Acc(1): 50.00, Acc(5): 100.00
2023-06-19 16:40:07,695 - AUGCON - INFO - Epoch [38/50]-(20/22) Loss: 0.9070, Acc(1): 75.00, Acc(5): 100.00
2023-06-19 16:40:07,695 - AUGCON - INFO - 	Validation Loss: 0.8351, Acc(1): 72.00, Acc(5): 97.00, F1: 0.20, Recall: 0.21, Precision: 0.19
2023-06-19 16:40:07,695 - AUGCON - INFO - Epoch [39/50]-(0/22) Loss: 0.9076, Acc(1): 75.00, Acc(5): 100.00
2023-06-19 16:40:07,696 - AUGCON - INFO - Epoch [39/50]-(5/22) Loss: 1.1737, Acc(1): 50.00, Acc(5): 100.00
2023-06-19 16:40:07,696 - AUGCON - INFO - Epoch [39/50]-(10/22) Loss: 0.8020, Acc(1): 75.00, Acc(5): 100.00
2023-06-19 16:40:07,696 - AUGCON - INFO - Epoch [39/50]-(15/22) Loss: 0.3177, Acc(1): 100.00, Acc(5): 100.00
2023-06-19 16:40:07,696 - AUGCON - INFO - Epoch [39/50]-(20/22) Loss: 0.8792, Acc(1): 50.00, Acc(5): 100.00
2023-06-19 16:40:07,696 - AUGCON - INFO - 	Validation Loss: 0.8244, Acc(1): 74.00, Acc(5): 95.00, F1: 0.20, Recall: 0.21, Precision: 0.19
2023-06-19 16:40:07,696 - AUGCON - INFO - Epoch [40/50]-(0/22) Loss: 0.8603, Acc(1): 75.00, Acc(5): 100.00
2023-06-19 16:40:07,696 - AUGCON - INFO - Epoch [40/50]-(5/22) Loss: 0.4074, Acc(1): 100.00, Acc(5): 100.00
2023-06-19 16:40:07,696 - AUGCON - INFO - Epoch [40/50]-(10/22) Loss: 0.9345, Acc(1): 50.00, Acc(5): 100.00
2023-06-19 16:40:07,696 - AUGCON - INFO - Epoch [40/50]-(15/22) Loss: 1.1970, Acc(1): 25.00, Acc(5): 100.00
2023-06-19 16:40:07,696 - AUGCON - INFO - Epoch [40/50]-(20/22) Loss: 1.1075, Acc(1): 75.00, Acc(5): 75.00
2023-06-19 16:40:07,696 - AUGCON - INFO - 	Validation Loss: 0.8404, Acc(1): 66.00, Acc(5): 96.00, F1: 0.18, Recall: 0.21, Precision: 0.17
2023-06-19 16:40:07,697 - AUGCON - INFO - Epoch [41/50]-(0/22) Loss: 0.8038, Acc(1): 75.00, Acc(5): 100.00
2023-06-19 16:40:07,697 - AUGCON - INFO - Epoch [41/50]-(5/22) Loss: 0.8620, Acc(1): 75.00, Acc(5): 100.00
2023-06-19 16:40:07,697 - AUGCON - INFO - Epoch [41/50]-(10/22) Loss: 0.9238, Acc(1): 50.00, Acc(5): 100.00
2023-06-19 16:40:07,697 - AUGCON - INFO - Epoch [41/50]-(15/22) Loss: 0.2717, Acc(1): 100.00, Acc(5): 100.00
2023-06-19 16:40:07,697 - AUGCON - INFO - Epoch [41/50]-(20/22) Loss: 0.3857, Acc(1): 75.00, Acc(5): 100.00
2023-06-19 16:40:07,697 - AUGCON - INFO - 	Validation Loss: 0.7949, Acc(1): 75.00, Acc(5): 96.00, F1: 0.21, Recall: 0.21, Precision: 0.20
2023-06-19 16:40:07,697 - AUGCON - INFO - Epoch [42/50]-(0/22) Loss: 1.3210, Acc(1): 50.00, Acc(5): 75.00
2023-06-19 16:40:07,697 - AUGCON - INFO - Epoch [42/50]-(5/22) Loss: 0.7791, Acc(1): 50.00, Acc(5): 100.00
2023-06-19 16:40:07,697 - AUGCON - INFO - Epoch [42/50]-(10/22) Loss: 0.7231, Acc(1): 50.00, Acc(5): 100.00
2023-06-19 16:40:07,697 - AUGCON - INFO - Epoch [42/50]-(15/22) Loss: 1.8380, Acc(1): 0.00, Acc(5): 100.00
2023-06-19 16:40:07,697 - AUGCON - INFO - Epoch [42/50]-(20/22) Loss: 0.5046, Acc(1): 75.00, Acc(5): 100.00
2023-06-19 16:40:07,697 - AUGCON - INFO - 	Validation Loss: 0.7880, Acc(1): 76.00, Acc(5): 96.00, F1: 0.21, Recall: 0.22, Precision: 0.21
2023-06-19 16:40:07,697 - AUGCON - INFO - Epoch [43/50]-(0/22) Loss: 0.2368, Acc(1): 100.00, Acc(5): 100.00
2023-06-19 16:40:07,697 - AUGCON - INFO - Epoch [43/50]-(5/22) Loss: 0.2113, Acc(1): 100.00, Acc(5): 100.00
2023-06-19 16:40:07,697 - AUGCON - INFO - Epoch [43/50]-(10/22) Loss: 0.8019, Acc(1): 75.00, Acc(5): 100.00
2023-06-19 16:40:07,697 - AUGCON - INFO - Epoch [43/50]-(15/22) Loss: 1.1142, Acc(1): 50.00, Acc(5): 100.00
2023-06-19 16:40:07,698 - AUGCON - INFO - Epoch [43/50]-(20/22) Loss: 0.1707, Acc(1): 100.00, Acc(5): 100.00
2023-06-19 16:40:07,698 - AUGCON - INFO - 	Validation Loss: 0.7905, Acc(1): 75.00, Acc(5): 97.00, F1: 0.21, Recall: 0.21, Precision: 0.21
2023-06-19 16:40:07,698 - AUGCON - INFO - Epoch [44/50]-(0/22) Loss: 0.4561, Acc(1): 75.00, Acc(5): 100.00
2023-06-19 16:40:07,698 - AUGCON - INFO - Epoch [44/50]-(5/22) Loss: 0.8039, Acc(1): 50.00, Acc(5): 100.00
2023-06-19 16:40:07,698 - AUGCON - INFO - Epoch [44/50]-(10/22) Loss: 0.4086, Acc(1): 75.00, Acc(5): 100.00
2023-06-19 16:40:07,698 - AUGCON - INFO - Epoch [44/50]-(15/22) Loss: 0.7412, Acc(1): 75.00, Acc(5): 100.00
2023-06-19 16:40:07,698 - AUGCON - INFO - Epoch [44/50]-(20/22) Loss: 0.4075, Acc(1): 100.00, Acc(5): 100.00
2023-06-19 16:40:07,698 - AUGCON - INFO - 	Validation Loss: 0.7992, Acc(1): 72.00, Acc(5): 96.00, F1: 0.20, Recall: 0.21, Precision: 0.19
2023-06-19 16:40:07,698 - AUGCON - INFO - Epoch [45/50]-(0/22) Loss: 0.0799, Acc(1): 100.00, Acc(5): 100.00
2023-06-19 16:40:07,698 - AUGCON - INFO - Epoch [45/50]-(5/22) Loss: 0.5850, Acc(1): 75.00, Acc(5): 100.00
2023-06-19 16:40:07,698 - AUGCON - INFO - Epoch [45/50]-(10/22) Loss: 0.3757, Acc(1): 75.00, Acc(5): 100.00
2023-06-19 16:40:07,698 - AUGCON - INFO - Epoch [45/50]-(15/22) Loss: 1.1082, Acc(1): 50.00, Acc(5): 100.00
2023-06-19 16:40:07,698 - AUGCON - INFO - Epoch [45/50]-(20/22) Loss: 0.4720, Acc(1): 75.00, Acc(5): 100.00
2023-06-19 16:40:07,698 - AUGCON - INFO - 	Validation Loss: 0.7510, Acc(1): 77.00, Acc(5): 95.00, F1: 0.21, Recall: 0.21, Precision: 0.21
2023-06-19 16:40:07,698 - AUGCON - INFO - Epoch [46/50]-(0/22) Loss: 0.3687, Acc(1): 100.00, Acc(5): 100.00
2023-06-19 16:40:07,698 - AUGCON - INFO - Epoch [46/50]-(5/22) Loss: 0.4695, Acc(1): 75.00, Acc(5): 100.00
2023-06-19 16:40:07,699 - AUGCON - INFO - Epoch [46/50]-(10/22) Loss: 0.4114, Acc(1): 75.00, Acc(5): 100.00
2023-06-19 16:40:07,699 - AUGCON - INFO - Epoch [46/50]-(15/22) Loss: 0.8442, Acc(1): 50.00, Acc(5): 100.00
2023-06-19 16:40:07,699 - AUGCON - INFO - Epoch [46/50]-(20/22) Loss: 0.7778, Acc(1): 50.00, Acc(5): 100.00
2023-06-19 16:40:07,699 - AUGCON - INFO - 	Validation Loss: 0.7668, Acc(1): 78.00, Acc(5): 96.00, F1: 0.21, Recall: 0.22, Precision: 0.21
2023-06-19 16:40:07,699 - AUGCON - INFO - Epoch [47/50]-(0/22) Loss: 0.5934, Acc(1): 75.00, Acc(5): 100.00
2023-06-19 16:40:07,699 - AUGCON - INFO - Epoch [47/50]-(5/22) Loss: 0.6216, Acc(1): 75.00, Acc(5): 100.00
2023-06-19 16:40:07,699 - AUGCON - INFO - Epoch [47/50]-(10/22) Loss: 1.1506, Acc(1): 50.00, Acc(5): 100.00
2023-06-19 16:40:07,699 - AUGCON - INFO - Epoch [47/50]-(15/22) Loss: 0.4078, Acc(1): 100.00, Acc(5): 100.00
2023-06-19 16:40:07,699 - AUGCON - INFO - Epoch [47/50]-(20/22) Loss: 0.6250, Acc(1): 75.00, Acc(5): 100.00
2023-06-19 16:40:07,699 - AUGCON - INFO - 	Validation Loss: 0.7616, Acc(1): 76.00, Acc(5): 97.00, F1: 0.20, Recall: 0.21, Precision: 0.20
2023-06-19 16:40:07,699 - AUGCON - INFO - Epoch [48/50]-(0/22) Loss: 0.3459, Acc(1): 75.00, Acc(5): 100.00
2023-06-19 16:40:07,699 - AUGCON - INFO - Epoch [48/50]-(5/22) Loss: 0.7229, Acc(1): 50.00, Acc(5): 100.00
2023-06-19 16:40:07,699 - AUGCON - INFO - Epoch [48/50]-(10/22) Loss: 1.0480, Acc(1): 25.00, Acc(5): 100.00
2023-06-19 16:40:07,699 - AUGCON - INFO - Epoch [48/50]-(15/22) Loss: 0.5345, Acc(1): 100.00, Acc(5): 100.00
2023-06-19 16:40:07,699 - AUGCON - INFO - Epoch [48/50]-(20/22) Loss: 1.2431, Acc(1): 50.00, Acc(5): 75.00
2023-06-19 16:40:07,699 - AUGCON - INFO - 	Validation Loss: 0.7845, Acc(1): 72.00, Acc(5): 95.00, F1: 0.20, Recall: 0.22, Precision: 0.19
2023-06-19 16:40:07,699 - AUGCON - INFO - Epoch [49/50]-(0/22) Loss: 0.7849, Acc(1): 75.00, Acc(5): 100.00
2023-06-19 16:40:07,700 - AUGCON - INFO - Epoch [49/50]-(5/22) Loss: 0.8838, Acc(1): 50.00, Acc(5): 100.00
2023-06-19 16:40:07,700 - AUGCON - INFO - Epoch [49/50]-(10/22) Loss: 0.6934, Acc(1): 75.00, Acc(5): 100.00
2023-06-19 16:40:07,700 - AUGCON - INFO - Epoch [49/50]-(15/22) Loss: 1.1880, Acc(1): 25.00, Acc(5): 100.00
2023-06-19 16:40:07,700 - AUGCON - INFO - Epoch [49/50]-(20/22) Loss: 0.0904, Acc(1): 100.00, Acc(5): 100.00
2023-06-19 16:40:07,700 - AUGCON - INFO - 	Validation Loss: 0.7579, Acc(1): 78.00, Acc(5): 96.00, F1: 0.21, Recall: 0.22, Precision: 0.21
2023-06-19 16:40:07,700 - AUGCON - INFO - Epoch [50/50]-(0/22) Loss: 0.6020, Acc(1): 100.00, Acc(5): 100.00
2023-06-19 16:40:07,700 - AUGCON - INFO - Epoch [50/50]-(5/22) Loss: 0.7558, Acc(1): 75.00, Acc(5): 100.00
2023-06-19 16:40:07,700 - AUGCON - INFO - Epoch [50/50]-(10/22) Loss: 0.4465, Acc(1): 75.00, Acc(5): 100.00
2023-06-19 16:40:07,700 - AUGCON - INFO - Epoch [50/50]-(15/22) Loss: 0.4009, Acc(1): 75.00, Acc(5): 100.00
2023-06-19 16:40:07,700 - AUGCON - INFO - Epoch [50/50]-(20/22) Loss: 1.2206, Acc(1): 25.00, Acc(5): 100.00
2023-06-19 16:40:07,700 - AUGCON - INFO - 	Validation Loss: 0.7703, Acc(1): 73.00, Acc(5): 98.00, F1: 0.20, Recall: 0.21, Precision: 0.19
2023-06-19 16:40:07,700 - AUGCON - INFO - 	Validation Loss: 0.8166, Acc(1): 75.33, Acc(5): 99.33, F1: 0.17, Recall: 0.18, Precision: 0.17
