2023-06-19 16:41:15,489 - AUGCON - INFO - logger initialized (/home/hjyoon/projects/augcon/config/exp0/finetune_da_true/without_target_domain_PH0012-thanh/metacpc_perdomain_8421/tgt_target_domain_PH0038-iygoo_seed0.yaml.log)
2023-06-19 16:41:15,489 - AUGCON - INFO - ================= Config =================
2023-06-19 16:41:15,489 - AUGCON - INFO -   mode: finetune
2023-06-19 16:41:15,489 - AUGCON - INFO -   seed: 0
2023-06-19 16:41:15,489 - AUGCON - INFO -   gpu: [1]
2023-06-19 16:41:15,489 - AUGCON - INFO -   num_workers: 1
2023-06-19 16:41:15,489 - AUGCON - INFO -   dist_url: tcp://localhost:10001
2023-06-19 16:41:15,489 - AUGCON - INFO -   dataset_name: ichar
2023-06-19 16:41:15,489 - AUGCON - INFO -   train_dataset_path: /mnt/sting/hjyoon/projects/cross/ICHAR/augcon/target_domain_PH0038-iygoo/finetune/10shot/target/train.pkl
2023-06-19 16:41:15,489 - AUGCON - INFO -   test_dataset_path: /mnt/sting/hjyoon/projects/cross/ICHAR/augcon/target_domain_PH0038-iygoo/finetune/10shot/target/test.pkl
2023-06-19 16:41:15,489 - AUGCON - INFO -   val_dataset_path: /mnt/sting/hjyoon/projects/cross/ICHAR/augcon/target_domain_PH0038-iygoo/finetune/10shot/target/val.pkl
2023-06-19 16:41:15,489 - AUGCON - INFO -   input_channels: 3
2023-06-19 16:41:15,489 - AUGCON - INFO -   num_cls: 9
2023-06-19 16:41:15,489 - AUGCON - INFO -   optimizer: adam
2023-06-19 16:41:15,489 - AUGCON - INFO -   criterion: crossentropy
2023-06-19 16:41:15,489 - AUGCON - INFO -   start_epoch: 0
2023-06-19 16:41:15,489 - AUGCON - INFO -   epochs: 50
2023-06-19 16:41:15,489 - AUGCON - INFO -   batch_size: 4
2023-06-19 16:41:15,489 - AUGCON - INFO -   lr: 0.001
2023-06-19 16:41:15,489 - AUGCON - INFO -   wd: 0.0
2023-06-19 16:41:15,489 - AUGCON - INFO -   resume: 
2023-06-19 16:41:15,489 - AUGCON - INFO -   pretrained: /mnt/sting/hjyoon/projects/augcontrast/models/exp0/pretrain/without_target_domain_PH0012-thanh/metacpc_perdomain_8421/checkpoint_0999.pth.tar
2023-06-19 16:41:15,489 - AUGCON - INFO -   ckpt_dir: /mnt/sting/hjyoon/projects/augcontrast/models/exp0/finetune_da_true/without_target_domain_PH0012-thanh/metacpc_perdomain_8421/tgt_target_domain_PH0038-iygoo_seed0
2023-06-19 16:41:15,489 - AUGCON - INFO -   log_freq: 5
2023-06-19 16:41:15,489 - AUGCON - INFO -   save_freq: 10
2023-06-19 16:41:15,489 - AUGCON - INFO -   pretext: metacpc
2023-06-19 16:41:15,489 - AUGCON - INFO -   enc_blocks: 4
2023-06-19 16:41:15,489 - AUGCON - INFO -   kernel_sizes: [8, 4, 2, 1]
2023-06-19 16:41:15,489 - AUGCON - INFO -   strides: [4, 2, 1, 1]
2023-06-19 16:41:15,489 - AUGCON - INFO -   agg_blocks: 5
2023-06-19 16:41:15,489 - AUGCON - INFO -   z_dim: 256
2023-06-19 16:41:15,490 - AUGCON - INFO -   pooling: mean
2023-06-19 16:41:15,490 - AUGCON - INFO -   pred_steps: 12
2023-06-19 16:41:15,490 - AUGCON - INFO -   n_negatives: 15
2023-06-19 16:41:15,490 - AUGCON - INFO -   offset: 4
2023-06-19 16:41:15,490 - AUGCON - INFO -   domain_adaptation: True
2023-06-19 16:41:15,490 - AUGCON - INFO -   task_steps: 10
2023-06-19 16:41:15,490 - AUGCON - INFO -   task_lr: 0.001
2023-06-19 16:41:15,490 - AUGCON - INFO -   reg_lambda: 0
2023-06-19 16:41:15,490 - AUGCON - INFO -   mlp: False
2023-06-19 16:41:15,490 - AUGCON - INFO -   freeze: True
2023-06-19 16:41:15,490 - AUGCON - INFO -   no_vars: False
2023-06-19 16:41:15,490 - AUGCON - INFO - ==========================================
2023-06-19 16:41:15,490 - AUGCON - INFO - Setting GPUs: [1]
2023-06-19 16:41:15,490 - AUGCON - INFO - GPUs [1] will be used
2023-06-19 16:41:15,490 - AUGCON - WARNING - You have chosen to seed training. 
2023-06-19 16:41:15,490 - AUGCON - WARNING - This will turn on the CUDNN deterministic setting, 
2023-06-19 16:41:15,490 - AUGCON - WARNING - which can slow down your training considerably! 
2023-06-19 16:41:15,491 - AUGCON - WARNING - You may see unexpected behavior when restarting 
2023-06-19 16:41:15,491 - AUGCON - WARNING - from checkpoints.
2023-06-19 16:41:15,514 - AUGCON - INFO - Executing MetaCPC
2023-06-19 16:41:15,514 - AUGCON - INFO - Logs are skipped during training
2023-06-19 16:41:35,295 - AUGCON - INFO - Single GPU is used for training - training 90 instances for each worker
2023-06-19 16:41:35,295 - AUGCON - INFO - Loading pretrained model from checkpoint - /mnt/sting/hjyoon/projects/augcontrast/models/exp0/pretrain/without_target_domain_PH0012-thanh/metacpc_perdomain_8421/checkpoint_0999.pth.tar
2023-06-19 16:41:35,295 - AUGCON - INFO - Missing keys: []
2023-06-19 16:41:35,295 - AUGCON - INFO - Perform domain adaptation step
2023-06-19 16:41:35,295 - AUGCON - INFO - 	meta-train [0/10] Loss: 2.4369, Acc(1): 19.93, Acc(5): 65.26
2023-06-19 16:41:35,295 - AUGCON - INFO - 	meta-train [1/10] Loss: 2.0233, Acc(1): 27.47, Acc(5): 78.81
2023-06-19 16:41:35,296 - AUGCON - INFO - 	meta-train [2/10] Loss: 1.5087, Acc(1): 42.15, Acc(5): 91.23
2023-06-19 16:41:35,296 - AUGCON - INFO - 	meta-train [3/10] Loss: 1.0411, Acc(1): 56.43, Acc(5): 97.85
2023-06-19 16:41:35,296 - AUGCON - INFO - 	meta-train [4/10] Loss: 1.0103, Acc(1): 58.48, Acc(5): 98.19
2023-06-19 16:41:35,296 - AUGCON - INFO - 	meta-train [5/10] Loss: 0.9873, Acc(1): 59.69, Acc(5): 98.20
2023-06-19 16:41:35,296 - AUGCON - INFO - 	meta-train [6/10] Loss: 0.9823, Acc(1): 59.54, Acc(5): 98.18
2023-06-19 16:41:35,296 - AUGCON - INFO - 	meta-train [7/10] Loss: 0.9692, Acc(1): 59.76, Acc(5): 98.29
2023-06-19 16:41:35,296 - AUGCON - INFO - 	meta-train [8/10] Loss: 0.9661, Acc(1): 58.96, Acc(5): 98.57
2023-06-19 16:41:35,296 - AUGCON - INFO - 	meta-train [9/10] Loss: 1.0017, Acc(1): 58.76, Acc(5): 98.35
2023-06-19 16:41:35,296 - AUGCON - INFO - Loading encoder parameters to the classifier
2023-06-19 16:41:35,296 - AUGCON - INFO - Missing keys: ['classifier.block.0.weight', 'classifier.block.0.bias']
2023-06-19 16:41:35,296 - AUGCON - INFO - Epoch [1/50]-(0/22) Loss: 2.3014, Acc(1): 25.00, Acc(5): 50.00
2023-06-19 16:41:35,296 - AUGCON - INFO - Epoch [1/50]-(5/22) Loss: 2.2792, Acc(1): 0.00, Acc(5): 50.00
2023-06-19 16:41:35,297 - AUGCON - INFO - Epoch [1/50]-(10/22) Loss: 2.5576, Acc(1): 0.00, Acc(5): 50.00
2023-06-19 16:41:35,297 - AUGCON - INFO - Epoch [1/50]-(15/22) Loss: 1.6848, Acc(1): 50.00, Acc(5): 100.00
2023-06-19 16:41:35,297 - AUGCON - INFO - Epoch [1/50]-(20/22) Loss: 1.8723, Acc(1): 25.00, Acc(5): 100.00
2023-06-19 16:41:35,297 - AUGCON - INFO - 	Validation Loss: 1.7167, Acc(1): 59.00, Acc(5): 89.00, F1: 0.12, Recall: 0.12, Precision: 0.13
2023-06-19 16:41:35,297 - AUGCON - INFO - Epoch [2/50]-(0/22) Loss: 2.0144, Acc(1): 25.00, Acc(5): 50.00
2023-06-19 16:41:35,297 - AUGCON - INFO - Epoch [2/50]-(5/22) Loss: 1.6397, Acc(1): 75.00, Acc(5): 100.00
2023-06-19 16:41:35,297 - AUGCON - INFO - Epoch [2/50]-(10/22) Loss: 1.2815, Acc(1): 100.00, Acc(5): 100.00
2023-06-19 16:41:35,297 - AUGCON - INFO - Epoch [2/50]-(15/22) Loss: 1.6306, Acc(1): 50.00, Acc(5): 75.00
2023-06-19 16:41:35,297 - AUGCON - INFO - Epoch [2/50]-(20/22) Loss: 1.2994, Acc(1): 75.00, Acc(5): 100.00
2023-06-19 16:41:35,297 - AUGCON - INFO - 	Validation Loss: 1.3241, Acc(1): 73.00, Acc(5): 93.00, F1: 0.16, Recall: 0.16, Precision: 0.17
2023-06-19 16:41:35,297 - AUGCON - INFO - Epoch [3/50]-(0/22) Loss: 1.7159, Acc(1): 50.00, Acc(5): 75.00
2023-06-19 16:41:35,297 - AUGCON - INFO - Epoch [3/50]-(5/22) Loss: 0.7290, Acc(1): 100.00, Acc(5): 100.00
2023-06-19 16:41:35,297 - AUGCON - INFO - Epoch [3/50]-(10/22) Loss: 0.9759, Acc(1): 50.00, Acc(5): 100.00
2023-06-19 16:41:35,297 - AUGCON - INFO - Epoch [3/50]-(15/22) Loss: 1.1493, Acc(1): 75.00, Acc(5): 100.00
2023-06-19 16:41:35,297 - AUGCON - INFO - Epoch [3/50]-(20/22) Loss: 0.8140, Acc(1): 100.00, Acc(5): 100.00
2023-06-19 16:41:35,297 - AUGCON - INFO - 	Validation Loss: 1.1686, Acc(1): 79.00, Acc(5): 93.00, F1: 0.18, Recall: 0.17, Precision: 0.18
2023-06-19 16:41:35,298 - AUGCON - INFO - Epoch [4/50]-(0/22) Loss: 0.7963, Acc(1): 100.00, Acc(5): 100.00
2023-06-19 16:41:35,298 - AUGCON - INFO - Epoch [4/50]-(5/22) Loss: 1.4685, Acc(1): 75.00, Acc(5): 75.00
2023-06-19 16:41:35,298 - AUGCON - INFO - Epoch [4/50]-(10/22) Loss: 0.8520, Acc(1): 100.00, Acc(5): 100.00
2023-06-19 16:41:35,298 - AUGCON - INFO - Epoch [4/50]-(15/22) Loss: 1.0028, Acc(1): 75.00, Acc(5): 100.00
2023-06-19 16:41:35,298 - AUGCON - INFO - Epoch [4/50]-(20/22) Loss: 0.8813, Acc(1): 75.00, Acc(5): 100.00
2023-06-19 16:41:35,298 - AUGCON - INFO - 	Validation Loss: 1.0965, Acc(1): 80.00, Acc(5): 94.00, F1: 0.18, Recall: 0.18, Precision: 0.19
2023-06-19 16:41:35,298 - AUGCON - INFO - Epoch [5/50]-(0/22) Loss: 0.8477, Acc(1): 75.00, Acc(5): 100.00
2023-06-19 16:41:35,298 - AUGCON - INFO - Epoch [5/50]-(5/22) Loss: 0.6174, Acc(1): 100.00, Acc(5): 100.00
2023-06-19 16:41:35,298 - AUGCON - INFO - Epoch [5/50]-(10/22) Loss: 0.6169, Acc(1): 100.00, Acc(5): 100.00
2023-06-19 16:41:35,298 - AUGCON - INFO - Epoch [5/50]-(15/22) Loss: 0.8939, Acc(1): 75.00, Acc(5): 100.00
2023-06-19 16:41:35,298 - AUGCON - INFO - Epoch [5/50]-(20/22) Loss: 0.7040, Acc(1): 75.00, Acc(5): 100.00
2023-06-19 16:41:35,298 - AUGCON - INFO - 	Validation Loss: 1.0495, Acc(1): 82.00, Acc(5): 92.00, F1: 0.18, Recall: 0.18, Precision: 0.18
2023-06-19 16:41:35,298 - AUGCON - INFO - Epoch [6/50]-(0/22) Loss: 0.5001, Acc(1): 100.00, Acc(5): 100.00
2023-06-19 16:41:35,298 - AUGCON - INFO - Epoch [6/50]-(5/22) Loss: 0.4818, Acc(1): 100.00, Acc(5): 100.00
2023-06-19 16:41:35,298 - AUGCON - INFO - Epoch [6/50]-(10/22) Loss: 0.9532, Acc(1): 100.00, Acc(5): 100.00
2023-06-19 16:41:35,298 - AUGCON - INFO - Epoch [6/50]-(15/22) Loss: 0.4680, Acc(1): 100.00, Acc(5): 100.00
2023-06-19 16:41:35,299 - AUGCON - INFO - Epoch [6/50]-(20/22) Loss: 0.5787, Acc(1): 100.00, Acc(5): 100.00
2023-06-19 16:41:35,299 - AUGCON - INFO - 	Validation Loss: 1.0146, Acc(1): 80.00, Acc(5): 93.00, F1: 0.18, Recall: 0.18, Precision: 0.18
2023-06-19 16:41:35,299 - AUGCON - INFO - Epoch [7/50]-(0/22) Loss: 0.9647, Acc(1): 75.00, Acc(5): 100.00
2023-06-19 16:41:35,299 - AUGCON - INFO - Epoch [7/50]-(5/22) Loss: 0.6154, Acc(1): 100.00, Acc(5): 100.00
2023-06-19 16:41:35,299 - AUGCON - INFO - Epoch [7/50]-(10/22) Loss: 0.4507, Acc(1): 100.00, Acc(5): 100.00
2023-06-19 16:41:35,299 - AUGCON - INFO - Epoch [7/50]-(15/22) Loss: 0.8131, Acc(1): 100.00, Acc(5): 100.00
2023-06-19 16:41:35,299 - AUGCON - INFO - Epoch [7/50]-(20/22) Loss: 0.4723, Acc(1): 100.00, Acc(5): 100.00
2023-06-19 16:41:35,299 - AUGCON - INFO - 	Validation Loss: 0.9951, Acc(1): 83.00, Acc(5): 93.00, F1: 0.19, Recall: 0.19, Precision: 0.18
2023-06-19 16:41:35,299 - AUGCON - INFO - Epoch [8/50]-(0/22) Loss: 0.2835, Acc(1): 100.00, Acc(5): 100.00
2023-06-19 16:41:35,299 - AUGCON - INFO - Epoch [8/50]-(5/22) Loss: 0.9336, Acc(1): 75.00, Acc(5): 100.00
2023-06-19 16:41:35,299 - AUGCON - INFO - Epoch [8/50]-(10/22) Loss: 0.5523, Acc(1): 100.00, Acc(5): 100.00
2023-06-19 16:41:35,299 - AUGCON - INFO - Epoch [8/50]-(15/22) Loss: 0.6935, Acc(1): 50.00, Acc(5): 100.00
2023-06-19 16:41:35,299 - AUGCON - INFO - Epoch [8/50]-(20/22) Loss: 0.5854, Acc(1): 75.00, Acc(5): 100.00
2023-06-19 16:41:35,299 - AUGCON - INFO - 	Validation Loss: 0.9616, Acc(1): 80.00, Acc(5): 94.00, F1: 0.18, Recall: 0.18, Precision: 0.19
2023-06-19 16:41:35,299 - AUGCON - INFO - Epoch [9/50]-(0/22) Loss: 0.8712, Acc(1): 75.00, Acc(5): 100.00
2023-06-19 16:41:35,299 - AUGCON - INFO - Epoch [9/50]-(5/22) Loss: 0.7204, Acc(1): 100.00, Acc(5): 100.00
2023-06-19 16:41:35,300 - AUGCON - INFO - Epoch [9/50]-(10/22) Loss: 1.1543, Acc(1): 50.00, Acc(5): 100.00
2023-06-19 16:41:35,300 - AUGCON - INFO - Epoch [9/50]-(15/22) Loss: 0.5322, Acc(1): 75.00, Acc(5): 100.00
2023-06-19 16:41:35,300 - AUGCON - INFO - Epoch [9/50]-(20/22) Loss: 0.4705, Acc(1): 100.00, Acc(5): 100.00
2023-06-19 16:41:35,300 - AUGCON - INFO - 	Validation Loss: 0.9877, Acc(1): 83.00, Acc(5): 93.00, F1: 0.19, Recall: 0.18, Precision: 0.19
2023-06-19 16:41:35,300 - AUGCON - INFO - Epoch [10/50]-(0/22) Loss: 0.3990, Acc(1): 100.00, Acc(5): 100.00
2023-06-19 16:41:35,300 - AUGCON - INFO - Epoch [10/50]-(5/22) Loss: 0.5255, Acc(1): 100.00, Acc(5): 100.00
2023-06-19 16:41:35,300 - AUGCON - INFO - Epoch [10/50]-(10/22) Loss: 0.5527, Acc(1): 75.00, Acc(5): 100.00
2023-06-19 16:41:35,300 - AUGCON - INFO - Epoch [10/50]-(15/22) Loss: 0.5005, Acc(1): 100.00, Acc(5): 100.00
2023-06-19 16:41:35,300 - AUGCON - INFO - Epoch [10/50]-(20/22) Loss: 0.3896, Acc(1): 100.00, Acc(5): 100.00
2023-06-19 16:41:35,300 - AUGCON - INFO - 	Validation Loss: 0.9541, Acc(1): 85.00, Acc(5): 93.00, F1: 0.19, Recall: 0.19, Precision: 0.19
2023-06-19 16:41:35,300 - AUGCON - INFO - Epoch [11/50]-(0/22) Loss: 0.2320, Acc(1): 100.00, Acc(5): 100.00
2023-06-19 16:41:35,300 - AUGCON - INFO - Epoch [11/50]-(5/22) Loss: 0.2674, Acc(1): 100.00, Acc(5): 100.00
2023-06-19 16:41:35,300 - AUGCON - INFO - Epoch [11/50]-(10/22) Loss: 0.6528, Acc(1): 75.00, Acc(5): 100.00
2023-06-19 16:41:35,300 - AUGCON - INFO - Epoch [11/50]-(15/22) Loss: 0.2734, Acc(1): 100.00, Acc(5): 100.00
2023-06-19 16:41:35,300 - AUGCON - INFO - Epoch [11/50]-(20/22) Loss: 0.2861, Acc(1): 100.00, Acc(5): 100.00
2023-06-19 16:41:35,301 - AUGCON - INFO - 	Validation Loss: 0.9669, Acc(1): 85.00, Acc(5): 94.00, F1: 0.19, Recall: 0.19, Precision: 0.18
2023-06-19 16:41:35,301 - AUGCON - INFO - Epoch [12/50]-(0/22) Loss: 0.3158, Acc(1): 100.00, Acc(5): 100.00
2023-06-19 16:41:35,301 - AUGCON - INFO - Epoch [12/50]-(5/22) Loss: 0.6128, Acc(1): 75.00, Acc(5): 100.00
2023-06-19 16:41:35,301 - AUGCON - INFO - Epoch [12/50]-(10/22) Loss: 0.3138, Acc(1): 100.00, Acc(5): 100.00
2023-06-19 16:41:35,301 - AUGCON - INFO - Epoch [12/50]-(15/22) Loss: 0.2777, Acc(1): 100.00, Acc(5): 100.00
2023-06-19 16:41:35,301 - AUGCON - INFO - Epoch [12/50]-(20/22) Loss: 0.4810, Acc(1): 75.00, Acc(5): 100.00
2023-06-19 16:41:35,301 - AUGCON - INFO - 	Validation Loss: 0.9512, Acc(1): 84.00, Acc(5): 94.00, F1: 0.19, Recall: 0.19, Precision: 0.19
2023-06-19 16:41:35,301 - AUGCON - INFO - Epoch [13/50]-(0/22) Loss: 0.3277, Acc(1): 100.00, Acc(5): 100.00
2023-06-19 16:41:35,301 - AUGCON - INFO - Epoch [13/50]-(5/22) Loss: 0.2921, Acc(1): 100.00, Acc(5): 100.00
2023-06-19 16:41:35,301 - AUGCON - INFO - Epoch [13/50]-(10/22) Loss: 1.0966, Acc(1): 25.00, Acc(5): 100.00
2023-06-19 16:41:35,301 - AUGCON - INFO - Epoch [13/50]-(15/22) Loss: 0.4873, Acc(1): 100.00, Acc(5): 100.00
2023-06-19 16:41:35,301 - AUGCON - INFO - Epoch [13/50]-(20/22) Loss: 0.2020, Acc(1): 100.00, Acc(5): 100.00
2023-06-19 16:41:35,301 - AUGCON - INFO - 	Validation Loss: 0.9597, Acc(1): 85.00, Acc(5): 94.00, F1: 0.19, Recall: 0.19, Precision: 0.18
2023-06-19 16:41:35,301 - AUGCON - INFO - Epoch [14/50]-(0/22) Loss: 0.3231, Acc(1): 100.00, Acc(5): 100.00
2023-06-19 16:41:35,301 - AUGCON - INFO - Epoch [14/50]-(5/22) Loss: 0.3986, Acc(1): 75.00, Acc(5): 100.00
2023-06-19 16:41:35,301 - AUGCON - INFO - Epoch [14/50]-(10/22) Loss: 0.2983, Acc(1): 100.00, Acc(5): 100.00
2023-06-19 16:41:35,302 - AUGCON - INFO - Epoch [14/50]-(15/22) Loss: 0.5042, Acc(1): 100.00, Acc(5): 100.00
2023-06-19 16:41:35,302 - AUGCON - INFO - Epoch [14/50]-(20/22) Loss: 0.3336, Acc(1): 100.00, Acc(5): 100.00
2023-06-19 16:41:35,302 - AUGCON - INFO - 	Validation Loss: 0.9685, Acc(1): 85.00, Acc(5): 93.00, F1: 0.19, Recall: 0.20, Precision: 0.18
2023-06-19 16:41:35,302 - AUGCON - INFO - Epoch [15/50]-(0/22) Loss: 0.5575, Acc(1): 75.00, Acc(5): 100.00
2023-06-19 16:41:35,302 - AUGCON - INFO - Epoch [15/50]-(5/22) Loss: 0.4658, Acc(1): 75.00, Acc(5): 100.00
2023-06-19 16:41:35,302 - AUGCON - INFO - Epoch [15/50]-(10/22) Loss: 0.5300, Acc(1): 100.00, Acc(5): 100.00
2023-06-19 16:41:35,302 - AUGCON - INFO - Epoch [15/50]-(15/22) Loss: 0.2766, Acc(1): 100.00, Acc(5): 100.00
2023-06-19 16:41:35,302 - AUGCON - INFO - Epoch [15/50]-(20/22) Loss: 0.1029, Acc(1): 100.00, Acc(5): 100.00
2023-06-19 16:41:35,302 - AUGCON - INFO - 	Validation Loss: 0.9558, Acc(1): 86.00, Acc(5): 94.00, F1: 0.19, Recall: 0.20, Precision: 0.18
2023-06-19 16:41:35,302 - AUGCON - INFO - Epoch [16/50]-(0/22) Loss: 0.2197, Acc(1): 100.00, Acc(5): 100.00
2023-06-19 16:41:35,302 - AUGCON - INFO - Epoch [16/50]-(5/22) Loss: 0.3729, Acc(1): 100.00, Acc(5): 100.00
2023-06-19 16:41:35,302 - AUGCON - INFO - Epoch [16/50]-(10/22) Loss: 0.2679, Acc(1): 100.00, Acc(5): 100.00
2023-06-19 16:41:35,302 - AUGCON - INFO - Epoch [16/50]-(15/22) Loss: 0.3062, Acc(1): 100.00, Acc(5): 100.00
2023-06-19 16:41:35,302 - AUGCON - INFO - Epoch [16/50]-(20/22) Loss: 0.1773, Acc(1): 100.00, Acc(5): 100.00
2023-06-19 16:41:35,303 - AUGCON - INFO - 	Validation Loss: 0.9582, Acc(1): 84.00, Acc(5): 94.00, F1: 0.19, Recall: 0.19, Precision: 0.19
2023-06-19 16:41:35,303 - AUGCON - INFO - Epoch [17/50]-(0/22) Loss: 0.4304, Acc(1): 100.00, Acc(5): 100.00
2023-06-19 16:41:35,303 - AUGCON - INFO - Epoch [17/50]-(5/22) Loss: 0.2208, Acc(1): 100.00, Acc(5): 100.00
2023-06-19 16:41:35,303 - AUGCON - INFO - Epoch [17/50]-(10/22) Loss: 0.2177, Acc(1): 100.00, Acc(5): 100.00
2023-06-19 16:41:35,303 - AUGCON - INFO - Epoch [17/50]-(15/22) Loss: 0.1946, Acc(1): 100.00, Acc(5): 100.00
2023-06-19 16:41:35,303 - AUGCON - INFO - Epoch [17/50]-(20/22) Loss: 0.5017, Acc(1): 75.00, Acc(5): 100.00
2023-06-19 16:41:35,303 - AUGCON - INFO - 	Validation Loss: 0.9658, Acc(1): 83.00, Acc(5): 94.00, F1: 0.18, Recall: 0.19, Precision: 0.18
2023-06-19 16:41:35,303 - AUGCON - INFO - Epoch [18/50]-(0/22) Loss: 0.3698, Acc(1): 100.00, Acc(5): 100.00
2023-06-19 16:41:35,303 - AUGCON - INFO - Epoch [18/50]-(5/22) Loss: 0.4223, Acc(1): 100.00, Acc(5): 100.00
2023-06-19 16:41:35,303 - AUGCON - INFO - Epoch [18/50]-(10/22) Loss: 0.2366, Acc(1): 100.00, Acc(5): 100.00
2023-06-19 16:41:35,303 - AUGCON - INFO - Epoch [18/50]-(15/22) Loss: 0.2265, Acc(1): 100.00, Acc(5): 100.00
2023-06-19 16:41:35,303 - AUGCON - INFO - Epoch [18/50]-(20/22) Loss: 0.1159, Acc(1): 100.00, Acc(5): 100.00
2023-06-19 16:41:35,303 - AUGCON - INFO - 	Validation Loss: 0.9621, Acc(1): 85.00, Acc(5): 94.00, F1: 0.19, Recall: 0.19, Precision: 0.19
2023-06-19 16:41:35,303 - AUGCON - INFO - Epoch [19/50]-(0/22) Loss: 0.4435, Acc(1): 75.00, Acc(5): 100.00
2023-06-19 16:41:35,303 - AUGCON - INFO - Epoch [19/50]-(5/22) Loss: 0.3283, Acc(1): 100.00, Acc(5): 100.00
2023-06-19 16:41:35,303 - AUGCON - INFO - Epoch [19/50]-(10/22) Loss: 0.3296, Acc(1): 75.00, Acc(5): 100.00
2023-06-19 16:41:35,304 - AUGCON - INFO - Epoch [19/50]-(15/22) Loss: 0.2491, Acc(1): 100.00, Acc(5): 100.00
2023-06-19 16:41:35,304 - AUGCON - INFO - Epoch [19/50]-(20/22) Loss: 0.4119, Acc(1): 75.00, Acc(5): 100.00
2023-06-19 16:41:35,304 - AUGCON - INFO - 	Validation Loss: 0.9809, Acc(1): 83.00, Acc(5): 94.00, F1: 0.19, Recall: 0.20, Precision: 0.18
2023-06-19 16:41:35,304 - AUGCON - INFO - Epoch [20/50]-(0/22) Loss: 0.0922, Acc(1): 100.00, Acc(5): 100.00
2023-06-19 16:41:35,304 - AUGCON - INFO - Epoch [20/50]-(5/22) Loss: 0.3055, Acc(1): 100.00, Acc(5): 100.00
2023-06-19 16:41:35,304 - AUGCON - INFO - Epoch [20/50]-(10/22) Loss: 0.2041, Acc(1): 100.00, Acc(5): 100.00
2023-06-19 16:41:35,304 - AUGCON - INFO - Epoch [20/50]-(15/22) Loss: 0.4229, Acc(1): 75.00, Acc(5): 100.00
2023-06-19 16:41:35,304 - AUGCON - INFO - Epoch [20/50]-(20/22) Loss: 0.3333, Acc(1): 75.00, Acc(5): 100.00
2023-06-19 16:41:35,304 - AUGCON - INFO - 	Validation Loss: 0.9583, Acc(1): 86.00, Acc(5): 94.00, F1: 0.19, Recall: 0.19, Precision: 0.19
2023-06-19 16:41:35,304 - AUGCON - INFO - Epoch [21/50]-(0/22) Loss: 0.2219, Acc(1): 100.00, Acc(5): 100.00
2023-06-19 16:41:35,304 - AUGCON - INFO - Epoch [21/50]-(5/22) Loss: 0.2982, Acc(1): 100.00, Acc(5): 100.00
2023-06-19 16:41:35,304 - AUGCON - INFO - Epoch [21/50]-(10/22) Loss: 0.6905, Acc(1): 50.00, Acc(5): 100.00
2023-06-19 16:41:35,304 - AUGCON - INFO - Epoch [21/50]-(15/22) Loss: 0.4583, Acc(1): 100.00, Acc(5): 100.00
2023-06-19 16:41:35,304 - AUGCON - INFO - Epoch [21/50]-(20/22) Loss: 0.3081, Acc(1): 100.00, Acc(5): 100.00
2023-06-19 16:41:35,304 - AUGCON - INFO - 	Validation Loss: 0.9694, Acc(1): 80.00, Acc(5): 94.00, F1: 0.18, Recall: 0.20, Precision: 0.17
2023-06-19 16:41:35,304 - AUGCON - INFO - Epoch [22/50]-(0/22) Loss: 0.3793, Acc(1): 75.00, Acc(5): 100.00
2023-06-19 16:41:35,305 - AUGCON - INFO - Epoch [22/50]-(5/22) Loss: 0.1871, Acc(1): 100.00, Acc(5): 100.00
2023-06-19 16:41:35,305 - AUGCON - INFO - Epoch [22/50]-(10/22) Loss: 0.9766, Acc(1): 50.00, Acc(5): 100.00
2023-06-19 16:41:35,305 - AUGCON - INFO - Epoch [22/50]-(15/22) Loss: 0.1260, Acc(1): 100.00, Acc(5): 100.00
2023-06-19 16:41:35,305 - AUGCON - INFO - Epoch [22/50]-(20/22) Loss: 0.4831, Acc(1): 75.00, Acc(5): 100.00
2023-06-19 16:41:35,305 - AUGCON - INFO - 	Validation Loss: 0.9584, Acc(1): 83.00, Acc(5): 94.00, F1: 0.19, Recall: 0.19, Precision: 0.19
2023-06-19 16:41:35,305 - AUGCON - INFO - Epoch [23/50]-(0/22) Loss: 0.2086, Acc(1): 100.00, Acc(5): 100.00
2023-06-19 16:41:35,305 - AUGCON - INFO - Epoch [23/50]-(5/22) Loss: 0.1693, Acc(1): 100.00, Acc(5): 100.00
2023-06-19 16:41:35,305 - AUGCON - INFO - Epoch [23/50]-(10/22) Loss: 0.2102, Acc(1): 100.00, Acc(5): 100.00
2023-06-19 16:41:35,305 - AUGCON - INFO - Epoch [23/50]-(15/22) Loss: 1.0719, Acc(1): 75.00, Acc(5): 100.00
2023-06-19 16:41:35,305 - AUGCON - INFO - Epoch [23/50]-(20/22) Loss: 0.1441, Acc(1): 100.00, Acc(5): 100.00
2023-06-19 16:41:35,305 - AUGCON - INFO - 	Validation Loss: 0.9663, Acc(1): 86.00, Acc(5): 94.00, F1: 0.19, Recall: 0.20, Precision: 0.18
2023-06-19 16:41:35,305 - AUGCON - INFO - Epoch [24/50]-(0/22) Loss: 0.7736, Acc(1): 25.00, Acc(5): 100.00
2023-06-19 16:41:35,305 - AUGCON - INFO - Epoch [24/50]-(5/22) Loss: 0.2239, Acc(1): 100.00, Acc(5): 100.00
2023-06-19 16:41:35,305 - AUGCON - INFO - Epoch [24/50]-(10/22) Loss: 0.2063, Acc(1): 100.00, Acc(5): 100.00
2023-06-19 16:41:35,305 - AUGCON - INFO - Epoch [24/50]-(15/22) Loss: 0.3492, Acc(1): 75.00, Acc(5): 100.00
2023-06-19 16:41:35,306 - AUGCON - INFO - Epoch [24/50]-(20/22) Loss: 0.2200, Acc(1): 100.00, Acc(5): 100.00
2023-06-19 16:41:35,306 - AUGCON - INFO - 	Validation Loss: 0.9596, Acc(1): 85.00, Acc(5): 94.00, F1: 0.19, Recall: 0.19, Precision: 0.19
2023-06-19 16:41:35,306 - AUGCON - INFO - Epoch [25/50]-(0/22) Loss: 0.5700, Acc(1): 75.00, Acc(5): 100.00
2023-06-19 16:41:35,306 - AUGCON - INFO - Epoch [25/50]-(5/22) Loss: 0.3025, Acc(1): 100.00, Acc(5): 100.00
2023-06-19 16:41:35,306 - AUGCON - INFO - Epoch [25/50]-(10/22) Loss: 0.1605, Acc(1): 100.00, Acc(5): 100.00
2023-06-19 16:41:35,306 - AUGCON - INFO - Epoch [25/50]-(15/22) Loss: 0.2038, Acc(1): 100.00, Acc(5): 100.00
2023-06-19 16:41:35,306 - AUGCON - INFO - Epoch [25/50]-(20/22) Loss: 0.1390, Acc(1): 100.00, Acc(5): 100.00
2023-06-19 16:41:35,306 - AUGCON - INFO - 	Validation Loss: 0.9418, Acc(1): 86.00, Acc(5): 94.00, F1: 0.19, Recall: 0.19, Precision: 0.19
2023-06-19 16:41:35,306 - AUGCON - INFO - Epoch [26/50]-(0/22) Loss: 0.7024, Acc(1): 75.00, Acc(5): 100.00
2023-06-19 16:41:35,306 - AUGCON - INFO - Epoch [26/50]-(5/22) Loss: 0.1840, Acc(1): 100.00, Acc(5): 100.00
2023-06-19 16:41:35,306 - AUGCON - INFO - Epoch [26/50]-(10/22) Loss: 0.1407, Acc(1): 100.00, Acc(5): 100.00
2023-06-19 16:41:35,306 - AUGCON - INFO - Epoch [26/50]-(15/22) Loss: 0.2711, Acc(1): 100.00, Acc(5): 100.00
2023-06-19 16:41:35,306 - AUGCON - INFO - Epoch [26/50]-(20/22) Loss: 0.0665, Acc(1): 100.00, Acc(5): 100.00
2023-06-19 16:41:35,306 - AUGCON - INFO - 	Validation Loss: 0.9609, Acc(1): 85.00, Acc(5): 94.00, F1: 0.19, Recall: 0.20, Precision: 0.18
2023-06-19 16:41:35,306 - AUGCON - INFO - Epoch [27/50]-(0/22) Loss: 0.3031, Acc(1): 75.00, Acc(5): 100.00
2023-06-19 16:41:35,306 - AUGCON - INFO - Epoch [27/50]-(5/22) Loss: 0.2969, Acc(1): 100.00, Acc(5): 100.00
2023-06-19 16:41:35,306 - AUGCON - INFO - Epoch [27/50]-(10/22) Loss: 0.2744, Acc(1): 75.00, Acc(5): 100.00
2023-06-19 16:41:35,307 - AUGCON - INFO - Epoch [27/50]-(15/22) Loss: 0.1020, Acc(1): 100.00, Acc(5): 100.00
2023-06-19 16:41:35,307 - AUGCON - INFO - Epoch [27/50]-(20/22) Loss: 0.5165, Acc(1): 50.00, Acc(5): 100.00
2023-06-19 16:41:35,307 - AUGCON - INFO - 	Validation Loss: 0.9625, Acc(1): 85.00, Acc(5): 94.00, F1: 0.19, Recall: 0.19, Precision: 0.19
2023-06-19 16:41:35,307 - AUGCON - INFO - Epoch [28/50]-(0/22) Loss: 0.8761, Acc(1): 25.00, Acc(5): 100.00
2023-06-19 16:41:35,307 - AUGCON - INFO - Epoch [28/50]-(5/22) Loss: 0.1970, Acc(1): 100.00, Acc(5): 100.00
2023-06-19 16:41:35,307 - AUGCON - INFO - Epoch [28/50]-(10/22) Loss: 0.3191, Acc(1): 75.00, Acc(5): 100.00
2023-06-19 16:41:35,307 - AUGCON - INFO - Epoch [28/50]-(15/22) Loss: 0.4853, Acc(1): 75.00, Acc(5): 100.00
2023-06-19 16:41:35,307 - AUGCON - INFO - Epoch [28/50]-(20/22) Loss: 0.2863, Acc(1): 100.00, Acc(5): 100.00
2023-06-19 16:41:35,307 - AUGCON - INFO - 	Validation Loss: 0.9710, Acc(1): 85.00, Acc(5): 94.00, F1: 0.19, Recall: 0.20, Precision: 0.18
2023-06-19 16:41:35,307 - AUGCON - INFO - Epoch [29/50]-(0/22) Loss: 0.1405, Acc(1): 100.00, Acc(5): 100.00
2023-06-19 16:41:35,307 - AUGCON - INFO - Epoch [29/50]-(5/22) Loss: 0.3275, Acc(1): 75.00, Acc(5): 100.00
2023-06-19 16:41:35,307 - AUGCON - INFO - Epoch [29/50]-(10/22) Loss: 0.1810, Acc(1): 100.00, Acc(5): 100.00
2023-06-19 16:41:35,307 - AUGCON - INFO - Epoch [29/50]-(15/22) Loss: 0.2716, Acc(1): 100.00, Acc(5): 100.00
2023-06-19 16:41:35,307 - AUGCON - INFO - Epoch [29/50]-(20/22) Loss: 0.3310, Acc(1): 100.00, Acc(5): 100.00
2023-06-19 16:41:35,307 - AUGCON - INFO - 	Validation Loss: 0.9657, Acc(1): 85.00, Acc(5): 94.00, F1: 0.19, Recall: 0.19, Precision: 0.19
2023-06-19 16:41:35,307 - AUGCON - INFO - Epoch [30/50]-(0/22) Loss: 0.3348, Acc(1): 75.00, Acc(5): 100.00
2023-06-19 16:41:35,308 - AUGCON - INFO - Epoch [30/50]-(5/22) Loss: 0.2540, Acc(1): 100.00, Acc(5): 100.00
2023-06-19 16:41:35,308 - AUGCON - INFO - Epoch [30/50]-(10/22) Loss: 0.5779, Acc(1): 75.00, Acc(5): 100.00
2023-06-19 16:41:35,308 - AUGCON - INFO - Epoch [30/50]-(15/22) Loss: 0.1190, Acc(1): 100.00, Acc(5): 100.00
2023-06-19 16:41:35,308 - AUGCON - INFO - Epoch [30/50]-(20/22) Loss: 0.0854, Acc(1): 100.00, Acc(5): 100.00
2023-06-19 16:41:35,308 - AUGCON - INFO - 	Validation Loss: 0.9894, Acc(1): 85.00, Acc(5): 94.00, F1: 0.19, Recall: 0.20, Precision: 0.18
2023-06-19 16:41:35,308 - AUGCON - INFO - Epoch [31/50]-(0/22) Loss: 0.3542, Acc(1): 75.00, Acc(5): 100.00
2023-06-19 16:41:35,308 - AUGCON - INFO - Epoch [31/50]-(5/22) Loss: 0.0713, Acc(1): 100.00, Acc(5): 100.00
2023-06-19 16:41:35,308 - AUGCON - INFO - Epoch [31/50]-(10/22) Loss: 0.6205, Acc(1): 75.00, Acc(5): 100.00
2023-06-19 16:41:35,308 - AUGCON - INFO - Epoch [31/50]-(15/22) Loss: 0.3152, Acc(1): 75.00, Acc(5): 100.00
2023-06-19 16:41:35,308 - AUGCON - INFO - Epoch [31/50]-(20/22) Loss: 0.0915, Acc(1): 100.00, Acc(5): 100.00
2023-06-19 16:41:35,308 - AUGCON - INFO - 	Validation Loss: 1.0033, Acc(1): 82.00, Acc(5): 94.00, F1: 0.19, Recall: 0.18, Precision: 0.19
2023-06-19 16:41:35,308 - AUGCON - INFO - Epoch [32/50]-(0/22) Loss: 0.1209, Acc(1): 100.00, Acc(5): 100.00
2023-06-19 16:41:35,308 - AUGCON - INFO - Epoch [32/50]-(5/22) Loss: 0.2346, Acc(1): 100.00, Acc(5): 100.00
2023-06-19 16:41:35,308 - AUGCON - INFO - Epoch [32/50]-(10/22) Loss: 0.1093, Acc(1): 100.00, Acc(5): 100.00
2023-06-19 16:41:35,308 - AUGCON - INFO - Epoch [32/50]-(15/22) Loss: 0.6640, Acc(1): 50.00, Acc(5): 100.00
2023-06-19 16:41:35,309 - AUGCON - INFO - Epoch [32/50]-(20/22) Loss: 0.1157, Acc(1): 100.00, Acc(5): 100.00
2023-06-19 16:41:35,309 - AUGCON - INFO - 	Validation Loss: 1.0000, Acc(1): 84.00, Acc(5): 94.00, F1: 0.19, Recall: 0.19, Precision: 0.18
2023-06-19 16:41:35,309 - AUGCON - INFO - Epoch [33/50]-(0/22) Loss: 0.1836, Acc(1): 100.00, Acc(5): 100.00
2023-06-19 16:41:35,309 - AUGCON - INFO - Epoch [33/50]-(5/22) Loss: 0.1935, Acc(1): 100.00, Acc(5): 100.00
2023-06-19 16:41:35,309 - AUGCON - INFO - Epoch [33/50]-(10/22) Loss: 0.7744, Acc(1): 50.00, Acc(5): 100.00
2023-06-19 16:41:35,309 - AUGCON - INFO - Epoch [33/50]-(15/22) Loss: 0.1051, Acc(1): 100.00, Acc(5): 100.00
2023-06-19 16:41:35,309 - AUGCON - INFO - Epoch [33/50]-(20/22) Loss: 0.8851, Acc(1): 75.00, Acc(5): 100.00
2023-06-19 16:41:35,309 - AUGCON - INFO - 	Validation Loss: 1.0107, Acc(1): 86.00, Acc(5): 94.00, F1: 0.19, Recall: 0.20, Precision: 0.18
2023-06-19 16:41:35,309 - AUGCON - INFO - Epoch [34/50]-(0/22) Loss: 0.1023, Acc(1): 100.00, Acc(5): 100.00
2023-06-19 16:41:35,309 - AUGCON - INFO - Epoch [34/50]-(5/22) Loss: 0.1633, Acc(1): 100.00, Acc(5): 100.00
2023-06-19 16:41:35,309 - AUGCON - INFO - Epoch [34/50]-(10/22) Loss: 0.2076, Acc(1): 100.00, Acc(5): 100.00
2023-06-19 16:41:35,309 - AUGCON - INFO - Epoch [34/50]-(15/22) Loss: 0.5197, Acc(1): 50.00, Acc(5): 100.00
2023-06-19 16:41:35,309 - AUGCON - INFO - Epoch [34/50]-(20/22) Loss: 0.1582, Acc(1): 100.00, Acc(5): 100.00
2023-06-19 16:41:35,309 - AUGCON - INFO - 	Validation Loss: 1.0068, Acc(1): 85.00, Acc(5): 94.00, F1: 0.19, Recall: 0.19, Precision: 0.19
2023-06-19 16:41:35,309 - AUGCON - INFO - Epoch [35/50]-(0/22) Loss: 0.1247, Acc(1): 100.00, Acc(5): 100.00
2023-06-19 16:41:35,309 - AUGCON - INFO - Epoch [35/50]-(5/22) Loss: 0.5314, Acc(1): 75.00, Acc(5): 100.00
2023-06-19 16:41:35,310 - AUGCON - INFO - Epoch [35/50]-(10/22) Loss: 0.3973, Acc(1): 75.00, Acc(5): 100.00
2023-06-19 16:41:35,310 - AUGCON - INFO - Epoch [35/50]-(15/22) Loss: 0.1225, Acc(1): 100.00, Acc(5): 100.00
2023-06-19 16:41:35,310 - AUGCON - INFO - Epoch [35/50]-(20/22) Loss: 0.1722, Acc(1): 100.00, Acc(5): 100.00
2023-06-19 16:41:35,310 - AUGCON - INFO - 	Validation Loss: 1.0408, Acc(1): 82.00, Acc(5): 94.00, F1: 0.18, Recall: 0.19, Precision: 0.17
2023-06-19 16:41:35,310 - AUGCON - INFO - Epoch [36/50]-(0/22) Loss: 0.3673, Acc(1): 75.00, Acc(5): 100.00
2023-06-19 16:41:35,310 - AUGCON - INFO - Epoch [36/50]-(5/22) Loss: 0.2159, Acc(1): 100.00, Acc(5): 100.00
2023-06-19 16:41:35,310 - AUGCON - INFO - Epoch [36/50]-(10/22) Loss: 0.1967, Acc(1): 100.00, Acc(5): 100.00
2023-06-19 16:41:35,310 - AUGCON - INFO - Epoch [36/50]-(15/22) Loss: 1.1757, Acc(1): 50.00, Acc(5): 100.00
2023-06-19 16:41:35,310 - AUGCON - INFO - Epoch [36/50]-(20/22) Loss: 0.1127, Acc(1): 100.00, Acc(5): 100.00
2023-06-19 16:41:35,310 - AUGCON - INFO - 	Validation Loss: 1.0016, Acc(1): 87.00, Acc(5): 94.00, F1: 0.19, Recall: 0.20, Precision: 0.19
2023-06-19 16:41:35,310 - AUGCON - INFO - Epoch [37/50]-(0/22) Loss: 0.2862, Acc(1): 100.00, Acc(5): 100.00
2023-06-19 16:41:35,310 - AUGCON - INFO - Epoch [37/50]-(5/22) Loss: 0.2690, Acc(1): 100.00, Acc(5): 100.00
2023-06-19 16:41:35,310 - AUGCON - INFO - Epoch [37/50]-(10/22) Loss: 0.1186, Acc(1): 100.00, Acc(5): 100.00
2023-06-19 16:41:35,310 - AUGCON - INFO - Epoch [37/50]-(15/22) Loss: 0.2290, Acc(1): 100.00, Acc(5): 100.00
2023-06-19 16:41:35,310 - AUGCON - INFO - Epoch [37/50]-(20/22) Loss: 0.6878, Acc(1): 75.00, Acc(5): 100.00
2023-06-19 16:41:35,310 - AUGCON - INFO - 	Validation Loss: 1.0352, Acc(1): 83.00, Acc(5): 94.00, F1: 0.18, Recall: 0.19, Precision: 0.18
2023-06-19 16:41:35,311 - AUGCON - INFO - Epoch [38/50]-(0/22) Loss: 0.1254, Acc(1): 100.00, Acc(5): 100.00
2023-06-19 16:41:35,311 - AUGCON - INFO - Epoch [38/50]-(5/22) Loss: 0.1957, Acc(1): 100.00, Acc(5): 100.00
2023-06-19 16:41:35,311 - AUGCON - INFO - Epoch [38/50]-(10/22) Loss: 0.1279, Acc(1): 100.00, Acc(5): 100.00
2023-06-19 16:41:35,311 - AUGCON - INFO - Epoch [38/50]-(15/22) Loss: 0.5136, Acc(1): 75.00, Acc(5): 100.00
2023-06-19 16:41:35,311 - AUGCON - INFO - Epoch [38/50]-(20/22) Loss: 0.0788, Acc(1): 100.00, Acc(5): 100.00
2023-06-19 16:41:35,311 - AUGCON - INFO - 	Validation Loss: 1.0004, Acc(1): 86.00, Acc(5): 94.00, F1: 0.19, Recall: 0.20, Precision: 0.18
2023-06-19 16:41:35,311 - AUGCON - INFO - Epoch [39/50]-(0/22) Loss: 0.0703, Acc(1): 100.00, Acc(5): 100.00
2023-06-19 16:41:35,311 - AUGCON - INFO - Epoch [39/50]-(5/22) Loss: 0.1489, Acc(1): 100.00, Acc(5): 100.00
2023-06-19 16:41:35,311 - AUGCON - INFO - Epoch [39/50]-(10/22) Loss: 0.4486, Acc(1): 75.00, Acc(5): 100.00
2023-06-19 16:41:35,311 - AUGCON - INFO - Epoch [39/50]-(15/22) Loss: 0.0870, Acc(1): 100.00, Acc(5): 100.00
2023-06-19 16:41:35,311 - AUGCON - INFO - Epoch [39/50]-(20/22) Loss: 0.3173, Acc(1): 75.00, Acc(5): 100.00
2023-06-19 16:41:35,311 - AUGCON - INFO - 	Validation Loss: 1.0154, Acc(1): 83.00, Acc(5): 94.00, F1: 0.19, Recall: 0.19, Precision: 0.18
2023-06-19 16:41:35,311 - AUGCON - INFO - Epoch [40/50]-(0/22) Loss: 0.7417, Acc(1): 50.00, Acc(5): 100.00
2023-06-19 16:41:35,311 - AUGCON - INFO - Epoch [40/50]-(5/22) Loss: 0.2247, Acc(1): 100.00, Acc(5): 100.00
2023-06-19 16:41:35,311 - AUGCON - INFO - Epoch [40/50]-(10/22) Loss: 0.6399, Acc(1): 50.00, Acc(5): 100.00
2023-06-19 16:41:35,311 - AUGCON - INFO - Epoch [40/50]-(15/22) Loss: 0.2474, Acc(1): 100.00, Acc(5): 100.00
2023-06-19 16:41:35,311 - AUGCON - INFO - Epoch [40/50]-(20/22) Loss: 0.1279, Acc(1): 100.00, Acc(5): 100.00
2023-06-19 16:41:35,312 - AUGCON - INFO - 	Validation Loss: 1.0049, Acc(1): 84.00, Acc(5): 94.00, F1: 0.19, Recall: 0.19, Precision: 0.19
2023-06-19 16:41:35,312 - AUGCON - INFO - Epoch [41/50]-(0/22) Loss: 0.1264, Acc(1): 100.00, Acc(5): 100.00
2023-06-19 16:41:35,312 - AUGCON - INFO - Epoch [41/50]-(5/22) Loss: 0.0713, Acc(1): 100.00, Acc(5): 100.00
2023-06-19 16:41:35,312 - AUGCON - INFO - Epoch [41/50]-(10/22) Loss: 0.5843, Acc(1): 75.00, Acc(5): 100.00
2023-06-19 16:41:35,312 - AUGCON - INFO - Epoch [41/50]-(15/22) Loss: 0.0848, Acc(1): 100.00, Acc(5): 100.00
2023-06-19 16:41:35,312 - AUGCON - INFO - Epoch [41/50]-(20/22) Loss: 0.1262, Acc(1): 100.00, Acc(5): 100.00
2023-06-19 16:41:35,312 - AUGCON - INFO - 	Validation Loss: 1.0204, Acc(1): 84.00, Acc(5): 94.00, F1: 0.19, Recall: 0.20, Precision: 0.18
2023-06-19 16:41:35,312 - AUGCON - INFO - Epoch [42/50]-(0/22) Loss: 0.3915, Acc(1): 75.00, Acc(5): 100.00
2023-06-19 16:41:35,312 - AUGCON - INFO - Epoch [42/50]-(5/22) Loss: 0.0721, Acc(1): 100.00, Acc(5): 100.00
2023-06-19 16:41:35,312 - AUGCON - INFO - Epoch [42/50]-(10/22) Loss: 0.1857, Acc(1): 100.00, Acc(5): 100.00
2023-06-19 16:41:35,312 - AUGCON - INFO - Epoch [42/50]-(15/22) Loss: 0.4716, Acc(1): 100.00, Acc(5): 100.00
2023-06-19 16:41:35,312 - AUGCON - INFO - Epoch [42/50]-(20/22) Loss: 0.1350, Acc(1): 100.00, Acc(5): 100.00
2023-06-19 16:41:35,312 - AUGCON - INFO - 	Validation Loss: 1.0103, Acc(1): 86.00, Acc(5): 94.00, F1: 0.19, Recall: 0.20, Precision: 0.19
2023-06-19 16:41:35,313 - AUGCON - INFO - Epoch [43/50]-(0/22) Loss: 0.1479, Acc(1): 100.00, Acc(5): 100.00
2023-06-19 16:41:35,313 - AUGCON - INFO - Epoch [43/50]-(5/22) Loss: 0.2042, Acc(1): 100.00, Acc(5): 100.00
2023-06-19 16:41:35,313 - AUGCON - INFO - Epoch [43/50]-(10/22) Loss: 0.2063, Acc(1): 100.00, Acc(5): 100.00
2023-06-19 16:41:35,313 - AUGCON - INFO - Epoch [43/50]-(15/22) Loss: 0.5452, Acc(1): 75.00, Acc(5): 100.00
2023-06-19 16:41:35,313 - AUGCON - INFO - Epoch [43/50]-(20/22) Loss: 0.0837, Acc(1): 100.00, Acc(5): 100.00
2023-06-19 16:41:35,313 - AUGCON - INFO - 	Validation Loss: 1.0320, Acc(1): 84.00, Acc(5): 94.00, F1: 0.19, Recall: 0.19, Precision: 0.19
2023-06-19 16:41:35,313 - AUGCON - INFO - Epoch [44/50]-(0/22) Loss: 0.1646, Acc(1): 100.00, Acc(5): 100.00
2023-06-19 16:41:35,313 - AUGCON - INFO - Epoch [44/50]-(5/22) Loss: 0.1175, Acc(1): 100.00, Acc(5): 100.00
2023-06-19 16:41:35,313 - AUGCON - INFO - Epoch [44/50]-(10/22) Loss: 0.1615, Acc(1): 100.00, Acc(5): 100.00
2023-06-19 16:41:35,313 - AUGCON - INFO - Epoch [44/50]-(15/22) Loss: 0.1152, Acc(1): 100.00, Acc(5): 100.00
2023-06-19 16:41:35,313 - AUGCON - INFO - Epoch [44/50]-(20/22) Loss: 0.1270, Acc(1): 100.00, Acc(5): 100.00
2023-06-19 16:41:35,313 - AUGCON - INFO - 	Validation Loss: 1.0162, Acc(1): 86.00, Acc(5): 94.00, F1: 0.19, Recall: 0.19, Precision: 0.19
2023-06-19 16:41:35,313 - AUGCON - INFO - Epoch [45/50]-(0/22) Loss: 0.0929, Acc(1): 100.00, Acc(5): 100.00
2023-06-19 16:41:35,313 - AUGCON - INFO - Epoch [45/50]-(5/22) Loss: 0.5043, Acc(1): 75.00, Acc(5): 100.00
2023-06-19 16:41:35,313 - AUGCON - INFO - Epoch [45/50]-(10/22) Loss: 0.1139, Acc(1): 100.00, Acc(5): 100.00
2023-06-19 16:41:35,314 - AUGCON - INFO - Epoch [45/50]-(15/22) Loss: 0.2174, Acc(1): 100.00, Acc(5): 100.00
2023-06-19 16:41:35,314 - AUGCON - INFO - Epoch [45/50]-(20/22) Loss: 0.2972, Acc(1): 75.00, Acc(5): 100.00
2023-06-19 16:41:35,314 - AUGCON - INFO - 	Validation Loss: 1.0343, Acc(1): 84.00, Acc(5): 94.00, F1: 0.19, Recall: 0.19, Precision: 0.18
2023-06-19 16:41:35,314 - AUGCON - INFO - Epoch [46/50]-(0/22) Loss: 0.5038, Acc(1): 75.00, Acc(5): 100.00
2023-06-19 16:41:35,314 - AUGCON - INFO - Epoch [46/50]-(5/22) Loss: 0.3961, Acc(1): 75.00, Acc(5): 100.00
2023-06-19 16:41:35,314 - AUGCON - INFO - Epoch [46/50]-(10/22) Loss: 0.3379, Acc(1): 75.00, Acc(5): 100.00
2023-06-19 16:41:35,314 - AUGCON - INFO - Epoch [46/50]-(15/22) Loss: 0.4564, Acc(1): 75.00, Acc(5): 100.00
2023-06-19 16:41:35,314 - AUGCON - INFO - Epoch [46/50]-(20/22) Loss: 0.2576, Acc(1): 100.00, Acc(5): 100.00
2023-06-19 16:41:35,314 - AUGCON - INFO - 	Validation Loss: 1.0171, Acc(1): 85.00, Acc(5): 94.00, F1: 0.19, Recall: 0.19, Precision: 0.18
2023-06-19 16:41:35,314 - AUGCON - INFO - Epoch [47/50]-(0/22) Loss: 0.2459, Acc(1): 75.00, Acc(5): 100.00
2023-06-19 16:41:35,314 - AUGCON - INFO - Epoch [47/50]-(5/22) Loss: 0.1325, Acc(1): 100.00, Acc(5): 100.00
2023-06-19 16:41:35,314 - AUGCON - INFO - Epoch [47/50]-(10/22) Loss: 0.1592, Acc(1): 100.00, Acc(5): 100.00
2023-06-19 16:41:35,314 - AUGCON - INFO - Epoch [47/50]-(15/22) Loss: 0.2443, Acc(1): 100.00, Acc(5): 100.00
2023-06-19 16:41:35,314 - AUGCON - INFO - Epoch [47/50]-(20/22) Loss: 0.1677, Acc(1): 100.00, Acc(5): 100.00
2023-06-19 16:41:35,314 - AUGCON - INFO - 	Validation Loss: 1.0340, Acc(1): 84.00, Acc(5): 94.00, F1: 0.19, Recall: 0.19, Precision: 0.18
2023-06-19 16:41:35,315 - AUGCON - INFO - Epoch [48/50]-(0/22) Loss: 0.2175, Acc(1): 100.00, Acc(5): 100.00
2023-06-19 16:41:35,315 - AUGCON - INFO - Epoch [48/50]-(5/22) Loss: 0.0715, Acc(1): 100.00, Acc(5): 100.00
2023-06-19 16:41:35,315 - AUGCON - INFO - Epoch [48/50]-(10/22) Loss: 0.3851, Acc(1): 75.00, Acc(5): 100.00
2023-06-19 16:41:35,315 - AUGCON - INFO - Epoch [48/50]-(15/22) Loss: 0.1170, Acc(1): 100.00, Acc(5): 100.00
2023-06-19 16:41:35,315 - AUGCON - INFO - Epoch [48/50]-(20/22) Loss: 0.1668, Acc(1): 100.00, Acc(5): 100.00
2023-06-19 16:41:35,315 - AUGCON - INFO - 	Validation Loss: 1.0397, Acc(1): 86.00, Acc(5): 94.00, F1: 0.19, Recall: 0.20, Precision: 0.19
2023-06-19 16:41:35,315 - AUGCON - INFO - Epoch [49/50]-(0/22) Loss: 0.3814, Acc(1): 75.00, Acc(5): 100.00
2023-06-19 16:41:35,315 - AUGCON - INFO - Epoch [49/50]-(5/22) Loss: 0.1631, Acc(1): 100.00, Acc(5): 100.00
2023-06-19 16:41:35,315 - AUGCON - INFO - Epoch [49/50]-(10/22) Loss: 0.1994, Acc(1): 100.00, Acc(5): 100.00
2023-06-19 16:41:35,315 - AUGCON - INFO - Epoch [49/50]-(15/22) Loss: 0.2446, Acc(1): 100.00, Acc(5): 100.00
2023-06-19 16:41:35,315 - AUGCON - INFO - Epoch [49/50]-(20/22) Loss: 0.6129, Acc(1): 75.00, Acc(5): 100.00
2023-06-19 16:41:35,315 - AUGCON - INFO - 	Validation Loss: 1.0398, Acc(1): 85.00, Acc(5): 94.00, F1: 0.19, Recall: 0.19, Precision: 0.19
2023-06-19 16:41:35,315 - AUGCON - INFO - Epoch [50/50]-(0/22) Loss: 0.9373, Acc(1): 50.00, Acc(5): 100.00
2023-06-19 16:41:35,315 - AUGCON - INFO - Epoch [50/50]-(5/22) Loss: 0.4397, Acc(1): 75.00, Acc(5): 100.00
2023-06-19 16:41:35,316 - AUGCON - INFO - Epoch [50/50]-(10/22) Loss: 0.3220, Acc(1): 75.00, Acc(5): 100.00
2023-06-19 16:41:35,316 - AUGCON - INFO - Epoch [50/50]-(15/22) Loss: 0.1007, Acc(1): 100.00, Acc(5): 100.00
2023-06-19 16:41:35,316 - AUGCON - INFO - Epoch [50/50]-(20/22) Loss: 0.2432, Acc(1): 100.00, Acc(5): 100.00
2023-06-19 16:41:35,316 - AUGCON - INFO - 	Validation Loss: 1.0528, Acc(1): 84.00, Acc(5): 93.00, F1: 0.19, Recall: 0.19, Precision: 0.18
2023-06-19 16:41:35,316 - AUGCON - INFO - 	Validation Loss: 1.0912, Acc(1): 81.67, Acc(5): 94.00, F1: 0.18, Recall: 0.19, Precision: 0.18
