2023-06-19 16:41:59,728 - AUGCON - INFO - logger initialized (/home/hjyoon/projects/augcon/config/exp0/finetune_da_true/without_target_domain_PH0012-thanh/metacpc_perdomain_8421/tgt_target_domain_PH0045-sjlee_seed0.yaml.log)
2023-06-19 16:41:59,728 - AUGCON - INFO - ================= Config =================
2023-06-19 16:41:59,728 - AUGCON - INFO -   mode: finetune
2023-06-19 16:41:59,728 - AUGCON - INFO -   seed: 0
2023-06-19 16:41:59,728 - AUGCON - INFO -   gpu: [1]
2023-06-19 16:41:59,728 - AUGCON - INFO -   num_workers: 1
2023-06-19 16:41:59,728 - AUGCON - INFO -   dist_url: tcp://localhost:10001
2023-06-19 16:41:59,728 - AUGCON - INFO -   dataset_name: ichar
2023-06-19 16:41:59,728 - AUGCON - INFO -   train_dataset_path: /mnt/sting/hjyoon/projects/cross/ICHAR/augcon/target_domain_PH0045-sjlee/finetune/10shot/target/train.pkl
2023-06-19 16:41:59,728 - AUGCON - INFO -   test_dataset_path: /mnt/sting/hjyoon/projects/cross/ICHAR/augcon/target_domain_PH0045-sjlee/finetune/10shot/target/test.pkl
2023-06-19 16:41:59,728 - AUGCON - INFO -   val_dataset_path: /mnt/sting/hjyoon/projects/cross/ICHAR/augcon/target_domain_PH0045-sjlee/finetune/10shot/target/val.pkl
2023-06-19 16:41:59,728 - AUGCON - INFO -   input_channels: 3
2023-06-19 16:41:59,728 - AUGCON - INFO -   num_cls: 9
2023-06-19 16:41:59,728 - AUGCON - INFO -   optimizer: adam
2023-06-19 16:41:59,728 - AUGCON - INFO -   criterion: crossentropy
2023-06-19 16:41:59,728 - AUGCON - INFO -   start_epoch: 0
2023-06-19 16:41:59,728 - AUGCON - INFO -   epochs: 50
2023-06-19 16:41:59,728 - AUGCON - INFO -   batch_size: 4
2023-06-19 16:41:59,728 - AUGCON - INFO -   lr: 0.001
2023-06-19 16:41:59,728 - AUGCON - INFO -   wd: 0.0
2023-06-19 16:41:59,728 - AUGCON - INFO -   resume: 
2023-06-19 16:41:59,728 - AUGCON - INFO -   pretrained: /mnt/sting/hjyoon/projects/augcontrast/models/exp0/pretrain/without_target_domain_PH0012-thanh/metacpc_perdomain_8421/checkpoint_0999.pth.tar
2023-06-19 16:41:59,728 - AUGCON - INFO -   ckpt_dir: /mnt/sting/hjyoon/projects/augcontrast/models/exp0/finetune_da_true/without_target_domain_PH0012-thanh/metacpc_perdomain_8421/tgt_target_domain_PH0045-sjlee_seed0
2023-06-19 16:41:59,728 - AUGCON - INFO -   log_freq: 5
2023-06-19 16:41:59,728 - AUGCON - INFO -   save_freq: 10
2023-06-19 16:41:59,729 - AUGCON - INFO -   pretext: metacpc
2023-06-19 16:41:59,729 - AUGCON - INFO -   enc_blocks: 4
2023-06-19 16:41:59,729 - AUGCON - INFO -   kernel_sizes: [8, 4, 2, 1]
2023-06-19 16:41:59,729 - AUGCON - INFO -   strides: [4, 2, 1, 1]
2023-06-19 16:41:59,729 - AUGCON - INFO -   agg_blocks: 5
2023-06-19 16:41:59,729 - AUGCON - INFO -   z_dim: 256
2023-06-19 16:41:59,729 - AUGCON - INFO -   pooling: mean
2023-06-19 16:41:59,729 - AUGCON - INFO -   pred_steps: 12
2023-06-19 16:41:59,729 - AUGCON - INFO -   n_negatives: 15
2023-06-19 16:41:59,729 - AUGCON - INFO -   offset: 4
2023-06-19 16:41:59,729 - AUGCON - INFO -   domain_adaptation: True
2023-06-19 16:41:59,729 - AUGCON - INFO -   task_steps: 10
2023-06-19 16:41:59,729 - AUGCON - INFO -   task_lr: 0.001
2023-06-19 16:41:59,729 - AUGCON - INFO -   reg_lambda: 0
2023-06-19 16:41:59,729 - AUGCON - INFO -   mlp: False
2023-06-19 16:41:59,729 - AUGCON - INFO -   freeze: True
2023-06-19 16:41:59,729 - AUGCON - INFO -   no_vars: False
2023-06-19 16:41:59,729 - AUGCON - INFO - ==========================================
2023-06-19 16:41:59,729 - AUGCON - INFO - Setting GPUs: [1]
2023-06-19 16:41:59,729 - AUGCON - INFO - GPUs [1] will be used
2023-06-19 16:41:59,730 - AUGCON - WARNING - You have chosen to seed training. 
2023-06-19 16:41:59,730 - AUGCON - WARNING - This will turn on the CUDNN deterministic setting, 
2023-06-19 16:41:59,730 - AUGCON - WARNING - which can slow down your training considerably! 
2023-06-19 16:41:59,730 - AUGCON - WARNING - You may see unexpected behavior when restarting 
2023-06-19 16:41:59,730 - AUGCON - WARNING - from checkpoints.
2023-06-19 16:41:59,768 - AUGCON - INFO - Executing MetaCPC
2023-06-19 16:41:59,768 - AUGCON - INFO - Logs are skipped during training
2023-06-19 16:42:19,848 - AUGCON - INFO - Single GPU is used for training - training 90 instances for each worker
2023-06-19 16:42:19,848 - AUGCON - INFO - Loading pretrained model from checkpoint - /mnt/sting/hjyoon/projects/augcontrast/models/exp0/pretrain/without_target_domain_PH0012-thanh/metacpc_perdomain_8421/checkpoint_0999.pth.tar
2023-06-19 16:42:19,849 - AUGCON - INFO - Missing keys: []
2023-06-19 16:42:19,849 - AUGCON - INFO - Perform domain adaptation step
2023-06-19 16:42:19,849 - AUGCON - INFO - 	meta-train [0/10] Loss: 2.9802, Acc(1): 9.49, Acc(5): 39.30
2023-06-19 16:42:19,849 - AUGCON - INFO - 	meta-train [1/10] Loss: 2.8395, Acc(1): 9.76, Acc(5): 41.03
2023-06-19 16:42:19,849 - AUGCON - INFO - 	meta-train [2/10] Loss: 2.7716, Acc(1): 10.95, Acc(5): 42.62
2023-06-19 16:42:19,849 - AUGCON - INFO - 	meta-train [3/10] Loss: 2.6753, Acc(1): 12.53, Acc(5): 45.65
2023-06-19 16:42:19,849 - AUGCON - INFO - 	meta-train [4/10] Loss: 2.6152, Acc(1): 13.58, Acc(5): 47.68
2023-06-19 16:42:19,849 - AUGCON - INFO - 	meta-train [5/10] Loss: 2.5024, Acc(1): 15.80, Acc(5): 52.25
2023-06-19 16:42:19,849 - AUGCON - INFO - 	meta-train [6/10] Loss: 2.3247, Acc(1): 20.61, Acc(5): 61.07
2023-06-19 16:42:19,849 - AUGCON - INFO - 	meta-train [7/10] Loss: 1.7628, Acc(1): 35.02, Acc(5): 84.65
2023-06-19 16:42:19,849 - AUGCON - INFO - 	meta-train [8/10] Loss: 1.2329, Acc(1): 48.90, Acc(5): 96.93
2023-06-19 16:42:19,849 - AUGCON - INFO - 	meta-train [9/10] Loss: 1.1653, Acc(1): 50.91, Acc(5): 96.74
2023-06-19 16:42:19,849 - AUGCON - INFO - Loading encoder parameters to the classifier
2023-06-19 16:42:19,850 - AUGCON - INFO - Missing keys: ['classifier.block.0.weight', 'classifier.block.0.bias']
2023-06-19 16:42:19,850 - AUGCON - INFO - Epoch [1/50]-(0/22) Loss: 2.0798, Acc(1): 25.00, Acc(5): 100.00
2023-06-19 16:42:19,850 - AUGCON - INFO - Epoch [1/50]-(5/22) Loss: 1.8752, Acc(1): 25.00, Acc(5): 100.00
2023-06-19 16:42:19,850 - AUGCON - INFO - Epoch [1/50]-(10/22) Loss: 2.4428, Acc(1): 0.00, Acc(5): 75.00
2023-06-19 16:42:19,850 - AUGCON - INFO - Epoch [1/50]-(15/22) Loss: 1.8354, Acc(1): 50.00, Acc(5): 75.00
2023-06-19 16:42:19,850 - AUGCON - INFO - Epoch [1/50]-(20/22) Loss: 2.2024, Acc(1): 0.00, Acc(5): 100.00
2023-06-19 16:42:19,850 - AUGCON - INFO - 	Validation Loss: 1.6903, Acc(1): 64.00, Acc(5): 97.00, F1: 0.17, Recall: 0.17, Precision: 0.16
2023-06-19 16:42:19,850 - AUGCON - INFO - Epoch [2/50]-(0/22) Loss: 1.6299, Acc(1): 75.00, Acc(5): 100.00
2023-06-19 16:42:19,850 - AUGCON - INFO - Epoch [2/50]-(5/22) Loss: 1.4437, Acc(1): 75.00, Acc(5): 100.00
2023-06-19 16:42:19,850 - AUGCON - INFO - Epoch [2/50]-(10/22) Loss: 1.2322, Acc(1): 100.00, Acc(5): 100.00
2023-06-19 16:42:19,850 - AUGCON - INFO - Epoch [2/50]-(15/22) Loss: 1.3981, Acc(1): 75.00, Acc(5): 75.00
2023-06-19 16:42:19,850 - AUGCON - INFO - Epoch [2/50]-(20/22) Loss: 1.2128, Acc(1): 75.00, Acc(5): 100.00
2023-06-19 16:42:19,850 - AUGCON - INFO - 	Validation Loss: 1.1827, Acc(1): 80.00, Acc(5): 100.00, F1: 0.21, Recall: 0.18, Precision: 0.25
2023-06-19 16:42:19,850 - AUGCON - INFO - Epoch [3/50]-(0/22) Loss: 1.2291, Acc(1): 75.00, Acc(5): 100.00
2023-06-19 16:42:19,850 - AUGCON - INFO - Epoch [3/50]-(5/22) Loss: 1.0758, Acc(1): 100.00, Acc(5): 100.00
2023-06-19 16:42:19,850 - AUGCON - INFO - Epoch [3/50]-(10/22) Loss: 1.4488, Acc(1): 50.00, Acc(5): 100.00
2023-06-19 16:42:19,851 - AUGCON - INFO - Epoch [3/50]-(15/22) Loss: 1.4612, Acc(1): 50.00, Acc(5): 75.00
2023-06-19 16:42:19,851 - AUGCON - INFO - Epoch [3/50]-(20/22) Loss: 1.1355, Acc(1): 50.00, Acc(5): 100.00
2023-06-19 16:42:19,851 - AUGCON - INFO - 	Validation Loss: 0.9285, Acc(1): 89.00, Acc(5): 100.00, F1: 0.22, Recall: 0.20, Precision: 0.23
2023-06-19 16:42:19,851 - AUGCON - INFO - Epoch [4/50]-(0/22) Loss: 0.8314, Acc(1): 75.00, Acc(5): 100.00
2023-06-19 16:42:19,851 - AUGCON - INFO - Epoch [4/50]-(5/22) Loss: 0.9468, Acc(1): 75.00, Acc(5): 100.00
2023-06-19 16:42:19,851 - AUGCON - INFO - Epoch [4/50]-(10/22) Loss: 1.0150, Acc(1): 75.00, Acc(5): 100.00
2023-06-19 16:42:19,851 - AUGCON - INFO - Epoch [4/50]-(15/22) Loss: 0.9318, Acc(1): 75.00, Acc(5): 100.00
2023-06-19 16:42:19,851 - AUGCON - INFO - Epoch [4/50]-(20/22) Loss: 0.7316, Acc(1): 100.00, Acc(5): 100.00
2023-06-19 16:42:19,851 - AUGCON - INFO - 	Validation Loss: 0.7425, Acc(1): 92.00, Acc(5): 100.00, F1: 0.23, Recall: 0.21, Precision: 0.24
2023-06-19 16:42:19,851 - AUGCON - INFO - Epoch [5/50]-(0/22) Loss: 0.8256, Acc(1): 75.00, Acc(5): 100.00
2023-06-19 16:42:19,851 - AUGCON - INFO - Epoch [5/50]-(5/22) Loss: 0.7949, Acc(1): 100.00, Acc(5): 100.00
2023-06-19 16:42:19,851 - AUGCON - INFO - Epoch [5/50]-(10/22) Loss: 0.4496, Acc(1): 100.00, Acc(5): 100.00
2023-06-19 16:42:19,851 - AUGCON - INFO - Epoch [5/50]-(15/22) Loss: 0.4224, Acc(1): 100.00, Acc(5): 100.00
2023-06-19 16:42:19,851 - AUGCON - INFO - Epoch [5/50]-(20/22) Loss: 1.2116, Acc(1): 50.00, Acc(5): 100.00
2023-06-19 16:42:19,851 - AUGCON - INFO - 	Validation Loss: 0.6555, Acc(1): 89.00, Acc(5): 100.00, F1: 0.22, Recall: 0.20, Precision: 0.24
2023-06-19 16:42:19,851 - AUGCON - INFO - Epoch [6/50]-(0/22) Loss: 0.9861, Acc(1): 75.00, Acc(5): 100.00
2023-06-19 16:42:19,852 - AUGCON - INFO - Epoch [6/50]-(5/22) Loss: 0.5577, Acc(1): 100.00, Acc(5): 100.00
2023-06-19 16:42:19,852 - AUGCON - INFO - Epoch [6/50]-(10/22) Loss: 0.9283, Acc(1): 50.00, Acc(5): 100.00
2023-06-19 16:42:19,852 - AUGCON - INFO - Epoch [6/50]-(15/22) Loss: 0.5156, Acc(1): 100.00, Acc(5): 100.00
2023-06-19 16:42:19,852 - AUGCON - INFO - Epoch [6/50]-(20/22) Loss: 0.7524, Acc(1): 75.00, Acc(5): 100.00
2023-06-19 16:42:19,852 - AUGCON - INFO - 	Validation Loss: 0.5785, Acc(1): 94.00, Acc(5): 100.00, F1: 0.22, Recall: 0.22, Precision: 0.23
2023-06-19 16:42:19,852 - AUGCON - INFO - Epoch [7/50]-(0/22) Loss: 0.9230, Acc(1): 75.00, Acc(5): 100.00
2023-06-19 16:42:19,852 - AUGCON - INFO - Epoch [7/50]-(5/22) Loss: 0.4132, Acc(1): 100.00, Acc(5): 100.00
2023-06-19 16:42:19,852 - AUGCON - INFO - Epoch [7/50]-(10/22) Loss: 0.4765, Acc(1): 100.00, Acc(5): 100.00
2023-06-19 16:42:19,852 - AUGCON - INFO - Epoch [7/50]-(15/22) Loss: 0.4460, Acc(1): 100.00, Acc(5): 100.00
2023-06-19 16:42:19,852 - AUGCON - INFO - Epoch [7/50]-(20/22) Loss: 0.5344, Acc(1): 100.00, Acc(5): 100.00
2023-06-19 16:42:19,852 - AUGCON - INFO - 	Validation Loss: 0.5084, Acc(1): 96.00, Acc(5): 100.00, F1: 0.22, Recall: 0.22, Precision: 0.23
2023-06-19 16:42:19,852 - AUGCON - INFO - Epoch [8/50]-(0/22) Loss: 0.9248, Acc(1): 75.00, Acc(5): 100.00
2023-06-19 16:42:19,852 - AUGCON - INFO - Epoch [8/50]-(5/22) Loss: 0.3568, Acc(1): 100.00, Acc(5): 100.00
2023-06-19 16:42:19,852 - AUGCON - INFO - Epoch [8/50]-(10/22) Loss: 0.7282, Acc(1): 75.00, Acc(5): 100.00
2023-06-19 16:42:19,853 - AUGCON - INFO - Epoch [8/50]-(15/22) Loss: 0.3308, Acc(1): 100.00, Acc(5): 100.00
2023-06-19 16:42:19,853 - AUGCON - INFO - Epoch [8/50]-(20/22) Loss: 0.4932, Acc(1): 100.00, Acc(5): 100.00
2023-06-19 16:42:19,853 - AUGCON - INFO - 	Validation Loss: 0.4606, Acc(1): 93.00, Acc(5): 100.00, F1: 0.22, Recall: 0.21, Precision: 0.23
2023-06-19 16:42:19,853 - AUGCON - INFO - Epoch [9/50]-(0/22) Loss: 0.4547, Acc(1): 100.00, Acc(5): 100.00
2023-06-19 16:42:19,853 - AUGCON - INFO - Epoch [9/50]-(5/22) Loss: 0.8512, Acc(1): 50.00, Acc(5): 100.00
2023-06-19 16:42:19,853 - AUGCON - INFO - Epoch [9/50]-(10/22) Loss: 0.7152, Acc(1): 100.00, Acc(5): 100.00
2023-06-19 16:42:19,853 - AUGCON - INFO - Epoch [9/50]-(15/22) Loss: 0.4856, Acc(1): 100.00, Acc(5): 100.00
2023-06-19 16:42:19,853 - AUGCON - INFO - Epoch [9/50]-(20/22) Loss: 0.4554, Acc(1): 100.00, Acc(5): 100.00
2023-06-19 16:42:19,853 - AUGCON - INFO - 	Validation Loss: 0.4242, Acc(1): 96.00, Acc(5): 100.00, F1: 0.23, Recall: 0.22, Precision: 0.24
2023-06-19 16:42:19,853 - AUGCON - INFO - Epoch [10/50]-(0/22) Loss: 0.5180, Acc(1): 100.00, Acc(5): 100.00
2023-06-19 16:42:19,853 - AUGCON - INFO - Epoch [10/50]-(5/22) Loss: 0.5026, Acc(1): 100.00, Acc(5): 100.00
2023-06-19 16:42:19,853 - AUGCON - INFO - Epoch [10/50]-(10/22) Loss: 0.4939, Acc(1): 100.00, Acc(5): 100.00
2023-06-19 16:42:19,853 - AUGCON - INFO - Epoch [10/50]-(15/22) Loss: 0.2406, Acc(1): 100.00, Acc(5): 100.00
2023-06-19 16:42:19,853 - AUGCON - INFO - Epoch [10/50]-(20/22) Loss: 0.5573, Acc(1): 75.00, Acc(5): 100.00
2023-06-19 16:42:19,853 - AUGCON - INFO - 	Validation Loss: 0.3915, Acc(1): 94.00, Acc(5): 100.00, F1: 0.23, Recall: 0.22, Precision: 0.24
2023-06-19 16:42:19,853 - AUGCON - INFO - Epoch [11/50]-(0/22) Loss: 0.5376, Acc(1): 75.00, Acc(5): 100.00
2023-06-19 16:42:19,854 - AUGCON - INFO - Epoch [11/50]-(5/22) Loss: 0.3075, Acc(1): 100.00, Acc(5): 100.00
2023-06-19 16:42:19,854 - AUGCON - INFO - Epoch [11/50]-(10/22) Loss: 0.3692, Acc(1): 100.00, Acc(5): 100.00
2023-06-19 16:42:19,854 - AUGCON - INFO - Epoch [11/50]-(15/22) Loss: 0.3228, Acc(1): 100.00, Acc(5): 100.00
2023-06-19 16:42:19,854 - AUGCON - INFO - Epoch [11/50]-(20/22) Loss: 0.1961, Acc(1): 100.00, Acc(5): 100.00
2023-06-19 16:42:19,854 - AUGCON - INFO - 	Validation Loss: 0.3586, Acc(1): 98.00, Acc(5): 100.00, F1: 0.23, Recall: 0.23, Precision: 0.24
2023-06-19 16:42:19,854 - AUGCON - INFO - Epoch [12/50]-(0/22) Loss: 0.2977, Acc(1): 100.00, Acc(5): 100.00
2023-06-19 16:42:19,854 - AUGCON - INFO - Epoch [12/50]-(5/22) Loss: 0.3574, Acc(1): 100.00, Acc(5): 100.00
2023-06-19 16:42:19,854 - AUGCON - INFO - Epoch [12/50]-(10/22) Loss: 0.2848, Acc(1): 100.00, Acc(5): 100.00
2023-06-19 16:42:19,854 - AUGCON - INFO - Epoch [12/50]-(15/22) Loss: 0.1900, Acc(1): 100.00, Acc(5): 100.00
2023-06-19 16:42:19,854 - AUGCON - INFO - Epoch [12/50]-(20/22) Loss: 0.2808, Acc(1): 100.00, Acc(5): 100.00
2023-06-19 16:42:19,854 - AUGCON - INFO - 	Validation Loss: 0.3374, Acc(1): 95.00, Acc(5): 100.00, F1: 0.23, Recall: 0.22, Precision: 0.23
2023-06-19 16:42:19,854 - AUGCON - INFO - Epoch [13/50]-(0/22) Loss: 0.5131, Acc(1): 100.00, Acc(5): 100.00
2023-06-19 16:42:19,854 - AUGCON - INFO - Epoch [13/50]-(5/22) Loss: 0.1097, Acc(1): 100.00, Acc(5): 100.00
2023-06-19 16:42:19,854 - AUGCON - INFO - Epoch [13/50]-(10/22) Loss: 0.4215, Acc(1): 100.00, Acc(5): 100.00
2023-06-19 16:42:19,854 - AUGCON - INFO - Epoch [13/50]-(15/22) Loss: 0.3527, Acc(1): 100.00, Acc(5): 100.00
2023-06-19 16:42:19,855 - AUGCON - INFO - Epoch [13/50]-(20/22) Loss: 0.3919, Acc(1): 75.00, Acc(5): 100.00
2023-06-19 16:42:19,855 - AUGCON - INFO - 	Validation Loss: 0.3207, Acc(1): 97.00, Acc(5): 100.00, F1: 0.23, Recall: 0.23, Precision: 0.24
2023-06-19 16:42:19,855 - AUGCON - INFO - Epoch [14/50]-(0/22) Loss: 0.2590, Acc(1): 100.00, Acc(5): 100.00
2023-06-19 16:42:19,855 - AUGCON - INFO - Epoch [14/50]-(5/22) Loss: 0.3836, Acc(1): 100.00, Acc(5): 100.00
2023-06-19 16:42:19,855 - AUGCON - INFO - Epoch [14/50]-(10/22) Loss: 0.3988, Acc(1): 100.00, Acc(5): 100.00
2023-06-19 16:42:19,855 - AUGCON - INFO - Epoch [14/50]-(15/22) Loss: 0.2178, Acc(1): 100.00, Acc(5): 100.00
2023-06-19 16:42:19,855 - AUGCON - INFO - Epoch [14/50]-(20/22) Loss: 0.1473, Acc(1): 100.00, Acc(5): 100.00
2023-06-19 16:42:19,855 - AUGCON - INFO - 	Validation Loss: 0.2930, Acc(1): 99.00, Acc(5): 100.00, F1: 0.23, Recall: 0.23, Precision: 0.23
2023-06-19 16:42:19,855 - AUGCON - INFO - Epoch [15/50]-(0/22) Loss: 0.2393, Acc(1): 100.00, Acc(5): 100.00
2023-06-19 16:42:19,855 - AUGCON - INFO - Epoch [15/50]-(5/22) Loss: 0.2936, Acc(1): 100.00, Acc(5): 100.00
2023-06-19 16:42:19,855 - AUGCON - INFO - Epoch [15/50]-(10/22) Loss: 0.2020, Acc(1): 100.00, Acc(5): 100.00
2023-06-19 16:42:19,855 - AUGCON - INFO - Epoch [15/50]-(15/22) Loss: 0.3812, Acc(1): 75.00, Acc(5): 100.00
2023-06-19 16:42:19,855 - AUGCON - INFO - Epoch [15/50]-(20/22) Loss: 0.2073, Acc(1): 100.00, Acc(5): 100.00
2023-06-19 16:42:19,855 - AUGCON - INFO - 	Validation Loss: 0.2769, Acc(1): 99.00, Acc(5): 100.00, F1: 0.23, Recall: 0.23, Precision: 0.23
2023-06-19 16:42:19,855 - AUGCON - INFO - Epoch [16/50]-(0/22) Loss: 0.2310, Acc(1): 100.00, Acc(5): 100.00
2023-06-19 16:42:19,855 - AUGCON - INFO - Epoch [16/50]-(5/22) Loss: 0.1988, Acc(1): 100.00, Acc(5): 100.00
2023-06-19 16:42:19,856 - AUGCON - INFO - Epoch [16/50]-(10/22) Loss: 0.2231, Acc(1): 100.00, Acc(5): 100.00
2023-06-19 16:42:19,856 - AUGCON - INFO - Epoch [16/50]-(15/22) Loss: 0.2353, Acc(1): 100.00, Acc(5): 100.00
2023-06-19 16:42:19,856 - AUGCON - INFO - Epoch [16/50]-(20/22) Loss: 0.4049, Acc(1): 100.00, Acc(5): 100.00
2023-06-19 16:42:19,856 - AUGCON - INFO - 	Validation Loss: 0.2549, Acc(1): 99.00, Acc(5): 100.00, F1: 0.23, Recall: 0.23, Precision: 0.24
2023-06-19 16:42:19,856 - AUGCON - INFO - Epoch [17/50]-(0/22) Loss: 0.2011, Acc(1): 100.00, Acc(5): 100.00
2023-06-19 16:42:19,856 - AUGCON - INFO - Epoch [17/50]-(5/22) Loss: 0.2802, Acc(1): 100.00, Acc(5): 100.00
2023-06-19 16:42:19,856 - AUGCON - INFO - Epoch [17/50]-(10/22) Loss: 1.0269, Acc(1): 75.00, Acc(5): 100.00
2023-06-19 16:42:19,856 - AUGCON - INFO - Epoch [17/50]-(15/22) Loss: 0.2199, Acc(1): 100.00, Acc(5): 100.00
2023-06-19 16:42:19,856 - AUGCON - INFO - Epoch [17/50]-(20/22) Loss: 0.2678, Acc(1): 100.00, Acc(5): 100.00
2023-06-19 16:42:19,856 - AUGCON - INFO - 	Validation Loss: 0.2647, Acc(1): 98.00, Acc(5): 100.00, F1: 0.23, Recall: 0.23, Precision: 0.24
2023-06-19 16:42:19,856 - AUGCON - INFO - Epoch [18/50]-(0/22) Loss: 0.1430, Acc(1): 100.00, Acc(5): 100.00
2023-06-19 16:42:19,856 - AUGCON - INFO - Epoch [18/50]-(5/22) Loss: 0.2168, Acc(1): 100.00, Acc(5): 100.00
2023-06-19 16:42:19,856 - AUGCON - INFO - Epoch [18/50]-(10/22) Loss: 0.2936, Acc(1): 100.00, Acc(5): 100.00
2023-06-19 16:42:19,856 - AUGCON - INFO - Epoch [18/50]-(15/22) Loss: 0.2875, Acc(1): 100.00, Acc(5): 100.00
2023-06-19 16:42:19,856 - AUGCON - INFO - Epoch [18/50]-(20/22) Loss: 0.4286, Acc(1): 75.00, Acc(5): 100.00
2023-06-19 16:42:19,857 - AUGCON - INFO - 	Validation Loss: 0.2547, Acc(1): 97.00, Acc(5): 100.00, F1: 0.23, Recall: 0.23, Precision: 0.23
2023-06-19 16:42:19,857 - AUGCON - INFO - Epoch [19/50]-(0/22) Loss: 1.0876, Acc(1): 75.00, Acc(5): 100.00
2023-06-19 16:42:19,857 - AUGCON - INFO - Epoch [19/50]-(5/22) Loss: 0.1185, Acc(1): 100.00, Acc(5): 100.00
2023-06-19 16:42:19,857 - AUGCON - INFO - Epoch [19/50]-(10/22) Loss: 0.2732, Acc(1): 100.00, Acc(5): 100.00
2023-06-19 16:42:19,857 - AUGCON - INFO - Epoch [19/50]-(15/22) Loss: 0.1507, Acc(1): 100.00, Acc(5): 100.00
2023-06-19 16:42:19,857 - AUGCON - INFO - Epoch [19/50]-(20/22) Loss: 0.3373, Acc(1): 75.00, Acc(5): 100.00
2023-06-19 16:42:19,857 - AUGCON - INFO - 	Validation Loss: 0.2336, Acc(1): 99.00, Acc(5): 100.00, F1: 0.23, Recall: 0.23, Precision: 0.24
2023-06-19 16:42:19,857 - AUGCON - INFO - Epoch [20/50]-(0/22) Loss: 0.1108, Acc(1): 100.00, Acc(5): 100.00
2023-06-19 16:42:19,857 - AUGCON - INFO - Epoch [20/50]-(5/22) Loss: 0.2801, Acc(1): 100.00, Acc(5): 100.00
2023-06-19 16:42:19,857 - AUGCON - INFO - Epoch [20/50]-(10/22) Loss: 0.2263, Acc(1): 100.00, Acc(5): 100.00
2023-06-19 16:42:19,857 - AUGCON - INFO - Epoch [20/50]-(15/22) Loss: 0.5456, Acc(1): 75.00, Acc(5): 100.00
2023-06-19 16:42:19,857 - AUGCON - INFO - Epoch [20/50]-(20/22) Loss: 0.3207, Acc(1): 100.00, Acc(5): 100.00
2023-06-19 16:42:19,857 - AUGCON - INFO - 	Validation Loss: 0.2261, Acc(1): 100.00, Acc(5): 100.00, F1: 0.23, Recall: 0.23, Precision: 0.23
2023-06-19 16:42:19,857 - AUGCON - INFO - Epoch [21/50]-(0/22) Loss: 0.8006, Acc(1): 75.00, Acc(5): 100.00
2023-06-19 16:42:19,857 - AUGCON - INFO - Epoch [21/50]-(5/22) Loss: 0.2373, Acc(1): 100.00, Acc(5): 100.00
2023-06-19 16:42:19,857 - AUGCON - INFO - Epoch [21/50]-(10/22) Loss: 0.4604, Acc(1): 75.00, Acc(5): 100.00
2023-06-19 16:42:19,858 - AUGCON - INFO - Epoch [21/50]-(15/22) Loss: 0.1553, Acc(1): 100.00, Acc(5): 100.00
2023-06-19 16:42:19,858 - AUGCON - INFO - Epoch [21/50]-(20/22) Loss: 0.1191, Acc(1): 100.00, Acc(5): 100.00
2023-06-19 16:42:19,858 - AUGCON - INFO - 	Validation Loss: 0.2113, Acc(1): 98.00, Acc(5): 100.00, F1: 0.23, Recall: 0.23, Precision: 0.24
2023-06-19 16:42:19,858 - AUGCON - INFO - Epoch [22/50]-(0/22) Loss: 0.1511, Acc(1): 100.00, Acc(5): 100.00
2023-06-19 16:42:19,858 - AUGCON - INFO - Epoch [22/50]-(5/22) Loss: 0.2856, Acc(1): 100.00, Acc(5): 100.00
2023-06-19 16:42:19,858 - AUGCON - INFO - Epoch [22/50]-(10/22) Loss: 0.2413, Acc(1): 100.00, Acc(5): 100.00
2023-06-19 16:42:19,858 - AUGCON - INFO - Epoch [22/50]-(15/22) Loss: 0.2668, Acc(1): 100.00, Acc(5): 100.00
2023-06-19 16:42:19,858 - AUGCON - INFO - Epoch [22/50]-(20/22) Loss: 0.5744, Acc(1): 75.00, Acc(5): 100.00
2023-06-19 16:42:19,858 - AUGCON - INFO - 	Validation Loss: 0.2021, Acc(1): 98.00, Acc(5): 100.00, F1: 0.23, Recall: 0.23, Precision: 0.23
2023-06-19 16:42:19,858 - AUGCON - INFO - Epoch [23/50]-(0/22) Loss: 0.3155, Acc(1): 75.00, Acc(5): 100.00
2023-06-19 16:42:19,858 - AUGCON - INFO - Epoch [23/50]-(5/22) Loss: 0.1882, Acc(1): 100.00, Acc(5): 100.00
2023-06-19 16:42:19,858 - AUGCON - INFO - Epoch [23/50]-(10/22) Loss: 0.2063, Acc(1): 100.00, Acc(5): 100.00
2023-06-19 16:42:19,858 - AUGCON - INFO - Epoch [23/50]-(15/22) Loss: 0.2352, Acc(1): 100.00, Acc(5): 100.00
2023-06-19 16:42:19,858 - AUGCON - INFO - Epoch [23/50]-(20/22) Loss: 0.2336, Acc(1): 100.00, Acc(5): 100.00
2023-06-19 16:42:19,858 - AUGCON - INFO - 	Validation Loss: 0.2329, Acc(1): 99.00, Acc(5): 100.00, F1: 0.23, Recall: 0.23, Precision: 0.23
2023-06-19 16:42:19,859 - AUGCON - INFO - Epoch [24/50]-(0/22) Loss: 0.2175, Acc(1): 100.00, Acc(5): 100.00
2023-06-19 16:42:19,859 - AUGCON - INFO - Epoch [24/50]-(5/22) Loss: 0.1784, Acc(1): 100.00, Acc(5): 100.00
2023-06-19 16:42:19,859 - AUGCON - INFO - Epoch [24/50]-(10/22) Loss: 1.0617, Acc(1): 75.00, Acc(5): 100.00
2023-06-19 16:42:19,859 - AUGCON - INFO - Epoch [24/50]-(15/22) Loss: 0.1848, Acc(1): 100.00, Acc(5): 100.00
2023-06-19 16:42:19,859 - AUGCON - INFO - Epoch [24/50]-(20/22) Loss: 0.2497, Acc(1): 100.00, Acc(5): 100.00
2023-06-19 16:42:19,859 - AUGCON - INFO - 	Validation Loss: 0.2022, Acc(1): 99.00, Acc(5): 100.00, F1: 0.23, Recall: 0.23, Precision: 0.23
2023-06-19 16:42:19,859 - AUGCON - INFO - Epoch [25/50]-(0/22) Loss: 0.1447, Acc(1): 100.00, Acc(5): 100.00
2023-06-19 16:42:19,859 - AUGCON - INFO - Epoch [25/50]-(5/22) Loss: 0.2824, Acc(1): 75.00, Acc(5): 100.00
2023-06-19 16:42:19,859 - AUGCON - INFO - Epoch [25/50]-(10/22) Loss: 0.2881, Acc(1): 75.00, Acc(5): 100.00
2023-06-19 16:42:19,859 - AUGCON - INFO - Epoch [25/50]-(15/22) Loss: 0.3587, Acc(1): 75.00, Acc(5): 100.00
2023-06-19 16:42:19,859 - AUGCON - INFO - Epoch [25/50]-(20/22) Loss: 1.0360, Acc(1): 75.00, Acc(5): 100.00
2023-06-19 16:42:19,859 - AUGCON - INFO - 	Validation Loss: 0.1946, Acc(1): 97.00, Acc(5): 100.00, F1: 0.23, Recall: 0.23, Precision: 0.23
2023-06-19 16:42:19,859 - AUGCON - INFO - Epoch [26/50]-(0/22) Loss: 0.2617, Acc(1): 100.00, Acc(5): 100.00
2023-06-19 16:42:19,859 - AUGCON - INFO - Epoch [26/50]-(5/22) Loss: 0.1037, Acc(1): 100.00, Acc(5): 100.00
2023-06-19 16:42:19,859 - AUGCON - INFO - Epoch [26/50]-(10/22) Loss: 0.3563, Acc(1): 100.00, Acc(5): 100.00
2023-06-19 16:42:19,859 - AUGCON - INFO - Epoch [26/50]-(15/22) Loss: 0.0586, Acc(1): 100.00, Acc(5): 100.00
2023-06-19 16:42:19,860 - AUGCON - INFO - Epoch [26/50]-(20/22) Loss: 0.2607, Acc(1): 100.00, Acc(5): 100.00
2023-06-19 16:42:19,860 - AUGCON - INFO - 	Validation Loss: 0.1786, Acc(1): 99.00, Acc(5): 100.00, F1: 0.23, Recall: 0.23, Precision: 0.24
2023-06-19 16:42:19,860 - AUGCON - INFO - Epoch [27/50]-(0/22) Loss: 0.2420, Acc(1): 100.00, Acc(5): 100.00
2023-06-19 16:42:19,860 - AUGCON - INFO - Epoch [27/50]-(5/22) Loss: 0.1893, Acc(1): 100.00, Acc(5): 100.00
2023-06-19 16:42:19,860 - AUGCON - INFO - Epoch [27/50]-(10/22) Loss: 0.0860, Acc(1): 100.00, Acc(5): 100.00
2023-06-19 16:42:19,860 - AUGCON - INFO - Epoch [27/50]-(15/22) Loss: 0.1104, Acc(1): 100.00, Acc(5): 100.00
2023-06-19 16:42:19,860 - AUGCON - INFO - Epoch [27/50]-(20/22) Loss: 1.0584, Acc(1): 75.00, Acc(5): 100.00
2023-06-19 16:42:19,860 - AUGCON - INFO - 	Validation Loss: 0.1687, Acc(1): 100.00, Acc(5): 100.00, F1: 0.23, Recall: 0.23, Precision: 0.23
2023-06-19 16:42:19,860 - AUGCON - INFO - Epoch [28/50]-(0/22) Loss: 0.3008, Acc(1): 100.00, Acc(5): 100.00
2023-06-19 16:42:19,860 - AUGCON - INFO - Epoch [28/50]-(5/22) Loss: 0.2465, Acc(1): 100.00, Acc(5): 100.00
2023-06-19 16:42:19,860 - AUGCON - INFO - Epoch [28/50]-(10/22) Loss: 0.1505, Acc(1): 100.00, Acc(5): 100.00
2023-06-19 16:42:19,860 - AUGCON - INFO - Epoch [28/50]-(15/22) Loss: 0.0829, Acc(1): 100.00, Acc(5): 100.00
2023-06-19 16:42:19,860 - AUGCON - INFO - Epoch [28/50]-(20/22) Loss: 0.1041, Acc(1): 100.00, Acc(5): 100.00
2023-06-19 16:42:19,861 - AUGCON - INFO - 	Validation Loss: 0.1729, Acc(1): 98.00, Acc(5): 100.00, F1: 0.23, Recall: 0.23, Precision: 0.23
2023-06-19 16:42:19,861 - AUGCON - INFO - Epoch [29/50]-(0/22) Loss: 0.0567, Acc(1): 100.00, Acc(5): 100.00
2023-06-19 16:42:19,861 - AUGCON - INFO - Epoch [29/50]-(5/22) Loss: 0.4595, Acc(1): 75.00, Acc(5): 100.00
2023-06-19 16:42:19,861 - AUGCON - INFO - Epoch [29/50]-(10/22) Loss: 0.1437, Acc(1): 100.00, Acc(5): 100.00
2023-06-19 16:42:19,861 - AUGCON - INFO - Epoch [29/50]-(15/22) Loss: 0.1292, Acc(1): 100.00, Acc(5): 100.00
2023-06-19 16:42:19,861 - AUGCON - INFO - Epoch [29/50]-(20/22) Loss: 0.3360, Acc(1): 75.00, Acc(5): 100.00
2023-06-19 16:42:19,861 - AUGCON - INFO - 	Validation Loss: 0.1698, Acc(1): 99.00, Acc(5): 100.00, F1: 0.23, Recall: 0.23, Precision: 0.23
2023-06-19 16:42:19,861 - AUGCON - INFO - Epoch [30/50]-(0/22) Loss: 0.1995, Acc(1): 100.00, Acc(5): 100.00
2023-06-19 16:42:19,861 - AUGCON - INFO - Epoch [30/50]-(5/22) Loss: 0.1386, Acc(1): 100.00, Acc(5): 100.00
2023-06-19 16:42:19,861 - AUGCON - INFO - Epoch [30/50]-(10/22) Loss: 0.2810, Acc(1): 100.00, Acc(5): 100.00
2023-06-19 16:42:19,861 - AUGCON - INFO - Epoch [30/50]-(15/22) Loss: 0.2153, Acc(1): 100.00, Acc(5): 100.00
2023-06-19 16:42:19,861 - AUGCON - INFO - Epoch [30/50]-(20/22) Loss: 0.1745, Acc(1): 100.00, Acc(5): 100.00
2023-06-19 16:42:19,861 - AUGCON - INFO - 	Validation Loss: 0.1623, Acc(1): 98.00, Acc(5): 100.00, F1: 0.23, Recall: 0.23, Precision: 0.23
2023-06-19 16:42:19,862 - AUGCON - INFO - Epoch [31/50]-(0/22) Loss: 0.2906, Acc(1): 100.00, Acc(5): 100.00
2023-06-19 16:42:19,862 - AUGCON - INFO - Epoch [31/50]-(5/22) Loss: 0.1323, Acc(1): 100.00, Acc(5): 100.00
2023-06-19 16:42:19,862 - AUGCON - INFO - Epoch [31/50]-(10/22) Loss: 0.0883, Acc(1): 100.00, Acc(5): 100.00
2023-06-19 16:42:19,862 - AUGCON - INFO - Epoch [31/50]-(15/22) Loss: 0.1295, Acc(1): 100.00, Acc(5): 100.00
2023-06-19 16:42:19,862 - AUGCON - INFO - Epoch [31/50]-(20/22) Loss: 0.1597, Acc(1): 100.00, Acc(5): 100.00
2023-06-19 16:42:19,862 - AUGCON - INFO - 	Validation Loss: 0.1703, Acc(1): 98.00, Acc(5): 100.00, F1: 0.23, Recall: 0.23, Precision: 0.23
2023-06-19 16:42:19,862 - AUGCON - INFO - Epoch [32/50]-(0/22) Loss: 0.0840, Acc(1): 100.00, Acc(5): 100.00
2023-06-19 16:42:19,862 - AUGCON - INFO - Epoch [32/50]-(5/22) Loss: 0.1278, Acc(1): 100.00, Acc(5): 100.00
2023-06-19 16:42:19,862 - AUGCON - INFO - Epoch [32/50]-(10/22) Loss: 0.0567, Acc(1): 100.00, Acc(5): 100.00
2023-06-19 16:42:19,862 - AUGCON - INFO - Epoch [32/50]-(15/22) Loss: 0.0943, Acc(1): 100.00, Acc(5): 100.00
2023-06-19 16:42:19,862 - AUGCON - INFO - Epoch [32/50]-(20/22) Loss: 0.0782, Acc(1): 100.00, Acc(5): 100.00
2023-06-19 16:42:19,862 - AUGCON - INFO - 	Validation Loss: 0.1473, Acc(1): 99.00, Acc(5): 100.00, F1: 0.23, Recall: 0.23, Precision: 0.23
2023-06-19 16:42:19,862 - AUGCON - INFO - Epoch [33/50]-(0/22) Loss: 0.1492, Acc(1): 100.00, Acc(5): 100.00
2023-06-19 16:42:19,862 - AUGCON - INFO - Epoch [33/50]-(5/22) Loss: 0.1275, Acc(1): 100.00, Acc(5): 100.00
2023-06-19 16:42:19,862 - AUGCON - INFO - Epoch [33/50]-(10/22) Loss: 0.1368, Acc(1): 100.00, Acc(5): 100.00
2023-06-19 16:42:19,863 - AUGCON - INFO - Epoch [33/50]-(15/22) Loss: 0.1740, Acc(1): 100.00, Acc(5): 100.00
2023-06-19 16:42:19,863 - AUGCON - INFO - Epoch [33/50]-(20/22) Loss: 0.0837, Acc(1): 100.00, Acc(5): 100.00
2023-06-19 16:42:19,863 - AUGCON - INFO - 	Validation Loss: 0.1629, Acc(1): 99.00, Acc(5): 100.00, F1: 0.23, Recall: 0.23, Precision: 0.23
2023-06-19 16:42:19,863 - AUGCON - INFO - Epoch [34/50]-(0/22) Loss: 0.0567, Acc(1): 100.00, Acc(5): 100.00
2023-06-19 16:42:19,863 - AUGCON - INFO - Epoch [34/50]-(5/22) Loss: 0.0970, Acc(1): 100.00, Acc(5): 100.00
2023-06-19 16:42:19,863 - AUGCON - INFO - Epoch [34/50]-(10/22) Loss: 0.1281, Acc(1): 100.00, Acc(5): 100.00
2023-06-19 16:42:19,863 - AUGCON - INFO - Epoch [34/50]-(15/22) Loss: 0.1224, Acc(1): 100.00, Acc(5): 100.00
2023-06-19 16:42:19,863 - AUGCON - INFO - Epoch [34/50]-(20/22) Loss: 0.1963, Acc(1): 100.00, Acc(5): 100.00
2023-06-19 16:42:19,863 - AUGCON - INFO - 	Validation Loss: 0.1453, Acc(1): 99.00, Acc(5): 100.00, F1: 0.23, Recall: 0.23, Precision: 0.23
2023-06-19 16:42:19,863 - AUGCON - INFO - Epoch [35/50]-(0/22) Loss: 0.1318, Acc(1): 100.00, Acc(5): 100.00
2023-06-19 16:42:19,863 - AUGCON - INFO - Epoch [35/50]-(5/22) Loss: 0.4123, Acc(1): 75.00, Acc(5): 100.00
2023-06-19 16:42:19,863 - AUGCON - INFO - Epoch [35/50]-(10/22) Loss: 0.0787, Acc(1): 100.00, Acc(5): 100.00
2023-06-19 16:42:19,863 - AUGCON - INFO - Epoch [35/50]-(15/22) Loss: 0.1692, Acc(1): 100.00, Acc(5): 100.00
2023-06-19 16:42:19,863 - AUGCON - INFO - Epoch [35/50]-(20/22) Loss: 0.1748, Acc(1): 100.00, Acc(5): 100.00
2023-06-19 16:42:19,863 - AUGCON - INFO - 	Validation Loss: 0.1457, Acc(1): 100.00, Acc(5): 100.00, F1: 0.23, Recall: 0.23, Precision: 0.23
2023-06-19 16:42:19,864 - AUGCON - INFO - Epoch [36/50]-(0/22) Loss: 0.1183, Acc(1): 100.00, Acc(5): 100.00
2023-06-19 16:42:19,864 - AUGCON - INFO - Epoch [36/50]-(5/22) Loss: 0.2952, Acc(1): 100.00, Acc(5): 100.00
2023-06-19 16:42:19,864 - AUGCON - INFO - Epoch [36/50]-(10/22) Loss: 0.1948, Acc(1): 100.00, Acc(5): 100.00
2023-06-19 16:42:19,864 - AUGCON - INFO - Epoch [36/50]-(15/22) Loss: 0.1165, Acc(1): 100.00, Acc(5): 100.00
2023-06-19 16:42:19,864 - AUGCON - INFO - Epoch [36/50]-(20/22) Loss: 0.1288, Acc(1): 100.00, Acc(5): 100.00
2023-06-19 16:42:19,864 - AUGCON - INFO - 	Validation Loss: 0.1459, Acc(1): 99.00, Acc(5): 100.00, F1: 0.23, Recall: 0.23, Precision: 0.23
2023-06-19 16:42:19,864 - AUGCON - INFO - Epoch [37/50]-(0/22) Loss: 0.0608, Acc(1): 100.00, Acc(5): 100.00
2023-06-19 16:42:19,864 - AUGCON - INFO - Epoch [37/50]-(5/22) Loss: 0.0935, Acc(1): 100.00, Acc(5): 100.00
2023-06-19 16:42:19,864 - AUGCON - INFO - Epoch [37/50]-(10/22) Loss: 0.1776, Acc(1): 100.00, Acc(5): 100.00
2023-06-19 16:42:19,864 - AUGCON - INFO - Epoch [37/50]-(15/22) Loss: 0.1153, Acc(1): 100.00, Acc(5): 100.00
2023-06-19 16:42:19,864 - AUGCON - INFO - Epoch [37/50]-(20/22) Loss: 0.1701, Acc(1): 100.00, Acc(5): 100.00
2023-06-19 16:42:19,864 - AUGCON - INFO - 	Validation Loss: 0.1350, Acc(1): 99.00, Acc(5): 100.00, F1: 0.23, Recall: 0.23, Precision: 0.23
2023-06-19 16:42:19,864 - AUGCON - INFO - Epoch [38/50]-(0/22) Loss: 0.2017, Acc(1): 100.00, Acc(5): 100.00
2023-06-19 16:42:19,864 - AUGCON - INFO - Epoch [38/50]-(5/22) Loss: 0.0730, Acc(1): 100.00, Acc(5): 100.00
2023-06-19 16:42:19,864 - AUGCON - INFO - Epoch [38/50]-(10/22) Loss: 0.0959, Acc(1): 100.00, Acc(5): 100.00
2023-06-19 16:42:19,865 - AUGCON - INFO - Epoch [38/50]-(15/22) Loss: 0.1442, Acc(1): 100.00, Acc(5): 100.00
2023-06-19 16:42:19,865 - AUGCON - INFO - Epoch [38/50]-(20/22) Loss: 0.0981, Acc(1): 100.00, Acc(5): 100.00
2023-06-19 16:42:19,865 - AUGCON - INFO - 	Validation Loss: 0.1413, Acc(1): 98.00, Acc(5): 100.00, F1: 0.23, Recall: 0.23, Precision: 0.23
2023-06-19 16:42:19,865 - AUGCON - INFO - Epoch [39/50]-(0/22) Loss: 0.1241, Acc(1): 100.00, Acc(5): 100.00
2023-06-19 16:42:19,865 - AUGCON - INFO - Epoch [39/50]-(5/22) Loss: 0.0975, Acc(1): 100.00, Acc(5): 100.00
2023-06-19 16:42:19,865 - AUGCON - INFO - Epoch [39/50]-(10/22) Loss: 0.0865, Acc(1): 100.00, Acc(5): 100.00
2023-06-19 16:42:19,865 - AUGCON - INFO - Epoch [39/50]-(15/22) Loss: 0.0621, Acc(1): 100.00, Acc(5): 100.00
2023-06-19 16:42:19,865 - AUGCON - INFO - Epoch [39/50]-(20/22) Loss: 0.1873, Acc(1): 100.00, Acc(5): 100.00
2023-06-19 16:42:19,865 - AUGCON - INFO - 	Validation Loss: 0.1350, Acc(1): 98.00, Acc(5): 100.00, F1: 0.23, Recall: 0.23, Precision: 0.23
2023-06-19 16:42:19,865 - AUGCON - INFO - Epoch [40/50]-(0/22) Loss: 0.2604, Acc(1): 75.00, Acc(5): 100.00
2023-06-19 16:42:19,865 - AUGCON - INFO - Epoch [40/50]-(5/22) Loss: 0.9248, Acc(1): 75.00, Acc(5): 100.00
2023-06-19 16:42:19,865 - AUGCON - INFO - Epoch [40/50]-(10/22) Loss: 0.3956, Acc(1): 75.00, Acc(5): 100.00
2023-06-19 16:42:19,865 - AUGCON - INFO - Epoch [40/50]-(15/22) Loss: 0.1385, Acc(1): 100.00, Acc(5): 100.00
2023-06-19 16:42:19,865 - AUGCON - INFO - Epoch [40/50]-(20/22) Loss: 0.0794, Acc(1): 100.00, Acc(5): 100.00
2023-06-19 16:42:19,865 - AUGCON - INFO - 	Validation Loss: 0.1343, Acc(1): 99.00, Acc(5): 100.00, F1: 0.23, Recall: 0.23, Precision: 0.24
2023-06-19 16:42:19,866 - AUGCON - INFO - Epoch [41/50]-(0/22) Loss: 0.2386, Acc(1): 100.00, Acc(5): 100.00
2023-06-19 16:42:19,866 - AUGCON - INFO - Epoch [41/50]-(5/22) Loss: 0.0542, Acc(1): 100.00, Acc(5): 100.00
2023-06-19 16:42:19,866 - AUGCON - INFO - Epoch [41/50]-(10/22) Loss: 0.1128, Acc(1): 100.00, Acc(5): 100.00
2023-06-19 16:42:19,866 - AUGCON - INFO - Epoch [41/50]-(15/22) Loss: 0.0635, Acc(1): 100.00, Acc(5): 100.00
2023-06-19 16:42:19,866 - AUGCON - INFO - Epoch [41/50]-(20/22) Loss: 0.0648, Acc(1): 100.00, Acc(5): 100.00
2023-06-19 16:42:19,866 - AUGCON - INFO - 	Validation Loss: 0.1235, Acc(1): 99.00, Acc(5): 100.00, F1: 0.23, Recall: 0.23, Precision: 0.23
2023-06-19 16:42:19,866 - AUGCON - INFO - Epoch [42/50]-(0/22) Loss: 0.1658, Acc(1): 100.00, Acc(5): 100.00
2023-06-19 16:42:19,866 - AUGCON - INFO - Epoch [42/50]-(5/22) Loss: 0.1282, Acc(1): 100.00, Acc(5): 100.00
2023-06-19 16:42:19,866 - AUGCON - INFO - Epoch [42/50]-(10/22) Loss: 0.0744, Acc(1): 100.00, Acc(5): 100.00
2023-06-19 16:42:19,866 - AUGCON - INFO - Epoch [42/50]-(15/22) Loss: 0.1747, Acc(1): 100.00, Acc(5): 100.00
2023-06-19 16:42:19,866 - AUGCON - INFO - Epoch [42/50]-(20/22) Loss: 0.0740, Acc(1): 100.00, Acc(5): 100.00
2023-06-19 16:42:19,866 - AUGCON - INFO - 	Validation Loss: 0.1208, Acc(1): 100.00, Acc(5): 100.00, F1: 0.23, Recall: 0.23, Precision: 0.23
2023-06-19 16:42:19,866 - AUGCON - INFO - Epoch [43/50]-(0/22) Loss: 0.9402, Acc(1): 75.00, Acc(5): 100.00
2023-06-19 16:42:19,866 - AUGCON - INFO - Epoch [43/50]-(5/22) Loss: 0.1147, Acc(1): 100.00, Acc(5): 100.00
2023-06-19 16:42:19,867 - AUGCON - INFO - Epoch [43/50]-(10/22) Loss: 0.0412, Acc(1): 100.00, Acc(5): 100.00
2023-06-19 16:42:19,867 - AUGCON - INFO - Epoch [43/50]-(15/22) Loss: 0.2894, Acc(1): 100.00, Acc(5): 100.00
2023-06-19 16:42:19,867 - AUGCON - INFO - Epoch [43/50]-(20/22) Loss: 0.0770, Acc(1): 100.00, Acc(5): 100.00
2023-06-19 16:42:19,867 - AUGCON - INFO - 	Validation Loss: 0.1324, Acc(1): 99.00, Acc(5): 100.00, F1: 0.23, Recall: 0.23, Precision: 0.24
2023-06-19 16:42:19,867 - AUGCON - INFO - Epoch [44/50]-(0/22) Loss: 0.0711, Acc(1): 100.00, Acc(5): 100.00
2023-06-19 16:42:19,867 - AUGCON - INFO - Epoch [44/50]-(5/22) Loss: 0.0518, Acc(1): 100.00, Acc(5): 100.00
2023-06-19 16:42:19,867 - AUGCON - INFO - Epoch [44/50]-(10/22) Loss: 0.0744, Acc(1): 100.00, Acc(5): 100.00
2023-06-19 16:42:19,867 - AUGCON - INFO - Epoch [44/50]-(15/22) Loss: 0.0586, Acc(1): 100.00, Acc(5): 100.00
2023-06-19 16:42:19,867 - AUGCON - INFO - Epoch [44/50]-(20/22) Loss: 0.1138, Acc(1): 100.00, Acc(5): 100.00
2023-06-19 16:42:19,867 - AUGCON - INFO - 	Validation Loss: 0.1169, Acc(1): 100.00, Acc(5): 100.00, F1: 0.23, Recall: 0.23, Precision: 0.23
2023-06-19 16:42:19,867 - AUGCON - INFO - Epoch [45/50]-(0/22) Loss: 0.0925, Acc(1): 100.00, Acc(5): 100.00
2023-06-19 16:42:19,867 - AUGCON - INFO - Epoch [45/50]-(5/22) Loss: 0.1489, Acc(1): 100.00, Acc(5): 100.00
2023-06-19 16:42:19,867 - AUGCON - INFO - Epoch [45/50]-(10/22) Loss: 0.0863, Acc(1): 100.00, Acc(5): 100.00
2023-06-19 16:42:19,867 - AUGCON - INFO - Epoch [45/50]-(15/22) Loss: 0.0881, Acc(1): 100.00, Acc(5): 100.00
2023-06-19 16:42:19,867 - AUGCON - INFO - Epoch [45/50]-(20/22) Loss: 0.0590, Acc(1): 100.00, Acc(5): 100.00
2023-06-19 16:42:19,868 - AUGCON - INFO - 	Validation Loss: 0.1251, Acc(1): 99.00, Acc(5): 100.00, F1: 0.23, Recall: 0.23, Precision: 0.23
2023-06-19 16:42:19,868 - AUGCON - INFO - Epoch [46/50]-(0/22) Loss: 0.0829, Acc(1): 100.00, Acc(5): 100.00
2023-06-19 16:42:19,868 - AUGCON - INFO - Epoch [46/50]-(5/22) Loss: 0.0411, Acc(1): 100.00, Acc(5): 100.00
2023-06-19 16:42:19,868 - AUGCON - INFO - Epoch [46/50]-(10/22) Loss: 0.0667, Acc(1): 100.00, Acc(5): 100.00
2023-06-19 16:42:19,868 - AUGCON - INFO - Epoch [46/50]-(15/22) Loss: 0.0877, Acc(1): 100.00, Acc(5): 100.00
2023-06-19 16:42:19,868 - AUGCON - INFO - Epoch [46/50]-(20/22) Loss: 0.1255, Acc(1): 100.00, Acc(5): 100.00
2023-06-19 16:42:19,868 - AUGCON - INFO - 	Validation Loss: 0.1387, Acc(1): 96.00, Acc(5): 100.00, F1: 0.23, Recall: 0.22, Precision: 0.24
2023-06-19 16:42:19,868 - AUGCON - INFO - Epoch [47/50]-(0/22) Loss: 0.1352, Acc(1): 100.00, Acc(5): 100.00
2023-06-19 16:42:19,868 - AUGCON - INFO - Epoch [47/50]-(5/22) Loss: 0.0682, Acc(1): 100.00, Acc(5): 100.00
2023-06-19 16:42:19,868 - AUGCON - INFO - Epoch [47/50]-(10/22) Loss: 1.1187, Acc(1): 75.00, Acc(5): 100.00
2023-06-19 16:42:19,868 - AUGCON - INFO - Epoch [47/50]-(15/22) Loss: 0.1261, Acc(1): 100.00, Acc(5): 100.00
2023-06-19 16:42:19,868 - AUGCON - INFO - Epoch [47/50]-(20/22) Loss: 0.2716, Acc(1): 75.00, Acc(5): 100.00
2023-06-19 16:42:19,868 - AUGCON - INFO - 	Validation Loss: 0.1219, Acc(1): 99.00, Acc(5): 100.00, F1: 0.23, Recall: 0.23, Precision: 0.24
2023-06-19 16:42:19,868 - AUGCON - INFO - Epoch [48/50]-(0/22) Loss: 0.1544, Acc(1): 100.00, Acc(5): 100.00
2023-06-19 16:42:19,869 - AUGCON - INFO - Epoch [48/50]-(5/22) Loss: 0.0286, Acc(1): 100.00, Acc(5): 100.00
2023-06-19 16:42:19,869 - AUGCON - INFO - Epoch [48/50]-(10/22) Loss: 0.0987, Acc(1): 100.00, Acc(5): 100.00
2023-06-19 16:42:19,869 - AUGCON - INFO - Epoch [48/50]-(15/22) Loss: 0.0699, Acc(1): 100.00, Acc(5): 100.00
2023-06-19 16:42:19,869 - AUGCON - INFO - Epoch [48/50]-(20/22) Loss: 0.1292, Acc(1): 100.00, Acc(5): 100.00
2023-06-19 16:42:19,869 - AUGCON - INFO - 	Validation Loss: 0.1118, Acc(1): 98.00, Acc(5): 100.00, F1: 0.23, Recall: 0.23, Precision: 0.23
2023-06-19 16:42:19,869 - AUGCON - INFO - Epoch [49/50]-(0/22) Loss: 0.1162, Acc(1): 100.00, Acc(5): 100.00
2023-06-19 16:42:19,869 - AUGCON - INFO - Epoch [49/50]-(5/22) Loss: 0.0686, Acc(1): 100.00, Acc(5): 100.00
2023-06-19 16:42:19,869 - AUGCON - INFO - Epoch [49/50]-(10/22) Loss: 0.0460, Acc(1): 100.00, Acc(5): 100.00
2023-06-19 16:42:19,869 - AUGCON - INFO - Epoch [49/50]-(15/22) Loss: 0.0157, Acc(1): 100.00, Acc(5): 100.00
2023-06-19 16:42:19,869 - AUGCON - INFO - Epoch [49/50]-(20/22) Loss: 0.0696, Acc(1): 100.00, Acc(5): 100.00
2023-06-19 16:42:19,869 - AUGCON - INFO - 	Validation Loss: 0.1240, Acc(1): 99.00, Acc(5): 100.00, F1: 0.23, Recall: 0.23, Precision: 0.24
2023-06-19 16:42:19,869 - AUGCON - INFO - Epoch [50/50]-(0/22) Loss: 0.0684, Acc(1): 100.00, Acc(5): 100.00
2023-06-19 16:42:19,869 - AUGCON - INFO - Epoch [50/50]-(5/22) Loss: 0.2056, Acc(1): 100.00, Acc(5): 100.00
2023-06-19 16:42:19,869 - AUGCON - INFO - Epoch [50/50]-(10/22) Loss: 0.0883, Acc(1): 100.00, Acc(5): 100.00
2023-06-19 16:42:19,870 - AUGCON - INFO - Epoch [50/50]-(15/22) Loss: 0.0793, Acc(1): 100.00, Acc(5): 100.00
2023-06-19 16:42:19,870 - AUGCON - INFO - Epoch [50/50]-(20/22) Loss: 0.0472, Acc(1): 100.00, Acc(5): 100.00
2023-06-19 16:42:19,870 - AUGCON - INFO - 	Validation Loss: 0.1060, Acc(1): 100.00, Acc(5): 100.00, F1: 0.23, Recall: 0.23, Precision: 0.23
2023-06-19 16:42:19,870 - AUGCON - INFO - 	Validation Loss: 0.1339, Acc(1): 97.33, Acc(5): 100.00, F1: 0.24, Recall: 0.23, Precision: 0.24
