2023-06-08 14:55:39,175 - AUGCON - INFO - logger initialized (/home/hjyoon/projects/augcon/config/exp0/pretrain/without_target_domain_PH0012-thanh/metacpc_perdomain_8421.yaml.log)
2023-06-08 14:55:39,175 - AUGCON - INFO - ================= Config =================
2023-06-08 14:55:39,175 - AUGCON - INFO -   mode: pretrain
2023-06-08 14:55:39,176 - AUGCON - INFO -   seed: 0
2023-06-08 14:55:39,176 - AUGCON - INFO -   gpu: [0, 1, 2, 3]
2023-06-08 14:55:39,176 - AUGCON - INFO -   num_workers: 8
2023-06-08 14:55:39,176 - AUGCON - INFO -   dist_url: tcp://localhost:10001
2023-06-08 14:55:39,176 - AUGCON - INFO -   dataset_name: hhar
2023-06-08 14:55:39,176 - AUGCON - INFO -   train_dataset_path: /mnt/sting/hjyoon/projects/cross/ICHAR/augcon/target_domain_PH0012-thanh/pretrain/train.pkl
2023-06-08 14:55:39,176 - AUGCON - INFO -   test_dataset_path: /mnt/sting/hjyoon/projects/cross/ICHAR/augcon/target_domain_PH0012-thanh/pretrain/test.pkl
2023-06-08 14:55:39,176 - AUGCON - INFO -   val_dataset_path: /mnt/sting/hjyoon/projects/cross/ICHAR/augcon/target_domain_PH0012-thanh/pretrain/val.pkl
2023-06-08 14:55:39,176 - AUGCON - INFO -   input_channels: 3
2023-06-08 14:55:39,176 - AUGCON - INFO -   num_cls: 9
2023-06-08 14:55:39,176 - AUGCON - INFO -   optimizer: adam
2023-06-08 14:55:39,176 - AUGCON - INFO -   criterion: crossentropy
2023-06-08 14:55:39,176 - AUGCON - INFO -   start_epoch: 0
2023-06-08 14:55:39,176 - AUGCON - INFO -   epochs: 100
2023-06-08 14:55:39,176 - AUGCON - INFO -   batch_size: 2048
2023-06-08 14:55:39,176 - AUGCON - INFO -   lr: 0.001
2023-06-08 14:55:39,176 - AUGCON - INFO -   wd: 0.0
2023-06-08 14:55:39,176 - AUGCON - INFO -   resume: 
2023-06-08 14:55:39,176 - AUGCON - INFO -   ckpt_dir: /mnt/sting/hjyoon/projects/augcontrast/models/exp0/pretrain/metacpc_perdomain_8421
2023-06-08 14:55:39,176 - AUGCON - INFO -   log_freq: 20
2023-06-08 14:55:39,176 - AUGCON - INFO -   save_freq: 100
2023-06-08 14:55:39,176 - AUGCON - INFO -   pretext: metacpc
2023-06-08 14:55:39,177 - AUGCON - INFO -   enc_blocks: 4
2023-06-08 14:55:39,177 - AUGCON - INFO -   kernel_sizes: [8, 4, 2, 1]
2023-06-08 14:55:39,177 - AUGCON - INFO -   strides: [4, 2, 1, 1]
2023-06-08 14:55:39,177 - AUGCON - INFO -   agg_blocks: 5
2023-06-08 14:55:39,177 - AUGCON - INFO -   z_dim: 256
2023-06-08 14:55:39,177 - AUGCON - INFO -   pooling: mean
2023-06-08 14:55:39,177 - AUGCON - INFO -   pred_steps: 12
2023-06-08 14:55:39,177 - AUGCON - INFO -   n_negatives: 15
2023-06-08 14:55:39,177 - AUGCON - INFO -   offset: 4
2023-06-08 14:55:39,177 - AUGCON - INFO -   task_per_domain: True
2023-06-08 14:55:39,177 - AUGCON - INFO -   num_task: 10
2023-06-08 14:55:39,177 - AUGCON - INFO -   multi_cond_num_task: 5
2023-06-08 14:55:39,177 - AUGCON - INFO -   task_size: 90
2023-06-08 14:55:39,177 - AUGCON - INFO -   task_steps: 10
2023-06-08 14:55:39,177 - AUGCON - INFO -   task_lr: 0.005
2023-06-08 14:55:39,177 - AUGCON - INFO -   reg_lambda: 0
2023-06-08 14:55:39,177 - AUGCON - INFO -   log_meta_train: False
2023-06-08 14:55:39,177 - AUGCON - INFO - ==========================================
2023-06-08 14:55:39,177 - AUGCON - INFO - Setting GPUs: [0, 1, 2, 3]
2023-06-08 14:55:39,177 - AUGCON - INFO - GPUs [0, 1, 2, 3] will be used
2023-06-08 14:55:39,178 - AUGCON - WARNING - You have chosen to seed training. 
2023-06-08 14:55:39,178 - AUGCON - WARNING - This will turn on the CUDNN deterministic setting, 
2023-06-08 14:55:39,178 - AUGCON - WARNING - which can slow down your training considerably! 
2023-06-08 14:55:39,178 - AUGCON - WARNING - You may see unexpected behavior when restarting 
2023-06-08 14:55:39,178 - AUGCON - WARNING - from checkpoints.
2023-06-08 14:55:39,377 - AUGCON - INFO - Executing MetaCPC
2023-06-08 14:55:39,377 - AUGCON - INFO - Logs are skipped during training
2023-06-08 15:11:42,091 - AUGCON - INFO - DDP is used for training - training 3750 instances for each worker
2023-06-08 15:11:42,091 - AUGCON - INFO - Epoch [1/100]
2023-06-08 15:11:42,091 - AUGCON - INFO - 	(0/15) Loss: 3.6762, Acc(1): 6.21, Acc(5): 31.51
2023-06-08 15:11:42,091 - AUGCON - INFO - Epoch [2/100]
2023-06-08 15:11:42,092 - AUGCON - INFO - 	(0/15) Loss: 3.2797, Acc(1): 6.27, Acc(5): 31.26
2023-06-08 15:11:42,092 - AUGCON - INFO - Epoch [3/100]
2023-06-08 15:11:42,092 - AUGCON - INFO - 	(0/15) Loss: 3.1593, Acc(1): 6.19, Acc(5): 30.95
2023-06-08 15:11:42,092 - AUGCON - INFO - Epoch [4/100]
2023-06-08 15:11:42,092 - AUGCON - INFO - 	(0/15) Loss: 3.0112, Acc(1): 6.32, Acc(5): 30.94
2023-06-08 15:11:42,093 - AUGCON - INFO - Epoch [5/100]
2023-06-08 15:11:42,093 - AUGCON - INFO - 	(0/15) Loss: 3.0151, Acc(1): 6.65, Acc(5): 30.99
2023-06-08 15:11:42,093 - AUGCON - INFO - Epoch [6/100]
2023-06-08 15:11:42,093 - AUGCON - INFO - 	(0/15) Loss: 2.9098, Acc(1): 6.28, Acc(5): 31.42
2023-06-08 15:11:42,093 - AUGCON - INFO - Epoch [7/100]
2023-06-08 15:11:42,093 - AUGCON - INFO - 	(0/15) Loss: 2.8750, Acc(1): 6.31, Acc(5): 31.42
2023-06-08 15:11:42,094 - AUGCON - INFO - Epoch [8/100]
2023-06-08 15:11:42,094 - AUGCON - INFO - 	(0/15) Loss: 2.9165, Acc(1): 6.22, Acc(5): 31.41
2023-06-08 15:11:42,094 - AUGCON - INFO - Epoch [9/100]
2023-06-08 15:11:42,094 - AUGCON - INFO - 	(0/15) Loss: 2.8311, Acc(1): 6.62, Acc(5): 31.62
2023-06-08 15:11:42,094 - AUGCON - INFO - Epoch [10/100]
2023-06-08 15:11:42,094 - AUGCON - INFO - 	(0/15) Loss: 2.8237, Acc(1): 6.37, Acc(5): 31.21
2023-06-08 15:11:42,095 - AUGCON - INFO - Epoch [11/100]
2023-06-08 15:11:42,095 - AUGCON - INFO - 	(0/15) Loss: 2.8191, Acc(1): 6.62, Acc(5): 31.86
2023-06-08 15:11:42,095 - AUGCON - INFO - Epoch [12/100]
2023-06-08 15:11:42,095 - AUGCON - INFO - 	(0/15) Loss: 2.8131, Acc(1): 6.20, Acc(5): 30.81
2023-06-08 15:11:42,095 - AUGCON - INFO - Epoch [13/100]
2023-06-08 15:11:42,095 - AUGCON - INFO - 	(0/15) Loss: 2.8154, Acc(1): 6.19, Acc(5): 31.63
2023-06-08 15:11:42,096 - AUGCON - INFO - Epoch [14/100]
2023-06-08 15:11:42,096 - AUGCON - INFO - 	(0/15) Loss: 2.8305, Acc(1): 6.60, Acc(5): 31.91
2023-06-08 15:11:42,096 - AUGCON - INFO - Epoch [15/100]
2023-06-08 15:11:42,096 - AUGCON - INFO - 	(0/15) Loss: 2.8035, Acc(1): 6.33, Acc(5): 30.97
2023-06-08 15:11:42,096 - AUGCON - INFO - Epoch [16/100]
2023-06-08 15:11:42,096 - AUGCON - INFO - 	(0/15) Loss: 2.7989, Acc(1): 6.55, Acc(5): 31.70
2023-06-08 15:11:42,097 - AUGCON - INFO - Epoch [17/100]
2023-06-08 15:11:42,097 - AUGCON - INFO - 	(0/15) Loss: 2.7930, Acc(1): 6.27, Acc(5): 31.38
2023-06-08 15:11:42,097 - AUGCON - INFO - Epoch [18/100]
2023-06-08 15:11:42,097 - AUGCON - INFO - 	(0/15) Loss: 2.7810, Acc(1): 6.20, Acc(5): 31.52
2023-06-08 15:11:42,097 - AUGCON - INFO - Epoch [19/100]
2023-06-08 15:11:42,097 - AUGCON - INFO - 	(0/15) Loss: 2.7832, Acc(1): 6.57, Acc(5): 31.86
2023-06-08 15:11:42,097 - AUGCON - INFO - Epoch [20/100]
2023-06-08 15:11:42,098 - AUGCON - INFO - 	(0/15) Loss: 2.8005, Acc(1): 6.48, Acc(5): 31.39
2023-06-08 15:11:42,098 - AUGCON - INFO - Epoch [21/100]
2023-06-08 15:11:42,098 - AUGCON - INFO - 	(0/15) Loss: 2.7846, Acc(1): 6.33, Acc(5): 31.33
2023-06-08 15:11:42,098 - AUGCON - INFO - Epoch [22/100]
2023-06-08 15:11:42,098 - AUGCON - INFO - 	(0/15) Loss: 2.7875, Acc(1): 6.28, Acc(5): 31.87
2023-06-08 15:11:42,098 - AUGCON - INFO - Epoch [23/100]
2023-06-08 15:11:42,099 - AUGCON - INFO - 	(0/15) Loss: 2.7802, Acc(1): 6.17, Acc(5): 31.48
2023-06-08 15:11:42,099 - AUGCON - INFO - Epoch [24/100]
2023-06-08 15:11:42,099 - AUGCON - INFO - 	(0/15) Loss: 2.7878, Acc(1): 6.30, Acc(5): 31.48
2023-06-08 15:11:42,099 - AUGCON - INFO - Epoch [25/100]
2023-06-08 15:11:42,099 - AUGCON - INFO - 	(0/15) Loss: 2.7760, Acc(1): 6.51, Acc(5): 32.18
2023-06-08 15:11:42,099 - AUGCON - INFO - Epoch [26/100]
2023-06-08 15:11:42,100 - AUGCON - INFO - 	(0/15) Loss: 2.7803, Acc(1): 6.18, Acc(5): 31.15
2023-06-08 15:11:42,100 - AUGCON - INFO - Epoch [27/100]
2023-06-08 15:11:42,100 - AUGCON - INFO - 	(0/15) Loss: 2.7780, Acc(1): 6.38, Acc(5): 31.51
2023-06-08 15:11:42,100 - AUGCON - INFO - Epoch [28/100]
2023-06-08 15:11:42,100 - AUGCON - INFO - 	(0/15) Loss: 2.7814, Acc(1): 6.21, Acc(5): 31.14
2023-06-08 15:11:42,100 - AUGCON - INFO - Epoch [29/100]
2023-06-08 15:11:42,100 - AUGCON - INFO - 	(0/15) Loss: 2.7762, Acc(1): 6.44, Acc(5): 31.62
2023-06-08 15:11:42,101 - AUGCON - INFO - Epoch [30/100]
2023-06-08 15:11:42,101 - AUGCON - INFO - 	(0/15) Loss: 2.7795, Acc(1): 6.51, Acc(5): 31.51
2023-06-08 15:11:42,101 - AUGCON - INFO - Epoch [31/100]
2023-06-08 15:11:42,101 - AUGCON - INFO - 	(0/15) Loss: 2.7745, Acc(1): 6.27, Acc(5): 31.90
2023-06-08 15:11:42,101 - AUGCON - INFO - Epoch [32/100]
2023-06-08 15:11:42,101 - AUGCON - INFO - 	(0/15) Loss: 2.7754, Acc(1): 6.39, Acc(5): 32.33
2023-06-08 15:11:42,102 - AUGCON - INFO - Epoch [33/100]
2023-06-08 15:11:42,102 - AUGCON - INFO - 	(0/15) Loss: 2.7751, Acc(1): 6.52, Acc(5): 31.83
2023-06-08 15:11:42,102 - AUGCON - INFO - Epoch [34/100]
2023-06-08 15:11:42,102 - AUGCON - INFO - 	(0/15) Loss: 2.7783, Acc(1): 6.34, Acc(5): 31.39
2023-06-08 15:11:42,102 - AUGCON - INFO - Epoch [35/100]
2023-06-08 15:11:42,102 - AUGCON - INFO - 	(0/15) Loss: 2.7747, Acc(1): 6.26, Acc(5): 31.60
2023-06-08 15:11:42,103 - AUGCON - INFO - Epoch [36/100]
2023-06-08 15:11:42,103 - AUGCON - INFO - 	(0/15) Loss: 2.7730, Acc(1): 6.60, Acc(5): 31.99
2023-06-08 15:11:42,103 - AUGCON - INFO - Epoch [37/100]
2023-06-08 15:11:42,103 - AUGCON - INFO - 	(0/15) Loss: 2.7750, Acc(1): 6.38, Acc(5): 31.22
2023-06-08 15:11:42,103 - AUGCON - INFO - Epoch [38/100]
2023-06-08 15:11:42,103 - AUGCON - INFO - 	(0/15) Loss: 2.7775, Acc(1): 6.05, Acc(5): 31.46
2023-06-08 15:11:42,103 - AUGCON - INFO - Epoch [39/100]
2023-06-08 15:11:42,104 - AUGCON - INFO - 	(0/15) Loss: 2.7761, Acc(1): 6.04, Acc(5): 31.25
2023-06-08 15:11:42,104 - AUGCON - INFO - Epoch [40/100]
2023-06-08 15:11:42,104 - AUGCON - INFO - 	(0/15) Loss: 2.7712, Acc(1): 6.68, Acc(5): 32.77
2023-06-08 15:11:42,104 - AUGCON - INFO - Epoch [41/100]
2023-06-08 15:11:42,104 - AUGCON - INFO - 	(0/15) Loss: 2.7734, Acc(1): 6.51, Acc(5): 31.65
2023-06-08 15:11:42,104 - AUGCON - INFO - Epoch [42/100]
2023-06-08 15:11:42,105 - AUGCON - INFO - 	(0/15) Loss: 2.7747, Acc(1): 6.22, Acc(5): 31.15
2023-06-08 15:11:42,105 - AUGCON - INFO - Epoch [43/100]
2023-06-08 15:11:42,105 - AUGCON - INFO - 	(0/15) Loss: 2.7714, Acc(1): 6.83, Acc(5): 32.69
2023-06-08 15:11:42,105 - AUGCON - INFO - Epoch [44/100]
2023-06-08 15:11:42,105 - AUGCON - INFO - 	(0/15) Loss: 2.7712, Acc(1): 6.60, Acc(5): 32.99
2023-06-08 15:11:42,105 - AUGCON - INFO - Epoch [45/100]
2023-06-08 15:11:42,105 - AUGCON - INFO - 	(0/15) Loss: 2.7730, Acc(1): 6.61, Acc(5): 32.37
2023-06-08 15:11:42,106 - AUGCON - INFO - Epoch [46/100]
2023-06-08 15:11:42,106 - AUGCON - INFO - 	(0/15) Loss: 2.7701, Acc(1): 7.10, Acc(5): 33.49
2023-06-08 15:11:42,106 - AUGCON - INFO - Epoch [47/100]
2023-06-08 15:11:42,106 - AUGCON - INFO - 	(0/15) Loss: 2.7686, Acc(1): 7.37, Acc(5): 34.88
2023-06-08 15:11:42,106 - AUGCON - INFO - Epoch [48/100]
2023-06-08 15:11:42,106 - AUGCON - INFO - 	(0/15) Loss: 2.7735, Acc(1): 6.07, Acc(5): 31.43
2023-06-08 15:11:42,107 - AUGCON - INFO - Epoch [49/100]
2023-06-08 15:11:42,107 - AUGCON - INFO - 	(0/15) Loss: 2.7729, Acc(1): 6.69, Acc(5): 32.11
2023-06-08 15:11:42,107 - AUGCON - INFO - Epoch [50/100]
2023-06-08 15:11:42,107 - AUGCON - INFO - 	(0/15) Loss: 2.7700, Acc(1): 7.20, Acc(5): 33.09
2023-06-08 15:11:42,107 - AUGCON - INFO - Epoch [51/100]
2023-06-08 15:11:42,107 - AUGCON - INFO - 	(0/15) Loss: 2.7657, Acc(1): 7.64, Acc(5): 35.53
2023-06-08 15:11:42,107 - AUGCON - INFO - Epoch [52/100]
2023-06-08 15:11:42,108 - AUGCON - INFO - 	(0/15) Loss: 2.7584, Acc(1): 9.06, Acc(5): 40.27
2023-06-08 15:11:42,108 - AUGCON - INFO - Epoch [53/100]
2023-06-08 15:11:42,108 - AUGCON - INFO - 	(0/15) Loss: 2.7733, Acc(1): 6.29, Acc(5): 31.82
2023-06-08 15:11:42,108 - AUGCON - INFO - Epoch [54/100]
2023-06-08 15:11:42,108 - AUGCON - INFO - 	(0/15) Loss: 2.7747, Acc(1): 6.20, Acc(5): 31.59
2023-06-08 15:11:42,108 - AUGCON - INFO - Epoch [55/100]
2023-06-08 15:11:42,109 - AUGCON - INFO - 	(0/15) Loss: 2.7406, Acc(1): 10.43, Acc(5): 44.15
2023-06-08 15:11:42,109 - AUGCON - INFO - Epoch [56/100]
2023-06-08 15:11:42,109 - AUGCON - INFO - 	(0/15) Loss: 2.7596, Acc(1): 7.67, Acc(5): 34.79
2023-06-08 15:11:42,109 - AUGCON - INFO - Epoch [57/100]
2023-06-08 15:11:42,109 - AUGCON - INFO - 	(0/15) Loss: 2.7802, Acc(1): 6.42, Acc(5): 32.15
2023-06-08 15:11:42,109 - AUGCON - INFO - Epoch [58/100]
2023-06-08 15:11:42,110 - AUGCON - INFO - 	(0/15) Loss: 2.6891, Acc(1): 10.98, Acc(5): 49.72
2023-06-08 15:11:42,110 - AUGCON - INFO - Epoch [59/100]
2023-06-08 15:11:42,110 - AUGCON - INFO - 	(0/15) Loss: 2.7997, Acc(1): 5.99, Acc(5): 30.67
2023-06-08 15:11:42,110 - AUGCON - INFO - Epoch [60/100]
2023-06-08 15:11:42,110 - AUGCON - INFO - 	(0/15) Loss: 2.6527, Acc(1): 10.90, Acc(5): 47.54
2023-06-08 15:11:42,110 - AUGCON - INFO - Epoch [61/100]
2023-06-08 15:11:42,110 - AUGCON - INFO - 	(0/15) Loss: 2.7368, Acc(1): 8.87, Acc(5): 39.40
2023-06-08 15:11:42,111 - AUGCON - INFO - Epoch [62/100]
2023-06-08 15:11:42,111 - AUGCON - INFO - 	(0/15) Loss: 2.6751, Acc(1): 10.43, Acc(5): 44.76
2023-06-08 15:11:42,111 - AUGCON - INFO - Epoch [63/100]
2023-06-08 15:11:42,111 - AUGCON - INFO - 	(0/15) Loss: 2.7827, Acc(1): 6.99, Acc(5): 34.31
2023-06-08 15:11:42,111 - AUGCON - INFO - Epoch [64/100]
2023-06-08 15:11:42,111 - AUGCON - INFO - 	(0/15) Loss: 2.5045, Acc(1): 11.94, Acc(5): 54.70
2023-06-08 15:11:42,112 - AUGCON - INFO - Epoch [65/100]
2023-06-08 15:11:42,112 - AUGCON - INFO - 	(0/15) Loss: 2.7506, Acc(1): 8.07, Acc(5): 38.03
2023-06-08 15:11:42,112 - AUGCON - INFO - Epoch [66/100]
2023-06-08 15:11:42,112 - AUGCON - INFO - 	(0/15) Loss: 2.5082, Acc(1): 12.24, Acc(5): 59.09
2023-06-08 15:11:42,112 - AUGCON - INFO - Epoch [67/100]
2023-06-08 15:11:42,112 - AUGCON - INFO - 	(0/15) Loss: 2.4853, Acc(1): 11.96, Acc(5): 58.00
2023-06-08 15:11:42,113 - AUGCON - INFO - Epoch [68/100]
2023-06-08 15:11:42,113 - AUGCON - INFO - 	(0/15) Loss: 2.4832, Acc(1): 11.54, Acc(5): 53.82
2023-06-08 15:11:42,113 - AUGCON - INFO - Epoch [69/100]
2023-06-08 15:11:42,113 - AUGCON - INFO - 	(0/15) Loss: 2.7288, Acc(1): 10.34, Acc(5): 42.34
2023-06-08 15:11:42,113 - AUGCON - INFO - Epoch [70/100]
2023-06-08 15:11:42,113 - AUGCON - INFO - 	(0/15) Loss: 2.4440, Acc(1): 13.90, Acc(5): 58.18
2023-06-08 15:11:42,113 - AUGCON - INFO - Epoch [71/100]
2023-06-08 15:11:42,114 - AUGCON - INFO - 	(0/15) Loss: 2.8681, Acc(1): 6.16, Acc(5): 31.75
2023-06-08 15:11:42,114 - AUGCON - INFO - Epoch [72/100]
2023-06-08 15:11:42,114 - AUGCON - INFO - 	(0/15) Loss: 2.6433, Acc(1): 11.71, Acc(5): 46.36
2023-06-08 15:11:42,114 - AUGCON - INFO - Epoch [73/100]
2023-06-08 15:11:42,114 - AUGCON - INFO - 	(0/15) Loss: 2.8480, Acc(1): 6.20, Acc(5): 31.22
2023-06-08 15:11:42,114 - AUGCON - INFO - Epoch [74/100]
2023-06-08 15:11:42,115 - AUGCON - INFO - 	(0/15) Loss: 2.6239, Acc(1): 11.59, Acc(5): 47.49
2023-06-08 15:11:42,115 - AUGCON - INFO - Epoch [75/100]
2023-06-08 15:11:42,115 - AUGCON - INFO - 	(0/15) Loss: 2.7512, Acc(1): 7.87, Acc(5): 37.06
2023-06-08 15:11:42,115 - AUGCON - INFO - Epoch [76/100]
2023-06-08 15:11:42,115 - AUGCON - INFO - 	(0/15) Loss: 2.6223, Acc(1): 11.40, Acc(5): 49.51
2023-06-08 15:11:42,115 - AUGCON - INFO - Epoch [77/100]
2023-06-08 15:11:42,116 - AUGCON - INFO - 	(0/15) Loss: 2.6346, Acc(1): 11.71, Acc(5): 48.26
2023-06-08 15:11:42,116 - AUGCON - INFO - Epoch [78/100]
2023-06-08 15:11:42,116 - AUGCON - INFO - 	(0/15) Loss: 2.2534, Acc(1): 16.22, Acc(5): 68.73
2023-06-08 15:11:42,116 - AUGCON - INFO - Epoch [79/100]
2023-06-08 15:11:42,116 - AUGCON - INFO - 	(0/15) Loss: 2.2932, Acc(1): 17.74, Acc(5): 65.99
2023-06-08 15:11:42,116 - AUGCON - INFO - Epoch [80/100]
2023-06-08 15:11:42,117 - AUGCON - INFO - 	(0/15) Loss: 2.8322, Acc(1): 6.04, Acc(5): 30.37
2023-06-08 15:11:42,117 - AUGCON - INFO - Epoch [81/100]
2023-06-08 15:11:42,117 - AUGCON - INFO - 	(0/15) Loss: 2.5799, Acc(1): 12.28, Acc(5): 52.24
2023-06-08 15:11:42,117 - AUGCON - INFO - Epoch [82/100]
2023-06-08 15:11:42,117 - AUGCON - INFO - 	(0/15) Loss: 2.2837, Acc(1): 15.35, Acc(5): 59.98
2023-06-08 15:11:42,117 - AUGCON - INFO - Epoch [83/100]
2023-06-08 15:11:42,118 - AUGCON - INFO - 	(0/15) Loss: 2.8265, Acc(1): 5.97, Acc(5): 30.65
2023-06-08 15:11:42,118 - AUGCON - INFO - Epoch [84/100]
2023-06-08 15:11:42,118 - AUGCON - INFO - 	(0/15) Loss: 2.2724, Acc(1): 15.28, Acc(5): 59.61
2023-06-08 15:11:42,118 - AUGCON - INFO - Epoch [85/100]
2023-06-08 15:11:42,118 - AUGCON - INFO - 	(0/15) Loss: 2.4355, Acc(1): 14.52, Acc(5): 54.95
2023-06-08 15:11:42,118 - AUGCON - INFO - Epoch [86/100]
2023-06-08 15:11:42,119 - AUGCON - INFO - 	(0/15) Loss: 2.2698, Acc(1): 16.81, Acc(5): 62.05
2023-06-08 15:11:42,119 - AUGCON - INFO - Epoch [87/100]
2023-06-08 15:11:42,119 - AUGCON - INFO - 	(0/15) Loss: 2.4318, Acc(1): 16.03, Acc(5): 54.77
2023-06-08 15:11:42,119 - AUGCON - INFO - Epoch [88/100]
2023-06-08 15:11:42,119 - AUGCON - INFO - 	(0/15) Loss: 2.2492, Acc(1): 16.36, Acc(5): 61.72
2023-06-08 15:11:42,119 - AUGCON - INFO - Epoch [89/100]
2023-06-08 15:11:42,120 - AUGCON - INFO - 	(0/15) Loss: 2.1832, Acc(1): 17.92, Acc(5): 72.38
2023-06-08 15:11:42,120 - AUGCON - INFO - Epoch [90/100]
2023-06-08 15:11:42,120 - AUGCON - INFO - 	(0/15) Loss: 2.8168, Acc(1): 6.62, Acc(5): 31.98
2023-06-08 15:11:42,120 - AUGCON - INFO - Epoch [91/100]
2023-06-08 15:11:42,120 - AUGCON - INFO - 	(0/15) Loss: 2.2462, Acc(1): 15.97, Acc(5): 62.00
2023-06-08 15:11:42,120 - AUGCON - INFO - Epoch [92/100]
2023-06-08 15:11:42,120 - AUGCON - INFO - 	(0/15) Loss: 2.6762, Acc(1): 10.06, Acc(5): 45.71
2023-06-08 15:11:42,121 - AUGCON - INFO - Epoch [93/100]
2023-06-08 15:11:42,121 - AUGCON - INFO - 	(0/15) Loss: 2.3822, Acc(1): 16.81, Acc(5): 58.58
2023-06-08 15:11:42,121 - AUGCON - INFO - Epoch [94/100]
2023-06-08 15:11:42,121 - AUGCON - INFO - 	(0/15) Loss: 2.4839, Acc(1): 13.11, Acc(5): 59.13
2023-06-08 15:11:42,121 - AUGCON - INFO - Epoch [95/100]
2023-06-08 15:11:42,121 - AUGCON - INFO - 	(0/15) Loss: 2.1796, Acc(1): 18.87, Acc(5): 70.66
2023-06-08 15:11:42,122 - AUGCON - INFO - Epoch [96/100]
2023-06-08 15:11:42,122 - AUGCON - INFO - 	(0/15) Loss: 2.2229, Acc(1): 17.66, Acc(5): 64.39
2023-06-08 15:11:42,122 - AUGCON - INFO - Epoch [97/100]
2023-06-08 15:11:42,122 - AUGCON - INFO - 	(0/15) Loss: 2.1379, Acc(1): 17.88, Acc(5): 73.88
2023-06-08 15:11:42,122 - AUGCON - INFO - Epoch [98/100]
2023-06-08 15:11:42,122 - AUGCON - INFO - 	(0/15) Loss: 2.5740, Acc(1): 14.22, Acc(5): 53.17
2023-06-08 15:11:42,123 - AUGCON - INFO - Epoch [99/100]
2023-06-08 15:11:42,123 - AUGCON - INFO - 	(0/15) Loss: 2.5283, Acc(1): 13.81, Acc(5): 55.22
2023-06-08 15:11:42,123 - AUGCON - INFO - Epoch [100/100]
2023-06-08 15:11:42,123 - AUGCON - INFO - 	(0/15) Loss: 2.4146, Acc(1): 16.41, Acc(5): 57.62
