2023-06-19 16:25:37,713 - AUGCON - INFO - logger initialized (/home/hjyoon/projects/augcon/config/exp0/finetune_da_false/without_target_domain_PH0038-iygoo/cpc_random_8421/tgt_target_domain_PH0007-jskim_seed0.yaml.log)
2023-06-19 16:25:37,713 - AUGCON - INFO - ================= Config =================
2023-06-19 16:25:37,713 - AUGCON - INFO -   mode: finetune
2023-06-19 16:25:37,713 - AUGCON - INFO -   seed: 0
2023-06-19 16:25:37,713 - AUGCON - INFO -   gpu: [4]
2023-06-19 16:25:37,713 - AUGCON - INFO -   num_workers: 1
2023-06-19 16:25:37,713 - AUGCON - INFO -   dist_url: tcp://localhost:10001
2023-06-19 16:25:37,713 - AUGCON - INFO -   dataset_name: ichar
2023-06-19 16:25:37,713 - AUGCON - INFO -   train_dataset_path: /mnt/sting/hjyoon/projects/cross/ICHAR/augcon/target_domain_PH0007-jskim/finetune/10shot/target/train.pkl
2023-06-19 16:25:37,713 - AUGCON - INFO -   test_dataset_path: /mnt/sting/hjyoon/projects/cross/ICHAR/augcon/target_domain_PH0007-jskim/finetune/10shot/target/test.pkl
2023-06-19 16:25:37,713 - AUGCON - INFO -   val_dataset_path: /mnt/sting/hjyoon/projects/cross/ICHAR/augcon/target_domain_PH0007-jskim/finetune/10shot/target/val.pkl
2023-06-19 16:25:37,713 - AUGCON - INFO -   input_channels: 3
2023-06-19 16:25:37,713 - AUGCON - INFO -   num_cls: 9
2023-06-19 16:25:37,713 - AUGCON - INFO -   optimizer: adam
2023-06-19 16:25:37,713 - AUGCON - INFO -   criterion: crossentropy
2023-06-19 16:25:37,713 - AUGCON - INFO -   start_epoch: 0
2023-06-19 16:25:37,713 - AUGCON - INFO -   epochs: 50
2023-06-19 16:25:37,713 - AUGCON - INFO -   batch_size: 4
2023-06-19 16:25:37,713 - AUGCON - INFO -   lr: 0.001
2023-06-19 16:25:37,713 - AUGCON - INFO -   wd: 0.0
2023-06-19 16:25:37,713 - AUGCON - INFO -   resume: 
2023-06-19 16:25:37,713 - AUGCON - INFO -   pretrained: /mnt/sting/hjyoon/projects/augcontrast/models/exp0/pretrain/without_target_domain_PH0038-iygoo/cpc_random_8421//checkpoint_0099.pth.tar
2023-06-19 16:25:37,714 - AUGCON - INFO -   ckpt_dir: /mnt/sting/hjyoon/projects/augcontrast/models/exp0/finetune_da_false/without_target_domain_PH0038-iygoo/cpc_random_8421/tgt_target_domain_PH0007-jskim_seed0
2023-06-19 16:25:37,714 - AUGCON - INFO -   log_freq: 5
2023-06-19 16:25:37,714 - AUGCON - INFO -   save_freq: 10
2023-06-19 16:25:37,714 - AUGCON - INFO -   pretext: metacpc
2023-06-19 16:25:37,714 - AUGCON - INFO -   enc_blocks: 4
2023-06-19 16:25:37,714 - AUGCON - INFO -   kernel_sizes: [8, 4, 2, 1]
2023-06-19 16:25:37,714 - AUGCON - INFO -   strides: [4, 2, 1, 1]
2023-06-19 16:25:37,714 - AUGCON - INFO -   agg_blocks: 5
2023-06-19 16:25:37,714 - AUGCON - INFO -   z_dim: 256
2023-06-19 16:25:37,714 - AUGCON - INFO -   pooling: mean
2023-06-19 16:25:37,714 - AUGCON - INFO -   pred_steps: 12
2023-06-19 16:25:37,714 - AUGCON - INFO -   n_negatives: 15
2023-06-19 16:25:37,714 - AUGCON - INFO -   offset: 4
2023-06-19 16:25:37,714 - AUGCON - INFO -   domain_adaptation: False
2023-06-19 16:25:37,714 - AUGCON - INFO -   task_steps: 10
2023-06-19 16:25:37,714 - AUGCON - INFO -   task_lr: 0.001
2023-06-19 16:25:37,714 - AUGCON - INFO -   reg_lambda: 0
2023-06-19 16:25:37,714 - AUGCON - INFO -   mlp: False
2023-06-19 16:25:37,714 - AUGCON - INFO -   freeze: True
2023-06-19 16:25:37,714 - AUGCON - INFO -   no_vars: True
2023-06-19 16:25:37,714 - AUGCON - INFO - ==========================================
2023-06-19 16:25:37,714 - AUGCON - INFO - Setting GPUs: [4]
2023-06-19 16:25:37,714 - AUGCON - INFO - GPUs [4] will be used
2023-06-19 16:25:37,715 - AUGCON - WARNING - You have chosen to seed training. 
2023-06-19 16:25:37,715 - AUGCON - WARNING - This will turn on the CUDNN deterministic setting, 
2023-06-19 16:25:37,715 - AUGCON - WARNING - which can slow down your training considerably! 
2023-06-19 16:25:37,715 - AUGCON - WARNING - You may see unexpected behavior when restarting 
2023-06-19 16:25:37,715 - AUGCON - WARNING - from checkpoints.
2023-06-19 16:25:37,752 - AUGCON - INFO - Executing MetaCPC
2023-06-19 16:25:37,752 - AUGCON - INFO - Logs are skipped during training
2023-06-19 16:25:56,362 - AUGCON - INFO - Single GPU is used for training - training 90 instances for each worker
2023-06-19 16:25:56,363 - AUGCON - INFO - Loading pretrained model from checkpoint - /mnt/sting/hjyoon/projects/augcontrast/models/exp0/pretrain/without_target_domain_PH0038-iygoo/cpc_random_8421//checkpoint_0099.pth.tar
2023-06-19 16:25:56,363 - AUGCON - INFO - Missing keys: ['predictor.vars.0', 'predictor.vars.1']
2023-06-19 16:25:56,363 - AUGCON - INFO - Loading encoder parameters to the classifier
2023-06-19 16:25:56,363 - AUGCON - INFO - Missing keys: ['classifier.block.0.weight', 'classifier.block.0.bias']
2023-06-19 16:25:56,363 - AUGCON - INFO - Epoch [1/50]-(0/22) Loss: 2.3673, Acc(1): 0.00, Acc(5): 50.00
2023-06-19 16:25:56,363 - AUGCON - INFO - Epoch [1/50]-(5/22) Loss: 2.4483, Acc(1): 0.00, Acc(5): 25.00
2023-06-19 16:25:56,363 - AUGCON - INFO - Epoch [1/50]-(10/22) Loss: 2.9388, Acc(1): 0.00, Acc(5): 50.00
2023-06-19 16:25:56,363 - AUGCON - INFO - Epoch [1/50]-(15/22) Loss: 2.3849, Acc(1): 50.00, Acc(5): 50.00
2023-06-19 16:25:56,363 - AUGCON - INFO - Epoch [1/50]-(20/22) Loss: 2.7253, Acc(1): 0.00, Acc(5): 50.00
2023-06-19 16:25:56,363 - AUGCON - INFO - 	Validation Loss: 1.9679, Acc(1): 37.00, Acc(5): 73.00, F1: 0.10, Recall: 0.12, Precision: 0.09
2023-06-19 16:25:56,363 - AUGCON - INFO - Epoch [2/50]-(0/22) Loss: 2.1966, Acc(1): 0.00, Acc(5): 75.00
2023-06-19 16:25:56,364 - AUGCON - INFO - Epoch [2/50]-(5/22) Loss: 1.6372, Acc(1): 50.00, Acc(5): 100.00
2023-06-19 16:25:56,364 - AUGCON - INFO - Epoch [2/50]-(10/22) Loss: 2.2688, Acc(1): 0.00, Acc(5): 50.00
2023-06-19 16:25:56,364 - AUGCON - INFO - Epoch [2/50]-(15/22) Loss: 1.7396, Acc(1): 25.00, Acc(5): 75.00
2023-06-19 16:25:56,364 - AUGCON - INFO - Epoch [2/50]-(20/22) Loss: 2.0247, Acc(1): 0.00, Acc(5): 75.00
2023-06-19 16:25:56,364 - AUGCON - INFO - 	Validation Loss: 1.7731, Acc(1): 30.00, Acc(5): 87.00, F1: 0.10, Recall: 0.10, Precision: 0.10
2023-06-19 16:25:56,364 - AUGCON - INFO - Epoch [3/50]-(0/22) Loss: 1.9911, Acc(1): 25.00, Acc(5): 75.00
2023-06-19 16:25:56,364 - AUGCON - INFO - Epoch [3/50]-(5/22) Loss: 2.0004, Acc(1): 50.00, Acc(5): 75.00
2023-06-19 16:25:56,364 - AUGCON - INFO - Epoch [3/50]-(10/22) Loss: 1.9053, Acc(1): 25.00, Acc(5): 75.00
2023-06-19 16:25:56,364 - AUGCON - INFO - Epoch [3/50]-(15/22) Loss: 1.6425, Acc(1): 50.00, Acc(5): 100.00
2023-06-19 16:25:56,364 - AUGCON - INFO - Epoch [3/50]-(20/22) Loss: 1.6642, Acc(1): 50.00, Acc(5): 100.00
2023-06-19 16:25:56,364 - AUGCON - INFO - 	Validation Loss: 1.6992, Acc(1): 31.00, Acc(5): 93.00, F1: 0.10, Recall: 0.10, Precision: 0.10
2023-06-19 16:25:56,365 - AUGCON - INFO - Epoch [4/50]-(0/22) Loss: 1.3929, Acc(1): 50.00, Acc(5): 100.00
2023-06-19 16:25:56,365 - AUGCON - INFO - Epoch [4/50]-(5/22) Loss: 1.6592, Acc(1): 50.00, Acc(5): 100.00
2023-06-19 16:25:56,365 - AUGCON - INFO - Epoch [4/50]-(10/22) Loss: 0.9720, Acc(1): 50.00, Acc(5): 100.00
2023-06-19 16:25:56,365 - AUGCON - INFO - Epoch [4/50]-(15/22) Loss: 2.1293, Acc(1): 50.00, Acc(5): 50.00
2023-06-19 16:25:56,365 - AUGCON - INFO - Epoch [4/50]-(20/22) Loss: 2.2610, Acc(1): 0.00, Acc(5): 75.00
2023-06-19 16:25:56,365 - AUGCON - INFO - 	Validation Loss: 1.6428, Acc(1): 37.00, Acc(5): 91.00, F1: 0.12, Recall: 0.12, Precision: 0.12
2023-06-19 16:25:56,365 - AUGCON - INFO - Epoch [5/50]-(0/22) Loss: 1.5505, Acc(1): 50.00, Acc(5): 100.00
2023-06-19 16:25:56,365 - AUGCON - INFO - Epoch [5/50]-(5/22) Loss: 1.5451, Acc(1): 25.00, Acc(5): 100.00
2023-06-19 16:25:56,365 - AUGCON - INFO - Epoch [5/50]-(10/22) Loss: 1.7684, Acc(1): 25.00, Acc(5): 100.00
2023-06-19 16:25:56,365 - AUGCON - INFO - Epoch [5/50]-(15/22) Loss: 1.3547, Acc(1): 50.00, Acc(5): 100.00
2023-06-19 16:25:56,365 - AUGCON - INFO - Epoch [5/50]-(20/22) Loss: 1.6236, Acc(1): 25.00, Acc(5): 75.00
2023-06-19 16:25:56,365 - AUGCON - INFO - 	Validation Loss: 1.6129, Acc(1): 31.00, Acc(5): 94.00, F1: 0.09, Recall: 0.10, Precision: 0.08
2023-06-19 16:25:56,366 - AUGCON - INFO - Epoch [6/50]-(0/22) Loss: 1.3629, Acc(1): 50.00, Acc(5): 100.00
2023-06-19 16:25:56,366 - AUGCON - INFO - Epoch [6/50]-(5/22) Loss: 1.1077, Acc(1): 25.00, Acc(5): 100.00
2023-06-19 16:25:56,366 - AUGCON - INFO - Epoch [6/50]-(10/22) Loss: 1.5565, Acc(1): 50.00, Acc(5): 100.00
2023-06-19 16:25:56,366 - AUGCON - INFO - Epoch [6/50]-(15/22) Loss: 1.7168, Acc(1): 25.00, Acc(5): 100.00
2023-06-19 16:25:56,366 - AUGCON - INFO - Epoch [6/50]-(20/22) Loss: 1.8452, Acc(1): 25.00, Acc(5): 100.00
2023-06-19 16:25:56,366 - AUGCON - INFO - 	Validation Loss: 1.5507, Acc(1): 35.00, Acc(5): 91.00, F1: 0.12, Recall: 0.11, Precision: 0.12
2023-06-19 16:25:56,366 - AUGCON - INFO - Epoch [7/50]-(0/22) Loss: 1.7958, Acc(1): 0.00, Acc(5): 75.00
2023-06-19 16:25:56,366 - AUGCON - INFO - Epoch [7/50]-(5/22) Loss: 1.5039, Acc(1): 25.00, Acc(5): 100.00
2023-06-19 16:25:56,366 - AUGCON - INFO - Epoch [7/50]-(10/22) Loss: 1.2626, Acc(1): 75.00, Acc(5): 100.00
2023-06-19 16:25:56,366 - AUGCON - INFO - Epoch [7/50]-(15/22) Loss: 1.9876, Acc(1): 25.00, Acc(5): 75.00
2023-06-19 16:25:56,367 - AUGCON - INFO - Epoch [7/50]-(20/22) Loss: 2.0393, Acc(1): 25.00, Acc(5): 100.00
2023-06-19 16:25:56,367 - AUGCON - INFO - 	Validation Loss: 1.5337, Acc(1): 51.00, Acc(5): 93.00, F1: 0.17, Recall: 0.16, Precision: 0.19
2023-06-19 16:25:56,367 - AUGCON - INFO - Epoch [8/50]-(0/22) Loss: 0.7845, Acc(1): 75.00, Acc(5): 100.00
2023-06-19 16:25:56,367 - AUGCON - INFO - Epoch [8/50]-(5/22) Loss: 1.5340, Acc(1): 25.00, Acc(5): 100.00
2023-06-19 16:25:56,367 - AUGCON - INFO - Epoch [8/50]-(10/22) Loss: 1.5785, Acc(1): 50.00, Acc(5): 100.00
2023-06-19 16:25:56,367 - AUGCON - INFO - Epoch [8/50]-(15/22) Loss: 1.3190, Acc(1): 50.00, Acc(5): 100.00
2023-06-19 16:25:56,367 - AUGCON - INFO - Epoch [8/50]-(20/22) Loss: 1.7713, Acc(1): 50.00, Acc(5): 75.00
2023-06-19 16:25:56,367 - AUGCON - INFO - 	Validation Loss: 1.4933, Acc(1): 49.00, Acc(5): 93.00, F1: 0.17, Recall: 0.16, Precision: 0.17
2023-06-19 16:25:56,367 - AUGCON - INFO - Epoch [9/50]-(0/22) Loss: 1.1941, Acc(1): 50.00, Acc(5): 100.00
2023-06-19 16:25:56,367 - AUGCON - INFO - Epoch [9/50]-(5/22) Loss: 1.1307, Acc(1): 50.00, Acc(5): 100.00
2023-06-19 16:25:56,367 - AUGCON - INFO - Epoch [9/50]-(10/22) Loss: 1.5610, Acc(1): 25.00, Acc(5): 100.00
2023-06-19 16:25:56,368 - AUGCON - INFO - Epoch [9/50]-(15/22) Loss: 1.3549, Acc(1): 50.00, Acc(5): 100.00
2023-06-19 16:25:56,368 - AUGCON - INFO - Epoch [9/50]-(20/22) Loss: 1.5678, Acc(1): 50.00, Acc(5): 100.00
2023-06-19 16:25:56,368 - AUGCON - INFO - 	Validation Loss: 1.5125, Acc(1): 53.00, Acc(5): 95.00, F1: 0.17, Recall: 0.17, Precision: 0.16
2023-06-19 16:25:56,368 - AUGCON - INFO - Epoch [10/50]-(0/22) Loss: 1.2250, Acc(1): 50.00, Acc(5): 100.00
2023-06-19 16:25:56,368 - AUGCON - INFO - Epoch [10/50]-(5/22) Loss: 1.3422, Acc(1): 50.00, Acc(5): 100.00
2023-06-19 16:25:56,368 - AUGCON - INFO - Epoch [10/50]-(10/22) Loss: 1.2312, Acc(1): 75.00, Acc(5): 100.00
2023-06-19 16:25:56,368 - AUGCON - INFO - Epoch [10/50]-(15/22) Loss: 1.4629, Acc(1): 25.00, Acc(5): 100.00
2023-06-19 16:25:56,368 - AUGCON - INFO - Epoch [10/50]-(20/22) Loss: 0.5948, Acc(1): 100.00, Acc(5): 100.00
2023-06-19 16:25:56,368 - AUGCON - INFO - 	Validation Loss: 1.4557, Acc(1): 51.00, Acc(5): 94.00, F1: 0.18, Recall: 0.15, Precision: 0.21
2023-06-19 16:25:56,368 - AUGCON - INFO - Epoch [11/50]-(0/22) Loss: 1.5109, Acc(1): 25.00, Acc(5): 100.00
2023-06-19 16:25:56,368 - AUGCON - INFO - Epoch [11/50]-(5/22) Loss: 1.4584, Acc(1): 50.00, Acc(5): 100.00
2023-06-19 16:25:56,369 - AUGCON - INFO - Epoch [11/50]-(10/22) Loss: 1.1147, Acc(1): 50.00, Acc(5): 100.00
2023-06-19 16:25:56,369 - AUGCON - INFO - Epoch [11/50]-(15/22) Loss: 1.8127, Acc(1): 25.00, Acc(5): 100.00
2023-06-19 16:25:56,369 - AUGCON - INFO - Epoch [11/50]-(20/22) Loss: 1.3273, Acc(1): 50.00, Acc(5): 100.00
2023-06-19 16:25:56,369 - AUGCON - INFO - 	Validation Loss: 1.4961, Acc(1): 53.00, Acc(5): 92.00, F1: 0.18, Recall: 0.17, Precision: 0.18
2023-06-19 16:25:56,369 - AUGCON - INFO - Epoch [12/50]-(0/22) Loss: 1.5809, Acc(1): 25.00, Acc(5): 100.00
2023-06-19 16:25:56,369 - AUGCON - INFO - Epoch [12/50]-(5/22) Loss: 1.4014, Acc(1): 50.00, Acc(5): 100.00
2023-06-19 16:25:56,369 - AUGCON - INFO - Epoch [12/50]-(10/22) Loss: 1.5476, Acc(1): 25.00, Acc(5): 100.00
2023-06-19 16:25:56,369 - AUGCON - INFO - Epoch [12/50]-(15/22) Loss: 1.2248, Acc(1): 75.00, Acc(5): 100.00
2023-06-19 16:25:56,369 - AUGCON - INFO - Epoch [12/50]-(20/22) Loss: 1.2004, Acc(1): 50.00, Acc(5): 100.00
2023-06-19 16:25:56,369 - AUGCON - INFO - 	Validation Loss: 1.4691, Acc(1): 48.00, Acc(5): 94.00, F1: 0.16, Recall: 0.15, Precision: 0.17
2023-06-19 16:25:56,369 - AUGCON - INFO - Epoch [13/50]-(0/22) Loss: 1.0878, Acc(1): 75.00, Acc(5): 100.00
2023-06-19 16:25:56,369 - AUGCON - INFO - Epoch [13/50]-(5/22) Loss: 1.4905, Acc(1): 50.00, Acc(5): 100.00
2023-06-19 16:25:56,370 - AUGCON - INFO - Epoch [13/50]-(10/22) Loss: 1.3948, Acc(1): 50.00, Acc(5): 100.00
2023-06-19 16:25:56,370 - AUGCON - INFO - Epoch [13/50]-(15/22) Loss: 1.0515, Acc(1): 75.00, Acc(5): 100.00
2023-06-19 16:25:56,370 - AUGCON - INFO - Epoch [13/50]-(20/22) Loss: 1.1516, Acc(1): 75.00, Acc(5): 100.00
2023-06-19 16:25:56,370 - AUGCON - INFO - 	Validation Loss: 1.4593, Acc(1): 41.00, Acc(5): 94.00, F1: 0.12, Recall: 0.13, Precision: 0.12
2023-06-19 16:25:56,370 - AUGCON - INFO - Epoch [14/50]-(0/22) Loss: 1.0673, Acc(1): 50.00, Acc(5): 100.00
2023-06-19 16:25:56,370 - AUGCON - INFO - Epoch [14/50]-(5/22) Loss: 1.1606, Acc(1): 75.00, Acc(5): 100.00
2023-06-19 16:25:56,370 - AUGCON - INFO - Epoch [14/50]-(10/22) Loss: 1.3347, Acc(1): 50.00, Acc(5): 100.00
2023-06-19 16:25:56,370 - AUGCON - INFO - Epoch [14/50]-(15/22) Loss: 1.5133, Acc(1): 50.00, Acc(5): 100.00
2023-06-19 16:25:56,370 - AUGCON - INFO - Epoch [14/50]-(20/22) Loss: 1.5069, Acc(1): 25.00, Acc(5): 100.00
2023-06-19 16:25:56,370 - AUGCON - INFO - 	Validation Loss: 1.5163, Acc(1): 40.00, Acc(5): 94.00, F1: 0.12, Recall: 0.13, Precision: 0.11
2023-06-19 16:25:56,370 - AUGCON - INFO - Epoch [15/50]-(0/22) Loss: 1.1886, Acc(1): 50.00, Acc(5): 100.00
2023-06-19 16:25:56,370 - AUGCON - INFO - Epoch [15/50]-(5/22) Loss: 1.4476, Acc(1): 25.00, Acc(5): 100.00
2023-06-19 16:25:56,371 - AUGCON - INFO - Epoch [15/50]-(10/22) Loss: 1.2333, Acc(1): 50.00, Acc(5): 100.00
2023-06-19 16:25:56,371 - AUGCON - INFO - Epoch [15/50]-(15/22) Loss: 1.0946, Acc(1): 50.00, Acc(5): 100.00
2023-06-19 16:25:56,371 - AUGCON - INFO - Epoch [15/50]-(20/22) Loss: 1.3024, Acc(1): 50.00, Acc(5): 100.00
2023-06-19 16:25:56,371 - AUGCON - INFO - 	Validation Loss: 1.4116, Acc(1): 52.00, Acc(5): 94.00, F1: 0.17, Recall: 0.17, Precision: 0.17
2023-06-19 16:25:56,371 - AUGCON - INFO - Epoch [16/50]-(0/22) Loss: 1.2043, Acc(1): 25.00, Acc(5): 100.00
2023-06-19 16:25:56,371 - AUGCON - INFO - Epoch [16/50]-(5/22) Loss: 1.3798, Acc(1): 50.00, Acc(5): 100.00
2023-06-19 16:25:56,371 - AUGCON - INFO - Epoch [16/50]-(10/22) Loss: 1.5899, Acc(1): 50.00, Acc(5): 100.00
2023-06-19 16:25:56,371 - AUGCON - INFO - Epoch [16/50]-(15/22) Loss: 0.8549, Acc(1): 75.00, Acc(5): 100.00
2023-06-19 16:25:56,371 - AUGCON - INFO - Epoch [16/50]-(20/22) Loss: 1.0106, Acc(1): 50.00, Acc(5): 100.00
2023-06-19 16:25:56,371 - AUGCON - INFO - 	Validation Loss: 1.4148, Acc(1): 53.00, Acc(5): 96.00, F1: 0.16, Recall: 0.17, Precision: 0.15
2023-06-19 16:25:56,371 - AUGCON - INFO - Epoch [17/50]-(0/22) Loss: 1.1224, Acc(1): 25.00, Acc(5): 100.00
2023-06-19 16:25:56,371 - AUGCON - INFO - Epoch [17/50]-(5/22) Loss: 1.1058, Acc(1): 75.00, Acc(5): 100.00
2023-06-19 16:25:56,372 - AUGCON - INFO - Epoch [17/50]-(10/22) Loss: 1.2282, Acc(1): 75.00, Acc(5): 100.00
2023-06-19 16:25:56,372 - AUGCON - INFO - Epoch [17/50]-(15/22) Loss: 1.1852, Acc(1): 75.00, Acc(5): 100.00
2023-06-19 16:25:56,372 - AUGCON - INFO - Epoch [17/50]-(20/22) Loss: 1.1914, Acc(1): 50.00, Acc(5): 100.00
2023-06-19 16:25:56,372 - AUGCON - INFO - 	Validation Loss: 1.3821, Acc(1): 51.00, Acc(5): 94.00, F1: 0.16, Recall: 0.16, Precision: 0.16
2023-06-19 16:25:56,372 - AUGCON - INFO - Epoch [18/50]-(0/22) Loss: 1.3596, Acc(1): 50.00, Acc(5): 100.00
2023-06-19 16:25:56,372 - AUGCON - INFO - Epoch [18/50]-(5/22) Loss: 0.6400, Acc(1): 75.00, Acc(5): 100.00
2023-06-19 16:25:56,372 - AUGCON - INFO - Epoch [18/50]-(10/22) Loss: 0.8210, Acc(1): 100.00, Acc(5): 100.00
2023-06-19 16:25:56,372 - AUGCON - INFO - Epoch [18/50]-(15/22) Loss: 0.8895, Acc(1): 75.00, Acc(5): 100.00
2023-06-19 16:25:56,372 - AUGCON - INFO - Epoch [18/50]-(20/22) Loss: 1.3743, Acc(1): 25.00, Acc(5): 100.00
2023-06-19 16:25:56,372 - AUGCON - INFO - 	Validation Loss: 1.3729, Acc(1): 55.00, Acc(5): 94.00, F1: 0.19, Recall: 0.17, Precision: 0.20
2023-06-19 16:25:56,372 - AUGCON - INFO - Epoch [19/50]-(0/22) Loss: 1.4761, Acc(1): 25.00, Acc(5): 100.00
2023-06-19 16:25:56,372 - AUGCON - INFO - Epoch [19/50]-(5/22) Loss: 0.3328, Acc(1): 100.00, Acc(5): 100.00
2023-06-19 16:25:56,373 - AUGCON - INFO - Epoch [19/50]-(10/22) Loss: 1.4877, Acc(1): 25.00, Acc(5): 100.00
2023-06-19 16:25:56,373 - AUGCON - INFO - Epoch [19/50]-(15/22) Loss: 1.5471, Acc(1): 25.00, Acc(5): 100.00
2023-06-19 16:25:56,373 - AUGCON - INFO - Epoch [19/50]-(20/22) Loss: 0.6769, Acc(1): 100.00, Acc(5): 100.00
2023-06-19 16:25:56,373 - AUGCON - INFO - 	Validation Loss: 1.3796, Acc(1): 52.00, Acc(5): 95.00, F1: 0.17, Recall: 0.17, Precision: 0.17
2023-06-19 16:25:56,373 - AUGCON - INFO - Epoch [20/50]-(0/22) Loss: 1.1686, Acc(1): 50.00, Acc(5): 100.00
2023-06-19 16:25:56,373 - AUGCON - INFO - Epoch [20/50]-(5/22) Loss: 0.9767, Acc(1): 75.00, Acc(5): 100.00
2023-06-19 16:25:56,373 - AUGCON - INFO - Epoch [20/50]-(10/22) Loss: 1.5272, Acc(1): 50.00, Acc(5): 100.00
2023-06-19 16:25:56,373 - AUGCON - INFO - Epoch [20/50]-(15/22) Loss: 0.9353, Acc(1): 100.00, Acc(5): 100.00
2023-06-19 16:25:56,374 - AUGCON - INFO - Epoch [20/50]-(20/22) Loss: 1.3008, Acc(1): 75.00, Acc(5): 100.00
2023-06-19 16:25:56,377 - AUGCON - INFO - 	Validation Loss: 1.3228, Acc(1): 57.00, Acc(5): 96.00, F1: 0.18, Recall: 0.18, Precision: 0.19
2023-06-19 16:25:56,377 - AUGCON - INFO - Epoch [21/50]-(0/22) Loss: 1.2128, Acc(1): 25.00, Acc(5): 100.00
2023-06-19 16:25:56,377 - AUGCON - INFO - Epoch [21/50]-(5/22) Loss: 0.8073, Acc(1): 75.00, Acc(5): 100.00
2023-06-19 16:25:56,377 - AUGCON - INFO - Epoch [21/50]-(10/22) Loss: 1.0289, Acc(1): 100.00, Acc(5): 100.00
2023-06-19 16:25:56,377 - AUGCON - INFO - Epoch [21/50]-(15/22) Loss: 1.0146, Acc(1): 75.00, Acc(5): 100.00
2023-06-19 16:25:56,377 - AUGCON - INFO - Epoch [21/50]-(20/22) Loss: 1.4123, Acc(1): 50.00, Acc(5): 100.00
2023-06-19 16:25:56,377 - AUGCON - INFO - 	Validation Loss: 1.3366, Acc(1): 48.00, Acc(5): 95.00, F1: 0.16, Recall: 0.15, Precision: 0.16
2023-06-19 16:25:56,377 - AUGCON - INFO - Epoch [22/50]-(0/22) Loss: 1.0083, Acc(1): 50.00, Acc(5): 100.00
2023-06-19 16:25:56,377 - AUGCON - INFO - Epoch [22/50]-(5/22) Loss: 1.0750, Acc(1): 50.00, Acc(5): 100.00
2023-06-19 16:25:56,377 - AUGCON - INFO - Epoch [22/50]-(10/22) Loss: 2.2974, Acc(1): 25.00, Acc(5): 50.00
2023-06-19 16:25:56,377 - AUGCON - INFO - Epoch [22/50]-(15/22) Loss: 1.0336, Acc(1): 75.00, Acc(5): 100.00
2023-06-19 16:25:56,378 - AUGCON - INFO - Epoch [22/50]-(20/22) Loss: 1.0916, Acc(1): 75.00, Acc(5): 100.00
2023-06-19 16:25:56,378 - AUGCON - INFO - 	Validation Loss: 1.3875, Acc(1): 57.00, Acc(5): 95.00, F1: 0.19, Recall: 0.18, Precision: 0.19
2023-06-19 16:25:56,378 - AUGCON - INFO - Epoch [23/50]-(0/22) Loss: 0.6877, Acc(1): 75.00, Acc(5): 100.00
2023-06-19 16:25:56,378 - AUGCON - INFO - Epoch [23/50]-(5/22) Loss: 1.1525, Acc(1): 50.00, Acc(5): 100.00
2023-06-19 16:25:56,378 - AUGCON - INFO - Epoch [23/50]-(10/22) Loss: 1.0334, Acc(1): 75.00, Acc(5): 100.00
2023-06-19 16:25:56,378 - AUGCON - INFO - Epoch [23/50]-(15/22) Loss: 1.3077, Acc(1): 75.00, Acc(5): 75.00
2023-06-19 16:25:56,378 - AUGCON - INFO - Epoch [23/50]-(20/22) Loss: 1.5836, Acc(1): 25.00, Acc(5): 100.00
2023-06-19 16:25:56,378 - AUGCON - INFO - 	Validation Loss: 1.3762, Acc(1): 56.00, Acc(5): 97.00, F1: 0.18, Recall: 0.18, Precision: 0.18
2023-06-19 16:25:56,378 - AUGCON - INFO - Epoch [24/50]-(0/22) Loss: 0.6601, Acc(1): 75.00, Acc(5): 100.00
2023-06-19 16:25:56,378 - AUGCON - INFO - Epoch [24/50]-(5/22) Loss: 0.7354, Acc(1): 75.00, Acc(5): 100.00
2023-06-19 16:25:56,378 - AUGCON - INFO - Epoch [24/50]-(10/22) Loss: 0.9765, Acc(1): 50.00, Acc(5): 100.00
2023-06-19 16:25:56,378 - AUGCON - INFO - Epoch [24/50]-(15/22) Loss: 1.1722, Acc(1): 25.00, Acc(5): 100.00
2023-06-19 16:25:56,379 - AUGCON - INFO - Epoch [24/50]-(20/22) Loss: 1.4923, Acc(1): 50.00, Acc(5): 100.00
2023-06-19 16:25:56,379 - AUGCON - INFO - 	Validation Loss: 1.3642, Acc(1): 51.00, Acc(5): 94.00, F1: 0.17, Recall: 0.16, Precision: 0.17
2023-06-19 16:25:56,379 - AUGCON - INFO - Epoch [25/50]-(0/22) Loss: 1.5394, Acc(1): 75.00, Acc(5): 100.00
2023-06-19 16:25:56,379 - AUGCON - INFO - Epoch [25/50]-(5/22) Loss: 0.9642, Acc(1): 75.00, Acc(5): 100.00
2023-06-19 16:25:56,379 - AUGCON - INFO - Epoch [25/50]-(10/22) Loss: 1.2700, Acc(1): 25.00, Acc(5): 100.00
2023-06-19 16:25:56,379 - AUGCON - INFO - Epoch [25/50]-(15/22) Loss: 1.1483, Acc(1): 75.00, Acc(5): 100.00
2023-06-19 16:25:56,379 - AUGCON - INFO - Epoch [25/50]-(20/22) Loss: 0.4684, Acc(1): 75.00, Acc(5): 100.00
2023-06-19 16:25:56,379 - AUGCON - INFO - 	Validation Loss: 1.3599, Acc(1): 55.00, Acc(5): 94.00, F1: 0.17, Recall: 0.18, Precision: 0.17
2023-06-19 16:25:56,379 - AUGCON - INFO - Epoch [26/50]-(0/22) Loss: 1.0102, Acc(1): 50.00, Acc(5): 100.00
2023-06-19 16:25:56,379 - AUGCON - INFO - Epoch [26/50]-(5/22) Loss: 1.0616, Acc(1): 75.00, Acc(5): 100.00
2023-06-19 16:25:56,379 - AUGCON - INFO - Epoch [26/50]-(10/22) Loss: 0.7770, Acc(1): 50.00, Acc(5): 100.00
2023-06-19 16:25:56,379 - AUGCON - INFO - Epoch [26/50]-(15/22) Loss: 0.7708, Acc(1): 100.00, Acc(5): 100.00
2023-06-19 16:25:56,380 - AUGCON - INFO - Epoch [26/50]-(20/22) Loss: 1.3539, Acc(1): 50.00, Acc(5): 100.00
2023-06-19 16:25:56,380 - AUGCON - INFO - 	Validation Loss: 1.3186, Acc(1): 55.00, Acc(5): 96.00, F1: 0.18, Recall: 0.18, Precision: 0.19
2023-06-19 16:25:56,380 - AUGCON - INFO - Epoch [27/50]-(0/22) Loss: 1.3403, Acc(1): 75.00, Acc(5): 100.00
2023-06-19 16:25:56,380 - AUGCON - INFO - Epoch [27/50]-(5/22) Loss: 0.8128, Acc(1): 75.00, Acc(5): 100.00
2023-06-19 16:25:56,380 - AUGCON - INFO - Epoch [27/50]-(10/22) Loss: 1.0155, Acc(1): 50.00, Acc(5): 100.00
2023-06-19 16:25:56,380 - AUGCON - INFO - Epoch [27/50]-(15/22) Loss: 0.7965, Acc(1): 75.00, Acc(5): 100.00
2023-06-19 16:25:56,380 - AUGCON - INFO - Epoch [27/50]-(20/22) Loss: 1.3005, Acc(1): 75.00, Acc(5): 100.00
2023-06-19 16:25:56,380 - AUGCON - INFO - 	Validation Loss: 1.3225, Acc(1): 57.00, Acc(5): 94.00, F1: 0.19, Recall: 0.18, Precision: 0.20
2023-06-19 16:25:56,380 - AUGCON - INFO - Epoch [28/50]-(0/22) Loss: 1.4762, Acc(1): 50.00, Acc(5): 75.00
2023-06-19 16:25:56,380 - AUGCON - INFO - Epoch [28/50]-(5/22) Loss: 1.2012, Acc(1): 25.00, Acc(5): 100.00
2023-06-19 16:25:56,380 - AUGCON - INFO - Epoch [28/50]-(10/22) Loss: 1.1082, Acc(1): 50.00, Acc(5): 100.00
2023-06-19 16:25:56,381 - AUGCON - INFO - Epoch [28/50]-(15/22) Loss: 0.9518, Acc(1): 75.00, Acc(5): 100.00
2023-06-19 16:25:56,381 - AUGCON - INFO - Epoch [28/50]-(20/22) Loss: 1.1792, Acc(1): 75.00, Acc(5): 100.00
2023-06-19 16:25:56,381 - AUGCON - INFO - 	Validation Loss: 1.3135, Acc(1): 55.00, Acc(5): 98.00, F1: 0.18, Recall: 0.18, Precision: 0.18
2023-06-19 16:25:56,381 - AUGCON - INFO - Epoch [29/50]-(0/22) Loss: 0.7070, Acc(1): 100.00, Acc(5): 100.00
2023-06-19 16:25:56,381 - AUGCON - INFO - Epoch [29/50]-(5/22) Loss: 1.2567, Acc(1): 50.00, Acc(5): 100.00
2023-06-19 16:25:56,381 - AUGCON - INFO - Epoch [29/50]-(10/22) Loss: 1.2901, Acc(1): 50.00, Acc(5): 100.00
2023-06-19 16:25:56,381 - AUGCON - INFO - Epoch [29/50]-(15/22) Loss: 0.7700, Acc(1): 50.00, Acc(5): 100.00
2023-06-19 16:25:56,381 - AUGCON - INFO - Epoch [29/50]-(20/22) Loss: 0.8240, Acc(1): 50.00, Acc(5): 100.00
2023-06-19 16:25:56,381 - AUGCON - INFO - 	Validation Loss: 1.3075, Acc(1): 57.00, Acc(5): 93.00, F1: 0.18, Recall: 0.18, Precision: 0.17
2023-06-19 16:25:56,381 - AUGCON - INFO - Epoch [30/50]-(0/22) Loss: 1.6874, Acc(1): 25.00, Acc(5): 75.00
2023-06-19 16:25:56,381 - AUGCON - INFO - Epoch [30/50]-(5/22) Loss: 0.8602, Acc(1): 50.00, Acc(5): 100.00
2023-06-19 16:25:56,381 - AUGCON - INFO - Epoch [30/50]-(10/22) Loss: 1.1577, Acc(1): 25.00, Acc(5): 100.00
2023-06-19 16:25:56,381 - AUGCON - INFO - Epoch [30/50]-(15/22) Loss: 1.3346, Acc(1): 50.00, Acc(5): 100.00
2023-06-19 16:25:56,382 - AUGCON - INFO - Epoch [30/50]-(20/22) Loss: 0.8711, Acc(1): 100.00, Acc(5): 100.00
2023-06-19 16:25:56,382 - AUGCON - INFO - 	Validation Loss: 1.3292, Acc(1): 56.00, Acc(5): 95.00, F1: 0.18, Recall: 0.18, Precision: 0.17
2023-06-19 16:25:56,382 - AUGCON - INFO - Epoch [31/50]-(0/22) Loss: 0.6310, Acc(1): 75.00, Acc(5): 100.00
2023-06-19 16:25:56,382 - AUGCON - INFO - Epoch [31/50]-(5/22) Loss: 0.4500, Acc(1): 100.00, Acc(5): 100.00
2023-06-19 16:25:56,382 - AUGCON - INFO - Epoch [31/50]-(10/22) Loss: 0.4639, Acc(1): 100.00, Acc(5): 100.00
2023-06-19 16:25:56,382 - AUGCON - INFO - Epoch [31/50]-(15/22) Loss: 0.6511, Acc(1): 75.00, Acc(5): 100.00
2023-06-19 16:25:56,382 - AUGCON - INFO - Epoch [31/50]-(20/22) Loss: 2.6531, Acc(1): 0.00, Acc(5): 75.00
2023-06-19 16:25:56,382 - AUGCON - INFO - 	Validation Loss: 1.3388, Acc(1): 55.00, Acc(5): 93.00, F1: 0.18, Recall: 0.18, Precision: 0.18
2023-06-19 16:25:56,382 - AUGCON - INFO - Epoch [32/50]-(0/22) Loss: 1.2290, Acc(1): 50.00, Acc(5): 100.00
2023-06-19 16:25:56,382 - AUGCON - INFO - Epoch [32/50]-(5/22) Loss: 0.8925, Acc(1): 75.00, Acc(5): 100.00
2023-06-19 16:25:56,382 - AUGCON - INFO - Epoch [32/50]-(10/22) Loss: 1.4782, Acc(1): 0.00, Acc(5): 100.00
2023-06-19 16:25:56,382 - AUGCON - INFO - Epoch [32/50]-(15/22) Loss: 1.5780, Acc(1): 50.00, Acc(5): 75.00
2023-06-19 16:25:56,383 - AUGCON - INFO - Epoch [32/50]-(20/22) Loss: 1.1722, Acc(1): 50.00, Acc(5): 100.00
2023-06-19 16:25:56,383 - AUGCON - INFO - 	Validation Loss: 1.3467, Acc(1): 50.00, Acc(5): 98.00, F1: 0.16, Recall: 0.16, Precision: 0.15
2023-06-19 16:25:56,383 - AUGCON - INFO - Epoch [33/50]-(0/22) Loss: 1.0004, Acc(1): 50.00, Acc(5): 100.00
2023-06-19 16:25:56,383 - AUGCON - INFO - Epoch [33/50]-(5/22) Loss: 0.5564, Acc(1): 100.00, Acc(5): 100.00
2023-06-19 16:25:56,383 - AUGCON - INFO - Epoch [33/50]-(10/22) Loss: 1.9821, Acc(1): 25.00, Acc(5): 75.00
2023-06-19 16:25:56,383 - AUGCON - INFO - Epoch [33/50]-(15/22) Loss: 0.5566, Acc(1): 75.00, Acc(5): 100.00
2023-06-19 16:25:56,383 - AUGCON - INFO - Epoch [33/50]-(20/22) Loss: 0.9000, Acc(1): 75.00, Acc(5): 100.00
2023-06-19 16:25:56,383 - AUGCON - INFO - 	Validation Loss: 1.3433, Acc(1): 54.00, Acc(5): 97.00, F1: 0.17, Recall: 0.17, Precision: 0.17
2023-06-19 16:25:56,383 - AUGCON - INFO - Epoch [34/50]-(0/22) Loss: 1.1228, Acc(1): 50.00, Acc(5): 100.00
2023-06-19 16:25:56,383 - AUGCON - INFO - Epoch [34/50]-(5/22) Loss: 0.9680, Acc(1): 75.00, Acc(5): 100.00
2023-06-19 16:25:56,383 - AUGCON - INFO - Epoch [34/50]-(10/22) Loss: 0.7516, Acc(1): 75.00, Acc(5): 100.00
2023-06-19 16:25:56,383 - AUGCON - INFO - Epoch [34/50]-(15/22) Loss: 1.4707, Acc(1): 25.00, Acc(5): 100.00
2023-06-19 16:25:56,384 - AUGCON - INFO - Epoch [34/50]-(20/22) Loss: 0.3217, Acc(1): 100.00, Acc(5): 100.00
2023-06-19 16:25:56,384 - AUGCON - INFO - 	Validation Loss: 1.2871, Acc(1): 58.00, Acc(5): 95.00, F1: 0.19, Recall: 0.19, Precision: 0.19
2023-06-19 16:25:56,384 - AUGCON - INFO - Epoch [35/50]-(0/22) Loss: 1.1314, Acc(1): 25.00, Acc(5): 100.00
2023-06-19 16:25:56,384 - AUGCON - INFO - Epoch [35/50]-(5/22) Loss: 0.5960, Acc(1): 100.00, Acc(5): 100.00
2023-06-19 16:25:56,384 - AUGCON - INFO - Epoch [35/50]-(10/22) Loss: 0.9154, Acc(1): 100.00, Acc(5): 100.00
2023-06-19 16:25:56,384 - AUGCON - INFO - Epoch [35/50]-(15/22) Loss: 1.8464, Acc(1): 25.00, Acc(5): 100.00
2023-06-19 16:25:56,384 - AUGCON - INFO - Epoch [35/50]-(20/22) Loss: 1.4075, Acc(1): 50.00, Acc(5): 100.00
2023-06-19 16:25:56,384 - AUGCON - INFO - 	Validation Loss: 1.3442, Acc(1): 56.00, Acc(5): 95.00, F1: 0.18, Recall: 0.18, Precision: 0.17
2023-06-19 16:25:56,385 - AUGCON - INFO - Epoch [36/50]-(0/22) Loss: 1.2346, Acc(1): 50.00, Acc(5): 100.00
2023-06-19 16:25:56,385 - AUGCON - INFO - Epoch [36/50]-(5/22) Loss: 0.9110, Acc(1): 75.00, Acc(5): 75.00
2023-06-19 16:25:56,385 - AUGCON - INFO - Epoch [36/50]-(10/22) Loss: 1.0310, Acc(1): 75.00, Acc(5): 100.00
2023-06-19 16:25:56,385 - AUGCON - INFO - Epoch [36/50]-(15/22) Loss: 0.8588, Acc(1): 75.00, Acc(5): 100.00
2023-06-19 16:25:56,385 - AUGCON - INFO - Epoch [36/50]-(20/22) Loss: 0.8755, Acc(1): 50.00, Acc(5): 100.00
2023-06-19 16:25:56,385 - AUGCON - INFO - 	Validation Loss: 1.3127, Acc(1): 57.00, Acc(5): 95.00, F1: 0.18, Recall: 0.18, Precision: 0.18
2023-06-19 16:25:56,385 - AUGCON - INFO - Epoch [37/50]-(0/22) Loss: 0.7641, Acc(1): 75.00, Acc(5): 100.00
2023-06-19 16:25:56,385 - AUGCON - INFO - Epoch [37/50]-(5/22) Loss: 0.7626, Acc(1): 100.00, Acc(5): 100.00
2023-06-19 16:25:56,385 - AUGCON - INFO - Epoch [37/50]-(10/22) Loss: 0.5522, Acc(1): 75.00, Acc(5): 100.00
2023-06-19 16:25:56,385 - AUGCON - INFO - Epoch [37/50]-(15/22) Loss: 2.2233, Acc(1): 0.00, Acc(5): 100.00
2023-06-19 16:25:56,386 - AUGCON - INFO - Epoch [37/50]-(20/22) Loss: 1.1142, Acc(1): 50.00, Acc(5): 100.00
2023-06-19 16:25:56,386 - AUGCON - INFO - 	Validation Loss: 1.2925, Acc(1): 57.00, Acc(5): 94.00, F1: 0.18, Recall: 0.18, Precision: 0.18
2023-06-19 16:25:56,386 - AUGCON - INFO - Epoch [38/50]-(0/22) Loss: 1.0328, Acc(1): 50.00, Acc(5): 100.00
2023-06-19 16:25:56,386 - AUGCON - INFO - Epoch [38/50]-(5/22) Loss: 1.5829, Acc(1): 25.00, Acc(5): 100.00
2023-06-19 16:25:56,386 - AUGCON - INFO - Epoch [38/50]-(10/22) Loss: 1.0298, Acc(1): 50.00, Acc(5): 100.00
2023-06-19 16:25:56,386 - AUGCON - INFO - Epoch [38/50]-(15/22) Loss: 1.0309, Acc(1): 75.00, Acc(5): 100.00
2023-06-19 16:25:56,386 - AUGCON - INFO - Epoch [38/50]-(20/22) Loss: 0.6633, Acc(1): 75.00, Acc(5): 100.00
2023-06-19 16:25:56,387 - AUGCON - INFO - 	Validation Loss: 1.2599, Acc(1): 56.00, Acc(5): 99.00, F1: 0.18, Recall: 0.18, Precision: 0.18
2023-06-19 16:25:56,387 - AUGCON - INFO - Epoch [39/50]-(0/22) Loss: 0.8844, Acc(1): 50.00, Acc(5): 100.00
2023-06-19 16:25:56,387 - AUGCON - INFO - Epoch [39/50]-(5/22) Loss: 1.3622, Acc(1): 50.00, Acc(5): 100.00
2023-06-19 16:25:56,387 - AUGCON - INFO - Epoch [39/50]-(10/22) Loss: 0.7588, Acc(1): 75.00, Acc(5): 100.00
2023-06-19 16:25:56,387 - AUGCON - INFO - Epoch [39/50]-(15/22) Loss: 1.0684, Acc(1): 75.00, Acc(5): 100.00
2023-06-19 16:25:56,387 - AUGCON - INFO - Epoch [39/50]-(20/22) Loss: 0.9259, Acc(1): 50.00, Acc(5): 100.00
2023-06-19 16:25:56,387 - AUGCON - INFO - 	Validation Loss: 1.3134, Acc(1): 58.00, Acc(5): 97.00, F1: 0.19, Recall: 0.19, Precision: 0.19
2023-06-19 16:25:56,387 - AUGCON - INFO - Epoch [40/50]-(0/22) Loss: 0.8585, Acc(1): 75.00, Acc(5): 100.00
2023-06-19 16:25:56,388 - AUGCON - INFO - Epoch [40/50]-(5/22) Loss: 1.1059, Acc(1): 50.00, Acc(5): 100.00
2023-06-19 16:25:56,388 - AUGCON - INFO - Epoch [40/50]-(10/22) Loss: 0.7519, Acc(1): 75.00, Acc(5): 100.00
2023-06-19 16:25:56,388 - AUGCON - INFO - Epoch [40/50]-(15/22) Loss: 0.4113, Acc(1): 100.00, Acc(5): 100.00
2023-06-19 16:25:56,388 - AUGCON - INFO - Epoch [40/50]-(20/22) Loss: 0.5442, Acc(1): 75.00, Acc(5): 100.00
2023-06-19 16:25:56,388 - AUGCON - INFO - 	Validation Loss: 1.2972, Acc(1): 58.00, Acc(5): 95.00, F1: 0.19, Recall: 0.19, Precision: 0.20
2023-06-19 16:25:56,388 - AUGCON - INFO - Epoch [41/50]-(0/22) Loss: 1.1784, Acc(1): 50.00, Acc(5): 100.00
2023-06-19 16:25:56,388 - AUGCON - INFO - Epoch [41/50]-(5/22) Loss: 1.2635, Acc(1): 25.00, Acc(5): 100.00
2023-06-19 16:25:56,388 - AUGCON - INFO - Epoch [41/50]-(10/22) Loss: 1.2729, Acc(1): 25.00, Acc(5): 100.00
2023-06-19 16:25:56,388 - AUGCON - INFO - Epoch [41/50]-(15/22) Loss: 1.0711, Acc(1): 75.00, Acc(5): 100.00
2023-06-19 16:25:56,388 - AUGCON - INFO - Epoch [41/50]-(20/22) Loss: 1.0712, Acc(1): 50.00, Acc(5): 100.00
2023-06-19 16:25:56,388 - AUGCON - INFO - 	Validation Loss: 1.3056, Acc(1): 62.00, Acc(5): 96.00, F1: 0.20, Recall: 0.20, Precision: 0.19
2023-06-19 16:25:56,388 - AUGCON - INFO - Epoch [42/50]-(0/22) Loss: 0.8277, Acc(1): 50.00, Acc(5): 100.00
2023-06-19 16:25:56,388 - AUGCON - INFO - Epoch [42/50]-(5/22) Loss: 0.6566, Acc(1): 100.00, Acc(5): 100.00
2023-06-19 16:25:56,388 - AUGCON - INFO - Epoch [42/50]-(10/22) Loss: 0.5058, Acc(1): 100.00, Acc(5): 100.00
2023-06-19 16:25:56,388 - AUGCON - INFO - Epoch [42/50]-(15/22) Loss: 1.3309, Acc(1): 25.00, Acc(5): 100.00
2023-06-19 16:25:56,389 - AUGCON - INFO - Epoch [42/50]-(20/22) Loss: 0.9718, Acc(1): 50.00, Acc(5): 100.00
2023-06-19 16:25:56,389 - AUGCON - INFO - 	Validation Loss: 1.2885, Acc(1): 54.00, Acc(5): 95.00, F1: 0.18, Recall: 0.17, Precision: 0.18
2023-06-19 16:25:56,389 - AUGCON - INFO - Epoch [43/50]-(0/22) Loss: 0.2491, Acc(1): 100.00, Acc(5): 100.00
2023-06-19 16:25:56,389 - AUGCON - INFO - Epoch [43/50]-(5/22) Loss: 0.2751, Acc(1): 100.00, Acc(5): 100.00
2023-06-19 16:25:56,389 - AUGCON - INFO - Epoch [43/50]-(10/22) Loss: 0.5304, Acc(1): 75.00, Acc(5): 100.00
2023-06-19 16:25:56,389 - AUGCON - INFO - Epoch [43/50]-(15/22) Loss: 1.1574, Acc(1): 75.00, Acc(5): 100.00
2023-06-19 16:25:56,389 - AUGCON - INFO - Epoch [43/50]-(20/22) Loss: 0.7756, Acc(1): 75.00, Acc(5): 100.00
2023-06-19 16:25:56,389 - AUGCON - INFO - 	Validation Loss: 1.3250, Acc(1): 53.00, Acc(5): 97.00, F1: 0.17, Recall: 0.17, Precision: 0.16
2023-06-19 16:25:56,389 - AUGCON - INFO - Epoch [44/50]-(0/22) Loss: 0.9033, Acc(1): 50.00, Acc(5): 100.00
2023-06-19 16:25:56,389 - AUGCON - INFO - Epoch [44/50]-(5/22) Loss: 1.3105, Acc(1): 25.00, Acc(5): 100.00
2023-06-19 16:25:56,389 - AUGCON - INFO - Epoch [44/50]-(10/22) Loss: 0.9412, Acc(1): 75.00, Acc(5): 100.00
2023-06-19 16:25:56,389 - AUGCON - INFO - Epoch [44/50]-(15/22) Loss: 1.7266, Acc(1): 25.00, Acc(5): 75.00
2023-06-19 16:25:56,389 - AUGCON - INFO - Epoch [44/50]-(20/22) Loss: 0.5954, Acc(1): 100.00, Acc(5): 100.00
2023-06-19 16:25:56,389 - AUGCON - INFO - 	Validation Loss: 1.2613, Acc(1): 57.00, Acc(5): 95.00, F1: 0.18, Recall: 0.18, Precision: 0.19
2023-06-19 16:25:56,389 - AUGCON - INFO - Epoch [45/50]-(0/22) Loss: 1.0275, Acc(1): 50.00, Acc(5): 100.00
2023-06-19 16:25:56,390 - AUGCON - INFO - Epoch [45/50]-(5/22) Loss: 1.2363, Acc(1): 25.00, Acc(5): 100.00
2023-06-19 16:25:56,390 - AUGCON - INFO - Epoch [45/50]-(10/22) Loss: 0.8085, Acc(1): 50.00, Acc(5): 100.00
2023-06-19 16:25:56,390 - AUGCON - INFO - Epoch [45/50]-(15/22) Loss: 1.5245, Acc(1): 25.00, Acc(5): 100.00
2023-06-19 16:25:56,390 - AUGCON - INFO - Epoch [45/50]-(20/22) Loss: 0.6774, Acc(1): 75.00, Acc(5): 100.00
2023-06-19 16:25:56,390 - AUGCON - INFO - 	Validation Loss: 1.3307, Acc(1): 54.00, Acc(5): 96.00, F1: 0.18, Recall: 0.17, Precision: 0.19
2023-06-19 16:25:56,390 - AUGCON - INFO - Epoch [46/50]-(0/22) Loss: 1.2932, Acc(1): 50.00, Acc(5): 100.00
2023-06-19 16:25:56,390 - AUGCON - INFO - Epoch [46/50]-(5/22) Loss: 0.6993, Acc(1): 100.00, Acc(5): 100.00
2023-06-19 16:25:56,390 - AUGCON - INFO - Epoch [46/50]-(10/22) Loss: 1.3379, Acc(1): 25.00, Acc(5): 100.00
2023-06-19 16:25:56,390 - AUGCON - INFO - Epoch [46/50]-(15/22) Loss: 0.8899, Acc(1): 75.00, Acc(5): 100.00
2023-06-19 16:25:56,390 - AUGCON - INFO - Epoch [46/50]-(20/22) Loss: 1.3632, Acc(1): 25.00, Acc(5): 100.00
2023-06-19 16:25:56,390 - AUGCON - INFO - 	Validation Loss: 1.3181, Acc(1): 55.00, Acc(5): 95.00, F1: 0.18, Recall: 0.18, Precision: 0.18
2023-06-19 16:25:56,390 - AUGCON - INFO - Epoch [47/50]-(0/22) Loss: 0.5638, Acc(1): 75.00, Acc(5): 100.00
2023-06-19 16:25:56,390 - AUGCON - INFO - Epoch [47/50]-(5/22) Loss: 0.8492, Acc(1): 50.00, Acc(5): 100.00
2023-06-19 16:25:56,390 - AUGCON - INFO - Epoch [47/50]-(10/22) Loss: 1.5437, Acc(1): 0.00, Acc(5): 100.00
2023-06-19 16:25:56,390 - AUGCON - INFO - Epoch [47/50]-(15/22) Loss: 0.8939, Acc(1): 50.00, Acc(5): 100.00
2023-06-19 16:25:56,391 - AUGCON - INFO - Epoch [47/50]-(20/22) Loss: 1.0443, Acc(1): 50.00, Acc(5): 100.00
2023-06-19 16:25:56,391 - AUGCON - INFO - 	Validation Loss: 1.2802, Acc(1): 57.00, Acc(5): 96.00, F1: 0.19, Recall: 0.18, Precision: 0.19
2023-06-19 16:25:56,391 - AUGCON - INFO - Epoch [48/50]-(0/22) Loss: 1.3179, Acc(1): 50.00, Acc(5): 100.00
2023-06-19 16:25:56,391 - AUGCON - INFO - Epoch [48/50]-(5/22) Loss: 0.8277, Acc(1): 75.00, Acc(5): 100.00
2023-06-19 16:25:56,391 - AUGCON - INFO - Epoch [48/50]-(10/22) Loss: 0.9533, Acc(1): 50.00, Acc(5): 100.00
2023-06-19 16:25:56,391 - AUGCON - INFO - Epoch [48/50]-(15/22) Loss: 1.5868, Acc(1): 50.00, Acc(5): 75.00
2023-06-19 16:25:56,391 - AUGCON - INFO - Epoch [48/50]-(20/22) Loss: 1.3158, Acc(1): 50.00, Acc(5): 100.00
2023-06-19 16:25:56,391 - AUGCON - INFO - 	Validation Loss: 1.2703, Acc(1): 57.00, Acc(5): 96.00, F1: 0.18, Recall: 0.18, Precision: 0.17
2023-06-19 16:25:56,391 - AUGCON - INFO - Epoch [49/50]-(0/22) Loss: 0.6316, Acc(1): 75.00, Acc(5): 100.00
2023-06-19 16:25:56,391 - AUGCON - INFO - Epoch [49/50]-(5/22) Loss: 0.9347, Acc(1): 50.00, Acc(5): 100.00
2023-06-19 16:25:56,391 - AUGCON - INFO - Epoch [49/50]-(10/22) Loss: 0.6866, Acc(1): 75.00, Acc(5): 100.00
2023-06-19 16:25:56,391 - AUGCON - INFO - Epoch [49/50]-(15/22) Loss: 0.7943, Acc(1): 75.00, Acc(5): 100.00
2023-06-19 16:25:56,391 - AUGCON - INFO - Epoch [49/50]-(20/22) Loss: 0.4662, Acc(1): 75.00, Acc(5): 100.00
2023-06-19 16:25:56,391 - AUGCON - INFO - 	Validation Loss: 1.2673, Acc(1): 58.00, Acc(5): 96.00, F1: 0.19, Recall: 0.19, Precision: 0.19
2023-06-19 16:25:56,391 - AUGCON - INFO - Epoch [50/50]-(0/22) Loss: 1.0636, Acc(1): 50.00, Acc(5): 100.00
2023-06-19 16:25:56,392 - AUGCON - INFO - Epoch [50/50]-(5/22) Loss: 0.8947, Acc(1): 50.00, Acc(5): 100.00
2023-06-19 16:25:56,392 - AUGCON - INFO - Epoch [50/50]-(10/22) Loss: 1.3507, Acc(1): 50.00, Acc(5): 100.00
2023-06-19 16:25:56,392 - AUGCON - INFO - Epoch [50/50]-(15/22) Loss: 0.8737, Acc(1): 75.00, Acc(5): 100.00
2023-06-19 16:25:56,392 - AUGCON - INFO - Epoch [50/50]-(20/22) Loss: 0.5525, Acc(1): 100.00, Acc(5): 100.00
2023-06-19 16:25:56,392 - AUGCON - INFO - 	Validation Loss: 1.2565, Acc(1): 57.00, Acc(5): 96.00, F1: 0.18, Recall: 0.18, Precision: 0.19
2023-06-19 16:25:56,392 - AUGCON - INFO - 	Validation Loss: 1.2667, Acc(1): 55.33, Acc(5): 97.33, F1: 0.15, Recall: 0.15, Precision: 0.15
