2023-06-19 16:33:50,252 - AUGCON - INFO - logger initialized (/home/hjyoon/projects/augcon/config/exp0/finetune_da_true/without_target_domain_PH0045-sjlee/cpc_perdomain_8421/tgt_target_domain_PH0014-wjlee_seed0.yaml.log)
2023-06-19 16:33:50,252 - AUGCON - INFO - ================= Config =================
2023-06-19 16:33:50,252 - AUGCON - INFO -   mode: finetune
2023-06-19 16:33:50,252 - AUGCON - INFO -   seed: 0
2023-06-19 16:33:50,252 - AUGCON - INFO -   gpu: [6]
2023-06-19 16:33:50,252 - AUGCON - INFO -   num_workers: 1
2023-06-19 16:33:50,252 - AUGCON - INFO -   dist_url: tcp://localhost:10001
2023-06-19 16:33:50,252 - AUGCON - INFO -   dataset_name: ichar
2023-06-19 16:33:50,252 - AUGCON - INFO -   train_dataset_path: /mnt/sting/hjyoon/projects/cross/ICHAR/augcon/target_domain_PH0014-wjlee/finetune/10shot/target/train.pkl
2023-06-19 16:33:50,253 - AUGCON - INFO -   test_dataset_path: /mnt/sting/hjyoon/projects/cross/ICHAR/augcon/target_domain_PH0014-wjlee/finetune/10shot/target/test.pkl
2023-06-19 16:33:50,253 - AUGCON - INFO -   val_dataset_path: /mnt/sting/hjyoon/projects/cross/ICHAR/augcon/target_domain_PH0014-wjlee/finetune/10shot/target/val.pkl
2023-06-19 16:33:50,253 - AUGCON - INFO -   input_channels: 3
2023-06-19 16:33:50,253 - AUGCON - INFO -   num_cls: 9
2023-06-19 16:33:50,253 - AUGCON - INFO -   optimizer: adam
2023-06-19 16:33:50,253 - AUGCON - INFO -   criterion: crossentropy
2023-06-19 16:33:50,253 - AUGCON - INFO -   start_epoch: 0
2023-06-19 16:33:50,253 - AUGCON - INFO -   epochs: 50
2023-06-19 16:33:50,253 - AUGCON - INFO -   batch_size: 4
2023-06-19 16:33:50,253 - AUGCON - INFO -   lr: 0.001
2023-06-19 16:33:50,253 - AUGCON - INFO -   wd: 0.0
2023-06-19 16:33:50,253 - AUGCON - INFO -   resume: 
2023-06-19 16:33:50,253 - AUGCON - INFO -   pretrained: /mnt/sting/hjyoon/projects/augcontrast/models/exp0/pretrain/without_target_domain_PH0045-sjlee/cpc_perdomain_8421//checkpoint_0099.pth.tar
2023-06-19 16:33:50,253 - AUGCON - INFO -   ckpt_dir: /mnt/sting/hjyoon/projects/augcontrast/models/exp0/finetune_da_true/without_target_domain_PH0045-sjlee/cpc_perdomain_8421/tgt_target_domain_PH0014-wjlee_seed0
2023-06-19 16:33:50,253 - AUGCON - INFO -   log_freq: 5
2023-06-19 16:33:50,253 - AUGCON - INFO -   save_freq: 10
2023-06-19 16:33:50,253 - AUGCON - INFO -   pretext: metacpc
2023-06-19 16:33:50,253 - AUGCON - INFO -   enc_blocks: 4
2023-06-19 16:33:50,253 - AUGCON - INFO -   kernel_sizes: [8, 4, 2, 1]
2023-06-19 16:33:50,253 - AUGCON - INFO -   strides: [4, 2, 1, 1]
2023-06-19 16:33:50,253 - AUGCON - INFO -   agg_blocks: 5
2023-06-19 16:33:50,253 - AUGCON - INFO -   z_dim: 256
2023-06-19 16:33:50,253 - AUGCON - INFO -   pooling: mean
2023-06-19 16:33:50,253 - AUGCON - INFO -   pred_steps: 12
2023-06-19 16:33:50,253 - AUGCON - INFO -   n_negatives: 15
2023-06-19 16:33:50,253 - AUGCON - INFO -   offset: 4
2023-06-19 16:33:50,253 - AUGCON - INFO -   domain_adaptation: True
2023-06-19 16:33:50,254 - AUGCON - INFO -   task_steps: 10
2023-06-19 16:33:50,254 - AUGCON - INFO -   task_lr: 0.001
2023-06-19 16:33:50,254 - AUGCON - INFO -   reg_lambda: 0
2023-06-19 16:33:50,254 - AUGCON - INFO -   mlp: False
2023-06-19 16:33:50,254 - AUGCON - INFO -   freeze: True
2023-06-19 16:33:50,254 - AUGCON - INFO -   no_vars: True
2023-06-19 16:33:50,254 - AUGCON - INFO - ==========================================
2023-06-19 16:33:50,254 - AUGCON - INFO - Setting GPUs: [6]
2023-06-19 16:33:50,254 - AUGCON - INFO - GPUs [6] will be used
2023-06-19 16:33:50,254 - AUGCON - WARNING - You have chosen to seed training. 
2023-06-19 16:33:50,255 - AUGCON - WARNING - This will turn on the CUDNN deterministic setting, 
2023-06-19 16:33:50,255 - AUGCON - WARNING - which can slow down your training considerably! 
2023-06-19 16:33:50,255 - AUGCON - WARNING - You may see unexpected behavior when restarting 
2023-06-19 16:33:50,255 - AUGCON - WARNING - from checkpoints.
2023-06-19 16:33:50,282 - AUGCON - INFO - Executing MetaCPC
2023-06-19 16:33:50,282 - AUGCON - INFO - Logs are skipped during training
2023-06-19 16:34:10,210 - AUGCON - INFO - Single GPU is used for training - training 90 instances for each worker
2023-06-19 16:34:10,211 - AUGCON - INFO - Loading pretrained model from checkpoint - /mnt/sting/hjyoon/projects/augcontrast/models/exp0/pretrain/without_target_domain_PH0045-sjlee/cpc_perdomain_8421//checkpoint_0099.pth.tar
2023-06-19 16:34:10,211 - AUGCON - INFO - Missing keys: ['predictor.vars.0', 'predictor.vars.1']
2023-06-19 16:34:10,211 - AUGCON - INFO - Perform domain adaptation step
2023-06-19 16:34:10,211 - AUGCON - INFO - 	meta-train [0/10] Loss: 2.8524, Acc(1): 6.64, Acc(5): 33.75
2023-06-19 16:34:10,211 - AUGCON - INFO - 	meta-train [1/10] Loss: 2.8237, Acc(1): 7.04, Acc(5): 34.77
2023-06-19 16:34:10,211 - AUGCON - INFO - 	meta-train [2/10] Loss: 2.8109, Acc(1): 7.15, Acc(5): 35.05
2023-06-19 16:34:10,211 - AUGCON - INFO - 	meta-train [3/10] Loss: 2.8078, Acc(1): 7.24, Acc(5): 35.02
2023-06-19 16:34:10,211 - AUGCON - INFO - 	meta-train [4/10] Loss: 2.8072, Acc(1): 7.39, Acc(5): 34.79
2023-06-19 16:34:10,211 - AUGCON - INFO - 	meta-train [5/10] Loss: 2.8019, Acc(1): 7.65, Acc(5): 34.98
2023-06-19 16:34:10,211 - AUGCON - INFO - 	meta-train [6/10] Loss: 2.8057, Acc(1): 7.42, Acc(5): 35.06
2023-06-19 16:34:10,212 - AUGCON - INFO - 	meta-train [7/10] Loss: 2.7971, Acc(1): 7.75, Acc(5): 35.19
2023-06-19 16:34:10,212 - AUGCON - INFO - 	meta-train [8/10] Loss: 2.7960, Acc(1): 7.38, Acc(5): 35.07
2023-06-19 16:34:10,212 - AUGCON - INFO - 	meta-train [9/10] Loss: 2.7963, Acc(1): 7.47, Acc(5): 35.02
2023-06-19 16:34:10,212 - AUGCON - INFO - Loading encoder parameters to the classifier
2023-06-19 16:34:10,212 - AUGCON - INFO - Missing keys: ['classifier.block.0.weight', 'classifier.block.0.bias']
2023-06-19 16:34:10,212 - AUGCON - INFO - Epoch [1/50]-(0/22) Loss: 2.0422, Acc(1): 25.00, Acc(5): 50.00
2023-06-19 16:34:10,212 - AUGCON - INFO - Epoch [1/50]-(5/22) Loss: 2.3917, Acc(1): 0.00, Acc(5): 75.00
2023-06-19 16:34:10,212 - AUGCON - INFO - Epoch [1/50]-(10/22) Loss: 2.5773, Acc(1): 0.00, Acc(5): 50.00
2023-06-19 16:34:10,212 - AUGCON - INFO - Epoch [1/50]-(15/22) Loss: 2.1699, Acc(1): 25.00, Acc(5): 75.00
2023-06-19 16:34:10,212 - AUGCON - INFO - Epoch [1/50]-(20/22) Loss: 2.3959, Acc(1): 25.00, Acc(5): 50.00
2023-06-19 16:34:10,212 - AUGCON - INFO - 	Validation Loss: 1.8623, Acc(1): 40.00, Acc(5): 85.00, F1: 0.07, Recall: 0.07, Precision: 0.07
2023-06-19 16:34:10,212 - AUGCON - INFO - Epoch [2/50]-(0/22) Loss: 1.7826, Acc(1): 50.00, Acc(5): 75.00
2023-06-19 16:34:10,212 - AUGCON - INFO - Epoch [2/50]-(5/22) Loss: 2.2187, Acc(1): 0.00, Acc(5): 75.00
2023-06-19 16:34:10,212 - AUGCON - INFO - Epoch [2/50]-(10/22) Loss: 1.9272, Acc(1): 25.00, Acc(5): 75.00
2023-06-19 16:34:10,213 - AUGCON - INFO - Epoch [2/50]-(15/22) Loss: 1.6485, Acc(1): 75.00, Acc(5): 75.00
2023-06-19 16:34:10,213 - AUGCON - INFO - Epoch [2/50]-(20/22) Loss: 2.0826, Acc(1): 25.00, Acc(5): 75.00
2023-06-19 16:34:10,213 - AUGCON - INFO - 	Validation Loss: 1.6183, Acc(1): 61.00, Acc(5): 93.00, F1: 0.13, Recall: 0.12, Precision: 0.14
2023-06-19 16:34:10,213 - AUGCON - INFO - Epoch [3/50]-(0/22) Loss: 1.3259, Acc(1): 100.00, Acc(5): 100.00
2023-06-19 16:34:10,213 - AUGCON - INFO - Epoch [3/50]-(5/22) Loss: 1.4896, Acc(1): 50.00, Acc(5): 100.00
2023-06-19 16:34:10,213 - AUGCON - INFO - Epoch [3/50]-(10/22) Loss: 1.4903, Acc(1): 25.00, Acc(5): 100.00
2023-06-19 16:34:10,213 - AUGCON - INFO - Epoch [3/50]-(15/22) Loss: 1.2683, Acc(1): 50.00, Acc(5): 100.00
2023-06-19 16:34:10,213 - AUGCON - INFO - Epoch [3/50]-(20/22) Loss: 1.4787, Acc(1): 50.00, Acc(5): 100.00
2023-06-19 16:34:10,213 - AUGCON - INFO - 	Validation Loss: 1.3888, Acc(1): 76.00, Acc(5): 95.00, F1: 0.15, Recall: 0.15, Precision: 0.14
2023-06-19 16:34:10,213 - AUGCON - INFO - Epoch [4/50]-(0/22) Loss: 1.3910, Acc(1): 75.00, Acc(5): 100.00
2023-06-19 16:34:10,213 - AUGCON - INFO - Epoch [4/50]-(5/22) Loss: 1.2377, Acc(1): 100.00, Acc(5): 100.00
2023-06-19 16:34:10,213 - AUGCON - INFO - Epoch [4/50]-(10/22) Loss: 1.7205, Acc(1): 0.00, Acc(5): 100.00
2023-06-19 16:34:10,213 - AUGCON - INFO - Epoch [4/50]-(15/22) Loss: 1.3431, Acc(1): 75.00, Acc(5): 100.00
2023-06-19 16:34:10,213 - AUGCON - INFO - Epoch [4/50]-(20/22) Loss: 1.0562, Acc(1): 100.00, Acc(5): 100.00
2023-06-19 16:34:10,214 - AUGCON - INFO - 	Validation Loss: 1.3114, Acc(1): 74.00, Acc(5): 96.00, F1: 0.16, Recall: 0.15, Precision: 0.16
2023-06-19 16:34:10,214 - AUGCON - INFO - Epoch [5/50]-(0/22) Loss: 1.0689, Acc(1): 75.00, Acc(5): 100.00
2023-06-19 16:34:10,214 - AUGCON - INFO - Epoch [5/50]-(5/22) Loss: 1.2542, Acc(1): 50.00, Acc(5): 100.00
2023-06-19 16:34:10,214 - AUGCON - INFO - Epoch [5/50]-(10/22) Loss: 1.5220, Acc(1): 50.00, Acc(5): 100.00
2023-06-19 16:34:10,214 - AUGCON - INFO - Epoch [5/50]-(15/22) Loss: 1.0659, Acc(1): 75.00, Acc(5): 100.00
2023-06-19 16:34:10,214 - AUGCON - INFO - Epoch [5/50]-(20/22) Loss: 1.7179, Acc(1): 25.00, Acc(5): 100.00
2023-06-19 16:34:10,214 - AUGCON - INFO - 	Validation Loss: 1.2040, Acc(1): 76.00, Acc(5): 95.00, F1: 0.16, Recall: 0.15, Precision: 0.17
2023-06-19 16:34:10,214 - AUGCON - INFO - Epoch [6/50]-(0/22) Loss: 1.3680, Acc(1): 25.00, Acc(5): 100.00
2023-06-19 16:34:10,214 - AUGCON - INFO - Epoch [6/50]-(5/22) Loss: 1.2995, Acc(1): 75.00, Acc(5): 100.00
2023-06-19 16:34:10,214 - AUGCON - INFO - Epoch [6/50]-(10/22) Loss: 1.3337, Acc(1): 25.00, Acc(5): 100.00
2023-06-19 16:34:10,214 - AUGCON - INFO - Epoch [6/50]-(15/22) Loss: 0.9969, Acc(1): 50.00, Acc(5): 100.00
2023-06-19 16:34:10,214 - AUGCON - INFO - Epoch [6/50]-(20/22) Loss: 1.0046, Acc(1): 75.00, Acc(5): 100.00
2023-06-19 16:34:10,214 - AUGCON - INFO - 	Validation Loss: 1.1359, Acc(1): 75.00, Acc(5): 96.00, F1: 0.15, Recall: 0.15, Precision: 0.16
2023-06-19 16:34:10,214 - AUGCON - INFO - Epoch [7/50]-(0/22) Loss: 1.6250, Acc(1): 50.00, Acc(5): 100.00
2023-06-19 16:34:10,214 - AUGCON - INFO - Epoch [7/50]-(5/22) Loss: 1.3421, Acc(1): 50.00, Acc(5): 100.00
2023-06-19 16:34:10,215 - AUGCON - INFO - Epoch [7/50]-(10/22) Loss: 1.3472, Acc(1): 25.00, Acc(5): 100.00
2023-06-19 16:34:10,215 - AUGCON - INFO - Epoch [7/50]-(15/22) Loss: 0.8094, Acc(1): 100.00, Acc(5): 100.00
2023-06-19 16:34:10,215 - AUGCON - INFO - Epoch [7/50]-(20/22) Loss: 1.3730, Acc(1): 50.00, Acc(5): 100.00
2023-06-19 16:34:10,215 - AUGCON - INFO - 	Validation Loss: 1.1157, Acc(1): 76.00, Acc(5): 95.00, F1: 0.16, Recall: 0.15, Precision: 0.17
2023-06-19 16:34:10,215 - AUGCON - INFO - Epoch [8/50]-(0/22) Loss: 1.1024, Acc(1): 75.00, Acc(5): 100.00
2023-06-19 16:34:10,215 - AUGCON - INFO - Epoch [8/50]-(5/22) Loss: 0.6144, Acc(1): 75.00, Acc(5): 100.00
2023-06-19 16:34:10,215 - AUGCON - INFO - Epoch [8/50]-(10/22) Loss: 1.8064, Acc(1): 50.00, Acc(5): 100.00
2023-06-19 16:34:10,215 - AUGCON - INFO - Epoch [8/50]-(15/22) Loss: 1.1586, Acc(1): 75.00, Acc(5): 100.00
2023-06-19 16:34:10,215 - AUGCON - INFO - Epoch [8/50]-(20/22) Loss: 1.3578, Acc(1): 50.00, Acc(5): 100.00
2023-06-19 16:34:10,215 - AUGCON - INFO - 	Validation Loss: 1.0690, Acc(1): 79.00, Acc(5): 96.00, F1: 0.16, Recall: 0.16, Precision: 0.16
2023-06-19 16:34:10,216 - AUGCON - INFO - Epoch [9/50]-(0/22) Loss: 0.6069, Acc(1): 100.00, Acc(5): 100.00
2023-06-19 16:34:10,216 - AUGCON - INFO - Epoch [9/50]-(5/22) Loss: 1.5663, Acc(1): 75.00, Acc(5): 100.00
2023-06-19 16:34:10,216 - AUGCON - INFO - Epoch [9/50]-(10/22) Loss: 1.0782, Acc(1): 50.00, Acc(5): 100.00
2023-06-19 16:34:10,216 - AUGCON - INFO - Epoch [9/50]-(15/22) Loss: 1.5828, Acc(1): 25.00, Acc(5): 100.00
2023-06-19 16:34:10,216 - AUGCON - INFO - Epoch [9/50]-(20/22) Loss: 0.8827, Acc(1): 75.00, Acc(5): 100.00
2023-06-19 16:34:10,216 - AUGCON - INFO - 	Validation Loss: 1.0616, Acc(1): 77.00, Acc(5): 97.00, F1: 0.16, Recall: 0.16, Precision: 0.17
2023-06-19 16:34:10,216 - AUGCON - INFO - Epoch [10/50]-(0/22) Loss: 0.7419, Acc(1): 100.00, Acc(5): 100.00
2023-06-19 16:34:10,216 - AUGCON - INFO - Epoch [10/50]-(5/22) Loss: 1.0059, Acc(1): 100.00, Acc(5): 100.00
2023-06-19 16:34:10,216 - AUGCON - INFO - Epoch [10/50]-(10/22) Loss: 0.9070, Acc(1): 75.00, Acc(5): 100.00
2023-06-19 16:34:10,216 - AUGCON - INFO - Epoch [10/50]-(15/22) Loss: 0.5811, Acc(1): 100.00, Acc(5): 100.00
2023-06-19 16:34:10,216 - AUGCON - INFO - Epoch [10/50]-(20/22) Loss: 0.7871, Acc(1): 100.00, Acc(5): 100.00
2023-06-19 16:34:10,217 - AUGCON - INFO - 	Validation Loss: 0.9981, Acc(1): 79.00, Acc(5): 97.00, F1: 0.16, Recall: 0.16, Precision: 0.17
2023-06-19 16:34:10,217 - AUGCON - INFO - Epoch [11/50]-(0/22) Loss: 1.1026, Acc(1): 75.00, Acc(5): 100.00
2023-06-19 16:34:10,217 - AUGCON - INFO - Epoch [11/50]-(5/22) Loss: 0.6050, Acc(1): 100.00, Acc(5): 100.00
2023-06-19 16:34:10,217 - AUGCON - INFO - Epoch [11/50]-(10/22) Loss: 1.0224, Acc(1): 75.00, Acc(5): 100.00
2023-06-19 16:34:10,217 - AUGCON - INFO - Epoch [11/50]-(15/22) Loss: 1.8023, Acc(1): 50.00, Acc(5): 100.00
2023-06-19 16:34:10,217 - AUGCON - INFO - Epoch [11/50]-(20/22) Loss: 0.8047, Acc(1): 100.00, Acc(5): 100.00
2023-06-19 16:34:10,217 - AUGCON - INFO - 	Validation Loss: 0.9928, Acc(1): 84.00, Acc(5): 95.00, F1: 0.17, Recall: 0.17, Precision: 0.17
2023-06-19 16:34:10,217 - AUGCON - INFO - Epoch [12/50]-(0/22) Loss: 1.2503, Acc(1): 50.00, Acc(5): 100.00
2023-06-19 16:34:10,217 - AUGCON - INFO - Epoch [12/50]-(5/22) Loss: 0.5396, Acc(1): 100.00, Acc(5): 100.00
2023-06-19 16:34:10,217 - AUGCON - INFO - Epoch [12/50]-(10/22) Loss: 0.9500, Acc(1): 75.00, Acc(5): 100.00
2023-06-19 16:34:10,217 - AUGCON - INFO - Epoch [12/50]-(15/22) Loss: 0.6751, Acc(1): 100.00, Acc(5): 100.00
2023-06-19 16:34:10,217 - AUGCON - INFO - Epoch [12/50]-(20/22) Loss: 0.7186, Acc(1): 100.00, Acc(5): 100.00
2023-06-19 16:34:10,218 - AUGCON - INFO - 	Validation Loss: 0.9679, Acc(1): 79.00, Acc(5): 96.00, F1: 0.16, Recall: 0.16, Precision: 0.17
2023-06-19 16:34:10,218 - AUGCON - INFO - Epoch [13/50]-(0/22) Loss: 0.8654, Acc(1): 75.00, Acc(5): 100.00
2023-06-19 16:34:10,218 - AUGCON - INFO - Epoch [13/50]-(5/22) Loss: 0.5948, Acc(1): 100.00, Acc(5): 100.00
2023-06-19 16:34:10,218 - AUGCON - INFO - Epoch [13/50]-(10/22) Loss: 1.6437, Acc(1): 25.00, Acc(5): 100.00
2023-06-19 16:34:10,218 - AUGCON - INFO - Epoch [13/50]-(15/22) Loss: 0.5009, Acc(1): 100.00, Acc(5): 100.00
2023-06-19 16:34:10,218 - AUGCON - INFO - Epoch [13/50]-(20/22) Loss: 0.6488, Acc(1): 100.00, Acc(5): 100.00
2023-06-19 16:34:10,218 - AUGCON - INFO - 	Validation Loss: 0.9553, Acc(1): 79.00, Acc(5): 96.00, F1: 0.16, Recall: 0.16, Precision: 0.16
2023-06-19 16:34:10,218 - AUGCON - INFO - Epoch [14/50]-(0/22) Loss: 0.7848, Acc(1): 75.00, Acc(5): 100.00
2023-06-19 16:34:10,218 - AUGCON - INFO - Epoch [14/50]-(5/22) Loss: 0.6126, Acc(1): 75.00, Acc(5): 100.00
2023-06-19 16:34:10,218 - AUGCON - INFO - Epoch [14/50]-(10/22) Loss: 0.9444, Acc(1): 50.00, Acc(5): 100.00
2023-06-19 16:34:10,218 - AUGCON - INFO - Epoch [14/50]-(15/22) Loss: 0.9841, Acc(1): 75.00, Acc(5): 100.00
2023-06-19 16:34:10,218 - AUGCON - INFO - Epoch [14/50]-(20/22) Loss: 0.8510, Acc(1): 75.00, Acc(5): 100.00
2023-06-19 16:34:10,219 - AUGCON - INFO - 	Validation Loss: 0.9469, Acc(1): 80.00, Acc(5): 96.00, F1: 0.16, Recall: 0.16, Precision: 0.16
2023-06-19 16:34:10,219 - AUGCON - INFO - Epoch [15/50]-(0/22) Loss: 0.3518, Acc(1): 100.00, Acc(5): 100.00
2023-06-19 16:34:10,219 - AUGCON - INFO - Epoch [15/50]-(5/22) Loss: 1.4662, Acc(1): 75.00, Acc(5): 100.00
2023-06-19 16:34:10,219 - AUGCON - INFO - Epoch [15/50]-(10/22) Loss: 0.4220, Acc(1): 100.00, Acc(5): 100.00
2023-06-19 16:34:10,219 - AUGCON - INFO - Epoch [15/50]-(15/22) Loss: 1.6360, Acc(1): 50.00, Acc(5): 100.00
2023-06-19 16:34:10,219 - AUGCON - INFO - Epoch [15/50]-(20/22) Loss: 0.6274, Acc(1): 100.00, Acc(5): 100.00
2023-06-19 16:34:10,219 - AUGCON - INFO - 	Validation Loss: 0.9288, Acc(1): 78.00, Acc(5): 97.00, F1: 0.16, Recall: 0.16, Precision: 0.16
2023-06-19 16:34:10,219 - AUGCON - INFO - Epoch [16/50]-(0/22) Loss: 0.7280, Acc(1): 100.00, Acc(5): 100.00
2023-06-19 16:34:10,219 - AUGCON - INFO - Epoch [16/50]-(5/22) Loss: 0.4045, Acc(1): 100.00, Acc(5): 100.00
2023-06-19 16:34:10,219 - AUGCON - INFO - Epoch [16/50]-(10/22) Loss: 0.7696, Acc(1): 75.00, Acc(5): 100.00
2023-06-19 16:34:10,219 - AUGCON - INFO - Epoch [16/50]-(15/22) Loss: 1.2507, Acc(1): 75.00, Acc(5): 75.00
2023-06-19 16:34:10,220 - AUGCON - INFO - Epoch [16/50]-(20/22) Loss: 1.2732, Acc(1): 50.00, Acc(5): 100.00
2023-06-19 16:34:10,220 - AUGCON - INFO - 	Validation Loss: 0.9850, Acc(1): 76.00, Acc(5): 95.00, F1: 0.16, Recall: 0.15, Precision: 0.16
2023-06-19 16:34:10,220 - AUGCON - INFO - Epoch [17/50]-(0/22) Loss: 1.1546, Acc(1): 50.00, Acc(5): 100.00
2023-06-19 16:34:10,220 - AUGCON - INFO - Epoch [17/50]-(5/22) Loss: 0.5736, Acc(1): 75.00, Acc(5): 100.00
2023-06-19 16:34:10,220 - AUGCON - INFO - Epoch [17/50]-(10/22) Loss: 0.6427, Acc(1): 50.00, Acc(5): 100.00
2023-06-19 16:34:10,220 - AUGCON - INFO - Epoch [17/50]-(15/22) Loss: 1.2132, Acc(1): 75.00, Acc(5): 100.00
2023-06-19 16:34:10,220 - AUGCON - INFO - Epoch [17/50]-(20/22) Loss: 1.0396, Acc(1): 75.00, Acc(5): 100.00
2023-06-19 16:34:10,220 - AUGCON - INFO - 	Validation Loss: 0.9065, Acc(1): 80.00, Acc(5): 97.00, F1: 0.16, Recall: 0.16, Precision: 0.16
2023-06-19 16:34:10,220 - AUGCON - INFO - Epoch [18/50]-(0/22) Loss: 0.6157, Acc(1): 75.00, Acc(5): 100.00
2023-06-19 16:34:10,220 - AUGCON - INFO - Epoch [18/50]-(5/22) Loss: 0.4611, Acc(1): 100.00, Acc(5): 100.00
2023-06-19 16:34:10,220 - AUGCON - INFO - Epoch [18/50]-(10/22) Loss: 2.0090, Acc(1): 25.00, Acc(5): 75.00
2023-06-19 16:34:10,220 - AUGCON - INFO - Epoch [18/50]-(15/22) Loss: 0.5909, Acc(1): 100.00, Acc(5): 100.00
2023-06-19 16:34:10,221 - AUGCON - INFO - Epoch [18/50]-(20/22) Loss: 1.1489, Acc(1): 75.00, Acc(5): 100.00
2023-06-19 16:34:10,221 - AUGCON - INFO - 	Validation Loss: 0.9090, Acc(1): 80.00, Acc(5): 97.00, F1: 0.16, Recall: 0.16, Precision: 0.16
2023-06-19 16:34:10,221 - AUGCON - INFO - Epoch [19/50]-(0/22) Loss: 0.5492, Acc(1): 75.00, Acc(5): 100.00
2023-06-19 16:34:10,221 - AUGCON - INFO - Epoch [19/50]-(5/22) Loss: 0.6353, Acc(1): 75.00, Acc(5): 100.00
2023-06-19 16:34:10,221 - AUGCON - INFO - Epoch [19/50]-(10/22) Loss: 0.7176, Acc(1): 50.00, Acc(5): 100.00
2023-06-19 16:34:10,221 - AUGCON - INFO - Epoch [19/50]-(15/22) Loss: 0.3660, Acc(1): 100.00, Acc(5): 100.00
2023-06-19 16:34:10,221 - AUGCON - INFO - Epoch [19/50]-(20/22) Loss: 0.5565, Acc(1): 100.00, Acc(5): 100.00
2023-06-19 16:34:10,221 - AUGCON - INFO - 	Validation Loss: 0.9165, Acc(1): 79.00, Acc(5): 97.00, F1: 0.16, Recall: 0.16, Precision: 0.16
2023-06-19 16:34:10,221 - AUGCON - INFO - Epoch [20/50]-(0/22) Loss: 0.5213, Acc(1): 100.00, Acc(5): 100.00
2023-06-19 16:34:10,221 - AUGCON - INFO - Epoch [20/50]-(5/22) Loss: 0.8709, Acc(1): 75.00, Acc(5): 100.00
2023-06-19 16:34:10,221 - AUGCON - INFO - Epoch [20/50]-(10/22) Loss: 1.5163, Acc(1): 50.00, Acc(5): 75.00
2023-06-19 16:34:10,221 - AUGCON - INFO - Epoch [20/50]-(15/22) Loss: 0.8352, Acc(1): 75.00, Acc(5): 100.00
2023-06-19 16:34:10,222 - AUGCON - INFO - Epoch [20/50]-(20/22) Loss: 0.5812, Acc(1): 75.00, Acc(5): 100.00
2023-06-19 16:34:10,222 - AUGCON - INFO - 	Validation Loss: 0.9166, Acc(1): 82.00, Acc(5): 95.00, F1: 0.17, Recall: 0.17, Precision: 0.17
2023-06-19 16:34:10,222 - AUGCON - INFO - Epoch [21/50]-(0/22) Loss: 0.2767, Acc(1): 100.00, Acc(5): 100.00
2023-06-19 16:34:10,222 - AUGCON - INFO - Epoch [21/50]-(5/22) Loss: 0.7999, Acc(1): 75.00, Acc(5): 100.00
2023-06-19 16:34:10,222 - AUGCON - INFO - Epoch [21/50]-(10/22) Loss: 0.8754, Acc(1): 75.00, Acc(5): 100.00
2023-06-19 16:34:10,222 - AUGCON - INFO - Epoch [21/50]-(15/22) Loss: 0.9545, Acc(1): 75.00, Acc(5): 100.00
2023-06-19 16:34:10,222 - AUGCON - INFO - Epoch [21/50]-(20/22) Loss: 0.2741, Acc(1): 100.00, Acc(5): 100.00
2023-06-19 16:34:10,222 - AUGCON - INFO - 	Validation Loss: 0.8894, Acc(1): 77.00, Acc(5): 95.00, F1: 0.16, Recall: 0.15, Precision: 0.16
2023-06-19 16:34:10,222 - AUGCON - INFO - Epoch [22/50]-(0/22) Loss: 0.9723, Acc(1): 50.00, Acc(5): 100.00
2023-06-19 16:34:10,222 - AUGCON - INFO - Epoch [22/50]-(5/22) Loss: 0.5886, Acc(1): 100.00, Acc(5): 100.00
2023-06-19 16:34:10,222 - AUGCON - INFO - Epoch [22/50]-(10/22) Loss: 1.2871, Acc(1): 25.00, Acc(5): 100.00
2023-06-19 16:34:10,222 - AUGCON - INFO - Epoch [22/50]-(15/22) Loss: 1.3644, Acc(1): 50.00, Acc(5): 100.00
2023-06-19 16:34:10,223 - AUGCON - INFO - Epoch [22/50]-(20/22) Loss: 0.6284, Acc(1): 100.00, Acc(5): 100.00
2023-06-19 16:34:10,223 - AUGCON - INFO - 	Validation Loss: 0.9314, Acc(1): 78.00, Acc(5): 98.00, F1: 0.16, Recall: 0.16, Precision: 0.15
2023-06-19 16:34:10,223 - AUGCON - INFO - Epoch [23/50]-(0/22) Loss: 0.3530, Acc(1): 100.00, Acc(5): 100.00
2023-06-19 16:34:10,223 - AUGCON - INFO - Epoch [23/50]-(5/22) Loss: 0.5911, Acc(1): 75.00, Acc(5): 100.00
2023-06-19 16:34:10,223 - AUGCON - INFO - Epoch [23/50]-(10/22) Loss: 0.8641, Acc(1): 75.00, Acc(5): 100.00
2023-06-19 16:34:10,223 - AUGCON - INFO - Epoch [23/50]-(15/22) Loss: 0.9765, Acc(1): 75.00, Acc(5): 100.00
2023-06-19 16:34:10,223 - AUGCON - INFO - Epoch [23/50]-(20/22) Loss: 0.4711, Acc(1): 75.00, Acc(5): 100.00
2023-06-19 16:34:10,223 - AUGCON - INFO - 	Validation Loss: 0.8859, Acc(1): 82.00, Acc(5): 96.00, F1: 0.17, Recall: 0.17, Precision: 0.17
2023-06-19 16:34:10,223 - AUGCON - INFO - Epoch [24/50]-(0/22) Loss: 0.6233, Acc(1): 75.00, Acc(5): 100.00
2023-06-19 16:34:10,223 - AUGCON - INFO - Epoch [24/50]-(5/22) Loss: 1.1237, Acc(1): 50.00, Acc(5): 100.00
2023-06-19 16:34:10,223 - AUGCON - INFO - Epoch [24/50]-(10/22) Loss: 0.4311, Acc(1): 100.00, Acc(5): 100.00
2023-06-19 16:34:10,224 - AUGCON - INFO - Epoch [24/50]-(15/22) Loss: 0.9143, Acc(1): 50.00, Acc(5): 100.00
2023-06-19 16:34:10,224 - AUGCON - INFO - Epoch [24/50]-(20/22) Loss: 0.4782, Acc(1): 100.00, Acc(5): 100.00
2023-06-19 16:34:10,224 - AUGCON - INFO - 	Validation Loss: 0.8914, Acc(1): 84.00, Acc(5): 97.00, F1: 0.17, Recall: 0.17, Precision: 0.17
2023-06-19 16:34:10,224 - AUGCON - INFO - Epoch [25/50]-(0/22) Loss: 0.3762, Acc(1): 100.00, Acc(5): 100.00
2023-06-19 16:34:10,224 - AUGCON - INFO - Epoch [25/50]-(5/22) Loss: 0.9172, Acc(1): 75.00, Acc(5): 100.00
2023-06-19 16:34:10,224 - AUGCON - INFO - Epoch [25/50]-(10/22) Loss: 0.3694, Acc(1): 100.00, Acc(5): 100.00
2023-06-19 16:34:10,224 - AUGCON - INFO - Epoch [25/50]-(15/22) Loss: 1.5867, Acc(1): 25.00, Acc(5): 100.00
2023-06-19 16:34:10,224 - AUGCON - INFO - Epoch [25/50]-(20/22) Loss: 0.5387, Acc(1): 75.00, Acc(5): 100.00
2023-06-19 16:34:10,224 - AUGCON - INFO - 	Validation Loss: 0.8915, Acc(1): 78.00, Acc(5): 97.00, F1: 0.16, Recall: 0.16, Precision: 0.16
2023-06-19 16:34:10,224 - AUGCON - INFO - Epoch [26/50]-(0/22) Loss: 1.0928, Acc(1): 50.00, Acc(5): 100.00
2023-06-19 16:34:10,224 - AUGCON - INFO - Epoch [26/50]-(5/22) Loss: 1.1782, Acc(1): 75.00, Acc(5): 75.00
2023-06-19 16:34:10,225 - AUGCON - INFO - Epoch [26/50]-(10/22) Loss: 1.1204, Acc(1): 75.00, Acc(5): 100.00
2023-06-19 16:34:10,225 - AUGCON - INFO - Epoch [26/50]-(15/22) Loss: 0.1568, Acc(1): 100.00, Acc(5): 100.00
2023-06-19 16:34:10,225 - AUGCON - INFO - Epoch [26/50]-(20/22) Loss: 0.4408, Acc(1): 100.00, Acc(5): 100.00
2023-06-19 16:34:10,225 - AUGCON - INFO - 	Validation Loss: 0.8859, Acc(1): 80.00, Acc(5): 96.00, F1: 0.16, Recall: 0.16, Precision: 0.16
2023-06-19 16:34:10,225 - AUGCON - INFO - Epoch [27/50]-(0/22) Loss: 1.7128, Acc(1): 50.00, Acc(5): 75.00
2023-06-19 16:34:10,225 - AUGCON - INFO - Epoch [27/50]-(5/22) Loss: 0.7105, Acc(1): 75.00, Acc(5): 100.00
2023-06-19 16:34:10,225 - AUGCON - INFO - Epoch [27/50]-(10/22) Loss: 0.5524, Acc(1): 100.00, Acc(5): 100.00
2023-06-19 16:34:10,225 - AUGCON - INFO - Epoch [27/50]-(15/22) Loss: 0.3084, Acc(1): 100.00, Acc(5): 100.00
2023-06-19 16:34:10,225 - AUGCON - INFO - Epoch [27/50]-(20/22) Loss: 1.1691, Acc(1): 50.00, Acc(5): 100.00
2023-06-19 16:34:10,225 - AUGCON - INFO - 	Validation Loss: 0.8932, Acc(1): 79.00, Acc(5): 97.00, F1: 0.16, Recall: 0.16, Precision: 0.16
2023-06-19 16:34:10,225 - AUGCON - INFO - Epoch [28/50]-(0/22) Loss: 1.0428, Acc(1): 75.00, Acc(5): 100.00
2023-06-19 16:34:10,225 - AUGCON - INFO - Epoch [28/50]-(5/22) Loss: 1.3492, Acc(1): 25.00, Acc(5): 100.00
2023-06-19 16:34:10,226 - AUGCON - INFO - Epoch [28/50]-(10/22) Loss: 1.0147, Acc(1): 75.00, Acc(5): 100.00
2023-06-19 16:34:10,226 - AUGCON - INFO - Epoch [28/50]-(15/22) Loss: 0.4197, Acc(1): 100.00, Acc(5): 100.00
2023-06-19 16:34:10,226 - AUGCON - INFO - Epoch [28/50]-(20/22) Loss: 0.6329, Acc(1): 75.00, Acc(5): 100.00
2023-06-19 16:34:10,226 - AUGCON - INFO - 	Validation Loss: 0.8781, Acc(1): 81.00, Acc(5): 97.00, F1: 0.16, Recall: 0.16, Precision: 0.16
2023-06-19 16:34:10,226 - AUGCON - INFO - Epoch [29/50]-(0/22) Loss: 0.3088, Acc(1): 100.00, Acc(5): 100.00
2023-06-19 16:34:10,226 - AUGCON - INFO - Epoch [29/50]-(5/22) Loss: 0.7998, Acc(1): 75.00, Acc(5): 100.00
2023-06-19 16:34:10,226 - AUGCON - INFO - Epoch [29/50]-(10/22) Loss: 1.2581, Acc(1): 75.00, Acc(5): 100.00
2023-06-19 16:34:10,226 - AUGCON - INFO - Epoch [29/50]-(15/22) Loss: 0.7050, Acc(1): 75.00, Acc(5): 100.00
2023-06-19 16:34:10,226 - AUGCON - INFO - Epoch [29/50]-(20/22) Loss: 0.7706, Acc(1): 50.00, Acc(5): 100.00
2023-06-19 16:34:10,226 - AUGCON - INFO - 	Validation Loss: 0.9110, Acc(1): 78.00, Acc(5): 95.00, F1: 0.16, Recall: 0.16, Precision: 0.15
2023-06-19 16:34:10,226 - AUGCON - INFO - Epoch [30/50]-(0/22) Loss: 0.4436, Acc(1): 100.00, Acc(5): 100.00
2023-06-19 16:34:10,227 - AUGCON - INFO - Epoch [30/50]-(5/22) Loss: 0.8201, Acc(1): 75.00, Acc(5): 100.00
2023-06-19 16:34:10,227 - AUGCON - INFO - Epoch [30/50]-(10/22) Loss: 0.7211, Acc(1): 50.00, Acc(5): 100.00
2023-06-19 16:34:10,227 - AUGCON - INFO - Epoch [30/50]-(15/22) Loss: 0.3535, Acc(1): 100.00, Acc(5): 100.00
2023-06-19 16:34:10,227 - AUGCON - INFO - Epoch [30/50]-(20/22) Loss: 0.4196, Acc(1): 100.00, Acc(5): 100.00
2023-06-19 16:34:10,227 - AUGCON - INFO - 	Validation Loss: 0.8800, Acc(1): 77.00, Acc(5): 96.00, F1: 0.15, Recall: 0.16, Precision: 0.15
2023-06-19 16:34:10,227 - AUGCON - INFO - Epoch [31/50]-(0/22) Loss: 1.1856, Acc(1): 50.00, Acc(5): 100.00
2023-06-19 16:34:10,227 - AUGCON - INFO - Epoch [31/50]-(5/22) Loss: 0.6574, Acc(1): 75.00, Acc(5): 100.00
2023-06-19 16:34:10,227 - AUGCON - INFO - Epoch [31/50]-(10/22) Loss: 0.5589, Acc(1): 75.00, Acc(5): 100.00
2023-06-19 16:34:10,227 - AUGCON - INFO - Epoch [31/50]-(15/22) Loss: 1.1560, Acc(1): 75.00, Acc(5): 75.00
2023-06-19 16:34:10,227 - AUGCON - INFO - Epoch [31/50]-(20/22) Loss: 0.5314, Acc(1): 100.00, Acc(5): 100.00
2023-06-19 16:34:10,227 - AUGCON - INFO - 	Validation Loss: 0.8846, Acc(1): 81.00, Acc(5): 96.00, F1: 0.17, Recall: 0.17, Precision: 0.17
2023-06-19 16:34:10,227 - AUGCON - INFO - Epoch [32/50]-(0/22) Loss: 0.1916, Acc(1): 100.00, Acc(5): 100.00
2023-06-19 16:34:10,228 - AUGCON - INFO - Epoch [32/50]-(5/22) Loss: 0.2732, Acc(1): 100.00, Acc(5): 100.00
2023-06-19 16:34:10,228 - AUGCON - INFO - Epoch [32/50]-(10/22) Loss: 0.3515, Acc(1): 100.00, Acc(5): 100.00
2023-06-19 16:34:10,228 - AUGCON - INFO - Epoch [32/50]-(15/22) Loss: 0.4976, Acc(1): 100.00, Acc(5): 100.00
2023-06-19 16:34:10,228 - AUGCON - INFO - Epoch [32/50]-(20/22) Loss: 1.4117, Acc(1): 50.00, Acc(5): 100.00
2023-06-19 16:34:10,228 - AUGCON - INFO - 	Validation Loss: 0.9025, Acc(1): 77.00, Acc(5): 96.00, F1: 0.15, Recall: 0.15, Precision: 0.15
2023-06-19 16:34:10,228 - AUGCON - INFO - Epoch [33/50]-(0/22) Loss: 0.3990, Acc(1): 75.00, Acc(5): 100.00
2023-06-19 16:34:10,228 - AUGCON - INFO - Epoch [33/50]-(5/22) Loss: 1.0614, Acc(1): 75.00, Acc(5): 100.00
2023-06-19 16:34:10,228 - AUGCON - INFO - Epoch [33/50]-(10/22) Loss: 1.3452, Acc(1): 50.00, Acc(5): 100.00
2023-06-19 16:34:10,228 - AUGCON - INFO - Epoch [33/50]-(15/22) Loss: 1.0976, Acc(1): 50.00, Acc(5): 100.00
2023-06-19 16:34:10,228 - AUGCON - INFO - Epoch [33/50]-(20/22) Loss: 0.8719, Acc(1): 75.00, Acc(5): 100.00
2023-06-19 16:34:10,228 - AUGCON - INFO - 	Validation Loss: 0.8844, Acc(1): 79.00, Acc(5): 97.00, F1: 0.16, Recall: 0.16, Precision: 0.16
2023-06-19 16:34:10,228 - AUGCON - INFO - Epoch [34/50]-(0/22) Loss: 0.5233, Acc(1): 100.00, Acc(5): 100.00
2023-06-19 16:34:10,229 - AUGCON - INFO - Epoch [34/50]-(5/22) Loss: 0.6240, Acc(1): 50.00, Acc(5): 100.00
2023-06-19 16:34:10,229 - AUGCON - INFO - Epoch [34/50]-(10/22) Loss: 0.3606, Acc(1): 100.00, Acc(5): 100.00
2023-06-19 16:34:10,229 - AUGCON - INFO - Epoch [34/50]-(15/22) Loss: 1.1510, Acc(1): 75.00, Acc(5): 100.00
2023-06-19 16:34:10,229 - AUGCON - INFO - Epoch [34/50]-(20/22) Loss: 0.6384, Acc(1): 75.00, Acc(5): 100.00
2023-06-19 16:34:10,229 - AUGCON - INFO - 	Validation Loss: 0.8990, Acc(1): 80.00, Acc(5): 97.00, F1: 0.16, Recall: 0.16, Precision: 0.16
2023-06-19 16:34:10,229 - AUGCON - INFO - Epoch [35/50]-(0/22) Loss: 0.9685, Acc(1): 50.00, Acc(5): 100.00
2023-06-19 16:34:10,229 - AUGCON - INFO - Epoch [35/50]-(5/22) Loss: 0.6659, Acc(1): 50.00, Acc(5): 100.00
2023-06-19 16:34:10,229 - AUGCON - INFO - Epoch [35/50]-(10/22) Loss: 0.2572, Acc(1): 100.00, Acc(5): 100.00
2023-06-19 16:34:10,229 - AUGCON - INFO - Epoch [35/50]-(15/22) Loss: 0.6880, Acc(1): 75.00, Acc(5): 100.00
2023-06-19 16:34:10,229 - AUGCON - INFO - Epoch [35/50]-(20/22) Loss: 0.5789, Acc(1): 75.00, Acc(5): 100.00
2023-06-19 16:34:10,229 - AUGCON - INFO - 	Validation Loss: 0.9375, Acc(1): 76.00, Acc(5): 97.00, F1: 0.15, Recall: 0.15, Precision: 0.16
2023-06-19 16:34:10,229 - AUGCON - INFO - Epoch [36/50]-(0/22) Loss: 0.4845, Acc(1): 100.00, Acc(5): 100.00
2023-06-19 16:34:10,230 - AUGCON - INFO - Epoch [36/50]-(5/22) Loss: 0.6657, Acc(1): 75.00, Acc(5): 100.00
2023-06-19 16:34:10,230 - AUGCON - INFO - Epoch [36/50]-(10/22) Loss: 1.6587, Acc(1): 50.00, Acc(5): 75.00
2023-06-19 16:34:10,230 - AUGCON - INFO - Epoch [36/50]-(15/22) Loss: 1.3614, Acc(1): 50.00, Acc(5): 100.00
2023-06-19 16:34:10,230 - AUGCON - INFO - Epoch [36/50]-(20/22) Loss: 0.3777, Acc(1): 100.00, Acc(5): 100.00
2023-06-19 16:34:10,230 - AUGCON - INFO - 	Validation Loss: 0.9112, Acc(1): 76.00, Acc(5): 96.00, F1: 0.15, Recall: 0.15, Precision: 0.15
2023-06-19 16:34:10,230 - AUGCON - INFO - Epoch [37/50]-(0/22) Loss: 0.3191, Acc(1): 100.00, Acc(5): 100.00
2023-06-19 16:34:10,230 - AUGCON - INFO - Epoch [37/50]-(5/22) Loss: 0.7939, Acc(1): 75.00, Acc(5): 100.00
2023-06-19 16:34:10,230 - AUGCON - INFO - Epoch [37/50]-(10/22) Loss: 0.4315, Acc(1): 100.00, Acc(5): 100.00
2023-06-19 16:34:10,230 - AUGCON - INFO - Epoch [37/50]-(15/22) Loss: 0.3911, Acc(1): 100.00, Acc(5): 100.00
2023-06-19 16:34:10,230 - AUGCON - INFO - Epoch [37/50]-(20/22) Loss: 1.3056, Acc(1): 50.00, Acc(5): 100.00
2023-06-19 16:34:10,230 - AUGCON - INFO - 	Validation Loss: 0.9117, Acc(1): 79.00, Acc(5): 95.00, F1: 0.16, Recall: 0.16, Precision: 0.15
2023-06-19 16:34:10,231 - AUGCON - INFO - Epoch [38/50]-(0/22) Loss: 0.4181, Acc(1): 100.00, Acc(5): 100.00
2023-06-19 16:34:10,231 - AUGCON - INFO - Epoch [38/50]-(5/22) Loss: 0.4113, Acc(1): 75.00, Acc(5): 100.00
2023-06-19 16:34:10,231 - AUGCON - INFO - Epoch [38/50]-(10/22) Loss: 0.9195, Acc(1): 75.00, Acc(5): 100.00
2023-06-19 16:34:10,231 - AUGCON - INFO - Epoch [38/50]-(15/22) Loss: 0.9098, Acc(1): 50.00, Acc(5): 100.00
2023-06-19 16:34:10,231 - AUGCON - INFO - Epoch [38/50]-(20/22) Loss: 0.4929, Acc(1): 75.00, Acc(5): 100.00
2023-06-19 16:34:10,231 - AUGCON - INFO - 	Validation Loss: 0.8823, Acc(1): 79.00, Acc(5): 97.00, F1: 0.16, Recall: 0.16, Precision: 0.16
2023-06-19 16:34:10,231 - AUGCON - INFO - Epoch [39/50]-(0/22) Loss: 0.4612, Acc(1): 100.00, Acc(5): 100.00
2023-06-19 16:34:10,231 - AUGCON - INFO - Epoch [39/50]-(5/22) Loss: 0.2310, Acc(1): 100.00, Acc(5): 100.00
2023-06-19 16:34:10,231 - AUGCON - INFO - Epoch [39/50]-(10/22) Loss: 0.6251, Acc(1): 75.00, Acc(5): 100.00
2023-06-19 16:34:10,231 - AUGCON - INFO - Epoch [39/50]-(15/22) Loss: 0.2818, Acc(1): 100.00, Acc(5): 100.00
2023-06-19 16:34:10,231 - AUGCON - INFO - Epoch [39/50]-(20/22) Loss: 0.7451, Acc(1): 75.00, Acc(5): 100.00
2023-06-19 16:34:10,231 - AUGCON - INFO - 	Validation Loss: 0.8958, Acc(1): 82.00, Acc(5): 97.00, F1: 0.17, Recall: 0.17, Precision: 0.16
2023-06-19 16:34:10,232 - AUGCON - INFO - Epoch [40/50]-(0/22) Loss: 0.2442, Acc(1): 100.00, Acc(5): 100.00
2023-06-19 16:34:10,232 - AUGCON - INFO - Epoch [40/50]-(5/22) Loss: 0.3690, Acc(1): 100.00, Acc(5): 100.00
2023-06-19 16:34:10,232 - AUGCON - INFO - Epoch [40/50]-(10/22) Loss: 0.8213, Acc(1): 50.00, Acc(5): 100.00
2023-06-19 16:34:10,232 - AUGCON - INFO - Epoch [40/50]-(15/22) Loss: 1.0433, Acc(1): 50.00, Acc(5): 100.00
2023-06-19 16:34:10,232 - AUGCON - INFO - Epoch [40/50]-(20/22) Loss: 0.7993, Acc(1): 50.00, Acc(5): 100.00
2023-06-19 16:34:10,232 - AUGCON - INFO - 	Validation Loss: 0.8912, Acc(1): 80.00, Acc(5): 96.00, F1: 0.16, Recall: 0.16, Precision: 0.16
2023-06-19 16:34:10,232 - AUGCON - INFO - Epoch [41/50]-(0/22) Loss: 0.5597, Acc(1): 75.00, Acc(5): 100.00
2023-06-19 16:34:10,232 - AUGCON - INFO - Epoch [41/50]-(5/22) Loss: 0.4845, Acc(1): 100.00, Acc(5): 100.00
2023-06-19 16:34:10,232 - AUGCON - INFO - Epoch [41/50]-(10/22) Loss: 0.8303, Acc(1): 75.00, Acc(5): 100.00
2023-06-19 16:34:10,232 - AUGCON - INFO - Epoch [41/50]-(15/22) Loss: 0.4837, Acc(1): 75.00, Acc(5): 100.00
2023-06-19 16:34:10,232 - AUGCON - INFO - Epoch [41/50]-(20/22) Loss: 1.0889, Acc(1): 75.00, Acc(5): 100.00
2023-06-19 16:34:10,233 - AUGCON - INFO - 	Validation Loss: 0.8690, Acc(1): 79.00, Acc(5): 98.00, F1: 0.16, Recall: 0.16, Precision: 0.16
2023-06-19 16:34:10,233 - AUGCON - INFO - Epoch [42/50]-(0/22) Loss: 1.2315, Acc(1): 25.00, Acc(5): 100.00
2023-06-19 16:34:10,233 - AUGCON - INFO - Epoch [42/50]-(5/22) Loss: 0.3247, Acc(1): 100.00, Acc(5): 100.00
2023-06-19 16:34:10,233 - AUGCON - INFO - Epoch [42/50]-(10/22) Loss: 1.0195, Acc(1): 75.00, Acc(5): 100.00
2023-06-19 16:34:10,233 - AUGCON - INFO - Epoch [42/50]-(15/22) Loss: 0.8419, Acc(1): 50.00, Acc(5): 100.00
2023-06-19 16:34:10,233 - AUGCON - INFO - Epoch [42/50]-(20/22) Loss: 0.4858, Acc(1): 75.00, Acc(5): 100.00
2023-06-19 16:34:10,233 - AUGCON - INFO - 	Validation Loss: 0.8502, Acc(1): 79.00, Acc(5): 98.00, F1: 0.16, Recall: 0.16, Precision: 0.16
2023-06-19 16:34:10,233 - AUGCON - INFO - Epoch [43/50]-(0/22) Loss: 0.4066, Acc(1): 75.00, Acc(5): 100.00
2023-06-19 16:34:10,233 - AUGCON - INFO - Epoch [43/50]-(5/22) Loss: 0.3868, Acc(1): 75.00, Acc(5): 100.00
2023-06-19 16:34:10,233 - AUGCON - INFO - Epoch [43/50]-(10/22) Loss: 0.8772, Acc(1): 75.00, Acc(5): 100.00
2023-06-19 16:34:10,233 - AUGCON - INFO - Epoch [43/50]-(15/22) Loss: 0.6638, Acc(1): 75.00, Acc(5): 100.00
2023-06-19 16:34:10,233 - AUGCON - INFO - Epoch [43/50]-(20/22) Loss: 0.2917, Acc(1): 100.00, Acc(5): 100.00
2023-06-19 16:34:10,234 - AUGCON - INFO - 	Validation Loss: 0.8880, Acc(1): 80.00, Acc(5): 97.00, F1: 0.16, Recall: 0.16, Precision: 0.16
2023-06-19 16:34:10,234 - AUGCON - INFO - Epoch [44/50]-(0/22) Loss: 0.3103, Acc(1): 100.00, Acc(5): 100.00
2023-06-19 16:34:10,234 - AUGCON - INFO - Epoch [44/50]-(5/22) Loss: 0.7177, Acc(1): 75.00, Acc(5): 100.00
2023-06-19 16:34:10,234 - AUGCON - INFO - Epoch [44/50]-(10/22) Loss: 0.8998, Acc(1): 75.00, Acc(5): 100.00
2023-06-19 16:34:10,234 - AUGCON - INFO - Epoch [44/50]-(15/22) Loss: 0.6942, Acc(1): 75.00, Acc(5): 100.00
2023-06-19 16:34:10,234 - AUGCON - INFO - Epoch [44/50]-(20/22) Loss: 0.6255, Acc(1): 100.00, Acc(5): 100.00
2023-06-19 16:34:10,234 - AUGCON - INFO - 	Validation Loss: 0.8796, Acc(1): 79.00, Acc(5): 96.00, F1: 0.16, Recall: 0.16, Precision: 0.15
2023-06-19 16:34:10,234 - AUGCON - INFO - Epoch [45/50]-(0/22) Loss: 0.5450, Acc(1): 100.00, Acc(5): 100.00
2023-06-19 16:34:10,234 - AUGCON - INFO - Epoch [45/50]-(5/22) Loss: 1.4539, Acc(1): 25.00, Acc(5): 100.00
2023-06-19 16:34:10,234 - AUGCON - INFO - Epoch [45/50]-(10/22) Loss: 0.3461, Acc(1): 100.00, Acc(5): 100.00
2023-06-19 16:34:10,234 - AUGCON - INFO - Epoch [45/50]-(15/22) Loss: 0.6738, Acc(1): 75.00, Acc(5): 100.00
2023-06-19 16:34:10,235 - AUGCON - INFO - Epoch [45/50]-(20/22) Loss: 0.5176, Acc(1): 75.00, Acc(5): 100.00
2023-06-19 16:34:10,235 - AUGCON - INFO - 	Validation Loss: 0.9324, Acc(1): 75.00, Acc(5): 95.00, F1: 0.15, Recall: 0.15, Precision: 0.15
2023-06-19 16:34:10,235 - AUGCON - INFO - Epoch [46/50]-(0/22) Loss: 0.5128, Acc(1): 75.00, Acc(5): 100.00
2023-06-19 16:34:10,235 - AUGCON - INFO - Epoch [46/50]-(5/22) Loss: 0.2826, Acc(1): 100.00, Acc(5): 100.00
2023-06-19 16:34:10,235 - AUGCON - INFO - Epoch [46/50]-(10/22) Loss: 0.5196, Acc(1): 75.00, Acc(5): 100.00
2023-06-19 16:34:10,235 - AUGCON - INFO - Epoch [46/50]-(15/22) Loss: 0.4930, Acc(1): 75.00, Acc(5): 100.00
2023-06-19 16:34:10,235 - AUGCON - INFO - Epoch [46/50]-(20/22) Loss: 0.9363, Acc(1): 50.00, Acc(5): 100.00
2023-06-19 16:34:10,235 - AUGCON - INFO - 	Validation Loss: 0.8943, Acc(1): 80.00, Acc(5): 97.00, F1: 0.16, Recall: 0.16, Precision: 0.16
2023-06-19 16:34:10,235 - AUGCON - INFO - Epoch [47/50]-(0/22) Loss: 0.8111, Acc(1): 50.00, Acc(5): 100.00
2023-06-19 16:34:10,235 - AUGCON - INFO - Epoch [47/50]-(5/22) Loss: 0.1934, Acc(1): 100.00, Acc(5): 100.00
2023-06-19 16:34:10,235 - AUGCON - INFO - Epoch [47/50]-(10/22) Loss: 0.2596, Acc(1): 100.00, Acc(5): 100.00
2023-06-19 16:34:10,235 - AUGCON - INFO - Epoch [47/50]-(15/22) Loss: 1.0419, Acc(1): 50.00, Acc(5): 100.00
2023-06-19 16:34:10,236 - AUGCON - INFO - Epoch [47/50]-(20/22) Loss: 0.7837, Acc(1): 75.00, Acc(5): 100.00
2023-06-19 16:34:10,236 - AUGCON - INFO - 	Validation Loss: 0.8956, Acc(1): 81.00, Acc(5): 97.00, F1: 0.16, Recall: 0.16, Precision: 0.16
2023-06-19 16:34:10,236 - AUGCON - INFO - Epoch [48/50]-(0/22) Loss: 0.6645, Acc(1): 75.00, Acc(5): 100.00
2023-06-19 16:34:10,236 - AUGCON - INFO - Epoch [48/50]-(5/22) Loss: 0.3218, Acc(1): 100.00, Acc(5): 100.00
2023-06-19 16:34:10,236 - AUGCON - INFO - Epoch [48/50]-(10/22) Loss: 0.4464, Acc(1): 75.00, Acc(5): 100.00
2023-06-19 16:34:10,236 - AUGCON - INFO - Epoch [48/50]-(15/22) Loss: 0.3202, Acc(1): 100.00, Acc(5): 100.00
2023-06-19 16:34:10,236 - AUGCON - INFO - Epoch [48/50]-(20/22) Loss: 0.6036, Acc(1): 75.00, Acc(5): 100.00
2023-06-19 16:34:10,236 - AUGCON - INFO - 	Validation Loss: 0.8962, Acc(1): 81.00, Acc(5): 97.00, F1: 0.16, Recall: 0.17, Precision: 0.16
2023-06-19 16:34:10,236 - AUGCON - INFO - Epoch [49/50]-(0/22) Loss: 0.4805, Acc(1): 75.00, Acc(5): 100.00
2023-06-19 16:34:10,236 - AUGCON - INFO - Epoch [49/50]-(5/22) Loss: 0.8895, Acc(1): 75.00, Acc(5): 100.00
2023-06-19 16:34:10,236 - AUGCON - INFO - Epoch [49/50]-(10/22) Loss: 1.3128, Acc(1): 50.00, Acc(5): 100.00
2023-06-19 16:34:10,237 - AUGCON - INFO - Epoch [49/50]-(15/22) Loss: 0.0596, Acc(1): 100.00, Acc(5): 100.00
2023-06-19 16:34:10,237 - AUGCON - INFO - Epoch [49/50]-(20/22) Loss: 0.5332, Acc(1): 75.00, Acc(5): 100.00
2023-06-19 16:34:10,237 - AUGCON - INFO - 	Validation Loss: 0.9284, Acc(1): 78.00, Acc(5): 97.00, F1: 0.16, Recall: 0.16, Precision: 0.16
2023-06-19 16:34:10,237 - AUGCON - INFO - Epoch [50/50]-(0/22) Loss: 1.0582, Acc(1): 50.00, Acc(5): 100.00
2023-06-19 16:34:10,237 - AUGCON - INFO - Epoch [50/50]-(5/22) Loss: 0.2355, Acc(1): 100.00, Acc(5): 100.00
2023-06-19 16:34:10,237 - AUGCON - INFO - Epoch [50/50]-(10/22) Loss: 0.1694, Acc(1): 100.00, Acc(5): 100.00
2023-06-19 16:34:10,237 - AUGCON - INFO - Epoch [50/50]-(15/22) Loss: 0.3918, Acc(1): 100.00, Acc(5): 100.00
2023-06-19 16:34:10,237 - AUGCON - INFO - Epoch [50/50]-(20/22) Loss: 0.4717, Acc(1): 75.00, Acc(5): 100.00
2023-06-19 16:34:10,237 - AUGCON - INFO - 	Validation Loss: 0.9074, Acc(1): 80.00, Acc(5): 98.00, F1: 0.16, Recall: 0.16, Precision: 0.16
2023-06-19 16:34:10,237 - AUGCON - INFO - 	Validation Loss: 0.7725, Acc(1): 80.67, Acc(5): 98.00, F1: 0.18, Recall: 0.18, Precision: 0.19
