2023-06-19 16:30:40,966 - AUGCON - INFO - logger initialized (/home/hjyoon/projects/augcon/config/exp0/finetune_da_false/without_target_domain_WA0002-bkkim/metacpc_random_8421/tgt_target_domain_PH0007-jskim_seed0.yaml.log)
2023-06-19 16:30:40,966 - AUGCON - INFO - ================= Config =================
2023-06-19 16:30:40,966 - AUGCON - INFO -   mode: finetune
2023-06-19 16:30:40,966 - AUGCON - INFO -   seed: 0
2023-06-19 16:30:40,966 - AUGCON - INFO -   gpu: [7]
2023-06-19 16:30:40,966 - AUGCON - INFO -   num_workers: 1
2023-06-19 16:30:40,966 - AUGCON - INFO -   dist_url: tcp://localhost:10001
2023-06-19 16:30:40,966 - AUGCON - INFO -   dataset_name: ichar
2023-06-19 16:30:40,966 - AUGCON - INFO -   train_dataset_path: /mnt/sting/hjyoon/projects/cross/ICHAR/augcon/target_domain_PH0007-jskim/finetune/10shot/target/train.pkl
2023-06-19 16:30:40,966 - AUGCON - INFO -   test_dataset_path: /mnt/sting/hjyoon/projects/cross/ICHAR/augcon/target_domain_PH0007-jskim/finetune/10shot/target/test.pkl
2023-06-19 16:30:40,966 - AUGCON - INFO -   val_dataset_path: /mnt/sting/hjyoon/projects/cross/ICHAR/augcon/target_domain_PH0007-jskim/finetune/10shot/target/val.pkl
2023-06-19 16:30:40,966 - AUGCON - INFO -   input_channels: 3
2023-06-19 16:30:40,966 - AUGCON - INFO -   num_cls: 9
2023-06-19 16:30:40,966 - AUGCON - INFO -   optimizer: adam
2023-06-19 16:30:40,967 - AUGCON - INFO -   criterion: crossentropy
2023-06-19 16:30:40,967 - AUGCON - INFO -   start_epoch: 0
2023-06-19 16:30:40,967 - AUGCON - INFO -   epochs: 50
2023-06-19 16:30:40,967 - AUGCON - INFO -   batch_size: 4
2023-06-19 16:30:40,967 - AUGCON - INFO -   lr: 0.001
2023-06-19 16:30:40,967 - AUGCON - INFO -   wd: 0.0
2023-06-19 16:30:40,967 - AUGCON - INFO -   resume: 
2023-06-19 16:30:40,967 - AUGCON - INFO -   pretrained: /mnt/sting/hjyoon/projects/augcontrast/models/exp0/pretrain/without_target_domain_WA0002-bkkim/metacpc_random_8421/checkpoint_0999.pth.tar
2023-06-19 16:30:40,967 - AUGCON - INFO -   ckpt_dir: /mnt/sting/hjyoon/projects/augcontrast/models/exp0/finetune_da_false/without_target_domain_WA0002-bkkim/metacpc_random_8421/tgt_target_domain_PH0007-jskim_seed0
2023-06-19 16:30:40,967 - AUGCON - INFO -   log_freq: 5
2023-06-19 16:30:40,967 - AUGCON - INFO -   save_freq: 10
2023-06-19 16:30:40,967 - AUGCON - INFO -   pretext: metacpc
2023-06-19 16:30:40,967 - AUGCON - INFO -   enc_blocks: 4
2023-06-19 16:30:40,967 - AUGCON - INFO -   kernel_sizes: [8, 4, 2, 1]
2023-06-19 16:30:40,967 - AUGCON - INFO -   strides: [4, 2, 1, 1]
2023-06-19 16:30:40,967 - AUGCON - INFO -   agg_blocks: 5
2023-06-19 16:30:40,967 - AUGCON - INFO -   z_dim: 256
2023-06-19 16:30:40,967 - AUGCON - INFO -   pooling: mean
2023-06-19 16:30:40,967 - AUGCON - INFO -   pred_steps: 12
2023-06-19 16:30:40,967 - AUGCON - INFO -   n_negatives: 15
2023-06-19 16:30:40,967 - AUGCON - INFO -   offset: 4
2023-06-19 16:30:40,967 - AUGCON - INFO -   domain_adaptation: False
2023-06-19 16:30:40,967 - AUGCON - INFO -   task_steps: 10
2023-06-19 16:30:40,967 - AUGCON - INFO -   task_lr: 0.001
2023-06-19 16:30:40,967 - AUGCON - INFO -   reg_lambda: 0
2023-06-19 16:30:40,967 - AUGCON - INFO -   mlp: False
2023-06-19 16:30:40,967 - AUGCON - INFO -   freeze: True
2023-06-19 16:30:40,967 - AUGCON - INFO -   no_vars: False
2023-06-19 16:30:40,967 - AUGCON - INFO - ==========================================
2023-06-19 16:30:40,967 - AUGCON - INFO - Setting GPUs: [7]
2023-06-19 16:30:40,967 - AUGCON - INFO - GPUs [7] will be used
2023-06-19 16:30:40,968 - AUGCON - WARNING - You have chosen to seed training. 
2023-06-19 16:30:40,968 - AUGCON - WARNING - This will turn on the CUDNN deterministic setting, 
2023-06-19 16:30:40,968 - AUGCON - WARNING - which can slow down your training considerably! 
2023-06-19 16:30:40,968 - AUGCON - WARNING - You may see unexpected behavior when restarting 
2023-06-19 16:30:40,968 - AUGCON - WARNING - from checkpoints.
2023-06-19 16:30:41,006 - AUGCON - INFO - Executing MetaCPC
2023-06-19 16:30:41,006 - AUGCON - INFO - Logs are skipped during training
2023-06-19 16:31:00,579 - AUGCON - INFO - Single GPU is used for training - training 90 instances for each worker
2023-06-19 16:31:00,583 - AUGCON - INFO - Loading pretrained model from checkpoint - /mnt/sting/hjyoon/projects/augcontrast/models/exp0/pretrain/without_target_domain_WA0002-bkkim/metacpc_random_8421/checkpoint_0999.pth.tar
2023-06-19 16:31:00,583 - AUGCON - INFO - Missing keys: []
2023-06-19 16:31:00,583 - AUGCON - INFO - Loading encoder parameters to the classifier
2023-06-19 16:31:00,583 - AUGCON - INFO - Missing keys: ['classifier.block.0.weight', 'classifier.block.0.bias']
2023-06-19 16:31:00,583 - AUGCON - INFO - Epoch [1/50]-(0/22) Loss: 2.1296, Acc(1): 0.00, Acc(5): 50.00
2023-06-19 16:31:00,584 - AUGCON - INFO - Epoch [1/50]-(5/22) Loss: 2.0339, Acc(1): 0.00, Acc(5): 100.00
2023-06-19 16:31:00,584 - AUGCON - INFO - Epoch [1/50]-(10/22) Loss: 2.4021, Acc(1): 25.00, Acc(5): 50.00
2023-06-19 16:31:00,584 - AUGCON - INFO - Epoch [1/50]-(15/22) Loss: 2.2793, Acc(1): 50.00, Acc(5): 50.00
2023-06-19 16:31:00,584 - AUGCON - INFO - Epoch [1/50]-(20/22) Loss: 2.3259, Acc(1): 0.00, Acc(5): 25.00
2023-06-19 16:31:00,584 - AUGCON - INFO - 	Validation Loss: 1.9620, Acc(1): 34.00, Acc(5): 81.00, F1: 0.09, Recall: 0.11, Precision: 0.08
2023-06-19 16:31:00,584 - AUGCON - INFO - Epoch [2/50]-(0/22) Loss: 1.7524, Acc(1): 25.00, Acc(5): 100.00
2023-06-19 16:31:00,584 - AUGCON - INFO - Epoch [2/50]-(5/22) Loss: 1.8410, Acc(1): 25.00, Acc(5): 100.00
2023-06-19 16:31:00,584 - AUGCON - INFO - Epoch [2/50]-(10/22) Loss: 2.4204, Acc(1): 0.00, Acc(5): 50.00
2023-06-19 16:31:00,584 - AUGCON - INFO - Epoch [2/50]-(15/22) Loss: 1.7166, Acc(1): 50.00, Acc(5): 75.00
2023-06-19 16:31:00,584 - AUGCON - INFO - Epoch [2/50]-(20/22) Loss: 1.9868, Acc(1): 25.00, Acc(5): 75.00
2023-06-19 16:31:00,584 - AUGCON - INFO - 	Validation Loss: 1.7725, Acc(1): 40.00, Acc(5): 91.00, F1: 0.12, Recall: 0.11, Precision: 0.13
2023-06-19 16:31:00,585 - AUGCON - INFO - Epoch [3/50]-(0/22) Loss: 1.8096, Acc(1): 50.00, Acc(5): 75.00
2023-06-19 16:31:00,585 - AUGCON - INFO - Epoch [3/50]-(5/22) Loss: 1.6150, Acc(1): 75.00, Acc(5): 75.00
2023-06-19 16:31:00,585 - AUGCON - INFO - Epoch [3/50]-(10/22) Loss: 1.7705, Acc(1): 50.00, Acc(5): 100.00
2023-06-19 16:31:00,585 - AUGCON - INFO - Epoch [3/50]-(15/22) Loss: 1.5437, Acc(1): 50.00, Acc(5): 100.00
2023-06-19 16:31:00,585 - AUGCON - INFO - Epoch [3/50]-(20/22) Loss: 1.6192, Acc(1): 50.00, Acc(5): 100.00
2023-06-19 16:31:00,585 - AUGCON - INFO - 	Validation Loss: 1.6772, Acc(1): 38.00, Acc(5): 88.00, F1: 0.11, Recall: 0.12, Precision: 0.10
2023-06-19 16:31:00,585 - AUGCON - INFO - Epoch [4/50]-(0/22) Loss: 1.3720, Acc(1): 50.00, Acc(5): 100.00
2023-06-19 16:31:00,585 - AUGCON - INFO - Epoch [4/50]-(5/22) Loss: 1.4657, Acc(1): 50.00, Acc(5): 100.00
2023-06-19 16:31:00,585 - AUGCON - INFO - Epoch [4/50]-(10/22) Loss: 1.2535, Acc(1): 50.00, Acc(5): 100.00
2023-06-19 16:31:00,585 - AUGCON - INFO - Epoch [4/50]-(15/22) Loss: 2.0934, Acc(1): 50.00, Acc(5): 50.00
2023-06-19 16:31:00,585 - AUGCON - INFO - Epoch [4/50]-(20/22) Loss: 2.4140, Acc(1): 0.00, Acc(5): 50.00
2023-06-19 16:31:00,585 - AUGCON - INFO - 	Validation Loss: 1.5594, Acc(1): 42.00, Acc(5): 88.00, F1: 0.13, Recall: 0.12, Precision: 0.14
2023-06-19 16:31:00,585 - AUGCON - INFO - Epoch [5/50]-(0/22) Loss: 1.2939, Acc(1): 50.00, Acc(5): 100.00
2023-06-19 16:31:00,586 - AUGCON - INFO - Epoch [5/50]-(5/22) Loss: 1.4137, Acc(1): 25.00, Acc(5): 100.00
2023-06-19 16:31:00,586 - AUGCON - INFO - Epoch [5/50]-(10/22) Loss: 1.5358, Acc(1): 50.00, Acc(5): 100.00
2023-06-19 16:31:00,586 - AUGCON - INFO - Epoch [5/50]-(15/22) Loss: 1.1595, Acc(1): 75.00, Acc(5): 100.00
2023-06-19 16:31:00,586 - AUGCON - INFO - Epoch [5/50]-(20/22) Loss: 1.7758, Acc(1): 50.00, Acc(5): 75.00
2023-06-19 16:31:00,586 - AUGCON - INFO - 	Validation Loss: 1.5527, Acc(1): 47.00, Acc(5): 90.00, F1: 0.12, Recall: 0.13, Precision: 0.11
2023-06-19 16:31:00,586 - AUGCON - INFO - Epoch [6/50]-(0/22) Loss: 1.1792, Acc(1): 50.00, Acc(5): 100.00
2023-06-19 16:31:00,586 - AUGCON - INFO - Epoch [6/50]-(5/22) Loss: 1.0202, Acc(1): 75.00, Acc(5): 100.00
2023-06-19 16:31:00,586 - AUGCON - INFO - Epoch [6/50]-(10/22) Loss: 1.4019, Acc(1): 50.00, Acc(5): 100.00
2023-06-19 16:31:00,586 - AUGCON - INFO - Epoch [6/50]-(15/22) Loss: 1.3901, Acc(1): 50.00, Acc(5): 75.00
2023-06-19 16:31:00,586 - AUGCON - INFO - Epoch [6/50]-(20/22) Loss: 2.1329, Acc(1): 0.00, Acc(5): 50.00
2023-06-19 16:31:00,586 - AUGCON - INFO - 	Validation Loss: 1.4459, Acc(1): 53.00, Acc(5): 90.00, F1: 0.17, Recall: 0.15, Precision: 0.19
2023-06-19 16:31:00,586 - AUGCON - INFO - Epoch [7/50]-(0/22) Loss: 1.6196, Acc(1): 25.00, Acc(5): 75.00
2023-06-19 16:31:00,587 - AUGCON - INFO - Epoch [7/50]-(5/22) Loss: 1.6267, Acc(1): 50.00, Acc(5): 100.00
2023-06-19 16:31:00,587 - AUGCON - INFO - Epoch [7/50]-(10/22) Loss: 1.0060, Acc(1): 100.00, Acc(5): 100.00
2023-06-19 16:31:00,587 - AUGCON - INFO - Epoch [7/50]-(15/22) Loss: 2.0786, Acc(1): 25.00, Acc(5): 75.00
2023-06-19 16:31:00,587 - AUGCON - INFO - Epoch [7/50]-(20/22) Loss: 1.5274, Acc(1): 50.00, Acc(5): 100.00
2023-06-19 16:31:00,587 - AUGCON - INFO - 	Validation Loss: 1.4478, Acc(1): 67.00, Acc(5): 87.00, F1: 0.19, Recall: 0.19, Precision: 0.20
2023-06-19 16:31:00,587 - AUGCON - INFO - Epoch [8/50]-(0/22) Loss: 0.8627, Acc(1): 100.00, Acc(5): 100.00
2023-06-19 16:31:00,587 - AUGCON - INFO - Epoch [8/50]-(5/22) Loss: 1.4341, Acc(1): 50.00, Acc(5): 100.00
2023-06-19 16:31:00,587 - AUGCON - INFO - Epoch [8/50]-(10/22) Loss: 1.2724, Acc(1): 50.00, Acc(5): 100.00
2023-06-19 16:31:00,587 - AUGCON - INFO - Epoch [8/50]-(15/22) Loss: 1.0343, Acc(1): 75.00, Acc(5): 100.00
2023-06-19 16:31:00,587 - AUGCON - INFO - Epoch [8/50]-(20/22) Loss: 1.1712, Acc(1): 50.00, Acc(5): 100.00
2023-06-19 16:31:00,587 - AUGCON - INFO - 	Validation Loss: 1.4155, Acc(1): 62.00, Acc(5): 92.00, F1: 0.19, Recall: 0.17, Precision: 0.22
2023-06-19 16:31:00,587 - AUGCON - INFO - Epoch [9/50]-(0/22) Loss: 1.3483, Acc(1): 50.00, Acc(5): 100.00
2023-06-19 16:31:00,588 - AUGCON - INFO - Epoch [9/50]-(5/22) Loss: 1.1675, Acc(1): 50.00, Acc(5): 100.00
2023-06-19 16:31:00,588 - AUGCON - INFO - Epoch [9/50]-(10/22) Loss: 1.1298, Acc(1): 75.00, Acc(5): 100.00
2023-06-19 16:31:00,588 - AUGCON - INFO - Epoch [9/50]-(15/22) Loss: 0.9949, Acc(1): 75.00, Acc(5): 100.00
2023-06-19 16:31:00,588 - AUGCON - INFO - Epoch [9/50]-(20/22) Loss: 0.6966, Acc(1): 100.00, Acc(5): 100.00
2023-06-19 16:31:00,588 - AUGCON - INFO - 	Validation Loss: 1.3985, Acc(1): 67.00, Acc(5): 87.00, F1: 0.18, Recall: 0.19, Precision: 0.18
2023-06-19 16:31:00,588 - AUGCON - INFO - Epoch [10/50]-(0/22) Loss: 1.3234, Acc(1): 50.00, Acc(5): 75.00
2023-06-19 16:31:00,588 - AUGCON - INFO - Epoch [10/50]-(5/22) Loss: 0.9058, Acc(1): 100.00, Acc(5): 100.00
2023-06-19 16:31:00,588 - AUGCON - INFO - Epoch [10/50]-(10/22) Loss: 1.2945, Acc(1): 75.00, Acc(5): 100.00
2023-06-19 16:31:00,588 - AUGCON - INFO - Epoch [10/50]-(15/22) Loss: 1.2129, Acc(1): 25.00, Acc(5): 100.00
2023-06-19 16:31:00,588 - AUGCON - INFO - Epoch [10/50]-(20/22) Loss: 0.5753, Acc(1): 100.00, Acc(5): 100.00
2023-06-19 16:31:00,588 - AUGCON - INFO - 	Validation Loss: 1.3399, Acc(1): 66.00, Acc(5): 91.00, F1: 0.21, Recall: 0.19, Precision: 0.23
2023-06-19 16:31:00,588 - AUGCON - INFO - Epoch [11/50]-(0/22) Loss: 1.5461, Acc(1): 50.00, Acc(5): 100.00
2023-06-19 16:31:00,589 - AUGCON - INFO - Epoch [11/50]-(5/22) Loss: 0.9226, Acc(1): 50.00, Acc(5): 100.00
2023-06-19 16:31:00,589 - AUGCON - INFO - Epoch [11/50]-(10/22) Loss: 1.0932, Acc(1): 50.00, Acc(5): 100.00
2023-06-19 16:31:00,589 - AUGCON - INFO - Epoch [11/50]-(15/22) Loss: 1.4464, Acc(1): 50.00, Acc(5): 100.00
2023-06-19 16:31:00,589 - AUGCON - INFO - Epoch [11/50]-(20/22) Loss: 1.2524, Acc(1): 75.00, Acc(5): 75.00
2023-06-19 16:31:00,589 - AUGCON - INFO - 	Validation Loss: 1.3707, Acc(1): 59.00, Acc(5): 87.00, F1: 0.18, Recall: 0.19, Precision: 0.16
2023-06-19 16:31:00,589 - AUGCON - INFO - Epoch [12/50]-(0/22) Loss: 1.2838, Acc(1): 50.00, Acc(5): 100.00
2023-06-19 16:31:00,589 - AUGCON - INFO - Epoch [12/50]-(5/22) Loss: 1.2770, Acc(1): 75.00, Acc(5): 75.00
2023-06-19 16:31:00,589 - AUGCON - INFO - Epoch [12/50]-(10/22) Loss: 0.8378, Acc(1): 75.00, Acc(5): 100.00
2023-06-19 16:31:00,589 - AUGCON - INFO - Epoch [12/50]-(15/22) Loss: 1.4902, Acc(1): 75.00, Acc(5): 100.00
2023-06-19 16:31:00,589 - AUGCON - INFO - Epoch [12/50]-(20/22) Loss: 1.1325, Acc(1): 50.00, Acc(5): 75.00
2023-06-19 16:31:00,589 - AUGCON - INFO - 	Validation Loss: 1.3417, Acc(1): 65.00, Acc(5): 92.00, F1: 0.18, Recall: 0.18, Precision: 0.18
2023-06-19 16:31:00,589 - AUGCON - INFO - Epoch [13/50]-(0/22) Loss: 1.1436, Acc(1): 100.00, Acc(5): 100.00
2023-06-19 16:31:00,590 - AUGCON - INFO - Epoch [13/50]-(5/22) Loss: 0.8965, Acc(1): 100.00, Acc(5): 100.00
2023-06-19 16:31:00,590 - AUGCON - INFO - Epoch [13/50]-(10/22) Loss: 1.2260, Acc(1): 75.00, Acc(5): 100.00
2023-06-19 16:31:00,590 - AUGCON - INFO - Epoch [13/50]-(15/22) Loss: 0.8611, Acc(1): 75.00, Acc(5): 100.00
2023-06-19 16:31:00,590 - AUGCON - INFO - Epoch [13/50]-(20/22) Loss: 1.1364, Acc(1): 75.00, Acc(5): 100.00
2023-06-19 16:31:00,590 - AUGCON - INFO - 	Validation Loss: 1.3228, Acc(1): 65.00, Acc(5): 89.00, F1: 0.18, Recall: 0.18, Precision: 0.18
2023-06-19 16:31:00,590 - AUGCON - INFO - Epoch [14/50]-(0/22) Loss: 0.7539, Acc(1): 75.00, Acc(5): 100.00
2023-06-19 16:31:00,590 - AUGCON - INFO - Epoch [14/50]-(5/22) Loss: 0.9177, Acc(1): 100.00, Acc(5): 100.00
2023-06-19 16:31:00,590 - AUGCON - INFO - Epoch [14/50]-(10/22) Loss: 1.0832, Acc(1): 50.00, Acc(5): 100.00
2023-06-19 16:31:00,590 - AUGCON - INFO - Epoch [14/50]-(15/22) Loss: 0.9290, Acc(1): 75.00, Acc(5): 75.00
2023-06-19 16:31:00,590 - AUGCON - INFO - Epoch [14/50]-(20/22) Loss: 1.4636, Acc(1): 25.00, Acc(5): 100.00
2023-06-19 16:31:00,590 - AUGCON - INFO - 	Validation Loss: 1.3526, Acc(1): 49.00, Acc(5): 93.00, F1: 0.12, Recall: 0.14, Precision: 0.11
2023-06-19 16:31:00,590 - AUGCON - INFO - Epoch [15/50]-(0/22) Loss: 1.2288, Acc(1): 50.00, Acc(5): 100.00
2023-06-19 16:31:00,591 - AUGCON - INFO - Epoch [15/50]-(5/22) Loss: 1.1174, Acc(1): 75.00, Acc(5): 100.00
2023-06-19 16:31:00,591 - AUGCON - INFO - Epoch [15/50]-(10/22) Loss: 1.2564, Acc(1): 25.00, Acc(5): 100.00
2023-06-19 16:31:00,591 - AUGCON - INFO - Epoch [15/50]-(15/22) Loss: 0.8787, Acc(1): 50.00, Acc(5): 100.00
2023-06-19 16:31:00,591 - AUGCON - INFO - Epoch [15/50]-(20/22) Loss: 1.5678, Acc(1): 25.00, Acc(5): 75.00
2023-06-19 16:31:00,591 - AUGCON - INFO - 	Validation Loss: 1.2852, Acc(1): 63.00, Acc(5): 90.00, F1: 0.18, Recall: 0.18, Precision: 0.18
2023-06-19 16:31:00,591 - AUGCON - INFO - Epoch [16/50]-(0/22) Loss: 0.8410, Acc(1): 75.00, Acc(5): 100.00
2023-06-19 16:31:00,591 - AUGCON - INFO - Epoch [16/50]-(5/22) Loss: 1.2925, Acc(1): 50.00, Acc(5): 75.00
2023-06-19 16:31:00,591 - AUGCON - INFO - Epoch [16/50]-(10/22) Loss: 1.0700, Acc(1): 50.00, Acc(5): 100.00
2023-06-19 16:31:00,591 - AUGCON - INFO - Epoch [16/50]-(15/22) Loss: 0.6915, Acc(1): 75.00, Acc(5): 100.00
2023-06-19 16:31:00,591 - AUGCON - INFO - Epoch [16/50]-(20/22) Loss: 1.2042, Acc(1): 100.00, Acc(5): 100.00
2023-06-19 16:31:00,591 - AUGCON - INFO - 	Validation Loss: 1.2466, Acc(1): 71.00, Acc(5): 96.00, F1: 0.19, Recall: 0.20, Precision: 0.19
2023-06-19 16:31:00,592 - AUGCON - INFO - Epoch [17/50]-(0/22) Loss: 1.2218, Acc(1): 50.00, Acc(5): 100.00
2023-06-19 16:31:00,592 - AUGCON - INFO - Epoch [17/50]-(5/22) Loss: 1.2943, Acc(1): 50.00, Acc(5): 100.00
2023-06-19 16:31:00,592 - AUGCON - INFO - Epoch [17/50]-(10/22) Loss: 1.3246, Acc(1): 50.00, Acc(5): 100.00
2023-06-19 16:31:00,592 - AUGCON - INFO - Epoch [17/50]-(15/22) Loss: 1.0136, Acc(1): 75.00, Acc(5): 75.00
2023-06-19 16:31:00,592 - AUGCON - INFO - Epoch [17/50]-(20/22) Loss: 0.8050, Acc(1): 75.00, Acc(5): 100.00
2023-06-19 16:31:00,592 - AUGCON - INFO - 	Validation Loss: 1.2667, Acc(1): 62.00, Acc(5): 95.00, F1: 0.17, Recall: 0.17, Precision: 0.18
2023-06-19 16:31:00,592 - AUGCON - INFO - Epoch [18/50]-(0/22) Loss: 0.9584, Acc(1): 75.00, Acc(5): 100.00
2023-06-19 16:31:00,592 - AUGCON - INFO - Epoch [18/50]-(5/22) Loss: 0.4794, Acc(1): 100.00, Acc(5): 100.00
2023-06-19 16:31:00,592 - AUGCON - INFO - Epoch [18/50]-(10/22) Loss: 0.9635, Acc(1): 100.00, Acc(5): 100.00
2023-06-19 16:31:00,592 - AUGCON - INFO - Epoch [18/50]-(15/22) Loss: 0.4367, Acc(1): 100.00, Acc(5): 100.00
2023-06-19 16:31:00,592 - AUGCON - INFO - Epoch [18/50]-(20/22) Loss: 1.2264, Acc(1): 50.00, Acc(5): 100.00
2023-06-19 16:31:00,593 - AUGCON - INFO - 	Validation Loss: 1.2150, Acc(1): 68.00, Acc(5): 94.00, F1: 0.20, Recall: 0.19, Precision: 0.22
2023-06-19 16:31:00,593 - AUGCON - INFO - Epoch [19/50]-(0/22) Loss: 1.4644, Acc(1): 25.00, Acc(5): 100.00
2023-06-19 16:31:00,593 - AUGCON - INFO - Epoch [19/50]-(5/22) Loss: 0.3475, Acc(1): 100.00, Acc(5): 100.00
2023-06-19 16:31:00,593 - AUGCON - INFO - Epoch [19/50]-(10/22) Loss: 1.6760, Acc(1): 25.00, Acc(5): 50.00
2023-06-19 16:31:00,593 - AUGCON - INFO - Epoch [19/50]-(15/22) Loss: 1.7170, Acc(1): 25.00, Acc(5): 100.00
2023-06-19 16:31:00,593 - AUGCON - INFO - Epoch [19/50]-(20/22) Loss: 0.6991, Acc(1): 100.00, Acc(5): 100.00
2023-06-19 16:31:00,593 - AUGCON - INFO - 	Validation Loss: 1.2212, Acc(1): 71.00, Acc(5): 95.00, F1: 0.20, Recall: 0.20, Precision: 0.20
2023-06-19 16:31:00,593 - AUGCON - INFO - Epoch [20/50]-(0/22) Loss: 1.0921, Acc(1): 75.00, Acc(5): 75.00
2023-06-19 16:31:00,593 - AUGCON - INFO - Epoch [20/50]-(5/22) Loss: 1.0896, Acc(1): 75.00, Acc(5): 100.00
2023-06-19 16:31:00,593 - AUGCON - INFO - Epoch [20/50]-(10/22) Loss: 1.5307, Acc(1): 25.00, Acc(5): 100.00
2023-06-19 16:31:00,593 - AUGCON - INFO - Epoch [20/50]-(15/22) Loss: 0.8074, Acc(1): 75.00, Acc(5): 100.00
2023-06-19 16:31:00,593 - AUGCON - INFO - Epoch [20/50]-(20/22) Loss: 1.5556, Acc(1): 75.00, Acc(5): 100.00
2023-06-19 16:31:00,594 - AUGCON - INFO - 	Validation Loss: 1.2079, Acc(1): 67.00, Acc(5): 93.00, F1: 0.19, Recall: 0.19, Precision: 0.20
2023-06-19 16:31:00,594 - AUGCON - INFO - Epoch [21/50]-(0/22) Loss: 0.9590, Acc(1): 75.00, Acc(5): 100.00
2023-06-19 16:31:00,594 - AUGCON - INFO - Epoch [21/50]-(5/22) Loss: 0.7701, Acc(1): 100.00, Acc(5): 100.00
2023-06-19 16:31:00,594 - AUGCON - INFO - Epoch [21/50]-(10/22) Loss: 1.0825, Acc(1): 75.00, Acc(5): 100.00
2023-06-19 16:31:00,594 - AUGCON - INFO - Epoch [21/50]-(15/22) Loss: 0.9719, Acc(1): 75.00, Acc(5): 100.00
2023-06-19 16:31:00,594 - AUGCON - INFO - Epoch [21/50]-(20/22) Loss: 1.5550, Acc(1): 50.00, Acc(5): 75.00
2023-06-19 16:31:00,594 - AUGCON - INFO - 	Validation Loss: 1.1852, Acc(1): 68.00, Acc(5): 91.00, F1: 0.20, Recall: 0.19, Precision: 0.20
2023-06-19 16:31:00,594 - AUGCON - INFO - Epoch [22/50]-(0/22) Loss: 0.9295, Acc(1): 75.00, Acc(5): 100.00
2023-06-19 16:31:00,594 - AUGCON - INFO - Epoch [22/50]-(5/22) Loss: 0.8840, Acc(1): 75.00, Acc(5): 100.00
2023-06-19 16:31:00,594 - AUGCON - INFO - Epoch [22/50]-(10/22) Loss: 2.2032, Acc(1): 25.00, Acc(5): 75.00
2023-06-19 16:31:00,594 - AUGCON - INFO - Epoch [22/50]-(15/22) Loss: 0.8988, Acc(1): 50.00, Acc(5): 100.00
2023-06-19 16:31:00,595 - AUGCON - INFO - Epoch [22/50]-(20/22) Loss: 1.1841, Acc(1): 75.00, Acc(5): 100.00
2023-06-19 16:31:00,595 - AUGCON - INFO - 	Validation Loss: 1.2142, Acc(1): 68.00, Acc(5): 94.00, F1: 0.19, Recall: 0.19, Precision: 0.18
2023-06-19 16:31:00,595 - AUGCON - INFO - Epoch [23/50]-(0/22) Loss: 0.5502, Acc(1): 100.00, Acc(5): 100.00
2023-06-19 16:31:00,595 - AUGCON - INFO - Epoch [23/50]-(5/22) Loss: 1.0896, Acc(1): 75.00, Acc(5): 100.00
2023-06-19 16:31:00,595 - AUGCON - INFO - Epoch [23/50]-(10/22) Loss: 0.7027, Acc(1): 100.00, Acc(5): 100.00
2023-06-19 16:31:00,595 - AUGCON - INFO - Epoch [23/50]-(15/22) Loss: 1.4588, Acc(1): 50.00, Acc(5): 75.00
2023-06-19 16:31:00,595 - AUGCON - INFO - Epoch [23/50]-(20/22) Loss: 1.0939, Acc(1): 75.00, Acc(5): 100.00
2023-06-19 16:31:00,595 - AUGCON - INFO - 	Validation Loss: 1.2280, Acc(1): 68.00, Acc(5): 94.00, F1: 0.18, Recall: 0.19, Precision: 0.18
2023-06-19 16:31:00,595 - AUGCON - INFO - Epoch [24/50]-(0/22) Loss: 0.5442, Acc(1): 75.00, Acc(5): 100.00
2023-06-19 16:31:00,595 - AUGCON - INFO - Epoch [24/50]-(5/22) Loss: 0.3958, Acc(1): 100.00, Acc(5): 100.00
2023-06-19 16:31:00,595 - AUGCON - INFO - Epoch [24/50]-(10/22) Loss: 0.8582, Acc(1): 75.00, Acc(5): 100.00
2023-06-19 16:31:00,595 - AUGCON - INFO - Epoch [24/50]-(15/22) Loss: 1.0935, Acc(1): 75.00, Acc(5): 100.00
2023-06-19 16:31:00,596 - AUGCON - INFO - Epoch [24/50]-(20/22) Loss: 1.5574, Acc(1): 25.00, Acc(5): 100.00
2023-06-19 16:31:00,596 - AUGCON - INFO - 	Validation Loss: 1.1743, Acc(1): 69.00, Acc(5): 96.00, F1: 0.19, Recall: 0.19, Precision: 0.20
2023-06-19 16:31:00,596 - AUGCON - INFO - Epoch [25/50]-(0/22) Loss: 1.1142, Acc(1): 75.00, Acc(5): 100.00
2023-06-19 16:31:00,596 - AUGCON - INFO - Epoch [25/50]-(5/22) Loss: 0.8252, Acc(1): 75.00, Acc(5): 100.00
2023-06-19 16:31:00,596 - AUGCON - INFO - Epoch [25/50]-(10/22) Loss: 1.2993, Acc(1): 25.00, Acc(5): 100.00
2023-06-19 16:31:00,596 - AUGCON - INFO - Epoch [25/50]-(15/22) Loss: 1.3233, Acc(1): 75.00, Acc(5): 100.00
2023-06-19 16:31:00,596 - AUGCON - INFO - Epoch [25/50]-(20/22) Loss: 0.4337, Acc(1): 75.00, Acc(5): 100.00
2023-06-19 16:31:00,596 - AUGCON - INFO - 	Validation Loss: 1.1907, Acc(1): 68.00, Acc(5): 94.00, F1: 0.18, Recall: 0.19, Precision: 0.18
2023-06-19 16:31:00,597 - AUGCON - INFO - Epoch [26/50]-(0/22) Loss: 0.5845, Acc(1): 75.00, Acc(5): 100.00
2023-06-19 16:31:00,598 - AUGCON - INFO - Epoch [26/50]-(5/22) Loss: 1.1665, Acc(1): 75.00, Acc(5): 100.00
2023-06-19 16:31:00,598 - AUGCON - INFO - Epoch [26/50]-(10/22) Loss: 0.7860, Acc(1): 75.00, Acc(5): 100.00
2023-06-19 16:31:00,598 - AUGCON - INFO - Epoch [26/50]-(15/22) Loss: 0.7226, Acc(1): 75.00, Acc(5): 100.00
2023-06-19 16:31:00,599 - AUGCON - INFO - Epoch [26/50]-(20/22) Loss: 1.2989, Acc(1): 75.00, Acc(5): 100.00
2023-06-19 16:31:00,600 - AUGCON - INFO - 	Validation Loss: 1.1652, Acc(1): 69.00, Acc(5): 95.00, F1: 0.19, Recall: 0.19, Precision: 0.19
2023-06-19 16:31:00,600 - AUGCON - INFO - Epoch [27/50]-(0/22) Loss: 1.2499, Acc(1): 50.00, Acc(5): 100.00
2023-06-19 16:31:00,600 - AUGCON - INFO - Epoch [27/50]-(5/22) Loss: 0.8388, Acc(1): 75.00, Acc(5): 100.00
2023-06-19 16:31:00,600 - AUGCON - INFO - Epoch [27/50]-(10/22) Loss: 0.7956, Acc(1): 75.00, Acc(5): 100.00
2023-06-19 16:31:00,600 - AUGCON - INFO - Epoch [27/50]-(15/22) Loss: 0.5104, Acc(1): 75.00, Acc(5): 100.00
2023-06-19 16:31:00,600 - AUGCON - INFO - Epoch [27/50]-(20/22) Loss: 1.0702, Acc(1): 75.00, Acc(5): 100.00
2023-06-19 16:31:00,600 - AUGCON - INFO - 	Validation Loss: 1.1389, Acc(1): 69.00, Acc(5): 95.00, F1: 0.20, Recall: 0.19, Precision: 0.20
2023-06-19 16:31:00,600 - AUGCON - INFO - Epoch [28/50]-(0/22) Loss: 1.7292, Acc(1): 25.00, Acc(5): 75.00
2023-06-19 16:31:00,600 - AUGCON - INFO - Epoch [28/50]-(5/22) Loss: 0.9193, Acc(1): 75.00, Acc(5): 100.00
2023-06-19 16:31:00,600 - AUGCON - INFO - Epoch [28/50]-(10/22) Loss: 1.0686, Acc(1): 50.00, Acc(5): 100.00
2023-06-19 16:31:00,600 - AUGCON - INFO - Epoch [28/50]-(15/22) Loss: 0.8035, Acc(1): 75.00, Acc(5): 100.00
2023-06-19 16:31:00,601 - AUGCON - INFO - Epoch [28/50]-(20/22) Loss: 1.1657, Acc(1): 75.00, Acc(5): 100.00
2023-06-19 16:31:00,601 - AUGCON - INFO - 	Validation Loss: 1.1751, Acc(1): 68.00, Acc(5): 94.00, F1: 0.19, Recall: 0.19, Precision: 0.19
2023-06-19 16:31:00,601 - AUGCON - INFO - Epoch [29/50]-(0/22) Loss: 0.2748, Acc(1): 100.00, Acc(5): 100.00
2023-06-19 16:31:00,601 - AUGCON - INFO - Epoch [29/50]-(5/22) Loss: 0.9860, Acc(1): 75.00, Acc(5): 100.00
2023-06-19 16:31:00,601 - AUGCON - INFO - Epoch [29/50]-(10/22) Loss: 1.2966, Acc(1): 50.00, Acc(5): 100.00
2023-06-19 16:31:00,601 - AUGCON - INFO - Epoch [29/50]-(15/22) Loss: 0.4262, Acc(1): 100.00, Acc(5): 100.00
2023-06-19 16:31:00,601 - AUGCON - INFO - Epoch [29/50]-(20/22) Loss: 0.7175, Acc(1): 75.00, Acc(5): 100.00
2023-06-19 16:31:00,601 - AUGCON - INFO - 	Validation Loss: 1.1513, Acc(1): 71.00, Acc(5): 93.00, F1: 0.19, Recall: 0.20, Precision: 0.19
2023-06-19 16:31:00,601 - AUGCON - INFO - Epoch [30/50]-(0/22) Loss: 1.8984, Acc(1): 50.00, Acc(5): 50.00
2023-06-19 16:31:00,601 - AUGCON - INFO - Epoch [30/50]-(5/22) Loss: 0.5409, Acc(1): 75.00, Acc(5): 100.00
2023-06-19 16:31:00,601 - AUGCON - INFO - Epoch [30/50]-(10/22) Loss: 1.0467, Acc(1): 50.00, Acc(5): 100.00
2023-06-19 16:31:00,602 - AUGCON - INFO - Epoch [30/50]-(15/22) Loss: 0.9943, Acc(1): 75.00, Acc(5): 100.00
2023-06-19 16:31:00,602 - AUGCON - INFO - Epoch [30/50]-(20/22) Loss: 0.6222, Acc(1): 75.00, Acc(5): 100.00
2023-06-19 16:31:00,602 - AUGCON - INFO - 	Validation Loss: 1.1506, Acc(1): 68.00, Acc(5): 93.00, F1: 0.19, Recall: 0.19, Precision: 0.20
2023-06-19 16:31:00,602 - AUGCON - INFO - Epoch [31/50]-(0/22) Loss: 0.7507, Acc(1): 75.00, Acc(5): 100.00
2023-06-19 16:31:00,602 - AUGCON - INFO - Epoch [31/50]-(5/22) Loss: 0.5283, Acc(1): 100.00, Acc(5): 100.00
2023-06-19 16:31:00,602 - AUGCON - INFO - Epoch [31/50]-(10/22) Loss: 0.2432, Acc(1): 100.00, Acc(5): 100.00
2023-06-19 16:31:00,602 - AUGCON - INFO - Epoch [31/50]-(15/22) Loss: 0.3437, Acc(1): 100.00, Acc(5): 100.00
2023-06-19 16:31:00,602 - AUGCON - INFO - Epoch [31/50]-(20/22) Loss: 1.9294, Acc(1): 50.00, Acc(5): 75.00
2023-06-19 16:31:00,602 - AUGCON - INFO - 	Validation Loss: 1.1692, Acc(1): 66.00, Acc(5): 93.00, F1: 0.18, Recall: 0.18, Precision: 0.18
2023-06-19 16:31:00,602 - AUGCON - INFO - Epoch [32/50]-(0/22) Loss: 1.1910, Acc(1): 50.00, Acc(5): 100.00
2023-06-19 16:31:00,602 - AUGCON - INFO - Epoch [32/50]-(5/22) Loss: 0.7567, Acc(1): 75.00, Acc(5): 100.00
2023-06-19 16:31:00,603 - AUGCON - INFO - Epoch [32/50]-(10/22) Loss: 0.8036, Acc(1): 100.00, Acc(5): 100.00
2023-06-19 16:31:00,603 - AUGCON - INFO - Epoch [32/50]-(15/22) Loss: 1.2241, Acc(1): 50.00, Acc(5): 100.00
2023-06-19 16:31:00,603 - AUGCON - INFO - Epoch [32/50]-(20/22) Loss: 1.3277, Acc(1): 50.00, Acc(5): 100.00
2023-06-19 16:31:00,603 - AUGCON - INFO - 	Validation Loss: 1.1914, Acc(1): 63.00, Acc(5): 94.00, F1: 0.17, Recall: 0.18, Precision: 0.16
2023-06-19 16:31:00,603 - AUGCON - INFO - Epoch [33/50]-(0/22) Loss: 0.7366, Acc(1): 75.00, Acc(5): 100.00
2023-06-19 16:31:00,603 - AUGCON - INFO - Epoch [33/50]-(5/22) Loss: 0.3553, Acc(1): 100.00, Acc(5): 100.00
2023-06-19 16:31:00,603 - AUGCON - INFO - Epoch [33/50]-(10/22) Loss: 2.0558, Acc(1): 50.00, Acc(5): 50.00
2023-06-19 16:31:00,603 - AUGCON - INFO - Epoch [33/50]-(15/22) Loss: 0.4311, Acc(1): 100.00, Acc(5): 100.00
2023-06-19 16:31:00,603 - AUGCON - INFO - Epoch [33/50]-(20/22) Loss: 0.6870, Acc(1): 100.00, Acc(5): 100.00
2023-06-19 16:31:00,603 - AUGCON - INFO - 	Validation Loss: 1.1825, Acc(1): 62.00, Acc(5): 95.00, F1: 0.17, Recall: 0.17, Precision: 0.16
2023-06-19 16:31:00,603 - AUGCON - INFO - Epoch [34/50]-(0/22) Loss: 1.0840, Acc(1): 75.00, Acc(5): 100.00
2023-06-19 16:31:00,603 - AUGCON - INFO - Epoch [34/50]-(5/22) Loss: 0.9190, Acc(1): 75.00, Acc(5): 100.00
2023-06-19 16:31:00,604 - AUGCON - INFO - Epoch [34/50]-(10/22) Loss: 0.5889, Acc(1): 75.00, Acc(5): 100.00
2023-06-19 16:31:00,604 - AUGCON - INFO - Epoch [34/50]-(15/22) Loss: 1.1167, Acc(1): 50.00, Acc(5): 100.00
2023-06-19 16:31:00,604 - AUGCON - INFO - Epoch [34/50]-(20/22) Loss: 0.0833, Acc(1): 100.00, Acc(5): 100.00
2023-06-19 16:31:00,604 - AUGCON - INFO - 	Validation Loss: 1.1009, Acc(1): 70.00, Acc(5): 95.00, F1: 0.19, Recall: 0.20, Precision: 0.19
2023-06-19 16:31:00,604 - AUGCON - INFO - Epoch [35/50]-(0/22) Loss: 0.8970, Acc(1): 75.00, Acc(5): 100.00
2023-06-19 16:31:00,604 - AUGCON - INFO - Epoch [35/50]-(5/22) Loss: 0.3258, Acc(1): 100.00, Acc(5): 100.00
2023-06-19 16:31:00,604 - AUGCON - INFO - Epoch [35/50]-(10/22) Loss: 0.8042, Acc(1): 100.00, Acc(5): 100.00
2023-06-19 16:31:00,604 - AUGCON - INFO - Epoch [35/50]-(15/22) Loss: 0.8851, Acc(1): 50.00, Acc(5): 100.00
2023-06-19 16:31:00,604 - AUGCON - INFO - Epoch [35/50]-(20/22) Loss: 1.6243, Acc(1): 50.00, Acc(5): 100.00
2023-06-19 16:31:00,604 - AUGCON - INFO - 	Validation Loss: 1.1299, Acc(1): 68.00, Acc(5): 96.00, F1: 0.18, Recall: 0.19, Precision: 0.18
2023-06-19 16:31:00,605 - AUGCON - INFO - Epoch [36/50]-(0/22) Loss: 0.5582, Acc(1): 100.00, Acc(5): 100.00
2023-06-19 16:31:00,605 - AUGCON - INFO - Epoch [36/50]-(5/22) Loss: 0.9942, Acc(1): 75.00, Acc(5): 75.00
2023-06-19 16:31:00,605 - AUGCON - INFO - Epoch [36/50]-(10/22) Loss: 1.1299, Acc(1): 75.00, Acc(5): 75.00
2023-06-19 16:31:00,605 - AUGCON - INFO - Epoch [36/50]-(15/22) Loss: 0.8038, Acc(1): 75.00, Acc(5): 100.00
2023-06-19 16:31:00,605 - AUGCON - INFO - Epoch [36/50]-(20/22) Loss: 0.6744, Acc(1): 75.00, Acc(5): 100.00
2023-06-19 16:31:00,605 - AUGCON - INFO - 	Validation Loss: 1.1647, Acc(1): 65.00, Acc(5): 95.00, F1: 0.18, Recall: 0.18, Precision: 0.17
2023-06-19 16:31:00,605 - AUGCON - INFO - Epoch [37/50]-(0/22) Loss: 0.5754, Acc(1): 100.00, Acc(5): 100.00
2023-06-19 16:31:00,605 - AUGCON - INFO - Epoch [37/50]-(5/22) Loss: 0.7909, Acc(1): 100.00, Acc(5): 100.00
2023-06-19 16:31:00,605 - AUGCON - INFO - Epoch [37/50]-(10/22) Loss: 0.5750, Acc(1): 75.00, Acc(5): 100.00
2023-06-19 16:31:00,605 - AUGCON - INFO - Epoch [37/50]-(15/22) Loss: 1.8028, Acc(1): 50.00, Acc(5): 75.00
2023-06-19 16:31:00,605 - AUGCON - INFO - Epoch [37/50]-(20/22) Loss: 1.0977, Acc(1): 50.00, Acc(5): 100.00
2023-06-19 16:31:00,605 - AUGCON - INFO - 	Validation Loss: 1.1066, Acc(1): 67.00, Acc(5): 95.00, F1: 0.18, Recall: 0.18, Precision: 0.18
2023-06-19 16:31:00,606 - AUGCON - INFO - Epoch [38/50]-(0/22) Loss: 0.5912, Acc(1): 100.00, Acc(5): 100.00
2023-06-19 16:31:00,606 - AUGCON - INFO - Epoch [38/50]-(5/22) Loss: 1.7842, Acc(1): 25.00, Acc(5): 75.00
2023-06-19 16:31:00,606 - AUGCON - INFO - Epoch [38/50]-(10/22) Loss: 0.9668, Acc(1): 50.00, Acc(5): 100.00
2023-06-19 16:31:00,606 - AUGCON - INFO - Epoch [38/50]-(15/22) Loss: 0.9568, Acc(1): 75.00, Acc(5): 100.00
2023-06-19 16:31:00,606 - AUGCON - INFO - Epoch [38/50]-(20/22) Loss: 0.7179, Acc(1): 100.00, Acc(5): 100.00
2023-06-19 16:31:00,606 - AUGCON - INFO - 	Validation Loss: 1.1048, Acc(1): 67.00, Acc(5): 96.00, F1: 0.18, Recall: 0.19, Precision: 0.18
2023-06-19 16:31:00,606 - AUGCON - INFO - Epoch [39/50]-(0/22) Loss: 0.4451, Acc(1): 100.00, Acc(5): 100.00
2023-06-19 16:31:00,606 - AUGCON - INFO - Epoch [39/50]-(5/22) Loss: 1.4782, Acc(1): 50.00, Acc(5): 100.00
2023-06-19 16:31:00,606 - AUGCON - INFO - Epoch [39/50]-(10/22) Loss: 0.5009, Acc(1): 100.00, Acc(5): 100.00
2023-06-19 16:31:00,606 - AUGCON - INFO - Epoch [39/50]-(15/22) Loss: 0.5964, Acc(1): 100.00, Acc(5): 100.00
2023-06-19 16:31:00,606 - AUGCON - INFO - Epoch [39/50]-(20/22) Loss: 1.0981, Acc(1): 50.00, Acc(5): 100.00
2023-06-19 16:31:00,607 - AUGCON - INFO - 	Validation Loss: 1.0885, Acc(1): 69.00, Acc(5): 95.00, F1: 0.19, Recall: 0.19, Precision: 0.20
2023-06-19 16:31:00,607 - AUGCON - INFO - Epoch [40/50]-(0/22) Loss: 0.7819, Acc(1): 75.00, Acc(5): 100.00
2023-06-19 16:31:00,607 - AUGCON - INFO - Epoch [40/50]-(5/22) Loss: 0.4628, Acc(1): 100.00, Acc(5): 100.00
2023-06-19 16:31:00,607 - AUGCON - INFO - Epoch [40/50]-(10/22) Loss: 0.4566, Acc(1): 75.00, Acc(5): 100.00
2023-06-19 16:31:00,607 - AUGCON - INFO - Epoch [40/50]-(15/22) Loss: 0.2242, Acc(1): 100.00, Acc(5): 100.00
2023-06-19 16:31:00,607 - AUGCON - INFO - Epoch [40/50]-(20/22) Loss: 0.4884, Acc(1): 100.00, Acc(5): 100.00
2023-06-19 16:31:00,607 - AUGCON - INFO - 	Validation Loss: 1.1278, Acc(1): 68.00, Acc(5): 94.00, F1: 0.19, Recall: 0.19, Precision: 0.18
2023-06-19 16:31:00,607 - AUGCON - INFO - Epoch [41/50]-(0/22) Loss: 1.0195, Acc(1): 75.00, Acc(5): 100.00
2023-06-19 16:31:00,607 - AUGCON - INFO - Epoch [41/50]-(5/22) Loss: 0.6051, Acc(1): 100.00, Acc(5): 100.00
2023-06-19 16:31:00,607 - AUGCON - INFO - Epoch [41/50]-(10/22) Loss: 1.4841, Acc(1): 50.00, Acc(5): 75.00
2023-06-19 16:31:00,607 - AUGCON - INFO - Epoch [41/50]-(15/22) Loss: 0.9579, Acc(1): 50.00, Acc(5): 100.00
2023-06-19 16:31:00,608 - AUGCON - INFO - Epoch [41/50]-(20/22) Loss: 0.5478, Acc(1): 75.00, Acc(5): 100.00
2023-06-19 16:31:00,608 - AUGCON - INFO - 	Validation Loss: 1.1401, Acc(1): 68.00, Acc(5): 96.00, F1: 0.19, Recall: 0.19, Precision: 0.18
2023-06-19 16:31:00,608 - AUGCON - INFO - Epoch [42/50]-(0/22) Loss: 0.5560, Acc(1): 100.00, Acc(5): 100.00
2023-06-19 16:31:00,608 - AUGCON - INFO - Epoch [42/50]-(5/22) Loss: 0.5239, Acc(1): 100.00, Acc(5): 100.00
2023-06-19 16:31:00,608 - AUGCON - INFO - Epoch [42/50]-(10/22) Loss: 0.4531, Acc(1): 75.00, Acc(5): 100.00
2023-06-19 16:31:00,608 - AUGCON - INFO - Epoch [42/50]-(15/22) Loss: 1.4375, Acc(1): 25.00, Acc(5): 75.00
2023-06-19 16:31:00,608 - AUGCON - INFO - Epoch [42/50]-(20/22) Loss: 0.9983, Acc(1): 50.00, Acc(5): 100.00
2023-06-19 16:31:00,609 - AUGCON - INFO - 	Validation Loss: 1.0667, Acc(1): 68.00, Acc(5): 96.00, F1: 0.19, Recall: 0.19, Precision: 0.20
2023-06-19 16:31:00,609 - AUGCON - INFO - Epoch [43/50]-(0/22) Loss: 0.3433, Acc(1): 100.00, Acc(5): 100.00
2023-06-19 16:31:00,609 - AUGCON - INFO - Epoch [43/50]-(5/22) Loss: 0.1082, Acc(1): 100.00, Acc(5): 100.00
2023-06-19 16:31:00,609 - AUGCON - INFO - Epoch [43/50]-(10/22) Loss: 0.5939, Acc(1): 75.00, Acc(5): 100.00
2023-06-19 16:31:00,609 - AUGCON - INFO - Epoch [43/50]-(15/22) Loss: 1.2955, Acc(1): 75.00, Acc(5): 75.00
2023-06-19 16:31:00,609 - AUGCON - INFO - Epoch [43/50]-(20/22) Loss: 0.3658, Acc(1): 100.00, Acc(5): 100.00
2023-06-19 16:31:00,609 - AUGCON - INFO - 	Validation Loss: 1.1318, Acc(1): 67.00, Acc(5): 95.00, F1: 0.18, Recall: 0.18, Precision: 0.17
2023-06-19 16:31:00,609 - AUGCON - INFO - Epoch [44/50]-(0/22) Loss: 0.8690, Acc(1): 75.00, Acc(5): 100.00
2023-06-19 16:31:00,610 - AUGCON - INFO - Epoch [44/50]-(5/22) Loss: 0.8098, Acc(1): 75.00, Acc(5): 100.00
2023-06-19 16:31:00,610 - AUGCON - INFO - Epoch [44/50]-(10/22) Loss: 0.9262, Acc(1): 75.00, Acc(5): 100.00
2023-06-19 16:31:00,610 - AUGCON - INFO - Epoch [44/50]-(15/22) Loss: 2.0218, Acc(1): 25.00, Acc(5): 75.00
2023-06-19 16:31:00,610 - AUGCON - INFO - Epoch [44/50]-(20/22) Loss: 0.5429, Acc(1): 100.00, Acc(5): 100.00
2023-06-19 16:31:00,610 - AUGCON - INFO - 	Validation Loss: 1.1056, Acc(1): 68.00, Acc(5): 96.00, F1: 0.19, Recall: 0.19, Precision: 0.19
2023-06-19 16:31:00,610 - AUGCON - INFO - Epoch [45/50]-(0/22) Loss: 0.7896, Acc(1): 100.00, Acc(5): 100.00
2023-06-19 16:31:00,610 - AUGCON - INFO - Epoch [45/50]-(5/22) Loss: 1.1644, Acc(1): 50.00, Acc(5): 100.00
2023-06-19 16:31:00,610 - AUGCON - INFO - Epoch [45/50]-(10/22) Loss: 0.5536, Acc(1): 100.00, Acc(5): 100.00
2023-06-19 16:31:00,610 - AUGCON - INFO - Epoch [45/50]-(15/22) Loss: 1.4499, Acc(1): 25.00, Acc(5): 100.00
2023-06-19 16:31:00,610 - AUGCON - INFO - Epoch [45/50]-(20/22) Loss: 0.8459, Acc(1): 75.00, Acc(5): 100.00
2023-06-19 16:31:00,610 - AUGCON - INFO - 	Validation Loss: 1.0944, Acc(1): 70.00, Acc(5): 93.00, F1: 0.19, Recall: 0.19, Precision: 0.19
2023-06-19 16:31:00,610 - AUGCON - INFO - Epoch [46/50]-(0/22) Loss: 1.0126, Acc(1): 75.00, Acc(5): 75.00
2023-06-19 16:31:00,610 - AUGCON - INFO - Epoch [46/50]-(5/22) Loss: 0.7954, Acc(1): 100.00, Acc(5): 100.00
2023-06-19 16:31:00,610 - AUGCON - INFO - Epoch [46/50]-(10/22) Loss: 0.5067, Acc(1): 75.00, Acc(5): 100.00
2023-06-19 16:31:00,610 - AUGCON - INFO - Epoch [46/50]-(15/22) Loss: 1.0151, Acc(1): 75.00, Acc(5): 100.00
2023-06-19 16:31:00,610 - AUGCON - INFO - Epoch [46/50]-(20/22) Loss: 1.2550, Acc(1): 50.00, Acc(5): 100.00
2023-06-19 16:31:00,611 - AUGCON - INFO - 	Validation Loss: 1.0619, Acc(1): 67.00, Acc(5): 96.00, F1: 0.19, Recall: 0.19, Precision: 0.19
2023-06-19 16:31:00,611 - AUGCON - INFO - Epoch [47/50]-(0/22) Loss: 0.4260, Acc(1): 75.00, Acc(5): 100.00
2023-06-19 16:31:00,611 - AUGCON - INFO - Epoch [47/50]-(5/22) Loss: 1.0246, Acc(1): 50.00, Acc(5): 100.00
2023-06-19 16:31:00,611 - AUGCON - INFO - Epoch [47/50]-(10/22) Loss: 1.4517, Acc(1): 25.00, Acc(5): 100.00
2023-06-19 16:31:00,611 - AUGCON - INFO - Epoch [47/50]-(15/22) Loss: 0.6563, Acc(1): 75.00, Acc(5): 100.00
2023-06-19 16:31:00,611 - AUGCON - INFO - Epoch [47/50]-(20/22) Loss: 0.8382, Acc(1): 75.00, Acc(5): 100.00
2023-06-19 16:31:00,611 - AUGCON - INFO - 	Validation Loss: 1.0986, Acc(1): 71.00, Acc(5): 94.00, F1: 0.20, Recall: 0.20, Precision: 0.19
2023-06-19 16:31:00,611 - AUGCON - INFO - Epoch [48/50]-(0/22) Loss: 1.4123, Acc(1): 50.00, Acc(5): 75.00
2023-06-19 16:31:00,611 - AUGCON - INFO - Epoch [48/50]-(5/22) Loss: 0.8183, Acc(1): 50.00, Acc(5): 100.00
2023-06-19 16:31:00,611 - AUGCON - INFO - Epoch [48/50]-(10/22) Loss: 0.9176, Acc(1): 75.00, Acc(5): 100.00
2023-06-19 16:31:00,611 - AUGCON - INFO - Epoch [48/50]-(15/22) Loss: 1.5149, Acc(1): 50.00, Acc(5): 75.00
2023-06-19 16:31:00,611 - AUGCON - INFO - Epoch [48/50]-(20/22) Loss: 0.8757, Acc(1): 75.00, Acc(5): 100.00
2023-06-19 16:31:00,611 - AUGCON - INFO - 	Validation Loss: 1.0265, Acc(1): 70.00, Acc(5): 96.00, F1: 0.20, Recall: 0.19, Precision: 0.20
2023-06-19 16:31:00,611 - AUGCON - INFO - Epoch [49/50]-(0/22) Loss: 0.6645, Acc(1): 100.00, Acc(5): 100.00
2023-06-19 16:31:00,611 - AUGCON - INFO - Epoch [49/50]-(5/22) Loss: 0.8895, Acc(1): 100.00, Acc(5): 100.00
2023-06-19 16:31:00,611 - AUGCON - INFO - Epoch [49/50]-(10/22) Loss: 0.6016, Acc(1): 75.00, Acc(5): 100.00
2023-06-19 16:31:00,612 - AUGCON - INFO - Epoch [49/50]-(15/22) Loss: 0.6182, Acc(1): 75.00, Acc(5): 100.00
2023-06-19 16:31:00,612 - AUGCON - INFO - Epoch [49/50]-(20/22) Loss: 0.4196, Acc(1): 100.00, Acc(5): 100.00
2023-06-19 16:31:00,612 - AUGCON - INFO - 	Validation Loss: 1.0734, Acc(1): 70.00, Acc(5): 95.00, F1: 0.20, Recall: 0.20, Precision: 0.20
2023-06-19 16:31:00,612 - AUGCON - INFO - Epoch [50/50]-(0/22) Loss: 0.8096, Acc(1): 75.00, Acc(5): 100.00
2023-06-19 16:31:00,612 - AUGCON - INFO - Epoch [50/50]-(5/22) Loss: 1.1457, Acc(1): 25.00, Acc(5): 100.00
2023-06-19 16:31:00,612 - AUGCON - INFO - Epoch [50/50]-(10/22) Loss: 1.4106, Acc(1): 75.00, Acc(5): 75.00
2023-06-19 16:31:00,612 - AUGCON - INFO - Epoch [50/50]-(15/22) Loss: 0.6429, Acc(1): 75.00, Acc(5): 100.00
2023-06-19 16:31:00,612 - AUGCON - INFO - Epoch [50/50]-(20/22) Loss: 0.5055, Acc(1): 100.00, Acc(5): 100.00
2023-06-19 16:31:00,612 - AUGCON - INFO - 	Validation Loss: 1.0608, Acc(1): 69.00, Acc(5): 93.00, F1: 0.19, Recall: 0.19, Precision: 0.19
2023-06-19 16:31:00,612 - AUGCON - INFO - 	Validation Loss: 1.0770, Acc(1): 68.67, Acc(5): 95.33, F1: 0.16, Recall: 0.16, Precision: 0.17
