2023-06-19 16:30:41,317 - AUGCON - INFO - logger initialized (/home/hjyoon/projects/augcon/config/exp0/finetune_da_false/without_target_domain_PH0041-hmkim/metacpc_random_8421/tgt_target_domain_WA0002-bkkim_seed0.yaml.log)
2023-06-19 16:30:41,317 - AUGCON - INFO - ================= Config =================
2023-06-19 16:30:41,317 - AUGCON - INFO -   mode: finetune
2023-06-19 16:30:41,317 - AUGCON - INFO -   seed: 0
2023-06-19 16:30:41,317 - AUGCON - INFO -   gpu: [5]
2023-06-19 16:30:41,317 - AUGCON - INFO -   num_workers: 1
2023-06-19 16:30:41,317 - AUGCON - INFO -   dist_url: tcp://localhost:10001
2023-06-19 16:30:41,317 - AUGCON - INFO -   dataset_name: ichar
2023-06-19 16:30:41,317 - AUGCON - INFO -   train_dataset_path: /mnt/sting/hjyoon/projects/cross/ICHAR/augcon/target_domain_WA0002-bkkim/finetune/10shot/target/train.pkl
2023-06-19 16:30:41,317 - AUGCON - INFO -   test_dataset_path: /mnt/sting/hjyoon/projects/cross/ICHAR/augcon/target_domain_WA0002-bkkim/finetune/10shot/target/test.pkl
2023-06-19 16:30:41,317 - AUGCON - INFO -   val_dataset_path: /mnt/sting/hjyoon/projects/cross/ICHAR/augcon/target_domain_WA0002-bkkim/finetune/10shot/target/val.pkl
2023-06-19 16:30:41,317 - AUGCON - INFO -   input_channels: 3
2023-06-19 16:30:41,317 - AUGCON - INFO -   num_cls: 9
2023-06-19 16:30:41,317 - AUGCON - INFO -   optimizer: adam
2023-06-19 16:30:41,317 - AUGCON - INFO -   criterion: crossentropy
2023-06-19 16:30:41,318 - AUGCON - INFO -   start_epoch: 0
2023-06-19 16:30:41,318 - AUGCON - INFO -   epochs: 50
2023-06-19 16:30:41,318 - AUGCON - INFO -   batch_size: 4
2023-06-19 16:30:41,318 - AUGCON - INFO -   lr: 0.001
2023-06-19 16:30:41,318 - AUGCON - INFO -   wd: 0.0
2023-06-19 16:30:41,318 - AUGCON - INFO -   resume: 
2023-06-19 16:30:41,318 - AUGCON - INFO -   pretrained: /mnt/sting/hjyoon/projects/augcontrast/models/exp0/pretrain/without_target_domain_PH0041-hmkim/metacpc_random_8421/checkpoint_0999.pth.tar
2023-06-19 16:30:41,318 - AUGCON - INFO -   ckpt_dir: /mnt/sting/hjyoon/projects/augcontrast/models/exp0/finetune_da_false/without_target_domain_PH0041-hmkim/metacpc_random_8421/tgt_target_domain_WA0002-bkkim_seed0
2023-06-19 16:30:41,318 - AUGCON - INFO -   log_freq: 5
2023-06-19 16:30:41,318 - AUGCON - INFO -   save_freq: 10
2023-06-19 16:30:41,318 - AUGCON - INFO -   pretext: metacpc
2023-06-19 16:30:41,318 - AUGCON - INFO -   enc_blocks: 4
2023-06-19 16:30:41,318 - AUGCON - INFO -   kernel_sizes: [8, 4, 2, 1]
2023-06-19 16:30:41,318 - AUGCON - INFO -   strides: [4, 2, 1, 1]
2023-06-19 16:30:41,318 - AUGCON - INFO -   agg_blocks: 5
2023-06-19 16:30:41,318 - AUGCON - INFO -   z_dim: 256
2023-06-19 16:30:41,318 - AUGCON - INFO -   pooling: mean
2023-06-19 16:30:41,318 - AUGCON - INFO -   pred_steps: 12
2023-06-19 16:30:41,318 - AUGCON - INFO -   n_negatives: 15
2023-06-19 16:30:41,318 - AUGCON - INFO -   offset: 4
2023-06-19 16:30:41,318 - AUGCON - INFO -   domain_adaptation: False
2023-06-19 16:30:41,318 - AUGCON - INFO -   task_steps: 10
2023-06-19 16:30:41,318 - AUGCON - INFO -   task_lr: 0.001
2023-06-19 16:30:41,318 - AUGCON - INFO -   reg_lambda: 0
2023-06-19 16:30:41,318 - AUGCON - INFO -   mlp: False
2023-06-19 16:30:41,318 - AUGCON - INFO -   freeze: True
2023-06-19 16:30:41,318 - AUGCON - INFO -   no_vars: False
2023-06-19 16:30:41,318 - AUGCON - INFO - ==========================================
2023-06-19 16:30:41,319 - AUGCON - INFO - Setting GPUs: [5]
2023-06-19 16:30:41,319 - AUGCON - INFO - GPUs [5] will be used
2023-06-19 16:30:41,319 - AUGCON - WARNING - You have chosen to seed training. 
2023-06-19 16:30:41,319 - AUGCON - WARNING - This will turn on the CUDNN deterministic setting, 
2023-06-19 16:30:41,319 - AUGCON - WARNING - which can slow down your training considerably! 
2023-06-19 16:30:41,319 - AUGCON - WARNING - You may see unexpected behavior when restarting 
2023-06-19 16:30:41,319 - AUGCON - WARNING - from checkpoints.
2023-06-19 16:30:41,356 - AUGCON - INFO - Executing MetaCPC
2023-06-19 16:30:41,357 - AUGCON - INFO - Logs are skipped during training
2023-06-19 16:31:00,009 - AUGCON - INFO - Single GPU is used for training - training 90 instances for each worker
2023-06-19 16:31:00,009 - AUGCON - INFO - Loading pretrained model from checkpoint - /mnt/sting/hjyoon/projects/augcontrast/models/exp0/pretrain/without_target_domain_PH0041-hmkim/metacpc_random_8421/checkpoint_0999.pth.tar
2023-06-19 16:31:00,010 - AUGCON - INFO - Missing keys: []
2023-06-19 16:31:00,010 - AUGCON - INFO - Loading encoder parameters to the classifier
2023-06-19 16:31:00,010 - AUGCON - INFO - Missing keys: ['classifier.block.0.weight', 'classifier.block.0.bias']
2023-06-19 16:31:00,010 - AUGCON - INFO - Epoch [1/50]-(0/22) Loss: 2.0524, Acc(1): 25.00, Acc(5): 75.00
2023-06-19 16:31:00,010 - AUGCON - INFO - Epoch [1/50]-(5/22) Loss: 2.0321, Acc(1): 0.00, Acc(5): 75.00
2023-06-19 16:31:00,010 - AUGCON - INFO - Epoch [1/50]-(10/22) Loss: 2.8741, Acc(1): 0.00, Acc(5): 25.00
2023-06-19 16:31:00,010 - AUGCON - INFO - Epoch [1/50]-(15/22) Loss: 2.6223, Acc(1): 25.00, Acc(5): 50.00
2023-06-19 16:31:00,010 - AUGCON - INFO - Epoch [1/50]-(20/22) Loss: 2.6350, Acc(1): 0.00, Acc(5): 25.00
2023-06-19 16:31:00,010 - AUGCON - INFO - 	Validation Loss: 2.2928, Acc(1): 12.00, Acc(5): 42.00, F1: 0.04, Recall: 0.03, Precision: 0.04
2023-06-19 16:31:00,010 - AUGCON - INFO - Epoch [2/50]-(0/22) Loss: 2.2489, Acc(1): 0.00, Acc(5): 75.00
2023-06-19 16:31:00,010 - AUGCON - INFO - Epoch [2/50]-(5/22) Loss: 2.3810, Acc(1): 25.00, Acc(5): 50.00
2023-06-19 16:31:00,010 - AUGCON - INFO - Epoch [2/50]-(10/22) Loss: 2.5516, Acc(1): 0.00, Acc(5): 25.00
2023-06-19 16:31:00,010 - AUGCON - INFO - Epoch [2/50]-(15/22) Loss: 2.4104, Acc(1): 0.00, Acc(5): 50.00
2023-06-19 16:31:00,010 - AUGCON - INFO - Epoch [2/50]-(20/22) Loss: 2.2092, Acc(1): 25.00, Acc(5): 50.00
2023-06-19 16:31:00,010 - AUGCON - INFO - 	Validation Loss: 2.1379, Acc(1): 31.00, Acc(5): 65.00, F1: 0.07, Recall: 0.06, Precision: 0.08
2023-06-19 16:31:00,011 - AUGCON - INFO - Epoch [3/50]-(0/22) Loss: 2.0934, Acc(1): 25.00, Acc(5): 100.00
2023-06-19 16:31:00,011 - AUGCON - INFO - Epoch [3/50]-(5/22) Loss: 2.3933, Acc(1): 0.00, Acc(5): 25.00
2023-06-19 16:31:00,011 - AUGCON - INFO - Epoch [3/50]-(10/22) Loss: 2.3081, Acc(1): 0.00, Acc(5): 50.00
2023-06-19 16:31:00,011 - AUGCON - INFO - Epoch [3/50]-(15/22) Loss: 2.3871, Acc(1): 0.00, Acc(5): 50.00
2023-06-19 16:31:00,011 - AUGCON - INFO - Epoch [3/50]-(20/22) Loss: 2.1987, Acc(1): 25.00, Acc(5): 25.00
2023-06-19 16:31:00,011 - AUGCON - INFO - 	Validation Loss: 2.1525, Acc(1): 15.00, Acc(5): 73.00, F1: 0.03, Recall: 0.04, Precision: 0.03
2023-06-19 16:31:00,011 - AUGCON - INFO - Epoch [4/50]-(0/22) Loss: 2.1875, Acc(1): 0.00, Acc(5): 50.00
2023-06-19 16:31:00,011 - AUGCON - INFO - Epoch [4/50]-(5/22) Loss: 2.1600, Acc(1): 0.00, Acc(5): 75.00
2023-06-19 16:31:00,011 - AUGCON - INFO - Epoch [4/50]-(10/22) Loss: 2.0845, Acc(1): 0.00, Acc(5): 75.00
2023-06-19 16:31:00,011 - AUGCON - INFO - Epoch [4/50]-(15/22) Loss: 2.2858, Acc(1): 25.00, Acc(5): 50.00
2023-06-19 16:31:00,011 - AUGCON - INFO - Epoch [4/50]-(20/22) Loss: 2.3163, Acc(1): 0.00, Acc(5): 50.00
2023-06-19 16:31:00,011 - AUGCON - INFO - 	Validation Loss: 2.1022, Acc(1): 36.00, Acc(5): 73.00, F1: 0.07, Recall: 0.06, Precision: 0.08
2023-06-19 16:31:00,011 - AUGCON - INFO - Epoch [5/50]-(0/22) Loss: 2.1232, Acc(1): 50.00, Acc(5): 75.00
2023-06-19 16:31:00,011 - AUGCON - INFO - Epoch [5/50]-(5/22) Loss: 2.3716, Acc(1): 0.00, Acc(5): 25.00
2023-06-19 16:31:00,011 - AUGCON - INFO - Epoch [5/50]-(10/22) Loss: 2.2296, Acc(1): 0.00, Acc(5): 75.00
2023-06-19 16:31:00,011 - AUGCON - INFO - Epoch [5/50]-(15/22) Loss: 2.3844, Acc(1): 25.00, Acc(5): 25.00
2023-06-19 16:31:00,012 - AUGCON - INFO - Epoch [5/50]-(20/22) Loss: 2.2107, Acc(1): 0.00, Acc(5): 25.00
2023-06-19 16:31:00,012 - AUGCON - INFO - 	Validation Loss: 2.2110, Acc(1): 6.00, Acc(5): 46.00, F1: 0.03, Recall: 0.02, Precision: 0.06
2023-06-19 16:31:00,012 - AUGCON - INFO - Epoch [6/50]-(0/22) Loss: 2.1127, Acc(1): 0.00, Acc(5): 75.00
2023-06-19 16:31:00,012 - AUGCON - INFO - Epoch [6/50]-(5/22) Loss: 2.3703, Acc(1): 0.00, Acc(5): 0.00
2023-06-19 16:31:00,012 - AUGCON - INFO - Epoch [6/50]-(10/22) Loss: 2.2598, Acc(1): 0.00, Acc(5): 50.00
2023-06-19 16:31:00,012 - AUGCON - INFO - Epoch [6/50]-(15/22) Loss: 2.2570, Acc(1): 0.00, Acc(5): 50.00
2023-06-19 16:31:00,012 - AUGCON - INFO - Epoch [6/50]-(20/22) Loss: 2.4898, Acc(1): 0.00, Acc(5): 0.00
2023-06-19 16:31:00,012 - AUGCON - INFO - 	Validation Loss: 2.1271, Acc(1): 27.00, Acc(5): 64.00, F1: 0.06, Recall: 0.07, Precision: 0.05
2023-06-19 16:31:00,012 - AUGCON - INFO - Epoch [7/50]-(0/22) Loss: 2.1751, Acc(1): 0.00, Acc(5): 75.00
2023-06-19 16:31:00,012 - AUGCON - INFO - Epoch [7/50]-(5/22) Loss: 2.3494, Acc(1): 0.00, Acc(5): 25.00
2023-06-19 16:31:00,012 - AUGCON - INFO - Epoch [7/50]-(10/22) Loss: 2.1470, Acc(1): 25.00, Acc(5): 50.00
2023-06-19 16:31:00,012 - AUGCON - INFO - Epoch [7/50]-(15/22) Loss: 2.2437, Acc(1): 0.00, Acc(5): 50.00
2023-06-19 16:31:00,012 - AUGCON - INFO - Epoch [7/50]-(20/22) Loss: 2.3349, Acc(1): 0.00, Acc(5): 25.00
2023-06-19 16:31:00,012 - AUGCON - INFO - 	Validation Loss: 2.1426, Acc(1): 16.00, Acc(5): 72.00, F1: 0.04, Recall: 0.04, Precision: 0.03
2023-06-19 16:31:00,013 - AUGCON - INFO - Epoch [8/50]-(0/22) Loss: 2.1775, Acc(1): 0.00, Acc(5): 75.00
2023-06-19 16:31:00,013 - AUGCON - INFO - Epoch [8/50]-(5/22) Loss: 2.1295, Acc(1): 50.00, Acc(5): 75.00
2023-06-19 16:31:00,013 - AUGCON - INFO - Epoch [8/50]-(10/22) Loss: 2.5639, Acc(1): 0.00, Acc(5): 25.00
2023-06-19 16:31:00,013 - AUGCON - INFO - Epoch [8/50]-(15/22) Loss: 2.1073, Acc(1): 25.00, Acc(5): 50.00
2023-06-19 16:31:00,013 - AUGCON - INFO - Epoch [8/50]-(20/22) Loss: 2.4785, Acc(1): 0.00, Acc(5): 0.00
2023-06-19 16:31:00,013 - AUGCON - INFO - 	Validation Loss: 2.1424, Acc(1): 9.00, Acc(5): 76.00, F1: 0.02, Recall: 0.02, Precision: 0.01
2023-06-19 16:31:00,013 - AUGCON - INFO - Epoch [9/50]-(0/22) Loss: 2.1336, Acc(1): 25.00, Acc(5): 75.00
2023-06-19 16:31:00,013 - AUGCON - INFO - Epoch [9/50]-(5/22) Loss: 2.0963, Acc(1): 25.00, Acc(5): 75.00
2023-06-19 16:31:00,013 - AUGCON - INFO - Epoch [9/50]-(10/22) Loss: 2.1214, Acc(1): 0.00, Acc(5): 75.00
2023-06-19 16:31:00,013 - AUGCON - INFO - Epoch [9/50]-(15/22) Loss: 2.3769, Acc(1): 0.00, Acc(5): 25.00
2023-06-19 16:31:00,013 - AUGCON - INFO - Epoch [9/50]-(20/22) Loss: 2.3407, Acc(1): 0.00, Acc(5): 25.00
2023-06-19 16:31:00,013 - AUGCON - INFO - 	Validation Loss: 2.1294, Acc(1): 28.00, Acc(5): 73.00, F1: 0.10, Recall: 0.08, Precision: 0.14
2023-06-19 16:31:00,013 - AUGCON - INFO - Epoch [10/50]-(0/22) Loss: 2.1501, Acc(1): 25.00, Acc(5): 50.00
2023-06-19 16:31:00,013 - AUGCON - INFO - Epoch [10/50]-(5/22) Loss: 2.1408, Acc(1): 50.00, Acc(5): 50.00
2023-06-19 16:31:00,013 - AUGCON - INFO - Epoch [10/50]-(10/22) Loss: 2.0730, Acc(1): 25.00, Acc(5): 100.00
2023-06-19 16:31:00,014 - AUGCON - INFO - Epoch [10/50]-(15/22) Loss: 2.1464, Acc(1): 0.00, Acc(5): 75.00
2023-06-19 16:31:00,014 - AUGCON - INFO - Epoch [10/50]-(20/22) Loss: 2.3572, Acc(1): 0.00, Acc(5): 25.00
2023-06-19 16:31:00,014 - AUGCON - INFO - 	Validation Loss: 2.1195, Acc(1): 14.00, Acc(5): 73.00, F1: 0.05, Recall: 0.04, Precision: 0.07
2023-06-19 16:31:00,014 - AUGCON - INFO - Epoch [11/50]-(0/22) Loss: 2.1783, Acc(1): 25.00, Acc(5): 25.00
2023-06-19 16:31:00,014 - AUGCON - INFO - Epoch [11/50]-(5/22) Loss: 2.4392, Acc(1): 0.00, Acc(5): 0.00
2023-06-19 16:31:00,014 - AUGCON - INFO - Epoch [11/50]-(10/22) Loss: 1.9959, Acc(1): 50.00, Acc(5): 50.00
2023-06-19 16:31:00,014 - AUGCON - INFO - Epoch [11/50]-(15/22) Loss: 2.4839, Acc(1): 0.00, Acc(5): 50.00
2023-06-19 16:31:00,014 - AUGCON - INFO - Epoch [11/50]-(20/22) Loss: 2.2714, Acc(1): 25.00, Acc(5): 50.00
2023-06-19 16:31:00,014 - AUGCON - INFO - 	Validation Loss: 2.1192, Acc(1): 36.00, Acc(5): 76.00, F1: 0.09, Recall: 0.10, Precision: 0.08
2023-06-19 16:31:00,014 - AUGCON - INFO - Epoch [12/50]-(0/22) Loss: 2.2457, Acc(1): 0.00, Acc(5): 50.00
2023-06-19 16:31:00,014 - AUGCON - INFO - Epoch [12/50]-(5/22) Loss: 2.1410, Acc(1): 0.00, Acc(5): 50.00
2023-06-19 16:31:00,014 - AUGCON - INFO - Epoch [12/50]-(10/22) Loss: 2.1121, Acc(1): 25.00, Acc(5): 75.00
2023-06-19 16:31:00,014 - AUGCON - INFO - Epoch [12/50]-(15/22) Loss: 2.1114, Acc(1): 0.00, Acc(5): 75.00
2023-06-19 16:31:00,014 - AUGCON - INFO - Epoch [12/50]-(20/22) Loss: 2.2672, Acc(1): 0.00, Acc(5): 25.00
2023-06-19 16:31:00,014 - AUGCON - INFO - 	Validation Loss: 2.1453, Acc(1): 13.00, Acc(5): 66.00, F1: 0.02, Recall: 0.04, Precision: 0.02
2023-06-19 16:31:00,014 - AUGCON - INFO - Epoch [13/50]-(0/22) Loss: 2.0932, Acc(1): 0.00, Acc(5): 75.00
2023-06-19 16:31:00,015 - AUGCON - INFO - Epoch [13/50]-(5/22) Loss: 2.2051, Acc(1): 0.00, Acc(5): 75.00
2023-06-19 16:31:00,015 - AUGCON - INFO - Epoch [13/50]-(10/22) Loss: 2.2015, Acc(1): 0.00, Acc(5): 50.00
2023-06-19 16:31:00,015 - AUGCON - INFO - Epoch [13/50]-(15/22) Loss: 2.3503, Acc(1): 25.00, Acc(5): 25.00
2023-06-19 16:31:00,015 - AUGCON - INFO - Epoch [13/50]-(20/22) Loss: 2.1681, Acc(1): 25.00, Acc(5): 50.00
2023-06-19 16:31:00,015 - AUGCON - INFO - 	Validation Loss: 2.0638, Acc(1): 28.00, Acc(5): 73.00, F1: 0.09, Recall: 0.08, Precision: 0.12
2023-06-19 16:31:00,015 - AUGCON - INFO - Epoch [14/50]-(0/22) Loss: 2.0998, Acc(1): 0.00, Acc(5): 75.00
2023-06-19 16:31:00,015 - AUGCON - INFO - Epoch [14/50]-(5/22) Loss: 1.9316, Acc(1): 75.00, Acc(5): 100.00
2023-06-19 16:31:00,015 - AUGCON - INFO - Epoch [14/50]-(10/22) Loss: 2.0754, Acc(1): 25.00, Acc(5): 75.00
2023-06-19 16:31:00,015 - AUGCON - INFO - Epoch [14/50]-(15/22) Loss: 2.4748, Acc(1): 0.00, Acc(5): 25.00
2023-06-19 16:31:00,015 - AUGCON - INFO - Epoch [14/50]-(20/22) Loss: 2.4759, Acc(1): 0.00, Acc(5): 25.00
2023-06-19 16:31:00,015 - AUGCON - INFO - 	Validation Loss: 2.1177, Acc(1): 25.00, Acc(5): 61.00, F1: 0.05, Recall: 0.07, Precision: 0.04
2023-06-19 16:31:00,015 - AUGCON - INFO - Epoch [15/50]-(0/22) Loss: 2.2251, Acc(1): 0.00, Acc(5): 50.00
2023-06-19 16:31:00,015 - AUGCON - INFO - Epoch [15/50]-(5/22) Loss: 2.2164, Acc(1): 0.00, Acc(5): 50.00
2023-06-19 16:31:00,015 - AUGCON - INFO - Epoch [15/50]-(10/22) Loss: 1.9832, Acc(1): 25.00, Acc(5): 75.00
2023-06-19 16:31:00,015 - AUGCON - INFO - Epoch [15/50]-(15/22) Loss: 2.2912, Acc(1): 0.00, Acc(5): 25.00
2023-06-19 16:31:00,016 - AUGCON - INFO - Epoch [15/50]-(20/22) Loss: 2.5066, Acc(1): 0.00, Acc(5): 0.00
2023-06-19 16:31:00,016 - AUGCON - INFO - 	Validation Loss: 2.0989, Acc(1): 12.00, Acc(5): 81.00, F1: 0.04, Recall: 0.03, Precision: 0.04
2023-06-19 16:31:00,016 - AUGCON - INFO - Epoch [16/50]-(0/22) Loss: 2.1639, Acc(1): 0.00, Acc(5): 75.00
2023-06-19 16:31:00,016 - AUGCON - INFO - Epoch [16/50]-(5/22) Loss: 2.2704, Acc(1): 25.00, Acc(5): 50.00
2023-06-19 16:31:00,016 - AUGCON - INFO - Epoch [16/50]-(10/22) Loss: 2.4887, Acc(1): 0.00, Acc(5): 0.00
2023-06-19 16:31:00,016 - AUGCON - INFO - Epoch [16/50]-(15/22) Loss: 2.3342, Acc(1): 0.00, Acc(5): 50.00
2023-06-19 16:31:00,016 - AUGCON - INFO - Epoch [16/50]-(20/22) Loss: 2.1525, Acc(1): 0.00, Acc(5): 50.00
2023-06-19 16:31:00,016 - AUGCON - INFO - 	Validation Loss: 2.1214, Acc(1): 22.00, Acc(5): 70.00, F1: 0.05, Recall: 0.06, Precision: 0.04
2023-06-19 16:31:00,016 - AUGCON - INFO - Epoch [17/50]-(0/22) Loss: 2.3027, Acc(1): 0.00, Acc(5): 25.00
2023-06-19 16:31:00,016 - AUGCON - INFO - Epoch [17/50]-(5/22) Loss: 2.1971, Acc(1): 0.00, Acc(5): 100.00
2023-06-19 16:31:00,016 - AUGCON - INFO - Epoch [17/50]-(10/22) Loss: 2.3688, Acc(1): 0.00, Acc(5): 50.00
2023-06-19 16:31:00,016 - AUGCON - INFO - Epoch [17/50]-(15/22) Loss: 2.2389, Acc(1): 0.00, Acc(5): 75.00
2023-06-19 16:31:00,016 - AUGCON - INFO - Epoch [17/50]-(20/22) Loss: 2.2470, Acc(1): 25.00, Acc(5): 50.00
2023-06-19 16:31:00,016 - AUGCON - INFO - 	Validation Loss: 2.0816, Acc(1): 29.00, Acc(5): 70.00, F1: 0.09, Recall: 0.08, Precision: 0.11
2023-06-19 16:31:00,016 - AUGCON - INFO - Epoch [18/50]-(0/22) Loss: 2.0930, Acc(1): 50.00, Acc(5): 75.00
2023-06-19 16:31:00,017 - AUGCON - INFO - Epoch [18/50]-(5/22) Loss: 2.1128, Acc(1): 25.00, Acc(5): 75.00
2023-06-19 16:31:00,017 - AUGCON - INFO - Epoch [18/50]-(10/22) Loss: 2.4856, Acc(1): 0.00, Acc(5): 25.00
2023-06-19 16:31:00,017 - AUGCON - INFO - Epoch [18/50]-(15/22) Loss: 2.1961, Acc(1): 0.00, Acc(5): 75.00
2023-06-19 16:31:00,017 - AUGCON - INFO - Epoch [18/50]-(20/22) Loss: 2.1001, Acc(1): 50.00, Acc(5): 75.00
2023-06-19 16:31:00,017 - AUGCON - INFO - 	Validation Loss: 2.0887, Acc(1): 28.00, Acc(5): 78.00, F1: 0.06, Recall: 0.08, Precision: 0.05
2023-06-19 16:31:00,017 - AUGCON - INFO - Epoch [19/50]-(0/22) Loss: 2.0915, Acc(1): 0.00, Acc(5): 100.00
2023-06-19 16:31:00,017 - AUGCON - INFO - Epoch [19/50]-(5/22) Loss: 2.3144, Acc(1): 25.00, Acc(5): 50.00
2023-06-19 16:31:00,017 - AUGCON - INFO - Epoch [19/50]-(10/22) Loss: 2.2894, Acc(1): 0.00, Acc(5): 50.00
2023-06-19 16:31:00,017 - AUGCON - INFO - Epoch [19/50]-(15/22) Loss: 2.2841, Acc(1): 0.00, Acc(5): 50.00
2023-06-19 16:31:00,017 - AUGCON - INFO - Epoch [19/50]-(20/22) Loss: 1.9039, Acc(1): 50.00, Acc(5): 100.00
2023-06-19 16:31:00,017 - AUGCON - INFO - 	Validation Loss: 2.0560, Acc(1): 28.00, Acc(5): 75.00, F1: 0.08, Recall: 0.08, Precision: 0.08
2023-06-19 16:31:00,017 - AUGCON - INFO - Epoch [20/50]-(0/22) Loss: 2.0923, Acc(1): 0.00, Acc(5): 100.00
2023-06-19 16:31:00,017 - AUGCON - INFO - Epoch [20/50]-(5/22) Loss: 1.9719, Acc(1): 25.00, Acc(5): 100.00
2023-06-19 16:31:00,017 - AUGCON - INFO - Epoch [20/50]-(10/22) Loss: 2.0934, Acc(1): 25.00, Acc(5): 100.00
2023-06-19 16:31:00,017 - AUGCON - INFO - Epoch [20/50]-(15/22) Loss: 2.3607, Acc(1): 25.00, Acc(5): 25.00
2023-06-19 16:31:00,018 - AUGCON - INFO - Epoch [20/50]-(20/22) Loss: 2.1158, Acc(1): 0.00, Acc(5): 100.00
2023-06-19 16:31:00,018 - AUGCON - INFO - 	Validation Loss: 2.0933, Acc(1): 22.00, Acc(5): 70.00, F1: 0.08, Recall: 0.06, Precision: 0.10
2023-06-19 16:31:00,018 - AUGCON - INFO - Epoch [21/50]-(0/22) Loss: 1.8870, Acc(1): 75.00, Acc(5): 100.00
2023-06-19 16:31:00,018 - AUGCON - INFO - Epoch [21/50]-(5/22) Loss: 2.0794, Acc(1): 25.00, Acc(5): 75.00
2023-06-19 16:31:00,018 - AUGCON - INFO - Epoch [21/50]-(10/22) Loss: 2.2312, Acc(1): 0.00, Acc(5): 50.00
2023-06-19 16:31:00,018 - AUGCON - INFO - Epoch [21/50]-(15/22) Loss: 1.9866, Acc(1): 75.00, Acc(5): 75.00
2023-06-19 16:31:00,018 - AUGCON - INFO - Epoch [21/50]-(20/22) Loss: 2.2213, Acc(1): 0.00, Acc(5): 50.00
2023-06-19 16:31:00,018 - AUGCON - INFO - 	Validation Loss: 2.0155, Acc(1): 28.00, Acc(5): 86.00, F1: 0.07, Recall: 0.08, Precision: 0.06
2023-06-19 16:31:00,018 - AUGCON - INFO - Epoch [22/50]-(0/22) Loss: 2.1585, Acc(1): 0.00, Acc(5): 100.00
2023-06-19 16:31:00,018 - AUGCON - INFO - Epoch [22/50]-(5/22) Loss: 2.1573, Acc(1): 0.00, Acc(5): 75.00
2023-06-19 16:31:00,018 - AUGCON - INFO - Epoch [22/50]-(10/22) Loss: 2.1308, Acc(1): 0.00, Acc(5): 75.00
2023-06-19 16:31:00,018 - AUGCON - INFO - Epoch [22/50]-(15/22) Loss: 2.2818, Acc(1): 0.00, Acc(5): 25.00
2023-06-19 16:31:00,018 - AUGCON - INFO - Epoch [22/50]-(20/22) Loss: 2.0873, Acc(1): 50.00, Acc(5): 50.00
2023-06-19 16:31:00,018 - AUGCON - INFO - 	Validation Loss: 2.0278, Acc(1): 35.00, Acc(5): 80.00, F1: 0.08, Recall: 0.10, Precision: 0.07
2023-06-19 16:31:00,018 - AUGCON - INFO - Epoch [23/50]-(0/22) Loss: 1.7921, Acc(1): 75.00, Acc(5): 100.00
2023-06-19 16:31:00,018 - AUGCON - INFO - Epoch [23/50]-(5/22) Loss: 1.9197, Acc(1): 50.00, Acc(5): 100.00
2023-06-19 16:31:00,019 - AUGCON - INFO - Epoch [23/50]-(10/22) Loss: 2.1389, Acc(1): 0.00, Acc(5): 50.00
2023-06-19 16:31:00,019 - AUGCON - INFO - Epoch [23/50]-(15/22) Loss: 2.2540, Acc(1): 0.00, Acc(5): 50.00
2023-06-19 16:31:00,019 - AUGCON - INFO - Epoch [23/50]-(20/22) Loss: 2.1472, Acc(1): 25.00, Acc(5): 50.00
2023-06-19 16:31:00,019 - AUGCON - INFO - 	Validation Loss: 2.0526, Acc(1): 32.00, Acc(5): 88.00, F1: 0.07, Recall: 0.09, Precision: 0.06
2023-06-19 16:31:00,019 - AUGCON - INFO - Epoch [24/50]-(0/22) Loss: 1.9855, Acc(1): 25.00, Acc(5): 100.00
2023-06-19 16:31:00,019 - AUGCON - INFO - Epoch [24/50]-(5/22) Loss: 2.0804, Acc(1): 25.00, Acc(5): 75.00
2023-06-19 16:31:00,019 - AUGCON - INFO - Epoch [24/50]-(10/22) Loss: 2.2158, Acc(1): 0.00, Acc(5): 50.00
2023-06-19 16:31:00,019 - AUGCON - INFO - Epoch [24/50]-(15/22) Loss: 2.2409, Acc(1): 0.00, Acc(5): 50.00
2023-06-19 16:31:00,019 - AUGCON - INFO - Epoch [24/50]-(20/22) Loss: 2.1103, Acc(1): 25.00, Acc(5): 100.00
2023-06-19 16:31:00,019 - AUGCON - INFO - 	Validation Loss: 2.0480, Acc(1): 25.00, Acc(5): 81.00, F1: 0.06, Recall: 0.07, Precision: 0.05
2023-06-19 16:31:00,019 - AUGCON - INFO - Epoch [25/50]-(0/22) Loss: 2.0881, Acc(1): 25.00, Acc(5): 100.00
2023-06-19 16:31:00,019 - AUGCON - INFO - Epoch [25/50]-(5/22) Loss: 1.9390, Acc(1): 25.00, Acc(5): 100.00
2023-06-19 16:31:00,019 - AUGCON - INFO - Epoch [25/50]-(10/22) Loss: 1.9703, Acc(1): 25.00, Acc(5): 100.00
2023-06-19 16:31:00,019 - AUGCON - INFO - Epoch [25/50]-(15/22) Loss: 2.2404, Acc(1): 25.00, Acc(5): 50.00
2023-06-19 16:31:00,019 - AUGCON - INFO - Epoch [25/50]-(20/22) Loss: 2.0702, Acc(1): 0.00, Acc(5): 100.00
2023-06-19 16:31:00,020 - AUGCON - INFO - 	Validation Loss: 2.0452, Acc(1): 27.00, Acc(5): 81.00, F1: 0.10, Recall: 0.07, Precision: 0.13
2023-06-19 16:31:00,020 - AUGCON - INFO - Epoch [26/50]-(0/22) Loss: 2.0142, Acc(1): 25.00, Acc(5): 100.00
2023-06-19 16:31:00,020 - AUGCON - INFO - Epoch [26/50]-(5/22) Loss: 1.9520, Acc(1): 25.00, Acc(5): 100.00
2023-06-19 16:31:00,020 - AUGCON - INFO - Epoch [26/50]-(10/22) Loss: 2.3658, Acc(1): 0.00, Acc(5): 50.00
2023-06-19 16:31:00,020 - AUGCON - INFO - Epoch [26/50]-(15/22) Loss: 2.1368, Acc(1): 25.00, Acc(5): 75.00
2023-06-19 16:31:00,020 - AUGCON - INFO - Epoch [26/50]-(20/22) Loss: 2.1967, Acc(1): 25.00, Acc(5): 50.00
2023-06-19 16:31:00,020 - AUGCON - INFO - 	Validation Loss: 2.0316, Acc(1): 33.00, Acc(5): 84.00, F1: 0.07, Recall: 0.05, Precision: 0.11
2023-06-19 16:31:00,020 - AUGCON - INFO - Epoch [27/50]-(0/22) Loss: 2.1652, Acc(1): 25.00, Acc(5): 75.00
2023-06-19 16:31:00,020 - AUGCON - INFO - Epoch [27/50]-(5/22) Loss: 2.2212, Acc(1): 0.00, Acc(5): 50.00
2023-06-19 16:31:00,020 - AUGCON - INFO - Epoch [27/50]-(10/22) Loss: 2.0098, Acc(1): 25.00, Acc(5): 100.00
2023-06-19 16:31:00,020 - AUGCON - INFO - Epoch [27/50]-(15/22) Loss: 2.3033, Acc(1): 25.00, Acc(5): 50.00
2023-06-19 16:31:00,020 - AUGCON - INFO - Epoch [27/50]-(20/22) Loss: 2.0902, Acc(1): 0.00, Acc(5): 75.00
2023-06-19 16:31:00,020 - AUGCON - INFO - 	Validation Loss: 2.0027, Acc(1): 41.00, Acc(5): 85.00, F1: 0.08, Recall: 0.10, Precision: 0.08
2023-06-19 16:31:00,020 - AUGCON - INFO - Epoch [28/50]-(0/22) Loss: 2.0679, Acc(1): 50.00, Acc(5): 75.00
2023-06-19 16:31:00,020 - AUGCON - INFO - Epoch [28/50]-(5/22) Loss: 2.1259, Acc(1): 0.00, Acc(5): 75.00
2023-06-19 16:31:00,021 - AUGCON - INFO - Epoch [28/50]-(10/22) Loss: 1.8479, Acc(1): 50.00, Acc(5): 100.00
2023-06-19 16:31:00,021 - AUGCON - INFO - Epoch [28/50]-(15/22) Loss: 2.0437, Acc(1): 25.00, Acc(5): 100.00
2023-06-19 16:31:00,021 - AUGCON - INFO - Epoch [28/50]-(20/22) Loss: 2.0158, Acc(1): 25.00, Acc(5): 75.00
2023-06-19 16:31:00,021 - AUGCON - INFO - 	Validation Loss: 2.0120, Acc(1): 35.00, Acc(5): 87.00, F1: 0.08, Recall: 0.10, Precision: 0.07
2023-06-19 16:31:00,021 - AUGCON - INFO - Epoch [29/50]-(0/22) Loss: 2.0819, Acc(1): 50.00, Acc(5): 100.00
2023-06-19 16:31:00,021 - AUGCON - INFO - Epoch [29/50]-(5/22) Loss: 2.3067, Acc(1): 0.00, Acc(5): 50.00
2023-06-19 16:31:00,021 - AUGCON - INFO - Epoch [29/50]-(10/22) Loss: 2.1367, Acc(1): 0.00, Acc(5): 75.00
2023-06-19 16:31:00,021 - AUGCON - INFO - Epoch [29/50]-(15/22) Loss: 2.3239, Acc(1): 0.00, Acc(5): 25.00
2023-06-19 16:31:00,021 - AUGCON - INFO - Epoch [29/50]-(20/22) Loss: 2.0832, Acc(1): 0.00, Acc(5): 100.00
2023-06-19 16:31:00,021 - AUGCON - INFO - 	Validation Loss: 1.9884, Acc(1): 36.00, Acc(5): 80.00, F1: 0.09, Recall: 0.10, Precision: 0.08
2023-06-19 16:31:00,021 - AUGCON - INFO - Epoch [30/50]-(0/22) Loss: 1.8518, Acc(1): 50.00, Acc(5): 100.00
2023-06-19 16:31:00,021 - AUGCON - INFO - Epoch [30/50]-(5/22) Loss: 2.2690, Acc(1): 25.00, Acc(5): 50.00
2023-06-19 16:31:00,021 - AUGCON - INFO - Epoch [30/50]-(10/22) Loss: 2.0565, Acc(1): 0.00, Acc(5): 100.00
2023-06-19 16:31:00,021 - AUGCON - INFO - Epoch [30/50]-(15/22) Loss: 2.1714, Acc(1): 0.00, Acc(5): 100.00
2023-06-19 16:31:00,021 - AUGCON - INFO - Epoch [30/50]-(20/22) Loss: 2.1933, Acc(1): 0.00, Acc(5): 50.00
2023-06-19 16:31:00,022 - AUGCON - INFO - 	Validation Loss: 1.9821, Acc(1): 41.00, Acc(5): 79.00, F1: 0.12, Recall: 0.11, Precision: 0.14
2023-06-19 16:31:00,022 - AUGCON - INFO - Epoch [31/50]-(0/22) Loss: 2.0184, Acc(1): 25.00, Acc(5): 75.00
2023-06-19 16:31:00,022 - AUGCON - INFO - Epoch [31/50]-(5/22) Loss: 1.9422, Acc(1): 50.00, Acc(5): 75.00
2023-06-19 16:31:00,022 - AUGCON - INFO - Epoch [31/50]-(10/22) Loss: 2.2120, Acc(1): 25.00, Acc(5): 25.00
2023-06-19 16:31:00,022 - AUGCON - INFO - Epoch [31/50]-(15/22) Loss: 2.2798, Acc(1): 0.00, Acc(5): 25.00
2023-06-19 16:31:00,022 - AUGCON - INFO - Epoch [31/50]-(20/22) Loss: 2.3234, Acc(1): 0.00, Acc(5): 75.00
2023-06-19 16:31:00,022 - AUGCON - INFO - 	Validation Loss: 2.0298, Acc(1): 32.00, Acc(5): 84.00, F1: 0.08, Recall: 0.09, Precision: 0.07
2023-06-19 16:31:00,022 - AUGCON - INFO - Epoch [32/50]-(0/22) Loss: 1.9897, Acc(1): 50.00, Acc(5): 100.00
2023-06-19 16:31:00,022 - AUGCON - INFO - Epoch [32/50]-(5/22) Loss: 2.0962, Acc(1): 25.00, Acc(5): 75.00
2023-06-19 16:31:00,022 - AUGCON - INFO - Epoch [32/50]-(10/22) Loss: 2.0355, Acc(1): 25.00, Acc(5): 75.00
2023-06-19 16:31:00,022 - AUGCON - INFO - Epoch [32/50]-(15/22) Loss: 2.0926, Acc(1): 25.00, Acc(5): 75.00
2023-06-19 16:31:00,022 - AUGCON - INFO - Epoch [32/50]-(20/22) Loss: 2.1143, Acc(1): 25.00, Acc(5): 50.00
2023-06-19 16:31:00,022 - AUGCON - INFO - 	Validation Loss: 2.0069, Acc(1): 30.00, Acc(5): 70.00, F1: 0.06, Recall: 0.08, Precision: 0.05
2023-06-19 16:31:00,022 - AUGCON - INFO - Epoch [33/50]-(0/22) Loss: 2.1497, Acc(1): 0.00, Acc(5): 75.00
2023-06-19 16:31:00,022 - AUGCON - INFO - Epoch [33/50]-(5/22) Loss: 1.8127, Acc(1): 50.00, Acc(5): 100.00
2023-06-19 16:31:00,023 - AUGCON - INFO - Epoch [33/50]-(10/22) Loss: 2.0000, Acc(1): 0.00, Acc(5): 75.00
2023-06-19 16:31:00,023 - AUGCON - INFO - Epoch [33/50]-(15/22) Loss: 2.3197, Acc(1): 25.00, Acc(5): 50.00
2023-06-19 16:31:00,023 - AUGCON - INFO - Epoch [33/50]-(20/22) Loss: 2.1881, Acc(1): 0.00, Acc(5): 75.00
2023-06-19 16:31:00,023 - AUGCON - INFO - 	Validation Loss: 2.0071, Acc(1): 35.00, Acc(5): 79.00, F1: 0.08, Recall: 0.09, Precision: 0.08
2023-06-19 16:31:00,023 - AUGCON - INFO - Epoch [34/50]-(0/22) Loss: 2.1588, Acc(1): 50.00, Acc(5): 50.00
2023-06-19 16:31:00,023 - AUGCON - INFO - Epoch [34/50]-(5/22) Loss: 2.3204, Acc(1): 0.00, Acc(5): 75.00
2023-06-19 16:31:00,023 - AUGCON - INFO - Epoch [34/50]-(10/22) Loss: 2.3637, Acc(1): 0.00, Acc(5): 75.00
2023-06-19 16:31:00,023 - AUGCON - INFO - Epoch [34/50]-(15/22) Loss: 2.1811, Acc(1): 0.00, Acc(5): 100.00
2023-06-19 16:31:00,023 - AUGCON - INFO - Epoch [34/50]-(20/22) Loss: 2.2545, Acc(1): 0.00, Acc(5): 50.00
2023-06-19 16:31:00,023 - AUGCON - INFO - 	Validation Loss: 1.9728, Acc(1): 40.00, Acc(5): 78.00, F1: 0.09, Recall: 0.10, Precision: 0.08
2023-06-19 16:31:00,023 - AUGCON - INFO - Epoch [35/50]-(0/22) Loss: 2.0536, Acc(1): 25.00, Acc(5): 75.00
2023-06-19 16:31:00,023 - AUGCON - INFO - Epoch [35/50]-(5/22) Loss: 2.2785, Acc(1): 25.00, Acc(5): 25.00
2023-06-19 16:31:00,023 - AUGCON - INFO - Epoch [35/50]-(10/22) Loss: 2.0435, Acc(1): 25.00, Acc(5): 100.00
2023-06-19 16:31:00,023 - AUGCON - INFO - Epoch [35/50]-(15/22) Loss: 2.1087, Acc(1): 25.00, Acc(5): 75.00
2023-06-19 16:31:00,023 - AUGCON - INFO - Epoch [35/50]-(20/22) Loss: 2.1356, Acc(1): 25.00, Acc(5): 50.00
2023-06-19 16:31:00,023 - AUGCON - INFO - 	Validation Loss: 2.0297, Acc(1): 34.00, Acc(5): 71.00, F1: 0.07, Recall: 0.09, Precision: 0.06
2023-06-19 16:31:00,024 - AUGCON - INFO - Epoch [36/50]-(0/22) Loss: 2.2291, Acc(1): 0.00, Acc(5): 25.00
2023-06-19 16:31:00,024 - AUGCON - INFO - Epoch [36/50]-(5/22) Loss: 2.2678, Acc(1): 0.00, Acc(5): 50.00
2023-06-19 16:31:00,024 - AUGCON - INFO - Epoch [36/50]-(10/22) Loss: 2.0866, Acc(1): 0.00, Acc(5): 75.00
2023-06-19 16:31:00,024 - AUGCON - INFO - Epoch [36/50]-(15/22) Loss: 2.1504, Acc(1): 0.00, Acc(5): 75.00
2023-06-19 16:31:00,024 - AUGCON - INFO - Epoch [36/50]-(20/22) Loss: 2.1578, Acc(1): 0.00, Acc(5): 75.00
2023-06-19 16:31:00,024 - AUGCON - INFO - 	Validation Loss: 1.9976, Acc(1): 38.00, Acc(5): 72.00, F1: 0.12, Recall: 0.10, Precision: 0.14
2023-06-19 16:31:00,024 - AUGCON - INFO - Epoch [37/50]-(0/22) Loss: 1.9344, Acc(1): 50.00, Acc(5): 75.00
2023-06-19 16:31:00,024 - AUGCON - INFO - Epoch [37/50]-(5/22) Loss: 1.9065, Acc(1): 25.00, Acc(5): 75.00
2023-06-19 16:31:00,024 - AUGCON - INFO - Epoch [37/50]-(10/22) Loss: 2.0044, Acc(1): 25.00, Acc(5): 75.00
2023-06-19 16:31:00,024 - AUGCON - INFO - Epoch [37/50]-(15/22) Loss: 1.8363, Acc(1): 50.00, Acc(5): 100.00
2023-06-19 16:31:00,024 - AUGCON - INFO - Epoch [37/50]-(20/22) Loss: 2.1054, Acc(1): 25.00, Acc(5): 75.00
2023-06-19 16:31:00,024 - AUGCON - INFO - 	Validation Loss: 1.9965, Acc(1): 27.00, Acc(5): 73.00, F1: 0.06, Recall: 0.07, Precision: 0.05
2023-06-19 16:31:00,024 - AUGCON - INFO - Epoch [38/50]-(0/22) Loss: 1.8482, Acc(1): 25.00, Acc(5): 100.00
2023-06-19 16:31:00,024 - AUGCON - INFO - Epoch [38/50]-(5/22) Loss: 2.2613, Acc(1): 25.00, Acc(5): 50.00
2023-06-19 16:31:00,024 - AUGCON - INFO - Epoch [38/50]-(10/22) Loss: 2.3271, Acc(1): 25.00, Acc(5): 25.00
2023-06-19 16:31:00,025 - AUGCON - INFO - Epoch [38/50]-(15/22) Loss: 1.9368, Acc(1): 25.00, Acc(5): 100.00
2023-06-19 16:31:00,025 - AUGCON - INFO - Epoch [38/50]-(20/22) Loss: 2.0777, Acc(1): 0.00, Acc(5): 75.00
2023-06-19 16:31:00,025 - AUGCON - INFO - 	Validation Loss: 1.9979, Acc(1): 25.00, Acc(5): 79.00, F1: 0.07, Recall: 0.07, Precision: 0.07
2023-06-19 16:31:00,025 - AUGCON - INFO - Epoch [39/50]-(0/22) Loss: 2.0515, Acc(1): 25.00, Acc(5): 75.00
2023-06-19 16:31:00,025 - AUGCON - INFO - Epoch [39/50]-(5/22) Loss: 1.9668, Acc(1): 25.00, Acc(5): 100.00
2023-06-19 16:31:00,025 - AUGCON - INFO - Epoch [39/50]-(10/22) Loss: 2.0657, Acc(1): 25.00, Acc(5): 75.00
2023-06-19 16:31:00,025 - AUGCON - INFO - Epoch [39/50]-(15/22) Loss: 2.0187, Acc(1): 25.00, Acc(5): 75.00
2023-06-19 16:31:00,025 - AUGCON - INFO - Epoch [39/50]-(20/22) Loss: 1.9858, Acc(1): 50.00, Acc(5): 75.00
2023-06-19 16:31:00,025 - AUGCON - INFO - 	Validation Loss: 2.0073, Acc(1): 35.00, Acc(5): 77.00, F1: 0.08, Recall: 0.10, Precision: 0.07
2023-06-19 16:31:00,025 - AUGCON - INFO - Epoch [40/50]-(0/22) Loss: 2.1446, Acc(1): 0.00, Acc(5): 50.00
2023-06-19 16:31:00,025 - AUGCON - INFO - Epoch [40/50]-(5/22) Loss: 2.0107, Acc(1): 0.00, Acc(5): 75.00
2023-06-19 16:31:00,025 - AUGCON - INFO - Epoch [40/50]-(10/22) Loss: 2.0606, Acc(1): 0.00, Acc(5): 100.00
2023-06-19 16:31:00,025 - AUGCON - INFO - Epoch [40/50]-(15/22) Loss: 1.9589, Acc(1): 50.00, Acc(5): 100.00
2023-06-19 16:31:00,025 - AUGCON - INFO - Epoch [40/50]-(20/22) Loss: 2.0140, Acc(1): 25.00, Acc(5): 50.00
2023-06-19 16:31:00,025 - AUGCON - INFO - 	Validation Loss: 1.9261, Acc(1): 43.00, Acc(5): 89.00, F1: 0.09, Recall: 0.08, Precision: 0.11
2023-06-19 16:31:00,026 - AUGCON - INFO - Epoch [41/50]-(0/22) Loss: 2.0763, Acc(1): 25.00, Acc(5): 75.00
2023-06-19 16:31:00,026 - AUGCON - INFO - Epoch [41/50]-(5/22) Loss: 2.0156, Acc(1): 25.00, Acc(5): 75.00
2023-06-19 16:31:00,026 - AUGCON - INFO - Epoch [41/50]-(10/22) Loss: 1.8899, Acc(1): 25.00, Acc(5): 100.00
2023-06-19 16:31:00,026 - AUGCON - INFO - Epoch [41/50]-(15/22) Loss: 2.0021, Acc(1): 50.00, Acc(5): 75.00
2023-06-19 16:31:00,026 - AUGCON - INFO - Epoch [41/50]-(20/22) Loss: 2.1834, Acc(1): 0.00, Acc(5): 75.00
2023-06-19 16:31:00,026 - AUGCON - INFO - 	Validation Loss: 1.9883, Acc(1): 29.00, Acc(5): 82.00, F1: 0.06, Recall: 0.08, Precision: 0.05
2023-06-19 16:31:00,026 - AUGCON - INFO - Epoch [42/50]-(0/22) Loss: 1.7539, Acc(1): 75.00, Acc(5): 100.00
2023-06-19 16:31:00,026 - AUGCON - INFO - Epoch [42/50]-(5/22) Loss: 1.9639, Acc(1): 50.00, Acc(5): 100.00
2023-06-19 16:31:00,026 - AUGCON - INFO - Epoch [42/50]-(10/22) Loss: 2.1757, Acc(1): 0.00, Acc(5): 75.00
2023-06-19 16:31:00,026 - AUGCON - INFO - Epoch [42/50]-(15/22) Loss: 2.0196, Acc(1): 50.00, Acc(5): 75.00
2023-06-19 16:31:00,026 - AUGCON - INFO - Epoch [42/50]-(20/22) Loss: 1.9739, Acc(1): 0.00, Acc(5): 100.00
2023-06-19 16:31:00,026 - AUGCON - INFO - 	Validation Loss: 1.9519, Acc(1): 43.00, Acc(5): 83.00, F1: 0.11, Recall: 0.10, Precision: 0.12
2023-06-19 16:31:00,026 - AUGCON - INFO - Epoch [43/50]-(0/22) Loss: 1.8853, Acc(1): 25.00, Acc(5): 100.00
2023-06-19 16:31:00,026 - AUGCON - INFO - Epoch [43/50]-(5/22) Loss: 1.7946, Acc(1): 50.00, Acc(5): 75.00
2023-06-19 16:31:00,026 - AUGCON - INFO - Epoch [43/50]-(10/22) Loss: 1.8437, Acc(1): 50.00, Acc(5): 75.00
2023-06-19 16:31:00,026 - AUGCON - INFO - Epoch [43/50]-(15/22) Loss: 2.0116, Acc(1): 50.00, Acc(5): 50.00
2023-06-19 16:31:00,027 - AUGCON - INFO - Epoch [43/50]-(20/22) Loss: 2.0715, Acc(1): 25.00, Acc(5): 50.00
2023-06-19 16:31:00,027 - AUGCON - INFO - 	Validation Loss: 1.9251, Acc(1): 30.00, Acc(5): 77.00, F1: 0.10, Recall: 0.08, Precision: 0.12
2023-06-19 16:31:00,027 - AUGCON - INFO - Epoch [44/50]-(0/22) Loss: 1.7069, Acc(1): 50.00, Acc(5): 100.00
2023-06-19 16:31:00,027 - AUGCON - INFO - Epoch [44/50]-(5/22) Loss: 2.2163, Acc(1): 0.00, Acc(5): 50.00
2023-06-19 16:31:00,027 - AUGCON - INFO - Epoch [44/50]-(10/22) Loss: 2.1685, Acc(1): 0.00, Acc(5): 100.00
2023-06-19 16:31:00,027 - AUGCON - INFO - Epoch [44/50]-(15/22) Loss: 1.8343, Acc(1): 50.00, Acc(5): 100.00
2023-06-19 16:31:00,027 - AUGCON - INFO - Epoch [44/50]-(20/22) Loss: 2.0928, Acc(1): 0.00, Acc(5): 100.00
2023-06-19 16:31:00,027 - AUGCON - INFO - 	Validation Loss: 1.9793, Acc(1): 28.00, Acc(5): 91.00, F1: 0.07, Recall: 0.07, Precision: 0.07
2023-06-19 16:31:00,027 - AUGCON - INFO - Epoch [45/50]-(0/22) Loss: 1.9289, Acc(1): 50.00, Acc(5): 100.00
2023-06-19 16:31:00,027 - AUGCON - INFO - Epoch [45/50]-(5/22) Loss: 1.9234, Acc(1): 25.00, Acc(5): 100.00
2023-06-19 16:31:00,027 - AUGCON - INFO - Epoch [45/50]-(10/22) Loss: 1.6705, Acc(1): 50.00, Acc(5): 100.00
2023-06-19 16:31:00,027 - AUGCON - INFO - Epoch [45/50]-(15/22) Loss: 2.1548, Acc(1): 0.00, Acc(5): 75.00
2023-06-19 16:31:00,027 - AUGCON - INFO - Epoch [45/50]-(20/22) Loss: 1.9813, Acc(1): 25.00, Acc(5): 75.00
2023-06-19 16:31:00,027 - AUGCON - INFO - 	Validation Loss: 1.9110, Acc(1): 38.00, Acc(5): 80.00, F1: 0.08, Recall: 0.07, Precision: 0.09
2023-06-19 16:31:00,027 - AUGCON - INFO - Epoch [46/50]-(0/22) Loss: 2.0527, Acc(1): 0.00, Acc(5): 75.00
2023-06-19 16:31:00,027 - AUGCON - INFO - Epoch [46/50]-(5/22) Loss: 2.1161, Acc(1): 0.00, Acc(5): 75.00
2023-06-19 16:31:00,028 - AUGCON - INFO - Epoch [46/50]-(10/22) Loss: 1.8547, Acc(1): 50.00, Acc(5): 100.00
2023-06-19 16:31:00,028 - AUGCON - INFO - Epoch [46/50]-(15/22) Loss: 1.9025, Acc(1): 0.00, Acc(5): 100.00
2023-06-19 16:31:00,028 - AUGCON - INFO - Epoch [46/50]-(20/22) Loss: 2.3860, Acc(1): 0.00, Acc(5): 50.00
2023-06-19 16:31:00,028 - AUGCON - INFO - 	Validation Loss: 1.9692, Acc(1): 36.00, Acc(5): 77.00, F1: 0.09, Recall: 0.10, Precision: 0.08
2023-06-19 16:31:00,028 - AUGCON - INFO - Epoch [47/50]-(0/22) Loss: 1.7827, Acc(1): 50.00, Acc(5): 100.00
2023-06-19 16:31:00,028 - AUGCON - INFO - Epoch [47/50]-(5/22) Loss: 1.8835, Acc(1): 25.00, Acc(5): 100.00
2023-06-19 16:31:00,028 - AUGCON - INFO - Epoch [47/50]-(10/22) Loss: 1.9932, Acc(1): 25.00, Acc(5): 100.00
2023-06-19 16:31:00,028 - AUGCON - INFO - Epoch [47/50]-(15/22) Loss: 1.9495, Acc(1): 25.00, Acc(5): 75.00
2023-06-19 16:31:00,028 - AUGCON - INFO - Epoch [47/50]-(20/22) Loss: 1.8613, Acc(1): 50.00, Acc(5): 75.00
2023-06-19 16:31:00,028 - AUGCON - INFO - 	Validation Loss: 1.9340, Acc(1): 35.00, Acc(5): 80.00, F1: 0.08, Recall: 0.09, Precision: 0.07
2023-06-19 16:31:00,028 - AUGCON - INFO - Epoch [48/50]-(0/22) Loss: 2.0100, Acc(1): 25.00, Acc(5): 50.00
2023-06-19 16:31:00,028 - AUGCON - INFO - Epoch [48/50]-(5/22) Loss: 2.0850, Acc(1): 0.00, Acc(5): 100.00
2023-06-19 16:31:00,028 - AUGCON - INFO - Epoch [48/50]-(10/22) Loss: 2.0587, Acc(1): 25.00, Acc(5): 50.00
2023-06-19 16:31:00,028 - AUGCON - INFO - Epoch [48/50]-(15/22) Loss: 1.7583, Acc(1): 75.00, Acc(5): 75.00
2023-06-19 16:31:00,028 - AUGCON - INFO - Epoch [48/50]-(20/22) Loss: 2.1219, Acc(1): 25.00, Acc(5): 75.00
2023-06-19 16:31:00,029 - AUGCON - INFO - 	Validation Loss: 1.9591, Acc(1): 33.00, Acc(5): 75.00, F1: 0.07, Recall: 0.09, Precision: 0.06
2023-06-19 16:31:00,029 - AUGCON - INFO - Epoch [49/50]-(0/22) Loss: 1.8749, Acc(1): 25.00, Acc(5): 100.00
2023-06-19 16:31:00,029 - AUGCON - INFO - Epoch [49/50]-(5/22) Loss: 1.7980, Acc(1): 50.00, Acc(5): 75.00
2023-06-19 16:31:00,029 - AUGCON - INFO - Epoch [49/50]-(10/22) Loss: 2.4404, Acc(1): 0.00, Acc(5): 50.00
2023-06-19 16:31:00,029 - AUGCON - INFO - Epoch [49/50]-(15/22) Loss: 1.8816, Acc(1): 25.00, Acc(5): 75.00
2023-06-19 16:31:00,029 - AUGCON - INFO - Epoch [49/50]-(20/22) Loss: 1.8221, Acc(1): 25.00, Acc(5): 100.00
2023-06-19 16:31:00,029 - AUGCON - INFO - 	Validation Loss: 1.9172, Acc(1): 30.00, Acc(5): 90.00, F1: 0.08, Recall: 0.08, Precision: 0.09
2023-06-19 16:31:00,029 - AUGCON - INFO - Epoch [50/50]-(0/22) Loss: 1.8646, Acc(1): 50.00, Acc(5): 100.00
2023-06-19 16:31:00,029 - AUGCON - INFO - Epoch [50/50]-(5/22) Loss: 1.9972, Acc(1): 25.00, Acc(5): 100.00
2023-06-19 16:31:00,029 - AUGCON - INFO - Epoch [50/50]-(10/22) Loss: 1.8456, Acc(1): 50.00, Acc(5): 100.00
2023-06-19 16:31:00,029 - AUGCON - INFO - Epoch [50/50]-(15/22) Loss: 1.8720, Acc(1): 25.00, Acc(5): 100.00
2023-06-19 16:31:00,029 - AUGCON - INFO - Epoch [50/50]-(20/22) Loss: 1.9579, Acc(1): 25.00, Acc(5): 100.00
2023-06-19 16:31:00,029 - AUGCON - INFO - 	Validation Loss: 1.9045, Acc(1): 33.00, Acc(5): 86.00, F1: 0.07, Recall: 0.09, Precision: 0.06
2023-06-19 16:31:00,029 - AUGCON - INFO - 	Validation Loss: 1.9274, Acc(1): 30.67, Acc(5): 90.33, F1: 0.06, Recall: 0.08, Precision: 0.05
