2023-06-19 16:24:24,436 - AUGCON - INFO - logger initialized (/home/hjyoon/projects/augcon/config/exp0/finetune_da_false/without_target_domain_PH0014-wjlee/cpc_random_8421/tgt_target_domain_PH0034-ykha_seed0.yaml.log)
2023-06-19 16:24:24,436 - AUGCON - INFO - ================= Config =================
2023-06-19 16:24:24,436 - AUGCON - INFO -   mode: finetune
2023-06-19 16:24:24,436 - AUGCON - INFO -   seed: 0
2023-06-19 16:24:24,436 - AUGCON - INFO -   gpu: [2]
2023-06-19 16:24:24,436 - AUGCON - INFO -   num_workers: 1
2023-06-19 16:24:24,436 - AUGCON - INFO -   dist_url: tcp://localhost:10001
2023-06-19 16:24:24,436 - AUGCON - INFO -   dataset_name: ichar
2023-06-19 16:24:24,436 - AUGCON - INFO -   train_dataset_path: /mnt/sting/hjyoon/projects/cross/ICHAR/augcon/target_domain_PH0034-ykha/finetune/10shot/target/train.pkl
2023-06-19 16:24:24,436 - AUGCON - INFO -   test_dataset_path: /mnt/sting/hjyoon/projects/cross/ICHAR/augcon/target_domain_PH0034-ykha/finetune/10shot/target/test.pkl
2023-06-19 16:24:24,436 - AUGCON - INFO -   val_dataset_path: /mnt/sting/hjyoon/projects/cross/ICHAR/augcon/target_domain_PH0034-ykha/finetune/10shot/target/val.pkl
2023-06-19 16:24:24,436 - AUGCON - INFO -   input_channels: 3
2023-06-19 16:24:24,436 - AUGCON - INFO -   num_cls: 9
2023-06-19 16:24:24,436 - AUGCON - INFO -   optimizer: adam
2023-06-19 16:24:24,436 - AUGCON - INFO -   criterion: crossentropy
2023-06-19 16:24:24,436 - AUGCON - INFO -   start_epoch: 0
2023-06-19 16:24:24,436 - AUGCON - INFO -   epochs: 50
2023-06-19 16:24:24,436 - AUGCON - INFO -   batch_size: 4
2023-06-19 16:24:24,437 - AUGCON - INFO -   lr: 0.001
2023-06-19 16:24:24,437 - AUGCON - INFO -   wd: 0.0
2023-06-19 16:24:24,437 - AUGCON - INFO -   resume: 
2023-06-19 16:24:24,437 - AUGCON - INFO -   pretrained: /mnt/sting/hjyoon/projects/augcontrast/models/exp0/pretrain/without_target_domain_PH0014-wjlee/cpc_random_8421//checkpoint_0099.pth.tar
2023-06-19 16:24:24,437 - AUGCON - INFO -   ckpt_dir: /mnt/sting/hjyoon/projects/augcontrast/models/exp0/finetune_da_false/without_target_domain_PH0014-wjlee/cpc_random_8421/tgt_target_domain_PH0034-ykha_seed0
2023-06-19 16:24:24,437 - AUGCON - INFO -   log_freq: 5
2023-06-19 16:24:24,437 - AUGCON - INFO -   save_freq: 10
2023-06-19 16:24:24,437 - AUGCON - INFO -   pretext: metacpc
2023-06-19 16:24:24,437 - AUGCON - INFO -   enc_blocks: 4
2023-06-19 16:24:24,437 - AUGCON - INFO -   kernel_sizes: [8, 4, 2, 1]
2023-06-19 16:24:24,437 - AUGCON - INFO -   strides: [4, 2, 1, 1]
2023-06-19 16:24:24,437 - AUGCON - INFO -   agg_blocks: 5
2023-06-19 16:24:24,437 - AUGCON - INFO -   z_dim: 256
2023-06-19 16:24:24,437 - AUGCON - INFO -   pooling: mean
2023-06-19 16:24:24,437 - AUGCON - INFO -   pred_steps: 12
2023-06-19 16:24:24,437 - AUGCON - INFO -   n_negatives: 15
2023-06-19 16:24:24,437 - AUGCON - INFO -   offset: 4
2023-06-19 16:24:24,437 - AUGCON - INFO -   domain_adaptation: False
2023-06-19 16:24:24,437 - AUGCON - INFO -   task_steps: 10
2023-06-19 16:24:24,437 - AUGCON - INFO -   task_lr: 0.001
2023-06-19 16:24:24,437 - AUGCON - INFO -   reg_lambda: 0
2023-06-19 16:24:24,437 - AUGCON - INFO -   mlp: False
2023-06-19 16:24:24,437 - AUGCON - INFO -   freeze: True
2023-06-19 16:24:24,437 - AUGCON - INFO -   no_vars: True
2023-06-19 16:24:24,437 - AUGCON - INFO - ==========================================
2023-06-19 16:24:24,437 - AUGCON - INFO - Setting GPUs: [2]
2023-06-19 16:24:24,437 - AUGCON - INFO - GPUs [2] will be used
2023-06-19 16:24:24,438 - AUGCON - WARNING - You have chosen to seed training. 
2023-06-19 16:24:24,438 - AUGCON - WARNING - This will turn on the CUDNN deterministic setting, 
2023-06-19 16:24:24,438 - AUGCON - WARNING - which can slow down your training considerably! 
2023-06-19 16:24:24,438 - AUGCON - WARNING - You may see unexpected behavior when restarting 
2023-06-19 16:24:24,438 - AUGCON - WARNING - from checkpoints.
2023-06-19 16:24:24,482 - AUGCON - INFO - Executing MetaCPC
2023-06-19 16:24:24,483 - AUGCON - INFO - Logs are skipped during training
2023-06-19 16:24:41,379 - AUGCON - INFO - Single GPU is used for training - training 90 instances for each worker
2023-06-19 16:24:41,379 - AUGCON - INFO - Loading pretrained model from checkpoint - /mnt/sting/hjyoon/projects/augcontrast/models/exp0/pretrain/without_target_domain_PH0014-wjlee/cpc_random_8421//checkpoint_0099.pth.tar
2023-06-19 16:24:41,379 - AUGCON - INFO - Missing keys: ['predictor.vars.0', 'predictor.vars.1']
2023-06-19 16:24:41,379 - AUGCON - INFO - Loading encoder parameters to the classifier
2023-06-19 16:24:41,379 - AUGCON - INFO - Missing keys: ['classifier.block.0.weight', 'classifier.block.0.bias']
2023-06-19 16:24:41,380 - AUGCON - INFO - Epoch [1/50]-(0/22) Loss: 2.0265, Acc(1): 0.00, Acc(5): 100.00
2023-06-19 16:24:41,380 - AUGCON - INFO - Epoch [1/50]-(5/22) Loss: 2.0352, Acc(1): 0.00, Acc(5): 100.00
2023-06-19 16:24:41,380 - AUGCON - INFO - Epoch [1/50]-(10/22) Loss: 2.6413, Acc(1): 0.00, Acc(5): 25.00
2023-06-19 16:24:41,380 - AUGCON - INFO - Epoch [1/50]-(15/22) Loss: 2.2239, Acc(1): 0.00, Acc(5): 50.00
2023-06-19 16:24:41,380 - AUGCON - INFO - Epoch [1/50]-(20/22) Loss: 2.3923, Acc(1): 0.00, Acc(5): 50.00
2023-06-19 16:24:41,380 - AUGCON - INFO - 	Validation Loss: 2.0521, Acc(1): 22.00, Acc(5): 68.00, F1: 0.06, Recall: 0.06, Precision: 0.08
2023-06-19 16:24:41,380 - AUGCON - INFO - Epoch [2/50]-(0/22) Loss: 2.1176, Acc(1): 0.00, Acc(5): 75.00
2023-06-19 16:24:41,380 - AUGCON - INFO - Epoch [2/50]-(5/22) Loss: 2.3337, Acc(1): 0.00, Acc(5): 50.00
2023-06-19 16:24:41,380 - AUGCON - INFO - Epoch [2/50]-(10/22) Loss: 2.0996, Acc(1): 0.00, Acc(5): 100.00
2023-06-19 16:24:41,380 - AUGCON - INFO - Epoch [2/50]-(15/22) Loss: 2.1621, Acc(1): 0.00, Acc(5): 75.00
2023-06-19 16:24:41,380 - AUGCON - INFO - Epoch [2/50]-(20/22) Loss: 1.8230, Acc(1): 50.00, Acc(5): 100.00
2023-06-19 16:24:41,380 - AUGCON - INFO - 	Validation Loss: 1.8385, Acc(1): 39.00, Acc(5): 87.00, F1: 0.10, Recall: 0.10, Precision: 0.09
2023-06-19 16:24:41,380 - AUGCON - INFO - Epoch [3/50]-(0/22) Loss: 1.9133, Acc(1): 25.00, Acc(5): 100.00
2023-06-19 16:24:41,380 - AUGCON - INFO - Epoch [3/50]-(5/22) Loss: 2.0412, Acc(1): 25.00, Acc(5): 100.00
2023-06-19 16:24:41,381 - AUGCON - INFO - Epoch [3/50]-(10/22) Loss: 1.8983, Acc(1): 25.00, Acc(5): 100.00
2023-06-19 16:24:41,381 - AUGCON - INFO - Epoch [3/50]-(15/22) Loss: 1.9748, Acc(1): 25.00, Acc(5): 100.00
2023-06-19 16:24:41,381 - AUGCON - INFO - Epoch [3/50]-(20/22) Loss: 1.6165, Acc(1): 50.00, Acc(5): 100.00
2023-06-19 16:24:41,381 - AUGCON - INFO - 	Validation Loss: 1.6740, Acc(1): 42.00, Acc(5): 99.00, F1: 0.10, Recall: 0.10, Precision: 0.11
2023-06-19 16:24:41,381 - AUGCON - INFO - Epoch [4/50]-(0/22) Loss: 1.8295, Acc(1): 25.00, Acc(5): 100.00
2023-06-19 16:24:41,381 - AUGCON - INFO - Epoch [4/50]-(5/22) Loss: 1.5417, Acc(1): 50.00, Acc(5): 100.00
2023-06-19 16:24:41,381 - AUGCON - INFO - Epoch [4/50]-(10/22) Loss: 1.7248, Acc(1): 50.00, Acc(5): 100.00
2023-06-19 16:24:41,381 - AUGCON - INFO - Epoch [4/50]-(15/22) Loss: 1.7569, Acc(1): 25.00, Acc(5): 100.00
2023-06-19 16:24:41,381 - AUGCON - INFO - Epoch [4/50]-(20/22) Loss: 1.7249, Acc(1): 25.00, Acc(5): 100.00
2023-06-19 16:24:41,381 - AUGCON - INFO - 	Validation Loss: 1.5501, Acc(1): 38.00, Acc(5): 100.00, F1: 0.10, Recall: 0.10, Precision: 0.11
2023-06-19 16:24:41,381 - AUGCON - INFO - Epoch [5/50]-(0/22) Loss: 1.4162, Acc(1): 50.00, Acc(5): 100.00
2023-06-19 16:24:41,381 - AUGCON - INFO - Epoch [5/50]-(5/22) Loss: 1.5563, Acc(1): 25.00, Acc(5): 100.00
2023-06-19 16:24:41,381 - AUGCON - INFO - Epoch [5/50]-(10/22) Loss: 1.7344, Acc(1): 0.00, Acc(5): 100.00
2023-06-19 16:24:41,381 - AUGCON - INFO - Epoch [5/50]-(15/22) Loss: 1.6605, Acc(1): 25.00, Acc(5): 100.00
2023-06-19 16:24:41,381 - AUGCON - INFO - Epoch [5/50]-(20/22) Loss: 1.6122, Acc(1): 75.00, Acc(5): 100.00
2023-06-19 16:24:41,381 - AUGCON - INFO - 	Validation Loss: 1.5028, Acc(1): 54.00, Acc(5): 99.00, F1: 0.12, Recall: 0.12, Precision: 0.12
2023-06-19 16:24:41,382 - AUGCON - INFO - Epoch [6/50]-(0/22) Loss: 1.6470, Acc(1): 75.00, Acc(5): 100.00
2023-06-19 16:24:41,382 - AUGCON - INFO - Epoch [6/50]-(5/22) Loss: 1.7060, Acc(1): 50.00, Acc(5): 100.00
2023-06-19 16:24:41,382 - AUGCON - INFO - Epoch [6/50]-(10/22) Loss: 1.5089, Acc(1): 25.00, Acc(5): 100.00
2023-06-19 16:24:41,382 - AUGCON - INFO - Epoch [6/50]-(15/22) Loss: 1.4966, Acc(1): 0.00, Acc(5): 100.00
2023-06-19 16:24:41,382 - AUGCON - INFO - Epoch [6/50]-(20/22) Loss: 1.4138, Acc(1): 0.00, Acc(5): 100.00
2023-06-19 16:24:41,382 - AUGCON - INFO - 	Validation Loss: 1.4025, Acc(1): 48.00, Acc(5): 99.00, F1: 0.13, Recall: 0.11, Precision: 0.15
2023-06-19 16:24:41,382 - AUGCON - INFO - Epoch [7/50]-(0/22) Loss: 1.3777, Acc(1): 50.00, Acc(5): 100.00
2023-06-19 16:24:41,382 - AUGCON - INFO - Epoch [7/50]-(5/22) Loss: 1.3226, Acc(1): 25.00, Acc(5): 100.00
2023-06-19 16:24:41,382 - AUGCON - INFO - Epoch [7/50]-(10/22) Loss: 1.3824, Acc(1): 75.00, Acc(5): 100.00
2023-06-19 16:24:41,382 - AUGCON - INFO - Epoch [7/50]-(15/22) Loss: 1.4056, Acc(1): 50.00, Acc(5): 100.00
2023-06-19 16:24:41,382 - AUGCON - INFO - Epoch [7/50]-(20/22) Loss: 1.4323, Acc(1): 75.00, Acc(5): 100.00
2023-06-19 16:24:41,382 - AUGCON - INFO - 	Validation Loss: 1.3180, Acc(1): 57.00, Acc(5): 100.00, F1: 0.13, Recall: 0.13, Precision: 0.13
2023-06-19 16:24:41,382 - AUGCON - INFO - Epoch [8/50]-(0/22) Loss: 1.5126, Acc(1): 75.00, Acc(5): 100.00
2023-06-19 16:24:41,382 - AUGCON - INFO - Epoch [8/50]-(5/22) Loss: 1.2008, Acc(1): 75.00, Acc(5): 100.00
2023-06-19 16:24:41,382 - AUGCON - INFO - Epoch [8/50]-(10/22) Loss: 1.5792, Acc(1): 0.00, Acc(5): 100.00
2023-06-19 16:24:41,382 - AUGCON - INFO - Epoch [8/50]-(15/22) Loss: 1.4584, Acc(1): 25.00, Acc(5): 100.00
2023-06-19 16:24:41,383 - AUGCON - INFO - Epoch [8/50]-(20/22) Loss: 1.4485, Acc(1): 50.00, Acc(5): 100.00
2023-06-19 16:24:41,383 - AUGCON - INFO - 	Validation Loss: 1.2773, Acc(1): 61.00, Acc(5): 99.00, F1: 0.13, Recall: 0.14, Precision: 0.13
2023-06-19 16:24:41,383 - AUGCON - INFO - Epoch [9/50]-(0/22) Loss: 1.1925, Acc(1): 100.00, Acc(5): 100.00
2023-06-19 16:24:41,383 - AUGCON - INFO - Epoch [9/50]-(5/22) Loss: 1.1928, Acc(1): 75.00, Acc(5): 100.00
2023-06-19 16:24:41,383 - AUGCON - INFO - Epoch [9/50]-(10/22) Loss: 1.2212, Acc(1): 75.00, Acc(5): 100.00
2023-06-19 16:24:41,383 - AUGCON - INFO - Epoch [9/50]-(15/22) Loss: 1.3057, Acc(1): 25.00, Acc(5): 100.00
2023-06-19 16:24:41,383 - AUGCON - INFO - Epoch [9/50]-(20/22) Loss: 1.1603, Acc(1): 50.00, Acc(5): 100.00
2023-06-19 16:24:41,383 - AUGCON - INFO - 	Validation Loss: 1.2232, Acc(1): 59.00, Acc(5): 99.00, F1: 0.14, Recall: 0.14, Precision: 0.14
2023-06-19 16:24:41,383 - AUGCON - INFO - Epoch [10/50]-(0/22) Loss: 1.3439, Acc(1): 75.00, Acc(5): 100.00
2023-06-19 16:24:41,383 - AUGCON - INFO - Epoch [10/50]-(5/22) Loss: 1.3383, Acc(1): 50.00, Acc(5): 100.00
2023-06-19 16:24:41,383 - AUGCON - INFO - Epoch [10/50]-(10/22) Loss: 1.1734, Acc(1): 25.00, Acc(5): 100.00
2023-06-19 16:24:41,383 - AUGCON - INFO - Epoch [10/50]-(15/22) Loss: 1.1093, Acc(1): 50.00, Acc(5): 100.00
2023-06-19 16:24:41,383 - AUGCON - INFO - Epoch [10/50]-(20/22) Loss: 1.6664, Acc(1): 50.00, Acc(5): 75.00
2023-06-19 16:24:41,383 - AUGCON - INFO - 	Validation Loss: 1.2082, Acc(1): 59.00, Acc(5): 99.00, F1: 0.14, Recall: 0.13, Precision: 0.15
2023-06-19 16:24:41,383 - AUGCON - INFO - Epoch [11/50]-(0/22) Loss: 1.5538, Acc(1): 25.00, Acc(5): 100.00
2023-06-19 16:24:41,383 - AUGCON - INFO - Epoch [11/50]-(5/22) Loss: 1.1615, Acc(1): 75.00, Acc(5): 100.00
2023-06-19 16:24:41,384 - AUGCON - INFO - Epoch [11/50]-(10/22) Loss: 1.1139, Acc(1): 75.00, Acc(5): 100.00
2023-06-19 16:24:41,384 - AUGCON - INFO - Epoch [11/50]-(15/22) Loss: 1.2785, Acc(1): 50.00, Acc(5): 100.00
2023-06-19 16:24:41,384 - AUGCON - INFO - Epoch [11/50]-(20/22) Loss: 1.0653, Acc(1): 75.00, Acc(5): 100.00
2023-06-19 16:24:41,384 - AUGCON - INFO - 	Validation Loss: 1.1401, Acc(1): 70.00, Acc(5): 100.00, F1: 0.15, Recall: 0.15, Precision: 0.15
2023-06-19 16:24:41,384 - AUGCON - INFO - Epoch [12/50]-(0/22) Loss: 1.1323, Acc(1): 75.00, Acc(5): 100.00
2023-06-19 16:24:41,384 - AUGCON - INFO - Epoch [12/50]-(5/22) Loss: 1.2309, Acc(1): 25.00, Acc(5): 100.00
2023-06-19 16:24:41,384 - AUGCON - INFO - Epoch [12/50]-(10/22) Loss: 1.0596, Acc(1): 50.00, Acc(5): 100.00
2023-06-19 16:24:41,384 - AUGCON - INFO - Epoch [12/50]-(15/22) Loss: 1.0444, Acc(1): 75.00, Acc(5): 100.00
2023-06-19 16:24:41,384 - AUGCON - INFO - Epoch [12/50]-(20/22) Loss: 1.1037, Acc(1): 50.00, Acc(5): 100.00
2023-06-19 16:24:41,384 - AUGCON - INFO - 	Validation Loss: 1.1604, Acc(1): 60.00, Acc(5): 99.00, F1: 0.13, Recall: 0.12, Precision: 0.13
2023-06-19 16:24:41,384 - AUGCON - INFO - Epoch [13/50]-(0/22) Loss: 1.0372, Acc(1): 75.00, Acc(5): 100.00
2023-06-19 16:24:41,384 - AUGCON - INFO - Epoch [13/50]-(5/22) Loss: 1.1115, Acc(1): 50.00, Acc(5): 100.00
2023-06-19 16:24:41,384 - AUGCON - INFO - Epoch [13/50]-(10/22) Loss: 1.2828, Acc(1): 100.00, Acc(5): 100.00
2023-06-19 16:24:41,384 - AUGCON - INFO - Epoch [13/50]-(15/22) Loss: 1.1931, Acc(1): 50.00, Acc(5): 100.00
2023-06-19 16:24:41,384 - AUGCON - INFO - Epoch [13/50]-(20/22) Loss: 0.9610, Acc(1): 50.00, Acc(5): 100.00
2023-06-19 16:24:41,385 - AUGCON - INFO - 	Validation Loss: 1.0955, Acc(1): 55.00, Acc(5): 99.00, F1: 0.14, Recall: 0.13, Precision: 0.16
2023-06-19 16:24:41,385 - AUGCON - INFO - Epoch [14/50]-(0/22) Loss: 1.0452, Acc(1): 50.00, Acc(5): 100.00
2023-06-19 16:24:41,385 - AUGCON - INFO - Epoch [14/50]-(5/22) Loss: 0.9465, Acc(1): 75.00, Acc(5): 100.00
2023-06-19 16:24:41,385 - AUGCON - INFO - Epoch [14/50]-(10/22) Loss: 1.3648, Acc(1): 50.00, Acc(5): 100.00
2023-06-19 16:24:41,385 - AUGCON - INFO - Epoch [14/50]-(15/22) Loss: 1.2321, Acc(1): 25.00, Acc(5): 100.00
2023-06-19 16:24:41,385 - AUGCON - INFO - Epoch [14/50]-(20/22) Loss: 1.1162, Acc(1): 50.00, Acc(5): 100.00
2023-06-19 16:24:41,385 - AUGCON - INFO - 	Validation Loss: 1.0681, Acc(1): 62.00, Acc(5): 100.00, F1: 0.13, Recall: 0.13, Precision: 0.12
2023-06-19 16:24:41,385 - AUGCON - INFO - Epoch [15/50]-(0/22) Loss: 0.9345, Acc(1): 75.00, Acc(5): 100.00
2023-06-19 16:24:41,385 - AUGCON - INFO - Epoch [15/50]-(5/22) Loss: 1.1532, Acc(1): 50.00, Acc(5): 100.00
2023-06-19 16:24:41,385 - AUGCON - INFO - Epoch [15/50]-(10/22) Loss: 1.0129, Acc(1): 75.00, Acc(5): 100.00
2023-06-19 16:24:41,385 - AUGCON - INFO - Epoch [15/50]-(15/22) Loss: 1.3596, Acc(1): 50.00, Acc(5): 100.00
2023-06-19 16:24:41,385 - AUGCON - INFO - Epoch [15/50]-(20/22) Loss: 1.4275, Acc(1): 50.00, Acc(5): 100.00
2023-06-19 16:24:41,385 - AUGCON - INFO - 	Validation Loss: 1.0724, Acc(1): 62.00, Acc(5): 99.00, F1: 0.15, Recall: 0.13, Precision: 0.17
2023-06-19 16:24:41,385 - AUGCON - INFO - Epoch [16/50]-(0/22) Loss: 0.9601, Acc(1): 50.00, Acc(5): 100.00
2023-06-19 16:24:41,385 - AUGCON - INFO - Epoch [16/50]-(5/22) Loss: 1.0405, Acc(1): 50.00, Acc(5): 100.00
2023-06-19 16:24:41,385 - AUGCON - INFO - Epoch [16/50]-(10/22) Loss: 1.1348, Acc(1): 50.00, Acc(5): 100.00
2023-06-19 16:24:41,386 - AUGCON - INFO - Epoch [16/50]-(15/22) Loss: 1.0035, Acc(1): 75.00, Acc(5): 100.00
2023-06-19 16:24:41,386 - AUGCON - INFO - Epoch [16/50]-(20/22) Loss: 0.8108, Acc(1): 100.00, Acc(5): 100.00
2023-06-19 16:24:41,386 - AUGCON - INFO - 	Validation Loss: 1.0581, Acc(1): 54.00, Acc(5): 100.00, F1: 0.12, Recall: 0.12, Precision: 0.13
2023-06-19 16:24:41,386 - AUGCON - INFO - Epoch [17/50]-(0/22) Loss: 0.9456, Acc(1): 75.00, Acc(5): 100.00
2023-06-19 16:24:41,386 - AUGCON - INFO - Epoch [17/50]-(5/22) Loss: 1.0997, Acc(1): 50.00, Acc(5): 100.00
2023-06-19 16:24:41,386 - AUGCON - INFO - Epoch [17/50]-(10/22) Loss: 1.2440, Acc(1): 50.00, Acc(5): 100.00
2023-06-19 16:24:41,386 - AUGCON - INFO - Epoch [17/50]-(15/22) Loss: 1.0342, Acc(1): 50.00, Acc(5): 100.00
2023-06-19 16:24:41,386 - AUGCON - INFO - Epoch [17/50]-(20/22) Loss: 0.9585, Acc(1): 75.00, Acc(5): 100.00
2023-06-19 16:24:41,386 - AUGCON - INFO - 	Validation Loss: 1.0077, Acc(1): 68.00, Acc(5): 99.00, F1: 0.15, Recall: 0.15, Precision: 0.16
2023-06-19 16:24:41,386 - AUGCON - INFO - Epoch [18/50]-(0/22) Loss: 1.4770, Acc(1): 75.00, Acc(5): 75.00
2023-06-19 16:24:41,386 - AUGCON - INFO - Epoch [18/50]-(5/22) Loss: 1.0659, Acc(1): 75.00, Acc(5): 100.00
2023-06-19 16:24:41,386 - AUGCON - INFO - Epoch [18/50]-(10/22) Loss: 0.9479, Acc(1): 100.00, Acc(5): 100.00
2023-06-19 16:24:41,386 - AUGCON - INFO - Epoch [18/50]-(15/22) Loss: 1.0138, Acc(1): 50.00, Acc(5): 100.00
2023-06-19 16:24:41,386 - AUGCON - INFO - Epoch [18/50]-(20/22) Loss: 0.7838, Acc(1): 75.00, Acc(5): 100.00
2023-06-19 16:24:41,386 - AUGCON - INFO - 	Validation Loss: 0.9930, Acc(1): 66.00, Acc(5): 99.00, F1: 0.14, Recall: 0.14, Precision: 0.15
2023-06-19 16:24:41,386 - AUGCON - INFO - Epoch [19/50]-(0/22) Loss: 0.7268, Acc(1): 75.00, Acc(5): 100.00
2023-06-19 16:24:41,386 - AUGCON - INFO - Epoch [19/50]-(5/22) Loss: 1.2306, Acc(1): 50.00, Acc(5): 100.00
2023-06-19 16:24:41,387 - AUGCON - INFO - Epoch [19/50]-(10/22) Loss: 1.0114, Acc(1): 50.00, Acc(5): 100.00
2023-06-19 16:24:41,387 - AUGCON - INFO - Epoch [19/50]-(15/22) Loss: 1.2635, Acc(1): 25.00, Acc(5): 100.00
2023-06-19 16:24:41,387 - AUGCON - INFO - Epoch [19/50]-(20/22) Loss: 0.8121, Acc(1): 75.00, Acc(5): 100.00
2023-06-19 16:24:41,387 - AUGCON - INFO - 	Validation Loss: 0.9991, Acc(1): 64.00, Acc(5): 99.00, F1: 0.15, Recall: 0.14, Precision: 0.16
2023-06-19 16:24:41,387 - AUGCON - INFO - Epoch [20/50]-(0/22) Loss: 1.0175, Acc(1): 25.00, Acc(5): 100.00
2023-06-19 16:24:41,387 - AUGCON - INFO - Epoch [20/50]-(5/22) Loss: 0.8869, Acc(1): 75.00, Acc(5): 100.00
2023-06-19 16:24:41,387 - AUGCON - INFO - Epoch [20/50]-(10/22) Loss: 0.9747, Acc(1): 75.00, Acc(5): 100.00
2023-06-19 16:24:41,387 - AUGCON - INFO - Epoch [20/50]-(15/22) Loss: 1.1807, Acc(1): 50.00, Acc(5): 100.00
2023-06-19 16:24:41,387 - AUGCON - INFO - Epoch [20/50]-(20/22) Loss: 0.9245, Acc(1): 50.00, Acc(5): 100.00
2023-06-19 16:24:41,387 - AUGCON - INFO - 	Validation Loss: 0.9694, Acc(1): 74.00, Acc(5): 99.00, F1: 0.17, Recall: 0.16, Precision: 0.18
2023-06-19 16:24:41,387 - AUGCON - INFO - Epoch [21/50]-(0/22) Loss: 0.6565, Acc(1): 100.00, Acc(5): 100.00
2023-06-19 16:24:41,387 - AUGCON - INFO - Epoch [21/50]-(5/22) Loss: 0.9269, Acc(1): 50.00, Acc(5): 100.00
2023-06-19 16:24:41,387 - AUGCON - INFO - Epoch [21/50]-(10/22) Loss: 0.9019, Acc(1): 75.00, Acc(5): 100.00
2023-06-19 16:24:41,387 - AUGCON - INFO - Epoch [21/50]-(15/22) Loss: 0.8892, Acc(1): 75.00, Acc(5): 100.00
2023-06-19 16:24:41,387 - AUGCON - INFO - Epoch [21/50]-(20/22) Loss: 1.6359, Acc(1): 25.00, Acc(5): 75.00
2023-06-19 16:24:41,387 - AUGCON - INFO - 	Validation Loss: 0.9638, Acc(1): 63.00, Acc(5): 100.00, F1: 0.15, Recall: 0.13, Precision: 0.16
2023-06-19 16:24:41,388 - AUGCON - INFO - Epoch [22/50]-(0/22) Loss: 1.3882, Acc(1): 25.00, Acc(5): 100.00
2023-06-19 16:24:41,388 - AUGCON - INFO - Epoch [22/50]-(5/22) Loss: 0.8979, Acc(1): 75.00, Acc(5): 100.00
2023-06-19 16:24:41,388 - AUGCON - INFO - Epoch [22/50]-(10/22) Loss: 0.9863, Acc(1): 75.00, Acc(5): 100.00
2023-06-19 16:24:41,388 - AUGCON - INFO - Epoch [22/50]-(15/22) Loss: 0.8440, Acc(1): 75.00, Acc(5): 100.00
2023-06-19 16:24:41,388 - AUGCON - INFO - Epoch [22/50]-(20/22) Loss: 0.9237, Acc(1): 75.00, Acc(5): 100.00
2023-06-19 16:24:41,388 - AUGCON - INFO - 	Validation Loss: 0.9074, Acc(1): 71.00, Acc(5): 100.00, F1: 0.15, Recall: 0.15, Precision: 0.16
2023-06-19 16:24:41,388 - AUGCON - INFO - Epoch [23/50]-(0/22) Loss: 0.5165, Acc(1): 100.00, Acc(5): 100.00
2023-06-19 16:24:41,388 - AUGCON - INFO - Epoch [23/50]-(5/22) Loss: 1.0301, Acc(1): 100.00, Acc(5): 100.00
2023-06-19 16:24:41,388 - AUGCON - INFO - Epoch [23/50]-(10/22) Loss: 0.6264, Acc(1): 100.00, Acc(5): 100.00
2023-06-19 16:24:41,388 - AUGCON - INFO - Epoch [23/50]-(15/22) Loss: 1.0255, Acc(1): 50.00, Acc(5): 100.00
2023-06-19 16:24:41,388 - AUGCON - INFO - Epoch [23/50]-(20/22) Loss: 0.9386, Acc(1): 75.00, Acc(5): 100.00
2023-06-19 16:24:41,388 - AUGCON - INFO - 	Validation Loss: 0.9231, Acc(1): 73.00, Acc(5): 100.00, F1: 0.16, Recall: 0.15, Precision: 0.16
2023-06-19 16:24:41,388 - AUGCON - INFO - Epoch [24/50]-(0/22) Loss: 0.8172, Acc(1): 100.00, Acc(5): 100.00
2023-06-19 16:24:41,388 - AUGCON - INFO - Epoch [24/50]-(5/22) Loss: 0.8534, Acc(1): 100.00, Acc(5): 100.00
2023-06-19 16:24:41,388 - AUGCON - INFO - Epoch [24/50]-(10/22) Loss: 0.8451, Acc(1): 75.00, Acc(5): 100.00
2023-06-19 16:24:41,388 - AUGCON - INFO - Epoch [24/50]-(15/22) Loss: 1.1304, Acc(1): 50.00, Acc(5): 100.00
2023-06-19 16:24:41,389 - AUGCON - INFO - Epoch [24/50]-(20/22) Loss: 0.8279, Acc(1): 100.00, Acc(5): 100.00
2023-06-19 16:24:41,389 - AUGCON - INFO - 	Validation Loss: 0.9080, Acc(1): 72.00, Acc(5): 99.00, F1: 0.16, Recall: 0.15, Precision: 0.17
2023-06-19 16:24:41,389 - AUGCON - INFO - Epoch [25/50]-(0/22) Loss: 0.9112, Acc(1): 50.00, Acc(5): 100.00
2023-06-19 16:24:41,389 - AUGCON - INFO - Epoch [25/50]-(5/22) Loss: 0.6322, Acc(1): 100.00, Acc(5): 100.00
2023-06-19 16:24:41,389 - AUGCON - INFO - Epoch [25/50]-(10/22) Loss: 0.7716, Acc(1): 75.00, Acc(5): 100.00
2023-06-19 16:24:41,389 - AUGCON - INFO - Epoch [25/50]-(15/22) Loss: 1.3454, Acc(1): 75.00, Acc(5): 75.00
2023-06-19 16:24:41,389 - AUGCON - INFO - Epoch [25/50]-(20/22) Loss: 0.8314, Acc(1): 75.00, Acc(5): 100.00
2023-06-19 16:24:41,389 - AUGCON - INFO - 	Validation Loss: 0.9030, Acc(1): 65.00, Acc(5): 100.00, F1: 0.14, Recall: 0.14, Precision: 0.15
2023-06-19 16:24:41,389 - AUGCON - INFO - Epoch [26/50]-(0/22) Loss: 0.6243, Acc(1): 100.00, Acc(5): 100.00
2023-06-19 16:24:41,389 - AUGCON - INFO - Epoch [26/50]-(5/22) Loss: 0.9784, Acc(1): 75.00, Acc(5): 100.00
2023-06-19 16:24:41,389 - AUGCON - INFO - Epoch [26/50]-(10/22) Loss: 0.9053, Acc(1): 50.00, Acc(5): 100.00
2023-06-19 16:24:41,389 - AUGCON - INFO - Epoch [26/50]-(15/22) Loss: 0.8132, Acc(1): 75.00, Acc(5): 100.00
2023-06-19 16:24:41,389 - AUGCON - INFO - Epoch [26/50]-(20/22) Loss: 1.1307, Acc(1): 50.00, Acc(5): 100.00
2023-06-19 16:24:41,389 - AUGCON - INFO - 	Validation Loss: 0.8612, Acc(1): 72.00, Acc(5): 100.00, F1: 0.15, Recall: 0.15, Precision: 0.16
2023-06-19 16:24:41,389 - AUGCON - INFO - Epoch [27/50]-(0/22) Loss: 0.8977, Acc(1): 75.00, Acc(5): 100.00
2023-06-19 16:24:41,389 - AUGCON - INFO - Epoch [27/50]-(5/22) Loss: 0.7553, Acc(1): 75.00, Acc(5): 100.00
2023-06-19 16:24:41,390 - AUGCON - INFO - Epoch [27/50]-(10/22) Loss: 1.0148, Acc(1): 75.00, Acc(5): 100.00
2023-06-19 16:24:41,390 - AUGCON - INFO - Epoch [27/50]-(15/22) Loss: 1.4307, Acc(1): 75.00, Acc(5): 100.00
2023-06-19 16:24:41,390 - AUGCON - INFO - Epoch [27/50]-(20/22) Loss: 0.6996, Acc(1): 75.00, Acc(5): 100.00
2023-06-19 16:24:41,390 - AUGCON - INFO - 	Validation Loss: 0.8612, Acc(1): 72.00, Acc(5): 100.00, F1: 0.16, Recall: 0.15, Precision: 0.16
2023-06-19 16:24:41,390 - AUGCON - INFO - Epoch [28/50]-(0/22) Loss: 0.8198, Acc(1): 100.00, Acc(5): 100.00
2023-06-19 16:24:41,390 - AUGCON - INFO - Epoch [28/50]-(5/22) Loss: 0.8370, Acc(1): 100.00, Acc(5): 100.00
2023-06-19 16:24:41,390 - AUGCON - INFO - Epoch [28/50]-(10/22) Loss: 0.6741, Acc(1): 75.00, Acc(5): 100.00
2023-06-19 16:24:41,390 - AUGCON - INFO - Epoch [28/50]-(15/22) Loss: 0.6269, Acc(1): 75.00, Acc(5): 100.00
2023-06-19 16:24:41,390 - AUGCON - INFO - Epoch [28/50]-(20/22) Loss: 0.7889, Acc(1): 50.00, Acc(5): 100.00
2023-06-19 16:24:41,390 - AUGCON - INFO - 	Validation Loss: 0.8686, Acc(1): 72.00, Acc(5): 100.00, F1: 0.16, Recall: 0.15, Precision: 0.16
2023-06-19 16:24:41,390 - AUGCON - INFO - Epoch [29/50]-(0/22) Loss: 0.6556, Acc(1): 100.00, Acc(5): 100.00
2023-06-19 16:24:41,390 - AUGCON - INFO - Epoch [29/50]-(5/22) Loss: 0.9799, Acc(1): 25.00, Acc(5): 100.00
2023-06-19 16:24:41,390 - AUGCON - INFO - Epoch [29/50]-(10/22) Loss: 0.8409, Acc(1): 75.00, Acc(5): 100.00
2023-06-19 16:24:41,390 - AUGCON - INFO - Epoch [29/50]-(15/22) Loss: 1.5399, Acc(1): 75.00, Acc(5): 75.00
2023-06-19 16:24:41,390 - AUGCON - INFO - Epoch [29/50]-(20/22) Loss: 1.2046, Acc(1): 25.00, Acc(5): 100.00
2023-06-19 16:24:41,390 - AUGCON - INFO - 	Validation Loss: 0.8637, Acc(1): 72.00, Acc(5): 100.00, F1: 0.16, Recall: 0.15, Precision: 0.17
2023-06-19 16:24:41,390 - AUGCON - INFO - Epoch [30/50]-(0/22) Loss: 0.8762, Acc(1): 75.00, Acc(5): 100.00
2023-06-19 16:24:41,391 - AUGCON - INFO - Epoch [30/50]-(5/22) Loss: 0.7121, Acc(1): 50.00, Acc(5): 100.00
2023-06-19 16:24:41,391 - AUGCON - INFO - Epoch [30/50]-(10/22) Loss: 0.7411, Acc(1): 100.00, Acc(5): 100.00
2023-06-19 16:24:41,391 - AUGCON - INFO - Epoch [30/50]-(15/22) Loss: 0.8815, Acc(1): 50.00, Acc(5): 100.00
2023-06-19 16:24:41,391 - AUGCON - INFO - Epoch [30/50]-(20/22) Loss: 0.8010, Acc(1): 100.00, Acc(5): 100.00
2023-06-19 16:24:41,391 - AUGCON - INFO - 	Validation Loss: 0.8402, Acc(1): 70.00, Acc(5): 100.00, F1: 0.16, Recall: 0.15, Precision: 0.17
2023-06-19 16:24:41,391 - AUGCON - INFO - Epoch [31/50]-(0/22) Loss: 1.0990, Acc(1): 50.00, Acc(5): 100.00
2023-06-19 16:24:41,391 - AUGCON - INFO - Epoch [31/50]-(5/22) Loss: 0.8034, Acc(1): 75.00, Acc(5): 100.00
2023-06-19 16:24:41,391 - AUGCON - INFO - Epoch [31/50]-(10/22) Loss: 0.9375, Acc(1): 50.00, Acc(5): 100.00
2023-06-19 16:24:41,391 - AUGCON - INFO - Epoch [31/50]-(15/22) Loss: 0.9917, Acc(1): 50.00, Acc(5): 100.00
2023-06-19 16:24:41,391 - AUGCON - INFO - Epoch [31/50]-(20/22) Loss: 0.8280, Acc(1): 50.00, Acc(5): 100.00
2023-06-19 16:24:41,391 - AUGCON - INFO - 	Validation Loss: 0.8670, Acc(1): 63.00, Acc(5): 99.00, F1: 0.15, Recall: 0.14, Precision: 0.16
2023-06-19 16:24:41,391 - AUGCON - INFO - Epoch [32/50]-(0/22) Loss: 0.9622, Acc(1): 50.00, Acc(5): 100.00
2023-06-19 16:24:41,391 - AUGCON - INFO - Epoch [32/50]-(5/22) Loss: 0.6272, Acc(1): 100.00, Acc(5): 100.00
2023-06-19 16:24:41,391 - AUGCON - INFO - Epoch [32/50]-(10/22) Loss: 0.7119, Acc(1): 100.00, Acc(5): 100.00
2023-06-19 16:24:41,391 - AUGCON - INFO - Epoch [32/50]-(15/22) Loss: 0.7333, Acc(1): 75.00, Acc(5): 100.00
2023-06-19 16:24:41,391 - AUGCON - INFO - Epoch [32/50]-(20/22) Loss: 0.6552, Acc(1): 100.00, Acc(5): 100.00
2023-06-19 16:24:41,392 - AUGCON - INFO - 	Validation Loss: 0.8724, Acc(1): 69.00, Acc(5): 100.00, F1: 0.14, Recall: 0.14, Precision: 0.14
2023-06-19 16:24:41,392 - AUGCON - INFO - Epoch [33/50]-(0/22) Loss: 0.7505, Acc(1): 75.00, Acc(5): 100.00
2023-06-19 16:24:41,392 - AUGCON - INFO - Epoch [33/50]-(5/22) Loss: 0.6620, Acc(1): 100.00, Acc(5): 100.00
2023-06-19 16:24:41,392 - AUGCON - INFO - Epoch [33/50]-(10/22) Loss: 0.5034, Acc(1): 100.00, Acc(5): 100.00
2023-06-19 16:24:41,392 - AUGCON - INFO - Epoch [33/50]-(15/22) Loss: 1.0028, Acc(1): 50.00, Acc(5): 100.00
2023-06-19 16:24:41,392 - AUGCON - INFO - Epoch [33/50]-(20/22) Loss: 0.9522, Acc(1): 50.00, Acc(5): 100.00
2023-06-19 16:24:41,392 - AUGCON - INFO - 	Validation Loss: 0.8442, Acc(1): 74.00, Acc(5): 100.00, F1: 0.16, Recall: 0.16, Precision: 0.16
2023-06-19 16:24:41,392 - AUGCON - INFO - Epoch [34/50]-(0/22) Loss: 0.6608, Acc(1): 100.00, Acc(5): 100.00
2023-06-19 16:24:41,392 - AUGCON - INFO - Epoch [34/50]-(5/22) Loss: 0.9446, Acc(1): 50.00, Acc(5): 100.00
2023-06-19 16:24:41,392 - AUGCON - INFO - Epoch [34/50]-(10/22) Loss: 1.0611, Acc(1): 50.00, Acc(5): 100.00
2023-06-19 16:24:41,392 - AUGCON - INFO - Epoch [34/50]-(15/22) Loss: 0.8953, Acc(1): 50.00, Acc(5): 100.00
2023-06-19 16:24:41,392 - AUGCON - INFO - Epoch [34/50]-(20/22) Loss: 1.0493, Acc(1): 75.00, Acc(5): 100.00
2023-06-19 16:24:41,392 - AUGCON - INFO - 	Validation Loss: 0.8231, Acc(1): 73.00, Acc(5): 100.00, F1: 0.15, Recall: 0.15, Precision: 0.15
2023-06-19 16:24:41,392 - AUGCON - INFO - Epoch [35/50]-(0/22) Loss: 0.7079, Acc(1): 75.00, Acc(5): 100.00
2023-06-19 16:24:41,392 - AUGCON - INFO - Epoch [35/50]-(5/22) Loss: 0.7260, Acc(1): 75.00, Acc(5): 100.00
2023-06-19 16:24:41,392 - AUGCON - INFO - Epoch [35/50]-(10/22) Loss: 0.6559, Acc(1): 100.00, Acc(5): 100.00
2023-06-19 16:24:41,393 - AUGCON - INFO - Epoch [35/50]-(15/22) Loss: 0.6687, Acc(1): 100.00, Acc(5): 100.00
2023-06-19 16:24:41,393 - AUGCON - INFO - Epoch [35/50]-(20/22) Loss: 0.7790, Acc(1): 50.00, Acc(5): 100.00
2023-06-19 16:24:41,393 - AUGCON - INFO - 	Validation Loss: 0.8182, Acc(1): 67.00, Acc(5): 100.00, F1: 0.14, Recall: 0.14, Precision: 0.15
2023-06-19 16:24:41,393 - AUGCON - INFO - Epoch [36/50]-(0/22) Loss: 0.9139, Acc(1): 50.00, Acc(5): 100.00
2023-06-19 16:24:41,393 - AUGCON - INFO - Epoch [36/50]-(5/22) Loss: 0.8333, Acc(1): 75.00, Acc(5): 100.00
2023-06-19 16:24:41,393 - AUGCON - INFO - Epoch [36/50]-(10/22) Loss: 0.7989, Acc(1): 75.00, Acc(5): 100.00
2023-06-19 16:24:41,393 - AUGCON - INFO - Epoch [36/50]-(15/22) Loss: 0.8017, Acc(1): 50.00, Acc(5): 100.00
2023-06-19 16:24:41,393 - AUGCON - INFO - Epoch [36/50]-(20/22) Loss: 1.4982, Acc(1): 25.00, Acc(5): 100.00
2023-06-19 16:24:41,393 - AUGCON - INFO - 	Validation Loss: 0.8306, Acc(1): 73.00, Acc(5): 100.00, F1: 0.16, Recall: 0.16, Precision: 0.16
2023-06-19 16:24:41,393 - AUGCON - INFO - Epoch [37/50]-(0/22) Loss: 0.5399, Acc(1): 100.00, Acc(5): 100.00
2023-06-19 16:24:41,393 - AUGCON - INFO - Epoch [37/50]-(5/22) Loss: 0.7436, Acc(1): 75.00, Acc(5): 100.00
2023-06-19 16:24:41,393 - AUGCON - INFO - Epoch [37/50]-(10/22) Loss: 0.6547, Acc(1): 100.00, Acc(5): 100.00
2023-06-19 16:24:41,393 - AUGCON - INFO - Epoch [37/50]-(15/22) Loss: 0.7735, Acc(1): 75.00, Acc(5): 100.00
2023-06-19 16:24:41,393 - AUGCON - INFO - Epoch [37/50]-(20/22) Loss: 0.5642, Acc(1): 100.00, Acc(5): 100.00
2023-06-19 16:24:41,393 - AUGCON - INFO - 	Validation Loss: 0.7877, Acc(1): 67.00, Acc(5): 100.00, F1: 0.15, Recall: 0.14, Precision: 0.16
2023-06-19 16:24:41,393 - AUGCON - INFO - Epoch [38/50]-(0/22) Loss: 0.7140, Acc(1): 75.00, Acc(5): 100.00
2023-06-19 16:24:41,394 - AUGCON - INFO - Epoch [38/50]-(5/22) Loss: 0.6639, Acc(1): 50.00, Acc(5): 100.00
2023-06-19 16:24:41,394 - AUGCON - INFO - Epoch [38/50]-(10/22) Loss: 0.8039, Acc(1): 75.00, Acc(5): 100.00
2023-06-19 16:24:41,394 - AUGCON - INFO - Epoch [38/50]-(15/22) Loss: 0.8127, Acc(1): 75.00, Acc(5): 100.00
2023-06-19 16:24:41,394 - AUGCON - INFO - Epoch [38/50]-(20/22) Loss: 0.8259, Acc(1): 75.00, Acc(5): 100.00
2023-06-19 16:24:41,394 - AUGCON - INFO - 	Validation Loss: 0.7915, Acc(1): 73.00, Acc(5): 100.00, F1: 0.16, Recall: 0.15, Precision: 0.16
2023-06-19 16:24:41,394 - AUGCON - INFO - Epoch [39/50]-(0/22) Loss: 0.7641, Acc(1): 50.00, Acc(5): 100.00
2023-06-19 16:24:41,394 - AUGCON - INFO - Epoch [39/50]-(5/22) Loss: 0.7299, Acc(1): 100.00, Acc(5): 100.00
2023-06-19 16:24:41,394 - AUGCON - INFO - Epoch [39/50]-(10/22) Loss: 1.5767, Acc(1): 50.00, Acc(5): 100.00
2023-06-19 16:24:41,394 - AUGCON - INFO - Epoch [39/50]-(15/22) Loss: 0.7671, Acc(1): 75.00, Acc(5): 100.00
2023-06-19 16:24:41,394 - AUGCON - INFO - Epoch [39/50]-(20/22) Loss: 0.5804, Acc(1): 100.00, Acc(5): 100.00
2023-06-19 16:24:41,394 - AUGCON - INFO - 	Validation Loss: 0.7938, Acc(1): 76.00, Acc(5): 99.00, F1: 0.17, Recall: 0.16, Precision: 0.17
2023-06-19 16:24:41,394 - AUGCON - INFO - Epoch [40/50]-(0/22) Loss: 0.9609, Acc(1): 75.00, Acc(5): 100.00
2023-06-19 16:24:41,394 - AUGCON - INFO - Epoch [40/50]-(5/22) Loss: 0.5580, Acc(1): 100.00, Acc(5): 100.00
2023-06-19 16:24:41,394 - AUGCON - INFO - Epoch [40/50]-(10/22) Loss: 1.0889, Acc(1): 50.00, Acc(5): 100.00
2023-06-19 16:24:41,394 - AUGCON - INFO - Epoch [40/50]-(15/22) Loss: 0.7181, Acc(1): 100.00, Acc(5): 100.00
2023-06-19 16:24:41,394 - AUGCON - INFO - Epoch [40/50]-(20/22) Loss: 0.7009, Acc(1): 100.00, Acc(5): 100.00
2023-06-19 16:24:41,394 - AUGCON - INFO - 	Validation Loss: 0.7656, Acc(1): 80.00, Acc(5): 99.00, F1: 0.17, Recall: 0.17, Precision: 0.18
2023-06-19 16:24:41,395 - AUGCON - INFO - Epoch [41/50]-(0/22) Loss: 0.7570, Acc(1): 75.00, Acc(5): 100.00
2023-06-19 16:24:41,395 - AUGCON - INFO - Epoch [41/50]-(5/22) Loss: 0.5792, Acc(1): 100.00, Acc(5): 100.00
2023-06-19 16:24:41,395 - AUGCON - INFO - Epoch [41/50]-(10/22) Loss: 0.7016, Acc(1): 75.00, Acc(5): 100.00
2023-06-19 16:24:41,395 - AUGCON - INFO - Epoch [41/50]-(15/22) Loss: 0.4011, Acc(1): 100.00, Acc(5): 100.00
2023-06-19 16:24:41,395 - AUGCON - INFO - Epoch [41/50]-(20/22) Loss: 0.6843, Acc(1): 75.00, Acc(5): 100.00
2023-06-19 16:24:41,395 - AUGCON - INFO - 	Validation Loss: 0.7776, Acc(1): 75.00, Acc(5): 100.00, F1: 0.16, Recall: 0.16, Precision: 0.16
2023-06-19 16:24:41,395 - AUGCON - INFO - Epoch [42/50]-(0/22) Loss: 0.8153, Acc(1): 75.00, Acc(5): 100.00
2023-06-19 16:24:41,395 - AUGCON - INFO - Epoch [42/50]-(5/22) Loss: 0.6652, Acc(1): 100.00, Acc(5): 100.00
2023-06-19 16:24:41,395 - AUGCON - INFO - Epoch [42/50]-(10/22) Loss: 0.5418, Acc(1): 100.00, Acc(5): 100.00
2023-06-19 16:24:41,395 - AUGCON - INFO - Epoch [42/50]-(15/22) Loss: 0.7210, Acc(1): 75.00, Acc(5): 100.00
2023-06-19 16:24:41,395 - AUGCON - INFO - Epoch [42/50]-(20/22) Loss: 0.9111, Acc(1): 50.00, Acc(5): 100.00
2023-06-19 16:24:41,395 - AUGCON - INFO - 	Validation Loss: 0.7838, Acc(1): 67.00, Acc(5): 100.00, F1: 0.15, Recall: 0.14, Precision: 0.17
2023-06-19 16:24:41,395 - AUGCON - INFO - Epoch [43/50]-(0/22) Loss: 0.5191, Acc(1): 100.00, Acc(5): 100.00
2023-06-19 16:24:41,395 - AUGCON - INFO - Epoch [43/50]-(5/22) Loss: 0.4132, Acc(1): 100.00, Acc(5): 100.00
2023-06-19 16:24:41,395 - AUGCON - INFO - Epoch [43/50]-(10/22) Loss: 0.6239, Acc(1): 100.00, Acc(5): 100.00
2023-06-19 16:24:41,395 - AUGCON - INFO - Epoch [43/50]-(15/22) Loss: 0.4650, Acc(1): 100.00, Acc(5): 100.00
2023-06-19 16:24:41,396 - AUGCON - INFO - Epoch [43/50]-(20/22) Loss: 0.7919, Acc(1): 75.00, Acc(5): 100.00
2023-06-19 16:24:41,396 - AUGCON - INFO - 	Validation Loss: 0.7871, Acc(1): 76.00, Acc(5): 100.00, F1: 0.17, Recall: 0.16, Precision: 0.17
2023-06-19 16:24:41,396 - AUGCON - INFO - Epoch [44/50]-(0/22) Loss: 0.6227, Acc(1): 75.00, Acc(5): 100.00
2023-06-19 16:24:41,396 - AUGCON - INFO - Epoch [44/50]-(5/22) Loss: 0.8998, Acc(1): 75.00, Acc(5): 100.00
2023-06-19 16:24:41,396 - AUGCON - INFO - Epoch [44/50]-(10/22) Loss: 0.8769, Acc(1): 50.00, Acc(5): 100.00
2023-06-19 16:24:41,396 - AUGCON - INFO - Epoch [44/50]-(15/22) Loss: 0.8440, Acc(1): 75.00, Acc(5): 100.00
2023-06-19 16:24:41,396 - AUGCON - INFO - Epoch [44/50]-(20/22) Loss: 0.4675, Acc(1): 100.00, Acc(5): 100.00
2023-06-19 16:24:41,396 - AUGCON - INFO - 	Validation Loss: 0.7474, Acc(1): 79.00, Acc(5): 100.00, F1: 0.17, Recall: 0.17, Precision: 0.17
2023-06-19 16:24:41,396 - AUGCON - INFO - Epoch [45/50]-(0/22) Loss: 0.8334, Acc(1): 50.00, Acc(5): 100.00
2023-06-19 16:24:41,396 - AUGCON - INFO - Epoch [45/50]-(5/22) Loss: 0.6282, Acc(1): 75.00, Acc(5): 100.00
2023-06-19 16:24:41,396 - AUGCON - INFO - Epoch [45/50]-(10/22) Loss: 0.3898, Acc(1): 100.00, Acc(5): 100.00
2023-06-19 16:24:41,396 - AUGCON - INFO - Epoch [45/50]-(15/22) Loss: 0.6353, Acc(1): 75.00, Acc(5): 100.00
2023-06-19 16:24:41,396 - AUGCON - INFO - Epoch [45/50]-(20/22) Loss: 1.0061, Acc(1): 50.00, Acc(5): 100.00
2023-06-19 16:24:41,396 - AUGCON - INFO - 	Validation Loss: 0.7425, Acc(1): 73.00, Acc(5): 100.00, F1: 0.15, Recall: 0.16, Precision: 0.15
2023-06-19 16:24:41,396 - AUGCON - INFO - Epoch [46/50]-(0/22) Loss: 0.7990, Acc(1): 100.00, Acc(5): 100.00
2023-06-19 16:24:41,396 - AUGCON - INFO - Epoch [46/50]-(5/22) Loss: 0.6929, Acc(1): 50.00, Acc(5): 100.00
2023-06-19 16:24:41,397 - AUGCON - INFO - Epoch [46/50]-(10/22) Loss: 0.3698, Acc(1): 100.00, Acc(5): 100.00
2023-06-19 16:24:41,397 - AUGCON - INFO - Epoch [46/50]-(15/22) Loss: 0.4631, Acc(1): 100.00, Acc(5): 100.00
2023-06-19 16:24:41,397 - AUGCON - INFO - Epoch [46/50]-(20/22) Loss: 0.8306, Acc(1): 75.00, Acc(5): 100.00
2023-06-19 16:24:41,397 - AUGCON - INFO - 	Validation Loss: 0.7763, Acc(1): 66.00, Acc(5): 100.00, F1: 0.15, Recall: 0.15, Precision: 0.16
2023-06-19 16:24:41,397 - AUGCON - INFO - Epoch [47/50]-(0/22) Loss: 0.4572, Acc(1): 100.00, Acc(5): 100.00
2023-06-19 16:24:41,397 - AUGCON - INFO - Epoch [47/50]-(5/22) Loss: 0.7690, Acc(1): 75.00, Acc(5): 100.00
2023-06-19 16:24:41,397 - AUGCON - INFO - Epoch [47/50]-(10/22) Loss: 0.6629, Acc(1): 75.00, Acc(5): 100.00
2023-06-19 16:24:41,397 - AUGCON - INFO - Epoch [47/50]-(15/22) Loss: 0.6098, Acc(1): 100.00, Acc(5): 100.00
2023-06-19 16:24:41,397 - AUGCON - INFO - Epoch [47/50]-(20/22) Loss: 0.7121, Acc(1): 50.00, Acc(5): 100.00
2023-06-19 16:24:41,397 - AUGCON - INFO - 	Validation Loss: 0.7482, Acc(1): 80.00, Acc(5): 99.00, F1: 0.18, Recall: 0.17, Precision: 0.18
2023-06-19 16:24:41,397 - AUGCON - INFO - Epoch [48/50]-(0/22) Loss: 0.5197, Acc(1): 100.00, Acc(5): 100.00
2023-06-19 16:24:41,397 - AUGCON - INFO - Epoch [48/50]-(5/22) Loss: 0.4036, Acc(1): 100.00, Acc(5): 100.00
2023-06-19 16:24:41,397 - AUGCON - INFO - Epoch [48/50]-(10/22) Loss: 1.1286, Acc(1): 75.00, Acc(5): 100.00
2023-06-19 16:24:41,397 - AUGCON - INFO - Epoch [48/50]-(15/22) Loss: 0.5610, Acc(1): 100.00, Acc(5): 100.00
2023-06-19 16:24:41,397 - AUGCON - INFO - Epoch [48/50]-(20/22) Loss: 0.9065, Acc(1): 25.00, Acc(5): 100.00
2023-06-19 16:24:41,397 - AUGCON - INFO - 	Validation Loss: 0.7521, Acc(1): 63.00, Acc(5): 100.00, F1: 0.13, Recall: 0.13, Precision: 0.14
2023-06-19 16:24:41,397 - AUGCON - INFO - Epoch [49/50]-(0/22) Loss: 0.5530, Acc(1): 75.00, Acc(5): 100.00
2023-06-19 16:24:41,398 - AUGCON - INFO - Epoch [49/50]-(5/22) Loss: 0.7580, Acc(1): 50.00, Acc(5): 100.00
2023-06-19 16:24:41,398 - AUGCON - INFO - Epoch [49/50]-(10/22) Loss: 0.9222, Acc(1): 75.00, Acc(5): 100.00
2023-06-19 16:24:41,398 - AUGCON - INFO - Epoch [49/50]-(15/22) Loss: 0.7236, Acc(1): 75.00, Acc(5): 100.00
2023-06-19 16:24:41,398 - AUGCON - INFO - Epoch [49/50]-(20/22) Loss: 0.4968, Acc(1): 100.00, Acc(5): 100.00
2023-06-19 16:24:41,398 - AUGCON - INFO - 	Validation Loss: 0.7291, Acc(1): 77.00, Acc(5): 100.00, F1: 0.17, Recall: 0.17, Precision: 0.18
2023-06-19 16:24:41,398 - AUGCON - INFO - Epoch [50/50]-(0/22) Loss: 0.7078, Acc(1): 75.00, Acc(5): 100.00
2023-06-19 16:24:41,398 - AUGCON - INFO - Epoch [50/50]-(5/22) Loss: 0.6140, Acc(1): 100.00, Acc(5): 100.00
2023-06-19 16:24:41,398 - AUGCON - INFO - Epoch [50/50]-(10/22) Loss: 0.6422, Acc(1): 75.00, Acc(5): 100.00
2023-06-19 16:24:41,398 - AUGCON - INFO - Epoch [50/50]-(15/22) Loss: 0.9719, Acc(1): 50.00, Acc(5): 100.00
2023-06-19 16:24:41,398 - AUGCON - INFO - Epoch [50/50]-(20/22) Loss: 0.4454, Acc(1): 100.00, Acc(5): 100.00
2023-06-19 16:24:41,398 - AUGCON - INFO - 	Validation Loss: 0.7585, Acc(1): 68.00, Acc(5): 100.00, F1: 0.15, Recall: 0.14, Precision: 0.15
2023-06-19 16:24:41,398 - AUGCON - INFO - 	Validation Loss: 0.7081, Acc(1): 74.33, Acc(5): 99.67, F1: 0.17, Recall: 0.16, Precision: 0.17
