2023-06-19 16:24:03,881 - AUGCON - INFO - logger initialized (/home/hjyoon/projects/augcon/config/exp0/finetune_da_false/without_target_domain_PH0014-wjlee/cpc_random_8421/tgt_target_domain_PH0014-wjlee_seed0.yaml.log)
2023-06-19 16:24:03,881 - AUGCON - INFO - ================= Config =================
2023-06-19 16:24:03,881 - AUGCON - INFO -   mode: finetune
2023-06-19 16:24:03,881 - AUGCON - INFO -   seed: 0
2023-06-19 16:24:03,881 - AUGCON - INFO -   gpu: [2]
2023-06-19 16:24:03,881 - AUGCON - INFO -   num_workers: 1
2023-06-19 16:24:03,881 - AUGCON - INFO -   dist_url: tcp://localhost:10001
2023-06-19 16:24:03,881 - AUGCON - INFO -   dataset_name: ichar
2023-06-19 16:24:03,881 - AUGCON - INFO -   train_dataset_path: /mnt/sting/hjyoon/projects/cross/ICHAR/augcon/target_domain_PH0014-wjlee/finetune/10shot/target/train.pkl
2023-06-19 16:24:03,881 - AUGCON - INFO -   test_dataset_path: /mnt/sting/hjyoon/projects/cross/ICHAR/augcon/target_domain_PH0014-wjlee/finetune/10shot/target/test.pkl
2023-06-19 16:24:03,881 - AUGCON - INFO -   val_dataset_path: /mnt/sting/hjyoon/projects/cross/ICHAR/augcon/target_domain_PH0014-wjlee/finetune/10shot/target/val.pkl
2023-06-19 16:24:03,881 - AUGCON - INFO -   input_channels: 3
2023-06-19 16:24:03,881 - AUGCON - INFO -   num_cls: 9
2023-06-19 16:24:03,881 - AUGCON - INFO -   optimizer: adam
2023-06-19 16:24:03,882 - AUGCON - INFO -   criterion: crossentropy
2023-06-19 16:24:03,882 - AUGCON - INFO -   start_epoch: 0
2023-06-19 16:24:03,882 - AUGCON - INFO -   epochs: 50
2023-06-19 16:24:03,882 - AUGCON - INFO -   batch_size: 4
2023-06-19 16:24:03,882 - AUGCON - INFO -   lr: 0.001
2023-06-19 16:24:03,882 - AUGCON - INFO -   wd: 0.0
2023-06-19 16:24:03,882 - AUGCON - INFO -   resume: 
2023-06-19 16:24:03,882 - AUGCON - INFO -   pretrained: /mnt/sting/hjyoon/projects/augcontrast/models/exp0/pretrain/without_target_domain_PH0014-wjlee/cpc_random_8421//checkpoint_0099.pth.tar
2023-06-19 16:24:03,882 - AUGCON - INFO -   ckpt_dir: /mnt/sting/hjyoon/projects/augcontrast/models/exp0/finetune_da_false/without_target_domain_PH0014-wjlee/cpc_random_8421/tgt_target_domain_PH0014-wjlee_seed0
2023-06-19 16:24:03,882 - AUGCON - INFO -   log_freq: 5
2023-06-19 16:24:03,882 - AUGCON - INFO -   save_freq: 10
2023-06-19 16:24:03,882 - AUGCON - INFO -   pretext: metacpc
2023-06-19 16:24:03,882 - AUGCON - INFO -   enc_blocks: 4
2023-06-19 16:24:03,882 - AUGCON - INFO -   kernel_sizes: [8, 4, 2, 1]
2023-06-19 16:24:03,882 - AUGCON - INFO -   strides: [4, 2, 1, 1]
2023-06-19 16:24:03,882 - AUGCON - INFO -   agg_blocks: 5
2023-06-19 16:24:03,882 - AUGCON - INFO -   z_dim: 256
2023-06-19 16:24:03,882 - AUGCON - INFO -   pooling: mean
2023-06-19 16:24:03,882 - AUGCON - INFO -   pred_steps: 12
2023-06-19 16:24:03,882 - AUGCON - INFO -   n_negatives: 15
2023-06-19 16:24:03,882 - AUGCON - INFO -   offset: 4
2023-06-19 16:24:03,882 - AUGCON - INFO -   domain_adaptation: False
2023-06-19 16:24:03,882 - AUGCON - INFO -   task_steps: 10
2023-06-19 16:24:03,882 - AUGCON - INFO -   task_lr: 0.001
2023-06-19 16:24:03,882 - AUGCON - INFO -   reg_lambda: 0
2023-06-19 16:24:03,882 - AUGCON - INFO -   mlp: False
2023-06-19 16:24:03,882 - AUGCON - INFO -   freeze: True
2023-06-19 16:24:03,882 - AUGCON - INFO -   no_vars: True
2023-06-19 16:24:03,882 - AUGCON - INFO - ==========================================
2023-06-19 16:24:03,882 - AUGCON - INFO - Setting GPUs: [2]
2023-06-19 16:24:03,882 - AUGCON - INFO - GPUs [2] will be used
2023-06-19 16:24:03,883 - AUGCON - WARNING - You have chosen to seed training. 
2023-06-19 16:24:03,883 - AUGCON - WARNING - This will turn on the CUDNN deterministic setting, 
2023-06-19 16:24:03,883 - AUGCON - WARNING - which can slow down your training considerably! 
2023-06-19 16:24:03,883 - AUGCON - WARNING - You may see unexpected behavior when restarting 
2023-06-19 16:24:03,883 - AUGCON - WARNING - from checkpoints.
2023-06-19 16:24:03,910 - AUGCON - INFO - Executing MetaCPC
2023-06-19 16:24:03,910 - AUGCON - INFO - Logs are skipped during training
2023-06-19 16:24:22,264 - AUGCON - INFO - Single GPU is used for training - training 90 instances for each worker
2023-06-19 16:24:22,265 - AUGCON - INFO - Loading pretrained model from checkpoint - /mnt/sting/hjyoon/projects/augcontrast/models/exp0/pretrain/without_target_domain_PH0014-wjlee/cpc_random_8421//checkpoint_0099.pth.tar
2023-06-19 16:24:22,265 - AUGCON - INFO - Missing keys: ['predictor.vars.0', 'predictor.vars.1']
2023-06-19 16:24:22,265 - AUGCON - INFO - Loading encoder parameters to the classifier
2023-06-19 16:24:22,265 - AUGCON - INFO - Missing keys: ['classifier.block.0.weight', 'classifier.block.0.bias']
2023-06-19 16:24:22,265 - AUGCON - INFO - Epoch [1/50]-(0/22) Loss: 2.5346, Acc(1): 25.00, Acc(5): 25.00
2023-06-19 16:24:22,265 - AUGCON - INFO - Epoch [1/50]-(5/22) Loss: 2.3010, Acc(1): 0.00, Acc(5): 75.00
2023-06-19 16:24:22,265 - AUGCON - INFO - Epoch [1/50]-(10/22) Loss: 2.6406, Acc(1): 0.00, Acc(5): 50.00
2023-06-19 16:24:22,265 - AUGCON - INFO - Epoch [1/50]-(15/22) Loss: 2.4701, Acc(1): 25.00, Acc(5): 50.00
2023-06-19 16:24:22,265 - AUGCON - INFO - Epoch [1/50]-(20/22) Loss: 2.4028, Acc(1): 0.00, Acc(5): 25.00
2023-06-19 16:24:22,265 - AUGCON - INFO - 	Validation Loss: 1.9627, Acc(1): 11.00, Acc(5): 82.00, F1: 0.03, Recall: 0.03, Precision: 0.03
2023-06-19 16:24:22,265 - AUGCON - INFO - Epoch [2/50]-(0/22) Loss: 2.1345, Acc(1): 0.00, Acc(5): 75.00
2023-06-19 16:24:22,265 - AUGCON - INFO - Epoch [2/50]-(5/22) Loss: 1.9350, Acc(1): 0.00, Acc(5): 75.00
2023-06-19 16:24:22,265 - AUGCON - INFO - Epoch [2/50]-(10/22) Loss: 1.6671, Acc(1): 25.00, Acc(5): 100.00
2023-06-19 16:24:22,266 - AUGCON - INFO - Epoch [2/50]-(15/22) Loss: 1.8226, Acc(1): 25.00, Acc(5): 100.00
2023-06-19 16:24:22,266 - AUGCON - INFO - Epoch [2/50]-(20/22) Loss: 1.4864, Acc(1): 50.00, Acc(5): 100.00
2023-06-19 16:24:22,266 - AUGCON - INFO - 	Validation Loss: 1.6890, Acc(1): 35.00, Acc(5): 93.00, F1: 0.08, Recall: 0.08, Precision: 0.08
2023-06-19 16:24:22,266 - AUGCON - INFO - Epoch [3/50]-(0/22) Loss: 1.9105, Acc(1): 75.00, Acc(5): 75.00
2023-06-19 16:24:22,266 - AUGCON - INFO - Epoch [3/50]-(5/22) Loss: 1.6857, Acc(1): 50.00, Acc(5): 100.00
2023-06-19 16:24:22,266 - AUGCON - INFO - Epoch [3/50]-(10/22) Loss: 2.0100, Acc(1): 0.00, Acc(5): 75.00
2023-06-19 16:24:22,266 - AUGCON - INFO - Epoch [3/50]-(15/22) Loss: 1.8601, Acc(1): 0.00, Acc(5): 100.00
2023-06-19 16:24:22,266 - AUGCON - INFO - Epoch [3/50]-(20/22) Loss: 1.3570, Acc(1): 50.00, Acc(5): 100.00
2023-06-19 16:24:22,266 - AUGCON - INFO - 	Validation Loss: 1.6053, Acc(1): 44.00, Acc(5): 93.00, F1: 0.11, Recall: 0.09, Precision: 0.13
2023-06-19 16:24:22,266 - AUGCON - INFO - Epoch [4/50]-(0/22) Loss: 1.4758, Acc(1): 75.00, Acc(5): 100.00
2023-06-19 16:24:22,266 - AUGCON - INFO - Epoch [4/50]-(5/22) Loss: 1.3166, Acc(1): 50.00, Acc(5): 100.00
2023-06-19 16:24:22,266 - AUGCON - INFO - Epoch [4/50]-(10/22) Loss: 1.5470, Acc(1): 50.00, Acc(5): 100.00
2023-06-19 16:24:22,266 - AUGCON - INFO - Epoch [4/50]-(15/22) Loss: 1.6505, Acc(1): 50.00, Acc(5): 100.00
2023-06-19 16:24:22,266 - AUGCON - INFO - Epoch [4/50]-(20/22) Loss: 1.5305, Acc(1): 50.00, Acc(5): 100.00
2023-06-19 16:24:22,266 - AUGCON - INFO - 	Validation Loss: 1.5229, Acc(1): 59.00, Acc(5): 93.00, F1: 0.11, Recall: 0.12, Precision: 0.10
2023-06-19 16:24:22,266 - AUGCON - INFO - Epoch [5/50]-(0/22) Loss: 1.3525, Acc(1): 50.00, Acc(5): 100.00
2023-06-19 16:24:22,267 - AUGCON - INFO - Epoch [5/50]-(5/22) Loss: 1.5509, Acc(1): 25.00, Acc(5): 100.00
2023-06-19 16:24:22,267 - AUGCON - INFO - Epoch [5/50]-(10/22) Loss: 1.0010, Acc(1): 100.00, Acc(5): 100.00
2023-06-19 16:24:22,267 - AUGCON - INFO - Epoch [5/50]-(15/22) Loss: 1.5709, Acc(1): 25.00, Acc(5): 100.00
2023-06-19 16:24:22,267 - AUGCON - INFO - Epoch [5/50]-(20/22) Loss: 1.4510, Acc(1): 50.00, Acc(5): 100.00
2023-06-19 16:24:22,267 - AUGCON - INFO - 	Validation Loss: 1.4706, Acc(1): 46.00, Acc(5): 93.00, F1: 0.11, Recall: 0.10, Precision: 0.12
2023-06-19 16:24:22,267 - AUGCON - INFO - Epoch [6/50]-(0/22) Loss: 1.5222, Acc(1): 25.00, Acc(5): 100.00
2023-06-19 16:24:22,267 - AUGCON - INFO - Epoch [6/50]-(5/22) Loss: 1.4339, Acc(1): 50.00, Acc(5): 100.00
2023-06-19 16:24:22,267 - AUGCON - INFO - Epoch [6/50]-(10/22) Loss: 1.4948, Acc(1): 0.00, Acc(5): 100.00
2023-06-19 16:24:22,267 - AUGCON - INFO - Epoch [6/50]-(15/22) Loss: 0.8179, Acc(1): 100.00, Acc(5): 100.00
2023-06-19 16:24:22,267 - AUGCON - INFO - Epoch [6/50]-(20/22) Loss: 1.2874, Acc(1): 25.00, Acc(5): 100.00
2023-06-19 16:24:22,267 - AUGCON - INFO - 	Validation Loss: 1.4225, Acc(1): 56.00, Acc(5): 93.00, F1: 0.11, Recall: 0.11, Precision: 0.12
2023-06-19 16:24:22,267 - AUGCON - INFO - Epoch [7/50]-(0/22) Loss: 1.2556, Acc(1): 75.00, Acc(5): 100.00
2023-06-19 16:24:22,267 - AUGCON - INFO - Epoch [7/50]-(5/22) Loss: 1.2821, Acc(1): 50.00, Acc(5): 100.00
2023-06-19 16:24:22,267 - AUGCON - INFO - Epoch [7/50]-(10/22) Loss: 1.4516, Acc(1): 0.00, Acc(5): 100.00
2023-06-19 16:24:22,267 - AUGCON - INFO - Epoch [7/50]-(15/22) Loss: 0.9915, Acc(1): 75.00, Acc(5): 100.00
2023-06-19 16:24:22,267 - AUGCON - INFO - Epoch [7/50]-(20/22) Loss: 1.9924, Acc(1): 50.00, Acc(5): 75.00
2023-06-19 16:24:22,268 - AUGCON - INFO - 	Validation Loss: 1.3876, Acc(1): 60.00, Acc(5): 93.00, F1: 0.12, Recall: 0.12, Precision: 0.12
2023-06-19 16:24:22,268 - AUGCON - INFO - Epoch [8/50]-(0/22) Loss: 1.5931, Acc(1): 50.00, Acc(5): 100.00
2023-06-19 16:24:22,268 - AUGCON - INFO - Epoch [8/50]-(5/22) Loss: 1.0426, Acc(1): 50.00, Acc(5): 100.00
2023-06-19 16:24:22,268 - AUGCON - INFO - Epoch [8/50]-(10/22) Loss: 1.5071, Acc(1): 25.00, Acc(5): 100.00
2023-06-19 16:24:22,268 - AUGCON - INFO - Epoch [8/50]-(15/22) Loss: 1.1052, Acc(1): 75.00, Acc(5): 100.00
2023-06-19 16:24:22,268 - AUGCON - INFO - Epoch [8/50]-(20/22) Loss: 1.5671, Acc(1): 25.00, Acc(5): 100.00
2023-06-19 16:24:22,268 - AUGCON - INFO - 	Validation Loss: 1.3772, Acc(1): 51.00, Acc(5): 92.00, F1: 0.12, Recall: 0.10, Precision: 0.15
2023-06-19 16:24:22,268 - AUGCON - INFO - Epoch [9/50]-(0/22) Loss: 1.4636, Acc(1): 25.00, Acc(5): 100.00
2023-06-19 16:24:22,268 - AUGCON - INFO - Epoch [9/50]-(5/22) Loss: 1.0570, Acc(1): 75.00, Acc(5): 100.00
2023-06-19 16:24:22,268 - AUGCON - INFO - Epoch [9/50]-(10/22) Loss: 1.1346, Acc(1): 50.00, Acc(5): 100.00
2023-06-19 16:24:22,268 - AUGCON - INFO - Epoch [9/50]-(15/22) Loss: 1.1966, Acc(1): 50.00, Acc(5): 100.00
2023-06-19 16:24:22,268 - AUGCON - INFO - Epoch [9/50]-(20/22) Loss: 1.0194, Acc(1): 75.00, Acc(5): 100.00
2023-06-19 16:24:22,268 - AUGCON - INFO - 	Validation Loss: 1.3811, Acc(1): 55.00, Acc(5): 93.00, F1: 0.12, Recall: 0.11, Precision: 0.12
2023-06-19 16:24:22,268 - AUGCON - INFO - Epoch [10/50]-(0/22) Loss: 1.1363, Acc(1): 75.00, Acc(5): 100.00
2023-06-19 16:24:22,268 - AUGCON - INFO - Epoch [10/50]-(5/22) Loss: 0.9349, Acc(1): 75.00, Acc(5): 100.00
2023-06-19 16:24:22,269 - AUGCON - INFO - Epoch [10/50]-(10/22) Loss: 0.7934, Acc(1): 100.00, Acc(5): 100.00
2023-06-19 16:24:22,269 - AUGCON - INFO - Epoch [10/50]-(15/22) Loss: 0.7540, Acc(1): 100.00, Acc(5): 100.00
2023-06-19 16:24:22,269 - AUGCON - INFO - Epoch [10/50]-(20/22) Loss: 1.6193, Acc(1): 25.00, Acc(5): 100.00
2023-06-19 16:24:22,269 - AUGCON - INFO - 	Validation Loss: 1.3378, Acc(1): 62.00, Acc(5): 93.00, F1: 0.13, Recall: 0.12, Precision: 0.14
2023-06-19 16:24:22,269 - AUGCON - INFO - Epoch [11/50]-(0/22) Loss: 1.2958, Acc(1): 25.00, Acc(5): 100.00
2023-06-19 16:24:22,269 - AUGCON - INFO - Epoch [11/50]-(5/22) Loss: 1.4138, Acc(1): 25.00, Acc(5): 100.00
2023-06-19 16:24:22,269 - AUGCON - INFO - Epoch [11/50]-(10/22) Loss: 0.9952, Acc(1): 75.00, Acc(5): 100.00
2023-06-19 16:24:22,269 - AUGCON - INFO - Epoch [11/50]-(15/22) Loss: 0.7300, Acc(1): 100.00, Acc(5): 100.00
2023-06-19 16:24:22,269 - AUGCON - INFO - Epoch [11/50]-(20/22) Loss: 1.2048, Acc(1): 75.00, Acc(5): 100.00
2023-06-19 16:24:22,269 - AUGCON - INFO - 	Validation Loss: 1.3567, Acc(1): 60.00, Acc(5): 94.00, F1: 0.13, Recall: 0.12, Precision: 0.15
2023-06-19 16:24:22,269 - AUGCON - INFO - Epoch [12/50]-(0/22) Loss: 1.1969, Acc(1): 75.00, Acc(5): 100.00
2023-06-19 16:24:22,269 - AUGCON - INFO - Epoch [12/50]-(5/22) Loss: 0.9568, Acc(1): 75.00, Acc(5): 100.00
2023-06-19 16:24:22,269 - AUGCON - INFO - Epoch [12/50]-(10/22) Loss: 0.8957, Acc(1): 100.00, Acc(5): 100.00
2023-06-19 16:24:22,269 - AUGCON - INFO - Epoch [12/50]-(15/22) Loss: 1.0649, Acc(1): 50.00, Acc(5): 100.00
2023-06-19 16:24:22,269 - AUGCON - INFO - Epoch [12/50]-(20/22) Loss: 1.1914, Acc(1): 50.00, Acc(5): 100.00
2023-06-19 16:24:22,269 - AUGCON - INFO - 	Validation Loss: 1.3473, Acc(1): 57.00, Acc(5): 94.00, F1: 0.13, Recall: 0.11, Precision: 0.16
2023-06-19 16:24:22,270 - AUGCON - INFO - Epoch [13/50]-(0/22) Loss: 1.0560, Acc(1): 75.00, Acc(5): 100.00
2023-06-19 16:24:22,270 - AUGCON - INFO - Epoch [13/50]-(5/22) Loss: 0.7669, Acc(1): 75.00, Acc(5): 100.00
2023-06-19 16:24:22,270 - AUGCON - INFO - Epoch [13/50]-(10/22) Loss: 1.2699, Acc(1): 75.00, Acc(5): 100.00
2023-06-19 16:24:22,270 - AUGCON - INFO - Epoch [13/50]-(15/22) Loss: 1.3024, Acc(1): 50.00, Acc(5): 100.00
2023-06-19 16:24:22,270 - AUGCON - INFO - Epoch [13/50]-(20/22) Loss: 0.7687, Acc(1): 75.00, Acc(5): 100.00
2023-06-19 16:24:22,270 - AUGCON - INFO - 	Validation Loss: 1.3490, Acc(1): 58.00, Acc(5): 93.00, F1: 0.12, Recall: 0.12, Precision: 0.13
2023-06-19 16:24:22,270 - AUGCON - INFO - Epoch [14/50]-(0/22) Loss: 1.0213, Acc(1): 75.00, Acc(5): 100.00
2023-06-19 16:24:22,270 - AUGCON - INFO - Epoch [14/50]-(5/22) Loss: 1.1004, Acc(1): 75.00, Acc(5): 100.00
2023-06-19 16:24:22,270 - AUGCON - INFO - Epoch [14/50]-(10/22) Loss: 0.6848, Acc(1): 100.00, Acc(5): 100.00
2023-06-19 16:24:22,270 - AUGCON - INFO - Epoch [14/50]-(15/22) Loss: 0.9938, Acc(1): 75.00, Acc(5): 100.00
2023-06-19 16:24:22,270 - AUGCON - INFO - Epoch [14/50]-(20/22) Loss: 0.7890, Acc(1): 75.00, Acc(5): 100.00
2023-06-19 16:24:22,270 - AUGCON - INFO - 	Validation Loss: 1.3000, Acc(1): 64.00, Acc(5): 94.00, F1: 0.14, Recall: 0.13, Precision: 0.15
2023-06-19 16:24:22,270 - AUGCON - INFO - Epoch [15/50]-(0/22) Loss: 0.7959, Acc(1): 100.00, Acc(5): 100.00
2023-06-19 16:24:22,270 - AUGCON - INFO - Epoch [15/50]-(5/22) Loss: 1.0967, Acc(1): 50.00, Acc(5): 100.00
2023-06-19 16:24:22,270 - AUGCON - INFO - Epoch [15/50]-(10/22) Loss: 1.0984, Acc(1): 50.00, Acc(5): 100.00
2023-06-19 16:24:22,270 - AUGCON - INFO - Epoch [15/50]-(15/22) Loss: 1.2190, Acc(1): 25.00, Acc(5): 100.00
2023-06-19 16:24:22,271 - AUGCON - INFO - Epoch [15/50]-(20/22) Loss: 1.5539, Acc(1): 25.00, Acc(5): 100.00
2023-06-19 16:24:22,271 - AUGCON - INFO - 	Validation Loss: 1.3044, Acc(1): 62.00, Acc(5): 94.00, F1: 0.13, Recall: 0.12, Precision: 0.14
2023-06-19 16:24:22,271 - AUGCON - INFO - Epoch [16/50]-(0/22) Loss: 0.9114, Acc(1): 75.00, Acc(5): 100.00
2023-06-19 16:24:22,271 - AUGCON - INFO - Epoch [16/50]-(5/22) Loss: 0.6128, Acc(1): 100.00, Acc(5): 100.00
2023-06-19 16:24:22,271 - AUGCON - INFO - Epoch [16/50]-(10/22) Loss: 1.0030, Acc(1): 50.00, Acc(5): 100.00
2023-06-19 16:24:22,271 - AUGCON - INFO - Epoch [16/50]-(15/22) Loss: 1.5721, Acc(1): 25.00, Acc(5): 100.00
2023-06-19 16:24:22,271 - AUGCON - INFO - Epoch [16/50]-(20/22) Loss: 0.8771, Acc(1): 75.00, Acc(5): 100.00
2023-06-19 16:24:22,271 - AUGCON - INFO - 	Validation Loss: 1.3621, Acc(1): 58.00, Acc(5): 94.00, F1: 0.13, Recall: 0.12, Precision: 0.13
2023-06-19 16:24:22,271 - AUGCON - INFO - Epoch [17/50]-(0/22) Loss: 0.7875, Acc(1): 100.00, Acc(5): 100.00
2023-06-19 16:24:22,271 - AUGCON - INFO - Epoch [17/50]-(5/22) Loss: 1.1456, Acc(1): 50.00, Acc(5): 100.00
2023-06-19 16:24:22,271 - AUGCON - INFO - Epoch [17/50]-(10/22) Loss: 1.3296, Acc(1): 50.00, Acc(5): 100.00
2023-06-19 16:24:22,271 - AUGCON - INFO - Epoch [17/50]-(15/22) Loss: 2.2558, Acc(1): 0.00, Acc(5): 75.00
2023-06-19 16:24:22,271 - AUGCON - INFO - Epoch [17/50]-(20/22) Loss: 0.9981, Acc(1): 75.00, Acc(5): 100.00
2023-06-19 16:24:22,271 - AUGCON - INFO - 	Validation Loss: 1.3003, Acc(1): 60.00, Acc(5): 94.00, F1: 0.13, Recall: 0.12, Precision: 0.14
2023-06-19 16:24:22,271 - AUGCON - INFO - Epoch [18/50]-(0/22) Loss: 1.0802, Acc(1): 75.00, Acc(5): 100.00
2023-06-19 16:24:22,271 - AUGCON - INFO - Epoch [18/50]-(5/22) Loss: 1.3773, Acc(1): 25.00, Acc(5): 100.00
2023-06-19 16:24:22,271 - AUGCON - INFO - Epoch [18/50]-(10/22) Loss: 0.8983, Acc(1): 75.00, Acc(5): 100.00
2023-06-19 16:24:22,272 - AUGCON - INFO - Epoch [18/50]-(15/22) Loss: 1.4477, Acc(1): 50.00, Acc(5): 100.00
2023-06-19 16:24:22,272 - AUGCON - INFO - Epoch [18/50]-(20/22) Loss: 0.8428, Acc(1): 75.00, Acc(5): 100.00
2023-06-19 16:24:22,272 - AUGCON - INFO - 	Validation Loss: 1.2953, Acc(1): 67.00, Acc(5): 94.00, F1: 0.14, Recall: 0.14, Precision: 0.15
2023-06-19 16:24:22,272 - AUGCON - INFO - Epoch [19/50]-(0/22) Loss: 0.6845, Acc(1): 100.00, Acc(5): 100.00
2023-06-19 16:24:22,272 - AUGCON - INFO - Epoch [19/50]-(5/22) Loss: 1.4502, Acc(1): 25.00, Acc(5): 100.00
2023-06-19 16:24:22,272 - AUGCON - INFO - Epoch [19/50]-(10/22) Loss: 0.9946, Acc(1): 50.00, Acc(5): 100.00
2023-06-19 16:24:22,272 - AUGCON - INFO - Epoch [19/50]-(15/22) Loss: 0.7865, Acc(1): 75.00, Acc(5): 100.00
2023-06-19 16:24:22,272 - AUGCON - INFO - Epoch [19/50]-(20/22) Loss: 0.7888, Acc(1): 100.00, Acc(5): 100.00
2023-06-19 16:24:22,272 - AUGCON - INFO - 	Validation Loss: 1.3150, Acc(1): 57.00, Acc(5): 94.00, F1: 0.12, Recall: 0.11, Precision: 0.12
2023-06-19 16:24:22,272 - AUGCON - INFO - Epoch [20/50]-(0/22) Loss: 1.0292, Acc(1): 75.00, Acc(5): 100.00
2023-06-19 16:24:22,272 - AUGCON - INFO - Epoch [20/50]-(5/22) Loss: 0.4487, Acc(1): 100.00, Acc(5): 100.00
2023-06-19 16:24:22,272 - AUGCON - INFO - Epoch [20/50]-(10/22) Loss: 0.8903, Acc(1): 75.00, Acc(5): 100.00
2023-06-19 16:24:22,272 - AUGCON - INFO - Epoch [20/50]-(15/22) Loss: 1.4780, Acc(1): 25.00, Acc(5): 100.00
2023-06-19 16:24:22,272 - AUGCON - INFO - Epoch [20/50]-(20/22) Loss: 0.9163, Acc(1): 50.00, Acc(5): 100.00
2023-06-19 16:24:22,272 - AUGCON - INFO - 	Validation Loss: 1.2769, Acc(1): 62.00, Acc(5): 94.00, F1: 0.13, Recall: 0.12, Precision: 0.15
2023-06-19 16:24:22,272 - AUGCON - INFO - Epoch [21/50]-(0/22) Loss: 0.8722, Acc(1): 75.00, Acc(5): 100.00
2023-06-19 16:24:22,273 - AUGCON - INFO - Epoch [21/50]-(5/22) Loss: 1.0457, Acc(1): 75.00, Acc(5): 100.00
2023-06-19 16:24:22,273 - AUGCON - INFO - Epoch [21/50]-(10/22) Loss: 1.0958, Acc(1): 50.00, Acc(5): 100.00
2023-06-19 16:24:22,273 - AUGCON - INFO - Epoch [21/50]-(15/22) Loss: 0.6305, Acc(1): 75.00, Acc(5): 100.00
2023-06-19 16:24:22,273 - AUGCON - INFO - Epoch [21/50]-(20/22) Loss: 1.0751, Acc(1): 50.00, Acc(5): 100.00
2023-06-19 16:24:22,273 - AUGCON - INFO - 	Validation Loss: 1.3274, Acc(1): 61.00, Acc(5): 94.00, F1: 0.12, Recall: 0.12, Precision: 0.11
2023-06-19 16:24:22,273 - AUGCON - INFO - Epoch [22/50]-(0/22) Loss: 0.9752, Acc(1): 100.00, Acc(5): 100.00
2023-06-19 16:24:22,273 - AUGCON - INFO - Epoch [22/50]-(5/22) Loss: 0.9784, Acc(1): 100.00, Acc(5): 100.00
2023-06-19 16:24:22,273 - AUGCON - INFO - Epoch [22/50]-(10/22) Loss: 1.0578, Acc(1): 50.00, Acc(5): 100.00
2023-06-19 16:24:22,273 - AUGCON - INFO - Epoch [22/50]-(15/22) Loss: 1.8439, Acc(1): 50.00, Acc(5): 75.00
2023-06-19 16:24:22,273 - AUGCON - INFO - Epoch [22/50]-(20/22) Loss: 0.8802, Acc(1): 75.00, Acc(5): 100.00
2023-06-19 16:24:22,273 - AUGCON - INFO - 	Validation Loss: 1.3019, Acc(1): 57.00, Acc(5): 94.00, F1: 0.12, Recall: 0.11, Precision: 0.13
2023-06-19 16:24:22,273 - AUGCON - INFO - Epoch [23/50]-(0/22) Loss: 0.6026, Acc(1): 100.00, Acc(5): 100.00
2023-06-19 16:24:22,273 - AUGCON - INFO - Epoch [23/50]-(5/22) Loss: 1.3802, Acc(1): 50.00, Acc(5): 100.00
2023-06-19 16:24:22,273 - AUGCON - INFO - Epoch [23/50]-(10/22) Loss: 0.7271, Acc(1): 50.00, Acc(5): 100.00
2023-06-19 16:24:22,273 - AUGCON - INFO - Epoch [23/50]-(15/22) Loss: 1.0351, Acc(1): 50.00, Acc(5): 100.00
2023-06-19 16:24:22,273 - AUGCON - INFO - Epoch [23/50]-(20/22) Loss: 1.0212, Acc(1): 75.00, Acc(5): 100.00
2023-06-19 16:24:22,274 - AUGCON - INFO - 	Validation Loss: 1.2891, Acc(1): 63.00, Acc(5): 93.00, F1: 0.13, Recall: 0.13, Precision: 0.12
2023-06-19 16:24:22,274 - AUGCON - INFO - Epoch [24/50]-(0/22) Loss: 1.0968, Acc(1): 75.00, Acc(5): 100.00
2023-06-19 16:24:22,274 - AUGCON - INFO - Epoch [24/50]-(5/22) Loss: 0.9563, Acc(1): 50.00, Acc(5): 100.00
2023-06-19 16:24:22,274 - AUGCON - INFO - Epoch [24/50]-(10/22) Loss: 1.2226, Acc(1): 50.00, Acc(5): 100.00
2023-06-19 16:24:22,274 - AUGCON - INFO - Epoch [24/50]-(15/22) Loss: 1.0451, Acc(1): 50.00, Acc(5): 100.00
2023-06-19 16:24:22,274 - AUGCON - INFO - Epoch [24/50]-(20/22) Loss: 0.7758, Acc(1): 75.00, Acc(5): 100.00
2023-06-19 16:24:22,274 - AUGCON - INFO - 	Validation Loss: 1.2812, Acc(1): 65.00, Acc(5): 94.00, F1: 0.14, Recall: 0.13, Precision: 0.15
2023-06-19 16:24:22,274 - AUGCON - INFO - Epoch [25/50]-(0/22) Loss: 1.1156, Acc(1): 50.00, Acc(5): 100.00
2023-06-19 16:24:22,274 - AUGCON - INFO - Epoch [25/50]-(5/22) Loss: 0.7130, Acc(1): 75.00, Acc(5): 100.00
2023-06-19 16:24:22,274 - AUGCON - INFO - Epoch [25/50]-(10/22) Loss: 0.6523, Acc(1): 100.00, Acc(5): 100.00
2023-06-19 16:24:22,274 - AUGCON - INFO - Epoch [25/50]-(15/22) Loss: 1.1181, Acc(1): 50.00, Acc(5): 100.00
2023-06-19 16:24:22,274 - AUGCON - INFO - Epoch [25/50]-(20/22) Loss: 1.4140, Acc(1): 25.00, Acc(5): 100.00
2023-06-19 16:24:22,274 - AUGCON - INFO - 	Validation Loss: 1.3221, Acc(1): 62.00, Acc(5): 94.00, F1: 0.13, Recall: 0.12, Precision: 0.14
2023-06-19 16:24:22,274 - AUGCON - INFO - Epoch [26/50]-(0/22) Loss: 0.9010, Acc(1): 50.00, Acc(5): 100.00
2023-06-19 16:24:22,274 - AUGCON - INFO - Epoch [26/50]-(5/22) Loss: 1.1065, Acc(1): 50.00, Acc(5): 100.00
2023-06-19 16:24:22,274 - AUGCON - INFO - Epoch [26/50]-(10/22) Loss: 0.7586, Acc(1): 100.00, Acc(5): 100.00
2023-06-19 16:24:22,275 - AUGCON - INFO - Epoch [26/50]-(15/22) Loss: 0.8720, Acc(1): 100.00, Acc(5): 100.00
2023-06-19 16:24:22,275 - AUGCON - INFO - Epoch [26/50]-(20/22) Loss: 1.1099, Acc(1): 50.00, Acc(5): 100.00
2023-06-19 16:24:22,275 - AUGCON - INFO - 	Validation Loss: 1.2594, Acc(1): 64.00, Acc(5): 94.00, F1: 0.13, Recall: 0.13, Precision: 0.13
2023-06-19 16:24:22,275 - AUGCON - INFO - Epoch [27/50]-(0/22) Loss: 0.7444, Acc(1): 75.00, Acc(5): 100.00
2023-06-19 16:24:22,275 - AUGCON - INFO - Epoch [27/50]-(5/22) Loss: 0.8035, Acc(1): 50.00, Acc(5): 100.00
2023-06-19 16:24:22,275 - AUGCON - INFO - Epoch [27/50]-(10/22) Loss: 1.2412, Acc(1): 50.00, Acc(5): 100.00
2023-06-19 16:24:22,275 - AUGCON - INFO - Epoch [27/50]-(15/22) Loss: 1.0678, Acc(1): 75.00, Acc(5): 100.00
2023-06-19 16:24:22,275 - AUGCON - INFO - Epoch [27/50]-(20/22) Loss: 0.5199, Acc(1): 100.00, Acc(5): 100.00
2023-06-19 16:24:22,275 - AUGCON - INFO - 	Validation Loss: 1.3176, Acc(1): 62.00, Acc(5): 94.00, F1: 0.13, Recall: 0.12, Precision: 0.14
2023-06-19 16:24:22,275 - AUGCON - INFO - Epoch [28/50]-(0/22) Loss: 0.7392, Acc(1): 75.00, Acc(5): 100.00
2023-06-19 16:24:22,275 - AUGCON - INFO - Epoch [28/50]-(5/22) Loss: 0.5400, Acc(1): 75.00, Acc(5): 100.00
2023-06-19 16:24:22,275 - AUGCON - INFO - Epoch [28/50]-(10/22) Loss: 0.9685, Acc(1): 75.00, Acc(5): 100.00
2023-06-19 16:24:22,275 - AUGCON - INFO - Epoch [28/50]-(15/22) Loss: 1.1752, Acc(1): 50.00, Acc(5): 100.00
2023-06-19 16:24:22,275 - AUGCON - INFO - Epoch [28/50]-(20/22) Loss: 1.2421, Acc(1): 75.00, Acc(5): 100.00
2023-06-19 16:24:22,275 - AUGCON - INFO - 	Validation Loss: 1.3331, Acc(1): 64.00, Acc(5): 94.00, F1: 0.13, Recall: 0.13, Precision: 0.14
2023-06-19 16:24:22,275 - AUGCON - INFO - Epoch [29/50]-(0/22) Loss: 0.9708, Acc(1): 50.00, Acc(5): 100.00
2023-06-19 16:24:22,276 - AUGCON - INFO - Epoch [29/50]-(5/22) Loss: 0.5613, Acc(1): 75.00, Acc(5): 100.00
2023-06-19 16:24:22,276 - AUGCON - INFO - Epoch [29/50]-(10/22) Loss: 0.8898, Acc(1): 50.00, Acc(5): 100.00
2023-06-19 16:24:22,276 - AUGCON - INFO - Epoch [29/50]-(15/22) Loss: 1.0748, Acc(1): 50.00, Acc(5): 100.00
2023-06-19 16:24:22,276 - AUGCON - INFO - Epoch [29/50]-(20/22) Loss: 1.3688, Acc(1): 50.00, Acc(5): 100.00
2023-06-19 16:24:22,276 - AUGCON - INFO - 	Validation Loss: 1.2813, Acc(1): 62.00, Acc(5): 94.00, F1: 0.13, Recall: 0.12, Precision: 0.15
2023-06-19 16:24:22,276 - AUGCON - INFO - Epoch [30/50]-(0/22) Loss: 0.6388, Acc(1): 100.00, Acc(5): 100.00
2023-06-19 16:24:22,276 - AUGCON - INFO - Epoch [30/50]-(5/22) Loss: 1.3124, Acc(1): 25.00, Acc(5): 100.00
2023-06-19 16:24:22,276 - AUGCON - INFO - Epoch [30/50]-(10/22) Loss: 0.7173, Acc(1): 75.00, Acc(5): 100.00
2023-06-19 16:24:22,276 - AUGCON - INFO - Epoch [30/50]-(15/22) Loss: 0.9011, Acc(1): 75.00, Acc(5): 100.00
2023-06-19 16:24:22,276 - AUGCON - INFO - Epoch [30/50]-(20/22) Loss: 0.9762, Acc(1): 50.00, Acc(5): 100.00
2023-06-19 16:24:22,276 - AUGCON - INFO - 	Validation Loss: 1.2698, Acc(1): 65.00, Acc(5): 94.00, F1: 0.13, Recall: 0.13, Precision: 0.14
2023-06-19 16:24:22,276 - AUGCON - INFO - Epoch [31/50]-(0/22) Loss: 0.5459, Acc(1): 75.00, Acc(5): 100.00
2023-06-19 16:24:22,276 - AUGCON - INFO - Epoch [31/50]-(5/22) Loss: 0.7050, Acc(1): 75.00, Acc(5): 100.00
2023-06-19 16:24:22,276 - AUGCON - INFO - Epoch [31/50]-(10/22) Loss: 1.2305, Acc(1): 50.00, Acc(5): 100.00
2023-06-19 16:24:22,276 - AUGCON - INFO - Epoch [31/50]-(15/22) Loss: 0.6784, Acc(1): 100.00, Acc(5): 100.00
2023-06-19 16:24:22,276 - AUGCON - INFO - Epoch [31/50]-(20/22) Loss: 1.0641, Acc(1): 75.00, Acc(5): 75.00
2023-06-19 16:24:22,277 - AUGCON - INFO - 	Validation Loss: 1.3239, Acc(1): 65.00, Acc(5): 94.00, F1: 0.14, Recall: 0.13, Precision: 0.14
2023-06-19 16:24:22,277 - AUGCON - INFO - Epoch [32/50]-(0/22) Loss: 1.0526, Acc(1): 25.00, Acc(5): 100.00
2023-06-19 16:24:22,277 - AUGCON - INFO - Epoch [32/50]-(5/22) Loss: 1.2544, Acc(1): 50.00, Acc(5): 100.00
2023-06-19 16:24:22,277 - AUGCON - INFO - Epoch [32/50]-(10/22) Loss: 0.6049, Acc(1): 100.00, Acc(5): 100.00
2023-06-19 16:24:22,277 - AUGCON - INFO - Epoch [32/50]-(15/22) Loss: 1.0646, Acc(1): 25.00, Acc(5): 100.00
2023-06-19 16:24:22,277 - AUGCON - INFO - Epoch [32/50]-(20/22) Loss: 1.2664, Acc(1): 50.00, Acc(5): 100.00
2023-06-19 16:24:22,277 - AUGCON - INFO - 	Validation Loss: 1.2951, Acc(1): 61.00, Acc(5): 94.00, F1: 0.13, Recall: 0.12, Precision: 0.14
2023-06-19 16:24:22,277 - AUGCON - INFO - Epoch [33/50]-(0/22) Loss: 0.5495, Acc(1): 100.00, Acc(5): 100.00
2023-06-19 16:24:22,277 - AUGCON - INFO - Epoch [33/50]-(5/22) Loss: 0.7538, Acc(1): 100.00, Acc(5): 100.00
2023-06-19 16:24:22,277 - AUGCON - INFO - Epoch [33/50]-(10/22) Loss: 0.5529, Acc(1): 100.00, Acc(5): 100.00
2023-06-19 16:24:22,277 - AUGCON - INFO - Epoch [33/50]-(15/22) Loss: 1.1582, Acc(1): 50.00, Acc(5): 100.00
2023-06-19 16:24:22,277 - AUGCON - INFO - Epoch [33/50]-(20/22) Loss: 1.1434, Acc(1): 75.00, Acc(5): 100.00
2023-06-19 16:24:22,277 - AUGCON - INFO - 	Validation Loss: 1.2817, Acc(1): 65.00, Acc(5): 94.00, F1: 0.14, Recall: 0.13, Precision: 0.15
2023-06-19 16:24:22,277 - AUGCON - INFO - Epoch [34/50]-(0/22) Loss: 0.8115, Acc(1): 75.00, Acc(5): 100.00
2023-06-19 16:24:22,277 - AUGCON - INFO - Epoch [34/50]-(5/22) Loss: 0.6752, Acc(1): 75.00, Acc(5): 100.00
2023-06-19 16:24:22,277 - AUGCON - INFO - Epoch [34/50]-(10/22) Loss: 0.9878, Acc(1): 75.00, Acc(5): 100.00
2023-06-19 16:24:22,278 - AUGCON - INFO - Epoch [34/50]-(15/22) Loss: 0.8873, Acc(1): 50.00, Acc(5): 100.00
2023-06-19 16:24:22,278 - AUGCON - INFO - Epoch [34/50]-(20/22) Loss: 1.5541, Acc(1): 0.00, Acc(5): 100.00
2023-06-19 16:24:22,278 - AUGCON - INFO - 	Validation Loss: 1.3389, Acc(1): 64.00, Acc(5): 94.00, F1: 0.14, Recall: 0.13, Precision: 0.14
2023-06-19 16:24:22,278 - AUGCON - INFO - Epoch [35/50]-(0/22) Loss: 1.0570, Acc(1): 75.00, Acc(5): 100.00
2023-06-19 16:24:22,278 - AUGCON - INFO - Epoch [35/50]-(5/22) Loss: 1.4237, Acc(1): 25.00, Acc(5): 100.00
2023-06-19 16:24:22,278 - AUGCON - INFO - Epoch [35/50]-(10/22) Loss: 0.6552, Acc(1): 75.00, Acc(5): 100.00
2023-06-19 16:24:22,278 - AUGCON - INFO - Epoch [35/50]-(15/22) Loss: 1.2366, Acc(1): 75.00, Acc(5): 100.00
2023-06-19 16:24:22,278 - AUGCON - INFO - Epoch [35/50]-(20/22) Loss: 1.3723, Acc(1): 75.00, Acc(5): 75.00
2023-06-19 16:24:22,278 - AUGCON - INFO - 	Validation Loss: 1.2917, Acc(1): 62.00, Acc(5): 94.00, F1: 0.14, Recall: 0.13, Precision: 0.15
2023-06-19 16:24:22,278 - AUGCON - INFO - Epoch [36/50]-(0/22) Loss: 0.8269, Acc(1): 50.00, Acc(5): 100.00
2023-06-19 16:24:22,278 - AUGCON - INFO - Epoch [36/50]-(5/22) Loss: 1.3185, Acc(1): 50.00, Acc(5): 100.00
2023-06-19 16:24:22,278 - AUGCON - INFO - Epoch [36/50]-(10/22) Loss: 0.6813, Acc(1): 75.00, Acc(5): 100.00
2023-06-19 16:24:22,278 - AUGCON - INFO - Epoch [36/50]-(15/22) Loss: 0.9836, Acc(1): 50.00, Acc(5): 100.00
2023-06-19 16:24:22,278 - AUGCON - INFO - Epoch [36/50]-(20/22) Loss: 1.4021, Acc(1): 25.00, Acc(5): 100.00
2023-06-19 16:24:22,278 - AUGCON - INFO - 	Validation Loss: 1.3351, Acc(1): 61.00, Acc(5): 94.00, F1: 0.13, Recall: 0.12, Precision: 0.13
2023-06-19 16:24:22,278 - AUGCON - INFO - Epoch [37/50]-(0/22) Loss: 0.8424, Acc(1): 50.00, Acc(5): 100.00
2023-06-19 16:24:22,279 - AUGCON - INFO - Epoch [37/50]-(5/22) Loss: 1.1334, Acc(1): 50.00, Acc(5): 100.00
2023-06-19 16:24:22,279 - AUGCON - INFO - Epoch [37/50]-(10/22) Loss: 0.8000, Acc(1): 75.00, Acc(5): 100.00
2023-06-19 16:24:22,279 - AUGCON - INFO - Epoch [37/50]-(15/22) Loss: 1.3203, Acc(1): 50.00, Acc(5): 100.00
2023-06-19 16:24:22,279 - AUGCON - INFO - Epoch [37/50]-(20/22) Loss: 0.8545, Acc(1): 75.00, Acc(5): 100.00
2023-06-19 16:24:22,279 - AUGCON - INFO - 	Validation Loss: 1.2831, Acc(1): 63.00, Acc(5): 94.00, F1: 0.14, Recall: 0.13, Precision: 0.15
2023-06-19 16:24:22,279 - AUGCON - INFO - Epoch [38/50]-(0/22) Loss: 0.6206, Acc(1): 75.00, Acc(5): 100.00
2023-06-19 16:24:22,279 - AUGCON - INFO - Epoch [38/50]-(5/22) Loss: 0.8295, Acc(1): 75.00, Acc(5): 100.00
2023-06-19 16:24:22,279 - AUGCON - INFO - Epoch [38/50]-(10/22) Loss: 0.8409, Acc(1): 75.00, Acc(5): 100.00
2023-06-19 16:24:22,279 - AUGCON - INFO - Epoch [38/50]-(15/22) Loss: 0.8419, Acc(1): 50.00, Acc(5): 100.00
2023-06-19 16:24:22,279 - AUGCON - INFO - Epoch [38/50]-(20/22) Loss: 1.5873, Acc(1): 25.00, Acc(5): 100.00
2023-06-19 16:24:22,279 - AUGCON - INFO - 	Validation Loss: 1.2781, Acc(1): 64.00, Acc(5): 94.00, F1: 0.13, Recall: 0.13, Precision: 0.13
2023-06-19 16:24:22,279 - AUGCON - INFO - Epoch [39/50]-(0/22) Loss: 0.9596, Acc(1): 100.00, Acc(5): 100.00
2023-06-19 16:24:22,279 - AUGCON - INFO - Epoch [39/50]-(5/22) Loss: 0.4553, Acc(1): 100.00, Acc(5): 100.00
2023-06-19 16:24:22,279 - AUGCON - INFO - Epoch [39/50]-(10/22) Loss: 0.5003, Acc(1): 75.00, Acc(5): 100.00
2023-06-19 16:24:22,279 - AUGCON - INFO - Epoch [39/50]-(15/22) Loss: 1.0083, Acc(1): 50.00, Acc(5): 100.00
2023-06-19 16:24:22,279 - AUGCON - INFO - Epoch [39/50]-(20/22) Loss: 1.0249, Acc(1): 75.00, Acc(5): 100.00
2023-06-19 16:24:22,279 - AUGCON - INFO - 	Validation Loss: 1.3188, Acc(1): 64.00, Acc(5): 94.00, F1: 0.14, Recall: 0.13, Precision: 0.15
2023-06-19 16:24:22,280 - AUGCON - INFO - Epoch [40/50]-(0/22) Loss: 1.4666, Acc(1): 25.00, Acc(5): 100.00
2023-06-19 16:24:22,280 - AUGCON - INFO - Epoch [40/50]-(5/22) Loss: 0.4649, Acc(1): 100.00, Acc(5): 100.00
2023-06-19 16:24:22,280 - AUGCON - INFO - Epoch [40/50]-(10/22) Loss: 1.0875, Acc(1): 75.00, Acc(5): 100.00
2023-06-19 16:24:22,280 - AUGCON - INFO - Epoch [40/50]-(15/22) Loss: 1.0797, Acc(1): 25.00, Acc(5): 100.00
2023-06-19 16:24:22,280 - AUGCON - INFO - Epoch [40/50]-(20/22) Loss: 0.9934, Acc(1): 50.00, Acc(5): 100.00
2023-06-19 16:24:22,280 - AUGCON - INFO - 	Validation Loss: 1.2996, Acc(1): 65.00, Acc(5): 94.00, F1: 0.12, Recall: 0.13, Precision: 0.12
2023-06-19 16:24:22,280 - AUGCON - INFO - Epoch [41/50]-(0/22) Loss: 1.2642, Acc(1): 50.00, Acc(5): 100.00
2023-06-19 16:24:22,280 - AUGCON - INFO - Epoch [41/50]-(5/22) Loss: 0.6080, Acc(1): 75.00, Acc(5): 100.00
2023-06-19 16:24:22,280 - AUGCON - INFO - Epoch [41/50]-(10/22) Loss: 1.0022, Acc(1): 75.00, Acc(5): 100.00
2023-06-19 16:24:22,280 - AUGCON - INFO - Epoch [41/50]-(15/22) Loss: 0.9746, Acc(1): 75.00, Acc(5): 100.00
2023-06-19 16:24:22,280 - AUGCON - INFO - Epoch [41/50]-(20/22) Loss: 1.1216, Acc(1): 50.00, Acc(5): 100.00
2023-06-19 16:24:22,280 - AUGCON - INFO - 	Validation Loss: 1.3172, Acc(1): 61.00, Acc(5): 94.00, F1: 0.13, Recall: 0.12, Precision: 0.15
2023-06-19 16:24:22,280 - AUGCON - INFO - Epoch [42/50]-(0/22) Loss: 0.5458, Acc(1): 100.00, Acc(5): 100.00
2023-06-19 16:24:22,280 - AUGCON - INFO - Epoch [42/50]-(5/22) Loss: 0.9086, Acc(1): 50.00, Acc(5): 100.00
2023-06-19 16:24:22,280 - AUGCON - INFO - Epoch [42/50]-(10/22) Loss: 0.6574, Acc(1): 100.00, Acc(5): 100.00
2023-06-19 16:24:22,281 - AUGCON - INFO - Epoch [42/50]-(15/22) Loss: 1.2186, Acc(1): 75.00, Acc(5): 75.00
2023-06-19 16:24:22,281 - AUGCON - INFO - Epoch [42/50]-(20/22) Loss: 1.1271, Acc(1): 50.00, Acc(5): 100.00
2023-06-19 16:24:22,281 - AUGCON - INFO - 	Validation Loss: 1.2779, Acc(1): 64.00, Acc(5): 94.00, F1: 0.13, Recall: 0.13, Precision: 0.14
2023-06-19 16:24:22,281 - AUGCON - INFO - Epoch [43/50]-(0/22) Loss: 1.4278, Acc(1): 25.00, Acc(5): 100.00
2023-06-19 16:24:22,281 - AUGCON - INFO - Epoch [43/50]-(5/22) Loss: 0.5951, Acc(1): 100.00, Acc(5): 100.00
2023-06-19 16:24:22,281 - AUGCON - INFO - Epoch [43/50]-(10/22) Loss: 0.8857, Acc(1): 75.00, Acc(5): 100.00
2023-06-19 16:24:22,281 - AUGCON - INFO - Epoch [43/50]-(15/22) Loss: 0.6529, Acc(1): 75.00, Acc(5): 100.00
2023-06-19 16:24:22,281 - AUGCON - INFO - Epoch [43/50]-(20/22) Loss: 0.9912, Acc(1): 50.00, Acc(5): 100.00
2023-06-19 16:24:22,281 - AUGCON - INFO - 	Validation Loss: 1.2703, Acc(1): 64.00, Acc(5): 94.00, F1: 0.13, Recall: 0.13, Precision: 0.14
2023-06-19 16:24:22,281 - AUGCON - INFO - Epoch [44/50]-(0/22) Loss: 0.7759, Acc(1): 75.00, Acc(5): 100.00
2023-06-19 16:24:22,281 - AUGCON - INFO - Epoch [44/50]-(5/22) Loss: 0.6433, Acc(1): 75.00, Acc(5): 100.00
2023-06-19 16:24:22,281 - AUGCON - INFO - Epoch [44/50]-(10/22) Loss: 0.8292, Acc(1): 50.00, Acc(5): 100.00
2023-06-19 16:24:22,281 - AUGCON - INFO - Epoch [44/50]-(15/22) Loss: 1.0583, Acc(1): 50.00, Acc(5): 100.00
2023-06-19 16:24:22,281 - AUGCON - INFO - Epoch [44/50]-(20/22) Loss: 0.3875, Acc(1): 100.00, Acc(5): 100.00
2023-06-19 16:24:22,281 - AUGCON - INFO - 	Validation Loss: 1.3160, Acc(1): 61.00, Acc(5): 94.00, F1: 0.13, Recall: 0.12, Precision: 0.13
2023-06-19 16:24:22,281 - AUGCON - INFO - Epoch [45/50]-(0/22) Loss: 0.7568, Acc(1): 75.00, Acc(5): 100.00
2023-06-19 16:24:22,282 - AUGCON - INFO - Epoch [45/50]-(5/22) Loss: 0.4897, Acc(1): 100.00, Acc(5): 100.00
2023-06-19 16:24:22,282 - AUGCON - INFO - Epoch [45/50]-(10/22) Loss: 0.3995, Acc(1): 100.00, Acc(5): 100.00
2023-06-19 16:24:22,282 - AUGCON - INFO - Epoch [45/50]-(15/22) Loss: 1.7654, Acc(1): 25.00, Acc(5): 75.00
2023-06-19 16:24:22,282 - AUGCON - INFO - Epoch [45/50]-(20/22) Loss: 0.5048, Acc(1): 100.00, Acc(5): 100.00
2023-06-19 16:24:22,283 - AUGCON - INFO - 	Validation Loss: 1.2986, Acc(1): 71.00, Acc(5): 94.00, F1: 0.14, Recall: 0.15, Precision: 0.13
2023-06-19 16:24:22,283 - AUGCON - INFO - Epoch [46/50]-(0/22) Loss: 1.0094, Acc(1): 25.00, Acc(5): 100.00
2023-06-19 16:24:22,283 - AUGCON - INFO - Epoch [46/50]-(5/22) Loss: 0.8459, Acc(1): 75.00, Acc(5): 100.00
2023-06-19 16:24:22,283 - AUGCON - INFO - Epoch [46/50]-(10/22) Loss: 0.5307, Acc(1): 100.00, Acc(5): 100.00
2023-06-19 16:24:22,283 - AUGCON - INFO - Epoch [46/50]-(15/22) Loss: 1.1750, Acc(1): 50.00, Acc(5): 100.00
2023-06-19 16:24:22,283 - AUGCON - INFO - Epoch [46/50]-(20/22) Loss: 0.6441, Acc(1): 100.00, Acc(5): 100.00
2023-06-19 16:24:22,283 - AUGCON - INFO - 	Validation Loss: 1.3144, Acc(1): 64.00, Acc(5): 95.00, F1: 0.14, Recall: 0.13, Precision: 0.15
2023-06-19 16:24:22,283 - AUGCON - INFO - Epoch [47/50]-(0/22) Loss: 0.5884, Acc(1): 100.00, Acc(5): 100.00
2023-06-19 16:24:22,283 - AUGCON - INFO - Epoch [47/50]-(5/22) Loss: 1.0358, Acc(1): 50.00, Acc(5): 100.00
2023-06-19 16:24:22,283 - AUGCON - INFO - Epoch [47/50]-(10/22) Loss: 0.6944, Acc(1): 75.00, Acc(5): 100.00
2023-06-19 16:24:22,283 - AUGCON - INFO - Epoch [47/50]-(15/22) Loss: 0.4868, Acc(1): 100.00, Acc(5): 100.00
2023-06-19 16:24:22,284 - AUGCON - INFO - Epoch [47/50]-(20/22) Loss: 0.7080, Acc(1): 75.00, Acc(5): 100.00
2023-06-19 16:24:22,284 - AUGCON - INFO - 	Validation Loss: 1.3032, Acc(1): 66.00, Acc(5): 94.00, F1: 0.13, Recall: 0.13, Precision: 0.13
2023-06-19 16:24:22,284 - AUGCON - INFO - Epoch [48/50]-(0/22) Loss: 0.5954, Acc(1): 100.00, Acc(5): 100.00
2023-06-19 16:24:22,284 - AUGCON - INFO - Epoch [48/50]-(5/22) Loss: 1.5626, Acc(1): 25.00, Acc(5): 100.00
2023-06-19 16:24:22,284 - AUGCON - INFO - Epoch [48/50]-(10/22) Loss: 1.0224, Acc(1): 75.00, Acc(5): 100.00
2023-06-19 16:24:22,284 - AUGCON - INFO - Epoch [48/50]-(15/22) Loss: 0.4520, Acc(1): 75.00, Acc(5): 100.00
2023-06-19 16:24:22,284 - AUGCON - INFO - Epoch [48/50]-(20/22) Loss: 0.5746, Acc(1): 75.00, Acc(5): 100.00
2023-06-19 16:24:22,284 - AUGCON - INFO - 	Validation Loss: 1.3004, Acc(1): 62.00, Acc(5): 94.00, F1: 0.13, Recall: 0.12, Precision: 0.14
2023-06-19 16:24:22,284 - AUGCON - INFO - Epoch [49/50]-(0/22) Loss: 0.8800, Acc(1): 50.00, Acc(5): 100.00
2023-06-19 16:24:22,284 - AUGCON - INFO - Epoch [49/50]-(5/22) Loss: 0.8540, Acc(1): 75.00, Acc(5): 100.00
2023-06-19 16:24:22,284 - AUGCON - INFO - Epoch [49/50]-(10/22) Loss: 1.0195, Acc(1): 50.00, Acc(5): 100.00
2023-06-19 16:24:22,284 - AUGCON - INFO - Epoch [49/50]-(15/22) Loss: 0.8185, Acc(1): 75.00, Acc(5): 100.00
2023-06-19 16:24:22,284 - AUGCON - INFO - Epoch [49/50]-(20/22) Loss: 0.9832, Acc(1): 50.00, Acc(5): 100.00
2023-06-19 16:24:22,284 - AUGCON - INFO - 	Validation Loss: 1.2863, Acc(1): 71.00, Acc(5): 94.00, F1: 0.15, Recall: 0.14, Precision: 0.16
2023-06-19 16:24:22,284 - AUGCON - INFO - Epoch [50/50]-(0/22) Loss: 0.9042, Acc(1): 100.00, Acc(5): 100.00
2023-06-19 16:24:22,285 - AUGCON - INFO - Epoch [50/50]-(5/22) Loss: 0.9665, Acc(1): 50.00, Acc(5): 100.00
2023-06-19 16:24:22,285 - AUGCON - INFO - Epoch [50/50]-(10/22) Loss: 1.1633, Acc(1): 75.00, Acc(5): 100.00
2023-06-19 16:24:22,285 - AUGCON - INFO - Epoch [50/50]-(15/22) Loss: 0.9334, Acc(1): 75.00, Acc(5): 100.00
2023-06-19 16:24:22,285 - AUGCON - INFO - Epoch [50/50]-(20/22) Loss: 0.5400, Acc(1): 100.00, Acc(5): 100.00
2023-06-19 16:24:22,285 - AUGCON - INFO - 	Validation Loss: 1.2744, Acc(1): 69.00, Acc(5): 94.00, F1: 0.14, Recall: 0.14, Precision: 0.14
2023-06-19 16:24:22,285 - AUGCON - INFO - 	Validation Loss: 1.1958, Acc(1): 66.67, Acc(5): 95.67, F1: 0.15, Recall: 0.15, Precision: 0.15
