2023-06-19 16:44:10,676 - AUGCON - INFO - logger initialized (/home/hjyoon/projects/augcon/config/exp0/finetune_da_true/without_target_domain_WA0003-hskim/metacpc_perdomain_8421/tgt_target_domain_PH0038-iygoo_seed0.yaml.log)
2023-06-19 16:44:10,676 - AUGCON - INFO - ================= Config =================
2023-06-19 16:44:10,676 - AUGCON - INFO -   mode: finetune
2023-06-19 16:44:10,676 - AUGCON - INFO -   seed: 0
2023-06-19 16:44:10,676 - AUGCON - INFO -   gpu: [0]
2023-06-19 16:44:10,676 - AUGCON - INFO -   num_workers: 1
2023-06-19 16:44:10,676 - AUGCON - INFO -   dist_url: tcp://localhost:10001
2023-06-19 16:44:10,676 - AUGCON - INFO -   dataset_name: ichar
2023-06-19 16:44:10,676 - AUGCON - INFO -   train_dataset_path: /mnt/sting/hjyoon/projects/cross/ICHAR/augcon/target_domain_PH0038-iygoo/finetune/10shot/target/train.pkl
2023-06-19 16:44:10,676 - AUGCON - INFO -   test_dataset_path: /mnt/sting/hjyoon/projects/cross/ICHAR/augcon/target_domain_PH0038-iygoo/finetune/10shot/target/test.pkl
2023-06-19 16:44:10,676 - AUGCON - INFO -   val_dataset_path: /mnt/sting/hjyoon/projects/cross/ICHAR/augcon/target_domain_PH0038-iygoo/finetune/10shot/target/val.pkl
2023-06-19 16:44:10,676 - AUGCON - INFO -   input_channels: 3
2023-06-19 16:44:10,676 - AUGCON - INFO -   num_cls: 9
2023-06-19 16:44:10,676 - AUGCON - INFO -   optimizer: adam
2023-06-19 16:44:10,676 - AUGCON - INFO -   criterion: crossentropy
2023-06-19 16:44:10,676 - AUGCON - INFO -   start_epoch: 0
2023-06-19 16:44:10,676 - AUGCON - INFO -   epochs: 50
2023-06-19 16:44:10,676 - AUGCON - INFO -   batch_size: 4
2023-06-19 16:44:10,676 - AUGCON - INFO -   lr: 0.001
2023-06-19 16:44:10,676 - AUGCON - INFO -   wd: 0.0
2023-06-19 16:44:10,676 - AUGCON - INFO -   resume: 
2023-06-19 16:44:10,676 - AUGCON - INFO -   pretrained: /mnt/sting/hjyoon/projects/augcontrast/models/exp0/pretrain/without_target_domain_WA0003-hskim/metacpc_perdomain_8421/checkpoint_0999.pth.tar
2023-06-19 16:44:10,676 - AUGCON - INFO -   ckpt_dir: /mnt/sting/hjyoon/projects/augcontrast/models/exp0/finetune_da_true/without_target_domain_WA0003-hskim/metacpc_perdomain_8421/tgt_target_domain_PH0038-iygoo_seed0
2023-06-19 16:44:10,676 - AUGCON - INFO -   log_freq: 5
2023-06-19 16:44:10,676 - AUGCON - INFO -   save_freq: 10
2023-06-19 16:44:10,676 - AUGCON - INFO -   pretext: metacpc
2023-06-19 16:44:10,676 - AUGCON - INFO -   enc_blocks: 4
2023-06-19 16:44:10,676 - AUGCON - INFO -   kernel_sizes: [8, 4, 2, 1]
2023-06-19 16:44:10,676 - AUGCON - INFO -   strides: [4, 2, 1, 1]
2023-06-19 16:44:10,676 - AUGCON - INFO -   agg_blocks: 5
2023-06-19 16:44:10,677 - AUGCON - INFO -   z_dim: 256
2023-06-19 16:44:10,677 - AUGCON - INFO -   pooling: mean
2023-06-19 16:44:10,677 - AUGCON - INFO -   pred_steps: 12
2023-06-19 16:44:10,677 - AUGCON - INFO -   n_negatives: 15
2023-06-19 16:44:10,677 - AUGCON - INFO -   offset: 4
2023-06-19 16:44:10,677 - AUGCON - INFO -   domain_adaptation: True
2023-06-19 16:44:10,677 - AUGCON - INFO -   task_steps: 10
2023-06-19 16:44:10,677 - AUGCON - INFO -   task_lr: 0.001
2023-06-19 16:44:10,677 - AUGCON - INFO -   reg_lambda: 0
2023-06-19 16:44:10,677 - AUGCON - INFO -   mlp: False
2023-06-19 16:44:10,677 - AUGCON - INFO -   freeze: True
2023-06-19 16:44:10,677 - AUGCON - INFO -   no_vars: False
2023-06-19 16:44:10,677 - AUGCON - INFO - ==========================================
2023-06-19 16:44:10,677 - AUGCON - INFO - Setting GPUs: [0]
2023-06-19 16:44:10,677 - AUGCON - INFO - GPUs [0] will be used
2023-06-19 16:44:10,677 - AUGCON - WARNING - You have chosen to seed training. 
2023-06-19 16:44:10,677 - AUGCON - WARNING - This will turn on the CUDNN deterministic setting, 
2023-06-19 16:44:10,677 - AUGCON - WARNING - which can slow down your training considerably! 
2023-06-19 16:44:10,678 - AUGCON - WARNING - You may see unexpected behavior when restarting 
2023-06-19 16:44:10,678 - AUGCON - WARNING - from checkpoints.
2023-06-19 16:44:10,709 - AUGCON - INFO - Executing MetaCPC
2023-06-19 16:44:10,709 - AUGCON - INFO - Logs are skipped during training
2023-06-19 16:44:30,878 - AUGCON - INFO - Single GPU is used for training - training 90 instances for each worker
2023-06-19 16:44:30,878 - AUGCON - INFO - Loading pretrained model from checkpoint - /mnt/sting/hjyoon/projects/augcontrast/models/exp0/pretrain/without_target_domain_WA0003-hskim/metacpc_perdomain_8421/checkpoint_0999.pth.tar
2023-06-19 16:44:30,878 - AUGCON - INFO - Missing keys: []
2023-06-19 16:44:30,878 - AUGCON - INFO - Perform domain adaptation step
2023-06-19 16:44:30,878 - AUGCON - INFO - 	meta-train [0/10] Loss: 1.6060, Acc(1): 36.73, Acc(5): 91.91
2023-06-19 16:44:30,878 - AUGCON - INFO - 	meta-train [1/10] Loss: 1.4430, Acc(1): 41.87, Acc(5): 94.43
2023-06-19 16:44:30,878 - AUGCON - INFO - 	meta-train [2/10] Loss: 1.2204, Acc(1): 49.09, Acc(5): 97.35
2023-06-19 16:44:30,878 - AUGCON - INFO - 	meta-train [3/10] Loss: 1.0662, Acc(1): 55.98, Acc(5): 97.97
2023-06-19 16:44:30,878 - AUGCON - INFO - 	meta-train [4/10] Loss: 1.0029, Acc(1): 57.40, Acc(5): 98.26
2023-06-19 16:44:30,878 - AUGCON - INFO - 	meta-train [5/10] Loss: 0.9849, Acc(1): 57.81, Acc(5): 98.53
2023-06-19 16:44:30,879 - AUGCON - INFO - 	meta-train [6/10] Loss: 0.9629, Acc(1): 59.68, Acc(5): 98.82
2023-06-19 16:44:30,879 - AUGCON - INFO - 	meta-train [7/10] Loss: 0.9465, Acc(1): 59.65, Acc(5): 98.59
2023-06-19 16:44:30,879 - AUGCON - INFO - 	meta-train [8/10] Loss: 0.9471, Acc(1): 60.60, Acc(5): 98.31
2023-06-19 16:44:30,879 - AUGCON - INFO - 	meta-train [9/10] Loss: 0.9818, Acc(1): 58.51, Acc(5): 98.41
2023-06-19 16:44:30,879 - AUGCON - INFO - Loading encoder parameters to the classifier
2023-06-19 16:44:30,879 - AUGCON - INFO - Missing keys: ['classifier.block.0.weight', 'classifier.block.0.bias']
2023-06-19 16:44:30,879 - AUGCON - INFO - Epoch [1/50]-(0/22) Loss: 2.2624, Acc(1): 0.00, Acc(5): 75.00
2023-06-19 16:44:30,879 - AUGCON - INFO - Epoch [1/50]-(5/22) Loss: 2.0616, Acc(1): 0.00, Acc(5): 100.00
2023-06-19 16:44:30,879 - AUGCON - INFO - Epoch [1/50]-(10/22) Loss: 2.0497, Acc(1): 0.00, Acc(5): 75.00
2023-06-19 16:44:30,879 - AUGCON - INFO - Epoch [1/50]-(15/22) Loss: 1.7911, Acc(1): 25.00, Acc(5): 75.00
2023-06-19 16:44:30,879 - AUGCON - INFO - Epoch [1/50]-(20/22) Loss: 1.9192, Acc(1): 25.00, Acc(5): 100.00
2023-06-19 16:44:30,879 - AUGCON - INFO - 	Validation Loss: 1.6505, Acc(1): 57.00, Acc(5): 91.00, F1: 0.14, Recall: 0.11, Precision: 0.18
2023-06-19 16:44:30,879 - AUGCON - INFO - Epoch [2/50]-(0/22) Loss: 1.8342, Acc(1): 50.00, Acc(5): 100.00
2023-06-19 16:44:30,879 - AUGCON - INFO - Epoch [2/50]-(5/22) Loss: 1.4614, Acc(1): 50.00, Acc(5): 100.00
2023-06-19 16:44:30,879 - AUGCON - INFO - Epoch [2/50]-(10/22) Loss: 1.3556, Acc(1): 50.00, Acc(5): 100.00
2023-06-19 16:44:30,879 - AUGCON - INFO - Epoch [2/50]-(15/22) Loss: 1.4005, Acc(1): 50.00, Acc(5): 100.00
2023-06-19 16:44:30,880 - AUGCON - INFO - Epoch [2/50]-(20/22) Loss: 1.1901, Acc(1): 75.00, Acc(5): 100.00
2023-06-19 16:44:30,880 - AUGCON - INFO - 	Validation Loss: 1.3325, Acc(1): 70.00, Acc(5): 93.00, F1: 0.16, Recall: 0.15, Precision: 0.18
2023-06-19 16:44:30,880 - AUGCON - INFO - Epoch [3/50]-(0/22) Loss: 1.4132, Acc(1): 50.00, Acc(5): 100.00
2023-06-19 16:44:30,880 - AUGCON - INFO - Epoch [3/50]-(5/22) Loss: 0.7312, Acc(1): 100.00, Acc(5): 100.00
2023-06-19 16:44:30,880 - AUGCON - INFO - Epoch [3/50]-(10/22) Loss: 1.0811, Acc(1): 25.00, Acc(5): 100.00
2023-06-19 16:44:30,880 - AUGCON - INFO - Epoch [3/50]-(15/22) Loss: 1.0890, Acc(1): 75.00, Acc(5): 100.00
2023-06-19 16:44:30,880 - AUGCON - INFO - Epoch [3/50]-(20/22) Loss: 0.9033, Acc(1): 100.00, Acc(5): 100.00
2023-06-19 16:44:30,880 - AUGCON - INFO - 	Validation Loss: 1.2161, Acc(1): 73.00, Acc(5): 93.00, F1: 0.16, Recall: 0.16, Precision: 0.17
2023-06-19 16:44:30,880 - AUGCON - INFO - Epoch [4/50]-(0/22) Loss: 0.7471, Acc(1): 100.00, Acc(5): 100.00
2023-06-19 16:44:30,880 - AUGCON - INFO - Epoch [4/50]-(5/22) Loss: 1.3287, Acc(1): 75.00, Acc(5): 75.00
2023-06-19 16:44:30,880 - AUGCON - INFO - Epoch [4/50]-(10/22) Loss: 0.7615, Acc(1): 100.00, Acc(5): 100.00
2023-06-19 16:44:30,880 - AUGCON - INFO - Epoch [4/50]-(15/22) Loss: 0.9328, Acc(1): 50.00, Acc(5): 100.00
2023-06-19 16:44:30,880 - AUGCON - INFO - Epoch [4/50]-(20/22) Loss: 0.8633, Acc(1): 75.00, Acc(5): 100.00
2023-06-19 16:44:30,880 - AUGCON - INFO - 	Validation Loss: 1.1561, Acc(1): 77.00, Acc(5): 93.00, F1: 0.17, Recall: 0.17, Precision: 0.18
2023-06-19 16:44:30,880 - AUGCON - INFO - Epoch [5/50]-(0/22) Loss: 0.8174, Acc(1): 75.00, Acc(5): 100.00
2023-06-19 16:44:30,880 - AUGCON - INFO - Epoch [5/50]-(5/22) Loss: 0.6076, Acc(1): 100.00, Acc(5): 100.00
2023-06-19 16:44:30,881 - AUGCON - INFO - Epoch [5/50]-(10/22) Loss: 0.6281, Acc(1): 100.00, Acc(5): 100.00
2023-06-19 16:44:30,881 - AUGCON - INFO - Epoch [5/50]-(15/22) Loss: 0.8004, Acc(1): 50.00, Acc(5): 100.00
2023-06-19 16:44:30,881 - AUGCON - INFO - Epoch [5/50]-(20/22) Loss: 0.7579, Acc(1): 75.00, Acc(5): 100.00
2023-06-19 16:44:30,881 - AUGCON - INFO - 	Validation Loss: 1.1227, Acc(1): 76.00, Acc(5): 93.00, F1: 0.17, Recall: 0.16, Precision: 0.18
2023-06-19 16:44:30,881 - AUGCON - INFO - Epoch [6/50]-(0/22) Loss: 0.5272, Acc(1): 100.00, Acc(5): 100.00
2023-06-19 16:44:30,881 - AUGCON - INFO - Epoch [6/50]-(5/22) Loss: 0.4958, Acc(1): 100.00, Acc(5): 100.00
2023-06-19 16:44:30,881 - AUGCON - INFO - Epoch [6/50]-(10/22) Loss: 1.0288, Acc(1): 25.00, Acc(5): 100.00
2023-06-19 16:44:30,881 - AUGCON - INFO - Epoch [6/50]-(15/22) Loss: 0.4939, Acc(1): 100.00, Acc(5): 100.00
2023-06-19 16:44:30,881 - AUGCON - INFO - Epoch [6/50]-(20/22) Loss: 0.6663, Acc(1): 75.00, Acc(5): 100.00
2023-06-19 16:44:30,881 - AUGCON - INFO - 	Validation Loss: 1.0853, Acc(1): 79.00, Acc(5): 93.00, F1: 0.17, Recall: 0.17, Precision: 0.17
2023-06-19 16:44:30,881 - AUGCON - INFO - Epoch [7/50]-(0/22) Loss: 0.8626, Acc(1): 50.00, Acc(5): 100.00
2023-06-19 16:44:30,881 - AUGCON - INFO - Epoch [7/50]-(5/22) Loss: 0.7428, Acc(1): 75.00, Acc(5): 100.00
2023-06-19 16:44:30,881 - AUGCON - INFO - Epoch [7/50]-(10/22) Loss: 0.8003, Acc(1): 50.00, Acc(5): 100.00
2023-06-19 16:44:30,881 - AUGCON - INFO - Epoch [7/50]-(15/22) Loss: 0.7298, Acc(1): 75.00, Acc(5): 100.00
2023-06-19 16:44:30,882 - AUGCON - INFO - Epoch [7/50]-(20/22) Loss: 0.5170, Acc(1): 100.00, Acc(5): 100.00
2023-06-19 16:44:30,882 - AUGCON - INFO - 	Validation Loss: 1.0735, Acc(1): 82.00, Acc(5): 93.00, F1: 0.18, Recall: 0.18, Precision: 0.18
2023-06-19 16:44:30,882 - AUGCON - INFO - Epoch [8/50]-(0/22) Loss: 0.3982, Acc(1): 100.00, Acc(5): 100.00
2023-06-19 16:44:30,882 - AUGCON - INFO - Epoch [8/50]-(5/22) Loss: 0.8981, Acc(1): 75.00, Acc(5): 100.00
2023-06-19 16:44:30,882 - AUGCON - INFO - Epoch [8/50]-(10/22) Loss: 0.6372, Acc(1): 75.00, Acc(5): 100.00
2023-06-19 16:44:30,882 - AUGCON - INFO - Epoch [8/50]-(15/22) Loss: 0.6685, Acc(1): 75.00, Acc(5): 100.00
2023-06-19 16:44:30,882 - AUGCON - INFO - Epoch [8/50]-(20/22) Loss: 0.7217, Acc(1): 75.00, Acc(5): 100.00
2023-06-19 16:44:30,882 - AUGCON - INFO - 	Validation Loss: 1.0490, Acc(1): 76.00, Acc(5): 93.00, F1: 0.17, Recall: 0.16, Precision: 0.17
2023-06-19 16:44:30,882 - AUGCON - INFO - Epoch [9/50]-(0/22) Loss: 0.7186, Acc(1): 75.00, Acc(5): 100.00
2023-06-19 16:44:30,882 - AUGCON - INFO - Epoch [9/50]-(5/22) Loss: 0.7448, Acc(1): 75.00, Acc(5): 100.00
2023-06-19 16:44:30,882 - AUGCON - INFO - Epoch [9/50]-(10/22) Loss: 0.9524, Acc(1): 50.00, Acc(5): 100.00
2023-06-19 16:44:30,882 - AUGCON - INFO - Epoch [9/50]-(15/22) Loss: 0.7331, Acc(1): 50.00, Acc(5): 100.00
2023-06-19 16:44:30,883 - AUGCON - INFO - Epoch [9/50]-(20/22) Loss: 0.5598, Acc(1): 75.00, Acc(5): 100.00
2023-06-19 16:44:30,883 - AUGCON - INFO - 	Validation Loss: 1.0904, Acc(1): 81.00, Acc(5): 93.00, F1: 0.18, Recall: 0.18, Precision: 0.17
2023-06-19 16:44:30,883 - AUGCON - INFO - Epoch [10/50]-(0/22) Loss: 0.4821, Acc(1): 100.00, Acc(5): 100.00
2023-06-19 16:44:30,883 - AUGCON - INFO - Epoch [10/50]-(5/22) Loss: 0.5736, Acc(1): 75.00, Acc(5): 100.00
2023-06-19 16:44:30,883 - AUGCON - INFO - Epoch [10/50]-(10/22) Loss: 0.6190, Acc(1): 75.00, Acc(5): 100.00
2023-06-19 16:44:30,883 - AUGCON - INFO - Epoch [10/50]-(15/22) Loss: 0.5144, Acc(1): 100.00, Acc(5): 100.00
2023-06-19 16:44:30,883 - AUGCON - INFO - Epoch [10/50]-(20/22) Loss: 0.5232, Acc(1): 75.00, Acc(5): 100.00
2023-06-19 16:44:30,883 - AUGCON - INFO - 	Validation Loss: 1.0462, Acc(1): 81.00, Acc(5): 93.00, F1: 0.18, Recall: 0.18, Precision: 0.18
2023-06-19 16:44:30,883 - AUGCON - INFO - Epoch [11/50]-(0/22) Loss: 0.3294, Acc(1): 100.00, Acc(5): 100.00
2023-06-19 16:44:30,883 - AUGCON - INFO - Epoch [11/50]-(5/22) Loss: 0.3314, Acc(1): 100.00, Acc(5): 100.00
2023-06-19 16:44:30,883 - AUGCON - INFO - Epoch [11/50]-(10/22) Loss: 0.5257, Acc(1): 100.00, Acc(5): 100.00
2023-06-19 16:44:30,883 - AUGCON - INFO - Epoch [11/50]-(15/22) Loss: 0.3140, Acc(1): 100.00, Acc(5): 100.00
2023-06-19 16:44:30,883 - AUGCON - INFO - Epoch [11/50]-(20/22) Loss: 0.4489, Acc(1): 100.00, Acc(5): 100.00
2023-06-19 16:44:30,884 - AUGCON - INFO - 	Validation Loss: 1.0905, Acc(1): 79.00, Acc(5): 93.00, F1: 0.18, Recall: 0.18, Precision: 0.17
2023-06-19 16:44:30,884 - AUGCON - INFO - Epoch [12/50]-(0/22) Loss: 0.3727, Acc(1): 100.00, Acc(5): 100.00
2023-06-19 16:44:30,884 - AUGCON - INFO - Epoch [12/50]-(5/22) Loss: 0.6340, Acc(1): 75.00, Acc(5): 100.00
2023-06-19 16:44:30,884 - AUGCON - INFO - Epoch [12/50]-(10/22) Loss: 0.4087, Acc(1): 75.00, Acc(5): 100.00
2023-06-19 16:44:30,884 - AUGCON - INFO - Epoch [12/50]-(15/22) Loss: 0.3981, Acc(1): 100.00, Acc(5): 100.00
2023-06-19 16:44:30,884 - AUGCON - INFO - Epoch [12/50]-(20/22) Loss: 0.5325, Acc(1): 75.00, Acc(5): 100.00
2023-06-19 16:44:30,884 - AUGCON - INFO - 	Validation Loss: 1.0505, Acc(1): 79.00, Acc(5): 93.00, F1: 0.17, Recall: 0.17, Precision: 0.17
2023-06-19 16:44:30,884 - AUGCON - INFO - Epoch [13/50]-(0/22) Loss: 0.3439, Acc(1): 100.00, Acc(5): 100.00
2023-06-19 16:44:30,884 - AUGCON - INFO - Epoch [13/50]-(5/22) Loss: 0.4631, Acc(1): 100.00, Acc(5): 100.00
2023-06-19 16:44:30,884 - AUGCON - INFO - Epoch [13/50]-(10/22) Loss: 1.1803, Acc(1): 25.00, Acc(5): 100.00
2023-06-19 16:44:30,884 - AUGCON - INFO - Epoch [13/50]-(15/22) Loss: 0.4595, Acc(1): 100.00, Acc(5): 100.00
2023-06-19 16:44:30,884 - AUGCON - INFO - Epoch [13/50]-(20/22) Loss: 0.3711, Acc(1): 100.00, Acc(5): 100.00
2023-06-19 16:44:30,884 - AUGCON - INFO - 	Validation Loss: 1.0765, Acc(1): 81.00, Acc(5): 93.00, F1: 0.18, Recall: 0.18, Precision: 0.17
2023-06-19 16:44:30,885 - AUGCON - INFO - Epoch [14/50]-(0/22) Loss: 0.5038, Acc(1): 75.00, Acc(5): 100.00
2023-06-19 16:44:30,885 - AUGCON - INFO - Epoch [14/50]-(5/22) Loss: 0.3275, Acc(1): 75.00, Acc(5): 100.00
2023-06-19 16:44:30,885 - AUGCON - INFO - Epoch [14/50]-(10/22) Loss: 0.3245, Acc(1): 100.00, Acc(5): 100.00
2023-06-19 16:44:30,885 - AUGCON - INFO - Epoch [14/50]-(15/22) Loss: 0.5270, Acc(1): 75.00, Acc(5): 100.00
2023-06-19 16:44:30,885 - AUGCON - INFO - Epoch [14/50]-(20/22) Loss: 0.3598, Acc(1): 100.00, Acc(5): 100.00
2023-06-19 16:44:30,885 - AUGCON - INFO - 	Validation Loss: 1.0754, Acc(1): 79.00, Acc(5): 93.00, F1: 0.17, Recall: 0.18, Precision: 0.17
2023-06-19 16:44:30,885 - AUGCON - INFO - Epoch [15/50]-(0/22) Loss: 0.5999, Acc(1): 75.00, Acc(5): 100.00
2023-06-19 16:44:30,885 - AUGCON - INFO - Epoch [15/50]-(5/22) Loss: 0.4087, Acc(1): 100.00, Acc(5): 100.00
2023-06-19 16:44:30,885 - AUGCON - INFO - Epoch [15/50]-(10/22) Loss: 0.5112, Acc(1): 75.00, Acc(5): 100.00
2023-06-19 16:44:30,885 - AUGCON - INFO - Epoch [15/50]-(15/22) Loss: 0.4210, Acc(1): 100.00, Acc(5): 100.00
2023-06-19 16:44:30,885 - AUGCON - INFO - Epoch [15/50]-(20/22) Loss: 0.2231, Acc(1): 100.00, Acc(5): 100.00
2023-06-19 16:44:30,885 - AUGCON - INFO - 	Validation Loss: 1.0832, Acc(1): 82.00, Acc(5): 93.00, F1: 0.18, Recall: 0.19, Precision: 0.17
2023-06-19 16:44:30,885 - AUGCON - INFO - Epoch [16/50]-(0/22) Loss: 0.2776, Acc(1): 100.00, Acc(5): 100.00
2023-06-19 16:44:30,886 - AUGCON - INFO - Epoch [16/50]-(5/22) Loss: 0.3273, Acc(1): 100.00, Acc(5): 100.00
2023-06-19 16:44:30,886 - AUGCON - INFO - Epoch [16/50]-(10/22) Loss: 0.2493, Acc(1): 100.00, Acc(5): 100.00
2023-06-19 16:44:30,886 - AUGCON - INFO - Epoch [16/50]-(15/22) Loss: 0.3389, Acc(1): 100.00, Acc(5): 100.00
2023-06-19 16:44:30,886 - AUGCON - INFO - Epoch [16/50]-(20/22) Loss: 0.2446, Acc(1): 100.00, Acc(5): 100.00
2023-06-19 16:44:30,886 - AUGCON - INFO - 	Validation Loss: 1.0746, Acc(1): 82.00, Acc(5): 93.00, F1: 0.18, Recall: 0.18, Precision: 0.18
2023-06-19 16:44:30,886 - AUGCON - INFO - Epoch [17/50]-(0/22) Loss: 0.3591, Acc(1): 100.00, Acc(5): 100.00
2023-06-19 16:44:30,886 - AUGCON - INFO - Epoch [17/50]-(5/22) Loss: 0.3906, Acc(1): 100.00, Acc(5): 100.00
2023-06-19 16:44:30,886 - AUGCON - INFO - Epoch [17/50]-(10/22) Loss: 0.2626, Acc(1): 100.00, Acc(5): 100.00
2023-06-19 16:44:30,886 - AUGCON - INFO - Epoch [17/50]-(15/22) Loss: 0.2438, Acc(1): 100.00, Acc(5): 100.00
2023-06-19 16:44:30,886 - AUGCON - INFO - Epoch [17/50]-(20/22) Loss: 0.4815, Acc(1): 75.00, Acc(5): 100.00
2023-06-19 16:44:30,886 - AUGCON - INFO - 	Validation Loss: 1.0797, Acc(1): 84.00, Acc(5): 93.00, F1: 0.18, Recall: 0.19, Precision: 0.18
2023-06-19 16:44:30,886 - AUGCON - INFO - Epoch [18/50]-(0/22) Loss: 0.4780, Acc(1): 100.00, Acc(5): 100.00
2023-06-19 16:44:30,886 - AUGCON - INFO - Epoch [18/50]-(5/22) Loss: 0.3680, Acc(1): 100.00, Acc(5): 100.00
2023-06-19 16:44:30,887 - AUGCON - INFO - Epoch [18/50]-(10/22) Loss: 0.3577, Acc(1): 100.00, Acc(5): 100.00
2023-06-19 16:44:30,887 - AUGCON - INFO - Epoch [18/50]-(15/22) Loss: 0.2878, Acc(1): 100.00, Acc(5): 100.00
2023-06-19 16:44:30,887 - AUGCON - INFO - Epoch [18/50]-(20/22) Loss: 0.2225, Acc(1): 100.00, Acc(5): 100.00
2023-06-19 16:44:30,887 - AUGCON - INFO - 	Validation Loss: 1.0951, Acc(1): 80.00, Acc(5): 93.00, F1: 0.18, Recall: 0.18, Precision: 0.18
2023-06-19 16:44:30,887 - AUGCON - INFO - Epoch [19/50]-(0/22) Loss: 0.4487, Acc(1): 75.00, Acc(5): 100.00
2023-06-19 16:44:30,887 - AUGCON - INFO - Epoch [19/50]-(5/22) Loss: 0.3294, Acc(1): 100.00, Acc(5): 100.00
2023-06-19 16:44:30,887 - AUGCON - INFO - Epoch [19/50]-(10/22) Loss: 0.2254, Acc(1): 100.00, Acc(5): 100.00
2023-06-19 16:44:30,887 - AUGCON - INFO - Epoch [19/50]-(15/22) Loss: 0.2375, Acc(1): 100.00, Acc(5): 100.00
2023-06-19 16:44:30,887 - AUGCON - INFO - Epoch [19/50]-(20/22) Loss: 0.4650, Acc(1): 75.00, Acc(5): 100.00
2023-06-19 16:44:30,887 - AUGCON - INFO - 	Validation Loss: 1.1003, Acc(1): 78.00, Acc(5): 93.00, F1: 0.17, Recall: 0.18, Precision: 0.17
2023-06-19 16:44:30,887 - AUGCON - INFO - Epoch [20/50]-(0/22) Loss: 0.1518, Acc(1): 100.00, Acc(5): 100.00
2023-06-19 16:44:30,887 - AUGCON - INFO - Epoch [20/50]-(5/22) Loss: 0.2323, Acc(1): 100.00, Acc(5): 100.00
2023-06-19 16:44:30,887 - AUGCON - INFO - Epoch [20/50]-(10/22) Loss: 0.2323, Acc(1): 100.00, Acc(5): 100.00
2023-06-19 16:44:30,887 - AUGCON - INFO - Epoch [20/50]-(15/22) Loss: 0.5593, Acc(1): 75.00, Acc(5): 100.00
2023-06-19 16:44:30,888 - AUGCON - INFO - Epoch [20/50]-(20/22) Loss: 0.4572, Acc(1): 75.00, Acc(5): 100.00
2023-06-19 16:44:30,888 - AUGCON - INFO - 	Validation Loss: 1.1133, Acc(1): 84.00, Acc(5): 93.00, F1: 0.18, Recall: 0.19, Precision: 0.18
2023-06-19 16:44:30,888 - AUGCON - INFO - Epoch [21/50]-(0/22) Loss: 0.2211, Acc(1): 100.00, Acc(5): 100.00
2023-06-19 16:44:30,888 - AUGCON - INFO - Epoch [21/50]-(5/22) Loss: 0.4137, Acc(1): 75.00, Acc(5): 100.00
2023-06-19 16:44:30,888 - AUGCON - INFO - Epoch [21/50]-(10/22) Loss: 0.4911, Acc(1): 75.00, Acc(5): 100.00
2023-06-19 16:44:30,888 - AUGCON - INFO - Epoch [21/50]-(15/22) Loss: 0.6433, Acc(1): 75.00, Acc(5): 100.00
2023-06-19 16:44:30,888 - AUGCON - INFO - Epoch [21/50]-(20/22) Loss: 0.3018, Acc(1): 100.00, Acc(5): 100.00
2023-06-19 16:44:30,888 - AUGCON - INFO - 	Validation Loss: 1.1113, Acc(1): 81.00, Acc(5): 93.00, F1: 0.18, Recall: 0.19, Precision: 0.17
2023-06-19 16:44:30,888 - AUGCON - INFO - Epoch [22/50]-(0/22) Loss: 0.3829, Acc(1): 75.00, Acc(5): 100.00
2023-06-19 16:44:30,888 - AUGCON - INFO - Epoch [22/50]-(5/22) Loss: 0.2069, Acc(1): 100.00, Acc(5): 100.00
2023-06-19 16:44:30,888 - AUGCON - INFO - Epoch [22/50]-(10/22) Loss: 0.9689, Acc(1): 50.00, Acc(5): 100.00
2023-06-19 16:44:30,888 - AUGCON - INFO - Epoch [22/50]-(15/22) Loss: 0.1844, Acc(1): 100.00, Acc(5): 100.00
2023-06-19 16:44:30,888 - AUGCON - INFO - Epoch [22/50]-(20/22) Loss: 0.4896, Acc(1): 75.00, Acc(5): 100.00
2023-06-19 16:44:30,889 - AUGCON - INFO - 	Validation Loss: 1.1207, Acc(1): 82.00, Acc(5): 93.00, F1: 0.18, Recall: 0.18, Precision: 0.18
2023-06-19 16:44:30,889 - AUGCON - INFO - Epoch [23/50]-(0/22) Loss: 0.2074, Acc(1): 100.00, Acc(5): 100.00
2023-06-19 16:44:30,889 - AUGCON - INFO - Epoch [23/50]-(5/22) Loss: 0.1923, Acc(1): 100.00, Acc(5): 100.00
2023-06-19 16:44:30,889 - AUGCON - INFO - Epoch [23/50]-(10/22) Loss: 0.2142, Acc(1): 100.00, Acc(5): 100.00
2023-06-19 16:44:30,889 - AUGCON - INFO - Epoch [23/50]-(15/22) Loss: 0.9208, Acc(1): 75.00, Acc(5): 100.00
2023-06-19 16:44:30,889 - AUGCON - INFO - Epoch [23/50]-(20/22) Loss: 0.1481, Acc(1): 100.00, Acc(5): 100.00
2023-06-19 16:44:30,889 - AUGCON - INFO - 	Validation Loss: 1.1430, Acc(1): 80.00, Acc(5): 93.00, F1: 0.18, Recall: 0.19, Precision: 0.17
2023-06-19 16:44:30,889 - AUGCON - INFO - Epoch [24/50]-(0/22) Loss: 0.6628, Acc(1): 75.00, Acc(5): 100.00
2023-06-19 16:44:30,889 - AUGCON - INFO - Epoch [24/50]-(5/22) Loss: 0.3250, Acc(1): 100.00, Acc(5): 100.00
2023-06-19 16:44:30,889 - AUGCON - INFO - Epoch [24/50]-(10/22) Loss: 0.4957, Acc(1): 75.00, Acc(5): 100.00
2023-06-19 16:44:30,889 - AUGCON - INFO - Epoch [24/50]-(15/22) Loss: 0.4864, Acc(1): 50.00, Acc(5): 100.00
2023-06-19 16:44:30,889 - AUGCON - INFO - Epoch [24/50]-(20/22) Loss: 0.2648, Acc(1): 100.00, Acc(5): 100.00
2023-06-19 16:44:30,889 - AUGCON - INFO - 	Validation Loss: 1.1228, Acc(1): 82.00, Acc(5): 93.00, F1: 0.18, Recall: 0.18, Precision: 0.18
2023-06-19 16:44:30,889 - AUGCON - INFO - Epoch [25/50]-(0/22) Loss: 0.6059, Acc(1): 75.00, Acc(5): 100.00
2023-06-19 16:44:30,890 - AUGCON - INFO - Epoch [25/50]-(5/22) Loss: 0.2900, Acc(1): 100.00, Acc(5): 100.00
2023-06-19 16:44:30,890 - AUGCON - INFO - Epoch [25/50]-(10/22) Loss: 0.2064, Acc(1): 100.00, Acc(5): 100.00
2023-06-19 16:44:30,890 - AUGCON - INFO - Epoch [25/50]-(15/22) Loss: 0.1894, Acc(1): 100.00, Acc(5): 100.00
2023-06-19 16:44:30,890 - AUGCON - INFO - Epoch [25/50]-(20/22) Loss: 0.1766, Acc(1): 100.00, Acc(5): 100.00
2023-06-19 16:44:30,890 - AUGCON - INFO - 	Validation Loss: 1.1156, Acc(1): 85.00, Acc(5): 93.00, F1: 0.18, Recall: 0.19, Precision: 0.18
2023-06-19 16:44:30,890 - AUGCON - INFO - Epoch [26/50]-(0/22) Loss: 0.6414, Acc(1): 75.00, Acc(5): 100.00
2023-06-19 16:44:30,890 - AUGCON - INFO - Epoch [26/50]-(5/22) Loss: 0.2365, Acc(1): 100.00, Acc(5): 100.00
2023-06-19 16:44:30,890 - AUGCON - INFO - Epoch [26/50]-(10/22) Loss: 0.2501, Acc(1): 100.00, Acc(5): 100.00
2023-06-19 16:44:30,890 - AUGCON - INFO - Epoch [26/50]-(15/22) Loss: 0.2774, Acc(1): 100.00, Acc(5): 100.00
2023-06-19 16:44:30,890 - AUGCON - INFO - Epoch [26/50]-(20/22) Loss: 0.1282, Acc(1): 100.00, Acc(5): 100.00
2023-06-19 16:44:30,890 - AUGCON - INFO - 	Validation Loss: 1.1366, Acc(1): 81.00, Acc(5): 93.00, F1: 0.18, Recall: 0.19, Precision: 0.17
2023-06-19 16:44:30,890 - AUGCON - INFO - Epoch [27/50]-(0/22) Loss: 0.3417, Acc(1): 75.00, Acc(5): 100.00
2023-06-19 16:44:30,890 - AUGCON - INFO - Epoch [27/50]-(5/22) Loss: 0.1996, Acc(1): 100.00, Acc(5): 100.00
2023-06-19 16:44:30,891 - AUGCON - INFO - Epoch [27/50]-(10/22) Loss: 0.3267, Acc(1): 100.00, Acc(5): 100.00
2023-06-19 16:44:30,891 - AUGCON - INFO - Epoch [27/50]-(15/22) Loss: 0.1590, Acc(1): 100.00, Acc(5): 100.00
2023-06-19 16:44:30,891 - AUGCON - INFO - Epoch [27/50]-(20/22) Loss: 0.5389, Acc(1): 50.00, Acc(5): 100.00
2023-06-19 16:44:30,891 - AUGCON - INFO - 	Validation Loss: 1.1451, Acc(1): 82.00, Acc(5): 93.00, F1: 0.18, Recall: 0.18, Precision: 0.18
2023-06-19 16:44:30,891 - AUGCON - INFO - Epoch [28/50]-(0/22) Loss: 0.8192, Acc(1): 25.00, Acc(5): 100.00
2023-06-19 16:44:30,891 - AUGCON - INFO - Epoch [28/50]-(5/22) Loss: 0.4565, Acc(1): 75.00, Acc(5): 100.00
2023-06-19 16:44:30,891 - AUGCON - INFO - Epoch [28/50]-(10/22) Loss: 0.2575, Acc(1): 100.00, Acc(5): 100.00
2023-06-19 16:44:30,891 - AUGCON - INFO - Epoch [28/50]-(15/22) Loss: 0.4664, Acc(1): 75.00, Acc(5): 100.00
2023-06-19 16:44:30,891 - AUGCON - INFO - Epoch [28/50]-(20/22) Loss: 0.3854, Acc(1): 75.00, Acc(5): 100.00
2023-06-19 16:44:30,891 - AUGCON - INFO - 	Validation Loss: 1.1732, Acc(1): 79.00, Acc(5): 93.00, F1: 0.17, Recall: 0.18, Precision: 0.17
2023-06-19 16:44:30,891 - AUGCON - INFO - Epoch [29/50]-(0/22) Loss: 0.1167, Acc(1): 100.00, Acc(5): 100.00
2023-06-19 16:44:30,891 - AUGCON - INFO - Epoch [29/50]-(5/22) Loss: 0.4917, Acc(1): 50.00, Acc(5): 100.00
2023-06-19 16:44:30,891 - AUGCON - INFO - Epoch [29/50]-(10/22) Loss: 0.1677, Acc(1): 100.00, Acc(5): 100.00
2023-06-19 16:44:30,892 - AUGCON - INFO - Epoch [29/50]-(15/22) Loss: 0.3305, Acc(1): 100.00, Acc(5): 100.00
2023-06-19 16:44:30,892 - AUGCON - INFO - Epoch [29/50]-(20/22) Loss: 0.2994, Acc(1): 100.00, Acc(5): 100.00
2023-06-19 16:44:30,892 - AUGCON - INFO - 	Validation Loss: 1.1332, Acc(1): 82.00, Acc(5): 93.00, F1: 0.18, Recall: 0.18, Precision: 0.18
2023-06-19 16:44:30,892 - AUGCON - INFO - Epoch [30/50]-(0/22) Loss: 0.2737, Acc(1): 100.00, Acc(5): 100.00
2023-06-19 16:44:30,892 - AUGCON - INFO - Epoch [30/50]-(5/22) Loss: 0.3790, Acc(1): 100.00, Acc(5): 100.00
2023-06-19 16:44:30,892 - AUGCON - INFO - Epoch [30/50]-(10/22) Loss: 0.5075, Acc(1): 75.00, Acc(5): 100.00
2023-06-19 16:44:30,892 - AUGCON - INFO - Epoch [30/50]-(15/22) Loss: 0.1140, Acc(1): 100.00, Acc(5): 100.00
2023-06-19 16:44:30,892 - AUGCON - INFO - Epoch [30/50]-(20/22) Loss: 0.1427, Acc(1): 100.00, Acc(5): 100.00
2023-06-19 16:44:30,892 - AUGCON - INFO - 	Validation Loss: 1.1772, Acc(1): 82.00, Acc(5): 93.00, F1: 0.18, Recall: 0.19, Precision: 0.17
2023-06-19 16:44:30,892 - AUGCON - INFO - Epoch [31/50]-(0/22) Loss: 0.3301, Acc(1): 75.00, Acc(5): 100.00
2023-06-19 16:44:30,892 - AUGCON - INFO - Epoch [31/50]-(5/22) Loss: 0.2117, Acc(1): 100.00, Acc(5): 100.00
2023-06-19 16:44:30,892 - AUGCON - INFO - Epoch [31/50]-(10/22) Loss: 0.4921, Acc(1): 75.00, Acc(5): 100.00
2023-06-19 16:44:30,893 - AUGCON - INFO - Epoch [31/50]-(15/22) Loss: 0.3194, Acc(1): 100.00, Acc(5): 100.00
2023-06-19 16:44:30,893 - AUGCON - INFO - Epoch [31/50]-(20/22) Loss: 0.1389, Acc(1): 100.00, Acc(5): 100.00
2023-06-19 16:44:30,893 - AUGCON - INFO - 	Validation Loss: 1.1890, Acc(1): 83.00, Acc(5): 93.00, F1: 0.18, Recall: 0.19, Precision: 0.18
2023-06-19 16:44:30,893 - AUGCON - INFO - Epoch [32/50]-(0/22) Loss: 0.1309, Acc(1): 100.00, Acc(5): 100.00
2023-06-19 16:44:30,893 - AUGCON - INFO - Epoch [32/50]-(5/22) Loss: 0.1821, Acc(1): 100.00, Acc(5): 100.00
2023-06-19 16:44:30,893 - AUGCON - INFO - Epoch [32/50]-(10/22) Loss: 0.1253, Acc(1): 100.00, Acc(5): 100.00
2023-06-19 16:44:30,893 - AUGCON - INFO - Epoch [32/50]-(15/22) Loss: 0.6794, Acc(1): 75.00, Acc(5): 100.00
2023-06-19 16:44:30,893 - AUGCON - INFO - Epoch [32/50]-(20/22) Loss: 0.2233, Acc(1): 100.00, Acc(5): 100.00
2023-06-19 16:44:30,893 - AUGCON - INFO - 	Validation Loss: 1.2026, Acc(1): 84.00, Acc(5): 93.00, F1: 0.18, Recall: 0.19, Precision: 0.18
2023-06-19 16:44:30,893 - AUGCON - INFO - Epoch [33/50]-(0/22) Loss: 0.1631, Acc(1): 100.00, Acc(5): 100.00
2023-06-19 16:44:30,893 - AUGCON - INFO - Epoch [33/50]-(5/22) Loss: 0.2623, Acc(1): 75.00, Acc(5): 100.00
2023-06-19 16:44:30,893 - AUGCON - INFO - Epoch [33/50]-(10/22) Loss: 0.6374, Acc(1): 50.00, Acc(5): 100.00
2023-06-19 16:44:30,893 - AUGCON - INFO - Epoch [33/50]-(15/22) Loss: 0.1674, Acc(1): 100.00, Acc(5): 100.00
2023-06-19 16:44:30,893 - AUGCON - INFO - Epoch [33/50]-(20/22) Loss: 0.8828, Acc(1): 50.00, Acc(5): 100.00
2023-06-19 16:44:30,894 - AUGCON - INFO - 	Validation Loss: 1.1870, Acc(1): 81.00, Acc(5): 93.00, F1: 0.18, Recall: 0.19, Precision: 0.17
2023-06-19 16:44:30,894 - AUGCON - INFO - Epoch [34/50]-(0/22) Loss: 0.1906, Acc(1): 100.00, Acc(5): 100.00
2023-06-19 16:44:30,894 - AUGCON - INFO - Epoch [34/50]-(5/22) Loss: 0.5641, Acc(1): 75.00, Acc(5): 100.00
2023-06-19 16:44:30,894 - AUGCON - INFO - Epoch [34/50]-(10/22) Loss: 0.2500, Acc(1): 100.00, Acc(5): 100.00
2023-06-19 16:44:30,894 - AUGCON - INFO - Epoch [34/50]-(15/22) Loss: 0.4558, Acc(1): 75.00, Acc(5): 100.00
2023-06-19 16:44:30,894 - AUGCON - INFO - Epoch [34/50]-(20/22) Loss: 0.1552, Acc(1): 100.00, Acc(5): 100.00
2023-06-19 16:44:30,894 - AUGCON - INFO - 	Validation Loss: 1.1715, Acc(1): 84.00, Acc(5): 93.00, F1: 0.18, Recall: 0.19, Precision: 0.18
2023-06-19 16:44:30,894 - AUGCON - INFO - Epoch [35/50]-(0/22) Loss: 0.1487, Acc(1): 100.00, Acc(5): 100.00
2023-06-19 16:44:30,894 - AUGCON - INFO - Epoch [35/50]-(5/22) Loss: 0.5285, Acc(1): 75.00, Acc(5): 100.00
2023-06-19 16:44:30,894 - AUGCON - INFO - Epoch [35/50]-(10/22) Loss: 0.3612, Acc(1): 75.00, Acc(5): 100.00
2023-06-19 16:44:30,894 - AUGCON - INFO - Epoch [35/50]-(15/22) Loss: 0.2177, Acc(1): 100.00, Acc(5): 100.00
2023-06-19 16:44:30,894 - AUGCON - INFO - Epoch [35/50]-(20/22) Loss: 0.1051, Acc(1): 100.00, Acc(5): 100.00
2023-06-19 16:44:30,894 - AUGCON - INFO - 	Validation Loss: 1.2230, Acc(1): 80.00, Acc(5): 93.00, F1: 0.18, Recall: 0.19, Precision: 0.17
2023-06-19 16:44:30,895 - AUGCON - INFO - Epoch [36/50]-(0/22) Loss: 0.2634, Acc(1): 100.00, Acc(5): 100.00
2023-06-19 16:44:30,895 - AUGCON - INFO - Epoch [36/50]-(5/22) Loss: 0.3437, Acc(1): 100.00, Acc(5): 100.00
2023-06-19 16:44:30,895 - AUGCON - INFO - Epoch [36/50]-(10/22) Loss: 0.1586, Acc(1): 100.00, Acc(5): 100.00
2023-06-19 16:44:30,895 - AUGCON - INFO - Epoch [36/50]-(15/22) Loss: 0.9877, Acc(1): 50.00, Acc(5): 100.00
2023-06-19 16:44:30,895 - AUGCON - INFO - Epoch [36/50]-(20/22) Loss: 0.1286, Acc(1): 100.00, Acc(5): 100.00
2023-06-19 16:44:30,895 - AUGCON - INFO - 	Validation Loss: 1.2287, Acc(1): 81.00, Acc(5): 93.00, F1: 0.18, Recall: 0.19, Precision: 0.17
2023-06-19 16:44:30,895 - AUGCON - INFO - Epoch [37/50]-(0/22) Loss: 0.3821, Acc(1): 75.00, Acc(5): 100.00
2023-06-19 16:44:30,895 - AUGCON - INFO - Epoch [37/50]-(5/22) Loss: 0.3205, Acc(1): 100.00, Acc(5): 100.00
2023-06-19 16:44:30,895 - AUGCON - INFO - Epoch [37/50]-(10/22) Loss: 0.1280, Acc(1): 100.00, Acc(5): 100.00
2023-06-19 16:44:30,895 - AUGCON - INFO - Epoch [37/50]-(15/22) Loss: 0.1338, Acc(1): 100.00, Acc(5): 100.00
2023-06-19 16:44:30,895 - AUGCON - INFO - Epoch [37/50]-(20/22) Loss: 0.6153, Acc(1): 50.00, Acc(5): 100.00
2023-06-19 16:44:30,895 - AUGCON - INFO - 	Validation Loss: 1.2356, Acc(1): 80.00, Acc(5): 93.00, F1: 0.18, Recall: 0.19, Precision: 0.17
2023-06-19 16:44:30,895 - AUGCON - INFO - Epoch [38/50]-(0/22) Loss: 0.2752, Acc(1): 100.00, Acc(5): 100.00
2023-06-19 16:44:30,896 - AUGCON - INFO - Epoch [38/50]-(5/22) Loss: 0.1601, Acc(1): 100.00, Acc(5): 100.00
2023-06-19 16:44:30,896 - AUGCON - INFO - Epoch [38/50]-(10/22) Loss: 0.1205, Acc(1): 100.00, Acc(5): 100.00
2023-06-19 16:44:30,896 - AUGCON - INFO - Epoch [38/50]-(15/22) Loss: 0.5112, Acc(1): 75.00, Acc(5): 100.00
2023-06-19 16:44:30,896 - AUGCON - INFO - Epoch [38/50]-(20/22) Loss: 0.0805, Acc(1): 100.00, Acc(5): 100.00
2023-06-19 16:44:30,896 - AUGCON - INFO - 	Validation Loss: 1.2406, Acc(1): 83.00, Acc(5): 93.00, F1: 0.18, Recall: 0.19, Precision: 0.18
2023-06-19 16:44:30,896 - AUGCON - INFO - Epoch [39/50]-(0/22) Loss: 0.1123, Acc(1): 100.00, Acc(5): 100.00
2023-06-19 16:44:30,896 - AUGCON - INFO - Epoch [39/50]-(5/22) Loss: 0.2174, Acc(1): 100.00, Acc(5): 100.00
2023-06-19 16:44:30,896 - AUGCON - INFO - Epoch [39/50]-(10/22) Loss: 0.3432, Acc(1): 75.00, Acc(5): 100.00
2023-06-19 16:44:30,896 - AUGCON - INFO - Epoch [39/50]-(15/22) Loss: 0.1384, Acc(1): 100.00, Acc(5): 100.00
2023-06-19 16:44:30,896 - AUGCON - INFO - Epoch [39/50]-(20/22) Loss: 0.6201, Acc(1): 50.00, Acc(5): 100.00
2023-06-19 16:44:30,896 - AUGCON - INFO - 	Validation Loss: 1.2468, Acc(1): 81.00, Acc(5): 93.00, F1: 0.18, Recall: 0.19, Precision: 0.17
2023-06-19 16:44:30,896 - AUGCON - INFO - Epoch [40/50]-(0/22) Loss: 0.7127, Acc(1): 50.00, Acc(5): 100.00
2023-06-19 16:44:30,896 - AUGCON - INFO - Epoch [40/50]-(5/22) Loss: 0.2440, Acc(1): 100.00, Acc(5): 100.00
2023-06-19 16:44:30,897 - AUGCON - INFO - Epoch [40/50]-(10/22) Loss: 0.4578, Acc(1): 75.00, Acc(5): 100.00
2023-06-19 16:44:30,897 - AUGCON - INFO - Epoch [40/50]-(15/22) Loss: 0.1991, Acc(1): 100.00, Acc(5): 100.00
2023-06-19 16:44:30,897 - AUGCON - INFO - Epoch [40/50]-(20/22) Loss: 0.1269, Acc(1): 100.00, Acc(5): 100.00
2023-06-19 16:44:30,897 - AUGCON - INFO - 	Validation Loss: 1.2323, Acc(1): 83.00, Acc(5): 93.00, F1: 0.18, Recall: 0.18, Precision: 0.18
2023-06-19 16:44:30,897 - AUGCON - INFO - Epoch [41/50]-(0/22) Loss: 0.0759, Acc(1): 100.00, Acc(5): 100.00
2023-06-19 16:44:30,897 - AUGCON - INFO - Epoch [41/50]-(5/22) Loss: 0.0736, Acc(1): 100.00, Acc(5): 100.00
2023-06-19 16:44:30,897 - AUGCON - INFO - Epoch [41/50]-(10/22) Loss: 0.6826, Acc(1): 75.00, Acc(5): 100.00
2023-06-19 16:44:30,897 - AUGCON - INFO - Epoch [41/50]-(15/22) Loss: 0.3473, Acc(1): 75.00, Acc(5): 100.00
2023-06-19 16:44:30,897 - AUGCON - INFO - Epoch [41/50]-(20/22) Loss: 0.1149, Acc(1): 100.00, Acc(5): 100.00
2023-06-19 16:44:30,897 - AUGCON - INFO - 	Validation Loss: 1.2647, Acc(1): 80.00, Acc(5): 93.00, F1: 0.18, Recall: 0.19, Precision: 0.17
2023-06-19 16:44:30,897 - AUGCON - INFO - Epoch [42/50]-(0/22) Loss: 0.5771, Acc(1): 50.00, Acc(5): 100.00
2023-06-19 16:44:30,897 - AUGCON - INFO - Epoch [42/50]-(5/22) Loss: 0.1011, Acc(1): 100.00, Acc(5): 100.00
2023-06-19 16:44:30,897 - AUGCON - INFO - Epoch [42/50]-(10/22) Loss: 0.2427, Acc(1): 100.00, Acc(5): 100.00
2023-06-19 16:44:30,897 - AUGCON - INFO - Epoch [42/50]-(15/22) Loss: 0.5246, Acc(1): 100.00, Acc(5): 100.00
2023-06-19 16:44:30,898 - AUGCON - INFO - Epoch [42/50]-(20/22) Loss: 0.1707, Acc(1): 100.00, Acc(5): 100.00
2023-06-19 16:44:30,898 - AUGCON - INFO - 	Validation Loss: 1.2761, Acc(1): 81.00, Acc(5): 93.00, F1: 0.18, Recall: 0.19, Precision: 0.17
2023-06-19 16:44:30,898 - AUGCON - INFO - Epoch [43/50]-(0/22) Loss: 0.2357, Acc(1): 100.00, Acc(5): 100.00
2023-06-19 16:44:30,898 - AUGCON - INFO - Epoch [43/50]-(5/22) Loss: 0.1541, Acc(1): 100.00, Acc(5): 100.00
2023-06-19 16:44:30,898 - AUGCON - INFO - Epoch [43/50]-(10/22) Loss: 0.2274, Acc(1): 100.00, Acc(5): 100.00
2023-06-19 16:44:30,898 - AUGCON - INFO - Epoch [43/50]-(15/22) Loss: 0.4579, Acc(1): 75.00, Acc(5): 100.00
2023-06-19 16:44:30,898 - AUGCON - INFO - Epoch [43/50]-(20/22) Loss: 0.1482, Acc(1): 100.00, Acc(5): 100.00
2023-06-19 16:44:30,898 - AUGCON - INFO - 	Validation Loss: 1.2806, Acc(1): 81.00, Acc(5): 93.00, F1: 0.18, Recall: 0.18, Precision: 0.17
2023-06-19 16:44:30,898 - AUGCON - INFO - Epoch [44/50]-(0/22) Loss: 0.1676, Acc(1): 100.00, Acc(5): 100.00
2023-06-19 16:44:30,898 - AUGCON - INFO - Epoch [44/50]-(5/22) Loss: 0.1536, Acc(1): 100.00, Acc(5): 100.00
2023-06-19 16:44:30,898 - AUGCON - INFO - Epoch [44/50]-(10/22) Loss: 0.2473, Acc(1): 75.00, Acc(5): 100.00
2023-06-19 16:44:30,898 - AUGCON - INFO - Epoch [44/50]-(15/22) Loss: 0.1262, Acc(1): 100.00, Acc(5): 100.00
2023-06-19 16:44:30,898 - AUGCON - INFO - Epoch [44/50]-(20/22) Loss: 0.1811, Acc(1): 100.00, Acc(5): 100.00
2023-06-19 16:44:30,899 - AUGCON - INFO - 	Validation Loss: 1.2872, Acc(1): 86.00, Acc(5): 93.00, F1: 0.19, Recall: 0.20, Precision: 0.18
2023-06-19 16:44:30,899 - AUGCON - INFO - Epoch [45/50]-(0/22) Loss: 0.2896, Acc(1): 100.00, Acc(5): 100.00
2023-06-19 16:44:30,899 - AUGCON - INFO - Epoch [45/50]-(5/22) Loss: 0.4424, Acc(1): 75.00, Acc(5): 100.00
2023-06-19 16:44:30,899 - AUGCON - INFO - Epoch [45/50]-(10/22) Loss: 0.1323, Acc(1): 100.00, Acc(5): 100.00
2023-06-19 16:44:30,899 - AUGCON - INFO - Epoch [45/50]-(15/22) Loss: 0.1304, Acc(1): 100.00, Acc(5): 100.00
2023-06-19 16:44:30,899 - AUGCON - INFO - Epoch [45/50]-(20/22) Loss: 0.4596, Acc(1): 75.00, Acc(5): 100.00
2023-06-19 16:44:30,899 - AUGCON - INFO - 	Validation Loss: 1.3227, Acc(1): 77.00, Acc(5): 93.00, F1: 0.17, Recall: 0.18, Precision: 0.16
2023-06-19 16:44:30,899 - AUGCON - INFO - Epoch [46/50]-(0/22) Loss: 0.4450, Acc(1): 75.00, Acc(5): 100.00
2023-06-19 16:44:30,899 - AUGCON - INFO - Epoch [46/50]-(5/22) Loss: 0.4574, Acc(1): 75.00, Acc(5): 100.00
2023-06-19 16:44:30,899 - AUGCON - INFO - Epoch [46/50]-(10/22) Loss: 0.1831, Acc(1): 100.00, Acc(5): 100.00
2023-06-19 16:44:30,899 - AUGCON - INFO - Epoch [46/50]-(15/22) Loss: 0.3353, Acc(1): 75.00, Acc(5): 100.00
2023-06-19 16:44:30,899 - AUGCON - INFO - Epoch [46/50]-(20/22) Loss: 0.3609, Acc(1): 75.00, Acc(5): 100.00
2023-06-19 16:44:30,900 - AUGCON - INFO - 	Validation Loss: 1.2784, Acc(1): 82.00, Acc(5): 93.00, F1: 0.18, Recall: 0.19, Precision: 0.17
2023-06-19 16:44:30,900 - AUGCON - INFO - Epoch [47/50]-(0/22) Loss: 0.4246, Acc(1): 75.00, Acc(5): 100.00
2023-06-19 16:44:30,900 - AUGCON - INFO - Epoch [47/50]-(5/22) Loss: 0.1739, Acc(1): 100.00, Acc(5): 100.00
2023-06-19 16:44:30,900 - AUGCON - INFO - Epoch [47/50]-(10/22) Loss: 0.1307, Acc(1): 100.00, Acc(5): 100.00
2023-06-19 16:44:30,900 - AUGCON - INFO - Epoch [47/50]-(15/22) Loss: 0.3847, Acc(1): 75.00, Acc(5): 100.00
2023-06-19 16:44:30,900 - AUGCON - INFO - Epoch [47/50]-(20/22) Loss: 0.1811, Acc(1): 100.00, Acc(5): 100.00
2023-06-19 16:44:30,900 - AUGCON - INFO - 	Validation Loss: 1.2971, Acc(1): 81.00, Acc(5): 93.00, F1: 0.18, Recall: 0.19, Precision: 0.17
2023-06-19 16:44:30,900 - AUGCON - INFO - Epoch [48/50]-(0/22) Loss: 0.2491, Acc(1): 100.00, Acc(5): 100.00
2023-06-19 16:44:30,900 - AUGCON - INFO - Epoch [48/50]-(5/22) Loss: 0.1230, Acc(1): 100.00, Acc(5): 100.00
2023-06-19 16:44:30,900 - AUGCON - INFO - Epoch [48/50]-(10/22) Loss: 0.1663, Acc(1): 100.00, Acc(5): 100.00
2023-06-19 16:44:30,900 - AUGCON - INFO - Epoch [48/50]-(15/22) Loss: 0.0767, Acc(1): 100.00, Acc(5): 100.00
2023-06-19 16:44:30,900 - AUGCON - INFO - Epoch [48/50]-(20/22) Loss: 0.1849, Acc(1): 100.00, Acc(5): 100.00
2023-06-19 16:44:30,901 - AUGCON - INFO - 	Validation Loss: 1.2923, Acc(1): 83.00, Acc(5): 93.00, F1: 0.18, Recall: 0.19, Precision: 0.18
2023-06-19 16:44:30,901 - AUGCON - INFO - Epoch [49/50]-(0/22) Loss: 0.3267, Acc(1): 75.00, Acc(5): 100.00
2023-06-19 16:44:30,901 - AUGCON - INFO - Epoch [49/50]-(5/22) Loss: 0.0873, Acc(1): 100.00, Acc(5): 100.00
2023-06-19 16:44:30,901 - AUGCON - INFO - Epoch [49/50]-(10/22) Loss: 0.0982, Acc(1): 100.00, Acc(5): 100.00
2023-06-19 16:44:30,901 - AUGCON - INFO - Epoch [49/50]-(15/22) Loss: 0.2368, Acc(1): 100.00, Acc(5): 100.00
2023-06-19 16:44:30,901 - AUGCON - INFO - Epoch [49/50]-(20/22) Loss: 0.4887, Acc(1): 75.00, Acc(5): 100.00
2023-06-19 16:44:30,901 - AUGCON - INFO - 	Validation Loss: 1.3117, Acc(1): 85.00, Acc(5): 93.00, F1: 0.19, Recall: 0.19, Precision: 0.18
2023-06-19 16:44:30,901 - AUGCON - INFO - Epoch [50/50]-(0/22) Loss: 0.7084, Acc(1): 75.00, Acc(5): 100.00
2023-06-19 16:44:30,901 - AUGCON - INFO - Epoch [50/50]-(5/22) Loss: 0.3419, Acc(1): 75.00, Acc(5): 100.00
2023-06-19 16:44:30,901 - AUGCON - INFO - Epoch [50/50]-(10/22) Loss: 0.4004, Acc(1): 75.00, Acc(5): 100.00
2023-06-19 16:44:30,901 - AUGCON - INFO - Epoch [50/50]-(15/22) Loss: 0.4908, Acc(1): 75.00, Acc(5): 100.00
2023-06-19 16:44:30,901 - AUGCON - INFO - Epoch [50/50]-(20/22) Loss: 0.3022, Acc(1): 100.00, Acc(5): 100.00
2023-06-19 16:44:30,902 - AUGCON - INFO - 	Validation Loss: 1.3275, Acc(1): 83.00, Acc(5): 93.00, F1: 0.18, Recall: 0.19, Precision: 0.17
2023-06-19 16:44:30,902 - AUGCON - INFO - 	Validation Loss: 1.4317, Acc(1): 81.67, Acc(5): 93.00, F1: 0.18, Recall: 0.18, Precision: 0.18
