2023-06-19 16:23:53,193 - AUGCON - INFO - logger initialized (/home/hjyoon/projects/augcon/config/exp0/finetune_da_false/without_target_domain_PH0012-thanh/cpc_random_8421/tgt_target_domain_PH0041-hmkim_seed0.yaml.log)
2023-06-19 16:23:53,196 - AUGCON - INFO - ================= Config =================
2023-06-19 16:23:53,196 - AUGCON - INFO -   mode: finetune
2023-06-19 16:23:53,196 - AUGCON - INFO -   seed: 0
2023-06-19 16:23:53,196 - AUGCON - INFO -   gpu: [1]
2023-06-19 16:23:53,196 - AUGCON - INFO -   num_workers: 1
2023-06-19 16:23:53,196 - AUGCON - INFO -   dist_url: tcp://localhost:10001
2023-06-19 16:23:53,196 - AUGCON - INFO -   dataset_name: ichar
2023-06-19 16:23:53,196 - AUGCON - INFO -   train_dataset_path: /mnt/sting/hjyoon/projects/cross/ICHAR/augcon/target_domain_PH0041-hmkim/finetune/10shot/target/train.pkl
2023-06-19 16:23:53,196 - AUGCON - INFO -   test_dataset_path: /mnt/sting/hjyoon/projects/cross/ICHAR/augcon/target_domain_PH0041-hmkim/finetune/10shot/target/test.pkl
2023-06-19 16:23:53,196 - AUGCON - INFO -   val_dataset_path: /mnt/sting/hjyoon/projects/cross/ICHAR/augcon/target_domain_PH0041-hmkim/finetune/10shot/target/val.pkl
2023-06-19 16:23:53,196 - AUGCON - INFO -   input_channels: 3
2023-06-19 16:23:53,196 - AUGCON - INFO -   num_cls: 9
2023-06-19 16:23:53,196 - AUGCON - INFO -   optimizer: adam
2023-06-19 16:23:53,196 - AUGCON - INFO -   criterion: crossentropy
2023-06-19 16:23:53,196 - AUGCON - INFO -   start_epoch: 0
2023-06-19 16:23:53,196 - AUGCON - INFO -   epochs: 50
2023-06-19 16:23:53,196 - AUGCON - INFO -   batch_size: 4
2023-06-19 16:23:53,196 - AUGCON - INFO -   lr: 0.001
2023-06-19 16:23:53,196 - AUGCON - INFO -   wd: 0.0
2023-06-19 16:23:53,196 - AUGCON - INFO -   resume: 
2023-06-19 16:23:53,196 - AUGCON - INFO -   pretrained: /mnt/sting/hjyoon/projects/augcontrast/models/exp0/pretrain/without_target_domain_PH0012-thanh/cpc_random_8421//checkpoint_0099.pth.tar
2023-06-19 16:23:53,197 - AUGCON - INFO -   ckpt_dir: /mnt/sting/hjyoon/projects/augcontrast/models/exp0/finetune_da_false/without_target_domain_PH0012-thanh/cpc_random_8421/tgt_target_domain_PH0041-hmkim_seed0
2023-06-19 16:23:53,197 - AUGCON - INFO -   log_freq: 5
2023-06-19 16:23:53,197 - AUGCON - INFO -   save_freq: 10
2023-06-19 16:23:53,197 - AUGCON - INFO -   pretext: metacpc
2023-06-19 16:23:53,197 - AUGCON - INFO -   enc_blocks: 4
2023-06-19 16:23:53,197 - AUGCON - INFO -   kernel_sizes: [8, 4, 2, 1]
2023-06-19 16:23:53,197 - AUGCON - INFO -   strides: [4, 2, 1, 1]
2023-06-19 16:23:53,197 - AUGCON - INFO -   agg_blocks: 5
2023-06-19 16:23:53,197 - AUGCON - INFO -   z_dim: 256
2023-06-19 16:23:53,197 - AUGCON - INFO -   pooling: mean
2023-06-19 16:23:53,197 - AUGCON - INFO -   pred_steps: 12
2023-06-19 16:23:53,197 - AUGCON - INFO -   n_negatives: 15
2023-06-19 16:23:53,197 - AUGCON - INFO -   offset: 4
2023-06-19 16:23:53,197 - AUGCON - INFO -   domain_adaptation: False
2023-06-19 16:23:53,197 - AUGCON - INFO -   task_steps: 10
2023-06-19 16:23:53,197 - AUGCON - INFO -   task_lr: 0.001
2023-06-19 16:23:53,197 - AUGCON - INFO -   reg_lambda: 0
2023-06-19 16:23:53,197 - AUGCON - INFO -   mlp: False
2023-06-19 16:23:53,197 - AUGCON - INFO -   freeze: True
2023-06-19 16:23:53,197 - AUGCON - INFO -   no_vars: True
2023-06-19 16:23:53,197 - AUGCON - INFO - ==========================================
2023-06-19 16:23:53,197 - AUGCON - INFO - Setting GPUs: [1]
2023-06-19 16:23:53,197 - AUGCON - INFO - GPUs [1] will be used
2023-06-19 16:23:53,198 - AUGCON - WARNING - You have chosen to seed training. 
2023-06-19 16:23:53,198 - AUGCON - WARNING - This will turn on the CUDNN deterministic setting, 
2023-06-19 16:23:53,198 - AUGCON - WARNING - which can slow down your training considerably! 
2023-06-19 16:23:53,198 - AUGCON - WARNING - You may see unexpected behavior when restarting 
2023-06-19 16:23:53,198 - AUGCON - WARNING - from checkpoints.
2023-06-19 16:23:53,228 - AUGCON - INFO - Executing MetaCPC
2023-06-19 16:23:53,228 - AUGCON - INFO - Logs are skipped during training
2023-06-19 16:24:11,511 - AUGCON - INFO - Single GPU is used for training - training 90 instances for each worker
2023-06-19 16:24:11,512 - AUGCON - INFO - Loading pretrained model from checkpoint - /mnt/sting/hjyoon/projects/augcontrast/models/exp0/pretrain/without_target_domain_PH0012-thanh/cpc_random_8421//checkpoint_0099.pth.tar
2023-06-19 16:24:11,512 - AUGCON - INFO - Missing keys: ['predictor.vars.0', 'predictor.vars.1']
2023-06-19 16:24:11,512 - AUGCON - INFO - Loading encoder parameters to the classifier
2023-06-19 16:24:11,512 - AUGCON - INFO - Missing keys: ['classifier.block.0.weight', 'classifier.block.0.bias']
2023-06-19 16:24:11,512 - AUGCON - INFO - Epoch [1/50]-(0/22) Loss: 2.4663, Acc(1): 0.00, Acc(5): 50.00
2023-06-19 16:24:11,513 - AUGCON - INFO - Epoch [1/50]-(5/22) Loss: 2.2240, Acc(1): 0.00, Acc(5): 75.00
2023-06-19 16:24:11,513 - AUGCON - INFO - Epoch [1/50]-(10/22) Loss: 2.3685, Acc(1): 0.00, Acc(5): 50.00
2023-06-19 16:24:11,513 - AUGCON - INFO - Epoch [1/50]-(15/22) Loss: 2.3109, Acc(1): 25.00, Acc(5): 50.00
2023-06-19 16:24:11,513 - AUGCON - INFO - Epoch [1/50]-(20/22) Loss: 2.3846, Acc(1): 0.00, Acc(5): 25.00
2023-06-19 16:24:11,513 - AUGCON - INFO - 	Validation Loss: 1.9294, Acc(1): 29.00, Acc(5): 94.00, F1: 0.06, Recall: 0.08, Precision: 0.05
2023-06-19 16:24:11,513 - AUGCON - INFO - Epoch [2/50]-(0/22) Loss: 2.2146, Acc(1): 25.00, Acc(5): 75.00
2023-06-19 16:24:11,513 - AUGCON - INFO - Epoch [2/50]-(5/22) Loss: 1.8701, Acc(1): 50.00, Acc(5): 100.00
2023-06-19 16:24:11,513 - AUGCON - INFO - Epoch [2/50]-(10/22) Loss: 2.3118, Acc(1): 0.00, Acc(5): 50.00
2023-06-19 16:24:11,513 - AUGCON - INFO - Epoch [2/50]-(15/22) Loss: 1.8452, Acc(1): 75.00, Acc(5): 75.00
2023-06-19 16:24:11,513 - AUGCON - INFO - Epoch [2/50]-(20/22) Loss: 1.8642, Acc(1): 25.00, Acc(5): 75.00
2023-06-19 16:24:11,513 - AUGCON - INFO - 	Validation Loss: 1.7542, Acc(1): 51.00, Acc(5): 85.00, F1: 0.13, Recall: 0.14, Precision: 0.12
2023-06-19 16:24:11,514 - AUGCON - INFO - Epoch [3/50]-(0/22) Loss: 1.3797, Acc(1): 100.00, Acc(5): 100.00
2023-06-19 16:24:11,514 - AUGCON - INFO - Epoch [3/50]-(5/22) Loss: 1.8183, Acc(1): 25.00, Acc(5): 75.00
2023-06-19 16:24:11,514 - AUGCON - INFO - Epoch [3/50]-(10/22) Loss: 1.7834, Acc(1): 25.00, Acc(5): 75.00
2023-06-19 16:24:11,514 - AUGCON - INFO - Epoch [3/50]-(15/22) Loss: 2.2299, Acc(1): 0.00, Acc(5): 75.00
2023-06-19 16:24:11,514 - AUGCON - INFO - Epoch [3/50]-(20/22) Loss: 1.6267, Acc(1): 50.00, Acc(5): 100.00
2023-06-19 16:24:11,514 - AUGCON - INFO - 	Validation Loss: 1.6196, Acc(1): 55.00, Acc(5): 91.00, F1: 0.14, Recall: 0.15, Precision: 0.13
2023-06-19 16:24:11,514 - AUGCON - INFO - Epoch [4/50]-(0/22) Loss: 1.4201, Acc(1): 75.00, Acc(5): 100.00
2023-06-19 16:24:11,514 - AUGCON - INFO - Epoch [4/50]-(5/22) Loss: 1.8585, Acc(1): 0.00, Acc(5): 100.00
2023-06-19 16:24:11,514 - AUGCON - INFO - Epoch [4/50]-(10/22) Loss: 1.4410, Acc(1): 50.00, Acc(5): 100.00
2023-06-19 16:24:11,514 - AUGCON - INFO - Epoch [4/50]-(15/22) Loss: 1.6352, Acc(1): 50.00, Acc(5): 100.00
2023-06-19 16:24:11,515 - AUGCON - INFO - Epoch [4/50]-(20/22) Loss: 1.5358, Acc(1): 50.00, Acc(5): 100.00
2023-06-19 16:24:11,515 - AUGCON - INFO - 	Validation Loss: 1.5096, Acc(1): 52.00, Acc(5): 92.00, F1: 0.14, Recall: 0.13, Precision: 0.16
2023-06-19 16:24:11,515 - AUGCON - INFO - Epoch [5/50]-(0/22) Loss: 1.4785, Acc(1): 75.00, Acc(5): 100.00
2023-06-19 16:24:11,515 - AUGCON - INFO - Epoch [5/50]-(5/22) Loss: 1.5931, Acc(1): 75.00, Acc(5): 75.00
2023-06-19 16:24:11,515 - AUGCON - INFO - Epoch [5/50]-(10/22) Loss: 1.0787, Acc(1): 100.00, Acc(5): 100.00
2023-06-19 16:24:11,515 - AUGCON - INFO - Epoch [5/50]-(15/22) Loss: 1.5535, Acc(1): 50.00, Acc(5): 100.00
2023-06-19 16:24:11,515 - AUGCON - INFO - Epoch [5/50]-(20/22) Loss: 1.2297, Acc(1): 75.00, Acc(5): 100.00
2023-06-19 16:24:11,515 - AUGCON - INFO - 	Validation Loss: 1.3976, Acc(1): 52.00, Acc(5): 100.00, F1: 0.14, Recall: 0.14, Precision: 0.14
2023-06-19 16:24:11,515 - AUGCON - INFO - Epoch [6/50]-(0/22) Loss: 1.2769, Acc(1): 100.00, Acc(5): 100.00
2023-06-19 16:24:11,515 - AUGCON - INFO - Epoch [6/50]-(5/22) Loss: 1.1890, Acc(1): 75.00, Acc(5): 100.00
2023-06-19 16:24:11,515 - AUGCON - INFO - Epoch [6/50]-(10/22) Loss: 1.4758, Acc(1): 75.00, Acc(5): 100.00
2023-06-19 16:24:11,515 - AUGCON - INFO - Epoch [6/50]-(15/22) Loss: 1.0002, Acc(1): 75.00, Acc(5): 100.00
2023-06-19 16:24:11,516 - AUGCON - INFO - Epoch [6/50]-(20/22) Loss: 1.6958, Acc(1): 0.00, Acc(5): 100.00
2023-06-19 16:24:11,516 - AUGCON - INFO - 	Validation Loss: 1.3672, Acc(1): 52.00, Acc(5): 96.00, F1: 0.15, Recall: 0.13, Precision: 0.17
2023-06-19 16:24:11,516 - AUGCON - INFO - Epoch [7/50]-(0/22) Loss: 1.1650, Acc(1): 75.00, Acc(5): 100.00
2023-06-19 16:24:11,516 - AUGCON - INFO - Epoch [7/50]-(5/22) Loss: 1.6199, Acc(1): 50.00, Acc(5): 75.00
2023-06-19 16:24:11,516 - AUGCON - INFO - Epoch [7/50]-(10/22) Loss: 1.3999, Acc(1): 50.00, Acc(5): 100.00
2023-06-19 16:24:11,516 - AUGCON - INFO - Epoch [7/50]-(15/22) Loss: 1.3835, Acc(1): 50.00, Acc(5): 75.00
2023-06-19 16:24:11,516 - AUGCON - INFO - Epoch [7/50]-(20/22) Loss: 0.9966, Acc(1): 75.00, Acc(5): 100.00
2023-06-19 16:24:11,516 - AUGCON - INFO - 	Validation Loss: 1.2881, Acc(1): 61.00, Acc(5): 95.00, F1: 0.15, Recall: 0.15, Precision: 0.16
2023-06-19 16:24:11,516 - AUGCON - INFO - Epoch [8/50]-(0/22) Loss: 1.3141, Acc(1): 75.00, Acc(5): 100.00
2023-06-19 16:24:11,516 - AUGCON - INFO - Epoch [8/50]-(5/22) Loss: 0.9352, Acc(1): 75.00, Acc(5): 100.00
2023-06-19 16:24:11,516 - AUGCON - INFO - Epoch [8/50]-(10/22) Loss: 1.6343, Acc(1): 50.00, Acc(5): 100.00
2023-06-19 16:24:11,517 - AUGCON - INFO - Epoch [8/50]-(15/22) Loss: 0.7640, Acc(1): 75.00, Acc(5): 100.00
2023-06-19 16:24:11,517 - AUGCON - INFO - Epoch [8/50]-(20/22) Loss: 2.1402, Acc(1): 0.00, Acc(5): 75.00
2023-06-19 16:24:11,517 - AUGCON - INFO - 	Validation Loss: 1.2443, Acc(1): 60.00, Acc(5): 95.00, F1: 0.15, Recall: 0.14, Precision: 0.17
2023-06-19 16:24:11,517 - AUGCON - INFO - Epoch [9/50]-(0/22) Loss: 1.2232, Acc(1): 50.00, Acc(5): 100.00
2023-06-19 16:24:11,517 - AUGCON - INFO - Epoch [9/50]-(5/22) Loss: 0.7786, Acc(1): 100.00, Acc(5): 100.00
2023-06-19 16:24:11,517 - AUGCON - INFO - Epoch [9/50]-(10/22) Loss: 0.8315, Acc(1): 75.00, Acc(5): 100.00
2023-06-19 16:24:11,517 - AUGCON - INFO - Epoch [9/50]-(15/22) Loss: 1.5836, Acc(1): 25.00, Acc(5): 100.00
2023-06-19 16:24:11,517 - AUGCON - INFO - Epoch [9/50]-(20/22) Loss: 1.3994, Acc(1): 50.00, Acc(5): 100.00
2023-06-19 16:24:11,517 - AUGCON - INFO - 	Validation Loss: 1.2192, Acc(1): 57.00, Acc(5): 96.00, F1: 0.14, Recall: 0.14, Precision: 0.15
2023-06-19 16:24:11,517 - AUGCON - INFO - Epoch [10/50]-(0/22) Loss: 1.1371, Acc(1): 75.00, Acc(5): 100.00
2023-06-19 16:24:11,517 - AUGCON - INFO - Epoch [10/50]-(5/22) Loss: 0.9319, Acc(1): 100.00, Acc(5): 100.00
2023-06-19 16:24:11,518 - AUGCON - INFO - Epoch [10/50]-(10/22) Loss: 1.2789, Acc(1): 25.00, Acc(5): 100.00
2023-06-19 16:24:11,518 - AUGCON - INFO - Epoch [10/50]-(15/22) Loss: 0.6366, Acc(1): 100.00, Acc(5): 100.00
2023-06-19 16:24:11,518 - AUGCON - INFO - Epoch [10/50]-(20/22) Loss: 1.3571, Acc(1): 50.00, Acc(5): 100.00
2023-06-19 16:24:11,518 - AUGCON - INFO - 	Validation Loss: 1.1870, Acc(1): 57.00, Acc(5): 95.00, F1: 0.15, Recall: 0.15, Precision: 0.15
2023-06-19 16:24:11,518 - AUGCON - INFO - Epoch [11/50]-(0/22) Loss: 1.2239, Acc(1): 50.00, Acc(5): 100.00
2023-06-19 16:24:11,518 - AUGCON - INFO - Epoch [11/50]-(5/22) Loss: 1.3442, Acc(1): 25.00, Acc(5): 100.00
2023-06-19 16:24:11,518 - AUGCON - INFO - Epoch [11/50]-(10/22) Loss: 1.5636, Acc(1): 75.00, Acc(5): 100.00
2023-06-19 16:24:11,518 - AUGCON - INFO - Epoch [11/50]-(15/22) Loss: 1.0782, Acc(1): 75.00, Acc(5): 100.00
2023-06-19 16:24:11,518 - AUGCON - INFO - Epoch [11/50]-(20/22) Loss: 0.9977, Acc(1): 75.00, Acc(5): 100.00
2023-06-19 16:24:11,518 - AUGCON - INFO - 	Validation Loss: 1.1276, Acc(1): 60.00, Acc(5): 97.00, F1: 0.15, Recall: 0.14, Precision: 0.16
2023-06-19 16:24:11,518 - AUGCON - INFO - Epoch [12/50]-(0/22) Loss: 0.9712, Acc(1): 75.00, Acc(5): 100.00
2023-06-19 16:24:11,519 - AUGCON - INFO - Epoch [12/50]-(5/22) Loss: 1.2767, Acc(1): 50.00, Acc(5): 100.00
2023-06-19 16:24:11,519 - AUGCON - INFO - Epoch [12/50]-(10/22) Loss: 0.8965, Acc(1): 100.00, Acc(5): 100.00
2023-06-19 16:24:11,519 - AUGCON - INFO - Epoch [12/50]-(15/22) Loss: 1.3408, Acc(1): 50.00, Acc(5): 100.00
2023-06-19 16:24:11,519 - AUGCON - INFO - Epoch [12/50]-(20/22) Loss: 0.8211, Acc(1): 75.00, Acc(5): 100.00
2023-06-19 16:24:11,519 - AUGCON - INFO - 	Validation Loss: 1.1416, Acc(1): 55.00, Acc(5): 97.00, F1: 0.15, Recall: 0.15, Precision: 0.15
2023-06-19 16:24:11,519 - AUGCON - INFO - Epoch [13/50]-(0/22) Loss: 1.4287, Acc(1): 50.00, Acc(5): 100.00
2023-06-19 16:24:11,519 - AUGCON - INFO - Epoch [13/50]-(5/22) Loss: 0.6303, Acc(1): 75.00, Acc(5): 100.00
2023-06-19 16:24:11,519 - AUGCON - INFO - Epoch [13/50]-(10/22) Loss: 1.4152, Acc(1): 50.00, Acc(5): 100.00
2023-06-19 16:24:11,519 - AUGCON - INFO - Epoch [13/50]-(15/22) Loss: 1.5349, Acc(1): 25.00, Acc(5): 100.00
2023-06-19 16:24:11,519 - AUGCON - INFO - Epoch [13/50]-(20/22) Loss: 1.3269, Acc(1): 50.00, Acc(5): 100.00
2023-06-19 16:24:11,519 - AUGCON - INFO - 	Validation Loss: 1.1052, Acc(1): 61.00, Acc(5): 96.00, F1: 0.15, Recall: 0.15, Precision: 0.15
2023-06-19 16:24:11,519 - AUGCON - INFO - Epoch [14/50]-(0/22) Loss: 0.6151, Acc(1): 75.00, Acc(5): 100.00
2023-06-19 16:24:11,520 - AUGCON - INFO - Epoch [14/50]-(5/22) Loss: 1.4823, Acc(1): 50.00, Acc(5): 100.00
2023-06-19 16:24:11,520 - AUGCON - INFO - Epoch [14/50]-(10/22) Loss: 0.7766, Acc(1): 100.00, Acc(5): 100.00
2023-06-19 16:24:11,520 - AUGCON - INFO - Epoch [14/50]-(15/22) Loss: 1.4145, Acc(1): 50.00, Acc(5): 100.00
2023-06-19 16:24:11,520 - AUGCON - INFO - Epoch [14/50]-(20/22) Loss: 1.1341, Acc(1): 50.00, Acc(5): 100.00
2023-06-19 16:24:11,520 - AUGCON - INFO - 	Validation Loss: 1.1159, Acc(1): 61.00, Acc(5): 98.00, F1: 0.16, Recall: 0.16, Precision: 0.15
2023-06-19 16:24:11,520 - AUGCON - INFO - Epoch [15/50]-(0/22) Loss: 0.8803, Acc(1): 75.00, Acc(5): 100.00
2023-06-19 16:24:11,520 - AUGCON - INFO - Epoch [15/50]-(5/22) Loss: 1.1693, Acc(1): 50.00, Acc(5): 100.00
2023-06-19 16:24:11,520 - AUGCON - INFO - Epoch [15/50]-(10/22) Loss: 0.5240, Acc(1): 100.00, Acc(5): 100.00
2023-06-19 16:24:11,520 - AUGCON - INFO - Epoch [15/50]-(15/22) Loss: 1.3903, Acc(1): 50.00, Acc(5): 75.00
2023-06-19 16:24:11,520 - AUGCON - INFO - Epoch [15/50]-(20/22) Loss: 1.1281, Acc(1): 75.00, Acc(5): 100.00
2023-06-19 16:24:11,521 - AUGCON - INFO - 	Validation Loss: 1.0252, Acc(1): 67.00, Acc(5): 98.00, F1: 0.16, Recall: 0.16, Precision: 0.17
2023-06-19 16:24:11,521 - AUGCON - INFO - Epoch [16/50]-(0/22) Loss: 1.0064, Acc(1): 75.00, Acc(5): 100.00
2023-06-19 16:24:11,521 - AUGCON - INFO - Epoch [16/50]-(5/22) Loss: 0.9440, Acc(1): 75.00, Acc(5): 100.00
2023-06-19 16:24:11,521 - AUGCON - INFO - Epoch [16/50]-(10/22) Loss: 1.1290, Acc(1): 50.00, Acc(5): 100.00
2023-06-19 16:24:11,521 - AUGCON - INFO - Epoch [16/50]-(15/22) Loss: 1.7579, Acc(1): 0.00, Acc(5): 100.00
2023-06-19 16:24:11,521 - AUGCON - INFO - Epoch [16/50]-(20/22) Loss: 1.1625, Acc(1): 100.00, Acc(5): 100.00
2023-06-19 16:24:11,521 - AUGCON - INFO - 	Validation Loss: 1.0780, Acc(1): 58.00, Acc(5): 99.00, F1: 0.15, Recall: 0.15, Precision: 0.16
2023-06-19 16:24:11,521 - AUGCON - INFO - Epoch [17/50]-(0/22) Loss: 0.6926, Acc(1): 75.00, Acc(5): 100.00
2023-06-19 16:24:11,521 - AUGCON - INFO - Epoch [17/50]-(5/22) Loss: 1.1104, Acc(1): 50.00, Acc(5): 100.00
2023-06-19 16:24:11,521 - AUGCON - INFO - Epoch [17/50]-(10/22) Loss: 1.2808, Acc(1): 75.00, Acc(5): 100.00
2023-06-19 16:24:11,521 - AUGCON - INFO - Epoch [17/50]-(15/22) Loss: 0.7609, Acc(1): 75.00, Acc(5): 100.00
2023-06-19 16:24:11,522 - AUGCON - INFO - Epoch [17/50]-(20/22) Loss: 1.5713, Acc(1): 25.00, Acc(5): 100.00
2023-06-19 16:24:11,522 - AUGCON - INFO - 	Validation Loss: 1.0473, Acc(1): 64.00, Acc(5): 97.00, F1: 0.16, Recall: 0.16, Precision: 0.16
2023-06-19 16:24:11,522 - AUGCON - INFO - Epoch [18/50]-(0/22) Loss: 1.4724, Acc(1): 25.00, Acc(5): 100.00
2023-06-19 16:24:11,522 - AUGCON - INFO - Epoch [18/50]-(5/22) Loss: 0.7933, Acc(1): 100.00, Acc(5): 100.00
2023-06-19 16:24:11,522 - AUGCON - INFO - Epoch [18/50]-(10/22) Loss: 0.9613, Acc(1): 75.00, Acc(5): 100.00
2023-06-19 16:24:11,522 - AUGCON - INFO - Epoch [18/50]-(15/22) Loss: 1.3244, Acc(1): 50.00, Acc(5): 100.00
2023-06-19 16:24:11,522 - AUGCON - INFO - Epoch [18/50]-(20/22) Loss: 0.7607, Acc(1): 50.00, Acc(5): 100.00
2023-06-19 16:24:11,522 - AUGCON - INFO - 	Validation Loss: 1.0289, Acc(1): 65.00, Acc(5): 99.00, F1: 0.16, Recall: 0.16, Precision: 0.16
2023-06-19 16:24:11,522 - AUGCON - INFO - Epoch [19/50]-(0/22) Loss: 0.6273, Acc(1): 50.00, Acc(5): 100.00
2023-06-19 16:24:11,522 - AUGCON - INFO - Epoch [19/50]-(5/22) Loss: 0.9221, Acc(1): 75.00, Acc(5): 100.00
2023-06-19 16:24:11,522 - AUGCON - INFO - Epoch [19/50]-(10/22) Loss: 0.5537, Acc(1): 100.00, Acc(5): 100.00
2023-06-19 16:24:11,522 - AUGCON - INFO - Epoch [19/50]-(15/22) Loss: 0.7867, Acc(1): 50.00, Acc(5): 100.00
2023-06-19 16:24:11,523 - AUGCON - INFO - Epoch [19/50]-(20/22) Loss: 1.5509, Acc(1): 25.00, Acc(5): 100.00
2023-06-19 16:24:11,523 - AUGCON - INFO - 	Validation Loss: 1.0577, Acc(1): 63.00, Acc(5): 99.00, F1: 0.16, Recall: 0.16, Precision: 0.15
2023-06-19 16:24:11,523 - AUGCON - INFO - Epoch [20/50]-(0/22) Loss: 0.5770, Acc(1): 100.00, Acc(5): 100.00
2023-06-19 16:24:11,523 - AUGCON - INFO - Epoch [20/50]-(5/22) Loss: 0.6477, Acc(1): 75.00, Acc(5): 100.00
2023-06-19 16:24:11,523 - AUGCON - INFO - Epoch [20/50]-(10/22) Loss: 0.8251, Acc(1): 75.00, Acc(5): 100.00
2023-06-19 16:24:11,523 - AUGCON - INFO - Epoch [20/50]-(15/22) Loss: 0.9904, Acc(1): 50.00, Acc(5): 100.00
2023-06-19 16:24:11,523 - AUGCON - INFO - Epoch [20/50]-(20/22) Loss: 0.7170, Acc(1): 100.00, Acc(5): 100.00
2023-06-19 16:24:11,523 - AUGCON - INFO - 	Validation Loss: 0.9899, Acc(1): 64.00, Acc(5): 98.00, F1: 0.16, Recall: 0.15, Precision: 0.17
2023-06-19 16:24:11,523 - AUGCON - INFO - Epoch [21/50]-(0/22) Loss: 0.7907, Acc(1): 75.00, Acc(5): 100.00
2023-06-19 16:24:11,523 - AUGCON - INFO - Epoch [21/50]-(5/22) Loss: 1.4941, Acc(1): 25.00, Acc(5): 100.00
2023-06-19 16:24:11,523 - AUGCON - INFO - Epoch [21/50]-(10/22) Loss: 1.1146, Acc(1): 50.00, Acc(5): 100.00
2023-06-19 16:24:11,523 - AUGCON - INFO - Epoch [21/50]-(15/22) Loss: 1.1256, Acc(1): 50.00, Acc(5): 100.00
2023-06-19 16:24:11,524 - AUGCON - INFO - Epoch [21/50]-(20/22) Loss: 1.0403, Acc(1): 75.00, Acc(5): 100.00
2023-06-19 16:24:11,524 - AUGCON - INFO - 	Validation Loss: 1.0109, Acc(1): 62.00, Acc(5): 98.00, F1: 0.16, Recall: 0.16, Precision: 0.16
2023-06-19 16:24:11,524 - AUGCON - INFO - Epoch [22/50]-(0/22) Loss: 0.4450, Acc(1): 100.00, Acc(5): 100.00
2023-06-19 16:24:11,524 - AUGCON - INFO - Epoch [22/50]-(5/22) Loss: 0.6802, Acc(1): 100.00, Acc(5): 100.00
2023-06-19 16:24:11,524 - AUGCON - INFO - Epoch [22/50]-(10/22) Loss: 0.9570, Acc(1): 75.00, Acc(5): 100.00
2023-06-19 16:24:11,524 - AUGCON - INFO - Epoch [22/50]-(15/22) Loss: 0.9450, Acc(1): 50.00, Acc(5): 100.00
2023-06-19 16:24:11,524 - AUGCON - INFO - Epoch [22/50]-(20/22) Loss: 1.1574, Acc(1): 75.00, Acc(5): 100.00
2023-06-19 16:24:11,524 - AUGCON - INFO - 	Validation Loss: 1.0105, Acc(1): 62.00, Acc(5): 98.00, F1: 0.16, Recall: 0.16, Precision: 0.15
2023-06-19 16:24:11,524 - AUGCON - INFO - Epoch [23/50]-(0/22) Loss: 0.8283, Acc(1): 75.00, Acc(5): 100.00
2023-06-19 16:24:11,524 - AUGCON - INFO - Epoch [23/50]-(5/22) Loss: 0.9520, Acc(1): 50.00, Acc(5): 100.00
2023-06-19 16:24:11,524 - AUGCON - INFO - Epoch [23/50]-(10/22) Loss: 1.4699, Acc(1): 25.00, Acc(5): 100.00
2023-06-19 16:24:11,525 - AUGCON - INFO - Epoch [23/50]-(15/22) Loss: 0.8566, Acc(1): 75.00, Acc(5): 100.00
2023-06-19 16:24:11,525 - AUGCON - INFO - Epoch [23/50]-(20/22) Loss: 0.9089, Acc(1): 75.00, Acc(5): 100.00
2023-06-19 16:24:11,525 - AUGCON - INFO - 	Validation Loss: 0.9681, Acc(1): 66.00, Acc(5): 99.00, F1: 0.17, Recall: 0.17, Precision: 0.16
2023-06-19 16:24:11,525 - AUGCON - INFO - Epoch [24/50]-(0/22) Loss: 0.6784, Acc(1): 75.00, Acc(5): 100.00
2023-06-19 16:24:11,525 - AUGCON - INFO - Epoch [24/50]-(5/22) Loss: 1.3853, Acc(1): 50.00, Acc(5): 100.00
2023-06-19 16:24:11,525 - AUGCON - INFO - Epoch [24/50]-(10/22) Loss: 0.7095, Acc(1): 75.00, Acc(5): 100.00
2023-06-19 16:24:11,525 - AUGCON - INFO - Epoch [24/50]-(15/22) Loss: 1.3126, Acc(1): 50.00, Acc(5): 100.00
2023-06-19 16:24:11,525 - AUGCON - INFO - Epoch [24/50]-(20/22) Loss: 1.1951, Acc(1): 75.00, Acc(5): 100.00
2023-06-19 16:24:11,525 - AUGCON - INFO - 	Validation Loss: 0.9761, Acc(1): 61.00, Acc(5): 99.00, F1: 0.15, Recall: 0.16, Precision: 0.15
2023-06-19 16:24:11,525 - AUGCON - INFO - Epoch [25/50]-(0/22) Loss: 0.8783, Acc(1): 75.00, Acc(5): 100.00
2023-06-19 16:24:11,525 - AUGCON - INFO - Epoch [25/50]-(5/22) Loss: 0.6127, Acc(1): 75.00, Acc(5): 100.00
2023-06-19 16:24:11,525 - AUGCON - INFO - Epoch [25/50]-(10/22) Loss: 0.7235, Acc(1): 75.00, Acc(5): 100.00
2023-06-19 16:24:11,526 - AUGCON - INFO - Epoch [25/50]-(15/22) Loss: 1.1855, Acc(1): 75.00, Acc(5): 100.00
2023-06-19 16:24:11,526 - AUGCON - INFO - Epoch [25/50]-(20/22) Loss: 0.5824, Acc(1): 75.00, Acc(5): 100.00
2023-06-19 16:24:11,526 - AUGCON - INFO - 	Validation Loss: 0.9578, Acc(1): 62.00, Acc(5): 98.00, F1: 0.15, Recall: 0.16, Precision: 0.15
2023-06-19 16:24:11,526 - AUGCON - INFO - Epoch [26/50]-(0/22) Loss: 1.1870, Acc(1): 25.00, Acc(5): 100.00
2023-06-19 16:24:11,526 - AUGCON - INFO - Epoch [26/50]-(5/22) Loss: 1.6895, Acc(1): 25.00, Acc(5): 100.00
2023-06-19 16:24:11,526 - AUGCON - INFO - Epoch [26/50]-(10/22) Loss: 0.6236, Acc(1): 100.00, Acc(5): 100.00
2023-06-19 16:24:11,526 - AUGCON - INFO - Epoch [26/50]-(15/22) Loss: 0.6841, Acc(1): 100.00, Acc(5): 100.00
2023-06-19 16:24:11,526 - AUGCON - INFO - Epoch [26/50]-(20/22) Loss: 0.9744, Acc(1): 50.00, Acc(5): 100.00
2023-06-19 16:24:11,526 - AUGCON - INFO - 	Validation Loss: 0.9595, Acc(1): 61.00, Acc(5): 99.00, F1: 0.15, Recall: 0.16, Precision: 0.15
2023-06-19 16:24:11,526 - AUGCON - INFO - Epoch [27/50]-(0/22) Loss: 1.0299, Acc(1): 75.00, Acc(5): 100.00
2023-06-19 16:24:11,526 - AUGCON - INFO - Epoch [27/50]-(5/22) Loss: 1.5862, Acc(1): 25.00, Acc(5): 100.00
2023-06-19 16:24:11,527 - AUGCON - INFO - Epoch [27/50]-(10/22) Loss: 0.4585, Acc(1): 100.00, Acc(5): 100.00
2023-06-19 16:24:11,527 - AUGCON - INFO - Epoch [27/50]-(15/22) Loss: 1.3926, Acc(1): 25.00, Acc(5): 100.00
2023-06-19 16:24:11,527 - AUGCON - INFO - Epoch [27/50]-(20/22) Loss: 0.8044, Acc(1): 75.00, Acc(5): 100.00
2023-06-19 16:24:11,527 - AUGCON - INFO - 	Validation Loss: 0.9739, Acc(1): 60.00, Acc(5): 99.00, F1: 0.15, Recall: 0.15, Precision: 0.15
2023-06-19 16:24:11,527 - AUGCON - INFO - Epoch [28/50]-(0/22) Loss: 0.5330, Acc(1): 100.00, Acc(5): 100.00
2023-06-19 16:24:11,527 - AUGCON - INFO - Epoch [28/50]-(5/22) Loss: 0.8505, Acc(1): 75.00, Acc(5): 100.00
2023-06-19 16:24:11,527 - AUGCON - INFO - Epoch [28/50]-(10/22) Loss: 0.8014, Acc(1): 50.00, Acc(5): 100.00
2023-06-19 16:24:11,527 - AUGCON - INFO - Epoch [28/50]-(15/22) Loss: 0.7978, Acc(1): 75.00, Acc(5): 100.00
2023-06-19 16:24:11,527 - AUGCON - INFO - Epoch [28/50]-(20/22) Loss: 1.3692, Acc(1): 50.00, Acc(5): 100.00
2023-06-19 16:24:11,527 - AUGCON - INFO - 	Validation Loss: 0.9093, Acc(1): 65.00, Acc(5): 100.00, F1: 0.16, Recall: 0.17, Precision: 0.16
2023-06-19 16:24:11,527 - AUGCON - INFO - Epoch [29/50]-(0/22) Loss: 0.9857, Acc(1): 75.00, Acc(5): 100.00
2023-06-19 16:24:11,527 - AUGCON - INFO - Epoch [29/50]-(5/22) Loss: 0.9411, Acc(1): 75.00, Acc(5): 100.00
2023-06-19 16:24:11,528 - AUGCON - INFO - Epoch [29/50]-(10/22) Loss: 0.9478, Acc(1): 75.00, Acc(5): 100.00
2023-06-19 16:24:11,528 - AUGCON - INFO - Epoch [29/50]-(15/22) Loss: 1.8010, Acc(1): 25.00, Acc(5): 100.00
2023-06-19 16:24:11,528 - AUGCON - INFO - Epoch [29/50]-(20/22) Loss: 0.9728, Acc(1): 75.00, Acc(5): 100.00
2023-06-19 16:24:11,528 - AUGCON - INFO - 	Validation Loss: 0.9510, Acc(1): 66.00, Acc(5): 99.00, F1: 0.16, Recall: 0.16, Precision: 0.16
2023-06-19 16:24:11,528 - AUGCON - INFO - Epoch [30/50]-(0/22) Loss: 0.6123, Acc(1): 100.00, Acc(5): 100.00
2023-06-19 16:24:11,528 - AUGCON - INFO - Epoch [30/50]-(5/22) Loss: 1.0345, Acc(1): 50.00, Acc(5): 100.00
2023-06-19 16:24:11,528 - AUGCON - INFO - Epoch [30/50]-(10/22) Loss: 0.3369, Acc(1): 100.00, Acc(5): 100.00
2023-06-19 16:24:11,528 - AUGCON - INFO - Epoch [30/50]-(15/22) Loss: 0.7265, Acc(1): 100.00, Acc(5): 100.00
2023-06-19 16:24:11,528 - AUGCON - INFO - Epoch [30/50]-(20/22) Loss: 1.0151, Acc(1): 50.00, Acc(5): 100.00
2023-06-19 16:24:11,528 - AUGCON - INFO - 	Validation Loss: 0.9353, Acc(1): 64.00, Acc(5): 100.00, F1: 0.16, Recall: 0.16, Precision: 0.16
2023-06-19 16:24:11,528 - AUGCON - INFO - Epoch [31/50]-(0/22) Loss: 0.7322, Acc(1): 75.00, Acc(5): 100.00
2023-06-19 16:24:11,529 - AUGCON - INFO - Epoch [31/50]-(5/22) Loss: 0.7302, Acc(1): 100.00, Acc(5): 100.00
2023-06-19 16:24:11,529 - AUGCON - INFO - Epoch [31/50]-(10/22) Loss: 1.0385, Acc(1): 50.00, Acc(5): 100.00
2023-06-19 16:24:11,529 - AUGCON - INFO - Epoch [31/50]-(15/22) Loss: 1.2027, Acc(1): 25.00, Acc(5): 100.00
2023-06-19 16:24:11,529 - AUGCON - INFO - Epoch [31/50]-(20/22) Loss: 0.4647, Acc(1): 100.00, Acc(5): 100.00
2023-06-19 16:24:11,529 - AUGCON - INFO - 	Validation Loss: 0.9149, Acc(1): 64.00, Acc(5): 100.00, F1: 0.16, Recall: 0.17, Precision: 0.15
2023-06-19 16:24:11,529 - AUGCON - INFO - Epoch [32/50]-(0/22) Loss: 0.7600, Acc(1): 100.00, Acc(5): 100.00
2023-06-19 16:24:11,529 - AUGCON - INFO - Epoch [32/50]-(5/22) Loss: 0.4519, Acc(1): 100.00, Acc(5): 100.00
2023-06-19 16:24:11,529 - AUGCON - INFO - Epoch [32/50]-(10/22) Loss: 1.0264, Acc(1): 50.00, Acc(5): 100.00
2023-06-19 16:24:11,529 - AUGCON - INFO - Epoch [32/50]-(15/22) Loss: 1.1871, Acc(1): 25.00, Acc(5): 100.00
2023-06-19 16:24:11,529 - AUGCON - INFO - Epoch [32/50]-(20/22) Loss: 0.5807, Acc(1): 100.00, Acc(5): 100.00
2023-06-19 16:24:11,529 - AUGCON - INFO - 	Validation Loss: 0.9350, Acc(1): 61.00, Acc(5): 99.00, F1: 0.15, Recall: 0.16, Precision: 0.14
2023-06-19 16:24:11,529 - AUGCON - INFO - Epoch [33/50]-(0/22) Loss: 0.6725, Acc(1): 75.00, Acc(5): 100.00
2023-06-19 16:24:11,530 - AUGCON - INFO - Epoch [33/50]-(5/22) Loss: 1.2996, Acc(1): 25.00, Acc(5): 100.00
2023-06-19 16:24:11,530 - AUGCON - INFO - Epoch [33/50]-(10/22) Loss: 0.6612, Acc(1): 100.00, Acc(5): 100.00
2023-06-19 16:24:11,530 - AUGCON - INFO - Epoch [33/50]-(15/22) Loss: 0.6322, Acc(1): 75.00, Acc(5): 100.00
2023-06-19 16:24:11,530 - AUGCON - INFO - Epoch [33/50]-(20/22) Loss: 0.9338, Acc(1): 100.00, Acc(5): 100.00
2023-06-19 16:24:11,530 - AUGCON - INFO - 	Validation Loss: 0.9555, Acc(1): 60.00, Acc(5): 98.00, F1: 0.15, Recall: 0.16, Precision: 0.15
2023-06-19 16:24:11,530 - AUGCON - INFO - Epoch [34/50]-(0/22) Loss: 0.8982, Acc(1): 75.00, Acc(5): 100.00
2023-06-19 16:24:11,530 - AUGCON - INFO - Epoch [34/50]-(5/22) Loss: 0.9524, Acc(1): 50.00, Acc(5): 100.00
2023-06-19 16:24:11,530 - AUGCON - INFO - Epoch [34/50]-(10/22) Loss: 0.7529, Acc(1): 75.00, Acc(5): 100.00
2023-06-19 16:24:11,530 - AUGCON - INFO - Epoch [34/50]-(15/22) Loss: 0.4474, Acc(1): 100.00, Acc(5): 100.00
2023-06-19 16:24:11,530 - AUGCON - INFO - Epoch [34/50]-(20/22) Loss: 0.9374, Acc(1): 50.00, Acc(5): 100.00
2023-06-19 16:24:11,530 - AUGCON - INFO - 	Validation Loss: 0.8960, Acc(1): 68.00, Acc(5): 100.00, F1: 0.16, Recall: 0.17, Precision: 0.16
2023-06-19 16:24:11,530 - AUGCON - INFO - Epoch [35/50]-(0/22) Loss: 0.6437, Acc(1): 75.00, Acc(5): 100.00
2023-06-19 16:24:11,531 - AUGCON - INFO - Epoch [35/50]-(5/22) Loss: 0.6586, Acc(1): 75.00, Acc(5): 100.00
2023-06-19 16:24:11,531 - AUGCON - INFO - Epoch [35/50]-(10/22) Loss: 1.3428, Acc(1): 75.00, Acc(5): 100.00
2023-06-19 16:24:11,531 - AUGCON - INFO - Epoch [35/50]-(15/22) Loss: 0.7694, Acc(1): 100.00, Acc(5): 100.00
2023-06-19 16:24:11,531 - AUGCON - INFO - Epoch [35/50]-(20/22) Loss: 0.7328, Acc(1): 75.00, Acc(5): 100.00
2023-06-19 16:24:11,531 - AUGCON - INFO - 	Validation Loss: 0.9445, Acc(1): 65.00, Acc(5): 98.00, F1: 0.16, Recall: 0.17, Precision: 0.16
2023-06-19 16:24:11,531 - AUGCON - INFO - Epoch [36/50]-(0/22) Loss: 1.2178, Acc(1): 50.00, Acc(5): 100.00
2023-06-19 16:24:11,531 - AUGCON - INFO - Epoch [36/50]-(5/22) Loss: 0.5753, Acc(1): 100.00, Acc(5): 100.00
2023-06-19 16:24:11,531 - AUGCON - INFO - Epoch [36/50]-(10/22) Loss: 0.7211, Acc(1): 75.00, Acc(5): 100.00
2023-06-19 16:24:11,531 - AUGCON - INFO - Epoch [36/50]-(15/22) Loss: 0.7858, Acc(1): 75.00, Acc(5): 100.00
2023-06-19 16:24:11,531 - AUGCON - INFO - Epoch [36/50]-(20/22) Loss: 0.2508, Acc(1): 100.00, Acc(5): 100.00
2023-06-19 16:24:11,531 - AUGCON - INFO - 	Validation Loss: 0.9054, Acc(1): 68.00, Acc(5): 100.00, F1: 0.17, Recall: 0.17, Precision: 0.16
2023-06-19 16:24:11,532 - AUGCON - INFO - Epoch [37/50]-(0/22) Loss: 0.6608, Acc(1): 75.00, Acc(5): 100.00
2023-06-19 16:24:11,532 - AUGCON - INFO - Epoch [37/50]-(5/22) Loss: 1.1353, Acc(1): 50.00, Acc(5): 100.00
2023-06-19 16:24:11,532 - AUGCON - INFO - Epoch [37/50]-(10/22) Loss: 1.0522, Acc(1): 75.00, Acc(5): 100.00
2023-06-19 16:24:11,532 - AUGCON - INFO - Epoch [37/50]-(15/22) Loss: 0.5372, Acc(1): 75.00, Acc(5): 100.00
2023-06-19 16:24:11,532 - AUGCON - INFO - Epoch [37/50]-(20/22) Loss: 0.5339, Acc(1): 75.00, Acc(5): 100.00
2023-06-19 16:24:11,532 - AUGCON - INFO - 	Validation Loss: 0.9416, Acc(1): 65.00, Acc(5): 99.00, F1: 0.16, Recall: 0.17, Precision: 0.16
2023-06-19 16:24:11,532 - AUGCON - INFO - Epoch [38/50]-(0/22) Loss: 1.2905, Acc(1): 25.00, Acc(5): 100.00
2023-06-19 16:24:11,532 - AUGCON - INFO - Epoch [38/50]-(5/22) Loss: 1.0251, Acc(1): 50.00, Acc(5): 100.00
2023-06-19 16:24:11,532 - AUGCON - INFO - Epoch [38/50]-(10/22) Loss: 0.7683, Acc(1): 75.00, Acc(5): 100.00
2023-06-19 16:24:11,532 - AUGCON - INFO - Epoch [38/50]-(15/22) Loss: 0.9389, Acc(1): 50.00, Acc(5): 100.00
2023-06-19 16:24:11,532 - AUGCON - INFO - Epoch [38/50]-(20/22) Loss: 0.9267, Acc(1): 75.00, Acc(5): 100.00
2023-06-19 16:24:11,532 - AUGCON - INFO - 	Validation Loss: 0.8644, Acc(1): 65.00, Acc(5): 100.00, F1: 0.16, Recall: 0.17, Precision: 0.15
2023-06-19 16:24:11,533 - AUGCON - INFO - Epoch [39/50]-(0/22) Loss: 0.3263, Acc(1): 100.00, Acc(5): 100.00
2023-06-19 16:24:11,533 - AUGCON - INFO - Epoch [39/50]-(5/22) Loss: 1.2927, Acc(1): 25.00, Acc(5): 100.00
2023-06-19 16:24:11,533 - AUGCON - INFO - Epoch [39/50]-(10/22) Loss: 0.9141, Acc(1): 75.00, Acc(5): 100.00
2023-06-19 16:24:11,533 - AUGCON - INFO - Epoch [39/50]-(15/22) Loss: 0.3874, Acc(1): 100.00, Acc(5): 100.00
2023-06-19 16:24:11,533 - AUGCON - INFO - Epoch [39/50]-(20/22) Loss: 0.5993, Acc(1): 75.00, Acc(5): 100.00
2023-06-19 16:24:11,533 - AUGCON - INFO - 	Validation Loss: 0.9404, Acc(1): 65.00, Acc(5): 100.00, F1: 0.16, Recall: 0.17, Precision: 0.15
2023-06-19 16:24:11,533 - AUGCON - INFO - Epoch [40/50]-(0/22) Loss: 0.9516, Acc(1): 75.00, Acc(5): 100.00
2023-06-19 16:24:11,533 - AUGCON - INFO - Epoch [40/50]-(5/22) Loss: 0.4914, Acc(1): 75.00, Acc(5): 100.00
2023-06-19 16:24:11,533 - AUGCON - INFO - Epoch [40/50]-(10/22) Loss: 0.5956, Acc(1): 75.00, Acc(5): 100.00
2023-06-19 16:24:11,533 - AUGCON - INFO - Epoch [40/50]-(15/22) Loss: 0.5680, Acc(1): 75.00, Acc(5): 100.00
2023-06-19 16:24:11,533 - AUGCON - INFO - Epoch [40/50]-(20/22) Loss: 1.2831, Acc(1): 25.00, Acc(5): 100.00
2023-06-19 16:24:11,534 - AUGCON - INFO - 	Validation Loss: 0.8628, Acc(1): 59.00, Acc(5): 99.00, F1: 0.15, Recall: 0.15, Precision: 0.15
2023-06-19 16:24:11,534 - AUGCON - INFO - Epoch [41/50]-(0/22) Loss: 0.9479, Acc(1): 75.00, Acc(5): 100.00
2023-06-19 16:24:11,534 - AUGCON - INFO - Epoch [41/50]-(5/22) Loss: 0.8112, Acc(1): 50.00, Acc(5): 100.00
2023-06-19 16:24:11,534 - AUGCON - INFO - Epoch [41/50]-(10/22) Loss: 0.4316, Acc(1): 100.00, Acc(5): 100.00
2023-06-19 16:24:11,534 - AUGCON - INFO - Epoch [41/50]-(15/22) Loss: 0.6891, Acc(1): 75.00, Acc(5): 100.00
2023-06-19 16:24:11,534 - AUGCON - INFO - Epoch [41/50]-(20/22) Loss: 0.9079, Acc(1): 75.00, Acc(5): 100.00
2023-06-19 16:24:11,534 - AUGCON - INFO - 	Validation Loss: 0.8859, Acc(1): 64.00, Acc(5): 100.00, F1: 0.16, Recall: 0.17, Precision: 0.15
2023-06-19 16:24:11,534 - AUGCON - INFO - Epoch [42/50]-(0/22) Loss: 1.1974, Acc(1): 50.00, Acc(5): 100.00
2023-06-19 16:24:11,534 - AUGCON - INFO - Epoch [42/50]-(5/22) Loss: 1.1565, Acc(1): 25.00, Acc(5): 100.00
2023-06-19 16:24:11,534 - AUGCON - INFO - Epoch [42/50]-(10/22) Loss: 0.6263, Acc(1): 75.00, Acc(5): 100.00
2023-06-19 16:24:11,534 - AUGCON - INFO - Epoch [42/50]-(15/22) Loss: 0.7088, Acc(1): 100.00, Acc(5): 100.00
2023-06-19 16:24:11,534 - AUGCON - INFO - Epoch [42/50]-(20/22) Loss: 0.4949, Acc(1): 75.00, Acc(5): 100.00
2023-06-19 16:24:11,535 - AUGCON - INFO - 	Validation Loss: 0.8722, Acc(1): 66.00, Acc(5): 100.00, F1: 0.16, Recall: 0.17, Precision: 0.16
2023-06-19 16:24:11,535 - AUGCON - INFO - Epoch [43/50]-(0/22) Loss: 0.7069, Acc(1): 100.00, Acc(5): 100.00
2023-06-19 16:24:11,535 - AUGCON - INFO - Epoch [43/50]-(5/22) Loss: 0.9748, Acc(1): 50.00, Acc(5): 100.00
2023-06-19 16:24:11,535 - AUGCON - INFO - Epoch [43/50]-(10/22) Loss: 0.5641, Acc(1): 75.00, Acc(5): 100.00
2023-06-19 16:24:11,535 - AUGCON - INFO - Epoch [43/50]-(15/22) Loss: 0.4217, Acc(1): 100.00, Acc(5): 100.00
2023-06-19 16:24:11,535 - AUGCON - INFO - Epoch [43/50]-(20/22) Loss: 0.7925, Acc(1): 75.00, Acc(5): 100.00
2023-06-19 16:24:11,535 - AUGCON - INFO - 	Validation Loss: 0.8588, Acc(1): 67.00, Acc(5): 100.00, F1: 0.16, Recall: 0.17, Precision: 0.15
2023-06-19 16:24:11,535 - AUGCON - INFO - Epoch [44/50]-(0/22) Loss: 0.5857, Acc(1): 100.00, Acc(5): 100.00
2023-06-19 16:24:11,535 - AUGCON - INFO - Epoch [44/50]-(5/22) Loss: 1.0086, Acc(1): 50.00, Acc(5): 100.00
2023-06-19 16:24:11,535 - AUGCON - INFO - Epoch [44/50]-(10/22) Loss: 1.1735, Acc(1): 50.00, Acc(5): 100.00
2023-06-19 16:24:11,535 - AUGCON - INFO - Epoch [44/50]-(15/22) Loss: 0.5373, Acc(1): 75.00, Acc(5): 100.00
2023-06-19 16:24:11,535 - AUGCON - INFO - Epoch [44/50]-(20/22) Loss: 1.1122, Acc(1): 25.00, Acc(5): 100.00
2023-06-19 16:24:11,536 - AUGCON - INFO - 	Validation Loss: 0.8511, Acc(1): 68.00, Acc(5): 100.00, F1: 0.16, Recall: 0.17, Precision: 0.16
2023-06-19 16:24:11,536 - AUGCON - INFO - Epoch [45/50]-(0/22) Loss: 0.6009, Acc(1): 100.00, Acc(5): 100.00
2023-06-19 16:24:11,536 - AUGCON - INFO - Epoch [45/50]-(5/22) Loss: 1.0476, Acc(1): 50.00, Acc(5): 100.00
2023-06-19 16:24:11,536 - AUGCON - INFO - Epoch [45/50]-(10/22) Loss: 0.5177, Acc(1): 75.00, Acc(5): 100.00
2023-06-19 16:24:11,536 - AUGCON - INFO - Epoch [45/50]-(15/22) Loss: 0.7765, Acc(1): 50.00, Acc(5): 100.00
2023-06-19 16:24:11,536 - AUGCON - INFO - Epoch [45/50]-(20/22) Loss: 0.6503, Acc(1): 100.00, Acc(5): 100.00
2023-06-19 16:24:11,536 - AUGCON - INFO - 	Validation Loss: 0.8968, Acc(1): 67.00, Acc(5): 99.00, F1: 0.16, Recall: 0.17, Precision: 0.16
2023-06-19 16:24:11,536 - AUGCON - INFO - Epoch [46/50]-(0/22) Loss: 0.4744, Acc(1): 75.00, Acc(5): 100.00
2023-06-19 16:24:11,536 - AUGCON - INFO - Epoch [46/50]-(5/22) Loss: 0.5849, Acc(1): 75.00, Acc(5): 100.00
2023-06-19 16:24:11,536 - AUGCON - INFO - Epoch [46/50]-(10/22) Loss: 0.3087, Acc(1): 100.00, Acc(5): 100.00
2023-06-19 16:24:11,536 - AUGCON - INFO - Epoch [46/50]-(15/22) Loss: 1.1159, Acc(1): 50.00, Acc(5): 100.00
2023-06-19 16:24:11,537 - AUGCON - INFO - Epoch [46/50]-(20/22) Loss: 0.6619, Acc(1): 75.00, Acc(5): 100.00
2023-06-19 16:24:11,537 - AUGCON - INFO - 	Validation Loss: 0.8830, Acc(1): 72.00, Acc(5): 99.00, F1: 0.17, Recall: 0.17, Precision: 0.17
2023-06-19 16:24:11,537 - AUGCON - INFO - Epoch [47/50]-(0/22) Loss: 0.3658, Acc(1): 100.00, Acc(5): 100.00
2023-06-19 16:24:11,537 - AUGCON - INFO - Epoch [47/50]-(5/22) Loss: 0.6018, Acc(1): 100.00, Acc(5): 100.00
2023-06-19 16:24:11,537 - AUGCON - INFO - Epoch [47/50]-(10/22) Loss: 0.3514, Acc(1): 100.00, Acc(5): 100.00
2023-06-19 16:24:11,537 - AUGCON - INFO - Epoch [47/50]-(15/22) Loss: 0.8597, Acc(1): 50.00, Acc(5): 100.00
2023-06-19 16:24:11,537 - AUGCON - INFO - Epoch [47/50]-(20/22) Loss: 0.4755, Acc(1): 100.00, Acc(5): 100.00
2023-06-19 16:24:11,537 - AUGCON - INFO - 	Validation Loss: 0.8056, Acc(1): 64.00, Acc(5): 100.00, F1: 0.17, Recall: 0.16, Precision: 0.17
2023-06-19 16:24:11,537 - AUGCON - INFO - Epoch [48/50]-(0/22) Loss: 0.4676, Acc(1): 100.00, Acc(5): 100.00
2023-06-19 16:24:11,537 - AUGCON - INFO - Epoch [48/50]-(5/22) Loss: 0.4889, Acc(1): 100.00, Acc(5): 100.00
2023-06-19 16:24:11,537 - AUGCON - INFO - Epoch [48/50]-(10/22) Loss: 0.7770, Acc(1): 50.00, Acc(5): 100.00
2023-06-19 16:24:11,537 - AUGCON - INFO - Epoch [48/50]-(15/22) Loss: 0.7145, Acc(1): 100.00, Acc(5): 100.00
2023-06-19 16:24:11,538 - AUGCON - INFO - Epoch [48/50]-(20/22) Loss: 0.7636, Acc(1): 100.00, Acc(5): 100.00
2023-06-19 16:24:11,538 - AUGCON - INFO - 	Validation Loss: 0.8550, Acc(1): 68.00, Acc(5): 100.00, F1: 0.17, Recall: 0.17, Precision: 0.16
2023-06-19 16:24:11,538 - AUGCON - INFO - Epoch [49/50]-(0/22) Loss: 0.7042, Acc(1): 100.00, Acc(5): 100.00
2023-06-19 16:24:11,538 - AUGCON - INFO - Epoch [49/50]-(5/22) Loss: 0.8044, Acc(1): 75.00, Acc(5): 100.00
2023-06-19 16:24:11,538 - AUGCON - INFO - Epoch [49/50]-(10/22) Loss: 0.3641, Acc(1): 100.00, Acc(5): 100.00
2023-06-19 16:24:11,538 - AUGCON - INFO - Epoch [49/50]-(15/22) Loss: 1.0313, Acc(1): 50.00, Acc(5): 100.00
2023-06-19 16:24:11,538 - AUGCON - INFO - Epoch [49/50]-(20/22) Loss: 1.3142, Acc(1): 25.00, Acc(5): 100.00
2023-06-19 16:24:11,538 - AUGCON - INFO - 	Validation Loss: 0.8459, Acc(1): 66.00, Acc(5): 100.00, F1: 0.16, Recall: 0.17, Precision: 0.15
2023-06-19 16:24:11,538 - AUGCON - INFO - Epoch [50/50]-(0/22) Loss: 0.7137, Acc(1): 75.00, Acc(5): 100.00
2023-06-19 16:24:11,538 - AUGCON - INFO - Epoch [50/50]-(5/22) Loss: 0.6404, Acc(1): 75.00, Acc(5): 100.00
2023-06-19 16:24:11,538 - AUGCON - INFO - Epoch [50/50]-(10/22) Loss: 1.2416, Acc(1): 50.00, Acc(5): 100.00
2023-06-19 16:24:11,539 - AUGCON - INFO - Epoch [50/50]-(15/22) Loss: 0.5930, Acc(1): 75.00, Acc(5): 100.00
2023-06-19 16:24:11,539 - AUGCON - INFO - Epoch [50/50]-(20/22) Loss: 0.4738, Acc(1): 75.00, Acc(5): 100.00
2023-06-19 16:24:11,539 - AUGCON - INFO - 	Validation Loss: 0.8571, Acc(1): 60.00, Acc(5): 100.00, F1: 0.15, Recall: 0.16, Precision: 0.15
2023-06-19 16:24:11,539 - AUGCON - INFO - 	Validation Loss: 0.7993, Acc(1): 67.33, Acc(5): 100.00, F1: 0.18, Recall: 0.17, Precision: 0.19
