2023-06-19 16:44:12,300 - AUGCON - INFO - logger initialized (/home/hjyoon/projects/augcon/config/exp0/finetune_da_true/without_target_domain_PH0012-thanh/metacpc_random_8421/tgt_target_domain_PH0014-wjlee_seed0.yaml.log)
2023-06-19 16:44:12,301 - AUGCON - INFO - ================= Config =================
2023-06-19 16:44:12,301 - AUGCON - INFO -   mode: finetune
2023-06-19 16:44:12,301 - AUGCON - INFO -   seed: 0
2023-06-19 16:44:12,301 - AUGCON - INFO -   gpu: [1]
2023-06-19 16:44:12,301 - AUGCON - INFO -   num_workers: 1
2023-06-19 16:44:12,301 - AUGCON - INFO -   dist_url: tcp://localhost:10001
2023-06-19 16:44:12,301 - AUGCON - INFO -   dataset_name: ichar
2023-06-19 16:44:12,301 - AUGCON - INFO -   train_dataset_path: /mnt/sting/hjyoon/projects/cross/ICHAR/augcon/target_domain_PH0014-wjlee/finetune/10shot/target/train.pkl
2023-06-19 16:44:12,301 - AUGCON - INFO -   test_dataset_path: /mnt/sting/hjyoon/projects/cross/ICHAR/augcon/target_domain_PH0014-wjlee/finetune/10shot/target/test.pkl
2023-06-19 16:44:12,301 - AUGCON - INFO -   val_dataset_path: /mnt/sting/hjyoon/projects/cross/ICHAR/augcon/target_domain_PH0014-wjlee/finetune/10shot/target/val.pkl
2023-06-19 16:44:12,301 - AUGCON - INFO -   input_channels: 3
2023-06-19 16:44:12,301 - AUGCON - INFO -   num_cls: 9
2023-06-19 16:44:12,301 - AUGCON - INFO -   optimizer: adam
2023-06-19 16:44:12,301 - AUGCON - INFO -   criterion: crossentropy
2023-06-19 16:44:12,301 - AUGCON - INFO -   start_epoch: 0
2023-06-19 16:44:12,301 - AUGCON - INFO -   epochs: 50
2023-06-19 16:44:12,301 - AUGCON - INFO -   batch_size: 4
2023-06-19 16:44:12,301 - AUGCON - INFO -   lr: 0.001
2023-06-19 16:44:12,301 - AUGCON - INFO -   wd: 0.0
2023-06-19 16:44:12,301 - AUGCON - INFO -   resume: 
2023-06-19 16:44:12,301 - AUGCON - INFO -   pretrained: /mnt/sting/hjyoon/projects/augcontrast/models/exp0/pretrain/without_target_domain_PH0012-thanh/metacpc_random_8421/checkpoint_0999.pth.tar
2023-06-19 16:44:12,301 - AUGCON - INFO -   ckpt_dir: /mnt/sting/hjyoon/projects/augcontrast/models/exp0/finetune_da_true/without_target_domain_PH0012-thanh/metacpc_random_8421/tgt_target_domain_PH0014-wjlee_seed0
2023-06-19 16:44:12,301 - AUGCON - INFO -   log_freq: 5
2023-06-19 16:44:12,302 - AUGCON - INFO -   save_freq: 10
2023-06-19 16:44:12,302 - AUGCON - INFO -   pretext: metacpc
2023-06-19 16:44:12,302 - AUGCON - INFO -   enc_blocks: 4
2023-06-19 16:44:12,302 - AUGCON - INFO -   kernel_sizes: [8, 4, 2, 1]
2023-06-19 16:44:12,302 - AUGCON - INFO -   strides: [4, 2, 1, 1]
2023-06-19 16:44:12,302 - AUGCON - INFO -   agg_blocks: 5
2023-06-19 16:44:12,302 - AUGCON - INFO -   z_dim: 256
2023-06-19 16:44:12,302 - AUGCON - INFO -   pooling: mean
2023-06-19 16:44:12,302 - AUGCON - INFO -   pred_steps: 12
2023-06-19 16:44:12,302 - AUGCON - INFO -   n_negatives: 15
2023-06-19 16:44:12,302 - AUGCON - INFO -   offset: 4
2023-06-19 16:44:12,302 - AUGCON - INFO -   domain_adaptation: True
2023-06-19 16:44:12,302 - AUGCON - INFO -   task_steps: 10
2023-06-19 16:44:12,302 - AUGCON - INFO -   task_lr: 0.001
2023-06-19 16:44:12,302 - AUGCON - INFO -   reg_lambda: 0
2023-06-19 16:44:12,302 - AUGCON - INFO -   mlp: False
2023-06-19 16:44:12,302 - AUGCON - INFO -   freeze: True
2023-06-19 16:44:12,302 - AUGCON - INFO -   no_vars: False
2023-06-19 16:44:12,302 - AUGCON - INFO - ==========================================
2023-06-19 16:44:12,302 - AUGCON - INFO - Setting GPUs: [1]
2023-06-19 16:44:12,302 - AUGCON - INFO - GPUs [1] will be used
2023-06-19 16:44:12,303 - AUGCON - WARNING - You have chosen to seed training. 
2023-06-19 16:44:12,303 - AUGCON - WARNING - This will turn on the CUDNN deterministic setting, 
2023-06-19 16:44:12,303 - AUGCON - WARNING - which can slow down your training considerably! 
2023-06-19 16:44:12,303 - AUGCON - WARNING - You may see unexpected behavior when restarting 
2023-06-19 16:44:12,303 - AUGCON - WARNING - from checkpoints.
2023-06-19 16:44:12,331 - AUGCON - INFO - Executing MetaCPC
2023-06-19 16:44:12,332 - AUGCON - INFO - Logs are skipped during training
2023-06-19 16:44:32,179 - AUGCON - INFO - Single GPU is used for training - training 90 instances for each worker
2023-06-19 16:44:32,180 - AUGCON - INFO - Loading pretrained model from checkpoint - /mnt/sting/hjyoon/projects/augcontrast/models/exp0/pretrain/without_target_domain_PH0012-thanh/metacpc_random_8421/checkpoint_0999.pth.tar
2023-06-19 16:44:32,180 - AUGCON - INFO - Missing keys: []
2023-06-19 16:44:32,180 - AUGCON - INFO - Perform domain adaptation step
2023-06-19 16:44:32,180 - AUGCON - INFO - 	meta-train [0/10] Loss: 14.0584, Acc(1): 6.83, Acc(5): 32.90
2023-06-19 16:44:32,180 - AUGCON - INFO - 	meta-train [1/10] Loss: 5.7466, Acc(1): 8.04, Acc(5): 35.66
2023-06-19 16:44:32,180 - AUGCON - INFO - 	meta-train [2/10] Loss: 2.3783, Acc(1): 20.80, Acc(5): 67.46
2023-06-19 16:44:32,180 - AUGCON - INFO - 	meta-train [3/10] Loss: 2.0911, Acc(1): 25.25, Acc(5): 76.20
2023-06-19 16:44:32,180 - AUGCON - INFO - 	meta-train [4/10] Loss: 1.8538, Acc(1): 32.94, Acc(5): 83.44
2023-06-19 16:44:32,181 - AUGCON - INFO - 	meta-train [5/10] Loss: 1.5134, Acc(1): 41.99, Acc(5): 91.17
2023-06-19 16:44:32,181 - AUGCON - INFO - 	meta-train [6/10] Loss: 1.0617, Acc(1): 56.11, Acc(5): 97.40
2023-06-19 16:44:32,181 - AUGCON - INFO - 	meta-train [7/10] Loss: 1.0315, Acc(1): 58.94, Acc(5): 96.60
2023-06-19 16:44:32,181 - AUGCON - INFO - 	meta-train [8/10] Loss: 1.0154, Acc(1): 59.75, Acc(5): 97.56
2023-06-19 16:44:32,181 - AUGCON - INFO - 	meta-train [9/10] Loss: 1.0310, Acc(1): 57.50, Acc(5): 97.36
2023-06-19 16:44:32,181 - AUGCON - INFO - Loading encoder parameters to the classifier
2023-06-19 16:44:32,181 - AUGCON - INFO - Missing keys: ['classifier.block.0.weight', 'classifier.block.0.bias']
2023-06-19 16:44:32,181 - AUGCON - INFO - Epoch [1/50]-(0/22) Loss: 2.1907, Acc(1): 0.00, Acc(5): 50.00
2023-06-19 16:44:32,181 - AUGCON - INFO - Epoch [1/50]-(5/22) Loss: 2.1167, Acc(1): 25.00, Acc(5): 50.00
2023-06-19 16:44:32,181 - AUGCON - INFO - Epoch [1/50]-(10/22) Loss: 2.4074, Acc(1): 0.00, Acc(5): 75.00
2023-06-19 16:44:32,181 - AUGCON - INFO - Epoch [1/50]-(15/22) Loss: 1.8410, Acc(1): 75.00, Acc(5): 75.00
2023-06-19 16:44:32,181 - AUGCON - INFO - Epoch [1/50]-(20/22) Loss: 2.0656, Acc(1): 25.00, Acc(5): 100.00
2023-06-19 16:44:32,181 - AUGCON - INFO - 	Validation Loss: 1.8736, Acc(1): 38.00, Acc(5): 94.00, F1: 0.10, Recall: 0.09, Precision: 0.11
2023-06-19 16:44:32,181 - AUGCON - INFO - Epoch [2/50]-(0/22) Loss: 1.8673, Acc(1): 75.00, Acc(5): 75.00
2023-06-19 16:44:32,182 - AUGCON - INFO - Epoch [2/50]-(5/22) Loss: 2.0697, Acc(1): 25.00, Acc(5): 75.00
2023-06-19 16:44:32,182 - AUGCON - INFO - Epoch [2/50]-(10/22) Loss: 1.7705, Acc(1): 50.00, Acc(5): 75.00
2023-06-19 16:44:32,182 - AUGCON - INFO - Epoch [2/50]-(15/22) Loss: 1.7148, Acc(1): 25.00, Acc(5): 100.00
2023-06-19 16:44:32,182 - AUGCON - INFO - Epoch [2/50]-(20/22) Loss: 2.1998, Acc(1): 0.00, Acc(5): 100.00
2023-06-19 16:44:32,182 - AUGCON - INFO - 	Validation Loss: 1.6737, Acc(1): 55.00, Acc(5): 92.00, F1: 0.13, Recall: 0.12, Precision: 0.14
2023-06-19 16:44:32,182 - AUGCON - INFO - Epoch [3/50]-(0/22) Loss: 1.4453, Acc(1): 75.00, Acc(5): 100.00
2023-06-19 16:44:32,182 - AUGCON - INFO - Epoch [3/50]-(5/22) Loss: 1.6376, Acc(1): 25.00, Acc(5): 100.00
2023-06-19 16:44:32,182 - AUGCON - INFO - Epoch [3/50]-(10/22) Loss: 1.5283, Acc(1): 25.00, Acc(5): 100.00
2023-06-19 16:44:32,182 - AUGCON - INFO - Epoch [3/50]-(15/22) Loss: 1.3404, Acc(1): 50.00, Acc(5): 100.00
2023-06-19 16:44:32,182 - AUGCON - INFO - Epoch [3/50]-(20/22) Loss: 1.4794, Acc(1): 75.00, Acc(5): 100.00
2023-06-19 16:44:32,182 - AUGCON - INFO - 	Validation Loss: 1.4867, Acc(1): 65.00, Acc(5): 97.00, F1: 0.14, Recall: 0.12, Precision: 0.15
2023-06-19 16:44:32,182 - AUGCON - INFO - Epoch [4/50]-(0/22) Loss: 1.3359, Acc(1): 50.00, Acc(5): 100.00
2023-06-19 16:44:32,182 - AUGCON - INFO - Epoch [4/50]-(5/22) Loss: 1.3957, Acc(1): 50.00, Acc(5): 100.00
2023-06-19 16:44:32,182 - AUGCON - INFO - Epoch [4/50]-(10/22) Loss: 1.8841, Acc(1): 25.00, Acc(5): 100.00
2023-06-19 16:44:32,182 - AUGCON - INFO - Epoch [4/50]-(15/22) Loss: 1.2498, Acc(1): 50.00, Acc(5): 100.00
2023-06-19 16:44:32,183 - AUGCON - INFO - Epoch [4/50]-(20/22) Loss: 1.2578, Acc(1): 75.00, Acc(5): 100.00
2023-06-19 16:44:32,183 - AUGCON - INFO - 	Validation Loss: 1.4164, Acc(1): 61.00, Acc(5): 98.00, F1: 0.13, Recall: 0.13, Precision: 0.14
2023-06-19 16:44:32,183 - AUGCON - INFO - Epoch [5/50]-(0/22) Loss: 0.9910, Acc(1): 100.00, Acc(5): 100.00
2023-06-19 16:44:32,183 - AUGCON - INFO - Epoch [5/50]-(5/22) Loss: 1.2887, Acc(1): 50.00, Acc(5): 100.00
2023-06-19 16:44:32,183 - AUGCON - INFO - Epoch [5/50]-(10/22) Loss: 1.5091, Acc(1): 75.00, Acc(5): 100.00
2023-06-19 16:44:32,183 - AUGCON - INFO - Epoch [5/50]-(15/22) Loss: 0.9150, Acc(1): 75.00, Acc(5): 100.00
2023-06-19 16:44:32,183 - AUGCON - INFO - Epoch [5/50]-(20/22) Loss: 1.8533, Acc(1): 25.00, Acc(5): 100.00
2023-06-19 16:44:32,183 - AUGCON - INFO - 	Validation Loss: 1.3211, Acc(1): 68.00, Acc(5): 97.00, F1: 0.15, Recall: 0.13, Precision: 0.17
2023-06-19 16:44:32,183 - AUGCON - INFO - Epoch [6/50]-(0/22) Loss: 1.3833, Acc(1): 25.00, Acc(5): 100.00
2023-06-19 16:44:32,183 - AUGCON - INFO - Epoch [6/50]-(5/22) Loss: 1.3150, Acc(1): 75.00, Acc(5): 100.00
2023-06-19 16:44:32,183 - AUGCON - INFO - Epoch [6/50]-(10/22) Loss: 1.5120, Acc(1): 25.00, Acc(5): 100.00
2023-06-19 16:44:32,183 - AUGCON - INFO - Epoch [6/50]-(15/22) Loss: 1.3372, Acc(1): 50.00, Acc(5): 100.00
2023-06-19 16:44:32,183 - AUGCON - INFO - Epoch [6/50]-(20/22) Loss: 1.2805, Acc(1): 50.00, Acc(5): 100.00
2023-06-19 16:44:32,183 - AUGCON - INFO - 	Validation Loss: 1.2715, Acc(1): 66.00, Acc(5): 97.00, F1: 0.14, Recall: 0.13, Precision: 0.16
2023-06-19 16:44:32,183 - AUGCON - INFO - Epoch [7/50]-(0/22) Loss: 1.6474, Acc(1): 25.00, Acc(5): 100.00
2023-06-19 16:44:32,184 - AUGCON - INFO - Epoch [7/50]-(5/22) Loss: 1.3504, Acc(1): 50.00, Acc(5): 100.00
2023-06-19 16:44:32,184 - AUGCON - INFO - Epoch [7/50]-(10/22) Loss: 1.4188, Acc(1): 25.00, Acc(5): 100.00
2023-06-19 16:44:32,184 - AUGCON - INFO - Epoch [7/50]-(15/22) Loss: 0.9454, Acc(1): 75.00, Acc(5): 100.00
2023-06-19 16:44:32,184 - AUGCON - INFO - Epoch [7/50]-(20/22) Loss: 1.6658, Acc(1): 50.00, Acc(5): 100.00
2023-06-19 16:44:32,184 - AUGCON - INFO - 	Validation Loss: 1.2444, Acc(1): 64.00, Acc(5): 97.00, F1: 0.14, Recall: 0.12, Precision: 0.15
2023-06-19 16:44:32,184 - AUGCON - INFO - Epoch [8/50]-(0/22) Loss: 1.5265, Acc(1): 50.00, Acc(5): 100.00
2023-06-19 16:44:32,184 - AUGCON - INFO - Epoch [8/50]-(5/22) Loss: 0.4016, Acc(1): 100.00, Acc(5): 100.00
2023-06-19 16:44:32,184 - AUGCON - INFO - Epoch [8/50]-(10/22) Loss: 1.7777, Acc(1): 50.00, Acc(5): 100.00
2023-06-19 16:44:32,184 - AUGCON - INFO - Epoch [8/50]-(15/22) Loss: 1.0666, Acc(1): 75.00, Acc(5): 100.00
2023-06-19 16:44:32,184 - AUGCON - INFO - Epoch [8/50]-(20/22) Loss: 1.2000, Acc(1): 50.00, Acc(5): 100.00
2023-06-19 16:44:32,184 - AUGCON - INFO - 	Validation Loss: 1.2009, Acc(1): 65.00, Acc(5): 98.00, F1: 0.13, Recall: 0.12, Precision: 0.14
2023-06-19 16:44:32,184 - AUGCON - INFO - Epoch [9/50]-(0/22) Loss: 0.4562, Acc(1): 100.00, Acc(5): 100.00
2023-06-19 16:44:32,184 - AUGCON - INFO - Epoch [9/50]-(5/22) Loss: 1.8291, Acc(1): 50.00, Acc(5): 100.00
2023-06-19 16:44:32,184 - AUGCON - INFO - Epoch [9/50]-(10/22) Loss: 1.0308, Acc(1): 75.00, Acc(5): 100.00
2023-06-19 16:44:32,185 - AUGCON - INFO - Epoch [9/50]-(15/22) Loss: 1.8961, Acc(1): 50.00, Acc(5): 100.00
2023-06-19 16:44:32,185 - AUGCON - INFO - Epoch [9/50]-(20/22) Loss: 1.1230, Acc(1): 75.00, Acc(5): 100.00
2023-06-19 16:44:32,185 - AUGCON - INFO - 	Validation Loss: 1.2085, Acc(1): 65.00, Acc(5): 96.00, F1: 0.14, Recall: 0.13, Precision: 0.15
2023-06-19 16:44:32,185 - AUGCON - INFO - Epoch [10/50]-(0/22) Loss: 0.8118, Acc(1): 100.00, Acc(5): 100.00
2023-06-19 16:44:32,185 - AUGCON - INFO - Epoch [10/50]-(5/22) Loss: 1.3212, Acc(1): 75.00, Acc(5): 100.00
2023-06-19 16:44:32,185 - AUGCON - INFO - Epoch [10/50]-(10/22) Loss: 1.1483, Acc(1): 50.00, Acc(5): 100.00
2023-06-19 16:44:32,185 - AUGCON - INFO - Epoch [10/50]-(15/22) Loss: 0.6517, Acc(1): 100.00, Acc(5): 100.00
2023-06-19 16:44:32,185 - AUGCON - INFO - Epoch [10/50]-(20/22) Loss: 0.7783, Acc(1): 100.00, Acc(5): 100.00
2023-06-19 16:44:32,185 - AUGCON - INFO - 	Validation Loss: 1.1474, Acc(1): 66.00, Acc(5): 97.00, F1: 0.14, Recall: 0.13, Precision: 0.16
2023-06-19 16:44:32,185 - AUGCON - INFO - Epoch [11/50]-(0/22) Loss: 1.3541, Acc(1): 75.00, Acc(5): 100.00
2023-06-19 16:44:32,185 - AUGCON - INFO - Epoch [11/50]-(5/22) Loss: 0.6189, Acc(1): 100.00, Acc(5): 100.00
2023-06-19 16:44:32,185 - AUGCON - INFO - Epoch [11/50]-(10/22) Loss: 0.9898, Acc(1): 75.00, Acc(5): 100.00
2023-06-19 16:44:32,185 - AUGCON - INFO - Epoch [11/50]-(15/22) Loss: 2.1574, Acc(1): 25.00, Acc(5): 75.00
2023-06-19 16:44:32,185 - AUGCON - INFO - Epoch [11/50]-(20/22) Loss: 0.8975, Acc(1): 75.00, Acc(5): 100.00
2023-06-19 16:44:32,185 - AUGCON - INFO - 	Validation Loss: 1.1595, Acc(1): 65.00, Acc(5): 97.00, F1: 0.14, Recall: 0.13, Precision: 0.15
2023-06-19 16:44:32,186 - AUGCON - INFO - Epoch [12/50]-(0/22) Loss: 1.2874, Acc(1): 50.00, Acc(5): 100.00
2023-06-19 16:44:32,186 - AUGCON - INFO - Epoch [12/50]-(5/22) Loss: 0.7395, Acc(1): 75.00, Acc(5): 100.00
2023-06-19 16:44:32,186 - AUGCON - INFO - Epoch [12/50]-(10/22) Loss: 1.2480, Acc(1): 50.00, Acc(5): 100.00
2023-06-19 16:44:32,186 - AUGCON - INFO - Epoch [12/50]-(15/22) Loss: 0.7269, Acc(1): 75.00, Acc(5): 100.00
2023-06-19 16:44:32,186 - AUGCON - INFO - Epoch [12/50]-(20/22) Loss: 0.7951, Acc(1): 100.00, Acc(5): 100.00
2023-06-19 16:44:32,186 - AUGCON - INFO - 	Validation Loss: 1.1307, Acc(1): 66.00, Acc(5): 97.00, F1: 0.14, Recall: 0.13, Precision: 0.16
2023-06-19 16:44:32,186 - AUGCON - INFO - Epoch [13/50]-(0/22) Loss: 1.1678, Acc(1): 50.00, Acc(5): 100.00
2023-06-19 16:44:32,186 - AUGCON - INFO - Epoch [13/50]-(5/22) Loss: 0.5113, Acc(1): 100.00, Acc(5): 100.00
2023-06-19 16:44:32,186 - AUGCON - INFO - Epoch [13/50]-(10/22) Loss: 1.3160, Acc(1): 50.00, Acc(5): 100.00
2023-06-19 16:44:32,186 - AUGCON - INFO - Epoch [13/50]-(15/22) Loss: 0.5983, Acc(1): 100.00, Acc(5): 100.00
2023-06-19 16:44:32,186 - AUGCON - INFO - Epoch [13/50]-(20/22) Loss: 1.0138, Acc(1): 75.00, Acc(5): 100.00
2023-06-19 16:44:32,186 - AUGCON - INFO - 	Validation Loss: 1.1135, Acc(1): 69.00, Acc(5): 96.00, F1: 0.15, Recall: 0.13, Precision: 0.16
2023-06-19 16:44:32,186 - AUGCON - INFO - Epoch [14/50]-(0/22) Loss: 0.9045, Acc(1): 75.00, Acc(5): 100.00
2023-06-19 16:44:32,186 - AUGCON - INFO - Epoch [14/50]-(5/22) Loss: 0.8709, Acc(1): 100.00, Acc(5): 100.00
2023-06-19 16:44:32,187 - AUGCON - INFO - Epoch [14/50]-(10/22) Loss: 0.9380, Acc(1): 50.00, Acc(5): 100.00
2023-06-19 16:44:32,187 - AUGCON - INFO - Epoch [14/50]-(15/22) Loss: 0.7056, Acc(1): 75.00, Acc(5): 100.00
2023-06-19 16:44:32,187 - AUGCON - INFO - Epoch [14/50]-(20/22) Loss: 0.7470, Acc(1): 75.00, Acc(5): 100.00
2023-06-19 16:44:32,187 - AUGCON - INFO - 	Validation Loss: 1.1042, Acc(1): 67.00, Acc(5): 97.00, F1: 0.14, Recall: 0.13, Precision: 0.16
2023-06-19 16:44:32,187 - AUGCON - INFO - Epoch [15/50]-(0/22) Loss: 0.4714, Acc(1): 100.00, Acc(5): 100.00
2023-06-19 16:44:32,187 - AUGCON - INFO - Epoch [15/50]-(5/22) Loss: 1.4329, Acc(1): 75.00, Acc(5): 75.00
2023-06-19 16:44:32,187 - AUGCON - INFO - Epoch [15/50]-(10/22) Loss: 0.4827, Acc(1): 100.00, Acc(5): 100.00
2023-06-19 16:44:32,187 - AUGCON - INFO - Epoch [15/50]-(15/22) Loss: 1.6426, Acc(1): 50.00, Acc(5): 100.00
2023-06-19 16:44:32,187 - AUGCON - INFO - Epoch [15/50]-(20/22) Loss: 0.8665, Acc(1): 75.00, Acc(5): 100.00
2023-06-19 16:44:32,187 - AUGCON - INFO - 	Validation Loss: 1.0854, Acc(1): 67.00, Acc(5): 97.00, F1: 0.14, Recall: 0.13, Precision: 0.16
2023-06-19 16:44:32,187 - AUGCON - INFO - Epoch [16/50]-(0/22) Loss: 0.7635, Acc(1): 75.00, Acc(5): 100.00
2023-06-19 16:44:32,187 - AUGCON - INFO - Epoch [16/50]-(5/22) Loss: 0.3066, Acc(1): 100.00, Acc(5): 100.00
2023-06-19 16:44:32,187 - AUGCON - INFO - Epoch [16/50]-(10/22) Loss: 1.2784, Acc(1): 50.00, Acc(5): 100.00
2023-06-19 16:44:32,187 - AUGCON - INFO - Epoch [16/50]-(15/22) Loss: 0.8533, Acc(1): 75.00, Acc(5): 100.00
2023-06-19 16:44:32,187 - AUGCON - INFO - Epoch [16/50]-(20/22) Loss: 1.6889, Acc(1): 50.00, Acc(5): 100.00
2023-06-19 16:44:32,187 - AUGCON - INFO - 	Validation Loss: 1.1181, Acc(1): 67.00, Acc(5): 95.00, F1: 0.14, Recall: 0.13, Precision: 0.16
2023-06-19 16:44:32,188 - AUGCON - INFO - Epoch [17/50]-(0/22) Loss: 1.2960, Acc(1): 50.00, Acc(5): 100.00
2023-06-19 16:44:32,188 - AUGCON - INFO - Epoch [17/50]-(5/22) Loss: 0.7986, Acc(1): 100.00, Acc(5): 100.00
2023-06-19 16:44:32,188 - AUGCON - INFO - Epoch [17/50]-(10/22) Loss: 0.7361, Acc(1): 75.00, Acc(5): 100.00
2023-06-19 16:44:32,188 - AUGCON - INFO - Epoch [17/50]-(15/22) Loss: 1.1613, Acc(1): 50.00, Acc(5): 100.00
2023-06-19 16:44:32,188 - AUGCON - INFO - Epoch [17/50]-(20/22) Loss: 1.0303, Acc(1): 75.00, Acc(5): 100.00
2023-06-19 16:44:32,188 - AUGCON - INFO - 	Validation Loss: 1.0601, Acc(1): 70.00, Acc(5): 97.00, F1: 0.14, Recall: 0.14, Precision: 0.15
2023-06-19 16:44:32,188 - AUGCON - INFO - Epoch [18/50]-(0/22) Loss: 0.9495, Acc(1): 75.00, Acc(5): 100.00
2023-06-19 16:44:32,188 - AUGCON - INFO - Epoch [18/50]-(5/22) Loss: 0.4686, Acc(1): 100.00, Acc(5): 100.00
2023-06-19 16:44:32,188 - AUGCON - INFO - Epoch [18/50]-(10/22) Loss: 2.2509, Acc(1): 25.00, Acc(5): 100.00
2023-06-19 16:44:32,188 - AUGCON - INFO - Epoch [18/50]-(15/22) Loss: 0.8051, Acc(1): 100.00, Acc(5): 100.00
2023-06-19 16:44:32,188 - AUGCON - INFO - Epoch [18/50]-(20/22) Loss: 1.3835, Acc(1): 75.00, Acc(5): 100.00
2023-06-19 16:44:32,188 - AUGCON - INFO - 	Validation Loss: 1.0583, Acc(1): 71.00, Acc(5): 96.00, F1: 0.15, Recall: 0.14, Precision: 0.16
2023-06-19 16:44:32,188 - AUGCON - INFO - Epoch [19/50]-(0/22) Loss: 0.6930, Acc(1): 100.00, Acc(5): 100.00
2023-06-19 16:44:32,188 - AUGCON - INFO - Epoch [19/50]-(5/22) Loss: 0.6684, Acc(1): 100.00, Acc(5): 100.00
2023-06-19 16:44:32,189 - AUGCON - INFO - Epoch [19/50]-(10/22) Loss: 1.0588, Acc(1): 25.00, Acc(5): 100.00
2023-06-19 16:44:32,189 - AUGCON - INFO - Epoch [19/50]-(15/22) Loss: 0.4318, Acc(1): 100.00, Acc(5): 100.00
2023-06-19 16:44:32,189 - AUGCON - INFO - Epoch [19/50]-(20/22) Loss: 0.7627, Acc(1): 100.00, Acc(5): 100.00
2023-06-19 16:44:32,189 - AUGCON - INFO - 	Validation Loss: 1.0512, Acc(1): 70.00, Acc(5): 96.00, F1: 0.15, Recall: 0.14, Precision: 0.17
2023-06-19 16:44:32,189 - AUGCON - INFO - Epoch [20/50]-(0/22) Loss: 0.6175, Acc(1): 75.00, Acc(5): 100.00
2023-06-19 16:44:32,189 - AUGCON - INFO - Epoch [20/50]-(5/22) Loss: 0.8836, Acc(1): 75.00, Acc(5): 100.00
2023-06-19 16:44:32,189 - AUGCON - INFO - Epoch [20/50]-(10/22) Loss: 0.9000, Acc(1): 75.00, Acc(5): 100.00
2023-06-19 16:44:32,189 - AUGCON - INFO - Epoch [20/50]-(15/22) Loss: 0.9791, Acc(1): 75.00, Acc(5): 100.00
2023-06-19 16:44:32,189 - AUGCON - INFO - Epoch [20/50]-(20/22) Loss: 0.6005, Acc(1): 100.00, Acc(5): 100.00
2023-06-19 16:44:32,189 - AUGCON - INFO - 	Validation Loss: 1.0780, Acc(1): 72.00, Acc(5): 95.00, F1: 0.15, Recall: 0.14, Precision: 0.16
2023-06-19 16:44:32,189 - AUGCON - INFO - Epoch [21/50]-(0/22) Loss: 0.4045, Acc(1): 100.00, Acc(5): 100.00
2023-06-19 16:44:32,189 - AUGCON - INFO - Epoch [21/50]-(5/22) Loss: 1.0007, Acc(1): 50.00, Acc(5): 100.00
2023-06-19 16:44:32,189 - AUGCON - INFO - Epoch [21/50]-(10/22) Loss: 0.9602, Acc(1): 75.00, Acc(5): 100.00
2023-06-19 16:44:32,189 - AUGCON - INFO - Epoch [21/50]-(15/22) Loss: 0.9347, Acc(1): 75.00, Acc(5): 100.00
2023-06-19 16:44:32,189 - AUGCON - INFO - Epoch [21/50]-(20/22) Loss: 0.2524, Acc(1): 100.00, Acc(5): 100.00
2023-06-19 16:44:32,190 - AUGCON - INFO - 	Validation Loss: 1.0328, Acc(1): 71.00, Acc(5): 96.00, F1: 0.15, Recall: 0.14, Precision: 0.17
2023-06-19 16:44:32,190 - AUGCON - INFO - Epoch [22/50]-(0/22) Loss: 1.0780, Acc(1): 50.00, Acc(5): 100.00
2023-06-19 16:44:32,190 - AUGCON - INFO - Epoch [22/50]-(5/22) Loss: 0.7961, Acc(1): 100.00, Acc(5): 100.00
2023-06-19 16:44:32,190 - AUGCON - INFO - Epoch [22/50]-(10/22) Loss: 1.7852, Acc(1): 25.00, Acc(5): 100.00
2023-06-19 16:44:32,190 - AUGCON - INFO - Epoch [22/50]-(15/22) Loss: 1.3219, Acc(1): 25.00, Acc(5): 100.00
2023-06-19 16:44:32,190 - AUGCON - INFO - Epoch [22/50]-(20/22) Loss: 0.8199, Acc(1): 100.00, Acc(5): 100.00
2023-06-19 16:44:32,190 - AUGCON - INFO - 	Validation Loss: 1.0533, Acc(1): 72.00, Acc(5): 97.00, F1: 0.15, Recall: 0.14, Precision: 0.16
2023-06-19 16:44:32,190 - AUGCON - INFO - Epoch [23/50]-(0/22) Loss: 0.3601, Acc(1): 100.00, Acc(5): 100.00
2023-06-19 16:44:32,190 - AUGCON - INFO - Epoch [23/50]-(5/22) Loss: 0.5912, Acc(1): 75.00, Acc(5): 100.00
2023-06-19 16:44:32,190 - AUGCON - INFO - Epoch [23/50]-(10/22) Loss: 1.1155, Acc(1): 50.00, Acc(5): 100.00
2023-06-19 16:44:32,190 - AUGCON - INFO - Epoch [23/50]-(15/22) Loss: 1.1365, Acc(1): 75.00, Acc(5): 100.00
2023-06-19 16:44:32,190 - AUGCON - INFO - Epoch [23/50]-(20/22) Loss: 0.5620, Acc(1): 75.00, Acc(5): 100.00
2023-06-19 16:44:32,190 - AUGCON - INFO - 	Validation Loss: 1.0416, Acc(1): 75.00, Acc(5): 97.00, F1: 0.16, Recall: 0.15, Precision: 0.17
2023-06-19 16:44:32,190 - AUGCON - INFO - Epoch [24/50]-(0/22) Loss: 0.4668, Acc(1): 100.00, Acc(5): 100.00
2023-06-19 16:44:32,190 - AUGCON - INFO - Epoch [24/50]-(5/22) Loss: 1.3844, Acc(1): 50.00, Acc(5): 100.00
2023-06-19 16:44:32,191 - AUGCON - INFO - Epoch [24/50]-(10/22) Loss: 0.4545, Acc(1): 75.00, Acc(5): 100.00
2023-06-19 16:44:32,191 - AUGCON - INFO - Epoch [24/50]-(15/22) Loss: 1.3395, Acc(1): 50.00, Acc(5): 100.00
2023-06-19 16:44:32,191 - AUGCON - INFO - Epoch [24/50]-(20/22) Loss: 0.6236, Acc(1): 100.00, Acc(5): 100.00
2023-06-19 16:44:32,191 - AUGCON - INFO - 	Validation Loss: 1.0397, Acc(1): 75.00, Acc(5): 96.00, F1: 0.16, Recall: 0.15, Precision: 0.17
2023-06-19 16:44:32,191 - AUGCON - INFO - Epoch [25/50]-(0/22) Loss: 0.4117, Acc(1): 100.00, Acc(5): 100.00
2023-06-19 16:44:32,191 - AUGCON - INFO - Epoch [25/50]-(5/22) Loss: 1.0178, Acc(1): 75.00, Acc(5): 100.00
2023-06-19 16:44:32,191 - AUGCON - INFO - Epoch [25/50]-(10/22) Loss: 0.4464, Acc(1): 100.00, Acc(5): 100.00
2023-06-19 16:44:32,191 - AUGCON - INFO - Epoch [25/50]-(15/22) Loss: 1.3166, Acc(1): 50.00, Acc(5): 100.00
2023-06-19 16:44:32,191 - AUGCON - INFO - Epoch [25/50]-(20/22) Loss: 0.9551, Acc(1): 75.00, Acc(5): 100.00
2023-06-19 16:44:32,191 - AUGCON - INFO - 	Validation Loss: 1.0550, Acc(1): 69.00, Acc(5): 95.00, F1: 0.15, Recall: 0.13, Precision: 0.16
2023-06-19 16:44:32,191 - AUGCON - INFO - Epoch [26/50]-(0/22) Loss: 0.9871, Acc(1): 75.00, Acc(5): 100.00
2023-06-19 16:44:32,191 - AUGCON - INFO - Epoch [26/50]-(5/22) Loss: 0.6436, Acc(1): 75.00, Acc(5): 100.00
2023-06-19 16:44:32,191 - AUGCON - INFO - Epoch [26/50]-(10/22) Loss: 1.1882, Acc(1): 75.00, Acc(5): 100.00
2023-06-19 16:44:32,191 - AUGCON - INFO - Epoch [26/50]-(15/22) Loss: 0.0902, Acc(1): 100.00, Acc(5): 100.00
2023-06-19 16:44:32,191 - AUGCON - INFO - Epoch [26/50]-(20/22) Loss: 0.8273, Acc(1): 100.00, Acc(5): 100.00
2023-06-19 16:44:32,192 - AUGCON - INFO - 	Validation Loss: 1.0345, Acc(1): 71.00, Acc(5): 96.00, F1: 0.15, Recall: 0.14, Precision: 0.16
2023-06-19 16:44:32,192 - AUGCON - INFO - Epoch [27/50]-(0/22) Loss: 1.1828, Acc(1): 50.00, Acc(5): 100.00
2023-06-19 16:44:32,192 - AUGCON - INFO - Epoch [27/50]-(5/22) Loss: 0.7298, Acc(1): 75.00, Acc(5): 100.00
2023-06-19 16:44:32,192 - AUGCON - INFO - Epoch [27/50]-(10/22) Loss: 0.6448, Acc(1): 100.00, Acc(5): 100.00
2023-06-19 16:44:32,192 - AUGCON - INFO - Epoch [27/50]-(15/22) Loss: 0.3013, Acc(1): 100.00, Acc(5): 100.00
2023-06-19 16:44:32,192 - AUGCON - INFO - Epoch [27/50]-(20/22) Loss: 1.3772, Acc(1): 50.00, Acc(5): 100.00
2023-06-19 16:44:32,192 - AUGCON - INFO - 	Validation Loss: 1.0153, Acc(1): 70.00, Acc(5): 97.00, F1: 0.14, Recall: 0.14, Precision: 0.15
2023-06-19 16:44:32,192 - AUGCON - INFO - Epoch [28/50]-(0/22) Loss: 1.0991, Acc(1): 75.00, Acc(5): 100.00
2023-06-19 16:44:32,192 - AUGCON - INFO - Epoch [28/50]-(5/22) Loss: 1.4961, Acc(1): 25.00, Acc(5): 100.00
2023-06-19 16:44:32,192 - AUGCON - INFO - Epoch [28/50]-(10/22) Loss: 0.9073, Acc(1): 50.00, Acc(5): 100.00
2023-06-19 16:44:32,192 - AUGCON - INFO - Epoch [28/50]-(15/22) Loss: 0.5918, Acc(1): 100.00, Acc(5): 100.00
2023-06-19 16:44:32,192 - AUGCON - INFO - Epoch [28/50]-(20/22) Loss: 0.9189, Acc(1): 75.00, Acc(5): 100.00
2023-06-19 16:44:32,192 - AUGCON - INFO - 	Validation Loss: 1.0154, Acc(1): 78.00, Acc(5): 96.00, F1: 0.16, Recall: 0.15, Precision: 0.16
2023-06-19 16:44:32,192 - AUGCON - INFO - Epoch [29/50]-(0/22) Loss: 0.3045, Acc(1): 100.00, Acc(5): 100.00
2023-06-19 16:44:32,192 - AUGCON - INFO - Epoch [29/50]-(5/22) Loss: 1.1340, Acc(1): 75.00, Acc(5): 100.00
2023-06-19 16:44:32,193 - AUGCON - INFO - Epoch [29/50]-(10/22) Loss: 1.0843, Acc(1): 75.00, Acc(5): 100.00
2023-06-19 16:44:32,193 - AUGCON - INFO - Epoch [29/50]-(15/22) Loss: 0.6213, Acc(1): 100.00, Acc(5): 100.00
2023-06-19 16:44:32,193 - AUGCON - INFO - Epoch [29/50]-(20/22) Loss: 0.8455, Acc(1): 75.00, Acc(5): 100.00
2023-06-19 16:44:32,193 - AUGCON - INFO - 	Validation Loss: 1.0181, Acc(1): 71.00, Acc(5): 96.00, F1: 0.15, Recall: 0.14, Precision: 0.16
2023-06-19 16:44:32,193 - AUGCON - INFO - Epoch [30/50]-(0/22) Loss: 0.6035, Acc(1): 100.00, Acc(5): 100.00
2023-06-19 16:44:32,193 - AUGCON - INFO - Epoch [30/50]-(5/22) Loss: 0.7664, Acc(1): 75.00, Acc(5): 100.00
2023-06-19 16:44:32,193 - AUGCON - INFO - Epoch [30/50]-(10/22) Loss: 0.7013, Acc(1): 100.00, Acc(5): 100.00
2023-06-19 16:44:32,193 - AUGCON - INFO - Epoch [30/50]-(15/22) Loss: 0.6521, Acc(1): 75.00, Acc(5): 100.00
2023-06-19 16:44:32,193 - AUGCON - INFO - Epoch [30/50]-(20/22) Loss: 0.7380, Acc(1): 100.00, Acc(5): 100.00
2023-06-19 16:44:32,193 - AUGCON - INFO - 	Validation Loss: 1.0151, Acc(1): 70.00, Acc(5): 96.00, F1: 0.15, Recall: 0.14, Precision: 0.16
2023-06-19 16:44:32,193 - AUGCON - INFO - Epoch [31/50]-(0/22) Loss: 1.4287, Acc(1): 50.00, Acc(5): 100.00
2023-06-19 16:44:32,193 - AUGCON - INFO - Epoch [31/50]-(5/22) Loss: 0.6805, Acc(1): 100.00, Acc(5): 100.00
2023-06-19 16:44:32,193 - AUGCON - INFO - Epoch [31/50]-(10/22) Loss: 0.6415, Acc(1): 75.00, Acc(5): 100.00
2023-06-19 16:44:32,193 - AUGCON - INFO - Epoch [31/50]-(15/22) Loss: 0.8033, Acc(1): 75.00, Acc(5): 100.00
2023-06-19 16:44:32,193 - AUGCON - INFO - Epoch [31/50]-(20/22) Loss: 0.9053, Acc(1): 75.00, Acc(5): 100.00
2023-06-19 16:44:32,193 - AUGCON - INFO - 	Validation Loss: 1.0326, Acc(1): 74.00, Acc(5): 96.00, F1: 0.16, Recall: 0.15, Precision: 0.17
2023-06-19 16:44:32,194 - AUGCON - INFO - Epoch [32/50]-(0/22) Loss: 0.2072, Acc(1): 100.00, Acc(5): 100.00
2023-06-19 16:44:32,194 - AUGCON - INFO - Epoch [32/50]-(5/22) Loss: 0.5012, Acc(1): 100.00, Acc(5): 100.00
2023-06-19 16:44:32,194 - AUGCON - INFO - Epoch [32/50]-(10/22) Loss: 0.1916, Acc(1): 100.00, Acc(5): 100.00
2023-06-19 16:44:32,194 - AUGCON - INFO - Epoch [32/50]-(15/22) Loss: 0.3513, Acc(1): 100.00, Acc(5): 100.00
2023-06-19 16:44:32,194 - AUGCON - INFO - Epoch [32/50]-(20/22) Loss: 1.6409, Acc(1): 50.00, Acc(5): 100.00
2023-06-19 16:44:32,194 - AUGCON - INFO - 	Validation Loss: 1.0085, Acc(1): 75.00, Acc(5): 96.00, F1: 0.15, Recall: 0.15, Precision: 0.16
2023-06-19 16:44:32,194 - AUGCON - INFO - Epoch [33/50]-(0/22) Loss: 0.5230, Acc(1): 100.00, Acc(5): 100.00
2023-06-19 16:44:32,194 - AUGCON - INFO - Epoch [33/50]-(5/22) Loss: 0.9078, Acc(1): 75.00, Acc(5): 100.00
2023-06-19 16:44:32,194 - AUGCON - INFO - Epoch [33/50]-(10/22) Loss: 0.9656, Acc(1): 50.00, Acc(5): 100.00
2023-06-19 16:44:32,194 - AUGCON - INFO - Epoch [33/50]-(15/22) Loss: 1.1439, Acc(1): 50.00, Acc(5): 100.00
2023-06-19 16:44:32,194 - AUGCON - INFO - Epoch [33/50]-(20/22) Loss: 1.0491, Acc(1): 75.00, Acc(5): 100.00
2023-06-19 16:44:32,194 - AUGCON - INFO - 	Validation Loss: 1.0220, Acc(1): 73.00, Acc(5): 96.00, F1: 0.15, Recall: 0.15, Precision: 0.16
2023-06-19 16:44:32,194 - AUGCON - INFO - Epoch [34/50]-(0/22) Loss: 0.5040, Acc(1): 100.00, Acc(5): 100.00
2023-06-19 16:44:32,194 - AUGCON - INFO - Epoch [34/50]-(5/22) Loss: 0.5064, Acc(1): 75.00, Acc(5): 100.00
2023-06-19 16:44:32,194 - AUGCON - INFO - Epoch [34/50]-(10/22) Loss: 0.3444, Acc(1): 100.00, Acc(5): 100.00
2023-06-19 16:44:32,194 - AUGCON - INFO - Epoch [34/50]-(15/22) Loss: 0.9887, Acc(1): 75.00, Acc(5): 100.00
2023-06-19 16:44:32,195 - AUGCON - INFO - Epoch [34/50]-(20/22) Loss: 1.3439, Acc(1): 50.00, Acc(5): 100.00
2023-06-19 16:44:32,195 - AUGCON - INFO - 	Validation Loss: 1.0093, Acc(1): 71.00, Acc(5): 96.00, F1: 0.15, Recall: 0.14, Precision: 0.16
2023-06-19 16:44:32,195 - AUGCON - INFO - Epoch [35/50]-(0/22) Loss: 1.7770, Acc(1): 25.00, Acc(5): 100.00
2023-06-19 16:44:32,195 - AUGCON - INFO - Epoch [35/50]-(5/22) Loss: 0.6561, Acc(1): 75.00, Acc(5): 100.00
2023-06-19 16:44:32,195 - AUGCON - INFO - Epoch [35/50]-(10/22) Loss: 0.2897, Acc(1): 100.00, Acc(5): 100.00
2023-06-19 16:44:32,195 - AUGCON - INFO - Epoch [35/50]-(15/22) Loss: 0.8422, Acc(1): 100.00, Acc(5): 100.00
2023-06-19 16:44:32,195 - AUGCON - INFO - Epoch [35/50]-(20/22) Loss: 0.5246, Acc(1): 75.00, Acc(5): 100.00
2023-06-19 16:44:32,195 - AUGCON - INFO - 	Validation Loss: 1.0218, Acc(1): 70.00, Acc(5): 96.00, F1: 0.15, Recall: 0.14, Precision: 0.16
2023-06-19 16:44:32,195 - AUGCON - INFO - Epoch [36/50]-(0/22) Loss: 0.5851, Acc(1): 75.00, Acc(5): 100.00
2023-06-19 16:44:32,195 - AUGCON - INFO - Epoch [36/50]-(5/22) Loss: 0.6842, Acc(1): 75.00, Acc(5): 100.00
2023-06-19 16:44:32,195 - AUGCON - INFO - Epoch [36/50]-(10/22) Loss: 1.1558, Acc(1): 50.00, Acc(5): 100.00
2023-06-19 16:44:32,195 - AUGCON - INFO - Epoch [36/50]-(15/22) Loss: 1.0571, Acc(1): 50.00, Acc(5): 100.00
2023-06-19 16:44:32,195 - AUGCON - INFO - Epoch [36/50]-(20/22) Loss: 0.8405, Acc(1): 50.00, Acc(5): 100.00
2023-06-19 16:44:32,195 - AUGCON - INFO - 	Validation Loss: 1.0466, Acc(1): 69.00, Acc(5): 95.00, F1: 0.15, Recall: 0.13, Precision: 0.16
2023-06-19 16:44:32,195 - AUGCON - INFO - Epoch [37/50]-(0/22) Loss: 0.2088, Acc(1): 100.00, Acc(5): 100.00
2023-06-19 16:44:32,195 - AUGCON - INFO - Epoch [37/50]-(5/22) Loss: 0.9008, Acc(1): 75.00, Acc(5): 100.00
2023-06-19 16:44:32,196 - AUGCON - INFO - Epoch [37/50]-(10/22) Loss: 0.5698, Acc(1): 100.00, Acc(5): 100.00
2023-06-19 16:44:32,196 - AUGCON - INFO - Epoch [37/50]-(15/22) Loss: 0.3763, Acc(1): 100.00, Acc(5): 100.00
2023-06-19 16:44:32,196 - AUGCON - INFO - Epoch [37/50]-(20/22) Loss: 1.5353, Acc(1): 50.00, Acc(5): 100.00
2023-06-19 16:44:32,196 - AUGCON - INFO - 	Validation Loss: 0.9910, Acc(1): 77.00, Acc(5): 96.00, F1: 0.15, Recall: 0.15, Precision: 0.15
2023-06-19 16:44:32,196 - AUGCON - INFO - Epoch [38/50]-(0/22) Loss: 0.4244, Acc(1): 100.00, Acc(5): 100.00
2023-06-19 16:44:32,196 - AUGCON - INFO - Epoch [38/50]-(5/22) Loss: 0.4803, Acc(1): 75.00, Acc(5): 100.00
2023-06-19 16:44:32,196 - AUGCON - INFO - Epoch [38/50]-(10/22) Loss: 1.0831, Acc(1): 75.00, Acc(5): 100.00
2023-06-19 16:44:32,196 - AUGCON - INFO - Epoch [38/50]-(15/22) Loss: 0.7117, Acc(1): 75.00, Acc(5): 100.00
2023-06-19 16:44:32,196 - AUGCON - INFO - Epoch [38/50]-(20/22) Loss: 0.5219, Acc(1): 100.00, Acc(5): 100.00
2023-06-19 16:44:32,196 - AUGCON - INFO - 	Validation Loss: 1.0147, Acc(1): 72.00, Acc(5): 96.00, F1: 0.15, Recall: 0.14, Precision: 0.16
2023-06-19 16:44:32,196 - AUGCON - INFO - Epoch [39/50]-(0/22) Loss: 0.6048, Acc(1): 100.00, Acc(5): 100.00
2023-06-19 16:44:32,196 - AUGCON - INFO - Epoch [39/50]-(5/22) Loss: 0.5749, Acc(1): 100.00, Acc(5): 100.00
2023-06-19 16:44:32,196 - AUGCON - INFO - Epoch [39/50]-(10/22) Loss: 0.5535, Acc(1): 75.00, Acc(5): 100.00
2023-06-19 16:44:32,196 - AUGCON - INFO - Epoch [39/50]-(15/22) Loss: 0.7861, Acc(1): 75.00, Acc(5): 100.00
2023-06-19 16:44:32,196 - AUGCON - INFO - Epoch [39/50]-(20/22) Loss: 0.8727, Acc(1): 50.00, Acc(5): 100.00
2023-06-19 16:44:32,197 - AUGCON - INFO - 	Validation Loss: 1.0123, Acc(1): 70.00, Acc(5): 96.00, F1: 0.15, Recall: 0.14, Precision: 0.16
2023-06-19 16:44:32,197 - AUGCON - INFO - Epoch [40/50]-(0/22) Loss: 0.3866, Acc(1): 100.00, Acc(5): 100.00
2023-06-19 16:44:32,197 - AUGCON - INFO - Epoch [40/50]-(5/22) Loss: 0.5752, Acc(1): 100.00, Acc(5): 100.00
2023-06-19 16:44:32,197 - AUGCON - INFO - Epoch [40/50]-(10/22) Loss: 0.8146, Acc(1): 75.00, Acc(5): 100.00
2023-06-19 16:44:32,197 - AUGCON - INFO - Epoch [40/50]-(15/22) Loss: 0.9105, Acc(1): 50.00, Acc(5): 100.00
2023-06-19 16:44:32,197 - AUGCON - INFO - Epoch [40/50]-(20/22) Loss: 0.9584, Acc(1): 75.00, Acc(5): 100.00
2023-06-19 16:44:32,197 - AUGCON - INFO - 	Validation Loss: 1.0266, Acc(1): 76.00, Acc(5): 96.00, F1: 0.16, Recall: 0.15, Precision: 0.16
2023-06-19 16:44:32,197 - AUGCON - INFO - Epoch [41/50]-(0/22) Loss: 0.4920, Acc(1): 75.00, Acc(5): 100.00
2023-06-19 16:44:32,197 - AUGCON - INFO - Epoch [41/50]-(5/22) Loss: 0.5554, Acc(1): 75.00, Acc(5): 100.00
2023-06-19 16:44:32,197 - AUGCON - INFO - Epoch [41/50]-(10/22) Loss: 0.7513, Acc(1): 75.00, Acc(5): 100.00
2023-06-19 16:44:32,197 - AUGCON - INFO - Epoch [41/50]-(15/22) Loss: 0.5590, Acc(1): 75.00, Acc(5): 100.00
2023-06-19 16:44:32,197 - AUGCON - INFO - Epoch [41/50]-(20/22) Loss: 1.4190, Acc(1): 50.00, Acc(5): 100.00
2023-06-19 16:44:32,197 - AUGCON - INFO - 	Validation Loss: 1.0018, Acc(1): 73.00, Acc(5): 96.00, F1: 0.15, Recall: 0.15, Precision: 0.16
2023-06-19 16:44:32,197 - AUGCON - INFO - Epoch [42/50]-(0/22) Loss: 1.3388, Acc(1): 50.00, Acc(5): 100.00
2023-06-19 16:44:32,197 - AUGCON - INFO - Epoch [42/50]-(5/22) Loss: 0.3609, Acc(1): 100.00, Acc(5): 100.00
2023-06-19 16:44:32,197 - AUGCON - INFO - Epoch [42/50]-(10/22) Loss: 0.9353, Acc(1): 75.00, Acc(5): 100.00
2023-06-19 16:44:32,198 - AUGCON - INFO - Epoch [42/50]-(15/22) Loss: 0.5698, Acc(1): 75.00, Acc(5): 100.00
2023-06-19 16:44:32,198 - AUGCON - INFO - Epoch [42/50]-(20/22) Loss: 0.3251, Acc(1): 75.00, Acc(5): 100.00
2023-06-19 16:44:32,198 - AUGCON - INFO - 	Validation Loss: 1.0156, Acc(1): 77.00, Acc(5): 96.00, F1: 0.16, Recall: 0.15, Precision: 0.16
2023-06-19 16:44:32,198 - AUGCON - INFO - Epoch [43/50]-(0/22) Loss: 0.4126, Acc(1): 100.00, Acc(5): 100.00
2023-06-19 16:44:32,198 - AUGCON - INFO - Epoch [43/50]-(5/22) Loss: 0.2401, Acc(1): 100.00, Acc(5): 100.00
2023-06-19 16:44:32,198 - AUGCON - INFO - Epoch [43/50]-(10/22) Loss: 0.7914, Acc(1): 75.00, Acc(5): 100.00
2023-06-19 16:44:32,198 - AUGCON - INFO - Epoch [43/50]-(15/22) Loss: 0.6411, Acc(1): 75.00, Acc(5): 100.00
2023-06-19 16:44:32,198 - AUGCON - INFO - Epoch [43/50]-(20/22) Loss: 0.5244, Acc(1): 50.00, Acc(5): 100.00
2023-06-19 16:44:32,198 - AUGCON - INFO - 	Validation Loss: 1.0227, Acc(1): 73.00, Acc(5): 95.00, F1: 0.15, Recall: 0.14, Precision: 0.16
2023-06-19 16:44:32,198 - AUGCON - INFO - Epoch [44/50]-(0/22) Loss: 0.2639, Acc(1): 100.00, Acc(5): 100.00
2023-06-19 16:44:32,198 - AUGCON - INFO - Epoch [44/50]-(5/22) Loss: 0.6104, Acc(1): 75.00, Acc(5): 100.00
2023-06-19 16:44:32,198 - AUGCON - INFO - Epoch [44/50]-(10/22) Loss: 0.6358, Acc(1): 75.00, Acc(5): 100.00
2023-06-19 16:44:32,198 - AUGCON - INFO - Epoch [44/50]-(15/22) Loss: 0.6535, Acc(1): 100.00, Acc(5): 100.00
2023-06-19 16:44:32,198 - AUGCON - INFO - Epoch [44/50]-(20/22) Loss: 1.0300, Acc(1): 50.00, Acc(5): 100.00
2023-06-19 16:44:32,198 - AUGCON - INFO - 	Validation Loss: 0.9878, Acc(1): 72.00, Acc(5): 96.00, F1: 0.14, Recall: 0.14, Precision: 0.15
2023-06-19 16:44:32,198 - AUGCON - INFO - Epoch [45/50]-(0/22) Loss: 0.6953, Acc(1): 100.00, Acc(5): 100.00
2023-06-19 16:44:32,199 - AUGCON - INFO - Epoch [45/50]-(5/22) Loss: 1.4119, Acc(1): 50.00, Acc(5): 100.00
2023-06-19 16:44:32,199 - AUGCON - INFO - Epoch [45/50]-(10/22) Loss: 0.1772, Acc(1): 100.00, Acc(5): 100.00
2023-06-19 16:44:32,199 - AUGCON - INFO - Epoch [45/50]-(15/22) Loss: 1.0864, Acc(1): 75.00, Acc(5): 100.00
2023-06-19 16:44:32,199 - AUGCON - INFO - Epoch [45/50]-(20/22) Loss: 0.5540, Acc(1): 100.00, Acc(5): 100.00
2023-06-19 16:44:32,199 - AUGCON - INFO - 	Validation Loss: 1.0064, Acc(1): 74.00, Acc(5): 96.00, F1: 0.15, Recall: 0.15, Precision: 0.16
2023-06-19 16:44:32,199 - AUGCON - INFO - Epoch [46/50]-(0/22) Loss: 0.5081, Acc(1): 75.00, Acc(5): 100.00
2023-06-19 16:44:32,199 - AUGCON - INFO - Epoch [46/50]-(5/22) Loss: 0.3545, Acc(1): 100.00, Acc(5): 100.00
2023-06-19 16:44:32,199 - AUGCON - INFO - Epoch [46/50]-(10/22) Loss: 0.6294, Acc(1): 75.00, Acc(5): 100.00
2023-06-19 16:44:32,199 - AUGCON - INFO - Epoch [46/50]-(15/22) Loss: 0.9217, Acc(1): 50.00, Acc(5): 100.00
2023-06-19 16:44:32,199 - AUGCON - INFO - Epoch [46/50]-(20/22) Loss: 1.1534, Acc(1): 50.00, Acc(5): 100.00
2023-06-19 16:44:32,199 - AUGCON - INFO - 	Validation Loss: 1.0074, Acc(1): 72.00, Acc(5): 95.00, F1: 0.15, Recall: 0.14, Precision: 0.15
2023-06-19 16:44:32,199 - AUGCON - INFO - Epoch [47/50]-(0/22) Loss: 0.7918, Acc(1): 75.00, Acc(5): 100.00
2023-06-19 16:44:32,199 - AUGCON - INFO - Epoch [47/50]-(5/22) Loss: 0.3609, Acc(1): 100.00, Acc(5): 100.00
2023-06-19 16:44:32,199 - AUGCON - INFO - Epoch [47/50]-(10/22) Loss: 0.3627, Acc(1): 100.00, Acc(5): 100.00
2023-06-19 16:44:32,199 - AUGCON - INFO - Epoch [47/50]-(15/22) Loss: 1.3581, Acc(1): 50.00, Acc(5): 100.00
2023-06-19 16:44:32,199 - AUGCON - INFO - Epoch [47/50]-(20/22) Loss: 0.5008, Acc(1): 100.00, Acc(5): 100.00
2023-06-19 16:44:32,200 - AUGCON - INFO - 	Validation Loss: 1.0086, Acc(1): 74.00, Acc(5): 96.00, F1: 0.15, Recall: 0.15, Precision: 0.15
2023-06-19 16:44:32,200 - AUGCON - INFO - Epoch [48/50]-(0/22) Loss: 0.3637, Acc(1): 100.00, Acc(5): 100.00
2023-06-19 16:44:32,200 - AUGCON - INFO - Epoch [48/50]-(5/22) Loss: 0.5518, Acc(1): 100.00, Acc(5): 100.00
2023-06-19 16:44:32,200 - AUGCON - INFO - Epoch [48/50]-(10/22) Loss: 0.5358, Acc(1): 75.00, Acc(5): 100.00
2023-06-19 16:44:32,200 - AUGCON - INFO - Epoch [48/50]-(15/22) Loss: 0.4788, Acc(1): 75.00, Acc(5): 100.00
2023-06-19 16:44:32,200 - AUGCON - INFO - Epoch [48/50]-(20/22) Loss: 1.0207, Acc(1): 75.00, Acc(5): 100.00
2023-06-19 16:44:32,200 - AUGCON - INFO - 	Validation Loss: 0.9773, Acc(1): 77.00, Acc(5): 96.00, F1: 0.16, Recall: 0.15, Precision: 0.16
2023-06-19 16:44:32,200 - AUGCON - INFO - Epoch [49/50]-(0/22) Loss: 0.7465, Acc(1): 75.00, Acc(5): 100.00
2023-06-19 16:44:32,200 - AUGCON - INFO - Epoch [49/50]-(5/22) Loss: 0.7467, Acc(1): 75.00, Acc(5): 100.00
2023-06-19 16:44:32,200 - AUGCON - INFO - Epoch [49/50]-(10/22) Loss: 1.2121, Acc(1): 50.00, Acc(5): 100.00
2023-06-19 16:44:32,200 - AUGCON - INFO - Epoch [49/50]-(15/22) Loss: 0.0190, Acc(1): 100.00, Acc(5): 100.00
2023-06-19 16:44:32,200 - AUGCON - INFO - Epoch [49/50]-(20/22) Loss: 0.5266, Acc(1): 100.00, Acc(5): 100.00
2023-06-19 16:44:32,200 - AUGCON - INFO - 	Validation Loss: 1.0090, Acc(1): 74.00, Acc(5): 94.00, F1: 0.15, Recall: 0.15, Precision: 0.16
2023-06-19 16:44:32,200 - AUGCON - INFO - Epoch [50/50]-(0/22) Loss: 1.1481, Acc(1): 50.00, Acc(5): 100.00
2023-06-19 16:44:32,200 - AUGCON - INFO - Epoch [50/50]-(5/22) Loss: 0.5737, Acc(1): 100.00, Acc(5): 100.00
2023-06-19 16:44:32,201 - AUGCON - INFO - Epoch [50/50]-(10/22) Loss: 0.2876, Acc(1): 100.00, Acc(5): 100.00
2023-06-19 16:44:32,201 - AUGCON - INFO - Epoch [50/50]-(15/22) Loss: 0.3327, Acc(1): 100.00, Acc(5): 100.00
2023-06-19 16:44:32,201 - AUGCON - INFO - Epoch [50/50]-(20/22) Loss: 0.5644, Acc(1): 75.00, Acc(5): 100.00
2023-06-19 16:44:32,201 - AUGCON - INFO - 	Validation Loss: 1.0387, Acc(1): 77.00, Acc(5): 95.00, F1: 0.16, Recall: 0.15, Precision: 0.16
2023-06-19 16:44:32,201 - AUGCON - INFO - 	Validation Loss: 0.8524, Acc(1): 80.67, Acc(5): 98.00, F1: 0.19, Recall: 0.18, Precision: 0.20
