2023-06-19 16:46:23,756 - AUGCON - INFO - logger initialized (/home/hjyoon/projects/augcon/config/exp0/finetune_da_true/without_target_domain_PH0012-thanh/metacpc_random_8421/tgt_target_domain_WA0003-hskim_seed0.yaml.log)
2023-06-19 16:46:23,757 - AUGCON - INFO - ================= Config =================
2023-06-19 16:46:23,757 - AUGCON - INFO -   mode: finetune
2023-06-19 16:46:23,757 - AUGCON - INFO -   seed: 0
2023-06-19 16:46:23,757 - AUGCON - INFO -   gpu: [1]
2023-06-19 16:46:23,757 - AUGCON - INFO -   num_workers: 1
2023-06-19 16:46:23,757 - AUGCON - INFO -   dist_url: tcp://localhost:10001
2023-06-19 16:46:23,757 - AUGCON - INFO -   dataset_name: ichar
2023-06-19 16:46:23,757 - AUGCON - INFO -   train_dataset_path: /mnt/sting/hjyoon/projects/cross/ICHAR/augcon/target_domain_WA0003-hskim/finetune/10shot/target/train.pkl
2023-06-19 16:46:23,757 - AUGCON - INFO -   test_dataset_path: /mnt/sting/hjyoon/projects/cross/ICHAR/augcon/target_domain_WA0003-hskim/finetune/10shot/target/test.pkl
2023-06-19 16:46:23,757 - AUGCON - INFO -   val_dataset_path: /mnt/sting/hjyoon/projects/cross/ICHAR/augcon/target_domain_WA0003-hskim/finetune/10shot/target/val.pkl
2023-06-19 16:46:23,757 - AUGCON - INFO -   input_channels: 3
2023-06-19 16:46:23,758 - AUGCON - INFO -   num_cls: 9
2023-06-19 16:46:23,758 - AUGCON - INFO -   optimizer: adam
2023-06-19 16:46:23,758 - AUGCON - INFO -   criterion: crossentropy
2023-06-19 16:46:23,758 - AUGCON - INFO -   start_epoch: 0
2023-06-19 16:46:23,758 - AUGCON - INFO -   epochs: 50
2023-06-19 16:46:23,758 - AUGCON - INFO -   batch_size: 4
2023-06-19 16:46:23,758 - AUGCON - INFO -   lr: 0.001
2023-06-19 16:46:23,758 - AUGCON - INFO -   wd: 0.0
2023-06-19 16:46:23,758 - AUGCON - INFO -   resume: 
2023-06-19 16:46:23,758 - AUGCON - INFO -   pretrained: /mnt/sting/hjyoon/projects/augcontrast/models/exp0/pretrain/without_target_domain_PH0012-thanh/metacpc_random_8421/checkpoint_0999.pth.tar
2023-06-19 16:46:23,758 - AUGCON - INFO -   ckpt_dir: /mnt/sting/hjyoon/projects/augcontrast/models/exp0/finetune_da_true/without_target_domain_PH0012-thanh/metacpc_random_8421/tgt_target_domain_WA0003-hskim_seed0
2023-06-19 16:46:23,758 - AUGCON - INFO -   log_freq: 5
2023-06-19 16:46:23,758 - AUGCON - INFO -   save_freq: 10
2023-06-19 16:46:23,758 - AUGCON - INFO -   pretext: metacpc
2023-06-19 16:46:23,758 - AUGCON - INFO -   enc_blocks: 4
2023-06-19 16:46:23,758 - AUGCON - INFO -   kernel_sizes: [8, 4, 2, 1]
2023-06-19 16:46:23,758 - AUGCON - INFO -   strides: [4, 2, 1, 1]
2023-06-19 16:46:23,758 - AUGCON - INFO -   agg_blocks: 5
2023-06-19 16:46:23,758 - AUGCON - INFO -   z_dim: 256
2023-06-19 16:46:23,758 - AUGCON - INFO -   pooling: mean
2023-06-19 16:46:23,758 - AUGCON - INFO -   pred_steps: 12
2023-06-19 16:46:23,758 - AUGCON - INFO -   n_negatives: 15
2023-06-19 16:46:23,758 - AUGCON - INFO -   offset: 4
2023-06-19 16:46:23,758 - AUGCON - INFO -   domain_adaptation: True
2023-06-19 16:46:23,758 - AUGCON - INFO -   task_steps: 10
2023-06-19 16:46:23,758 - AUGCON - INFO -   task_lr: 0.001
2023-06-19 16:46:23,758 - AUGCON - INFO -   reg_lambda: 0
2023-06-19 16:46:23,758 - AUGCON - INFO -   mlp: False
2023-06-19 16:46:23,758 - AUGCON - INFO -   freeze: True
2023-06-19 16:46:23,758 - AUGCON - INFO -   no_vars: False
2023-06-19 16:46:23,758 - AUGCON - INFO - ==========================================
2023-06-19 16:46:23,758 - AUGCON - INFO - Setting GPUs: [1]
2023-06-19 16:46:23,758 - AUGCON - INFO - GPUs [1] will be used
2023-06-19 16:46:23,759 - AUGCON - WARNING - You have chosen to seed training. 
2023-06-19 16:46:23,759 - AUGCON - WARNING - This will turn on the CUDNN deterministic setting, 
2023-06-19 16:46:23,759 - AUGCON - WARNING - which can slow down your training considerably! 
2023-06-19 16:46:23,759 - AUGCON - WARNING - You may see unexpected behavior when restarting 
2023-06-19 16:46:23,759 - AUGCON - WARNING - from checkpoints.
2023-06-19 16:46:23,799 - AUGCON - INFO - Executing MetaCPC
2023-06-19 16:46:23,799 - AUGCON - INFO - Logs are skipped during training
2023-06-19 16:46:43,330 - AUGCON - INFO - Single GPU is used for training - training 90 instances for each worker
2023-06-19 16:46:43,330 - AUGCON - INFO - Loading pretrained model from checkpoint - /mnt/sting/hjyoon/projects/augcontrast/models/exp0/pretrain/without_target_domain_PH0012-thanh/metacpc_random_8421/checkpoint_0999.pth.tar
2023-06-19 16:46:43,330 - AUGCON - INFO - Missing keys: []
2023-06-19 16:46:43,330 - AUGCON - INFO - Perform domain adaptation step
2023-06-19 16:46:43,330 - AUGCON - INFO - 	meta-train [0/10] Loss: 17.1527, Acc(1): 6.53, Acc(5): 30.87
2023-06-19 16:46:43,330 - AUGCON - INFO - 	meta-train [1/10] Loss: 8.0138, Acc(1): 7.49, Acc(5): 34.36
2023-06-19 16:46:43,330 - AUGCON - INFO - 	meta-train [2/10] Loss: 3.5053, Acc(1): 13.03, Acc(5): 49.17
2023-06-19 16:46:43,330 - AUGCON - INFO - 	meta-train [3/10] Loss: 2.0952, Acc(1): 25.12, Acc(5): 75.90
2023-06-19 16:46:43,331 - AUGCON - INFO - 	meta-train [4/10] Loss: 1.8311, Acc(1): 30.56, Acc(5): 83.79
2023-06-19 16:46:43,331 - AUGCON - INFO - 	meta-train [5/10] Loss: 1.7764, Acc(1): 32.76, Acc(5): 86.20
2023-06-19 16:46:43,331 - AUGCON - INFO - 	meta-train [6/10] Loss: 1.7517, Acc(1): 33.77, Acc(5): 86.63
2023-06-19 16:46:43,331 - AUGCON - INFO - 	meta-train [7/10] Loss: 1.6983, Acc(1): 35.77, Acc(5): 87.67
2023-06-19 16:46:43,331 - AUGCON - INFO - 	meta-train [8/10] Loss: 1.7233, Acc(1): 34.42, Acc(5): 86.53
2023-06-19 16:46:43,331 - AUGCON - INFO - 	meta-train [9/10] Loss: 1.7078, Acc(1): 34.31, Acc(5): 87.94
2023-06-19 16:46:43,331 - AUGCON - INFO - Loading encoder parameters to the classifier
2023-06-19 16:46:43,331 - AUGCON - INFO - Missing keys: ['classifier.block.0.weight', 'classifier.block.0.bias']
2023-06-19 16:46:43,331 - AUGCON - INFO - Epoch [1/50]-(0/22) Loss: 2.0810, Acc(1): 50.00, Acc(5): 50.00
2023-06-19 16:46:43,331 - AUGCON - INFO - Epoch [1/50]-(5/22) Loss: 2.1807, Acc(1): 25.00, Acc(5): 75.00
2023-06-19 16:46:43,331 - AUGCON - INFO - Epoch [1/50]-(10/22) Loss: 2.4812, Acc(1): 0.00, Acc(5): 50.00
2023-06-19 16:46:43,331 - AUGCON - INFO - Epoch [1/50]-(15/22) Loss: 2.2078, Acc(1): 25.00, Acc(5): 75.00
2023-06-19 16:46:43,332 - AUGCON - INFO - Epoch [1/50]-(20/22) Loss: 2.2264, Acc(1): 25.00, Acc(5): 50.00
2023-06-19 16:46:43,332 - AUGCON - INFO - 	Validation Loss: 2.0624, Acc(1): 18.00, Acc(5): 83.00, F1: 0.05, Recall: 0.05, Precision: 0.05
2023-06-19 16:46:43,332 - AUGCON - INFO - Epoch [2/50]-(0/22) Loss: 2.0855, Acc(1): 25.00, Acc(5): 50.00
2023-06-19 16:46:43,332 - AUGCON - INFO - Epoch [2/50]-(5/22) Loss: 2.4930, Acc(1): 0.00, Acc(5): 50.00
2023-06-19 16:46:43,332 - AUGCON - INFO - Epoch [2/50]-(10/22) Loss: 2.1853, Acc(1): 25.00, Acc(5): 25.00
2023-06-19 16:46:43,332 - AUGCON - INFO - Epoch [2/50]-(15/22) Loss: 2.0491, Acc(1): 25.00, Acc(5): 75.00
2023-06-19 16:46:43,332 - AUGCON - INFO - Epoch [2/50]-(20/22) Loss: 2.0890, Acc(1): 0.00, Acc(5): 75.00
2023-06-19 16:46:43,332 - AUGCON - INFO - 	Validation Loss: 1.9210, Acc(1): 39.00, Acc(5): 94.00, F1: 0.11, Recall: 0.10, Precision: 0.11
2023-06-19 16:46:43,332 - AUGCON - INFO - Epoch [3/50]-(0/22) Loss: 1.8621, Acc(1): 50.00, Acc(5): 100.00
2023-06-19 16:46:43,332 - AUGCON - INFO - Epoch [3/50]-(5/22) Loss: 1.8493, Acc(1): 50.00, Acc(5): 100.00
2023-06-19 16:46:43,332 - AUGCON - INFO - Epoch [3/50]-(10/22) Loss: 2.4031, Acc(1): 0.00, Acc(5): 25.00
2023-06-19 16:46:43,332 - AUGCON - INFO - Epoch [3/50]-(15/22) Loss: 2.0520, Acc(1): 0.00, Acc(5): 75.00
2023-06-19 16:46:43,333 - AUGCON - INFO - Epoch [3/50]-(20/22) Loss: 1.9174, Acc(1): 25.00, Acc(5): 100.00
2023-06-19 16:46:43,333 - AUGCON - INFO - 	Validation Loss: 1.8723, Acc(1): 45.00, Acc(5): 96.00, F1: 0.11, Recall: 0.08, Precision: 0.19
2023-06-19 16:46:43,333 - AUGCON - INFO - Epoch [4/50]-(0/22) Loss: 2.0584, Acc(1): 25.00, Acc(5): 100.00
2023-06-19 16:46:43,333 - AUGCON - INFO - Epoch [4/50]-(5/22) Loss: 1.8384, Acc(1): 25.00, Acc(5): 100.00
2023-06-19 16:46:43,333 - AUGCON - INFO - Epoch [4/50]-(10/22) Loss: 2.0185, Acc(1): 25.00, Acc(5): 50.00
2023-06-19 16:46:43,333 - AUGCON - INFO - Epoch [4/50]-(15/22) Loss: 1.7515, Acc(1): 50.00, Acc(5): 100.00
2023-06-19 16:46:43,333 - AUGCON - INFO - Epoch [4/50]-(20/22) Loss: 1.7940, Acc(1): 25.00, Acc(5): 100.00
2023-06-19 16:46:43,333 - AUGCON - INFO - 	Validation Loss: 1.7782, Acc(1): 44.00, Acc(5): 95.00, F1: 0.13, Recall: 0.13, Precision: 0.13
2023-06-19 16:46:43,333 - AUGCON - INFO - Epoch [5/50]-(0/22) Loss: 1.8066, Acc(1): 50.00, Acc(5): 100.00
2023-06-19 16:46:43,333 - AUGCON - INFO - Epoch [5/50]-(5/22) Loss: 1.8018, Acc(1): 50.00, Acc(5): 75.00
2023-06-19 16:46:43,333 - AUGCON - INFO - Epoch [5/50]-(10/22) Loss: 1.8214, Acc(1): 25.00, Acc(5): 100.00
2023-06-19 16:46:43,333 - AUGCON - INFO - Epoch [5/50]-(15/22) Loss: 1.8393, Acc(1): 25.00, Acc(5): 100.00
2023-06-19 16:46:43,334 - AUGCON - INFO - Epoch [5/50]-(20/22) Loss: 1.9145, Acc(1): 0.00, Acc(5): 100.00
2023-06-19 16:46:43,334 - AUGCON - INFO - 	Validation Loss: 1.6838, Acc(1): 58.00, Acc(5): 100.00, F1: 0.17, Recall: 0.17, Precision: 0.18
2023-06-19 16:46:43,334 - AUGCON - INFO - Epoch [6/50]-(0/22) Loss: 1.7077, Acc(1): 75.00, Acc(5): 100.00
2023-06-19 16:46:43,334 - AUGCON - INFO - Epoch [6/50]-(5/22) Loss: 1.5494, Acc(1): 100.00, Acc(5): 100.00
2023-06-19 16:46:43,334 - AUGCON - INFO - Epoch [6/50]-(10/22) Loss: 1.4747, Acc(1): 50.00, Acc(5): 100.00
2023-06-19 16:46:43,334 - AUGCON - INFO - Epoch [6/50]-(15/22) Loss: 1.5632, Acc(1): 75.00, Acc(5): 75.00
2023-06-19 16:46:43,334 - AUGCON - INFO - Epoch [6/50]-(20/22) Loss: 1.4807, Acc(1): 50.00, Acc(5): 100.00
2023-06-19 16:46:43,334 - AUGCON - INFO - 	Validation Loss: 1.6135, Acc(1): 60.00, Acc(5): 100.00, F1: 0.16, Recall: 0.17, Precision: 0.14
2023-06-19 16:46:43,334 - AUGCON - INFO - Epoch [7/50]-(0/22) Loss: 1.6703, Acc(1): 50.00, Acc(5): 100.00
2023-06-19 16:46:43,334 - AUGCON - INFO - Epoch [7/50]-(5/22) Loss: 1.5545, Acc(1): 50.00, Acc(5): 100.00
2023-06-19 16:46:43,334 - AUGCON - INFO - Epoch [7/50]-(10/22) Loss: 2.0749, Acc(1): 25.00, Acc(5): 75.00
2023-06-19 16:46:43,334 - AUGCON - INFO - Epoch [7/50]-(15/22) Loss: 1.6930, Acc(1): 25.00, Acc(5): 100.00
2023-06-19 16:46:43,335 - AUGCON - INFO - Epoch [7/50]-(20/22) Loss: 1.6185, Acc(1): 50.00, Acc(5): 100.00
2023-06-19 16:46:43,335 - AUGCON - INFO - 	Validation Loss: 1.5539, Acc(1): 65.00, Acc(5): 98.00, F1: 0.19, Recall: 0.19, Precision: 0.19
2023-06-19 16:46:43,335 - AUGCON - INFO - Epoch [8/50]-(0/22) Loss: 1.5528, Acc(1): 75.00, Acc(5): 100.00
2023-06-19 16:46:43,335 - AUGCON - INFO - Epoch [8/50]-(5/22) Loss: 1.5602, Acc(1): 50.00, Acc(5): 100.00
2023-06-19 16:46:43,335 - AUGCON - INFO - Epoch [8/50]-(10/22) Loss: 1.5780, Acc(1): 50.00, Acc(5): 100.00
2023-06-19 16:46:43,335 - AUGCON - INFO - Epoch [8/50]-(15/22) Loss: 1.5918, Acc(1): 50.00, Acc(5): 100.00
2023-06-19 16:46:43,335 - AUGCON - INFO - Epoch [8/50]-(20/22) Loss: 1.3699, Acc(1): 50.00, Acc(5): 100.00
2023-06-19 16:46:43,335 - AUGCON - INFO - 	Validation Loss: 1.5125, Acc(1): 53.00, Acc(5): 100.00, F1: 0.13, Recall: 0.10, Precision: 0.18
2023-06-19 16:46:43,335 - AUGCON - INFO - Epoch [9/50]-(0/22) Loss: 1.2237, Acc(1): 75.00, Acc(5): 100.00
2023-06-19 16:46:43,335 - AUGCON - INFO - Epoch [9/50]-(5/22) Loss: 1.4817, Acc(1): 75.00, Acc(5): 100.00
2023-06-19 16:46:43,335 - AUGCON - INFO - Epoch [9/50]-(10/22) Loss: 1.6494, Acc(1): 50.00, Acc(5): 100.00
2023-06-19 16:46:43,336 - AUGCON - INFO - Epoch [9/50]-(15/22) Loss: 1.9874, Acc(1): 25.00, Acc(5): 75.00
2023-06-19 16:46:43,336 - AUGCON - INFO - Epoch [9/50]-(20/22) Loss: 1.3191, Acc(1): 50.00, Acc(5): 100.00
2023-06-19 16:46:43,336 - AUGCON - INFO - 	Validation Loss: 1.4368, Acc(1): 68.00, Acc(5): 100.00, F1: 0.19, Recall: 0.19, Precision: 0.19
2023-06-19 16:46:43,336 - AUGCON - INFO - Epoch [10/50]-(0/22) Loss: 1.2561, Acc(1): 75.00, Acc(5): 100.00
2023-06-19 16:46:43,336 - AUGCON - INFO - Epoch [10/50]-(5/22) Loss: 1.1376, Acc(1): 75.00, Acc(5): 100.00
2023-06-19 16:46:43,336 - AUGCON - INFO - Epoch [10/50]-(10/22) Loss: 1.4930, Acc(1): 50.00, Acc(5): 100.00
2023-06-19 16:46:43,336 - AUGCON - INFO - Epoch [10/50]-(15/22) Loss: 1.3089, Acc(1): 75.00, Acc(5): 100.00
2023-06-19 16:46:43,336 - AUGCON - INFO - Epoch [10/50]-(20/22) Loss: 1.4199, Acc(1): 75.00, Acc(5): 100.00
2023-06-19 16:46:43,336 - AUGCON - INFO - 	Validation Loss: 1.4138, Acc(1): 79.00, Acc(5): 97.00, F1: 0.20, Recall: 0.18, Precision: 0.22
2023-06-19 16:46:43,336 - AUGCON - INFO - Epoch [11/50]-(0/22) Loss: 1.1531, Acc(1): 100.00, Acc(5): 100.00
2023-06-19 16:46:43,336 - AUGCON - INFO - Epoch [11/50]-(5/22) Loss: 1.4029, Acc(1): 50.00, Acc(5): 100.00
2023-06-19 16:46:43,337 - AUGCON - INFO - Epoch [11/50]-(10/22) Loss: 1.4305, Acc(1): 75.00, Acc(5): 100.00
2023-06-19 16:46:43,337 - AUGCON - INFO - Epoch [11/50]-(15/22) Loss: 1.5895, Acc(1): 50.00, Acc(5): 75.00
2023-06-19 16:46:43,337 - AUGCON - INFO - Epoch [11/50]-(20/22) Loss: 1.6076, Acc(1): 25.00, Acc(5): 100.00
2023-06-19 16:46:43,337 - AUGCON - INFO - 	Validation Loss: 1.3931, Acc(1): 61.00, Acc(5): 97.00, F1: 0.18, Recall: 0.17, Precision: 0.18
2023-06-19 16:46:43,337 - AUGCON - INFO - Epoch [12/50]-(0/22) Loss: 1.3815, Acc(1): 50.00, Acc(5): 100.00
2023-06-19 16:46:43,337 - AUGCON - INFO - Epoch [12/50]-(5/22) Loss: 1.5071, Acc(1): 50.00, Acc(5): 100.00
2023-06-19 16:46:43,337 - AUGCON - INFO - Epoch [12/50]-(10/22) Loss: 1.3986, Acc(1): 75.00, Acc(5): 100.00
2023-06-19 16:46:43,337 - AUGCON - INFO - Epoch [12/50]-(15/22) Loss: 1.6241, Acc(1): 25.00, Acc(5): 100.00
2023-06-19 16:46:43,337 - AUGCON - INFO - Epoch [12/50]-(20/22) Loss: 1.2496, Acc(1): 100.00, Acc(5): 100.00
2023-06-19 16:46:43,337 - AUGCON - INFO - 	Validation Loss: 1.3414, Acc(1): 90.00, Acc(5): 100.00, F1: 0.22, Recall: 0.21, Precision: 0.22
2023-06-19 16:46:43,337 - AUGCON - INFO - Epoch [13/50]-(0/22) Loss: 1.0223, Acc(1): 100.00, Acc(5): 100.00
2023-06-19 16:46:43,337 - AUGCON - INFO - Epoch [13/50]-(5/22) Loss: 1.6107, Acc(1): 25.00, Acc(5): 100.00
2023-06-19 16:46:43,338 - AUGCON - INFO - Epoch [13/50]-(10/22) Loss: 1.5694, Acc(1): 25.00, Acc(5): 100.00
2023-06-19 16:46:43,338 - AUGCON - INFO - Epoch [13/50]-(15/22) Loss: 1.3873, Acc(1): 50.00, Acc(5): 100.00
2023-06-19 16:46:43,338 - AUGCON - INFO - Epoch [13/50]-(20/22) Loss: 1.0877, Acc(1): 75.00, Acc(5): 100.00
2023-06-19 16:46:43,338 - AUGCON - INFO - 	Validation Loss: 1.2727, Acc(1): 68.00, Acc(5): 100.00, F1: 0.19, Recall: 0.19, Precision: 0.18
2023-06-19 16:46:43,338 - AUGCON - INFO - Epoch [14/50]-(0/22) Loss: 1.5732, Acc(1): 25.00, Acc(5): 75.00
2023-06-19 16:46:43,338 - AUGCON - INFO - Epoch [14/50]-(5/22) Loss: 1.4599, Acc(1): 100.00, Acc(5): 100.00
2023-06-19 16:46:43,338 - AUGCON - INFO - Epoch [14/50]-(10/22) Loss: 0.7945, Acc(1): 75.00, Acc(5): 100.00
2023-06-19 16:46:43,338 - AUGCON - INFO - Epoch [14/50]-(15/22) Loss: 1.1206, Acc(1): 100.00, Acc(5): 100.00
2023-06-19 16:46:43,338 - AUGCON - INFO - Epoch [14/50]-(20/22) Loss: 1.1813, Acc(1): 75.00, Acc(5): 100.00
2023-06-19 16:46:43,338 - AUGCON - INFO - 	Validation Loss: 1.2942, Acc(1): 67.00, Acc(5): 99.00, F1: 0.19, Recall: 0.19, Precision: 0.19
2023-06-19 16:46:43,338 - AUGCON - INFO - Epoch [15/50]-(0/22) Loss: 1.0351, Acc(1): 75.00, Acc(5): 100.00
2023-06-19 16:46:43,339 - AUGCON - INFO - Epoch [15/50]-(5/22) Loss: 1.0731, Acc(1): 75.00, Acc(5): 100.00
2023-06-19 16:46:43,339 - AUGCON - INFO - Epoch [15/50]-(10/22) Loss: 1.3139, Acc(1): 50.00, Acc(5): 100.00
2023-06-19 16:46:43,339 - AUGCON - INFO - Epoch [15/50]-(15/22) Loss: 1.3655, Acc(1): 75.00, Acc(5): 100.00
2023-06-19 16:46:43,339 - AUGCON - INFO - Epoch [15/50]-(20/22) Loss: 1.2593, Acc(1): 50.00, Acc(5): 100.00
2023-06-19 16:46:43,339 - AUGCON - INFO - 	Validation Loss: 1.2474, Acc(1): 72.00, Acc(5): 98.00, F1: 0.19, Recall: 0.20, Precision: 0.19
2023-06-19 16:46:43,339 - AUGCON - INFO - Epoch [16/50]-(0/22) Loss: 1.0490, Acc(1): 75.00, Acc(5): 100.00
2023-06-19 16:46:43,339 - AUGCON - INFO - Epoch [16/50]-(5/22) Loss: 1.4606, Acc(1): 25.00, Acc(5): 100.00
2023-06-19 16:46:43,339 - AUGCON - INFO - Epoch [16/50]-(10/22) Loss: 1.0953, Acc(1): 75.00, Acc(5): 100.00
2023-06-19 16:46:43,339 - AUGCON - INFO - Epoch [16/50]-(15/22) Loss: 0.8373, Acc(1): 100.00, Acc(5): 100.00
2023-06-19 16:46:43,339 - AUGCON - INFO - Epoch [16/50]-(20/22) Loss: 1.6484, Acc(1): 50.00, Acc(5): 75.00
2023-06-19 16:46:43,339 - AUGCON - INFO - 	Validation Loss: 1.2347, Acc(1): 68.00, Acc(5): 99.00, F1: 0.18, Recall: 0.19, Precision: 0.17
2023-06-19 16:46:43,339 - AUGCON - INFO - Epoch [17/50]-(0/22) Loss: 1.0593, Acc(1): 100.00, Acc(5): 100.00
2023-06-19 16:46:43,340 - AUGCON - INFO - Epoch [17/50]-(5/22) Loss: 1.1938, Acc(1): 50.00, Acc(5): 100.00
2023-06-19 16:46:43,340 - AUGCON - INFO - Epoch [17/50]-(10/22) Loss: 1.3192, Acc(1): 75.00, Acc(5): 100.00
2023-06-19 16:46:43,340 - AUGCON - INFO - Epoch [17/50]-(15/22) Loss: 0.7908, Acc(1): 100.00, Acc(5): 100.00
2023-06-19 16:46:43,340 - AUGCON - INFO - Epoch [17/50]-(20/22) Loss: 1.0197, Acc(1): 100.00, Acc(5): 100.00
2023-06-19 16:46:43,340 - AUGCON - INFO - 	Validation Loss: 1.1952, Acc(1): 86.00, Acc(5): 99.00, F1: 0.21, Recall: 0.20, Precision: 0.22
2023-06-19 16:46:43,340 - AUGCON - INFO - Epoch [18/50]-(0/22) Loss: 1.3614, Acc(1): 75.00, Acc(5): 100.00
2023-06-19 16:46:43,340 - AUGCON - INFO - Epoch [18/50]-(5/22) Loss: 1.2864, Acc(1): 50.00, Acc(5): 100.00
2023-06-19 16:46:43,340 - AUGCON - INFO - Epoch [18/50]-(10/22) Loss: 0.9263, Acc(1): 100.00, Acc(5): 100.00
2023-06-19 16:46:43,340 - AUGCON - INFO - Epoch [18/50]-(15/22) Loss: 1.4443, Acc(1): 50.00, Acc(5): 100.00
2023-06-19 16:46:43,340 - AUGCON - INFO - Epoch [18/50]-(20/22) Loss: 1.0630, Acc(1): 100.00, Acc(5): 100.00
2023-06-19 16:46:43,340 - AUGCON - INFO - 	Validation Loss: 1.1862, Acc(1): 86.00, Acc(5): 98.00, F1: 0.21, Recall: 0.20, Precision: 0.23
2023-06-19 16:46:43,341 - AUGCON - INFO - Epoch [19/50]-(0/22) Loss: 0.8280, Acc(1): 100.00, Acc(5): 100.00
2023-06-19 16:46:43,341 - AUGCON - INFO - Epoch [19/50]-(5/22) Loss: 1.0192, Acc(1): 75.00, Acc(5): 100.00
2023-06-19 16:46:43,341 - AUGCON - INFO - Epoch [19/50]-(10/22) Loss: 1.0348, Acc(1): 75.00, Acc(5): 100.00
2023-06-19 16:46:43,341 - AUGCON - INFO - Epoch [19/50]-(15/22) Loss: 1.3655, Acc(1): 50.00, Acc(5): 100.00
2023-06-19 16:46:43,341 - AUGCON - INFO - Epoch [19/50]-(20/22) Loss: 1.2148, Acc(1): 75.00, Acc(5): 100.00
2023-06-19 16:46:43,341 - AUGCON - INFO - 	Validation Loss: 1.1509, Acc(1): 78.00, Acc(5): 100.00, F1: 0.20, Recall: 0.19, Precision: 0.20
2023-06-19 16:46:43,341 - AUGCON - INFO - Epoch [20/50]-(0/22) Loss: 1.1643, Acc(1): 75.00, Acc(5): 100.00
2023-06-19 16:46:43,341 - AUGCON - INFO - Epoch [20/50]-(5/22) Loss: 1.1106, Acc(1): 75.00, Acc(5): 100.00
2023-06-19 16:46:43,341 - AUGCON - INFO - Epoch [20/50]-(10/22) Loss: 1.1081, Acc(1): 75.00, Acc(5): 100.00
2023-06-19 16:46:43,341 - AUGCON - INFO - Epoch [20/50]-(15/22) Loss: 1.2369, Acc(1): 50.00, Acc(5): 100.00
2023-06-19 16:46:43,341 - AUGCON - INFO - Epoch [20/50]-(20/22) Loss: 0.9798, Acc(1): 75.00, Acc(5): 100.00
2023-06-19 16:46:43,342 - AUGCON - INFO - 	Validation Loss: 1.1390, Acc(1): 74.00, Acc(5): 99.00, F1: 0.19, Recall: 0.20, Precision: 0.18
2023-06-19 16:46:43,342 - AUGCON - INFO - Epoch [21/50]-(0/22) Loss: 0.7570, Acc(1): 100.00, Acc(5): 100.00
2023-06-19 16:46:43,342 - AUGCON - INFO - Epoch [21/50]-(5/22) Loss: 1.4136, Acc(1): 50.00, Acc(5): 100.00
2023-06-19 16:46:43,342 - AUGCON - INFO - Epoch [21/50]-(10/22) Loss: 1.0351, Acc(1): 100.00, Acc(5): 100.00
2023-06-19 16:46:43,342 - AUGCON - INFO - Epoch [21/50]-(15/22) Loss: 1.0171, Acc(1): 75.00, Acc(5): 100.00
2023-06-19 16:46:43,342 - AUGCON - INFO - Epoch [21/50]-(20/22) Loss: 1.5193, Acc(1): 50.00, Acc(5): 100.00
2023-06-19 16:46:43,342 - AUGCON - INFO - 	Validation Loss: 1.1005, Acc(1): 83.00, Acc(5): 99.00, F1: 0.21, Recall: 0.20, Precision: 0.22
2023-06-19 16:46:43,342 - AUGCON - INFO - Epoch [22/50]-(0/22) Loss: 0.9889, Acc(1): 75.00, Acc(5): 100.00
2023-06-19 16:46:43,342 - AUGCON - INFO - Epoch [22/50]-(5/22) Loss: 1.1003, Acc(1): 75.00, Acc(5): 100.00
2023-06-19 16:46:43,342 - AUGCON - INFO - Epoch [22/50]-(10/22) Loss: 1.2874, Acc(1): 75.00, Acc(5): 100.00
2023-06-19 16:46:43,342 - AUGCON - INFO - Epoch [22/50]-(15/22) Loss: 1.2105, Acc(1): 75.00, Acc(5): 100.00
2023-06-19 16:46:43,343 - AUGCON - INFO - Epoch [22/50]-(20/22) Loss: 1.0325, Acc(1): 100.00, Acc(5): 100.00
2023-06-19 16:46:43,343 - AUGCON - INFO - 	Validation Loss: 1.0922, Acc(1): 87.00, Acc(5): 100.00, F1: 0.21, Recall: 0.21, Precision: 0.22
2023-06-19 16:46:43,343 - AUGCON - INFO - Epoch [23/50]-(0/22) Loss: 1.0400, Acc(1): 75.00, Acc(5): 100.00
2023-06-19 16:46:43,343 - AUGCON - INFO - Epoch [23/50]-(5/22) Loss: 0.9084, Acc(1): 75.00, Acc(5): 100.00
2023-06-19 16:46:43,343 - AUGCON - INFO - Epoch [23/50]-(10/22) Loss: 1.5162, Acc(1): 50.00, Acc(5): 75.00
2023-06-19 16:46:43,343 - AUGCON - INFO - Epoch [23/50]-(15/22) Loss: 1.0560, Acc(1): 75.00, Acc(5): 100.00
2023-06-19 16:46:43,343 - AUGCON - INFO - Epoch [23/50]-(20/22) Loss: 1.0876, Acc(1): 100.00, Acc(5): 100.00
2023-06-19 16:46:43,343 - AUGCON - INFO - 	Validation Loss: 1.0790, Acc(1): 77.00, Acc(5): 98.00, F1: 0.21, Recall: 0.21, Precision: 0.20
2023-06-19 16:46:43,343 - AUGCON - INFO - Epoch [24/50]-(0/22) Loss: 1.1772, Acc(1): 75.00, Acc(5): 100.00
2023-06-19 16:46:43,343 - AUGCON - INFO - Epoch [24/50]-(5/22) Loss: 0.9194, Acc(1): 75.00, Acc(5): 100.00
2023-06-19 16:46:43,343 - AUGCON - INFO - Epoch [24/50]-(10/22) Loss: 0.7507, Acc(1): 100.00, Acc(5): 100.00
2023-06-19 16:46:43,344 - AUGCON - INFO - Epoch [24/50]-(15/22) Loss: 1.4431, Acc(1): 75.00, Acc(5): 75.00
2023-06-19 16:46:43,344 - AUGCON - INFO - Epoch [24/50]-(20/22) Loss: 1.1109, Acc(1): 100.00, Acc(5): 100.00
2023-06-19 16:46:43,344 - AUGCON - INFO - 	Validation Loss: 1.0821, Acc(1): 85.00, Acc(5): 97.00, F1: 0.21, Recall: 0.21, Precision: 0.22
2023-06-19 16:46:43,344 - AUGCON - INFO - Epoch [25/50]-(0/22) Loss: 0.8621, Acc(1): 75.00, Acc(5): 100.00
2023-06-19 16:46:43,344 - AUGCON - INFO - Epoch [25/50]-(5/22) Loss: 1.0911, Acc(1): 75.00, Acc(5): 100.00
2023-06-19 16:46:43,344 - AUGCON - INFO - Epoch [25/50]-(10/22) Loss: 0.7355, Acc(1): 100.00, Acc(5): 100.00
2023-06-19 16:46:43,344 - AUGCON - INFO - Epoch [25/50]-(15/22) Loss: 1.7226, Acc(1): 50.00, Acc(5): 75.00
2023-06-19 16:46:43,344 - AUGCON - INFO - Epoch [25/50]-(20/22) Loss: 1.2892, Acc(1): 100.00, Acc(5): 100.00
2023-06-19 16:46:43,344 - AUGCON - INFO - 	Validation Loss: 1.0655, Acc(1): 75.00, Acc(5): 98.00, F1: 0.20, Recall: 0.21, Precision: 0.20
2023-06-19 16:46:43,344 - AUGCON - INFO - Epoch [26/50]-(0/22) Loss: 0.8458, Acc(1): 100.00, Acc(5): 100.00
2023-06-19 16:46:43,344 - AUGCON - INFO - Epoch [26/50]-(5/22) Loss: 0.6892, Acc(1): 100.00, Acc(5): 100.00
2023-06-19 16:46:43,344 - AUGCON - INFO - Epoch [26/50]-(10/22) Loss: 1.1876, Acc(1): 75.00, Acc(5): 100.00
2023-06-19 16:46:43,344 - AUGCON - INFO - Epoch [26/50]-(15/22) Loss: 1.0037, Acc(1): 50.00, Acc(5): 100.00
2023-06-19 16:46:43,344 - AUGCON - INFO - Epoch [26/50]-(20/22) Loss: 1.0028, Acc(1): 100.00, Acc(5): 100.00
2023-06-19 16:46:43,344 - AUGCON - INFO - 	Validation Loss: 1.0321, Acc(1): 88.00, Acc(5): 100.00, F1: 0.21, Recall: 0.20, Precision: 0.22
2023-06-19 16:46:43,345 - AUGCON - INFO - Epoch [27/50]-(0/22) Loss: 0.6762, Acc(1): 100.00, Acc(5): 100.00
2023-06-19 16:46:43,345 - AUGCON - INFO - Epoch [27/50]-(5/22) Loss: 1.3251, Acc(1): 75.00, Acc(5): 100.00
2023-06-19 16:46:43,345 - AUGCON - INFO - Epoch [27/50]-(10/22) Loss: 1.0393, Acc(1): 75.00, Acc(5): 100.00
2023-06-19 16:46:43,345 - AUGCON - INFO - Epoch [27/50]-(15/22) Loss: 1.0558, Acc(1): 100.00, Acc(5): 100.00
2023-06-19 16:46:43,345 - AUGCON - INFO - Epoch [27/50]-(20/22) Loss: 1.4918, Acc(1): 50.00, Acc(5): 75.00
2023-06-19 16:46:43,345 - AUGCON - INFO - 	Validation Loss: 1.0443, Acc(1): 89.00, Acc(5): 100.00, F1: 0.22, Recall: 0.21, Precision: 0.22
2023-06-19 16:46:43,345 - AUGCON - INFO - Epoch [28/50]-(0/22) Loss: 1.0786, Acc(1): 100.00, Acc(5): 100.00
2023-06-19 16:46:43,345 - AUGCON - INFO - Epoch [28/50]-(5/22) Loss: 0.8442, Acc(1): 75.00, Acc(5): 100.00
2023-06-19 16:46:43,345 - AUGCON - INFO - Epoch [28/50]-(10/22) Loss: 0.8190, Acc(1): 75.00, Acc(5): 100.00
2023-06-19 16:46:43,345 - AUGCON - INFO - Epoch [28/50]-(15/22) Loss: 1.2659, Acc(1): 50.00, Acc(5): 100.00
2023-06-19 16:46:43,345 - AUGCON - INFO - Epoch [28/50]-(20/22) Loss: 0.9387, Acc(1): 100.00, Acc(5): 100.00
2023-06-19 16:46:43,345 - AUGCON - INFO - 	Validation Loss: 1.0072, Acc(1): 82.00, Acc(5): 100.00, F1: 0.22, Recall: 0.20, Precision: 0.23
2023-06-19 16:46:43,345 - AUGCON - INFO - Epoch [29/50]-(0/22) Loss: 1.0020, Acc(1): 50.00, Acc(5): 100.00
2023-06-19 16:46:43,345 - AUGCON - INFO - Epoch [29/50]-(5/22) Loss: 0.9780, Acc(1): 100.00, Acc(5): 100.00
2023-06-19 16:46:43,345 - AUGCON - INFO - Epoch [29/50]-(10/22) Loss: 1.2150, Acc(1): 75.00, Acc(5): 100.00
2023-06-19 16:46:43,345 - AUGCON - INFO - Epoch [29/50]-(15/22) Loss: 0.8195, Acc(1): 100.00, Acc(5): 100.00
2023-06-19 16:46:43,345 - AUGCON - INFO - Epoch [29/50]-(20/22) Loss: 1.4779, Acc(1): 50.00, Acc(5): 100.00
2023-06-19 16:46:43,346 - AUGCON - INFO - 	Validation Loss: 0.9899, Acc(1): 91.00, Acc(5): 100.00, F1: 0.22, Recall: 0.21, Precision: 0.23
2023-06-19 16:46:43,346 - AUGCON - INFO - Epoch [30/50]-(0/22) Loss: 0.9165, Acc(1): 100.00, Acc(5): 100.00
2023-06-19 16:46:43,346 - AUGCON - INFO - Epoch [30/50]-(5/22) Loss: 0.7242, Acc(1): 100.00, Acc(5): 100.00
2023-06-19 16:46:43,346 - AUGCON - INFO - Epoch [30/50]-(10/22) Loss: 0.7149, Acc(1): 100.00, Acc(5): 100.00
2023-06-19 16:46:43,346 - AUGCON - INFO - Epoch [30/50]-(15/22) Loss: 0.9830, Acc(1): 50.00, Acc(5): 100.00
2023-06-19 16:46:43,346 - AUGCON - INFO - Epoch [30/50]-(20/22) Loss: 1.0333, Acc(1): 100.00, Acc(5): 100.00
2023-06-19 16:46:43,346 - AUGCON - INFO - 	Validation Loss: 0.9811, Acc(1): 81.00, Acc(5): 99.00, F1: 0.21, Recall: 0.22, Precision: 0.21
2023-06-19 16:46:43,346 - AUGCON - INFO - Epoch [31/50]-(0/22) Loss: 0.9452, Acc(1): 75.00, Acc(5): 100.00
2023-06-19 16:46:43,346 - AUGCON - INFO - Epoch [31/50]-(5/22) Loss: 1.0766, Acc(1): 50.00, Acc(5): 100.00
2023-06-19 16:46:43,346 - AUGCON - INFO - Epoch [31/50]-(10/22) Loss: 1.2570, Acc(1): 50.00, Acc(5): 100.00
2023-06-19 16:46:43,346 - AUGCON - INFO - Epoch [31/50]-(15/22) Loss: 0.6935, Acc(1): 75.00, Acc(5): 100.00
2023-06-19 16:46:43,346 - AUGCON - INFO - Epoch [31/50]-(20/22) Loss: 0.7380, Acc(1): 100.00, Acc(5): 100.00
2023-06-19 16:46:43,346 - AUGCON - INFO - 	Validation Loss: 1.0019, Acc(1): 76.00, Acc(5): 97.00, F1: 0.20, Recall: 0.21, Precision: 0.19
2023-06-19 16:46:43,346 - AUGCON - INFO - Epoch [32/50]-(0/22) Loss: 0.8184, Acc(1): 100.00, Acc(5): 100.00
2023-06-19 16:46:43,346 - AUGCON - INFO - Epoch [32/50]-(5/22) Loss: 1.0464, Acc(1): 75.00, Acc(5): 100.00
2023-06-19 16:46:43,346 - AUGCON - INFO - Epoch [32/50]-(10/22) Loss: 0.9622, Acc(1): 75.00, Acc(5): 100.00
2023-06-19 16:46:43,347 - AUGCON - INFO - Epoch [32/50]-(15/22) Loss: 0.9352, Acc(1): 100.00, Acc(5): 100.00
2023-06-19 16:46:43,347 - AUGCON - INFO - Epoch [32/50]-(20/22) Loss: 1.0970, Acc(1): 25.00, Acc(5): 100.00
2023-06-19 16:46:43,347 - AUGCON - INFO - 	Validation Loss: 0.9739, Acc(1): 78.00, Acc(5): 100.00, F1: 0.20, Recall: 0.21, Precision: 0.20
2023-06-19 16:46:43,347 - AUGCON - INFO - Epoch [33/50]-(0/22) Loss: 0.4750, Acc(1): 100.00, Acc(5): 100.00
2023-06-19 16:46:43,347 - AUGCON - INFO - Epoch [33/50]-(5/22) Loss: 0.9545, Acc(1): 75.00, Acc(5): 100.00
2023-06-19 16:46:43,347 - AUGCON - INFO - Epoch [33/50]-(10/22) Loss: 0.9425, Acc(1): 75.00, Acc(5): 100.00
2023-06-19 16:46:43,347 - AUGCON - INFO - Epoch [33/50]-(15/22) Loss: 0.6455, Acc(1): 100.00, Acc(5): 100.00
2023-06-19 16:46:43,347 - AUGCON - INFO - Epoch [33/50]-(20/22) Loss: 1.0305, Acc(1): 50.00, Acc(5): 100.00
2023-06-19 16:46:43,347 - AUGCON - INFO - 	Validation Loss: 0.9627, Acc(1): 87.00, Acc(5): 98.00, F1: 0.21, Recall: 0.21, Precision: 0.22
2023-06-19 16:46:43,347 - AUGCON - INFO - Epoch [34/50]-(0/22) Loss: 1.1006, Acc(1): 100.00, Acc(5): 100.00
2023-06-19 16:46:43,347 - AUGCON - INFO - Epoch [34/50]-(5/22) Loss: 0.6042, Acc(1): 100.00, Acc(5): 100.00
2023-06-19 16:46:43,347 - AUGCON - INFO - Epoch [34/50]-(10/22) Loss: 0.6892, Acc(1): 75.00, Acc(5): 100.00
2023-06-19 16:46:43,347 - AUGCON - INFO - Epoch [34/50]-(15/22) Loss: 1.5880, Acc(1): 25.00, Acc(5): 100.00
2023-06-19 16:46:43,347 - AUGCON - INFO - Epoch [34/50]-(20/22) Loss: 1.1743, Acc(1): 75.00, Acc(5): 75.00
2023-06-19 16:46:43,347 - AUGCON - INFO - 	Validation Loss: 0.9714, Acc(1): 75.00, Acc(5): 99.00, F1: 0.21, Recall: 0.21, Precision: 0.20
2023-06-19 16:46:43,347 - AUGCON - INFO - Epoch [35/50]-(0/22) Loss: 1.6099, Acc(1): 50.00, Acc(5): 75.00
2023-06-19 16:46:43,348 - AUGCON - INFO - Epoch [35/50]-(5/22) Loss: 0.7071, Acc(1): 100.00, Acc(5): 100.00
2023-06-19 16:46:43,348 - AUGCON - INFO - Epoch [35/50]-(10/22) Loss: 0.9371, Acc(1): 50.00, Acc(5): 100.00
2023-06-19 16:46:43,348 - AUGCON - INFO - Epoch [35/50]-(15/22) Loss: 1.2505, Acc(1): 25.00, Acc(5): 100.00
2023-06-19 16:46:43,348 - AUGCON - INFO - Epoch [35/50]-(20/22) Loss: 1.2268, Acc(1): 75.00, Acc(5): 100.00
2023-06-19 16:46:43,348 - AUGCON - INFO - 	Validation Loss: 0.9300, Acc(1): 74.00, Acc(5): 99.00, F1: 0.20, Recall: 0.21, Precision: 0.19
2023-06-19 16:46:43,348 - AUGCON - INFO - Epoch [36/50]-(0/22) Loss: 0.7738, Acc(1): 75.00, Acc(5): 100.00
2023-06-19 16:46:43,348 - AUGCON - INFO - Epoch [36/50]-(5/22) Loss: 0.5991, Acc(1): 100.00, Acc(5): 100.00
2023-06-19 16:46:43,348 - AUGCON - INFO - Epoch [36/50]-(10/22) Loss: 1.2857, Acc(1): 75.00, Acc(5): 100.00
2023-06-19 16:46:43,348 - AUGCON - INFO - Epoch [36/50]-(15/22) Loss: 0.7593, Acc(1): 100.00, Acc(5): 100.00
2023-06-19 16:46:43,348 - AUGCON - INFO - Epoch [36/50]-(20/22) Loss: 0.8614, Acc(1): 50.00, Acc(5): 100.00
2023-06-19 16:46:43,348 - AUGCON - INFO - 	Validation Loss: 0.9184, Acc(1): 85.00, Acc(5): 99.00, F1: 0.21, Recall: 0.19, Precision: 0.22
2023-06-19 16:46:43,348 - AUGCON - INFO - Epoch [37/50]-(0/22) Loss: 0.6283, Acc(1): 100.00, Acc(5): 100.00
2023-06-19 16:46:43,348 - AUGCON - INFO - Epoch [37/50]-(5/22) Loss: 0.7672, Acc(1): 100.00, Acc(5): 100.00
2023-06-19 16:46:43,348 - AUGCON - INFO - Epoch [37/50]-(10/22) Loss: 0.4527, Acc(1): 100.00, Acc(5): 100.00
2023-06-19 16:46:43,348 - AUGCON - INFO - Epoch [37/50]-(15/22) Loss: 0.3784, Acc(1): 100.00, Acc(5): 100.00
2023-06-19 16:46:43,349 - AUGCON - INFO - Epoch [37/50]-(20/22) Loss: 1.0105, Acc(1): 100.00, Acc(5): 100.00
2023-06-19 16:46:43,349 - AUGCON - INFO - 	Validation Loss: 0.9403, Acc(1): 84.00, Acc(5): 98.00, F1: 0.21, Recall: 0.21, Precision: 0.21
2023-06-19 16:46:43,349 - AUGCON - INFO - Epoch [38/50]-(0/22) Loss: 0.5878, Acc(1): 100.00, Acc(5): 100.00
2023-06-19 16:46:43,349 - AUGCON - INFO - Epoch [38/50]-(5/22) Loss: 0.4302, Acc(1): 100.00, Acc(5): 100.00
2023-06-19 16:46:43,349 - AUGCON - INFO - Epoch [38/50]-(10/22) Loss: 0.9222, Acc(1): 75.00, Acc(5): 100.00
2023-06-19 16:46:43,349 - AUGCON - INFO - Epoch [38/50]-(15/22) Loss: 0.8565, Acc(1): 100.00, Acc(5): 100.00
2023-06-19 16:46:43,349 - AUGCON - INFO - Epoch [38/50]-(20/22) Loss: 0.8840, Acc(1): 100.00, Acc(5): 100.00
2023-06-19 16:46:43,349 - AUGCON - INFO - 	Validation Loss: 0.8873, Acc(1): 88.00, Acc(5): 99.00, F1: 0.22, Recall: 0.21, Precision: 0.23
2023-06-19 16:46:43,349 - AUGCON - INFO - Epoch [39/50]-(0/22) Loss: 0.6661, Acc(1): 100.00, Acc(5): 100.00
2023-06-19 16:46:43,349 - AUGCON - INFO - Epoch [39/50]-(5/22) Loss: 0.7149, Acc(1): 100.00, Acc(5): 100.00
2023-06-19 16:46:43,349 - AUGCON - INFO - Epoch [39/50]-(10/22) Loss: 0.6919, Acc(1): 100.00, Acc(5): 100.00
2023-06-19 16:46:43,349 - AUGCON - INFO - Epoch [39/50]-(15/22) Loss: 1.3795, Acc(1): 75.00, Acc(5): 75.00
2023-06-19 16:46:43,349 - AUGCON - INFO - Epoch [39/50]-(20/22) Loss: 0.7938, Acc(1): 100.00, Acc(5): 100.00
2023-06-19 16:46:43,349 - AUGCON - INFO - 	Validation Loss: 0.8833, Acc(1): 89.00, Acc(5): 99.00, F1: 0.21, Recall: 0.21, Precision: 0.22
2023-06-19 16:46:43,349 - AUGCON - INFO - Epoch [40/50]-(0/22) Loss: 0.8651, Acc(1): 50.00, Acc(5): 100.00
2023-06-19 16:46:43,349 - AUGCON - INFO - Epoch [40/50]-(5/22) Loss: 1.1936, Acc(1): 75.00, Acc(5): 100.00
2023-06-19 16:46:43,350 - AUGCON - INFO - Epoch [40/50]-(10/22) Loss: 0.6173, Acc(1): 100.00, Acc(5): 100.00
2023-06-19 16:46:43,350 - AUGCON - INFO - Epoch [40/50]-(15/22) Loss: 1.2499, Acc(1): 75.00, Acc(5): 100.00
2023-06-19 16:46:43,350 - AUGCON - INFO - Epoch [40/50]-(20/22) Loss: 0.5877, Acc(1): 100.00, Acc(5): 100.00
2023-06-19 16:46:43,350 - AUGCON - INFO - 	Validation Loss: 0.8766, Acc(1): 91.00, Acc(5): 99.00, F1: 0.22, Recall: 0.21, Precision: 0.22
2023-06-19 16:46:43,350 - AUGCON - INFO - Epoch [41/50]-(0/22) Loss: 0.7999, Acc(1): 100.00, Acc(5): 100.00
2023-06-19 16:46:43,350 - AUGCON - INFO - Epoch [41/50]-(5/22) Loss: 1.0323, Acc(1): 75.00, Acc(5): 100.00
2023-06-19 16:46:43,350 - AUGCON - INFO - Epoch [41/50]-(10/22) Loss: 0.8480, Acc(1): 100.00, Acc(5): 100.00
2023-06-19 16:46:43,350 - AUGCON - INFO - Epoch [41/50]-(15/22) Loss: 1.0512, Acc(1): 50.00, Acc(5): 100.00
2023-06-19 16:46:43,350 - AUGCON - INFO - Epoch [41/50]-(20/22) Loss: 0.4657, Acc(1): 100.00, Acc(5): 100.00
2023-06-19 16:46:43,350 - AUGCON - INFO - 	Validation Loss: 0.8728, Acc(1): 85.00, Acc(5): 99.00, F1: 0.21, Recall: 0.20, Precision: 0.22
2023-06-19 16:46:43,350 - AUGCON - INFO - Epoch [42/50]-(0/22) Loss: 0.6893, Acc(1): 100.00, Acc(5): 100.00
2023-06-19 16:46:43,350 - AUGCON - INFO - Epoch [42/50]-(5/22) Loss: 0.5878, Acc(1): 100.00, Acc(5): 100.00
2023-06-19 16:46:43,350 - AUGCON - INFO - Epoch [42/50]-(10/22) Loss: 0.7512, Acc(1): 75.00, Acc(5): 100.00
2023-06-19 16:46:43,350 - AUGCON - INFO - Epoch [42/50]-(15/22) Loss: 1.5841, Acc(1): 75.00, Acc(5): 100.00
2023-06-19 16:46:43,350 - AUGCON - INFO - Epoch [42/50]-(20/22) Loss: 0.8126, Acc(1): 100.00, Acc(5): 100.00
2023-06-19 16:46:43,350 - AUGCON - INFO - 	Validation Loss: 0.8579, Acc(1): 90.00, Acc(5): 99.00, F1: 0.22, Recall: 0.21, Precision: 0.23
2023-06-19 16:46:43,351 - AUGCON - INFO - Epoch [43/50]-(0/22) Loss: 0.6625, Acc(1): 100.00, Acc(5): 100.00
2023-06-19 16:46:43,351 - AUGCON - INFO - Epoch [43/50]-(5/22) Loss: 0.5683, Acc(1): 100.00, Acc(5): 100.00
2023-06-19 16:46:43,351 - AUGCON - INFO - Epoch [43/50]-(10/22) Loss: 1.2149, Acc(1): 25.00, Acc(5): 100.00
2023-06-19 16:46:43,351 - AUGCON - INFO - Epoch [43/50]-(15/22) Loss: 0.6876, Acc(1): 100.00, Acc(5): 100.00
2023-06-19 16:46:43,351 - AUGCON - INFO - Epoch [43/50]-(20/22) Loss: 0.5765, Acc(1): 100.00, Acc(5): 100.00
2023-06-19 16:46:43,351 - AUGCON - INFO - 	Validation Loss: 0.8395, Acc(1): 88.00, Acc(5): 99.00, F1: 0.22, Recall: 0.21, Precision: 0.22
2023-06-19 16:46:43,351 - AUGCON - INFO - Epoch [44/50]-(0/22) Loss: 0.4128, Acc(1): 100.00, Acc(5): 100.00
2023-06-19 16:46:43,351 - AUGCON - INFO - Epoch [44/50]-(5/22) Loss: 0.7349, Acc(1): 100.00, Acc(5): 100.00
2023-06-19 16:46:43,351 - AUGCON - INFO - Epoch [44/50]-(10/22) Loss: 0.4679, Acc(1): 100.00, Acc(5): 100.00
2023-06-19 16:46:43,351 - AUGCON - INFO - Epoch [44/50]-(15/22) Loss: 0.9572, Acc(1): 75.00, Acc(5): 100.00
2023-06-19 16:46:43,351 - AUGCON - INFO - Epoch [44/50]-(20/22) Loss: 1.5409, Acc(1): 50.00, Acc(5): 75.00
2023-06-19 16:46:43,351 - AUGCON - INFO - 	Validation Loss: 0.8382, Acc(1): 91.00, Acc(5): 99.00, F1: 0.22, Recall: 0.21, Precision: 0.23
2023-06-19 16:46:43,351 - AUGCON - INFO - Epoch [45/50]-(0/22) Loss: 0.5334, Acc(1): 100.00, Acc(5): 100.00
2023-06-19 16:46:43,351 - AUGCON - INFO - Epoch [45/50]-(5/22) Loss: 0.5753, Acc(1): 100.00, Acc(5): 100.00
2023-06-19 16:46:43,351 - AUGCON - INFO - Epoch [45/50]-(10/22) Loss: 0.4893, Acc(1): 100.00, Acc(5): 100.00
2023-06-19 16:46:43,352 - AUGCON - INFO - Epoch [45/50]-(15/22) Loss: 0.7546, Acc(1): 50.00, Acc(5): 100.00
2023-06-19 16:46:43,352 - AUGCON - INFO - Epoch [45/50]-(20/22) Loss: 0.9542, Acc(1): 50.00, Acc(5): 100.00
2023-06-19 16:46:43,352 - AUGCON - INFO - 	Validation Loss: 0.8383, Acc(1): 76.00, Acc(5): 100.00, F1: 0.20, Recall: 0.21, Precision: 0.20
2023-06-19 16:46:43,352 - AUGCON - INFO - Epoch [46/50]-(0/22) Loss: 0.6488, Acc(1): 100.00, Acc(5): 100.00
2023-06-19 16:46:43,352 - AUGCON - INFO - Epoch [46/50]-(5/22) Loss: 0.6716, Acc(1): 75.00, Acc(5): 100.00
2023-06-19 16:46:43,352 - AUGCON - INFO - Epoch [46/50]-(10/22) Loss: 0.8158, Acc(1): 75.00, Acc(5): 100.00
2023-06-19 16:46:43,352 - AUGCON - INFO - Epoch [46/50]-(15/22) Loss: 1.3064, Acc(1): 75.00, Acc(5): 75.00
2023-06-19 16:46:43,352 - AUGCON - INFO - Epoch [46/50]-(20/22) Loss: 0.5958, Acc(1): 100.00, Acc(5): 100.00
2023-06-19 16:46:43,352 - AUGCON - INFO - 	Validation Loss: 0.8437, Acc(1): 88.00, Acc(5): 100.00, F1: 0.21, Recall: 0.21, Precision: 0.21
2023-06-19 16:46:43,352 - AUGCON - INFO - Epoch [47/50]-(0/22) Loss: 0.8935, Acc(1): 75.00, Acc(5): 100.00
2023-06-19 16:46:43,352 - AUGCON - INFO - Epoch [47/50]-(5/22) Loss: 0.5984, Acc(1): 75.00, Acc(5): 100.00
2023-06-19 16:46:43,352 - AUGCON - INFO - Epoch [47/50]-(10/22) Loss: 0.8353, Acc(1): 75.00, Acc(5): 100.00
2023-06-19 16:46:43,352 - AUGCON - INFO - Epoch [47/50]-(15/22) Loss: 1.3506, Acc(1): 75.00, Acc(5): 75.00
2023-06-19 16:46:43,352 - AUGCON - INFO - Epoch [47/50]-(20/22) Loss: 0.6578, Acc(1): 100.00, Acc(5): 100.00
2023-06-19 16:46:43,352 - AUGCON - INFO - 	Validation Loss: 0.8496, Acc(1): 82.00, Acc(5): 98.00, F1: 0.21, Recall: 0.21, Precision: 0.21
2023-06-19 16:46:43,352 - AUGCON - INFO - Epoch [48/50]-(0/22) Loss: 0.3495, Acc(1): 100.00, Acc(5): 100.00
2023-06-19 16:46:43,353 - AUGCON - INFO - Epoch [48/50]-(5/22) Loss: 0.8831, Acc(1): 50.00, Acc(5): 100.00
2023-06-19 16:46:43,353 - AUGCON - INFO - Epoch [48/50]-(10/22) Loss: 0.7821, Acc(1): 50.00, Acc(5): 100.00
2023-06-19 16:46:43,353 - AUGCON - INFO - Epoch [48/50]-(15/22) Loss: 0.4055, Acc(1): 100.00, Acc(5): 100.00
2023-06-19 16:46:43,353 - AUGCON - INFO - Epoch [48/50]-(20/22) Loss: 0.7142, Acc(1): 100.00, Acc(5): 100.00
2023-06-19 16:46:43,353 - AUGCON - INFO - 	Validation Loss: 0.8069, Acc(1): 89.00, Acc(5): 100.00, F1: 0.22, Recall: 0.21, Precision: 0.23
2023-06-19 16:46:43,353 - AUGCON - INFO - Epoch [49/50]-(0/22) Loss: 0.6388, Acc(1): 100.00, Acc(5): 100.00
2023-06-19 16:46:43,353 - AUGCON - INFO - Epoch [49/50]-(5/22) Loss: 0.8580, Acc(1): 75.00, Acc(5): 100.00
2023-06-19 16:46:43,353 - AUGCON - INFO - Epoch [49/50]-(10/22) Loss: 1.4114, Acc(1): 50.00, Acc(5): 100.00
2023-06-19 16:46:43,353 - AUGCON - INFO - Epoch [49/50]-(15/22) Loss: 1.0033, Acc(1): 75.00, Acc(5): 100.00
2023-06-19 16:46:43,353 - AUGCON - INFO - Epoch [49/50]-(20/22) Loss: 0.6265, Acc(1): 100.00, Acc(5): 100.00
2023-06-19 16:46:43,353 - AUGCON - INFO - 	Validation Loss: 0.8441, Acc(1): 83.00, Acc(5): 100.00, F1: 0.20, Recall: 0.20, Precision: 0.20
2023-06-19 16:46:43,353 - AUGCON - INFO - Epoch [50/50]-(0/22) Loss: 1.3345, Acc(1): 75.00, Acc(5): 75.00
2023-06-19 16:46:43,353 - AUGCON - INFO - Epoch [50/50]-(5/22) Loss: 0.6974, Acc(1): 75.00, Acc(5): 100.00
2023-06-19 16:46:43,353 - AUGCON - INFO - Epoch [50/50]-(10/22) Loss: 0.5975, Acc(1): 100.00, Acc(5): 100.00
2023-06-19 16:46:43,353 - AUGCON - INFO - Epoch [50/50]-(15/22) Loss: 0.3616, Acc(1): 100.00, Acc(5): 100.00
2023-06-19 16:46:43,354 - AUGCON - INFO - Epoch [50/50]-(20/22) Loss: 0.8215, Acc(1): 50.00, Acc(5): 100.00
2023-06-19 16:46:43,354 - AUGCON - INFO - 	Validation Loss: 0.8052, Acc(1): 83.00, Acc(5): 100.00, F1: 0.21, Recall: 0.21, Precision: 0.20
2023-06-19 16:46:43,354 - AUGCON - INFO - 	Validation Loss: 0.7601, Acc(1): 82.33, Acc(5): 99.00, F1: 0.20, Recall: 0.20, Precision: 0.20
