2023-06-19 16:45:18,393 - AUGCON - INFO - logger initialized (/home/hjyoon/projects/augcon/config/exp0/finetune_da_true/without_target_domain_PH0012-thanh/metacpc_random_8421/tgt_target_domain_PH0041-hmkim_seed0.yaml.log)
2023-06-19 16:45:18,393 - AUGCON - INFO - ================= Config =================
2023-06-19 16:45:18,393 - AUGCON - INFO -   mode: finetune
2023-06-19 16:45:18,393 - AUGCON - INFO -   seed: 0
2023-06-19 16:45:18,393 - AUGCON - INFO -   gpu: [1]
2023-06-19 16:45:18,393 - AUGCON - INFO -   num_workers: 1
2023-06-19 16:45:18,393 - AUGCON - INFO -   dist_url: tcp://localhost:10001
2023-06-19 16:45:18,393 - AUGCON - INFO -   dataset_name: ichar
2023-06-19 16:45:18,393 - AUGCON - INFO -   train_dataset_path: /mnt/sting/hjyoon/projects/cross/ICHAR/augcon/target_domain_PH0041-hmkim/finetune/10shot/target/train.pkl
2023-06-19 16:45:18,393 - AUGCON - INFO -   test_dataset_path: /mnt/sting/hjyoon/projects/cross/ICHAR/augcon/target_domain_PH0041-hmkim/finetune/10shot/target/test.pkl
2023-06-19 16:45:18,393 - AUGCON - INFO -   val_dataset_path: /mnt/sting/hjyoon/projects/cross/ICHAR/augcon/target_domain_PH0041-hmkim/finetune/10shot/target/val.pkl
2023-06-19 16:45:18,393 - AUGCON - INFO -   input_channels: 3
2023-06-19 16:45:18,393 - AUGCON - INFO -   num_cls: 9
2023-06-19 16:45:18,393 - AUGCON - INFO -   optimizer: adam
2023-06-19 16:45:18,393 - AUGCON - INFO -   criterion: crossentropy
2023-06-19 16:45:18,393 - AUGCON - INFO -   start_epoch: 0
2023-06-19 16:45:18,393 - AUGCON - INFO -   epochs: 50
2023-06-19 16:45:18,393 - AUGCON - INFO -   batch_size: 4
2023-06-19 16:45:18,393 - AUGCON - INFO -   lr: 0.001
2023-06-19 16:45:18,393 - AUGCON - INFO -   wd: 0.0
2023-06-19 16:45:18,394 - AUGCON - INFO -   resume: 
2023-06-19 16:45:18,394 - AUGCON - INFO -   pretrained: /mnt/sting/hjyoon/projects/augcontrast/models/exp0/pretrain/without_target_domain_PH0012-thanh/metacpc_random_8421/checkpoint_0999.pth.tar
2023-06-19 16:45:18,394 - AUGCON - INFO -   ckpt_dir: /mnt/sting/hjyoon/projects/augcontrast/models/exp0/finetune_da_true/without_target_domain_PH0012-thanh/metacpc_random_8421/tgt_target_domain_PH0041-hmkim_seed0
2023-06-19 16:45:18,394 - AUGCON - INFO -   log_freq: 5
2023-06-19 16:45:18,394 - AUGCON - INFO -   save_freq: 10
2023-06-19 16:45:18,394 - AUGCON - INFO -   pretext: metacpc
2023-06-19 16:45:18,394 - AUGCON - INFO -   enc_blocks: 4
2023-06-19 16:45:18,394 - AUGCON - INFO -   kernel_sizes: [8, 4, 2, 1]
2023-06-19 16:45:18,394 - AUGCON - INFO -   strides: [4, 2, 1, 1]
2023-06-19 16:45:18,394 - AUGCON - INFO -   agg_blocks: 5
2023-06-19 16:45:18,394 - AUGCON - INFO -   z_dim: 256
2023-06-19 16:45:18,394 - AUGCON - INFO -   pooling: mean
2023-06-19 16:45:18,394 - AUGCON - INFO -   pred_steps: 12
2023-06-19 16:45:18,394 - AUGCON - INFO -   n_negatives: 15
2023-06-19 16:45:18,394 - AUGCON - INFO -   offset: 4
2023-06-19 16:45:18,394 - AUGCON - INFO -   domain_adaptation: True
2023-06-19 16:45:18,394 - AUGCON - INFO -   task_steps: 10
2023-06-19 16:45:18,394 - AUGCON - INFO -   task_lr: 0.001
2023-06-19 16:45:18,394 - AUGCON - INFO -   reg_lambda: 0
2023-06-19 16:45:18,394 - AUGCON - INFO -   mlp: False
2023-06-19 16:45:18,394 - AUGCON - INFO -   freeze: True
2023-06-19 16:45:18,394 - AUGCON - INFO -   no_vars: False
2023-06-19 16:45:18,394 - AUGCON - INFO - ==========================================
2023-06-19 16:45:18,394 - AUGCON - INFO - Setting GPUs: [1]
2023-06-19 16:45:18,394 - AUGCON - INFO - GPUs [1] will be used
2023-06-19 16:45:18,395 - AUGCON - WARNING - You have chosen to seed training. 
2023-06-19 16:45:18,395 - AUGCON - WARNING - This will turn on the CUDNN deterministic setting, 
2023-06-19 16:45:18,395 - AUGCON - WARNING - which can slow down your training considerably! 
2023-06-19 16:45:18,395 - AUGCON - WARNING - You may see unexpected behavior when restarting 
2023-06-19 16:45:18,395 - AUGCON - WARNING - from checkpoints.
2023-06-19 16:45:18,428 - AUGCON - INFO - Executing MetaCPC
2023-06-19 16:45:18,428 - AUGCON - INFO - Logs are skipped during training
2023-06-19 16:45:38,025 - AUGCON - INFO - Single GPU is used for training - training 90 instances for each worker
2023-06-19 16:45:38,025 - AUGCON - INFO - Loading pretrained model from checkpoint - /mnt/sting/hjyoon/projects/augcontrast/models/exp0/pretrain/without_target_domain_PH0012-thanh/metacpc_random_8421/checkpoint_0999.pth.tar
2023-06-19 16:45:38,025 - AUGCON - INFO - Missing keys: []
2023-06-19 16:45:38,025 - AUGCON - INFO - Perform domain adaptation step
2023-06-19 16:45:38,025 - AUGCON - INFO - 	meta-train [0/10] Loss: 15.0041, Acc(1): 6.04, Acc(5): 30.21
2023-06-19 16:45:38,025 - AUGCON - INFO - 	meta-train [1/10] Loss: 7.6151, Acc(1): 6.37, Acc(5): 31.03
2023-06-19 16:45:38,025 - AUGCON - INFO - 	meta-train [2/10] Loss: 3.8675, Acc(1): 8.24, Acc(5): 36.29
2023-06-19 16:45:38,026 - AUGCON - INFO - 	meta-train [3/10] Loss: 2.5165, Acc(1): 18.15, Acc(5): 57.08
2023-06-19 16:45:38,026 - AUGCON - INFO - 	meta-train [4/10] Loss: 1.9763, Acc(1): 32.02, Acc(5): 77.63
2023-06-19 16:45:38,026 - AUGCON - INFO - 	meta-train [5/10] Loss: 1.1902, Acc(1): 51.64, Acc(5): 96.42
2023-06-19 16:45:38,026 - AUGCON - INFO - 	meta-train [6/10] Loss: 1.2059, Acc(1): 51.44, Acc(5): 96.19
2023-06-19 16:45:38,026 - AUGCON - INFO - 	meta-train [7/10] Loss: 1.1988, Acc(1): 51.59, Acc(5): 95.96
2023-06-19 16:45:38,026 - AUGCON - INFO - 	meta-train [8/10] Loss: 1.1982, Acc(1): 51.12, Acc(5): 95.89
2023-06-19 16:45:38,026 - AUGCON - INFO - 	meta-train [9/10] Loss: 1.1888, Acc(1): 52.12, Acc(5): 96.20
2023-06-19 16:45:38,026 - AUGCON - INFO - Loading encoder parameters to the classifier
2023-06-19 16:45:38,026 - AUGCON - INFO - Missing keys: ['classifier.block.0.weight', 'classifier.block.0.bias']
2023-06-19 16:45:38,026 - AUGCON - INFO - Epoch [1/50]-(0/22) Loss: 2.2736, Acc(1): 0.00, Acc(5): 50.00
2023-06-19 16:45:38,026 - AUGCON - INFO - Epoch [1/50]-(5/22) Loss: 2.0979, Acc(1): 25.00, Acc(5): 50.00
2023-06-19 16:45:38,026 - AUGCON - INFO - Epoch [1/50]-(10/22) Loss: 2.4074, Acc(1): 0.00, Acc(5): 50.00
2023-06-19 16:45:38,026 - AUGCON - INFO - Epoch [1/50]-(15/22) Loss: 2.1324, Acc(1): 25.00, Acc(5): 75.00
2023-06-19 16:45:38,026 - AUGCON - INFO - Epoch [1/50]-(20/22) Loss: 2.3717, Acc(1): 25.00, Acc(5): 25.00
2023-06-19 16:45:38,026 - AUGCON - INFO - 	Validation Loss: 1.9189, Acc(1): 45.00, Acc(5): 85.00, F1: 0.12, Recall: 0.12, Precision: 0.12
2023-06-19 16:45:38,026 - AUGCON - INFO - Epoch [2/50]-(0/22) Loss: 1.5748, Acc(1): 75.00, Acc(5): 100.00
2023-06-19 16:45:38,027 - AUGCON - INFO - Epoch [2/50]-(5/22) Loss: 1.7917, Acc(1): 50.00, Acc(5): 75.00
2023-06-19 16:45:38,027 - AUGCON - INFO - Epoch [2/50]-(10/22) Loss: 2.0002, Acc(1): 25.00, Acc(5): 75.00
2023-06-19 16:45:38,027 - AUGCON - INFO - Epoch [2/50]-(15/22) Loss: 1.8150, Acc(1): 25.00, Acc(5): 75.00
2023-06-19 16:45:38,027 - AUGCON - INFO - Epoch [2/50]-(20/22) Loss: 1.9162, Acc(1): 50.00, Acc(5): 50.00
2023-06-19 16:45:38,027 - AUGCON - INFO - 	Validation Loss: 1.6518, Acc(1): 53.00, Acc(5): 86.00, F1: 0.12, Recall: 0.12, Precision: 0.11
2023-06-19 16:45:38,027 - AUGCON - INFO - Epoch [3/50]-(0/22) Loss: 1.6231, Acc(1): 50.00, Acc(5): 100.00
2023-06-19 16:45:38,027 - AUGCON - INFO - Epoch [3/50]-(5/22) Loss: 1.6758, Acc(1): 25.00, Acc(5): 100.00
2023-06-19 16:45:38,027 - AUGCON - INFO - Epoch [3/50]-(10/22) Loss: 1.8309, Acc(1): 25.00, Acc(5): 100.00
2023-06-19 16:45:38,027 - AUGCON - INFO - Epoch [3/50]-(15/22) Loss: 1.6244, Acc(1): 25.00, Acc(5): 100.00
2023-06-19 16:45:38,027 - AUGCON - INFO - Epoch [3/50]-(20/22) Loss: 1.7683, Acc(1): 50.00, Acc(5): 100.00
2023-06-19 16:45:38,027 - AUGCON - INFO - 	Validation Loss: 1.4868, Acc(1): 54.00, Acc(5): 97.00, F1: 0.15, Recall: 0.15, Precision: 0.15
2023-06-19 16:45:38,027 - AUGCON - INFO - Epoch [4/50]-(0/22) Loss: 1.4073, Acc(1): 75.00, Acc(5): 100.00
2023-06-19 16:45:38,027 - AUGCON - INFO - Epoch [4/50]-(5/22) Loss: 1.8337, Acc(1): 0.00, Acc(5): 100.00
2023-06-19 16:45:38,027 - AUGCON - INFO - Epoch [4/50]-(10/22) Loss: 1.2175, Acc(1): 75.00, Acc(5): 100.00
2023-06-19 16:45:38,027 - AUGCON - INFO - Epoch [4/50]-(15/22) Loss: 1.5057, Acc(1): 50.00, Acc(5): 100.00
2023-06-19 16:45:38,027 - AUGCON - INFO - Epoch [4/50]-(20/22) Loss: 1.2852, Acc(1): 75.00, Acc(5): 100.00
2023-06-19 16:45:38,028 - AUGCON - INFO - 	Validation Loss: 1.3459, Acc(1): 63.00, Acc(5): 100.00, F1: 0.17, Recall: 0.15, Precision: 0.20
2023-06-19 16:45:38,028 - AUGCON - INFO - Epoch [5/50]-(0/22) Loss: 1.4131, Acc(1): 75.00, Acc(5): 100.00
2023-06-19 16:45:38,028 - AUGCON - INFO - Epoch [5/50]-(5/22) Loss: 1.3349, Acc(1): 75.00, Acc(5): 100.00
2023-06-19 16:45:38,028 - AUGCON - INFO - Epoch [5/50]-(10/22) Loss: 1.0210, Acc(1): 75.00, Acc(5): 100.00
2023-06-19 16:45:38,028 - AUGCON - INFO - Epoch [5/50]-(15/22) Loss: 0.7492, Acc(1): 75.00, Acc(5): 100.00
2023-06-19 16:45:38,028 - AUGCON - INFO - Epoch [5/50]-(20/22) Loss: 1.9809, Acc(1): 50.00, Acc(5): 100.00
2023-06-19 16:45:38,028 - AUGCON - INFO - 	Validation Loss: 1.2867, Acc(1): 59.00, Acc(5): 98.00, F1: 0.15, Recall: 0.15, Precision: 0.16
2023-06-19 16:45:38,028 - AUGCON - INFO - Epoch [6/50]-(0/22) Loss: 1.6576, Acc(1): 75.00, Acc(5): 100.00
2023-06-19 16:45:38,028 - AUGCON - INFO - Epoch [6/50]-(5/22) Loss: 1.0092, Acc(1): 75.00, Acc(5): 100.00
2023-06-19 16:45:38,028 - AUGCON - INFO - Epoch [6/50]-(10/22) Loss: 1.8899, Acc(1): 0.00, Acc(5): 50.00
2023-06-19 16:45:38,028 - AUGCON - INFO - Epoch [6/50]-(15/22) Loss: 0.9973, Acc(1): 100.00, Acc(5): 100.00
2023-06-19 16:45:38,028 - AUGCON - INFO - Epoch [6/50]-(20/22) Loss: 1.5206, Acc(1): 50.00, Acc(5): 100.00
2023-06-19 16:45:38,028 - AUGCON - INFO - 	Validation Loss: 1.1913, Acc(1): 59.00, Acc(5): 100.00, F1: 0.14, Recall: 0.15, Precision: 0.14
2023-06-19 16:45:38,028 - AUGCON - INFO - Epoch [7/50]-(0/22) Loss: 1.7384, Acc(1): 25.00, Acc(5): 100.00
2023-06-19 16:45:38,028 - AUGCON - INFO - Epoch [7/50]-(5/22) Loss: 1.3463, Acc(1): 25.00, Acc(5): 100.00
2023-06-19 16:45:38,029 - AUGCON - INFO - Epoch [7/50]-(10/22) Loss: 1.1698, Acc(1): 50.00, Acc(5): 100.00
2023-06-19 16:45:38,029 - AUGCON - INFO - Epoch [7/50]-(15/22) Loss: 1.1658, Acc(1): 75.00, Acc(5): 100.00
2023-06-19 16:45:38,029 - AUGCON - INFO - Epoch [7/50]-(20/22) Loss: 1.0704, Acc(1): 100.00, Acc(5): 100.00
2023-06-19 16:45:38,029 - AUGCON - INFO - 	Validation Loss: 1.1535, Acc(1): 66.00, Acc(5): 99.00, F1: 0.17, Recall: 0.17, Precision: 0.17
2023-06-19 16:45:38,029 - AUGCON - INFO - Epoch [8/50]-(0/22) Loss: 1.0910, Acc(1): 100.00, Acc(5): 100.00
2023-06-19 16:45:38,029 - AUGCON - INFO - Epoch [8/50]-(5/22) Loss: 1.3202, Acc(1): 75.00, Acc(5): 100.00
2023-06-19 16:45:38,029 - AUGCON - INFO - Epoch [8/50]-(10/22) Loss: 1.2930, Acc(1): 50.00, Acc(5): 100.00
2023-06-19 16:45:38,029 - AUGCON - INFO - Epoch [8/50]-(15/22) Loss: 0.9520, Acc(1): 75.00, Acc(5): 100.00
2023-06-19 16:45:38,029 - AUGCON - INFO - Epoch [8/50]-(20/22) Loss: 1.6573, Acc(1): 50.00, Acc(5): 100.00
2023-06-19 16:45:38,029 - AUGCON - INFO - 	Validation Loss: 1.0805, Acc(1): 65.00, Acc(5): 100.00, F1: 0.16, Recall: 0.16, Precision: 0.17
2023-06-19 16:45:38,029 - AUGCON - INFO - Epoch [9/50]-(0/22) Loss: 1.2181, Acc(1): 75.00, Acc(5): 100.00
2023-06-19 16:45:38,029 - AUGCON - INFO - Epoch [9/50]-(5/22) Loss: 2.0188, Acc(1): 0.00, Acc(5): 100.00
2023-06-19 16:45:38,029 - AUGCON - INFO - Epoch [9/50]-(10/22) Loss: 1.1660, Acc(1): 50.00, Acc(5): 75.00
2023-06-19 16:45:38,029 - AUGCON - INFO - Epoch [9/50]-(15/22) Loss: 0.8977, Acc(1): 100.00, Acc(5): 100.00
2023-06-19 16:45:38,029 - AUGCON - INFO - Epoch [9/50]-(20/22) Loss: 1.1638, Acc(1): 75.00, Acc(5): 100.00
2023-06-19 16:45:38,029 - AUGCON - INFO - 	Validation Loss: 1.0523, Acc(1): 72.00, Acc(5): 99.00, F1: 0.17, Recall: 0.18, Precision: 0.17
2023-06-19 16:45:38,030 - AUGCON - INFO - Epoch [10/50]-(0/22) Loss: 1.1661, Acc(1): 75.00, Acc(5): 100.00
2023-06-19 16:45:38,030 - AUGCON - INFO - Epoch [10/50]-(5/22) Loss: 1.4297, Acc(1): 75.00, Acc(5): 100.00
2023-06-19 16:45:38,030 - AUGCON - INFO - Epoch [10/50]-(10/22) Loss: 0.8244, Acc(1): 75.00, Acc(5): 100.00
2023-06-19 16:45:38,030 - AUGCON - INFO - Epoch [10/50]-(15/22) Loss: 1.1111, Acc(1): 50.00, Acc(5): 100.00
2023-06-19 16:45:38,030 - AUGCON - INFO - Epoch [10/50]-(20/22) Loss: 1.0082, Acc(1): 75.00, Acc(5): 100.00
2023-06-19 16:45:38,030 - AUGCON - INFO - 	Validation Loss: 1.0130, Acc(1): 71.00, Acc(5): 100.00, F1: 0.17, Recall: 0.17, Precision: 0.17
2023-06-19 16:45:38,030 - AUGCON - INFO - Epoch [11/50]-(0/22) Loss: 1.1144, Acc(1): 50.00, Acc(5): 100.00
2023-06-19 16:45:38,030 - AUGCON - INFO - Epoch [11/50]-(5/22) Loss: 1.1108, Acc(1): 75.00, Acc(5): 100.00
2023-06-19 16:45:38,030 - AUGCON - INFO - Epoch [11/50]-(10/22) Loss: 0.7863, Acc(1): 100.00, Acc(5): 100.00
2023-06-19 16:45:38,030 - AUGCON - INFO - Epoch [11/50]-(15/22) Loss: 0.5304, Acc(1): 100.00, Acc(5): 100.00
2023-06-19 16:45:38,030 - AUGCON - INFO - Epoch [11/50]-(20/22) Loss: 0.8780, Acc(1): 75.00, Acc(5): 100.00
2023-06-19 16:45:38,030 - AUGCON - INFO - 	Validation Loss: 0.9506, Acc(1): 75.00, Acc(5): 100.00, F1: 0.18, Recall: 0.19, Precision: 0.17
2023-06-19 16:45:38,030 - AUGCON - INFO - Epoch [12/50]-(0/22) Loss: 0.6492, Acc(1): 75.00, Acc(5): 100.00
2023-06-19 16:45:38,030 - AUGCON - INFO - Epoch [12/50]-(5/22) Loss: 0.9677, Acc(1): 75.00, Acc(5): 100.00
2023-06-19 16:45:38,030 - AUGCON - INFO - Epoch [12/50]-(10/22) Loss: 1.0187, Acc(1): 75.00, Acc(5): 100.00
2023-06-19 16:45:38,030 - AUGCON - INFO - Epoch [12/50]-(15/22) Loss: 0.8526, Acc(1): 100.00, Acc(5): 100.00
2023-06-19 16:45:38,030 - AUGCON - INFO - Epoch [12/50]-(20/22) Loss: 0.8531, Acc(1): 75.00, Acc(5): 100.00
2023-06-19 16:45:38,031 - AUGCON - INFO - 	Validation Loss: 0.9308, Acc(1): 75.00, Acc(5): 100.00, F1: 0.18, Recall: 0.18, Precision: 0.17
2023-06-19 16:45:38,031 - AUGCON - INFO - Epoch [13/50]-(0/22) Loss: 1.6690, Acc(1): 25.00, Acc(5): 100.00
2023-06-19 16:45:38,031 - AUGCON - INFO - Epoch [13/50]-(5/22) Loss: 0.6387, Acc(1): 100.00, Acc(5): 100.00
2023-06-19 16:45:38,031 - AUGCON - INFO - Epoch [13/50]-(10/22) Loss: 0.5465, Acc(1): 100.00, Acc(5): 100.00
2023-06-19 16:45:38,031 - AUGCON - INFO - Epoch [13/50]-(15/22) Loss: 0.9531, Acc(1): 75.00, Acc(5): 100.00
2023-06-19 16:45:38,031 - AUGCON - INFO - Epoch [13/50]-(20/22) Loss: 0.8577, Acc(1): 100.00, Acc(5): 100.00
2023-06-19 16:45:38,031 - AUGCON - INFO - 	Validation Loss: 0.9691, Acc(1): 73.00, Acc(5): 98.00, F1: 0.17, Recall: 0.19, Precision: 0.16
2023-06-19 16:45:38,031 - AUGCON - INFO - Epoch [14/50]-(0/22) Loss: 1.0082, Acc(1): 50.00, Acc(5): 100.00
2023-06-19 16:45:38,031 - AUGCON - INFO - Epoch [14/50]-(5/22) Loss: 0.8654, Acc(1): 75.00, Acc(5): 100.00
2023-06-19 16:45:38,031 - AUGCON - INFO - Epoch [14/50]-(10/22) Loss: 1.6235, Acc(1): 25.00, Acc(5): 100.00
2023-06-19 16:45:38,031 - AUGCON - INFO - Epoch [14/50]-(15/22) Loss: 0.9820, Acc(1): 50.00, Acc(5): 100.00
2023-06-19 16:45:38,031 - AUGCON - INFO - Epoch [14/50]-(20/22) Loss: 1.0945, Acc(1): 75.00, Acc(5): 100.00
2023-06-19 16:45:38,031 - AUGCON - INFO - 	Validation Loss: 0.9082, Acc(1): 73.00, Acc(5): 100.00, F1: 0.17, Recall: 0.19, Precision: 0.17
2023-06-19 16:45:38,031 - AUGCON - INFO - Epoch [15/50]-(0/22) Loss: 0.9982, Acc(1): 100.00, Acc(5): 100.00
2023-06-19 16:45:38,031 - AUGCON - INFO - Epoch [15/50]-(5/22) Loss: 0.5983, Acc(1): 75.00, Acc(5): 100.00
2023-06-19 16:45:38,031 - AUGCON - INFO - Epoch [15/50]-(10/22) Loss: 0.2712, Acc(1): 100.00, Acc(5): 100.00
2023-06-19 16:45:38,032 - AUGCON - INFO - Epoch [15/50]-(15/22) Loss: 1.3404, Acc(1): 50.00, Acc(5): 100.00
2023-06-19 16:45:38,032 - AUGCON - INFO - Epoch [15/50]-(20/22) Loss: 1.0806, Acc(1): 50.00, Acc(5): 100.00
2023-06-19 16:45:38,032 - AUGCON - INFO - 	Validation Loss: 0.8609, Acc(1): 73.00, Acc(5): 99.00, F1: 0.17, Recall: 0.19, Precision: 0.16
2023-06-19 16:45:38,032 - AUGCON - INFO - Epoch [16/50]-(0/22) Loss: 1.1993, Acc(1): 50.00, Acc(5): 100.00
2023-06-19 16:45:38,032 - AUGCON - INFO - Epoch [16/50]-(5/22) Loss: 0.7043, Acc(1): 75.00, Acc(5): 100.00
2023-06-19 16:45:38,032 - AUGCON - INFO - Epoch [16/50]-(10/22) Loss: 0.7577, Acc(1): 100.00, Acc(5): 100.00
2023-06-19 16:45:38,032 - AUGCON - INFO - Epoch [16/50]-(15/22) Loss: 0.9510, Acc(1): 75.00, Acc(5): 100.00
2023-06-19 16:45:38,032 - AUGCON - INFO - Epoch [16/50]-(20/22) Loss: 0.7775, Acc(1): 100.00, Acc(5): 100.00
2023-06-19 16:45:38,032 - AUGCON - INFO - 	Validation Loss: 0.8700, Acc(1): 72.00, Acc(5): 99.00, F1: 0.17, Recall: 0.18, Precision: 0.17
2023-06-19 16:45:38,032 - AUGCON - INFO - Epoch [17/50]-(0/22) Loss: 0.7011, Acc(1): 100.00, Acc(5): 100.00
2023-06-19 16:45:38,032 - AUGCON - INFO - Epoch [17/50]-(5/22) Loss: 0.7839, Acc(1): 100.00, Acc(5): 100.00
2023-06-19 16:45:38,032 - AUGCON - INFO - Epoch [17/50]-(10/22) Loss: 0.4529, Acc(1): 100.00, Acc(5): 100.00
2023-06-19 16:45:38,032 - AUGCON - INFO - Epoch [17/50]-(15/22) Loss: 1.0357, Acc(1): 75.00, Acc(5): 100.00
2023-06-19 16:45:38,032 - AUGCON - INFO - Epoch [17/50]-(20/22) Loss: 0.6816, Acc(1): 75.00, Acc(5): 100.00
2023-06-19 16:45:38,032 - AUGCON - INFO - 	Validation Loss: 0.8137, Acc(1): 74.00, Acc(5): 100.00, F1: 0.18, Recall: 0.19, Precision: 0.16
2023-06-19 16:45:38,032 - AUGCON - INFO - Epoch [18/50]-(0/22) Loss: 0.7085, Acc(1): 75.00, Acc(5): 100.00
2023-06-19 16:45:38,033 - AUGCON - INFO - Epoch [18/50]-(5/22) Loss: 0.8245, Acc(1): 75.00, Acc(5): 100.00
2023-06-19 16:45:38,033 - AUGCON - INFO - Epoch [18/50]-(10/22) Loss: 1.1059, Acc(1): 75.00, Acc(5): 100.00
2023-06-19 16:45:38,033 - AUGCON - INFO - Epoch [18/50]-(15/22) Loss: 0.9182, Acc(1): 75.00, Acc(5): 100.00
2023-06-19 16:45:38,033 - AUGCON - INFO - Epoch [18/50]-(20/22) Loss: 0.6003, Acc(1): 75.00, Acc(5): 100.00
2023-06-19 16:45:38,033 - AUGCON - INFO - 	Validation Loss: 0.8234, Acc(1): 74.00, Acc(5): 99.00, F1: 0.18, Recall: 0.19, Precision: 0.17
2023-06-19 16:45:38,033 - AUGCON - INFO - Epoch [19/50]-(0/22) Loss: 0.9373, Acc(1): 75.00, Acc(5): 100.00
2023-06-19 16:45:38,033 - AUGCON - INFO - Epoch [19/50]-(5/22) Loss: 0.5399, Acc(1): 100.00, Acc(5): 100.00
2023-06-19 16:45:38,033 - AUGCON - INFO - Epoch [19/50]-(10/22) Loss: 1.1678, Acc(1): 75.00, Acc(5): 100.00
2023-06-19 16:45:38,033 - AUGCON - INFO - Epoch [19/50]-(15/22) Loss: 0.5453, Acc(1): 100.00, Acc(5): 100.00
2023-06-19 16:45:38,033 - AUGCON - INFO - Epoch [19/50]-(20/22) Loss: 0.8963, Acc(1): 75.00, Acc(5): 100.00
2023-06-19 16:45:38,033 - AUGCON - INFO - 	Validation Loss: 0.7896, Acc(1): 73.00, Acc(5): 99.00, F1: 0.17, Recall: 0.19, Precision: 0.17
2023-06-19 16:45:38,033 - AUGCON - INFO - Epoch [20/50]-(0/22) Loss: 0.6958, Acc(1): 75.00, Acc(5): 100.00
2023-06-19 16:45:38,033 - AUGCON - INFO - Epoch [20/50]-(5/22) Loss: 0.7768, Acc(1): 100.00, Acc(5): 100.00
2023-06-19 16:45:38,033 - AUGCON - INFO - Epoch [20/50]-(10/22) Loss: 0.6911, Acc(1): 75.00, Acc(5): 100.00
2023-06-19 16:45:38,033 - AUGCON - INFO - Epoch [20/50]-(15/22) Loss: 1.2688, Acc(1): 50.00, Acc(5): 100.00
2023-06-19 16:45:38,033 - AUGCON - INFO - Epoch [20/50]-(20/22) Loss: 0.5961, Acc(1): 100.00, Acc(5): 100.00
2023-06-19 16:45:38,034 - AUGCON - INFO - 	Validation Loss: 0.7761, Acc(1): 74.00, Acc(5): 100.00, F1: 0.18, Recall: 0.19, Precision: 0.17
2023-06-19 16:45:38,034 - AUGCON - INFO - Epoch [21/50]-(0/22) Loss: 1.0740, Acc(1): 50.00, Acc(5): 100.00
2023-06-19 16:45:38,034 - AUGCON - INFO - Epoch [21/50]-(5/22) Loss: 0.5608, Acc(1): 75.00, Acc(5): 100.00
2023-06-19 16:45:38,034 - AUGCON - INFO - Epoch [21/50]-(10/22) Loss: 0.6548, Acc(1): 75.00, Acc(5): 100.00
2023-06-19 16:45:38,034 - AUGCON - INFO - Epoch [21/50]-(15/22) Loss: 0.5713, Acc(1): 75.00, Acc(5): 100.00
2023-06-19 16:45:38,034 - AUGCON - INFO - Epoch [21/50]-(20/22) Loss: 0.8323, Acc(1): 75.00, Acc(5): 100.00
2023-06-19 16:45:38,034 - AUGCON - INFO - 	Validation Loss: 0.7571, Acc(1): 73.00, Acc(5): 100.00, F1: 0.17, Recall: 0.19, Precision: 0.17
2023-06-19 16:45:38,034 - AUGCON - INFO - Epoch [22/50]-(0/22) Loss: 0.4363, Acc(1): 100.00, Acc(5): 100.00
2023-06-19 16:45:38,034 - AUGCON - INFO - Epoch [22/50]-(5/22) Loss: 0.9485, Acc(1): 75.00, Acc(5): 100.00
2023-06-19 16:45:38,034 - AUGCON - INFO - Epoch [22/50]-(10/22) Loss: 0.7099, Acc(1): 75.00, Acc(5): 100.00
2023-06-19 16:45:38,034 - AUGCON - INFO - Epoch [22/50]-(15/22) Loss: 0.8647, Acc(1): 75.00, Acc(5): 100.00
2023-06-19 16:45:38,034 - AUGCON - INFO - Epoch [22/50]-(20/22) Loss: 1.3571, Acc(1): 75.00, Acc(5): 100.00
2023-06-19 16:45:38,034 - AUGCON - INFO - 	Validation Loss: 0.7691, Acc(1): 72.00, Acc(5): 99.00, F1: 0.17, Recall: 0.19, Precision: 0.16
2023-06-19 16:45:38,034 - AUGCON - INFO - Epoch [23/50]-(0/22) Loss: 1.1976, Acc(1): 75.00, Acc(5): 100.00
2023-06-19 16:45:38,034 - AUGCON - INFO - Epoch [23/50]-(5/22) Loss: 0.4661, Acc(1): 100.00, Acc(5): 100.00
2023-06-19 16:45:38,034 - AUGCON - INFO - Epoch [23/50]-(10/22) Loss: 0.7605, Acc(1): 75.00, Acc(5): 100.00
2023-06-19 16:45:38,034 - AUGCON - INFO - Epoch [23/50]-(15/22) Loss: 1.0449, Acc(1): 50.00, Acc(5): 100.00
2023-06-19 16:45:38,035 - AUGCON - INFO - Epoch [23/50]-(20/22) Loss: 0.7609, Acc(1): 75.00, Acc(5): 100.00
2023-06-19 16:45:38,035 - AUGCON - INFO - 	Validation Loss: 0.8021, Acc(1): 72.00, Acc(5): 99.00, F1: 0.17, Recall: 0.19, Precision: 0.16
2023-06-19 16:45:38,035 - AUGCON - INFO - Epoch [24/50]-(0/22) Loss: 0.4742, Acc(1): 100.00, Acc(5): 100.00
2023-06-19 16:45:38,035 - AUGCON - INFO - Epoch [24/50]-(5/22) Loss: 0.5785, Acc(1): 100.00, Acc(5): 100.00
2023-06-19 16:45:38,035 - AUGCON - INFO - Epoch [24/50]-(10/22) Loss: 0.9387, Acc(1): 50.00, Acc(5): 100.00
2023-06-19 16:45:38,035 - AUGCON - INFO - Epoch [24/50]-(15/22) Loss: 0.3810, Acc(1): 100.00, Acc(5): 100.00
2023-06-19 16:45:38,035 - AUGCON - INFO - Epoch [24/50]-(20/22) Loss: 1.2336, Acc(1): 75.00, Acc(5): 100.00
2023-06-19 16:45:38,035 - AUGCON - INFO - 	Validation Loss: 0.7468, Acc(1): 74.00, Acc(5): 99.00, F1: 0.18, Recall: 0.19, Precision: 0.17
2023-06-19 16:45:38,035 - AUGCON - INFO - Epoch [25/50]-(0/22) Loss: 0.9192, Acc(1): 50.00, Acc(5): 100.00
2023-06-19 16:45:38,035 - AUGCON - INFO - Epoch [25/50]-(5/22) Loss: 1.0014, Acc(1): 50.00, Acc(5): 100.00
2023-06-19 16:45:38,035 - AUGCON - INFO - Epoch [25/50]-(10/22) Loss: 0.9091, Acc(1): 100.00, Acc(5): 100.00
2023-06-19 16:45:38,035 - AUGCON - INFO - Epoch [25/50]-(15/22) Loss: 0.5720, Acc(1): 75.00, Acc(5): 100.00
2023-06-19 16:45:38,035 - AUGCON - INFO - Epoch [25/50]-(20/22) Loss: 0.3674, Acc(1): 100.00, Acc(5): 100.00
2023-06-19 16:45:38,035 - AUGCON - INFO - 	Validation Loss: 0.7399, Acc(1): 72.00, Acc(5): 99.00, F1: 0.17, Recall: 0.18, Precision: 0.16
2023-06-19 16:45:38,035 - AUGCON - INFO - Epoch [26/50]-(0/22) Loss: 0.5408, Acc(1): 75.00, Acc(5): 100.00
2023-06-19 16:45:38,035 - AUGCON - INFO - Epoch [26/50]-(5/22) Loss: 0.7039, Acc(1): 75.00, Acc(5): 100.00
2023-06-19 16:45:38,036 - AUGCON - INFO - Epoch [26/50]-(10/22) Loss: 1.0449, Acc(1): 75.00, Acc(5): 100.00
2023-06-19 16:45:38,036 - AUGCON - INFO - Epoch [26/50]-(15/22) Loss: 0.8462, Acc(1): 50.00, Acc(5): 100.00
2023-06-19 16:45:38,036 - AUGCON - INFO - Epoch [26/50]-(20/22) Loss: 0.2846, Acc(1): 100.00, Acc(5): 100.00
2023-06-19 16:45:38,036 - AUGCON - INFO - 	Validation Loss: 0.7347, Acc(1): 75.00, Acc(5): 98.00, F1: 0.18, Recall: 0.19, Precision: 0.17
2023-06-19 16:45:38,036 - AUGCON - INFO - Epoch [27/50]-(0/22) Loss: 1.0434, Acc(1): 50.00, Acc(5): 100.00
2023-06-19 16:45:38,036 - AUGCON - INFO - Epoch [27/50]-(5/22) Loss: 0.5873, Acc(1): 100.00, Acc(5): 100.00
2023-06-19 16:45:38,036 - AUGCON - INFO - Epoch [27/50]-(10/22) Loss: 0.3024, Acc(1): 100.00, Acc(5): 100.00
2023-06-19 16:45:38,036 - AUGCON - INFO - Epoch [27/50]-(15/22) Loss: 0.4296, Acc(1): 100.00, Acc(5): 100.00
2023-06-19 16:45:38,036 - AUGCON - INFO - Epoch [27/50]-(20/22) Loss: 0.3007, Acc(1): 100.00, Acc(5): 100.00
2023-06-19 16:45:38,036 - AUGCON - INFO - 	Validation Loss: 0.7119, Acc(1): 76.00, Acc(5): 99.00, F1: 0.18, Recall: 0.18, Precision: 0.18
2023-06-19 16:45:38,036 - AUGCON - INFO - Epoch [28/50]-(0/22) Loss: 0.7878, Acc(1): 75.00, Acc(5): 100.00
2023-06-19 16:45:38,036 - AUGCON - INFO - Epoch [28/50]-(5/22) Loss: 0.8958, Acc(1): 75.00, Acc(5): 100.00
2023-06-19 16:45:38,036 - AUGCON - INFO - Epoch [28/50]-(10/22) Loss: 0.7035, Acc(1): 100.00, Acc(5): 100.00
2023-06-19 16:45:38,037 - AUGCON - INFO - Epoch [28/50]-(15/22) Loss: 0.2342, Acc(1): 100.00, Acc(5): 100.00
2023-06-19 16:45:38,037 - AUGCON - INFO - Epoch [28/50]-(20/22) Loss: 0.7465, Acc(1): 75.00, Acc(5): 100.00
2023-06-19 16:45:38,037 - AUGCON - INFO - 	Validation Loss: 0.6891, Acc(1): 78.00, Acc(5): 99.00, F1: 0.19, Recall: 0.20, Precision: 0.18
2023-06-19 16:45:38,037 - AUGCON - INFO - Epoch [29/50]-(0/22) Loss: 0.7807, Acc(1): 75.00, Acc(5): 100.00
2023-06-19 16:45:38,037 - AUGCON - INFO - Epoch [29/50]-(5/22) Loss: 1.2312, Acc(1): 50.00, Acc(5): 100.00
2023-06-19 16:45:38,037 - AUGCON - INFO - Epoch [29/50]-(10/22) Loss: 0.1334, Acc(1): 100.00, Acc(5): 100.00
2023-06-19 16:45:38,037 - AUGCON - INFO - Epoch [29/50]-(15/22) Loss: 1.1483, Acc(1): 50.00, Acc(5): 100.00
2023-06-19 16:45:38,037 - AUGCON - INFO - Epoch [29/50]-(20/22) Loss: 0.5896, Acc(1): 100.00, Acc(5): 100.00
2023-06-19 16:45:38,037 - AUGCON - INFO - 	Validation Loss: 0.7205, Acc(1): 71.00, Acc(5): 99.00, F1: 0.17, Recall: 0.18, Precision: 0.16
2023-06-19 16:45:38,037 - AUGCON - INFO - Epoch [30/50]-(0/22) Loss: 0.4316, Acc(1): 100.00, Acc(5): 100.00
2023-06-19 16:45:38,037 - AUGCON - INFO - Epoch [30/50]-(5/22) Loss: 0.7132, Acc(1): 75.00, Acc(5): 100.00
2023-06-19 16:45:38,037 - AUGCON - INFO - Epoch [30/50]-(10/22) Loss: 1.0996, Acc(1): 25.00, Acc(5): 100.00
2023-06-19 16:45:38,037 - AUGCON - INFO - Epoch [30/50]-(15/22) Loss: 0.7943, Acc(1): 75.00, Acc(5): 100.00
2023-06-19 16:45:38,037 - AUGCON - INFO - Epoch [30/50]-(20/22) Loss: 0.6062, Acc(1): 75.00, Acc(5): 100.00
2023-06-19 16:45:38,037 - AUGCON - INFO - 	Validation Loss: 0.6894, Acc(1): 76.00, Acc(5): 99.00, F1: 0.18, Recall: 0.19, Precision: 0.17
2023-06-19 16:45:38,037 - AUGCON - INFO - Epoch [31/50]-(0/22) Loss: 1.0142, Acc(1): 75.00, Acc(5): 100.00
2023-06-19 16:45:38,038 - AUGCON - INFO - Epoch [31/50]-(5/22) Loss: 0.4568, Acc(1): 75.00, Acc(5): 100.00
2023-06-19 16:45:38,038 - AUGCON - INFO - Epoch [31/50]-(10/22) Loss: 0.3616, Acc(1): 100.00, Acc(5): 100.00
2023-06-19 16:45:38,038 - AUGCON - INFO - Epoch [31/50]-(15/22) Loss: 0.9159, Acc(1): 50.00, Acc(5): 100.00
2023-06-19 16:45:38,038 - AUGCON - INFO - Epoch [31/50]-(20/22) Loss: 0.8446, Acc(1): 75.00, Acc(5): 100.00
2023-06-19 16:45:38,038 - AUGCON - INFO - 	Validation Loss: 0.6993, Acc(1): 73.00, Acc(5): 99.00, F1: 0.18, Recall: 0.19, Precision: 0.17
2023-06-19 16:45:38,038 - AUGCON - INFO - Epoch [32/50]-(0/22) Loss: 0.2846, Acc(1): 100.00, Acc(5): 100.00
2023-06-19 16:45:38,038 - AUGCON - INFO - Epoch [32/50]-(5/22) Loss: 0.3134, Acc(1): 100.00, Acc(5): 100.00
2023-06-19 16:45:38,038 - AUGCON - INFO - Epoch [32/50]-(10/22) Loss: 0.2240, Acc(1): 100.00, Acc(5): 100.00
2023-06-19 16:45:38,038 - AUGCON - INFO - Epoch [32/50]-(15/22) Loss: 0.5261, Acc(1): 75.00, Acc(5): 100.00
2023-06-19 16:45:38,038 - AUGCON - INFO - Epoch [32/50]-(20/22) Loss: 0.3378, Acc(1): 100.00, Acc(5): 100.00
2023-06-19 16:45:38,038 - AUGCON - INFO - 	Validation Loss: 0.6626, Acc(1): 76.00, Acc(5): 99.00, F1: 0.18, Recall: 0.19, Precision: 0.17
2023-06-19 16:45:38,038 - AUGCON - INFO - Epoch [33/50]-(0/22) Loss: 0.7513, Acc(1): 100.00, Acc(5): 100.00
2023-06-19 16:45:38,038 - AUGCON - INFO - Epoch [33/50]-(5/22) Loss: 0.6628, Acc(1): 75.00, Acc(5): 100.00
2023-06-19 16:45:38,038 - AUGCON - INFO - Epoch [33/50]-(10/22) Loss: 0.1621, Acc(1): 100.00, Acc(5): 100.00
2023-06-19 16:45:38,038 - AUGCON - INFO - Epoch [33/50]-(15/22) Loss: 0.9203, Acc(1): 75.00, Acc(5): 100.00
2023-06-19 16:45:38,038 - AUGCON - INFO - Epoch [33/50]-(20/22) Loss: 0.6495, Acc(1): 75.00, Acc(5): 100.00
2023-06-19 16:45:38,038 - AUGCON - INFO - 	Validation Loss: 0.6477, Acc(1): 73.00, Acc(5): 99.00, F1: 0.17, Recall: 0.19, Precision: 0.16
2023-06-19 16:45:38,039 - AUGCON - INFO - Epoch [34/50]-(0/22) Loss: 0.2502, Acc(1): 100.00, Acc(5): 100.00
2023-06-19 16:45:38,039 - AUGCON - INFO - Epoch [34/50]-(5/22) Loss: 0.7664, Acc(1): 50.00, Acc(5): 100.00
2023-06-19 16:45:38,039 - AUGCON - INFO - Epoch [34/50]-(10/22) Loss: 0.7996, Acc(1): 50.00, Acc(5): 100.00
2023-06-19 16:45:38,039 - AUGCON - INFO - Epoch [34/50]-(15/22) Loss: 0.5805, Acc(1): 75.00, Acc(5): 100.00
2023-06-19 16:45:38,039 - AUGCON - INFO - Epoch [34/50]-(20/22) Loss: 0.5283, Acc(1): 100.00, Acc(5): 100.00
2023-06-19 16:45:38,039 - AUGCON - INFO - 	Validation Loss: 0.6604, Acc(1): 74.00, Acc(5): 99.00, F1: 0.17, Recall: 0.19, Precision: 0.17
2023-06-19 16:45:38,039 - AUGCON - INFO - Epoch [35/50]-(0/22) Loss: 0.3836, Acc(1): 100.00, Acc(5): 100.00
2023-06-19 16:45:38,039 - AUGCON - INFO - Epoch [35/50]-(5/22) Loss: 1.2660, Acc(1): 25.00, Acc(5): 100.00
2023-06-19 16:45:38,039 - AUGCON - INFO - Epoch [35/50]-(10/22) Loss: 0.2555, Acc(1): 100.00, Acc(5): 100.00
2023-06-19 16:45:38,039 - AUGCON - INFO - Epoch [35/50]-(15/22) Loss: 0.7061, Acc(1): 75.00, Acc(5): 100.00
2023-06-19 16:45:38,039 - AUGCON - INFO - Epoch [35/50]-(20/22) Loss: 0.6892, Acc(1): 75.00, Acc(5): 100.00
2023-06-19 16:45:38,039 - AUGCON - INFO - 	Validation Loss: 0.6480, Acc(1): 76.00, Acc(5): 99.00, F1: 0.18, Recall: 0.19, Precision: 0.17
2023-06-19 16:45:38,039 - AUGCON - INFO - Epoch [36/50]-(0/22) Loss: 0.1656, Acc(1): 100.00, Acc(5): 100.00
2023-06-19 16:45:38,039 - AUGCON - INFO - Epoch [36/50]-(5/22) Loss: 0.8021, Acc(1): 75.00, Acc(5): 100.00
2023-06-19 16:45:38,039 - AUGCON - INFO - Epoch [36/50]-(10/22) Loss: 0.7487, Acc(1): 75.00, Acc(5): 100.00
2023-06-19 16:45:38,039 - AUGCON - INFO - Epoch [36/50]-(15/22) Loss: 0.7647, Acc(1): 50.00, Acc(5): 100.00
2023-06-19 16:45:38,040 - AUGCON - INFO - Epoch [36/50]-(20/22) Loss: 0.5008, Acc(1): 75.00, Acc(5): 100.00
2023-06-19 16:45:38,040 - AUGCON - INFO - 	Validation Loss: 0.6407, Acc(1): 77.00, Acc(5): 100.00, F1: 0.19, Recall: 0.20, Precision: 0.18
2023-06-19 16:45:38,040 - AUGCON - INFO - Epoch [37/50]-(0/22) Loss: 0.5867, Acc(1): 75.00, Acc(5): 100.00
2023-06-19 16:45:38,040 - AUGCON - INFO - Epoch [37/50]-(5/22) Loss: 0.2630, Acc(1): 100.00, Acc(5): 100.00
2023-06-19 16:45:38,040 - AUGCON - INFO - Epoch [37/50]-(10/22) Loss: 0.9251, Acc(1): 75.00, Acc(5): 100.00
2023-06-19 16:45:38,040 - AUGCON - INFO - Epoch [37/50]-(15/22) Loss: 0.5009, Acc(1): 75.00, Acc(5): 100.00
2023-06-19 16:45:38,040 - AUGCON - INFO - Epoch [37/50]-(20/22) Loss: 0.4467, Acc(1): 100.00, Acc(5): 100.00
2023-06-19 16:45:38,040 - AUGCON - INFO - 	Validation Loss: 0.6422, Acc(1): 81.00, Acc(5): 99.00, F1: 0.20, Recall: 0.20, Precision: 0.19
2023-06-19 16:45:38,040 - AUGCON - INFO - Epoch [38/50]-(0/22) Loss: 0.4726, Acc(1): 75.00, Acc(5): 100.00
2023-06-19 16:45:38,040 - AUGCON - INFO - Epoch [38/50]-(5/22) Loss: 0.6771, Acc(1): 75.00, Acc(5): 100.00
2023-06-19 16:45:38,040 - AUGCON - INFO - Epoch [38/50]-(10/22) Loss: 0.2418, Acc(1): 100.00, Acc(5): 100.00
2023-06-19 16:45:38,040 - AUGCON - INFO - Epoch [38/50]-(15/22) Loss: 0.9599, Acc(1): 50.00, Acc(5): 100.00
2023-06-19 16:45:38,040 - AUGCON - INFO - Epoch [38/50]-(20/22) Loss: 0.7901, Acc(1): 75.00, Acc(5): 100.00
2023-06-19 16:45:38,040 - AUGCON - INFO - 	Validation Loss: 0.6157, Acc(1): 78.00, Acc(5): 99.00, F1: 0.18, Recall: 0.19, Precision: 0.18
2023-06-19 16:45:38,040 - AUGCON - INFO - Epoch [39/50]-(0/22) Loss: 0.3020, Acc(1): 100.00, Acc(5): 100.00
2023-06-19 16:45:38,040 - AUGCON - INFO - Epoch [39/50]-(5/22) Loss: 0.3047, Acc(1): 100.00, Acc(5): 100.00
2023-06-19 16:45:38,041 - AUGCON - INFO - Epoch [39/50]-(10/22) Loss: 0.4992, Acc(1): 100.00, Acc(5): 100.00
2023-06-19 16:45:38,041 - AUGCON - INFO - Epoch [39/50]-(15/22) Loss: 0.7813, Acc(1): 50.00, Acc(5): 100.00
2023-06-19 16:45:38,041 - AUGCON - INFO - Epoch [39/50]-(20/22) Loss: 0.8256, Acc(1): 50.00, Acc(5): 100.00
2023-06-19 16:45:38,041 - AUGCON - INFO - 	Validation Loss: 0.6077, Acc(1): 79.00, Acc(5): 99.00, F1: 0.19, Recall: 0.20, Precision: 0.18
2023-06-19 16:45:38,041 - AUGCON - INFO - Epoch [40/50]-(0/22) Loss: 0.9090, Acc(1): 75.00, Acc(5): 100.00
2023-06-19 16:45:38,041 - AUGCON - INFO - Epoch [40/50]-(5/22) Loss: 0.5853, Acc(1): 100.00, Acc(5): 100.00
2023-06-19 16:45:38,041 - AUGCON - INFO - Epoch [40/50]-(10/22) Loss: 0.3443, Acc(1): 100.00, Acc(5): 100.00
2023-06-19 16:45:38,041 - AUGCON - INFO - Epoch [40/50]-(15/22) Loss: 0.2814, Acc(1): 100.00, Acc(5): 100.00
2023-06-19 16:45:38,041 - AUGCON - INFO - Epoch [40/50]-(20/22) Loss: 0.6357, Acc(1): 75.00, Acc(5): 100.00
2023-06-19 16:45:38,041 - AUGCON - INFO - 	Validation Loss: 0.6138, Acc(1): 79.00, Acc(5): 100.00, F1: 0.19, Recall: 0.20, Precision: 0.18
2023-06-19 16:45:38,041 - AUGCON - INFO - Epoch [41/50]-(0/22) Loss: 0.8207, Acc(1): 75.00, Acc(5): 100.00
2023-06-19 16:45:38,041 - AUGCON - INFO - Epoch [41/50]-(5/22) Loss: 0.3546, Acc(1): 75.00, Acc(5): 100.00
2023-06-19 16:45:38,041 - AUGCON - INFO - Epoch [41/50]-(10/22) Loss: 1.0012, Acc(1): 75.00, Acc(5): 100.00
2023-06-19 16:45:38,041 - AUGCON - INFO - Epoch [41/50]-(15/22) Loss: 0.5593, Acc(1): 75.00, Acc(5): 100.00
2023-06-19 16:45:38,041 - AUGCON - INFO - Epoch [41/50]-(20/22) Loss: 0.5527, Acc(1): 75.00, Acc(5): 100.00
2023-06-19 16:45:38,042 - AUGCON - INFO - 	Validation Loss: 0.6097, Acc(1): 80.00, Acc(5): 99.00, F1: 0.19, Recall: 0.20, Precision: 0.19
2023-06-19 16:45:38,042 - AUGCON - INFO - Epoch [42/50]-(0/22) Loss: 0.6917, Acc(1): 50.00, Acc(5): 100.00
2023-06-19 16:45:38,042 - AUGCON - INFO - Epoch [42/50]-(5/22) Loss: 0.6465, Acc(1): 100.00, Acc(5): 100.00
2023-06-19 16:45:38,042 - AUGCON - INFO - Epoch [42/50]-(10/22) Loss: 0.4767, Acc(1): 75.00, Acc(5): 100.00
2023-06-19 16:45:38,042 - AUGCON - INFO - Epoch [42/50]-(15/22) Loss: 0.1272, Acc(1): 100.00, Acc(5): 100.00
2023-06-19 16:45:38,042 - AUGCON - INFO - Epoch [42/50]-(20/22) Loss: 0.5055, Acc(1): 75.00, Acc(5): 100.00
2023-06-19 16:45:38,042 - AUGCON - INFO - 	Validation Loss: 0.5779, Acc(1): 83.00, Acc(5): 99.00, F1: 0.20, Recall: 0.20, Precision: 0.20
2023-06-19 16:45:38,042 - AUGCON - INFO - Epoch [43/50]-(0/22) Loss: 0.5030, Acc(1): 75.00, Acc(5): 100.00
2023-06-19 16:45:38,042 - AUGCON - INFO - Epoch [43/50]-(5/22) Loss: 0.8150, Acc(1): 75.00, Acc(5): 100.00
2023-06-19 16:45:38,042 - AUGCON - INFO - Epoch [43/50]-(10/22) Loss: 0.1278, Acc(1): 100.00, Acc(5): 100.00
2023-06-19 16:45:38,042 - AUGCON - INFO - Epoch [43/50]-(15/22) Loss: 0.4250, Acc(1): 75.00, Acc(5): 100.00
2023-06-19 16:45:38,042 - AUGCON - INFO - Epoch [43/50]-(20/22) Loss: 0.7524, Acc(1): 50.00, Acc(5): 100.00
2023-06-19 16:45:38,042 - AUGCON - INFO - 	Validation Loss: 0.6099, Acc(1): 76.00, Acc(5): 99.00, F1: 0.18, Recall: 0.19, Precision: 0.17
2023-06-19 16:45:38,042 - AUGCON - INFO - Epoch [44/50]-(0/22) Loss: 0.5198, Acc(1): 75.00, Acc(5): 100.00
2023-06-19 16:45:38,042 - AUGCON - INFO - Epoch [44/50]-(5/22) Loss: 0.2729, Acc(1): 100.00, Acc(5): 100.00
2023-06-19 16:45:38,042 - AUGCON - INFO - Epoch [44/50]-(10/22) Loss: 0.4859, Acc(1): 75.00, Acc(5): 100.00
2023-06-19 16:45:38,042 - AUGCON - INFO - Epoch [44/50]-(15/22) Loss: 0.7759, Acc(1): 75.00, Acc(5): 100.00
2023-06-19 16:45:38,043 - AUGCON - INFO - Epoch [44/50]-(20/22) Loss: 0.8299, Acc(1): 75.00, Acc(5): 100.00
2023-06-19 16:45:38,043 - AUGCON - INFO - 	Validation Loss: 0.6403, Acc(1): 78.00, Acc(5): 100.00, F1: 0.19, Recall: 0.20, Precision: 0.18
2023-06-19 16:45:38,043 - AUGCON - INFO - Epoch [45/50]-(0/22) Loss: 0.7480, Acc(1): 50.00, Acc(5): 100.00
2023-06-19 16:45:38,043 - AUGCON - INFO - Epoch [45/50]-(5/22) Loss: 0.5408, Acc(1): 75.00, Acc(5): 100.00
2023-06-19 16:45:38,043 - AUGCON - INFO - Epoch [45/50]-(10/22) Loss: 1.2278, Acc(1): 25.00, Acc(5): 100.00
2023-06-19 16:45:38,043 - AUGCON - INFO - Epoch [45/50]-(15/22) Loss: 0.5894, Acc(1): 75.00, Acc(5): 100.00
2023-06-19 16:45:38,043 - AUGCON - INFO - Epoch [45/50]-(20/22) Loss: 0.4836, Acc(1): 75.00, Acc(5): 100.00
2023-06-19 16:45:38,043 - AUGCON - INFO - 	Validation Loss: 0.5677, Acc(1): 80.00, Acc(5): 99.00, F1: 0.19, Recall: 0.19, Precision: 0.19
2023-06-19 16:45:38,043 - AUGCON - INFO - Epoch [46/50]-(0/22) Loss: 0.6695, Acc(1): 75.00, Acc(5): 100.00
2023-06-19 16:45:38,043 - AUGCON - INFO - Epoch [46/50]-(5/22) Loss: 0.4600, Acc(1): 75.00, Acc(5): 100.00
2023-06-19 16:45:38,043 - AUGCON - INFO - Epoch [46/50]-(10/22) Loss: 0.6877, Acc(1): 50.00, Acc(5): 100.00
2023-06-19 16:45:38,043 - AUGCON - INFO - Epoch [46/50]-(15/22) Loss: 0.3058, Acc(1): 100.00, Acc(5): 100.00
2023-06-19 16:45:38,043 - AUGCON - INFO - Epoch [46/50]-(20/22) Loss: 0.6324, Acc(1): 75.00, Acc(5): 100.00
2023-06-19 16:45:38,043 - AUGCON - INFO - 	Validation Loss: 0.6063, Acc(1): 77.00, Acc(5): 99.00, F1: 0.19, Recall: 0.20, Precision: 0.18
2023-06-19 16:45:38,043 - AUGCON - INFO - Epoch [47/50]-(0/22) Loss: 0.3742, Acc(1): 75.00, Acc(5): 100.00
2023-06-19 16:45:38,043 - AUGCON - INFO - Epoch [47/50]-(5/22) Loss: 0.4404, Acc(1): 75.00, Acc(5): 100.00
2023-06-19 16:45:38,044 - AUGCON - INFO - Epoch [47/50]-(10/22) Loss: 0.1719, Acc(1): 100.00, Acc(5): 100.00
2023-06-19 16:45:38,044 - AUGCON - INFO - Epoch [47/50]-(15/22) Loss: 0.3016, Acc(1): 100.00, Acc(5): 100.00
2023-06-19 16:45:38,044 - AUGCON - INFO - Epoch [47/50]-(20/22) Loss: 1.0505, Acc(1): 50.00, Acc(5): 100.00
2023-06-19 16:45:38,044 - AUGCON - INFO - 	Validation Loss: 0.6014, Acc(1): 76.00, Acc(5): 99.00, F1: 0.18, Recall: 0.20, Precision: 0.17
2023-06-19 16:45:38,044 - AUGCON - INFO - Epoch [48/50]-(0/22) Loss: 0.4971, Acc(1): 75.00, Acc(5): 100.00
2023-06-19 16:45:38,044 - AUGCON - INFO - Epoch [48/50]-(5/22) Loss: 0.3904, Acc(1): 100.00, Acc(5): 100.00
2023-06-19 16:45:38,044 - AUGCON - INFO - Epoch [48/50]-(10/22) Loss: 0.3176, Acc(1): 100.00, Acc(5): 100.00
2023-06-19 16:45:38,044 - AUGCON - INFO - Epoch [48/50]-(15/22) Loss: 0.2368, Acc(1): 100.00, Acc(5): 100.00
2023-06-19 16:45:38,044 - AUGCON - INFO - Epoch [48/50]-(20/22) Loss: 0.7485, Acc(1): 75.00, Acc(5): 100.00
2023-06-19 16:45:38,044 - AUGCON - INFO - 	Validation Loss: 0.5875, Acc(1): 82.00, Acc(5): 99.00, F1: 0.20, Recall: 0.21, Precision: 0.19
2023-06-19 16:45:38,044 - AUGCON - INFO - Epoch [49/50]-(0/22) Loss: 0.4738, Acc(1): 100.00, Acc(5): 100.00
2023-06-19 16:45:38,044 - AUGCON - INFO - Epoch [49/50]-(5/22) Loss: 0.2998, Acc(1): 100.00, Acc(5): 100.00
2023-06-19 16:45:38,044 - AUGCON - INFO - Epoch [49/50]-(10/22) Loss: 0.3502, Acc(1): 100.00, Acc(5): 100.00
2023-06-19 16:45:38,044 - AUGCON - INFO - Epoch [49/50]-(15/22) Loss: 0.2993, Acc(1): 100.00, Acc(5): 100.00
2023-06-19 16:45:38,044 - AUGCON - INFO - Epoch [49/50]-(20/22) Loss: 0.9369, Acc(1): 50.00, Acc(5): 100.00
2023-06-19 16:45:38,045 - AUGCON - INFO - 	Validation Loss: 0.6132, Acc(1): 72.00, Acc(5): 100.00, F1: 0.17, Recall: 0.19, Precision: 0.16
2023-06-19 16:45:38,045 - AUGCON - INFO - Epoch [50/50]-(0/22) Loss: 0.4929, Acc(1): 75.00, Acc(5): 100.00
2023-06-19 16:45:38,045 - AUGCON - INFO - Epoch [50/50]-(5/22) Loss: 1.0258, Acc(1): 75.00, Acc(5): 100.00
2023-06-19 16:45:38,045 - AUGCON - INFO - Epoch [50/50]-(10/22) Loss: 0.7045, Acc(1): 75.00, Acc(5): 100.00
2023-06-19 16:45:38,045 - AUGCON - INFO - Epoch [50/50]-(15/22) Loss: 0.7677, Acc(1): 75.00, Acc(5): 100.00
2023-06-19 16:45:38,045 - AUGCON - INFO - Epoch [50/50]-(20/22) Loss: 0.4200, Acc(1): 75.00, Acc(5): 100.00
2023-06-19 16:45:38,045 - AUGCON - INFO - 	Validation Loss: 0.5619, Acc(1): 82.00, Acc(5): 99.00, F1: 0.20, Recall: 0.20, Precision: 0.19
2023-06-19 16:45:38,045 - AUGCON - INFO - 	Validation Loss: 0.5053, Acc(1): 82.00, Acc(5): 100.00, F1: 0.20, Recall: 0.20, Precision: 0.21
