2023-06-19 16:43:50,714 - AUGCON - INFO - logger initialized (/home/hjyoon/projects/augcon/config/exp0/finetune_da_true/without_target_domain_PH0012-thanh/metacpc_random_8421/tgt_target_domain_PH0012-thanh_seed0.yaml.log)
2023-06-19 16:43:50,715 - AUGCON - INFO - ================= Config =================
2023-06-19 16:43:50,715 - AUGCON - INFO -   mode: finetune
2023-06-19 16:43:50,715 - AUGCON - INFO -   seed: 0
2023-06-19 16:43:50,715 - AUGCON - INFO -   gpu: [1]
2023-06-19 16:43:50,715 - AUGCON - INFO -   num_workers: 1
2023-06-19 16:43:50,715 - AUGCON - INFO -   dist_url: tcp://localhost:10001
2023-06-19 16:43:50,715 - AUGCON - INFO -   dataset_name: ichar
2023-06-19 16:43:50,715 - AUGCON - INFO -   train_dataset_path: /mnt/sting/hjyoon/projects/cross/ICHAR/augcon/target_domain_PH0012-thanh/finetune/10shot/target/train.pkl
2023-06-19 16:43:50,715 - AUGCON - INFO -   test_dataset_path: /mnt/sting/hjyoon/projects/cross/ICHAR/augcon/target_domain_PH0012-thanh/finetune/10shot/target/test.pkl
2023-06-19 16:43:50,715 - AUGCON - INFO -   val_dataset_path: /mnt/sting/hjyoon/projects/cross/ICHAR/augcon/target_domain_PH0012-thanh/finetune/10shot/target/val.pkl
2023-06-19 16:43:50,715 - AUGCON - INFO -   input_channels: 3
2023-06-19 16:43:50,715 - AUGCON - INFO -   num_cls: 9
2023-06-19 16:43:50,715 - AUGCON - INFO -   optimizer: adam
2023-06-19 16:43:50,715 - AUGCON - INFO -   criterion: crossentropy
2023-06-19 16:43:50,715 - AUGCON - INFO -   start_epoch: 0
2023-06-19 16:43:50,715 - AUGCON - INFO -   epochs: 50
2023-06-19 16:43:50,715 - AUGCON - INFO -   batch_size: 4
2023-06-19 16:43:50,715 - AUGCON - INFO -   lr: 0.001
2023-06-19 16:43:50,715 - AUGCON - INFO -   wd: 0.0
2023-06-19 16:43:50,715 - AUGCON - INFO -   resume: 
2023-06-19 16:43:50,715 - AUGCON - INFO -   pretrained: /mnt/sting/hjyoon/projects/augcontrast/models/exp0/pretrain/without_target_domain_PH0012-thanh/metacpc_random_8421/checkpoint_0999.pth.tar
2023-06-19 16:43:50,715 - AUGCON - INFO -   ckpt_dir: /mnt/sting/hjyoon/projects/augcontrast/models/exp0/finetune_da_true/without_target_domain_PH0012-thanh/metacpc_random_8421/tgt_target_domain_PH0012-thanh_seed0
2023-06-19 16:43:50,715 - AUGCON - INFO -   log_freq: 5
2023-06-19 16:43:50,715 - AUGCON - INFO -   save_freq: 10
2023-06-19 16:43:50,715 - AUGCON - INFO -   pretext: metacpc
2023-06-19 16:43:50,715 - AUGCON - INFO -   enc_blocks: 4
2023-06-19 16:43:50,716 - AUGCON - INFO -   kernel_sizes: [8, 4, 2, 1]
2023-06-19 16:43:50,716 - AUGCON - INFO -   strides: [4, 2, 1, 1]
2023-06-19 16:43:50,716 - AUGCON - INFO -   agg_blocks: 5
2023-06-19 16:43:50,716 - AUGCON - INFO -   z_dim: 256
2023-06-19 16:43:50,716 - AUGCON - INFO -   pooling: mean
2023-06-19 16:43:50,716 - AUGCON - INFO -   pred_steps: 12
2023-06-19 16:43:50,716 - AUGCON - INFO -   n_negatives: 15
2023-06-19 16:43:50,716 - AUGCON - INFO -   offset: 4
2023-06-19 16:43:50,716 - AUGCON - INFO -   domain_adaptation: True
2023-06-19 16:43:50,716 - AUGCON - INFO -   task_steps: 10
2023-06-19 16:43:50,716 - AUGCON - INFO -   task_lr: 0.001
2023-06-19 16:43:50,716 - AUGCON - INFO -   reg_lambda: 0
2023-06-19 16:43:50,716 - AUGCON - INFO -   mlp: False
2023-06-19 16:43:50,716 - AUGCON - INFO -   freeze: True
2023-06-19 16:43:50,716 - AUGCON - INFO -   no_vars: False
2023-06-19 16:43:50,716 - AUGCON - INFO - ==========================================
2023-06-19 16:43:50,716 - AUGCON - INFO - Setting GPUs: [1]
2023-06-19 16:43:50,716 - AUGCON - INFO - GPUs [1] will be used
2023-06-19 16:43:50,717 - AUGCON - WARNING - You have chosen to seed training. 
2023-06-19 16:43:50,717 - AUGCON - WARNING - This will turn on the CUDNN deterministic setting, 
2023-06-19 16:43:50,717 - AUGCON - WARNING - which can slow down your training considerably! 
2023-06-19 16:43:50,717 - AUGCON - WARNING - You may see unexpected behavior when restarting 
2023-06-19 16:43:50,717 - AUGCON - WARNING - from checkpoints.
2023-06-19 16:43:50,760 - AUGCON - INFO - Executing MetaCPC
2023-06-19 16:43:50,761 - AUGCON - INFO - Logs are skipped during training
2023-06-19 16:44:10,070 - AUGCON - INFO - Single GPU is used for training - training 90 instances for each worker
2023-06-19 16:44:10,070 - AUGCON - INFO - Loading pretrained model from checkpoint - /mnt/sting/hjyoon/projects/augcontrast/models/exp0/pretrain/without_target_domain_PH0012-thanh/metacpc_random_8421/checkpoint_0999.pth.tar
2023-06-19 16:44:10,070 - AUGCON - INFO - Missing keys: []
2023-06-19 16:44:10,070 - AUGCON - INFO - Perform domain adaptation step
2023-06-19 16:44:10,070 - AUGCON - INFO - 	meta-train [0/10] Loss: 15.9748, Acc(1): 6.91, Acc(5): 32.76
2023-06-19 16:44:10,071 - AUGCON - INFO - 	meta-train [1/10] Loss: 7.0543, Acc(1): 9.71, Acc(5): 41.07
2023-06-19 16:44:10,071 - AUGCON - INFO - 	meta-train [2/10] Loss: 3.4170, Acc(1): 15.49, Acc(5): 57.51
2023-06-19 16:44:10,071 - AUGCON - INFO - 	meta-train [3/10] Loss: 2.0701, Acc(1): 30.21, Acc(5): 81.12
2023-06-19 16:44:10,071 - AUGCON - INFO - 	meta-train [4/10] Loss: 1.8813, Acc(1): 35.65, Acc(5): 84.08
2023-06-19 16:44:10,071 - AUGCON - INFO - 	meta-train [5/10] Loss: 1.7744, Acc(1): 39.06, Acc(5): 87.91
2023-06-19 16:44:10,071 - AUGCON - INFO - 	meta-train [6/10] Loss: 1.6876, Acc(1): 40.47, Acc(5): 89.14
2023-06-19 16:44:10,071 - AUGCON - INFO - 	meta-train [7/10] Loss: 1.6850, Acc(1): 40.19, Acc(5): 89.57
2023-06-19 16:44:10,071 - AUGCON - INFO - 	meta-train [8/10] Loss: 1.6516, Acc(1): 41.49, Acc(5): 90.00
2023-06-19 16:44:10,071 - AUGCON - INFO - 	meta-train [9/10] Loss: 1.6427, Acc(1): 40.81, Acc(5): 90.47
2023-06-19 16:44:10,071 - AUGCON - INFO - Loading encoder parameters to the classifier
2023-06-19 16:44:10,071 - AUGCON - INFO - Missing keys: ['classifier.block.0.weight', 'classifier.block.0.bias']
2023-06-19 16:44:10,072 - AUGCON - INFO - Epoch [1/50]-(0/22) Loss: 2.1299, Acc(1): 25.00, Acc(5): 75.00
2023-06-19 16:44:10,072 - AUGCON - INFO - Epoch [1/50]-(5/22) Loss: 2.3158, Acc(1): 25.00, Acc(5): 75.00
2023-06-19 16:44:10,072 - AUGCON - INFO - Epoch [1/50]-(10/22) Loss: 2.4754, Acc(1): 0.00, Acc(5): 50.00
2023-06-19 16:44:10,072 - AUGCON - INFO - Epoch [1/50]-(15/22) Loss: 2.1169, Acc(1): 50.00, Acc(5): 75.00
2023-06-19 16:44:10,072 - AUGCON - INFO - Epoch [1/50]-(20/22) Loss: 2.1999, Acc(1): 0.00, Acc(5): 25.00
2023-06-19 16:44:10,072 - AUGCON - INFO - 	Validation Loss: 2.0185, Acc(1): 35.00, Acc(5): 91.00, F1: 0.10, Recall: 0.10, Precision: 0.09
2023-06-19 16:44:10,072 - AUGCON - INFO - Epoch [2/50]-(0/22) Loss: 1.9840, Acc(1): 25.00, Acc(5): 100.00
2023-06-19 16:44:10,072 - AUGCON - INFO - Epoch [2/50]-(5/22) Loss: 2.0701, Acc(1): 25.00, Acc(5): 50.00
2023-06-19 16:44:10,072 - AUGCON - INFO - Epoch [2/50]-(10/22) Loss: 2.0357, Acc(1): 25.00, Acc(5): 50.00
2023-06-19 16:44:10,072 - AUGCON - INFO - Epoch [2/50]-(15/22) Loss: 2.1329, Acc(1): 25.00, Acc(5): 75.00
2023-06-19 16:44:10,072 - AUGCON - INFO - Epoch [2/50]-(20/22) Loss: 1.9499, Acc(1): 0.00, Acc(5): 75.00
2023-06-19 16:44:10,072 - AUGCON - INFO - 	Validation Loss: 1.7752, Acc(1): 47.00, Acc(5): 97.00, F1: 0.14, Recall: 0.14, Precision: 0.13
2023-06-19 16:44:10,073 - AUGCON - INFO - Epoch [3/50]-(0/22) Loss: 1.7725, Acc(1): 25.00, Acc(5): 100.00
2023-06-19 16:44:10,073 - AUGCON - INFO - Epoch [3/50]-(5/22) Loss: 1.7479, Acc(1): 50.00, Acc(5): 100.00
2023-06-19 16:44:10,073 - AUGCON - INFO - Epoch [3/50]-(10/22) Loss: 1.8782, Acc(1): 25.00, Acc(5): 100.00
2023-06-19 16:44:10,073 - AUGCON - INFO - Epoch [3/50]-(15/22) Loss: 1.9248, Acc(1): 0.00, Acc(5): 100.00
2023-06-19 16:44:10,073 - AUGCON - INFO - Epoch [3/50]-(20/22) Loss: 1.7750, Acc(1): 50.00, Acc(5): 100.00
2023-06-19 16:44:10,073 - AUGCON - INFO - 	Validation Loss: 1.6267, Acc(1): 52.00, Acc(5): 96.00, F1: 0.16, Recall: 0.15, Precision: 0.17
2023-06-19 16:44:10,073 - AUGCON - INFO - Epoch [4/50]-(0/22) Loss: 1.8104, Acc(1): 50.00, Acc(5): 100.00
2023-06-19 16:44:10,073 - AUGCON - INFO - Epoch [4/50]-(5/22) Loss: 1.6590, Acc(1): 50.00, Acc(5): 100.00
2023-06-19 16:44:10,073 - AUGCON - INFO - Epoch [4/50]-(10/22) Loss: 1.4363, Acc(1): 100.00, Acc(5): 100.00
2023-06-19 16:44:10,073 - AUGCON - INFO - Epoch [4/50]-(15/22) Loss: 1.5661, Acc(1): 75.00, Acc(5): 100.00
2023-06-19 16:44:10,073 - AUGCON - INFO - Epoch [4/50]-(20/22) Loss: 1.4107, Acc(1): 75.00, Acc(5): 100.00
2023-06-19 16:44:10,074 - AUGCON - INFO - 	Validation Loss: 1.4939, Acc(1): 74.00, Acc(5): 98.00, F1: 0.20, Recall: 0.17, Precision: 0.23
2023-06-19 16:44:10,074 - AUGCON - INFO - Epoch [5/50]-(0/22) Loss: 1.6202, Acc(1): 75.00, Acc(5): 100.00
2023-06-19 16:44:10,074 - AUGCON - INFO - Epoch [5/50]-(5/22) Loss: 1.4466, Acc(1): 75.00, Acc(5): 100.00
2023-06-19 16:44:10,074 - AUGCON - INFO - Epoch [5/50]-(10/22) Loss: 1.3261, Acc(1): 100.00, Acc(5): 100.00
2023-06-19 16:44:10,074 - AUGCON - INFO - Epoch [5/50]-(15/22) Loss: 1.4389, Acc(1): 50.00, Acc(5): 100.00
2023-06-19 16:44:10,074 - AUGCON - INFO - Epoch [5/50]-(20/22) Loss: 1.5797, Acc(1): 50.00, Acc(5): 100.00
2023-06-19 16:44:10,074 - AUGCON - INFO - 	Validation Loss: 1.3371, Acc(1): 71.00, Acc(5): 96.00, F1: 0.20, Recall: 0.16, Precision: 0.25
2023-06-19 16:44:10,074 - AUGCON - INFO - Epoch [6/50]-(0/22) Loss: 1.1975, Acc(1): 75.00, Acc(5): 100.00
2023-06-19 16:44:10,074 - AUGCON - INFO - Epoch [6/50]-(5/22) Loss: 1.0219, Acc(1): 100.00, Acc(5): 100.00
2023-06-19 16:44:10,074 - AUGCON - INFO - Epoch [6/50]-(10/22) Loss: 1.6134, Acc(1): 50.00, Acc(5): 75.00
2023-06-19 16:44:10,074 - AUGCON - INFO - Epoch [6/50]-(15/22) Loss: 0.9357, Acc(1): 75.00, Acc(5): 100.00
2023-06-19 16:44:10,074 - AUGCON - INFO - Epoch [6/50]-(20/22) Loss: 1.1009, Acc(1): 75.00, Acc(5): 100.00
2023-06-19 16:44:10,075 - AUGCON - INFO - 	Validation Loss: 1.2941, Acc(1): 79.00, Acc(5): 96.00, F1: 0.20, Recall: 0.18, Precision: 0.22
2023-06-19 16:44:10,075 - AUGCON - INFO - Epoch [7/50]-(0/22) Loss: 1.6074, Acc(1): 50.00, Acc(5): 100.00
2023-06-19 16:44:10,075 - AUGCON - INFO - Epoch [7/50]-(5/22) Loss: 1.3709, Acc(1): 25.00, Acc(5): 100.00
2023-06-19 16:44:10,075 - AUGCON - INFO - Epoch [7/50]-(10/22) Loss: 1.7901, Acc(1): 25.00, Acc(5): 75.00
2023-06-19 16:44:10,075 - AUGCON - INFO - Epoch [7/50]-(15/22) Loss: 1.0893, Acc(1): 50.00, Acc(5): 100.00
2023-06-19 16:44:10,075 - AUGCON - INFO - Epoch [7/50]-(20/22) Loss: 0.9838, Acc(1): 75.00, Acc(5): 100.00
2023-06-19 16:44:10,075 - AUGCON - INFO - 	Validation Loss: 1.2194, Acc(1): 77.00, Acc(5): 96.00, F1: 0.20, Recall: 0.18, Precision: 0.23
2023-06-19 16:44:10,075 - AUGCON - INFO - Epoch [8/50]-(0/22) Loss: 0.7509, Acc(1): 100.00, Acc(5): 100.00
2023-06-19 16:44:10,075 - AUGCON - INFO - Epoch [8/50]-(5/22) Loss: 1.3842, Acc(1): 75.00, Acc(5): 100.00
2023-06-19 16:44:10,075 - AUGCON - INFO - Epoch [8/50]-(10/22) Loss: 1.3102, Acc(1): 50.00, Acc(5): 100.00
2023-06-19 16:44:10,075 - AUGCON - INFO - Epoch [8/50]-(15/22) Loss: 1.3748, Acc(1): 75.00, Acc(5): 100.00
2023-06-19 16:44:10,075 - AUGCON - INFO - Epoch [8/50]-(20/22) Loss: 1.4661, Acc(1): 50.00, Acc(5): 100.00
2023-06-19 16:44:10,076 - AUGCON - INFO - 	Validation Loss: 1.1841, Acc(1): 68.00, Acc(5): 96.00, F1: 0.16, Recall: 0.20, Precision: 0.14
2023-06-19 16:44:10,076 - AUGCON - INFO - Epoch [9/50]-(0/22) Loss: 0.7931, Acc(1): 75.00, Acc(5): 100.00
2023-06-19 16:44:10,076 - AUGCON - INFO - Epoch [9/50]-(5/22) Loss: 1.7212, Acc(1): 0.00, Acc(5): 100.00
2023-06-19 16:44:10,076 - AUGCON - INFO - Epoch [9/50]-(10/22) Loss: 1.0802, Acc(1): 75.00, Acc(5): 100.00
2023-06-19 16:44:10,076 - AUGCON - INFO - Epoch [9/50]-(15/22) Loss: 1.1368, Acc(1): 50.00, Acc(5): 100.00
2023-06-19 16:44:10,076 - AUGCON - INFO - Epoch [9/50]-(20/22) Loss: 0.9801, Acc(1): 50.00, Acc(5): 100.00
2023-06-19 16:44:10,076 - AUGCON - INFO - 	Validation Loss: 1.1301, Acc(1): 79.00, Acc(5): 97.00, F1: 0.20, Recall: 0.18, Precision: 0.22
2023-06-19 16:44:10,076 - AUGCON - INFO - Epoch [10/50]-(0/22) Loss: 1.1204, Acc(1): 100.00, Acc(5): 100.00
2023-06-19 16:44:10,076 - AUGCON - INFO - Epoch [10/50]-(5/22) Loss: 1.1874, Acc(1): 100.00, Acc(5): 100.00
2023-06-19 16:44:10,076 - AUGCON - INFO - Epoch [10/50]-(10/22) Loss: 1.0247, Acc(1): 50.00, Acc(5): 100.00
2023-06-19 16:44:10,076 - AUGCON - INFO - Epoch [10/50]-(15/22) Loss: 0.9357, Acc(1): 75.00, Acc(5): 100.00
2023-06-19 16:44:10,077 - AUGCON - INFO - Epoch [10/50]-(20/22) Loss: 1.4415, Acc(1): 25.00, Acc(5): 100.00
2023-06-19 16:44:10,077 - AUGCON - INFO - 	Validation Loss: 1.0548, Acc(1): 79.00, Acc(5): 96.00, F1: 0.20, Recall: 0.19, Precision: 0.20
2023-06-19 16:44:10,077 - AUGCON - INFO - Epoch [11/50]-(0/22) Loss: 1.0554, Acc(1): 75.00, Acc(5): 100.00
2023-06-19 16:44:10,077 - AUGCON - INFO - Epoch [11/50]-(5/22) Loss: 1.2419, Acc(1): 100.00, Acc(5): 100.00
2023-06-19 16:44:10,077 - AUGCON - INFO - Epoch [11/50]-(10/22) Loss: 1.0185, Acc(1): 75.00, Acc(5): 100.00
2023-06-19 16:44:10,077 - AUGCON - INFO - Epoch [11/50]-(15/22) Loss: 0.8507, Acc(1): 100.00, Acc(5): 100.00
2023-06-19 16:44:10,077 - AUGCON - INFO - Epoch [11/50]-(20/22) Loss: 0.9511, Acc(1): 50.00, Acc(5): 100.00
2023-06-19 16:44:10,077 - AUGCON - INFO - 	Validation Loss: 1.0460, Acc(1): 71.00, Acc(5): 96.00, F1: 0.19, Recall: 0.16, Precision: 0.24
2023-06-19 16:44:10,077 - AUGCON - INFO - Epoch [12/50]-(0/22) Loss: 0.9647, Acc(1): 75.00, Acc(5): 100.00
2023-06-19 16:44:10,077 - AUGCON - INFO - Epoch [12/50]-(5/22) Loss: 1.1863, Acc(1): 50.00, Acc(5): 100.00
2023-06-19 16:44:10,077 - AUGCON - INFO - Epoch [12/50]-(10/22) Loss: 0.9850, Acc(1): 50.00, Acc(5): 100.00
2023-06-19 16:44:10,077 - AUGCON - INFO - Epoch [12/50]-(15/22) Loss: 1.1135, Acc(1): 50.00, Acc(5): 100.00
2023-06-19 16:44:10,078 - AUGCON - INFO - Epoch [12/50]-(20/22) Loss: 1.3540, Acc(1): 75.00, Acc(5): 100.00
2023-06-19 16:44:10,078 - AUGCON - INFO - 	Validation Loss: 1.0257, Acc(1): 79.00, Acc(5): 96.00, F1: 0.19, Recall: 0.21, Precision: 0.17
2023-06-19 16:44:10,078 - AUGCON - INFO - Epoch [13/50]-(0/22) Loss: 0.9244, Acc(1): 75.00, Acc(5): 100.00
2023-06-19 16:44:10,078 - AUGCON - INFO - Epoch [13/50]-(5/22) Loss: 1.0838, Acc(1): 100.00, Acc(5): 100.00
2023-06-19 16:44:10,078 - AUGCON - INFO - Epoch [13/50]-(10/22) Loss: 1.6867, Acc(1): 0.00, Acc(5): 75.00
2023-06-19 16:44:10,078 - AUGCON - INFO - Epoch [13/50]-(15/22) Loss: 0.9942, Acc(1): 100.00, Acc(5): 100.00
2023-06-19 16:44:10,078 - AUGCON - INFO - Epoch [13/50]-(20/22) Loss: 1.1013, Acc(1): 50.00, Acc(5): 100.00
2023-06-19 16:44:10,078 - AUGCON - INFO - 	Validation Loss: 0.9783, Acc(1): 86.00, Acc(5): 96.00, F1: 0.21, Recall: 0.20, Precision: 0.21
2023-06-19 16:44:10,078 - AUGCON - INFO - Epoch [14/50]-(0/22) Loss: 0.8882, Acc(1): 100.00, Acc(5): 100.00
2023-06-19 16:44:10,078 - AUGCON - INFO - Epoch [14/50]-(5/22) Loss: 1.0684, Acc(1): 75.00, Acc(5): 100.00
2023-06-19 16:44:10,078 - AUGCON - INFO - Epoch [14/50]-(10/22) Loss: 0.6528, Acc(1): 75.00, Acc(5): 100.00
2023-06-19 16:44:10,078 - AUGCON - INFO - Epoch [14/50]-(15/22) Loss: 1.0595, Acc(1): 75.00, Acc(5): 100.00
2023-06-19 16:44:10,079 - AUGCON - INFO - Epoch [14/50]-(20/22) Loss: 0.7335, Acc(1): 75.00, Acc(5): 100.00
2023-06-19 16:44:10,079 - AUGCON - INFO - 	Validation Loss: 0.9325, Acc(1): 75.00, Acc(5): 96.00, F1: 0.19, Recall: 0.17, Precision: 0.22
2023-06-19 16:44:10,079 - AUGCON - INFO - Epoch [15/50]-(0/22) Loss: 0.5828, Acc(1): 100.00, Acc(5): 100.00
2023-06-19 16:44:10,079 - AUGCON - INFO - Epoch [15/50]-(5/22) Loss: 1.0599, Acc(1): 75.00, Acc(5): 100.00
2023-06-19 16:44:10,079 - AUGCON - INFO - Epoch [15/50]-(10/22) Loss: 0.8600, Acc(1): 100.00, Acc(5): 100.00
2023-06-19 16:44:10,079 - AUGCON - INFO - Epoch [15/50]-(15/22) Loss: 1.1568, Acc(1): 50.00, Acc(5): 100.00
2023-06-19 16:44:10,079 - AUGCON - INFO - Epoch [15/50]-(20/22) Loss: 1.0232, Acc(1): 75.00, Acc(5): 100.00
2023-06-19 16:44:10,079 - AUGCON - INFO - 	Validation Loss: 0.9536, Acc(1): 86.00, Acc(5): 96.00, F1: 0.21, Recall: 0.20, Precision: 0.21
2023-06-19 16:44:10,079 - AUGCON - INFO - Epoch [16/50]-(0/22) Loss: 0.6638, Acc(1): 100.00, Acc(5): 100.00
2023-06-19 16:44:10,079 - AUGCON - INFO - Epoch [16/50]-(5/22) Loss: 0.9273, Acc(1): 75.00, Acc(5): 100.00
2023-06-19 16:44:10,079 - AUGCON - INFO - Epoch [16/50]-(10/22) Loss: 0.6060, Acc(1): 100.00, Acc(5): 100.00
2023-06-19 16:44:10,080 - AUGCON - INFO - Epoch [16/50]-(15/22) Loss: 1.2482, Acc(1): 50.00, Acc(5): 100.00
2023-06-19 16:44:10,080 - AUGCON - INFO - Epoch [16/50]-(20/22) Loss: 0.9217, Acc(1): 75.00, Acc(5): 100.00
2023-06-19 16:44:10,080 - AUGCON - INFO - 	Validation Loss: 0.8984, Acc(1): 84.00, Acc(5): 96.00, F1: 0.21, Recall: 0.20, Precision: 0.22
2023-06-19 16:44:10,080 - AUGCON - INFO - Epoch [17/50]-(0/22) Loss: 0.5086, Acc(1): 100.00, Acc(5): 100.00
2023-06-19 16:44:10,080 - AUGCON - INFO - Epoch [17/50]-(5/22) Loss: 1.2171, Acc(1): 50.00, Acc(5): 100.00
2023-06-19 16:44:10,080 - AUGCON - INFO - Epoch [17/50]-(10/22) Loss: 0.6026, Acc(1): 75.00, Acc(5): 100.00
2023-06-19 16:44:10,080 - AUGCON - INFO - Epoch [17/50]-(15/22) Loss: 0.9762, Acc(1): 100.00, Acc(5): 100.00
2023-06-19 16:44:10,080 - AUGCON - INFO - Epoch [17/50]-(20/22) Loss: 1.1535, Acc(1): 75.00, Acc(5): 100.00
2023-06-19 16:44:10,080 - AUGCON - INFO - 	Validation Loss: 0.9460, Acc(1): 76.00, Acc(5): 96.00, F1: 0.18, Recall: 0.20, Precision: 0.17
2023-06-19 16:44:10,081 - AUGCON - INFO - Epoch [18/50]-(0/22) Loss: 0.9946, Acc(1): 75.00, Acc(5): 100.00
2023-06-19 16:44:10,081 - AUGCON - INFO - Epoch [18/50]-(5/22) Loss: 0.7777, Acc(1): 75.00, Acc(5): 100.00
2023-06-19 16:44:10,081 - AUGCON - INFO - Epoch [18/50]-(10/22) Loss: 0.9605, Acc(1): 50.00, Acc(5): 100.00
2023-06-19 16:44:10,081 - AUGCON - INFO - Epoch [18/50]-(15/22) Loss: 0.7397, Acc(1): 100.00, Acc(5): 100.00
2023-06-19 16:44:10,081 - AUGCON - INFO - Epoch [18/50]-(20/22) Loss: 0.8481, Acc(1): 75.00, Acc(5): 100.00
2023-06-19 16:44:10,081 - AUGCON - INFO - 	Validation Loss: 0.8969, Acc(1): 71.00, Acc(5): 96.00, F1: 0.17, Recall: 0.20, Precision: 0.16
2023-06-19 16:44:10,081 - AUGCON - INFO - Epoch [19/50]-(0/22) Loss: 0.6041, Acc(1): 100.00, Acc(5): 100.00
2023-06-19 16:44:10,081 - AUGCON - INFO - Epoch [19/50]-(5/22) Loss: 0.7436, Acc(1): 75.00, Acc(5): 100.00
2023-06-19 16:44:10,082 - AUGCON - INFO - Epoch [19/50]-(10/22) Loss: 0.7566, Acc(1): 100.00, Acc(5): 100.00
2023-06-19 16:44:10,082 - AUGCON - INFO - Epoch [19/50]-(15/22) Loss: 1.1995, Acc(1): 50.00, Acc(5): 100.00
2023-06-19 16:44:10,082 - AUGCON - INFO - Epoch [19/50]-(20/22) Loss: 0.9207, Acc(1): 75.00, Acc(5): 100.00
2023-06-19 16:44:10,082 - AUGCON - INFO - 	Validation Loss: 0.8727, Acc(1): 85.00, Acc(5): 96.00, F1: 0.20, Recall: 0.20, Precision: 0.21
2023-06-19 16:44:10,082 - AUGCON - INFO - Epoch [20/50]-(0/22) Loss: 0.9018, Acc(1): 100.00, Acc(5): 100.00
2023-06-19 16:44:10,082 - AUGCON - INFO - Epoch [20/50]-(5/22) Loss: 0.5513, Acc(1): 100.00, Acc(5): 100.00
2023-06-19 16:44:10,082 - AUGCON - INFO - Epoch [20/50]-(10/22) Loss: 0.9847, Acc(1): 75.00, Acc(5): 100.00
2023-06-19 16:44:10,082 - AUGCON - INFO - Epoch [20/50]-(15/22) Loss: 0.9945, Acc(1): 75.00, Acc(5): 100.00
2023-06-19 16:44:10,082 - AUGCON - INFO - Epoch [20/50]-(20/22) Loss: 0.7902, Acc(1): 75.00, Acc(5): 100.00
2023-06-19 16:44:10,082 - AUGCON - INFO - 	Validation Loss: 0.8861, Acc(1): 86.00, Acc(5): 96.00, F1: 0.20, Recall: 0.21, Precision: 0.20
2023-06-19 16:44:10,082 - AUGCON - INFO - Epoch [21/50]-(0/22) Loss: 0.5850, Acc(1): 75.00, Acc(5): 100.00
2023-06-19 16:44:10,083 - AUGCON - INFO - Epoch [21/50]-(5/22) Loss: 0.7679, Acc(1): 75.00, Acc(5): 100.00
2023-06-19 16:44:10,083 - AUGCON - INFO - Epoch [21/50]-(10/22) Loss: 1.0013, Acc(1): 75.00, Acc(5): 100.00
2023-06-19 16:44:10,083 - AUGCON - INFO - Epoch [21/50]-(15/22) Loss: 1.0492, Acc(1): 50.00, Acc(5): 100.00
2023-06-19 16:44:10,083 - AUGCON - INFO - Epoch [21/50]-(20/22) Loss: 0.8440, Acc(1): 50.00, Acc(5): 100.00
2023-06-19 16:44:10,083 - AUGCON - INFO - 	Validation Loss: 0.8455, Acc(1): 85.00, Acc(5): 96.00, F1: 0.21, Recall: 0.20, Precision: 0.21
2023-06-19 16:44:10,083 - AUGCON - INFO - Epoch [22/50]-(0/22) Loss: 0.5744, Acc(1): 75.00, Acc(5): 100.00
2023-06-19 16:44:10,083 - AUGCON - INFO - Epoch [22/50]-(5/22) Loss: 0.6860, Acc(1): 100.00, Acc(5): 100.00
2023-06-19 16:44:10,083 - AUGCON - INFO - Epoch [22/50]-(10/22) Loss: 1.0306, Acc(1): 75.00, Acc(5): 100.00
2023-06-19 16:44:10,083 - AUGCON - INFO - Epoch [22/50]-(15/22) Loss: 0.6174, Acc(1): 100.00, Acc(5): 100.00
2023-06-19 16:44:10,083 - AUGCON - INFO - Epoch [22/50]-(20/22) Loss: 0.7758, Acc(1): 75.00, Acc(5): 100.00
2023-06-19 16:44:10,083 - AUGCON - INFO - 	Validation Loss: 0.8272, Acc(1): 88.00, Acc(5): 96.00, F1: 0.21, Recall: 0.21, Precision: 0.21
2023-06-19 16:44:10,084 - AUGCON - INFO - Epoch [23/50]-(0/22) Loss: 0.6275, Acc(1): 100.00, Acc(5): 100.00
2023-06-19 16:44:10,084 - AUGCON - INFO - Epoch [23/50]-(5/22) Loss: 0.5216, Acc(1): 100.00, Acc(5): 100.00
2023-06-19 16:44:10,084 - AUGCON - INFO - Epoch [23/50]-(10/22) Loss: 0.8340, Acc(1): 75.00, Acc(5): 100.00
2023-06-19 16:44:10,084 - AUGCON - INFO - Epoch [23/50]-(15/22) Loss: 0.7853, Acc(1): 75.00, Acc(5): 100.00
2023-06-19 16:44:10,084 - AUGCON - INFO - Epoch [23/50]-(20/22) Loss: 0.8890, Acc(1): 50.00, Acc(5): 100.00
2023-06-19 16:44:10,084 - AUGCON - INFO - 	Validation Loss: 0.8453, Acc(1): 83.00, Acc(5): 96.00, F1: 0.20, Recall: 0.20, Precision: 0.21
2023-06-19 16:44:10,084 - AUGCON - INFO - Epoch [24/50]-(0/22) Loss: 0.7884, Acc(1): 75.00, Acc(5): 100.00
2023-06-19 16:44:10,084 - AUGCON - INFO - Epoch [24/50]-(5/22) Loss: 0.6048, Acc(1): 75.00, Acc(5): 100.00
2023-06-19 16:44:10,084 - AUGCON - INFO - Epoch [24/50]-(10/22) Loss: 0.5929, Acc(1): 75.00, Acc(5): 100.00
2023-06-19 16:44:10,084 - AUGCON - INFO - Epoch [24/50]-(15/22) Loss: 0.8187, Acc(1): 75.00, Acc(5): 100.00
2023-06-19 16:44:10,085 - AUGCON - INFO - Epoch [24/50]-(20/22) Loss: 0.6228, Acc(1): 75.00, Acc(5): 100.00
2023-06-19 16:44:10,085 - AUGCON - INFO - 	Validation Loss: 0.8131, Acc(1): 83.00, Acc(5): 96.00, F1: 0.20, Recall: 0.20, Precision: 0.20
2023-06-19 16:44:10,085 - AUGCON - INFO - Epoch [25/50]-(0/22) Loss: 0.4242, Acc(1): 100.00, Acc(5): 100.00
2023-06-19 16:44:10,085 - AUGCON - INFO - Epoch [25/50]-(5/22) Loss: 0.6963, Acc(1): 100.00, Acc(5): 100.00
2023-06-19 16:44:10,085 - AUGCON - INFO - Epoch [25/50]-(10/22) Loss: 0.5222, Acc(1): 100.00, Acc(5): 100.00
2023-06-19 16:44:10,085 - AUGCON - INFO - Epoch [25/50]-(15/22) Loss: 0.7720, Acc(1): 100.00, Acc(5): 100.00
2023-06-19 16:44:10,085 - AUGCON - INFO - Epoch [25/50]-(20/22) Loss: 0.6220, Acc(1): 100.00, Acc(5): 100.00
2023-06-19 16:44:10,085 - AUGCON - INFO - 	Validation Loss: 0.7881, Acc(1): 85.00, Acc(5): 96.00, F1: 0.21, Recall: 0.20, Precision: 0.22
2023-06-19 16:44:10,085 - AUGCON - INFO - Epoch [26/50]-(0/22) Loss: 0.9784, Acc(1): 75.00, Acc(5): 100.00
2023-06-19 16:44:10,085 - AUGCON - INFO - Epoch [26/50]-(5/22) Loss: 0.9208, Acc(1): 75.00, Acc(5): 100.00
2023-06-19 16:44:10,085 - AUGCON - INFO - Epoch [26/50]-(10/22) Loss: 1.1864, Acc(1): 25.00, Acc(5): 100.00
2023-06-19 16:44:10,086 - AUGCON - INFO - Epoch [26/50]-(15/22) Loss: 0.6152, Acc(1): 100.00, Acc(5): 100.00
2023-06-19 16:44:10,086 - AUGCON - INFO - Epoch [26/50]-(20/22) Loss: 0.5268, Acc(1): 100.00, Acc(5): 100.00
2023-06-19 16:44:10,086 - AUGCON - INFO - 	Validation Loss: 0.8105, Acc(1): 83.00, Acc(5): 96.00, F1: 0.19, Recall: 0.22, Precision: 0.18
2023-06-19 16:44:10,086 - AUGCON - INFO - Epoch [27/50]-(0/22) Loss: 0.8447, Acc(1): 50.00, Acc(5): 100.00
2023-06-19 16:44:10,086 - AUGCON - INFO - Epoch [27/50]-(5/22) Loss: 0.8004, Acc(1): 75.00, Acc(5): 100.00
2023-06-19 16:44:10,086 - AUGCON - INFO - Epoch [27/50]-(10/22) Loss: 0.7032, Acc(1): 100.00, Acc(5): 100.00
2023-06-19 16:44:10,086 - AUGCON - INFO - Epoch [27/50]-(15/22) Loss: 0.8548, Acc(1): 75.00, Acc(5): 100.00
2023-06-19 16:44:10,086 - AUGCON - INFO - Epoch [27/50]-(20/22) Loss: 0.8516, Acc(1): 75.00, Acc(5): 100.00
2023-06-19 16:44:10,086 - AUGCON - INFO - 	Validation Loss: 0.7712, Acc(1): 87.00, Acc(5): 96.00, F1: 0.21, Recall: 0.21, Precision: 0.20
2023-06-19 16:44:10,086 - AUGCON - INFO - Epoch [28/50]-(0/22) Loss: 1.1775, Acc(1): 75.00, Acc(5): 100.00
2023-06-19 16:44:10,086 - AUGCON - INFO - Epoch [28/50]-(5/22) Loss: 0.9345, Acc(1): 50.00, Acc(5): 100.00
2023-06-19 16:44:10,086 - AUGCON - INFO - Epoch [28/50]-(10/22) Loss: 0.8058, Acc(1): 75.00, Acc(5): 100.00
2023-06-19 16:44:10,086 - AUGCON - INFO - Epoch [28/50]-(15/22) Loss: 0.7742, Acc(1): 75.00, Acc(5): 100.00
2023-06-19 16:44:10,087 - AUGCON - INFO - Epoch [28/50]-(20/22) Loss: 0.5701, Acc(1): 100.00, Acc(5): 100.00
2023-06-19 16:44:10,087 - AUGCON - INFO - 	Validation Loss: 0.7864, Acc(1): 86.00, Acc(5): 96.00, F1: 0.20, Recall: 0.20, Precision: 0.20
2023-06-19 16:44:10,087 - AUGCON - INFO - Epoch [29/50]-(0/22) Loss: 0.5487, Acc(1): 100.00, Acc(5): 100.00
2023-06-19 16:44:10,087 - AUGCON - INFO - Epoch [29/50]-(5/22) Loss: 0.7232, Acc(1): 75.00, Acc(5): 100.00
2023-06-19 16:44:10,087 - AUGCON - INFO - Epoch [29/50]-(10/22) Loss: 0.7351, Acc(1): 100.00, Acc(5): 100.00
2023-06-19 16:44:10,087 - AUGCON - INFO - Epoch [29/50]-(15/22) Loss: 0.4753, Acc(1): 100.00, Acc(5): 100.00
2023-06-19 16:44:10,087 - AUGCON - INFO - Epoch [29/50]-(20/22) Loss: 0.8738, Acc(1): 50.00, Acc(5): 100.00
2023-06-19 16:44:10,087 - AUGCON - INFO - 	Validation Loss: 0.7753, Acc(1): 81.00, Acc(5): 96.00, F1: 0.19, Recall: 0.20, Precision: 0.19
2023-06-19 16:44:10,087 - AUGCON - INFO - Epoch [30/50]-(0/22) Loss: 0.9590, Acc(1): 75.00, Acc(5): 100.00
2023-06-19 16:44:10,087 - AUGCON - INFO - Epoch [30/50]-(5/22) Loss: 0.9954, Acc(1): 50.00, Acc(5): 100.00
2023-06-19 16:44:10,087 - AUGCON - INFO - Epoch [30/50]-(10/22) Loss: 0.5805, Acc(1): 75.00, Acc(5): 100.00
2023-06-19 16:44:10,087 - AUGCON - INFO - Epoch [30/50]-(15/22) Loss: 0.5022, Acc(1): 75.00, Acc(5): 100.00
2023-06-19 16:44:10,087 - AUGCON - INFO - Epoch [30/50]-(20/22) Loss: 0.7867, Acc(1): 100.00, Acc(5): 100.00
2023-06-19 16:44:10,088 - AUGCON - INFO - 	Validation Loss: 0.7723, Acc(1): 84.00, Acc(5): 96.00, F1: 0.20, Recall: 0.20, Precision: 0.20
2023-06-19 16:44:10,088 - AUGCON - INFO - Epoch [31/50]-(0/22) Loss: 0.4186, Acc(1): 100.00, Acc(5): 100.00
2023-06-19 16:44:10,088 - AUGCON - INFO - Epoch [31/50]-(5/22) Loss: 0.9555, Acc(1): 75.00, Acc(5): 100.00
2023-06-19 16:44:10,088 - AUGCON - INFO - Epoch [31/50]-(10/22) Loss: 0.6320, Acc(1): 100.00, Acc(5): 100.00
2023-06-19 16:44:10,088 - AUGCON - INFO - Epoch [31/50]-(15/22) Loss: 0.3900, Acc(1): 100.00, Acc(5): 100.00
2023-06-19 16:44:10,088 - AUGCON - INFO - Epoch [31/50]-(20/22) Loss: 0.3414, Acc(1): 100.00, Acc(5): 100.00
2023-06-19 16:44:10,088 - AUGCON - INFO - 	Validation Loss: 0.7425, Acc(1): 82.00, Acc(5): 96.00, F1: 0.20, Recall: 0.19, Precision: 0.21
2023-06-19 16:44:10,088 - AUGCON - INFO - Epoch [32/50]-(0/22) Loss: 0.5729, Acc(1): 75.00, Acc(5): 100.00
2023-06-19 16:44:10,088 - AUGCON - INFO - Epoch [32/50]-(5/22) Loss: 0.6457, Acc(1): 100.00, Acc(5): 100.00
2023-06-19 16:44:10,088 - AUGCON - INFO - Epoch [32/50]-(10/22) Loss: 0.8200, Acc(1): 100.00, Acc(5): 100.00
2023-06-19 16:44:10,088 - AUGCON - INFO - Epoch [32/50]-(15/22) Loss: 0.6894, Acc(1): 75.00, Acc(5): 100.00
2023-06-19 16:44:10,088 - AUGCON - INFO - Epoch [32/50]-(20/22) Loss: 0.4066, Acc(1): 100.00, Acc(5): 100.00
2023-06-19 16:44:10,088 - AUGCON - INFO - 	Validation Loss: 0.7495, Acc(1): 87.00, Acc(5): 96.00, F1: 0.21, Recall: 0.21, Precision: 0.21
2023-06-19 16:44:10,088 - AUGCON - INFO - Epoch [33/50]-(0/22) Loss: 0.4218, Acc(1): 75.00, Acc(5): 100.00
2023-06-19 16:44:10,089 - AUGCON - INFO - Epoch [33/50]-(5/22) Loss: 0.8316, Acc(1): 75.00, Acc(5): 100.00
2023-06-19 16:44:10,089 - AUGCON - INFO - Epoch [33/50]-(10/22) Loss: 0.5774, Acc(1): 100.00, Acc(5): 100.00
2023-06-19 16:44:10,089 - AUGCON - INFO - Epoch [33/50]-(15/22) Loss: 0.3717, Acc(1): 100.00, Acc(5): 100.00
2023-06-19 16:44:10,089 - AUGCON - INFO - Epoch [33/50]-(20/22) Loss: 0.6476, Acc(1): 75.00, Acc(5): 100.00
2023-06-19 16:44:10,089 - AUGCON - INFO - 	Validation Loss: 0.7345, Acc(1): 87.00, Acc(5): 96.00, F1: 0.21, Recall: 0.21, Precision: 0.21
2023-06-19 16:44:10,089 - AUGCON - INFO - Epoch [34/50]-(0/22) Loss: 0.6245, Acc(1): 100.00, Acc(5): 100.00
2023-06-19 16:44:10,089 - AUGCON - INFO - Epoch [34/50]-(5/22) Loss: 1.0291, Acc(1): 50.00, Acc(5): 100.00
2023-06-19 16:44:10,089 - AUGCON - INFO - Epoch [34/50]-(10/22) Loss: 0.3627, Acc(1): 75.00, Acc(5): 100.00
2023-06-19 16:44:10,089 - AUGCON - INFO - Epoch [34/50]-(15/22) Loss: 0.7729, Acc(1): 75.00, Acc(5): 100.00
2023-06-19 16:44:10,089 - AUGCON - INFO - Epoch [34/50]-(20/22) Loss: 0.3589, Acc(1): 100.00, Acc(5): 100.00
2023-06-19 16:44:10,089 - AUGCON - INFO - 	Validation Loss: 0.7247, Acc(1): 84.00, Acc(5): 96.00, F1: 0.21, Recall: 0.20, Precision: 0.21
2023-06-19 16:44:10,089 - AUGCON - INFO - Epoch [35/50]-(0/22) Loss: 0.2507, Acc(1): 100.00, Acc(5): 100.00
2023-06-19 16:44:10,089 - AUGCON - INFO - Epoch [35/50]-(5/22) Loss: 0.9770, Acc(1): 25.00, Acc(5): 100.00
2023-06-19 16:44:10,089 - AUGCON - INFO - Epoch [35/50]-(10/22) Loss: 0.7560, Acc(1): 50.00, Acc(5): 100.00
2023-06-19 16:44:10,090 - AUGCON - INFO - Epoch [35/50]-(15/22) Loss: 1.1977, Acc(1): 50.00, Acc(5): 100.00
2023-06-19 16:44:10,090 - AUGCON - INFO - Epoch [35/50]-(20/22) Loss: 0.4203, Acc(1): 100.00, Acc(5): 100.00
2023-06-19 16:44:10,090 - AUGCON - INFO - 	Validation Loss: 0.7249, Acc(1): 85.00, Acc(5): 96.00, F1: 0.21, Recall: 0.20, Precision: 0.21
2023-06-19 16:44:10,090 - AUGCON - INFO - Epoch [36/50]-(0/22) Loss: 0.4624, Acc(1): 100.00, Acc(5): 100.00
2023-06-19 16:44:10,090 - AUGCON - INFO - Epoch [36/50]-(5/22) Loss: 0.9527, Acc(1): 50.00, Acc(5): 100.00
2023-06-19 16:44:10,090 - AUGCON - INFO - Epoch [36/50]-(10/22) Loss: 0.6960, Acc(1): 75.00, Acc(5): 100.00
2023-06-19 16:44:10,090 - AUGCON - INFO - Epoch [36/50]-(15/22) Loss: 0.7991, Acc(1): 75.00, Acc(5): 100.00
2023-06-19 16:44:10,090 - AUGCON - INFO - Epoch [36/50]-(20/22) Loss: 0.3490, Acc(1): 100.00, Acc(5): 100.00
2023-06-19 16:44:10,090 - AUGCON - INFO - 	Validation Loss: 0.7293, Acc(1): 91.00, Acc(5): 96.00, F1: 0.21, Recall: 0.22, Precision: 0.21
2023-06-19 16:44:10,090 - AUGCON - INFO - Epoch [37/50]-(0/22) Loss: 0.3771, Acc(1): 100.00, Acc(5): 100.00
2023-06-19 16:44:10,090 - AUGCON - INFO - Epoch [37/50]-(5/22) Loss: 0.8916, Acc(1): 75.00, Acc(5): 100.00
2023-06-19 16:44:10,090 - AUGCON - INFO - Epoch [37/50]-(10/22) Loss: 0.3587, Acc(1): 100.00, Acc(5): 100.00
2023-06-19 16:44:10,090 - AUGCON - INFO - Epoch [37/50]-(15/22) Loss: 0.3916, Acc(1): 100.00, Acc(5): 100.00
2023-06-19 16:44:10,090 - AUGCON - INFO - Epoch [37/50]-(20/22) Loss: 0.5823, Acc(1): 100.00, Acc(5): 100.00
2023-06-19 16:44:10,090 - AUGCON - INFO - 	Validation Loss: 0.6991, Acc(1): 86.00, Acc(5): 96.00, F1: 0.21, Recall: 0.20, Precision: 0.21
2023-06-19 16:44:10,091 - AUGCON - INFO - Epoch [38/50]-(0/22) Loss: 0.6760, Acc(1): 75.00, Acc(5): 100.00
2023-06-19 16:44:10,091 - AUGCON - INFO - Epoch [38/50]-(5/22) Loss: 0.1258, Acc(1): 100.00, Acc(5): 100.00
2023-06-19 16:44:10,091 - AUGCON - INFO - Epoch [38/50]-(10/22) Loss: 0.5232, Acc(1): 100.00, Acc(5): 100.00
2023-06-19 16:44:10,091 - AUGCON - INFO - Epoch [38/50]-(15/22) Loss: 0.5785, Acc(1): 75.00, Acc(5): 100.00
2023-06-19 16:44:10,091 - AUGCON - INFO - Epoch [38/50]-(20/22) Loss: 0.3892, Acc(1): 100.00, Acc(5): 100.00
2023-06-19 16:44:10,091 - AUGCON - INFO - 	Validation Loss: 0.7244, Acc(1): 85.00, Acc(5): 96.00, F1: 0.20, Recall: 0.21, Precision: 0.20
2023-06-19 16:44:10,091 - AUGCON - INFO - Epoch [39/50]-(0/22) Loss: 0.6218, Acc(1): 75.00, Acc(5): 100.00
2023-06-19 16:44:10,091 - AUGCON - INFO - Epoch [39/50]-(5/22) Loss: 0.8026, Acc(1): 50.00, Acc(5): 100.00
2023-06-19 16:44:10,091 - AUGCON - INFO - Epoch [39/50]-(10/22) Loss: 0.7464, Acc(1): 75.00, Acc(5): 100.00
2023-06-19 16:44:10,091 - AUGCON - INFO - Epoch [39/50]-(15/22) Loss: 0.2406, Acc(1): 100.00, Acc(5): 100.00
2023-06-19 16:44:10,091 - AUGCON - INFO - Epoch [39/50]-(20/22) Loss: 0.8499, Acc(1): 50.00, Acc(5): 100.00
2023-06-19 16:44:10,091 - AUGCON - INFO - 	Validation Loss: 0.6948, Acc(1): 86.00, Acc(5): 96.00, F1: 0.21, Recall: 0.20, Precision: 0.21
2023-06-19 16:44:10,091 - AUGCON - INFO - Epoch [40/50]-(0/22) Loss: 0.6441, Acc(1): 100.00, Acc(5): 100.00
2023-06-19 16:44:10,091 - AUGCON - INFO - Epoch [40/50]-(5/22) Loss: 0.5184, Acc(1): 75.00, Acc(5): 100.00
2023-06-19 16:44:10,091 - AUGCON - INFO - Epoch [40/50]-(10/22) Loss: 0.5626, Acc(1): 75.00, Acc(5): 100.00
2023-06-19 16:44:10,091 - AUGCON - INFO - Epoch [40/50]-(15/22) Loss: 0.6680, Acc(1): 75.00, Acc(5): 100.00
2023-06-19 16:44:10,091 - AUGCON - INFO - Epoch [40/50]-(20/22) Loss: 0.5222, Acc(1): 75.00, Acc(5): 100.00
2023-06-19 16:44:10,092 - AUGCON - INFO - 	Validation Loss: 0.7464, Acc(1): 83.00, Acc(5): 96.00, F1: 0.20, Recall: 0.20, Precision: 0.20
2023-06-19 16:44:10,092 - AUGCON - INFO - Epoch [41/50]-(0/22) Loss: 0.4337, Acc(1): 75.00, Acc(5): 100.00
2023-06-19 16:44:10,092 - AUGCON - INFO - Epoch [41/50]-(5/22) Loss: 0.6757, Acc(1): 100.00, Acc(5): 100.00
2023-06-19 16:44:10,092 - AUGCON - INFO - Epoch [41/50]-(10/22) Loss: 0.7669, Acc(1): 75.00, Acc(5): 100.00
2023-06-19 16:44:10,092 - AUGCON - INFO - Epoch [41/50]-(15/22) Loss: 0.7607, Acc(1): 50.00, Acc(5): 100.00
2023-06-19 16:44:10,092 - AUGCON - INFO - Epoch [41/50]-(20/22) Loss: 0.5601, Acc(1): 75.00, Acc(5): 100.00
2023-06-19 16:44:10,092 - AUGCON - INFO - 	Validation Loss: 0.6938, Acc(1): 85.00, Acc(5): 96.00, F1: 0.20, Recall: 0.20, Precision: 0.20
2023-06-19 16:44:10,092 - AUGCON - INFO - Epoch [42/50]-(0/22) Loss: 0.7979, Acc(1): 75.00, Acc(5): 100.00
2023-06-19 16:44:10,092 - AUGCON - INFO - Epoch [42/50]-(5/22) Loss: 0.3172, Acc(1): 100.00, Acc(5): 100.00
2023-06-19 16:44:10,092 - AUGCON - INFO - Epoch [42/50]-(10/22) Loss: 0.3702, Acc(1): 100.00, Acc(5): 100.00
2023-06-19 16:44:10,092 - AUGCON - INFO - Epoch [42/50]-(15/22) Loss: 0.7438, Acc(1): 50.00, Acc(5): 100.00
2023-06-19 16:44:10,093 - AUGCON - INFO - Epoch [42/50]-(20/22) Loss: 0.4266, Acc(1): 75.00, Acc(5): 100.00
2023-06-19 16:44:10,093 - AUGCON - INFO - 	Validation Loss: 0.6826, Acc(1): 88.00, Acc(5): 96.00, F1: 0.21, Recall: 0.21, Precision: 0.21
2023-06-19 16:44:10,093 - AUGCON - INFO - Epoch [43/50]-(0/22) Loss: 0.3534, Acc(1): 100.00, Acc(5): 100.00
2023-06-19 16:44:10,093 - AUGCON - INFO - Epoch [43/50]-(5/22) Loss: 0.5489, Acc(1): 100.00, Acc(5): 100.00
2023-06-19 16:44:10,093 - AUGCON - INFO - Epoch [43/50]-(10/22) Loss: 1.0362, Acc(1): 25.00, Acc(5): 100.00
2023-06-19 16:44:10,093 - AUGCON - INFO - Epoch [43/50]-(15/22) Loss: 0.6943, Acc(1): 75.00, Acc(5): 100.00
2023-06-19 16:44:10,093 - AUGCON - INFO - Epoch [43/50]-(20/22) Loss: 0.6606, Acc(1): 75.00, Acc(5): 100.00
2023-06-19 16:44:10,093 - AUGCON - INFO - 	Validation Loss: 0.6714, Acc(1): 88.00, Acc(5): 96.00, F1: 0.21, Recall: 0.21, Precision: 0.21
2023-06-19 16:44:10,093 - AUGCON - INFO - Epoch [44/50]-(0/22) Loss: 0.3772, Acc(1): 100.00, Acc(5): 100.00
2023-06-19 16:44:10,093 - AUGCON - INFO - Epoch [44/50]-(5/22) Loss: 0.4880, Acc(1): 75.00, Acc(5): 100.00
2023-06-19 16:44:10,093 - AUGCON - INFO - Epoch [44/50]-(10/22) Loss: 0.8086, Acc(1): 75.00, Acc(5): 100.00
2023-06-19 16:44:10,093 - AUGCON - INFO - Epoch [44/50]-(15/22) Loss: 0.4250, Acc(1): 100.00, Acc(5): 100.00
2023-06-19 16:44:10,093 - AUGCON - INFO - Epoch [44/50]-(20/22) Loss: 0.5594, Acc(1): 100.00, Acc(5): 100.00
2023-06-19 16:44:10,093 - AUGCON - INFO - 	Validation Loss: 0.6953, Acc(1): 83.00, Acc(5): 96.00, F1: 0.20, Recall: 0.20, Precision: 0.20
2023-06-19 16:44:10,093 - AUGCON - INFO - Epoch [45/50]-(0/22) Loss: 0.8744, Acc(1): 75.00, Acc(5): 100.00
2023-06-19 16:44:10,093 - AUGCON - INFO - Epoch [45/50]-(5/22) Loss: 0.1294, Acc(1): 100.00, Acc(5): 100.00
2023-06-19 16:44:10,094 - AUGCON - INFO - Epoch [45/50]-(10/22) Loss: 0.1748, Acc(1): 100.00, Acc(5): 100.00
2023-06-19 16:44:10,094 - AUGCON - INFO - Epoch [45/50]-(15/22) Loss: 0.5316, Acc(1): 75.00, Acc(5): 100.00
2023-06-19 16:44:10,094 - AUGCON - INFO - Epoch [45/50]-(20/22) Loss: 0.6705, Acc(1): 75.00, Acc(5): 100.00
2023-06-19 16:44:10,094 - AUGCON - INFO - 	Validation Loss: 0.6839, Acc(1): 85.00, Acc(5): 96.00, F1: 0.21, Recall: 0.20, Precision: 0.21
2023-06-19 16:44:10,094 - AUGCON - INFO - Epoch [46/50]-(0/22) Loss: 0.4776, Acc(1): 100.00, Acc(5): 100.00
2023-06-19 16:44:10,094 - AUGCON - INFO - Epoch [46/50]-(5/22) Loss: 0.3547, Acc(1): 100.00, Acc(5): 100.00
2023-06-19 16:44:10,094 - AUGCON - INFO - Epoch [46/50]-(10/22) Loss: 0.2165, Acc(1): 100.00, Acc(5): 100.00
2023-06-19 16:44:10,094 - AUGCON - INFO - Epoch [46/50]-(15/22) Loss: 0.5685, Acc(1): 75.00, Acc(5): 100.00
2023-06-19 16:44:10,094 - AUGCON - INFO - Epoch [46/50]-(20/22) Loss: 0.7488, Acc(1): 75.00, Acc(5): 100.00
2023-06-19 16:44:10,094 - AUGCON - INFO - 	Validation Loss: 0.6863, Acc(1): 87.00, Acc(5): 96.00, F1: 0.21, Recall: 0.21, Precision: 0.21
2023-06-19 16:44:10,094 - AUGCON - INFO - Epoch [47/50]-(0/22) Loss: 0.7653, Acc(1): 75.00, Acc(5): 100.00
2023-06-19 16:44:10,094 - AUGCON - INFO - Epoch [47/50]-(5/22) Loss: 0.3078, Acc(1): 75.00, Acc(5): 100.00
2023-06-19 16:44:10,094 - AUGCON - INFO - Epoch [47/50]-(10/22) Loss: 0.3671, Acc(1): 100.00, Acc(5): 100.00
2023-06-19 16:44:10,094 - AUGCON - INFO - Epoch [47/50]-(15/22) Loss: 0.5252, Acc(1): 100.00, Acc(5): 100.00
2023-06-19 16:44:10,094 - AUGCON - INFO - Epoch [47/50]-(20/22) Loss: 0.8302, Acc(1): 100.00, Acc(5): 100.00
2023-06-19 16:44:10,094 - AUGCON - INFO - 	Validation Loss: 0.6981, Acc(1): 84.00, Acc(5): 96.00, F1: 0.21, Recall: 0.20, Precision: 0.22
2023-06-19 16:44:10,095 - AUGCON - INFO - Epoch [48/50]-(0/22) Loss: 0.5232, Acc(1): 100.00, Acc(5): 100.00
2023-06-19 16:44:10,095 - AUGCON - INFO - Epoch [48/50]-(5/22) Loss: 0.3983, Acc(1): 75.00, Acc(5): 100.00
2023-06-19 16:44:10,095 - AUGCON - INFO - Epoch [48/50]-(10/22) Loss: 0.3203, Acc(1): 100.00, Acc(5): 100.00
2023-06-19 16:44:10,095 - AUGCON - INFO - Epoch [48/50]-(15/22) Loss: 0.6120, Acc(1): 75.00, Acc(5): 100.00
2023-06-19 16:44:10,095 - AUGCON - INFO - Epoch [48/50]-(20/22) Loss: 0.3896, Acc(1): 100.00, Acc(5): 100.00
2023-06-19 16:44:10,095 - AUGCON - INFO - 	Validation Loss: 0.7084, Acc(1): 87.00, Acc(5): 96.00, F1: 0.21, Recall: 0.21, Precision: 0.21
2023-06-19 16:44:10,095 - AUGCON - INFO - Epoch [49/50]-(0/22) Loss: 0.4760, Acc(1): 100.00, Acc(5): 100.00
2023-06-19 16:44:10,095 - AUGCON - INFO - Epoch [49/50]-(5/22) Loss: 0.7544, Acc(1): 75.00, Acc(5): 100.00
2023-06-19 16:44:10,095 - AUGCON - INFO - Epoch [49/50]-(10/22) Loss: 0.3757, Acc(1): 100.00, Acc(5): 100.00
2023-06-19 16:44:10,095 - AUGCON - INFO - Epoch [49/50]-(15/22) Loss: 0.8732, Acc(1): 50.00, Acc(5): 100.00
2023-06-19 16:44:10,095 - AUGCON - INFO - Epoch [49/50]-(20/22) Loss: 0.4396, Acc(1): 75.00, Acc(5): 100.00
2023-06-19 16:44:10,095 - AUGCON - INFO - 	Validation Loss: 0.6871, Acc(1): 86.00, Acc(5): 96.00, F1: 0.21, Recall: 0.20, Precision: 0.21
2023-06-19 16:44:10,095 - AUGCON - INFO - Epoch [50/50]-(0/22) Loss: 0.7365, Acc(1): 75.00, Acc(5): 100.00
2023-06-19 16:44:10,095 - AUGCON - INFO - Epoch [50/50]-(5/22) Loss: 0.4743, Acc(1): 100.00, Acc(5): 100.00
2023-06-19 16:44:10,095 - AUGCON - INFO - Epoch [50/50]-(10/22) Loss: 0.6122, Acc(1): 75.00, Acc(5): 100.00
2023-06-19 16:44:10,095 - AUGCON - INFO - Epoch [50/50]-(15/22) Loss: 1.1158, Acc(1): 50.00, Acc(5): 100.00
2023-06-19 16:44:10,095 - AUGCON - INFO - Epoch [50/50]-(20/22) Loss: 0.5021, Acc(1): 100.00, Acc(5): 100.00
2023-06-19 16:44:10,096 - AUGCON - INFO - 	Validation Loss: 0.6759, Acc(1): 86.00, Acc(5): 96.00, F1: 0.21, Recall: 0.20, Precision: 0.21
2023-06-19 16:44:10,096 - AUGCON - INFO - 	Validation Loss: 0.9441, Acc(1): 78.33, Acc(5): 91.33, F1: 0.19, Recall: 0.19, Precision: 0.19
