2023-06-19 16:44:56,636 - AUGCON - INFO - logger initialized (/home/hjyoon/projects/augcon/config/exp0/finetune_da_true/without_target_domain_PH0012-thanh/metacpc_random_8421/tgt_target_domain_PH0038-iygoo_seed0.yaml.log)
2023-06-19 16:44:56,636 - AUGCON - INFO - ================= Config =================
2023-06-19 16:44:56,636 - AUGCON - INFO -   mode: finetune
2023-06-19 16:44:56,636 - AUGCON - INFO -   seed: 0
2023-06-19 16:44:56,636 - AUGCON - INFO -   gpu: [1]
2023-06-19 16:44:56,636 - AUGCON - INFO -   num_workers: 1
2023-06-19 16:44:56,636 - AUGCON - INFO -   dist_url: tcp://localhost:10001
2023-06-19 16:44:56,636 - AUGCON - INFO -   dataset_name: ichar
2023-06-19 16:44:56,636 - AUGCON - INFO -   train_dataset_path: /mnt/sting/hjyoon/projects/cross/ICHAR/augcon/target_domain_PH0038-iygoo/finetune/10shot/target/train.pkl
2023-06-19 16:44:56,636 - AUGCON - INFO -   test_dataset_path: /mnt/sting/hjyoon/projects/cross/ICHAR/augcon/target_domain_PH0038-iygoo/finetune/10shot/target/test.pkl
2023-06-19 16:44:56,636 - AUGCON - INFO -   val_dataset_path: /mnt/sting/hjyoon/projects/cross/ICHAR/augcon/target_domain_PH0038-iygoo/finetune/10shot/target/val.pkl
2023-06-19 16:44:56,636 - AUGCON - INFO -   input_channels: 3
2023-06-19 16:44:56,636 - AUGCON - INFO -   num_cls: 9
2023-06-19 16:44:56,636 - AUGCON - INFO -   optimizer: adam
2023-06-19 16:44:56,636 - AUGCON - INFO -   criterion: crossentropy
2023-06-19 16:44:56,636 - AUGCON - INFO -   start_epoch: 0
2023-06-19 16:44:56,636 - AUGCON - INFO -   epochs: 50
2023-06-19 16:44:56,636 - AUGCON - INFO -   batch_size: 4
2023-06-19 16:44:56,636 - AUGCON - INFO -   lr: 0.001
2023-06-19 16:44:56,636 - AUGCON - INFO -   wd: 0.0
2023-06-19 16:44:56,636 - AUGCON - INFO -   resume: 
2023-06-19 16:44:56,636 - AUGCON - INFO -   pretrained: /mnt/sting/hjyoon/projects/augcontrast/models/exp0/pretrain/without_target_domain_PH0012-thanh/metacpc_random_8421/checkpoint_0999.pth.tar
2023-06-19 16:44:56,636 - AUGCON - INFO -   ckpt_dir: /mnt/sting/hjyoon/projects/augcontrast/models/exp0/finetune_da_true/without_target_domain_PH0012-thanh/metacpc_random_8421/tgt_target_domain_PH0038-iygoo_seed0
2023-06-19 16:44:56,636 - AUGCON - INFO -   log_freq: 5
2023-06-19 16:44:56,636 - AUGCON - INFO -   save_freq: 10
2023-06-19 16:44:56,636 - AUGCON - INFO -   pretext: metacpc
2023-06-19 16:44:56,636 - AUGCON - INFO -   enc_blocks: 4
2023-06-19 16:44:56,636 - AUGCON - INFO -   kernel_sizes: [8, 4, 2, 1]
2023-06-19 16:44:56,637 - AUGCON - INFO -   strides: [4, 2, 1, 1]
2023-06-19 16:44:56,637 - AUGCON - INFO -   agg_blocks: 5
2023-06-19 16:44:56,637 - AUGCON - INFO -   z_dim: 256
2023-06-19 16:44:56,637 - AUGCON - INFO -   pooling: mean
2023-06-19 16:44:56,637 - AUGCON - INFO -   pred_steps: 12
2023-06-19 16:44:56,637 - AUGCON - INFO -   n_negatives: 15
2023-06-19 16:44:56,637 - AUGCON - INFO -   offset: 4
2023-06-19 16:44:56,637 - AUGCON - INFO -   domain_adaptation: True
2023-06-19 16:44:56,637 - AUGCON - INFO -   task_steps: 10
2023-06-19 16:44:56,637 - AUGCON - INFO -   task_lr: 0.001
2023-06-19 16:44:56,637 - AUGCON - INFO -   reg_lambda: 0
2023-06-19 16:44:56,637 - AUGCON - INFO -   mlp: False
2023-06-19 16:44:56,637 - AUGCON - INFO -   freeze: True
2023-06-19 16:44:56,637 - AUGCON - INFO -   no_vars: False
2023-06-19 16:44:56,637 - AUGCON - INFO - ==========================================
2023-06-19 16:44:56,637 - AUGCON - INFO - Setting GPUs: [1]
2023-06-19 16:44:56,637 - AUGCON - INFO - GPUs [1] will be used
2023-06-19 16:44:56,637 - AUGCON - WARNING - You have chosen to seed training. 
2023-06-19 16:44:56,638 - AUGCON - WARNING - This will turn on the CUDNN deterministic setting, 
2023-06-19 16:44:56,638 - AUGCON - WARNING - which can slow down your training considerably! 
2023-06-19 16:44:56,638 - AUGCON - WARNING - You may see unexpected behavior when restarting 
2023-06-19 16:44:56,638 - AUGCON - WARNING - from checkpoints.
2023-06-19 16:44:56,670 - AUGCON - INFO - Executing MetaCPC
2023-06-19 16:44:56,670 - AUGCON - INFO - Logs are skipped during training
2023-06-19 16:45:16,108 - AUGCON - INFO - Single GPU is used for training - training 90 instances for each worker
2023-06-19 16:45:16,109 - AUGCON - INFO - Loading pretrained model from checkpoint - /mnt/sting/hjyoon/projects/augcontrast/models/exp0/pretrain/without_target_domain_PH0012-thanh/metacpc_random_8421/checkpoint_0999.pth.tar
2023-06-19 16:45:16,109 - AUGCON - INFO - Missing keys: []
2023-06-19 16:45:16,109 - AUGCON - INFO - Perform domain adaptation step
2023-06-19 16:45:16,109 - AUGCON - INFO - 	meta-train [0/10] Loss: 12.9697, Acc(1): 5.91, Acc(5): 32.51
2023-06-19 16:45:16,109 - AUGCON - INFO - 	meta-train [1/10] Loss: 4.0777, Acc(1): 10.30, Acc(5): 45.76
2023-06-19 16:45:16,109 - AUGCON - INFO - 	meta-train [2/10] Loss: 2.2693, Acc(1): 23.88, Acc(5): 72.68
2023-06-19 16:45:16,109 - AUGCON - INFO - 	meta-train [3/10] Loss: 1.9971, Acc(1): 28.09, Acc(5): 80.57
2023-06-19 16:45:16,109 - AUGCON - INFO - 	meta-train [4/10] Loss: 1.6333, Acc(1): 36.99, Acc(5): 90.60
2023-06-19 16:45:16,109 - AUGCON - INFO - 	meta-train [5/10] Loss: 1.2283, Acc(1): 50.48, Acc(5): 96.93
2023-06-19 16:45:16,109 - AUGCON - INFO - 	meta-train [6/10] Loss: 1.0331, Acc(1): 56.08, Acc(5): 98.47
2023-06-19 16:45:16,109 - AUGCON - INFO - 	meta-train [7/10] Loss: 1.0261, Acc(1): 57.55, Acc(5): 98.04
2023-06-19 16:45:16,109 - AUGCON - INFO - 	meta-train [8/10] Loss: 1.0230, Acc(1): 55.76, Acc(5): 98.56
2023-06-19 16:45:16,110 - AUGCON - INFO - 	meta-train [9/10] Loss: 1.0273, Acc(1): 57.28, Acc(5): 98.18
2023-06-19 16:45:16,110 - AUGCON - INFO - Loading encoder parameters to the classifier
2023-06-19 16:45:16,110 - AUGCON - INFO - Missing keys: ['classifier.block.0.weight', 'classifier.block.0.bias']
2023-06-19 16:45:16,110 - AUGCON - INFO - Epoch [1/50]-(0/22) Loss: 2.2216, Acc(1): 0.00, Acc(5): 50.00
2023-06-19 16:45:16,110 - AUGCON - INFO - Epoch [1/50]-(5/22) Loss: 2.1221, Acc(1): 0.00, Acc(5): 75.00
2023-06-19 16:45:16,110 - AUGCON - INFO - Epoch [1/50]-(10/22) Loss: 2.3519, Acc(1): 0.00, Acc(5): 75.00
2023-06-19 16:45:16,110 - AUGCON - INFO - Epoch [1/50]-(15/22) Loss: 1.8112, Acc(1): 25.00, Acc(5): 100.00
2023-06-19 16:45:16,110 - AUGCON - INFO - Epoch [1/50]-(20/22) Loss: 1.8145, Acc(1): 50.00, Acc(5): 75.00
2023-06-19 16:45:16,110 - AUGCON - INFO - 	Validation Loss: 1.6928, Acc(1): 64.00, Acc(5): 95.00, F1: 0.14, Recall: 0.13, Precision: 0.15
2023-06-19 16:45:16,110 - AUGCON - INFO - Epoch [2/50]-(0/22) Loss: 1.6794, Acc(1): 25.00, Acc(5): 100.00
2023-06-19 16:45:16,110 - AUGCON - INFO - Epoch [2/50]-(5/22) Loss: 1.6223, Acc(1): 0.00, Acc(5): 100.00
2023-06-19 16:45:16,110 - AUGCON - INFO - Epoch [2/50]-(10/22) Loss: 1.5454, Acc(1): 50.00, Acc(5): 100.00
2023-06-19 16:45:16,110 - AUGCON - INFO - Epoch [2/50]-(15/22) Loss: 1.5686, Acc(1): 75.00, Acc(5): 75.00
2023-06-19 16:45:16,111 - AUGCON - INFO - Epoch [2/50]-(20/22) Loss: 1.4297, Acc(1): 50.00, Acc(5): 100.00
2023-06-19 16:45:16,111 - AUGCON - INFO - 	Validation Loss: 1.3255, Acc(1): 73.00, Acc(5): 93.00, F1: 0.17, Recall: 0.16, Precision: 0.19
2023-06-19 16:45:16,111 - AUGCON - INFO - Epoch [3/50]-(0/22) Loss: 1.3943, Acc(1): 50.00, Acc(5): 100.00
2023-06-19 16:45:16,111 - AUGCON - INFO - Epoch [3/50]-(5/22) Loss: 0.8953, Acc(1): 100.00, Acc(5): 100.00
2023-06-19 16:45:16,111 - AUGCON - INFO - Epoch [3/50]-(10/22) Loss: 1.3116, Acc(1): 75.00, Acc(5): 100.00
2023-06-19 16:45:16,111 - AUGCON - INFO - Epoch [3/50]-(15/22) Loss: 1.2086, Acc(1): 50.00, Acc(5): 100.00
2023-06-19 16:45:16,111 - AUGCON - INFO - Epoch [3/50]-(20/22) Loss: 0.9712, Acc(1): 50.00, Acc(5): 100.00
2023-06-19 16:45:16,111 - AUGCON - INFO - 	Validation Loss: 1.1846, Acc(1): 76.00, Acc(5): 92.00, F1: 0.18, Recall: 0.16, Precision: 0.19
2023-06-19 16:45:16,111 - AUGCON - INFO - Epoch [4/50]-(0/22) Loss: 0.9135, Acc(1): 100.00, Acc(5): 100.00
2023-06-19 16:45:16,111 - AUGCON - INFO - Epoch [4/50]-(5/22) Loss: 1.2381, Acc(1): 75.00, Acc(5): 100.00
2023-06-19 16:45:16,111 - AUGCON - INFO - Epoch [4/50]-(10/22) Loss: 0.9538, Acc(1): 100.00, Acc(5): 100.00
2023-06-19 16:45:16,111 - AUGCON - INFO - Epoch [4/50]-(15/22) Loss: 1.0559, Acc(1): 50.00, Acc(5): 100.00
2023-06-19 16:45:16,111 - AUGCON - INFO - Epoch [4/50]-(20/22) Loss: 0.8097, Acc(1): 75.00, Acc(5): 100.00
2023-06-19 16:45:16,111 - AUGCON - INFO - 	Validation Loss: 1.1165, Acc(1): 80.00, Acc(5): 92.00, F1: 0.18, Recall: 0.18, Precision: 0.19
2023-06-19 16:45:16,111 - AUGCON - INFO - Epoch [5/50]-(0/22) Loss: 0.8747, Acc(1): 75.00, Acc(5): 100.00
2023-06-19 16:45:16,111 - AUGCON - INFO - Epoch [5/50]-(5/22) Loss: 0.6797, Acc(1): 100.00, Acc(5): 100.00
2023-06-19 16:45:16,112 - AUGCON - INFO - Epoch [5/50]-(10/22) Loss: 0.7479, Acc(1): 75.00, Acc(5): 100.00
2023-06-19 16:45:16,112 - AUGCON - INFO - Epoch [5/50]-(15/22) Loss: 0.9351, Acc(1): 75.00, Acc(5): 100.00
2023-06-19 16:45:16,112 - AUGCON - INFO - Epoch [5/50]-(20/22) Loss: 0.8281, Acc(1): 75.00, Acc(5): 100.00
2023-06-19 16:45:16,112 - AUGCON - INFO - 	Validation Loss: 1.0468, Acc(1): 83.00, Acc(5): 93.00, F1: 0.19, Recall: 0.18, Precision: 0.19
2023-06-19 16:45:16,112 - AUGCON - INFO - Epoch [6/50]-(0/22) Loss: 0.4673, Acc(1): 100.00, Acc(5): 100.00
2023-06-19 16:45:16,112 - AUGCON - INFO - Epoch [6/50]-(5/22) Loss: 0.5802, Acc(1): 75.00, Acc(5): 100.00
2023-06-19 16:45:16,112 - AUGCON - INFO - Epoch [6/50]-(10/22) Loss: 0.8712, Acc(1): 50.00, Acc(5): 100.00
2023-06-19 16:45:16,112 - AUGCON - INFO - Epoch [6/50]-(15/22) Loss: 0.6043, Acc(1): 75.00, Acc(5): 100.00
2023-06-19 16:45:16,112 - AUGCON - INFO - Epoch [6/50]-(20/22) Loss: 0.6982, Acc(1): 75.00, Acc(5): 100.00
2023-06-19 16:45:16,112 - AUGCON - INFO - 	Validation Loss: 1.0184, Acc(1): 79.00, Acc(5): 93.00, F1: 0.18, Recall: 0.17, Precision: 0.19
2023-06-19 16:45:16,112 - AUGCON - INFO - Epoch [7/50]-(0/22) Loss: 0.9129, Acc(1): 75.00, Acc(5): 100.00
2023-06-19 16:45:16,112 - AUGCON - INFO - Epoch [7/50]-(5/22) Loss: 0.7111, Acc(1): 100.00, Acc(5): 100.00
2023-06-19 16:45:16,112 - AUGCON - INFO - Epoch [7/50]-(10/22) Loss: 0.7550, Acc(1): 75.00, Acc(5): 100.00
2023-06-19 16:45:16,112 - AUGCON - INFO - Epoch [7/50]-(15/22) Loss: 0.6037, Acc(1): 75.00, Acc(5): 100.00
2023-06-19 16:45:16,112 - AUGCON - INFO - Epoch [7/50]-(20/22) Loss: 0.4309, Acc(1): 100.00, Acc(5): 100.00
2023-06-19 16:45:16,113 - AUGCON - INFO - 	Validation Loss: 1.0163, Acc(1): 85.00, Acc(5): 93.00, F1: 0.19, Recall: 0.19, Precision: 0.19
2023-06-19 16:45:16,113 - AUGCON - INFO - Epoch [8/50]-(0/22) Loss: 0.4049, Acc(1): 100.00, Acc(5): 100.00
2023-06-19 16:45:16,113 - AUGCON - INFO - Epoch [8/50]-(5/22) Loss: 0.9688, Acc(1): 75.00, Acc(5): 100.00
2023-06-19 16:45:16,113 - AUGCON - INFO - Epoch [8/50]-(10/22) Loss: 0.7743, Acc(1): 100.00, Acc(5): 100.00
2023-06-19 16:45:16,113 - AUGCON - INFO - Epoch [8/50]-(15/22) Loss: 0.6860, Acc(1): 75.00, Acc(5): 100.00
2023-06-19 16:45:16,113 - AUGCON - INFO - Epoch [8/50]-(20/22) Loss: 0.5872, Acc(1): 75.00, Acc(5): 100.00
2023-06-19 16:45:16,113 - AUGCON - INFO - 	Validation Loss: 0.9850, Acc(1): 78.00, Acc(5): 93.00, F1: 0.18, Recall: 0.17, Precision: 0.19
2023-06-19 16:45:16,113 - AUGCON - INFO - Epoch [9/50]-(0/22) Loss: 0.5710, Acc(1): 75.00, Acc(5): 100.00
2023-06-19 16:45:16,113 - AUGCON - INFO - Epoch [9/50]-(5/22) Loss: 0.6416, Acc(1): 100.00, Acc(5): 100.00
2023-06-19 16:45:16,113 - AUGCON - INFO - Epoch [9/50]-(10/22) Loss: 1.1894, Acc(1): 50.00, Acc(5): 100.00
2023-06-19 16:45:16,113 - AUGCON - INFO - Epoch [9/50]-(15/22) Loss: 0.6819, Acc(1): 75.00, Acc(5): 100.00
2023-06-19 16:45:16,113 - AUGCON - INFO - Epoch [9/50]-(20/22) Loss: 0.4860, Acc(1): 100.00, Acc(5): 100.00
2023-06-19 16:45:16,113 - AUGCON - INFO - 	Validation Loss: 0.9823, Acc(1): 83.00, Acc(5): 93.00, F1: 0.19, Recall: 0.18, Precision: 0.19
2023-06-19 16:45:16,113 - AUGCON - INFO - Epoch [10/50]-(0/22) Loss: 0.4121, Acc(1): 100.00, Acc(5): 100.00
2023-06-19 16:45:16,113 - AUGCON - INFO - Epoch [10/50]-(5/22) Loss: 0.5820, Acc(1): 100.00, Acc(5): 100.00
2023-06-19 16:45:16,113 - AUGCON - INFO - Epoch [10/50]-(10/22) Loss: 0.5753, Acc(1): 75.00, Acc(5): 100.00
2023-06-19 16:45:16,113 - AUGCON - INFO - Epoch [10/50]-(15/22) Loss: 0.4351, Acc(1): 100.00, Acc(5): 100.00
2023-06-19 16:45:16,114 - AUGCON - INFO - Epoch [10/50]-(20/22) Loss: 0.5649, Acc(1): 100.00, Acc(5): 100.00
2023-06-19 16:45:16,114 - AUGCON - INFO - 	Validation Loss: 0.9653, Acc(1): 83.00, Acc(5): 93.00, F1: 0.19, Recall: 0.18, Precision: 0.19
2023-06-19 16:45:16,114 - AUGCON - INFO - Epoch [11/50]-(0/22) Loss: 0.3706, Acc(1): 100.00, Acc(5): 100.00
2023-06-19 16:45:16,114 - AUGCON - INFO - Epoch [11/50]-(5/22) Loss: 0.2780, Acc(1): 100.00, Acc(5): 100.00
2023-06-19 16:45:16,114 - AUGCON - INFO - Epoch [11/50]-(10/22) Loss: 0.5070, Acc(1): 75.00, Acc(5): 100.00
2023-06-19 16:45:16,114 - AUGCON - INFO - Epoch [11/50]-(15/22) Loss: 0.3620, Acc(1): 100.00, Acc(5): 100.00
2023-06-19 16:45:16,114 - AUGCON - INFO - Epoch [11/50]-(20/22) Loss: 0.3478, Acc(1): 100.00, Acc(5): 100.00
2023-06-19 16:45:16,114 - AUGCON - INFO - 	Validation Loss: 0.9947, Acc(1): 82.00, Acc(5): 93.00, F1: 0.18, Recall: 0.19, Precision: 0.18
2023-06-19 16:45:16,114 - AUGCON - INFO - Epoch [12/50]-(0/22) Loss: 0.4316, Acc(1): 100.00, Acc(5): 100.00
2023-06-19 16:45:16,114 - AUGCON - INFO - Epoch [12/50]-(5/22) Loss: 0.7640, Acc(1): 75.00, Acc(5): 100.00
2023-06-19 16:45:16,114 - AUGCON - INFO - Epoch [12/50]-(10/22) Loss: 0.2902, Acc(1): 100.00, Acc(5): 100.00
2023-06-19 16:45:16,114 - AUGCON - INFO - Epoch [12/50]-(15/22) Loss: 0.3840, Acc(1): 100.00, Acc(5): 100.00
2023-06-19 16:45:16,114 - AUGCON - INFO - Epoch [12/50]-(20/22) Loss: 0.6138, Acc(1): 75.00, Acc(5): 100.00
2023-06-19 16:45:16,114 - AUGCON - INFO - 	Validation Loss: 0.9711, Acc(1): 82.00, Acc(5): 93.00, F1: 0.19, Recall: 0.18, Precision: 0.19
2023-06-19 16:45:16,114 - AUGCON - INFO - Epoch [13/50]-(0/22) Loss: 0.2838, Acc(1): 100.00, Acc(5): 100.00
2023-06-19 16:45:16,114 - AUGCON - INFO - Epoch [13/50]-(5/22) Loss: 0.3614, Acc(1): 100.00, Acc(5): 100.00
2023-06-19 16:45:16,115 - AUGCON - INFO - Epoch [13/50]-(10/22) Loss: 1.1591, Acc(1): 25.00, Acc(5): 100.00
2023-06-19 16:45:16,115 - AUGCON - INFO - Epoch [13/50]-(15/22) Loss: 0.3747, Acc(1): 100.00, Acc(5): 100.00
2023-06-19 16:45:16,115 - AUGCON - INFO - Epoch [13/50]-(20/22) Loss: 0.3895, Acc(1): 100.00, Acc(5): 100.00
2023-06-19 16:45:16,115 - AUGCON - INFO - 	Validation Loss: 0.9918, Acc(1): 84.00, Acc(5): 93.00, F1: 0.19, Recall: 0.19, Precision: 0.18
2023-06-19 16:45:16,115 - AUGCON - INFO - Epoch [14/50]-(0/22) Loss: 0.3969, Acc(1): 100.00, Acc(5): 100.00
2023-06-19 16:45:16,115 - AUGCON - INFO - Epoch [14/50]-(5/22) Loss: 0.3935, Acc(1): 75.00, Acc(5): 100.00
2023-06-19 16:45:16,115 - AUGCON - INFO - Epoch [14/50]-(10/22) Loss: 0.2346, Acc(1): 100.00, Acc(5): 100.00
2023-06-19 16:45:16,115 - AUGCON - INFO - Epoch [14/50]-(15/22) Loss: 0.5034, Acc(1): 75.00, Acc(5): 100.00
2023-06-19 16:45:16,115 - AUGCON - INFO - Epoch [14/50]-(20/22) Loss: 0.2706, Acc(1): 100.00, Acc(5): 100.00
2023-06-19 16:45:16,115 - AUGCON - INFO - 	Validation Loss: 0.9992, Acc(1): 87.00, Acc(5): 93.00, F1: 0.19, Recall: 0.20, Precision: 0.19
2023-06-19 16:45:16,115 - AUGCON - INFO - Epoch [15/50]-(0/22) Loss: 0.3894, Acc(1): 75.00, Acc(5): 100.00
2023-06-19 16:45:16,115 - AUGCON - INFO - Epoch [15/50]-(5/22) Loss: 0.5193, Acc(1): 100.00, Acc(5): 100.00
2023-06-19 16:45:16,115 - AUGCON - INFO - Epoch [15/50]-(10/22) Loss: 0.5629, Acc(1): 100.00, Acc(5): 100.00
2023-06-19 16:45:16,115 - AUGCON - INFO - Epoch [15/50]-(15/22) Loss: 0.3841, Acc(1): 100.00, Acc(5): 100.00
2023-06-19 16:45:16,115 - AUGCON - INFO - Epoch [15/50]-(20/22) Loss: 0.2349, Acc(1): 100.00, Acc(5): 100.00
2023-06-19 16:45:16,116 - AUGCON - INFO - 	Validation Loss: 0.9989, Acc(1): 85.00, Acc(5): 93.00, F1: 0.19, Recall: 0.19, Precision: 0.19
2023-06-19 16:45:16,116 - AUGCON - INFO - Epoch [16/50]-(0/22) Loss: 0.1610, Acc(1): 100.00, Acc(5): 100.00
2023-06-19 16:45:16,116 - AUGCON - INFO - Epoch [16/50]-(5/22) Loss: 0.3874, Acc(1): 100.00, Acc(5): 100.00
2023-06-19 16:45:16,116 - AUGCON - INFO - Epoch [16/50]-(10/22) Loss: 0.2103, Acc(1): 100.00, Acc(5): 100.00
2023-06-19 16:45:16,116 - AUGCON - INFO - Epoch [16/50]-(15/22) Loss: 0.3337, Acc(1): 100.00, Acc(5): 100.00
2023-06-19 16:45:16,116 - AUGCON - INFO - Epoch [16/50]-(20/22) Loss: 0.2650, Acc(1): 100.00, Acc(5): 100.00
2023-06-19 16:45:16,116 - AUGCON - INFO - 	Validation Loss: 0.9924, Acc(1): 82.00, Acc(5): 93.00, F1: 0.19, Recall: 0.18, Precision: 0.19
2023-06-19 16:45:16,116 - AUGCON - INFO - Epoch [17/50]-(0/22) Loss: 0.2561, Acc(1): 100.00, Acc(5): 100.00
2023-06-19 16:45:16,116 - AUGCON - INFO - Epoch [17/50]-(5/22) Loss: 0.3164, Acc(1): 100.00, Acc(5): 100.00
2023-06-19 16:45:16,116 - AUGCON - INFO - Epoch [17/50]-(10/22) Loss: 0.2959, Acc(1): 100.00, Acc(5): 100.00
2023-06-19 16:45:16,116 - AUGCON - INFO - Epoch [17/50]-(15/22) Loss: 0.2580, Acc(1): 100.00, Acc(5): 100.00
2023-06-19 16:45:16,116 - AUGCON - INFO - Epoch [17/50]-(20/22) Loss: 0.4955, Acc(1): 75.00, Acc(5): 100.00
2023-06-19 16:45:16,116 - AUGCON - INFO - 	Validation Loss: 0.9884, Acc(1): 86.00, Acc(5): 93.00, F1: 0.19, Recall: 0.19, Precision: 0.19
2023-06-19 16:45:16,116 - AUGCON - INFO - Epoch [18/50]-(0/22) Loss: 0.4673, Acc(1): 100.00, Acc(5): 100.00
2023-06-19 16:45:16,116 - AUGCON - INFO - Epoch [18/50]-(5/22) Loss: 0.5079, Acc(1): 100.00, Acc(5): 100.00
2023-06-19 16:45:16,117 - AUGCON - INFO - Epoch [18/50]-(10/22) Loss: 0.3344, Acc(1): 100.00, Acc(5): 100.00
2023-06-19 16:45:16,117 - AUGCON - INFO - Epoch [18/50]-(15/22) Loss: 0.2213, Acc(1): 100.00, Acc(5): 100.00
2023-06-19 16:45:16,117 - AUGCON - INFO - Epoch [18/50]-(20/22) Loss: 0.2349, Acc(1): 100.00, Acc(5): 100.00
2023-06-19 16:45:16,117 - AUGCON - INFO - 	Validation Loss: 0.9975, Acc(1): 83.00, Acc(5): 93.00, F1: 0.19, Recall: 0.18, Precision: 0.19
2023-06-19 16:45:16,117 - AUGCON - INFO - Epoch [19/50]-(0/22) Loss: 0.4099, Acc(1): 75.00, Acc(5): 100.00
2023-06-19 16:45:16,117 - AUGCON - INFO - Epoch [19/50]-(5/22) Loss: 0.2903, Acc(1): 100.00, Acc(5): 100.00
2023-06-19 16:45:16,117 - AUGCON - INFO - Epoch [19/50]-(10/22) Loss: 0.2382, Acc(1): 100.00, Acc(5): 100.00
2023-06-19 16:45:16,117 - AUGCON - INFO - Epoch [19/50]-(15/22) Loss: 0.3074, Acc(1): 100.00, Acc(5): 100.00
2023-06-19 16:45:16,117 - AUGCON - INFO - Epoch [19/50]-(20/22) Loss: 0.4522, Acc(1): 75.00, Acc(5): 100.00
2023-06-19 16:45:16,117 - AUGCON - INFO - 	Validation Loss: 1.0310, Acc(1): 83.00, Acc(5): 93.00, F1: 0.19, Recall: 0.20, Precision: 0.18
2023-06-19 16:45:16,117 - AUGCON - INFO - Epoch [20/50]-(0/22) Loss: 0.1784, Acc(1): 100.00, Acc(5): 100.00
2023-06-19 16:45:16,117 - AUGCON - INFO - Epoch [20/50]-(5/22) Loss: 0.2204, Acc(1): 100.00, Acc(5): 100.00
2023-06-19 16:45:16,117 - AUGCON - INFO - Epoch [20/50]-(10/22) Loss: 0.2880, Acc(1): 100.00, Acc(5): 100.00
2023-06-19 16:45:16,117 - AUGCON - INFO - Epoch [20/50]-(15/22) Loss: 0.5280, Acc(1): 50.00, Acc(5): 100.00
2023-06-19 16:45:16,117 - AUGCON - INFO - Epoch [20/50]-(20/22) Loss: 0.4256, Acc(1): 75.00, Acc(5): 100.00
2023-06-19 16:45:16,117 - AUGCON - INFO - 	Validation Loss: 1.0184, Acc(1): 85.00, Acc(5): 93.00, F1: 0.19, Recall: 0.19, Precision: 0.19
2023-06-19 16:45:16,118 - AUGCON - INFO - Epoch [21/50]-(0/22) Loss: 0.1966, Acc(1): 100.00, Acc(5): 100.00
2023-06-19 16:45:16,118 - AUGCON - INFO - Epoch [21/50]-(5/22) Loss: 0.3282, Acc(1): 100.00, Acc(5): 100.00
2023-06-19 16:45:16,118 - AUGCON - INFO - Epoch [21/50]-(10/22) Loss: 0.6377, Acc(1): 50.00, Acc(5): 100.00
2023-06-19 16:45:16,118 - AUGCON - INFO - Epoch [21/50]-(15/22) Loss: 0.4961, Acc(1): 50.00, Acc(5): 100.00
2023-06-19 16:45:16,118 - AUGCON - INFO - Epoch [21/50]-(20/22) Loss: 0.2285, Acc(1): 100.00, Acc(5): 100.00
2023-06-19 16:45:16,118 - AUGCON - INFO - 	Validation Loss: 1.0336, Acc(1): 82.00, Acc(5): 93.00, F1: 0.19, Recall: 0.19, Precision: 0.18
2023-06-19 16:45:16,118 - AUGCON - INFO - Epoch [22/50]-(0/22) Loss: 0.4816, Acc(1): 75.00, Acc(5): 100.00
2023-06-19 16:45:16,118 - AUGCON - INFO - Epoch [22/50]-(5/22) Loss: 0.2180, Acc(1): 100.00, Acc(5): 100.00
2023-06-19 16:45:16,118 - AUGCON - INFO - Epoch [22/50]-(10/22) Loss: 0.9946, Acc(1): 50.00, Acc(5): 100.00
2023-06-19 16:45:16,118 - AUGCON - INFO - Epoch [22/50]-(15/22) Loss: 0.1739, Acc(1): 100.00, Acc(5): 100.00
2023-06-19 16:45:16,118 - AUGCON - INFO - Epoch [22/50]-(20/22) Loss: 0.5008, Acc(1): 75.00, Acc(5): 100.00
2023-06-19 16:45:16,118 - AUGCON - INFO - 	Validation Loss: 1.0256, Acc(1): 85.00, Acc(5): 93.00, F1: 0.19, Recall: 0.19, Precision: 0.19
2023-06-19 16:45:16,118 - AUGCON - INFO - Epoch [23/50]-(0/22) Loss: 0.1422, Acc(1): 100.00, Acc(5): 100.00
2023-06-19 16:45:16,118 - AUGCON - INFO - Epoch [23/50]-(5/22) Loss: 0.1724, Acc(1): 100.00, Acc(5): 100.00
2023-06-19 16:45:16,118 - AUGCON - INFO - Epoch [23/50]-(10/22) Loss: 0.2726, Acc(1): 100.00, Acc(5): 100.00
2023-06-19 16:45:16,118 - AUGCON - INFO - Epoch [23/50]-(15/22) Loss: 1.1627, Acc(1): 75.00, Acc(5): 100.00
2023-06-19 16:45:16,118 - AUGCON - INFO - Epoch [23/50]-(20/22) Loss: 0.1054, Acc(1): 100.00, Acc(5): 100.00
2023-06-19 16:45:16,119 - AUGCON - INFO - 	Validation Loss: 1.0494, Acc(1): 85.00, Acc(5): 93.00, F1: 0.19, Recall: 0.19, Precision: 0.19
2023-06-19 16:45:16,119 - AUGCON - INFO - Epoch [24/50]-(0/22) Loss: 0.6719, Acc(1): 75.00, Acc(5): 100.00
2023-06-19 16:45:16,119 - AUGCON - INFO - Epoch [24/50]-(5/22) Loss: 0.1843, Acc(1): 100.00, Acc(5): 100.00
2023-06-19 16:45:16,119 - AUGCON - INFO - Epoch [24/50]-(10/22) Loss: 0.2321, Acc(1): 100.00, Acc(5): 100.00
2023-06-19 16:45:16,119 - AUGCON - INFO - Epoch [24/50]-(15/22) Loss: 0.4714, Acc(1): 75.00, Acc(5): 100.00
2023-06-19 16:45:16,119 - AUGCON - INFO - Epoch [24/50]-(20/22) Loss: 0.2088, Acc(1): 100.00, Acc(5): 100.00
2023-06-19 16:45:16,119 - AUGCON - INFO - 	Validation Loss: 1.0683, Acc(1): 85.00, Acc(5): 93.00, F1: 0.19, Recall: 0.19, Precision: 0.19
2023-06-19 16:45:16,119 - AUGCON - INFO - Epoch [25/50]-(0/22) Loss: 0.6508, Acc(1): 75.00, Acc(5): 100.00
2023-06-19 16:45:16,119 - AUGCON - INFO - Epoch [25/50]-(5/22) Loss: 0.3319, Acc(1): 100.00, Acc(5): 100.00
2023-06-19 16:45:16,119 - AUGCON - INFO - Epoch [25/50]-(10/22) Loss: 0.2061, Acc(1): 100.00, Acc(5): 100.00
2023-06-19 16:45:16,119 - AUGCON - INFO - Epoch [25/50]-(15/22) Loss: 0.2573, Acc(1): 100.00, Acc(5): 100.00
2023-06-19 16:45:16,119 - AUGCON - INFO - Epoch [25/50]-(20/22) Loss: 0.1981, Acc(1): 100.00, Acc(5): 100.00
2023-06-19 16:45:16,119 - AUGCON - INFO - 	Validation Loss: 1.0495, Acc(1): 85.00, Acc(5): 93.00, F1: 0.19, Recall: 0.19, Precision: 0.19
2023-06-19 16:45:16,119 - AUGCON - INFO - Epoch [26/50]-(0/22) Loss: 0.8181, Acc(1): 50.00, Acc(5): 100.00
2023-06-19 16:45:16,119 - AUGCON - INFO - Epoch [26/50]-(5/22) Loss: 0.1468, Acc(1): 100.00, Acc(5): 100.00
2023-06-19 16:45:16,119 - AUGCON - INFO - Epoch [26/50]-(10/22) Loss: 0.1656, Acc(1): 100.00, Acc(5): 100.00
2023-06-19 16:45:16,120 - AUGCON - INFO - Epoch [26/50]-(15/22) Loss: 0.1702, Acc(1): 100.00, Acc(5): 100.00
2023-06-19 16:45:16,120 - AUGCON - INFO - Epoch [26/50]-(20/22) Loss: 0.1429, Acc(1): 100.00, Acc(5): 100.00
2023-06-19 16:45:16,120 - AUGCON - INFO - 	Validation Loss: 1.0499, Acc(1): 85.00, Acc(5): 93.00, F1: 0.19, Recall: 0.19, Precision: 0.19
2023-06-19 16:45:16,120 - AUGCON - INFO - Epoch [27/50]-(0/22) Loss: 0.2361, Acc(1): 100.00, Acc(5): 100.00
2023-06-19 16:45:16,120 - AUGCON - INFO - Epoch [27/50]-(5/22) Loss: 0.2381, Acc(1): 100.00, Acc(5): 100.00
2023-06-19 16:45:16,120 - AUGCON - INFO - Epoch [27/50]-(10/22) Loss: 0.4087, Acc(1): 75.00, Acc(5): 100.00
2023-06-19 16:45:16,120 - AUGCON - INFO - Epoch [27/50]-(15/22) Loss: 0.1052, Acc(1): 100.00, Acc(5): 100.00
2023-06-19 16:45:16,120 - AUGCON - INFO - Epoch [27/50]-(20/22) Loss: 0.5012, Acc(1): 75.00, Acc(5): 100.00
2023-06-19 16:45:16,120 - AUGCON - INFO - 	Validation Loss: 1.0589, Acc(1): 85.00, Acc(5): 93.00, F1: 0.19, Recall: 0.19, Precision: 0.19
2023-06-19 16:45:16,120 - AUGCON - INFO - Epoch [28/50]-(0/22) Loss: 0.8348, Acc(1): 50.00, Acc(5): 100.00
2023-06-19 16:45:16,120 - AUGCON - INFO - Epoch [28/50]-(5/22) Loss: 0.3342, Acc(1): 100.00, Acc(5): 100.00
2023-06-19 16:45:16,120 - AUGCON - INFO - Epoch [28/50]-(10/22) Loss: 0.4145, Acc(1): 75.00, Acc(5): 100.00
2023-06-19 16:45:16,120 - AUGCON - INFO - Epoch [28/50]-(15/22) Loss: 0.4517, Acc(1): 75.00, Acc(5): 100.00
2023-06-19 16:45:16,121 - AUGCON - INFO - Epoch [28/50]-(20/22) Loss: 0.2328, Acc(1): 100.00, Acc(5): 100.00
2023-06-19 16:45:16,121 - AUGCON - INFO - 	Validation Loss: 1.0741, Acc(1): 84.00, Acc(5): 93.00, F1: 0.19, Recall: 0.19, Precision: 0.19
2023-06-19 16:45:16,121 - AUGCON - INFO - Epoch [29/50]-(0/22) Loss: 0.1411, Acc(1): 100.00, Acc(5): 100.00
2023-06-19 16:45:16,121 - AUGCON - INFO - Epoch [29/50]-(5/22) Loss: 0.4658, Acc(1): 75.00, Acc(5): 100.00
2023-06-19 16:45:16,121 - AUGCON - INFO - Epoch [29/50]-(10/22) Loss: 0.3450, Acc(1): 75.00, Acc(5): 100.00
2023-06-19 16:45:16,121 - AUGCON - INFO - Epoch [29/50]-(15/22) Loss: 0.2506, Acc(1): 100.00, Acc(5): 100.00
2023-06-19 16:45:16,121 - AUGCON - INFO - Epoch [29/50]-(20/22) Loss: 0.3336, Acc(1): 100.00, Acc(5): 100.00
2023-06-19 16:45:16,121 - AUGCON - INFO - 	Validation Loss: 1.0640, Acc(1): 86.00, Acc(5): 93.00, F1: 0.19, Recall: 0.19, Precision: 0.19
2023-06-19 16:45:16,121 - AUGCON - INFO - Epoch [30/50]-(0/22) Loss: 0.3079, Acc(1): 100.00, Acc(5): 100.00
2023-06-19 16:45:16,121 - AUGCON - INFO - Epoch [30/50]-(5/22) Loss: 0.2210, Acc(1): 100.00, Acc(5): 100.00
2023-06-19 16:45:16,121 - AUGCON - INFO - Epoch [30/50]-(10/22) Loss: 0.5270, Acc(1): 75.00, Acc(5): 100.00
2023-06-19 16:45:16,121 - AUGCON - INFO - Epoch [30/50]-(15/22) Loss: 0.2191, Acc(1): 100.00, Acc(5): 100.00
2023-06-19 16:45:16,121 - AUGCON - INFO - Epoch [30/50]-(20/22) Loss: 0.1174, Acc(1): 100.00, Acc(5): 100.00
2023-06-19 16:45:16,121 - AUGCON - INFO - 	Validation Loss: 1.0679, Acc(1): 85.00, Acc(5): 93.00, F1: 0.19, Recall: 0.20, Precision: 0.18
2023-06-19 16:45:16,121 - AUGCON - INFO - Epoch [31/50]-(0/22) Loss: 0.2952, Acc(1): 75.00, Acc(5): 100.00
2023-06-19 16:45:16,122 - AUGCON - INFO - Epoch [31/50]-(5/22) Loss: 0.1575, Acc(1): 100.00, Acc(5): 100.00
2023-06-19 16:45:16,122 - AUGCON - INFO - Epoch [31/50]-(10/22) Loss: 0.4881, Acc(1): 75.00, Acc(5): 100.00
2023-06-19 16:45:16,122 - AUGCON - INFO - Epoch [31/50]-(15/22) Loss: 0.2144, Acc(1): 100.00, Acc(5): 100.00
2023-06-19 16:45:16,122 - AUGCON - INFO - Epoch [31/50]-(20/22) Loss: 0.0828, Acc(1): 100.00, Acc(5): 100.00
2023-06-19 16:45:16,122 - AUGCON - INFO - 	Validation Loss: 1.0838, Acc(1): 85.00, Acc(5): 93.00, F1: 0.19, Recall: 0.19, Precision: 0.19
2023-06-19 16:45:16,122 - AUGCON - INFO - Epoch [32/50]-(0/22) Loss: 0.1553, Acc(1): 100.00, Acc(5): 100.00
2023-06-19 16:45:16,122 - AUGCON - INFO - Epoch [32/50]-(5/22) Loss: 0.2030, Acc(1): 100.00, Acc(5): 100.00
2023-06-19 16:45:16,122 - AUGCON - INFO - Epoch [32/50]-(10/22) Loss: 0.1435, Acc(1): 100.00, Acc(5): 100.00
2023-06-19 16:45:16,122 - AUGCON - INFO - Epoch [32/50]-(15/22) Loss: 0.6520, Acc(1): 50.00, Acc(5): 100.00
2023-06-19 16:45:16,122 - AUGCON - INFO - Epoch [32/50]-(20/22) Loss: 0.1209, Acc(1): 100.00, Acc(5): 100.00
2023-06-19 16:45:16,122 - AUGCON - INFO - 	Validation Loss: 1.1055, Acc(1): 84.00, Acc(5): 93.00, F1: 0.19, Recall: 0.19, Precision: 0.19
2023-06-19 16:45:16,122 - AUGCON - INFO - Epoch [33/50]-(0/22) Loss: 0.1236, Acc(1): 100.00, Acc(5): 100.00
2023-06-19 16:45:16,122 - AUGCON - INFO - Epoch [33/50]-(5/22) Loss: 0.1931, Acc(1): 100.00, Acc(5): 100.00
2023-06-19 16:45:16,122 - AUGCON - INFO - Epoch [33/50]-(10/22) Loss: 0.7779, Acc(1): 75.00, Acc(5): 100.00
2023-06-19 16:45:16,122 - AUGCON - INFO - Epoch [33/50]-(15/22) Loss: 0.0902, Acc(1): 100.00, Acc(5): 100.00
2023-06-19 16:45:16,122 - AUGCON - INFO - Epoch [33/50]-(20/22) Loss: 0.8463, Acc(1): 75.00, Acc(5): 100.00
2023-06-19 16:45:16,123 - AUGCON - INFO - 	Validation Loss: 1.0890, Acc(1): 86.00, Acc(5): 93.00, F1: 0.19, Recall: 0.20, Precision: 0.19
2023-06-19 16:45:16,123 - AUGCON - INFO - Epoch [34/50]-(0/22) Loss: 0.2435, Acc(1): 100.00, Acc(5): 100.00
2023-06-19 16:45:16,123 - AUGCON - INFO - Epoch [34/50]-(5/22) Loss: 0.2024, Acc(1): 100.00, Acc(5): 100.00
2023-06-19 16:45:16,123 - AUGCON - INFO - Epoch [34/50]-(10/22) Loss: 0.1961, Acc(1): 100.00, Acc(5): 100.00
2023-06-19 16:45:16,123 - AUGCON - INFO - Epoch [34/50]-(15/22) Loss: 0.3411, Acc(1): 100.00, Acc(5): 100.00
2023-06-19 16:45:16,123 - AUGCON - INFO - Epoch [34/50]-(20/22) Loss: 0.1528, Acc(1): 100.00, Acc(5): 100.00
2023-06-19 16:45:16,123 - AUGCON - INFO - 	Validation Loss: 1.1148, Acc(1): 86.00, Acc(5): 93.00, F1: 0.19, Recall: 0.19, Precision: 0.19
2023-06-19 16:45:16,123 - AUGCON - INFO - Epoch [35/50]-(0/22) Loss: 0.1375, Acc(1): 100.00, Acc(5): 100.00
2023-06-19 16:45:16,123 - AUGCON - INFO - Epoch [35/50]-(5/22) Loss: 0.7197, Acc(1): 75.00, Acc(5): 100.00
2023-06-19 16:45:16,123 - AUGCON - INFO - Epoch [35/50]-(10/22) Loss: 0.3889, Acc(1): 75.00, Acc(5): 100.00
2023-06-19 16:45:16,123 - AUGCON - INFO - Epoch [35/50]-(15/22) Loss: 0.1975, Acc(1): 100.00, Acc(5): 100.00
2023-06-19 16:45:16,123 - AUGCON - INFO - Epoch [35/50]-(20/22) Loss: 0.2166, Acc(1): 100.00, Acc(5): 100.00
2023-06-19 16:45:16,123 - AUGCON - INFO - 	Validation Loss: 1.1118, Acc(1): 85.00, Acc(5): 93.00, F1: 0.19, Recall: 0.19, Precision: 0.19
2023-06-19 16:45:16,123 - AUGCON - INFO - Epoch [36/50]-(0/22) Loss: 0.5003, Acc(1): 50.00, Acc(5): 100.00
2023-06-19 16:45:16,123 - AUGCON - INFO - Epoch [36/50]-(5/22) Loss: 0.3207, Acc(1): 100.00, Acc(5): 100.00
2023-06-19 16:45:16,123 - AUGCON - INFO - Epoch [36/50]-(10/22) Loss: 0.1476, Acc(1): 100.00, Acc(5): 100.00
2023-06-19 16:45:16,124 - AUGCON - INFO - Epoch [36/50]-(15/22) Loss: 1.3239, Acc(1): 50.00, Acc(5): 100.00
2023-06-19 16:45:16,124 - AUGCON - INFO - Epoch [36/50]-(20/22) Loss: 0.2009, Acc(1): 100.00, Acc(5): 100.00
2023-06-19 16:45:16,124 - AUGCON - INFO - 	Validation Loss: 1.1306, Acc(1): 86.00, Acc(5): 93.00, F1: 0.19, Recall: 0.20, Precision: 0.18
2023-06-19 16:45:16,124 - AUGCON - INFO - Epoch [37/50]-(0/22) Loss: 0.2985, Acc(1): 100.00, Acc(5): 100.00
2023-06-19 16:45:16,124 - AUGCON - INFO - Epoch [37/50]-(5/22) Loss: 0.3125, Acc(1): 100.00, Acc(5): 100.00
2023-06-19 16:45:16,124 - AUGCON - INFO - Epoch [37/50]-(10/22) Loss: 0.0897, Acc(1): 100.00, Acc(5): 100.00
2023-06-19 16:45:16,124 - AUGCON - INFO - Epoch [37/50]-(15/22) Loss: 0.2037, Acc(1): 100.00, Acc(5): 100.00
2023-06-19 16:45:16,124 - AUGCON - INFO - Epoch [37/50]-(20/22) Loss: 0.8759, Acc(1): 50.00, Acc(5): 100.00
2023-06-19 16:45:16,124 - AUGCON - INFO - 	Validation Loss: 1.1164, Acc(1): 83.00, Acc(5): 93.00, F1: 0.19, Recall: 0.19, Precision: 0.18
2023-06-19 16:45:16,124 - AUGCON - INFO - Epoch [38/50]-(0/22) Loss: 0.2746, Acc(1): 100.00, Acc(5): 100.00
2023-06-19 16:45:16,124 - AUGCON - INFO - Epoch [38/50]-(5/22) Loss: 0.0654, Acc(1): 100.00, Acc(5): 100.00
2023-06-19 16:45:16,124 - AUGCON - INFO - Epoch [38/50]-(10/22) Loss: 0.1743, Acc(1): 100.00, Acc(5): 100.00
2023-06-19 16:45:16,124 - AUGCON - INFO - Epoch [38/50]-(15/22) Loss: 0.5144, Acc(1): 75.00, Acc(5): 100.00
2023-06-19 16:45:16,125 - AUGCON - INFO - Epoch [38/50]-(20/22) Loss: 0.0815, Acc(1): 100.00, Acc(5): 100.00
2023-06-19 16:45:16,125 - AUGCON - INFO - 	Validation Loss: 1.1126, Acc(1): 85.00, Acc(5): 93.00, F1: 0.19, Recall: 0.19, Precision: 0.19
2023-06-19 16:45:16,125 - AUGCON - INFO - Epoch [39/50]-(0/22) Loss: 0.1408, Acc(1): 100.00, Acc(5): 100.00
2023-06-19 16:45:16,125 - AUGCON - INFO - Epoch [39/50]-(5/22) Loss: 0.1041, Acc(1): 100.00, Acc(5): 100.00
2023-06-19 16:45:16,125 - AUGCON - INFO - Epoch [39/50]-(10/22) Loss: 0.5371, Acc(1): 75.00, Acc(5): 100.00
2023-06-19 16:45:16,125 - AUGCON - INFO - Epoch [39/50]-(15/22) Loss: 0.0783, Acc(1): 100.00, Acc(5): 100.00
2023-06-19 16:45:16,125 - AUGCON - INFO - Epoch [39/50]-(20/22) Loss: 0.3742, Acc(1): 75.00, Acc(5): 100.00
2023-06-19 16:45:16,125 - AUGCON - INFO - 	Validation Loss: 1.1277, Acc(1): 85.00, Acc(5): 93.00, F1: 0.19, Recall: 0.19, Precision: 0.19
2023-06-19 16:45:16,125 - AUGCON - INFO - Epoch [40/50]-(0/22) Loss: 0.7506, Acc(1): 50.00, Acc(5): 100.00
2023-06-19 16:45:16,125 - AUGCON - INFO - Epoch [40/50]-(5/22) Loss: 0.1664, Acc(1): 100.00, Acc(5): 100.00
2023-06-19 16:45:16,125 - AUGCON - INFO - Epoch [40/50]-(10/22) Loss: 0.6834, Acc(1): 50.00, Acc(5): 100.00
2023-06-19 16:45:16,125 - AUGCON - INFO - Epoch [40/50]-(15/22) Loss: 0.2619, Acc(1): 100.00, Acc(5): 100.00
2023-06-19 16:45:16,125 - AUGCON - INFO - Epoch [40/50]-(20/22) Loss: 0.1324, Acc(1): 100.00, Acc(5): 100.00
2023-06-19 16:45:16,125 - AUGCON - INFO - 	Validation Loss: 1.1309, Acc(1): 85.00, Acc(5): 94.00, F1: 0.19, Recall: 0.19, Precision: 0.19
2023-06-19 16:45:16,126 - AUGCON - INFO - Epoch [41/50]-(0/22) Loss: 0.0988, Acc(1): 100.00, Acc(5): 100.00
2023-06-19 16:45:16,126 - AUGCON - INFO - Epoch [41/50]-(5/22) Loss: 0.1117, Acc(1): 100.00, Acc(5): 100.00
2023-06-19 16:45:16,126 - AUGCON - INFO - Epoch [41/50]-(10/22) Loss: 0.5471, Acc(1): 75.00, Acc(5): 100.00
2023-06-19 16:45:16,126 - AUGCON - INFO - Epoch [41/50]-(15/22) Loss: 0.1097, Acc(1): 100.00, Acc(5): 100.00
2023-06-19 16:45:16,126 - AUGCON - INFO - Epoch [41/50]-(20/22) Loss: 0.0882, Acc(1): 100.00, Acc(5): 100.00
2023-06-19 16:45:16,126 - AUGCON - INFO - 	Validation Loss: 1.1297, Acc(1): 85.00, Acc(5): 93.00, F1: 0.19, Recall: 0.20, Precision: 0.18
2023-06-19 16:45:16,126 - AUGCON - INFO - Epoch [42/50]-(0/22) Loss: 0.5231, Acc(1): 75.00, Acc(5): 100.00
2023-06-19 16:45:16,126 - AUGCON - INFO - Epoch [42/50]-(5/22) Loss: 0.1169, Acc(1): 100.00, Acc(5): 100.00
2023-06-19 16:45:16,126 - AUGCON - INFO - Epoch [42/50]-(10/22) Loss: 0.2278, Acc(1): 100.00, Acc(5): 100.00
2023-06-19 16:45:16,126 - AUGCON - INFO - Epoch [42/50]-(15/22) Loss: 0.5939, Acc(1): 50.00, Acc(5): 100.00
2023-06-19 16:45:16,126 - AUGCON - INFO - Epoch [42/50]-(20/22) Loss: 0.0923, Acc(1): 100.00, Acc(5): 100.00
2023-06-19 16:45:16,126 - AUGCON - INFO - 	Validation Loss: 1.1242, Acc(1): 85.00, Acc(5): 93.00, F1: 0.19, Recall: 0.19, Precision: 0.19
2023-06-19 16:45:16,126 - AUGCON - INFO - Epoch [43/50]-(0/22) Loss: 0.3005, Acc(1): 75.00, Acc(5): 100.00
2023-06-19 16:45:16,126 - AUGCON - INFO - Epoch [43/50]-(5/22) Loss: 0.0728, Acc(1): 100.00, Acc(5): 100.00
2023-06-19 16:45:16,127 - AUGCON - INFO - Epoch [43/50]-(10/22) Loss: 0.2521, Acc(1): 100.00, Acc(5): 100.00
2023-06-19 16:45:16,127 - AUGCON - INFO - Epoch [43/50]-(15/22) Loss: 0.5982, Acc(1): 75.00, Acc(5): 100.00
2023-06-19 16:45:16,127 - AUGCON - INFO - Epoch [43/50]-(20/22) Loss: 0.1030, Acc(1): 100.00, Acc(5): 100.00
2023-06-19 16:45:16,127 - AUGCON - INFO - 	Validation Loss: 1.1501, Acc(1): 84.00, Acc(5): 93.00, F1: 0.19, Recall: 0.19, Precision: 0.19
2023-06-19 16:45:16,127 - AUGCON - INFO - Epoch [44/50]-(0/22) Loss: 0.2267, Acc(1): 100.00, Acc(5): 100.00
2023-06-19 16:45:16,127 - AUGCON - INFO - Epoch [44/50]-(5/22) Loss: 0.1973, Acc(1): 100.00, Acc(5): 100.00
2023-06-19 16:45:16,127 - AUGCON - INFO - Epoch [44/50]-(10/22) Loss: 0.0762, Acc(1): 100.00, Acc(5): 100.00
2023-06-19 16:45:16,127 - AUGCON - INFO - Epoch [44/50]-(15/22) Loss: 0.0922, Acc(1): 100.00, Acc(5): 100.00
2023-06-19 16:45:16,127 - AUGCON - INFO - Epoch [44/50]-(20/22) Loss: 0.1072, Acc(1): 100.00, Acc(5): 100.00
2023-06-19 16:45:16,127 - AUGCON - INFO - 	Validation Loss: 1.1591, Acc(1): 86.00, Acc(5): 93.00, F1: 0.19, Recall: 0.19, Precision: 0.19
2023-06-19 16:45:16,127 - AUGCON - INFO - Epoch [45/50]-(0/22) Loss: 0.1700, Acc(1): 100.00, Acc(5): 100.00
2023-06-19 16:45:16,127 - AUGCON - INFO - Epoch [45/50]-(5/22) Loss: 0.3757, Acc(1): 75.00, Acc(5): 100.00
2023-06-19 16:45:16,127 - AUGCON - INFO - Epoch [45/50]-(10/22) Loss: 0.1230, Acc(1): 100.00, Acc(5): 100.00
2023-06-19 16:45:16,128 - AUGCON - INFO - Epoch [45/50]-(15/22) Loss: 0.2991, Acc(1): 75.00, Acc(5): 100.00
2023-06-19 16:45:16,128 - AUGCON - INFO - Epoch [45/50]-(20/22) Loss: 0.3020, Acc(1): 75.00, Acc(5): 100.00
2023-06-19 16:45:16,128 - AUGCON - INFO - 	Validation Loss: 1.1942, Acc(1): 82.00, Acc(5): 93.00, F1: 0.19, Recall: 0.19, Precision: 0.18
2023-06-19 16:45:16,128 - AUGCON - INFO - Epoch [46/50]-(0/22) Loss: 0.5446, Acc(1): 75.00, Acc(5): 100.00
2023-06-19 16:45:16,128 - AUGCON - INFO - Epoch [46/50]-(5/22) Loss: 0.3261, Acc(1): 75.00, Acc(5): 100.00
2023-06-19 16:45:16,128 - AUGCON - INFO - Epoch [46/50]-(10/22) Loss: 0.1981, Acc(1): 100.00, Acc(5): 100.00
2023-06-19 16:45:16,128 - AUGCON - INFO - Epoch [46/50]-(15/22) Loss: 0.4522, Acc(1): 75.00, Acc(5): 100.00
2023-06-19 16:45:16,128 - AUGCON - INFO - Epoch [46/50]-(20/22) Loss: 0.2923, Acc(1): 100.00, Acc(5): 100.00
2023-06-19 16:45:16,128 - AUGCON - INFO - 	Validation Loss: 1.1384, Acc(1): 85.00, Acc(5): 93.00, F1: 0.19, Recall: 0.19, Precision: 0.19
2023-06-19 16:45:16,128 - AUGCON - INFO - Epoch [47/50]-(0/22) Loss: 0.3184, Acc(1): 100.00, Acc(5): 100.00
2023-06-19 16:45:16,128 - AUGCON - INFO - Epoch [47/50]-(5/22) Loss: 0.1169, Acc(1): 100.00, Acc(5): 100.00
2023-06-19 16:45:16,128 - AUGCON - INFO - Epoch [47/50]-(10/22) Loss: 0.2603, Acc(1): 100.00, Acc(5): 100.00
2023-06-19 16:45:16,128 - AUGCON - INFO - Epoch [47/50]-(15/22) Loss: 0.2935, Acc(1): 100.00, Acc(5): 100.00
2023-06-19 16:45:16,128 - AUGCON - INFO - Epoch [47/50]-(20/22) Loss: 0.1934, Acc(1): 100.00, Acc(5): 100.00
2023-06-19 16:45:16,129 - AUGCON - INFO - 	Validation Loss: 1.1738, Acc(1): 85.00, Acc(5): 93.00, F1: 0.19, Recall: 0.19, Precision: 0.19
2023-06-19 16:45:16,129 - AUGCON - INFO - Epoch [48/50]-(0/22) Loss: 0.1851, Acc(1): 100.00, Acc(5): 100.00
2023-06-19 16:45:16,129 - AUGCON - INFO - Epoch [48/50]-(5/22) Loss: 0.0576, Acc(1): 100.00, Acc(5): 100.00
2023-06-19 16:45:16,129 - AUGCON - INFO - Epoch [48/50]-(10/22) Loss: 0.3406, Acc(1): 100.00, Acc(5): 100.00
2023-06-19 16:45:16,129 - AUGCON - INFO - Epoch [48/50]-(15/22) Loss: 0.0837, Acc(1): 100.00, Acc(5): 100.00
2023-06-19 16:45:16,129 - AUGCON - INFO - Epoch [48/50]-(20/22) Loss: 0.3309, Acc(1): 75.00, Acc(5): 100.00
2023-06-19 16:45:16,129 - AUGCON - INFO - 	Validation Loss: 1.1726, Acc(1): 85.00, Acc(5): 93.00, F1: 0.19, Recall: 0.19, Precision: 0.19
2023-06-19 16:45:16,129 - AUGCON - INFO - Epoch [49/50]-(0/22) Loss: 0.3808, Acc(1): 75.00, Acc(5): 100.00
2023-06-19 16:45:16,129 - AUGCON - INFO - Epoch [49/50]-(5/22) Loss: 0.1416, Acc(1): 100.00, Acc(5): 100.00
2023-06-19 16:45:16,129 - AUGCON - INFO - Epoch [49/50]-(10/22) Loss: 0.2093, Acc(1): 100.00, Acc(5): 100.00
2023-06-19 16:45:16,129 - AUGCON - INFO - Epoch [49/50]-(15/22) Loss: 0.0576, Acc(1): 100.00, Acc(5): 100.00
2023-06-19 16:45:16,129 - AUGCON - INFO - Epoch [49/50]-(20/22) Loss: 0.6754, Acc(1): 75.00, Acc(5): 100.00
2023-06-19 16:45:16,129 - AUGCON - INFO - 	Validation Loss: 1.1985, Acc(1): 86.00, Acc(5): 94.00, F1: 0.19, Recall: 0.19, Precision: 0.19
2023-06-19 16:45:16,130 - AUGCON - INFO - Epoch [50/50]-(0/22) Loss: 1.0594, Acc(1): 25.00, Acc(5): 100.00
2023-06-19 16:45:16,130 - AUGCON - INFO - Epoch [50/50]-(5/22) Loss: 0.5168, Acc(1): 75.00, Acc(5): 100.00
2023-06-19 16:45:16,130 - AUGCON - INFO - Epoch [50/50]-(10/22) Loss: 0.3405, Acc(1): 75.00, Acc(5): 100.00
2023-06-19 16:45:16,130 - AUGCON - INFO - Epoch [50/50]-(15/22) Loss: 0.0802, Acc(1): 100.00, Acc(5): 100.00
2023-06-19 16:45:16,130 - AUGCON - INFO - Epoch [50/50]-(20/22) Loss: 0.3994, Acc(1): 75.00, Acc(5): 100.00
2023-06-19 16:45:16,130 - AUGCON - INFO - 	Validation Loss: 1.1829, Acc(1): 85.00, Acc(5): 93.00, F1: 0.19, Recall: 0.19, Precision: 0.19
2023-06-19 16:45:16,130 - AUGCON - INFO - 	Validation Loss: 1.1497, Acc(1): 81.67, Acc(5): 93.33, F1: 0.18, Recall: 0.18, Precision: 0.18
