2023-06-19 16:27:37,819 - AUGCON - INFO - logger initialized (/home/hjyoon/projects/augcon/config/exp0/finetune_da_false/without_target_domain_PH0034-ykha/cpc_random_8421/tgt_target_domain_WA4697-jhryu_seed0.yaml.log)
2023-06-19 16:27:37,819 - AUGCON - INFO - ================= Config =================
2023-06-19 16:27:37,820 - AUGCON - INFO -   mode: finetune
2023-06-19 16:27:37,820 - AUGCON - INFO -   seed: 0
2023-06-19 16:27:37,820 - AUGCON - INFO -   gpu: [3]
2023-06-19 16:27:37,820 - AUGCON - INFO -   num_workers: 1
2023-06-19 16:27:37,820 - AUGCON - INFO -   dist_url: tcp://localhost:10001
2023-06-19 16:27:37,820 - AUGCON - INFO -   dataset_name: ichar
2023-06-19 16:27:37,820 - AUGCON - INFO -   train_dataset_path: /mnt/sting/hjyoon/projects/cross/ICHAR/augcon/target_domain_WA4697-jhryu/finetune/10shot/target/train.pkl
2023-06-19 16:27:37,820 - AUGCON - INFO -   test_dataset_path: /mnt/sting/hjyoon/projects/cross/ICHAR/augcon/target_domain_WA4697-jhryu/finetune/10shot/target/test.pkl
2023-06-19 16:27:37,820 - AUGCON - INFO -   val_dataset_path: /mnt/sting/hjyoon/projects/cross/ICHAR/augcon/target_domain_WA4697-jhryu/finetune/10shot/target/val.pkl
2023-06-19 16:27:37,820 - AUGCON - INFO -   input_channels: 3
2023-06-19 16:27:37,820 - AUGCON - INFO -   num_cls: 9
2023-06-19 16:27:37,820 - AUGCON - INFO -   optimizer: adam
2023-06-19 16:27:37,820 - AUGCON - INFO -   criterion: crossentropy
2023-06-19 16:27:37,820 - AUGCON - INFO -   start_epoch: 0
2023-06-19 16:27:37,820 - AUGCON - INFO -   epochs: 50
2023-06-19 16:27:37,820 - AUGCON - INFO -   batch_size: 4
2023-06-19 16:27:37,820 - AUGCON - INFO -   lr: 0.001
2023-06-19 16:27:37,820 - AUGCON - INFO -   wd: 0.0
2023-06-19 16:27:37,820 - AUGCON - INFO -   resume: 
2023-06-19 16:27:37,820 - AUGCON - INFO -   pretrained: /mnt/sting/hjyoon/projects/augcontrast/models/exp0/pretrain/without_target_domain_PH0034-ykha/cpc_random_8421//checkpoint_0099.pth.tar
2023-06-19 16:27:37,820 - AUGCON - INFO -   ckpt_dir: /mnt/sting/hjyoon/projects/augcontrast/models/exp0/finetune_da_false/without_target_domain_PH0034-ykha/cpc_random_8421/tgt_target_domain_WA4697-jhryu_seed0
2023-06-19 16:27:37,820 - AUGCON - INFO -   log_freq: 5
2023-06-19 16:27:37,820 - AUGCON - INFO -   save_freq: 10
2023-06-19 16:27:37,820 - AUGCON - INFO -   pretext: metacpc
2023-06-19 16:27:37,820 - AUGCON - INFO -   enc_blocks: 4
2023-06-19 16:27:37,820 - AUGCON - INFO -   kernel_sizes: [8, 4, 2, 1]
2023-06-19 16:27:37,820 - AUGCON - INFO -   strides: [4, 2, 1, 1]
2023-06-19 16:27:37,820 - AUGCON - INFO -   agg_blocks: 5
2023-06-19 16:27:37,820 - AUGCON - INFO -   z_dim: 256
2023-06-19 16:27:37,820 - AUGCON - INFO -   pooling: mean
2023-06-19 16:27:37,821 - AUGCON - INFO -   pred_steps: 12
2023-06-19 16:27:37,821 - AUGCON - INFO -   n_negatives: 15
2023-06-19 16:27:37,821 - AUGCON - INFO -   offset: 4
2023-06-19 16:27:37,821 - AUGCON - INFO -   domain_adaptation: False
2023-06-19 16:27:37,821 - AUGCON - INFO -   task_steps: 10
2023-06-19 16:27:37,821 - AUGCON - INFO -   task_lr: 0.001
2023-06-19 16:27:37,821 - AUGCON - INFO -   reg_lambda: 0
2023-06-19 16:27:37,821 - AUGCON - INFO -   mlp: False
2023-06-19 16:27:37,821 - AUGCON - INFO -   freeze: True
2023-06-19 16:27:37,821 - AUGCON - INFO -   no_vars: True
2023-06-19 16:27:37,821 - AUGCON - INFO - ==========================================
2023-06-19 16:27:37,821 - AUGCON - INFO - Setting GPUs: [3]
2023-06-19 16:27:37,821 - AUGCON - INFO - GPUs [3] will be used
2023-06-19 16:27:37,821 - AUGCON - WARNING - You have chosen to seed training. 
2023-06-19 16:27:37,822 - AUGCON - WARNING - This will turn on the CUDNN deterministic setting, 
2023-06-19 16:27:37,822 - AUGCON - WARNING - which can slow down your training considerably! 
2023-06-19 16:27:37,822 - AUGCON - WARNING - You may see unexpected behavior when restarting 
2023-06-19 16:27:37,822 - AUGCON - WARNING - from checkpoints.
2023-06-19 16:27:37,848 - AUGCON - INFO - Executing MetaCPC
2023-06-19 16:27:37,849 - AUGCON - INFO - Logs are skipped during training
2023-06-19 16:27:56,068 - AUGCON - INFO - Single GPU is used for training - training 90 instances for each worker
2023-06-19 16:27:56,068 - AUGCON - INFO - Loading pretrained model from checkpoint - /mnt/sting/hjyoon/projects/augcontrast/models/exp0/pretrain/without_target_domain_PH0034-ykha/cpc_random_8421//checkpoint_0099.pth.tar
2023-06-19 16:27:56,068 - AUGCON - INFO - Missing keys: ['predictor.vars.0', 'predictor.vars.1']
2023-06-19 16:27:56,068 - AUGCON - INFO - Loading encoder parameters to the classifier
2023-06-19 16:27:56,068 - AUGCON - INFO - Missing keys: ['classifier.block.0.weight', 'classifier.block.0.bias']
2023-06-19 16:27:56,068 - AUGCON - INFO - Epoch [1/50]-(0/22) Loss: 2.6552, Acc(1): 0.00, Acc(5): 25.00
2023-06-19 16:27:56,069 - AUGCON - INFO - Epoch [1/50]-(5/22) Loss: 2.6729, Acc(1): 0.00, Acc(5): 25.00
2023-06-19 16:27:56,069 - AUGCON - INFO - Epoch [1/50]-(10/22) Loss: 2.6586, Acc(1): 0.00, Acc(5): 25.00
2023-06-19 16:27:56,069 - AUGCON - INFO - Epoch [1/50]-(15/22) Loss: 2.3248, Acc(1): 50.00, Acc(5): 50.00
2023-06-19 16:27:56,069 - AUGCON - INFO - Epoch [1/50]-(20/22) Loss: 2.5420, Acc(1): 0.00, Acc(5): 25.00
2023-06-19 16:27:56,069 - AUGCON - INFO - 	Validation Loss: 2.1071, Acc(1): 37.00, Acc(5): 74.00, F1: 0.11, Recall: 0.10, Precision: 0.12
2023-06-19 16:27:56,069 - AUGCON - INFO - Epoch [2/50]-(0/22) Loss: 2.2537, Acc(1): 25.00, Acc(5): 25.00
2023-06-19 16:27:56,069 - AUGCON - INFO - Epoch [2/50]-(5/22) Loss: 2.1085, Acc(1): 0.00, Acc(5): 75.00
2023-06-19 16:27:56,069 - AUGCON - INFO - Epoch [2/50]-(10/22) Loss: 2.3351, Acc(1): 25.00, Acc(5): 50.00
2023-06-19 16:27:56,069 - AUGCON - INFO - Epoch [2/50]-(15/22) Loss: 2.2622, Acc(1): 25.00, Acc(5): 50.00
2023-06-19 16:27:56,069 - AUGCON - INFO - Epoch [2/50]-(20/22) Loss: 2.0438, Acc(1): 50.00, Acc(5): 75.00
2023-06-19 16:27:56,070 - AUGCON - INFO - 	Validation Loss: 2.0404, Acc(1): 32.00, Acc(5): 87.00, F1: 0.07, Recall: 0.07, Precision: 0.06
2023-06-19 16:27:56,070 - AUGCON - INFO - Epoch [3/50]-(0/22) Loss: 1.8923, Acc(1): 50.00, Acc(5): 100.00
2023-06-19 16:27:56,070 - AUGCON - INFO - Epoch [3/50]-(5/22) Loss: 2.1526, Acc(1): 25.00, Acc(5): 75.00
2023-06-19 16:27:56,070 - AUGCON - INFO - Epoch [3/50]-(10/22) Loss: 2.3572, Acc(1): 0.00, Acc(5): 50.00
2023-06-19 16:27:56,070 - AUGCON - INFO - Epoch [3/50]-(15/22) Loss: 2.1736, Acc(1): 0.00, Acc(5): 75.00
2023-06-19 16:27:56,070 - AUGCON - INFO - Epoch [3/50]-(20/22) Loss: 2.0383, Acc(1): 25.00, Acc(5): 75.00
2023-06-19 16:27:56,070 - AUGCON - INFO - 	Validation Loss: 1.9736, Acc(1): 49.00, Acc(5): 92.00, F1: 0.12, Recall: 0.10, Precision: 0.16
2023-06-19 16:27:56,070 - AUGCON - INFO - Epoch [4/50]-(0/22) Loss: 1.8101, Acc(1): 75.00, Acc(5): 100.00
2023-06-19 16:27:56,070 - AUGCON - INFO - Epoch [4/50]-(5/22) Loss: 1.9794, Acc(1): 25.00, Acc(5): 100.00
2023-06-19 16:27:56,070 - AUGCON - INFO - Epoch [4/50]-(10/22) Loss: 1.9318, Acc(1): 25.00, Acc(5): 100.00
2023-06-19 16:27:56,071 - AUGCON - INFO - Epoch [4/50]-(15/22) Loss: 1.9439, Acc(1): 50.00, Acc(5): 75.00
2023-06-19 16:27:56,071 - AUGCON - INFO - Epoch [4/50]-(20/22) Loss: 2.0049, Acc(1): 25.00, Acc(5): 100.00
2023-06-19 16:27:56,071 - AUGCON - INFO - 	Validation Loss: 1.9608, Acc(1): 19.00, Acc(5): 92.00, F1: 0.05, Recall: 0.05, Precision: 0.05
2023-06-19 16:27:56,071 - AUGCON - INFO - Epoch [5/50]-(0/22) Loss: 1.7890, Acc(1): 50.00, Acc(5): 100.00
2023-06-19 16:27:56,071 - AUGCON - INFO - Epoch [5/50]-(5/22) Loss: 1.9211, Acc(1): 25.00, Acc(5): 100.00
2023-06-19 16:27:56,071 - AUGCON - INFO - Epoch [5/50]-(10/22) Loss: 1.8357, Acc(1): 25.00, Acc(5): 100.00
2023-06-19 16:27:56,071 - AUGCON - INFO - Epoch [5/50]-(15/22) Loss: 1.7525, Acc(1): 25.00, Acc(5): 100.00
2023-06-19 16:27:56,071 - AUGCON - INFO - Epoch [5/50]-(20/22) Loss: 2.0865, Acc(1): 25.00, Acc(5): 100.00
2023-06-19 16:27:56,071 - AUGCON - INFO - 	Validation Loss: 1.8670, Acc(1): 46.00, Acc(5): 88.00, F1: 0.09, Recall: 0.11, Precision: 0.08
2023-06-19 16:27:56,071 - AUGCON - INFO - Epoch [6/50]-(0/22) Loss: 1.5985, Acc(1): 100.00, Acc(5): 100.00
2023-06-19 16:27:56,072 - AUGCON - INFO - Epoch [6/50]-(5/22) Loss: 2.0952, Acc(1): 0.00, Acc(5): 50.00
2023-06-19 16:27:56,072 - AUGCON - INFO - Epoch [6/50]-(10/22) Loss: 1.7895, Acc(1): 50.00, Acc(5): 75.00
2023-06-19 16:27:56,072 - AUGCON - INFO - Epoch [6/50]-(15/22) Loss: 1.6502, Acc(1): 25.00, Acc(5): 100.00
2023-06-19 16:27:56,072 - AUGCON - INFO - Epoch [6/50]-(20/22) Loss: 2.2701, Acc(1): 0.00, Acc(5): 50.00
2023-06-19 16:27:56,072 - AUGCON - INFO - 	Validation Loss: 1.8390, Acc(1): 45.00, Acc(5): 90.00, F1: 0.10, Recall: 0.10, Precision: 0.10
2023-06-19 16:27:56,072 - AUGCON - INFO - Epoch [7/50]-(0/22) Loss: 1.6082, Acc(1): 50.00, Acc(5): 100.00
2023-06-19 16:27:56,072 - AUGCON - INFO - Epoch [7/50]-(5/22) Loss: 2.0341, Acc(1): 25.00, Acc(5): 100.00
2023-06-19 16:27:56,072 - AUGCON - INFO - Epoch [7/50]-(10/22) Loss: 1.7547, Acc(1): 25.00, Acc(5): 100.00
2023-06-19 16:27:56,072 - AUGCON - INFO - Epoch [7/50]-(15/22) Loss: 1.8725, Acc(1): 25.00, Acc(5): 100.00
2023-06-19 16:27:56,073 - AUGCON - INFO - Epoch [7/50]-(20/22) Loss: 1.7002, Acc(1): 25.00, Acc(5): 100.00
2023-06-19 16:27:56,073 - AUGCON - INFO - 	Validation Loss: 1.7681, Acc(1): 58.00, Acc(5): 92.00, F1: 0.16, Recall: 0.13, Precision: 0.21
2023-06-19 16:27:56,073 - AUGCON - INFO - Epoch [8/50]-(0/22) Loss: 1.8865, Acc(1): 0.00, Acc(5): 100.00
2023-06-19 16:27:56,073 - AUGCON - INFO - Epoch [8/50]-(5/22) Loss: 1.8136, Acc(1): 50.00, Acc(5): 75.00
2023-06-19 16:27:56,073 - AUGCON - INFO - Epoch [8/50]-(10/22) Loss: 1.8555, Acc(1): 50.00, Acc(5): 75.00
2023-06-19 16:27:56,073 - AUGCON - INFO - Epoch [8/50]-(15/22) Loss: 1.6308, Acc(1): 75.00, Acc(5): 75.00
2023-06-19 16:27:56,073 - AUGCON - INFO - Epoch [8/50]-(20/22) Loss: 1.9391, Acc(1): 0.00, Acc(5): 100.00
2023-06-19 16:27:56,073 - AUGCON - INFO - 	Validation Loss: 1.6948, Acc(1): 55.00, Acc(5): 93.00, F1: 0.16, Recall: 0.12, Precision: 0.25
2023-06-19 16:27:56,073 - AUGCON - INFO - Epoch [9/50]-(0/22) Loss: 2.0557, Acc(1): 0.00, Acc(5): 75.00
2023-06-19 16:27:56,073 - AUGCON - INFO - Epoch [9/50]-(5/22) Loss: 1.5405, Acc(1): 75.00, Acc(5): 100.00
2023-06-19 16:27:56,074 - AUGCON - INFO - Epoch [9/50]-(10/22) Loss: 1.4820, Acc(1): 100.00, Acc(5): 100.00
2023-06-19 16:27:56,074 - AUGCON - INFO - Epoch [9/50]-(15/22) Loss: 1.6390, Acc(1): 50.00, Acc(5): 100.00
2023-06-19 16:27:56,074 - AUGCON - INFO - Epoch [9/50]-(20/22) Loss: 1.6688, Acc(1): 25.00, Acc(5): 100.00
2023-06-19 16:27:56,074 - AUGCON - INFO - 	Validation Loss: 1.7257, Acc(1): 56.00, Acc(5): 92.00, F1: 0.15, Recall: 0.15, Precision: 0.15
2023-06-19 16:27:56,074 - AUGCON - INFO - Epoch [10/50]-(0/22) Loss: 1.7509, Acc(1): 75.00, Acc(5): 100.00
2023-06-19 16:27:56,074 - AUGCON - INFO - Epoch [10/50]-(5/22) Loss: 1.3495, Acc(1): 75.00, Acc(5): 100.00
2023-06-19 16:27:56,074 - AUGCON - INFO - Epoch [10/50]-(10/22) Loss: 1.4828, Acc(1): 75.00, Acc(5): 100.00
2023-06-19 16:27:56,074 - AUGCON - INFO - Epoch [10/50]-(15/22) Loss: 1.4790, Acc(1): 75.00, Acc(5): 100.00
2023-06-19 16:27:56,074 - AUGCON - INFO - Epoch [10/50]-(20/22) Loss: 2.3738, Acc(1): 0.00, Acc(5): 75.00
2023-06-19 16:27:56,074 - AUGCON - INFO - 	Validation Loss: 1.6789, Acc(1): 50.00, Acc(5): 93.00, F1: 0.12, Recall: 0.10, Precision: 0.15
2023-06-19 16:27:56,074 - AUGCON - INFO - Epoch [11/50]-(0/22) Loss: 1.8899, Acc(1): 25.00, Acc(5): 75.00
2023-06-19 16:27:56,075 - AUGCON - INFO - Epoch [11/50]-(5/22) Loss: 1.4897, Acc(1): 75.00, Acc(5): 100.00
2023-06-19 16:27:56,075 - AUGCON - INFO - Epoch [11/50]-(10/22) Loss: 1.7040, Acc(1): 50.00, Acc(5): 100.00
2023-06-19 16:27:56,075 - AUGCON - INFO - Epoch [11/50]-(15/22) Loss: 1.6764, Acc(1): 50.00, Acc(5): 100.00
2023-06-19 16:27:56,075 - AUGCON - INFO - Epoch [11/50]-(20/22) Loss: 1.4590, Acc(1): 75.00, Acc(5): 100.00
2023-06-19 16:27:56,075 - AUGCON - INFO - 	Validation Loss: 1.6406, Acc(1): 52.00, Acc(5): 94.00, F1: 0.14, Recall: 0.14, Precision: 0.14
2023-06-19 16:27:56,075 - AUGCON - INFO - Epoch [12/50]-(0/22) Loss: 1.5141, Acc(1): 50.00, Acc(5): 100.00
2023-06-19 16:27:56,075 - AUGCON - INFO - Epoch [12/50]-(5/22) Loss: 1.4006, Acc(1): 75.00, Acc(5): 100.00
2023-06-19 16:27:56,075 - AUGCON - INFO - Epoch [12/50]-(10/22) Loss: 1.3725, Acc(1): 50.00, Acc(5): 100.00
2023-06-19 16:27:56,075 - AUGCON - INFO - Epoch [12/50]-(15/22) Loss: 1.7460, Acc(1): 25.00, Acc(5): 100.00
2023-06-19 16:27:56,075 - AUGCON - INFO - Epoch [12/50]-(20/22) Loss: 2.1502, Acc(1): 25.00, Acc(5): 50.00
2023-06-19 16:27:56,075 - AUGCON - INFO - 	Validation Loss: 1.6115, Acc(1): 54.00, Acc(5): 98.00, F1: 0.12, Recall: 0.11, Precision: 0.13
2023-06-19 16:27:56,076 - AUGCON - INFO - Epoch [13/50]-(0/22) Loss: 1.7266, Acc(1): 25.00, Acc(5): 100.00
2023-06-19 16:27:56,076 - AUGCON - INFO - Epoch [13/50]-(5/22) Loss: 1.5431, Acc(1): 75.00, Acc(5): 100.00
2023-06-19 16:27:56,076 - AUGCON - INFO - Epoch [13/50]-(10/22) Loss: 1.7772, Acc(1): 50.00, Acc(5): 100.00
2023-06-19 16:27:56,076 - AUGCON - INFO - Epoch [13/50]-(15/22) Loss: 1.7775, Acc(1): 25.00, Acc(5): 100.00
2023-06-19 16:27:56,076 - AUGCON - INFO - Epoch [13/50]-(20/22) Loss: 1.4989, Acc(1): 50.00, Acc(5): 100.00
2023-06-19 16:27:56,076 - AUGCON - INFO - 	Validation Loss: 1.6397, Acc(1): 54.00, Acc(5): 91.00, F1: 0.14, Recall: 0.13, Precision: 0.16
2023-06-19 16:27:56,076 - AUGCON - INFO - Epoch [14/50]-(0/22) Loss: 1.6207, Acc(1): 25.00, Acc(5): 100.00
2023-06-19 16:27:56,076 - AUGCON - INFO - Epoch [14/50]-(5/22) Loss: 1.6432, Acc(1): 50.00, Acc(5): 100.00
2023-06-19 16:27:56,076 - AUGCON - INFO - Epoch [14/50]-(10/22) Loss: 1.6342, Acc(1): 50.00, Acc(5): 100.00
2023-06-19 16:27:56,076 - AUGCON - INFO - Epoch [14/50]-(15/22) Loss: 1.4902, Acc(1): 50.00, Acc(5): 100.00
2023-06-19 16:27:56,076 - AUGCON - INFO - Epoch [14/50]-(20/22) Loss: 1.6058, Acc(1): 25.00, Acc(5): 100.00
2023-06-19 16:27:56,077 - AUGCON - INFO - 	Validation Loss: 1.5789, Acc(1): 50.00, Acc(5): 93.00, F1: 0.12, Recall: 0.13, Precision: 0.10
2023-06-19 16:27:56,077 - AUGCON - INFO - Epoch [15/50]-(0/22) Loss: 1.3818, Acc(1): 75.00, Acc(5): 100.00
2023-06-19 16:27:56,077 - AUGCON - INFO - Epoch [15/50]-(5/22) Loss: 1.6067, Acc(1): 25.00, Acc(5): 100.00
2023-06-19 16:27:56,077 - AUGCON - INFO - Epoch [15/50]-(10/22) Loss: 1.5545, Acc(1): 75.00, Acc(5): 100.00
2023-06-19 16:27:56,077 - AUGCON - INFO - Epoch [15/50]-(15/22) Loss: 1.7413, Acc(1): 25.00, Acc(5): 100.00
2023-06-19 16:27:56,077 - AUGCON - INFO - Epoch [15/50]-(20/22) Loss: 1.8961, Acc(1): 50.00, Acc(5): 75.00
2023-06-19 16:27:56,077 - AUGCON - INFO - 	Validation Loss: 1.5964, Acc(1): 55.00, Acc(5): 92.00, F1: 0.15, Recall: 0.12, Precision: 0.21
2023-06-19 16:27:56,077 - AUGCON - INFO - Epoch [16/50]-(0/22) Loss: 1.9000, Acc(1): 25.00, Acc(5): 75.00
2023-06-19 16:27:56,077 - AUGCON - INFO - Epoch [16/50]-(5/22) Loss: 1.3683, Acc(1): 50.00, Acc(5): 100.00
2023-06-19 16:27:56,077 - AUGCON - INFO - Epoch [16/50]-(10/22) Loss: 1.5342, Acc(1): 25.00, Acc(5): 100.00
2023-06-19 16:27:56,077 - AUGCON - INFO - Epoch [16/50]-(15/22) Loss: 1.5462, Acc(1): 25.00, Acc(5): 100.00
2023-06-19 16:27:56,078 - AUGCON - INFO - Epoch [16/50]-(20/22) Loss: 1.4286, Acc(1): 25.00, Acc(5): 100.00
2023-06-19 16:27:56,078 - AUGCON - INFO - 	Validation Loss: 1.5142, Acc(1): 48.00, Acc(5): 94.00, F1: 0.10, Recall: 0.11, Precision: 0.10
2023-06-19 16:27:56,078 - AUGCON - INFO - Epoch [17/50]-(0/22) Loss: 1.4983, Acc(1): 0.00, Acc(5): 100.00
2023-06-19 16:27:56,078 - AUGCON - INFO - Epoch [17/50]-(5/22) Loss: 1.7045, Acc(1): 50.00, Acc(5): 100.00
2023-06-19 16:27:56,078 - AUGCON - INFO - Epoch [17/50]-(10/22) Loss: 1.6246, Acc(1): 50.00, Acc(5): 100.00
2023-06-19 16:27:56,078 - AUGCON - INFO - Epoch [17/50]-(15/22) Loss: 1.6845, Acc(1): 25.00, Acc(5): 100.00
2023-06-19 16:27:56,078 - AUGCON - INFO - Epoch [17/50]-(20/22) Loss: 1.3959, Acc(1): 25.00, Acc(5): 100.00
2023-06-19 16:27:56,078 - AUGCON - INFO - 	Validation Loss: 1.4796, Acc(1): 60.00, Acc(5): 92.00, F1: 0.16, Recall: 0.13, Precision: 0.21
2023-06-19 16:27:56,078 - AUGCON - INFO - Epoch [18/50]-(0/22) Loss: 1.4159, Acc(1): 50.00, Acc(5): 100.00
2023-06-19 16:27:56,078 - AUGCON - INFO - Epoch [18/50]-(5/22) Loss: 1.6792, Acc(1): 50.00, Acc(5): 100.00
2023-06-19 16:27:56,078 - AUGCON - INFO - Epoch [18/50]-(10/22) Loss: 1.6613, Acc(1): 25.00, Acc(5): 100.00
2023-06-19 16:27:56,079 - AUGCON - INFO - Epoch [18/50]-(15/22) Loss: 1.4043, Acc(1): 50.00, Acc(5): 100.00
2023-06-19 16:27:56,079 - AUGCON - INFO - Epoch [18/50]-(20/22) Loss: 1.3833, Acc(1): 75.00, Acc(5): 100.00
2023-06-19 16:27:56,079 - AUGCON - INFO - 	Validation Loss: 1.4613, Acc(1): 60.00, Acc(5): 92.00, F1: 0.16, Recall: 0.13, Precision: 0.22
2023-06-19 16:27:56,079 - AUGCON - INFO - Epoch [19/50]-(0/22) Loss: 1.3177, Acc(1): 100.00, Acc(5): 100.00
2023-06-19 16:27:56,079 - AUGCON - INFO - Epoch [19/50]-(5/22) Loss: 1.7916, Acc(1): 25.00, Acc(5): 100.00
2023-06-19 16:27:56,079 - AUGCON - INFO - Epoch [19/50]-(10/22) Loss: 1.8730, Acc(1): 50.00, Acc(5): 75.00
2023-06-19 16:27:56,079 - AUGCON - INFO - Epoch [19/50]-(15/22) Loss: 1.4626, Acc(1): 25.00, Acc(5): 100.00
2023-06-19 16:27:56,079 - AUGCON - INFO - Epoch [19/50]-(20/22) Loss: 1.1525, Acc(1): 75.00, Acc(5): 100.00
2023-06-19 16:27:56,079 - AUGCON - INFO - 	Validation Loss: 1.4922, Acc(1): 56.00, Acc(5): 94.00, F1: 0.13, Recall: 0.13, Precision: 0.13
2023-06-19 16:27:56,079 - AUGCON - INFO - Epoch [20/50]-(0/22) Loss: 1.6650, Acc(1): 50.00, Acc(5): 100.00
2023-06-19 16:27:56,079 - AUGCON - INFO - Epoch [20/50]-(5/22) Loss: 1.0389, Acc(1): 100.00, Acc(5): 100.00
2023-06-19 16:27:56,080 - AUGCON - INFO - Epoch [20/50]-(10/22) Loss: 1.2535, Acc(1): 75.00, Acc(5): 100.00
2023-06-19 16:27:56,080 - AUGCON - INFO - Epoch [20/50]-(15/22) Loss: 1.5362, Acc(1): 25.00, Acc(5): 100.00
2023-06-19 16:27:56,080 - AUGCON - INFO - Epoch [20/50]-(20/22) Loss: 1.1231, Acc(1): 75.00, Acc(5): 100.00
2023-06-19 16:27:56,080 - AUGCON - INFO - 	Validation Loss: 1.4544, Acc(1): 61.00, Acc(5): 94.00, F1: 0.17, Recall: 0.13, Precision: 0.22
2023-06-19 16:27:56,080 - AUGCON - INFO - Epoch [21/50]-(0/22) Loss: 1.4625, Acc(1): 50.00, Acc(5): 100.00
2023-06-19 16:27:56,080 - AUGCON - INFO - Epoch [21/50]-(5/22) Loss: 1.5118, Acc(1): 50.00, Acc(5): 100.00
2023-06-19 16:27:56,080 - AUGCON - INFO - Epoch [21/50]-(10/22) Loss: 1.2640, Acc(1): 75.00, Acc(5): 100.00
2023-06-19 16:27:56,080 - AUGCON - INFO - Epoch [21/50]-(15/22) Loss: 1.2904, Acc(1): 75.00, Acc(5): 100.00
2023-06-19 16:27:56,080 - AUGCON - INFO - Epoch [21/50]-(20/22) Loss: 1.7485, Acc(1): 50.00, Acc(5): 100.00
2023-06-19 16:27:56,080 - AUGCON - INFO - 	Validation Loss: 1.4849, Acc(1): 58.00, Acc(5): 93.00, F1: 0.14, Recall: 0.15, Precision: 0.14
2023-06-19 16:27:56,081 - AUGCON - INFO - Epoch [22/50]-(0/22) Loss: 1.9700, Acc(1): 25.00, Acc(5): 100.00
2023-06-19 16:27:56,081 - AUGCON - INFO - Epoch [22/50]-(5/22) Loss: 1.2341, Acc(1): 75.00, Acc(5): 100.00
2023-06-19 16:27:56,081 - AUGCON - INFO - Epoch [22/50]-(10/22) Loss: 1.6054, Acc(1): 75.00, Acc(5): 100.00
2023-06-19 16:27:56,081 - AUGCON - INFO - Epoch [22/50]-(15/22) Loss: 1.0152, Acc(1): 75.00, Acc(5): 100.00
2023-06-19 16:27:56,081 - AUGCON - INFO - Epoch [22/50]-(20/22) Loss: 1.5465, Acc(1): 75.00, Acc(5): 75.00
2023-06-19 16:27:56,081 - AUGCON - INFO - 	Validation Loss: 1.4107, Acc(1): 66.00, Acc(5): 93.00, F1: 0.17, Recall: 0.15, Precision: 0.19
2023-06-19 16:27:56,081 - AUGCON - INFO - Epoch [23/50]-(0/22) Loss: 1.3920, Acc(1): 75.00, Acc(5): 100.00
2023-06-19 16:27:56,081 - AUGCON - INFO - Epoch [23/50]-(5/22) Loss: 1.4988, Acc(1): 25.00, Acc(5): 100.00
2023-06-19 16:27:56,081 - AUGCON - INFO - Epoch [23/50]-(10/22) Loss: 1.2361, Acc(1): 75.00, Acc(5): 100.00
2023-06-19 16:27:56,081 - AUGCON - INFO - Epoch [23/50]-(15/22) Loss: 1.5103, Acc(1): 50.00, Acc(5): 100.00
2023-06-19 16:27:56,081 - AUGCON - INFO - Epoch [23/50]-(20/22) Loss: 1.2222, Acc(1): 75.00, Acc(5): 100.00
2023-06-19 16:27:56,082 - AUGCON - INFO - 	Validation Loss: 1.4371, Acc(1): 60.00, Acc(5): 92.00, F1: 0.15, Recall: 0.15, Precision: 0.14
2023-06-19 16:27:56,082 - AUGCON - INFO - Epoch [24/50]-(0/22) Loss: 1.9335, Acc(1): 25.00, Acc(5): 75.00
2023-06-19 16:27:56,082 - AUGCON - INFO - Epoch [24/50]-(5/22) Loss: 1.4539, Acc(1): 50.00, Acc(5): 100.00
2023-06-19 16:27:56,082 - AUGCON - INFO - Epoch [24/50]-(10/22) Loss: 1.2936, Acc(1): 25.00, Acc(5): 100.00
2023-06-19 16:27:56,082 - AUGCON - INFO - Epoch [24/50]-(15/22) Loss: 1.5382, Acc(1): 75.00, Acc(5): 100.00
2023-06-19 16:27:56,082 - AUGCON - INFO - Epoch [24/50]-(20/22) Loss: 1.2604, Acc(1): 75.00, Acc(5): 100.00
2023-06-19 16:27:56,082 - AUGCON - INFO - 	Validation Loss: 1.3807, Acc(1): 62.00, Acc(5): 95.00, F1: 0.17, Recall: 0.14, Precision: 0.22
2023-06-19 16:27:56,082 - AUGCON - INFO - Epoch [25/50]-(0/22) Loss: 1.0849, Acc(1): 75.00, Acc(5): 100.00
2023-06-19 16:27:56,082 - AUGCON - INFO - Epoch [25/50]-(5/22) Loss: 1.1153, Acc(1): 50.00, Acc(5): 100.00
2023-06-19 16:27:56,082 - AUGCON - INFO - Epoch [25/50]-(10/22) Loss: 1.2332, Acc(1): 75.00, Acc(5): 100.00
2023-06-19 16:27:56,082 - AUGCON - INFO - Epoch [25/50]-(15/22) Loss: 1.5672, Acc(1): 50.00, Acc(5): 100.00
2023-06-19 16:27:56,083 - AUGCON - INFO - Epoch [25/50]-(20/22) Loss: 1.5789, Acc(1): 75.00, Acc(5): 100.00
2023-06-19 16:27:56,083 - AUGCON - INFO - 	Validation Loss: 1.3805, Acc(1): 63.00, Acc(5): 97.00, F1: 0.15, Recall: 0.15, Precision: 0.15
2023-06-19 16:27:56,083 - AUGCON - INFO - Epoch [26/50]-(0/22) Loss: 1.0703, Acc(1): 75.00, Acc(5): 100.00
2023-06-19 16:27:56,083 - AUGCON - INFO - Epoch [26/50]-(5/22) Loss: 1.4014, Acc(1): 25.00, Acc(5): 100.00
2023-06-19 16:27:56,083 - AUGCON - INFO - Epoch [26/50]-(10/22) Loss: 1.8250, Acc(1): 0.00, Acc(5): 100.00
2023-06-19 16:27:56,083 - AUGCON - INFO - Epoch [26/50]-(15/22) Loss: 1.3737, Acc(1): 50.00, Acc(5): 100.00
2023-06-19 16:27:56,083 - AUGCON - INFO - Epoch [26/50]-(20/22) Loss: 1.3660, Acc(1): 25.00, Acc(5): 100.00
2023-06-19 16:27:56,083 - AUGCON - INFO - 	Validation Loss: 1.3595, Acc(1): 62.00, Acc(5): 93.00, F1: 0.17, Recall: 0.14, Precision: 0.21
2023-06-19 16:27:56,083 - AUGCON - INFO - Epoch [27/50]-(0/22) Loss: 1.4339, Acc(1): 75.00, Acc(5): 75.00
2023-06-19 16:27:56,083 - AUGCON - INFO - Epoch [27/50]-(5/22) Loss: 1.3113, Acc(1): 75.00, Acc(5): 100.00
2023-06-19 16:27:56,083 - AUGCON - INFO - Epoch [27/50]-(10/22) Loss: 1.5013, Acc(1): 25.00, Acc(5): 75.00
2023-06-19 16:27:56,084 - AUGCON - INFO - Epoch [27/50]-(15/22) Loss: 1.2242, Acc(1): 50.00, Acc(5): 100.00
2023-06-19 16:27:56,084 - AUGCON - INFO - Epoch [27/50]-(20/22) Loss: 1.3548, Acc(1): 50.00, Acc(5): 100.00
2023-06-19 16:27:56,084 - AUGCON - INFO - 	Validation Loss: 1.3296, Acc(1): 69.00, Acc(5): 96.00, F1: 0.18, Recall: 0.15, Precision: 0.23
2023-06-19 16:27:56,084 - AUGCON - INFO - Epoch [28/50]-(0/22) Loss: 1.2741, Acc(1): 100.00, Acc(5): 100.00
2023-06-19 16:27:56,084 - AUGCON - INFO - Epoch [28/50]-(5/22) Loss: 1.1169, Acc(1): 75.00, Acc(5): 100.00
2023-06-19 16:27:56,084 - AUGCON - INFO - Epoch [28/50]-(10/22) Loss: 1.4472, Acc(1): 25.00, Acc(5): 100.00
2023-06-19 16:27:56,084 - AUGCON - INFO - Epoch [28/50]-(15/22) Loss: 1.4495, Acc(1): 75.00, Acc(5): 100.00
2023-06-19 16:27:56,084 - AUGCON - INFO - Epoch [28/50]-(20/22) Loss: 1.5193, Acc(1): 75.00, Acc(5): 100.00
2023-06-19 16:27:56,084 - AUGCON - INFO - 	Validation Loss: 1.3346, Acc(1): 68.00, Acc(5): 97.00, F1: 0.18, Recall: 0.15, Precision: 0.21
2023-06-19 16:27:56,084 - AUGCON - INFO - Epoch [29/50]-(0/22) Loss: 0.8763, Acc(1): 75.00, Acc(5): 100.00
2023-06-19 16:27:56,085 - AUGCON - INFO - Epoch [29/50]-(5/22) Loss: 1.4263, Acc(1): 50.00, Acc(5): 100.00
2023-06-19 16:27:56,085 - AUGCON - INFO - Epoch [29/50]-(10/22) Loss: 1.1020, Acc(1): 50.00, Acc(5): 100.00
2023-06-19 16:27:56,085 - AUGCON - INFO - Epoch [29/50]-(15/22) Loss: 1.5643, Acc(1): 25.00, Acc(5): 100.00
2023-06-19 16:27:56,085 - AUGCON - INFO - Epoch [29/50]-(20/22) Loss: 1.6709, Acc(1): 25.00, Acc(5): 75.00
2023-06-19 16:27:56,085 - AUGCON - INFO - 	Validation Loss: 1.3010, Acc(1): 69.00, Acc(5): 94.00, F1: 0.17, Recall: 0.15, Precision: 0.19
2023-06-19 16:27:56,085 - AUGCON - INFO - Epoch [30/50]-(0/22) Loss: 1.0844, Acc(1): 50.00, Acc(5): 100.00
2023-06-19 16:27:56,085 - AUGCON - INFO - Epoch [30/50]-(5/22) Loss: 1.4222, Acc(1): 50.00, Acc(5): 100.00
2023-06-19 16:27:56,085 - AUGCON - INFO - Epoch [30/50]-(10/22) Loss: 1.2941, Acc(1): 75.00, Acc(5): 100.00
2023-06-19 16:27:56,086 - AUGCON - INFO - Epoch [30/50]-(15/22) Loss: 1.6816, Acc(1): 75.00, Acc(5): 75.00
2023-06-19 16:27:56,086 - AUGCON - INFO - Epoch [30/50]-(20/22) Loss: 1.0654, Acc(1): 50.00, Acc(5): 100.00
2023-06-19 16:27:56,086 - AUGCON - INFO - 	Validation Loss: 1.3120, Acc(1): 65.00, Acc(5): 96.00, F1: 0.16, Recall: 0.14, Precision: 0.19
2023-06-19 16:27:56,086 - AUGCON - INFO - Epoch [31/50]-(0/22) Loss: 1.1006, Acc(1): 75.00, Acc(5): 100.00
2023-06-19 16:27:56,086 - AUGCON - INFO - Epoch [31/50]-(5/22) Loss: 1.1364, Acc(1): 75.00, Acc(5): 100.00
2023-06-19 16:27:56,086 - AUGCON - INFO - Epoch [31/50]-(10/22) Loss: 1.3055, Acc(1): 75.00, Acc(5): 100.00
2023-06-19 16:27:56,086 - AUGCON - INFO - Epoch [31/50]-(15/22) Loss: 0.9800, Acc(1): 100.00, Acc(5): 100.00
2023-06-19 16:27:56,086 - AUGCON - INFO - Epoch [31/50]-(20/22) Loss: 1.5567, Acc(1): 50.00, Acc(5): 75.00
2023-06-19 16:27:56,086 - AUGCON - INFO - 	Validation Loss: 1.3227, Acc(1): 70.00, Acc(5): 93.00, F1: 0.17, Recall: 0.16, Precision: 0.18
2023-06-19 16:27:56,086 - AUGCON - INFO - Epoch [32/50]-(0/22) Loss: 1.2309, Acc(1): 100.00, Acc(5): 100.00
2023-06-19 16:27:56,087 - AUGCON - INFO - Epoch [32/50]-(5/22) Loss: 1.4471, Acc(1): 75.00, Acc(5): 100.00
2023-06-19 16:27:56,087 - AUGCON - INFO - Epoch [32/50]-(10/22) Loss: 1.3036, Acc(1): 50.00, Acc(5): 100.00
2023-06-19 16:27:56,087 - AUGCON - INFO - Epoch [32/50]-(15/22) Loss: 1.2671, Acc(1): 50.00, Acc(5): 100.00
2023-06-19 16:27:56,087 - AUGCON - INFO - Epoch [32/50]-(20/22) Loss: 1.4558, Acc(1): 75.00, Acc(5): 100.00
2023-06-19 16:27:56,087 - AUGCON - INFO - 	Validation Loss: 1.3377, Acc(1): 53.00, Acc(5): 97.00, F1: 0.12, Recall: 0.13, Precision: 0.12
2023-06-19 16:27:56,087 - AUGCON - INFO - Epoch [33/50]-(0/22) Loss: 0.8939, Acc(1): 100.00, Acc(5): 100.00
2023-06-19 16:27:56,087 - AUGCON - INFO - Epoch [33/50]-(5/22) Loss: 1.0758, Acc(1): 50.00, Acc(5): 100.00
2023-06-19 16:27:56,087 - AUGCON - INFO - Epoch [33/50]-(10/22) Loss: 0.9022, Acc(1): 75.00, Acc(5): 100.00
2023-06-19 16:27:56,087 - AUGCON - INFO - Epoch [33/50]-(15/22) Loss: 1.3937, Acc(1): 25.00, Acc(5): 100.00
2023-06-19 16:27:56,087 - AUGCON - INFO - Epoch [33/50]-(20/22) Loss: 1.3396, Acc(1): 50.00, Acc(5): 100.00
2023-06-19 16:27:56,088 - AUGCON - INFO - 	Validation Loss: 1.2915, Acc(1): 60.00, Acc(5): 95.00, F1: 0.14, Recall: 0.13, Precision: 0.15
2023-06-19 16:27:56,088 - AUGCON - INFO - Epoch [34/50]-(0/22) Loss: 1.3638, Acc(1): 0.00, Acc(5): 100.00
2023-06-19 16:27:56,088 - AUGCON - INFO - Epoch [34/50]-(5/22) Loss: 1.3192, Acc(1): 50.00, Acc(5): 100.00
2023-06-19 16:27:56,088 - AUGCON - INFO - Epoch [34/50]-(10/22) Loss: 1.7286, Acc(1): 25.00, Acc(5): 75.00
2023-06-19 16:27:56,088 - AUGCON - INFO - Epoch [34/50]-(15/22) Loss: 1.8587, Acc(1): 50.00, Acc(5): 100.00
2023-06-19 16:27:56,088 - AUGCON - INFO - Epoch [34/50]-(20/22) Loss: 1.2475, Acc(1): 25.00, Acc(5): 100.00
2023-06-19 16:27:56,088 - AUGCON - INFO - 	Validation Loss: 1.2799, Acc(1): 67.00, Acc(5): 93.00, F1: 0.18, Recall: 0.15, Precision: 0.22
2023-06-19 16:27:56,088 - AUGCON - INFO - Epoch [35/50]-(0/22) Loss: 1.2063, Acc(1): 75.00, Acc(5): 100.00
2023-06-19 16:27:56,088 - AUGCON - INFO - Epoch [35/50]-(5/22) Loss: 1.6188, Acc(1): 50.00, Acc(5): 100.00
2023-06-19 16:27:56,089 - AUGCON - INFO - Epoch [35/50]-(10/22) Loss: 1.2114, Acc(1): 25.00, Acc(5): 100.00
2023-06-19 16:27:56,089 - AUGCON - INFO - Epoch [35/50]-(15/22) Loss: 1.2392, Acc(1): 100.00, Acc(5): 100.00
2023-06-19 16:27:56,089 - AUGCON - INFO - Epoch [35/50]-(20/22) Loss: 1.3879, Acc(1): 25.00, Acc(5): 100.00
2023-06-19 16:27:56,089 - AUGCON - INFO - 	Validation Loss: 1.2930, Acc(1): 59.00, Acc(5): 93.00, F1: 0.14, Recall: 0.14, Precision: 0.13
2023-06-19 16:27:56,089 - AUGCON - INFO - Epoch [36/50]-(0/22) Loss: 1.4684, Acc(1): 75.00, Acc(5): 100.00
2023-06-19 16:27:56,089 - AUGCON - INFO - Epoch [36/50]-(5/22) Loss: 1.8167, Acc(1): 50.00, Acc(5): 50.00
2023-06-19 16:27:56,089 - AUGCON - INFO - Epoch [36/50]-(10/22) Loss: 1.2152, Acc(1): 50.00, Acc(5): 100.00
2023-06-19 16:27:56,089 - AUGCON - INFO - Epoch [36/50]-(15/22) Loss: 1.3431, Acc(1): 75.00, Acc(5): 100.00
2023-06-19 16:27:56,089 - AUGCON - INFO - Epoch [36/50]-(20/22) Loss: 0.8901, Acc(1): 75.00, Acc(5): 100.00
2023-06-19 16:27:56,089 - AUGCON - INFO - 	Validation Loss: 1.2593, Acc(1): 69.00, Acc(5): 94.00, F1: 0.17, Recall: 0.16, Precision: 0.20
2023-06-19 16:27:56,089 - AUGCON - INFO - Epoch [37/50]-(0/22) Loss: 1.1428, Acc(1): 50.00, Acc(5): 100.00
2023-06-19 16:27:56,090 - AUGCON - INFO - Epoch [37/50]-(5/22) Loss: 1.2111, Acc(1): 100.00, Acc(5): 100.00
2023-06-19 16:27:56,090 - AUGCON - INFO - Epoch [37/50]-(10/22) Loss: 1.2859, Acc(1): 50.00, Acc(5): 100.00
2023-06-19 16:27:56,090 - AUGCON - INFO - Epoch [37/50]-(15/22) Loss: 1.0783, Acc(1): 50.00, Acc(5): 100.00
2023-06-19 16:27:56,090 - AUGCON - INFO - Epoch [37/50]-(20/22) Loss: 1.4024, Acc(1): 75.00, Acc(5): 100.00
2023-06-19 16:27:56,090 - AUGCON - INFO - 	Validation Loss: 1.2414, Acc(1): 66.00, Acc(5): 96.00, F1: 0.16, Recall: 0.15, Precision: 0.16
2023-06-19 16:27:56,090 - AUGCON - INFO - Epoch [38/50]-(0/22) Loss: 1.1441, Acc(1): 100.00, Acc(5): 100.00
2023-06-19 16:27:56,090 - AUGCON - INFO - Epoch [38/50]-(5/22) Loss: 1.4351, Acc(1): 25.00, Acc(5): 100.00
2023-06-19 16:27:56,090 - AUGCON - INFO - Epoch [38/50]-(10/22) Loss: 1.5932, Acc(1): 25.00, Acc(5): 100.00
2023-06-19 16:27:56,090 - AUGCON - INFO - Epoch [38/50]-(15/22) Loss: 1.1013, Acc(1): 75.00, Acc(5): 100.00
2023-06-19 16:27:56,090 - AUGCON - INFO - Epoch [38/50]-(20/22) Loss: 1.5616, Acc(1): 25.00, Acc(5): 100.00
2023-06-19 16:27:56,091 - AUGCON - INFO - 	Validation Loss: 1.2603, Acc(1): 66.00, Acc(5): 96.00, F1: 0.17, Recall: 0.15, Precision: 0.20
2023-06-19 16:27:56,091 - AUGCON - INFO - Epoch [39/50]-(0/22) Loss: 1.1412, Acc(1): 50.00, Acc(5): 100.00
2023-06-19 16:27:56,091 - AUGCON - INFO - Epoch [39/50]-(5/22) Loss: 1.2631, Acc(1): 50.00, Acc(5): 100.00
2023-06-19 16:27:56,091 - AUGCON - INFO - Epoch [39/50]-(10/22) Loss: 1.1206, Acc(1): 75.00, Acc(5): 100.00
2023-06-19 16:27:56,091 - AUGCON - INFO - Epoch [39/50]-(15/22) Loss: 1.4064, Acc(1): 50.00, Acc(5): 100.00
2023-06-19 16:27:56,091 - AUGCON - INFO - Epoch [39/50]-(20/22) Loss: 1.3725, Acc(1): 75.00, Acc(5): 100.00
2023-06-19 16:27:56,091 - AUGCON - INFO - 	Validation Loss: 1.2475, Acc(1): 63.00, Acc(5): 94.00, F1: 0.17, Recall: 0.15, Precision: 0.19
2023-06-19 16:27:56,091 - AUGCON - INFO - Epoch [40/50]-(0/22) Loss: 2.1763, Acc(1): 0.00, Acc(5): 75.00
2023-06-19 16:27:56,091 - AUGCON - INFO - Epoch [40/50]-(5/22) Loss: 0.8346, Acc(1): 75.00, Acc(5): 100.00
2023-06-19 16:27:56,091 - AUGCON - INFO - Epoch [40/50]-(10/22) Loss: 0.9905, Acc(1): 75.00, Acc(5): 100.00
2023-06-19 16:27:56,091 - AUGCON - INFO - Epoch [40/50]-(15/22) Loss: 1.1687, Acc(1): 75.00, Acc(5): 100.00
2023-06-19 16:27:56,092 - AUGCON - INFO - Epoch [40/50]-(20/22) Loss: 1.0996, Acc(1): 75.00, Acc(5): 100.00
2023-06-19 16:27:56,092 - AUGCON - INFO - 	Validation Loss: 1.2717, Acc(1): 73.00, Acc(5): 94.00, F1: 0.18, Recall: 0.16, Precision: 0.21
2023-06-19 16:27:56,092 - AUGCON - INFO - Epoch [41/50]-(0/22) Loss: 1.4780, Acc(1): 75.00, Acc(5): 75.00
2023-06-19 16:27:56,092 - AUGCON - INFO - Epoch [41/50]-(5/22) Loss: 1.0218, Acc(1): 75.00, Acc(5): 100.00
2023-06-19 16:27:56,092 - AUGCON - INFO - Epoch [41/50]-(10/22) Loss: 1.3755, Acc(1): 50.00, Acc(5): 100.00
2023-06-19 16:27:56,092 - AUGCON - INFO - Epoch [41/50]-(15/22) Loss: 1.3575, Acc(1): 75.00, Acc(5): 75.00
2023-06-19 16:27:56,092 - AUGCON - INFO - Epoch [41/50]-(20/22) Loss: 1.2446, Acc(1): 50.00, Acc(5): 100.00
2023-06-19 16:27:56,092 - AUGCON - INFO - 	Validation Loss: 1.2101, Acc(1): 65.00, Acc(5): 95.00, F1: 0.16, Recall: 0.15, Precision: 0.16
2023-06-19 16:27:56,092 - AUGCON - INFO - Epoch [42/50]-(0/22) Loss: 1.1288, Acc(1): 100.00, Acc(5): 100.00
2023-06-19 16:27:56,092 - AUGCON - INFO - Epoch [42/50]-(5/22) Loss: 0.8790, Acc(1): 100.00, Acc(5): 100.00
2023-06-19 16:27:56,093 - AUGCON - INFO - Epoch [42/50]-(10/22) Loss: 1.3476, Acc(1): 50.00, Acc(5): 100.00
2023-06-19 16:27:56,093 - AUGCON - INFO - Epoch [42/50]-(15/22) Loss: 1.0653, Acc(1): 75.00, Acc(5): 100.00
2023-06-19 16:27:56,093 - AUGCON - INFO - Epoch [42/50]-(20/22) Loss: 1.3221, Acc(1): 25.00, Acc(5): 100.00
2023-06-19 16:27:56,093 - AUGCON - INFO - 	Validation Loss: 1.2170, Acc(1): 72.00, Acc(5): 95.00, F1: 0.19, Recall: 0.16, Precision: 0.23
2023-06-19 16:27:56,093 - AUGCON - INFO - Epoch [43/50]-(0/22) Loss: 1.3383, Acc(1): 50.00, Acc(5): 75.00
2023-06-19 16:27:56,093 - AUGCON - INFO - Epoch [43/50]-(5/22) Loss: 1.1129, Acc(1): 100.00, Acc(5): 100.00
2023-06-19 16:27:56,093 - AUGCON - INFO - Epoch [43/50]-(10/22) Loss: 1.8096, Acc(1): 25.00, Acc(5): 100.00
2023-06-19 16:27:56,093 - AUGCON - INFO - Epoch [43/50]-(15/22) Loss: 1.3978, Acc(1): 25.00, Acc(5): 100.00
2023-06-19 16:27:56,093 - AUGCON - INFO - Epoch [43/50]-(20/22) Loss: 1.7291, Acc(1): 25.00, Acc(5): 100.00
2023-06-19 16:27:56,093 - AUGCON - INFO - 	Validation Loss: 1.2466, Acc(1): 64.00, Acc(5): 95.00, F1: 0.16, Recall: 0.15, Precision: 0.17
2023-06-19 16:27:56,093 - AUGCON - INFO - Epoch [44/50]-(0/22) Loss: 1.0830, Acc(1): 50.00, Acc(5): 100.00
2023-06-19 16:27:56,094 - AUGCON - INFO - Epoch [44/50]-(5/22) Loss: 1.2117, Acc(1): 75.00, Acc(5): 100.00
2023-06-19 16:27:56,094 - AUGCON - INFO - Epoch [44/50]-(10/22) Loss: 1.2595, Acc(1): 50.00, Acc(5): 100.00
2023-06-19 16:27:56,094 - AUGCON - INFO - Epoch [44/50]-(15/22) Loss: 0.9167, Acc(1): 75.00, Acc(5): 100.00
2023-06-19 16:27:56,094 - AUGCON - INFO - Epoch [44/50]-(20/22) Loss: 1.3389, Acc(1): 50.00, Acc(5): 100.00
2023-06-19 16:27:56,094 - AUGCON - INFO - 	Validation Loss: 1.1845, Acc(1): 68.00, Acc(5): 97.00, F1: 0.18, Recall: 0.15, Precision: 0.22
2023-06-19 16:27:56,094 - AUGCON - INFO - Epoch [45/50]-(0/22) Loss: 1.0130, Acc(1): 75.00, Acc(5): 100.00
2023-06-19 16:27:56,094 - AUGCON - INFO - Epoch [45/50]-(5/22) Loss: 1.4663, Acc(1): 75.00, Acc(5): 100.00
2023-06-19 16:27:56,094 - AUGCON - INFO - Epoch [45/50]-(10/22) Loss: 0.8542, Acc(1): 100.00, Acc(5): 100.00
2023-06-19 16:27:56,094 - AUGCON - INFO - Epoch [45/50]-(15/22) Loss: 1.2248, Acc(1): 50.00, Acc(5): 100.00
2023-06-19 16:27:56,094 - AUGCON - INFO - Epoch [45/50]-(20/22) Loss: 1.7708, Acc(1): 25.00, Acc(5): 100.00
2023-06-19 16:27:56,095 - AUGCON - INFO - 	Validation Loss: 1.2529, Acc(1): 66.00, Acc(5): 94.00, F1: 0.16, Recall: 0.16, Precision: 0.16
2023-06-19 16:27:56,095 - AUGCON - INFO - Epoch [46/50]-(0/22) Loss: 0.6811, Acc(1): 100.00, Acc(5): 100.00
2023-06-19 16:27:56,095 - AUGCON - INFO - Epoch [46/50]-(5/22) Loss: 1.2914, Acc(1): 50.00, Acc(5): 100.00
2023-06-19 16:27:56,095 - AUGCON - INFO - Epoch [46/50]-(10/22) Loss: 0.9914, Acc(1): 100.00, Acc(5): 100.00
2023-06-19 16:27:56,095 - AUGCON - INFO - Epoch [46/50]-(15/22) Loss: 1.3623, Acc(1): 50.00, Acc(5): 100.00
2023-06-19 16:27:56,095 - AUGCON - INFO - Epoch [46/50]-(20/22) Loss: 1.0241, Acc(1): 100.00, Acc(5): 100.00
2023-06-19 16:27:56,095 - AUGCON - INFO - 	Validation Loss: 1.1714, Acc(1): 77.00, Acc(5): 93.00, F1: 0.19, Recall: 0.17, Precision: 0.22
2023-06-19 16:27:56,095 - AUGCON - INFO - Epoch [47/50]-(0/22) Loss: 0.9081, Acc(1): 100.00, Acc(5): 100.00
2023-06-19 16:27:56,095 - AUGCON - INFO - Epoch [47/50]-(5/22) Loss: 1.1471, Acc(1): 75.00, Acc(5): 100.00
2023-06-19 16:27:56,095 - AUGCON - INFO - Epoch [47/50]-(10/22) Loss: 1.1945, Acc(1): 75.00, Acc(5): 100.00
2023-06-19 16:27:56,095 - AUGCON - INFO - Epoch [47/50]-(15/22) Loss: 1.0036, Acc(1): 75.00, Acc(5): 100.00
2023-06-19 16:27:56,096 - AUGCON - INFO - Epoch [47/50]-(20/22) Loss: 1.6146, Acc(1): 25.00, Acc(5): 75.00
2023-06-19 16:27:56,096 - AUGCON - INFO - 	Validation Loss: 1.2041, Acc(1): 70.00, Acc(5): 93.00, F1: 0.18, Recall: 0.16, Precision: 0.21
2023-06-19 16:27:56,096 - AUGCON - INFO - Epoch [48/50]-(0/22) Loss: 0.9839, Acc(1): 100.00, Acc(5): 100.00
2023-06-19 16:27:56,096 - AUGCON - INFO - Epoch [48/50]-(5/22) Loss: 1.0673, Acc(1): 75.00, Acc(5): 100.00
2023-06-19 16:27:56,096 - AUGCON - INFO - Epoch [48/50]-(10/22) Loss: 1.1985, Acc(1): 75.00, Acc(5): 100.00
2023-06-19 16:27:56,096 - AUGCON - INFO - Epoch [48/50]-(15/22) Loss: 1.1202, Acc(1): 50.00, Acc(5): 100.00
2023-06-19 16:27:56,096 - AUGCON - INFO - Epoch [48/50]-(20/22) Loss: 0.9908, Acc(1): 75.00, Acc(5): 100.00
2023-06-19 16:27:56,096 - AUGCON - INFO - 	Validation Loss: 1.1885, Acc(1): 68.00, Acc(5): 94.00, F1: 0.18, Recall: 0.15, Precision: 0.21
2023-06-19 16:27:56,096 - AUGCON - INFO - Epoch [49/50]-(0/22) Loss: 1.2522, Acc(1): 75.00, Acc(5): 100.00
2023-06-19 16:27:56,096 - AUGCON - INFO - Epoch [49/50]-(5/22) Loss: 1.4325, Acc(1): 50.00, Acc(5): 100.00
2023-06-19 16:27:56,096 - AUGCON - INFO - Epoch [49/50]-(10/22) Loss: 1.8215, Acc(1): 25.00, Acc(5): 75.00
2023-06-19 16:27:56,097 - AUGCON - INFO - Epoch [49/50]-(15/22) Loss: 1.4944, Acc(1): 0.00, Acc(5): 100.00
2023-06-19 16:27:56,097 - AUGCON - INFO - Epoch [49/50]-(20/22) Loss: 1.8359, Acc(1): 0.00, Acc(5): 75.00
2023-06-19 16:27:56,097 - AUGCON - INFO - 	Validation Loss: 1.1961, Acc(1): 63.00, Acc(5): 94.00, F1: 0.17, Recall: 0.14, Precision: 0.21
2023-06-19 16:27:56,097 - AUGCON - INFO - Epoch [50/50]-(0/22) Loss: 1.3117, Acc(1): 75.00, Acc(5): 100.00
2023-06-19 16:27:56,097 - AUGCON - INFO - Epoch [50/50]-(5/22) Loss: 1.3905, Acc(1): 50.00, Acc(5): 100.00
2023-06-19 16:27:56,097 - AUGCON - INFO - Epoch [50/50]-(10/22) Loss: 1.4797, Acc(1): 75.00, Acc(5): 100.00
2023-06-19 16:27:56,097 - AUGCON - INFO - Epoch [50/50]-(15/22) Loss: 1.0603, Acc(1): 75.00, Acc(5): 100.00
2023-06-19 16:27:56,097 - AUGCON - INFO - Epoch [50/50]-(20/22) Loss: 0.9519, Acc(1): 75.00, Acc(5): 100.00
2023-06-19 16:27:56,097 - AUGCON - INFO - 	Validation Loss: 1.1939, Acc(1): 72.00, Acc(5): 96.00, F1: 0.18, Recall: 0.17, Precision: 0.19
2023-06-19 16:27:56,097 - AUGCON - INFO - 	Validation Loss: 1.2317, Acc(1): 69.33, Acc(5): 97.33, F1: 0.16, Recall: 0.16, Precision: 0.17
