2023-06-19 16:32:03,504 - AUGCON - INFO - logger initialized (/home/hjyoon/projects/augcon/config/exp0/finetune_da_false/without_target_domain_PH0034-ykha/metacpc_random_8421/tgt_target_domain_PH0014-wjlee_seed0.yaml.log)
2023-06-19 16:32:03,504 - AUGCON - INFO - ================= Config =================
2023-06-19 16:32:03,504 - AUGCON - INFO -   mode: finetune
2023-06-19 16:32:03,504 - AUGCON - INFO -   seed: 0
2023-06-19 16:32:03,504 - AUGCON - INFO -   gpu: [3]
2023-06-19 16:32:03,504 - AUGCON - INFO -   num_workers: 1
2023-06-19 16:32:03,504 - AUGCON - INFO -   dist_url: tcp://localhost:10001
2023-06-19 16:32:03,504 - AUGCON - INFO -   dataset_name: ichar
2023-06-19 16:32:03,504 - AUGCON - INFO -   train_dataset_path: /mnt/sting/hjyoon/projects/cross/ICHAR/augcon/target_domain_PH0014-wjlee/finetune/10shot/target/train.pkl
2023-06-19 16:32:03,504 - AUGCON - INFO -   test_dataset_path: /mnt/sting/hjyoon/projects/cross/ICHAR/augcon/target_domain_PH0014-wjlee/finetune/10shot/target/test.pkl
2023-06-19 16:32:03,504 - AUGCON - INFO -   val_dataset_path: /mnt/sting/hjyoon/projects/cross/ICHAR/augcon/target_domain_PH0014-wjlee/finetune/10shot/target/val.pkl
2023-06-19 16:32:03,504 - AUGCON - INFO -   input_channels: 3
2023-06-19 16:32:03,504 - AUGCON - INFO -   num_cls: 9
2023-06-19 16:32:03,504 - AUGCON - INFO -   optimizer: adam
2023-06-19 16:32:03,504 - AUGCON - INFO -   criterion: crossentropy
2023-06-19 16:32:03,504 - AUGCON - INFO -   start_epoch: 0
2023-06-19 16:32:03,504 - AUGCON - INFO -   epochs: 50
2023-06-19 16:32:03,504 - AUGCON - INFO -   batch_size: 4
2023-06-19 16:32:03,504 - AUGCON - INFO -   lr: 0.001
2023-06-19 16:32:03,504 - AUGCON - INFO -   wd: 0.0
2023-06-19 16:32:03,504 - AUGCON - INFO -   resume: 
2023-06-19 16:32:03,504 - AUGCON - INFO -   pretrained: /mnt/sting/hjyoon/projects/augcontrast/models/exp0/pretrain/without_target_domain_PH0034-ykha/metacpc_random_8421/checkpoint_0999.pth.tar
2023-06-19 16:32:03,504 - AUGCON - INFO -   ckpt_dir: /mnt/sting/hjyoon/projects/augcontrast/models/exp0/finetune_da_false/without_target_domain_PH0034-ykha/metacpc_random_8421/tgt_target_domain_PH0014-wjlee_seed0
2023-06-19 16:32:03,504 - AUGCON - INFO -   log_freq: 5
2023-06-19 16:32:03,504 - AUGCON - INFO -   save_freq: 10
2023-06-19 16:32:03,504 - AUGCON - INFO -   pretext: metacpc
2023-06-19 16:32:03,504 - AUGCON - INFO -   enc_blocks: 4
2023-06-19 16:32:03,504 - AUGCON - INFO -   kernel_sizes: [8, 4, 2, 1]
2023-06-19 16:32:03,505 - AUGCON - INFO -   strides: [4, 2, 1, 1]
2023-06-19 16:32:03,505 - AUGCON - INFO -   agg_blocks: 5
2023-06-19 16:32:03,505 - AUGCON - INFO -   z_dim: 256
2023-06-19 16:32:03,505 - AUGCON - INFO -   pooling: mean
2023-06-19 16:32:03,505 - AUGCON - INFO -   pred_steps: 12
2023-06-19 16:32:03,505 - AUGCON - INFO -   n_negatives: 15
2023-06-19 16:32:03,505 - AUGCON - INFO -   offset: 4
2023-06-19 16:32:03,505 - AUGCON - INFO -   domain_adaptation: False
2023-06-19 16:32:03,505 - AUGCON - INFO -   task_steps: 10
2023-06-19 16:32:03,505 - AUGCON - INFO -   task_lr: 0.001
2023-06-19 16:32:03,505 - AUGCON - INFO -   reg_lambda: 0
2023-06-19 16:32:03,505 - AUGCON - INFO -   mlp: False
2023-06-19 16:32:03,505 - AUGCON - INFO -   freeze: True
2023-06-19 16:32:03,505 - AUGCON - INFO -   no_vars: False
2023-06-19 16:32:03,505 - AUGCON - INFO - ==========================================
2023-06-19 16:32:03,505 - AUGCON - INFO - Setting GPUs: [3]
2023-06-19 16:32:03,505 - AUGCON - INFO - GPUs [3] will be used
2023-06-19 16:32:03,505 - AUGCON - WARNING - You have chosen to seed training. 
2023-06-19 16:32:03,506 - AUGCON - WARNING - This will turn on the CUDNN deterministic setting, 
2023-06-19 16:32:03,506 - AUGCON - WARNING - which can slow down your training considerably! 
2023-06-19 16:32:03,506 - AUGCON - WARNING - You may see unexpected behavior when restarting 
2023-06-19 16:32:03,506 - AUGCON - WARNING - from checkpoints.
2023-06-19 16:32:03,533 - AUGCON - INFO - Executing MetaCPC
2023-06-19 16:32:03,533 - AUGCON - INFO - Logs are skipped during training
2023-06-19 16:32:22,641 - AUGCON - INFO - Single GPU is used for training - training 90 instances for each worker
2023-06-19 16:32:22,641 - AUGCON - INFO - Loading pretrained model from checkpoint - /mnt/sting/hjyoon/projects/augcontrast/models/exp0/pretrain/without_target_domain_PH0034-ykha/metacpc_random_8421/checkpoint_0999.pth.tar
2023-06-19 16:32:22,641 - AUGCON - INFO - Missing keys: []
2023-06-19 16:32:22,641 - AUGCON - INFO - Loading encoder parameters to the classifier
2023-06-19 16:32:22,642 - AUGCON - INFO - Missing keys: ['classifier.block.0.weight', 'classifier.block.0.bias']
2023-06-19 16:32:22,642 - AUGCON - INFO - Epoch [1/50]-(0/22) Loss: 2.2360, Acc(1): 0.00, Acc(5): 75.00
2023-06-19 16:32:22,642 - AUGCON - INFO - Epoch [1/50]-(5/22) Loss: 2.2841, Acc(1): 25.00, Acc(5): 50.00
2023-06-19 16:32:22,642 - AUGCON - INFO - Epoch [1/50]-(10/22) Loss: 2.8206, Acc(1): 25.00, Acc(5): 50.00
2023-06-19 16:32:22,642 - AUGCON - INFO - Epoch [1/50]-(15/22) Loss: 2.3828, Acc(1): 50.00, Acc(5): 50.00
2023-06-19 16:32:22,642 - AUGCON - INFO - Epoch [1/50]-(20/22) Loss: 2.5259, Acc(1): 0.00, Acc(5): 25.00
2023-06-19 16:32:22,642 - AUGCON - INFO - 	Validation Loss: 1.8591, Acc(1): 38.00, Acc(5): 80.00, F1: 0.09, Recall: 0.08, Precision: 0.09
2023-06-19 16:32:22,642 - AUGCON - INFO - Epoch [2/50]-(0/22) Loss: 2.3829, Acc(1): 0.00, Acc(5): 25.00
2023-06-19 16:32:22,642 - AUGCON - INFO - Epoch [2/50]-(5/22) Loss: 2.4203, Acc(1): 0.00, Acc(5): 50.00
2023-06-19 16:32:22,642 - AUGCON - INFO - Epoch [2/50]-(10/22) Loss: 1.4919, Acc(1): 50.00, Acc(5): 100.00
2023-06-19 16:32:22,642 - AUGCON - INFO - Epoch [2/50]-(15/22) Loss: 1.6701, Acc(1): 0.00, Acc(5): 100.00
2023-06-19 16:32:22,642 - AUGCON - INFO - Epoch [2/50]-(20/22) Loss: 1.3350, Acc(1): 75.00, Acc(5): 100.00
2023-06-19 16:32:22,643 - AUGCON - INFO - 	Validation Loss: 1.5574, Acc(1): 64.00, Acc(5): 96.00, F1: 0.13, Recall: 0.13, Precision: 0.12
2023-06-19 16:32:22,643 - AUGCON - INFO - Epoch [3/50]-(0/22) Loss: 1.7704, Acc(1): 50.00, Acc(5): 75.00
2023-06-19 16:32:22,643 - AUGCON - INFO - Epoch [3/50]-(5/22) Loss: 1.9280, Acc(1): 50.00, Acc(5): 75.00
2023-06-19 16:32:22,643 - AUGCON - INFO - Epoch [3/50]-(10/22) Loss: 1.5166, Acc(1): 50.00, Acc(5): 100.00
2023-06-19 16:32:22,643 - AUGCON - INFO - Epoch [3/50]-(15/22) Loss: 1.6090, Acc(1): 25.00, Acc(5): 100.00
2023-06-19 16:32:22,643 - AUGCON - INFO - Epoch [3/50]-(20/22) Loss: 1.2508, Acc(1): 50.00, Acc(5): 100.00
2023-06-19 16:32:22,643 - AUGCON - INFO - 	Validation Loss: 1.4052, Acc(1): 67.00, Acc(5): 95.00, F1: 0.14, Recall: 0.13, Precision: 0.16
2023-06-19 16:32:22,643 - AUGCON - INFO - Epoch [4/50]-(0/22) Loss: 1.1338, Acc(1): 75.00, Acc(5): 100.00
2023-06-19 16:32:22,643 - AUGCON - INFO - Epoch [4/50]-(5/22) Loss: 1.0006, Acc(1): 75.00, Acc(5): 100.00
2023-06-19 16:32:22,643 - AUGCON - INFO - Epoch [4/50]-(10/22) Loss: 1.1600, Acc(1): 75.00, Acc(5): 100.00
2023-06-19 16:32:22,643 - AUGCON - INFO - Epoch [4/50]-(15/22) Loss: 1.2045, Acc(1): 75.00, Acc(5): 100.00
2023-06-19 16:32:22,643 - AUGCON - INFO - Epoch [4/50]-(20/22) Loss: 1.5262, Acc(1): 50.00, Acc(5): 100.00
2023-06-19 16:32:22,643 - AUGCON - INFO - 	Validation Loss: 1.2979, Acc(1): 70.00, Acc(5): 96.00, F1: 0.14, Recall: 0.14, Precision: 0.14
2023-06-19 16:32:22,644 - AUGCON - INFO - Epoch [5/50]-(0/22) Loss: 1.1468, Acc(1): 50.00, Acc(5): 100.00
2023-06-19 16:32:22,644 - AUGCON - INFO - Epoch [5/50]-(5/22) Loss: 0.9265, Acc(1): 75.00, Acc(5): 100.00
2023-06-19 16:32:22,644 - AUGCON - INFO - Epoch [5/50]-(10/22) Loss: 0.8804, Acc(1): 100.00, Acc(5): 100.00
2023-06-19 16:32:22,644 - AUGCON - INFO - Epoch [5/50]-(15/22) Loss: 1.2209, Acc(1): 50.00, Acc(5): 100.00
2023-06-19 16:32:22,644 - AUGCON - INFO - Epoch [5/50]-(20/22) Loss: 1.0533, Acc(1): 100.00, Acc(5): 100.00
2023-06-19 16:32:22,644 - AUGCON - INFO - 	Validation Loss: 1.2462, Acc(1): 72.00, Acc(5): 96.00, F1: 0.15, Recall: 0.14, Precision: 0.17
2023-06-19 16:32:22,644 - AUGCON - INFO - Epoch [6/50]-(0/22) Loss: 1.3002, Acc(1): 75.00, Acc(5): 100.00
2023-06-19 16:32:22,644 - AUGCON - INFO - Epoch [6/50]-(5/22) Loss: 1.5073, Acc(1): 25.00, Acc(5): 100.00
2023-06-19 16:32:22,644 - AUGCON - INFO - Epoch [6/50]-(10/22) Loss: 0.9450, Acc(1): 75.00, Acc(5): 100.00
2023-06-19 16:32:22,644 - AUGCON - INFO - Epoch [6/50]-(15/22) Loss: 1.1489, Acc(1): 75.00, Acc(5): 100.00
2023-06-19 16:32:22,644 - AUGCON - INFO - Epoch [6/50]-(20/22) Loss: 0.6932, Acc(1): 100.00, Acc(5): 100.00
2023-06-19 16:32:22,645 - AUGCON - INFO - 	Validation Loss: 1.1970, Acc(1): 74.00, Acc(5): 96.00, F1: 0.16, Recall: 0.15, Precision: 0.18
2023-06-19 16:32:22,645 - AUGCON - INFO - Epoch [7/50]-(0/22) Loss: 1.3614, Acc(1): 75.00, Acc(5): 100.00
2023-06-19 16:32:22,645 - AUGCON - INFO - Epoch [7/50]-(5/22) Loss: 0.8767, Acc(1): 75.00, Acc(5): 100.00
2023-06-19 16:32:22,645 - AUGCON - INFO - Epoch [7/50]-(10/22) Loss: 1.5534, Acc(1): 50.00, Acc(5): 100.00
2023-06-19 16:32:22,645 - AUGCON - INFO - Epoch [7/50]-(15/22) Loss: 0.8579, Acc(1): 75.00, Acc(5): 100.00
2023-06-19 16:32:22,645 - AUGCON - INFO - Epoch [7/50]-(20/22) Loss: 1.2629, Acc(1): 75.00, Acc(5): 75.00
2023-06-19 16:32:22,645 - AUGCON - INFO - 	Validation Loss: 1.1377, Acc(1): 73.00, Acc(5): 96.00, F1: 0.15, Recall: 0.14, Precision: 0.16
2023-06-19 16:32:22,645 - AUGCON - INFO - Epoch [8/50]-(0/22) Loss: 0.9677, Acc(1): 75.00, Acc(5): 100.00
2023-06-19 16:32:22,645 - AUGCON - INFO - Epoch [8/50]-(5/22) Loss: 0.5306, Acc(1): 100.00, Acc(5): 100.00
2023-06-19 16:32:22,645 - AUGCON - INFO - Epoch [8/50]-(10/22) Loss: 1.3990, Acc(1): 25.00, Acc(5): 100.00
2023-06-19 16:32:22,645 - AUGCON - INFO - Epoch [8/50]-(15/22) Loss: 1.1119, Acc(1): 75.00, Acc(5): 100.00
2023-06-19 16:32:22,646 - AUGCON - INFO - Epoch [8/50]-(20/22) Loss: 1.6564, Acc(1): 50.00, Acc(5): 100.00
2023-06-19 16:32:22,646 - AUGCON - INFO - 	Validation Loss: 1.1119, Acc(1): 76.00, Acc(5): 96.00, F1: 0.16, Recall: 0.15, Precision: 0.17
2023-06-19 16:32:22,646 - AUGCON - INFO - Epoch [9/50]-(0/22) Loss: 0.9636, Acc(1): 75.00, Acc(5): 100.00
2023-06-19 16:32:22,646 - AUGCON - INFO - Epoch [9/50]-(5/22) Loss: 0.5788, Acc(1): 100.00, Acc(5): 100.00
2023-06-19 16:32:22,646 - AUGCON - INFO - Epoch [9/50]-(10/22) Loss: 0.5231, Acc(1): 100.00, Acc(5): 100.00
2023-06-19 16:32:22,646 - AUGCON - INFO - Epoch [9/50]-(15/22) Loss: 1.1338, Acc(1): 50.00, Acc(5): 100.00
2023-06-19 16:32:22,646 - AUGCON - INFO - Epoch [9/50]-(20/22) Loss: 1.1529, Acc(1): 75.00, Acc(5): 100.00
2023-06-19 16:32:22,646 - AUGCON - INFO - 	Validation Loss: 1.1000, Acc(1): 75.00, Acc(5): 96.00, F1: 0.16, Recall: 0.15, Precision: 0.17
2023-06-19 16:32:22,646 - AUGCON - INFO - Epoch [10/50]-(0/22) Loss: 0.9500, Acc(1): 75.00, Acc(5): 100.00
2023-06-19 16:32:22,646 - AUGCON - INFO - Epoch [10/50]-(5/22) Loss: 0.8013, Acc(1): 100.00, Acc(5): 100.00
2023-06-19 16:32:22,646 - AUGCON - INFO - Epoch [10/50]-(10/22) Loss: 0.6686, Acc(1): 100.00, Acc(5): 100.00
2023-06-19 16:32:22,647 - AUGCON - INFO - Epoch [10/50]-(15/22) Loss: 0.5958, Acc(1): 75.00, Acc(5): 100.00
2023-06-19 16:32:22,647 - AUGCON - INFO - Epoch [10/50]-(20/22) Loss: 1.6498, Acc(1): 50.00, Acc(5): 100.00
2023-06-19 16:32:22,647 - AUGCON - INFO - 	Validation Loss: 1.0696, Acc(1): 79.00, Acc(5): 95.00, F1: 0.16, Recall: 0.16, Precision: 0.17
2023-06-19 16:32:22,647 - AUGCON - INFO - Epoch [11/50]-(0/22) Loss: 1.1324, Acc(1): 50.00, Acc(5): 100.00
2023-06-19 16:32:22,647 - AUGCON - INFO - Epoch [11/50]-(5/22) Loss: 0.7925, Acc(1): 100.00, Acc(5): 100.00
2023-06-19 16:32:22,647 - AUGCON - INFO - Epoch [11/50]-(10/22) Loss: 0.7769, Acc(1): 75.00, Acc(5): 100.00
2023-06-19 16:32:22,647 - AUGCON - INFO - Epoch [11/50]-(15/22) Loss: 0.6501, Acc(1): 100.00, Acc(5): 100.00
2023-06-19 16:32:22,647 - AUGCON - INFO - Epoch [11/50]-(20/22) Loss: 0.8678, Acc(1): 75.00, Acc(5): 100.00
2023-06-19 16:32:22,647 - AUGCON - INFO - 	Validation Loss: 1.0479, Acc(1): 77.00, Acc(5): 96.00, F1: 0.16, Recall: 0.15, Precision: 0.17
2023-06-19 16:32:22,647 - AUGCON - INFO - Epoch [12/50]-(0/22) Loss: 0.6926, Acc(1): 100.00, Acc(5): 100.00
2023-06-19 16:32:22,647 - AUGCON - INFO - Epoch [12/50]-(5/22) Loss: 0.7126, Acc(1): 100.00, Acc(5): 100.00
2023-06-19 16:32:22,647 - AUGCON - INFO - Epoch [12/50]-(10/22) Loss: 0.5842, Acc(1): 100.00, Acc(5): 100.00
2023-06-19 16:32:22,647 - AUGCON - INFO - Epoch [12/50]-(15/22) Loss: 0.6412, Acc(1): 75.00, Acc(5): 100.00
2023-06-19 16:32:22,647 - AUGCON - INFO - Epoch [12/50]-(20/22) Loss: 0.8629, Acc(1): 75.00, Acc(5): 100.00
2023-06-19 16:32:22,648 - AUGCON - INFO - 	Validation Loss: 1.0312, Acc(1): 79.00, Acc(5): 96.00, F1: 0.17, Recall: 0.16, Precision: 0.18
2023-06-19 16:32:22,648 - AUGCON - INFO - Epoch [13/50]-(0/22) Loss: 0.5903, Acc(1): 100.00, Acc(5): 100.00
2023-06-19 16:32:22,648 - AUGCON - INFO - Epoch [13/50]-(5/22) Loss: 0.4931, Acc(1): 100.00, Acc(5): 100.00
2023-06-19 16:32:22,648 - AUGCON - INFO - Epoch [13/50]-(10/22) Loss: 1.0078, Acc(1): 75.00, Acc(5): 100.00
2023-06-19 16:32:22,648 - AUGCON - INFO - Epoch [13/50]-(15/22) Loss: 0.7984, Acc(1): 75.00, Acc(5): 100.00
2023-06-19 16:32:22,648 - AUGCON - INFO - Epoch [13/50]-(20/22) Loss: 0.5105, Acc(1): 100.00, Acc(5): 100.00
2023-06-19 16:32:22,648 - AUGCON - INFO - 	Validation Loss: 1.0177, Acc(1): 74.00, Acc(5): 96.00, F1: 0.16, Recall: 0.15, Precision: 0.17
2023-06-19 16:32:22,648 - AUGCON - INFO - Epoch [14/50]-(0/22) Loss: 0.6611, Acc(1): 75.00, Acc(5): 100.00
2023-06-19 16:32:22,648 - AUGCON - INFO - Epoch [14/50]-(5/22) Loss: 0.5912, Acc(1): 100.00, Acc(5): 100.00
2023-06-19 16:32:22,648 - AUGCON - INFO - Epoch [14/50]-(10/22) Loss: 0.3762, Acc(1): 100.00, Acc(5): 100.00
2023-06-19 16:32:22,648 - AUGCON - INFO - Epoch [14/50]-(15/22) Loss: 1.2844, Acc(1): 50.00, Acc(5): 100.00
2023-06-19 16:32:22,648 - AUGCON - INFO - Epoch [14/50]-(20/22) Loss: 0.5344, Acc(1): 100.00, Acc(5): 100.00
2023-06-19 16:32:22,648 - AUGCON - INFO - 	Validation Loss: 1.0100, Acc(1): 78.00, Acc(5): 96.00, F1: 0.16, Recall: 0.15, Precision: 0.17
2023-06-19 16:32:22,648 - AUGCON - INFO - Epoch [15/50]-(0/22) Loss: 0.6139, Acc(1): 100.00, Acc(5): 100.00
2023-06-19 16:32:22,648 - AUGCON - INFO - Epoch [15/50]-(5/22) Loss: 0.6488, Acc(1): 75.00, Acc(5): 100.00
2023-06-19 16:32:22,649 - AUGCON - INFO - Epoch [15/50]-(10/22) Loss: 0.9531, Acc(1): 75.00, Acc(5): 100.00
2023-06-19 16:32:22,649 - AUGCON - INFO - Epoch [15/50]-(15/22) Loss: 0.9902, Acc(1): 75.00, Acc(5): 100.00
2023-06-19 16:32:22,649 - AUGCON - INFO - Epoch [15/50]-(20/22) Loss: 0.3674, Acc(1): 100.00, Acc(5): 100.00
2023-06-19 16:32:22,649 - AUGCON - INFO - 	Validation Loss: 0.9938, Acc(1): 77.00, Acc(5): 96.00, F1: 0.16, Recall: 0.15, Precision: 0.17
2023-06-19 16:32:22,649 - AUGCON - INFO - Epoch [16/50]-(0/22) Loss: 0.2918, Acc(1): 100.00, Acc(5): 100.00
2023-06-19 16:32:22,649 - AUGCON - INFO - Epoch [16/50]-(5/22) Loss: 0.6089, Acc(1): 75.00, Acc(5): 100.00
2023-06-19 16:32:22,649 - AUGCON - INFO - Epoch [16/50]-(10/22) Loss: 0.7101, Acc(1): 100.00, Acc(5): 100.00
2023-06-19 16:32:22,649 - AUGCON - INFO - Epoch [16/50]-(15/22) Loss: 1.1201, Acc(1): 75.00, Acc(5): 100.00
2023-06-19 16:32:22,649 - AUGCON - INFO - Epoch [16/50]-(20/22) Loss: 0.7895, Acc(1): 75.00, Acc(5): 100.00
2023-06-19 16:32:22,649 - AUGCON - INFO - 	Validation Loss: 0.9833, Acc(1): 77.00, Acc(5): 96.00, F1: 0.16, Recall: 0.16, Precision: 0.17
2023-06-19 16:32:22,649 - AUGCON - INFO - Epoch [17/50]-(0/22) Loss: 0.5320, Acc(1): 100.00, Acc(5): 100.00
2023-06-19 16:32:22,649 - AUGCON - INFO - Epoch [17/50]-(5/22) Loss: 0.4226, Acc(1): 100.00, Acc(5): 100.00
2023-06-19 16:32:22,649 - AUGCON - INFO - Epoch [17/50]-(10/22) Loss: 0.9690, Acc(1): 75.00, Acc(5): 100.00
2023-06-19 16:32:22,649 - AUGCON - INFO - Epoch [17/50]-(15/22) Loss: 1.2567, Acc(1): 75.00, Acc(5): 100.00
2023-06-19 16:32:22,649 - AUGCON - INFO - Epoch [17/50]-(20/22) Loss: 0.6351, Acc(1): 100.00, Acc(5): 100.00
2023-06-19 16:32:22,649 - AUGCON - INFO - 	Validation Loss: 0.9956, Acc(1): 77.00, Acc(5): 96.00, F1: 0.16, Recall: 0.15, Precision: 0.17
2023-06-19 16:32:22,650 - AUGCON - INFO - Epoch [18/50]-(0/22) Loss: 0.9055, Acc(1): 75.00, Acc(5): 100.00
2023-06-19 16:32:22,650 - AUGCON - INFO - Epoch [18/50]-(5/22) Loss: 1.4249, Acc(1): 50.00, Acc(5): 100.00
2023-06-19 16:32:22,650 - AUGCON - INFO - Epoch [18/50]-(10/22) Loss: 0.6008, Acc(1): 100.00, Acc(5): 100.00
2023-06-19 16:32:22,650 - AUGCON - INFO - Epoch [18/50]-(15/22) Loss: 1.1188, Acc(1): 50.00, Acc(5): 100.00
2023-06-19 16:32:22,650 - AUGCON - INFO - Epoch [18/50]-(20/22) Loss: 0.6899, Acc(1): 75.00, Acc(5): 100.00
2023-06-19 16:32:22,650 - AUGCON - INFO - 	Validation Loss: 0.9676, Acc(1): 80.00, Acc(5): 96.00, F1: 0.17, Recall: 0.16, Precision: 0.18
2023-06-19 16:32:22,650 - AUGCON - INFO - Epoch [19/50]-(0/22) Loss: 0.2819, Acc(1): 100.00, Acc(5): 100.00
2023-06-19 16:32:22,650 - AUGCON - INFO - Epoch [19/50]-(5/22) Loss: 1.0113, Acc(1): 75.00, Acc(5): 100.00
2023-06-19 16:32:22,650 - AUGCON - INFO - Epoch [19/50]-(10/22) Loss: 0.9430, Acc(1): 50.00, Acc(5): 100.00
2023-06-19 16:32:22,650 - AUGCON - INFO - Epoch [19/50]-(15/22) Loss: 0.4201, Acc(1): 100.00, Acc(5): 100.00
2023-06-19 16:32:22,650 - AUGCON - INFO - Epoch [19/50]-(20/22) Loss: 0.6525, Acc(1): 100.00, Acc(5): 100.00
2023-06-19 16:32:22,650 - AUGCON - INFO - 	Validation Loss: 0.9763, Acc(1): 78.00, Acc(5): 96.00, F1: 0.16, Recall: 0.15, Precision: 0.17
2023-06-19 16:32:22,650 - AUGCON - INFO - Epoch [20/50]-(0/22) Loss: 0.5545, Acc(1): 100.00, Acc(5): 100.00
2023-06-19 16:32:22,650 - AUGCON - INFO - Epoch [20/50]-(5/22) Loss: 0.4309, Acc(1): 100.00, Acc(5): 100.00
2023-06-19 16:32:22,650 - AUGCON - INFO - Epoch [20/50]-(10/22) Loss: 0.4881, Acc(1): 100.00, Acc(5): 100.00
2023-06-19 16:32:22,650 - AUGCON - INFO - Epoch [20/50]-(15/22) Loss: 1.4597, Acc(1): 50.00, Acc(5): 100.00
2023-06-19 16:32:22,651 - AUGCON - INFO - Epoch [20/50]-(20/22) Loss: 0.7014, Acc(1): 75.00, Acc(5): 100.00
2023-06-19 16:32:22,651 - AUGCON - INFO - 	Validation Loss: 0.9534, Acc(1): 81.00, Acc(5): 95.00, F1: 0.17, Recall: 0.16, Precision: 0.18
2023-06-19 16:32:22,651 - AUGCON - INFO - Epoch [21/50]-(0/22) Loss: 0.5864, Acc(1): 100.00, Acc(5): 100.00
2023-06-19 16:32:22,651 - AUGCON - INFO - Epoch [21/50]-(5/22) Loss: 0.5489, Acc(1): 100.00, Acc(5): 100.00
2023-06-19 16:32:22,651 - AUGCON - INFO - Epoch [21/50]-(10/22) Loss: 0.3856, Acc(1): 100.00, Acc(5): 100.00
2023-06-19 16:32:22,651 - AUGCON - INFO - Epoch [21/50]-(15/22) Loss: 0.3954, Acc(1): 100.00, Acc(5): 100.00
2023-06-19 16:32:22,651 - AUGCON - INFO - Epoch [21/50]-(20/22) Loss: 1.3059, Acc(1): 50.00, Acc(5): 100.00
2023-06-19 16:32:22,651 - AUGCON - INFO - 	Validation Loss: 0.9543, Acc(1): 82.00, Acc(5): 96.00, F1: 0.17, Recall: 0.16, Precision: 0.18
2023-06-19 16:32:22,651 - AUGCON - INFO - Epoch [22/50]-(0/22) Loss: 0.6337, Acc(1): 75.00, Acc(5): 100.00
2023-06-19 16:32:22,651 - AUGCON - INFO - Epoch [22/50]-(5/22) Loss: 0.3960, Acc(1): 100.00, Acc(5): 100.00
2023-06-19 16:32:22,651 - AUGCON - INFO - Epoch [22/50]-(10/22) Loss: 1.0290, Acc(1): 50.00, Acc(5): 100.00
2023-06-19 16:32:22,651 - AUGCON - INFO - Epoch [22/50]-(15/22) Loss: 1.0026, Acc(1): 75.00, Acc(5): 100.00
2023-06-19 16:32:22,651 - AUGCON - INFO - Epoch [22/50]-(20/22) Loss: 0.4318, Acc(1): 100.00, Acc(5): 100.00
2023-06-19 16:32:22,651 - AUGCON - INFO - 	Validation Loss: 0.9395, Acc(1): 81.00, Acc(5): 96.00, F1: 0.17, Recall: 0.16, Precision: 0.17
2023-06-19 16:32:22,652 - AUGCON - INFO - Epoch [23/50]-(0/22) Loss: 0.3427, Acc(1): 100.00, Acc(5): 100.00
2023-06-19 16:32:22,652 - AUGCON - INFO - Epoch [23/50]-(5/22) Loss: 0.9549, Acc(1): 75.00, Acc(5): 100.00
2023-06-19 16:32:22,652 - AUGCON - INFO - Epoch [23/50]-(10/22) Loss: 0.3685, Acc(1): 100.00, Acc(5): 100.00
2023-06-19 16:32:22,652 - AUGCON - INFO - Epoch [23/50]-(15/22) Loss: 0.3257, Acc(1): 100.00, Acc(5): 100.00
2023-06-19 16:32:22,652 - AUGCON - INFO - Epoch [23/50]-(20/22) Loss: 0.6252, Acc(1): 75.00, Acc(5): 100.00
2023-06-19 16:32:22,652 - AUGCON - INFO - 	Validation Loss: 0.9340, Acc(1): 82.00, Acc(5): 95.00, F1: 0.17, Recall: 0.16, Precision: 0.18
2023-06-19 16:32:22,652 - AUGCON - INFO - Epoch [24/50]-(0/22) Loss: 0.6678, Acc(1): 75.00, Acc(5): 100.00
2023-06-19 16:32:22,652 - AUGCON - INFO - Epoch [24/50]-(5/22) Loss: 0.9888, Acc(1): 50.00, Acc(5): 100.00
2023-06-19 16:32:22,652 - AUGCON - INFO - Epoch [24/50]-(10/22) Loss: 0.4444, Acc(1): 100.00, Acc(5): 100.00
2023-06-19 16:32:22,652 - AUGCON - INFO - Epoch [24/50]-(15/22) Loss: 0.5550, Acc(1): 100.00, Acc(5): 100.00
2023-06-19 16:32:22,652 - AUGCON - INFO - Epoch [24/50]-(20/22) Loss: 0.2090, Acc(1): 100.00, Acc(5): 100.00
2023-06-19 16:32:22,652 - AUGCON - INFO - 	Validation Loss: 0.9598, Acc(1): 76.00, Acc(5): 95.00, F1: 0.16, Recall: 0.15, Precision: 0.17
2023-06-19 16:32:22,653 - AUGCON - INFO - Epoch [25/50]-(0/22) Loss: 0.5955, Acc(1): 50.00, Acc(5): 100.00
2023-06-19 16:32:22,653 - AUGCON - INFO - Epoch [25/50]-(5/22) Loss: 0.3931, Acc(1): 100.00, Acc(5): 100.00
2023-06-19 16:32:22,653 - AUGCON - INFO - Epoch [25/50]-(10/22) Loss: 0.4969, Acc(1): 100.00, Acc(5): 100.00
2023-06-19 16:32:22,653 - AUGCON - INFO - Epoch [25/50]-(15/22) Loss: 1.3785, Acc(1): 50.00, Acc(5): 100.00
2023-06-19 16:32:22,653 - AUGCON - INFO - Epoch [25/50]-(20/22) Loss: 0.4049, Acc(1): 100.00, Acc(5): 100.00
2023-06-19 16:32:22,653 - AUGCON - INFO - 	Validation Loss: 0.9356, Acc(1): 79.00, Acc(5): 95.00, F1: 0.17, Recall: 0.16, Precision: 0.17
2023-06-19 16:32:22,653 - AUGCON - INFO - Epoch [26/50]-(0/22) Loss: 0.4076, Acc(1): 100.00, Acc(5): 100.00
2023-06-19 16:32:22,653 - AUGCON - INFO - Epoch [26/50]-(5/22) Loss: 0.5804, Acc(1): 100.00, Acc(5): 100.00
2023-06-19 16:32:22,653 - AUGCON - INFO - Epoch [26/50]-(10/22) Loss: 0.4681, Acc(1): 100.00, Acc(5): 100.00
2023-06-19 16:32:22,653 - AUGCON - INFO - Epoch [26/50]-(15/22) Loss: 0.6611, Acc(1): 75.00, Acc(5): 100.00
2023-06-19 16:32:22,653 - AUGCON - INFO - Epoch [26/50]-(20/22) Loss: 0.7696, Acc(1): 75.00, Acc(5): 100.00
2023-06-19 16:32:22,653 - AUGCON - INFO - 	Validation Loss: 0.9218, Acc(1): 84.00, Acc(5): 96.00, F1: 0.17, Recall: 0.17, Precision: 0.18
2023-06-19 16:32:22,653 - AUGCON - INFO - Epoch [27/50]-(0/22) Loss: 0.3864, Acc(1): 100.00, Acc(5): 100.00
2023-06-19 16:32:22,653 - AUGCON - INFO - Epoch [27/50]-(5/22) Loss: 0.4419, Acc(1): 100.00, Acc(5): 100.00
2023-06-19 16:32:22,653 - AUGCON - INFO - Epoch [27/50]-(10/22) Loss: 0.7174, Acc(1): 75.00, Acc(5): 100.00
2023-06-19 16:32:22,653 - AUGCON - INFO - Epoch [27/50]-(15/22) Loss: 1.2847, Acc(1): 50.00, Acc(5): 100.00
2023-06-19 16:32:22,654 - AUGCON - INFO - Epoch [27/50]-(20/22) Loss: 0.2778, Acc(1): 100.00, Acc(5): 100.00
2023-06-19 16:32:22,654 - AUGCON - INFO - 	Validation Loss: 0.9311, Acc(1): 81.00, Acc(5): 96.00, F1: 0.17, Recall: 0.16, Precision: 0.17
2023-06-19 16:32:22,654 - AUGCON - INFO - Epoch [28/50]-(0/22) Loss: 0.5853, Acc(1): 75.00, Acc(5): 100.00
2023-06-19 16:32:22,654 - AUGCON - INFO - Epoch [28/50]-(5/22) Loss: 0.2964, Acc(1): 100.00, Acc(5): 100.00
2023-06-19 16:32:22,654 - AUGCON - INFO - Epoch [28/50]-(10/22) Loss: 0.5903, Acc(1): 75.00, Acc(5): 100.00
2023-06-19 16:32:22,654 - AUGCON - INFO - Epoch [28/50]-(15/22) Loss: 1.0277, Acc(1): 75.00, Acc(5): 100.00
2023-06-19 16:32:22,654 - AUGCON - INFO - Epoch [28/50]-(20/22) Loss: 1.5246, Acc(1): 50.00, Acc(5): 100.00
2023-06-19 16:32:22,654 - AUGCON - INFO - 	Validation Loss: 0.9167, Acc(1): 81.00, Acc(5): 96.00, F1: 0.17, Recall: 0.16, Precision: 0.17
2023-06-19 16:32:22,654 - AUGCON - INFO - Epoch [29/50]-(0/22) Loss: 0.4297, Acc(1): 100.00, Acc(5): 100.00
2023-06-19 16:32:22,654 - AUGCON - INFO - Epoch [29/50]-(5/22) Loss: 0.4303, Acc(1): 75.00, Acc(5): 100.00
2023-06-19 16:32:22,654 - AUGCON - INFO - Epoch [29/50]-(10/22) Loss: 0.8186, Acc(1): 75.00, Acc(5): 100.00
2023-06-19 16:32:22,654 - AUGCON - INFO - Epoch [29/50]-(15/22) Loss: 1.0384, Acc(1): 50.00, Acc(5): 100.00
2023-06-19 16:32:22,654 - AUGCON - INFO - Epoch [29/50]-(20/22) Loss: 0.5628, Acc(1): 100.00, Acc(5): 100.00
2023-06-19 16:32:22,654 - AUGCON - INFO - 	Validation Loss: 0.9502, Acc(1): 78.00, Acc(5): 95.00, F1: 0.16, Recall: 0.15, Precision: 0.17
2023-06-19 16:32:22,654 - AUGCON - INFO - Epoch [30/50]-(0/22) Loss: 0.5414, Acc(1): 100.00, Acc(5): 100.00
2023-06-19 16:32:22,654 - AUGCON - INFO - Epoch [30/50]-(5/22) Loss: 0.9240, Acc(1): 75.00, Acc(5): 100.00
2023-06-19 16:32:22,655 - AUGCON - INFO - Epoch [30/50]-(10/22) Loss: 0.2557, Acc(1): 100.00, Acc(5): 100.00
2023-06-19 16:32:22,655 - AUGCON - INFO - Epoch [30/50]-(15/22) Loss: 0.2327, Acc(1): 100.00, Acc(5): 100.00
2023-06-19 16:32:22,655 - AUGCON - INFO - Epoch [30/50]-(20/22) Loss: 0.4670, Acc(1): 100.00, Acc(5): 100.00
2023-06-19 16:32:22,655 - AUGCON - INFO - 	Validation Loss: 0.9247, Acc(1): 80.00, Acc(5): 95.00, F1: 0.17, Recall: 0.16, Precision: 0.17
2023-06-19 16:32:22,655 - AUGCON - INFO - Epoch [31/50]-(0/22) Loss: 0.3034, Acc(1): 100.00, Acc(5): 100.00
2023-06-19 16:32:22,655 - AUGCON - INFO - Epoch [31/50]-(5/22) Loss: 0.3657, Acc(1): 100.00, Acc(5): 100.00
2023-06-19 16:32:22,655 - AUGCON - INFO - Epoch [31/50]-(10/22) Loss: 1.1802, Acc(1): 50.00, Acc(5): 100.00
2023-06-19 16:32:22,655 - AUGCON - INFO - Epoch [31/50]-(15/22) Loss: 0.4940, Acc(1): 100.00, Acc(5): 100.00
2023-06-19 16:32:22,655 - AUGCON - INFO - Epoch [31/50]-(20/22) Loss: 0.3821, Acc(1): 100.00, Acc(5): 100.00
2023-06-19 16:32:22,655 - AUGCON - INFO - 	Validation Loss: 0.9562, Acc(1): 78.00, Acc(5): 96.00, F1: 0.16, Recall: 0.16, Precision: 0.17
2023-06-19 16:32:22,655 - AUGCON - INFO - Epoch [32/50]-(0/22) Loss: 0.7108, Acc(1): 50.00, Acc(5): 100.00
2023-06-19 16:32:22,655 - AUGCON - INFO - Epoch [32/50]-(5/22) Loss: 0.7673, Acc(1): 75.00, Acc(5): 100.00
2023-06-19 16:32:22,655 - AUGCON - INFO - Epoch [32/50]-(10/22) Loss: 0.3525, Acc(1): 100.00, Acc(5): 100.00
2023-06-19 16:32:22,655 - AUGCON - INFO - Epoch [32/50]-(15/22) Loss: 1.2370, Acc(1): 50.00, Acc(5): 100.00
2023-06-19 16:32:22,655 - AUGCON - INFO - Epoch [32/50]-(20/22) Loss: 0.7676, Acc(1): 75.00, Acc(5): 100.00
2023-06-19 16:32:22,655 - AUGCON - INFO - 	Validation Loss: 0.9306, Acc(1): 81.00, Acc(5): 96.00, F1: 0.17, Recall: 0.16, Precision: 0.17
2023-06-19 16:32:22,656 - AUGCON - INFO - Epoch [33/50]-(0/22) Loss: 0.3850, Acc(1): 100.00, Acc(5): 100.00
2023-06-19 16:32:22,656 - AUGCON - INFO - Epoch [33/50]-(5/22) Loss: 0.3802, Acc(1): 100.00, Acc(5): 100.00
2023-06-19 16:32:22,656 - AUGCON - INFO - Epoch [33/50]-(10/22) Loss: 0.4614, Acc(1): 100.00, Acc(5): 100.00
2023-06-19 16:32:22,656 - AUGCON - INFO - Epoch [33/50]-(15/22) Loss: 0.4895, Acc(1): 100.00, Acc(5): 100.00
2023-06-19 16:32:22,656 - AUGCON - INFO - Epoch [33/50]-(20/22) Loss: 0.9752, Acc(1): 75.00, Acc(5): 100.00
2023-06-19 16:32:22,656 - AUGCON - INFO - 	Validation Loss: 0.8962, Acc(1): 81.00, Acc(5): 96.00, F1: 0.17, Recall: 0.16, Precision: 0.18
2023-06-19 16:32:22,656 - AUGCON - INFO - Epoch [34/50]-(0/22) Loss: 0.4766, Acc(1): 100.00, Acc(5): 100.00
2023-06-19 16:32:22,656 - AUGCON - INFO - Epoch [34/50]-(5/22) Loss: 0.1946, Acc(1): 100.00, Acc(5): 100.00
2023-06-19 16:32:22,656 - AUGCON - INFO - Epoch [34/50]-(10/22) Loss: 0.3789, Acc(1): 100.00, Acc(5): 100.00
2023-06-19 16:32:22,656 - AUGCON - INFO - Epoch [34/50]-(15/22) Loss: 0.7391, Acc(1): 50.00, Acc(5): 100.00
2023-06-19 16:32:22,656 - AUGCON - INFO - Epoch [34/50]-(20/22) Loss: 0.5948, Acc(1): 75.00, Acc(5): 100.00
2023-06-19 16:32:22,656 - AUGCON - INFO - 	Validation Loss: 0.9461, Acc(1): 82.00, Acc(5): 95.00, F1: 0.17, Recall: 0.16, Precision: 0.18
2023-06-19 16:32:22,656 - AUGCON - INFO - Epoch [35/50]-(0/22) Loss: 0.9465, Acc(1): 75.00, Acc(5): 100.00
2023-06-19 16:32:22,656 - AUGCON - INFO - Epoch [35/50]-(5/22) Loss: 1.3777, Acc(1): 25.00, Acc(5): 100.00
2023-06-19 16:32:22,656 - AUGCON - INFO - Epoch [35/50]-(10/22) Loss: 0.3859, Acc(1): 100.00, Acc(5): 100.00
2023-06-19 16:32:22,657 - AUGCON - INFO - Epoch [35/50]-(15/22) Loss: 0.4862, Acc(1): 100.00, Acc(5): 100.00
2023-06-19 16:32:22,657 - AUGCON - INFO - Epoch [35/50]-(20/22) Loss: 0.6993, Acc(1): 75.00, Acc(5): 100.00
2023-06-19 16:32:22,657 - AUGCON - INFO - 	Validation Loss: 0.9198, Acc(1): 81.00, Acc(5): 96.00, F1: 0.17, Recall: 0.16, Precision: 0.17
2023-06-19 16:32:22,657 - AUGCON - INFO - Epoch [36/50]-(0/22) Loss: 0.4362, Acc(1): 100.00, Acc(5): 100.00
2023-06-19 16:32:22,657 - AUGCON - INFO - Epoch [36/50]-(5/22) Loss: 1.0980, Acc(1): 50.00, Acc(5): 100.00
2023-06-19 16:32:22,657 - AUGCON - INFO - Epoch [36/50]-(10/22) Loss: 0.2700, Acc(1): 100.00, Acc(5): 100.00
2023-06-19 16:32:22,657 - AUGCON - INFO - Epoch [36/50]-(15/22) Loss: 0.9519, Acc(1): 75.00, Acc(5): 100.00
2023-06-19 16:32:22,657 - AUGCON - INFO - Epoch [36/50]-(20/22) Loss: 1.2099, Acc(1): 50.00, Acc(5): 100.00
2023-06-19 16:32:22,657 - AUGCON - INFO - 	Validation Loss: 0.9196, Acc(1): 80.00, Acc(5): 96.00, F1: 0.17, Recall: 0.16, Precision: 0.17
2023-06-19 16:32:22,657 - AUGCON - INFO - Epoch [37/50]-(0/22) Loss: 0.5091, Acc(1): 75.00, Acc(5): 100.00
2023-06-19 16:32:22,657 - AUGCON - INFO - Epoch [37/50]-(5/22) Loss: 0.8623, Acc(1): 75.00, Acc(5): 100.00
2023-06-19 16:32:22,657 - AUGCON - INFO - Epoch [37/50]-(10/22) Loss: 0.5009, Acc(1): 100.00, Acc(5): 100.00
2023-06-19 16:32:22,657 - AUGCON - INFO - Epoch [37/50]-(15/22) Loss: 1.0319, Acc(1): 50.00, Acc(5): 100.00
2023-06-19 16:32:22,657 - AUGCON - INFO - Epoch [37/50]-(20/22) Loss: 0.7426, Acc(1): 75.00, Acc(5): 100.00
2023-06-19 16:32:22,657 - AUGCON - INFO - 	Validation Loss: 0.9318, Acc(1): 81.00, Acc(5): 96.00, F1: 0.17, Recall: 0.16, Precision: 0.18
2023-06-19 16:32:22,657 - AUGCON - INFO - Epoch [38/50]-(0/22) Loss: 0.3517, Acc(1): 100.00, Acc(5): 100.00
2023-06-19 16:32:22,658 - AUGCON - INFO - Epoch [38/50]-(5/22) Loss: 0.6045, Acc(1): 75.00, Acc(5): 100.00
2023-06-19 16:32:22,658 - AUGCON - INFO - Epoch [38/50]-(10/22) Loss: 0.6712, Acc(1): 75.00, Acc(5): 100.00
2023-06-19 16:32:22,658 - AUGCON - INFO - Epoch [38/50]-(15/22) Loss: 0.3681, Acc(1): 100.00, Acc(5): 100.00
2023-06-19 16:32:22,658 - AUGCON - INFO - Epoch [38/50]-(20/22) Loss: 1.6882, Acc(1): 50.00, Acc(5): 100.00
2023-06-19 16:32:22,658 - AUGCON - INFO - 	Validation Loss: 0.8921, Acc(1): 82.00, Acc(5): 96.00, F1: 0.17, Recall: 0.17, Precision: 0.17
2023-06-19 16:32:22,658 - AUGCON - INFO - Epoch [39/50]-(0/22) Loss: 0.5328, Acc(1): 75.00, Acc(5): 100.00
2023-06-19 16:32:22,658 - AUGCON - INFO - Epoch [39/50]-(5/22) Loss: 0.2230, Acc(1): 100.00, Acc(5): 100.00
2023-06-19 16:32:22,658 - AUGCON - INFO - Epoch [39/50]-(10/22) Loss: 0.5403, Acc(1): 75.00, Acc(5): 100.00
2023-06-19 16:32:22,658 - AUGCON - INFO - Epoch [39/50]-(15/22) Loss: 0.8946, Acc(1): 75.00, Acc(5): 100.00
2023-06-19 16:32:22,658 - AUGCON - INFO - Epoch [39/50]-(20/22) Loss: 0.2779, Acc(1): 100.00, Acc(5): 100.00
2023-06-19 16:32:22,658 - AUGCON - INFO - 	Validation Loss: 0.9443, Acc(1): 79.00, Acc(5): 96.00, F1: 0.17, Recall: 0.16, Precision: 0.17
2023-06-19 16:32:22,658 - AUGCON - INFO - Epoch [40/50]-(0/22) Loss: 0.7364, Acc(1): 75.00, Acc(5): 100.00
2023-06-19 16:32:22,658 - AUGCON - INFO - Epoch [40/50]-(5/22) Loss: 0.4149, Acc(1): 100.00, Acc(5): 100.00
2023-06-19 16:32:22,658 - AUGCON - INFO - Epoch [40/50]-(10/22) Loss: 0.9294, Acc(1): 75.00, Acc(5): 100.00
2023-06-19 16:32:22,658 - AUGCON - INFO - Epoch [40/50]-(15/22) Loss: 0.5703, Acc(1): 75.00, Acc(5): 100.00
2023-06-19 16:32:22,658 - AUGCON - INFO - Epoch [40/50]-(20/22) Loss: 0.3767, Acc(1): 100.00, Acc(5): 100.00
2023-06-19 16:32:22,659 - AUGCON - INFO - 	Validation Loss: 0.8922, Acc(1): 84.00, Acc(5): 96.00, F1: 0.17, Recall: 0.17, Precision: 0.18
2023-06-19 16:32:22,659 - AUGCON - INFO - Epoch [41/50]-(0/22) Loss: 0.4062, Acc(1): 100.00, Acc(5): 100.00
2023-06-19 16:32:22,659 - AUGCON - INFO - Epoch [41/50]-(5/22) Loss: 0.3905, Acc(1): 100.00, Acc(5): 100.00
2023-06-19 16:32:22,659 - AUGCON - INFO - Epoch [41/50]-(10/22) Loss: 0.3144, Acc(1): 100.00, Acc(5): 100.00
2023-06-19 16:32:22,659 - AUGCON - INFO - Epoch [41/50]-(15/22) Loss: 0.6892, Acc(1): 75.00, Acc(5): 100.00
2023-06-19 16:32:22,659 - AUGCON - INFO - Epoch [41/50]-(20/22) Loss: 0.4512, Acc(1): 100.00, Acc(5): 100.00
2023-06-19 16:32:22,659 - AUGCON - INFO - 	Validation Loss: 0.9312, Acc(1): 79.00, Acc(5): 96.00, F1: 0.16, Recall: 0.16, Precision: 0.17
2023-06-19 16:32:22,659 - AUGCON - INFO - Epoch [42/50]-(0/22) Loss: 0.1978, Acc(1): 100.00, Acc(5): 100.00
2023-06-19 16:32:22,659 - AUGCON - INFO - Epoch [42/50]-(5/22) Loss: 0.8938, Acc(1): 75.00, Acc(5): 100.00
2023-06-19 16:32:22,659 - AUGCON - INFO - Epoch [42/50]-(10/22) Loss: 0.8021, Acc(1): 75.00, Acc(5): 100.00
2023-06-19 16:32:22,659 - AUGCON - INFO - Epoch [42/50]-(15/22) Loss: 0.4837, Acc(1): 75.00, Acc(5): 100.00
2023-06-19 16:32:22,659 - AUGCON - INFO - Epoch [42/50]-(20/22) Loss: 0.7252, Acc(1): 100.00, Acc(5): 100.00
2023-06-19 16:32:22,659 - AUGCON - INFO - 	Validation Loss: 0.9377, Acc(1): 81.00, Acc(5): 96.00, F1: 0.17, Recall: 0.16, Precision: 0.17
2023-06-19 16:32:22,659 - AUGCON - INFO - Epoch [43/50]-(0/22) Loss: 0.7780, Acc(1): 75.00, Acc(5): 100.00
2023-06-19 16:32:22,659 - AUGCON - INFO - Epoch [43/50]-(5/22) Loss: 0.4767, Acc(1): 100.00, Acc(5): 100.00
2023-06-19 16:32:22,659 - AUGCON - INFO - Epoch [43/50]-(10/22) Loss: 0.2214, Acc(1): 100.00, Acc(5): 100.00
2023-06-19 16:32:22,660 - AUGCON - INFO - Epoch [43/50]-(15/22) Loss: 0.3499, Acc(1): 100.00, Acc(5): 100.00
2023-06-19 16:32:22,660 - AUGCON - INFO - Epoch [43/50]-(20/22) Loss: 0.5436, Acc(1): 75.00, Acc(5): 100.00
2023-06-19 16:32:22,660 - AUGCON - INFO - 	Validation Loss: 0.9206, Acc(1): 81.00, Acc(5): 96.00, F1: 0.17, Recall: 0.16, Precision: 0.17
2023-06-19 16:32:22,660 - AUGCON - INFO - Epoch [44/50]-(0/22) Loss: 0.4613, Acc(1): 100.00, Acc(5): 100.00
2023-06-19 16:32:22,660 - AUGCON - INFO - Epoch [44/50]-(5/22) Loss: 0.3296, Acc(1): 75.00, Acc(5): 100.00
2023-06-19 16:32:22,660 - AUGCON - INFO - Epoch [44/50]-(10/22) Loss: 0.3802, Acc(1): 100.00, Acc(5): 100.00
2023-06-19 16:32:22,660 - AUGCON - INFO - Epoch [44/50]-(15/22) Loss: 0.8806, Acc(1): 75.00, Acc(5): 100.00
2023-06-19 16:32:22,660 - AUGCON - INFO - Epoch [44/50]-(20/22) Loss: 0.2173, Acc(1): 100.00, Acc(5): 100.00
2023-06-19 16:32:22,660 - AUGCON - INFO - 	Validation Loss: 0.9366, Acc(1): 81.00, Acc(5): 95.00, F1: 0.17, Recall: 0.16, Precision: 0.17
2023-06-19 16:32:22,660 - AUGCON - INFO - Epoch [45/50]-(0/22) Loss: 0.4596, Acc(1): 100.00, Acc(5): 100.00
2023-06-19 16:32:22,660 - AUGCON - INFO - Epoch [45/50]-(5/22) Loss: 0.1537, Acc(1): 100.00, Acc(5): 100.00
2023-06-19 16:32:22,660 - AUGCON - INFO - Epoch [45/50]-(10/22) Loss: 0.2535, Acc(1): 100.00, Acc(5): 100.00
2023-06-19 16:32:22,660 - AUGCON - INFO - Epoch [45/50]-(15/22) Loss: 0.8757, Acc(1): 75.00, Acc(5): 100.00
2023-06-19 16:32:22,660 - AUGCON - INFO - Epoch [45/50]-(20/22) Loss: 0.5151, Acc(1): 75.00, Acc(5): 100.00
2023-06-19 16:32:22,660 - AUGCON - INFO - 	Validation Loss: 0.9251, Acc(1): 82.00, Acc(5): 95.00, F1: 0.17, Recall: 0.17, Precision: 0.17
2023-06-19 16:32:22,661 - AUGCON - INFO - Epoch [46/50]-(0/22) Loss: 0.8050, Acc(1): 50.00, Acc(5): 100.00
2023-06-19 16:32:22,661 - AUGCON - INFO - Epoch [46/50]-(5/22) Loss: 0.2200, Acc(1): 100.00, Acc(5): 100.00
2023-06-19 16:32:22,661 - AUGCON - INFO - Epoch [46/50]-(10/22) Loss: 0.3027, Acc(1): 100.00, Acc(5): 100.00
2023-06-19 16:32:22,661 - AUGCON - INFO - Epoch [46/50]-(15/22) Loss: 0.7546, Acc(1): 75.00, Acc(5): 100.00
2023-06-19 16:32:22,661 - AUGCON - INFO - Epoch [46/50]-(20/22) Loss: 0.3615, Acc(1): 100.00, Acc(5): 100.00
2023-06-19 16:32:22,661 - AUGCON - INFO - 	Validation Loss: 0.9390, Acc(1): 81.00, Acc(5): 96.00, F1: 0.17, Recall: 0.16, Precision: 0.18
2023-06-19 16:32:22,661 - AUGCON - INFO - Epoch [47/50]-(0/22) Loss: 0.2971, Acc(1): 100.00, Acc(5): 100.00
2023-06-19 16:32:22,661 - AUGCON - INFO - Epoch [47/50]-(5/22) Loss: 0.7076, Acc(1): 75.00, Acc(5): 100.00
2023-06-19 16:32:22,661 - AUGCON - INFO - Epoch [47/50]-(10/22) Loss: 0.5592, Acc(1): 75.00, Acc(5): 100.00
2023-06-19 16:32:22,661 - AUGCON - INFO - Epoch [47/50]-(15/22) Loss: 0.3025, Acc(1): 100.00, Acc(5): 100.00
2023-06-19 16:32:22,661 - AUGCON - INFO - Epoch [47/50]-(20/22) Loss: 0.2522, Acc(1): 100.00, Acc(5): 100.00
2023-06-19 16:32:22,661 - AUGCON - INFO - 	Validation Loss: 0.8883, Acc(1): 80.00, Acc(5): 96.00, F1: 0.16, Recall: 0.16, Precision: 0.17
2023-06-19 16:32:22,661 - AUGCON - INFO - Epoch [48/50]-(0/22) Loss: 0.4076, Acc(1): 100.00, Acc(5): 100.00
2023-06-19 16:32:22,661 - AUGCON - INFO - Epoch [48/50]-(5/22) Loss: 0.6801, Acc(1): 75.00, Acc(5): 100.00
2023-06-19 16:32:22,661 - AUGCON - INFO - Epoch [48/50]-(10/22) Loss: 0.4677, Acc(1): 75.00, Acc(5): 100.00
2023-06-19 16:32:22,661 - AUGCON - INFO - Epoch [48/50]-(15/22) Loss: 0.1509, Acc(1): 100.00, Acc(5): 100.00
2023-06-19 16:32:22,662 - AUGCON - INFO - Epoch [48/50]-(20/22) Loss: 0.2164, Acc(1): 100.00, Acc(5): 100.00
2023-06-19 16:32:22,662 - AUGCON - INFO - 	Validation Loss: 0.9296, Acc(1): 81.00, Acc(5): 95.00, F1: 0.17, Recall: 0.16, Precision: 0.17
2023-06-19 16:32:22,662 - AUGCON - INFO - Epoch [49/50]-(0/22) Loss: 0.4621, Acc(1): 100.00, Acc(5): 100.00
2023-06-19 16:32:22,662 - AUGCON - INFO - Epoch [49/50]-(5/22) Loss: 0.6126, Acc(1): 75.00, Acc(5): 100.00
2023-06-19 16:32:22,662 - AUGCON - INFO - Epoch [49/50]-(10/22) Loss: 0.4195, Acc(1): 100.00, Acc(5): 100.00
2023-06-19 16:32:22,662 - AUGCON - INFO - Epoch [49/50]-(15/22) Loss: 0.6115, Acc(1): 75.00, Acc(5): 100.00
2023-06-19 16:32:22,662 - AUGCON - INFO - Epoch [49/50]-(20/22) Loss: 0.2760, Acc(1): 100.00, Acc(5): 100.00
2023-06-19 16:32:22,662 - AUGCON - INFO - 	Validation Loss: 0.9213, Acc(1): 82.00, Acc(5): 96.00, F1: 0.17, Recall: 0.17, Precision: 0.17
2023-06-19 16:32:22,662 - AUGCON - INFO - Epoch [50/50]-(0/22) Loss: 0.3144, Acc(1): 100.00, Acc(5): 100.00
2023-06-19 16:32:22,662 - AUGCON - INFO - Epoch [50/50]-(5/22) Loss: 0.4090, Acc(1): 100.00, Acc(5): 100.00
2023-06-19 16:32:22,662 - AUGCON - INFO - Epoch [50/50]-(10/22) Loss: 0.3810, Acc(1): 100.00, Acc(5): 100.00
2023-06-19 16:32:22,662 - AUGCON - INFO - Epoch [50/50]-(15/22) Loss: 0.5852, Acc(1): 100.00, Acc(5): 100.00
2023-06-19 16:32:22,662 - AUGCON - INFO - Epoch [50/50]-(20/22) Loss: 0.2074, Acc(1): 100.00, Acc(5): 100.00
2023-06-19 16:32:22,662 - AUGCON - INFO - 	Validation Loss: 0.9197, Acc(1): 80.00, Acc(5): 95.00, F1: 0.16, Recall: 0.16, Precision: 0.17
2023-06-19 16:32:22,662 - AUGCON - INFO - 	Validation Loss: 0.7664, Acc(1): 83.33, Acc(5): 98.33, F1: 0.19, Recall: 0.19, Precision: 0.20
