2023-06-19 16:31:44,656 - AUGCON - INFO - logger initialized (/home/hjyoon/projects/augcon/config/exp0/finetune_da_false/without_target_domain_PH0034-ykha/metacpc_random_8421/tgt_target_domain_PH0012-thanh_seed0.yaml.log)
2023-06-19 16:31:44,656 - AUGCON - INFO - ================= Config =================
2023-06-19 16:31:44,656 - AUGCON - INFO -   mode: finetune
2023-06-19 16:31:44,656 - AUGCON - INFO -   seed: 0
2023-06-19 16:31:44,656 - AUGCON - INFO -   gpu: [3]
2023-06-19 16:31:44,656 - AUGCON - INFO -   num_workers: 1
2023-06-19 16:31:44,656 - AUGCON - INFO -   dist_url: tcp://localhost:10001
2023-06-19 16:31:44,656 - AUGCON - INFO -   dataset_name: ichar
2023-06-19 16:31:44,656 - AUGCON - INFO -   train_dataset_path: /mnt/sting/hjyoon/projects/cross/ICHAR/augcon/target_domain_PH0012-thanh/finetune/10shot/target/train.pkl
2023-06-19 16:31:44,656 - AUGCON - INFO -   test_dataset_path: /mnt/sting/hjyoon/projects/cross/ICHAR/augcon/target_domain_PH0012-thanh/finetune/10shot/target/test.pkl
2023-06-19 16:31:44,657 - AUGCON - INFO -   val_dataset_path: /mnt/sting/hjyoon/projects/cross/ICHAR/augcon/target_domain_PH0012-thanh/finetune/10shot/target/val.pkl
2023-06-19 16:31:44,657 - AUGCON - INFO -   input_channels: 3
2023-06-19 16:31:44,657 - AUGCON - INFO -   num_cls: 9
2023-06-19 16:31:44,657 - AUGCON - INFO -   optimizer: adam
2023-06-19 16:31:44,657 - AUGCON - INFO -   criterion: crossentropy
2023-06-19 16:31:44,657 - AUGCON - INFO -   start_epoch: 0
2023-06-19 16:31:44,657 - AUGCON - INFO -   epochs: 50
2023-06-19 16:31:44,657 - AUGCON - INFO -   batch_size: 4
2023-06-19 16:31:44,657 - AUGCON - INFO -   lr: 0.001
2023-06-19 16:31:44,657 - AUGCON - INFO -   wd: 0.0
2023-06-19 16:31:44,657 - AUGCON - INFO -   resume: 
2023-06-19 16:31:44,657 - AUGCON - INFO -   pretrained: /mnt/sting/hjyoon/projects/augcontrast/models/exp0/pretrain/without_target_domain_PH0034-ykha/metacpc_random_8421/checkpoint_0999.pth.tar
2023-06-19 16:31:44,657 - AUGCON - INFO -   ckpt_dir: /mnt/sting/hjyoon/projects/augcontrast/models/exp0/finetune_da_false/without_target_domain_PH0034-ykha/metacpc_random_8421/tgt_target_domain_PH0012-thanh_seed0
2023-06-19 16:31:44,657 - AUGCON - INFO -   log_freq: 5
2023-06-19 16:31:44,657 - AUGCON - INFO -   save_freq: 10
2023-06-19 16:31:44,657 - AUGCON - INFO -   pretext: metacpc
2023-06-19 16:31:44,657 - AUGCON - INFO -   enc_blocks: 4
2023-06-19 16:31:44,657 - AUGCON - INFO -   kernel_sizes: [8, 4, 2, 1]
2023-06-19 16:31:44,657 - AUGCON - INFO -   strides: [4, 2, 1, 1]
2023-06-19 16:31:44,657 - AUGCON - INFO -   agg_blocks: 5
2023-06-19 16:31:44,657 - AUGCON - INFO -   z_dim: 256
2023-06-19 16:31:44,657 - AUGCON - INFO -   pooling: mean
2023-06-19 16:31:44,657 - AUGCON - INFO -   pred_steps: 12
2023-06-19 16:31:44,657 - AUGCON - INFO -   n_negatives: 15
2023-06-19 16:31:44,657 - AUGCON - INFO -   offset: 4
2023-06-19 16:31:44,657 - AUGCON - INFO -   domain_adaptation: False
2023-06-19 16:31:44,657 - AUGCON - INFO -   task_steps: 10
2023-06-19 16:31:44,658 - AUGCON - INFO -   task_lr: 0.001
2023-06-19 16:31:44,658 - AUGCON - INFO -   reg_lambda: 0
2023-06-19 16:31:44,658 - AUGCON - INFO -   mlp: False
2023-06-19 16:31:44,658 - AUGCON - INFO -   freeze: True
2023-06-19 16:31:44,658 - AUGCON - INFO -   no_vars: False
2023-06-19 16:31:44,658 - AUGCON - INFO - ==========================================
2023-06-19 16:31:44,658 - AUGCON - INFO - Setting GPUs: [3]
2023-06-19 16:31:44,658 - AUGCON - INFO - GPUs [3] will be used
2023-06-19 16:31:44,658 - AUGCON - WARNING - You have chosen to seed training. 
2023-06-19 16:31:44,658 - AUGCON - WARNING - This will turn on the CUDNN deterministic setting, 
2023-06-19 16:31:44,659 - AUGCON - WARNING - which can slow down your training considerably! 
2023-06-19 16:31:44,659 - AUGCON - WARNING - You may see unexpected behavior when restarting 
2023-06-19 16:31:44,659 - AUGCON - WARNING - from checkpoints.
2023-06-19 16:31:44,685 - AUGCON - INFO - Executing MetaCPC
2023-06-19 16:31:44,685 - AUGCON - INFO - Logs are skipped during training
2023-06-19 16:32:01,461 - AUGCON - INFO - Single GPU is used for training - training 90 instances for each worker
2023-06-19 16:32:01,461 - AUGCON - INFO - Loading pretrained model from checkpoint - /mnt/sting/hjyoon/projects/augcontrast/models/exp0/pretrain/without_target_domain_PH0034-ykha/metacpc_random_8421/checkpoint_0999.pth.tar
2023-06-19 16:32:01,461 - AUGCON - INFO - Missing keys: []
2023-06-19 16:32:01,462 - AUGCON - INFO - Loading encoder parameters to the classifier
2023-06-19 16:32:01,462 - AUGCON - INFO - Missing keys: ['classifier.block.0.weight', 'classifier.block.0.bias']
2023-06-19 16:32:01,462 - AUGCON - INFO - Epoch [1/50]-(0/22) Loss: 2.3093, Acc(1): 25.00, Acc(5): 25.00
2023-06-19 16:32:01,462 - AUGCON - INFO - Epoch [1/50]-(5/22) Loss: 1.9426, Acc(1): 0.00, Acc(5): 75.00
2023-06-19 16:32:01,462 - AUGCON - INFO - Epoch [1/50]-(10/22) Loss: 2.4925, Acc(1): 25.00, Acc(5): 25.00
2023-06-19 16:32:01,462 - AUGCON - INFO - Epoch [1/50]-(15/22) Loss: 2.5537, Acc(1): 0.00, Acc(5): 50.00
2023-06-19 16:32:01,462 - AUGCON - INFO - Epoch [1/50]-(20/22) Loss: 2.6999, Acc(1): 0.00, Acc(5): 25.00
2023-06-19 16:32:01,462 - AUGCON - INFO - 	Validation Loss: 1.9786, Acc(1): 35.00, Acc(5): 86.00, F1: 0.08, Recall: 0.10, Precision: 0.07
2023-06-19 16:32:01,462 - AUGCON - INFO - Epoch [2/50]-(0/22) Loss: 2.2131, Acc(1): 25.00, Acc(5): 50.00
2023-06-19 16:32:01,462 - AUGCON - INFO - Epoch [2/50]-(5/22) Loss: 2.0088, Acc(1): 0.00, Acc(5): 75.00
2023-06-19 16:32:01,462 - AUGCON - INFO - Epoch [2/50]-(10/22) Loss: 2.0782, Acc(1): 0.00, Acc(5): 50.00
2023-06-19 16:32:01,462 - AUGCON - INFO - Epoch [2/50]-(15/22) Loss: 1.8095, Acc(1): 50.00, Acc(5): 75.00
2023-06-19 16:32:01,462 - AUGCON - INFO - Epoch [2/50]-(20/22) Loss: 1.9199, Acc(1): 50.00, Acc(5): 100.00
2023-06-19 16:32:01,462 - AUGCON - INFO - 	Validation Loss: 1.7028, Acc(1): 64.00, Acc(5): 98.00, F1: 0.16, Recall: 0.14, Precision: 0.20
2023-06-19 16:32:01,462 - AUGCON - INFO - Epoch [3/50]-(0/22) Loss: 1.6321, Acc(1): 75.00, Acc(5): 100.00
2023-06-19 16:32:01,463 - AUGCON - INFO - Epoch [3/50]-(5/22) Loss: 1.9254, Acc(1): 0.00, Acc(5): 100.00
2023-06-19 16:32:01,463 - AUGCON - INFO - Epoch [3/50]-(10/22) Loss: 1.4233, Acc(1): 75.00, Acc(5): 100.00
2023-06-19 16:32:01,463 - AUGCON - INFO - Epoch [3/50]-(15/22) Loss: 1.7914, Acc(1): 50.00, Acc(5): 100.00
2023-06-19 16:32:01,463 - AUGCON - INFO - Epoch [3/50]-(20/22) Loss: 1.2883, Acc(1): 75.00, Acc(5): 100.00
2023-06-19 16:32:01,463 - AUGCON - INFO - 	Validation Loss: 1.5143, Acc(1): 67.00, Acc(5): 96.00, F1: 0.15, Recall: 0.15, Precision: 0.14
2023-06-19 16:32:01,463 - AUGCON - INFO - Epoch [4/50]-(0/22) Loss: 1.4919, Acc(1): 75.00, Acc(5): 100.00
2023-06-19 16:32:01,463 - AUGCON - INFO - Epoch [4/50]-(5/22) Loss: 1.6923, Acc(1): 75.00, Acc(5): 100.00
2023-06-19 16:32:01,463 - AUGCON - INFO - Epoch [4/50]-(10/22) Loss: 1.4502, Acc(1): 75.00, Acc(5): 100.00
2023-06-19 16:32:01,463 - AUGCON - INFO - Epoch [4/50]-(15/22) Loss: 1.4891, Acc(1): 50.00, Acc(5): 100.00
2023-06-19 16:32:01,463 - AUGCON - INFO - Epoch [4/50]-(20/22) Loss: 1.3297, Acc(1): 75.00, Acc(5): 100.00
2023-06-19 16:32:01,463 - AUGCON - INFO - 	Validation Loss: 1.3613, Acc(1): 81.00, Acc(5): 96.00, F1: 0.19, Recall: 0.19, Precision: 0.19
2023-06-19 16:32:01,463 - AUGCON - INFO - Epoch [5/50]-(0/22) Loss: 1.0950, Acc(1): 100.00, Acc(5): 100.00
2023-06-19 16:32:01,463 - AUGCON - INFO - Epoch [5/50]-(5/22) Loss: 1.4562, Acc(1): 50.00, Acc(5): 100.00
2023-06-19 16:32:01,463 - AUGCON - INFO - Epoch [5/50]-(10/22) Loss: 1.0830, Acc(1): 75.00, Acc(5): 100.00
2023-06-19 16:32:01,463 - AUGCON - INFO - Epoch [5/50]-(15/22) Loss: 1.6620, Acc(1): 50.00, Acc(5): 100.00
2023-06-19 16:32:01,463 - AUGCON - INFO - Epoch [5/50]-(20/22) Loss: 0.9859, Acc(1): 100.00, Acc(5): 100.00
2023-06-19 16:32:01,464 - AUGCON - INFO - 	Validation Loss: 1.2583, Acc(1): 87.00, Acc(5): 96.00, F1: 0.21, Recall: 0.21, Precision: 0.20
2023-06-19 16:32:01,464 - AUGCON - INFO - Epoch [6/50]-(0/22) Loss: 1.3742, Acc(1): 75.00, Acc(5): 100.00
2023-06-19 16:32:01,464 - AUGCON - INFO - Epoch [6/50]-(5/22) Loss: 0.9134, Acc(1): 100.00, Acc(5): 100.00
2023-06-19 16:32:01,464 - AUGCON - INFO - Epoch [6/50]-(10/22) Loss: 1.4810, Acc(1): 50.00, Acc(5): 100.00
2023-06-19 16:32:01,464 - AUGCON - INFO - Epoch [6/50]-(15/22) Loss: 1.1440, Acc(1): 100.00, Acc(5): 100.00
2023-06-19 16:32:01,464 - AUGCON - INFO - Epoch [6/50]-(20/22) Loss: 1.7300, Acc(1): 25.00, Acc(5): 100.00
2023-06-19 16:32:01,464 - AUGCON - INFO - 	Validation Loss: 1.1283, Acc(1): 80.00, Acc(5): 96.00, F1: 0.20, Recall: 0.19, Precision: 0.20
2023-06-19 16:32:01,464 - AUGCON - INFO - Epoch [7/50]-(0/22) Loss: 0.9764, Acc(1): 100.00, Acc(5): 100.00
2023-06-19 16:32:01,464 - AUGCON - INFO - Epoch [7/50]-(5/22) Loss: 1.3267, Acc(1): 25.00, Acc(5): 100.00
2023-06-19 16:32:01,464 - AUGCON - INFO - Epoch [7/50]-(10/22) Loss: 0.9974, Acc(1): 75.00, Acc(5): 100.00
2023-06-19 16:32:01,464 - AUGCON - INFO - Epoch [7/50]-(15/22) Loss: 1.0815, Acc(1): 100.00, Acc(5): 100.00
2023-06-19 16:32:01,464 - AUGCON - INFO - Epoch [7/50]-(20/22) Loss: 1.6582, Acc(1): 75.00, Acc(5): 75.00
2023-06-19 16:32:01,464 - AUGCON - INFO - 	Validation Loss: 1.0909, Acc(1): 88.00, Acc(5): 96.00, F1: 0.21, Recall: 0.21, Precision: 0.21
2023-06-19 16:32:01,464 - AUGCON - INFO - Epoch [8/50]-(0/22) Loss: 0.9837, Acc(1): 100.00, Acc(5): 100.00
2023-06-19 16:32:01,464 - AUGCON - INFO - Epoch [8/50]-(5/22) Loss: 0.8835, Acc(1): 75.00, Acc(5): 100.00
2023-06-19 16:32:01,465 - AUGCON - INFO - Epoch [8/50]-(10/22) Loss: 1.0719, Acc(1): 75.00, Acc(5): 100.00
2023-06-19 16:32:01,465 - AUGCON - INFO - Epoch [8/50]-(15/22) Loss: 0.7042, Acc(1): 100.00, Acc(5): 100.00
2023-06-19 16:32:01,465 - AUGCON - INFO - Epoch [8/50]-(20/22) Loss: 1.4740, Acc(1): 50.00, Acc(5): 100.00
2023-06-19 16:32:01,465 - AUGCON - INFO - 	Validation Loss: 0.9890, Acc(1): 86.00, Acc(5): 96.00, F1: 0.21, Recall: 0.20, Precision: 0.21
2023-06-19 16:32:01,465 - AUGCON - INFO - Epoch [9/50]-(0/22) Loss: 1.1951, Acc(1): 75.00, Acc(5): 100.00
2023-06-19 16:32:01,465 - AUGCON - INFO - Epoch [9/50]-(5/22) Loss: 1.0153, Acc(1): 100.00, Acc(5): 100.00
2023-06-19 16:32:01,465 - AUGCON - INFO - Epoch [9/50]-(10/22) Loss: 0.9024, Acc(1): 75.00, Acc(5): 100.00
2023-06-19 16:32:01,465 - AUGCON - INFO - Epoch [9/50]-(15/22) Loss: 1.2336, Acc(1): 75.00, Acc(5): 100.00
2023-06-19 16:32:01,465 - AUGCON - INFO - Epoch [9/50]-(20/22) Loss: 1.4775, Acc(1): 25.00, Acc(5): 100.00
2023-06-19 16:32:01,465 - AUGCON - INFO - 	Validation Loss: 0.9897, Acc(1): 87.00, Acc(5): 96.00, F1: 0.21, Recall: 0.21, Precision: 0.20
2023-06-19 16:32:01,465 - AUGCON - INFO - Epoch [10/50]-(0/22) Loss: 0.9183, Acc(1): 100.00, Acc(5): 100.00
2023-06-19 16:32:01,465 - AUGCON - INFO - Epoch [10/50]-(5/22) Loss: 0.9048, Acc(1): 100.00, Acc(5): 100.00
2023-06-19 16:32:01,465 - AUGCON - INFO - Epoch [10/50]-(10/22) Loss: 0.9253, Acc(1): 50.00, Acc(5): 100.00
2023-06-19 16:32:01,465 - AUGCON - INFO - Epoch [10/50]-(15/22) Loss: 0.8263, Acc(1): 75.00, Acc(5): 100.00
2023-06-19 16:32:01,466 - AUGCON - INFO - Epoch [10/50]-(20/22) Loss: 0.7015, Acc(1): 100.00, Acc(5): 100.00
2023-06-19 16:32:01,466 - AUGCON - INFO - 	Validation Loss: 0.9127, Acc(1): 85.00, Acc(5): 96.00, F1: 0.20, Recall: 0.20, Precision: 0.20
2023-06-19 16:32:01,466 - AUGCON - INFO - Epoch [11/50]-(0/22) Loss: 0.7104, Acc(1): 100.00, Acc(5): 100.00
2023-06-19 16:32:01,466 - AUGCON - INFO - Epoch [11/50]-(5/22) Loss: 1.2930, Acc(1): 50.00, Acc(5): 100.00
2023-06-19 16:32:01,466 - AUGCON - INFO - Epoch [11/50]-(10/22) Loss: 0.9604, Acc(1): 100.00, Acc(5): 100.00
2023-06-19 16:32:01,466 - AUGCON - INFO - Epoch [11/50]-(15/22) Loss: 0.6731, Acc(1): 100.00, Acc(5): 100.00
2023-06-19 16:32:01,466 - AUGCON - INFO - Epoch [11/50]-(20/22) Loss: 1.1342, Acc(1): 75.00, Acc(5): 100.00
2023-06-19 16:32:01,466 - AUGCON - INFO - 	Validation Loss: 0.9068, Acc(1): 85.00, Acc(5): 96.00, F1: 0.20, Recall: 0.21, Precision: 0.19
2023-06-19 16:32:01,466 - AUGCON - INFO - Epoch [12/50]-(0/22) Loss: 0.8759, Acc(1): 100.00, Acc(5): 100.00
2023-06-19 16:32:01,466 - AUGCON - INFO - Epoch [12/50]-(5/22) Loss: 1.0058, Acc(1): 75.00, Acc(5): 100.00
2023-06-19 16:32:01,466 - AUGCON - INFO - Epoch [12/50]-(10/22) Loss: 1.0300, Acc(1): 75.00, Acc(5): 100.00
2023-06-19 16:32:01,466 - AUGCON - INFO - Epoch [12/50]-(15/22) Loss: 0.8263, Acc(1): 75.00, Acc(5): 100.00
2023-06-19 16:32:01,466 - AUGCON - INFO - Epoch [12/50]-(20/22) Loss: 0.5247, Acc(1): 75.00, Acc(5): 100.00
2023-06-19 16:32:01,466 - AUGCON - INFO - 	Validation Loss: 0.8648, Acc(1): 83.00, Acc(5): 96.00, F1: 0.20, Recall: 0.20, Precision: 0.19
2023-06-19 16:32:01,467 - AUGCON - INFO - Epoch [13/50]-(0/22) Loss: 0.8725, Acc(1): 100.00, Acc(5): 100.00
2023-06-19 16:32:01,467 - AUGCON - INFO - Epoch [13/50]-(5/22) Loss: 0.6417, Acc(1): 100.00, Acc(5): 100.00
2023-06-19 16:32:01,467 - AUGCON - INFO - Epoch [13/50]-(10/22) Loss: 0.8791, Acc(1): 75.00, Acc(5): 100.00
2023-06-19 16:32:01,467 - AUGCON - INFO - Epoch [13/50]-(15/22) Loss: 0.8824, Acc(1): 75.00, Acc(5): 100.00
2023-06-19 16:32:01,467 - AUGCON - INFO - Epoch [13/50]-(20/22) Loss: 0.7482, Acc(1): 75.00, Acc(5): 100.00
2023-06-19 16:32:01,467 - AUGCON - INFO - 	Validation Loss: 0.8476, Acc(1): 87.00, Acc(5): 96.00, F1: 0.21, Recall: 0.21, Precision: 0.21
2023-06-19 16:32:01,467 - AUGCON - INFO - Epoch [14/50]-(0/22) Loss: 0.7193, Acc(1): 100.00, Acc(5): 100.00
2023-06-19 16:32:01,467 - AUGCON - INFO - Epoch [14/50]-(5/22) Loss: 0.5448, Acc(1): 100.00, Acc(5): 100.00
2023-06-19 16:32:01,467 - AUGCON - INFO - Epoch [14/50]-(10/22) Loss: 0.6457, Acc(1): 100.00, Acc(5): 100.00
2023-06-19 16:32:01,467 - AUGCON - INFO - Epoch [14/50]-(15/22) Loss: 1.2876, Acc(1): 25.00, Acc(5): 100.00
2023-06-19 16:32:01,467 - AUGCON - INFO - Epoch [14/50]-(20/22) Loss: 0.9379, Acc(1): 50.00, Acc(5): 100.00
2023-06-19 16:32:01,467 - AUGCON - INFO - 	Validation Loss: 0.8148, Acc(1): 83.00, Acc(5): 96.00, F1: 0.20, Recall: 0.20, Precision: 0.21
2023-06-19 16:32:01,467 - AUGCON - INFO - Epoch [15/50]-(0/22) Loss: 0.9506, Acc(1): 75.00, Acc(5): 100.00
2023-06-19 16:32:01,467 - AUGCON - INFO - Epoch [15/50]-(5/22) Loss: 0.6088, Acc(1): 75.00, Acc(5): 100.00
2023-06-19 16:32:01,467 - AUGCON - INFO - Epoch [15/50]-(10/22) Loss: 0.6332, Acc(1): 75.00, Acc(5): 100.00
2023-06-19 16:32:01,468 - AUGCON - INFO - Epoch [15/50]-(15/22) Loss: 0.5978, Acc(1): 100.00, Acc(5): 100.00
2023-06-19 16:32:01,468 - AUGCON - INFO - Epoch [15/50]-(20/22) Loss: 0.9540, Acc(1): 75.00, Acc(5): 100.00
2023-06-19 16:32:01,468 - AUGCON - INFO - 	Validation Loss: 0.8165, Acc(1): 84.00, Acc(5): 96.00, F1: 0.20, Recall: 0.20, Precision: 0.19
2023-06-19 16:32:01,468 - AUGCON - INFO - Epoch [16/50]-(0/22) Loss: 0.8612, Acc(1): 100.00, Acc(5): 100.00
2023-06-19 16:32:01,468 - AUGCON - INFO - Epoch [16/50]-(5/22) Loss: 0.8981, Acc(1): 75.00, Acc(5): 100.00
2023-06-19 16:32:01,468 - AUGCON - INFO - Epoch [16/50]-(10/22) Loss: 0.8916, Acc(1): 75.00, Acc(5): 100.00
2023-06-19 16:32:01,468 - AUGCON - INFO - Epoch [16/50]-(15/22) Loss: 1.1974, Acc(1): 50.00, Acc(5): 100.00
2023-06-19 16:32:01,468 - AUGCON - INFO - Epoch [16/50]-(20/22) Loss: 0.4102, Acc(1): 100.00, Acc(5): 100.00
2023-06-19 16:32:01,468 - AUGCON - INFO - 	Validation Loss: 0.7495, Acc(1): 82.00, Acc(5): 96.00, F1: 0.20, Recall: 0.19, Precision: 0.21
2023-06-19 16:32:01,468 - AUGCON - INFO - Epoch [17/50]-(0/22) Loss: 0.5316, Acc(1): 75.00, Acc(5): 100.00
2023-06-19 16:32:01,468 - AUGCON - INFO - Epoch [17/50]-(5/22) Loss: 0.9107, Acc(1): 100.00, Acc(5): 100.00
2023-06-19 16:32:01,468 - AUGCON - INFO - Epoch [17/50]-(10/22) Loss: 0.8414, Acc(1): 100.00, Acc(5): 100.00
2023-06-19 16:32:01,468 - AUGCON - INFO - Epoch [17/50]-(15/22) Loss: 1.3058, Acc(1): 50.00, Acc(5): 75.00
2023-06-19 16:32:01,468 - AUGCON - INFO - Epoch [17/50]-(20/22) Loss: 1.1447, Acc(1): 50.00, Acc(5): 100.00
2023-06-19 16:32:01,469 - AUGCON - INFO - 	Validation Loss: 0.7293, Acc(1): 85.00, Acc(5): 96.00, F1: 0.21, Recall: 0.20, Precision: 0.21
2023-06-19 16:32:01,469 - AUGCON - INFO - Epoch [18/50]-(0/22) Loss: 0.5922, Acc(1): 75.00, Acc(5): 100.00
2023-06-19 16:32:01,469 - AUGCON - INFO - Epoch [18/50]-(5/22) Loss: 0.3826, Acc(1): 100.00, Acc(5): 100.00
2023-06-19 16:32:01,469 - AUGCON - INFO - Epoch [18/50]-(10/22) Loss: 0.2769, Acc(1): 100.00, Acc(5): 100.00
2023-06-19 16:32:01,469 - AUGCON - INFO - Epoch [18/50]-(15/22) Loss: 0.8685, Acc(1): 75.00, Acc(5): 100.00
2023-06-19 16:32:01,469 - AUGCON - INFO - Epoch [18/50]-(20/22) Loss: 0.8263, Acc(1): 75.00, Acc(5): 100.00
2023-06-19 16:32:01,469 - AUGCON - INFO - 	Validation Loss: 0.7247, Acc(1): 86.00, Acc(5): 96.00, F1: 0.21, Recall: 0.20, Precision: 0.21
2023-06-19 16:32:01,469 - AUGCON - INFO - Epoch [19/50]-(0/22) Loss: 0.7327, Acc(1): 100.00, Acc(5): 100.00
2023-06-19 16:32:01,469 - AUGCON - INFO - Epoch [19/50]-(5/22) Loss: 0.2655, Acc(1): 100.00, Acc(5): 100.00
2023-06-19 16:32:01,469 - AUGCON - INFO - Epoch [19/50]-(10/22) Loss: 0.6340, Acc(1): 100.00, Acc(5): 100.00
2023-06-19 16:32:01,469 - AUGCON - INFO - Epoch [19/50]-(15/22) Loss: 0.6129, Acc(1): 100.00, Acc(5): 100.00
2023-06-19 16:32:01,469 - AUGCON - INFO - Epoch [19/50]-(20/22) Loss: 0.4859, Acc(1): 75.00, Acc(5): 100.00
2023-06-19 16:32:01,469 - AUGCON - INFO - 	Validation Loss: 0.7376, Acc(1): 86.00, Acc(5): 96.00, F1: 0.20, Recall: 0.20, Precision: 0.20
2023-06-19 16:32:01,469 - AUGCON - INFO - Epoch [20/50]-(0/22) Loss: 0.5096, Acc(1): 100.00, Acc(5): 100.00
2023-06-19 16:32:01,470 - AUGCON - INFO - Epoch [20/50]-(5/22) Loss: 0.3029, Acc(1): 100.00, Acc(5): 100.00
2023-06-19 16:32:01,470 - AUGCON - INFO - Epoch [20/50]-(10/22) Loss: 0.5481, Acc(1): 100.00, Acc(5): 100.00
2023-06-19 16:32:01,470 - AUGCON - INFO - Epoch [20/50]-(15/22) Loss: 0.5932, Acc(1): 75.00, Acc(5): 100.00
2023-06-19 16:32:01,470 - AUGCON - INFO - Epoch [20/50]-(20/22) Loss: 0.4631, Acc(1): 100.00, Acc(5): 100.00
2023-06-19 16:32:01,470 - AUGCON - INFO - 	Validation Loss: 0.7008, Acc(1): 84.00, Acc(5): 96.00, F1: 0.20, Recall: 0.20, Precision: 0.20
2023-06-19 16:32:01,470 - AUGCON - INFO - Epoch [21/50]-(0/22) Loss: 0.3197, Acc(1): 100.00, Acc(5): 100.00
2023-06-19 16:32:01,470 - AUGCON - INFO - Epoch [21/50]-(5/22) Loss: 0.6499, Acc(1): 100.00, Acc(5): 100.00
2023-06-19 16:32:01,470 - AUGCON - INFO - Epoch [21/50]-(10/22) Loss: 0.6751, Acc(1): 100.00, Acc(5): 100.00
2023-06-19 16:32:01,470 - AUGCON - INFO - Epoch [21/50]-(15/22) Loss: 0.4271, Acc(1): 75.00, Acc(5): 100.00
2023-06-19 16:32:01,470 - AUGCON - INFO - Epoch [21/50]-(20/22) Loss: 0.6137, Acc(1): 100.00, Acc(5): 100.00
2023-06-19 16:32:01,470 - AUGCON - INFO - 	Validation Loss: 0.7234, Acc(1): 83.00, Acc(5): 96.00, F1: 0.20, Recall: 0.20, Precision: 0.20
2023-06-19 16:32:01,470 - AUGCON - INFO - Epoch [22/50]-(0/22) Loss: 0.3066, Acc(1): 100.00, Acc(5): 100.00
2023-06-19 16:32:01,470 - AUGCON - INFO - Epoch [22/50]-(5/22) Loss: 0.8572, Acc(1): 100.00, Acc(5): 100.00
2023-06-19 16:32:01,470 - AUGCON - INFO - Epoch [22/50]-(10/22) Loss: 0.6417, Acc(1): 75.00, Acc(5): 100.00
2023-06-19 16:32:01,470 - AUGCON - INFO - Epoch [22/50]-(15/22) Loss: 1.4678, Acc(1): 25.00, Acc(5): 100.00
2023-06-19 16:32:01,471 - AUGCON - INFO - Epoch [22/50]-(20/22) Loss: 0.4182, Acc(1): 100.00, Acc(5): 100.00
2023-06-19 16:32:01,471 - AUGCON - INFO - 	Validation Loss: 0.6741, Acc(1): 87.00, Acc(5): 96.00, F1: 0.21, Recall: 0.21, Precision: 0.21
2023-06-19 16:32:01,471 - AUGCON - INFO - Epoch [23/50]-(0/22) Loss: 0.3789, Acc(1): 100.00, Acc(5): 100.00
2023-06-19 16:32:01,471 - AUGCON - INFO - Epoch [23/50]-(5/22) Loss: 0.4703, Acc(1): 100.00, Acc(5): 100.00
2023-06-19 16:32:01,471 - AUGCON - INFO - Epoch [23/50]-(10/22) Loss: 1.1193, Acc(1): 25.00, Acc(5): 100.00
2023-06-19 16:32:01,471 - AUGCON - INFO - Epoch [23/50]-(15/22) Loss: 0.4000, Acc(1): 75.00, Acc(5): 100.00
2023-06-19 16:32:01,471 - AUGCON - INFO - Epoch [23/50]-(20/22) Loss: 0.5748, Acc(1): 75.00, Acc(5): 100.00
2023-06-19 16:32:01,471 - AUGCON - INFO - 	Validation Loss: 0.7074, Acc(1): 83.00, Acc(5): 96.00, F1: 0.20, Recall: 0.20, Precision: 0.20
2023-06-19 16:32:01,471 - AUGCON - INFO - Epoch [24/50]-(0/22) Loss: 0.4237, Acc(1): 100.00, Acc(5): 100.00
2023-06-19 16:32:01,471 - AUGCON - INFO - Epoch [24/50]-(5/22) Loss: 0.6373, Acc(1): 75.00, Acc(5): 100.00
2023-06-19 16:32:01,471 - AUGCON - INFO - Epoch [24/50]-(10/22) Loss: 0.5359, Acc(1): 100.00, Acc(5): 100.00
2023-06-19 16:32:01,471 - AUGCON - INFO - Epoch [24/50]-(15/22) Loss: 0.6769, Acc(1): 100.00, Acc(5): 100.00
2023-06-19 16:32:01,471 - AUGCON - INFO - Epoch [24/50]-(20/22) Loss: 0.6970, Acc(1): 100.00, Acc(5): 100.00
2023-06-19 16:32:01,471 - AUGCON - INFO - 	Validation Loss: 0.6978, Acc(1): 83.00, Acc(5): 96.00, F1: 0.19, Recall: 0.20, Precision: 0.19
2023-06-19 16:32:01,472 - AUGCON - INFO - Epoch [25/50]-(0/22) Loss: 0.2890, Acc(1): 100.00, Acc(5): 100.00
2023-06-19 16:32:01,472 - AUGCON - INFO - Epoch [25/50]-(5/22) Loss: 0.1351, Acc(1): 100.00, Acc(5): 100.00
2023-06-19 16:32:01,472 - AUGCON - INFO - Epoch [25/50]-(10/22) Loss: 0.4568, Acc(1): 100.00, Acc(5): 100.00
2023-06-19 16:32:01,472 - AUGCON - INFO - Epoch [25/50]-(15/22) Loss: 0.2821, Acc(1): 100.00, Acc(5): 100.00
2023-06-19 16:32:01,472 - AUGCON - INFO - Epoch [25/50]-(20/22) Loss: 0.5430, Acc(1): 100.00, Acc(5): 100.00
2023-06-19 16:32:01,472 - AUGCON - INFO - 	Validation Loss: 0.6629, Acc(1): 84.00, Acc(5): 96.00, F1: 0.20, Recall: 0.20, Precision: 0.20
2023-06-19 16:32:01,472 - AUGCON - INFO - Epoch [26/50]-(0/22) Loss: 0.6276, Acc(1): 75.00, Acc(5): 100.00
2023-06-19 16:32:01,472 - AUGCON - INFO - Epoch [26/50]-(5/22) Loss: 0.4646, Acc(1): 100.00, Acc(5): 100.00
2023-06-19 16:32:01,472 - AUGCON - INFO - Epoch [26/50]-(10/22) Loss: 0.2223, Acc(1): 100.00, Acc(5): 100.00
2023-06-19 16:32:01,472 - AUGCON - INFO - Epoch [26/50]-(15/22) Loss: 0.5330, Acc(1): 75.00, Acc(5): 100.00
2023-06-19 16:32:01,472 - AUGCON - INFO - Epoch [26/50]-(20/22) Loss: 0.3730, Acc(1): 100.00, Acc(5): 100.00
2023-06-19 16:32:01,472 - AUGCON - INFO - 	Validation Loss: 0.6654, Acc(1): 86.00, Acc(5): 96.00, F1: 0.21, Recall: 0.20, Precision: 0.21
2023-06-19 16:32:01,472 - AUGCON - INFO - Epoch [27/50]-(0/22) Loss: 0.5137, Acc(1): 100.00, Acc(5): 100.00
2023-06-19 16:32:01,472 - AUGCON - INFO - Epoch [27/50]-(5/22) Loss: 0.6200, Acc(1): 75.00, Acc(5): 100.00
2023-06-19 16:32:01,473 - AUGCON - INFO - Epoch [27/50]-(10/22) Loss: 0.4200, Acc(1): 100.00, Acc(5): 100.00
2023-06-19 16:32:01,473 - AUGCON - INFO - Epoch [27/50]-(15/22) Loss: 0.6891, Acc(1): 50.00, Acc(5): 100.00
2023-06-19 16:32:01,473 - AUGCON - INFO - Epoch [27/50]-(20/22) Loss: 0.5192, Acc(1): 100.00, Acc(5): 100.00
2023-06-19 16:32:01,473 - AUGCON - INFO - 	Validation Loss: 0.6847, Acc(1): 84.00, Acc(5): 96.00, F1: 0.20, Recall: 0.20, Precision: 0.19
2023-06-19 16:32:01,473 - AUGCON - INFO - Epoch [28/50]-(0/22) Loss: 0.5947, Acc(1): 75.00, Acc(5): 100.00
2023-06-19 16:32:01,473 - AUGCON - INFO - Epoch [28/50]-(5/22) Loss: 0.6854, Acc(1): 100.00, Acc(5): 100.00
2023-06-19 16:32:01,473 - AUGCON - INFO - Epoch [28/50]-(10/22) Loss: 0.3751, Acc(1): 100.00, Acc(5): 100.00
2023-06-19 16:32:01,473 - AUGCON - INFO - Epoch [28/50]-(15/22) Loss: 0.3679, Acc(1): 100.00, Acc(5): 100.00
2023-06-19 16:32:01,473 - AUGCON - INFO - Epoch [28/50]-(20/22) Loss: 0.3496, Acc(1): 100.00, Acc(5): 100.00
2023-06-19 16:32:01,473 - AUGCON - INFO - 	Validation Loss: 0.6612, Acc(1): 85.00, Acc(5): 96.00, F1: 0.20, Recall: 0.20, Precision: 0.20
2023-06-19 16:32:01,473 - AUGCON - INFO - Epoch [29/50]-(0/22) Loss: 0.8577, Acc(1): 50.00, Acc(5): 100.00
2023-06-19 16:32:01,473 - AUGCON - INFO - Epoch [29/50]-(5/22) Loss: 0.7782, Acc(1): 50.00, Acc(5): 100.00
2023-06-19 16:32:01,473 - AUGCON - INFO - Epoch [29/50]-(10/22) Loss: 0.3716, Acc(1): 100.00, Acc(5): 100.00
2023-06-19 16:32:01,473 - AUGCON - INFO - Epoch [29/50]-(15/22) Loss: 0.1378, Acc(1): 100.00, Acc(5): 100.00
2023-06-19 16:32:01,473 - AUGCON - INFO - Epoch [29/50]-(20/22) Loss: 0.4631, Acc(1): 100.00, Acc(5): 100.00
2023-06-19 16:32:01,473 - AUGCON - INFO - 	Validation Loss: 0.6262, Acc(1): 85.00, Acc(5): 96.00, F1: 0.20, Recall: 0.20, Precision: 0.20
2023-06-19 16:32:01,474 - AUGCON - INFO - Epoch [30/50]-(0/22) Loss: 0.4079, Acc(1): 100.00, Acc(5): 100.00
2023-06-19 16:32:01,474 - AUGCON - INFO - Epoch [30/50]-(5/22) Loss: 0.5226, Acc(1): 75.00, Acc(5): 100.00
2023-06-19 16:32:01,474 - AUGCON - INFO - Epoch [30/50]-(10/22) Loss: 0.3753, Acc(1): 100.00, Acc(5): 100.00
2023-06-19 16:32:01,474 - AUGCON - INFO - Epoch [30/50]-(15/22) Loss: 0.4104, Acc(1): 100.00, Acc(5): 100.00
2023-06-19 16:32:01,474 - AUGCON - INFO - Epoch [30/50]-(20/22) Loss: 0.5690, Acc(1): 75.00, Acc(5): 100.00
2023-06-19 16:32:01,474 - AUGCON - INFO - 	Validation Loss: 0.6620, Acc(1): 87.00, Acc(5): 96.00, F1: 0.21, Recall: 0.21, Precision: 0.20
2023-06-19 16:32:01,474 - AUGCON - INFO - Epoch [31/50]-(0/22) Loss: 0.2728, Acc(1): 100.00, Acc(5): 100.00
2023-06-19 16:32:01,474 - AUGCON - INFO - Epoch [31/50]-(5/22) Loss: 0.3841, Acc(1): 100.00, Acc(5): 100.00
2023-06-19 16:32:01,474 - AUGCON - INFO - Epoch [31/50]-(10/22) Loss: 0.6435, Acc(1): 100.00, Acc(5): 100.00
2023-06-19 16:32:01,474 - AUGCON - INFO - Epoch [31/50]-(15/22) Loss: 0.8840, Acc(1): 50.00, Acc(5): 100.00
2023-06-19 16:32:01,474 - AUGCON - INFO - Epoch [31/50]-(20/22) Loss: 0.4797, Acc(1): 75.00, Acc(5): 100.00
2023-06-19 16:32:01,474 - AUGCON - INFO - 	Validation Loss: 0.6437, Acc(1): 86.00, Acc(5): 96.00, F1: 0.21, Recall: 0.20, Precision: 0.21
2023-06-19 16:32:01,474 - AUGCON - INFO - Epoch [32/50]-(0/22) Loss: 0.5724, Acc(1): 100.00, Acc(5): 100.00
2023-06-19 16:32:01,474 - AUGCON - INFO - Epoch [32/50]-(5/22) Loss: 0.3803, Acc(1): 75.00, Acc(5): 100.00
2023-06-19 16:32:01,474 - AUGCON - INFO - Epoch [32/50]-(10/22) Loss: 0.4059, Acc(1): 100.00, Acc(5): 100.00
2023-06-19 16:32:01,474 - AUGCON - INFO - Epoch [32/50]-(15/22) Loss: 0.6800, Acc(1): 75.00, Acc(5): 100.00
2023-06-19 16:32:01,475 - AUGCON - INFO - Epoch [32/50]-(20/22) Loss: 0.3954, Acc(1): 100.00, Acc(5): 100.00
2023-06-19 16:32:01,475 - AUGCON - INFO - 	Validation Loss: 0.6503, Acc(1): 85.00, Acc(5): 96.00, F1: 0.20, Recall: 0.20, Precision: 0.20
2023-06-19 16:32:01,475 - AUGCON - INFO - Epoch [33/50]-(0/22) Loss: 0.6020, Acc(1): 100.00, Acc(5): 100.00
2023-06-19 16:32:01,475 - AUGCON - INFO - Epoch [33/50]-(5/22) Loss: 0.3888, Acc(1): 100.00, Acc(5): 100.00
2023-06-19 16:32:01,475 - AUGCON - INFO - Epoch [33/50]-(10/22) Loss: 0.7007, Acc(1): 50.00, Acc(5): 100.00
2023-06-19 16:32:01,475 - AUGCON - INFO - Epoch [33/50]-(15/22) Loss: 0.4157, Acc(1): 100.00, Acc(5): 100.00
2023-06-19 16:32:01,475 - AUGCON - INFO - Epoch [33/50]-(20/22) Loss: 0.4874, Acc(1): 75.00, Acc(5): 100.00
2023-06-19 16:32:01,475 - AUGCON - INFO - 	Validation Loss: 0.6461, Acc(1): 85.00, Acc(5): 96.00, F1: 0.20, Recall: 0.20, Precision: 0.20
2023-06-19 16:32:01,475 - AUGCON - INFO - Epoch [34/50]-(0/22) Loss: 0.1034, Acc(1): 100.00, Acc(5): 100.00
2023-06-19 16:32:01,475 - AUGCON - INFO - Epoch [34/50]-(5/22) Loss: 0.9965, Acc(1): 50.00, Acc(5): 100.00
2023-06-19 16:32:01,475 - AUGCON - INFO - Epoch [34/50]-(10/22) Loss: 0.5665, Acc(1): 100.00, Acc(5): 100.00
2023-06-19 16:32:01,475 - AUGCON - INFO - Epoch [34/50]-(15/22) Loss: 0.5426, Acc(1): 100.00, Acc(5): 100.00
2023-06-19 16:32:01,475 - AUGCON - INFO - Epoch [34/50]-(20/22) Loss: 0.5375, Acc(1): 75.00, Acc(5): 100.00
2023-06-19 16:32:01,475 - AUGCON - INFO - 	Validation Loss: 0.6401, Acc(1): 86.00, Acc(5): 96.00, F1: 0.20, Recall: 0.20, Precision: 0.20
2023-06-19 16:32:01,475 - AUGCON - INFO - Epoch [35/50]-(0/22) Loss: 0.3651, Acc(1): 100.00, Acc(5): 100.00
2023-06-19 16:32:01,476 - AUGCON - INFO - Epoch [35/50]-(5/22) Loss: 0.3572, Acc(1): 75.00, Acc(5): 100.00
2023-06-19 16:32:01,476 - AUGCON - INFO - Epoch [35/50]-(10/22) Loss: 0.6083, Acc(1): 50.00, Acc(5): 100.00
2023-06-19 16:32:01,476 - AUGCON - INFO - Epoch [35/50]-(15/22) Loss: 0.4197, Acc(1): 100.00, Acc(5): 100.00
2023-06-19 16:32:01,476 - AUGCON - INFO - Epoch [35/50]-(20/22) Loss: 1.1533, Acc(1): 50.00, Acc(5): 100.00
2023-06-19 16:32:01,476 - AUGCON - INFO - 	Validation Loss: 0.6493, Acc(1): 84.00, Acc(5): 96.00, F1: 0.20, Recall: 0.20, Precision: 0.20
2023-06-19 16:32:01,476 - AUGCON - INFO - Epoch [36/50]-(0/22) Loss: 0.5692, Acc(1): 50.00, Acc(5): 100.00
2023-06-19 16:32:01,477 - AUGCON - INFO - Epoch [36/50]-(5/22) Loss: 0.3693, Acc(1): 100.00, Acc(5): 100.00
2023-06-19 16:32:01,477 - AUGCON - INFO - Epoch [36/50]-(10/22) Loss: 0.1768, Acc(1): 100.00, Acc(5): 100.00
2023-06-19 16:32:01,477 - AUGCON - INFO - Epoch [36/50]-(15/22) Loss: 0.5997, Acc(1): 50.00, Acc(5): 100.00
2023-06-19 16:32:01,477 - AUGCON - INFO - Epoch [36/50]-(20/22) Loss: 0.2496, Acc(1): 100.00, Acc(5): 100.00
2023-06-19 16:32:01,477 - AUGCON - INFO - 	Validation Loss: 0.5979, Acc(1): 84.00, Acc(5): 96.00, F1: 0.20, Recall: 0.20, Precision: 0.20
2023-06-19 16:32:01,477 - AUGCON - INFO - Epoch [37/50]-(0/22) Loss: 0.3143, Acc(1): 100.00, Acc(5): 100.00
2023-06-19 16:32:01,477 - AUGCON - INFO - Epoch [37/50]-(5/22) Loss: 0.4976, Acc(1): 100.00, Acc(5): 100.00
2023-06-19 16:32:01,477 - AUGCON - INFO - Epoch [37/50]-(10/22) Loss: 0.1342, Acc(1): 100.00, Acc(5): 100.00
2023-06-19 16:32:01,477 - AUGCON - INFO - Epoch [37/50]-(15/22) Loss: 0.2321, Acc(1): 100.00, Acc(5): 100.00
2023-06-19 16:32:01,477 - AUGCON - INFO - Epoch [37/50]-(20/22) Loss: 0.3511, Acc(1): 100.00, Acc(5): 100.00
2023-06-19 16:32:01,477 - AUGCON - INFO - 	Validation Loss: 0.6342, Acc(1): 84.00, Acc(5): 96.00, F1: 0.20, Recall: 0.20, Precision: 0.20
2023-06-19 16:32:01,478 - AUGCON - INFO - Epoch [38/50]-(0/22) Loss: 0.2652, Acc(1): 100.00, Acc(5): 100.00
2023-06-19 16:32:01,478 - AUGCON - INFO - Epoch [38/50]-(5/22) Loss: 0.6886, Acc(1): 100.00, Acc(5): 100.00
2023-06-19 16:32:01,478 - AUGCON - INFO - Epoch [38/50]-(10/22) Loss: 0.3682, Acc(1): 100.00, Acc(5): 100.00
2023-06-19 16:32:01,478 - AUGCON - INFO - Epoch [38/50]-(15/22) Loss: 0.3276, Acc(1): 100.00, Acc(5): 100.00
2023-06-19 16:32:01,478 - AUGCON - INFO - Epoch [38/50]-(20/22) Loss: 0.1456, Acc(1): 100.00, Acc(5): 100.00
2023-06-19 16:32:01,478 - AUGCON - INFO - 	Validation Loss: 0.6016, Acc(1): 86.00, Acc(5): 96.00, F1: 0.20, Recall: 0.20, Precision: 0.20
2023-06-19 16:32:01,479 - AUGCON - INFO - Epoch [39/50]-(0/22) Loss: 0.1597, Acc(1): 100.00, Acc(5): 100.00
2023-06-19 16:32:01,479 - AUGCON - INFO - Epoch [39/50]-(5/22) Loss: 0.4618, Acc(1): 100.00, Acc(5): 100.00
2023-06-19 16:32:01,479 - AUGCON - INFO - Epoch [39/50]-(10/22) Loss: 0.4614, Acc(1): 75.00, Acc(5): 100.00
2023-06-19 16:32:01,479 - AUGCON - INFO - Epoch [39/50]-(15/22) Loss: 0.1008, Acc(1): 100.00, Acc(5): 100.00
2023-06-19 16:32:01,479 - AUGCON - INFO - Epoch [39/50]-(20/22) Loss: 0.6103, Acc(1): 100.00, Acc(5): 100.00
2023-06-19 16:32:01,479 - AUGCON - INFO - 	Validation Loss: 0.6291, Acc(1): 84.00, Acc(5): 96.00, F1: 0.20, Recall: 0.20, Precision: 0.19
2023-06-19 16:32:01,479 - AUGCON - INFO - Epoch [40/50]-(0/22) Loss: 0.2314, Acc(1): 100.00, Acc(5): 100.00
2023-06-19 16:32:01,479 - AUGCON - INFO - Epoch [40/50]-(5/22) Loss: 0.3812, Acc(1): 100.00, Acc(5): 100.00
2023-06-19 16:32:01,479 - AUGCON - INFO - Epoch [40/50]-(10/22) Loss: 0.3131, Acc(1): 100.00, Acc(5): 100.00
2023-06-19 16:32:01,479 - AUGCON - INFO - Epoch [40/50]-(15/22) Loss: 0.2777, Acc(1): 100.00, Acc(5): 100.00
2023-06-19 16:32:01,479 - AUGCON - INFO - Epoch [40/50]-(20/22) Loss: 0.5286, Acc(1): 75.00, Acc(5): 100.00
2023-06-19 16:32:01,479 - AUGCON - INFO - 	Validation Loss: 0.6134, Acc(1): 86.00, Acc(5): 96.00, F1: 0.20, Recall: 0.20, Precision: 0.20
2023-06-19 16:32:01,479 - AUGCON - INFO - Epoch [41/50]-(0/22) Loss: 0.5402, Acc(1): 100.00, Acc(5): 100.00
2023-06-19 16:32:01,479 - AUGCON - INFO - Epoch [41/50]-(5/22) Loss: 0.5739, Acc(1): 75.00, Acc(5): 100.00
2023-06-19 16:32:01,480 - AUGCON - INFO - Epoch [41/50]-(10/22) Loss: 0.2870, Acc(1): 100.00, Acc(5): 100.00
2023-06-19 16:32:01,480 - AUGCON - INFO - Epoch [41/50]-(15/22) Loss: 0.5672, Acc(1): 75.00, Acc(5): 100.00
2023-06-19 16:32:01,480 - AUGCON - INFO - Epoch [41/50]-(20/22) Loss: 0.4530, Acc(1): 75.00, Acc(5): 100.00
2023-06-19 16:32:01,480 - AUGCON - INFO - 	Validation Loss: 0.6216, Acc(1): 84.00, Acc(5): 96.00, F1: 0.20, Recall: 0.20, Precision: 0.19
2023-06-19 16:32:01,480 - AUGCON - INFO - Epoch [42/50]-(0/22) Loss: 0.4219, Acc(1): 100.00, Acc(5): 100.00
2023-06-19 16:32:01,480 - AUGCON - INFO - Epoch [42/50]-(5/22) Loss: 0.4714, Acc(1): 100.00, Acc(5): 100.00
2023-06-19 16:32:01,480 - AUGCON - INFO - Epoch [42/50]-(10/22) Loss: 0.2066, Acc(1): 100.00, Acc(5): 100.00
2023-06-19 16:32:01,480 - AUGCON - INFO - Epoch [42/50]-(15/22) Loss: 1.0801, Acc(1): 50.00, Acc(5): 100.00
2023-06-19 16:32:01,480 - AUGCON - INFO - Epoch [42/50]-(20/22) Loss: 0.1002, Acc(1): 100.00, Acc(5): 100.00
2023-06-19 16:32:01,480 - AUGCON - INFO - 	Validation Loss: 0.6051, Acc(1): 85.00, Acc(5): 96.00, F1: 0.20, Recall: 0.20, Precision: 0.21
2023-06-19 16:32:01,480 - AUGCON - INFO - Epoch [43/50]-(0/22) Loss: 0.1504, Acc(1): 100.00, Acc(5): 100.00
2023-06-19 16:32:01,480 - AUGCON - INFO - Epoch [43/50]-(5/22) Loss: 0.3276, Acc(1): 75.00, Acc(5): 100.00
2023-06-19 16:32:01,480 - AUGCON - INFO - Epoch [43/50]-(10/22) Loss: 0.2121, Acc(1): 100.00, Acc(5): 100.00
2023-06-19 16:32:01,481 - AUGCON - INFO - Epoch [43/50]-(15/22) Loss: 0.0851, Acc(1): 100.00, Acc(5): 100.00
2023-06-19 16:32:01,481 - AUGCON - INFO - Epoch [43/50]-(20/22) Loss: 0.2675, Acc(1): 100.00, Acc(5): 100.00
2023-06-19 16:32:01,481 - AUGCON - INFO - 	Validation Loss: 0.6127, Acc(1): 85.00, Acc(5): 96.00, F1: 0.20, Recall: 0.20, Precision: 0.20
2023-06-19 16:32:01,481 - AUGCON - INFO - Epoch [44/50]-(0/22) Loss: 0.2123, Acc(1): 100.00, Acc(5): 100.00
2023-06-19 16:32:01,481 - AUGCON - INFO - Epoch [44/50]-(5/22) Loss: 0.4902, Acc(1): 100.00, Acc(5): 100.00
2023-06-19 16:32:01,481 - AUGCON - INFO - Epoch [44/50]-(10/22) Loss: 0.4565, Acc(1): 100.00, Acc(5): 100.00
2023-06-19 16:32:01,481 - AUGCON - INFO - Epoch [44/50]-(15/22) Loss: 0.2402, Acc(1): 100.00, Acc(5): 100.00
2023-06-19 16:32:01,481 - AUGCON - INFO - Epoch [44/50]-(20/22) Loss: 0.5808, Acc(1): 75.00, Acc(5): 100.00
2023-06-19 16:32:01,481 - AUGCON - INFO - 	Validation Loss: 0.6200, Acc(1): 85.00, Acc(5): 96.00, F1: 0.20, Recall: 0.20, Precision: 0.20
2023-06-19 16:32:01,481 - AUGCON - INFO - Epoch [45/50]-(0/22) Loss: 0.3750, Acc(1): 100.00, Acc(5): 100.00
2023-06-19 16:32:01,481 - AUGCON - INFO - Epoch [45/50]-(5/22) Loss: 0.4548, Acc(1): 100.00, Acc(5): 100.00
2023-06-19 16:32:01,481 - AUGCON - INFO - Epoch [45/50]-(10/22) Loss: 0.3660, Acc(1): 100.00, Acc(5): 100.00
2023-06-19 16:32:01,481 - AUGCON - INFO - Epoch [45/50]-(15/22) Loss: 0.9913, Acc(1): 75.00, Acc(5): 100.00
2023-06-19 16:32:01,481 - AUGCON - INFO - Epoch [45/50]-(20/22) Loss: 0.2049, Acc(1): 100.00, Acc(5): 100.00
2023-06-19 16:32:01,481 - AUGCON - INFO - 	Validation Loss: 0.6384, Acc(1): 83.00, Acc(5): 96.00, F1: 0.19, Recall: 0.20, Precision: 0.19
2023-06-19 16:32:01,481 - AUGCON - INFO - Epoch [46/50]-(0/22) Loss: 0.5024, Acc(1): 75.00, Acc(5): 100.00
2023-06-19 16:32:01,482 - AUGCON - INFO - Epoch [46/50]-(5/22) Loss: 0.5407, Acc(1): 75.00, Acc(5): 100.00
2023-06-19 16:32:01,482 - AUGCON - INFO - Epoch [46/50]-(10/22) Loss: 0.2619, Acc(1): 100.00, Acc(5): 100.00
2023-06-19 16:32:01,482 - AUGCON - INFO - Epoch [46/50]-(15/22) Loss: 0.1224, Acc(1): 100.00, Acc(5): 100.00
2023-06-19 16:32:01,482 - AUGCON - INFO - Epoch [46/50]-(20/22) Loss: 0.5943, Acc(1): 75.00, Acc(5): 100.00
2023-06-19 16:32:01,482 - AUGCON - INFO - 	Validation Loss: 0.6013, Acc(1): 86.00, Acc(5): 96.00, F1: 0.21, Recall: 0.20, Precision: 0.21
2023-06-19 16:32:01,482 - AUGCON - INFO - Epoch [47/50]-(0/22) Loss: 0.2808, Acc(1): 100.00, Acc(5): 100.00
2023-06-19 16:32:01,482 - AUGCON - INFO - Epoch [47/50]-(5/22) Loss: 0.1579, Acc(1): 100.00, Acc(5): 100.00
2023-06-19 16:32:01,482 - AUGCON - INFO - Epoch [47/50]-(10/22) Loss: 0.3315, Acc(1): 100.00, Acc(5): 100.00
2023-06-19 16:32:01,482 - AUGCON - INFO - Epoch [47/50]-(15/22) Loss: 0.2558, Acc(1): 100.00, Acc(5): 100.00
2023-06-19 16:32:01,482 - AUGCON - INFO - Epoch [47/50]-(20/22) Loss: 0.1903, Acc(1): 100.00, Acc(5): 100.00
2023-06-19 16:32:01,482 - AUGCON - INFO - 	Validation Loss: 0.6566, Acc(1): 82.00, Acc(5): 96.00, F1: 0.19, Recall: 0.19, Precision: 0.19
2023-06-19 16:32:01,482 - AUGCON - INFO - Epoch [48/50]-(0/22) Loss: 0.0548, Acc(1): 100.00, Acc(5): 100.00
2023-06-19 16:32:01,482 - AUGCON - INFO - Epoch [48/50]-(5/22) Loss: 0.2077, Acc(1): 100.00, Acc(5): 100.00
2023-06-19 16:32:01,483 - AUGCON - INFO - Epoch [48/50]-(10/22) Loss: 0.1370, Acc(1): 100.00, Acc(5): 100.00
2023-06-19 16:32:01,483 - AUGCON - INFO - Epoch [48/50]-(15/22) Loss: 0.0716, Acc(1): 100.00, Acc(5): 100.00
2023-06-19 16:32:01,483 - AUGCON - INFO - Epoch [48/50]-(20/22) Loss: 0.6343, Acc(1): 75.00, Acc(5): 100.00
2023-06-19 16:32:01,483 - AUGCON - INFO - 	Validation Loss: 0.6098, Acc(1): 85.00, Acc(5): 96.00, F1: 0.20, Recall: 0.20, Precision: 0.20
2023-06-19 16:32:01,483 - AUGCON - INFO - Epoch [49/50]-(0/22) Loss: 0.2004, Acc(1): 100.00, Acc(5): 100.00
2023-06-19 16:32:01,483 - AUGCON - INFO - Epoch [49/50]-(5/22) Loss: 0.4442, Acc(1): 100.00, Acc(5): 100.00
2023-06-19 16:32:01,483 - AUGCON - INFO - Epoch [49/50]-(10/22) Loss: 0.1454, Acc(1): 100.00, Acc(5): 100.00
2023-06-19 16:32:01,483 - AUGCON - INFO - Epoch [49/50]-(15/22) Loss: 0.0681, Acc(1): 100.00, Acc(5): 100.00
2023-06-19 16:32:01,483 - AUGCON - INFO - Epoch [49/50]-(20/22) Loss: 0.1239, Acc(1): 100.00, Acc(5): 100.00
2023-06-19 16:32:01,483 - AUGCON - INFO - 	Validation Loss: 0.6193, Acc(1): 83.00, Acc(5): 96.00, F1: 0.19, Recall: 0.20, Precision: 0.19
2023-06-19 16:32:01,483 - AUGCON - INFO - Epoch [50/50]-(0/22) Loss: 0.2021, Acc(1): 100.00, Acc(5): 100.00
2023-06-19 16:32:01,483 - AUGCON - INFO - Epoch [50/50]-(5/22) Loss: 0.2946, Acc(1): 100.00, Acc(5): 100.00
2023-06-19 16:32:01,483 - AUGCON - INFO - Epoch [50/50]-(10/22) Loss: 0.1118, Acc(1): 100.00, Acc(5): 100.00
2023-06-19 16:32:01,483 - AUGCON - INFO - Epoch [50/50]-(15/22) Loss: 0.2062, Acc(1): 100.00, Acc(5): 100.00
2023-06-19 16:32:01,483 - AUGCON - INFO - Epoch [50/50]-(20/22) Loss: 0.3817, Acc(1): 100.00, Acc(5): 100.00
2023-06-19 16:32:01,483 - AUGCON - INFO - 	Validation Loss: 0.5994, Acc(1): 85.00, Acc(5): 96.00, F1: 0.20, Recall: 0.20, Precision: 0.20
2023-06-19 16:32:01,484 - AUGCON - INFO - 	Validation Loss: 0.8656, Acc(1): 82.00, Acc(5): 91.33, F1: 0.20, Recall: 0.20, Precision: 0.19
