2023-06-19 16:33:48,442 - AUGCON - INFO - logger initialized (/home/hjyoon/projects/augcon/config/exp0/finetune_da_false/without_target_domain_PH0034-ykha/metacpc_random_8421/tgt_target_domain_WA0002-bkkim_seed0.yaml.log)
2023-06-19 16:33:48,442 - AUGCON - INFO - ================= Config =================
2023-06-19 16:33:48,442 - AUGCON - INFO -   mode: finetune
2023-06-19 16:33:48,442 - AUGCON - INFO -   seed: 0
2023-06-19 16:33:48,442 - AUGCON - INFO -   gpu: [3]
2023-06-19 16:33:48,442 - AUGCON - INFO -   num_workers: 1
2023-06-19 16:33:48,442 - AUGCON - INFO -   dist_url: tcp://localhost:10001
2023-06-19 16:33:48,442 - AUGCON - INFO -   dataset_name: ichar
2023-06-19 16:33:48,442 - AUGCON - INFO -   train_dataset_path: /mnt/sting/hjyoon/projects/cross/ICHAR/augcon/target_domain_WA0002-bkkim/finetune/10shot/target/train.pkl
2023-06-19 16:33:48,442 - AUGCON - INFO -   test_dataset_path: /mnt/sting/hjyoon/projects/cross/ICHAR/augcon/target_domain_WA0002-bkkim/finetune/10shot/target/test.pkl
2023-06-19 16:33:48,442 - AUGCON - INFO -   val_dataset_path: /mnt/sting/hjyoon/projects/cross/ICHAR/augcon/target_domain_WA0002-bkkim/finetune/10shot/target/val.pkl
2023-06-19 16:33:48,442 - AUGCON - INFO -   input_channels: 3
2023-06-19 16:33:48,442 - AUGCON - INFO -   num_cls: 9
2023-06-19 16:33:48,443 - AUGCON - INFO -   optimizer: adam
2023-06-19 16:33:48,443 - AUGCON - INFO -   criterion: crossentropy
2023-06-19 16:33:48,443 - AUGCON - INFO -   start_epoch: 0
2023-06-19 16:33:48,443 - AUGCON - INFO -   epochs: 50
2023-06-19 16:33:48,443 - AUGCON - INFO -   batch_size: 4
2023-06-19 16:33:48,443 - AUGCON - INFO -   lr: 0.001
2023-06-19 16:33:48,443 - AUGCON - INFO -   wd: 0.0
2023-06-19 16:33:48,443 - AUGCON - INFO -   resume: 
2023-06-19 16:33:48,443 - AUGCON - INFO -   pretrained: /mnt/sting/hjyoon/projects/augcontrast/models/exp0/pretrain/without_target_domain_PH0034-ykha/metacpc_random_8421/checkpoint_0999.pth.tar
2023-06-19 16:33:48,443 - AUGCON - INFO -   ckpt_dir: /mnt/sting/hjyoon/projects/augcontrast/models/exp0/finetune_da_false/without_target_domain_PH0034-ykha/metacpc_random_8421/tgt_target_domain_WA0002-bkkim_seed0
2023-06-19 16:33:48,443 - AUGCON - INFO -   log_freq: 5
2023-06-19 16:33:48,443 - AUGCON - INFO -   save_freq: 10
2023-06-19 16:33:48,443 - AUGCON - INFO -   pretext: metacpc
2023-06-19 16:33:48,443 - AUGCON - INFO -   enc_blocks: 4
2023-06-19 16:33:48,443 - AUGCON - INFO -   kernel_sizes: [8, 4, 2, 1]
2023-06-19 16:33:48,443 - AUGCON - INFO -   strides: [4, 2, 1, 1]
2023-06-19 16:33:48,443 - AUGCON - INFO -   agg_blocks: 5
2023-06-19 16:33:48,443 - AUGCON - INFO -   z_dim: 256
2023-06-19 16:33:48,443 - AUGCON - INFO -   pooling: mean
2023-06-19 16:33:48,443 - AUGCON - INFO -   pred_steps: 12
2023-06-19 16:33:48,443 - AUGCON - INFO -   n_negatives: 15
2023-06-19 16:33:48,443 - AUGCON - INFO -   offset: 4
2023-06-19 16:33:48,443 - AUGCON - INFO -   domain_adaptation: False
2023-06-19 16:33:48,443 - AUGCON - INFO -   task_steps: 10
2023-06-19 16:33:48,443 - AUGCON - INFO -   task_lr: 0.001
2023-06-19 16:33:48,443 - AUGCON - INFO -   reg_lambda: 0
2023-06-19 16:33:48,443 - AUGCON - INFO -   mlp: False
2023-06-19 16:33:48,443 - AUGCON - INFO -   freeze: True
2023-06-19 16:33:48,443 - AUGCON - INFO -   no_vars: False
2023-06-19 16:33:48,443 - AUGCON - INFO - ==========================================
2023-06-19 16:33:48,443 - AUGCON - INFO - Setting GPUs: [3]
2023-06-19 16:33:48,443 - AUGCON - INFO - GPUs [3] will be used
2023-06-19 16:33:48,444 - AUGCON - WARNING - You have chosen to seed training. 
2023-06-19 16:33:48,444 - AUGCON - WARNING - This will turn on the CUDNN deterministic setting, 
2023-06-19 16:33:48,444 - AUGCON - WARNING - which can slow down your training considerably! 
2023-06-19 16:33:48,444 - AUGCON - WARNING - You may see unexpected behavior when restarting 
2023-06-19 16:33:48,444 - AUGCON - WARNING - from checkpoints.
2023-06-19 16:33:48,479 - AUGCON - INFO - Executing MetaCPC
2023-06-19 16:33:48,479 - AUGCON - INFO - Logs are skipped during training
2023-06-19 16:34:07,495 - AUGCON - INFO - Single GPU is used for training - training 90 instances for each worker
2023-06-19 16:34:07,496 - AUGCON - INFO - Loading pretrained model from checkpoint - /mnt/sting/hjyoon/projects/augcontrast/models/exp0/pretrain/without_target_domain_PH0034-ykha/metacpc_random_8421/checkpoint_0999.pth.tar
2023-06-19 16:34:07,496 - AUGCON - INFO - Missing keys: []
2023-06-19 16:34:07,496 - AUGCON - INFO - Loading encoder parameters to the classifier
2023-06-19 16:34:07,496 - AUGCON - INFO - Missing keys: ['classifier.block.0.weight', 'classifier.block.0.bias']
2023-06-19 16:34:07,496 - AUGCON - INFO - Epoch [1/50]-(0/22) Loss: 2.1890, Acc(1): 25.00, Acc(5): 50.00
2023-06-19 16:34:07,496 - AUGCON - INFO - Epoch [1/50]-(5/22) Loss: 1.8331, Acc(1): 50.00, Acc(5): 75.00
2023-06-19 16:34:07,496 - AUGCON - INFO - Epoch [1/50]-(10/22) Loss: 2.5329, Acc(1): 25.00, Acc(5): 50.00
2023-06-19 16:34:07,496 - AUGCON - INFO - Epoch [1/50]-(15/22) Loss: 2.3082, Acc(1): 25.00, Acc(5): 50.00
2023-06-19 16:34:07,496 - AUGCON - INFO - Epoch [1/50]-(20/22) Loss: 2.2841, Acc(1): 25.00, Acc(5): 25.00
2023-06-19 16:34:07,496 - AUGCON - INFO - 	Validation Loss: 1.9041, Acc(1): 29.00, Acc(5): 94.00, F1: 0.09, Recall: 0.08, Precision: 0.10
2023-06-19 16:34:07,496 - AUGCON - INFO - Epoch [2/50]-(0/22) Loss: 2.0368, Acc(1): 25.00, Acc(5): 75.00
2023-06-19 16:34:07,496 - AUGCON - INFO - Epoch [2/50]-(5/22) Loss: 2.0229, Acc(1): 25.00, Acc(5): 75.00
2023-06-19 16:34:07,496 - AUGCON - INFO - Epoch [2/50]-(10/22) Loss: 1.8742, Acc(1): 25.00, Acc(5): 100.00
2023-06-19 16:34:07,497 - AUGCON - INFO - Epoch [2/50]-(15/22) Loss: 1.8503, Acc(1): 50.00, Acc(5): 100.00
2023-06-19 16:34:07,497 - AUGCON - INFO - Epoch [2/50]-(20/22) Loss: 1.4218, Acc(1): 50.00, Acc(5): 100.00
2023-06-19 16:34:07,497 - AUGCON - INFO - 	Validation Loss: 1.5266, Acc(1): 59.00, Acc(5): 98.00, F1: 0.13, Recall: 0.12, Precision: 0.14
2023-06-19 16:34:07,497 - AUGCON - INFO - Epoch [3/50]-(0/22) Loss: 1.2769, Acc(1): 100.00, Acc(5): 100.00
2023-06-19 16:34:07,497 - AUGCON - INFO - Epoch [3/50]-(5/22) Loss: 1.8791, Acc(1): 25.00, Acc(5): 100.00
2023-06-19 16:34:07,497 - AUGCON - INFO - Epoch [3/50]-(10/22) Loss: 1.4302, Acc(1): 25.00, Acc(5): 100.00
2023-06-19 16:34:07,497 - AUGCON - INFO - Epoch [3/50]-(15/22) Loss: 1.6474, Acc(1): 25.00, Acc(5): 100.00
2023-06-19 16:34:07,497 - AUGCON - INFO - Epoch [3/50]-(20/22) Loss: 1.4380, Acc(1): 50.00, Acc(5): 100.00
2023-06-19 16:34:07,497 - AUGCON - INFO - 	Validation Loss: 1.3661, Acc(1): 64.00, Acc(5): 100.00, F1: 0.15, Recall: 0.16, Precision: 0.14
2023-06-19 16:34:07,497 - AUGCON - INFO - Epoch [4/50]-(0/22) Loss: 1.5873, Acc(1): 25.00, Acc(5): 100.00
2023-06-19 16:34:07,497 - AUGCON - INFO - Epoch [4/50]-(5/22) Loss: 1.5698, Acc(1): 25.00, Acc(5): 100.00
2023-06-19 16:34:07,497 - AUGCON - INFO - Epoch [4/50]-(10/22) Loss: 1.3831, Acc(1): 50.00, Acc(5): 100.00
2023-06-19 16:34:07,497 - AUGCON - INFO - Epoch [4/50]-(15/22) Loss: 1.3517, Acc(1): 50.00, Acc(5): 100.00
2023-06-19 16:34:07,497 - AUGCON - INFO - Epoch [4/50]-(20/22) Loss: 1.1765, Acc(1): 100.00, Acc(5): 100.00
2023-06-19 16:34:07,498 - AUGCON - INFO - 	Validation Loss: 1.2440, Acc(1): 74.00, Acc(5): 100.00, F1: 0.19, Recall: 0.17, Precision: 0.22
2023-06-19 16:34:07,498 - AUGCON - INFO - Epoch [5/50]-(0/22) Loss: 1.0302, Acc(1): 100.00, Acc(5): 100.00
2023-06-19 16:34:07,498 - AUGCON - INFO - Epoch [5/50]-(5/22) Loss: 1.4791, Acc(1): 75.00, Acc(5): 100.00
2023-06-19 16:34:07,498 - AUGCON - INFO - Epoch [5/50]-(10/22) Loss: 1.0998, Acc(1): 75.00, Acc(5): 100.00
2023-06-19 16:34:07,498 - AUGCON - INFO - Epoch [5/50]-(15/22) Loss: 1.5225, Acc(1): 25.00, Acc(5): 100.00
2023-06-19 16:34:07,498 - AUGCON - INFO - Epoch [5/50]-(20/22) Loss: 1.3382, Acc(1): 75.00, Acc(5): 100.00
2023-06-19 16:34:07,498 - AUGCON - INFO - 	Validation Loss: 1.2184, Acc(1): 76.00, Acc(5): 100.00, F1: 0.18, Recall: 0.18, Precision: 0.19
2023-06-19 16:34:07,498 - AUGCON - INFO - Epoch [6/50]-(0/22) Loss: 1.1796, Acc(1): 100.00, Acc(5): 100.00
2023-06-19 16:34:07,498 - AUGCON - INFO - Epoch [6/50]-(5/22) Loss: 1.6068, Acc(1): 25.00, Acc(5): 100.00
2023-06-19 16:34:07,498 - AUGCON - INFO - Epoch [6/50]-(10/22) Loss: 1.1966, Acc(1): 50.00, Acc(5): 100.00
2023-06-19 16:34:07,498 - AUGCON - INFO - Epoch [6/50]-(15/22) Loss: 1.0916, Acc(1): 100.00, Acc(5): 100.00
2023-06-19 16:34:07,498 - AUGCON - INFO - Epoch [6/50]-(20/22) Loss: 1.4636, Acc(1): 25.00, Acc(5): 100.00
2023-06-19 16:34:07,498 - AUGCON - INFO - 	Validation Loss: 1.1101, Acc(1): 72.00, Acc(5): 100.00, F1: 0.18, Recall: 0.17, Precision: 0.20
2023-06-19 16:34:07,498 - AUGCON - INFO - Epoch [7/50]-(0/22) Loss: 1.0341, Acc(1): 75.00, Acc(5): 100.00
2023-06-19 16:34:07,498 - AUGCON - INFO - Epoch [7/50]-(5/22) Loss: 1.3700, Acc(1): 50.00, Acc(5): 100.00
2023-06-19 16:34:07,499 - AUGCON - INFO - Epoch [7/50]-(10/22) Loss: 1.0646, Acc(1): 75.00, Acc(5): 100.00
2023-06-19 16:34:07,499 - AUGCON - INFO - Epoch [7/50]-(15/22) Loss: 1.0137, Acc(1): 75.00, Acc(5): 100.00
2023-06-19 16:34:07,499 - AUGCON - INFO - Epoch [7/50]-(20/22) Loss: 0.8052, Acc(1): 75.00, Acc(5): 100.00
2023-06-19 16:34:07,499 - AUGCON - INFO - 	Validation Loss: 1.0711, Acc(1): 79.00, Acc(5): 100.00, F1: 0.20, Recall: 0.19, Precision: 0.20
2023-06-19 16:34:07,499 - AUGCON - INFO - Epoch [8/50]-(0/22) Loss: 0.9513, Acc(1): 75.00, Acc(5): 100.00
2023-06-19 16:34:07,499 - AUGCON - INFO - Epoch [8/50]-(5/22) Loss: 0.7084, Acc(1): 100.00, Acc(5): 100.00
2023-06-19 16:34:07,499 - AUGCON - INFO - Epoch [8/50]-(10/22) Loss: 1.3900, Acc(1): 0.00, Acc(5): 100.00
2023-06-19 16:34:07,499 - AUGCON - INFO - Epoch [8/50]-(15/22) Loss: 0.7500, Acc(1): 100.00, Acc(5): 100.00
2023-06-19 16:34:07,499 - AUGCON - INFO - Epoch [8/50]-(20/22) Loss: 1.2206, Acc(1): 25.00, Acc(5): 100.00
2023-06-19 16:34:07,499 - AUGCON - INFO - 	Validation Loss: 1.0306, Acc(1): 83.00, Acc(5): 100.00, F1: 0.20, Recall: 0.19, Precision: 0.22
2023-06-19 16:34:07,499 - AUGCON - INFO - Epoch [9/50]-(0/22) Loss: 0.6918, Acc(1): 100.00, Acc(5): 100.00
2023-06-19 16:34:07,499 - AUGCON - INFO - Epoch [9/50]-(5/22) Loss: 1.1006, Acc(1): 50.00, Acc(5): 100.00
2023-06-19 16:34:07,499 - AUGCON - INFO - Epoch [9/50]-(10/22) Loss: 1.1680, Acc(1): 75.00, Acc(5): 100.00
2023-06-19 16:34:07,499 - AUGCON - INFO - Epoch [9/50]-(15/22) Loss: 1.3402, Acc(1): 75.00, Acc(5): 100.00
2023-06-19 16:34:07,500 - AUGCON - INFO - Epoch [9/50]-(20/22) Loss: 1.2409, Acc(1): 75.00, Acc(5): 100.00
2023-06-19 16:34:07,500 - AUGCON - INFO - 	Validation Loss: 0.9818, Acc(1): 82.00, Acc(5): 100.00, F1: 0.20, Recall: 0.20, Precision: 0.21
2023-06-19 16:34:07,500 - AUGCON - INFO - Epoch [10/50]-(0/22) Loss: 1.0707, Acc(1): 75.00, Acc(5): 100.00
2023-06-19 16:34:07,500 - AUGCON - INFO - Epoch [10/50]-(5/22) Loss: 0.8686, Acc(1): 100.00, Acc(5): 100.00
2023-06-19 16:34:07,500 - AUGCON - INFO - Epoch [10/50]-(10/22) Loss: 0.9382, Acc(1): 75.00, Acc(5): 100.00
2023-06-19 16:34:07,500 - AUGCON - INFO - Epoch [10/50]-(15/22) Loss: 0.8259, Acc(1): 75.00, Acc(5): 100.00
2023-06-19 16:34:07,500 - AUGCON - INFO - Epoch [10/50]-(20/22) Loss: 1.0598, Acc(1): 100.00, Acc(5): 100.00
2023-06-19 16:34:07,500 - AUGCON - INFO - 	Validation Loss: 0.9813, Acc(1): 84.00, Acc(5): 100.00, F1: 0.21, Recall: 0.20, Precision: 0.22
2023-06-19 16:34:07,500 - AUGCON - INFO - Epoch [11/50]-(0/22) Loss: 0.5618, Acc(1): 100.00, Acc(5): 100.00
2023-06-19 16:34:07,500 - AUGCON - INFO - Epoch [11/50]-(5/22) Loss: 1.3252, Acc(1): 50.00, Acc(5): 100.00
2023-06-19 16:34:07,500 - AUGCON - INFO - Epoch [11/50]-(10/22) Loss: 0.7554, Acc(1): 75.00, Acc(5): 100.00
2023-06-19 16:34:07,500 - AUGCON - INFO - Epoch [11/50]-(15/22) Loss: 1.0756, Acc(1): 50.00, Acc(5): 100.00
2023-06-19 16:34:07,501 - AUGCON - INFO - Epoch [11/50]-(20/22) Loss: 0.9912, Acc(1): 75.00, Acc(5): 100.00
2023-06-19 16:34:07,501 - AUGCON - INFO - 	Validation Loss: 0.8940, Acc(1): 83.00, Acc(5): 100.00, F1: 0.21, Recall: 0.20, Precision: 0.21
2023-06-19 16:34:07,501 - AUGCON - INFO - Epoch [12/50]-(0/22) Loss: 0.5606, Acc(1): 100.00, Acc(5): 100.00
2023-06-19 16:34:07,501 - AUGCON - INFO - Epoch [12/50]-(5/22) Loss: 0.7165, Acc(1): 100.00, Acc(5): 100.00
2023-06-19 16:34:07,501 - AUGCON - INFO - Epoch [12/50]-(10/22) Loss: 0.8528, Acc(1): 75.00, Acc(5): 100.00
2023-06-19 16:34:07,501 - AUGCON - INFO - Epoch [12/50]-(15/22) Loss: 0.5299, Acc(1): 100.00, Acc(5): 100.00
2023-06-19 16:34:07,501 - AUGCON - INFO - Epoch [12/50]-(20/22) Loss: 0.8331, Acc(1): 100.00, Acc(5): 100.00
2023-06-19 16:34:07,501 - AUGCON - INFO - 	Validation Loss: 0.9256, Acc(1): 84.00, Acc(5): 100.00, F1: 0.21, Recall: 0.21, Precision: 0.20
2023-06-19 16:34:07,501 - AUGCON - INFO - Epoch [13/50]-(0/22) Loss: 1.0512, Acc(1): 50.00, Acc(5): 100.00
2023-06-19 16:34:07,501 - AUGCON - INFO - Epoch [13/50]-(5/22) Loss: 0.8679, Acc(1): 100.00, Acc(5): 100.00
2023-06-19 16:34:07,501 - AUGCON - INFO - Epoch [13/50]-(10/22) Loss: 0.4458, Acc(1): 100.00, Acc(5): 100.00
2023-06-19 16:34:07,501 - AUGCON - INFO - Epoch [13/50]-(15/22) Loss: 0.8644, Acc(1): 75.00, Acc(5): 100.00
2023-06-19 16:34:07,501 - AUGCON - INFO - Epoch [13/50]-(20/22) Loss: 0.8689, Acc(1): 75.00, Acc(5): 100.00
2023-06-19 16:34:07,501 - AUGCON - INFO - 	Validation Loss: 0.8453, Acc(1): 82.00, Acc(5): 100.00, F1: 0.20, Recall: 0.19, Precision: 0.23
2023-06-19 16:34:07,501 - AUGCON - INFO - Epoch [14/50]-(0/22) Loss: 1.0019, Acc(1): 50.00, Acc(5): 100.00
2023-06-19 16:34:07,502 - AUGCON - INFO - Epoch [14/50]-(5/22) Loss: 0.3097, Acc(1): 100.00, Acc(5): 100.00
2023-06-19 16:34:07,502 - AUGCON - INFO - Epoch [14/50]-(10/22) Loss: 0.7026, Acc(1): 100.00, Acc(5): 100.00
2023-06-19 16:34:07,502 - AUGCON - INFO - Epoch [14/50]-(15/22) Loss: 1.1563, Acc(1): 75.00, Acc(5): 100.00
2023-06-19 16:34:07,502 - AUGCON - INFO - Epoch [14/50]-(20/22) Loss: 1.0165, Acc(1): 75.00, Acc(5): 100.00
2023-06-19 16:34:07,502 - AUGCON - INFO - 	Validation Loss: 0.8465, Acc(1): 88.00, Acc(5): 100.00, F1: 0.21, Recall: 0.21, Precision: 0.22
2023-06-19 16:34:07,502 - AUGCON - INFO - Epoch [15/50]-(0/22) Loss: 0.8971, Acc(1): 100.00, Acc(5): 100.00
2023-06-19 16:34:07,502 - AUGCON - INFO - Epoch [15/50]-(5/22) Loss: 0.5728, Acc(1): 100.00, Acc(5): 100.00
2023-06-19 16:34:07,502 - AUGCON - INFO - Epoch [15/50]-(10/22) Loss: 0.8210, Acc(1): 50.00, Acc(5): 100.00
2023-06-19 16:34:07,502 - AUGCON - INFO - Epoch [15/50]-(15/22) Loss: 0.6708, Acc(1): 100.00, Acc(5): 100.00
2023-06-19 16:34:07,502 - AUGCON - INFO - Epoch [15/50]-(20/22) Loss: 0.3893, Acc(1): 100.00, Acc(5): 100.00
2023-06-19 16:34:07,502 - AUGCON - INFO - 	Validation Loss: 0.8362, Acc(1): 79.00, Acc(5): 100.00, F1: 0.20, Recall: 0.19, Precision: 0.21
2023-06-19 16:34:07,502 - AUGCON - INFO - Epoch [16/50]-(0/22) Loss: 0.9504, Acc(1): 75.00, Acc(5): 100.00
2023-06-19 16:34:07,502 - AUGCON - INFO - Epoch [16/50]-(5/22) Loss: 0.7883, Acc(1): 100.00, Acc(5): 100.00
2023-06-19 16:34:07,502 - AUGCON - INFO - Epoch [16/50]-(10/22) Loss: 0.8633, Acc(1): 75.00, Acc(5): 100.00
2023-06-19 16:34:07,503 - AUGCON - INFO - Epoch [16/50]-(15/22) Loss: 1.0535, Acc(1): 50.00, Acc(5): 100.00
2023-06-19 16:34:07,503 - AUGCON - INFO - Epoch [16/50]-(20/22) Loss: 0.4284, Acc(1): 100.00, Acc(5): 100.00
2023-06-19 16:34:07,503 - AUGCON - INFO - 	Validation Loss: 0.8188, Acc(1): 82.00, Acc(5): 100.00, F1: 0.20, Recall: 0.19, Precision: 0.22
2023-06-19 16:34:07,503 - AUGCON - INFO - Epoch [17/50]-(0/22) Loss: 1.1713, Acc(1): 75.00, Acc(5): 100.00
2023-06-19 16:34:07,503 - AUGCON - INFO - Epoch [17/50]-(5/22) Loss: 0.8450, Acc(1): 100.00, Acc(5): 100.00
2023-06-19 16:34:07,503 - AUGCON - INFO - Epoch [17/50]-(10/22) Loss: 0.5367, Acc(1): 100.00, Acc(5): 100.00
2023-06-19 16:34:07,503 - AUGCON - INFO - Epoch [17/50]-(15/22) Loss: 0.7975, Acc(1): 75.00, Acc(5): 100.00
2023-06-19 16:34:07,503 - AUGCON - INFO - Epoch [17/50]-(20/22) Loss: 0.9480, Acc(1): 100.00, Acc(5): 100.00
2023-06-19 16:34:07,503 - AUGCON - INFO - 	Validation Loss: 0.7979, Acc(1): 86.00, Acc(5): 100.00, F1: 0.21, Recall: 0.20, Precision: 0.22
2023-06-19 16:34:07,503 - AUGCON - INFO - Epoch [18/50]-(0/22) Loss: 0.7562, Acc(1): 75.00, Acc(5): 100.00
2023-06-19 16:34:07,503 - AUGCON - INFO - Epoch [18/50]-(5/22) Loss: 0.7412, Acc(1): 100.00, Acc(5): 100.00
2023-06-19 16:34:07,503 - AUGCON - INFO - Epoch [18/50]-(10/22) Loss: 0.6824, Acc(1): 100.00, Acc(5): 100.00
2023-06-19 16:34:07,503 - AUGCON - INFO - Epoch [18/50]-(15/22) Loss: 0.6898, Acc(1): 100.00, Acc(5): 100.00
2023-06-19 16:34:07,503 - AUGCON - INFO - Epoch [18/50]-(20/22) Loss: 0.6860, Acc(1): 75.00, Acc(5): 100.00
2023-06-19 16:34:07,504 - AUGCON - INFO - 	Validation Loss: 0.7504, Acc(1): 87.00, Acc(5): 100.00, F1: 0.21, Recall: 0.21, Precision: 0.22
2023-06-19 16:34:07,504 - AUGCON - INFO - Epoch [19/50]-(0/22) Loss: 0.7936, Acc(1): 100.00, Acc(5): 100.00
2023-06-19 16:34:07,504 - AUGCON - INFO - Epoch [19/50]-(5/22) Loss: 0.6297, Acc(1): 100.00, Acc(5): 100.00
2023-06-19 16:34:07,504 - AUGCON - INFO - Epoch [19/50]-(10/22) Loss: 0.7051, Acc(1): 100.00, Acc(5): 100.00
2023-06-19 16:34:07,504 - AUGCON - INFO - Epoch [19/50]-(15/22) Loss: 0.3731, Acc(1): 100.00, Acc(5): 100.00
2023-06-19 16:34:07,504 - AUGCON - INFO - Epoch [19/50]-(20/22) Loss: 0.3745, Acc(1): 100.00, Acc(5): 100.00
2023-06-19 16:34:07,504 - AUGCON - INFO - 	Validation Loss: 0.7905, Acc(1): 83.00, Acc(5): 100.00, F1: 0.21, Recall: 0.21, Precision: 0.20
2023-06-19 16:34:07,504 - AUGCON - INFO - Epoch [20/50]-(0/22) Loss: 0.4651, Acc(1): 100.00, Acc(5): 100.00
2023-06-19 16:34:07,504 - AUGCON - INFO - Epoch [20/50]-(5/22) Loss: 0.8378, Acc(1): 75.00, Acc(5): 100.00
2023-06-19 16:34:07,504 - AUGCON - INFO - Epoch [20/50]-(10/22) Loss: 0.5271, Acc(1): 100.00, Acc(5): 100.00
2023-06-19 16:34:07,504 - AUGCON - INFO - Epoch [20/50]-(15/22) Loss: 0.7261, Acc(1): 100.00, Acc(5): 100.00
2023-06-19 16:34:07,504 - AUGCON - INFO - Epoch [20/50]-(20/22) Loss: 0.4476, Acc(1): 100.00, Acc(5): 100.00
2023-06-19 16:34:07,504 - AUGCON - INFO - 	Validation Loss: 0.7468, Acc(1): 85.00, Acc(5): 100.00, F1: 0.21, Recall: 0.20, Precision: 0.23
2023-06-19 16:34:07,504 - AUGCON - INFO - Epoch [21/50]-(0/22) Loss: 0.2795, Acc(1): 100.00, Acc(5): 100.00
2023-06-19 16:34:07,505 - AUGCON - INFO - Epoch [21/50]-(5/22) Loss: 0.3895, Acc(1): 100.00, Acc(5): 100.00
2023-06-19 16:34:07,505 - AUGCON - INFO - Epoch [21/50]-(10/22) Loss: 0.6457, Acc(1): 75.00, Acc(5): 100.00
2023-06-19 16:34:07,505 - AUGCON - INFO - Epoch [21/50]-(15/22) Loss: 0.4591, Acc(1): 75.00, Acc(5): 100.00
2023-06-19 16:34:07,505 - AUGCON - INFO - Epoch [21/50]-(20/22) Loss: 0.6916, Acc(1): 75.00, Acc(5): 100.00
2023-06-19 16:34:07,505 - AUGCON - INFO - 	Validation Loss: 0.7394, Acc(1): 88.00, Acc(5): 100.00, F1: 0.21, Recall: 0.20, Precision: 0.22
2023-06-19 16:34:07,505 - AUGCON - INFO - Epoch [22/50]-(0/22) Loss: 0.3348, Acc(1): 100.00, Acc(5): 100.00
2023-06-19 16:34:07,505 - AUGCON - INFO - Epoch [22/50]-(5/22) Loss: 0.5251, Acc(1): 100.00, Acc(5): 100.00
2023-06-19 16:34:07,505 - AUGCON - INFO - Epoch [22/50]-(10/22) Loss: 0.3882, Acc(1): 100.00, Acc(5): 100.00
2023-06-19 16:34:07,505 - AUGCON - INFO - Epoch [22/50]-(15/22) Loss: 0.6347, Acc(1): 100.00, Acc(5): 100.00
2023-06-19 16:34:07,505 - AUGCON - INFO - Epoch [22/50]-(20/22) Loss: 0.3186, Acc(1): 100.00, Acc(5): 100.00
2023-06-19 16:34:07,505 - AUGCON - INFO - 	Validation Loss: 0.6907, Acc(1): 87.00, Acc(5): 100.00, F1: 0.21, Recall: 0.21, Precision: 0.21
2023-06-19 16:34:07,505 - AUGCON - INFO - Epoch [23/50]-(0/22) Loss: 0.2572, Acc(1): 100.00, Acc(5): 100.00
2023-06-19 16:34:07,505 - AUGCON - INFO - Epoch [23/50]-(5/22) Loss: 0.1616, Acc(1): 100.00, Acc(5): 100.00
2023-06-19 16:34:07,505 - AUGCON - INFO - Epoch [23/50]-(10/22) Loss: 0.8330, Acc(1): 100.00, Acc(5): 100.00
2023-06-19 16:34:07,506 - AUGCON - INFO - Epoch [23/50]-(15/22) Loss: 0.4898, Acc(1): 100.00, Acc(5): 100.00
2023-06-19 16:34:07,506 - AUGCON - INFO - Epoch [23/50]-(20/22) Loss: 0.7917, Acc(1): 75.00, Acc(5): 100.00
2023-06-19 16:34:07,506 - AUGCON - INFO - 	Validation Loss: 0.7148, Acc(1): 87.00, Acc(5): 100.00, F1: 0.21, Recall: 0.21, Precision: 0.22
2023-06-19 16:34:07,506 - AUGCON - INFO - Epoch [24/50]-(0/22) Loss: 0.4763, Acc(1): 100.00, Acc(5): 100.00
2023-06-19 16:34:07,506 - AUGCON - INFO - Epoch [24/50]-(5/22) Loss: 0.5956, Acc(1): 100.00, Acc(5): 100.00
2023-06-19 16:34:07,506 - AUGCON - INFO - Epoch [24/50]-(10/22) Loss: 0.4730, Acc(1): 100.00, Acc(5): 100.00
2023-06-19 16:34:07,506 - AUGCON - INFO - Epoch [24/50]-(15/22) Loss: 0.5323, Acc(1): 100.00, Acc(5): 100.00
2023-06-19 16:34:07,506 - AUGCON - INFO - Epoch [24/50]-(20/22) Loss: 0.6775, Acc(1): 100.00, Acc(5): 100.00
2023-06-19 16:34:07,506 - AUGCON - INFO - 	Validation Loss: 0.6867, Acc(1): 88.00, Acc(5): 100.00, F1: 0.21, Recall: 0.21, Precision: 0.22
2023-06-19 16:34:07,506 - AUGCON - INFO - Epoch [25/50]-(0/22) Loss: 0.4416, Acc(1): 100.00, Acc(5): 100.00
2023-06-19 16:34:07,506 - AUGCON - INFO - Epoch [25/50]-(5/22) Loss: 0.5094, Acc(1): 75.00, Acc(5): 100.00
2023-06-19 16:34:07,506 - AUGCON - INFO - Epoch [25/50]-(10/22) Loss: 0.4483, Acc(1): 100.00, Acc(5): 100.00
2023-06-19 16:34:07,506 - AUGCON - INFO - Epoch [25/50]-(15/22) Loss: 0.4986, Acc(1): 100.00, Acc(5): 100.00
2023-06-19 16:34:07,506 - AUGCON - INFO - Epoch [25/50]-(20/22) Loss: 0.5043, Acc(1): 75.00, Acc(5): 100.00
2023-06-19 16:34:07,506 - AUGCON - INFO - 	Validation Loss: 0.6769, Acc(1): 86.00, Acc(5): 100.00, F1: 0.21, Recall: 0.20, Precision: 0.23
2023-06-19 16:34:07,507 - AUGCON - INFO - Epoch [26/50]-(0/22) Loss: 0.7577, Acc(1): 100.00, Acc(5): 100.00
2023-06-19 16:34:07,507 - AUGCON - INFO - Epoch [26/50]-(5/22) Loss: 0.2007, Acc(1): 100.00, Acc(5): 100.00
2023-06-19 16:34:07,507 - AUGCON - INFO - Epoch [26/50]-(10/22) Loss: 0.6036, Acc(1): 100.00, Acc(5): 100.00
2023-06-19 16:34:07,507 - AUGCON - INFO - Epoch [26/50]-(15/22) Loss: 0.5767, Acc(1): 100.00, Acc(5): 100.00
2023-06-19 16:34:07,507 - AUGCON - INFO - Epoch [26/50]-(20/22) Loss: 0.2054, Acc(1): 100.00, Acc(5): 100.00
2023-06-19 16:34:07,507 - AUGCON - INFO - 	Validation Loss: 0.6619, Acc(1): 86.00, Acc(5): 100.00, F1: 0.21, Recall: 0.20, Precision: 0.22
2023-06-19 16:34:07,507 - AUGCON - INFO - Epoch [27/50]-(0/22) Loss: 0.5185, Acc(1): 100.00, Acc(5): 100.00
2023-06-19 16:34:07,507 - AUGCON - INFO - Epoch [27/50]-(5/22) Loss: 0.6784, Acc(1): 100.00, Acc(5): 100.00
2023-06-19 16:34:07,507 - AUGCON - INFO - Epoch [27/50]-(10/22) Loss: 0.2444, Acc(1): 100.00, Acc(5): 100.00
2023-06-19 16:34:07,507 - AUGCON - INFO - Epoch [27/50]-(15/22) Loss: 0.7598, Acc(1): 100.00, Acc(5): 100.00
2023-06-19 16:34:07,507 - AUGCON - INFO - Epoch [27/50]-(20/22) Loss: 0.6790, Acc(1): 75.00, Acc(5): 100.00
2023-06-19 16:34:07,508 - AUGCON - INFO - 	Validation Loss: 0.6492, Acc(1): 87.00, Acc(5): 100.00, F1: 0.21, Recall: 0.20, Precision: 0.23
2023-06-19 16:34:07,508 - AUGCON - INFO - Epoch [28/50]-(0/22) Loss: 0.6281, Acc(1): 100.00, Acc(5): 100.00
2023-06-19 16:34:07,508 - AUGCON - INFO - Epoch [28/50]-(5/22) Loss: 0.8776, Acc(1): 100.00, Acc(5): 100.00
2023-06-19 16:34:07,508 - AUGCON - INFO - Epoch [28/50]-(10/22) Loss: 0.1337, Acc(1): 100.00, Acc(5): 100.00
2023-06-19 16:34:07,508 - AUGCON - INFO - Epoch [28/50]-(15/22) Loss: 0.3597, Acc(1): 100.00, Acc(5): 100.00
2023-06-19 16:34:07,508 - AUGCON - INFO - Epoch [28/50]-(20/22) Loss: 0.2449, Acc(1): 100.00, Acc(5): 100.00
2023-06-19 16:34:07,508 - AUGCON - INFO - 	Validation Loss: 0.6617, Acc(1): 84.00, Acc(5): 100.00, F1: 0.21, Recall: 0.21, Precision: 0.21
2023-06-19 16:34:07,508 - AUGCON - INFO - Epoch [29/50]-(0/22) Loss: 0.7200, Acc(1): 100.00, Acc(5): 100.00
2023-06-19 16:34:07,508 - AUGCON - INFO - Epoch [29/50]-(5/22) Loss: 0.9297, Acc(1): 50.00, Acc(5): 100.00
2023-06-19 16:34:07,508 - AUGCON - INFO - Epoch [29/50]-(10/22) Loss: 0.2478, Acc(1): 100.00, Acc(5): 100.00
2023-06-19 16:34:07,509 - AUGCON - INFO - Epoch [29/50]-(15/22) Loss: 0.7165, Acc(1): 75.00, Acc(5): 100.00
2023-06-19 16:34:07,509 - AUGCON - INFO - Epoch [29/50]-(20/22) Loss: 0.6115, Acc(1): 100.00, Acc(5): 100.00
2023-06-19 16:34:07,509 - AUGCON - INFO - 	Validation Loss: 0.6812, Acc(1): 85.00, Acc(5): 100.00, F1: 0.21, Recall: 0.21, Precision: 0.21
2023-06-19 16:34:07,509 - AUGCON - INFO - Epoch [30/50]-(0/22) Loss: 0.3356, Acc(1): 100.00, Acc(5): 100.00
2023-06-19 16:34:07,509 - AUGCON - INFO - Epoch [30/50]-(5/22) Loss: 0.4196, Acc(1): 100.00, Acc(5): 100.00
2023-06-19 16:34:07,509 - AUGCON - INFO - Epoch [30/50]-(10/22) Loss: 0.2558, Acc(1): 100.00, Acc(5): 100.00
2023-06-19 16:34:07,509 - AUGCON - INFO - Epoch [30/50]-(15/22) Loss: 0.4753, Acc(1): 100.00, Acc(5): 100.00
2023-06-19 16:34:07,509 - AUGCON - INFO - Epoch [30/50]-(20/22) Loss: 0.4262, Acc(1): 100.00, Acc(5): 100.00
2023-06-19 16:34:07,509 - AUGCON - INFO - 	Validation Loss: 0.6660, Acc(1): 85.00, Acc(5): 100.00, F1: 0.21, Recall: 0.20, Precision: 0.21
2023-06-19 16:34:07,509 - AUGCON - INFO - Epoch [31/50]-(0/22) Loss: 0.4879, Acc(1): 100.00, Acc(5): 100.00
2023-06-19 16:34:07,509 - AUGCON - INFO - Epoch [31/50]-(5/22) Loss: 0.1939, Acc(1): 100.00, Acc(5): 100.00
2023-06-19 16:34:07,510 - AUGCON - INFO - Epoch [31/50]-(10/22) Loss: 0.6092, Acc(1): 75.00, Acc(5): 100.00
2023-06-19 16:34:07,510 - AUGCON - INFO - Epoch [31/50]-(15/22) Loss: 0.5708, Acc(1): 100.00, Acc(5): 100.00
2023-06-19 16:34:07,510 - AUGCON - INFO - Epoch [31/50]-(20/22) Loss: 0.6214, Acc(1): 75.00, Acc(5): 100.00
2023-06-19 16:34:07,510 - AUGCON - INFO - 	Validation Loss: 0.6774, Acc(1): 86.00, Acc(5): 99.00, F1: 0.21, Recall: 0.21, Precision: 0.21
2023-06-19 16:34:07,510 - AUGCON - INFO - Epoch [32/50]-(0/22) Loss: 0.4851, Acc(1): 100.00, Acc(5): 100.00
2023-06-19 16:34:07,510 - AUGCON - INFO - Epoch [32/50]-(5/22) Loss: 0.4701, Acc(1): 100.00, Acc(5): 100.00
2023-06-19 16:34:07,510 - AUGCON - INFO - Epoch [32/50]-(10/22) Loss: 0.2617, Acc(1): 100.00, Acc(5): 100.00
2023-06-19 16:34:07,510 - AUGCON - INFO - Epoch [32/50]-(15/22) Loss: 0.4335, Acc(1): 75.00, Acc(5): 100.00
2023-06-19 16:34:07,510 - AUGCON - INFO - Epoch [32/50]-(20/22) Loss: 0.2258, Acc(1): 100.00, Acc(5): 100.00
2023-06-19 16:34:07,510 - AUGCON - INFO - 	Validation Loss: 0.6427, Acc(1): 85.00, Acc(5): 100.00, F1: 0.21, Recall: 0.21, Precision: 0.21
2023-06-19 16:34:07,510 - AUGCON - INFO - Epoch [33/50]-(0/22) Loss: 0.4444, Acc(1): 100.00, Acc(5): 100.00
2023-06-19 16:34:07,510 - AUGCON - INFO - Epoch [33/50]-(5/22) Loss: 0.2176, Acc(1): 100.00, Acc(5): 100.00
2023-06-19 16:34:07,510 - AUGCON - INFO - Epoch [33/50]-(10/22) Loss: 0.6483, Acc(1): 100.00, Acc(5): 100.00
2023-06-19 16:34:07,510 - AUGCON - INFO - Epoch [33/50]-(15/22) Loss: 0.3973, Acc(1): 100.00, Acc(5): 100.00
2023-06-19 16:34:07,510 - AUGCON - INFO - Epoch [33/50]-(20/22) Loss: 0.4937, Acc(1): 100.00, Acc(5): 100.00
2023-06-19 16:34:07,511 - AUGCON - INFO - 	Validation Loss: 0.6347, Acc(1): 87.00, Acc(5): 100.00, F1: 0.21, Recall: 0.20, Precision: 0.22
2023-06-19 16:34:07,511 - AUGCON - INFO - Epoch [34/50]-(0/22) Loss: 0.3503, Acc(1): 100.00, Acc(5): 100.00
2023-06-19 16:34:07,511 - AUGCON - INFO - Epoch [34/50]-(5/22) Loss: 0.9461, Acc(1): 50.00, Acc(5): 100.00
2023-06-19 16:34:07,512 - AUGCON - INFO - Epoch [34/50]-(10/22) Loss: 0.8598, Acc(1): 50.00, Acc(5): 100.00
2023-06-19 16:34:07,512 - AUGCON - INFO - Epoch [34/50]-(15/22) Loss: 0.5948, Acc(1): 100.00, Acc(5): 100.00
2023-06-19 16:34:07,512 - AUGCON - INFO - Epoch [34/50]-(20/22) Loss: 1.0601, Acc(1): 25.00, Acc(5): 100.00
2023-06-19 16:34:07,512 - AUGCON - INFO - 	Validation Loss: 0.6549, Acc(1): 87.00, Acc(5): 100.00, F1: 0.21, Recall: 0.21, Precision: 0.22
2023-06-19 16:34:07,512 - AUGCON - INFO - Epoch [35/50]-(0/22) Loss: 0.5661, Acc(1): 75.00, Acc(5): 100.00
2023-06-19 16:34:07,512 - AUGCON - INFO - Epoch [35/50]-(5/22) Loss: 0.8795, Acc(1): 75.00, Acc(5): 100.00
2023-06-19 16:34:07,512 - AUGCON - INFO - Epoch [35/50]-(10/22) Loss: 0.5353, Acc(1): 100.00, Acc(5): 100.00
2023-06-19 16:34:07,512 - AUGCON - INFO - Epoch [35/50]-(15/22) Loss: 0.2163, Acc(1): 100.00, Acc(5): 100.00
2023-06-19 16:34:07,512 - AUGCON - INFO - Epoch [35/50]-(20/22) Loss: 0.4778, Acc(1): 100.00, Acc(5): 100.00
2023-06-19 16:34:07,512 - AUGCON - INFO - 	Validation Loss: 0.6401, Acc(1): 86.00, Acc(5): 100.00, F1: 0.21, Recall: 0.20, Precision: 0.22
2023-06-19 16:34:07,512 - AUGCON - INFO - Epoch [36/50]-(0/22) Loss: 0.5443, Acc(1): 100.00, Acc(5): 100.00
2023-06-19 16:34:07,512 - AUGCON - INFO - Epoch [36/50]-(5/22) Loss: 0.5135, Acc(1): 100.00, Acc(5): 100.00
2023-06-19 16:34:07,512 - AUGCON - INFO - Epoch [36/50]-(10/22) Loss: 0.3981, Acc(1): 100.00, Acc(5): 100.00
2023-06-19 16:34:07,513 - AUGCON - INFO - Epoch [36/50]-(15/22) Loss: 0.4369, Acc(1): 100.00, Acc(5): 100.00
2023-06-19 16:34:07,513 - AUGCON - INFO - Epoch [36/50]-(20/22) Loss: 0.5953, Acc(1): 75.00, Acc(5): 100.00
2023-06-19 16:34:07,513 - AUGCON - INFO - 	Validation Loss: 0.6124, Acc(1): 85.00, Acc(5): 100.00, F1: 0.21, Recall: 0.20, Precision: 0.21
2023-06-19 16:34:07,513 - AUGCON - INFO - Epoch [37/50]-(0/22) Loss: 0.4963, Acc(1): 100.00, Acc(5): 100.00
2023-06-19 16:34:07,513 - AUGCON - INFO - Epoch [37/50]-(5/22) Loss: 0.3215, Acc(1): 100.00, Acc(5): 100.00
2023-06-19 16:34:07,513 - AUGCON - INFO - Epoch [37/50]-(10/22) Loss: 0.2883, Acc(1): 100.00, Acc(5): 100.00
2023-06-19 16:34:07,513 - AUGCON - INFO - Epoch [37/50]-(15/22) Loss: 0.1011, Acc(1): 100.00, Acc(5): 100.00
2023-06-19 16:34:07,513 - AUGCON - INFO - Epoch [37/50]-(20/22) Loss: 0.4071, Acc(1): 100.00, Acc(5): 100.00
2023-06-19 16:34:07,513 - AUGCON - INFO - 	Validation Loss: 0.6161, Acc(1): 87.00, Acc(5): 100.00, F1: 0.21, Recall: 0.21, Precision: 0.22
2023-06-19 16:34:07,513 - AUGCON - INFO - Epoch [38/50]-(0/22) Loss: 0.2046, Acc(1): 100.00, Acc(5): 100.00
2023-06-19 16:34:07,513 - AUGCON - INFO - Epoch [38/50]-(5/22) Loss: 0.6114, Acc(1): 100.00, Acc(5): 100.00
2023-06-19 16:34:07,513 - AUGCON - INFO - Epoch [38/50]-(10/22) Loss: 0.6139, Acc(1): 100.00, Acc(5): 100.00
2023-06-19 16:34:07,513 - AUGCON - INFO - Epoch [38/50]-(15/22) Loss: 0.2897, Acc(1): 100.00, Acc(5): 100.00
2023-06-19 16:34:07,513 - AUGCON - INFO - Epoch [38/50]-(20/22) Loss: 0.2344, Acc(1): 100.00, Acc(5): 100.00
2023-06-19 16:34:07,513 - AUGCON - INFO - 	Validation Loss: 0.5963, Acc(1): 88.00, Acc(5): 100.00, F1: 0.21, Recall: 0.20, Precision: 0.22
2023-06-19 16:34:07,514 - AUGCON - INFO - Epoch [39/50]-(0/22) Loss: 0.7446, Acc(1): 75.00, Acc(5): 100.00
2023-06-19 16:34:07,514 - AUGCON - INFO - Epoch [39/50]-(5/22) Loss: 0.4112, Acc(1): 75.00, Acc(5): 100.00
2023-06-19 16:34:07,514 - AUGCON - INFO - Epoch [39/50]-(10/22) Loss: 0.5335, Acc(1): 100.00, Acc(5): 100.00
2023-06-19 16:34:07,514 - AUGCON - INFO - Epoch [39/50]-(15/22) Loss: 0.1950, Acc(1): 100.00, Acc(5): 100.00
2023-06-19 16:34:07,514 - AUGCON - INFO - Epoch [39/50]-(20/22) Loss: 0.1415, Acc(1): 100.00, Acc(5): 100.00
2023-06-19 16:34:07,514 - AUGCON - INFO - 	Validation Loss: 0.6477, Acc(1): 86.00, Acc(5): 100.00, F1: 0.21, Recall: 0.21, Precision: 0.21
2023-06-19 16:34:07,514 - AUGCON - INFO - Epoch [40/50]-(0/22) Loss: 0.3335, Acc(1): 100.00, Acc(5): 100.00
2023-06-19 16:34:07,514 - AUGCON - INFO - Epoch [40/50]-(5/22) Loss: 0.2129, Acc(1): 100.00, Acc(5): 100.00
2023-06-19 16:34:07,514 - AUGCON - INFO - Epoch [40/50]-(10/22) Loss: 0.3486, Acc(1): 100.00, Acc(5): 100.00
2023-06-19 16:34:07,514 - AUGCON - INFO - Epoch [40/50]-(15/22) Loss: 0.2605, Acc(1): 100.00, Acc(5): 100.00
2023-06-19 16:34:07,514 - AUGCON - INFO - Epoch [40/50]-(20/22) Loss: 0.2752, Acc(1): 100.00, Acc(5): 100.00
2023-06-19 16:34:07,514 - AUGCON - INFO - 	Validation Loss: 0.5830, Acc(1): 87.00, Acc(5): 100.00, F1: 0.21, Recall: 0.21, Precision: 0.22
2023-06-19 16:34:07,514 - AUGCON - INFO - Epoch [41/50]-(0/22) Loss: 0.3462, Acc(1): 100.00, Acc(5): 100.00
2023-06-19 16:34:07,514 - AUGCON - INFO - Epoch [41/50]-(5/22) Loss: 0.3602, Acc(1): 100.00, Acc(5): 100.00
2023-06-19 16:34:07,514 - AUGCON - INFO - Epoch [41/50]-(10/22) Loss: 0.1512, Acc(1): 100.00, Acc(5): 100.00
2023-06-19 16:34:07,515 - AUGCON - INFO - Epoch [41/50]-(15/22) Loss: 0.5007, Acc(1): 100.00, Acc(5): 100.00
2023-06-19 16:34:07,515 - AUGCON - INFO - Epoch [41/50]-(20/22) Loss: 0.3679, Acc(1): 100.00, Acc(5): 100.00
2023-06-19 16:34:07,515 - AUGCON - INFO - 	Validation Loss: 0.6139, Acc(1): 87.00, Acc(5): 100.00, F1: 0.22, Recall: 0.20, Precision: 0.23
2023-06-19 16:34:07,515 - AUGCON - INFO - Epoch [42/50]-(0/22) Loss: 0.4801, Acc(1): 100.00, Acc(5): 100.00
2023-06-19 16:34:07,515 - AUGCON - INFO - Epoch [42/50]-(5/22) Loss: 0.3781, Acc(1): 100.00, Acc(5): 100.00
2023-06-19 16:34:07,515 - AUGCON - INFO - Epoch [42/50]-(10/22) Loss: 0.7498, Acc(1): 75.00, Acc(5): 100.00
2023-06-19 16:34:07,515 - AUGCON - INFO - Epoch [42/50]-(15/22) Loss: 0.3573, Acc(1): 100.00, Acc(5): 100.00
2023-06-19 16:34:07,515 - AUGCON - INFO - Epoch [42/50]-(20/22) Loss: 0.2154, Acc(1): 100.00, Acc(5): 100.00
2023-06-19 16:34:07,515 - AUGCON - INFO - 	Validation Loss: 0.5677, Acc(1): 90.00, Acc(5): 100.00, F1: 0.22, Recall: 0.21, Precision: 0.23
2023-06-19 16:34:07,515 - AUGCON - INFO - Epoch [43/50]-(0/22) Loss: 0.1148, Acc(1): 100.00, Acc(5): 100.00
2023-06-19 16:34:07,515 - AUGCON - INFO - Epoch [43/50]-(5/22) Loss: 0.3609, Acc(1): 100.00, Acc(5): 100.00
2023-06-19 16:34:07,515 - AUGCON - INFO - Epoch [43/50]-(10/22) Loss: 0.3821, Acc(1): 100.00, Acc(5): 100.00
2023-06-19 16:34:07,515 - AUGCON - INFO - Epoch [43/50]-(15/22) Loss: 0.5437, Acc(1): 100.00, Acc(5): 100.00
2023-06-19 16:34:07,515 - AUGCON - INFO - Epoch [43/50]-(20/22) Loss: 0.4547, Acc(1): 100.00, Acc(5): 100.00
2023-06-19 16:34:07,515 - AUGCON - INFO - 	Validation Loss: 0.5881, Acc(1): 86.00, Acc(5): 100.00, F1: 0.21, Recall: 0.20, Precision: 0.22
2023-06-19 16:34:07,515 - AUGCON - INFO - Epoch [44/50]-(0/22) Loss: 0.1321, Acc(1): 100.00, Acc(5): 100.00
2023-06-19 16:34:07,516 - AUGCON - INFO - Epoch [44/50]-(5/22) Loss: 0.5339, Acc(1): 100.00, Acc(5): 100.00
2023-06-19 16:34:07,516 - AUGCON - INFO - Epoch [44/50]-(10/22) Loss: 0.4842, Acc(1): 75.00, Acc(5): 100.00
2023-06-19 16:34:07,516 - AUGCON - INFO - Epoch [44/50]-(15/22) Loss: 0.0705, Acc(1): 100.00, Acc(5): 100.00
2023-06-19 16:34:07,516 - AUGCON - INFO - Epoch [44/50]-(20/22) Loss: 0.3038, Acc(1): 100.00, Acc(5): 100.00
2023-06-19 16:34:07,516 - AUGCON - INFO - 	Validation Loss: 0.5811, Acc(1): 85.00, Acc(5): 100.00, F1: 0.21, Recall: 0.20, Precision: 0.21
2023-06-19 16:34:07,516 - AUGCON - INFO - Epoch [45/50]-(0/22) Loss: 0.3184, Acc(1): 100.00, Acc(5): 100.00
2023-06-19 16:34:07,516 - AUGCON - INFO - Epoch [45/50]-(5/22) Loss: 0.2481, Acc(1): 100.00, Acc(5): 100.00
2023-06-19 16:34:07,516 - AUGCON - INFO - Epoch [45/50]-(10/22) Loss: 0.0789, Acc(1): 100.00, Acc(5): 100.00
2023-06-19 16:34:07,516 - AUGCON - INFO - Epoch [45/50]-(15/22) Loss: 0.2737, Acc(1): 100.00, Acc(5): 100.00
2023-06-19 16:34:07,516 - AUGCON - INFO - Epoch [45/50]-(20/22) Loss: 0.3339, Acc(1): 100.00, Acc(5): 100.00
2023-06-19 16:34:07,516 - AUGCON - INFO - 	Validation Loss: 0.5678, Acc(1): 88.00, Acc(5): 100.00, F1: 0.22, Recall: 0.21, Precision: 0.22
2023-06-19 16:34:07,516 - AUGCON - INFO - Epoch [46/50]-(0/22) Loss: 0.2364, Acc(1): 100.00, Acc(5): 100.00
2023-06-19 16:34:07,516 - AUGCON - INFO - Epoch [46/50]-(5/22) Loss: 0.2960, Acc(1): 100.00, Acc(5): 100.00
2023-06-19 16:34:07,516 - AUGCON - INFO - Epoch [46/50]-(10/22) Loss: 0.2512, Acc(1): 100.00, Acc(5): 100.00
2023-06-19 16:34:07,517 - AUGCON - INFO - Epoch [46/50]-(15/22) Loss: 0.1285, Acc(1): 100.00, Acc(5): 100.00
2023-06-19 16:34:07,517 - AUGCON - INFO - Epoch [46/50]-(20/22) Loss: 0.7315, Acc(1): 75.00, Acc(5): 100.00
2023-06-19 16:34:07,517 - AUGCON - INFO - 	Validation Loss: 0.6114, Acc(1): 86.00, Acc(5): 100.00, F1: 0.21, Recall: 0.20, Precision: 0.22
2023-06-19 16:34:07,517 - AUGCON - INFO - Epoch [47/50]-(0/22) Loss: 0.1477, Acc(1): 100.00, Acc(5): 100.00
2023-06-19 16:34:07,517 - AUGCON - INFO - Epoch [47/50]-(5/22) Loss: 0.1658, Acc(1): 100.00, Acc(5): 100.00
2023-06-19 16:34:07,517 - AUGCON - INFO - Epoch [47/50]-(10/22) Loss: 0.1166, Acc(1): 100.00, Acc(5): 100.00
2023-06-19 16:34:07,517 - AUGCON - INFO - Epoch [47/50]-(15/22) Loss: 0.4518, Acc(1): 100.00, Acc(5): 100.00
2023-06-19 16:34:07,517 - AUGCON - INFO - Epoch [47/50]-(20/22) Loss: 0.1366, Acc(1): 100.00, Acc(5): 100.00
2023-06-19 16:34:07,517 - AUGCON - INFO - 	Validation Loss: 0.6043, Acc(1): 85.00, Acc(5): 100.00, F1: 0.21, Recall: 0.20, Precision: 0.22
2023-06-19 16:34:07,518 - AUGCON - INFO - Epoch [48/50]-(0/22) Loss: 0.1965, Acc(1): 100.00, Acc(5): 100.00
2023-06-19 16:34:07,518 - AUGCON - INFO - Epoch [48/50]-(5/22) Loss: 0.6803, Acc(1): 75.00, Acc(5): 100.00
2023-06-19 16:34:07,518 - AUGCON - INFO - Epoch [48/50]-(10/22) Loss: 0.2019, Acc(1): 100.00, Acc(5): 100.00
2023-06-19 16:34:07,518 - AUGCON - INFO - Epoch [48/50]-(15/22) Loss: 0.3129, Acc(1): 100.00, Acc(5): 100.00
2023-06-19 16:34:07,518 - AUGCON - INFO - Epoch [48/50]-(20/22) Loss: 0.5341, Acc(1): 75.00, Acc(5): 100.00
2023-06-19 16:34:07,518 - AUGCON - INFO - 	Validation Loss: 0.5754, Acc(1): 86.00, Acc(5): 100.00, F1: 0.21, Recall: 0.20, Precision: 0.22
2023-06-19 16:34:07,518 - AUGCON - INFO - Epoch [49/50]-(0/22) Loss: 0.1155, Acc(1): 100.00, Acc(5): 100.00
2023-06-19 16:34:07,518 - AUGCON - INFO - Epoch [49/50]-(5/22) Loss: 0.1475, Acc(1): 100.00, Acc(5): 100.00
2023-06-19 16:34:07,518 - AUGCON - INFO - Epoch [49/50]-(10/22) Loss: 0.4146, Acc(1): 100.00, Acc(5): 100.00
2023-06-19 16:34:07,518 - AUGCON - INFO - Epoch [49/50]-(15/22) Loss: 0.1531, Acc(1): 100.00, Acc(5): 100.00
2023-06-19 16:34:07,518 - AUGCON - INFO - Epoch [49/50]-(20/22) Loss: 0.1889, Acc(1): 100.00, Acc(5): 100.00
2023-06-19 16:34:07,518 - AUGCON - INFO - 	Validation Loss: 0.5862, Acc(1): 86.00, Acc(5): 100.00, F1: 0.21, Recall: 0.21, Precision: 0.22
2023-06-19 16:34:07,519 - AUGCON - INFO - Epoch [50/50]-(0/22) Loss: 0.0969, Acc(1): 100.00, Acc(5): 100.00
2023-06-19 16:34:07,519 - AUGCON - INFO - Epoch [50/50]-(5/22) Loss: 0.2479, Acc(1): 100.00, Acc(5): 100.00
2023-06-19 16:34:07,519 - AUGCON - INFO - Epoch [50/50]-(10/22) Loss: 0.0863, Acc(1): 100.00, Acc(5): 100.00
2023-06-19 16:34:07,519 - AUGCON - INFO - Epoch [50/50]-(15/22) Loss: 0.1990, Acc(1): 100.00, Acc(5): 100.00
2023-06-19 16:34:07,519 - AUGCON - INFO - Epoch [50/50]-(20/22) Loss: 0.3455, Acc(1): 100.00, Acc(5): 100.00
2023-06-19 16:34:07,519 - AUGCON - INFO - 	Validation Loss: 0.5678, Acc(1): 88.00, Acc(5): 100.00, F1: 0.22, Recall: 0.21, Precision: 0.22
2023-06-19 16:34:07,519 - AUGCON - INFO - 	Validation Loss: 0.4421, Acc(1): 91.00, Acc(5): 99.67, F1: 0.21, Recall: 0.21, Precision: 0.22
