2023-06-19 16:42:43,323 - AUGCON - INFO - logger initialized (/home/hjyoon/projects/augcon/config/exp0/finetune_da_true/without_target_domain_PH0041-hmkim/metacpc_random_8421/tgt_target_domain_PH0007-jskim_seed0.yaml.log)
2023-06-19 16:42:43,323 - AUGCON - INFO - ================= Config =================
2023-06-19 16:42:43,323 - AUGCON - INFO -   mode: finetune
2023-06-19 16:42:43,323 - AUGCON - INFO -   seed: 0
2023-06-19 16:42:43,323 - AUGCON - INFO -   gpu: [5]
2023-06-19 16:42:43,323 - AUGCON - INFO -   num_workers: 1
2023-06-19 16:42:43,323 - AUGCON - INFO -   dist_url: tcp://localhost:10001
2023-06-19 16:42:43,323 - AUGCON - INFO -   dataset_name: ichar
2023-06-19 16:42:43,323 - AUGCON - INFO -   train_dataset_path: /mnt/sting/hjyoon/projects/cross/ICHAR/augcon/target_domain_PH0007-jskim/finetune/10shot/target/train.pkl
2023-06-19 16:42:43,323 - AUGCON - INFO -   test_dataset_path: /mnt/sting/hjyoon/projects/cross/ICHAR/augcon/target_domain_PH0007-jskim/finetune/10shot/target/test.pkl
2023-06-19 16:42:43,324 - AUGCON - INFO -   val_dataset_path: /mnt/sting/hjyoon/projects/cross/ICHAR/augcon/target_domain_PH0007-jskim/finetune/10shot/target/val.pkl
2023-06-19 16:42:43,324 - AUGCON - INFO -   input_channels: 3
2023-06-19 16:42:43,324 - AUGCON - INFO -   num_cls: 9
2023-06-19 16:42:43,324 - AUGCON - INFO -   optimizer: adam
2023-06-19 16:42:43,324 - AUGCON - INFO -   criterion: crossentropy
2023-06-19 16:42:43,324 - AUGCON - INFO -   start_epoch: 0
2023-06-19 16:42:43,324 - AUGCON - INFO -   epochs: 50
2023-06-19 16:42:43,324 - AUGCON - INFO -   batch_size: 4
2023-06-19 16:42:43,324 - AUGCON - INFO -   lr: 0.001
2023-06-19 16:42:43,324 - AUGCON - INFO -   wd: 0.0
2023-06-19 16:42:43,324 - AUGCON - INFO -   resume: 
2023-06-19 16:42:43,324 - AUGCON - INFO -   pretrained: /mnt/sting/hjyoon/projects/augcontrast/models/exp0/pretrain/without_target_domain_PH0041-hmkim/metacpc_random_8421/checkpoint_0999.pth.tar
2023-06-19 16:42:43,324 - AUGCON - INFO -   ckpt_dir: /mnt/sting/hjyoon/projects/augcontrast/models/exp0/finetune_da_true/without_target_domain_PH0041-hmkim/metacpc_random_8421/tgt_target_domain_PH0007-jskim_seed0
2023-06-19 16:42:43,324 - AUGCON - INFO -   log_freq: 5
2023-06-19 16:42:43,324 - AUGCON - INFO -   save_freq: 10
2023-06-19 16:42:43,324 - AUGCON - INFO -   pretext: metacpc
2023-06-19 16:42:43,324 - AUGCON - INFO -   enc_blocks: 4
2023-06-19 16:42:43,324 - AUGCON - INFO -   kernel_sizes: [8, 4, 2, 1]
2023-06-19 16:42:43,324 - AUGCON - INFO -   strides: [4, 2, 1, 1]
2023-06-19 16:42:43,324 - AUGCON - INFO -   agg_blocks: 5
2023-06-19 16:42:43,324 - AUGCON - INFO -   z_dim: 256
2023-06-19 16:42:43,324 - AUGCON - INFO -   pooling: mean
2023-06-19 16:42:43,324 - AUGCON - INFO -   pred_steps: 12
2023-06-19 16:42:43,324 - AUGCON - INFO -   n_negatives: 15
2023-06-19 16:42:43,324 - AUGCON - INFO -   offset: 4
2023-06-19 16:42:43,324 - AUGCON - INFO -   domain_adaptation: True
2023-06-19 16:42:43,324 - AUGCON - INFO -   task_steps: 10
2023-06-19 16:42:43,325 - AUGCON - INFO -   task_lr: 0.001
2023-06-19 16:42:43,325 - AUGCON - INFO -   reg_lambda: 0
2023-06-19 16:42:43,325 - AUGCON - INFO -   mlp: False
2023-06-19 16:42:43,325 - AUGCON - INFO -   freeze: True
2023-06-19 16:42:43,325 - AUGCON - INFO -   no_vars: False
2023-06-19 16:42:43,325 - AUGCON - INFO - ==========================================
2023-06-19 16:42:43,325 - AUGCON - INFO - Setting GPUs: [5]
2023-06-19 16:42:43,325 - AUGCON - INFO - GPUs [5] will be used
2023-06-19 16:42:43,325 - AUGCON - WARNING - You have chosen to seed training. 
2023-06-19 16:42:43,326 - AUGCON - WARNING - This will turn on the CUDNN deterministic setting, 
2023-06-19 16:42:43,326 - AUGCON - WARNING - which can slow down your training considerably! 
2023-06-19 16:42:43,326 - AUGCON - WARNING - You may see unexpected behavior when restarting 
2023-06-19 16:42:43,326 - AUGCON - WARNING - from checkpoints.
2023-06-19 16:42:43,374 - AUGCON - INFO - Executing MetaCPC
2023-06-19 16:42:43,374 - AUGCON - INFO - Logs are skipped during training
2023-06-19 16:43:03,647 - AUGCON - INFO - Single GPU is used for training - training 90 instances for each worker
2023-06-19 16:43:03,647 - AUGCON - INFO - Loading pretrained model from checkpoint - /mnt/sting/hjyoon/projects/augcontrast/models/exp0/pretrain/without_target_domain_PH0041-hmkim/metacpc_random_8421/checkpoint_0999.pth.tar
2023-06-19 16:43:03,647 - AUGCON - INFO - Missing keys: []
2023-06-19 16:43:03,647 - AUGCON - INFO - Perform domain adaptation step
2023-06-19 16:43:03,647 - AUGCON - INFO - 	meta-train [0/10] Loss: 27.8610, Acc(1): 5.11, Acc(5): 31.87
2023-06-19 16:43:03,647 - AUGCON - INFO - 	meta-train [1/10] Loss: 16.2122, Acc(1): 6.28, Acc(5): 32.81
2023-06-19 16:43:03,648 - AUGCON - INFO - 	meta-train [2/10] Loss: 8.7539, Acc(1): 6.61, Acc(5): 34.14
2023-06-19 16:43:03,648 - AUGCON - INFO - 	meta-train [3/10] Loss: 5.0592, Acc(1): 8.89, Acc(5): 37.48
2023-06-19 16:43:03,648 - AUGCON - INFO - 	meta-train [4/10] Loss: 3.3785, Acc(1): 11.28, Acc(5): 46.81
2023-06-19 16:43:03,648 - AUGCON - INFO - 	meta-train [5/10] Loss: 2.7426, Acc(1): 16.65, Acc(5): 55.11
2023-06-19 16:43:03,648 - AUGCON - INFO - 	meta-train [6/10] Loss: 2.5006, Acc(1): 19.51, Acc(5): 59.77
2023-06-19 16:43:03,648 - AUGCON - INFO - 	meta-train [7/10] Loss: 2.3301, Acc(1): 21.22, Acc(5): 63.85
2023-06-19 16:43:03,648 - AUGCON - INFO - 	meta-train [8/10] Loss: 2.1870, Acc(1): 23.64, Acc(5): 68.11
2023-06-19 16:43:03,648 - AUGCON - INFO - 	meta-train [9/10] Loss: 2.0936, Acc(1): 26.05, Acc(5): 71.50
2023-06-19 16:43:03,648 - AUGCON - INFO - Loading encoder parameters to the classifier
2023-06-19 16:43:03,648 - AUGCON - INFO - Missing keys: ['classifier.block.0.weight', 'classifier.block.0.bias']
2023-06-19 16:43:03,648 - AUGCON - INFO - Epoch [1/50]-(0/22) Loss: 2.3266, Acc(1): 25.00, Acc(5): 25.00
2023-06-19 16:43:03,648 - AUGCON - INFO - Epoch [1/50]-(5/22) Loss: 2.0219, Acc(1): 25.00, Acc(5): 75.00
2023-06-19 16:43:03,648 - AUGCON - INFO - Epoch [1/50]-(10/22) Loss: 2.6084, Acc(1): 0.00, Acc(5): 50.00
2023-06-19 16:43:03,648 - AUGCON - INFO - Epoch [1/50]-(15/22) Loss: 2.0101, Acc(1): 50.00, Acc(5): 75.00
2023-06-19 16:43:03,649 - AUGCON - INFO - Epoch [1/50]-(20/22) Loss: 2.2678, Acc(1): 0.00, Acc(5): 25.00
2023-06-19 16:43:03,649 - AUGCON - INFO - 	Validation Loss: 2.0964, Acc(1): 25.00, Acc(5): 80.00, F1: 0.05, Recall: 0.08, Precision: 0.04
2023-06-19 16:43:03,649 - AUGCON - INFO - Epoch [2/50]-(0/22) Loss: 2.3227, Acc(1): 0.00, Acc(5): 25.00
2023-06-19 16:43:03,649 - AUGCON - INFO - Epoch [2/50]-(5/22) Loss: 2.4634, Acc(1): 0.00, Acc(5): 25.00
2023-06-19 16:43:03,649 - AUGCON - INFO - Epoch [2/50]-(10/22) Loss: 2.2902, Acc(1): 25.00, Acc(5): 25.00
2023-06-19 16:43:03,649 - AUGCON - INFO - Epoch [2/50]-(15/22) Loss: 2.0006, Acc(1): 0.00, Acc(5): 100.00
2023-06-19 16:43:03,649 - AUGCON - INFO - Epoch [2/50]-(20/22) Loss: 1.9404, Acc(1): 75.00, Acc(5): 75.00
2023-06-19 16:43:03,649 - AUGCON - INFO - 	Validation Loss: 1.9527, Acc(1): 33.00, Acc(5): 91.00, F1: 0.09, Recall: 0.11, Precision: 0.08
2023-06-19 16:43:03,649 - AUGCON - INFO - Epoch [3/50]-(0/22) Loss: 1.9417, Acc(1): 50.00, Acc(5): 100.00
2023-06-19 16:43:03,649 - AUGCON - INFO - Epoch [3/50]-(5/22) Loss: 1.7730, Acc(1): 50.00, Acc(5): 100.00
2023-06-19 16:43:03,649 - AUGCON - INFO - Epoch [3/50]-(10/22) Loss: 2.4205, Acc(1): 0.00, Acc(5): 0.00
2023-06-19 16:43:03,649 - AUGCON - INFO - Epoch [3/50]-(15/22) Loss: 2.2315, Acc(1): 0.00, Acc(5): 50.00
2023-06-19 16:43:03,649 - AUGCON - INFO - Epoch [3/50]-(20/22) Loss: 1.6325, Acc(1): 50.00, Acc(5): 100.00
2023-06-19 16:43:03,649 - AUGCON - INFO - 	Validation Loss: 1.9245, Acc(1): 36.00, Acc(5): 87.00, F1: 0.10, Recall: 0.12, Precision: 0.09
2023-06-19 16:43:03,649 - AUGCON - INFO - Epoch [4/50]-(0/22) Loss: 1.9164, Acc(1): 25.00, Acc(5): 100.00
2023-06-19 16:43:03,650 - AUGCON - INFO - Epoch [4/50]-(5/22) Loss: 2.0679, Acc(1): 25.00, Acc(5): 75.00
2023-06-19 16:43:03,650 - AUGCON - INFO - Epoch [4/50]-(10/22) Loss: 2.1123, Acc(1): 50.00, Acc(5): 50.00
2023-06-19 16:43:03,650 - AUGCON - INFO - Epoch [4/50]-(15/22) Loss: 1.4776, Acc(1): 75.00, Acc(5): 100.00
2023-06-19 16:43:03,650 - AUGCON - INFO - Epoch [4/50]-(20/22) Loss: 1.8406, Acc(1): 25.00, Acc(5): 100.00
2023-06-19 16:43:03,650 - AUGCON - INFO - 	Validation Loss: 1.7920, Acc(1): 44.00, Acc(5): 92.00, F1: 0.17, Recall: 0.14, Precision: 0.21
2023-06-19 16:43:03,650 - AUGCON - INFO - Epoch [5/50]-(0/22) Loss: 1.9103, Acc(1): 25.00, Acc(5): 75.00
2023-06-19 16:43:03,650 - AUGCON - INFO - Epoch [5/50]-(5/22) Loss: 1.7861, Acc(1): 25.00, Acc(5): 100.00
2023-06-19 16:43:03,650 - AUGCON - INFO - Epoch [5/50]-(10/22) Loss: 1.7116, Acc(1): 25.00, Acc(5): 100.00
2023-06-19 16:43:03,650 - AUGCON - INFO - Epoch [5/50]-(15/22) Loss: 1.8800, Acc(1): 25.00, Acc(5): 75.00
2023-06-19 16:43:03,650 - AUGCON - INFO - Epoch [5/50]-(20/22) Loss: 2.0514, Acc(1): 0.00, Acc(5): 50.00
2023-06-19 16:43:03,650 - AUGCON - INFO - 	Validation Loss: 1.7870, Acc(1): 50.00, Acc(5): 91.00, F1: 0.16, Recall: 0.16, Precision: 0.16
2023-06-19 16:43:03,650 - AUGCON - INFO - Epoch [6/50]-(0/22) Loss: 1.9624, Acc(1): 50.00, Acc(5): 75.00
2023-06-19 16:43:03,651 - AUGCON - INFO - Epoch [6/50]-(5/22) Loss: 1.5385, Acc(1): 50.00, Acc(5): 100.00
2023-06-19 16:43:03,651 - AUGCON - INFO - Epoch [6/50]-(10/22) Loss: 1.5336, Acc(1): 50.00, Acc(5): 100.00
2023-06-19 16:43:03,651 - AUGCON - INFO - Epoch [6/50]-(15/22) Loss: 1.8645, Acc(1): 75.00, Acc(5): 75.00
2023-06-19 16:43:03,651 - AUGCON - INFO - Epoch [6/50]-(20/22) Loss: 1.5258, Acc(1): 50.00, Acc(5): 100.00
2023-06-19 16:43:03,651 - AUGCON - INFO - 	Validation Loss: 1.7814, Acc(1): 32.00, Acc(5): 83.00, F1: 0.08, Recall: 0.10, Precision: 0.07
2023-06-19 16:43:03,651 - AUGCON - INFO - Epoch [7/50]-(0/22) Loss: 1.3631, Acc(1): 75.00, Acc(5): 100.00
2023-06-19 16:43:03,651 - AUGCON - INFO - Epoch [7/50]-(5/22) Loss: 1.3605, Acc(1): 75.00, Acc(5): 100.00
2023-06-19 16:43:03,651 - AUGCON - INFO - Epoch [7/50]-(10/22) Loss: 1.4881, Acc(1): 75.00, Acc(5): 100.00
2023-06-19 16:43:03,651 - AUGCON - INFO - Epoch [7/50]-(15/22) Loss: 1.8927, Acc(1): 25.00, Acc(5): 100.00
2023-06-19 16:43:03,651 - AUGCON - INFO - Epoch [7/50]-(20/22) Loss: 1.5635, Acc(1): 50.00, Acc(5): 75.00
2023-06-19 16:43:03,652 - AUGCON - INFO - 	Validation Loss: 1.6868, Acc(1): 44.00, Acc(5): 92.00, F1: 0.14, Recall: 0.14, Precision: 0.13
2023-06-19 16:43:03,652 - AUGCON - INFO - Epoch [8/50]-(0/22) Loss: 1.4592, Acc(1): 75.00, Acc(5): 100.00
2023-06-19 16:43:03,652 - AUGCON - INFO - Epoch [8/50]-(5/22) Loss: 1.8059, Acc(1): 50.00, Acc(5): 100.00
2023-06-19 16:43:03,655 - AUGCON - INFO - Epoch [8/50]-(10/22) Loss: 1.7551, Acc(1): 25.00, Acc(5): 75.00
2023-06-19 16:43:03,655 - AUGCON - INFO - Epoch [8/50]-(15/22) Loss: 1.7305, Acc(1): 25.00, Acc(5): 75.00
2023-06-19 16:43:03,655 - AUGCON - INFO - Epoch [8/50]-(20/22) Loss: 1.9874, Acc(1): 25.00, Acc(5): 75.00
2023-06-19 16:43:03,655 - AUGCON - INFO - 	Validation Loss: 1.7136, Acc(1): 55.00, Acc(5): 86.00, F1: 0.17, Recall: 0.18, Precision: 0.16
2023-06-19 16:43:03,655 - AUGCON - INFO - Epoch [9/50]-(0/22) Loss: 1.8874, Acc(1): 75.00, Acc(5): 75.00
2023-06-19 16:43:03,655 - AUGCON - INFO - Epoch [9/50]-(5/22) Loss: 1.0787, Acc(1): 75.00, Acc(5): 100.00
2023-06-19 16:43:03,655 - AUGCON - INFO - Epoch [9/50]-(10/22) Loss: 2.0125, Acc(1): 0.00, Acc(5): 100.00
2023-06-19 16:43:03,655 - AUGCON - INFO - Epoch [9/50]-(15/22) Loss: 1.6801, Acc(1): 25.00, Acc(5): 75.00
2023-06-19 16:43:03,655 - AUGCON - INFO - Epoch [9/50]-(20/22) Loss: 1.3223, Acc(1): 50.00, Acc(5): 100.00
2023-06-19 16:43:03,655 - AUGCON - INFO - 	Validation Loss: 1.6364, Acc(1): 49.00, Acc(5): 90.00, F1: 0.16, Recall: 0.16, Precision: 0.16
2023-06-19 16:43:03,655 - AUGCON - INFO - Epoch [10/50]-(0/22) Loss: 1.1797, Acc(1): 75.00, Acc(5): 100.00
2023-06-19 16:43:03,655 - AUGCON - INFO - Epoch [10/50]-(5/22) Loss: 0.7961, Acc(1): 100.00, Acc(5): 100.00
2023-06-19 16:43:03,655 - AUGCON - INFO - Epoch [10/50]-(10/22) Loss: 1.8407, Acc(1): 75.00, Acc(5): 75.00
2023-06-19 16:43:03,656 - AUGCON - INFO - Epoch [10/50]-(15/22) Loss: 1.3810, Acc(1): 75.00, Acc(5): 100.00
2023-06-19 16:43:03,656 - AUGCON - INFO - Epoch [10/50]-(20/22) Loss: 1.6432, Acc(1): 25.00, Acc(5): 100.00
2023-06-19 16:43:03,656 - AUGCON - INFO - 	Validation Loss: 1.6120, Acc(1): 49.00, Acc(5): 89.00, F1: 0.16, Recall: 0.16, Precision: 0.16
2023-06-19 16:43:03,656 - AUGCON - INFO - Epoch [11/50]-(0/22) Loss: 1.0434, Acc(1): 100.00, Acc(5): 100.00
2023-06-19 16:43:03,656 - AUGCON - INFO - Epoch [11/50]-(5/22) Loss: 1.2406, Acc(1): 50.00, Acc(5): 100.00
2023-06-19 16:43:03,656 - AUGCON - INFO - Epoch [11/50]-(10/22) Loss: 1.8425, Acc(1): 25.00, Acc(5): 75.00
2023-06-19 16:43:03,656 - AUGCON - INFO - Epoch [11/50]-(15/22) Loss: 1.3309, Acc(1): 75.00, Acc(5): 100.00
2023-06-19 16:43:03,656 - AUGCON - INFO - Epoch [11/50]-(20/22) Loss: 1.8682, Acc(1): 25.00, Acc(5): 75.00
2023-06-19 16:43:03,656 - AUGCON - INFO - 	Validation Loss: 1.6081, Acc(1): 52.00, Acc(5): 92.00, F1: 0.15, Recall: 0.15, Precision: 0.15
2023-06-19 16:43:03,656 - AUGCON - INFO - Epoch [12/50]-(0/22) Loss: 1.3109, Acc(1): 75.00, Acc(5): 100.00
2023-06-19 16:43:03,656 - AUGCON - INFO - Epoch [12/50]-(5/22) Loss: 1.4696, Acc(1): 50.00, Acc(5): 75.00
2023-06-19 16:43:03,656 - AUGCON - INFO - Epoch [12/50]-(10/22) Loss: 1.6104, Acc(1): 25.00, Acc(5): 75.00
2023-06-19 16:43:03,656 - AUGCON - INFO - Epoch [12/50]-(15/22) Loss: 1.8216, Acc(1): 50.00, Acc(5): 75.00
2023-06-19 16:43:03,657 - AUGCON - INFO - Epoch [12/50]-(20/22) Loss: 2.1641, Acc(1): 25.00, Acc(5): 50.00
2023-06-19 16:43:03,657 - AUGCON - INFO - 	Validation Loss: 1.6113, Acc(1): 53.00, Acc(5): 86.00, F1: 0.16, Recall: 0.17, Precision: 0.15
2023-06-19 16:43:03,657 - AUGCON - INFO - Epoch [13/50]-(0/22) Loss: 1.4740, Acc(1): 75.00, Acc(5): 100.00
2023-06-19 16:43:03,657 - AUGCON - INFO - Epoch [13/50]-(5/22) Loss: 1.1143, Acc(1): 75.00, Acc(5): 100.00
2023-06-19 16:43:03,657 - AUGCON - INFO - Epoch [13/50]-(10/22) Loss: 2.0644, Acc(1): 25.00, Acc(5): 50.00
2023-06-19 16:43:03,657 - AUGCON - INFO - Epoch [13/50]-(15/22) Loss: 1.6696, Acc(1): 25.00, Acc(5): 100.00
2023-06-19 16:43:03,657 - AUGCON - INFO - Epoch [13/50]-(20/22) Loss: 0.5906, Acc(1): 100.00, Acc(5): 100.00
2023-06-19 16:43:03,657 - AUGCON - INFO - 	Validation Loss: 1.5717, Acc(1): 46.00, Acc(5): 88.00, F1: 0.14, Recall: 0.15, Precision: 0.13
2023-06-19 16:43:03,657 - AUGCON - INFO - Epoch [14/50]-(0/22) Loss: 1.8615, Acc(1): 50.00, Acc(5): 75.00
2023-06-19 16:43:03,657 - AUGCON - INFO - Epoch [14/50]-(5/22) Loss: 1.6855, Acc(1): 50.00, Acc(5): 100.00
2023-06-19 16:43:03,658 - AUGCON - INFO - Epoch [14/50]-(10/22) Loss: 1.4013, Acc(1): 75.00, Acc(5): 100.00
2023-06-19 16:43:03,658 - AUGCON - INFO - Epoch [14/50]-(15/22) Loss: 1.6993, Acc(1): 25.00, Acc(5): 100.00
2023-06-19 16:43:03,658 - AUGCON - INFO - Epoch [14/50]-(20/22) Loss: 1.4836, Acc(1): 50.00, Acc(5): 100.00
2023-06-19 16:43:03,658 - AUGCON - INFO - 	Validation Loss: 1.5283, Acc(1): 62.00, Acc(5): 92.00, F1: 0.17, Recall: 0.17, Precision: 0.18
2023-06-19 16:43:03,658 - AUGCON - INFO - Epoch [15/50]-(0/22) Loss: 1.6817, Acc(1): 50.00, Acc(5): 100.00
2023-06-19 16:43:03,658 - AUGCON - INFO - Epoch [15/50]-(5/22) Loss: 1.9157, Acc(1): 50.00, Acc(5): 75.00
2023-06-19 16:43:03,658 - AUGCON - INFO - Epoch [15/50]-(10/22) Loss: 2.2599, Acc(1): 25.00, Acc(5): 75.00
2023-06-19 16:43:03,658 - AUGCON - INFO - Epoch [15/50]-(15/22) Loss: 1.3666, Acc(1): 75.00, Acc(5): 75.00
2023-06-19 16:43:03,658 - AUGCON - INFO - Epoch [15/50]-(20/22) Loss: 0.8807, Acc(1): 75.00, Acc(5): 100.00
2023-06-19 16:43:03,658 - AUGCON - INFO - 	Validation Loss: 1.5423, Acc(1): 57.00, Acc(5): 87.00, F1: 0.17, Recall: 0.17, Precision: 0.16
2023-06-19 16:43:03,658 - AUGCON - INFO - Epoch [16/50]-(0/22) Loss: 1.2850, Acc(1): 75.00, Acc(5): 100.00
2023-06-19 16:43:03,659 - AUGCON - INFO - Epoch [16/50]-(5/22) Loss: 1.8038, Acc(1): 50.00, Acc(5): 75.00
2023-06-19 16:43:03,659 - AUGCON - INFO - Epoch [16/50]-(10/22) Loss: 1.7254, Acc(1): 50.00, Acc(5): 100.00
2023-06-19 16:43:03,659 - AUGCON - INFO - Epoch [16/50]-(15/22) Loss: 1.3715, Acc(1): 50.00, Acc(5): 100.00
2023-06-19 16:43:03,659 - AUGCON - INFO - Epoch [16/50]-(20/22) Loss: 1.0546, Acc(1): 50.00, Acc(5): 100.00
2023-06-19 16:43:03,659 - AUGCON - INFO - 	Validation Loss: 1.4850, Acc(1): 53.00, Acc(5): 89.00, F1: 0.16, Recall: 0.17, Precision: 0.15
2023-06-19 16:43:03,659 - AUGCON - INFO - Epoch [17/50]-(0/22) Loss: 1.1848, Acc(1): 50.00, Acc(5): 100.00
2023-06-19 16:43:03,659 - AUGCON - INFO - Epoch [17/50]-(5/22) Loss: 0.7009, Acc(1): 100.00, Acc(5): 100.00
2023-06-19 16:43:03,659 - AUGCON - INFO - Epoch [17/50]-(10/22) Loss: 1.2035, Acc(1): 75.00, Acc(5): 100.00
2023-06-19 16:43:03,659 - AUGCON - INFO - Epoch [17/50]-(15/22) Loss: 0.9364, Acc(1): 75.00, Acc(5): 100.00
2023-06-19 16:43:03,659 - AUGCON - INFO - Epoch [17/50]-(20/22) Loss: 1.9805, Acc(1): 25.00, Acc(5): 75.00
2023-06-19 16:43:03,659 - AUGCON - INFO - 	Validation Loss: 1.5398, Acc(1): 55.00, Acc(5): 83.00, F1: 0.15, Recall: 0.16, Precision: 0.15
2023-06-19 16:43:03,659 - AUGCON - INFO - Epoch [18/50]-(0/22) Loss: 0.9483, Acc(1): 50.00, Acc(5): 100.00
2023-06-19 16:43:03,660 - AUGCON - INFO - Epoch [18/50]-(5/22) Loss: 1.8813, Acc(1): 25.00, Acc(5): 75.00
2023-06-19 16:43:03,660 - AUGCON - INFO - Epoch [18/50]-(10/22) Loss: 0.9979, Acc(1): 75.00, Acc(5): 100.00
2023-06-19 16:43:03,660 - AUGCON - INFO - Epoch [18/50]-(15/22) Loss: 1.8288, Acc(1): 25.00, Acc(5): 75.00
2023-06-19 16:43:03,660 - AUGCON - INFO - Epoch [18/50]-(20/22) Loss: 0.6994, Acc(1): 100.00, Acc(5): 100.00
2023-06-19 16:43:03,660 - AUGCON - INFO - 	Validation Loss: 1.4957, Acc(1): 54.00, Acc(5): 85.00, F1: 0.16, Recall: 0.17, Precision: 0.16
2023-06-19 16:43:03,660 - AUGCON - INFO - Epoch [19/50]-(0/22) Loss: 1.1781, Acc(1): 50.00, Acc(5): 100.00
2023-06-19 16:43:03,660 - AUGCON - INFO - Epoch [19/50]-(5/22) Loss: 2.2268, Acc(1): 25.00, Acc(5): 75.00
2023-06-19 16:43:03,660 - AUGCON - INFO - Epoch [19/50]-(10/22) Loss: 1.6183, Acc(1): 50.00, Acc(5): 100.00
2023-06-19 16:43:03,660 - AUGCON - INFO - Epoch [19/50]-(15/22) Loss: 1.4181, Acc(1): 50.00, Acc(5): 100.00
2023-06-19 16:43:03,660 - AUGCON - INFO - Epoch [19/50]-(20/22) Loss: 1.1815, Acc(1): 75.00, Acc(5): 100.00
2023-06-19 16:43:03,660 - AUGCON - INFO - 	Validation Loss: 1.5158, Acc(1): 53.00, Acc(5): 88.00, F1: 0.14, Recall: 0.15, Precision: 0.14
2023-06-19 16:43:03,661 - AUGCON - INFO - Epoch [20/50]-(0/22) Loss: 1.0504, Acc(1): 50.00, Acc(5): 100.00
2023-06-19 16:43:03,661 - AUGCON - INFO - Epoch [20/50]-(5/22) Loss: 2.1175, Acc(1): 50.00, Acc(5): 75.00
2023-06-19 16:43:03,661 - AUGCON - INFO - Epoch [20/50]-(10/22) Loss: 1.4380, Acc(1): 25.00, Acc(5): 100.00
2023-06-19 16:43:03,661 - AUGCON - INFO - Epoch [20/50]-(15/22) Loss: 0.9892, Acc(1): 75.00, Acc(5): 100.00
2023-06-19 16:43:03,661 - AUGCON - INFO - Epoch [20/50]-(20/22) Loss: 0.7905, Acc(1): 75.00, Acc(5): 100.00
2023-06-19 16:43:03,661 - AUGCON - INFO - 	Validation Loss: 1.5141, Acc(1): 51.00, Acc(5): 86.00, F1: 0.15, Recall: 0.16, Precision: 0.13
2023-06-19 16:43:03,661 - AUGCON - INFO - Epoch [21/50]-(0/22) Loss: 1.5174, Acc(1): 50.00, Acc(5): 100.00
2023-06-19 16:43:03,661 - AUGCON - INFO - Epoch [21/50]-(5/22) Loss: 0.9254, Acc(1): 75.00, Acc(5): 100.00
2023-06-19 16:43:03,661 - AUGCON - INFO - Epoch [21/50]-(10/22) Loss: 1.4068, Acc(1): 50.00, Acc(5): 75.00
2023-06-19 16:43:03,661 - AUGCON - INFO - Epoch [21/50]-(15/22) Loss: 1.5918, Acc(1): 50.00, Acc(5): 100.00
2023-06-19 16:43:03,662 - AUGCON - INFO - Epoch [21/50]-(20/22) Loss: 1.6260, Acc(1): 25.00, Acc(5): 100.00
2023-06-19 16:43:03,662 - AUGCON - INFO - 	Validation Loss: 1.4346, Acc(1): 55.00, Acc(5): 90.00, F1: 0.16, Recall: 0.16, Precision: 0.16
2023-06-19 16:43:03,662 - AUGCON - INFO - Epoch [22/50]-(0/22) Loss: 1.6130, Acc(1): 50.00, Acc(5): 100.00
2023-06-19 16:43:03,662 - AUGCON - INFO - Epoch [22/50]-(5/22) Loss: 2.0038, Acc(1): 75.00, Acc(5): 75.00
2023-06-19 16:43:03,662 - AUGCON - INFO - Epoch [22/50]-(10/22) Loss: 1.6450, Acc(1): 25.00, Acc(5): 100.00
2023-06-19 16:43:03,662 - AUGCON - INFO - Epoch [22/50]-(15/22) Loss: 1.1991, Acc(1): 50.00, Acc(5): 100.00
2023-06-19 16:43:03,662 - AUGCON - INFO - Epoch [22/50]-(20/22) Loss: 1.0536, Acc(1): 50.00, Acc(5): 100.00
2023-06-19 16:43:03,662 - AUGCON - INFO - 	Validation Loss: 1.4645, Acc(1): 48.00, Acc(5): 86.00, F1: 0.14, Recall: 0.15, Precision: 0.13
2023-06-19 16:43:03,662 - AUGCON - INFO - Epoch [23/50]-(0/22) Loss: 1.5243, Acc(1): 75.00, Acc(5): 100.00
2023-06-19 16:43:03,662 - AUGCON - INFO - Epoch [23/50]-(5/22) Loss: 1.1123, Acc(1): 75.00, Acc(5): 100.00
2023-06-19 16:43:03,662 - AUGCON - INFO - Epoch [23/50]-(10/22) Loss: 1.2803, Acc(1): 50.00, Acc(5): 100.00
2023-06-19 16:43:03,663 - AUGCON - INFO - Epoch [23/50]-(15/22) Loss: 1.4046, Acc(1): 75.00, Acc(5): 75.00
2023-06-19 16:43:03,663 - AUGCON - INFO - Epoch [23/50]-(20/22) Loss: 1.4669, Acc(1): 50.00, Acc(5): 100.00
2023-06-19 16:43:03,663 - AUGCON - INFO - 	Validation Loss: 1.4460, Acc(1): 62.00, Acc(5): 93.00, F1: 0.17, Recall: 0.17, Precision: 0.17
2023-06-19 16:43:03,663 - AUGCON - INFO - Epoch [24/50]-(0/22) Loss: 1.3761, Acc(1): 50.00, Acc(5): 100.00
2023-06-19 16:43:03,663 - AUGCON - INFO - Epoch [24/50]-(5/22) Loss: 2.0312, Acc(1): 50.00, Acc(5): 50.00
2023-06-19 16:43:03,663 - AUGCON - INFO - Epoch [24/50]-(10/22) Loss: 1.3407, Acc(1): 75.00, Acc(5): 100.00
2023-06-19 16:43:03,663 - AUGCON - INFO - Epoch [24/50]-(15/22) Loss: 1.7878, Acc(1): 50.00, Acc(5): 75.00
2023-06-19 16:43:03,663 - AUGCON - INFO - Epoch [24/50]-(20/22) Loss: 1.6412, Acc(1): 50.00, Acc(5): 75.00
2023-06-19 16:43:03,663 - AUGCON - INFO - 	Validation Loss: 1.4308, Acc(1): 46.00, Acc(5): 89.00, F1: 0.13, Recall: 0.13, Precision: 0.13
2023-06-19 16:43:03,663 - AUGCON - INFO - Epoch [25/50]-(0/22) Loss: 0.9783, Acc(1): 100.00, Acc(5): 100.00
2023-06-19 16:43:03,664 - AUGCON - INFO - Epoch [25/50]-(5/22) Loss: 1.5279, Acc(1): 75.00, Acc(5): 75.00
2023-06-19 16:43:03,664 - AUGCON - INFO - Epoch [25/50]-(10/22) Loss: 0.7191, Acc(1): 75.00, Acc(5): 100.00
2023-06-19 16:43:03,664 - AUGCON - INFO - Epoch [25/50]-(15/22) Loss: 1.2195, Acc(1): 50.00, Acc(5): 100.00
2023-06-19 16:43:03,664 - AUGCON - INFO - Epoch [25/50]-(20/22) Loss: 1.5280, Acc(1): 50.00, Acc(5): 75.00
2023-06-19 16:43:03,664 - AUGCON - INFO - 	Validation Loss: 1.4125, Acc(1): 62.00, Acc(5): 89.00, F1: 0.17, Recall: 0.17, Precision: 0.16
2023-06-19 16:43:03,664 - AUGCON - INFO - Epoch [26/50]-(0/22) Loss: 1.7330, Acc(1): 25.00, Acc(5): 100.00
2023-06-19 16:43:03,664 - AUGCON - INFO - Epoch [26/50]-(5/22) Loss: 1.4716, Acc(1): 25.00, Acc(5): 100.00
2023-06-19 16:43:03,664 - AUGCON - INFO - Epoch [26/50]-(10/22) Loss: 1.4407, Acc(1): 75.00, Acc(5): 75.00
2023-06-19 16:43:03,664 - AUGCON - INFO - Epoch [26/50]-(15/22) Loss: 1.1944, Acc(1): 50.00, Acc(5): 100.00
2023-06-19 16:43:03,665 - AUGCON - INFO - Epoch [26/50]-(20/22) Loss: 1.1805, Acc(1): 75.00, Acc(5): 100.00
2023-06-19 16:43:03,665 - AUGCON - INFO - 	Validation Loss: 1.4026, Acc(1): 58.00, Acc(5): 86.00, F1: 0.16, Recall: 0.18, Precision: 0.15
2023-06-19 16:43:03,665 - AUGCON - INFO - Epoch [27/50]-(0/22) Loss: 0.8270, Acc(1): 100.00, Acc(5): 100.00
2023-06-19 16:43:03,665 - AUGCON - INFO - Epoch [27/50]-(5/22) Loss: 1.5919, Acc(1): 50.00, Acc(5): 100.00
2023-06-19 16:43:03,665 - AUGCON - INFO - Epoch [27/50]-(10/22) Loss: 1.8595, Acc(1): 50.00, Acc(5): 75.00
2023-06-19 16:43:03,665 - AUGCON - INFO - Epoch [27/50]-(15/22) Loss: 1.0140, Acc(1): 75.00, Acc(5): 100.00
2023-06-19 16:43:03,665 - AUGCON - INFO - Epoch [27/50]-(20/22) Loss: 1.6276, Acc(1): 75.00, Acc(5): 75.00
2023-06-19 16:43:03,666 - AUGCON - INFO - 	Validation Loss: 1.4233, Acc(1): 61.00, Acc(5): 84.00, F1: 0.17, Recall: 0.18, Precision: 0.16
2023-06-19 16:43:03,666 - AUGCON - INFO - Epoch [28/50]-(0/22) Loss: 1.3170, Acc(1): 50.00, Acc(5): 75.00
2023-06-19 16:43:03,666 - AUGCON - INFO - Epoch [28/50]-(5/22) Loss: 1.2935, Acc(1): 50.00, Acc(5): 75.00
2023-06-19 16:43:03,666 - AUGCON - INFO - Epoch [28/50]-(10/22) Loss: 1.4508, Acc(1): 50.00, Acc(5): 75.00
2023-06-19 16:43:03,666 - AUGCON - INFO - Epoch [28/50]-(15/22) Loss: 0.6419, Acc(1): 75.00, Acc(5): 100.00
2023-06-19 16:43:03,666 - AUGCON - INFO - Epoch [28/50]-(20/22) Loss: 1.6275, Acc(1): 25.00, Acc(5): 100.00
2023-06-19 16:43:03,666 - AUGCON - INFO - 	Validation Loss: 1.3819, Acc(1): 59.00, Acc(5): 90.00, F1: 0.16, Recall: 0.16, Precision: 0.16
2023-06-19 16:43:03,667 - AUGCON - INFO - Epoch [29/50]-(0/22) Loss: 1.4155, Acc(1): 75.00, Acc(5): 100.00
2023-06-19 16:43:03,667 - AUGCON - INFO - Epoch [29/50]-(5/22) Loss: 0.9296, Acc(1): 75.00, Acc(5): 100.00
2023-06-19 16:43:03,667 - AUGCON - INFO - Epoch [29/50]-(10/22) Loss: 1.7152, Acc(1): 50.00, Acc(5): 50.00
2023-06-19 16:43:03,667 - AUGCON - INFO - Epoch [29/50]-(15/22) Loss: 1.1600, Acc(1): 75.00, Acc(5): 100.00
2023-06-19 16:43:03,667 - AUGCON - INFO - Epoch [29/50]-(20/22) Loss: 1.3846, Acc(1): 25.00, Acc(5): 100.00
2023-06-19 16:43:03,667 - AUGCON - INFO - 	Validation Loss: 1.3863, Acc(1): 57.00, Acc(5): 86.00, F1: 0.16, Recall: 0.17, Precision: 0.15
2023-06-19 16:43:03,667 - AUGCON - INFO - Epoch [30/50]-(0/22) Loss: 1.0391, Acc(1): 75.00, Acc(5): 75.00
2023-06-19 16:43:03,667 - AUGCON - INFO - Epoch [30/50]-(5/22) Loss: 0.7720, Acc(1): 75.00, Acc(5): 100.00
2023-06-19 16:43:03,668 - AUGCON - INFO - Epoch [30/50]-(10/22) Loss: 1.1983, Acc(1): 50.00, Acc(5): 100.00
2023-06-19 16:43:03,668 - AUGCON - INFO - Epoch [30/50]-(15/22) Loss: 1.3784, Acc(1): 50.00, Acc(5): 100.00
2023-06-19 16:43:03,668 - AUGCON - INFO - Epoch [30/50]-(20/22) Loss: 1.2966, Acc(1): 50.00, Acc(5): 100.00
2023-06-19 16:43:03,668 - AUGCON - INFO - 	Validation Loss: 1.3802, Acc(1): 62.00, Acc(5): 91.00, F1: 0.17, Recall: 0.17, Precision: 0.17
2023-06-19 16:43:03,668 - AUGCON - INFO - Epoch [31/50]-(0/22) Loss: 0.9049, Acc(1): 100.00, Acc(5): 100.00
2023-06-19 16:43:03,668 - AUGCON - INFO - Epoch [31/50]-(5/22) Loss: 0.4368, Acc(1): 100.00, Acc(5): 100.00
2023-06-19 16:43:03,668 - AUGCON - INFO - Epoch [31/50]-(10/22) Loss: 1.9117, Acc(1): 25.00, Acc(5): 50.00
2023-06-19 16:43:03,669 - AUGCON - INFO - Epoch [31/50]-(15/22) Loss: 0.9373, Acc(1): 75.00, Acc(5): 100.00
2023-06-19 16:43:03,669 - AUGCON - INFO - Epoch [31/50]-(20/22) Loss: 0.9398, Acc(1): 75.00, Acc(5): 100.00
2023-06-19 16:43:03,669 - AUGCON - INFO - 	Validation Loss: 1.3085, Acc(1): 60.00, Acc(5): 93.00, F1: 0.17, Recall: 0.16, Precision: 0.17
2023-06-19 16:43:03,669 - AUGCON - INFO - Epoch [32/50]-(0/22) Loss: 1.3584, Acc(1): 75.00, Acc(5): 75.00
2023-06-19 16:43:03,669 - AUGCON - INFO - Epoch [32/50]-(5/22) Loss: 1.2609, Acc(1): 75.00, Acc(5): 100.00
2023-06-19 16:43:03,669 - AUGCON - INFO - Epoch [32/50]-(10/22) Loss: 1.2283, Acc(1): 50.00, Acc(5): 100.00
2023-06-19 16:43:03,669 - AUGCON - INFO - Epoch [32/50]-(15/22) Loss: 1.7735, Acc(1): 25.00, Acc(5): 75.00
2023-06-19 16:43:03,670 - AUGCON - INFO - Epoch [32/50]-(20/22) Loss: 0.5277, Acc(1): 100.00, Acc(5): 100.00
2023-06-19 16:43:03,670 - AUGCON - INFO - 	Validation Loss: 1.3753, Acc(1): 62.00, Acc(5): 89.00, F1: 0.16, Recall: 0.17, Precision: 0.15
2023-06-19 16:43:03,670 - AUGCON - INFO - Epoch [33/50]-(0/22) Loss: 0.8029, Acc(1): 100.00, Acc(5): 100.00
2023-06-19 16:43:03,670 - AUGCON - INFO - Epoch [33/50]-(5/22) Loss: 1.0372, Acc(1): 75.00, Acc(5): 100.00
2023-06-19 16:43:03,670 - AUGCON - INFO - Epoch [33/50]-(10/22) Loss: 1.6909, Acc(1): 25.00, Acc(5): 75.00
2023-06-19 16:43:03,670 - AUGCON - INFO - Epoch [33/50]-(15/22) Loss: 0.9151, Acc(1): 100.00, Acc(5): 100.00
2023-06-19 16:43:03,670 - AUGCON - INFO - Epoch [33/50]-(20/22) Loss: 1.1668, Acc(1): 75.00, Acc(5): 75.00
2023-06-19 16:43:03,671 - AUGCON - INFO - 	Validation Loss: 1.3367, Acc(1): 63.00, Acc(5): 91.00, F1: 0.17, Recall: 0.17, Precision: 0.16
2023-06-19 16:43:03,671 - AUGCON - INFO - Epoch [34/50]-(0/22) Loss: 2.5445, Acc(1): 25.00, Acc(5): 50.00
2023-06-19 16:43:03,671 - AUGCON - INFO - Epoch [34/50]-(5/22) Loss: 0.9001, Acc(1): 50.00, Acc(5): 100.00
2023-06-19 16:43:03,671 - AUGCON - INFO - Epoch [34/50]-(10/22) Loss: 1.6305, Acc(1): 50.00, Acc(5): 100.00
2023-06-19 16:43:03,671 - AUGCON - INFO - Epoch [34/50]-(15/22) Loss: 1.8708, Acc(1): 25.00, Acc(5): 75.00
2023-06-19 16:43:03,671 - AUGCON - INFO - Epoch [34/50]-(20/22) Loss: 0.7345, Acc(1): 100.00, Acc(5): 100.00
2023-06-19 16:43:03,671 - AUGCON - INFO - 	Validation Loss: 1.3325, Acc(1): 64.00, Acc(5): 91.00, F1: 0.17, Recall: 0.17, Precision: 0.16
2023-06-19 16:43:03,671 - AUGCON - INFO - Epoch [35/50]-(0/22) Loss: 1.4611, Acc(1): 75.00, Acc(5): 75.00
2023-06-19 16:43:03,671 - AUGCON - INFO - Epoch [35/50]-(5/22) Loss: 0.5929, Acc(1): 75.00, Acc(5): 100.00
2023-06-19 16:43:03,672 - AUGCON - INFO - Epoch [35/50]-(10/22) Loss: 1.4401, Acc(1): 50.00, Acc(5): 75.00
2023-06-19 16:43:03,672 - AUGCON - INFO - Epoch [35/50]-(15/22) Loss: 0.6999, Acc(1): 75.00, Acc(5): 100.00
2023-06-19 16:43:03,672 - AUGCON - INFO - Epoch [35/50]-(20/22) Loss: 1.0311, Acc(1): 100.00, Acc(5): 100.00
2023-06-19 16:43:03,672 - AUGCON - INFO - 	Validation Loss: 1.3629, Acc(1): 61.00, Acc(5): 91.00, F1: 0.16, Recall: 0.16, Precision: 0.16
2023-06-19 16:43:03,672 - AUGCON - INFO - Epoch [36/50]-(0/22) Loss: 1.1279, Acc(1): 75.00, Acc(5): 100.00
2023-06-19 16:43:03,672 - AUGCON - INFO - Epoch [36/50]-(5/22) Loss: 0.9778, Acc(1): 75.00, Acc(5): 75.00
2023-06-19 16:43:03,672 - AUGCON - INFO - Epoch [36/50]-(10/22) Loss: 1.3118, Acc(1): 25.00, Acc(5): 100.00
2023-06-19 16:43:03,672 - AUGCON - INFO - Epoch [36/50]-(15/22) Loss: 1.8054, Acc(1): 25.00, Acc(5): 75.00
2023-06-19 16:43:03,673 - AUGCON - INFO - Epoch [36/50]-(20/22) Loss: 1.1474, Acc(1): 75.00, Acc(5): 100.00
2023-06-19 16:43:03,673 - AUGCON - INFO - 	Validation Loss: 1.3481, Acc(1): 60.00, Acc(5): 88.00, F1: 0.16, Recall: 0.18, Precision: 0.15
2023-06-19 16:43:03,673 - AUGCON - INFO - Epoch [37/50]-(0/22) Loss: 1.7545, Acc(1): 50.00, Acc(5): 75.00
2023-06-19 16:43:03,673 - AUGCON - INFO - Epoch [37/50]-(5/22) Loss: 1.5734, Acc(1): 25.00, Acc(5): 100.00
2023-06-19 16:43:03,673 - AUGCON - INFO - Epoch [37/50]-(10/22) Loss: 0.7376, Acc(1): 100.00, Acc(5): 100.00
2023-06-19 16:43:03,673 - AUGCON - INFO - Epoch [37/50]-(15/22) Loss: 0.5745, Acc(1): 100.00, Acc(5): 100.00
2023-06-19 16:43:03,673 - AUGCON - INFO - Epoch [37/50]-(20/22) Loss: 1.7863, Acc(1): 50.00, Acc(5): 100.00
2023-06-19 16:43:03,673 - AUGCON - INFO - 	Validation Loss: 1.3483, Acc(1): 60.00, Acc(5): 91.00, F1: 0.16, Recall: 0.16, Precision: 0.15
2023-06-19 16:43:03,673 - AUGCON - INFO - Epoch [38/50]-(0/22) Loss: 1.2067, Acc(1): 50.00, Acc(5): 100.00
2023-06-19 16:43:03,674 - AUGCON - INFO - Epoch [38/50]-(5/22) Loss: 1.1374, Acc(1): 100.00, Acc(5): 100.00
2023-06-19 16:43:03,674 - AUGCON - INFO - Epoch [38/50]-(10/22) Loss: 1.1752, Acc(1): 75.00, Acc(5): 100.00
2023-06-19 16:43:03,674 - AUGCON - INFO - Epoch [38/50]-(15/22) Loss: 1.8427, Acc(1): 25.00, Acc(5): 75.00
2023-06-19 16:43:03,674 - AUGCON - INFO - Epoch [38/50]-(20/22) Loss: 1.5271, Acc(1): 75.00, Acc(5): 75.00
2023-06-19 16:43:03,674 - AUGCON - INFO - 	Validation Loss: 1.3103, Acc(1): 63.00, Acc(5): 91.00, F1: 0.16, Recall: 0.17, Precision: 0.16
2023-06-19 16:43:03,674 - AUGCON - INFO - Epoch [39/50]-(0/22) Loss: 1.4621, Acc(1): 75.00, Acc(5): 75.00
2023-06-19 16:43:03,674 - AUGCON - INFO - Epoch [39/50]-(5/22) Loss: 1.7688, Acc(1): 25.00, Acc(5): 100.00
2023-06-19 16:43:03,674 - AUGCON - INFO - Epoch [39/50]-(10/22) Loss: 1.2562, Acc(1): 50.00, Acc(5): 100.00
2023-06-19 16:43:03,674 - AUGCON - INFO - Epoch [39/50]-(15/22) Loss: 1.1641, Acc(1): 75.00, Acc(5): 100.00
2023-06-19 16:43:03,674 - AUGCON - INFO - Epoch [39/50]-(20/22) Loss: 0.8659, Acc(1): 75.00, Acc(5): 100.00
2023-06-19 16:43:03,675 - AUGCON - INFO - 	Validation Loss: 1.2667, Acc(1): 63.00, Acc(5): 88.00, F1: 0.17, Recall: 0.17, Precision: 0.16
2023-06-19 16:43:03,675 - AUGCON - INFO - Epoch [40/50]-(0/22) Loss: 1.5086, Acc(1): 25.00, Acc(5): 100.00
2023-06-19 16:43:03,675 - AUGCON - INFO - Epoch [40/50]-(5/22) Loss: 0.7274, Acc(1): 100.00, Acc(5): 100.00
2023-06-19 16:43:03,675 - AUGCON - INFO - Epoch [40/50]-(10/22) Loss: 1.2217, Acc(1): 50.00, Acc(5): 75.00
2023-06-19 16:43:03,675 - AUGCON - INFO - Epoch [40/50]-(15/22) Loss: 1.5956, Acc(1): 25.00, Acc(5): 100.00
2023-06-19 16:43:03,675 - AUGCON - INFO - Epoch [40/50]-(20/22) Loss: 1.4787, Acc(1): 50.00, Acc(5): 100.00
2023-06-19 16:43:03,675 - AUGCON - INFO - 	Validation Loss: 1.3360, Acc(1): 57.00, Acc(5): 87.00, F1: 0.16, Recall: 0.18, Precision: 0.15
2023-06-19 16:43:03,675 - AUGCON - INFO - Epoch [41/50]-(0/22) Loss: 1.3681, Acc(1): 50.00, Acc(5): 100.00
2023-06-19 16:43:03,675 - AUGCON - INFO - Epoch [41/50]-(5/22) Loss: 1.2961, Acc(1): 50.00, Acc(5): 100.00
2023-06-19 16:43:03,675 - AUGCON - INFO - Epoch [41/50]-(10/22) Loss: 1.6110, Acc(1): 50.00, Acc(5): 75.00
2023-06-19 16:43:03,675 - AUGCON - INFO - Epoch [41/50]-(15/22) Loss: 0.6571, Acc(1): 75.00, Acc(5): 100.00
2023-06-19 16:43:03,675 - AUGCON - INFO - Epoch [41/50]-(20/22) Loss: 1.1663, Acc(1): 75.00, Acc(5): 100.00
2023-06-19 16:43:03,676 - AUGCON - INFO - 	Validation Loss: 1.3049, Acc(1): 61.00, Acc(5): 90.00, F1: 0.16, Recall: 0.16, Precision: 0.16
2023-06-19 16:43:03,676 - AUGCON - INFO - Epoch [42/50]-(0/22) Loss: 1.1281, Acc(1): 50.00, Acc(5): 100.00
2023-06-19 16:43:03,676 - AUGCON - INFO - Epoch [42/50]-(5/22) Loss: 1.4084, Acc(1): 50.00, Acc(5): 100.00
2023-06-19 16:43:03,676 - AUGCON - INFO - Epoch [42/50]-(10/22) Loss: 1.2482, Acc(1): 75.00, Acc(5): 75.00
2023-06-19 16:43:03,676 - AUGCON - INFO - Epoch [42/50]-(15/22) Loss: 2.5458, Acc(1): 0.00, Acc(5): 25.00
2023-06-19 16:43:03,676 - AUGCON - INFO - Epoch [42/50]-(20/22) Loss: 0.9638, Acc(1): 75.00, Acc(5): 100.00
2023-06-19 16:43:03,676 - AUGCON - INFO - 	Validation Loss: 1.2703, Acc(1): 64.00, Acc(5): 89.00, F1: 0.17, Recall: 0.18, Precision: 0.16
2023-06-19 16:43:03,676 - AUGCON - INFO - Epoch [43/50]-(0/22) Loss: 0.7001, Acc(1): 100.00, Acc(5): 100.00
2023-06-19 16:43:03,676 - AUGCON - INFO - Epoch [43/50]-(5/22) Loss: 1.0325, Acc(1): 50.00, Acc(5): 100.00
2023-06-19 16:43:03,676 - AUGCON - INFO - Epoch [43/50]-(10/22) Loss: 1.2977, Acc(1): 50.00, Acc(5): 100.00
2023-06-19 16:43:03,676 - AUGCON - INFO - Epoch [43/50]-(15/22) Loss: 1.1887, Acc(1): 50.00, Acc(5): 100.00
2023-06-19 16:43:03,676 - AUGCON - INFO - Epoch [43/50]-(20/22) Loss: 0.8546, Acc(1): 75.00, Acc(5): 100.00
2023-06-19 16:43:03,676 - AUGCON - INFO - 	Validation Loss: 1.2906, Acc(1): 60.00, Acc(5): 91.00, F1: 0.16, Recall: 0.16, Precision: 0.16
2023-06-19 16:43:03,677 - AUGCON - INFO - Epoch [44/50]-(0/22) Loss: 1.2499, Acc(1): 25.00, Acc(5): 100.00
2023-06-19 16:43:03,677 - AUGCON - INFO - Epoch [44/50]-(5/22) Loss: 1.3698, Acc(1): 25.00, Acc(5): 100.00
2023-06-19 16:43:03,677 - AUGCON - INFO - Epoch [44/50]-(10/22) Loss: 0.8815, Acc(1): 75.00, Acc(5): 100.00
2023-06-19 16:43:03,677 - AUGCON - INFO - Epoch [44/50]-(15/22) Loss: 1.4014, Acc(1): 50.00, Acc(5): 75.00
2023-06-19 16:43:03,677 - AUGCON - INFO - Epoch [44/50]-(20/22) Loss: 1.2310, Acc(1): 50.00, Acc(5): 100.00
2023-06-19 16:43:03,677 - AUGCON - INFO - 	Validation Loss: 1.3270, Acc(1): 54.00, Acc(5): 87.00, F1: 0.15, Recall: 0.17, Precision: 0.13
2023-06-19 16:43:03,677 - AUGCON - INFO - Epoch [45/50]-(0/22) Loss: 0.2359, Acc(1): 100.00, Acc(5): 100.00
2023-06-19 16:43:03,677 - AUGCON - INFO - Epoch [45/50]-(5/22) Loss: 1.2236, Acc(1): 50.00, Acc(5): 100.00
2023-06-19 16:43:03,677 - AUGCON - INFO - Epoch [45/50]-(10/22) Loss: 1.4999, Acc(1): 50.00, Acc(5): 100.00
2023-06-19 16:43:03,677 - AUGCON - INFO - Epoch [45/50]-(15/22) Loss: 1.7000, Acc(1): 25.00, Acc(5): 100.00
2023-06-19 16:43:03,677 - AUGCON - INFO - Epoch [45/50]-(20/22) Loss: 0.6125, Acc(1): 100.00, Acc(5): 100.00
2023-06-19 16:43:03,677 - AUGCON - INFO - 	Validation Loss: 1.2905, Acc(1): 65.00, Acc(5): 91.00, F1: 0.18, Recall: 0.18, Precision: 0.17
2023-06-19 16:43:03,677 - AUGCON - INFO - Epoch [46/50]-(0/22) Loss: 1.0125, Acc(1): 100.00, Acc(5): 100.00
2023-06-19 16:43:03,678 - AUGCON - INFO - Epoch [46/50]-(5/22) Loss: 1.1845, Acc(1): 50.00, Acc(5): 100.00
2023-06-19 16:43:03,678 - AUGCON - INFO - Epoch [46/50]-(10/22) Loss: 1.0253, Acc(1): 75.00, Acc(5): 100.00
2023-06-19 16:43:03,678 - AUGCON - INFO - Epoch [46/50]-(15/22) Loss: 1.2547, Acc(1): 50.00, Acc(5): 100.00
2023-06-19 16:43:03,678 - AUGCON - INFO - Epoch [46/50]-(20/22) Loss: 1.2442, Acc(1): 50.00, Acc(5): 100.00
2023-06-19 16:43:03,678 - AUGCON - INFO - 	Validation Loss: 1.3059, Acc(1): 62.00, Acc(5): 91.00, F1: 0.15, Recall: 0.17, Precision: 0.14
2023-06-19 16:43:03,678 - AUGCON - INFO - Epoch [47/50]-(0/22) Loss: 0.8558, Acc(1): 75.00, Acc(5): 100.00
2023-06-19 16:43:03,678 - AUGCON - INFO - Epoch [47/50]-(5/22) Loss: 1.1800, Acc(1): 75.00, Acc(5): 100.00
2023-06-19 16:43:03,678 - AUGCON - INFO - Epoch [47/50]-(10/22) Loss: 1.8690, Acc(1): 50.00, Acc(5): 75.00
2023-06-19 16:43:03,678 - AUGCON - INFO - Epoch [47/50]-(15/22) Loss: 0.8572, Acc(1): 75.00, Acc(5): 100.00
2023-06-19 16:43:03,678 - AUGCON - INFO - Epoch [47/50]-(20/22) Loss: 1.1088, Acc(1): 75.00, Acc(5): 100.00
2023-06-19 16:43:03,678 - AUGCON - INFO - 	Validation Loss: 1.2716, Acc(1): 60.00, Acc(5): 89.00, F1: 0.16, Recall: 0.16, Precision: 0.16
2023-06-19 16:43:03,678 - AUGCON - INFO - Epoch [48/50]-(0/22) Loss: 1.0641, Acc(1): 75.00, Acc(5): 100.00
2023-06-19 16:43:03,679 - AUGCON - INFO - Epoch [48/50]-(5/22) Loss: 1.1678, Acc(1): 75.00, Acc(5): 75.00
2023-06-19 16:43:03,679 - AUGCON - INFO - Epoch [48/50]-(10/22) Loss: 1.3143, Acc(1): 25.00, Acc(5): 100.00
2023-06-19 16:43:03,679 - AUGCON - INFO - Epoch [48/50]-(15/22) Loss: 1.2161, Acc(1): 50.00, Acc(5): 100.00
2023-06-19 16:43:03,679 - AUGCON - INFO - Epoch [48/50]-(20/22) Loss: 1.7557, Acc(1): 50.00, Acc(5): 75.00
2023-06-19 16:43:03,679 - AUGCON - INFO - 	Validation Loss: 1.2859, Acc(1): 60.00, Acc(5): 87.00, F1: 0.17, Recall: 0.18, Precision: 0.16
2023-06-19 16:43:03,679 - AUGCON - INFO - Epoch [49/50]-(0/22) Loss: 1.2214, Acc(1): 75.00, Acc(5): 100.00
2023-06-19 16:43:03,679 - AUGCON - INFO - Epoch [49/50]-(5/22) Loss: 1.0906, Acc(1): 50.00, Acc(5): 75.00
2023-06-19 16:43:03,679 - AUGCON - INFO - Epoch [49/50]-(10/22) Loss: 0.7539, Acc(1): 75.00, Acc(5): 100.00
2023-06-19 16:43:03,679 - AUGCON - INFO - Epoch [49/50]-(15/22) Loss: 1.7161, Acc(1): 25.00, Acc(5): 100.00
2023-06-19 16:43:03,679 - AUGCON - INFO - Epoch [49/50]-(20/22) Loss: 0.6892, Acc(1): 100.00, Acc(5): 100.00
2023-06-19 16:43:03,679 - AUGCON - INFO - 	Validation Loss: 1.2795, Acc(1): 66.00, Acc(5): 90.00, F1: 0.17, Recall: 0.19, Precision: 0.16
2023-06-19 16:43:03,679 - AUGCON - INFO - Epoch [50/50]-(0/22) Loss: 1.4776, Acc(1): 50.00, Acc(5): 100.00
2023-06-19 16:43:03,679 - AUGCON - INFO - Epoch [50/50]-(5/22) Loss: 1.4472, Acc(1): 25.00, Acc(5): 100.00
2023-06-19 16:43:03,679 - AUGCON - INFO - Epoch [50/50]-(10/22) Loss: 0.9102, Acc(1): 75.00, Acc(5): 100.00
2023-06-19 16:43:03,680 - AUGCON - INFO - Epoch [50/50]-(15/22) Loss: 0.8820, Acc(1): 75.00, Acc(5): 100.00
2023-06-19 16:43:03,680 - AUGCON - INFO - Epoch [50/50]-(20/22) Loss: 2.1187, Acc(1): 25.00, Acc(5): 75.00
2023-06-19 16:43:03,680 - AUGCON - INFO - 	Validation Loss: 1.2696, Acc(1): 65.00, Acc(5): 91.00, F1: 0.17, Recall: 0.18, Precision: 0.17
2023-06-19 16:43:03,680 - AUGCON - INFO - 	Validation Loss: 1.2780, Acc(1): 68.00, Acc(5): 91.00, F1: 0.16, Recall: 0.16, Precision: 0.16
