2023-06-19 16:43:27,600 - AUGCON - INFO - logger initialized (/home/hjyoon/projects/augcon/config/exp0/finetune_da_true/without_target_domain_PH0041-hmkim/metacpc_random_8421/tgt_target_domain_PH0014-wjlee_seed0.yaml.log)
2023-06-19 16:43:27,600 - AUGCON - INFO - ================= Config =================
2023-06-19 16:43:27,600 - AUGCON - INFO -   mode: finetune
2023-06-19 16:43:27,601 - AUGCON - INFO -   seed: 0
2023-06-19 16:43:27,601 - AUGCON - INFO -   gpu: [5]
2023-06-19 16:43:27,601 - AUGCON - INFO -   num_workers: 1
2023-06-19 16:43:27,601 - AUGCON - INFO -   dist_url: tcp://localhost:10001
2023-06-19 16:43:27,601 - AUGCON - INFO -   dataset_name: ichar
2023-06-19 16:43:27,601 - AUGCON - INFO -   train_dataset_path: /mnt/sting/hjyoon/projects/cross/ICHAR/augcon/target_domain_PH0014-wjlee/finetune/10shot/target/train.pkl
2023-06-19 16:43:27,601 - AUGCON - INFO -   test_dataset_path: /mnt/sting/hjyoon/projects/cross/ICHAR/augcon/target_domain_PH0014-wjlee/finetune/10shot/target/test.pkl
2023-06-19 16:43:27,601 - AUGCON - INFO -   val_dataset_path: /mnt/sting/hjyoon/projects/cross/ICHAR/augcon/target_domain_PH0014-wjlee/finetune/10shot/target/val.pkl
2023-06-19 16:43:27,601 - AUGCON - INFO -   input_channels: 3
2023-06-19 16:43:27,601 - AUGCON - INFO -   num_cls: 9
2023-06-19 16:43:27,601 - AUGCON - INFO -   optimizer: adam
2023-06-19 16:43:27,601 - AUGCON - INFO -   criterion: crossentropy
2023-06-19 16:43:27,601 - AUGCON - INFO -   start_epoch: 0
2023-06-19 16:43:27,601 - AUGCON - INFO -   epochs: 50
2023-06-19 16:43:27,601 - AUGCON - INFO -   batch_size: 4
2023-06-19 16:43:27,601 - AUGCON - INFO -   lr: 0.001
2023-06-19 16:43:27,601 - AUGCON - INFO -   wd: 0.0
2023-06-19 16:43:27,601 - AUGCON - INFO -   resume: 
2023-06-19 16:43:27,601 - AUGCON - INFO -   pretrained: /mnt/sting/hjyoon/projects/augcontrast/models/exp0/pretrain/without_target_domain_PH0041-hmkim/metacpc_random_8421/checkpoint_0999.pth.tar
2023-06-19 16:43:27,601 - AUGCON - INFO -   ckpt_dir: /mnt/sting/hjyoon/projects/augcontrast/models/exp0/finetune_da_true/without_target_domain_PH0041-hmkim/metacpc_random_8421/tgt_target_domain_PH0014-wjlee_seed0
2023-06-19 16:43:27,601 - AUGCON - INFO -   log_freq: 5
2023-06-19 16:43:27,601 - AUGCON - INFO -   save_freq: 10
2023-06-19 16:43:27,601 - AUGCON - INFO -   pretext: metacpc
2023-06-19 16:43:27,601 - AUGCON - INFO -   enc_blocks: 4
2023-06-19 16:43:27,601 - AUGCON - INFO -   kernel_sizes: [8, 4, 2, 1]
2023-06-19 16:43:27,601 - AUGCON - INFO -   strides: [4, 2, 1, 1]
2023-06-19 16:43:27,601 - AUGCON - INFO -   agg_blocks: 5
2023-06-19 16:43:27,601 - AUGCON - INFO -   z_dim: 256
2023-06-19 16:43:27,601 - AUGCON - INFO -   pooling: mean
2023-06-19 16:43:27,601 - AUGCON - INFO -   pred_steps: 12
2023-06-19 16:43:27,601 - AUGCON - INFO -   n_negatives: 15
2023-06-19 16:43:27,601 - AUGCON - INFO -   offset: 4
2023-06-19 16:43:27,601 - AUGCON - INFO -   domain_adaptation: True
2023-06-19 16:43:27,601 - AUGCON - INFO -   task_steps: 10
2023-06-19 16:43:27,601 - AUGCON - INFO -   task_lr: 0.001
2023-06-19 16:43:27,601 - AUGCON - INFO -   reg_lambda: 0
2023-06-19 16:43:27,601 - AUGCON - INFO -   mlp: False
2023-06-19 16:43:27,601 - AUGCON - INFO -   freeze: True
2023-06-19 16:43:27,602 - AUGCON - INFO -   no_vars: False
2023-06-19 16:43:27,602 - AUGCON - INFO - ==========================================
2023-06-19 16:43:27,602 - AUGCON - INFO - Setting GPUs: [5]
2023-06-19 16:43:27,602 - AUGCON - INFO - GPUs [5] will be used
2023-06-19 16:43:27,602 - AUGCON - WARNING - You have chosen to seed training. 
2023-06-19 16:43:27,602 - AUGCON - WARNING - This will turn on the CUDNN deterministic setting, 
2023-06-19 16:43:27,602 - AUGCON - WARNING - which can slow down your training considerably! 
2023-06-19 16:43:27,602 - AUGCON - WARNING - You may see unexpected behavior when restarting 
2023-06-19 16:43:27,602 - AUGCON - WARNING - from checkpoints.
2023-06-19 16:43:27,633 - AUGCON - INFO - Executing MetaCPC
2023-06-19 16:43:27,633 - AUGCON - INFO - Logs are skipped during training
2023-06-19 16:43:47,878 - AUGCON - INFO - Single GPU is used for training - training 90 instances for each worker
2023-06-19 16:43:47,878 - AUGCON - INFO - Loading pretrained model from checkpoint - /mnt/sting/hjyoon/projects/augcontrast/models/exp0/pretrain/without_target_domain_PH0041-hmkim/metacpc_random_8421/checkpoint_0999.pth.tar
2023-06-19 16:43:47,878 - AUGCON - INFO - Missing keys: []
2023-06-19 16:43:47,878 - AUGCON - INFO - Perform domain adaptation step
2023-06-19 16:43:47,879 - AUGCON - INFO - 	meta-train [0/10] Loss: 24.6411, Acc(1): 6.49, Acc(5): 31.81
2023-06-19 16:43:47,879 - AUGCON - INFO - 	meta-train [1/10] Loss: 16.0230, Acc(1): 6.63, Acc(5): 32.89
2023-06-19 16:43:47,879 - AUGCON - INFO - 	meta-train [2/10] Loss: 9.8899, Acc(1): 7.41, Acc(5): 34.00
2023-06-19 16:43:47,879 - AUGCON - INFO - 	meta-train [3/10] Loss: 5.3701, Acc(1): 8.14, Acc(5): 37.58
2023-06-19 16:43:47,879 - AUGCON - INFO - 	meta-train [4/10] Loss: 3.7151, Acc(1): 10.55, Acc(5): 42.17
2023-06-19 16:43:47,879 - AUGCON - INFO - 	meta-train [5/10] Loss: 2.8869, Acc(1): 14.66, Acc(5): 49.60
2023-06-19 16:43:47,879 - AUGCON - INFO - 	meta-train [6/10] Loss: 2.4558, Acc(1): 19.93, Acc(5): 60.71
2023-06-19 16:43:47,879 - AUGCON - INFO - 	meta-train [7/10] Loss: 1.9333, Acc(1): 29.46, Acc(5): 80.65
2023-06-19 16:43:47,879 - AUGCON - INFO - 	meta-train [8/10] Loss: 1.2255, Acc(1): 50.83, Acc(5): 96.14
2023-06-19 16:43:47,879 - AUGCON - INFO - 	meta-train [9/10] Loss: 1.1449, Acc(1): 54.26, Acc(5): 96.46
2023-06-19 16:43:47,879 - AUGCON - INFO - Loading encoder parameters to the classifier
2023-06-19 16:43:47,880 - AUGCON - INFO - Missing keys: ['classifier.block.0.weight', 'classifier.block.0.bias']
2023-06-19 16:43:47,880 - AUGCON - INFO - Epoch [1/50]-(0/22) Loss: 2.9145, Acc(1): 0.00, Acc(5): 0.00
2023-06-19 16:43:47,880 - AUGCON - INFO - Epoch [1/50]-(5/22) Loss: 2.3839, Acc(1): 25.00, Acc(5): 50.00
2023-06-19 16:43:47,880 - AUGCON - INFO - Epoch [1/50]-(10/22) Loss: 2.4356, Acc(1): 0.00, Acc(5): 75.00
2023-06-19 16:43:47,880 - AUGCON - INFO - Epoch [1/50]-(15/22) Loss: 2.0955, Acc(1): 25.00, Acc(5): 75.00
2023-06-19 16:43:47,880 - AUGCON - INFO - Epoch [1/50]-(20/22) Loss: 2.5063, Acc(1): 0.00, Acc(5): 25.00
2023-06-19 16:43:47,880 - AUGCON - INFO - 	Validation Loss: 1.9748, Acc(1): 22.00, Acc(5): 87.00, F1: 0.06, Recall: 0.05, Precision: 0.07
2023-06-19 16:43:47,880 - AUGCON - INFO - Epoch [2/50]-(0/22) Loss: 2.1328, Acc(1): 25.00, Acc(5): 75.00
2023-06-19 16:43:47,880 - AUGCON - INFO - Epoch [2/50]-(5/22) Loss: 2.2575, Acc(1): 25.00, Acc(5): 50.00
2023-06-19 16:43:47,880 - AUGCON - INFO - Epoch [2/50]-(10/22) Loss: 1.6759, Acc(1): 25.00, Acc(5): 100.00
2023-06-19 16:43:47,880 - AUGCON - INFO - Epoch [2/50]-(15/22) Loss: 1.7556, Acc(1): 50.00, Acc(5): 75.00
2023-06-19 16:43:47,881 - AUGCON - INFO - Epoch [2/50]-(20/22) Loss: 2.0346, Acc(1): 25.00, Acc(5): 75.00
2023-06-19 16:43:47,881 - AUGCON - INFO - 	Validation Loss: 1.7002, Acc(1): 57.00, Acc(5): 93.00, F1: 0.13, Recall: 0.11, Precision: 0.17
2023-06-19 16:43:47,881 - AUGCON - INFO - Epoch [3/50]-(0/22) Loss: 1.5346, Acc(1): 75.00, Acc(5): 100.00
2023-06-19 16:43:47,881 - AUGCON - INFO - Epoch [3/50]-(5/22) Loss: 1.5828, Acc(1): 50.00, Acc(5): 100.00
2023-06-19 16:43:47,881 - AUGCON - INFO - Epoch [3/50]-(10/22) Loss: 1.7962, Acc(1): 25.00, Acc(5): 100.00
2023-06-19 16:43:47,881 - AUGCON - INFO - Epoch [3/50]-(15/22) Loss: 1.4795, Acc(1): 50.00, Acc(5): 100.00
2023-06-19 16:43:47,881 - AUGCON - INFO - Epoch [3/50]-(20/22) Loss: 1.5274, Acc(1): 50.00, Acc(5): 100.00
2023-06-19 16:43:47,881 - AUGCON - INFO - 	Validation Loss: 1.4998, Acc(1): 66.00, Acc(5): 96.00, F1: 0.13, Recall: 0.13, Precision: 0.13
2023-06-19 16:43:47,881 - AUGCON - INFO - Epoch [4/50]-(0/22) Loss: 1.4589, Acc(1): 50.00, Acc(5): 100.00
2023-06-19 16:43:47,881 - AUGCON - INFO - Epoch [4/50]-(5/22) Loss: 1.4552, Acc(1): 50.00, Acc(5): 100.00
2023-06-19 16:43:47,881 - AUGCON - INFO - Epoch [4/50]-(10/22) Loss: 1.7462, Acc(1): 25.00, Acc(5): 100.00
2023-06-19 16:43:47,882 - AUGCON - INFO - Epoch [4/50]-(15/22) Loss: 1.3096, Acc(1): 100.00, Acc(5): 100.00
2023-06-19 16:43:47,882 - AUGCON - INFO - Epoch [4/50]-(20/22) Loss: 1.1634, Acc(1): 75.00, Acc(5): 100.00
2023-06-19 16:43:47,882 - AUGCON - INFO - 	Validation Loss: 1.4148, Acc(1): 67.00, Acc(5): 95.00, F1: 0.15, Recall: 0.14, Precision: 0.16
2023-06-19 16:43:47,882 - AUGCON - INFO - Epoch [5/50]-(0/22) Loss: 1.1794, Acc(1): 75.00, Acc(5): 100.00
2023-06-19 16:43:47,882 - AUGCON - INFO - Epoch [5/50]-(5/22) Loss: 1.4231, Acc(1): 75.00, Acc(5): 100.00
2023-06-19 16:43:47,882 - AUGCON - INFO - Epoch [5/50]-(10/22) Loss: 1.3919, Acc(1): 75.00, Acc(5): 100.00
2023-06-19 16:43:47,882 - AUGCON - INFO - Epoch [5/50]-(15/22) Loss: 1.0451, Acc(1): 75.00, Acc(5): 100.00
2023-06-19 16:43:47,882 - AUGCON - INFO - Epoch [5/50]-(20/22) Loss: 1.7417, Acc(1): 25.00, Acc(5): 100.00
2023-06-19 16:43:47,882 - AUGCON - INFO - 	Validation Loss: 1.3101, Acc(1): 68.00, Acc(5): 96.00, F1: 0.14, Recall: 0.13, Precision: 0.15
2023-06-19 16:43:47,882 - AUGCON - INFO - Epoch [6/50]-(0/22) Loss: 1.3707, Acc(1): 25.00, Acc(5): 100.00
2023-06-19 16:43:47,883 - AUGCON - INFO - Epoch [6/50]-(5/22) Loss: 1.2493, Acc(1): 75.00, Acc(5): 100.00
2023-06-19 16:43:47,883 - AUGCON - INFO - Epoch [6/50]-(10/22) Loss: 1.4209, Acc(1): 50.00, Acc(5): 100.00
2023-06-19 16:43:47,883 - AUGCON - INFO - Epoch [6/50]-(15/22) Loss: 1.2492, Acc(1): 75.00, Acc(5): 100.00
2023-06-19 16:43:47,883 - AUGCON - INFO - Epoch [6/50]-(20/22) Loss: 1.1365, Acc(1): 75.00, Acc(5): 100.00
2023-06-19 16:43:47,883 - AUGCON - INFO - 	Validation Loss: 1.2539, Acc(1): 70.00, Acc(5): 96.00, F1: 0.15, Recall: 0.14, Precision: 0.16
2023-06-19 16:43:47,883 - AUGCON - INFO - Epoch [7/50]-(0/22) Loss: 1.5975, Acc(1): 50.00, Acc(5): 100.00
2023-06-19 16:43:47,883 - AUGCON - INFO - Epoch [7/50]-(5/22) Loss: 1.1729, Acc(1): 50.00, Acc(5): 100.00
2023-06-19 16:43:47,883 - AUGCON - INFO - Epoch [7/50]-(10/22) Loss: 1.4768, Acc(1): 25.00, Acc(5): 100.00
2023-06-19 16:43:47,883 - AUGCON - INFO - Epoch [7/50]-(15/22) Loss: 0.8567, Acc(1): 75.00, Acc(5): 100.00
2023-06-19 16:43:47,883 - AUGCON - INFO - Epoch [7/50]-(20/22) Loss: 1.4513, Acc(1): 50.00, Acc(5): 100.00
2023-06-19 16:43:47,883 - AUGCON - INFO - 	Validation Loss: 1.2238, Acc(1): 75.00, Acc(5): 96.00, F1: 0.16, Recall: 0.15, Precision: 0.17
2023-06-19 16:43:47,883 - AUGCON - INFO - Epoch [8/50]-(0/22) Loss: 1.2695, Acc(1): 75.00, Acc(5): 100.00
2023-06-19 16:43:47,884 - AUGCON - INFO - Epoch [8/50]-(5/22) Loss: 0.6086, Acc(1): 100.00, Acc(5): 100.00
2023-06-19 16:43:47,884 - AUGCON - INFO - Epoch [8/50]-(10/22) Loss: 1.6029, Acc(1): 50.00, Acc(5): 100.00
2023-06-19 16:43:47,884 - AUGCON - INFO - Epoch [8/50]-(15/22) Loss: 1.1266, Acc(1): 75.00, Acc(5): 100.00
2023-06-19 16:43:47,884 - AUGCON - INFO - Epoch [8/50]-(20/22) Loss: 1.0673, Acc(1): 50.00, Acc(5): 100.00
2023-06-19 16:43:47,884 - AUGCON - INFO - 	Validation Loss: 1.1832, Acc(1): 64.00, Acc(5): 96.00, F1: 0.13, Recall: 0.12, Precision: 0.14
2023-06-19 16:43:47,884 - AUGCON - INFO - Epoch [9/50]-(0/22) Loss: 0.4641, Acc(1): 100.00, Acc(5): 100.00
2023-06-19 16:43:47,884 - AUGCON - INFO - Epoch [9/50]-(5/22) Loss: 1.6650, Acc(1): 50.00, Acc(5): 100.00
2023-06-19 16:43:47,884 - AUGCON - INFO - Epoch [9/50]-(10/22) Loss: 0.9941, Acc(1): 50.00, Acc(5): 100.00
2023-06-19 16:43:47,884 - AUGCON - INFO - Epoch [9/50]-(15/22) Loss: 2.1041, Acc(1): 25.00, Acc(5): 100.00
2023-06-19 16:43:47,884 - AUGCON - INFO - Epoch [9/50]-(20/22) Loss: 1.1320, Acc(1): 50.00, Acc(5): 100.00
2023-06-19 16:43:47,884 - AUGCON - INFO - 	Validation Loss: 1.1757, Acc(1): 71.00, Acc(5): 96.00, F1: 0.15, Recall: 0.14, Precision: 0.17
2023-06-19 16:43:47,885 - AUGCON - INFO - Epoch [10/50]-(0/22) Loss: 0.7441, Acc(1): 100.00, Acc(5): 100.00
2023-06-19 16:43:47,885 - AUGCON - INFO - Epoch [10/50]-(5/22) Loss: 1.2102, Acc(1): 100.00, Acc(5): 100.00
2023-06-19 16:43:47,885 - AUGCON - INFO - Epoch [10/50]-(10/22) Loss: 1.1369, Acc(1): 50.00, Acc(5): 100.00
2023-06-19 16:43:47,885 - AUGCON - INFO - Epoch [10/50]-(15/22) Loss: 0.7026, Acc(1): 100.00, Acc(5): 100.00
2023-06-19 16:43:47,885 - AUGCON - INFO - Epoch [10/50]-(20/22) Loss: 0.7969, Acc(1): 75.00, Acc(5): 100.00
2023-06-19 16:43:47,885 - AUGCON - INFO - 	Validation Loss: 1.1184, Acc(1): 74.00, Acc(5): 95.00, F1: 0.16, Recall: 0.15, Precision: 0.17
2023-06-19 16:43:47,885 - AUGCON - INFO - Epoch [11/50]-(0/22) Loss: 1.1721, Acc(1): 50.00, Acc(5): 100.00
2023-06-19 16:43:47,885 - AUGCON - INFO - Epoch [11/50]-(5/22) Loss: 0.8144, Acc(1): 100.00, Acc(5): 100.00
2023-06-19 16:43:47,885 - AUGCON - INFO - Epoch [11/50]-(10/22) Loss: 1.1643, Acc(1): 75.00, Acc(5): 100.00
2023-06-19 16:43:47,885 - AUGCON - INFO - Epoch [11/50]-(15/22) Loss: 2.3137, Acc(1): 25.00, Acc(5): 75.00
2023-06-19 16:43:47,885 - AUGCON - INFO - Epoch [11/50]-(20/22) Loss: 0.7969, Acc(1): 100.00, Acc(5): 100.00
2023-06-19 16:43:47,886 - AUGCON - INFO - 	Validation Loss: 1.1369, Acc(1): 73.00, Acc(5): 96.00, F1: 0.16, Recall: 0.15, Precision: 0.17
2023-06-19 16:43:47,886 - AUGCON - INFO - Epoch [12/50]-(0/22) Loss: 1.3022, Acc(1): 50.00, Acc(5): 100.00
2023-06-19 16:43:47,886 - AUGCON - INFO - Epoch [12/50]-(5/22) Loss: 0.7149, Acc(1): 100.00, Acc(5): 100.00
2023-06-19 16:43:47,886 - AUGCON - INFO - Epoch [12/50]-(10/22) Loss: 1.1861, Acc(1): 50.00, Acc(5): 100.00
2023-06-19 16:43:47,886 - AUGCON - INFO - Epoch [12/50]-(15/22) Loss: 0.7208, Acc(1): 75.00, Acc(5): 100.00
2023-06-19 16:43:47,886 - AUGCON - INFO - Epoch [12/50]-(20/22) Loss: 0.6910, Acc(1): 100.00, Acc(5): 100.00
2023-06-19 16:43:47,886 - AUGCON - INFO - 	Validation Loss: 1.0991, Acc(1): 74.00, Acc(5): 96.00, F1: 0.16, Recall: 0.15, Precision: 0.17
2023-06-19 16:43:47,886 - AUGCON - INFO - Epoch [13/50]-(0/22) Loss: 1.0153, Acc(1): 75.00, Acc(5): 100.00
2023-06-19 16:43:47,886 - AUGCON - INFO - Epoch [13/50]-(5/22) Loss: 0.6112, Acc(1): 100.00, Acc(5): 100.00
2023-06-19 16:43:47,886 - AUGCON - INFO - Epoch [13/50]-(10/22) Loss: 1.4134, Acc(1): 75.00, Acc(5): 100.00
2023-06-19 16:43:47,886 - AUGCON - INFO - Epoch [13/50]-(15/22) Loss: 0.6105, Acc(1): 75.00, Acc(5): 100.00
2023-06-19 16:43:47,887 - AUGCON - INFO - Epoch [13/50]-(20/22) Loss: 0.8588, Acc(1): 100.00, Acc(5): 100.00
2023-06-19 16:43:47,887 - AUGCON - INFO - 	Validation Loss: 1.0858, Acc(1): 73.00, Acc(5): 96.00, F1: 0.16, Recall: 0.14, Precision: 0.17
2023-06-19 16:43:47,887 - AUGCON - INFO - Epoch [14/50]-(0/22) Loss: 0.8604, Acc(1): 75.00, Acc(5): 100.00
2023-06-19 16:43:47,887 - AUGCON - INFO - Epoch [14/50]-(5/22) Loss: 0.7689, Acc(1): 100.00, Acc(5): 100.00
2023-06-19 16:43:47,887 - AUGCON - INFO - Epoch [14/50]-(10/22) Loss: 0.8198, Acc(1): 50.00, Acc(5): 100.00
2023-06-19 16:43:47,887 - AUGCON - INFO - Epoch [14/50]-(15/22) Loss: 0.8278, Acc(1): 75.00, Acc(5): 100.00
2023-06-19 16:43:47,887 - AUGCON - INFO - Epoch [14/50]-(20/22) Loss: 0.7081, Acc(1): 75.00, Acc(5): 100.00
2023-06-19 16:43:47,887 - AUGCON - INFO - 	Validation Loss: 1.0678, Acc(1): 72.00, Acc(5): 95.00, F1: 0.15, Recall: 0.14, Precision: 0.16
2023-06-19 16:43:47,887 - AUGCON - INFO - Epoch [15/50]-(0/22) Loss: 0.4129, Acc(1): 100.00, Acc(5): 100.00
2023-06-19 16:43:47,887 - AUGCON - INFO - Epoch [15/50]-(5/22) Loss: 1.3153, Acc(1): 75.00, Acc(5): 75.00
2023-06-19 16:43:47,887 - AUGCON - INFO - Epoch [15/50]-(10/22) Loss: 0.4644, Acc(1): 100.00, Acc(5): 100.00
2023-06-19 16:43:47,888 - AUGCON - INFO - Epoch [15/50]-(15/22) Loss: 1.5715, Acc(1): 25.00, Acc(5): 100.00
2023-06-19 16:43:47,888 - AUGCON - INFO - Epoch [15/50]-(20/22) Loss: 0.8645, Acc(1): 100.00, Acc(5): 100.00
2023-06-19 16:43:47,888 - AUGCON - INFO - 	Validation Loss: 1.0467, Acc(1): 76.00, Acc(5): 95.00, F1: 0.16, Recall: 0.15, Precision: 0.17
2023-06-19 16:43:47,888 - AUGCON - INFO - Epoch [16/50]-(0/22) Loss: 0.7105, Acc(1): 75.00, Acc(5): 100.00
2023-06-19 16:43:47,888 - AUGCON - INFO - Epoch [16/50]-(5/22) Loss: 0.2531, Acc(1): 100.00, Acc(5): 100.00
2023-06-19 16:43:47,888 - AUGCON - INFO - Epoch [16/50]-(10/22) Loss: 1.0388, Acc(1): 75.00, Acc(5): 100.00
2023-06-19 16:43:47,888 - AUGCON - INFO - Epoch [16/50]-(15/22) Loss: 0.8881, Acc(1): 75.00, Acc(5): 100.00
2023-06-19 16:43:47,888 - AUGCON - INFO - Epoch [16/50]-(20/22) Loss: 1.6274, Acc(1): 50.00, Acc(5): 100.00
2023-06-19 16:43:47,888 - AUGCON - INFO - 	Validation Loss: 1.0898, Acc(1): 70.00, Acc(5): 96.00, F1: 0.15, Recall: 0.14, Precision: 0.17
2023-06-19 16:43:47,888 - AUGCON - INFO - Epoch [17/50]-(0/22) Loss: 1.1757, Acc(1): 50.00, Acc(5): 100.00
2023-06-19 16:43:47,888 - AUGCON - INFO - Epoch [17/50]-(5/22) Loss: 0.7816, Acc(1): 75.00, Acc(5): 100.00
2023-06-19 16:43:47,888 - AUGCON - INFO - Epoch [17/50]-(10/22) Loss: 0.7332, Acc(1): 75.00, Acc(5): 100.00
2023-06-19 16:43:47,889 - AUGCON - INFO - Epoch [17/50]-(15/22) Loss: 1.1295, Acc(1): 75.00, Acc(5): 100.00
2023-06-19 16:43:47,889 - AUGCON - INFO - Epoch [17/50]-(20/22) Loss: 1.0871, Acc(1): 50.00, Acc(5): 100.00
2023-06-19 16:43:47,889 - AUGCON - INFO - 	Validation Loss: 1.0463, Acc(1): 75.00, Acc(5): 95.00, F1: 0.15, Recall: 0.15, Precision: 0.16
2023-06-19 16:43:47,889 - AUGCON - INFO - Epoch [18/50]-(0/22) Loss: 0.8453, Acc(1): 75.00, Acc(5): 100.00
2023-06-19 16:43:47,889 - AUGCON - INFO - Epoch [18/50]-(5/22) Loss: 0.3971, Acc(1): 100.00, Acc(5): 100.00
2023-06-19 16:43:47,889 - AUGCON - INFO - Epoch [18/50]-(10/22) Loss: 1.9418, Acc(1): 25.00, Acc(5): 100.00
2023-06-19 16:43:47,889 - AUGCON - INFO - Epoch [18/50]-(15/22) Loss: 0.8343, Acc(1): 75.00, Acc(5): 100.00
2023-06-19 16:43:47,889 - AUGCON - INFO - Epoch [18/50]-(20/22) Loss: 1.2613, Acc(1): 75.00, Acc(5): 100.00
2023-06-19 16:43:47,889 - AUGCON - INFO - 	Validation Loss: 1.0338, Acc(1): 74.00, Acc(5): 95.00, F1: 0.15, Recall: 0.15, Precision: 0.16
2023-06-19 16:43:47,889 - AUGCON - INFO - Epoch [19/50]-(0/22) Loss: 0.7183, Acc(1): 75.00, Acc(5): 100.00
2023-06-19 16:43:47,889 - AUGCON - INFO - Epoch [19/50]-(5/22) Loss: 0.6040, Acc(1): 100.00, Acc(5): 100.00
2023-06-19 16:43:47,890 - AUGCON - INFO - Epoch [19/50]-(10/22) Loss: 0.8609, Acc(1): 50.00, Acc(5): 100.00
2023-06-19 16:43:47,890 - AUGCON - INFO - Epoch [19/50]-(15/22) Loss: 0.4596, Acc(1): 100.00, Acc(5): 100.00
2023-06-19 16:43:47,890 - AUGCON - INFO - Epoch [19/50]-(20/22) Loss: 0.7586, Acc(1): 100.00, Acc(5): 100.00
2023-06-19 16:43:47,890 - AUGCON - INFO - 	Validation Loss: 1.0182, Acc(1): 74.00, Acc(5): 96.00, F1: 0.16, Recall: 0.15, Precision: 0.17
2023-06-19 16:43:47,890 - AUGCON - INFO - Epoch [20/50]-(0/22) Loss: 0.6309, Acc(1): 75.00, Acc(5): 100.00
2023-06-19 16:43:47,890 - AUGCON - INFO - Epoch [20/50]-(5/22) Loss: 0.8839, Acc(1): 75.00, Acc(5): 100.00
2023-06-19 16:43:47,890 - AUGCON - INFO - Epoch [20/50]-(10/22) Loss: 0.9887, Acc(1): 75.00, Acc(5): 100.00
2023-06-19 16:43:47,890 - AUGCON - INFO - Epoch [20/50]-(15/22) Loss: 0.9135, Acc(1): 75.00, Acc(5): 100.00
2023-06-19 16:43:47,890 - AUGCON - INFO - Epoch [20/50]-(20/22) Loss: 0.6343, Acc(1): 100.00, Acc(5): 100.00
2023-06-19 16:43:47,890 - AUGCON - INFO - 	Validation Loss: 1.0426, Acc(1): 75.00, Acc(5): 95.00, F1: 0.16, Recall: 0.15, Precision: 0.17
2023-06-19 16:43:47,890 - AUGCON - INFO - Epoch [21/50]-(0/22) Loss: 0.3929, Acc(1): 100.00, Acc(5): 100.00
2023-06-19 16:43:47,891 - AUGCON - INFO - Epoch [21/50]-(5/22) Loss: 0.8293, Acc(1): 75.00, Acc(5): 100.00
2023-06-19 16:43:47,891 - AUGCON - INFO - Epoch [21/50]-(10/22) Loss: 0.9908, Acc(1): 75.00, Acc(5): 100.00
2023-06-19 16:43:47,891 - AUGCON - INFO - Epoch [21/50]-(15/22) Loss: 1.1085, Acc(1): 75.00, Acc(5): 100.00
2023-06-19 16:43:47,891 - AUGCON - INFO - Epoch [21/50]-(20/22) Loss: 0.2407, Acc(1): 100.00, Acc(5): 100.00
2023-06-19 16:43:47,891 - AUGCON - INFO - 	Validation Loss: 1.0071, Acc(1): 72.00, Acc(5): 95.00, F1: 0.15, Recall: 0.14, Precision: 0.16
2023-06-19 16:43:47,891 - AUGCON - INFO - Epoch [22/50]-(0/22) Loss: 1.0811, Acc(1): 50.00, Acc(5): 100.00
2023-06-19 16:43:47,891 - AUGCON - INFO - Epoch [22/50]-(5/22) Loss: 0.6455, Acc(1): 100.00, Acc(5): 100.00
2023-06-19 16:43:47,891 - AUGCON - INFO - Epoch [22/50]-(10/22) Loss: 1.4247, Acc(1): 25.00, Acc(5): 100.00
2023-06-19 16:43:47,891 - AUGCON - INFO - Epoch [22/50]-(15/22) Loss: 1.3899, Acc(1): 50.00, Acc(5): 100.00
2023-06-19 16:43:47,891 - AUGCON - INFO - Epoch [22/50]-(20/22) Loss: 0.8597, Acc(1): 100.00, Acc(5): 100.00
2023-06-19 16:43:47,891 - AUGCON - INFO - 	Validation Loss: 1.0123, Acc(1): 76.00, Acc(5): 96.00, F1: 0.16, Recall: 0.15, Precision: 0.16
2023-06-19 16:43:47,891 - AUGCON - INFO - Epoch [23/50]-(0/22) Loss: 0.3906, Acc(1): 75.00, Acc(5): 100.00
2023-06-19 16:43:47,892 - AUGCON - INFO - Epoch [23/50]-(5/22) Loss: 0.5361, Acc(1): 75.00, Acc(5): 100.00
2023-06-19 16:43:47,892 - AUGCON - INFO - Epoch [23/50]-(10/22) Loss: 1.0787, Acc(1): 50.00, Acc(5): 100.00
2023-06-19 16:43:47,892 - AUGCON - INFO - Epoch [23/50]-(15/22) Loss: 1.2093, Acc(1): 50.00, Acc(5): 100.00
2023-06-19 16:43:47,892 - AUGCON - INFO - Epoch [23/50]-(20/22) Loss: 0.6443, Acc(1): 75.00, Acc(5): 100.00
2023-06-19 16:43:47,892 - AUGCON - INFO - 	Validation Loss: 1.0090, Acc(1): 76.00, Acc(5): 96.00, F1: 0.16, Recall: 0.15, Precision: 0.16
2023-06-19 16:43:47,892 - AUGCON - INFO - Epoch [24/50]-(0/22) Loss: 0.5350, Acc(1): 75.00, Acc(5): 100.00
2023-06-19 16:43:47,892 - AUGCON - INFO - Epoch [24/50]-(5/22) Loss: 1.1467, Acc(1): 50.00, Acc(5): 100.00
2023-06-19 16:43:47,892 - AUGCON - INFO - Epoch [24/50]-(10/22) Loss: 0.3139, Acc(1): 100.00, Acc(5): 100.00
2023-06-19 16:43:47,892 - AUGCON - INFO - Epoch [24/50]-(15/22) Loss: 1.1469, Acc(1): 50.00, Acc(5): 100.00
2023-06-19 16:43:47,892 - AUGCON - INFO - Epoch [24/50]-(20/22) Loss: 0.6230, Acc(1): 100.00, Acc(5): 100.00
2023-06-19 16:43:47,892 - AUGCON - INFO - 	Validation Loss: 0.9887, Acc(1): 76.00, Acc(5): 96.00, F1: 0.16, Recall: 0.15, Precision: 0.16
2023-06-19 16:43:47,893 - AUGCON - INFO - Epoch [25/50]-(0/22) Loss: 0.5146, Acc(1): 75.00, Acc(5): 100.00
2023-06-19 16:43:47,893 - AUGCON - INFO - Epoch [25/50]-(5/22) Loss: 1.1729, Acc(1): 75.00, Acc(5): 100.00
2023-06-19 16:43:47,893 - AUGCON - INFO - Epoch [25/50]-(10/22) Loss: 0.3849, Acc(1): 100.00, Acc(5): 100.00
2023-06-19 16:43:47,893 - AUGCON - INFO - Epoch [25/50]-(15/22) Loss: 1.3664, Acc(1): 50.00, Acc(5): 100.00
2023-06-19 16:43:47,893 - AUGCON - INFO - Epoch [25/50]-(20/22) Loss: 0.7762, Acc(1): 75.00, Acc(5): 100.00
2023-06-19 16:43:47,893 - AUGCON - INFO - 	Validation Loss: 1.0126, Acc(1): 74.00, Acc(5): 96.00, F1: 0.16, Recall: 0.15, Precision: 0.17
2023-06-19 16:43:47,893 - AUGCON - INFO - Epoch [26/50]-(0/22) Loss: 1.2320, Acc(1): 50.00, Acc(5): 100.00
2023-06-19 16:43:47,893 - AUGCON - INFO - Epoch [26/50]-(5/22) Loss: 0.6142, Acc(1): 75.00, Acc(5): 100.00
2023-06-19 16:43:47,893 - AUGCON - INFO - Epoch [26/50]-(10/22) Loss: 0.9252, Acc(1): 75.00, Acc(5): 100.00
2023-06-19 16:43:47,893 - AUGCON - INFO - Epoch [26/50]-(15/22) Loss: 0.1256, Acc(1): 100.00, Acc(5): 100.00
2023-06-19 16:43:47,893 - AUGCON - INFO - Epoch [26/50]-(20/22) Loss: 0.6733, Acc(1): 100.00, Acc(5): 100.00
2023-06-19 16:43:47,893 - AUGCON - INFO - 	Validation Loss: 1.0044, Acc(1): 75.00, Acc(5): 96.00, F1: 0.16, Recall: 0.15, Precision: 0.17
2023-06-19 16:43:47,894 - AUGCON - INFO - Epoch [27/50]-(0/22) Loss: 1.4169, Acc(1): 50.00, Acc(5): 100.00
2023-06-19 16:43:47,894 - AUGCON - INFO - Epoch [27/50]-(5/22) Loss: 0.5773, Acc(1): 75.00, Acc(5): 100.00
2023-06-19 16:43:47,894 - AUGCON - INFO - Epoch [27/50]-(10/22) Loss: 0.6315, Acc(1): 100.00, Acc(5): 100.00
2023-06-19 16:43:47,894 - AUGCON - INFO - Epoch [27/50]-(15/22) Loss: 0.2639, Acc(1): 100.00, Acc(5): 100.00
2023-06-19 16:43:47,894 - AUGCON - INFO - Epoch [27/50]-(20/22) Loss: 1.3317, Acc(1): 50.00, Acc(5): 100.00
2023-06-19 16:43:47,894 - AUGCON - INFO - 	Validation Loss: 0.9885, Acc(1): 75.00, Acc(5): 96.00, F1: 0.15, Recall: 0.15, Precision: 0.15
2023-06-19 16:43:47,894 - AUGCON - INFO - Epoch [28/50]-(0/22) Loss: 1.2635, Acc(1): 75.00, Acc(5): 100.00
2023-06-19 16:43:47,894 - AUGCON - INFO - Epoch [28/50]-(5/22) Loss: 1.1581, Acc(1): 25.00, Acc(5): 100.00
2023-06-19 16:43:47,894 - AUGCON - INFO - Epoch [28/50]-(10/22) Loss: 1.0669, Acc(1): 75.00, Acc(5): 100.00
2023-06-19 16:43:47,894 - AUGCON - INFO - Epoch [28/50]-(15/22) Loss: 0.6802, Acc(1): 100.00, Acc(5): 100.00
2023-06-19 16:43:47,894 - AUGCON - INFO - Epoch [28/50]-(20/22) Loss: 0.7755, Acc(1): 75.00, Acc(5): 100.00
2023-06-19 16:43:47,895 - AUGCON - INFO - 	Validation Loss: 0.9849, Acc(1): 76.00, Acc(5): 96.00, F1: 0.15, Recall: 0.15, Precision: 0.15
2023-06-19 16:43:47,895 - AUGCON - INFO - Epoch [29/50]-(0/22) Loss: 0.3135, Acc(1): 100.00, Acc(5): 100.00
2023-06-19 16:43:47,895 - AUGCON - INFO - Epoch [29/50]-(5/22) Loss: 0.9642, Acc(1): 75.00, Acc(5): 100.00
2023-06-19 16:43:47,895 - AUGCON - INFO - Epoch [29/50]-(10/22) Loss: 1.1230, Acc(1): 75.00, Acc(5): 100.00
2023-06-19 16:43:47,895 - AUGCON - INFO - Epoch [29/50]-(15/22) Loss: 0.6507, Acc(1): 100.00, Acc(5): 100.00
2023-06-19 16:43:47,895 - AUGCON - INFO - Epoch [29/50]-(20/22) Loss: 0.7514, Acc(1): 75.00, Acc(5): 100.00
2023-06-19 16:43:47,895 - AUGCON - INFO - 	Validation Loss: 0.9649, Acc(1): 75.00, Acc(5): 95.00, F1: 0.16, Recall: 0.15, Precision: 0.17
2023-06-19 16:43:47,895 - AUGCON - INFO - Epoch [30/50]-(0/22) Loss: 0.5987, Acc(1): 100.00, Acc(5): 100.00
2023-06-19 16:43:47,895 - AUGCON - INFO - Epoch [30/50]-(5/22) Loss: 0.7245, Acc(1): 75.00, Acc(5): 100.00
2023-06-19 16:43:47,895 - AUGCON - INFO - Epoch [30/50]-(10/22) Loss: 0.6691, Acc(1): 100.00, Acc(5): 100.00
2023-06-19 16:43:47,895 - AUGCON - INFO - Epoch [30/50]-(15/22) Loss: 0.6033, Acc(1): 75.00, Acc(5): 100.00
2023-06-19 16:43:47,895 - AUGCON - INFO - Epoch [30/50]-(20/22) Loss: 0.6033, Acc(1): 100.00, Acc(5): 100.00
2023-06-19 16:43:47,896 - AUGCON - INFO - 	Validation Loss: 0.9684, Acc(1): 76.00, Acc(5): 96.00, F1: 0.16, Recall: 0.15, Precision: 0.16
2023-06-19 16:43:47,896 - AUGCON - INFO - Epoch [31/50]-(0/22) Loss: 1.1975, Acc(1): 50.00, Acc(5): 100.00
2023-06-19 16:43:47,896 - AUGCON - INFO - Epoch [31/50]-(5/22) Loss: 0.6582, Acc(1): 100.00, Acc(5): 100.00
2023-06-19 16:43:47,896 - AUGCON - INFO - Epoch [31/50]-(10/22) Loss: 0.8266, Acc(1): 75.00, Acc(5): 100.00
2023-06-19 16:43:47,896 - AUGCON - INFO - Epoch [31/50]-(15/22) Loss: 0.8167, Acc(1): 75.00, Acc(5): 100.00
2023-06-19 16:43:47,896 - AUGCON - INFO - Epoch [31/50]-(20/22) Loss: 0.8398, Acc(1): 75.00, Acc(5): 100.00
2023-06-19 16:43:47,896 - AUGCON - INFO - 	Validation Loss: 1.0052, Acc(1): 72.00, Acc(5): 96.00, F1: 0.15, Recall: 0.14, Precision: 0.16
2023-06-19 16:43:47,896 - AUGCON - INFO - Epoch [32/50]-(0/22) Loss: 0.1999, Acc(1): 100.00, Acc(5): 100.00
2023-06-19 16:43:47,896 - AUGCON - INFO - Epoch [32/50]-(5/22) Loss: 0.5263, Acc(1): 100.00, Acc(5): 100.00
2023-06-19 16:43:47,896 - AUGCON - INFO - Epoch [32/50]-(10/22) Loss: 0.2280, Acc(1): 100.00, Acc(5): 100.00
2023-06-19 16:43:47,897 - AUGCON - INFO - Epoch [32/50]-(15/22) Loss: 0.4607, Acc(1): 75.00, Acc(5): 100.00
2023-06-19 16:43:47,897 - AUGCON - INFO - Epoch [32/50]-(20/22) Loss: 1.4489, Acc(1): 50.00, Acc(5): 100.00
2023-06-19 16:43:47,897 - AUGCON - INFO - 	Validation Loss: 0.9558, Acc(1): 76.00, Acc(5): 96.00, F1: 0.16, Recall: 0.15, Precision: 0.16
2023-06-19 16:43:47,897 - AUGCON - INFO - Epoch [33/50]-(0/22) Loss: 0.3869, Acc(1): 100.00, Acc(5): 100.00
2023-06-19 16:43:47,897 - AUGCON - INFO - Epoch [33/50]-(5/22) Loss: 0.9593, Acc(1): 75.00, Acc(5): 100.00
2023-06-19 16:43:47,897 - AUGCON - INFO - Epoch [33/50]-(10/22) Loss: 1.1349, Acc(1): 50.00, Acc(5): 100.00
2023-06-19 16:43:47,897 - AUGCON - INFO - Epoch [33/50]-(15/22) Loss: 0.8560, Acc(1): 50.00, Acc(5): 100.00
2023-06-19 16:43:47,897 - AUGCON - INFO - Epoch [33/50]-(20/22) Loss: 0.9787, Acc(1): 75.00, Acc(5): 100.00
2023-06-19 16:43:47,897 - AUGCON - INFO - 	Validation Loss: 0.9891, Acc(1): 75.00, Acc(5): 95.00, F1: 0.16, Recall: 0.15, Precision: 0.17
2023-06-19 16:43:47,897 - AUGCON - INFO - Epoch [34/50]-(0/22) Loss: 0.4482, Acc(1): 100.00, Acc(5): 100.00
2023-06-19 16:43:47,898 - AUGCON - INFO - Epoch [34/50]-(5/22) Loss: 0.4196, Acc(1): 100.00, Acc(5): 100.00
2023-06-19 16:43:47,898 - AUGCON - INFO - Epoch [34/50]-(10/22) Loss: 0.3050, Acc(1): 100.00, Acc(5): 100.00
2023-06-19 16:43:47,898 - AUGCON - INFO - Epoch [34/50]-(15/22) Loss: 1.1033, Acc(1): 75.00, Acc(5): 100.00
2023-06-19 16:43:47,898 - AUGCON - INFO - Epoch [34/50]-(20/22) Loss: 1.2666, Acc(1): 50.00, Acc(5): 100.00
2023-06-19 16:43:47,898 - AUGCON - INFO - 	Validation Loss: 0.9609, Acc(1): 79.00, Acc(5): 96.00, F1: 0.16, Recall: 0.16, Precision: 0.17
2023-06-19 16:43:47,898 - AUGCON - INFO - Epoch [35/50]-(0/22) Loss: 1.6576, Acc(1): 25.00, Acc(5): 100.00
2023-06-19 16:43:47,898 - AUGCON - INFO - Epoch [35/50]-(5/22) Loss: 0.7824, Acc(1): 75.00, Acc(5): 100.00
2023-06-19 16:43:47,898 - AUGCON - INFO - Epoch [35/50]-(10/22) Loss: 0.2305, Acc(1): 100.00, Acc(5): 100.00
2023-06-19 16:43:47,898 - AUGCON - INFO - Epoch [35/50]-(15/22) Loss: 0.7784, Acc(1): 75.00, Acc(5): 100.00
2023-06-19 16:43:47,898 - AUGCON - INFO - Epoch [35/50]-(20/22) Loss: 0.4213, Acc(1): 100.00, Acc(5): 100.00
2023-06-19 16:43:47,898 - AUGCON - INFO - 	Validation Loss: 0.9960, Acc(1): 72.00, Acc(5): 95.00, F1: 0.15, Recall: 0.14, Precision: 0.16
2023-06-19 16:43:47,899 - AUGCON - INFO - Epoch [36/50]-(0/22) Loss: 0.6269, Acc(1): 75.00, Acc(5): 100.00
2023-06-19 16:43:47,899 - AUGCON - INFO - Epoch [36/50]-(5/22) Loss: 0.6017, Acc(1): 75.00, Acc(5): 100.00
2023-06-19 16:43:47,899 - AUGCON - INFO - Epoch [36/50]-(10/22) Loss: 1.1835, Acc(1): 50.00, Acc(5): 100.00
2023-06-19 16:43:47,899 - AUGCON - INFO - Epoch [36/50]-(15/22) Loss: 1.1201, Acc(1): 50.00, Acc(5): 100.00
2023-06-19 16:43:47,899 - AUGCON - INFO - Epoch [36/50]-(20/22) Loss: 0.7388, Acc(1): 50.00, Acc(5): 100.00
2023-06-19 16:43:47,899 - AUGCON - INFO - 	Validation Loss: 1.0077, Acc(1): 73.00, Acc(5): 96.00, F1: 0.15, Recall: 0.14, Precision: 0.16
2023-06-19 16:43:47,899 - AUGCON - INFO - Epoch [37/50]-(0/22) Loss: 0.2400, Acc(1): 100.00, Acc(5): 100.00
2023-06-19 16:43:47,899 - AUGCON - INFO - Epoch [37/50]-(5/22) Loss: 0.9668, Acc(1): 75.00, Acc(5): 100.00
2023-06-19 16:43:47,899 - AUGCON - INFO - Epoch [37/50]-(10/22) Loss: 0.4484, Acc(1): 100.00, Acc(5): 100.00
2023-06-19 16:43:47,899 - AUGCON - INFO - Epoch [37/50]-(15/22) Loss: 0.3257, Acc(1): 100.00, Acc(5): 100.00
2023-06-19 16:43:47,899 - AUGCON - INFO - Epoch [37/50]-(20/22) Loss: 1.3903, Acc(1): 50.00, Acc(5): 100.00
2023-06-19 16:43:47,899 - AUGCON - INFO - 	Validation Loss: 0.9424, Acc(1): 79.00, Acc(5): 96.00, F1: 0.16, Recall: 0.16, Precision: 0.16
2023-06-19 16:43:47,900 - AUGCON - INFO - Epoch [38/50]-(0/22) Loss: 0.3273, Acc(1): 100.00, Acc(5): 100.00
2023-06-19 16:43:47,900 - AUGCON - INFO - Epoch [38/50]-(5/22) Loss: 0.4315, Acc(1): 75.00, Acc(5): 100.00
2023-06-19 16:43:47,900 - AUGCON - INFO - Epoch [38/50]-(10/22) Loss: 1.0604, Acc(1): 75.00, Acc(5): 100.00
2023-06-19 16:43:47,900 - AUGCON - INFO - Epoch [38/50]-(15/22) Loss: 0.6926, Acc(1): 50.00, Acc(5): 100.00
2023-06-19 16:43:47,900 - AUGCON - INFO - Epoch [38/50]-(20/22) Loss: 0.5384, Acc(1): 100.00, Acc(5): 100.00
2023-06-19 16:43:47,900 - AUGCON - INFO - 	Validation Loss: 0.9918, Acc(1): 76.00, Acc(5): 96.00, F1: 0.16, Recall: 0.15, Precision: 0.17
2023-06-19 16:43:47,900 - AUGCON - INFO - Epoch [39/50]-(0/22) Loss: 0.4791, Acc(1): 100.00, Acc(5): 100.00
2023-06-19 16:43:47,900 - AUGCON - INFO - Epoch [39/50]-(5/22) Loss: 0.5814, Acc(1): 75.00, Acc(5): 100.00
2023-06-19 16:43:47,900 - AUGCON - INFO - Epoch [39/50]-(10/22) Loss: 0.5633, Acc(1): 75.00, Acc(5): 100.00
2023-06-19 16:43:47,900 - AUGCON - INFO - Epoch [39/50]-(15/22) Loss: 0.7953, Acc(1): 75.00, Acc(5): 100.00
2023-06-19 16:43:47,900 - AUGCON - INFO - Epoch [39/50]-(20/22) Loss: 0.6840, Acc(1): 100.00, Acc(5): 100.00
2023-06-19 16:43:47,901 - AUGCON - INFO - 	Validation Loss: 0.9972, Acc(1): 70.00, Acc(5): 95.00, F1: 0.15, Recall: 0.14, Precision: 0.16
2023-06-19 16:43:47,901 - AUGCON - INFO - Epoch [40/50]-(0/22) Loss: 0.4471, Acc(1): 100.00, Acc(5): 100.00
2023-06-19 16:43:47,901 - AUGCON - INFO - Epoch [40/50]-(5/22) Loss: 0.4333, Acc(1): 100.00, Acc(5): 100.00
2023-06-19 16:43:47,901 - AUGCON - INFO - Epoch [40/50]-(10/22) Loss: 0.7727, Acc(1): 75.00, Acc(5): 100.00
2023-06-19 16:43:47,901 - AUGCON - INFO - Epoch [40/50]-(15/22) Loss: 0.7845, Acc(1): 50.00, Acc(5): 100.00
2023-06-19 16:43:47,901 - AUGCON - INFO - Epoch [40/50]-(20/22) Loss: 0.7698, Acc(1): 75.00, Acc(5): 100.00
2023-06-19 16:43:47,901 - AUGCON - INFO - 	Validation Loss: 0.9823, Acc(1): 79.00, Acc(5): 96.00, F1: 0.16, Recall: 0.16, Precision: 0.16
2023-06-19 16:43:47,901 - AUGCON - INFO - Epoch [41/50]-(0/22) Loss: 0.4374, Acc(1): 100.00, Acc(5): 100.00
2023-06-19 16:43:47,901 - AUGCON - INFO - Epoch [41/50]-(5/22) Loss: 0.4928, Acc(1): 100.00, Acc(5): 100.00
2023-06-19 16:43:47,901 - AUGCON - INFO - Epoch [41/50]-(10/22) Loss: 0.5637, Acc(1): 75.00, Acc(5): 100.00
2023-06-19 16:43:47,901 - AUGCON - INFO - Epoch [41/50]-(15/22) Loss: 0.5592, Acc(1): 75.00, Acc(5): 100.00
2023-06-19 16:43:47,902 - AUGCON - INFO - Epoch [41/50]-(20/22) Loss: 1.1357, Acc(1): 50.00, Acc(5): 100.00
2023-06-19 16:43:47,902 - AUGCON - INFO - 	Validation Loss: 0.9523, Acc(1): 78.00, Acc(5): 96.00, F1: 0.16, Recall: 0.15, Precision: 0.17
2023-06-19 16:43:47,902 - AUGCON - INFO - Epoch [42/50]-(0/22) Loss: 1.1361, Acc(1): 50.00, Acc(5): 100.00
2023-06-19 16:43:47,902 - AUGCON - INFO - Epoch [42/50]-(5/22) Loss: 0.3273, Acc(1): 100.00, Acc(5): 100.00
2023-06-19 16:43:47,902 - AUGCON - INFO - Epoch [42/50]-(10/22) Loss: 0.9398, Acc(1): 75.00, Acc(5): 100.00
2023-06-19 16:43:47,902 - AUGCON - INFO - Epoch [42/50]-(15/22) Loss: 0.5778, Acc(1): 75.00, Acc(5): 100.00
2023-06-19 16:43:47,902 - AUGCON - INFO - Epoch [42/50]-(20/22) Loss: 0.3324, Acc(1): 100.00, Acc(5): 100.00
2023-06-19 16:43:47,902 - AUGCON - INFO - 	Validation Loss: 0.9677, Acc(1): 76.00, Acc(5): 96.00, F1: 0.15, Recall: 0.15, Precision: 0.16
2023-06-19 16:43:47,902 - AUGCON - INFO - Epoch [43/50]-(0/22) Loss: 0.2412, Acc(1): 100.00, Acc(5): 100.00
2023-06-19 16:43:47,902 - AUGCON - INFO - Epoch [43/50]-(5/22) Loss: 0.2177, Acc(1): 100.00, Acc(5): 100.00
2023-06-19 16:43:47,902 - AUGCON - INFO - Epoch [43/50]-(10/22) Loss: 0.9945, Acc(1): 75.00, Acc(5): 100.00
2023-06-19 16:43:47,902 - AUGCON - INFO - Epoch [43/50]-(15/22) Loss: 0.6480, Acc(1): 75.00, Acc(5): 100.00
2023-06-19 16:43:47,902 - AUGCON - INFO - Epoch [43/50]-(20/22) Loss: 0.3300, Acc(1): 100.00, Acc(5): 100.00
2023-06-19 16:43:47,902 - AUGCON - INFO - 	Validation Loss: 1.0047, Acc(1): 72.00, Acc(5): 96.00, F1: 0.15, Recall: 0.14, Precision: 0.16
2023-06-19 16:43:47,902 - AUGCON - INFO - Epoch [44/50]-(0/22) Loss: 0.1773, Acc(1): 100.00, Acc(5): 100.00
2023-06-19 16:43:47,903 - AUGCON - INFO - Epoch [44/50]-(5/22) Loss: 0.5575, Acc(1): 75.00, Acc(5): 100.00
2023-06-19 16:43:47,903 - AUGCON - INFO - Epoch [44/50]-(10/22) Loss: 0.8111, Acc(1): 75.00, Acc(5): 100.00
2023-06-19 16:43:47,903 - AUGCON - INFO - Epoch [44/50]-(15/22) Loss: 0.6228, Acc(1): 75.00, Acc(5): 100.00
2023-06-19 16:43:47,903 - AUGCON - INFO - Epoch [44/50]-(20/22) Loss: 1.0171, Acc(1): 50.00, Acc(5): 100.00
2023-06-19 16:43:47,903 - AUGCON - INFO - 	Validation Loss: 0.9511, Acc(1): 76.00, Acc(5): 96.00, F1: 0.15, Recall: 0.15, Precision: 0.16
2023-06-19 16:43:47,903 - AUGCON - INFO - Epoch [45/50]-(0/22) Loss: 0.4562, Acc(1): 100.00, Acc(5): 100.00
2023-06-19 16:43:47,903 - AUGCON - INFO - Epoch [45/50]-(5/22) Loss: 1.2841, Acc(1): 50.00, Acc(5): 100.00
2023-06-19 16:43:47,903 - AUGCON - INFO - Epoch [45/50]-(10/22) Loss: 0.1644, Acc(1): 100.00, Acc(5): 100.00
2023-06-19 16:43:47,903 - AUGCON - INFO - Epoch [45/50]-(15/22) Loss: 0.7998, Acc(1): 75.00, Acc(5): 100.00
2023-06-19 16:43:47,903 - AUGCON - INFO - Epoch [45/50]-(20/22) Loss: 0.6464, Acc(1): 100.00, Acc(5): 100.00
2023-06-19 16:43:47,903 - AUGCON - INFO - 	Validation Loss: 0.9957, Acc(1): 74.00, Acc(5): 95.00, F1: 0.15, Recall: 0.15, Precision: 0.16
2023-06-19 16:43:47,903 - AUGCON - INFO - Epoch [46/50]-(0/22) Loss: 0.5164, Acc(1): 100.00, Acc(5): 100.00
2023-06-19 16:43:47,903 - AUGCON - INFO - Epoch [46/50]-(5/22) Loss: 0.2960, Acc(1): 100.00, Acc(5): 100.00
2023-06-19 16:43:47,903 - AUGCON - INFO - Epoch [46/50]-(10/22) Loss: 0.5851, Acc(1): 75.00, Acc(5): 100.00
2023-06-19 16:43:47,903 - AUGCON - INFO - Epoch [46/50]-(15/22) Loss: 0.9045, Acc(1): 50.00, Acc(5): 100.00
2023-06-19 16:43:47,903 - AUGCON - INFO - Epoch [46/50]-(20/22) Loss: 0.8894, Acc(1): 50.00, Acc(5): 100.00
2023-06-19 16:43:47,904 - AUGCON - INFO - 	Validation Loss: 0.9423, Acc(1): 78.00, Acc(5): 96.00, F1: 0.16, Recall: 0.15, Precision: 0.16
2023-06-19 16:43:47,904 - AUGCON - INFO - Epoch [47/50]-(0/22) Loss: 0.7527, Acc(1): 100.00, Acc(5): 100.00
2023-06-19 16:43:47,904 - AUGCON - INFO - Epoch [47/50]-(5/22) Loss: 0.2840, Acc(1): 100.00, Acc(5): 100.00
2023-06-19 16:43:47,904 - AUGCON - INFO - Epoch [47/50]-(10/22) Loss: 0.3591, Acc(1): 100.00, Acc(5): 100.00
2023-06-19 16:43:47,904 - AUGCON - INFO - Epoch [47/50]-(15/22) Loss: 1.3095, Acc(1): 50.00, Acc(5): 100.00
2023-06-19 16:43:47,904 - AUGCON - INFO - Epoch [47/50]-(20/22) Loss: 0.4495, Acc(1): 75.00, Acc(5): 100.00
2023-06-19 16:43:47,904 - AUGCON - INFO - 	Validation Loss: 0.9407, Acc(1): 77.00, Acc(5): 96.00, F1: 0.16, Recall: 0.15, Precision: 0.16
2023-06-19 16:43:47,904 - AUGCON - INFO - Epoch [48/50]-(0/22) Loss: 0.2764, Acc(1): 100.00, Acc(5): 100.00
2023-06-19 16:43:47,904 - AUGCON - INFO - Epoch [48/50]-(5/22) Loss: 0.4302, Acc(1): 100.00, Acc(5): 100.00
2023-06-19 16:43:47,904 - AUGCON - INFO - Epoch [48/50]-(10/22) Loss: 0.4908, Acc(1): 75.00, Acc(5): 100.00
2023-06-19 16:43:47,904 - AUGCON - INFO - Epoch [48/50]-(15/22) Loss: 0.4621, Acc(1): 75.00, Acc(5): 100.00
2023-06-19 16:43:47,904 - AUGCON - INFO - Epoch [48/50]-(20/22) Loss: 0.9422, Acc(1): 75.00, Acc(5): 100.00
2023-06-19 16:43:47,904 - AUGCON - INFO - 	Validation Loss: 0.9636, Acc(1): 77.00, Acc(5): 95.00, F1: 0.16, Recall: 0.15, Precision: 0.17
2023-06-19 16:43:47,904 - AUGCON - INFO - Epoch [49/50]-(0/22) Loss: 0.6659, Acc(1): 75.00, Acc(5): 100.00
2023-06-19 16:43:47,905 - AUGCON - INFO - Epoch [49/50]-(5/22) Loss: 0.8291, Acc(1): 75.00, Acc(5): 100.00
2023-06-19 16:43:47,905 - AUGCON - INFO - Epoch [49/50]-(10/22) Loss: 1.1792, Acc(1): 50.00, Acc(5): 100.00
2023-06-19 16:43:47,905 - AUGCON - INFO - Epoch [49/50]-(15/22) Loss: 0.0181, Acc(1): 100.00, Acc(5): 100.00
2023-06-19 16:43:47,905 - AUGCON - INFO - Epoch [49/50]-(20/22) Loss: 0.6239, Acc(1): 100.00, Acc(5): 100.00
2023-06-19 16:43:47,905 - AUGCON - INFO - 	Validation Loss: 0.9772, Acc(1): 78.00, Acc(5): 96.00, F1: 0.16, Recall: 0.15, Precision: 0.17
2023-06-19 16:43:47,905 - AUGCON - INFO - Epoch [50/50]-(0/22) Loss: 1.4235, Acc(1): 50.00, Acc(5): 100.00
2023-06-19 16:43:47,905 - AUGCON - INFO - Epoch [50/50]-(5/22) Loss: 0.5108, Acc(1): 100.00, Acc(5): 100.00
2023-06-19 16:43:47,905 - AUGCON - INFO - Epoch [50/50]-(10/22) Loss: 0.1672, Acc(1): 100.00, Acc(5): 100.00
2023-06-19 16:43:47,905 - AUGCON - INFO - Epoch [50/50]-(15/22) Loss: 0.2473, Acc(1): 100.00, Acc(5): 100.00
2023-06-19 16:43:47,905 - AUGCON - INFO - Epoch [50/50]-(20/22) Loss: 0.4464, Acc(1): 75.00, Acc(5): 100.00
2023-06-19 16:43:47,905 - AUGCON - INFO - 	Validation Loss: 0.9833, Acc(1): 74.00, Acc(5): 95.00, F1: 0.15, Recall: 0.15, Precision: 0.16
2023-06-19 16:43:47,905 - AUGCON - INFO - 	Validation Loss: 0.8212, Acc(1): 80.00, Acc(5): 97.67, F1: 0.19, Recall: 0.18, Precision: 0.20
