2023-06-19 16:39:03,373 - AUGCON - INFO - logger initialized (/home/hjyoon/projects/augcon/config/exp0/finetune_da_true/without_target_domain_PH0041-hmkim/metacpc_perdomain_8421/tgt_target_domain_PH0007-jskim_seed0.yaml.log)
2023-06-19 16:39:03,373 - AUGCON - INFO - ================= Config =================
2023-06-19 16:39:03,373 - AUGCON - INFO -   mode: finetune
2023-06-19 16:39:03,373 - AUGCON - INFO -   seed: 0
2023-06-19 16:39:03,373 - AUGCON - INFO -   gpu: [5]
2023-06-19 16:39:03,373 - AUGCON - INFO -   num_workers: 1
2023-06-19 16:39:03,373 - AUGCON - INFO -   dist_url: tcp://localhost:10001
2023-06-19 16:39:03,373 - AUGCON - INFO -   dataset_name: ichar
2023-06-19 16:39:03,373 - AUGCON - INFO -   train_dataset_path: /mnt/sting/hjyoon/projects/cross/ICHAR/augcon/target_domain_PH0007-jskim/finetune/10shot/target/train.pkl
2023-06-19 16:39:03,373 - AUGCON - INFO -   test_dataset_path: /mnt/sting/hjyoon/projects/cross/ICHAR/augcon/target_domain_PH0007-jskim/finetune/10shot/target/test.pkl
2023-06-19 16:39:03,373 - AUGCON - INFO -   val_dataset_path: /mnt/sting/hjyoon/projects/cross/ICHAR/augcon/target_domain_PH0007-jskim/finetune/10shot/target/val.pkl
2023-06-19 16:39:03,373 - AUGCON - INFO -   input_channels: 3
2023-06-19 16:39:03,373 - AUGCON - INFO -   num_cls: 9
2023-06-19 16:39:03,373 - AUGCON - INFO -   optimizer: adam
2023-06-19 16:39:03,373 - AUGCON - INFO -   criterion: crossentropy
2023-06-19 16:39:03,373 - AUGCON - INFO -   start_epoch: 0
2023-06-19 16:39:03,373 - AUGCON - INFO -   epochs: 50
2023-06-19 16:39:03,373 - AUGCON - INFO -   batch_size: 4
2023-06-19 16:39:03,373 - AUGCON - INFO -   lr: 0.001
2023-06-19 16:39:03,373 - AUGCON - INFO -   wd: 0.0
2023-06-19 16:39:03,373 - AUGCON - INFO -   resume: 
2023-06-19 16:39:03,373 - AUGCON - INFO -   pretrained: /mnt/sting/hjyoon/projects/augcontrast/models/exp0/pretrain/without_target_domain_PH0041-hmkim/metacpc_perdomain_8421/checkpoint_0999.pth.tar
2023-06-19 16:39:03,373 - AUGCON - INFO -   ckpt_dir: /mnt/sting/hjyoon/projects/augcontrast/models/exp0/finetune_da_true/without_target_domain_PH0041-hmkim/metacpc_perdomain_8421/tgt_target_domain_PH0007-jskim_seed0
2023-06-19 16:39:03,373 - AUGCON - INFO -   log_freq: 5
2023-06-19 16:39:03,373 - AUGCON - INFO -   save_freq: 10
2023-06-19 16:39:03,373 - AUGCON - INFO -   pretext: metacpc
2023-06-19 16:39:03,373 - AUGCON - INFO -   enc_blocks: 4
2023-06-19 16:39:03,373 - AUGCON - INFO -   kernel_sizes: [8, 4, 2, 1]
2023-06-19 16:39:03,373 - AUGCON - INFO -   strides: [4, 2, 1, 1]
2023-06-19 16:39:03,373 - AUGCON - INFO -   agg_blocks: 5
2023-06-19 16:39:03,373 - AUGCON - INFO -   z_dim: 256
2023-06-19 16:39:03,373 - AUGCON - INFO -   pooling: mean
2023-06-19 16:39:03,373 - AUGCON - INFO -   pred_steps: 12
2023-06-19 16:39:03,373 - AUGCON - INFO -   n_negatives: 15
2023-06-19 16:39:03,374 - AUGCON - INFO -   offset: 4
2023-06-19 16:39:03,374 - AUGCON - INFO -   domain_adaptation: True
2023-06-19 16:39:03,374 - AUGCON - INFO -   task_steps: 10
2023-06-19 16:39:03,374 - AUGCON - INFO -   task_lr: 0.001
2023-06-19 16:39:03,374 - AUGCON - INFO -   reg_lambda: 0
2023-06-19 16:39:03,374 - AUGCON - INFO -   mlp: False
2023-06-19 16:39:03,374 - AUGCON - INFO -   freeze: True
2023-06-19 16:39:03,374 - AUGCON - INFO -   no_vars: False
2023-06-19 16:39:03,374 - AUGCON - INFO - ==========================================
2023-06-19 16:39:03,374 - AUGCON - INFO - Setting GPUs: [5]
2023-06-19 16:39:03,374 - AUGCON - INFO - GPUs [5] will be used
2023-06-19 16:39:03,374 - AUGCON - WARNING - You have chosen to seed training. 
2023-06-19 16:39:03,374 - AUGCON - WARNING - This will turn on the CUDNN deterministic setting, 
2023-06-19 16:39:03,374 - AUGCON - WARNING - which can slow down your training considerably! 
2023-06-19 16:39:03,374 - AUGCON - WARNING - You may see unexpected behavior when restarting 
2023-06-19 16:39:03,374 - AUGCON - WARNING - from checkpoints.
2023-06-19 16:39:03,439 - AUGCON - INFO - Executing MetaCPC
2023-06-19 16:39:03,440 - AUGCON - INFO - Logs are skipped during training
2023-06-19 16:39:23,056 - AUGCON - INFO - Single GPU is used for training - training 90 instances for each worker
2023-06-19 16:39:23,056 - AUGCON - INFO - Loading pretrained model from checkpoint - /mnt/sting/hjyoon/projects/augcontrast/models/exp0/pretrain/without_target_domain_PH0041-hmkim/metacpc_perdomain_8421/checkpoint_0999.pth.tar
2023-06-19 16:39:23,056 - AUGCON - INFO - Missing keys: []
2023-06-19 16:39:23,056 - AUGCON - INFO - Perform domain adaptation step
2023-06-19 16:39:23,056 - AUGCON - INFO - 	meta-train [0/10] Loss: 1.5923, Acc(1): 42.42, Acc(5): 86.96
2023-06-19 16:39:23,056 - AUGCON - INFO - 	meta-train [1/10] Loss: 1.3197, Acc(1): 49.90, Acc(5): 93.05
2023-06-19 16:39:23,056 - AUGCON - INFO - 	meta-train [2/10] Loss: 1.0820, Acc(1): 57.12, Acc(5): 96.40
2023-06-19 16:39:23,056 - AUGCON - INFO - 	meta-train [3/10] Loss: 1.0711, Acc(1): 57.08, Acc(5): 96.00
2023-06-19 16:39:23,057 - AUGCON - INFO - 	meta-train [4/10] Loss: 1.0079, Acc(1): 59.69, Acc(5): 96.63
2023-06-19 16:39:23,057 - AUGCON - INFO - 	meta-train [5/10] Loss: 0.9701, Acc(1): 61.13, Acc(5): 96.87
2023-06-19 16:39:23,057 - AUGCON - INFO - 	meta-train [6/10] Loss: 0.9968, Acc(1): 59.90, Acc(5): 96.97
2023-06-19 16:39:23,057 - AUGCON - INFO - 	meta-train [7/10] Loss: 1.0011, Acc(1): 59.41, Acc(5): 97.21
2023-06-19 16:39:23,057 - AUGCON - INFO - 	meta-train [8/10] Loss: 0.9910, Acc(1): 60.47, Acc(5): 97.03
2023-06-19 16:39:23,057 - AUGCON - INFO - 	meta-train [9/10] Loss: 0.9736, Acc(1): 60.15, Acc(5): 97.21
2023-06-19 16:39:23,057 - AUGCON - INFO - Loading encoder parameters to the classifier
2023-06-19 16:39:23,057 - AUGCON - INFO - Missing keys: ['classifier.block.0.weight', 'classifier.block.0.bias']
2023-06-19 16:39:23,057 - AUGCON - INFO - Epoch [1/50]-(0/22) Loss: 1.9588, Acc(1): 25.00, Acc(5): 100.00
2023-06-19 16:39:23,057 - AUGCON - INFO - Epoch [1/50]-(5/22) Loss: 2.2346, Acc(1): 0.00, Acc(5): 75.00
2023-06-19 16:39:23,057 - AUGCON - INFO - Epoch [1/50]-(10/22) Loss: 2.3135, Acc(1): 25.00, Acc(5): 50.00
2023-06-19 16:39:23,057 - AUGCON - INFO - Epoch [1/50]-(15/22) Loss: 1.7497, Acc(1): 50.00, Acc(5): 75.00
2023-06-19 16:39:23,057 - AUGCON - INFO - Epoch [1/50]-(20/22) Loss: 2.0239, Acc(1): 25.00, Acc(5): 75.00
2023-06-19 16:39:23,057 - AUGCON - INFO - 	Validation Loss: 1.8738, Acc(1): 34.00, Acc(5): 88.00, F1: 0.09, Recall: 0.11, Precision: 0.07
2023-06-19 16:39:23,057 - AUGCON - INFO - Epoch [2/50]-(0/22) Loss: 1.8971, Acc(1): 25.00, Acc(5): 75.00
2023-06-19 16:39:23,057 - AUGCON - INFO - Epoch [2/50]-(5/22) Loss: 1.8885, Acc(1): 75.00, Acc(5): 100.00
2023-06-19 16:39:23,058 - AUGCON - INFO - Epoch [2/50]-(10/22) Loss: 1.8061, Acc(1): 50.00, Acc(5): 100.00
2023-06-19 16:39:23,058 - AUGCON - INFO - Epoch [2/50]-(15/22) Loss: 1.4862, Acc(1): 100.00, Acc(5): 100.00
2023-06-19 16:39:23,058 - AUGCON - INFO - Epoch [2/50]-(20/22) Loss: 1.4779, Acc(1): 100.00, Acc(5): 100.00
2023-06-19 16:39:23,058 - AUGCON - INFO - 	Validation Loss: 1.4624, Acc(1): 57.00, Acc(5): 93.00, F1: 0.18, Recall: 0.18, Precision: 0.19
2023-06-19 16:39:23,058 - AUGCON - INFO - Epoch [3/50]-(0/22) Loss: 1.6162, Acc(1): 50.00, Acc(5): 100.00
2023-06-19 16:39:23,058 - AUGCON - INFO - Epoch [3/50]-(5/22) Loss: 1.3675, Acc(1): 75.00, Acc(5): 75.00
2023-06-19 16:39:23,058 - AUGCON - INFO - Epoch [3/50]-(10/22) Loss: 1.5329, Acc(1): 50.00, Acc(5): 100.00
2023-06-19 16:39:23,058 - AUGCON - INFO - Epoch [3/50]-(15/22) Loss: 1.6849, Acc(1): 25.00, Acc(5): 100.00
2023-06-19 16:39:23,058 - AUGCON - INFO - Epoch [3/50]-(20/22) Loss: 1.1391, Acc(1): 75.00, Acc(5): 100.00
2023-06-19 16:39:23,058 - AUGCON - INFO - 	Validation Loss: 1.3224, Acc(1): 60.00, Acc(5): 94.00, F1: 0.18, Recall: 0.19, Precision: 0.18
2023-06-19 16:39:23,058 - AUGCON - INFO - Epoch [4/50]-(0/22) Loss: 1.4599, Acc(1): 25.00, Acc(5): 100.00
2023-06-19 16:39:23,058 - AUGCON - INFO - Epoch [4/50]-(5/22) Loss: 1.2546, Acc(1): 50.00, Acc(5): 100.00
2023-06-19 16:39:23,058 - AUGCON - INFO - Epoch [4/50]-(10/22) Loss: 1.4767, Acc(1): 50.00, Acc(5): 75.00
2023-06-19 16:39:23,058 - AUGCON - INFO - Epoch [4/50]-(15/22) Loss: 1.1320, Acc(1): 50.00, Acc(5): 100.00
2023-06-19 16:39:23,058 - AUGCON - INFO - Epoch [4/50]-(20/22) Loss: 0.8310, Acc(1): 75.00, Acc(5): 100.00
2023-06-19 16:39:23,059 - AUGCON - INFO - 	Validation Loss: 1.1681, Acc(1): 57.00, Acc(5): 95.00, F1: 0.18, Recall: 0.18, Precision: 0.18
2023-06-19 16:39:23,059 - AUGCON - INFO - Epoch [5/50]-(0/22) Loss: 1.4400, Acc(1): 25.00, Acc(5): 100.00
2023-06-19 16:39:23,059 - AUGCON - INFO - Epoch [5/50]-(5/22) Loss: 0.8985, Acc(1): 100.00, Acc(5): 100.00
2023-06-19 16:39:23,059 - AUGCON - INFO - Epoch [5/50]-(10/22) Loss: 1.1393, Acc(1): 50.00, Acc(5): 100.00
2023-06-19 16:39:23,059 - AUGCON - INFO - Epoch [5/50]-(15/22) Loss: 1.3906, Acc(1): 50.00, Acc(5): 100.00
2023-06-19 16:39:23,059 - AUGCON - INFO - Epoch [5/50]-(20/22) Loss: 1.0925, Acc(1): 50.00, Acc(5): 100.00
2023-06-19 16:39:23,059 - AUGCON - INFO - 	Validation Loss: 1.0768, Acc(1): 71.00, Acc(5): 95.00, F1: 0.20, Recall: 0.20, Precision: 0.21
2023-06-19 16:39:23,059 - AUGCON - INFO - Epoch [6/50]-(0/22) Loss: 1.1924, Acc(1): 75.00, Acc(5): 100.00
2023-06-19 16:39:23,059 - AUGCON - INFO - Epoch [6/50]-(5/22) Loss: 0.5484, Acc(1): 75.00, Acc(5): 100.00
2023-06-19 16:39:23,059 - AUGCON - INFO - Epoch [6/50]-(10/22) Loss: 0.8499, Acc(1): 75.00, Acc(5): 100.00
2023-06-19 16:39:23,059 - AUGCON - INFO - Epoch [6/50]-(15/22) Loss: 0.8670, Acc(1): 75.00, Acc(5): 100.00
2023-06-19 16:39:23,059 - AUGCON - INFO - Epoch [6/50]-(20/22) Loss: 0.3766, Acc(1): 100.00, Acc(5): 100.00
2023-06-19 16:39:23,059 - AUGCON - INFO - 	Validation Loss: 1.0433, Acc(1): 67.00, Acc(5): 94.00, F1: 0.20, Recall: 0.21, Precision: 0.18
2023-06-19 16:39:23,059 - AUGCON - INFO - Epoch [7/50]-(0/22) Loss: 0.9431, Acc(1): 100.00, Acc(5): 100.00
2023-06-19 16:39:23,059 - AUGCON - INFO - Epoch [7/50]-(5/22) Loss: 0.7117, Acc(1): 75.00, Acc(5): 100.00
2023-06-19 16:39:23,059 - AUGCON - INFO - Epoch [7/50]-(10/22) Loss: 0.7420, Acc(1): 75.00, Acc(5): 100.00
2023-06-19 16:39:23,060 - AUGCON - INFO - Epoch [7/50]-(15/22) Loss: 0.8788, Acc(1): 50.00, Acc(5): 100.00
2023-06-19 16:39:23,060 - AUGCON - INFO - Epoch [7/50]-(20/22) Loss: 0.7718, Acc(1): 75.00, Acc(5): 75.00
2023-06-19 16:39:23,060 - AUGCON - INFO - 	Validation Loss: 0.9949, Acc(1): 68.00, Acc(5): 94.00, F1: 0.19, Recall: 0.20, Precision: 0.18
2023-06-19 16:39:23,060 - AUGCON - INFO - Epoch [8/50]-(0/22) Loss: 0.5683, Acc(1): 100.00, Acc(5): 100.00
2023-06-19 16:39:23,060 - AUGCON - INFO - Epoch [8/50]-(5/22) Loss: 0.8056, Acc(1): 75.00, Acc(5): 100.00
2023-06-19 16:39:23,060 - AUGCON - INFO - Epoch [8/50]-(10/22) Loss: 0.8170, Acc(1): 75.00, Acc(5): 100.00
2023-06-19 16:39:23,060 - AUGCON - INFO - Epoch [8/50]-(15/22) Loss: 0.8498, Acc(1): 75.00, Acc(5): 100.00
2023-06-19 16:39:23,060 - AUGCON - INFO - Epoch [8/50]-(20/22) Loss: 0.8466, Acc(1): 75.00, Acc(5): 100.00
2023-06-19 16:39:23,060 - AUGCON - INFO - 	Validation Loss: 0.9886, Acc(1): 66.00, Acc(5): 94.00, F1: 0.20, Recall: 0.21, Precision: 0.18
2023-06-19 16:39:23,060 - AUGCON - INFO - Epoch [9/50]-(0/22) Loss: 0.6221, Acc(1): 75.00, Acc(5): 100.00
2023-06-19 16:39:23,060 - AUGCON - INFO - Epoch [9/50]-(5/22) Loss: 0.6572, Acc(1): 100.00, Acc(5): 100.00
2023-06-19 16:39:23,060 - AUGCON - INFO - Epoch [9/50]-(10/22) Loss: 0.8845, Acc(1): 50.00, Acc(5): 100.00
2023-06-19 16:39:23,060 - AUGCON - INFO - Epoch [9/50]-(15/22) Loss: 0.6172, Acc(1): 75.00, Acc(5): 100.00
2023-06-19 16:39:23,060 - AUGCON - INFO - Epoch [9/50]-(20/22) Loss: 0.6852, Acc(1): 75.00, Acc(5): 100.00
2023-06-19 16:39:23,060 - AUGCON - INFO - 	Validation Loss: 0.9158, Acc(1): 75.00, Acc(5): 94.00, F1: 0.22, Recall: 0.22, Precision: 0.21
2023-06-19 16:39:23,061 - AUGCON - INFO - Epoch [10/50]-(0/22) Loss: 0.2312, Acc(1): 100.00, Acc(5): 100.00
2023-06-19 16:39:23,061 - AUGCON - INFO - Epoch [10/50]-(5/22) Loss: 0.3053, Acc(1): 100.00, Acc(5): 100.00
2023-06-19 16:39:23,061 - AUGCON - INFO - Epoch [10/50]-(10/22) Loss: 0.8704, Acc(1): 75.00, Acc(5): 100.00
2023-06-19 16:39:23,061 - AUGCON - INFO - Epoch [10/50]-(15/22) Loss: 0.3372, Acc(1): 100.00, Acc(5): 100.00
2023-06-19 16:39:23,061 - AUGCON - INFO - Epoch [10/50]-(20/22) Loss: 1.0726, Acc(1): 75.00, Acc(5): 100.00
2023-06-19 16:39:23,061 - AUGCON - INFO - 	Validation Loss: 0.8999, Acc(1): 77.00, Acc(5): 94.00, F1: 0.22, Recall: 0.22, Precision: 0.21
2023-06-19 16:39:23,061 - AUGCON - INFO - Epoch [11/50]-(0/22) Loss: 0.3951, Acc(1): 100.00, Acc(5): 100.00
2023-06-19 16:39:23,061 - AUGCON - INFO - Epoch [11/50]-(5/22) Loss: 0.5867, Acc(1): 75.00, Acc(5): 100.00
2023-06-19 16:39:23,061 - AUGCON - INFO - Epoch [11/50]-(10/22) Loss: 0.9594, Acc(1): 50.00, Acc(5): 100.00
2023-06-19 16:39:23,061 - AUGCON - INFO - Epoch [11/50]-(15/22) Loss: 0.5196, Acc(1): 75.00, Acc(5): 100.00
2023-06-19 16:39:23,061 - AUGCON - INFO - Epoch [11/50]-(20/22) Loss: 0.6303, Acc(1): 100.00, Acc(5): 100.00
2023-06-19 16:39:23,061 - AUGCON - INFO - 	Validation Loss: 0.8823, Acc(1): 69.00, Acc(5): 95.00, F1: 0.19, Recall: 0.20, Precision: 0.19
2023-06-19 16:39:23,061 - AUGCON - INFO - Epoch [12/50]-(0/22) Loss: 0.7817, Acc(1): 75.00, Acc(5): 100.00
2023-06-19 16:39:23,061 - AUGCON - INFO - Epoch [12/50]-(5/22) Loss: 1.0213, Acc(1): 50.00, Acc(5): 100.00
2023-06-19 16:39:23,061 - AUGCON - INFO - Epoch [12/50]-(10/22) Loss: 1.0101, Acc(1): 50.00, Acc(5): 100.00
2023-06-19 16:39:23,062 - AUGCON - INFO - Epoch [12/50]-(15/22) Loss: 0.5828, Acc(1): 75.00, Acc(5): 100.00
2023-06-19 16:39:23,062 - AUGCON - INFO - Epoch [12/50]-(20/22) Loss: 1.2028, Acc(1): 50.00, Acc(5): 100.00
2023-06-19 16:39:23,062 - AUGCON - INFO - 	Validation Loss: 0.8835, Acc(1): 78.00, Acc(5): 95.00, F1: 0.22, Recall: 0.23, Precision: 0.20
2023-06-19 16:39:23,062 - AUGCON - INFO - Epoch [13/50]-(0/22) Loss: 0.4158, Acc(1): 100.00, Acc(5): 100.00
2023-06-19 16:39:23,062 - AUGCON - INFO - Epoch [13/50]-(5/22) Loss: 0.8624, Acc(1): 50.00, Acc(5): 100.00
2023-06-19 16:39:23,062 - AUGCON - INFO - Epoch [13/50]-(10/22) Loss: 1.3325, Acc(1): 25.00, Acc(5): 100.00
2023-06-19 16:39:23,062 - AUGCON - INFO - Epoch [13/50]-(15/22) Loss: 0.7978, Acc(1): 75.00, Acc(5): 100.00
2023-06-19 16:39:23,062 - AUGCON - INFO - Epoch [13/50]-(20/22) Loss: 0.1558, Acc(1): 100.00, Acc(5): 100.00
2023-06-19 16:39:23,062 - AUGCON - INFO - 	Validation Loss: 0.8387, Acc(1): 83.00, Acc(5): 96.00, F1: 0.23, Recall: 0.24, Precision: 0.23
2023-06-19 16:39:23,062 - AUGCON - INFO - Epoch [14/50]-(0/22) Loss: 0.5573, Acc(1): 100.00, Acc(5): 100.00
2023-06-19 16:39:23,062 - AUGCON - INFO - Epoch [14/50]-(5/22) Loss: 0.8850, Acc(1): 75.00, Acc(5): 100.00
2023-06-19 16:39:23,062 - AUGCON - INFO - Epoch [14/50]-(10/22) Loss: 0.1998, Acc(1): 100.00, Acc(5): 100.00
2023-06-19 16:39:23,062 - AUGCON - INFO - Epoch [14/50]-(15/22) Loss: 0.4927, Acc(1): 100.00, Acc(5): 100.00
2023-06-19 16:39:23,062 - AUGCON - INFO - Epoch [14/50]-(20/22) Loss: 0.9832, Acc(1): 25.00, Acc(5): 100.00
2023-06-19 16:39:23,062 - AUGCON - INFO - 	Validation Loss: 0.8225, Acc(1): 83.00, Acc(5): 95.00, F1: 0.23, Recall: 0.22, Precision: 0.23
2023-06-19 16:39:23,063 - AUGCON - INFO - Epoch [15/50]-(0/22) Loss: 0.6850, Acc(1): 50.00, Acc(5): 100.00
2023-06-19 16:39:23,063 - AUGCON - INFO - Epoch [15/50]-(5/22) Loss: 0.7554, Acc(1): 100.00, Acc(5): 100.00
2023-06-19 16:39:23,063 - AUGCON - INFO - Epoch [15/50]-(10/22) Loss: 1.0098, Acc(1): 75.00, Acc(5): 100.00
2023-06-19 16:39:23,063 - AUGCON - INFO - Epoch [15/50]-(15/22) Loss: 0.7718, Acc(1): 100.00, Acc(5): 100.00
2023-06-19 16:39:23,063 - AUGCON - INFO - Epoch [15/50]-(20/22) Loss: 0.2971, Acc(1): 100.00, Acc(5): 100.00
2023-06-19 16:39:23,063 - AUGCON - INFO - 	Validation Loss: 0.8256, Acc(1): 78.00, Acc(5): 95.00, F1: 0.22, Recall: 0.22, Precision: 0.21
2023-06-19 16:39:23,063 - AUGCON - INFO - Epoch [16/50]-(0/22) Loss: 0.5627, Acc(1): 75.00, Acc(5): 100.00
2023-06-19 16:39:23,063 - AUGCON - INFO - Epoch [16/50]-(5/22) Loss: 0.6879, Acc(1): 75.00, Acc(5): 100.00
2023-06-19 16:39:23,063 - AUGCON - INFO - Epoch [16/50]-(10/22) Loss: 1.2290, Acc(1): 50.00, Acc(5): 100.00
2023-06-19 16:39:23,063 - AUGCON - INFO - Epoch [16/50]-(15/22) Loss: 0.4853, Acc(1): 100.00, Acc(5): 100.00
2023-06-19 16:39:23,063 - AUGCON - INFO - Epoch [16/50]-(20/22) Loss: 0.2665, Acc(1): 100.00, Acc(5): 100.00
2023-06-19 16:39:23,063 - AUGCON - INFO - 	Validation Loss: 0.8044, Acc(1): 79.00, Acc(5): 95.00, F1: 0.21, Recall: 0.23, Precision: 0.20
2023-06-19 16:39:23,063 - AUGCON - INFO - Epoch [17/50]-(0/22) Loss: 0.4571, Acc(1): 75.00, Acc(5): 100.00
2023-06-19 16:39:23,063 - AUGCON - INFO - Epoch [17/50]-(5/22) Loss: 0.6445, Acc(1): 75.00, Acc(5): 100.00
2023-06-19 16:39:23,063 - AUGCON - INFO - Epoch [17/50]-(10/22) Loss: 0.5585, Acc(1): 100.00, Acc(5): 100.00
2023-06-19 16:39:23,063 - AUGCON - INFO - Epoch [17/50]-(15/22) Loss: 0.4447, Acc(1): 100.00, Acc(5): 100.00
2023-06-19 16:39:23,064 - AUGCON - INFO - Epoch [17/50]-(20/22) Loss: 0.9779, Acc(1): 75.00, Acc(5): 100.00
2023-06-19 16:39:23,064 - AUGCON - INFO - 	Validation Loss: 0.8154, Acc(1): 77.00, Acc(5): 93.00, F1: 0.21, Recall: 0.22, Precision: 0.21
2023-06-19 16:39:23,064 - AUGCON - INFO - Epoch [18/50]-(0/22) Loss: 0.6030, Acc(1): 75.00, Acc(5): 100.00
2023-06-19 16:39:23,064 - AUGCON - INFO - Epoch [18/50]-(5/22) Loss: 0.9707, Acc(1): 50.00, Acc(5): 100.00
2023-06-19 16:39:23,064 - AUGCON - INFO - Epoch [18/50]-(10/22) Loss: 0.8979, Acc(1): 75.00, Acc(5): 100.00
2023-06-19 16:39:23,064 - AUGCON - INFO - Epoch [18/50]-(15/22) Loss: 0.7788, Acc(1): 75.00, Acc(5): 100.00
2023-06-19 16:39:23,064 - AUGCON - INFO - Epoch [18/50]-(20/22) Loss: 0.2794, Acc(1): 100.00, Acc(5): 100.00
2023-06-19 16:39:23,064 - AUGCON - INFO - 	Validation Loss: 0.8062, Acc(1): 78.00, Acc(5): 95.00, F1: 0.23, Recall: 0.23, Precision: 0.22
2023-06-19 16:39:23,064 - AUGCON - INFO - Epoch [19/50]-(0/22) Loss: 0.5298, Acc(1): 75.00, Acc(5): 100.00
2023-06-19 16:39:23,064 - AUGCON - INFO - Epoch [19/50]-(5/22) Loss: 0.8176, Acc(1): 75.00, Acc(5): 100.00
2023-06-19 16:39:23,064 - AUGCON - INFO - Epoch [19/50]-(10/22) Loss: 0.7633, Acc(1): 75.00, Acc(5): 100.00
2023-06-19 16:39:23,064 - AUGCON - INFO - Epoch [19/50]-(15/22) Loss: 0.5045, Acc(1): 100.00, Acc(5): 100.00
2023-06-19 16:39:23,064 - AUGCON - INFO - Epoch [19/50]-(20/22) Loss: 0.4002, Acc(1): 100.00, Acc(5): 100.00
2023-06-19 16:39:23,064 - AUGCON - INFO - 	Validation Loss: 0.7845, Acc(1): 81.00, Acc(5): 95.00, F1: 0.22, Recall: 0.22, Precision: 0.23
2023-06-19 16:39:23,065 - AUGCON - INFO - Epoch [20/50]-(0/22) Loss: 0.5564, Acc(1): 75.00, Acc(5): 100.00
2023-06-19 16:39:23,065 - AUGCON - INFO - Epoch [20/50]-(5/22) Loss: 0.7637, Acc(1): 75.00, Acc(5): 100.00
2023-06-19 16:39:23,065 - AUGCON - INFO - Epoch [20/50]-(10/22) Loss: 0.5485, Acc(1): 100.00, Acc(5): 100.00
2023-06-19 16:39:23,065 - AUGCON - INFO - Epoch [20/50]-(15/22) Loss: 0.5056, Acc(1): 100.00, Acc(5): 100.00
2023-06-19 16:39:23,065 - AUGCON - INFO - Epoch [20/50]-(20/22) Loss: 0.2600, Acc(1): 100.00, Acc(5): 100.00
2023-06-19 16:39:23,065 - AUGCON - INFO - 	Validation Loss: 0.8194, Acc(1): 77.00, Acc(5): 95.00, F1: 0.21, Recall: 0.23, Precision: 0.20
2023-06-19 16:39:23,065 - AUGCON - INFO - Epoch [21/50]-(0/22) Loss: 0.4634, Acc(1): 75.00, Acc(5): 100.00
2023-06-19 16:39:23,065 - AUGCON - INFO - Epoch [21/50]-(5/22) Loss: 0.6429, Acc(1): 75.00, Acc(5): 100.00
2023-06-19 16:39:23,065 - AUGCON - INFO - Epoch [21/50]-(10/22) Loss: 0.7096, Acc(1): 75.00, Acc(5): 100.00
2023-06-19 16:39:23,065 - AUGCON - INFO - Epoch [21/50]-(15/22) Loss: 0.6443, Acc(1): 75.00, Acc(5): 100.00
2023-06-19 16:39:23,065 - AUGCON - INFO - Epoch [21/50]-(20/22) Loss: 0.6708, Acc(1): 100.00, Acc(5): 100.00
2023-06-19 16:39:23,065 - AUGCON - INFO - 	Validation Loss: 0.7585, Acc(1): 82.00, Acc(5): 95.00, F1: 0.23, Recall: 0.23, Precision: 0.22
2023-06-19 16:39:23,065 - AUGCON - INFO - Epoch [22/50]-(0/22) Loss: 1.0030, Acc(1): 50.00, Acc(5): 100.00
2023-06-19 16:39:23,065 - AUGCON - INFO - Epoch [22/50]-(5/22) Loss: 0.4176, Acc(1): 100.00, Acc(5): 100.00
2023-06-19 16:39:23,065 - AUGCON - INFO - Epoch [22/50]-(10/22) Loss: 1.4207, Acc(1): 25.00, Acc(5): 100.00
2023-06-19 16:39:23,066 - AUGCON - INFO - Epoch [22/50]-(15/22) Loss: 0.8927, Acc(1): 75.00, Acc(5): 100.00
2023-06-19 16:39:23,066 - AUGCON - INFO - Epoch [22/50]-(20/22) Loss: 0.2402, Acc(1): 100.00, Acc(5): 100.00
2023-06-19 16:39:23,066 - AUGCON - INFO - 	Validation Loss: 0.7543, Acc(1): 82.00, Acc(5): 95.00, F1: 0.23, Recall: 0.23, Precision: 0.23
2023-06-19 16:39:23,066 - AUGCON - INFO - Epoch [23/50]-(0/22) Loss: 0.5833, Acc(1): 100.00, Acc(5): 100.00
2023-06-19 16:39:23,066 - AUGCON - INFO - Epoch [23/50]-(5/22) Loss: 0.3225, Acc(1): 100.00, Acc(5): 100.00
2023-06-19 16:39:23,066 - AUGCON - INFO - Epoch [23/50]-(10/22) Loss: 0.8807, Acc(1): 50.00, Acc(5): 100.00
2023-06-19 16:39:23,066 - AUGCON - INFO - Epoch [23/50]-(15/22) Loss: 0.6187, Acc(1): 75.00, Acc(5): 100.00
2023-06-19 16:39:23,066 - AUGCON - INFO - Epoch [23/50]-(20/22) Loss: 0.7141, Acc(1): 75.00, Acc(5): 100.00
2023-06-19 16:39:23,066 - AUGCON - INFO - 	Validation Loss: 0.7281, Acc(1): 84.00, Acc(5): 95.00, F1: 0.23, Recall: 0.23, Precision: 0.23
2023-06-19 16:39:23,066 - AUGCON - INFO - Epoch [24/50]-(0/22) Loss: 0.9340, Acc(1): 50.00, Acc(5): 100.00
2023-06-19 16:39:23,066 - AUGCON - INFO - Epoch [24/50]-(5/22) Loss: 0.6224, Acc(1): 75.00, Acc(5): 100.00
2023-06-19 16:39:23,066 - AUGCON - INFO - Epoch [24/50]-(10/22) Loss: 0.4091, Acc(1): 100.00, Acc(5): 100.00
2023-06-19 16:39:23,066 - AUGCON - INFO - Epoch [24/50]-(15/22) Loss: 1.5766, Acc(1): 50.00, Acc(5): 100.00
2023-06-19 16:39:23,066 - AUGCON - INFO - Epoch [24/50]-(20/22) Loss: 0.2618, Acc(1): 100.00, Acc(5): 100.00
2023-06-19 16:39:23,066 - AUGCON - INFO - 	Validation Loss: 0.7236, Acc(1): 82.00, Acc(5): 95.00, F1: 0.23, Recall: 0.23, Precision: 0.22
2023-06-19 16:39:23,066 - AUGCON - INFO - Epoch [25/50]-(0/22) Loss: 0.0794, Acc(1): 100.00, Acc(5): 100.00
2023-06-19 16:39:23,067 - AUGCON - INFO - Epoch [25/50]-(5/22) Loss: 0.4940, Acc(1): 100.00, Acc(5): 100.00
2023-06-19 16:39:23,067 - AUGCON - INFO - Epoch [25/50]-(10/22) Loss: 0.1073, Acc(1): 100.00, Acc(5): 100.00
2023-06-19 16:39:23,067 - AUGCON - INFO - Epoch [25/50]-(15/22) Loss: 1.0546, Acc(1): 50.00, Acc(5): 100.00
2023-06-19 16:39:23,067 - AUGCON - INFO - Epoch [25/50]-(20/22) Loss: 1.1651, Acc(1): 75.00, Acc(5): 100.00
2023-06-19 16:39:23,067 - AUGCON - INFO - 	Validation Loss: 0.7354, Acc(1): 82.00, Acc(5): 95.00, F1: 0.23, Recall: 0.23, Precision: 0.22
2023-06-19 16:39:23,067 - AUGCON - INFO - Epoch [26/50]-(0/22) Loss: 1.0991, Acc(1): 50.00, Acc(5): 100.00
2023-06-19 16:39:23,067 - AUGCON - INFO - Epoch [26/50]-(5/22) Loss: 0.7756, Acc(1): 75.00, Acc(5): 100.00
2023-06-19 16:39:23,067 - AUGCON - INFO - Epoch [26/50]-(10/22) Loss: 0.3371, Acc(1): 100.00, Acc(5): 100.00
2023-06-19 16:39:23,067 - AUGCON - INFO - Epoch [26/50]-(15/22) Loss: 0.2364, Acc(1): 100.00, Acc(5): 100.00
2023-06-19 16:39:23,067 - AUGCON - INFO - Epoch [26/50]-(20/22) Loss: 0.5215, Acc(1): 75.00, Acc(5): 100.00
2023-06-19 16:39:23,067 - AUGCON - INFO - 	Validation Loss: 0.7590, Acc(1): 82.00, Acc(5): 96.00, F1: 0.22, Recall: 0.23, Precision: 0.21
2023-06-19 16:39:23,067 - AUGCON - INFO - Epoch [27/50]-(0/22) Loss: 0.4575, Acc(1): 75.00, Acc(5): 100.00
2023-06-19 16:39:23,067 - AUGCON - INFO - Epoch [27/50]-(5/22) Loss: 0.7670, Acc(1): 50.00, Acc(5): 100.00
2023-06-19 16:39:23,067 - AUGCON - INFO - Epoch [27/50]-(10/22) Loss: 0.5149, Acc(1): 75.00, Acc(5): 100.00
2023-06-19 16:39:23,067 - AUGCON - INFO - Epoch [27/50]-(15/22) Loss: 0.2030, Acc(1): 100.00, Acc(5): 100.00
2023-06-19 16:39:23,067 - AUGCON - INFO - Epoch [27/50]-(20/22) Loss: 0.6403, Acc(1): 100.00, Acc(5): 100.00
2023-06-19 16:39:23,067 - AUGCON - INFO - 	Validation Loss: 0.7515, Acc(1): 82.00, Acc(5): 96.00, F1: 0.23, Recall: 0.24, Precision: 0.22
2023-06-19 16:39:23,068 - AUGCON - INFO - Epoch [28/50]-(0/22) Loss: 0.6411, Acc(1): 75.00, Acc(5): 100.00
2023-06-19 16:39:23,068 - AUGCON - INFO - Epoch [28/50]-(5/22) Loss: 1.1100, Acc(1): 50.00, Acc(5): 100.00
2023-06-19 16:39:23,068 - AUGCON - INFO - Epoch [28/50]-(10/22) Loss: 0.8288, Acc(1): 50.00, Acc(5): 100.00
2023-06-19 16:39:23,068 - AUGCON - INFO - Epoch [28/50]-(15/22) Loss: 0.3091, Acc(1): 75.00, Acc(5): 100.00
2023-06-19 16:39:23,068 - AUGCON - INFO - Epoch [28/50]-(20/22) Loss: 0.5881, Acc(1): 75.00, Acc(5): 100.00
2023-06-19 16:39:23,068 - AUGCON - INFO - 	Validation Loss: 0.7187, Acc(1): 87.00, Acc(5): 96.00, F1: 0.24, Recall: 0.24, Precision: 0.24
2023-06-19 16:39:23,068 - AUGCON - INFO - Epoch [29/50]-(0/22) Loss: 0.3604, Acc(1): 100.00, Acc(5): 100.00
2023-06-19 16:39:23,068 - AUGCON - INFO - Epoch [29/50]-(5/22) Loss: 0.4317, Acc(1): 100.00, Acc(5): 100.00
2023-06-19 16:39:23,068 - AUGCON - INFO - Epoch [29/50]-(10/22) Loss: 0.7065, Acc(1): 75.00, Acc(5): 100.00
2023-06-19 16:39:23,068 - AUGCON - INFO - Epoch [29/50]-(15/22) Loss: 0.8786, Acc(1): 50.00, Acc(5): 100.00
2023-06-19 16:39:23,068 - AUGCON - INFO - Epoch [29/50]-(20/22) Loss: 0.9649, Acc(1): 50.00, Acc(5): 100.00
2023-06-19 16:39:23,068 - AUGCON - INFO - 	Validation Loss: 0.7201, Acc(1): 79.00, Acc(5): 96.00, F1: 0.22, Recall: 0.23, Precision: 0.21
2023-06-19 16:39:23,068 - AUGCON - INFO - Epoch [30/50]-(0/22) Loss: 0.3705, Acc(1): 100.00, Acc(5): 100.00
2023-06-19 16:39:23,068 - AUGCON - INFO - Epoch [30/50]-(5/22) Loss: 0.5290, Acc(1): 75.00, Acc(5): 100.00
2023-06-19 16:39:23,069 - AUGCON - INFO - Epoch [30/50]-(10/22) Loss: 0.6684, Acc(1): 100.00, Acc(5): 100.00
2023-06-19 16:39:23,069 - AUGCON - INFO - Epoch [30/50]-(15/22) Loss: 0.2687, Acc(1): 100.00, Acc(5): 100.00
2023-06-19 16:39:23,069 - AUGCON - INFO - Epoch [30/50]-(20/22) Loss: 0.8695, Acc(1): 75.00, Acc(5): 100.00
2023-06-19 16:39:23,069 - AUGCON - INFO - 	Validation Loss: 0.7114, Acc(1): 86.00, Acc(5): 96.00, F1: 0.24, Recall: 0.23, Precision: 0.24
2023-06-19 16:39:23,069 - AUGCON - INFO - Epoch [31/50]-(0/22) Loss: 0.1810, Acc(1): 100.00, Acc(5): 100.00
2023-06-19 16:39:23,069 - AUGCON - INFO - Epoch [31/50]-(5/22) Loss: 0.3667, Acc(1): 75.00, Acc(5): 100.00
2023-06-19 16:39:23,069 - AUGCON - INFO - Epoch [31/50]-(10/22) Loss: 1.1524, Acc(1): 25.00, Acc(5): 100.00
2023-06-19 16:39:23,069 - AUGCON - INFO - Epoch [31/50]-(15/22) Loss: 0.1785, Acc(1): 100.00, Acc(5): 100.00
2023-06-19 16:39:23,069 - AUGCON - INFO - Epoch [31/50]-(20/22) Loss: 0.5542, Acc(1): 75.00, Acc(5): 100.00
2023-06-19 16:39:23,069 - AUGCON - INFO - 	Validation Loss: 0.7045, Acc(1): 85.00, Acc(5): 96.00, F1: 0.23, Recall: 0.23, Precision: 0.23
2023-06-19 16:39:23,069 - AUGCON - INFO - Epoch [32/50]-(0/22) Loss: 1.0037, Acc(1): 50.00, Acc(5): 100.00
2023-06-19 16:39:23,069 - AUGCON - INFO - Epoch [32/50]-(5/22) Loss: 0.5357, Acc(1): 100.00, Acc(5): 100.00
2023-06-19 16:39:23,069 - AUGCON - INFO - Epoch [32/50]-(10/22) Loss: 0.4460, Acc(1): 100.00, Acc(5): 100.00
2023-06-19 16:39:23,069 - AUGCON - INFO - Epoch [32/50]-(15/22) Loss: 0.6015, Acc(1): 100.00, Acc(5): 100.00
2023-06-19 16:39:23,070 - AUGCON - INFO - Epoch [32/50]-(20/22) Loss: 0.3615, Acc(1): 75.00, Acc(5): 100.00
2023-06-19 16:39:23,070 - AUGCON - INFO - 	Validation Loss: 0.6911, Acc(1): 82.00, Acc(5): 96.00, F1: 0.22, Recall: 0.23, Precision: 0.22
2023-06-19 16:39:23,070 - AUGCON - INFO - Epoch [33/50]-(0/22) Loss: 0.0714, Acc(1): 100.00, Acc(5): 100.00
2023-06-19 16:39:23,070 - AUGCON - INFO - Epoch [33/50]-(5/22) Loss: 0.3119, Acc(1): 100.00, Acc(5): 100.00
2023-06-19 16:39:23,070 - AUGCON - INFO - Epoch [33/50]-(10/22) Loss: 1.1993, Acc(1): 50.00, Acc(5): 100.00
2023-06-19 16:39:23,070 - AUGCON - INFO - Epoch [33/50]-(15/22) Loss: 0.1706, Acc(1): 100.00, Acc(5): 100.00
2023-06-19 16:39:23,070 - AUGCON - INFO - Epoch [33/50]-(20/22) Loss: 0.6401, Acc(1): 75.00, Acc(5): 100.00
2023-06-19 16:39:23,070 - AUGCON - INFO - 	Validation Loss: 0.7096, Acc(1): 82.00, Acc(5): 97.00, F1: 0.22, Recall: 0.23, Precision: 0.21
2023-06-19 16:39:23,070 - AUGCON - INFO - Epoch [34/50]-(0/22) Loss: 0.6240, Acc(1): 75.00, Acc(5): 100.00
2023-06-19 16:39:23,070 - AUGCON - INFO - Epoch [34/50]-(5/22) Loss: 0.4578, Acc(1): 75.00, Acc(5): 100.00
2023-06-19 16:39:23,070 - AUGCON - INFO - Epoch [34/50]-(10/22) Loss: 0.3523, Acc(1): 100.00, Acc(5): 100.00
2023-06-19 16:39:23,070 - AUGCON - INFO - Epoch [34/50]-(15/22) Loss: 1.1055, Acc(1): 75.00, Acc(5): 100.00
2023-06-19 16:39:23,070 - AUGCON - INFO - Epoch [34/50]-(20/22) Loss: 0.0786, Acc(1): 100.00, Acc(5): 100.00
2023-06-19 16:39:23,070 - AUGCON - INFO - 	Validation Loss: 0.7008, Acc(1): 82.00, Acc(5): 96.00, F1: 0.22, Recall: 0.23, Precision: 0.22
2023-06-19 16:39:23,070 - AUGCON - INFO - Epoch [35/50]-(0/22) Loss: 0.2091, Acc(1): 100.00, Acc(5): 100.00
2023-06-19 16:39:23,070 - AUGCON - INFO - Epoch [35/50]-(5/22) Loss: 0.3366, Acc(1): 75.00, Acc(5): 100.00
2023-06-19 16:39:23,071 - AUGCON - INFO - Epoch [35/50]-(10/22) Loss: 0.6010, Acc(1): 75.00, Acc(5): 100.00
2023-06-19 16:39:23,071 - AUGCON - INFO - Epoch [35/50]-(15/22) Loss: 0.8071, Acc(1): 50.00, Acc(5): 100.00
2023-06-19 16:39:23,071 - AUGCON - INFO - Epoch [35/50]-(20/22) Loss: 0.6168, Acc(1): 75.00, Acc(5): 100.00
2023-06-19 16:39:23,071 - AUGCON - INFO - 	Validation Loss: 0.7025, Acc(1): 82.00, Acc(5): 98.00, F1: 0.23, Recall: 0.23, Precision: 0.23
2023-06-19 16:39:23,071 - AUGCON - INFO - Epoch [36/50]-(0/22) Loss: 0.4141, Acc(1): 100.00, Acc(5): 100.00
2023-06-19 16:39:23,071 - AUGCON - INFO - Epoch [36/50]-(5/22) Loss: 0.3340, Acc(1): 75.00, Acc(5): 100.00
2023-06-19 16:39:23,071 - AUGCON - INFO - Epoch [36/50]-(10/22) Loss: 0.8667, Acc(1): 50.00, Acc(5): 100.00
2023-06-19 16:39:23,071 - AUGCON - INFO - Epoch [36/50]-(15/22) Loss: 0.6591, Acc(1): 75.00, Acc(5): 100.00
2023-06-19 16:39:23,071 - AUGCON - INFO - Epoch [36/50]-(20/22) Loss: 0.7877, Acc(1): 75.00, Acc(5): 100.00
2023-06-19 16:39:23,071 - AUGCON - INFO - 	Validation Loss: 0.7283, Acc(1): 86.00, Acc(5): 96.00, F1: 0.23, Recall: 0.23, Precision: 0.23
2023-06-19 16:39:23,071 - AUGCON - INFO - Epoch [37/50]-(0/22) Loss: 0.2907, Acc(1): 100.00, Acc(5): 100.00
2023-06-19 16:39:23,071 - AUGCON - INFO - Epoch [37/50]-(5/22) Loss: 0.6975, Acc(1): 75.00, Acc(5): 100.00
2023-06-19 16:39:23,071 - AUGCON - INFO - Epoch [37/50]-(10/22) Loss: 0.1194, Acc(1): 100.00, Acc(5): 100.00
2023-06-19 16:39:23,071 - AUGCON - INFO - Epoch [37/50]-(15/22) Loss: 0.1203, Acc(1): 100.00, Acc(5): 100.00
2023-06-19 16:39:23,071 - AUGCON - INFO - Epoch [37/50]-(20/22) Loss: 0.8042, Acc(1): 75.00, Acc(5): 100.00
2023-06-19 16:39:23,071 - AUGCON - INFO - 	Validation Loss: 0.6712, Acc(1): 84.00, Acc(5): 97.00, F1: 0.23, Recall: 0.23, Precision: 0.23
2023-06-19 16:39:23,072 - AUGCON - INFO - Epoch [38/50]-(0/22) Loss: 0.5457, Acc(1): 75.00, Acc(5): 100.00
2023-06-19 16:39:23,072 - AUGCON - INFO - Epoch [38/50]-(5/22) Loss: 0.4460, Acc(1): 100.00, Acc(5): 100.00
2023-06-19 16:39:23,072 - AUGCON - INFO - Epoch [38/50]-(10/22) Loss: 0.4441, Acc(1): 100.00, Acc(5): 100.00
2023-06-19 16:39:23,072 - AUGCON - INFO - Epoch [38/50]-(15/22) Loss: 0.5026, Acc(1): 75.00, Acc(5): 100.00
2023-06-19 16:39:23,072 - AUGCON - INFO - Epoch [38/50]-(20/22) Loss: 0.4614, Acc(1): 100.00, Acc(5): 100.00
2023-06-19 16:39:23,072 - AUGCON - INFO - 	Validation Loss: 0.7000, Acc(1): 81.00, Acc(5): 97.00, F1: 0.22, Recall: 0.23, Precision: 0.21
2023-06-19 16:39:23,072 - AUGCON - INFO - Epoch [39/50]-(0/22) Loss: 0.2973, Acc(1): 100.00, Acc(5): 100.00
2023-06-19 16:39:23,072 - AUGCON - INFO - Epoch [39/50]-(5/22) Loss: 1.2154, Acc(1): 25.00, Acc(5): 100.00
2023-06-19 16:39:23,072 - AUGCON - INFO - Epoch [39/50]-(10/22) Loss: 0.4710, Acc(1): 75.00, Acc(5): 100.00
2023-06-19 16:39:23,072 - AUGCON - INFO - Epoch [39/50]-(15/22) Loss: 0.2255, Acc(1): 100.00, Acc(5): 100.00
2023-06-19 16:39:23,072 - AUGCON - INFO - Epoch [39/50]-(20/22) Loss: 0.8693, Acc(1): 50.00, Acc(5): 100.00
2023-06-19 16:39:23,072 - AUGCON - INFO - 	Validation Loss: 0.6897, Acc(1): 85.00, Acc(5): 96.00, F1: 0.23, Recall: 0.23, Precision: 0.23
2023-06-19 16:39:23,072 - AUGCON - INFO - Epoch [40/50]-(0/22) Loss: 0.8292, Acc(1): 75.00, Acc(5): 100.00
2023-06-19 16:39:23,072 - AUGCON - INFO - Epoch [40/50]-(5/22) Loss: 0.3161, Acc(1): 100.00, Acc(5): 100.00
2023-06-19 16:39:23,072 - AUGCON - INFO - Epoch [40/50]-(10/22) Loss: 0.7970, Acc(1): 50.00, Acc(5): 100.00
2023-06-19 16:39:23,073 - AUGCON - INFO - Epoch [40/50]-(15/22) Loss: 0.9141, Acc(1): 25.00, Acc(5): 100.00
2023-06-19 16:39:23,073 - AUGCON - INFO - Epoch [40/50]-(20/22) Loss: 1.0286, Acc(1): 75.00, Acc(5): 100.00
2023-06-19 16:39:23,073 - AUGCON - INFO - 	Validation Loss: 0.7042, Acc(1): 83.00, Acc(5): 96.00, F1: 0.23, Recall: 0.23, Precision: 0.22
2023-06-19 16:39:23,073 - AUGCON - INFO - Epoch [41/50]-(0/22) Loss: 0.6254, Acc(1): 75.00, Acc(5): 100.00
2023-06-19 16:39:23,073 - AUGCON - INFO - Epoch [41/50]-(5/22) Loss: 0.7882, Acc(1): 75.00, Acc(5): 100.00
2023-06-19 16:39:23,073 - AUGCON - INFO - Epoch [41/50]-(10/22) Loss: 0.5639, Acc(1): 75.00, Acc(5): 100.00
2023-06-19 16:39:23,073 - AUGCON - INFO - Epoch [41/50]-(15/22) Loss: 0.2415, Acc(1): 100.00, Acc(5): 100.00
2023-06-19 16:39:23,073 - AUGCON - INFO - Epoch [41/50]-(20/22) Loss: 0.1674, Acc(1): 100.00, Acc(5): 100.00
2023-06-19 16:39:23,073 - AUGCON - INFO - 	Validation Loss: 0.6855, Acc(1): 83.00, Acc(5): 96.00, F1: 0.23, Recall: 0.23, Precision: 0.23
2023-06-19 16:39:23,073 - AUGCON - INFO - Epoch [42/50]-(0/22) Loss: 1.0301, Acc(1): 50.00, Acc(5): 100.00
2023-06-19 16:39:23,073 - AUGCON - INFO - Epoch [42/50]-(5/22) Loss: 0.6032, Acc(1): 75.00, Acc(5): 100.00
2023-06-19 16:39:23,073 - AUGCON - INFO - Epoch [42/50]-(10/22) Loss: 0.5606, Acc(1): 50.00, Acc(5): 100.00
2023-06-19 16:39:23,073 - AUGCON - INFO - Epoch [42/50]-(15/22) Loss: 0.9498, Acc(1): 50.00, Acc(5): 100.00
2023-06-19 16:39:23,073 - AUGCON - INFO - Epoch [42/50]-(20/22) Loss: 0.4640, Acc(1): 75.00, Acc(5): 100.00
2023-06-19 16:39:23,073 - AUGCON - INFO - 	Validation Loss: 0.6593, Acc(1): 86.00, Acc(5): 96.00, F1: 0.24, Recall: 0.24, Precision: 0.24
2023-06-19 16:39:23,074 - AUGCON - INFO - Epoch [43/50]-(0/22) Loss: 0.2256, Acc(1): 100.00, Acc(5): 100.00
2023-06-19 16:39:23,074 - AUGCON - INFO - Epoch [43/50]-(5/22) Loss: 0.0927, Acc(1): 100.00, Acc(5): 100.00
2023-06-19 16:39:23,074 - AUGCON - INFO - Epoch [43/50]-(10/22) Loss: 0.8306, Acc(1): 75.00, Acc(5): 100.00
2023-06-19 16:39:23,074 - AUGCON - INFO - Epoch [43/50]-(15/22) Loss: 0.6157, Acc(1): 75.00, Acc(5): 100.00
2023-06-19 16:39:23,074 - AUGCON - INFO - Epoch [43/50]-(20/22) Loss: 0.0719, Acc(1): 100.00, Acc(5): 100.00
2023-06-19 16:39:23,074 - AUGCON - INFO - 	Validation Loss: 0.6720, Acc(1): 84.00, Acc(5): 96.00, F1: 0.22, Recall: 0.23, Precision: 0.22
2023-06-19 16:39:23,074 - AUGCON - INFO - Epoch [44/50]-(0/22) Loss: 0.2634, Acc(1): 100.00, Acc(5): 100.00
2023-06-19 16:39:23,074 - AUGCON - INFO - Epoch [44/50]-(5/22) Loss: 0.4647, Acc(1): 100.00, Acc(5): 100.00
2023-06-19 16:39:23,074 - AUGCON - INFO - Epoch [44/50]-(10/22) Loss: 0.4228, Acc(1): 75.00, Acc(5): 100.00
2023-06-19 16:39:23,074 - AUGCON - INFO - Epoch [44/50]-(15/22) Loss: 0.5688, Acc(1): 100.00, Acc(5): 100.00
2023-06-19 16:39:23,074 - AUGCON - INFO - Epoch [44/50]-(20/22) Loss: 0.3377, Acc(1): 100.00, Acc(5): 100.00
2023-06-19 16:39:23,074 - AUGCON - INFO - 	Validation Loss: 0.6775, Acc(1): 85.00, Acc(5): 96.00, F1: 0.23, Recall: 0.23, Precision: 0.23
2023-06-19 16:39:23,074 - AUGCON - INFO - Epoch [45/50]-(0/22) Loss: 0.0675, Acc(1): 100.00, Acc(5): 100.00
2023-06-19 16:39:23,074 - AUGCON - INFO - Epoch [45/50]-(5/22) Loss: 0.3680, Acc(1): 75.00, Acc(5): 100.00
2023-06-19 16:39:23,074 - AUGCON - INFO - Epoch [45/50]-(10/22) Loss: 0.2144, Acc(1): 100.00, Acc(5): 100.00
2023-06-19 16:39:23,074 - AUGCON - INFO - Epoch [45/50]-(15/22) Loss: 0.8240, Acc(1): 75.00, Acc(5): 100.00
2023-06-19 16:39:23,074 - AUGCON - INFO - Epoch [45/50]-(20/22) Loss: 0.4154, Acc(1): 75.00, Acc(5): 100.00
2023-06-19 16:39:23,075 - AUGCON - INFO - 	Validation Loss: 0.6646, Acc(1): 85.00, Acc(5): 96.00, F1: 0.24, Recall: 0.23, Precision: 0.24
2023-06-19 16:39:23,075 - AUGCON - INFO - Epoch [46/50]-(0/22) Loss: 0.1855, Acc(1): 100.00, Acc(5): 100.00
2023-06-19 16:39:23,075 - AUGCON - INFO - Epoch [46/50]-(5/22) Loss: 0.4876, Acc(1): 75.00, Acc(5): 100.00
2023-06-19 16:39:23,075 - AUGCON - INFO - Epoch [46/50]-(10/22) Loss: 0.5189, Acc(1): 75.00, Acc(5): 100.00
2023-06-19 16:39:23,075 - AUGCON - INFO - Epoch [46/50]-(15/22) Loss: 0.5355, Acc(1): 75.00, Acc(5): 100.00
2023-06-19 16:39:23,075 - AUGCON - INFO - Epoch [46/50]-(20/22) Loss: 0.7555, Acc(1): 50.00, Acc(5): 100.00
2023-06-19 16:39:23,075 - AUGCON - INFO - 	Validation Loss: 0.6662, Acc(1): 85.00, Acc(5): 96.00, F1: 0.23, Recall: 0.23, Precision: 0.22
2023-06-19 16:39:23,075 - AUGCON - INFO - Epoch [47/50]-(0/22) Loss: 0.6725, Acc(1): 50.00, Acc(5): 100.00
2023-06-19 16:39:23,075 - AUGCON - INFO - Epoch [47/50]-(5/22) Loss: 0.2921, Acc(1): 100.00, Acc(5): 100.00
2023-06-19 16:39:23,075 - AUGCON - INFO - Epoch [47/50]-(10/22) Loss: 0.5259, Acc(1): 75.00, Acc(5): 100.00
2023-06-19 16:39:23,075 - AUGCON - INFO - Epoch [47/50]-(15/22) Loss: 0.1849, Acc(1): 100.00, Acc(5): 100.00
2023-06-19 16:39:23,075 - AUGCON - INFO - Epoch [47/50]-(20/22) Loss: 0.5325, Acc(1): 100.00, Acc(5): 100.00
2023-06-19 16:39:23,075 - AUGCON - INFO - 	Validation Loss: 0.6785, Acc(1): 86.00, Acc(5): 96.00, F1: 0.23, Recall: 0.23, Precision: 0.22
2023-06-19 16:39:23,075 - AUGCON - INFO - Epoch [48/50]-(0/22) Loss: 0.2816, Acc(1): 100.00, Acc(5): 100.00
2023-06-19 16:39:23,075 - AUGCON - INFO - Epoch [48/50]-(5/22) Loss: 0.2303, Acc(1): 100.00, Acc(5): 100.00
2023-06-19 16:39:23,075 - AUGCON - INFO - Epoch [48/50]-(10/22) Loss: 0.6501, Acc(1): 50.00, Acc(5): 100.00
2023-06-19 16:39:23,076 - AUGCON - INFO - Epoch [48/50]-(15/22) Loss: 0.3008, Acc(1): 100.00, Acc(5): 100.00
2023-06-19 16:39:23,076 - AUGCON - INFO - Epoch [48/50]-(20/22) Loss: 1.1960, Acc(1): 50.00, Acc(5): 100.00
2023-06-19 16:39:23,076 - AUGCON - INFO - 	Validation Loss: 0.7005, Acc(1): 85.00, Acc(5): 96.00, F1: 0.23, Recall: 0.23, Precision: 0.23
2023-06-19 16:39:23,076 - AUGCON - INFO - Epoch [49/50]-(0/22) Loss: 0.7177, Acc(1): 50.00, Acc(5): 100.00
2023-06-19 16:39:23,076 - AUGCON - INFO - Epoch [49/50]-(5/22) Loss: 0.6608, Acc(1): 75.00, Acc(5): 100.00
2023-06-19 16:39:23,076 - AUGCON - INFO - Epoch [49/50]-(10/22) Loss: 0.6102, Acc(1): 50.00, Acc(5): 100.00
2023-06-19 16:39:23,076 - AUGCON - INFO - Epoch [49/50]-(15/22) Loss: 0.9722, Acc(1): 50.00, Acc(5): 100.00
2023-06-19 16:39:23,076 - AUGCON - INFO - Epoch [49/50]-(20/22) Loss: 0.0344, Acc(1): 100.00, Acc(5): 100.00
2023-06-19 16:39:23,076 - AUGCON - INFO - 	Validation Loss: 0.6640, Acc(1): 85.00, Acc(5): 96.00, F1: 0.23, Recall: 0.23, Precision: 0.24
2023-06-19 16:39:23,076 - AUGCON - INFO - Epoch [50/50]-(0/22) Loss: 0.3171, Acc(1): 100.00, Acc(5): 100.00
2023-06-19 16:39:23,076 - AUGCON - INFO - Epoch [50/50]-(5/22) Loss: 0.4010, Acc(1): 100.00, Acc(5): 100.00
2023-06-19 16:39:23,076 - AUGCON - INFO - Epoch [50/50]-(10/22) Loss: 0.3006, Acc(1): 75.00, Acc(5): 100.00
2023-06-19 16:39:23,076 - AUGCON - INFO - Epoch [50/50]-(15/22) Loss: 0.1929, Acc(1): 100.00, Acc(5): 100.00
2023-06-19 16:39:23,076 - AUGCON - INFO - Epoch [50/50]-(20/22) Loss: 0.8933, Acc(1): 75.00, Acc(5): 100.00
2023-06-19 16:39:23,076 - AUGCON - INFO - 	Validation Loss: 0.6513, Acc(1): 82.00, Acc(5): 96.00, F1: 0.22, Recall: 0.23, Precision: 0.22
2023-06-19 16:39:23,077 - AUGCON - INFO - 	Validation Loss: 0.7203, Acc(1): 81.00, Acc(5): 98.67, F1: 0.19, Recall: 0.19, Precision: 0.19
