2023-06-19 16:39:47,107 - AUGCON - INFO - logger initialized (/home/hjyoon/projects/augcon/config/exp0/finetune_da_true/without_target_domain_PH0041-hmkim/metacpc_perdomain_8421/tgt_target_domain_PH0014-wjlee_seed0.yaml.log)
2023-06-19 16:39:47,107 - AUGCON - INFO - ================= Config =================
2023-06-19 16:39:47,107 - AUGCON - INFO -   mode: finetune
2023-06-19 16:39:47,107 - AUGCON - INFO -   seed: 0
2023-06-19 16:39:47,107 - AUGCON - INFO -   gpu: [5]
2023-06-19 16:39:47,107 - AUGCON - INFO -   num_workers: 1
2023-06-19 16:39:47,107 - AUGCON - INFO -   dist_url: tcp://localhost:10001
2023-06-19 16:39:47,107 - AUGCON - INFO -   dataset_name: ichar
2023-06-19 16:39:47,107 - AUGCON - INFO -   train_dataset_path: /mnt/sting/hjyoon/projects/cross/ICHAR/augcon/target_domain_PH0014-wjlee/finetune/10shot/target/train.pkl
2023-06-19 16:39:47,107 - AUGCON - INFO -   test_dataset_path: /mnt/sting/hjyoon/projects/cross/ICHAR/augcon/target_domain_PH0014-wjlee/finetune/10shot/target/test.pkl
2023-06-19 16:39:47,107 - AUGCON - INFO -   val_dataset_path: /mnt/sting/hjyoon/projects/cross/ICHAR/augcon/target_domain_PH0014-wjlee/finetune/10shot/target/val.pkl
2023-06-19 16:39:47,107 - AUGCON - INFO -   input_channels: 3
2023-06-19 16:39:47,107 - AUGCON - INFO -   num_cls: 9
2023-06-19 16:39:47,107 - AUGCON - INFO -   optimizer: adam
2023-06-19 16:39:47,107 - AUGCON - INFO -   criterion: crossentropy
2023-06-19 16:39:47,107 - AUGCON - INFO -   start_epoch: 0
2023-06-19 16:39:47,107 - AUGCON - INFO -   epochs: 50
2023-06-19 16:39:47,107 - AUGCON - INFO -   batch_size: 4
2023-06-19 16:39:47,107 - AUGCON - INFO -   lr: 0.001
2023-06-19 16:39:47,107 - AUGCON - INFO -   wd: 0.0
2023-06-19 16:39:47,107 - AUGCON - INFO -   resume: 
2023-06-19 16:39:47,107 - AUGCON - INFO -   pretrained: /mnt/sting/hjyoon/projects/augcontrast/models/exp0/pretrain/without_target_domain_PH0041-hmkim/metacpc_perdomain_8421/checkpoint_0999.pth.tar
2023-06-19 16:39:47,107 - AUGCON - INFO -   ckpt_dir: /mnt/sting/hjyoon/projects/augcontrast/models/exp0/finetune_da_true/without_target_domain_PH0041-hmkim/metacpc_perdomain_8421/tgt_target_domain_PH0014-wjlee_seed0
2023-06-19 16:39:47,107 - AUGCON - INFO -   log_freq: 5
2023-06-19 16:39:47,107 - AUGCON - INFO -   save_freq: 10
2023-06-19 16:39:47,107 - AUGCON - INFO -   pretext: metacpc
2023-06-19 16:39:47,107 - AUGCON - INFO -   enc_blocks: 4
2023-06-19 16:39:47,108 - AUGCON - INFO -   kernel_sizes: [8, 4, 2, 1]
2023-06-19 16:39:47,108 - AUGCON - INFO -   strides: [4, 2, 1, 1]
2023-06-19 16:39:47,108 - AUGCON - INFO -   agg_blocks: 5
2023-06-19 16:39:47,108 - AUGCON - INFO -   z_dim: 256
2023-06-19 16:39:47,108 - AUGCON - INFO -   pooling: mean
2023-06-19 16:39:47,108 - AUGCON - INFO -   pred_steps: 12
2023-06-19 16:39:47,108 - AUGCON - INFO -   n_negatives: 15
2023-06-19 16:39:47,108 - AUGCON - INFO -   offset: 4
2023-06-19 16:39:47,108 - AUGCON - INFO -   domain_adaptation: True
2023-06-19 16:39:47,108 - AUGCON - INFO -   task_steps: 10
2023-06-19 16:39:47,108 - AUGCON - INFO -   task_lr: 0.001
2023-06-19 16:39:47,108 - AUGCON - INFO -   reg_lambda: 0
2023-06-19 16:39:47,108 - AUGCON - INFO -   mlp: False
2023-06-19 16:39:47,108 - AUGCON - INFO -   freeze: True
2023-06-19 16:39:47,108 - AUGCON - INFO -   no_vars: False
2023-06-19 16:39:47,108 - AUGCON - INFO - ==========================================
2023-06-19 16:39:47,108 - AUGCON - INFO - Setting GPUs: [5]
2023-06-19 16:39:47,108 - AUGCON - INFO - GPUs [5] will be used
2023-06-19 16:39:47,109 - AUGCON - WARNING - You have chosen to seed training. 
2023-06-19 16:39:47,109 - AUGCON - WARNING - This will turn on the CUDNN deterministic setting, 
2023-06-19 16:39:47,109 - AUGCON - WARNING - which can slow down your training considerably! 
2023-06-19 16:39:47,109 - AUGCON - WARNING - You may see unexpected behavior when restarting 
2023-06-19 16:39:47,109 - AUGCON - WARNING - from checkpoints.
2023-06-19 16:39:47,138 - AUGCON - INFO - Executing MetaCPC
2023-06-19 16:39:47,138 - AUGCON - INFO - Logs are skipped during training
2023-06-19 16:40:06,534 - AUGCON - INFO - Single GPU is used for training - training 90 instances for each worker
2023-06-19 16:40:06,535 - AUGCON - INFO - Loading pretrained model from checkpoint - /mnt/sting/hjyoon/projects/augcontrast/models/exp0/pretrain/without_target_domain_PH0041-hmkim/metacpc_perdomain_8421/checkpoint_0999.pth.tar
2023-06-19 16:40:06,535 - AUGCON - INFO - Missing keys: []
2023-06-19 16:40:06,535 - AUGCON - INFO - Perform domain adaptation step
2023-06-19 16:40:06,540 - AUGCON - INFO - 	meta-train [0/10] Loss: 1.6748, Acc(1): 37.56, Acc(5): 87.89
2023-06-19 16:40:06,540 - AUGCON - INFO - 	meta-train [1/10] Loss: 1.2385, Acc(1): 51.56, Acc(5): 95.34
2023-06-19 16:40:06,540 - AUGCON - INFO - 	meta-train [2/10] Loss: 1.1020, Acc(1): 54.98, Acc(5): 96.86
2023-06-19 16:40:06,540 - AUGCON - INFO - 	meta-train [3/10] Loss: 1.0497, Acc(1): 57.18, Acc(5): 97.07
2023-06-19 16:40:06,540 - AUGCON - INFO - 	meta-train [4/10] Loss: 1.0287, Acc(1): 58.40, Acc(5): 97.36
2023-06-19 16:40:06,540 - AUGCON - INFO - 	meta-train [5/10] Loss: 1.0234, Acc(1): 57.53, Acc(5): 97.56
2023-06-19 16:40:06,541 - AUGCON - INFO - 	meta-train [6/10] Loss: 0.9737, Acc(1): 60.39, Acc(5): 97.60
2023-06-19 16:40:06,541 - AUGCON - INFO - 	meta-train [7/10] Loss: 0.9518, Acc(1): 61.74, Acc(5): 97.66
2023-06-19 16:40:06,541 - AUGCON - INFO - 	meta-train [8/10] Loss: 0.9503, Acc(1): 60.95, Acc(5): 97.45
2023-06-19 16:40:06,541 - AUGCON - INFO - 	meta-train [9/10] Loss: 0.9832, Acc(1): 60.33, Acc(5): 97.47
2023-06-19 16:40:06,541 - AUGCON - INFO - Loading encoder parameters to the classifier
2023-06-19 16:40:06,541 - AUGCON - INFO - Missing keys: ['classifier.block.0.weight', 'classifier.block.0.bias']
2023-06-19 16:40:06,541 - AUGCON - INFO - Epoch [1/50]-(0/22) Loss: 2.3848, Acc(1): 0.00, Acc(5): 50.00
2023-06-19 16:40:06,541 - AUGCON - INFO - Epoch [1/50]-(5/22) Loss: 2.3542, Acc(1): 0.00, Acc(5): 50.00
2023-06-19 16:40:06,541 - AUGCON - INFO - Epoch [1/50]-(10/22) Loss: 2.2577, Acc(1): 0.00, Acc(5): 75.00
2023-06-19 16:40:06,541 - AUGCON - INFO - Epoch [1/50]-(15/22) Loss: 1.9466, Acc(1): 25.00, Acc(5): 75.00
2023-06-19 16:40:06,541 - AUGCON - INFO - Epoch [1/50]-(20/22) Loss: 2.1319, Acc(1): 25.00, Acc(5): 50.00
2023-06-19 16:40:06,542 - AUGCON - INFO - 	Validation Loss: 1.8424, Acc(1): 45.00, Acc(5): 92.00, F1: 0.08, Recall: 0.08, Precision: 0.08
2023-06-19 16:40:06,542 - AUGCON - INFO - Epoch [2/50]-(0/22) Loss: 1.9732, Acc(1): 50.00, Acc(5): 75.00
2023-06-19 16:40:06,542 - AUGCON - INFO - Epoch [2/50]-(5/22) Loss: 1.9378, Acc(1): 25.00, Acc(5): 100.00
2023-06-19 16:40:06,542 - AUGCON - INFO - Epoch [2/50]-(10/22) Loss: 1.8438, Acc(1): 25.00, Acc(5): 75.00
2023-06-19 16:40:06,542 - AUGCON - INFO - Epoch [2/50]-(15/22) Loss: 1.5433, Acc(1): 75.00, Acc(5): 75.00
2023-06-19 16:40:06,542 - AUGCON - INFO - Epoch [2/50]-(20/22) Loss: 2.0739, Acc(1): 25.00, Acc(5): 100.00
2023-06-19 16:40:06,542 - AUGCON - INFO - 	Validation Loss: 1.6250, Acc(1): 55.00, Acc(5): 89.00, F1: 0.12, Recall: 0.10, Precision: 0.14
2023-06-19 16:40:06,542 - AUGCON - INFO - Epoch [3/50]-(0/22) Loss: 1.3551, Acc(1): 75.00, Acc(5): 100.00
2023-06-19 16:40:06,542 - AUGCON - INFO - Epoch [3/50]-(5/22) Loss: 1.6949, Acc(1): 50.00, Acc(5): 75.00
2023-06-19 16:40:06,542 - AUGCON - INFO - Epoch [3/50]-(10/22) Loss: 1.5665, Acc(1): 25.00, Acc(5): 100.00
2023-06-19 16:40:06,542 - AUGCON - INFO - Epoch [3/50]-(15/22) Loss: 1.3923, Acc(1): 50.00, Acc(5): 100.00
2023-06-19 16:40:06,543 - AUGCON - INFO - Epoch [3/50]-(20/22) Loss: 1.4065, Acc(1): 75.00, Acc(5): 100.00
2023-06-19 16:40:06,543 - AUGCON - INFO - 	Validation Loss: 1.4306, Acc(1): 56.00, Acc(5): 94.00, F1: 0.11, Recall: 0.12, Precision: 0.11
2023-06-19 16:40:06,543 - AUGCON - INFO - Epoch [4/50]-(0/22) Loss: 1.5600, Acc(1): 50.00, Acc(5): 100.00
2023-06-19 16:40:06,543 - AUGCON - INFO - Epoch [4/50]-(5/22) Loss: 1.4167, Acc(1): 50.00, Acc(5): 100.00
2023-06-19 16:40:06,543 - AUGCON - INFO - Epoch [4/50]-(10/22) Loss: 1.6322, Acc(1): 25.00, Acc(5): 100.00
2023-06-19 16:40:06,543 - AUGCON - INFO - Epoch [4/50]-(15/22) Loss: 1.1557, Acc(1): 100.00, Acc(5): 100.00
2023-06-19 16:40:06,543 - AUGCON - INFO - Epoch [4/50]-(20/22) Loss: 1.0331, Acc(1): 75.00, Acc(5): 100.00
2023-06-19 16:40:06,543 - AUGCON - INFO - 	Validation Loss: 1.3429, Acc(1): 66.00, Acc(5): 94.00, F1: 0.14, Recall: 0.14, Precision: 0.15
2023-06-19 16:40:06,543 - AUGCON - INFO - Epoch [5/50]-(0/22) Loss: 1.0059, Acc(1): 100.00, Acc(5): 100.00
2023-06-19 16:40:06,543 - AUGCON - INFO - Epoch [5/50]-(5/22) Loss: 1.2759, Acc(1): 50.00, Acc(5): 100.00
2023-06-19 16:40:06,543 - AUGCON - INFO - Epoch [5/50]-(10/22) Loss: 1.0820, Acc(1): 75.00, Acc(5): 100.00
2023-06-19 16:40:06,544 - AUGCON - INFO - Epoch [5/50]-(15/22) Loss: 1.0371, Acc(1): 75.00, Acc(5): 100.00
2023-06-19 16:40:06,544 - AUGCON - INFO - Epoch [5/50]-(20/22) Loss: 1.7432, Acc(1): 25.00, Acc(5): 100.00
2023-06-19 16:40:06,544 - AUGCON - INFO - 	Validation Loss: 1.2720, Acc(1): 66.00, Acc(5): 94.00, F1: 0.13, Recall: 0.13, Precision: 0.14
2023-06-19 16:40:06,544 - AUGCON - INFO - Epoch [6/50]-(0/22) Loss: 1.5272, Acc(1): 25.00, Acc(5): 100.00
2023-06-19 16:40:06,544 - AUGCON - INFO - Epoch [6/50]-(5/22) Loss: 1.1528, Acc(1): 75.00, Acc(5): 100.00
2023-06-19 16:40:06,544 - AUGCON - INFO - Epoch [6/50]-(10/22) Loss: 1.4070, Acc(1): 50.00, Acc(5): 100.00
2023-06-19 16:40:06,544 - AUGCON - INFO - Epoch [6/50]-(15/22) Loss: 1.1285, Acc(1): 100.00, Acc(5): 100.00
2023-06-19 16:40:06,544 - AUGCON - INFO - Epoch [6/50]-(20/22) Loss: 1.2173, Acc(1): 75.00, Acc(5): 100.00
2023-06-19 16:40:06,544 - AUGCON - INFO - 	Validation Loss: 1.2013, Acc(1): 64.00, Acc(5): 94.00, F1: 0.12, Recall: 0.12, Precision: 0.13
2023-06-19 16:40:06,544 - AUGCON - INFO - Epoch [7/50]-(0/22) Loss: 1.6244, Acc(1): 50.00, Acc(5): 100.00
2023-06-19 16:40:06,544 - AUGCON - INFO - Epoch [7/50]-(5/22) Loss: 1.3095, Acc(1): 50.00, Acc(5): 100.00
2023-06-19 16:40:06,544 - AUGCON - INFO - Epoch [7/50]-(10/22) Loss: 1.2947, Acc(1): 25.00, Acc(5): 100.00
2023-06-19 16:40:06,545 - AUGCON - INFO - Epoch [7/50]-(15/22) Loss: 0.8204, Acc(1): 100.00, Acc(5): 100.00
2023-06-19 16:40:06,545 - AUGCON - INFO - Epoch [7/50]-(20/22) Loss: 1.6537, Acc(1): 50.00, Acc(5): 100.00
2023-06-19 16:40:06,545 - AUGCON - INFO - 	Validation Loss: 1.1771, Acc(1): 65.00, Acc(5): 94.00, F1: 0.14, Recall: 0.13, Precision: 0.14
2023-06-19 16:40:06,545 - AUGCON - INFO - Epoch [8/50]-(0/22) Loss: 1.4163, Acc(1): 75.00, Acc(5): 100.00
2023-06-19 16:40:06,545 - AUGCON - INFO - Epoch [8/50]-(5/22) Loss: 0.4976, Acc(1): 100.00, Acc(5): 100.00
2023-06-19 16:40:06,545 - AUGCON - INFO - Epoch [8/50]-(10/22) Loss: 1.5555, Acc(1): 50.00, Acc(5): 100.00
2023-06-19 16:40:06,545 - AUGCON - INFO - Epoch [8/50]-(15/22) Loss: 1.0197, Acc(1): 75.00, Acc(5): 100.00
2023-06-19 16:40:06,545 - AUGCON - INFO - Epoch [8/50]-(20/22) Loss: 1.0841, Acc(1): 50.00, Acc(5): 100.00
2023-06-19 16:40:06,545 - AUGCON - INFO - 	Validation Loss: 1.1249, Acc(1): 71.00, Acc(5): 94.00, F1: 0.14, Recall: 0.14, Precision: 0.15
2023-06-19 16:40:06,545 - AUGCON - INFO - Epoch [9/50]-(0/22) Loss: 0.5404, Acc(1): 100.00, Acc(5): 100.00
2023-06-19 16:40:06,545 - AUGCON - INFO - Epoch [9/50]-(5/22) Loss: 1.6043, Acc(1): 75.00, Acc(5): 100.00
2023-06-19 16:40:06,546 - AUGCON - INFO - Epoch [9/50]-(10/22) Loss: 1.0119, Acc(1): 50.00, Acc(5): 100.00
2023-06-19 16:40:06,546 - AUGCON - INFO - Epoch [9/50]-(15/22) Loss: 1.8288, Acc(1): 0.00, Acc(5): 100.00
2023-06-19 16:40:06,546 - AUGCON - INFO - Epoch [9/50]-(20/22) Loss: 0.9382, Acc(1): 75.00, Acc(5): 100.00
2023-06-19 16:40:06,546 - AUGCON - INFO - 	Validation Loss: 1.1311, Acc(1): 69.00, Acc(5): 93.00, F1: 0.15, Recall: 0.15, Precision: 0.15
2023-06-19 16:40:06,546 - AUGCON - INFO - Epoch [10/50]-(0/22) Loss: 0.7996, Acc(1): 100.00, Acc(5): 100.00
2023-06-19 16:40:06,546 - AUGCON - INFO - Epoch [10/50]-(5/22) Loss: 1.0229, Acc(1): 75.00, Acc(5): 100.00
2023-06-19 16:40:06,546 - AUGCON - INFO - Epoch [10/50]-(10/22) Loss: 0.9939, Acc(1): 75.00, Acc(5): 100.00
2023-06-19 16:40:06,546 - AUGCON - INFO - Epoch [10/50]-(15/22) Loss: 0.7545, Acc(1): 100.00, Acc(5): 100.00
2023-06-19 16:40:06,546 - AUGCON - INFO - Epoch [10/50]-(20/22) Loss: 0.7785, Acc(1): 75.00, Acc(5): 100.00
2023-06-19 16:40:06,546 - AUGCON - INFO - 	Validation Loss: 1.0600, Acc(1): 75.00, Acc(5): 95.00, F1: 0.15, Recall: 0.15, Precision: 0.15
2023-06-19 16:40:06,546 - AUGCON - INFO - Epoch [11/50]-(0/22) Loss: 1.0304, Acc(1): 50.00, Acc(5): 100.00
2023-06-19 16:40:06,547 - AUGCON - INFO - Epoch [11/50]-(5/22) Loss: 0.6186, Acc(1): 100.00, Acc(5): 100.00
2023-06-19 16:40:06,547 - AUGCON - INFO - Epoch [11/50]-(10/22) Loss: 0.7948, Acc(1): 75.00, Acc(5): 100.00
2023-06-19 16:40:06,547 - AUGCON - INFO - Epoch [11/50]-(15/22) Loss: 1.8184, Acc(1): 50.00, Acc(5): 75.00
2023-06-19 16:40:06,547 - AUGCON - INFO - Epoch [11/50]-(20/22) Loss: 0.7312, Acc(1): 100.00, Acc(5): 100.00
2023-06-19 16:40:06,547 - AUGCON - INFO - 	Validation Loss: 1.0919, Acc(1): 69.00, Acc(5): 93.00, F1: 0.14, Recall: 0.14, Precision: 0.15
2023-06-19 16:40:06,547 - AUGCON - INFO - Epoch [12/50]-(0/22) Loss: 1.2368, Acc(1): 50.00, Acc(5): 100.00
2023-06-19 16:40:06,547 - AUGCON - INFO - Epoch [12/50]-(5/22) Loss: 0.5807, Acc(1): 100.00, Acc(5): 100.00
2023-06-19 16:40:06,547 - AUGCON - INFO - Epoch [12/50]-(10/22) Loss: 0.9337, Acc(1): 50.00, Acc(5): 100.00
2023-06-19 16:40:06,547 - AUGCON - INFO - Epoch [12/50]-(15/22) Loss: 0.7039, Acc(1): 100.00, Acc(5): 100.00
2023-06-19 16:40:06,547 - AUGCON - INFO - Epoch [12/50]-(20/22) Loss: 0.5822, Acc(1): 100.00, Acc(5): 100.00
2023-06-19 16:40:06,547 - AUGCON - INFO - 	Validation Loss: 1.0473, Acc(1): 76.00, Acc(5): 95.00, F1: 0.16, Recall: 0.15, Precision: 0.16
2023-06-19 16:40:06,547 - AUGCON - INFO - Epoch [13/50]-(0/22) Loss: 0.8272, Acc(1): 100.00, Acc(5): 100.00
2023-06-19 16:40:06,548 - AUGCON - INFO - Epoch [13/50]-(5/22) Loss: 0.6207, Acc(1): 100.00, Acc(5): 100.00
2023-06-19 16:40:06,548 - AUGCON - INFO - Epoch [13/50]-(10/22) Loss: 1.0242, Acc(1): 75.00, Acc(5): 100.00
2023-06-19 16:40:06,548 - AUGCON - INFO - Epoch [13/50]-(15/22) Loss: 0.5436, Acc(1): 100.00, Acc(5): 100.00
2023-06-19 16:40:06,548 - AUGCON - INFO - Epoch [13/50]-(20/22) Loss: 0.6035, Acc(1): 100.00, Acc(5): 100.00
2023-06-19 16:40:06,548 - AUGCON - INFO - 	Validation Loss: 1.0383, Acc(1): 74.00, Acc(5): 92.00, F1: 0.15, Recall: 0.15, Precision: 0.15
2023-06-19 16:40:06,548 - AUGCON - INFO - Epoch [14/50]-(0/22) Loss: 0.8403, Acc(1): 75.00, Acc(5): 100.00
2023-06-19 16:40:06,548 - AUGCON - INFO - Epoch [14/50]-(5/22) Loss: 0.5166, Acc(1): 100.00, Acc(5): 100.00
2023-06-19 16:40:06,548 - AUGCON - INFO - Epoch [14/50]-(10/22) Loss: 0.8071, Acc(1): 50.00, Acc(5): 100.00
2023-06-19 16:40:06,548 - AUGCON - INFO - Epoch [14/50]-(15/22) Loss: 0.7030, Acc(1): 75.00, Acc(5): 100.00
2023-06-19 16:40:06,548 - AUGCON - INFO - Epoch [14/50]-(20/22) Loss: 0.8569, Acc(1): 75.00, Acc(5): 100.00
2023-06-19 16:40:06,548 - AUGCON - INFO - 	Validation Loss: 1.0085, Acc(1): 78.00, Acc(5): 93.00, F1: 0.16, Recall: 0.16, Precision: 0.16
2023-06-19 16:40:06,549 - AUGCON - INFO - Epoch [15/50]-(0/22) Loss: 0.4786, Acc(1): 100.00, Acc(5): 100.00
2023-06-19 16:40:06,549 - AUGCON - INFO - Epoch [15/50]-(5/22) Loss: 1.2654, Acc(1): 75.00, Acc(5): 100.00
2023-06-19 16:40:06,549 - AUGCON - INFO - Epoch [15/50]-(10/22) Loss: 0.3363, Acc(1): 100.00, Acc(5): 100.00
2023-06-19 16:40:06,549 - AUGCON - INFO - Epoch [15/50]-(15/22) Loss: 1.5026, Acc(1): 25.00, Acc(5): 100.00
2023-06-19 16:40:06,549 - AUGCON - INFO - Epoch [15/50]-(20/22) Loss: 0.6767, Acc(1): 100.00, Acc(5): 100.00
2023-06-19 16:40:06,549 - AUGCON - INFO - 	Validation Loss: 0.9983, Acc(1): 78.00, Acc(5): 94.00, F1: 0.16, Recall: 0.15, Precision: 0.16
2023-06-19 16:40:06,549 - AUGCON - INFO - Epoch [16/50]-(0/22) Loss: 0.5469, Acc(1): 100.00, Acc(5): 100.00
2023-06-19 16:40:06,549 - AUGCON - INFO - Epoch [16/50]-(5/22) Loss: 0.2317, Acc(1): 100.00, Acc(5): 100.00
2023-06-19 16:40:06,549 - AUGCON - INFO - Epoch [16/50]-(10/22) Loss: 1.0009, Acc(1): 75.00, Acc(5): 100.00
2023-06-19 16:40:06,549 - AUGCON - INFO - Epoch [16/50]-(15/22) Loss: 0.9173, Acc(1): 75.00, Acc(5): 100.00
2023-06-19 16:40:06,549 - AUGCON - INFO - Epoch [16/50]-(20/22) Loss: 1.4345, Acc(1): 50.00, Acc(5): 100.00
2023-06-19 16:40:06,549 - AUGCON - INFO - 	Validation Loss: 1.0410, Acc(1): 71.00, Acc(5): 93.00, F1: 0.15, Recall: 0.14, Precision: 0.17
2023-06-19 16:40:06,550 - AUGCON - INFO - Epoch [17/50]-(0/22) Loss: 1.1018, Acc(1): 50.00, Acc(5): 100.00
2023-06-19 16:40:06,550 - AUGCON - INFO - Epoch [17/50]-(5/22) Loss: 0.5605, Acc(1): 100.00, Acc(5): 100.00
2023-06-19 16:40:06,550 - AUGCON - INFO - Epoch [17/50]-(10/22) Loss: 0.6648, Acc(1): 75.00, Acc(5): 100.00
2023-06-19 16:40:06,550 - AUGCON - INFO - Epoch [17/50]-(15/22) Loss: 1.1797, Acc(1): 50.00, Acc(5): 100.00
2023-06-19 16:40:06,550 - AUGCON - INFO - Epoch [17/50]-(20/22) Loss: 0.8831, Acc(1): 75.00, Acc(5): 100.00
2023-06-19 16:40:06,550 - AUGCON - INFO - 	Validation Loss: 0.9714, Acc(1): 77.00, Acc(5): 93.00, F1: 0.16, Recall: 0.16, Precision: 0.16
2023-06-19 16:40:06,550 - AUGCON - INFO - Epoch [18/50]-(0/22) Loss: 0.6985, Acc(1): 75.00, Acc(5): 100.00
2023-06-19 16:40:06,550 - AUGCON - INFO - Epoch [18/50]-(5/22) Loss: 0.3961, Acc(1): 100.00, Acc(5): 100.00
2023-06-19 16:40:06,550 - AUGCON - INFO - Epoch [18/50]-(10/22) Loss: 2.1297, Acc(1): 25.00, Acc(5): 100.00
2023-06-19 16:40:06,550 - AUGCON - INFO - Epoch [18/50]-(15/22) Loss: 0.7576, Acc(1): 75.00, Acc(5): 100.00
2023-06-19 16:40:06,550 - AUGCON - INFO - Epoch [18/50]-(20/22) Loss: 0.8902, Acc(1): 75.00, Acc(5): 100.00
2023-06-19 16:40:06,550 - AUGCON - INFO - 	Validation Loss: 0.9859, Acc(1): 79.00, Acc(5): 93.00, F1: 0.16, Recall: 0.16, Precision: 0.17
2023-06-19 16:40:06,551 - AUGCON - INFO - Epoch [19/50]-(0/22) Loss: 0.6364, Acc(1): 100.00, Acc(5): 100.00
2023-06-19 16:40:06,551 - AUGCON - INFO - Epoch [19/50]-(5/22) Loss: 0.5108, Acc(1): 100.00, Acc(5): 100.00
2023-06-19 16:40:06,551 - AUGCON - INFO - Epoch [19/50]-(10/22) Loss: 0.7355, Acc(1): 50.00, Acc(5): 100.00
2023-06-19 16:40:06,551 - AUGCON - INFO - Epoch [19/50]-(15/22) Loss: 0.4244, Acc(1): 100.00, Acc(5): 100.00
2023-06-19 16:40:06,551 - AUGCON - INFO - Epoch [19/50]-(20/22) Loss: 0.6138, Acc(1): 100.00, Acc(5): 100.00
2023-06-19 16:40:06,551 - AUGCON - INFO - 	Validation Loss: 0.9543, Acc(1): 76.00, Acc(5): 93.00, F1: 0.15, Recall: 0.15, Precision: 0.15
2023-06-19 16:40:06,551 - AUGCON - INFO - Epoch [20/50]-(0/22) Loss: 0.6480, Acc(1): 75.00, Acc(5): 100.00
2023-06-19 16:40:06,551 - AUGCON - INFO - Epoch [20/50]-(5/22) Loss: 0.6941, Acc(1): 75.00, Acc(5): 100.00
2023-06-19 16:40:06,551 - AUGCON - INFO - Epoch [20/50]-(10/22) Loss: 0.9019, Acc(1): 75.00, Acc(5): 100.00
2023-06-19 16:40:06,551 - AUGCON - INFO - Epoch [20/50]-(15/22) Loss: 0.9039, Acc(1): 75.00, Acc(5): 100.00
2023-06-19 16:40:06,551 - AUGCON - INFO - Epoch [20/50]-(20/22) Loss: 0.5712, Acc(1): 75.00, Acc(5): 100.00
2023-06-19 16:40:06,551 - AUGCON - INFO - 	Validation Loss: 0.9792, Acc(1): 75.00, Acc(5): 93.00, F1: 0.15, Recall: 0.15, Precision: 0.16
2023-06-19 16:40:06,552 - AUGCON - INFO - Epoch [21/50]-(0/22) Loss: 0.4737, Acc(1): 100.00, Acc(5): 100.00
2023-06-19 16:40:06,552 - AUGCON - INFO - Epoch [21/50]-(5/22) Loss: 0.6424, Acc(1): 75.00, Acc(5): 100.00
2023-06-19 16:40:06,552 - AUGCON - INFO - Epoch [21/50]-(10/22) Loss: 0.7312, Acc(1): 75.00, Acc(5): 100.00
2023-06-19 16:40:06,552 - AUGCON - INFO - Epoch [21/50]-(15/22) Loss: 0.7040, Acc(1): 75.00, Acc(5): 100.00
2023-06-19 16:40:06,552 - AUGCON - INFO - Epoch [21/50]-(20/22) Loss: 0.2328, Acc(1): 100.00, Acc(5): 100.00
2023-06-19 16:40:06,552 - AUGCON - INFO - 	Validation Loss: 0.9547, Acc(1): 76.00, Acc(5): 94.00, F1: 0.16, Recall: 0.15, Precision: 0.16
2023-06-19 16:40:06,552 - AUGCON - INFO - Epoch [22/50]-(0/22) Loss: 1.0792, Acc(1): 75.00, Acc(5): 100.00
2023-06-19 16:40:06,552 - AUGCON - INFO - Epoch [22/50]-(5/22) Loss: 0.5212, Acc(1): 100.00, Acc(5): 100.00
2023-06-19 16:40:06,552 - AUGCON - INFO - Epoch [22/50]-(10/22) Loss: 1.5442, Acc(1): 25.00, Acc(5): 100.00
2023-06-19 16:40:06,552 - AUGCON - INFO - Epoch [22/50]-(15/22) Loss: 1.0213, Acc(1): 25.00, Acc(5): 100.00
2023-06-19 16:40:06,553 - AUGCON - INFO - Epoch [22/50]-(20/22) Loss: 0.7058, Acc(1): 100.00, Acc(5): 100.00
2023-06-19 16:40:06,553 - AUGCON - INFO - 	Validation Loss: 0.9574, Acc(1): 79.00, Acc(5): 93.00, F1: 0.16, Recall: 0.16, Precision: 0.16
2023-06-19 16:40:06,553 - AUGCON - INFO - Epoch [23/50]-(0/22) Loss: 0.3911, Acc(1): 100.00, Acc(5): 100.00
2023-06-19 16:40:06,553 - AUGCON - INFO - Epoch [23/50]-(5/22) Loss: 0.5145, Acc(1): 75.00, Acc(5): 100.00
2023-06-19 16:40:06,553 - AUGCON - INFO - Epoch [23/50]-(10/22) Loss: 0.7664, Acc(1): 50.00, Acc(5): 100.00
2023-06-19 16:40:06,553 - AUGCON - INFO - Epoch [23/50]-(15/22) Loss: 0.7276, Acc(1): 75.00, Acc(5): 100.00
2023-06-19 16:40:06,554 - AUGCON - INFO - Epoch [23/50]-(20/22) Loss: 0.5340, Acc(1): 75.00, Acc(5): 100.00
2023-06-19 16:40:06,554 - AUGCON - INFO - 	Validation Loss: 0.9841, Acc(1): 72.00, Acc(5): 93.00, F1: 0.14, Recall: 0.15, Precision: 0.14
2023-06-19 16:40:06,554 - AUGCON - INFO - Epoch [24/50]-(0/22) Loss: 0.3976, Acc(1): 100.00, Acc(5): 100.00
2023-06-19 16:40:06,554 - AUGCON - INFO - Epoch [24/50]-(5/22) Loss: 1.0767, Acc(1): 75.00, Acc(5): 100.00
2023-06-19 16:40:06,554 - AUGCON - INFO - Epoch [24/50]-(10/22) Loss: 0.4010, Acc(1): 100.00, Acc(5): 100.00
2023-06-19 16:40:06,554 - AUGCON - INFO - Epoch [24/50]-(15/22) Loss: 1.1203, Acc(1): 50.00, Acc(5): 100.00
2023-06-19 16:40:06,554 - AUGCON - INFO - Epoch [24/50]-(20/22) Loss: 0.4430, Acc(1): 100.00, Acc(5): 100.00
2023-06-19 16:40:06,554 - AUGCON - INFO - 	Validation Loss: 0.9432, Acc(1): 80.00, Acc(5): 93.00, F1: 0.16, Recall: 0.16, Precision: 0.16
2023-06-19 16:40:06,554 - AUGCON - INFO - Epoch [25/50]-(0/22) Loss: 0.3313, Acc(1): 100.00, Acc(5): 100.00
2023-06-19 16:40:06,554 - AUGCON - INFO - Epoch [25/50]-(5/22) Loss: 1.1373, Acc(1): 75.00, Acc(5): 100.00
2023-06-19 16:40:06,554 - AUGCON - INFO - Epoch [25/50]-(10/22) Loss: 0.4425, Acc(1): 100.00, Acc(5): 100.00
2023-06-19 16:40:06,554 - AUGCON - INFO - Epoch [25/50]-(15/22) Loss: 1.4169, Acc(1): 50.00, Acc(5): 100.00
2023-06-19 16:40:06,555 - AUGCON - INFO - Epoch [25/50]-(20/22) Loss: 0.7313, Acc(1): 75.00, Acc(5): 100.00
2023-06-19 16:40:06,555 - AUGCON - INFO - 	Validation Loss: 0.9731, Acc(1): 79.00, Acc(5): 93.00, F1: 0.16, Recall: 0.16, Precision: 0.17
2023-06-19 16:40:06,555 - AUGCON - INFO - Epoch [26/50]-(0/22) Loss: 0.7587, Acc(1): 50.00, Acc(5): 100.00
2023-06-19 16:40:06,555 - AUGCON - INFO - Epoch [26/50]-(5/22) Loss: 0.5931, Acc(1): 75.00, Acc(5): 100.00
2023-06-19 16:40:06,555 - AUGCON - INFO - Epoch [26/50]-(10/22) Loss: 0.8754, Acc(1): 75.00, Acc(5): 100.00
2023-06-19 16:40:06,555 - AUGCON - INFO - Epoch [26/50]-(15/22) Loss: 0.1540, Acc(1): 100.00, Acc(5): 100.00
2023-06-19 16:40:06,555 - AUGCON - INFO - Epoch [26/50]-(20/22) Loss: 0.5674, Acc(1): 100.00, Acc(5): 100.00
2023-06-19 16:40:06,555 - AUGCON - INFO - 	Validation Loss: 0.9772, Acc(1): 77.00, Acc(5): 93.00, F1: 0.15, Recall: 0.15, Precision: 0.16
2023-06-19 16:40:06,555 - AUGCON - INFO - Epoch [27/50]-(0/22) Loss: 1.1635, Acc(1): 75.00, Acc(5): 100.00
2023-06-19 16:40:06,555 - AUGCON - INFO - Epoch [27/50]-(5/22) Loss: 0.5005, Acc(1): 75.00, Acc(5): 100.00
2023-06-19 16:40:06,555 - AUGCON - INFO - Epoch [27/50]-(10/22) Loss: 0.5254, Acc(1): 100.00, Acc(5): 100.00
2023-06-19 16:40:06,555 - AUGCON - INFO - Epoch [27/50]-(15/22) Loss: 0.2331, Acc(1): 100.00, Acc(5): 100.00
2023-06-19 16:40:06,555 - AUGCON - INFO - Epoch [27/50]-(20/22) Loss: 0.9774, Acc(1): 50.00, Acc(5): 100.00
2023-06-19 16:40:06,555 - AUGCON - INFO - 	Validation Loss: 0.9256, Acc(1): 82.00, Acc(5): 93.00, F1: 0.16, Recall: 0.16, Precision: 0.16
2023-06-19 16:40:06,555 - AUGCON - INFO - Epoch [28/50]-(0/22) Loss: 0.6810, Acc(1): 75.00, Acc(5): 100.00
2023-06-19 16:40:06,555 - AUGCON - INFO - Epoch [28/50]-(5/22) Loss: 1.1301, Acc(1): 50.00, Acc(5): 100.00
2023-06-19 16:40:06,555 - AUGCON - INFO - Epoch [28/50]-(10/22) Loss: 1.2255, Acc(1): 50.00, Acc(5): 100.00
2023-06-19 16:40:06,556 - AUGCON - INFO - Epoch [28/50]-(15/22) Loss: 0.3905, Acc(1): 100.00, Acc(5): 100.00
2023-06-19 16:40:06,556 - AUGCON - INFO - Epoch [28/50]-(20/22) Loss: 0.9253, Acc(1): 75.00, Acc(5): 100.00
2023-06-19 16:40:06,556 - AUGCON - INFO - 	Validation Loss: 0.9437, Acc(1): 73.00, Acc(5): 93.00, F1: 0.14, Recall: 0.15, Precision: 0.14
2023-06-19 16:40:06,556 - AUGCON - INFO - Epoch [29/50]-(0/22) Loss: 0.5820, Acc(1): 75.00, Acc(5): 100.00
2023-06-19 16:40:06,556 - AUGCON - INFO - Epoch [29/50]-(5/22) Loss: 0.5483, Acc(1): 100.00, Acc(5): 100.00
2023-06-19 16:40:06,556 - AUGCON - INFO - Epoch [29/50]-(10/22) Loss: 1.0263, Acc(1): 75.00, Acc(5): 100.00
2023-06-19 16:40:06,556 - AUGCON - INFO - Epoch [29/50]-(15/22) Loss: 0.4644, Acc(1): 100.00, Acc(5): 100.00
2023-06-19 16:40:06,556 - AUGCON - INFO - Epoch [29/50]-(20/22) Loss: 0.5573, Acc(1): 75.00, Acc(5): 100.00
2023-06-19 16:40:06,556 - AUGCON - INFO - 	Validation Loss: 0.9276, Acc(1): 80.00, Acc(5): 94.00, F1: 0.16, Recall: 0.16, Precision: 0.16
2023-06-19 16:40:06,556 - AUGCON - INFO - Epoch [30/50]-(0/22) Loss: 0.4408, Acc(1): 100.00, Acc(5): 100.00
2023-06-19 16:40:06,556 - AUGCON - INFO - Epoch [30/50]-(5/22) Loss: 0.5771, Acc(1): 75.00, Acc(5): 100.00
2023-06-19 16:40:06,556 - AUGCON - INFO - Epoch [30/50]-(10/22) Loss: 0.7637, Acc(1): 75.00, Acc(5): 100.00
2023-06-19 16:40:06,556 - AUGCON - INFO - Epoch [30/50]-(15/22) Loss: 0.5299, Acc(1): 100.00, Acc(5): 100.00
2023-06-19 16:40:06,556 - AUGCON - INFO - Epoch [30/50]-(20/22) Loss: 0.5706, Acc(1): 75.00, Acc(5): 100.00
2023-06-19 16:40:06,556 - AUGCON - INFO - 	Validation Loss: 0.9179, Acc(1): 77.00, Acc(5): 93.00, F1: 0.16, Recall: 0.15, Precision: 0.16
2023-06-19 16:40:06,556 - AUGCON - INFO - Epoch [31/50]-(0/22) Loss: 1.0794, Acc(1): 50.00, Acc(5): 100.00
2023-06-19 16:40:06,557 - AUGCON - INFO - Epoch [31/50]-(5/22) Loss: 0.5967, Acc(1): 75.00, Acc(5): 100.00
2023-06-19 16:40:06,557 - AUGCON - INFO - Epoch [31/50]-(10/22) Loss: 0.7642, Acc(1): 75.00, Acc(5): 100.00
2023-06-19 16:40:06,557 - AUGCON - INFO - Epoch [31/50]-(15/22) Loss: 0.8444, Acc(1): 75.00, Acc(5): 100.00
2023-06-19 16:40:06,557 - AUGCON - INFO - Epoch [31/50]-(20/22) Loss: 0.4872, Acc(1): 100.00, Acc(5): 100.00
2023-06-19 16:40:06,557 - AUGCON - INFO - 	Validation Loss: 0.9679, Acc(1): 75.00, Acc(5): 93.00, F1: 0.15, Recall: 0.15, Precision: 0.15
2023-06-19 16:40:06,557 - AUGCON - INFO - Epoch [32/50]-(0/22) Loss: 0.1746, Acc(1): 100.00, Acc(5): 100.00
2023-06-19 16:40:06,557 - AUGCON - INFO - Epoch [32/50]-(5/22) Loss: 0.3310, Acc(1): 100.00, Acc(5): 100.00
2023-06-19 16:40:06,557 - AUGCON - INFO - Epoch [32/50]-(10/22) Loss: 0.2061, Acc(1): 100.00, Acc(5): 100.00
2023-06-19 16:40:06,557 - AUGCON - INFO - Epoch [32/50]-(15/22) Loss: 0.2568, Acc(1): 100.00, Acc(5): 100.00
2023-06-19 16:40:06,557 - AUGCON - INFO - Epoch [32/50]-(20/22) Loss: 1.1789, Acc(1): 75.00, Acc(5): 100.00
2023-06-19 16:40:06,557 - AUGCON - INFO - 	Validation Loss: 0.9488, Acc(1): 75.00, Acc(5): 93.00, F1: 0.15, Recall: 0.16, Precision: 0.15
2023-06-19 16:40:06,557 - AUGCON - INFO - Epoch [33/50]-(0/22) Loss: 0.4688, Acc(1): 100.00, Acc(5): 100.00
2023-06-19 16:40:06,557 - AUGCON - INFO - Epoch [33/50]-(5/22) Loss: 0.9940, Acc(1): 75.00, Acc(5): 100.00
2023-06-19 16:40:06,557 - AUGCON - INFO - Epoch [33/50]-(10/22) Loss: 1.2374, Acc(1): 50.00, Acc(5): 100.00
2023-06-19 16:40:06,557 - AUGCON - INFO - Epoch [33/50]-(15/22) Loss: 1.0771, Acc(1): 50.00, Acc(5): 100.00
2023-06-19 16:40:06,557 - AUGCON - INFO - Epoch [33/50]-(20/22) Loss: 0.4780, Acc(1): 75.00, Acc(5): 100.00
2023-06-19 16:40:06,558 - AUGCON - INFO - 	Validation Loss: 0.9544, Acc(1): 76.00, Acc(5): 93.00, F1: 0.15, Recall: 0.15, Precision: 0.15
2023-06-19 16:40:06,558 - AUGCON - INFO - Epoch [34/50]-(0/22) Loss: 0.3887, Acc(1): 100.00, Acc(5): 100.00
2023-06-19 16:40:06,558 - AUGCON - INFO - Epoch [34/50]-(5/22) Loss: 0.4132, Acc(1): 100.00, Acc(5): 100.00
2023-06-19 16:40:06,558 - AUGCON - INFO - Epoch [34/50]-(10/22) Loss: 0.4112, Acc(1): 75.00, Acc(5): 100.00
2023-06-19 16:40:06,558 - AUGCON - INFO - Epoch [34/50]-(15/22) Loss: 1.3162, Acc(1): 50.00, Acc(5): 100.00
2023-06-19 16:40:06,558 - AUGCON - INFO - Epoch [34/50]-(20/22) Loss: 0.6466, Acc(1): 75.00, Acc(5): 100.00
2023-06-19 16:40:06,558 - AUGCON - INFO - 	Validation Loss: 0.9579, Acc(1): 76.00, Acc(5): 93.00, F1: 0.15, Recall: 0.15, Precision: 0.15
2023-06-19 16:40:06,558 - AUGCON - INFO - Epoch [35/50]-(0/22) Loss: 1.1824, Acc(1): 50.00, Acc(5): 100.00
2023-06-19 16:40:06,558 - AUGCON - INFO - Epoch [35/50]-(5/22) Loss: 0.3901, Acc(1): 100.00, Acc(5): 100.00
2023-06-19 16:40:06,558 - AUGCON - INFO - Epoch [35/50]-(10/22) Loss: 0.2757, Acc(1): 100.00, Acc(5): 100.00
2023-06-19 16:40:06,558 - AUGCON - INFO - Epoch [35/50]-(15/22) Loss: 0.6238, Acc(1): 100.00, Acc(5): 100.00
2023-06-19 16:40:06,558 - AUGCON - INFO - Epoch [35/50]-(20/22) Loss: 0.3458, Acc(1): 100.00, Acc(5): 100.00
2023-06-19 16:40:06,558 - AUGCON - INFO - 	Validation Loss: 0.9567, Acc(1): 77.00, Acc(5): 93.00, F1: 0.16, Recall: 0.15, Precision: 0.16
2023-06-19 16:40:06,558 - AUGCON - INFO - Epoch [36/50]-(0/22) Loss: 0.3723, Acc(1): 100.00, Acc(5): 100.00
2023-06-19 16:40:06,558 - AUGCON - INFO - Epoch [36/50]-(5/22) Loss: 0.5276, Acc(1): 75.00, Acc(5): 100.00
2023-06-19 16:40:06,558 - AUGCON - INFO - Epoch [36/50]-(10/22) Loss: 1.1129, Acc(1): 75.00, Acc(5): 100.00
2023-06-19 16:40:06,558 - AUGCON - INFO - Epoch [36/50]-(15/22) Loss: 1.0476, Acc(1): 50.00, Acc(5): 100.00
2023-06-19 16:40:06,559 - AUGCON - INFO - Epoch [36/50]-(20/22) Loss: 0.2906, Acc(1): 100.00, Acc(5): 100.00
2023-06-19 16:40:06,559 - AUGCON - INFO - 	Validation Loss: 0.9243, Acc(1): 78.00, Acc(5): 93.00, F1: 0.16, Recall: 0.15, Precision: 0.16
2023-06-19 16:40:06,559 - AUGCON - INFO - Epoch [37/50]-(0/22) Loss: 0.2157, Acc(1): 100.00, Acc(5): 100.00
2023-06-19 16:40:06,559 - AUGCON - INFO - Epoch [37/50]-(5/22) Loss: 0.5507, Acc(1): 75.00, Acc(5): 100.00
2023-06-19 16:40:06,559 - AUGCON - INFO - Epoch [37/50]-(10/22) Loss: 0.7171, Acc(1): 75.00, Acc(5): 100.00
2023-06-19 16:40:06,559 - AUGCON - INFO - Epoch [37/50]-(15/22) Loss: 0.2905, Acc(1): 100.00, Acc(5): 100.00
2023-06-19 16:40:06,559 - AUGCON - INFO - Epoch [37/50]-(20/22) Loss: 1.4595, Acc(1): 50.00, Acc(5): 100.00
2023-06-19 16:40:06,559 - AUGCON - INFO - 	Validation Loss: 0.9310, Acc(1): 76.00, Acc(5): 93.00, F1: 0.15, Recall: 0.15, Precision: 0.14
2023-06-19 16:40:06,559 - AUGCON - INFO - Epoch [38/50]-(0/22) Loss: 0.3457, Acc(1): 100.00, Acc(5): 100.00
2023-06-19 16:40:06,559 - AUGCON - INFO - Epoch [38/50]-(5/22) Loss: 0.4110, Acc(1): 75.00, Acc(5): 100.00
2023-06-19 16:40:06,559 - AUGCON - INFO - Epoch [38/50]-(10/22) Loss: 0.7700, Acc(1): 75.00, Acc(5): 100.00
2023-06-19 16:40:06,559 - AUGCON - INFO - Epoch [38/50]-(15/22) Loss: 0.7435, Acc(1): 75.00, Acc(5): 100.00
2023-06-19 16:40:06,559 - AUGCON - INFO - Epoch [38/50]-(20/22) Loss: 0.2578, Acc(1): 100.00, Acc(5): 100.00
2023-06-19 16:40:06,559 - AUGCON - INFO - 	Validation Loss: 0.9382, Acc(1): 78.00, Acc(5): 93.00, F1: 0.16, Recall: 0.15, Precision: 0.16
2023-06-19 16:40:06,559 - AUGCON - INFO - Epoch [39/50]-(0/22) Loss: 0.5123, Acc(1): 100.00, Acc(5): 100.00
2023-06-19 16:40:06,559 - AUGCON - INFO - Epoch [39/50]-(5/22) Loss: 0.3529, Acc(1): 75.00, Acc(5): 100.00
2023-06-19 16:40:06,560 - AUGCON - INFO - Epoch [39/50]-(10/22) Loss: 0.5563, Acc(1): 75.00, Acc(5): 100.00
2023-06-19 16:40:06,560 - AUGCON - INFO - Epoch [39/50]-(15/22) Loss: 0.4125, Acc(1): 75.00, Acc(5): 100.00
2023-06-19 16:40:06,560 - AUGCON - INFO - Epoch [39/50]-(20/22) Loss: 0.6029, Acc(1): 100.00, Acc(5): 100.00
2023-06-19 16:40:06,560 - AUGCON - INFO - 	Validation Loss: 0.9248, Acc(1): 75.00, Acc(5): 94.00, F1: 0.15, Recall: 0.15, Precision: 0.15
2023-06-19 16:40:06,560 - AUGCON - INFO - Epoch [40/50]-(0/22) Loss: 0.2215, Acc(1): 100.00, Acc(5): 100.00
2023-06-19 16:40:06,560 - AUGCON - INFO - Epoch [40/50]-(5/22) Loss: 0.4153, Acc(1): 100.00, Acc(5): 100.00
2023-06-19 16:40:06,560 - AUGCON - INFO - Epoch [40/50]-(10/22) Loss: 0.6949, Acc(1): 75.00, Acc(5): 100.00
2023-06-19 16:40:06,560 - AUGCON - INFO - Epoch [40/50]-(15/22) Loss: 0.4381, Acc(1): 100.00, Acc(5): 100.00
2023-06-19 16:40:06,560 - AUGCON - INFO - Epoch [40/50]-(20/22) Loss: 0.7156, Acc(1): 75.00, Acc(5): 100.00
2023-06-19 16:40:06,560 - AUGCON - INFO - 	Validation Loss: 0.9386, Acc(1): 78.00, Acc(5): 93.00, F1: 0.16, Recall: 0.16, Precision: 0.15
2023-06-19 16:40:06,560 - AUGCON - INFO - Epoch [41/50]-(0/22) Loss: 0.3864, Acc(1): 100.00, Acc(5): 100.00
2023-06-19 16:40:06,560 - AUGCON - INFO - Epoch [41/50]-(5/22) Loss: 0.2914, Acc(1): 100.00, Acc(5): 100.00
2023-06-19 16:40:06,561 - AUGCON - INFO - Epoch [41/50]-(10/22) Loss: 0.4685, Acc(1): 75.00, Acc(5): 100.00
2023-06-19 16:40:06,561 - AUGCON - INFO - Epoch [41/50]-(15/22) Loss: 0.5149, Acc(1): 75.00, Acc(5): 100.00
2023-06-19 16:40:06,561 - AUGCON - INFO - Epoch [41/50]-(20/22) Loss: 0.8683, Acc(1): 75.00, Acc(5): 100.00
2023-06-19 16:40:06,561 - AUGCON - INFO - 	Validation Loss: 0.9277, Acc(1): 77.00, Acc(5): 94.00, F1: 0.15, Recall: 0.15, Precision: 0.15
2023-06-19 16:40:06,561 - AUGCON - INFO - Epoch [42/50]-(0/22) Loss: 1.2767, Acc(1): 50.00, Acc(5): 100.00
2023-06-19 16:40:06,561 - AUGCON - INFO - Epoch [42/50]-(5/22) Loss: 0.2241, Acc(1): 100.00, Acc(5): 100.00
2023-06-19 16:40:06,561 - AUGCON - INFO - Epoch [42/50]-(10/22) Loss: 1.0965, Acc(1): 50.00, Acc(5): 100.00
2023-06-19 16:40:06,562 - AUGCON - INFO - Epoch [42/50]-(15/22) Loss: 0.3940, Acc(1): 100.00, Acc(5): 100.00
2023-06-19 16:40:06,562 - AUGCON - INFO - Epoch [42/50]-(20/22) Loss: 0.3324, Acc(1): 75.00, Acc(5): 100.00
2023-06-19 16:40:06,562 - AUGCON - INFO - 	Validation Loss: 0.9219, Acc(1): 76.00, Acc(5): 93.00, F1: 0.15, Recall: 0.15, Precision: 0.15
2023-06-19 16:40:06,562 - AUGCON - INFO - Epoch [43/50]-(0/22) Loss: 0.2657, Acc(1): 100.00, Acc(5): 100.00
2023-06-19 16:40:06,562 - AUGCON - INFO - Epoch [43/50]-(5/22) Loss: 0.2393, Acc(1): 100.00, Acc(5): 100.00
2023-06-19 16:40:06,562 - AUGCON - INFO - Epoch [43/50]-(10/22) Loss: 0.6187, Acc(1): 75.00, Acc(5): 100.00
2023-06-19 16:40:06,562 - AUGCON - INFO - Epoch [43/50]-(15/22) Loss: 0.6994, Acc(1): 75.00, Acc(5): 100.00
2023-06-19 16:40:06,562 - AUGCON - INFO - Epoch [43/50]-(20/22) Loss: 0.3884, Acc(1): 75.00, Acc(5): 100.00
2023-06-19 16:40:06,562 - AUGCON - INFO - 	Validation Loss: 0.9269, Acc(1): 78.00, Acc(5): 94.00, F1: 0.16, Recall: 0.15, Precision: 0.16
2023-06-19 16:40:06,562 - AUGCON - INFO - Epoch [44/50]-(0/22) Loss: 0.2466, Acc(1): 100.00, Acc(5): 100.00
2023-06-19 16:40:06,562 - AUGCON - INFO - Epoch [44/50]-(5/22) Loss: 0.5979, Acc(1): 75.00, Acc(5): 100.00
2023-06-19 16:40:06,563 - AUGCON - INFO - Epoch [44/50]-(10/22) Loss: 0.7266, Acc(1): 75.00, Acc(5): 100.00
2023-06-19 16:40:06,563 - AUGCON - INFO - Epoch [44/50]-(15/22) Loss: 0.4186, Acc(1): 100.00, Acc(5): 100.00
2023-06-19 16:40:06,563 - AUGCON - INFO - Epoch [44/50]-(20/22) Loss: 0.5130, Acc(1): 75.00, Acc(5): 100.00
2023-06-19 16:40:06,563 - AUGCON - INFO - 	Validation Loss: 0.9364, Acc(1): 77.00, Acc(5): 93.00, F1: 0.15, Recall: 0.15, Precision: 0.15
2023-06-19 16:40:06,563 - AUGCON - INFO - Epoch [45/50]-(0/22) Loss: 0.4952, Acc(1): 100.00, Acc(5): 100.00
2023-06-19 16:40:06,563 - AUGCON - INFO - Epoch [45/50]-(5/22) Loss: 1.1982, Acc(1): 50.00, Acc(5): 100.00
2023-06-19 16:40:06,563 - AUGCON - INFO - Epoch [45/50]-(10/22) Loss: 0.1925, Acc(1): 100.00, Acc(5): 100.00
2023-06-19 16:40:06,563 - AUGCON - INFO - Epoch [45/50]-(15/22) Loss: 0.3008, Acc(1): 75.00, Acc(5): 100.00
2023-06-19 16:40:06,563 - AUGCON - INFO - Epoch [45/50]-(20/22) Loss: 0.4169, Acc(1): 100.00, Acc(5): 100.00
2023-06-19 16:40:06,563 - AUGCON - INFO - 	Validation Loss: 0.9552, Acc(1): 75.00, Acc(5): 94.00, F1: 0.15, Recall: 0.15, Precision: 0.15
2023-06-19 16:40:06,563 - AUGCON - INFO - Epoch [46/50]-(0/22) Loss: 0.3283, Acc(1): 100.00, Acc(5): 100.00
2023-06-19 16:40:06,564 - AUGCON - INFO - Epoch [46/50]-(5/22) Loss: 0.1552, Acc(1): 100.00, Acc(5): 100.00
2023-06-19 16:40:06,564 - AUGCON - INFO - Epoch [46/50]-(10/22) Loss: 0.6855, Acc(1): 75.00, Acc(5): 100.00
2023-06-19 16:40:06,564 - AUGCON - INFO - Epoch [46/50]-(15/22) Loss: 0.7010, Acc(1): 50.00, Acc(5): 100.00
2023-06-19 16:40:06,564 - AUGCON - INFO - Epoch [46/50]-(20/22) Loss: 0.4360, Acc(1): 75.00, Acc(5): 100.00
2023-06-19 16:40:06,564 - AUGCON - INFO - 	Validation Loss: 0.9465, Acc(1): 75.00, Acc(5): 93.00, F1: 0.15, Recall: 0.15, Precision: 0.14
2023-06-19 16:40:06,564 - AUGCON - INFO - Epoch [47/50]-(0/22) Loss: 0.5057, Acc(1): 100.00, Acc(5): 100.00
2023-06-19 16:40:06,564 - AUGCON - INFO - Epoch [47/50]-(5/22) Loss: 0.2949, Acc(1): 100.00, Acc(5): 100.00
2023-06-19 16:40:06,564 - AUGCON - INFO - Epoch [47/50]-(10/22) Loss: 0.2756, Acc(1): 100.00, Acc(5): 100.00
2023-06-19 16:40:06,564 - AUGCON - INFO - Epoch [47/50]-(15/22) Loss: 0.9580, Acc(1): 50.00, Acc(5): 100.00
2023-06-19 16:40:06,564 - AUGCON - INFO - Epoch [47/50]-(20/22) Loss: 0.3826, Acc(1): 75.00, Acc(5): 100.00
2023-06-19 16:40:06,564 - AUGCON - INFO - 	Validation Loss: 0.9553, Acc(1): 75.00, Acc(5): 94.00, F1: 0.15, Recall: 0.15, Precision: 0.15
2023-06-19 16:40:06,565 - AUGCON - INFO - Epoch [48/50]-(0/22) Loss: 0.2806, Acc(1): 100.00, Acc(5): 100.00
2023-06-19 16:40:06,565 - AUGCON - INFO - Epoch [48/50]-(5/22) Loss: 0.2750, Acc(1): 100.00, Acc(5): 100.00
2023-06-19 16:40:06,565 - AUGCON - INFO - Epoch [48/50]-(10/22) Loss: 0.3965, Acc(1): 75.00, Acc(5): 100.00
2023-06-19 16:40:06,565 - AUGCON - INFO - Epoch [48/50]-(15/22) Loss: 0.1750, Acc(1): 100.00, Acc(5): 100.00
2023-06-19 16:40:06,565 - AUGCON - INFO - Epoch [48/50]-(20/22) Loss: 0.8902, Acc(1): 75.00, Acc(5): 100.00
2023-06-19 16:40:06,565 - AUGCON - INFO - 	Validation Loss: 0.9283, Acc(1): 77.00, Acc(5): 94.00, F1: 0.15, Recall: 0.15, Precision: 0.15
2023-06-19 16:40:06,565 - AUGCON - INFO - Epoch [49/50]-(0/22) Loss: 0.7453, Acc(1): 75.00, Acc(5): 100.00
2023-06-19 16:40:06,565 - AUGCON - INFO - Epoch [49/50]-(5/22) Loss: 0.9779, Acc(1): 75.00, Acc(5): 100.00
2023-06-19 16:40:06,565 - AUGCON - INFO - Epoch [49/50]-(10/22) Loss: 0.4412, Acc(1): 100.00, Acc(5): 100.00
2023-06-19 16:40:06,566 - AUGCON - INFO - Epoch [49/50]-(15/22) Loss: 0.0405, Acc(1): 100.00, Acc(5): 100.00
2023-06-19 16:40:06,566 - AUGCON - INFO - Epoch [49/50]-(20/22) Loss: 0.6245, Acc(1): 75.00, Acc(5): 100.00
2023-06-19 16:40:06,566 - AUGCON - INFO - 	Validation Loss: 0.9461, Acc(1): 75.00, Acc(5): 95.00, F1: 0.15, Recall: 0.15, Precision: 0.15
2023-06-19 16:40:06,566 - AUGCON - INFO - Epoch [50/50]-(0/22) Loss: 0.5701, Acc(1): 75.00, Acc(5): 100.00
2023-06-19 16:40:06,566 - AUGCON - INFO - Epoch [50/50]-(5/22) Loss: 0.3370, Acc(1): 100.00, Acc(5): 100.00
2023-06-19 16:40:06,566 - AUGCON - INFO - Epoch [50/50]-(10/22) Loss: 0.2232, Acc(1): 100.00, Acc(5): 100.00
2023-06-19 16:40:06,566 - AUGCON - INFO - Epoch [50/50]-(15/22) Loss: 0.3238, Acc(1): 100.00, Acc(5): 100.00
2023-06-19 16:40:06,566 - AUGCON - INFO - Epoch [50/50]-(20/22) Loss: 0.6198, Acc(1): 75.00, Acc(5): 100.00
2023-06-19 16:40:06,566 - AUGCON - INFO - 	Validation Loss: 0.9568, Acc(1): 77.00, Acc(5): 93.00, F1: 0.15, Recall: 0.15, Precision: 0.15
2023-06-19 16:40:06,566 - AUGCON - INFO - 	Validation Loss: 0.8655, Acc(1): 79.67, Acc(5): 97.33, F1: 0.18, Recall: 0.18, Precision: 0.19
