2023-06-19 16:29:38,764 - AUGCON - INFO - logger initialized (/home/hjyoon/projects/augcon/config/exp0/finetune_da_false/without_target_domain_WA0002-bkkim/metacpc_perdomain_8421/tgt_target_domain_WA0002-bkkim_seed0.yaml.log)
2023-06-19 16:29:38,764 - AUGCON - INFO - ================= Config =================
2023-06-19 16:29:38,764 - AUGCON - INFO -   mode: finetune
2023-06-19 16:29:38,764 - AUGCON - INFO -   seed: 0
2023-06-19 16:29:38,764 - AUGCON - INFO -   gpu: [7]
2023-06-19 16:29:38,765 - AUGCON - INFO -   num_workers: 1
2023-06-19 16:29:38,765 - AUGCON - INFO -   dist_url: tcp://localhost:10001
2023-06-19 16:29:38,765 - AUGCON - INFO -   dataset_name: ichar
2023-06-19 16:29:38,765 - AUGCON - INFO -   train_dataset_path: /mnt/sting/hjyoon/projects/cross/ICHAR/augcon/target_domain_WA0002-bkkim/finetune/10shot/target/train.pkl
2023-06-19 16:29:38,765 - AUGCON - INFO -   test_dataset_path: /mnt/sting/hjyoon/projects/cross/ICHAR/augcon/target_domain_WA0002-bkkim/finetune/10shot/target/test.pkl
2023-06-19 16:29:38,765 - AUGCON - INFO -   val_dataset_path: /mnt/sting/hjyoon/projects/cross/ICHAR/augcon/target_domain_WA0002-bkkim/finetune/10shot/target/val.pkl
2023-06-19 16:29:38,765 - AUGCON - INFO -   input_channels: 3
2023-06-19 16:29:38,765 - AUGCON - INFO -   num_cls: 9
2023-06-19 16:29:38,765 - AUGCON - INFO -   optimizer: adam
2023-06-19 16:29:38,765 - AUGCON - INFO -   criterion: crossentropy
2023-06-19 16:29:38,765 - AUGCON - INFO -   start_epoch: 0
2023-06-19 16:29:38,765 - AUGCON - INFO -   epochs: 50
2023-06-19 16:29:38,765 - AUGCON - INFO -   batch_size: 4
2023-06-19 16:29:38,765 - AUGCON - INFO -   lr: 0.001
2023-06-19 16:29:38,765 - AUGCON - INFO -   wd: 0.0
2023-06-19 16:29:38,765 - AUGCON - INFO -   resume: 
2023-06-19 16:29:38,765 - AUGCON - INFO -   pretrained: /mnt/sting/hjyoon/projects/augcontrast/models/exp0/pretrain/without_target_domain_WA0002-bkkim/metacpc_perdomain_8421/checkpoint_0999.pth.tar
2023-06-19 16:29:38,765 - AUGCON - INFO -   ckpt_dir: /mnt/sting/hjyoon/projects/augcontrast/models/exp0/finetune_da_false/without_target_domain_WA0002-bkkim/metacpc_perdomain_8421/tgt_target_domain_WA0002-bkkim_seed0
2023-06-19 16:29:38,765 - AUGCON - INFO -   log_freq: 5
2023-06-19 16:29:38,765 - AUGCON - INFO -   save_freq: 10
2023-06-19 16:29:38,765 - AUGCON - INFO -   pretext: metacpc
2023-06-19 16:29:38,765 - AUGCON - INFO -   enc_blocks: 4
2023-06-19 16:29:38,765 - AUGCON - INFO -   kernel_sizes: [8, 4, 2, 1]
2023-06-19 16:29:38,765 - AUGCON - INFO -   strides: [4, 2, 1, 1]
2023-06-19 16:29:38,765 - AUGCON - INFO -   agg_blocks: 5
2023-06-19 16:29:38,765 - AUGCON - INFO -   z_dim: 256
2023-06-19 16:29:38,765 - AUGCON - INFO -   pooling: mean
2023-06-19 16:29:38,765 - AUGCON - INFO -   pred_steps: 12
2023-06-19 16:29:38,765 - AUGCON - INFO -   n_negatives: 15
2023-06-19 16:29:38,765 - AUGCON - INFO -   offset: 4
2023-06-19 16:29:38,765 - AUGCON - INFO -   domain_adaptation: False
2023-06-19 16:29:38,765 - AUGCON - INFO -   task_steps: 10
2023-06-19 16:29:38,765 - AUGCON - INFO -   task_lr: 0.001
2023-06-19 16:29:38,765 - AUGCON - INFO -   reg_lambda: 0
2023-06-19 16:29:38,765 - AUGCON - INFO -   mlp: False
2023-06-19 16:29:38,765 - AUGCON - INFO -   freeze: True
2023-06-19 16:29:38,765 - AUGCON - INFO -   no_vars: False
2023-06-19 16:29:38,765 - AUGCON - INFO - ==========================================
2023-06-19 16:29:38,765 - AUGCON - INFO - Setting GPUs: [7]
2023-06-19 16:29:38,766 - AUGCON - INFO - GPUs [7] will be used
2023-06-19 16:29:38,766 - AUGCON - WARNING - You have chosen to seed training. 
2023-06-19 16:29:38,766 - AUGCON - WARNING - This will turn on the CUDNN deterministic setting, 
2023-06-19 16:29:38,766 - AUGCON - WARNING - which can slow down your training considerably! 
2023-06-19 16:29:38,766 - AUGCON - WARNING - You may see unexpected behavior when restarting 
2023-06-19 16:29:38,766 - AUGCON - WARNING - from checkpoints.
2023-06-19 16:29:38,812 - AUGCON - INFO - Executing MetaCPC
2023-06-19 16:29:38,814 - AUGCON - INFO - Logs are skipped during training
2023-06-19 16:29:57,252 - AUGCON - INFO - Single GPU is used for training - training 90 instances for each worker
2023-06-19 16:29:57,252 - AUGCON - INFO - Loading pretrained model from checkpoint - /mnt/sting/hjyoon/projects/augcontrast/models/exp0/pretrain/without_target_domain_WA0002-bkkim/metacpc_perdomain_8421/checkpoint_0999.pth.tar
2023-06-19 16:29:57,252 - AUGCON - INFO - Missing keys: []
2023-06-19 16:29:57,252 - AUGCON - INFO - Loading encoder parameters to the classifier
2023-06-19 16:29:57,252 - AUGCON - INFO - Missing keys: ['classifier.block.0.weight', 'classifier.block.0.bias']
2023-06-19 16:29:57,253 - AUGCON - INFO - Epoch [1/50]-(0/22) Loss: 2.3951, Acc(1): 25.00, Acc(5): 25.00
2023-06-19 16:29:57,253 - AUGCON - INFO - Epoch [1/50]-(5/22) Loss: 1.9712, Acc(1): 25.00, Acc(5): 75.00
2023-06-19 16:29:57,253 - AUGCON - INFO - Epoch [1/50]-(10/22) Loss: 2.7842, Acc(1): 0.00, Acc(5): 25.00
2023-06-19 16:29:57,253 - AUGCON - INFO - Epoch [1/50]-(15/22) Loss: 2.6487, Acc(1): 25.00, Acc(5): 50.00
2023-06-19 16:29:57,253 - AUGCON - INFO - Epoch [1/50]-(20/22) Loss: 2.6899, Acc(1): 0.00, Acc(5): 0.00
2023-06-19 16:29:57,253 - AUGCON - INFO - 	Validation Loss: 2.2888, Acc(1): 17.00, Acc(5): 53.00, F1: 0.05, Recall: 0.05, Precision: 0.06
2023-06-19 16:29:57,253 - AUGCON - INFO - Epoch [2/50]-(0/22) Loss: 2.3373, Acc(1): 0.00, Acc(5): 25.00
2023-06-19 16:29:57,253 - AUGCON - INFO - Epoch [2/50]-(5/22) Loss: 2.2940, Acc(1): 0.00, Acc(5): 50.00
2023-06-19 16:29:57,254 - AUGCON - INFO - Epoch [2/50]-(10/22) Loss: 2.5510, Acc(1): 0.00, Acc(5): 25.00
2023-06-19 16:29:57,254 - AUGCON - INFO - Epoch [2/50]-(15/22) Loss: 2.3491, Acc(1): 0.00, Acc(5): 50.00
2023-06-19 16:29:57,254 - AUGCON - INFO - Epoch [2/50]-(20/22) Loss: 2.1823, Acc(1): 25.00, Acc(5): 75.00
2023-06-19 16:29:57,254 - AUGCON - INFO - 	Validation Loss: 2.1591, Acc(1): 21.00, Acc(5): 62.00, F1: 0.05, Recall: 0.04, Precision: 0.05
2023-06-19 16:29:57,254 - AUGCON - INFO - Epoch [3/50]-(0/22) Loss: 2.0956, Acc(1): 0.00, Acc(5): 100.00
2023-06-19 16:29:57,254 - AUGCON - INFO - Epoch [3/50]-(5/22) Loss: 2.3380, Acc(1): 0.00, Acc(5): 25.00
2023-06-19 16:29:57,254 - AUGCON - INFO - Epoch [3/50]-(10/22) Loss: 2.2069, Acc(1): 0.00, Acc(5): 50.00
2023-06-19 16:29:57,254 - AUGCON - INFO - Epoch [3/50]-(15/22) Loss: 2.3054, Acc(1): 0.00, Acc(5): 50.00
2023-06-19 16:29:57,254 - AUGCON - INFO - Epoch [3/50]-(20/22) Loss: 2.1792, Acc(1): 25.00, Acc(5): 50.00
2023-06-19 16:29:57,254 - AUGCON - INFO - 	Validation Loss: 2.1532, Acc(1): 12.00, Acc(5): 74.00, F1: 0.03, Recall: 0.03, Precision: 0.02
2023-06-19 16:29:57,255 - AUGCON - INFO - Epoch [4/50]-(0/22) Loss: 2.1667, Acc(1): 0.00, Acc(5): 50.00
2023-06-19 16:29:57,255 - AUGCON - INFO - Epoch [4/50]-(5/22) Loss: 2.1802, Acc(1): 0.00, Acc(5): 50.00
2023-06-19 16:29:57,255 - AUGCON - INFO - Epoch [4/50]-(10/22) Loss: 2.1258, Acc(1): 0.00, Acc(5): 100.00
2023-06-19 16:29:57,255 - AUGCON - INFO - Epoch [4/50]-(15/22) Loss: 2.2967, Acc(1): 25.00, Acc(5): 50.00
2023-06-19 16:29:57,255 - AUGCON - INFO - Epoch [4/50]-(20/22) Loss: 2.1992, Acc(1): 25.00, Acc(5): 75.00
2023-06-19 16:29:57,255 - AUGCON - INFO - 	Validation Loss: 2.0849, Acc(1): 37.00, Acc(5): 80.00, F1: 0.08, Recall: 0.06, Precision: 0.10
2023-06-19 16:29:57,255 - AUGCON - INFO - Epoch [5/50]-(0/22) Loss: 2.0950, Acc(1): 50.00, Acc(5): 75.00
2023-06-19 16:29:57,255 - AUGCON - INFO - Epoch [5/50]-(5/22) Loss: 2.3289, Acc(1): 0.00, Acc(5): 25.00
2023-06-19 16:29:57,255 - AUGCON - INFO - Epoch [5/50]-(10/22) Loss: 2.1776, Acc(1): 0.00, Acc(5): 75.00
2023-06-19 16:29:57,255 - AUGCON - INFO - Epoch [5/50]-(15/22) Loss: 2.3229, Acc(1): 25.00, Acc(5): 25.00
2023-06-19 16:29:57,255 - AUGCON - INFO - Epoch [5/50]-(20/22) Loss: 2.1782, Acc(1): 25.00, Acc(5): 25.00
2023-06-19 16:29:57,256 - AUGCON - INFO - 	Validation Loss: 2.1758, Acc(1): 12.00, Acc(5): 56.00, F1: 0.04, Recall: 0.03, Precision: 0.04
2023-06-19 16:29:57,256 - AUGCON - INFO - Epoch [6/50]-(0/22) Loss: 2.0481, Acc(1): 50.00, Acc(5): 100.00
2023-06-19 16:29:57,256 - AUGCON - INFO - Epoch [6/50]-(5/22) Loss: 2.3412, Acc(1): 0.00, Acc(5): 0.00
2023-06-19 16:29:57,256 - AUGCON - INFO - Epoch [6/50]-(10/22) Loss: 2.2502, Acc(1): 0.00, Acc(5): 75.00
2023-06-19 16:29:57,256 - AUGCON - INFO - Epoch [6/50]-(15/22) Loss: 2.2291, Acc(1): 0.00, Acc(5): 25.00
2023-06-19 16:29:57,256 - AUGCON - INFO - Epoch [6/50]-(20/22) Loss: 2.3730, Acc(1): 25.00, Acc(5): 25.00
2023-06-19 16:29:57,256 - AUGCON - INFO - 	Validation Loss: 2.0763, Acc(1): 32.00, Acc(5): 84.00, F1: 0.07, Recall: 0.09, Precision: 0.06
2023-06-19 16:29:57,256 - AUGCON - INFO - Epoch [7/50]-(0/22) Loss: 1.9944, Acc(1): 25.00, Acc(5): 100.00
2023-06-19 16:29:57,256 - AUGCON - INFO - Epoch [7/50]-(5/22) Loss: 2.2620, Acc(1): 0.00, Acc(5): 50.00
2023-06-19 16:29:57,256 - AUGCON - INFO - Epoch [7/50]-(10/22) Loss: 1.9241, Acc(1): 50.00, Acc(5): 100.00
2023-06-19 16:29:57,256 - AUGCON - INFO - Epoch [7/50]-(15/22) Loss: 2.1036, Acc(1): 25.00, Acc(5): 75.00
2023-06-19 16:29:57,257 - AUGCON - INFO - Epoch [7/50]-(20/22) Loss: 2.2417, Acc(1): 0.00, Acc(5): 25.00
2023-06-19 16:29:57,257 - AUGCON - INFO - 	Validation Loss: 2.0779, Acc(1): 24.00, Acc(5): 86.00, F1: 0.06, Recall: 0.06, Precision: 0.05
2023-06-19 16:29:57,257 - AUGCON - INFO - Epoch [8/50]-(0/22) Loss: 2.0692, Acc(1): 25.00, Acc(5): 50.00
2023-06-19 16:29:57,257 - AUGCON - INFO - Epoch [8/50]-(5/22) Loss: 2.1057, Acc(1): 50.00, Acc(5): 75.00
2023-06-19 16:29:57,257 - AUGCON - INFO - Epoch [8/50]-(10/22) Loss: 2.4741, Acc(1): 0.00, Acc(5): 25.00
2023-06-19 16:29:57,257 - AUGCON - INFO - Epoch [8/50]-(15/22) Loss: 2.0703, Acc(1): 25.00, Acc(5): 50.00
2023-06-19 16:29:57,257 - AUGCON - INFO - Epoch [8/50]-(20/22) Loss: 2.1265, Acc(1): 25.00, Acc(5): 50.00
2023-06-19 16:29:57,257 - AUGCON - INFO - 	Validation Loss: 2.0736, Acc(1): 28.00, Acc(5): 88.00, F1: 0.07, Recall: 0.08, Precision: 0.07
2023-06-19 16:29:57,257 - AUGCON - INFO - Epoch [9/50]-(0/22) Loss: 2.0669, Acc(1): 25.00, Acc(5): 75.00
2023-06-19 16:29:57,257 - AUGCON - INFO - Epoch [9/50]-(5/22) Loss: 2.1051, Acc(1): 25.00, Acc(5): 75.00
2023-06-19 16:29:57,257 - AUGCON - INFO - Epoch [9/50]-(10/22) Loss: 2.0331, Acc(1): 25.00, Acc(5): 75.00
2023-06-19 16:29:57,258 - AUGCON - INFO - Epoch [9/50]-(15/22) Loss: 2.2247, Acc(1): 25.00, Acc(5): 50.00
2023-06-19 16:29:57,258 - AUGCON - INFO - Epoch [9/50]-(20/22) Loss: 2.2745, Acc(1): 0.00, Acc(5): 25.00
2023-06-19 16:29:57,258 - AUGCON - INFO - 	Validation Loss: 2.0422, Acc(1): 38.00, Acc(5): 83.00, F1: 0.10, Recall: 0.10, Precision: 0.10
2023-06-19 16:29:57,258 - AUGCON - INFO - Epoch [10/50]-(0/22) Loss: 1.9214, Acc(1): 50.00, Acc(5): 75.00
2023-06-19 16:29:57,258 - AUGCON - INFO - Epoch [10/50]-(5/22) Loss: 2.0729, Acc(1): 50.00, Acc(5): 100.00
2023-06-19 16:29:57,258 - AUGCON - INFO - Epoch [10/50]-(10/22) Loss: 1.8650, Acc(1): 50.00, Acc(5): 100.00
2023-06-19 16:29:57,258 - AUGCON - INFO - Epoch [10/50]-(15/22) Loss: 2.1045, Acc(1): 0.00, Acc(5): 75.00
2023-06-19 16:29:57,258 - AUGCON - INFO - Epoch [10/50]-(20/22) Loss: 2.3075, Acc(1): 0.00, Acc(5): 25.00
2023-06-19 16:29:57,258 - AUGCON - INFO - 	Validation Loss: 2.0172, Acc(1): 23.00, Acc(5): 92.00, F1: 0.07, Recall: 0.06, Precision: 0.07
2023-06-19 16:29:57,258 - AUGCON - INFO - Epoch [11/50]-(0/22) Loss: 1.7469, Acc(1): 75.00, Acc(5): 100.00
2023-06-19 16:29:57,259 - AUGCON - INFO - Epoch [11/50]-(5/22) Loss: 2.3244, Acc(1): 0.00, Acc(5): 25.00
2023-06-19 16:29:57,259 - AUGCON - INFO - Epoch [11/50]-(10/22) Loss: 1.6743, Acc(1): 75.00, Acc(5): 100.00
2023-06-19 16:29:57,259 - AUGCON - INFO - Epoch [11/50]-(15/22) Loss: 2.3545, Acc(1): 0.00, Acc(5): 50.00
2023-06-19 16:29:57,259 - AUGCON - INFO - Epoch [11/50]-(20/22) Loss: 2.1502, Acc(1): 0.00, Acc(5): 50.00
2023-06-19 16:29:57,259 - AUGCON - INFO - 	Validation Loss: 2.0035, Acc(1): 44.00, Acc(5): 84.00, F1: 0.11, Recall: 0.11, Precision: 0.11
2023-06-19 16:29:57,259 - AUGCON - INFO - Epoch [12/50]-(0/22) Loss: 1.8765, Acc(1): 75.00, Acc(5): 75.00
2023-06-19 16:29:57,259 - AUGCON - INFO - Epoch [12/50]-(5/22) Loss: 1.9108, Acc(1): 25.00, Acc(5): 50.00
2023-06-19 16:29:57,259 - AUGCON - INFO - Epoch [12/50]-(10/22) Loss: 1.9922, Acc(1): 50.00, Acc(5): 100.00
2023-06-19 16:29:57,259 - AUGCON - INFO - Epoch [12/50]-(15/22) Loss: 2.0544, Acc(1): 25.00, Acc(5): 75.00
2023-06-19 16:29:57,259 - AUGCON - INFO - Epoch [12/50]-(20/22) Loss: 2.1233, Acc(1): 25.00, Acc(5): 50.00
2023-06-19 16:29:57,259 - AUGCON - INFO - 	Validation Loss: 2.0255, Acc(1): 19.00, Acc(5): 86.00, F1: 0.04, Recall: 0.05, Precision: 0.04
2023-06-19 16:29:57,259 - AUGCON - INFO - Epoch [13/50]-(0/22) Loss: 1.8461, Acc(1): 50.00, Acc(5): 100.00
2023-06-19 16:29:57,260 - AUGCON - INFO - Epoch [13/50]-(5/22) Loss: 2.0525, Acc(1): 0.00, Acc(5): 75.00
2023-06-19 16:29:57,260 - AUGCON - INFO - Epoch [13/50]-(10/22) Loss: 1.8249, Acc(1): 25.00, Acc(5): 100.00
2023-06-19 16:29:57,260 - AUGCON - INFO - Epoch [13/50]-(15/22) Loss: 1.9687, Acc(1): 25.00, Acc(5): 50.00
2023-06-19 16:29:57,260 - AUGCON - INFO - Epoch [13/50]-(20/22) Loss: 2.0556, Acc(1): 25.00, Acc(5): 75.00
2023-06-19 16:29:57,260 - AUGCON - INFO - 	Validation Loss: 1.9292, Acc(1): 40.00, Acc(5): 91.00, F1: 0.10, Recall: 0.08, Precision: 0.14
2023-06-19 16:29:57,260 - AUGCON - INFO - Epoch [14/50]-(0/22) Loss: 2.1084, Acc(1): 0.00, Acc(5): 100.00
2023-06-19 16:29:57,260 - AUGCON - INFO - Epoch [14/50]-(5/22) Loss: 1.5761, Acc(1): 100.00, Acc(5): 100.00
2023-06-19 16:29:57,260 - AUGCON - INFO - Epoch [14/50]-(10/22) Loss: 1.9079, Acc(1): 50.00, Acc(5): 100.00
2023-06-19 16:29:57,260 - AUGCON - INFO - Epoch [14/50]-(15/22) Loss: 2.2647, Acc(1): 0.00, Acc(5): 50.00
2023-06-19 16:29:57,260 - AUGCON - INFO - Epoch [14/50]-(20/22) Loss: 2.3207, Acc(1): 0.00, Acc(5): 50.00
2023-06-19 16:29:57,261 - AUGCON - INFO - 	Validation Loss: 1.9720, Acc(1): 40.00, Acc(5): 84.00, F1: 0.09, Recall: 0.09, Precision: 0.10
2023-06-19 16:29:57,261 - AUGCON - INFO - Epoch [15/50]-(0/22) Loss: 2.1368, Acc(1): 0.00, Acc(5): 100.00
2023-06-19 16:29:57,261 - AUGCON - INFO - Epoch [15/50]-(5/22) Loss: 1.7949, Acc(1): 25.00, Acc(5): 100.00
2023-06-19 16:29:57,261 - AUGCON - INFO - Epoch [15/50]-(10/22) Loss: 1.8102, Acc(1): 50.00, Acc(5): 75.00
2023-06-19 16:29:57,261 - AUGCON - INFO - Epoch [15/50]-(15/22) Loss: 1.8897, Acc(1): 25.00, Acc(5): 75.00
2023-06-19 16:29:57,261 - AUGCON - INFO - Epoch [15/50]-(20/22) Loss: 2.3110, Acc(1): 0.00, Acc(5): 25.00
2023-06-19 16:29:57,261 - AUGCON - INFO - 	Validation Loss: 1.9268, Acc(1): 28.00, Acc(5): 95.00, F1: 0.09, Recall: 0.08, Precision: 0.12
2023-06-19 16:29:57,261 - AUGCON - INFO - Epoch [16/50]-(0/22) Loss: 2.0773, Acc(1): 0.00, Acc(5): 75.00
2023-06-19 16:29:57,261 - AUGCON - INFO - Epoch [16/50]-(5/22) Loss: 2.1259, Acc(1): 25.00, Acc(5): 50.00
2023-06-19 16:29:57,261 - AUGCON - INFO - Epoch [16/50]-(10/22) Loss: 2.0923, Acc(1): 25.00, Acc(5): 50.00
2023-06-19 16:29:57,261 - AUGCON - INFO - Epoch [16/50]-(15/22) Loss: 1.9770, Acc(1): 25.00, Acc(5): 50.00
2023-06-19 16:29:57,262 - AUGCON - INFO - Epoch [16/50]-(20/22) Loss: 1.9661, Acc(1): 50.00, Acc(5): 100.00
2023-06-19 16:29:57,262 - AUGCON - INFO - 	Validation Loss: 1.9363, Acc(1): 35.00, Acc(5): 94.00, F1: 0.08, Recall: 0.09, Precision: 0.07
2023-06-19 16:29:57,262 - AUGCON - INFO - Epoch [17/50]-(0/22) Loss: 2.1636, Acc(1): 0.00, Acc(5): 75.00
2023-06-19 16:29:57,262 - AUGCON - INFO - Epoch [17/50]-(5/22) Loss: 1.8276, Acc(1): 25.00, Acc(5): 75.00
2023-06-19 16:29:57,262 - AUGCON - INFO - Epoch [17/50]-(10/22) Loss: 1.7498, Acc(1): 25.00, Acc(5): 100.00
2023-06-19 16:29:57,262 - AUGCON - INFO - Epoch [17/50]-(15/22) Loss: 2.0908, Acc(1): 25.00, Acc(5): 100.00
2023-06-19 16:29:57,262 - AUGCON - INFO - Epoch [17/50]-(20/22) Loss: 1.8947, Acc(1): 25.00, Acc(5): 100.00
2023-06-19 16:29:57,262 - AUGCON - INFO - 	Validation Loss: 1.9113, Acc(1): 36.00, Acc(5): 94.00, F1: 0.11, Recall: 0.10, Precision: 0.13
2023-06-19 16:29:57,262 - AUGCON - INFO - Epoch [18/50]-(0/22) Loss: 1.6673, Acc(1): 50.00, Acc(5): 100.00
2023-06-19 16:29:57,262 - AUGCON - INFO - Epoch [18/50]-(5/22) Loss: 1.9776, Acc(1): 25.00, Acc(5): 75.00
2023-06-19 16:29:57,262 - AUGCON - INFO - Epoch [18/50]-(10/22) Loss: 2.4604, Acc(1): 0.00, Acc(5): 25.00
2023-06-19 16:29:57,263 - AUGCON - INFO - Epoch [18/50]-(15/22) Loss: 1.7209, Acc(1): 50.00, Acc(5): 100.00
2023-06-19 16:29:57,263 - AUGCON - INFO - Epoch [18/50]-(20/22) Loss: 1.9259, Acc(1): 50.00, Acc(5): 100.00
2023-06-19 16:29:57,263 - AUGCON - INFO - 	Validation Loss: 1.9015, Acc(1): 38.00, Acc(5): 94.00, F1: 0.11, Recall: 0.10, Precision: 0.13
2023-06-19 16:29:57,263 - AUGCON - INFO - Epoch [19/50]-(0/22) Loss: 1.9668, Acc(1): 50.00, Acc(5): 100.00
2023-06-19 16:29:57,263 - AUGCON - INFO - Epoch [19/50]-(5/22) Loss: 2.2817, Acc(1): 25.00, Acc(5): 50.00
2023-06-19 16:29:57,263 - AUGCON - INFO - Epoch [19/50]-(10/22) Loss: 2.0457, Acc(1): 25.00, Acc(5): 75.00
2023-06-19 16:29:57,263 - AUGCON - INFO - Epoch [19/50]-(15/22) Loss: 2.0478, Acc(1): 25.00, Acc(5): 75.00
2023-06-19 16:29:57,263 - AUGCON - INFO - Epoch [19/50]-(20/22) Loss: 1.6254, Acc(1): 50.00, Acc(5): 75.00
2023-06-19 16:29:57,263 - AUGCON - INFO - 	Validation Loss: 1.8548, Acc(1): 42.00, Acc(5): 89.00, F1: 0.11, Recall: 0.12, Precision: 0.10
2023-06-19 16:29:57,263 - AUGCON - INFO - Epoch [20/50]-(0/22) Loss: 2.1817, Acc(1): 0.00, Acc(5): 75.00
2023-06-19 16:29:57,263 - AUGCON - INFO - Epoch [20/50]-(5/22) Loss: 1.8837, Acc(1): 0.00, Acc(5): 100.00
2023-06-19 16:29:57,264 - AUGCON - INFO - Epoch [20/50]-(10/22) Loss: 1.6158, Acc(1): 50.00, Acc(5): 100.00
2023-06-19 16:29:57,264 - AUGCON - INFO - Epoch [20/50]-(15/22) Loss: 2.0144, Acc(1): 50.00, Acc(5): 75.00
2023-06-19 16:29:57,264 - AUGCON - INFO - Epoch [20/50]-(20/22) Loss: 1.9274, Acc(1): 50.00, Acc(5): 100.00
2023-06-19 16:29:57,264 - AUGCON - INFO - 	Validation Loss: 1.8828, Acc(1): 29.00, Acc(5): 95.00, F1: 0.10, Recall: 0.08, Precision: 0.12
2023-06-19 16:29:57,264 - AUGCON - INFO - Epoch [21/50]-(0/22) Loss: 1.4038, Acc(1): 75.00, Acc(5): 100.00
2023-06-19 16:29:57,264 - AUGCON - INFO - Epoch [21/50]-(5/22) Loss: 1.7701, Acc(1): 25.00, Acc(5): 100.00
2023-06-19 16:29:57,264 - AUGCON - INFO - Epoch [21/50]-(10/22) Loss: 1.9726, Acc(1): 25.00, Acc(5): 100.00
2023-06-19 16:29:57,264 - AUGCON - INFO - Epoch [21/50]-(15/22) Loss: 1.6369, Acc(1): 50.00, Acc(5): 75.00
2023-06-19 16:29:57,264 - AUGCON - INFO - Epoch [21/50]-(20/22) Loss: 1.9548, Acc(1): 25.00, Acc(5): 75.00
2023-06-19 16:29:57,264 - AUGCON - INFO - 	Validation Loss: 1.8078, Acc(1): 39.00, Acc(5): 96.00, F1: 0.10, Recall: 0.10, Precision: 0.09
2023-06-19 16:29:57,264 - AUGCON - INFO - Epoch [22/50]-(0/22) Loss: 1.7308, Acc(1): 25.00, Acc(5): 100.00
2023-06-19 16:29:57,265 - AUGCON - INFO - Epoch [22/50]-(5/22) Loss: 2.0869, Acc(1): 0.00, Acc(5): 100.00
2023-06-19 16:29:57,265 - AUGCON - INFO - Epoch [22/50]-(10/22) Loss: 1.7414, Acc(1): 25.00, Acc(5): 100.00
2023-06-19 16:29:57,265 - AUGCON - INFO - Epoch [22/50]-(15/22) Loss: 2.1088, Acc(1): 0.00, Acc(5): 50.00
2023-06-19 16:29:57,265 - AUGCON - INFO - Epoch [22/50]-(20/22) Loss: 1.4936, Acc(1): 75.00, Acc(5): 100.00
2023-06-19 16:29:57,265 - AUGCON - INFO - 	Validation Loss: 1.8132, Acc(1): 43.00, Acc(5): 95.00, F1: 0.10, Recall: 0.11, Precision: 0.10
2023-06-19 16:29:57,265 - AUGCON - INFO - Epoch [23/50]-(0/22) Loss: 1.8545, Acc(1): 50.00, Acc(5): 100.00
2023-06-19 16:29:57,265 - AUGCON - INFO - Epoch [23/50]-(5/22) Loss: 1.2596, Acc(1): 75.00, Acc(5): 75.00
2023-06-19 16:29:57,265 - AUGCON - INFO - Epoch [23/50]-(10/22) Loss: 1.9685, Acc(1): 25.00, Acc(5): 100.00
2023-06-19 16:29:57,265 - AUGCON - INFO - Epoch [23/50]-(15/22) Loss: 2.0822, Acc(1): 0.00, Acc(5): 75.00
2023-06-19 16:29:57,265 - AUGCON - INFO - Epoch [23/50]-(20/22) Loss: 1.6744, Acc(1): 50.00, Acc(5): 75.00
2023-06-19 16:29:57,265 - AUGCON - INFO - 	Validation Loss: 1.8207, Acc(1): 42.00, Acc(5): 95.00, F1: 0.09, Recall: 0.10, Precision: 0.09
2023-06-19 16:29:57,266 - AUGCON - INFO - Epoch [24/50]-(0/22) Loss: 1.8779, Acc(1): 25.00, Acc(5): 100.00
2023-06-19 16:29:57,266 - AUGCON - INFO - Epoch [24/50]-(5/22) Loss: 1.6397, Acc(1): 50.00, Acc(5): 100.00
2023-06-19 16:29:57,266 - AUGCON - INFO - Epoch [24/50]-(10/22) Loss: 2.0869, Acc(1): 0.00, Acc(5): 75.00
2023-06-19 16:29:57,266 - AUGCON - INFO - Epoch [24/50]-(15/22) Loss: 1.8289, Acc(1): 25.00, Acc(5): 75.00
2023-06-19 16:29:57,266 - AUGCON - INFO - Epoch [24/50]-(20/22) Loss: 1.5163, Acc(1): 100.00, Acc(5): 100.00
2023-06-19 16:29:57,266 - AUGCON - INFO - 	Validation Loss: 1.8262, Acc(1): 33.00, Acc(5): 100.00, F1: 0.09, Recall: 0.09, Precision: 0.10
2023-06-19 16:29:57,266 - AUGCON - INFO - Epoch [25/50]-(0/22) Loss: 1.8425, Acc(1): 25.00, Acc(5): 100.00
2023-06-19 16:29:57,266 - AUGCON - INFO - Epoch [25/50]-(5/22) Loss: 1.7683, Acc(1): 50.00, Acc(5): 100.00
2023-06-19 16:29:57,266 - AUGCON - INFO - Epoch [25/50]-(10/22) Loss: 1.6269, Acc(1): 25.00, Acc(5): 100.00
2023-06-19 16:29:57,266 - AUGCON - INFO - Epoch [25/50]-(15/22) Loss: 1.7771, Acc(1): 50.00, Acc(5): 100.00
2023-06-19 16:29:57,266 - AUGCON - INFO - Epoch [25/50]-(20/22) Loss: 1.9982, Acc(1): 25.00, Acc(5): 100.00
2023-06-19 16:29:57,267 - AUGCON - INFO - 	Validation Loss: 1.7938, Acc(1): 43.00, Acc(5): 99.00, F1: 0.09, Recall: 0.10, Precision: 0.08
2023-06-19 16:29:57,267 - AUGCON - INFO - Epoch [26/50]-(0/22) Loss: 1.8890, Acc(1): 75.00, Acc(5): 100.00
2023-06-19 16:29:57,267 - AUGCON - INFO - Epoch [26/50]-(5/22) Loss: 1.0650, Acc(1): 100.00, Acc(5): 100.00
2023-06-19 16:29:57,267 - AUGCON - INFO - Epoch [26/50]-(10/22) Loss: 2.4204, Acc(1): 0.00, Acc(5): 25.00
2023-06-19 16:29:57,267 - AUGCON - INFO - Epoch [26/50]-(15/22) Loss: 1.8908, Acc(1): 50.00, Acc(5): 75.00
2023-06-19 16:29:57,267 - AUGCON - INFO - Epoch [26/50]-(20/22) Loss: 1.3438, Acc(1): 75.00, Acc(5): 100.00
2023-06-19 16:29:57,267 - AUGCON - INFO - 	Validation Loss: 1.8122, Acc(1): 37.00, Acc(5): 94.00, F1: 0.09, Recall: 0.06, Precision: 0.19
2023-06-19 16:29:57,267 - AUGCON - INFO - Epoch [27/50]-(0/22) Loss: 1.6481, Acc(1): 50.00, Acc(5): 100.00
2023-06-19 16:29:57,267 - AUGCON - INFO - Epoch [27/50]-(5/22) Loss: 2.0476, Acc(1): 0.00, Acc(5): 50.00
2023-06-19 16:29:57,267 - AUGCON - INFO - Epoch [27/50]-(10/22) Loss: 1.7439, Acc(1): 50.00, Acc(5): 75.00
2023-06-19 16:29:57,267 - AUGCON - INFO - Epoch [27/50]-(15/22) Loss: 2.1091, Acc(1): 25.00, Acc(5): 50.00
2023-06-19 16:29:57,268 - AUGCON - INFO - Epoch [27/50]-(20/22) Loss: 1.8709, Acc(1): 0.00, Acc(5): 100.00
2023-06-19 16:29:57,268 - AUGCON - INFO - 	Validation Loss: 1.7587, Acc(1): 53.00, Acc(5): 100.00, F1: 0.14, Recall: 0.11, Precision: 0.21
2023-06-19 16:29:57,268 - AUGCON - INFO - Epoch [28/50]-(0/22) Loss: 1.8894, Acc(1): 25.00, Acc(5): 100.00
2023-06-19 16:29:57,268 - AUGCON - INFO - Epoch [28/50]-(5/22) Loss: 1.9243, Acc(1): 0.00, Acc(5): 100.00
2023-06-19 16:29:57,268 - AUGCON - INFO - Epoch [28/50]-(10/22) Loss: 1.3883, Acc(1): 75.00, Acc(5): 100.00
2023-06-19 16:29:57,268 - AUGCON - INFO - Epoch [28/50]-(15/22) Loss: 1.9110, Acc(1): 0.00, Acc(5): 100.00
2023-06-19 16:29:57,268 - AUGCON - INFO - Epoch [28/50]-(20/22) Loss: 1.5569, Acc(1): 75.00, Acc(5): 100.00
2023-06-19 16:29:57,268 - AUGCON - INFO - 	Validation Loss: 1.7537, Acc(1): 42.00, Acc(5): 100.00, F1: 0.10, Recall: 0.12, Precision: 0.09
2023-06-19 16:29:57,268 - AUGCON - INFO - Epoch [29/50]-(0/22) Loss: 1.9576, Acc(1): 50.00, Acc(5): 100.00
2023-06-19 16:29:57,268 - AUGCON - INFO - Epoch [29/50]-(5/22) Loss: 2.1721, Acc(1): 0.00, Acc(5): 100.00
2023-06-19 16:29:57,268 - AUGCON - INFO - Epoch [29/50]-(10/22) Loss: 1.9146, Acc(1): 50.00, Acc(5): 75.00
2023-06-19 16:29:57,269 - AUGCON - INFO - Epoch [29/50]-(15/22) Loss: 2.0419, Acc(1): 0.00, Acc(5): 75.00
2023-06-19 16:29:57,269 - AUGCON - INFO - Epoch [29/50]-(20/22) Loss: 1.6500, Acc(1): 25.00, Acc(5): 100.00
2023-06-19 16:29:57,269 - AUGCON - INFO - 	Validation Loss: 1.7411, Acc(1): 46.00, Acc(5): 95.00, F1: 0.12, Recall: 0.12, Precision: 0.13
2023-06-19 16:29:57,269 - AUGCON - INFO - Epoch [30/50]-(0/22) Loss: 1.7120, Acc(1): 50.00, Acc(5): 100.00
2023-06-19 16:29:57,269 - AUGCON - INFO - Epoch [30/50]-(5/22) Loss: 2.0332, Acc(1): 25.00, Acc(5): 75.00
2023-06-19 16:29:57,269 - AUGCON - INFO - Epoch [30/50]-(10/22) Loss: 1.8481, Acc(1): 0.00, Acc(5): 100.00
2023-06-19 16:29:57,269 - AUGCON - INFO - Epoch [30/50]-(15/22) Loss: 1.5177, Acc(1): 50.00, Acc(5): 100.00
2023-06-19 16:29:57,269 - AUGCON - INFO - Epoch [30/50]-(20/22) Loss: 1.9192, Acc(1): 50.00, Acc(5): 75.00
2023-06-19 16:29:57,269 - AUGCON - INFO - 	Validation Loss: 1.7183, Acc(1): 52.00, Acc(5): 96.00, F1: 0.14, Recall: 0.14, Precision: 0.15
2023-06-19 16:29:57,269 - AUGCON - INFO - Epoch [31/50]-(0/22) Loss: 1.7749, Acc(1): 50.00, Acc(5): 100.00
2023-06-19 16:29:57,269 - AUGCON - INFO - Epoch [31/50]-(5/22) Loss: 1.5768, Acc(1): 75.00, Acc(5): 100.00
2023-06-19 16:29:57,270 - AUGCON - INFO - Epoch [31/50]-(10/22) Loss: 1.9532, Acc(1): 25.00, Acc(5): 100.00
2023-06-19 16:29:57,270 - AUGCON - INFO - Epoch [31/50]-(15/22) Loss: 2.0483, Acc(1): 0.00, Acc(5): 100.00
2023-06-19 16:29:57,270 - AUGCON - INFO - Epoch [31/50]-(20/22) Loss: 1.9741, Acc(1): 25.00, Acc(5): 75.00
2023-06-19 16:29:57,270 - AUGCON - INFO - 	Validation Loss: 1.7538, Acc(1): 37.00, Acc(5): 91.00, F1: 0.09, Recall: 0.10, Precision: 0.08
2023-06-19 16:29:57,270 - AUGCON - INFO - Epoch [32/50]-(0/22) Loss: 1.6384, Acc(1): 50.00, Acc(5): 100.00
2023-06-19 16:29:57,270 - AUGCON - INFO - Epoch [32/50]-(5/22) Loss: 1.9367, Acc(1): 25.00, Acc(5): 100.00
2023-06-19 16:29:57,270 - AUGCON - INFO - Epoch [32/50]-(10/22) Loss: 1.3825, Acc(1): 75.00, Acc(5): 100.00
2023-06-19 16:29:57,270 - AUGCON - INFO - Epoch [32/50]-(15/22) Loss: 1.4582, Acc(1): 75.00, Acc(5): 100.00
2023-06-19 16:29:57,270 - AUGCON - INFO - Epoch [32/50]-(20/22) Loss: 1.4863, Acc(1): 100.00, Acc(5): 100.00
2023-06-19 16:29:57,270 - AUGCON - INFO - 	Validation Loss: 1.7199, Acc(1): 39.00, Acc(5): 97.00, F1: 0.10, Recall: 0.11, Precision: 0.09
2023-06-19 16:29:57,270 - AUGCON - INFO - Epoch [33/50]-(0/22) Loss: 1.8272, Acc(1): 25.00, Acc(5): 100.00
2023-06-19 16:29:57,271 - AUGCON - INFO - Epoch [33/50]-(5/22) Loss: 1.4931, Acc(1): 50.00, Acc(5): 100.00
2023-06-19 16:29:57,271 - AUGCON - INFO - Epoch [33/50]-(10/22) Loss: 1.8480, Acc(1): 25.00, Acc(5): 100.00
2023-06-19 16:29:57,271 - AUGCON - INFO - Epoch [33/50]-(15/22) Loss: 2.0658, Acc(1): 0.00, Acc(5): 75.00
2023-06-19 16:29:57,271 - AUGCON - INFO - Epoch [33/50]-(20/22) Loss: 1.5488, Acc(1): 50.00, Acc(5): 75.00
2023-06-19 16:29:57,271 - AUGCON - INFO - 	Validation Loss: 1.7352, Acc(1): 42.00, Acc(5): 91.00, F1: 0.10, Recall: 0.11, Precision: 0.09
2023-06-19 16:29:57,271 - AUGCON - INFO - Epoch [34/50]-(0/22) Loss: 1.5761, Acc(1): 50.00, Acc(5): 50.00
2023-06-19 16:29:57,271 - AUGCON - INFO - Epoch [34/50]-(5/22) Loss: 2.0352, Acc(1): 0.00, Acc(5): 100.00
2023-06-19 16:29:57,271 - AUGCON - INFO - Epoch [34/50]-(10/22) Loss: 2.2826, Acc(1): 0.00, Acc(5): 50.00
2023-06-19 16:29:57,271 - AUGCON - INFO - Epoch [34/50]-(15/22) Loss: 1.9256, Acc(1): 0.00, Acc(5): 100.00
2023-06-19 16:29:57,271 - AUGCON - INFO - Epoch [34/50]-(20/22) Loss: 1.9954, Acc(1): 0.00, Acc(5): 100.00
2023-06-19 16:29:57,271 - AUGCON - INFO - 	Validation Loss: 1.6923, Acc(1): 42.00, Acc(5): 97.00, F1: 0.10, Recall: 0.11, Precision: 0.10
2023-06-19 16:29:57,272 - AUGCON - INFO - Epoch [35/50]-(0/22) Loss: 1.4760, Acc(1): 50.00, Acc(5): 75.00
2023-06-19 16:29:57,272 - AUGCON - INFO - Epoch [35/50]-(5/22) Loss: 2.0316, Acc(1): 25.00, Acc(5): 75.00
2023-06-19 16:29:57,272 - AUGCON - INFO - Epoch [35/50]-(10/22) Loss: 1.4575, Acc(1): 50.00, Acc(5): 100.00
2023-06-19 16:29:57,272 - AUGCON - INFO - Epoch [35/50]-(15/22) Loss: 1.5816, Acc(1): 75.00, Acc(5): 75.00
2023-06-19 16:29:57,272 - AUGCON - INFO - Epoch [35/50]-(20/22) Loss: 1.9240, Acc(1): 25.00, Acc(5): 75.00
2023-06-19 16:29:57,272 - AUGCON - INFO - 	Validation Loss: 1.7312, Acc(1): 43.00, Acc(5): 95.00, F1: 0.10, Recall: 0.09, Precision: 0.11
2023-06-19 16:29:57,272 - AUGCON - INFO - Epoch [36/50]-(0/22) Loss: 1.9433, Acc(1): 0.00, Acc(5): 100.00
2023-06-19 16:29:57,272 - AUGCON - INFO - Epoch [36/50]-(5/22) Loss: 2.1660, Acc(1): 0.00, Acc(5): 50.00
2023-06-19 16:29:57,272 - AUGCON - INFO - Epoch [36/50]-(10/22) Loss: 1.7342, Acc(1): 25.00, Acc(5): 100.00
2023-06-19 16:29:57,272 - AUGCON - INFO - Epoch [36/50]-(15/22) Loss: 2.0000, Acc(1): 0.00, Acc(5): 100.00
2023-06-19 16:29:57,272 - AUGCON - INFO - Epoch [36/50]-(20/22) Loss: 1.6885, Acc(1): 50.00, Acc(5): 100.00
2023-06-19 16:29:57,273 - AUGCON - INFO - 	Validation Loss: 1.7018, Acc(1): 44.00, Acc(5): 96.00, F1: 0.12, Recall: 0.12, Precision: 0.13
2023-06-19 16:29:57,273 - AUGCON - INFO - Epoch [37/50]-(0/22) Loss: 1.5332, Acc(1): 75.00, Acc(5): 100.00
2023-06-19 16:29:57,273 - AUGCON - INFO - Epoch [37/50]-(5/22) Loss: 1.5156, Acc(1): 50.00, Acc(5): 100.00
2023-06-19 16:29:57,273 - AUGCON - INFO - Epoch [37/50]-(10/22) Loss: 1.8677, Acc(1): 50.00, Acc(5): 100.00
2023-06-19 16:29:57,273 - AUGCON - INFO - Epoch [37/50]-(15/22) Loss: 1.1240, Acc(1): 75.00, Acc(5): 100.00
2023-06-19 16:29:57,273 - AUGCON - INFO - Epoch [37/50]-(20/22) Loss: 1.7154, Acc(1): 25.00, Acc(5): 100.00
2023-06-19 16:29:57,273 - AUGCON - INFO - 	Validation Loss: 1.6960, Acc(1): 36.00, Acc(5): 96.00, F1: 0.09, Recall: 0.10, Precision: 0.08
2023-06-19 16:29:57,273 - AUGCON - INFO - Epoch [38/50]-(0/22) Loss: 1.1666, Acc(1): 75.00, Acc(5): 100.00
2023-06-19 16:29:57,273 - AUGCON - INFO - Epoch [38/50]-(5/22) Loss: 1.9369, Acc(1): 50.00, Acc(5): 75.00
2023-06-19 16:29:57,273 - AUGCON - INFO - Epoch [38/50]-(10/22) Loss: 1.9852, Acc(1): 50.00, Acc(5): 75.00
2023-06-19 16:29:57,273 - AUGCON - INFO - Epoch [38/50]-(15/22) Loss: 1.4417, Acc(1): 50.00, Acc(5): 100.00
2023-06-19 16:29:57,274 - AUGCON - INFO - Epoch [38/50]-(20/22) Loss: 1.3663, Acc(1): 50.00, Acc(5): 100.00
2023-06-19 16:29:57,274 - AUGCON - INFO - 	Validation Loss: 1.6837, Acc(1): 30.00, Acc(5): 98.00, F1: 0.08, Recall: 0.08, Precision: 0.08
2023-06-19 16:29:57,274 - AUGCON - INFO - Epoch [39/50]-(0/22) Loss: 1.4276, Acc(1): 50.00, Acc(5): 100.00
2023-06-19 16:29:57,274 - AUGCON - INFO - Epoch [39/50]-(5/22) Loss: 1.3938, Acc(1): 50.00, Acc(5): 100.00
2023-06-19 16:29:57,274 - AUGCON - INFO - Epoch [39/50]-(10/22) Loss: 1.7937, Acc(1): 25.00, Acc(5): 100.00
2023-06-19 16:29:57,274 - AUGCON - INFO - Epoch [39/50]-(15/22) Loss: 1.4916, Acc(1): 25.00, Acc(5): 75.00
2023-06-19 16:29:57,274 - AUGCON - INFO - Epoch [39/50]-(20/22) Loss: 1.8242, Acc(1): 25.00, Acc(5): 75.00
2023-06-19 16:29:57,274 - AUGCON - INFO - 	Validation Loss: 1.6989, Acc(1): 50.00, Acc(5): 91.00, F1: 0.13, Recall: 0.14, Precision: 0.13
2023-06-19 16:29:57,274 - AUGCON - INFO - Epoch [40/50]-(0/22) Loss: 1.3344, Acc(1): 50.00, Acc(5): 75.00
2023-06-19 16:29:57,274 - AUGCON - INFO - Epoch [40/50]-(5/22) Loss: 1.7024, Acc(1): 25.00, Acc(5): 100.00
2023-06-19 16:29:57,274 - AUGCON - INFO - Epoch [40/50]-(10/22) Loss: 1.4940, Acc(1): 50.00, Acc(5): 100.00
2023-06-19 16:29:57,275 - AUGCON - INFO - Epoch [40/50]-(15/22) Loss: 1.8432, Acc(1): 25.00, Acc(5): 100.00
2023-06-19 16:29:57,275 - AUGCON - INFO - Epoch [40/50]-(20/22) Loss: 1.6491, Acc(1): 25.00, Acc(5): 100.00
2023-06-19 16:29:57,275 - AUGCON - INFO - 	Validation Loss: 1.6123, Acc(1): 55.00, Acc(5): 100.00, F1: 0.15, Recall: 0.11, Precision: 0.22
2023-06-19 16:29:57,275 - AUGCON - INFO - Epoch [41/50]-(0/22) Loss: 1.4531, Acc(1): 50.00, Acc(5): 100.00
2023-06-19 16:29:57,275 - AUGCON - INFO - Epoch [41/50]-(5/22) Loss: 1.4618, Acc(1): 50.00, Acc(5): 75.00
2023-06-19 16:29:57,275 - AUGCON - INFO - Epoch [41/50]-(10/22) Loss: 1.6598, Acc(1): 50.00, Acc(5): 100.00
2023-06-19 16:29:57,275 - AUGCON - INFO - Epoch [41/50]-(15/22) Loss: 1.7472, Acc(1): 50.00, Acc(5): 100.00
2023-06-19 16:29:57,275 - AUGCON - INFO - Epoch [41/50]-(20/22) Loss: 1.8299, Acc(1): 0.00, Acc(5): 100.00
2023-06-19 16:29:57,275 - AUGCON - INFO - 	Validation Loss: 1.6598, Acc(1): 36.00, Acc(5): 98.00, F1: 0.08, Recall: 0.10, Precision: 0.07
2023-06-19 16:29:57,275 - AUGCON - INFO - Epoch [42/50]-(0/22) Loss: 1.4663, Acc(1): 100.00, Acc(5): 100.00
2023-06-19 16:29:57,275 - AUGCON - INFO - Epoch [42/50]-(5/22) Loss: 1.7489, Acc(1): 50.00, Acc(5): 100.00
2023-06-19 16:29:57,276 - AUGCON - INFO - Epoch [42/50]-(10/22) Loss: 1.8498, Acc(1): 25.00, Acc(5): 75.00
2023-06-19 16:29:57,276 - AUGCON - INFO - Epoch [42/50]-(15/22) Loss: 1.7188, Acc(1): 50.00, Acc(5): 100.00
2023-06-19 16:29:57,276 - AUGCON - INFO - Epoch [42/50]-(20/22) Loss: 1.5341, Acc(1): 25.00, Acc(5): 100.00
2023-06-19 16:29:57,276 - AUGCON - INFO - 	Validation Loss: 1.6142, Acc(1): 52.00, Acc(5): 93.00, F1: 0.16, Recall: 0.13, Precision: 0.19
2023-06-19 16:29:57,276 - AUGCON - INFO - Epoch [43/50]-(0/22) Loss: 1.6224, Acc(1): 75.00, Acc(5): 75.00
2023-06-19 16:29:57,276 - AUGCON - INFO - Epoch [43/50]-(5/22) Loss: 1.9364, Acc(1): 25.00, Acc(5): 100.00
2023-06-19 16:29:57,276 - AUGCON - INFO - Epoch [43/50]-(10/22) Loss: 1.8118, Acc(1): 25.00, Acc(5): 75.00
2023-06-19 16:29:57,276 - AUGCON - INFO - Epoch [43/50]-(15/22) Loss: 1.9186, Acc(1): 50.00, Acc(5): 100.00
2023-06-19 16:29:57,276 - AUGCON - INFO - Epoch [43/50]-(20/22) Loss: 1.5009, Acc(1): 50.00, Acc(5): 100.00
2023-06-19 16:29:57,276 - AUGCON - INFO - 	Validation Loss: 1.6087, Acc(1): 46.00, Acc(5): 99.00, F1: 0.12, Recall: 0.13, Precision: 0.11
2023-06-19 16:29:57,276 - AUGCON - INFO - Epoch [44/50]-(0/22) Loss: 1.1413, Acc(1): 75.00, Acc(5): 100.00
2023-06-19 16:29:57,277 - AUGCON - INFO - Epoch [44/50]-(5/22) Loss: 1.8953, Acc(1): 0.00, Acc(5): 75.00
2023-06-19 16:29:57,277 - AUGCON - INFO - Epoch [44/50]-(10/22) Loss: 1.6952, Acc(1): 50.00, Acc(5): 100.00
2023-06-19 16:29:57,277 - AUGCON - INFO - Epoch [44/50]-(15/22) Loss: 1.3007, Acc(1): 75.00, Acc(5): 75.00
2023-06-19 16:29:57,277 - AUGCON - INFO - Epoch [44/50]-(20/22) Loss: 1.7839, Acc(1): 0.00, Acc(5): 100.00
2023-06-19 16:29:57,277 - AUGCON - INFO - 	Validation Loss: 1.6713, Acc(1): 30.00, Acc(5): 96.00, F1: 0.08, Recall: 0.08, Precision: 0.09
2023-06-19 16:29:57,277 - AUGCON - INFO - Epoch [45/50]-(0/22) Loss: 1.5612, Acc(1): 50.00, Acc(5): 100.00
2023-06-19 16:29:57,277 - AUGCON - INFO - Epoch [45/50]-(5/22) Loss: 1.4310, Acc(1): 25.00, Acc(5): 100.00
2023-06-19 16:29:57,277 - AUGCON - INFO - Epoch [45/50]-(10/22) Loss: 1.4901, Acc(1): 25.00, Acc(5): 100.00
2023-06-19 16:29:57,277 - AUGCON - INFO - Epoch [45/50]-(15/22) Loss: 1.3169, Acc(1): 50.00, Acc(5): 100.00
2023-06-19 16:29:57,277 - AUGCON - INFO - Epoch [45/50]-(20/22) Loss: 1.4230, Acc(1): 50.00, Acc(5): 100.00
2023-06-19 16:29:57,277 - AUGCON - INFO - 	Validation Loss: 1.6057, Acc(1): 46.00, Acc(5): 97.00, F1: 0.11, Recall: 0.09, Precision: 0.13
2023-06-19 16:29:57,278 - AUGCON - INFO - Epoch [46/50]-(0/22) Loss: 1.9336, Acc(1): 0.00, Acc(5): 100.00
2023-06-19 16:29:57,278 - AUGCON - INFO - Epoch [46/50]-(5/22) Loss: 1.9153, Acc(1): 25.00, Acc(5): 75.00
2023-06-19 16:29:57,278 - AUGCON - INFO - Epoch [46/50]-(10/22) Loss: 1.5144, Acc(1): 75.00, Acc(5): 100.00
2023-06-19 16:29:57,278 - AUGCON - INFO - Epoch [46/50]-(15/22) Loss: 1.3852, Acc(1): 25.00, Acc(5): 100.00
2023-06-19 16:29:57,278 - AUGCON - INFO - Epoch [46/50]-(20/22) Loss: 2.0088, Acc(1): 0.00, Acc(5): 100.00
2023-06-19 16:29:57,278 - AUGCON - INFO - 	Validation Loss: 1.6456, Acc(1): 44.00, Acc(5): 93.00, F1: 0.13, Recall: 0.12, Precision: 0.13
2023-06-19 16:29:57,278 - AUGCON - INFO - Epoch [47/50]-(0/22) Loss: 1.8368, Acc(1): 50.00, Acc(5): 100.00
2023-06-19 16:29:57,278 - AUGCON - INFO - Epoch [47/50]-(5/22) Loss: 1.2005, Acc(1): 50.00, Acc(5): 100.00
2023-06-19 16:29:57,278 - AUGCON - INFO - Epoch [47/50]-(10/22) Loss: 1.7453, Acc(1): 0.00, Acc(5): 100.00
2023-06-19 16:29:57,278 - AUGCON - INFO - Epoch [47/50]-(15/22) Loss: 1.7076, Acc(1): 25.00, Acc(5): 100.00
2023-06-19 16:29:57,278 - AUGCON - INFO - Epoch [47/50]-(20/22) Loss: 1.6931, Acc(1): 25.00, Acc(5): 100.00
2023-06-19 16:29:57,279 - AUGCON - INFO - 	Validation Loss: 1.6048, Acc(1): 39.00, Acc(5): 99.00, F1: 0.10, Recall: 0.10, Precision: 0.10
2023-06-19 16:29:57,279 - AUGCON - INFO - Epoch [48/50]-(0/22) Loss: 1.8877, Acc(1): 0.00, Acc(5): 100.00
2023-06-19 16:29:57,279 - AUGCON - INFO - Epoch [48/50]-(5/22) Loss: 1.6927, Acc(1): 25.00, Acc(5): 100.00
2023-06-19 16:29:57,279 - AUGCON - INFO - Epoch [48/50]-(10/22) Loss: 1.2846, Acc(1): 75.00, Acc(5): 100.00
2023-06-19 16:29:57,279 - AUGCON - INFO - Epoch [48/50]-(15/22) Loss: 1.4294, Acc(1): 75.00, Acc(5): 100.00
2023-06-19 16:29:57,279 - AUGCON - INFO - Epoch [48/50]-(20/22) Loss: 1.5062, Acc(1): 25.00, Acc(5): 100.00
2023-06-19 16:29:57,279 - AUGCON - INFO - 	Validation Loss: 1.6199, Acc(1): 47.00, Acc(5): 96.00, F1: 0.12, Recall: 0.09, Precision: 0.17
2023-06-19 16:29:57,279 - AUGCON - INFO - Epoch [49/50]-(0/22) Loss: 1.0998, Acc(1): 75.00, Acc(5): 100.00
2023-06-19 16:29:57,279 - AUGCON - INFO - Epoch [49/50]-(5/22) Loss: 1.3522, Acc(1): 75.00, Acc(5): 100.00
2023-06-19 16:29:57,279 - AUGCON - INFO - Epoch [49/50]-(10/22) Loss: 2.1751, Acc(1): 0.00, Acc(5): 50.00
2023-06-19 16:29:57,279 - AUGCON - INFO - Epoch [49/50]-(15/22) Loss: 1.2964, Acc(1): 25.00, Acc(5): 100.00
2023-06-19 16:29:57,280 - AUGCON - INFO - Epoch [49/50]-(20/22) Loss: 1.6201, Acc(1): 25.00, Acc(5): 75.00
2023-06-19 16:29:57,280 - AUGCON - INFO - 	Validation Loss: 1.6071, Acc(1): 36.00, Acc(5): 98.00, F1: 0.10, Recall: 0.09, Precision: 0.11
2023-06-19 16:29:57,280 - AUGCON - INFO - Epoch [50/50]-(0/22) Loss: 0.9739, Acc(1): 75.00, Acc(5): 100.00
2023-06-19 16:29:57,280 - AUGCON - INFO - Epoch [50/50]-(5/22) Loss: 1.5135, Acc(1): 25.00, Acc(5): 100.00
2023-06-19 16:29:57,280 - AUGCON - INFO - Epoch [50/50]-(10/22) Loss: 1.2107, Acc(1): 50.00, Acc(5): 100.00
2023-06-19 16:29:57,280 - AUGCON - INFO - Epoch [50/50]-(15/22) Loss: 1.4534, Acc(1): 25.00, Acc(5): 100.00
2023-06-19 16:29:57,280 - AUGCON - INFO - Epoch [50/50]-(20/22) Loss: 1.6593, Acc(1): 25.00, Acc(5): 100.00
2023-06-19 16:29:57,280 - AUGCON - INFO - 	Validation Loss: 1.5818, Acc(1): 37.00, Acc(5): 100.00, F1: 0.09, Recall: 0.10, Precision: 0.08
2023-06-19 16:29:57,280 - AUGCON - INFO - 	Validation Loss: 1.5819, Acc(1): 39.00, Acc(5): 99.67, F1: 0.09, Recall: 0.10, Precision: 0.08
