2023-06-19 16:30:40,997 - AUGCON - INFO - logger initialized (/home/hjyoon/projects/augcon/config/exp0/finetune_da_false/without_target_domain_PH0045-sjlee/metacpc_random_8421/tgt_target_domain_PH0034-ykha_seed0.yaml.log)
2023-06-19 16:30:40,997 - AUGCON - INFO - ================= Config =================
2023-06-19 16:30:40,997 - AUGCON - INFO -   mode: finetune
2023-06-19 16:30:40,997 - AUGCON - INFO -   seed: 0
2023-06-19 16:30:40,997 - AUGCON - INFO -   gpu: [6]
2023-06-19 16:30:40,997 - AUGCON - INFO -   num_workers: 1
2023-06-19 16:30:40,997 - AUGCON - INFO -   dist_url: tcp://localhost:10001
2023-06-19 16:30:40,997 - AUGCON - INFO -   dataset_name: ichar
2023-06-19 16:30:40,997 - AUGCON - INFO -   train_dataset_path: /mnt/sting/hjyoon/projects/cross/ICHAR/augcon/target_domain_PH0034-ykha/finetune/10shot/target/train.pkl
2023-06-19 16:30:40,997 - AUGCON - INFO -   test_dataset_path: /mnt/sting/hjyoon/projects/cross/ICHAR/augcon/target_domain_PH0034-ykha/finetune/10shot/target/test.pkl
2023-06-19 16:30:40,997 - AUGCON - INFO -   val_dataset_path: /mnt/sting/hjyoon/projects/cross/ICHAR/augcon/target_domain_PH0034-ykha/finetune/10shot/target/val.pkl
2023-06-19 16:30:40,997 - AUGCON - INFO -   input_channels: 3
2023-06-19 16:30:40,997 - AUGCON - INFO -   num_cls: 9
2023-06-19 16:30:40,997 - AUGCON - INFO -   optimizer: adam
2023-06-19 16:30:40,997 - AUGCON - INFO -   criterion: crossentropy
2023-06-19 16:30:40,997 - AUGCON - INFO -   start_epoch: 0
2023-06-19 16:30:40,997 - AUGCON - INFO -   epochs: 50
2023-06-19 16:30:40,997 - AUGCON - INFO -   batch_size: 4
2023-06-19 16:30:40,997 - AUGCON - INFO -   lr: 0.001
2023-06-19 16:30:40,997 - AUGCON - INFO -   wd: 0.0
2023-06-19 16:30:40,997 - AUGCON - INFO -   resume: 
2023-06-19 16:30:40,998 - AUGCON - INFO -   pretrained: /mnt/sting/hjyoon/projects/augcontrast/models/exp0/pretrain/without_target_domain_PH0045-sjlee/metacpc_random_8421/checkpoint_0999.pth.tar
2023-06-19 16:30:40,998 - AUGCON - INFO -   ckpt_dir: /mnt/sting/hjyoon/projects/augcontrast/models/exp0/finetune_da_false/without_target_domain_PH0045-sjlee/metacpc_random_8421/tgt_target_domain_PH0034-ykha_seed0
2023-06-19 16:30:40,998 - AUGCON - INFO -   log_freq: 5
2023-06-19 16:30:40,998 - AUGCON - INFO -   save_freq: 10
2023-06-19 16:30:40,998 - AUGCON - INFO -   pretext: metacpc
2023-06-19 16:30:40,998 - AUGCON - INFO -   enc_blocks: 4
2023-06-19 16:30:40,998 - AUGCON - INFO -   kernel_sizes: [8, 4, 2, 1]
2023-06-19 16:30:40,998 - AUGCON - INFO -   strides: [4, 2, 1, 1]
2023-06-19 16:30:40,998 - AUGCON - INFO -   agg_blocks: 5
2023-06-19 16:30:40,998 - AUGCON - INFO -   z_dim: 256
2023-06-19 16:30:40,998 - AUGCON - INFO -   pooling: mean
2023-06-19 16:30:40,998 - AUGCON - INFO -   pred_steps: 12
2023-06-19 16:30:40,998 - AUGCON - INFO -   n_negatives: 15
2023-06-19 16:30:40,998 - AUGCON - INFO -   offset: 4
2023-06-19 16:30:40,998 - AUGCON - INFO -   domain_adaptation: False
2023-06-19 16:30:40,998 - AUGCON - INFO -   task_steps: 10
2023-06-19 16:30:40,998 - AUGCON - INFO -   task_lr: 0.001
2023-06-19 16:30:40,998 - AUGCON - INFO -   reg_lambda: 0
2023-06-19 16:30:40,998 - AUGCON - INFO -   mlp: False
2023-06-19 16:30:40,998 - AUGCON - INFO -   freeze: True
2023-06-19 16:30:40,998 - AUGCON - INFO -   no_vars: False
2023-06-19 16:30:40,998 - AUGCON - INFO - ==========================================
2023-06-19 16:30:40,998 - AUGCON - INFO - Setting GPUs: [6]
2023-06-19 16:30:40,998 - AUGCON - INFO - GPUs [6] will be used
2023-06-19 16:30:40,999 - AUGCON - WARNING - You have chosen to seed training. 
2023-06-19 16:30:40,999 - AUGCON - WARNING - This will turn on the CUDNN deterministic setting, 
2023-06-19 16:30:40,999 - AUGCON - WARNING - which can slow down your training considerably! 
2023-06-19 16:30:40,999 - AUGCON - WARNING - You may see unexpected behavior when restarting 
2023-06-19 16:30:40,999 - AUGCON - WARNING - from checkpoints.
2023-06-19 16:30:41,021 - AUGCON - INFO - Executing MetaCPC
2023-06-19 16:30:41,021 - AUGCON - INFO - Logs are skipped during training
2023-06-19 16:30:59,294 - AUGCON - INFO - Single GPU is used for training - training 90 instances for each worker
2023-06-19 16:30:59,294 - AUGCON - INFO - Loading pretrained model from checkpoint - /mnt/sting/hjyoon/projects/augcontrast/models/exp0/pretrain/without_target_domain_PH0045-sjlee/metacpc_random_8421/checkpoint_0999.pth.tar
2023-06-19 16:30:59,295 - AUGCON - INFO - Missing keys: []
2023-06-19 16:30:59,295 - AUGCON - INFO - Loading encoder parameters to the classifier
2023-06-19 16:30:59,295 - AUGCON - INFO - Missing keys: ['classifier.block.0.weight', 'classifier.block.0.bias']
2023-06-19 16:30:59,295 - AUGCON - INFO - Epoch [1/50]-(0/22) Loss: 2.0754, Acc(1): 25.00, Acc(5): 75.00
2023-06-19 16:30:59,295 - AUGCON - INFO - Epoch [1/50]-(5/22) Loss: 2.2482, Acc(1): 0.00, Acc(5): 100.00
2023-06-19 16:30:59,295 - AUGCON - INFO - Epoch [1/50]-(10/22) Loss: 2.4310, Acc(1): 0.00, Acc(5): 50.00
2023-06-19 16:30:59,295 - AUGCON - INFO - Epoch [1/50]-(15/22) Loss: 2.2424, Acc(1): 25.00, Acc(5): 50.00
2023-06-19 16:30:59,295 - AUGCON - INFO - Epoch [1/50]-(20/22) Loss: 2.2583, Acc(1): 0.00, Acc(5): 100.00
2023-06-19 16:30:59,295 - AUGCON - INFO - 	Validation Loss: 1.9606, Acc(1): 22.00, Acc(5): 88.00, F1: 0.06, Recall: 0.06, Precision: 0.06
2023-06-19 16:30:59,295 - AUGCON - INFO - Epoch [2/50]-(0/22) Loss: 2.0582, Acc(1): 25.00, Acc(5): 75.00
2023-06-19 16:30:59,295 - AUGCON - INFO - Epoch [2/50]-(5/22) Loss: 2.0837, Acc(1): 25.00, Acc(5): 75.00
2023-06-19 16:30:59,295 - AUGCON - INFO - Epoch [2/50]-(10/22) Loss: 2.0905, Acc(1): 25.00, Acc(5): 50.00
2023-06-19 16:30:59,295 - AUGCON - INFO - Epoch [2/50]-(15/22) Loss: 2.0468, Acc(1): 25.00, Acc(5): 75.00
2023-06-19 16:30:59,296 - AUGCON - INFO - Epoch [2/50]-(20/22) Loss: 1.8348, Acc(1): 50.00, Acc(5): 75.00
2023-06-19 16:30:59,296 - AUGCON - INFO - 	Validation Loss: 1.7565, Acc(1): 47.00, Acc(5): 97.00, F1: 0.12, Recall: 0.12, Precision: 0.13
2023-06-19 16:30:59,296 - AUGCON - INFO - Epoch [3/50]-(0/22) Loss: 1.5481, Acc(1): 50.00, Acc(5): 100.00
2023-06-19 16:30:59,296 - AUGCON - INFO - Epoch [3/50]-(5/22) Loss: 1.7965, Acc(1): 0.00, Acc(5): 100.00
2023-06-19 16:30:59,296 - AUGCON - INFO - Epoch [3/50]-(10/22) Loss: 1.7897, Acc(1): 0.00, Acc(5): 100.00
2023-06-19 16:30:59,296 - AUGCON - INFO - Epoch [3/50]-(15/22) Loss: 2.0466, Acc(1): 25.00, Acc(5): 100.00
2023-06-19 16:30:59,296 - AUGCON - INFO - Epoch [3/50]-(20/22) Loss: 1.6304, Acc(1): 50.00, Acc(5): 100.00
2023-06-19 16:30:59,296 - AUGCON - INFO - 	Validation Loss: 1.6042, Acc(1): 60.00, Acc(5): 95.00, F1: 0.13, Recall: 0.12, Precision: 0.15
2023-06-19 16:30:59,296 - AUGCON - INFO - Epoch [4/50]-(0/22) Loss: 1.6470, Acc(1): 50.00, Acc(5): 100.00
2023-06-19 16:30:59,296 - AUGCON - INFO - Epoch [4/50]-(5/22) Loss: 1.4531, Acc(1): 50.00, Acc(5): 100.00
2023-06-19 16:30:59,296 - AUGCON - INFO - Epoch [4/50]-(10/22) Loss: 1.5128, Acc(1): 75.00, Acc(5): 100.00
2023-06-19 16:30:59,296 - AUGCON - INFO - Epoch [4/50]-(15/22) Loss: 1.5106, Acc(1): 75.00, Acc(5): 100.00
2023-06-19 16:30:59,296 - AUGCON - INFO - Epoch [4/50]-(20/22) Loss: 1.5657, Acc(1): 25.00, Acc(5): 100.00
2023-06-19 16:30:59,297 - AUGCON - INFO - 	Validation Loss: 1.4778, Acc(1): 57.00, Acc(5): 100.00, F1: 0.15, Recall: 0.13, Precision: 0.17
2023-06-19 16:30:59,297 - AUGCON - INFO - Epoch [5/50]-(0/22) Loss: 1.3104, Acc(1): 25.00, Acc(5): 100.00
2023-06-19 16:30:59,297 - AUGCON - INFO - Epoch [5/50]-(5/22) Loss: 1.5630, Acc(1): 50.00, Acc(5): 100.00
2023-06-19 16:30:59,297 - AUGCON - INFO - Epoch [5/50]-(10/22) Loss: 1.6477, Acc(1): 0.00, Acc(5): 100.00
2023-06-19 16:30:59,297 - AUGCON - INFO - Epoch [5/50]-(15/22) Loss: 1.3259, Acc(1): 75.00, Acc(5): 100.00
2023-06-19 16:30:59,297 - AUGCON - INFO - Epoch [5/50]-(20/22) Loss: 1.2577, Acc(1): 100.00, Acc(5): 100.00
2023-06-19 16:30:59,297 - AUGCON - INFO - 	Validation Loss: 1.4446, Acc(1): 59.00, Acc(5): 96.00, F1: 0.12, Recall: 0.12, Precision: 0.13
2023-06-19 16:30:59,297 - AUGCON - INFO - Epoch [6/50]-(0/22) Loss: 1.2095, Acc(1): 100.00, Acc(5): 100.00
2023-06-19 16:30:59,297 - AUGCON - INFO - Epoch [6/50]-(5/22) Loss: 1.5741, Acc(1): 50.00, Acc(5): 100.00
2023-06-19 16:30:59,297 - AUGCON - INFO - Epoch [6/50]-(10/22) Loss: 1.2051, Acc(1): 75.00, Acc(5): 100.00
2023-06-19 16:30:59,297 - AUGCON - INFO - Epoch [6/50]-(15/22) Loss: 1.2031, Acc(1): 50.00, Acc(5): 100.00
2023-06-19 16:30:59,297 - AUGCON - INFO - Epoch [6/50]-(20/22) Loss: 1.4885, Acc(1): 0.00, Acc(5): 100.00
2023-06-19 16:30:59,297 - AUGCON - INFO - 	Validation Loss: 1.3431, Acc(1): 57.00, Acc(5): 97.00, F1: 0.14, Recall: 0.12, Precision: 0.18
2023-06-19 16:30:59,297 - AUGCON - INFO - Epoch [7/50]-(0/22) Loss: 1.3079, Acc(1): 75.00, Acc(5): 100.00
2023-06-19 16:30:59,297 - AUGCON - INFO - Epoch [7/50]-(5/22) Loss: 1.4660, Acc(1): 25.00, Acc(5): 100.00
2023-06-19 16:30:59,297 - AUGCON - INFO - Epoch [7/50]-(10/22) Loss: 1.2876, Acc(1): 75.00, Acc(5): 100.00
2023-06-19 16:30:59,298 - AUGCON - INFO - Epoch [7/50]-(15/22) Loss: 1.3571, Acc(1): 50.00, Acc(5): 100.00
2023-06-19 16:30:59,298 - AUGCON - INFO - Epoch [7/50]-(20/22) Loss: 1.1535, Acc(1): 100.00, Acc(5): 100.00
2023-06-19 16:30:59,298 - AUGCON - INFO - 	Validation Loss: 1.2388, Acc(1): 63.00, Acc(5): 99.00, F1: 0.13, Recall: 0.13, Precision: 0.14
2023-06-19 16:30:59,298 - AUGCON - INFO - Epoch [8/50]-(0/22) Loss: 1.2982, Acc(1): 100.00, Acc(5): 100.00
2023-06-19 16:30:59,298 - AUGCON - INFO - Epoch [8/50]-(5/22) Loss: 1.1863, Acc(1): 75.00, Acc(5): 100.00
2023-06-19 16:30:59,298 - AUGCON - INFO - Epoch [8/50]-(10/22) Loss: 1.5691, Acc(1): 25.00, Acc(5): 100.00
2023-06-19 16:30:59,298 - AUGCON - INFO - Epoch [8/50]-(15/22) Loss: 1.4188, Acc(1): 50.00, Acc(5): 75.00
2023-06-19 16:30:59,298 - AUGCON - INFO - Epoch [8/50]-(20/22) Loss: 1.3373, Acc(1): 50.00, Acc(5): 100.00
2023-06-19 16:30:59,298 - AUGCON - INFO - 	Validation Loss: 1.1979, Acc(1): 67.00, Acc(5): 99.00, F1: 0.15, Recall: 0.14, Precision: 0.16
2023-06-19 16:30:59,298 - AUGCON - INFO - Epoch [9/50]-(0/22) Loss: 0.8860, Acc(1): 100.00, Acc(5): 100.00
2023-06-19 16:30:59,298 - AUGCON - INFO - Epoch [9/50]-(5/22) Loss: 1.0234, Acc(1): 75.00, Acc(5): 100.00
2023-06-19 16:30:59,298 - AUGCON - INFO - Epoch [9/50]-(10/22) Loss: 0.8689, Acc(1): 100.00, Acc(5): 100.00
2023-06-19 16:30:59,298 - AUGCON - INFO - Epoch [9/50]-(15/22) Loss: 1.3127, Acc(1): 50.00, Acc(5): 100.00
2023-06-19 16:30:59,298 - AUGCON - INFO - Epoch [9/50]-(20/22) Loss: 1.1016, Acc(1): 75.00, Acc(5): 100.00
2023-06-19 16:30:59,298 - AUGCON - INFO - 	Validation Loss: 1.1554, Acc(1): 69.00, Acc(5): 98.00, F1: 0.15, Recall: 0.14, Precision: 0.17
2023-06-19 16:30:59,298 - AUGCON - INFO - Epoch [10/50]-(0/22) Loss: 1.0136, Acc(1): 100.00, Acc(5): 100.00
2023-06-19 16:30:59,298 - AUGCON - INFO - Epoch [10/50]-(5/22) Loss: 0.9676, Acc(1): 100.00, Acc(5): 100.00
2023-06-19 16:30:59,299 - AUGCON - INFO - Epoch [10/50]-(10/22) Loss: 1.0324, Acc(1): 75.00, Acc(5): 100.00
2023-06-19 16:30:59,299 - AUGCON - INFO - Epoch [10/50]-(15/22) Loss: 0.9854, Acc(1): 75.00, Acc(5): 100.00
2023-06-19 16:30:59,299 - AUGCON - INFO - Epoch [10/50]-(20/22) Loss: 1.5520, Acc(1): 50.00, Acc(5): 100.00
2023-06-19 16:30:59,299 - AUGCON - INFO - 	Validation Loss: 1.1306, Acc(1): 70.00, Acc(5): 100.00, F1: 0.17, Recall: 0.15, Precision: 0.19
2023-06-19 16:30:59,299 - AUGCON - INFO - Epoch [11/50]-(0/22) Loss: 1.5829, Acc(1): 25.00, Acc(5): 100.00
2023-06-19 16:30:59,299 - AUGCON - INFO - Epoch [11/50]-(5/22) Loss: 1.0499, Acc(1): 75.00, Acc(5): 100.00
2023-06-19 16:30:59,299 - AUGCON - INFO - Epoch [11/50]-(10/22) Loss: 1.1665, Acc(1): 50.00, Acc(5): 100.00
2023-06-19 16:30:59,299 - AUGCON - INFO - Epoch [11/50]-(15/22) Loss: 1.1372, Acc(1): 50.00, Acc(5): 100.00
2023-06-19 16:30:59,299 - AUGCON - INFO - Epoch [11/50]-(20/22) Loss: 0.9084, Acc(1): 75.00, Acc(5): 100.00
2023-06-19 16:30:59,299 - AUGCON - INFO - 	Validation Loss: 1.0678, Acc(1): 71.00, Acc(5): 100.00, F1: 0.16, Recall: 0.15, Precision: 0.17
2023-06-19 16:30:59,299 - AUGCON - INFO - Epoch [12/50]-(0/22) Loss: 1.0352, Acc(1): 50.00, Acc(5): 100.00
2023-06-19 16:30:59,299 - AUGCON - INFO - Epoch [12/50]-(5/22) Loss: 1.0162, Acc(1): 75.00, Acc(5): 100.00
2023-06-19 16:30:59,299 - AUGCON - INFO - Epoch [12/50]-(10/22) Loss: 0.8285, Acc(1): 100.00, Acc(5): 100.00
2023-06-19 16:30:59,299 - AUGCON - INFO - Epoch [12/50]-(15/22) Loss: 0.8969, Acc(1): 75.00, Acc(5): 100.00
2023-06-19 16:30:59,299 - AUGCON - INFO - Epoch [12/50]-(20/22) Loss: 1.1308, Acc(1): 25.00, Acc(5): 100.00
2023-06-19 16:30:59,299 - AUGCON - INFO - 	Validation Loss: 1.0645, Acc(1): 60.00, Acc(5): 98.00, F1: 0.13, Recall: 0.12, Precision: 0.14
2023-06-19 16:30:59,300 - AUGCON - INFO - Epoch [13/50]-(0/22) Loss: 0.9333, Acc(1): 75.00, Acc(5): 100.00
2023-06-19 16:30:59,300 - AUGCON - INFO - Epoch [13/50]-(5/22) Loss: 1.2177, Acc(1): 50.00, Acc(5): 100.00
2023-06-19 16:30:59,300 - AUGCON - INFO - Epoch [13/50]-(10/22) Loss: 1.1461, Acc(1): 75.00, Acc(5): 100.00
2023-06-19 16:30:59,300 - AUGCON - INFO - Epoch [13/50]-(15/22) Loss: 0.8166, Acc(1): 100.00, Acc(5): 100.00
2023-06-19 16:30:59,300 - AUGCON - INFO - Epoch [13/50]-(20/22) Loss: 0.7567, Acc(1): 75.00, Acc(5): 100.00
2023-06-19 16:30:59,300 - AUGCON - INFO - 	Validation Loss: 1.0247, Acc(1): 70.00, Acc(5): 99.00, F1: 0.17, Recall: 0.15, Precision: 0.19
2023-06-19 16:30:59,300 - AUGCON - INFO - Epoch [14/50]-(0/22) Loss: 1.0239, Acc(1): 75.00, Acc(5): 100.00
2023-06-19 16:30:59,300 - AUGCON - INFO - Epoch [14/50]-(5/22) Loss: 0.7363, Acc(1): 100.00, Acc(5): 100.00
2023-06-19 16:30:59,300 - AUGCON - INFO - Epoch [14/50]-(10/22) Loss: 1.1323, Acc(1): 50.00, Acc(5): 100.00
2023-06-19 16:30:59,300 - AUGCON - INFO - Epoch [14/50]-(15/22) Loss: 0.8259, Acc(1): 75.00, Acc(5): 100.00
2023-06-19 16:30:59,300 - AUGCON - INFO - Epoch [14/50]-(20/22) Loss: 1.0089, Acc(1): 75.00, Acc(5): 100.00
2023-06-19 16:30:59,300 - AUGCON - INFO - 	Validation Loss: 0.9913, Acc(1): 66.00, Acc(5): 100.00, F1: 0.14, Recall: 0.14, Precision: 0.15
2023-06-19 16:30:59,300 - AUGCON - INFO - Epoch [15/50]-(0/22) Loss: 0.8431, Acc(1): 75.00, Acc(5): 100.00
2023-06-19 16:30:59,301 - AUGCON - INFO - Epoch [15/50]-(5/22) Loss: 1.2079, Acc(1): 50.00, Acc(5): 100.00
2023-06-19 16:30:59,301 - AUGCON - INFO - Epoch [15/50]-(10/22) Loss: 0.8255, Acc(1): 75.00, Acc(5): 100.00
2023-06-19 16:30:59,301 - AUGCON - INFO - Epoch [15/50]-(15/22) Loss: 1.1213, Acc(1): 75.00, Acc(5): 100.00
2023-06-19 16:30:59,301 - AUGCON - INFO - Epoch [15/50]-(20/22) Loss: 0.9671, Acc(1): 50.00, Acc(5): 100.00
2023-06-19 16:30:59,301 - AUGCON - INFO - 	Validation Loss: 0.9558, Acc(1): 57.00, Acc(5): 100.00, F1: 0.14, Recall: 0.11, Precision: 0.17
2023-06-19 16:30:59,301 - AUGCON - INFO - Epoch [16/50]-(0/22) Loss: 0.8228, Acc(1): 50.00, Acc(5): 100.00
2023-06-19 16:30:59,301 - AUGCON - INFO - Epoch [16/50]-(5/22) Loss: 0.8014, Acc(1): 100.00, Acc(5): 100.00
2023-06-19 16:30:59,301 - AUGCON - INFO - Epoch [16/50]-(10/22) Loss: 0.9023, Acc(1): 100.00, Acc(5): 100.00
2023-06-19 16:30:59,301 - AUGCON - INFO - Epoch [16/50]-(15/22) Loss: 0.9198, Acc(1): 100.00, Acc(5): 100.00
2023-06-19 16:30:59,301 - AUGCON - INFO - Epoch [16/50]-(20/22) Loss: 0.6449, Acc(1): 100.00, Acc(5): 100.00
2023-06-19 16:30:59,301 - AUGCON - INFO - 	Validation Loss: 0.9650, Acc(1): 68.00, Acc(5): 100.00, F1: 0.15, Recall: 0.14, Precision: 0.16
2023-06-19 16:30:59,301 - AUGCON - INFO - Epoch [17/50]-(0/22) Loss: 0.7278, Acc(1): 100.00, Acc(5): 100.00
2023-06-19 16:30:59,301 - AUGCON - INFO - Epoch [17/50]-(5/22) Loss: 0.8095, Acc(1): 75.00, Acc(5): 100.00
2023-06-19 16:30:59,301 - AUGCON - INFO - Epoch [17/50]-(10/22) Loss: 0.9255, Acc(1): 75.00, Acc(5): 100.00
2023-06-19 16:30:59,301 - AUGCON - INFO - Epoch [17/50]-(15/22) Loss: 0.9696, Acc(1): 75.00, Acc(5): 100.00
2023-06-19 16:30:59,301 - AUGCON - INFO - Epoch [17/50]-(20/22) Loss: 0.7520, Acc(1): 75.00, Acc(5): 100.00
2023-06-19 16:30:59,302 - AUGCON - INFO - 	Validation Loss: 0.9114, Acc(1): 74.00, Acc(5): 100.00, F1: 0.17, Recall: 0.16, Precision: 0.19
2023-06-19 16:30:59,302 - AUGCON - INFO - Epoch [18/50]-(0/22) Loss: 1.1201, Acc(1): 50.00, Acc(5): 100.00
2023-06-19 16:30:59,302 - AUGCON - INFO - Epoch [18/50]-(5/22) Loss: 1.0091, Acc(1): 50.00, Acc(5): 100.00
2023-06-19 16:30:59,302 - AUGCON - INFO - Epoch [18/50]-(10/22) Loss: 0.6257, Acc(1): 100.00, Acc(5): 100.00
2023-06-19 16:30:59,302 - AUGCON - INFO - Epoch [18/50]-(15/22) Loss: 0.9396, Acc(1): 75.00, Acc(5): 100.00
2023-06-19 16:30:59,302 - AUGCON - INFO - Epoch [18/50]-(20/22) Loss: 0.6871, Acc(1): 75.00, Acc(5): 100.00
2023-06-19 16:30:59,302 - AUGCON - INFO - 	Validation Loss: 0.9163, Acc(1): 71.00, Acc(5): 100.00, F1: 0.16, Recall: 0.15, Precision: 0.18
2023-06-19 16:30:59,302 - AUGCON - INFO - Epoch [19/50]-(0/22) Loss: 0.8196, Acc(1): 100.00, Acc(5): 100.00
2023-06-19 16:30:59,302 - AUGCON - INFO - Epoch [19/50]-(5/22) Loss: 1.2203, Acc(1): 50.00, Acc(5): 100.00
2023-06-19 16:30:59,302 - AUGCON - INFO - Epoch [19/50]-(10/22) Loss: 1.0309, Acc(1): 50.00, Acc(5): 100.00
2023-06-19 16:30:59,302 - AUGCON - INFO - Epoch [19/50]-(15/22) Loss: 1.0120, Acc(1): 75.00, Acc(5): 100.00
2023-06-19 16:30:59,302 - AUGCON - INFO - Epoch [19/50]-(20/22) Loss: 0.5901, Acc(1): 100.00, Acc(5): 100.00
2023-06-19 16:30:59,302 - AUGCON - INFO - 	Validation Loss: 0.9017, Acc(1): 72.00, Acc(5): 100.00, F1: 0.17, Recall: 0.15, Precision: 0.19
2023-06-19 16:30:59,302 - AUGCON - INFO - Epoch [20/50]-(0/22) Loss: 0.6458, Acc(1): 100.00, Acc(5): 100.00
2023-06-19 16:30:59,302 - AUGCON - INFO - Epoch [20/50]-(5/22) Loss: 0.6027, Acc(1): 100.00, Acc(5): 100.00
2023-06-19 16:30:59,302 - AUGCON - INFO - Epoch [20/50]-(10/22) Loss: 0.7780, Acc(1): 50.00, Acc(5): 100.00
2023-06-19 16:30:59,303 - AUGCON - INFO - Epoch [20/50]-(15/22) Loss: 0.8125, Acc(1): 75.00, Acc(5): 100.00
2023-06-19 16:30:59,303 - AUGCON - INFO - Epoch [20/50]-(20/22) Loss: 0.7473, Acc(1): 75.00, Acc(5): 100.00
2023-06-19 16:30:59,303 - AUGCON - INFO - 	Validation Loss: 0.9095, Acc(1): 70.00, Acc(5): 100.00, F1: 0.16, Recall: 0.15, Precision: 0.18
2023-06-19 16:30:59,303 - AUGCON - INFO - Epoch [21/50]-(0/22) Loss: 0.9079, Acc(1): 75.00, Acc(5): 100.00
2023-06-19 16:30:59,303 - AUGCON - INFO - Epoch [21/50]-(5/22) Loss: 0.7952, Acc(1): 75.00, Acc(5): 100.00
2023-06-19 16:30:59,303 - AUGCON - INFO - Epoch [21/50]-(10/22) Loss: 0.8604, Acc(1): 75.00, Acc(5): 100.00
2023-06-19 16:30:59,303 - AUGCON - INFO - Epoch [21/50]-(15/22) Loss: 0.6478, Acc(1): 75.00, Acc(5): 100.00
2023-06-19 16:30:59,303 - AUGCON - INFO - Epoch [21/50]-(20/22) Loss: 0.9900, Acc(1): 50.00, Acc(5): 100.00
2023-06-19 16:30:59,303 - AUGCON - INFO - 	Validation Loss: 0.8744, Acc(1): 69.00, Acc(5): 100.00, F1: 0.16, Recall: 0.14, Precision: 0.18
2023-06-19 16:30:59,303 - AUGCON - INFO - Epoch [22/50]-(0/22) Loss: 1.2427, Acc(1): 25.00, Acc(5): 100.00
2023-06-19 16:30:59,303 - AUGCON - INFO - Epoch [22/50]-(5/22) Loss: 0.5685, Acc(1): 100.00, Acc(5): 100.00
2023-06-19 16:30:59,303 - AUGCON - INFO - Epoch [22/50]-(10/22) Loss: 0.7319, Acc(1): 75.00, Acc(5): 100.00
2023-06-19 16:30:59,303 - AUGCON - INFO - Epoch [22/50]-(15/22) Loss: 0.7465, Acc(1): 75.00, Acc(5): 100.00
2023-06-19 16:30:59,303 - AUGCON - INFO - Epoch [22/50]-(20/22) Loss: 0.6422, Acc(1): 100.00, Acc(5): 100.00
2023-06-19 16:30:59,303 - AUGCON - INFO - 	Validation Loss: 0.8401, Acc(1): 72.00, Acc(5): 100.00, F1: 0.17, Recall: 0.15, Precision: 0.18
2023-06-19 16:30:59,303 - AUGCON - INFO - Epoch [23/50]-(0/22) Loss: 0.5014, Acc(1): 100.00, Acc(5): 100.00
2023-06-19 16:30:59,304 - AUGCON - INFO - Epoch [23/50]-(5/22) Loss: 0.6258, Acc(1): 100.00, Acc(5): 100.00
2023-06-19 16:30:59,304 - AUGCON - INFO - Epoch [23/50]-(10/22) Loss: 0.5877, Acc(1): 100.00, Acc(5): 100.00
2023-06-19 16:30:59,304 - AUGCON - INFO - Epoch [23/50]-(15/22) Loss: 0.8368, Acc(1): 75.00, Acc(5): 100.00
2023-06-19 16:30:59,304 - AUGCON - INFO - Epoch [23/50]-(20/22) Loss: 0.8262, Acc(1): 75.00, Acc(5): 100.00
2023-06-19 16:30:59,304 - AUGCON - INFO - 	Validation Loss: 0.8318, Acc(1): 77.00, Acc(5): 100.00, F1: 0.17, Recall: 0.16, Precision: 0.18
2023-06-19 16:30:59,304 - AUGCON - INFO - Epoch [24/50]-(0/22) Loss: 0.7496, Acc(1): 75.00, Acc(5): 100.00
2023-06-19 16:30:59,304 - AUGCON - INFO - Epoch [24/50]-(5/22) Loss: 0.6562, Acc(1): 75.00, Acc(5): 100.00
2023-06-19 16:30:59,304 - AUGCON - INFO - Epoch [24/50]-(10/22) Loss: 0.6465, Acc(1): 75.00, Acc(5): 100.00
2023-06-19 16:30:59,304 - AUGCON - INFO - Epoch [24/50]-(15/22) Loss: 0.7861, Acc(1): 75.00, Acc(5): 100.00
2023-06-19 16:30:59,304 - AUGCON - INFO - Epoch [24/50]-(20/22) Loss: 0.9867, Acc(1): 50.00, Acc(5): 100.00
2023-06-19 16:30:59,304 - AUGCON - INFO - 	Validation Loss: 0.7881, Acc(1): 81.00, Acc(5): 100.00, F1: 0.18, Recall: 0.17, Precision: 0.20
2023-06-19 16:30:59,304 - AUGCON - INFO - Epoch [25/50]-(0/22) Loss: 1.0267, Acc(1): 25.00, Acc(5): 100.00
2023-06-19 16:30:59,304 - AUGCON - INFO - Epoch [25/50]-(5/22) Loss: 0.4020, Acc(1): 100.00, Acc(5): 100.00
2023-06-19 16:30:59,304 - AUGCON - INFO - Epoch [25/50]-(10/22) Loss: 0.8335, Acc(1): 50.00, Acc(5): 100.00
2023-06-19 16:30:59,304 - AUGCON - INFO - Epoch [25/50]-(15/22) Loss: 0.9488, Acc(1): 75.00, Acc(5): 100.00
2023-06-19 16:30:59,304 - AUGCON - INFO - Epoch [25/50]-(20/22) Loss: 0.6134, Acc(1): 75.00, Acc(5): 100.00
2023-06-19 16:30:59,305 - AUGCON - INFO - 	Validation Loss: 0.8142, Acc(1): 72.00, Acc(5): 100.00, F1: 0.16, Recall: 0.15, Precision: 0.17
2023-06-19 16:30:59,305 - AUGCON - INFO - Epoch [26/50]-(0/22) Loss: 0.4312, Acc(1): 100.00, Acc(5): 100.00
2023-06-19 16:30:59,305 - AUGCON - INFO - Epoch [26/50]-(5/22) Loss: 0.6722, Acc(1): 75.00, Acc(5): 100.00
2023-06-19 16:30:59,305 - AUGCON - INFO - Epoch [26/50]-(10/22) Loss: 0.6829, Acc(1): 100.00, Acc(5): 100.00
2023-06-19 16:30:59,305 - AUGCON - INFO - Epoch [26/50]-(15/22) Loss: 0.9639, Acc(1): 50.00, Acc(5): 100.00
2023-06-19 16:30:59,305 - AUGCON - INFO - Epoch [26/50]-(20/22) Loss: 0.7704, Acc(1): 75.00, Acc(5): 100.00
2023-06-19 16:30:59,305 - AUGCON - INFO - 	Validation Loss: 0.7601, Acc(1): 80.00, Acc(5): 100.00, F1: 0.18, Recall: 0.17, Precision: 0.19
2023-06-19 16:30:59,305 - AUGCON - INFO - Epoch [27/50]-(0/22) Loss: 0.7251, Acc(1): 75.00, Acc(5): 100.00
2023-06-19 16:30:59,305 - AUGCON - INFO - Epoch [27/50]-(5/22) Loss: 0.6383, Acc(1): 75.00, Acc(5): 100.00
2023-06-19 16:30:59,305 - AUGCON - INFO - Epoch [27/50]-(10/22) Loss: 0.9327, Acc(1): 50.00, Acc(5): 100.00
2023-06-19 16:30:59,305 - AUGCON - INFO - Epoch [27/50]-(15/22) Loss: 0.6901, Acc(1): 75.00, Acc(5): 100.00
2023-06-19 16:30:59,305 - AUGCON - INFO - Epoch [27/50]-(20/22) Loss: 0.5184, Acc(1): 75.00, Acc(5): 100.00
2023-06-19 16:30:59,305 - AUGCON - INFO - 	Validation Loss: 0.7522, Acc(1): 71.00, Acc(5): 100.00, F1: 0.16, Recall: 0.15, Precision: 0.18
2023-06-19 16:30:59,305 - AUGCON - INFO - Epoch [28/50]-(0/22) Loss: 0.8621, Acc(1): 75.00, Acc(5): 100.00
2023-06-19 16:30:59,305 - AUGCON - INFO - Epoch [28/50]-(5/22) Loss: 0.7249, Acc(1): 100.00, Acc(5): 100.00
2023-06-19 16:30:59,305 - AUGCON - INFO - Epoch [28/50]-(10/22) Loss: 0.6337, Acc(1): 75.00, Acc(5): 100.00
2023-06-19 16:30:59,306 - AUGCON - INFO - Epoch [28/50]-(15/22) Loss: 0.5313, Acc(1): 75.00, Acc(5): 100.00
2023-06-19 16:30:59,306 - AUGCON - INFO - Epoch [28/50]-(20/22) Loss: 0.6282, Acc(1): 100.00, Acc(5): 100.00
2023-06-19 16:30:59,306 - AUGCON - INFO - 	Validation Loss: 0.7689, Acc(1): 72.00, Acc(5): 100.00, F1: 0.16, Recall: 0.15, Precision: 0.17
2023-06-19 16:30:59,306 - AUGCON - INFO - Epoch [29/50]-(0/22) Loss: 0.5604, Acc(1): 75.00, Acc(5): 100.00
2023-06-19 16:30:59,306 - AUGCON - INFO - Epoch [29/50]-(5/22) Loss: 1.0840, Acc(1): 50.00, Acc(5): 100.00
2023-06-19 16:30:59,306 - AUGCON - INFO - Epoch [29/50]-(10/22) Loss: 0.5273, Acc(1): 75.00, Acc(5): 100.00
2023-06-19 16:30:59,306 - AUGCON - INFO - Epoch [29/50]-(15/22) Loss: 0.7354, Acc(1): 75.00, Acc(5): 100.00
2023-06-19 16:30:59,306 - AUGCON - INFO - Epoch [29/50]-(20/22) Loss: 1.1331, Acc(1): 50.00, Acc(5): 100.00
2023-06-19 16:30:59,306 - AUGCON - INFO - 	Validation Loss: 0.7805, Acc(1): 78.00, Acc(5): 99.00, F1: 0.18, Recall: 0.17, Precision: 0.19
2023-06-19 16:30:59,306 - AUGCON - INFO - Epoch [30/50]-(0/22) Loss: 0.4123, Acc(1): 100.00, Acc(5): 100.00
2023-06-19 16:30:59,306 - AUGCON - INFO - Epoch [30/50]-(5/22) Loss: 0.5706, Acc(1): 100.00, Acc(5): 100.00
2023-06-19 16:30:59,306 - AUGCON - INFO - Epoch [30/50]-(10/22) Loss: 0.8638, Acc(1): 50.00, Acc(5): 100.00
2023-06-19 16:30:59,306 - AUGCON - INFO - Epoch [30/50]-(15/22) Loss: 0.6610, Acc(1): 100.00, Acc(5): 100.00
2023-06-19 16:30:59,306 - AUGCON - INFO - Epoch [30/50]-(20/22) Loss: 0.4223, Acc(1): 100.00, Acc(5): 100.00
2023-06-19 16:30:59,306 - AUGCON - INFO - 	Validation Loss: 0.7537, Acc(1): 76.00, Acc(5): 100.00, F1: 0.18, Recall: 0.16, Precision: 0.20
2023-06-19 16:30:59,306 - AUGCON - INFO - Epoch [31/50]-(0/22) Loss: 0.9124, Acc(1): 75.00, Acc(5): 100.00
2023-06-19 16:30:59,307 - AUGCON - INFO - Epoch [31/50]-(5/22) Loss: 0.6393, Acc(1): 75.00, Acc(5): 100.00
2023-06-19 16:30:59,307 - AUGCON - INFO - Epoch [31/50]-(10/22) Loss: 0.9130, Acc(1): 75.00, Acc(5): 100.00
2023-06-19 16:30:59,307 - AUGCON - INFO - Epoch [31/50]-(15/22) Loss: 0.6154, Acc(1): 100.00, Acc(5): 100.00
2023-06-19 16:30:59,307 - AUGCON - INFO - Epoch [31/50]-(20/22) Loss: 0.5232, Acc(1): 100.00, Acc(5): 100.00
2023-06-19 16:30:59,307 - AUGCON - INFO - 	Validation Loss: 0.7633, Acc(1): 73.00, Acc(5): 100.00, F1: 0.17, Recall: 0.15, Precision: 0.19
2023-06-19 16:30:59,307 - AUGCON - INFO - Epoch [32/50]-(0/22) Loss: 0.7406, Acc(1): 75.00, Acc(5): 100.00
2023-06-19 16:30:59,307 - AUGCON - INFO - Epoch [32/50]-(5/22) Loss: 0.6177, Acc(1): 100.00, Acc(5): 100.00
2023-06-19 16:30:59,307 - AUGCON - INFO - Epoch [32/50]-(10/22) Loss: 0.5444, Acc(1): 100.00, Acc(5): 100.00
2023-06-19 16:30:59,307 - AUGCON - INFO - Epoch [32/50]-(15/22) Loss: 0.7755, Acc(1): 75.00, Acc(5): 100.00
2023-06-19 16:30:59,307 - AUGCON - INFO - Epoch [32/50]-(20/22) Loss: 0.5166, Acc(1): 100.00, Acc(5): 100.00
2023-06-19 16:30:59,307 - AUGCON - INFO - 	Validation Loss: 0.7430, Acc(1): 70.00, Acc(5): 100.00, F1: 0.15, Recall: 0.15, Precision: 0.16
2023-06-19 16:30:59,307 - AUGCON - INFO - Epoch [33/50]-(0/22) Loss: 0.4588, Acc(1): 100.00, Acc(5): 100.00
2023-06-19 16:30:59,307 - AUGCON - INFO - Epoch [33/50]-(5/22) Loss: 0.4268, Acc(1): 100.00, Acc(5): 100.00
2023-06-19 16:30:59,307 - AUGCON - INFO - Epoch [33/50]-(10/22) Loss: 0.3166, Acc(1): 100.00, Acc(5): 100.00
2023-06-19 16:30:59,307 - AUGCON - INFO - Epoch [33/50]-(15/22) Loss: 1.0469, Acc(1): 50.00, Acc(5): 100.00
2023-06-19 16:30:59,307 - AUGCON - INFO - Epoch [33/50]-(20/22) Loss: 0.6500, Acc(1): 75.00, Acc(5): 100.00
2023-06-19 16:30:59,308 - AUGCON - INFO - 	Validation Loss: 0.7182, Acc(1): 78.00, Acc(5): 100.00, F1: 0.18, Recall: 0.17, Precision: 0.19
2023-06-19 16:30:59,308 - AUGCON - INFO - Epoch [34/50]-(0/22) Loss: 0.4370, Acc(1): 100.00, Acc(5): 100.00
2023-06-19 16:30:59,308 - AUGCON - INFO - Epoch [34/50]-(5/22) Loss: 0.8380, Acc(1): 50.00, Acc(5): 100.00
2023-06-19 16:30:59,308 - AUGCON - INFO - Epoch [34/50]-(10/22) Loss: 0.6636, Acc(1): 75.00, Acc(5): 100.00
2023-06-19 16:30:59,308 - AUGCON - INFO - Epoch [34/50]-(15/22) Loss: 0.8516, Acc(1): 25.00, Acc(5): 100.00
2023-06-19 16:30:59,308 - AUGCON - INFO - Epoch [34/50]-(20/22) Loss: 0.9295, Acc(1): 50.00, Acc(5): 100.00
2023-06-19 16:30:59,308 - AUGCON - INFO - 	Validation Loss: 0.7385, Acc(1): 74.00, Acc(5): 100.00, F1: 0.17, Recall: 0.16, Precision: 0.18
2023-06-19 16:30:59,308 - AUGCON - INFO - Epoch [35/50]-(0/22) Loss: 0.5062, Acc(1): 100.00, Acc(5): 100.00
2023-06-19 16:30:59,308 - AUGCON - INFO - Epoch [35/50]-(5/22) Loss: 0.7620, Acc(1): 75.00, Acc(5): 100.00
2023-06-19 16:30:59,308 - AUGCON - INFO - Epoch [35/50]-(10/22) Loss: 0.4448, Acc(1): 100.00, Acc(5): 100.00
2023-06-19 16:30:59,308 - AUGCON - INFO - Epoch [35/50]-(15/22) Loss: 0.6430, Acc(1): 100.00, Acc(5): 100.00
2023-06-19 16:30:59,308 - AUGCON - INFO - Epoch [35/50]-(20/22) Loss: 0.7048, Acc(1): 50.00, Acc(5): 100.00
2023-06-19 16:30:59,308 - AUGCON - INFO - 	Validation Loss: 0.6933, Acc(1): 76.00, Acc(5): 100.00, F1: 0.17, Recall: 0.16, Precision: 0.17
2023-06-19 16:30:59,308 - AUGCON - INFO - Epoch [36/50]-(0/22) Loss: 0.7760, Acc(1): 50.00, Acc(5): 100.00
2023-06-19 16:30:59,308 - AUGCON - INFO - Epoch [36/50]-(5/22) Loss: 0.6179, Acc(1): 75.00, Acc(5): 100.00
2023-06-19 16:30:59,309 - AUGCON - INFO - Epoch [36/50]-(10/22) Loss: 0.5992, Acc(1): 100.00, Acc(5): 100.00
2023-06-19 16:30:59,309 - AUGCON - INFO - Epoch [36/50]-(15/22) Loss: 0.3880, Acc(1): 100.00, Acc(5): 100.00
2023-06-19 16:30:59,309 - AUGCON - INFO - Epoch [36/50]-(20/22) Loss: 0.9427, Acc(1): 75.00, Acc(5): 100.00
2023-06-19 16:30:59,309 - AUGCON - INFO - 	Validation Loss: 0.7142, Acc(1): 79.00, Acc(5): 100.00, F1: 0.18, Recall: 0.17, Precision: 0.20
2023-06-19 16:30:59,309 - AUGCON - INFO - Epoch [37/50]-(0/22) Loss: 0.4897, Acc(1): 100.00, Acc(5): 100.00
2023-06-19 16:30:59,309 - AUGCON - INFO - Epoch [37/50]-(5/22) Loss: 0.5042, Acc(1): 75.00, Acc(5): 100.00
2023-06-19 16:30:59,309 - AUGCON - INFO - Epoch [37/50]-(10/22) Loss: 0.5423, Acc(1): 75.00, Acc(5): 100.00
2023-06-19 16:30:59,309 - AUGCON - INFO - Epoch [37/50]-(15/22) Loss: 0.5726, Acc(1): 100.00, Acc(5): 100.00
2023-06-19 16:30:59,309 - AUGCON - INFO - Epoch [37/50]-(20/22) Loss: 0.6713, Acc(1): 100.00, Acc(5): 100.00
2023-06-19 16:30:59,309 - AUGCON - INFO - 	Validation Loss: 0.7199, Acc(1): 74.00, Acc(5): 100.00, F1: 0.17, Recall: 0.16, Precision: 0.18
2023-06-19 16:30:59,309 - AUGCON - INFO - Epoch [38/50]-(0/22) Loss: 0.5700, Acc(1): 75.00, Acc(5): 100.00
2023-06-19 16:30:59,309 - AUGCON - INFO - Epoch [38/50]-(5/22) Loss: 0.4204, Acc(1): 100.00, Acc(5): 100.00
2023-06-19 16:30:59,309 - AUGCON - INFO - Epoch [38/50]-(10/22) Loss: 0.8206, Acc(1): 50.00, Acc(5): 100.00
2023-06-19 16:30:59,309 - AUGCON - INFO - Epoch [38/50]-(15/22) Loss: 0.6851, Acc(1): 75.00, Acc(5): 100.00
2023-06-19 16:30:59,309 - AUGCON - INFO - Epoch [38/50]-(20/22) Loss: 0.8359, Acc(1): 50.00, Acc(5): 100.00
2023-06-19 16:30:59,310 - AUGCON - INFO - 	Validation Loss: 0.6887, Acc(1): 77.00, Acc(5): 100.00, F1: 0.17, Recall: 0.16, Precision: 0.18
2023-06-19 16:30:59,310 - AUGCON - INFO - Epoch [39/50]-(0/22) Loss: 0.5926, Acc(1): 75.00, Acc(5): 100.00
2023-06-19 16:30:59,310 - AUGCON - INFO - Epoch [39/50]-(5/22) Loss: 0.7144, Acc(1): 75.00, Acc(5): 100.00
2023-06-19 16:30:59,310 - AUGCON - INFO - Epoch [39/50]-(10/22) Loss: 0.8484, Acc(1): 50.00, Acc(5): 100.00
2023-06-19 16:30:59,310 - AUGCON - INFO - Epoch [39/50]-(15/22) Loss: 0.6621, Acc(1): 100.00, Acc(5): 100.00
2023-06-19 16:30:59,310 - AUGCON - INFO - Epoch [39/50]-(20/22) Loss: 0.4900, Acc(1): 100.00, Acc(5): 100.00
2023-06-19 16:30:59,310 - AUGCON - INFO - 	Validation Loss: 0.6758, Acc(1): 74.00, Acc(5): 100.00, F1: 0.17, Recall: 0.16, Precision: 0.18
2023-06-19 16:30:59,310 - AUGCON - INFO - Epoch [40/50]-(0/22) Loss: 0.7154, Acc(1): 75.00, Acc(5): 100.00
2023-06-19 16:30:59,310 - AUGCON - INFO - Epoch [40/50]-(5/22) Loss: 0.6015, Acc(1): 75.00, Acc(5): 100.00
2023-06-19 16:30:59,310 - AUGCON - INFO - Epoch [40/50]-(10/22) Loss: 0.8794, Acc(1): 75.00, Acc(5): 100.00
2023-06-19 16:30:59,310 - AUGCON - INFO - Epoch [40/50]-(15/22) Loss: 0.3411, Acc(1): 100.00, Acc(5): 100.00
2023-06-19 16:30:59,310 - AUGCON - INFO - Epoch [40/50]-(20/22) Loss: 0.6142, Acc(1): 75.00, Acc(5): 100.00
2023-06-19 16:30:59,310 - AUGCON - INFO - 	Validation Loss: 0.6209, Acc(1): 83.00, Acc(5): 100.00, F1: 0.19, Recall: 0.18, Precision: 0.20
2023-06-19 16:30:59,310 - AUGCON - INFO - Epoch [41/50]-(0/22) Loss: 0.4178, Acc(1): 100.00, Acc(5): 100.00
2023-06-19 16:30:59,310 - AUGCON - INFO - Epoch [41/50]-(5/22) Loss: 0.4632, Acc(1): 100.00, Acc(5): 100.00
2023-06-19 16:30:59,310 - AUGCON - INFO - Epoch [41/50]-(10/22) Loss: 0.3042, Acc(1): 100.00, Acc(5): 100.00
2023-06-19 16:30:59,310 - AUGCON - INFO - Epoch [41/50]-(15/22) Loss: 0.3123, Acc(1): 100.00, Acc(5): 100.00
2023-06-19 16:30:59,311 - AUGCON - INFO - Epoch [41/50]-(20/22) Loss: 1.0576, Acc(1): 50.00, Acc(5): 100.00
2023-06-19 16:30:59,311 - AUGCON - INFO - 	Validation Loss: 0.6602, Acc(1): 77.00, Acc(5): 100.00, F1: 0.17, Recall: 0.16, Precision: 0.18
2023-06-19 16:30:59,311 - AUGCON - INFO - Epoch [42/50]-(0/22) Loss: 0.4442, Acc(1): 100.00, Acc(5): 100.00
2023-06-19 16:30:59,311 - AUGCON - INFO - Epoch [42/50]-(5/22) Loss: 0.5822, Acc(1): 75.00, Acc(5): 100.00
2023-06-19 16:30:59,311 - AUGCON - INFO - Epoch [42/50]-(10/22) Loss: 0.3115, Acc(1): 100.00, Acc(5): 100.00
2023-06-19 16:30:59,311 - AUGCON - INFO - Epoch [42/50]-(15/22) Loss: 0.5661, Acc(1): 75.00, Acc(5): 100.00
2023-06-19 16:30:59,311 - AUGCON - INFO - Epoch [42/50]-(20/22) Loss: 0.7370, Acc(1): 75.00, Acc(5): 100.00
2023-06-19 16:30:59,311 - AUGCON - INFO - 	Validation Loss: 0.6767, Acc(1): 76.00, Acc(5): 100.00, F1: 0.17, Recall: 0.16, Precision: 0.18
2023-06-19 16:30:59,311 - AUGCON - INFO - Epoch [43/50]-(0/22) Loss: 0.2739, Acc(1): 100.00, Acc(5): 100.00
2023-06-19 16:30:59,311 - AUGCON - INFO - Epoch [43/50]-(5/22) Loss: 0.4517, Acc(1): 100.00, Acc(5): 100.00
2023-06-19 16:30:59,311 - AUGCON - INFO - Epoch [43/50]-(10/22) Loss: 0.3727, Acc(1): 100.00, Acc(5): 100.00
2023-06-19 16:30:59,311 - AUGCON - INFO - Epoch [43/50]-(15/22) Loss: 0.3904, Acc(1): 100.00, Acc(5): 100.00
2023-06-19 16:30:59,311 - AUGCON - INFO - Epoch [43/50]-(20/22) Loss: 0.7563, Acc(1): 75.00, Acc(5): 100.00
2023-06-19 16:30:59,311 - AUGCON - INFO - 	Validation Loss: 0.6966, Acc(1): 73.00, Acc(5): 100.00, F1: 0.16, Recall: 0.16, Precision: 0.17
2023-06-19 16:30:59,311 - AUGCON - INFO - Epoch [44/50]-(0/22) Loss: 0.6130, Acc(1): 75.00, Acc(5): 100.00
2023-06-19 16:30:59,311 - AUGCON - INFO - Epoch [44/50]-(5/22) Loss: 1.0189, Acc(1): 50.00, Acc(5): 100.00
2023-06-19 16:30:59,312 - AUGCON - INFO - Epoch [44/50]-(10/22) Loss: 0.5634, Acc(1): 100.00, Acc(5): 100.00
2023-06-19 16:30:59,312 - AUGCON - INFO - Epoch [44/50]-(15/22) Loss: 0.3693, Acc(1): 100.00, Acc(5): 100.00
2023-06-19 16:30:59,312 - AUGCON - INFO - Epoch [44/50]-(20/22) Loss: 0.3916, Acc(1): 100.00, Acc(5): 100.00
2023-06-19 16:30:59,312 - AUGCON - INFO - 	Validation Loss: 0.6255, Acc(1): 80.00, Acc(5): 100.00, F1: 0.18, Recall: 0.17, Precision: 0.20
2023-06-19 16:30:59,312 - AUGCON - INFO - Epoch [45/50]-(0/22) Loss: 0.6326, Acc(1): 75.00, Acc(5): 100.00
2023-06-19 16:30:59,312 - AUGCON - INFO - Epoch [45/50]-(5/22) Loss: 0.4341, Acc(1): 100.00, Acc(5): 100.00
2023-06-19 16:30:59,312 - AUGCON - INFO - Epoch [45/50]-(10/22) Loss: 0.2441, Acc(1): 100.00, Acc(5): 100.00
2023-06-19 16:30:59,312 - AUGCON - INFO - Epoch [45/50]-(15/22) Loss: 0.4556, Acc(1): 100.00, Acc(5): 100.00
2023-06-19 16:30:59,312 - AUGCON - INFO - Epoch [45/50]-(20/22) Loss: 0.6894, Acc(1): 75.00, Acc(5): 100.00
2023-06-19 16:30:59,312 - AUGCON - INFO - 	Validation Loss: 0.6515, Acc(1): 77.00, Acc(5): 100.00, F1: 0.18, Recall: 0.16, Precision: 0.19
2023-06-19 16:30:59,312 - AUGCON - INFO - Epoch [46/50]-(0/22) Loss: 0.2290, Acc(1): 100.00, Acc(5): 100.00
2023-06-19 16:30:59,312 - AUGCON - INFO - Epoch [46/50]-(5/22) Loss: 0.5530, Acc(1): 75.00, Acc(5): 100.00
2023-06-19 16:30:59,312 - AUGCON - INFO - Epoch [46/50]-(10/22) Loss: 0.4072, Acc(1): 100.00, Acc(5): 100.00
2023-06-19 16:30:59,312 - AUGCON - INFO - Epoch [46/50]-(15/22) Loss: 0.3716, Acc(1): 100.00, Acc(5): 100.00
2023-06-19 16:30:59,312 - AUGCON - INFO - Epoch [46/50]-(20/22) Loss: 0.4760, Acc(1): 100.00, Acc(5): 100.00
2023-06-19 16:30:59,312 - AUGCON - INFO - 	Validation Loss: 0.6660, Acc(1): 76.00, Acc(5): 100.00, F1: 0.17, Recall: 0.16, Precision: 0.17
2023-06-19 16:30:59,313 - AUGCON - INFO - Epoch [47/50]-(0/22) Loss: 0.2595, Acc(1): 100.00, Acc(5): 100.00
2023-06-19 16:30:59,313 - AUGCON - INFO - Epoch [47/50]-(5/22) Loss: 0.6557, Acc(1): 75.00, Acc(5): 100.00
2023-06-19 16:30:59,313 - AUGCON - INFO - Epoch [47/50]-(10/22) Loss: 0.6478, Acc(1): 75.00, Acc(5): 100.00
2023-06-19 16:30:59,313 - AUGCON - INFO - Epoch [47/50]-(15/22) Loss: 0.4638, Acc(1): 100.00, Acc(5): 100.00
2023-06-19 16:30:59,313 - AUGCON - INFO - Epoch [47/50]-(20/22) Loss: 0.6426, Acc(1): 75.00, Acc(5): 100.00
2023-06-19 16:30:59,313 - AUGCON - INFO - 	Validation Loss: 0.6583, Acc(1): 79.00, Acc(5): 100.00, F1: 0.18, Recall: 0.17, Precision: 0.19
2023-06-19 16:30:59,313 - AUGCON - INFO - Epoch [48/50]-(0/22) Loss: 0.3665, Acc(1): 100.00, Acc(5): 100.00
2023-06-19 16:30:59,313 - AUGCON - INFO - Epoch [48/50]-(5/22) Loss: 0.2162, Acc(1): 100.00, Acc(5): 100.00
2023-06-19 16:30:59,313 - AUGCON - INFO - Epoch [48/50]-(10/22) Loss: 0.7912, Acc(1): 75.00, Acc(5): 100.00
2023-06-19 16:30:59,313 - AUGCON - INFO - Epoch [48/50]-(15/22) Loss: 0.4267, Acc(1): 75.00, Acc(5): 100.00
2023-06-19 16:30:59,313 - AUGCON - INFO - Epoch [48/50]-(20/22) Loss: 0.9839, Acc(1): 50.00, Acc(5): 100.00
2023-06-19 16:30:59,313 - AUGCON - INFO - 	Validation Loss: 0.6497, Acc(1): 75.00, Acc(5): 100.00, F1: 0.17, Recall: 0.16, Precision: 0.17
2023-06-19 16:30:59,313 - AUGCON - INFO - Epoch [49/50]-(0/22) Loss: 0.3664, Acc(1): 100.00, Acc(5): 100.00
2023-06-19 16:30:59,313 - AUGCON - INFO - Epoch [49/50]-(5/22) Loss: 0.7451, Acc(1): 75.00, Acc(5): 100.00
2023-06-19 16:30:59,313 - AUGCON - INFO - Epoch [49/50]-(10/22) Loss: 0.8400, Acc(1): 75.00, Acc(5): 100.00
2023-06-19 16:30:59,313 - AUGCON - INFO - Epoch [49/50]-(15/22) Loss: 0.4926, Acc(1): 75.00, Acc(5): 100.00
2023-06-19 16:30:59,314 - AUGCON - INFO - Epoch [49/50]-(20/22) Loss: 0.2661, Acc(1): 100.00, Acc(5): 100.00
2023-06-19 16:30:59,314 - AUGCON - INFO - 	Validation Loss: 0.6341, Acc(1): 80.00, Acc(5): 100.00, F1: 0.18, Recall: 0.17, Precision: 0.20
2023-06-19 16:30:59,314 - AUGCON - INFO - Epoch [50/50]-(0/22) Loss: 0.4303, Acc(1): 75.00, Acc(5): 100.00
2023-06-19 16:30:59,314 - AUGCON - INFO - Epoch [50/50]-(5/22) Loss: 0.4894, Acc(1): 100.00, Acc(5): 100.00
2023-06-19 16:30:59,314 - AUGCON - INFO - Epoch [50/50]-(10/22) Loss: 0.5606, Acc(1): 75.00, Acc(5): 100.00
2023-06-19 16:30:59,314 - AUGCON - INFO - Epoch [50/50]-(15/22) Loss: 0.8546, Acc(1): 50.00, Acc(5): 100.00
2023-06-19 16:30:59,314 - AUGCON - INFO - Epoch [50/50]-(20/22) Loss: 0.2482, Acc(1): 100.00, Acc(5): 100.00
2023-06-19 16:30:59,314 - AUGCON - INFO - 	Validation Loss: 0.6103, Acc(1): 79.00, Acc(5): 100.00, F1: 0.18, Recall: 0.17, Precision: 0.19
2023-06-19 16:30:59,314 - AUGCON - INFO - 	Validation Loss: 0.5725, Acc(1): 80.67, Acc(5): 100.00, F1: 0.18, Recall: 0.18, Precision: 0.19
