2023-06-19 16:35:07,907 - AUGCON - INFO - logger initialized (/home/hjyoon/projects/augcon/config/exp0/finetune_da_true/without_target_domain_PH0007-jskim/metacpc_random_8421/tgt_target_domain_PH0014-wjlee_seed0.yaml.log)
2023-06-19 16:35:07,908 - AUGCON - INFO - ================= Config =================
2023-06-19 16:35:07,908 - AUGCON - INFO -   mode: finetune
2023-06-19 16:35:07,908 - AUGCON - INFO -   seed: 0
2023-06-19 16:35:07,908 - AUGCON - INFO -   gpu: [0]
2023-06-19 16:35:07,908 - AUGCON - INFO -   num_workers: 1
2023-06-19 16:35:07,908 - AUGCON - INFO -   dist_url: tcp://localhost:10001
2023-06-19 16:35:07,908 - AUGCON - INFO -   dataset_name: ichar
2023-06-19 16:35:07,908 - AUGCON - INFO -   train_dataset_path: /mnt/sting/hjyoon/projects/cross/ICHAR/augcon/target_domain_PH0014-wjlee/finetune/10shot/target/train.pkl
2023-06-19 16:35:07,908 - AUGCON - INFO -   test_dataset_path: /mnt/sting/hjyoon/projects/cross/ICHAR/augcon/target_domain_PH0014-wjlee/finetune/10shot/target/test.pkl
2023-06-19 16:35:07,908 - AUGCON - INFO -   val_dataset_path: /mnt/sting/hjyoon/projects/cross/ICHAR/augcon/target_domain_PH0014-wjlee/finetune/10shot/target/val.pkl
2023-06-19 16:35:07,908 - AUGCON - INFO -   input_channels: 3
2023-06-19 16:35:07,908 - AUGCON - INFO -   num_cls: 9
2023-06-19 16:35:07,908 - AUGCON - INFO -   optimizer: adam
2023-06-19 16:35:07,908 - AUGCON - INFO -   criterion: crossentropy
2023-06-19 16:35:07,908 - AUGCON - INFO -   start_epoch: 0
2023-06-19 16:35:07,908 - AUGCON - INFO -   epochs: 50
2023-06-19 16:35:07,908 - AUGCON - INFO -   batch_size: 4
2023-06-19 16:35:07,908 - AUGCON - INFO -   lr: 0.001
2023-06-19 16:35:07,908 - AUGCON - INFO -   wd: 0.0
2023-06-19 16:35:07,908 - AUGCON - INFO -   resume: 
2023-06-19 16:35:07,908 - AUGCON - INFO -   pretrained: /mnt/sting/hjyoon/projects/augcontrast/models/exp0/pretrain/without_target_domain_PH0007-jskim/metacpc_random_8421/checkpoint_0999.pth.tar
2023-06-19 16:35:07,908 - AUGCON - INFO -   ckpt_dir: /mnt/sting/hjyoon/projects/augcontrast/models/exp0/finetune_da_true/without_target_domain_PH0007-jskim/metacpc_random_8421/tgt_target_domain_PH0014-wjlee_seed0
2023-06-19 16:35:07,908 - AUGCON - INFO -   log_freq: 5
2023-06-19 16:35:07,908 - AUGCON - INFO -   save_freq: 10
2023-06-19 16:35:07,908 - AUGCON - INFO -   pretext: metacpc
2023-06-19 16:35:07,908 - AUGCON - INFO -   enc_blocks: 4
2023-06-19 16:35:07,908 - AUGCON - INFO -   kernel_sizes: [8, 4, 2, 1]
2023-06-19 16:35:07,908 - AUGCON - INFO -   strides: [4, 2, 1, 1]
2023-06-19 16:35:07,908 - AUGCON - INFO -   agg_blocks: 5
2023-06-19 16:35:07,908 - AUGCON - INFO -   z_dim: 256
2023-06-19 16:35:07,908 - AUGCON - INFO -   pooling: mean
2023-06-19 16:35:07,908 - AUGCON - INFO -   pred_steps: 12
2023-06-19 16:35:07,909 - AUGCON - INFO -   n_negatives: 15
2023-06-19 16:35:07,909 - AUGCON - INFO -   offset: 4
2023-06-19 16:35:07,909 - AUGCON - INFO -   domain_adaptation: True
2023-06-19 16:35:07,909 - AUGCON - INFO -   task_steps: 10
2023-06-19 16:35:07,909 - AUGCON - INFO -   task_lr: 0.001
2023-06-19 16:35:07,909 - AUGCON - INFO -   reg_lambda: 0
2023-06-19 16:35:07,909 - AUGCON - INFO -   mlp: False
2023-06-19 16:35:07,909 - AUGCON - INFO -   freeze: True
2023-06-19 16:35:07,909 - AUGCON - INFO -   no_vars: False
2023-06-19 16:35:07,909 - AUGCON - INFO - ==========================================
2023-06-19 16:35:07,909 - AUGCON - INFO - Setting GPUs: [0]
2023-06-19 16:35:07,909 - AUGCON - INFO - GPUs [0] will be used
2023-06-19 16:35:07,909 - AUGCON - WARNING - You have chosen to seed training. 
2023-06-19 16:35:07,909 - AUGCON - WARNING - This will turn on the CUDNN deterministic setting, 
2023-06-19 16:35:07,909 - AUGCON - WARNING - which can slow down your training considerably! 
2023-06-19 16:35:07,909 - AUGCON - WARNING - You may see unexpected behavior when restarting 
2023-06-19 16:35:07,909 - AUGCON - WARNING - from checkpoints.
2023-06-19 16:35:07,945 - AUGCON - INFO - Executing MetaCPC
2023-06-19 16:35:07,946 - AUGCON - INFO - Logs are skipped during training
2023-06-19 16:35:27,380 - AUGCON - INFO - Single GPU is used for training - training 90 instances for each worker
2023-06-19 16:35:27,380 - AUGCON - INFO - Loading pretrained model from checkpoint - /mnt/sting/hjyoon/projects/augcontrast/models/exp0/pretrain/without_target_domain_PH0007-jskim/metacpc_random_8421/checkpoint_0999.pth.tar
2023-06-19 16:35:27,380 - AUGCON - INFO - Missing keys: []
2023-06-19 16:35:27,381 - AUGCON - INFO - Perform domain adaptation step
2023-06-19 16:35:27,381 - AUGCON - INFO - 	meta-train [0/10] Loss: 15.8270, Acc(1): 6.49, Acc(5): 32.79
2023-06-19 16:35:27,381 - AUGCON - INFO - 	meta-train [1/10] Loss: 9.9129, Acc(1): 7.72, Acc(5): 34.18
2023-06-19 16:35:27,381 - AUGCON - INFO - 	meta-train [2/10] Loss: 6.4110, Acc(1): 7.47, Acc(5): 35.03
2023-06-19 16:35:27,381 - AUGCON - INFO - 	meta-train [3/10] Loss: 3.9916, Acc(1): 11.38, Acc(5): 43.28
2023-06-19 16:35:27,381 - AUGCON - INFO - 	meta-train [4/10] Loss: 3.1160, Acc(1): 14.39, Acc(5): 51.72
2023-06-19 16:35:27,381 - AUGCON - INFO - 	meta-train [5/10] Loss: 2.4804, Acc(1): 20.70, Acc(5): 66.22
2023-06-19 16:35:27,381 - AUGCON - INFO - 	meta-train [6/10] Loss: 1.9888, Acc(1): 30.19, Acc(5): 79.44
2023-06-19 16:35:27,381 - AUGCON - INFO - 	meta-train [7/10] Loss: 1.5921, Acc(1): 39.34, Acc(5): 89.71
2023-06-19 16:35:27,381 - AUGCON - INFO - 	meta-train [8/10] Loss: 1.0930, Acc(1): 55.32, Acc(5): 97.17
2023-06-19 16:35:27,382 - AUGCON - INFO - 	meta-train [9/10] Loss: 1.1047, Acc(1): 55.35, Acc(5): 97.03
2023-06-19 16:35:27,382 - AUGCON - INFO - Loading encoder parameters to the classifier
2023-06-19 16:35:27,382 - AUGCON - INFO - Missing keys: ['classifier.block.0.weight', 'classifier.block.0.bias']
2023-06-19 16:35:27,382 - AUGCON - INFO - Epoch [1/50]-(0/22) Loss: 2.0174, Acc(1): 25.00, Acc(5): 75.00
2023-06-19 16:35:27,382 - AUGCON - INFO - Epoch [1/50]-(5/22) Loss: 2.2431, Acc(1): 25.00, Acc(5): 50.00
2023-06-19 16:35:27,382 - AUGCON - INFO - Epoch [1/50]-(10/22) Loss: 2.5283, Acc(1): 0.00, Acc(5): 75.00
2023-06-19 16:35:27,382 - AUGCON - INFO - Epoch [1/50]-(15/22) Loss: 1.9768, Acc(1): 50.00, Acc(5): 75.00
2023-06-19 16:35:27,382 - AUGCON - INFO - Epoch [1/50]-(20/22) Loss: 2.3264, Acc(1): 25.00, Acc(5): 25.00
2023-06-19 16:35:27,382 - AUGCON - INFO - 	Validation Loss: 1.9177, Acc(1): 35.00, Acc(5): 91.00, F1: 0.09, Recall: 0.08, Precision: 0.09
2023-06-19 16:35:27,382 - AUGCON - INFO - Epoch [2/50]-(0/22) Loss: 1.8217, Acc(1): 75.00, Acc(5): 100.00
2023-06-19 16:35:27,382 - AUGCON - INFO - Epoch [2/50]-(5/22) Loss: 2.2064, Acc(1): 25.00, Acc(5): 50.00
2023-06-19 16:35:27,383 - AUGCON - INFO - Epoch [2/50]-(10/22) Loss: 1.7419, Acc(1): 50.00, Acc(5): 75.00
2023-06-19 16:35:27,383 - AUGCON - INFO - Epoch [2/50]-(15/22) Loss: 1.7859, Acc(1): 25.00, Acc(5): 75.00
2023-06-19 16:35:27,383 - AUGCON - INFO - Epoch [2/50]-(20/22) Loss: 1.9232, Acc(1): 25.00, Acc(5): 100.00
2023-06-19 16:35:27,383 - AUGCON - INFO - 	Validation Loss: 1.6936, Acc(1): 56.00, Acc(5): 93.00, F1: 0.13, Recall: 0.11, Precision: 0.16
2023-06-19 16:35:27,383 - AUGCON - INFO - Epoch [3/50]-(0/22) Loss: 1.4606, Acc(1): 100.00, Acc(5): 100.00
2023-06-19 16:35:27,383 - AUGCON - INFO - Epoch [3/50]-(5/22) Loss: 1.5987, Acc(1): 50.00, Acc(5): 100.00
2023-06-19 16:35:27,383 - AUGCON - INFO - Epoch [3/50]-(10/22) Loss: 1.8496, Acc(1): 25.00, Acc(5): 100.00
2023-06-19 16:35:27,383 - AUGCON - INFO - Epoch [3/50]-(15/22) Loss: 1.3684, Acc(1): 50.00, Acc(5): 100.00
2023-06-19 16:35:27,383 - AUGCON - INFO - Epoch [3/50]-(20/22) Loss: 1.5699, Acc(1): 50.00, Acc(5): 100.00
2023-06-19 16:35:27,383 - AUGCON - INFO - 	Validation Loss: 1.4908, Acc(1): 68.00, Acc(5): 97.00, F1: 0.14, Recall: 0.13, Precision: 0.15
2023-06-19 16:35:27,383 - AUGCON - INFO - Epoch [4/50]-(0/22) Loss: 1.3477, Acc(1): 50.00, Acc(5): 100.00
2023-06-19 16:35:27,384 - AUGCON - INFO - Epoch [4/50]-(5/22) Loss: 1.3087, Acc(1): 50.00, Acc(5): 100.00
2023-06-19 16:35:27,384 - AUGCON - INFO - Epoch [4/50]-(10/22) Loss: 1.8510, Acc(1): 25.00, Acc(5): 100.00
2023-06-19 16:35:27,384 - AUGCON - INFO - Epoch [4/50]-(15/22) Loss: 1.3169, Acc(1): 75.00, Acc(5): 100.00
2023-06-19 16:35:27,384 - AUGCON - INFO - Epoch [4/50]-(20/22) Loss: 1.2348, Acc(1): 75.00, Acc(5): 100.00
2023-06-19 16:35:27,384 - AUGCON - INFO - 	Validation Loss: 1.4193, Acc(1): 63.00, Acc(5): 95.00, F1: 0.14, Recall: 0.13, Precision: 0.15
2023-06-19 16:35:27,384 - AUGCON - INFO - Epoch [5/50]-(0/22) Loss: 1.0468, Acc(1): 75.00, Acc(5): 100.00
2023-06-19 16:35:27,384 - AUGCON - INFO - Epoch [5/50]-(5/22) Loss: 1.3357, Acc(1): 75.00, Acc(5): 100.00
2023-06-19 16:35:27,384 - AUGCON - INFO - Epoch [5/50]-(10/22) Loss: 1.3498, Acc(1): 75.00, Acc(5): 100.00
2023-06-19 16:35:27,384 - AUGCON - INFO - Epoch [5/50]-(15/22) Loss: 0.8644, Acc(1): 75.00, Acc(5): 100.00
2023-06-19 16:35:27,384 - AUGCON - INFO - Epoch [5/50]-(20/22) Loss: 1.6521, Acc(1): 25.00, Acc(5): 100.00
2023-06-19 16:35:27,385 - AUGCON - INFO - 	Validation Loss: 1.3186, Acc(1): 65.00, Acc(5): 96.00, F1: 0.14, Recall: 0.12, Precision: 0.15
2023-06-19 16:35:27,385 - AUGCON - INFO - Epoch [6/50]-(0/22) Loss: 1.4058, Acc(1): 25.00, Acc(5): 100.00
2023-06-19 16:35:27,385 - AUGCON - INFO - Epoch [6/50]-(5/22) Loss: 1.1418, Acc(1): 75.00, Acc(5): 100.00
2023-06-19 16:35:27,385 - AUGCON - INFO - Epoch [6/50]-(10/22) Loss: 1.4196, Acc(1): 50.00, Acc(5): 100.00
2023-06-19 16:35:27,385 - AUGCON - INFO - Epoch [6/50]-(15/22) Loss: 1.2620, Acc(1): 75.00, Acc(5): 100.00
2023-06-19 16:35:27,385 - AUGCON - INFO - Epoch [6/50]-(20/22) Loss: 1.2195, Acc(1): 50.00, Acc(5): 100.00
2023-06-19 16:35:27,385 - AUGCON - INFO - 	Validation Loss: 1.2616, Acc(1): 70.00, Acc(5): 97.00, F1: 0.15, Recall: 0.14, Precision: 0.16
2023-06-19 16:35:27,385 - AUGCON - INFO - Epoch [7/50]-(0/22) Loss: 1.4605, Acc(1): 75.00, Acc(5): 100.00
2023-06-19 16:35:27,385 - AUGCON - INFO - Epoch [7/50]-(5/22) Loss: 1.2308, Acc(1): 50.00, Acc(5): 100.00
2023-06-19 16:35:27,385 - AUGCON - INFO - Epoch [7/50]-(10/22) Loss: 1.4962, Acc(1): 25.00, Acc(5): 100.00
2023-06-19 16:35:27,385 - AUGCON - INFO - Epoch [7/50]-(15/22) Loss: 0.8123, Acc(1): 75.00, Acc(5): 100.00
2023-06-19 16:35:27,386 - AUGCON - INFO - Epoch [7/50]-(20/22) Loss: 1.5490, Acc(1): 50.00, Acc(5): 100.00
2023-06-19 16:35:27,386 - AUGCON - INFO - 	Validation Loss: 1.2276, Acc(1): 67.00, Acc(5): 96.00, F1: 0.14, Recall: 0.13, Precision: 0.16
2023-06-19 16:35:27,386 - AUGCON - INFO - Epoch [8/50]-(0/22) Loss: 1.3720, Acc(1): 50.00, Acc(5): 100.00
2023-06-19 16:35:27,386 - AUGCON - INFO - Epoch [8/50]-(5/22) Loss: 0.5674, Acc(1): 75.00, Acc(5): 100.00
2023-06-19 16:35:27,386 - AUGCON - INFO - Epoch [8/50]-(10/22) Loss: 1.4651, Acc(1): 50.00, Acc(5): 100.00
2023-06-19 16:35:27,386 - AUGCON - INFO - Epoch [8/50]-(15/22) Loss: 1.0240, Acc(1): 75.00, Acc(5): 100.00
2023-06-19 16:35:27,386 - AUGCON - INFO - Epoch [8/50]-(20/22) Loss: 1.1019, Acc(1): 50.00, Acc(5): 100.00
2023-06-19 16:35:27,386 - AUGCON - INFO - 	Validation Loss: 1.1940, Acc(1): 68.00, Acc(5): 96.00, F1: 0.14, Recall: 0.13, Precision: 0.14
2023-06-19 16:35:27,386 - AUGCON - INFO - Epoch [9/50]-(0/22) Loss: 0.4120, Acc(1): 100.00, Acc(5): 100.00
2023-06-19 16:35:27,386 - AUGCON - INFO - Epoch [9/50]-(5/22) Loss: 1.5860, Acc(1): 75.00, Acc(5): 100.00
2023-06-19 16:35:27,386 - AUGCON - INFO - Epoch [9/50]-(10/22) Loss: 1.0478, Acc(1): 50.00, Acc(5): 100.00
2023-06-19 16:35:27,386 - AUGCON - INFO - Epoch [9/50]-(15/22) Loss: 2.0897, Acc(1): 25.00, Acc(5): 100.00
2023-06-19 16:35:27,387 - AUGCON - INFO - Epoch [9/50]-(20/22) Loss: 1.0305, Acc(1): 75.00, Acc(5): 100.00
2023-06-19 16:35:27,387 - AUGCON - INFO - 	Validation Loss: 1.1929, Acc(1): 71.00, Acc(5): 96.00, F1: 0.15, Recall: 0.14, Precision: 0.16
2023-06-19 16:35:27,387 - AUGCON - INFO - Epoch [10/50]-(0/22) Loss: 0.7497, Acc(1): 100.00, Acc(5): 100.00
2023-06-19 16:35:27,387 - AUGCON - INFO - Epoch [10/50]-(5/22) Loss: 1.1745, Acc(1): 75.00, Acc(5): 100.00
2023-06-19 16:35:27,387 - AUGCON - INFO - Epoch [10/50]-(10/22) Loss: 1.1083, Acc(1): 50.00, Acc(5): 100.00
2023-06-19 16:35:27,387 - AUGCON - INFO - Epoch [10/50]-(15/22) Loss: 0.5922, Acc(1): 100.00, Acc(5): 100.00
2023-06-19 16:35:27,387 - AUGCON - INFO - Epoch [10/50]-(20/22) Loss: 0.7842, Acc(1): 100.00, Acc(5): 100.00
2023-06-19 16:35:27,387 - AUGCON - INFO - 	Validation Loss: 1.1352, Acc(1): 72.00, Acc(5): 97.00, F1: 0.15, Recall: 0.14, Precision: 0.16
2023-06-19 16:35:27,387 - AUGCON - INFO - Epoch [11/50]-(0/22) Loss: 1.1049, Acc(1): 75.00, Acc(5): 100.00
2023-06-19 16:35:27,387 - AUGCON - INFO - Epoch [11/50]-(5/22) Loss: 0.6558, Acc(1): 100.00, Acc(5): 100.00
2023-06-19 16:35:27,387 - AUGCON - INFO - Epoch [11/50]-(10/22) Loss: 1.0600, Acc(1): 75.00, Acc(5): 100.00
2023-06-19 16:35:27,388 - AUGCON - INFO - Epoch [11/50]-(15/22) Loss: 1.9237, Acc(1): 25.00, Acc(5): 75.00
2023-06-19 16:35:27,388 - AUGCON - INFO - Epoch [11/50]-(20/22) Loss: 0.8831, Acc(1): 100.00, Acc(5): 100.00
2023-06-19 16:35:27,388 - AUGCON - INFO - 	Validation Loss: 1.1381, Acc(1): 71.00, Acc(5): 96.00, F1: 0.15, Recall: 0.14, Precision: 0.16
2023-06-19 16:35:27,388 - AUGCON - INFO - Epoch [12/50]-(0/22) Loss: 1.1493, Acc(1): 50.00, Acc(5): 100.00
2023-06-19 16:35:27,388 - AUGCON - INFO - Epoch [12/50]-(5/22) Loss: 0.6766, Acc(1): 100.00, Acc(5): 100.00
2023-06-19 16:35:27,388 - AUGCON - INFO - Epoch [12/50]-(10/22) Loss: 1.1994, Acc(1): 50.00, Acc(5): 100.00
2023-06-19 16:35:27,388 - AUGCON - INFO - Epoch [12/50]-(15/22) Loss: 0.6635, Acc(1): 100.00, Acc(5): 100.00
2023-06-19 16:35:27,388 - AUGCON - INFO - Epoch [12/50]-(20/22) Loss: 0.6967, Acc(1): 100.00, Acc(5): 100.00
2023-06-19 16:35:27,388 - AUGCON - INFO - 	Validation Loss: 1.1175, Acc(1): 73.00, Acc(5): 97.00, F1: 0.16, Recall: 0.14, Precision: 0.18
2023-06-19 16:35:27,388 - AUGCON - INFO - Epoch [13/50]-(0/22) Loss: 0.9216, Acc(1): 75.00, Acc(5): 100.00
2023-06-19 16:35:27,388 - AUGCON - INFO - Epoch [13/50]-(5/22) Loss: 0.6184, Acc(1): 100.00, Acc(5): 100.00
2023-06-19 16:35:27,389 - AUGCON - INFO - Epoch [13/50]-(10/22) Loss: 1.5461, Acc(1): 50.00, Acc(5): 75.00
2023-06-19 16:35:27,389 - AUGCON - INFO - Epoch [13/50]-(15/22) Loss: 0.5494, Acc(1): 75.00, Acc(5): 100.00
2023-06-19 16:35:27,389 - AUGCON - INFO - Epoch [13/50]-(20/22) Loss: 0.9475, Acc(1): 100.00, Acc(5): 100.00
2023-06-19 16:35:27,389 - AUGCON - INFO - 	Validation Loss: 1.0959, Acc(1): 76.00, Acc(5): 96.00, F1: 0.16, Recall: 0.15, Precision: 0.17
2023-06-19 16:35:27,389 - AUGCON - INFO - Epoch [14/50]-(0/22) Loss: 0.8849, Acc(1): 100.00, Acc(5): 100.00
2023-06-19 16:35:27,389 - AUGCON - INFO - Epoch [14/50]-(5/22) Loss: 0.7789, Acc(1): 100.00, Acc(5): 100.00
2023-06-19 16:35:27,389 - AUGCON - INFO - Epoch [14/50]-(10/22) Loss: 0.7955, Acc(1): 50.00, Acc(5): 100.00
2023-06-19 16:35:27,389 - AUGCON - INFO - Epoch [14/50]-(15/22) Loss: 0.8039, Acc(1): 75.00, Acc(5): 100.00
2023-06-19 16:35:27,389 - AUGCON - INFO - Epoch [14/50]-(20/22) Loss: 0.6787, Acc(1): 75.00, Acc(5): 100.00
2023-06-19 16:35:27,389 - AUGCON - INFO - 	Validation Loss: 1.0743, Acc(1): 73.00, Acc(5): 96.00, F1: 0.15, Recall: 0.14, Precision: 0.17
2023-06-19 16:35:27,389 - AUGCON - INFO - Epoch [15/50]-(0/22) Loss: 0.4525, Acc(1): 100.00, Acc(5): 100.00
2023-06-19 16:35:27,390 - AUGCON - INFO - Epoch [15/50]-(5/22) Loss: 1.1182, Acc(1): 75.00, Acc(5): 100.00
2023-06-19 16:35:27,390 - AUGCON - INFO - Epoch [15/50]-(10/22) Loss: 0.4521, Acc(1): 100.00, Acc(5): 100.00
2023-06-19 16:35:27,390 - AUGCON - INFO - Epoch [15/50]-(15/22) Loss: 1.4066, Acc(1): 25.00, Acc(5): 100.00
2023-06-19 16:35:27,390 - AUGCON - INFO - Epoch [15/50]-(20/22) Loss: 0.8101, Acc(1): 100.00, Acc(5): 100.00
2023-06-19 16:35:27,390 - AUGCON - INFO - 	Validation Loss: 1.0702, Acc(1): 73.00, Acc(5): 96.00, F1: 0.15, Recall: 0.15, Precision: 0.17
2023-06-19 16:35:27,390 - AUGCON - INFO - Epoch [16/50]-(0/22) Loss: 0.6351, Acc(1): 75.00, Acc(5): 100.00
2023-06-19 16:35:27,390 - AUGCON - INFO - Epoch [16/50]-(5/22) Loss: 0.2923, Acc(1): 100.00, Acc(5): 100.00
2023-06-19 16:35:27,390 - AUGCON - INFO - Epoch [16/50]-(10/22) Loss: 1.2374, Acc(1): 50.00, Acc(5): 100.00
2023-06-19 16:35:27,390 - AUGCON - INFO - Epoch [16/50]-(15/22) Loss: 0.8881, Acc(1): 75.00, Acc(5): 100.00
2023-06-19 16:35:27,390 - AUGCON - INFO - Epoch [16/50]-(20/22) Loss: 1.6155, Acc(1): 50.00, Acc(5): 100.00
2023-06-19 16:35:27,390 - AUGCON - INFO - 	Validation Loss: 1.1286, Acc(1): 71.00, Acc(5): 95.00, F1: 0.15, Recall: 0.14, Precision: 0.17
2023-06-19 16:35:27,391 - AUGCON - INFO - Epoch [17/50]-(0/22) Loss: 0.9977, Acc(1): 50.00, Acc(5): 100.00
2023-06-19 16:35:27,391 - AUGCON - INFO - Epoch [17/50]-(5/22) Loss: 0.6936, Acc(1): 100.00, Acc(5): 100.00
2023-06-19 16:35:27,391 - AUGCON - INFO - Epoch [17/50]-(10/22) Loss: 0.8309, Acc(1): 75.00, Acc(5): 100.00
2023-06-19 16:35:27,391 - AUGCON - INFO - Epoch [17/50]-(15/22) Loss: 1.0623, Acc(1): 50.00, Acc(5): 100.00
2023-06-19 16:35:27,391 - AUGCON - INFO - Epoch [17/50]-(20/22) Loss: 1.1088, Acc(1): 50.00, Acc(5): 100.00
2023-06-19 16:35:27,391 - AUGCON - INFO - 	Validation Loss: 1.0317, Acc(1): 77.00, Acc(5): 96.00, F1: 0.16, Recall: 0.15, Precision: 0.16
2023-06-19 16:35:27,391 - AUGCON - INFO - Epoch [18/50]-(0/22) Loss: 0.8577, Acc(1): 75.00, Acc(5): 100.00
2023-06-19 16:35:27,391 - AUGCON - INFO - Epoch [18/50]-(5/22) Loss: 0.5267, Acc(1): 100.00, Acc(5): 100.00
2023-06-19 16:35:27,391 - AUGCON - INFO - Epoch [18/50]-(10/22) Loss: 2.1289, Acc(1): 25.00, Acc(5): 100.00
2023-06-19 16:35:27,391 - AUGCON - INFO - Epoch [18/50]-(15/22) Loss: 0.8273, Acc(1): 75.00, Acc(5): 100.00
2023-06-19 16:35:27,391 - AUGCON - INFO - Epoch [18/50]-(20/22) Loss: 1.1235, Acc(1): 75.00, Acc(5): 100.00
2023-06-19 16:35:27,391 - AUGCON - INFO - 	Validation Loss: 1.0519, Acc(1): 74.00, Acc(5): 96.00, F1: 0.16, Recall: 0.15, Precision: 0.17
2023-06-19 16:35:27,392 - AUGCON - INFO - Epoch [19/50]-(0/22) Loss: 0.6301, Acc(1): 100.00, Acc(5): 100.00
2023-06-19 16:35:27,392 - AUGCON - INFO - Epoch [19/50]-(5/22) Loss: 0.5867, Acc(1): 100.00, Acc(5): 100.00
2023-06-19 16:35:27,392 - AUGCON - INFO - Epoch [19/50]-(10/22) Loss: 0.8831, Acc(1): 75.00, Acc(5): 100.00
2023-06-19 16:35:27,392 - AUGCON - INFO - Epoch [19/50]-(15/22) Loss: 0.4122, Acc(1): 100.00, Acc(5): 100.00
2023-06-19 16:35:27,392 - AUGCON - INFO - Epoch [19/50]-(20/22) Loss: 0.7152, Acc(1): 100.00, Acc(5): 100.00
2023-06-19 16:35:27,392 - AUGCON - INFO - 	Validation Loss: 1.0278, Acc(1): 78.00, Acc(5): 96.00, F1: 0.16, Recall: 0.15, Precision: 0.18
2023-06-19 16:35:27,392 - AUGCON - INFO - Epoch [20/50]-(0/22) Loss: 0.5699, Acc(1): 75.00, Acc(5): 100.00
2023-06-19 16:35:27,392 - AUGCON - INFO - Epoch [20/50]-(5/22) Loss: 0.9065, Acc(1): 75.00, Acc(5): 100.00
2023-06-19 16:35:27,392 - AUGCON - INFO - Epoch [20/50]-(10/22) Loss: 1.0144, Acc(1): 75.00, Acc(5): 100.00
2023-06-19 16:35:27,392 - AUGCON - INFO - Epoch [20/50]-(15/22) Loss: 0.9359, Acc(1): 75.00, Acc(5): 100.00
2023-06-19 16:35:27,392 - AUGCON - INFO - Epoch [20/50]-(20/22) Loss: 0.6624, Acc(1): 75.00, Acc(5): 100.00
2023-06-19 16:35:27,393 - AUGCON - INFO - 	Validation Loss: 1.0729, Acc(1): 77.00, Acc(5): 96.00, F1: 0.16, Recall: 0.15, Precision: 0.17
2023-06-19 16:35:27,393 - AUGCON - INFO - Epoch [21/50]-(0/22) Loss: 0.3538, Acc(1): 100.00, Acc(5): 100.00
2023-06-19 16:35:27,393 - AUGCON - INFO - Epoch [21/50]-(5/22) Loss: 0.8001, Acc(1): 75.00, Acc(5): 100.00
2023-06-19 16:35:27,393 - AUGCON - INFO - Epoch [21/50]-(10/22) Loss: 0.8919, Acc(1): 75.00, Acc(5): 100.00
2023-06-19 16:35:27,393 - AUGCON - INFO - Epoch [21/50]-(15/22) Loss: 1.0207, Acc(1): 75.00, Acc(5): 100.00
2023-06-19 16:35:27,393 - AUGCON - INFO - Epoch [21/50]-(20/22) Loss: 0.2020, Acc(1): 100.00, Acc(5): 100.00
2023-06-19 16:35:27,393 - AUGCON - INFO - 	Validation Loss: 1.0224, Acc(1): 77.00, Acc(5): 96.00, F1: 0.16, Recall: 0.15, Precision: 0.17
2023-06-19 16:35:27,393 - AUGCON - INFO - Epoch [22/50]-(0/22) Loss: 0.9110, Acc(1): 50.00, Acc(5): 100.00
2023-06-19 16:35:27,393 - AUGCON - INFO - Epoch [22/50]-(5/22) Loss: 0.6970, Acc(1): 100.00, Acc(5): 100.00
2023-06-19 16:35:27,393 - AUGCON - INFO - Epoch [22/50]-(10/22) Loss: 1.6948, Acc(1): 25.00, Acc(5): 100.00
2023-06-19 16:35:27,393 - AUGCON - INFO - Epoch [22/50]-(15/22) Loss: 1.1556, Acc(1): 25.00, Acc(5): 100.00
2023-06-19 16:35:27,393 - AUGCON - INFO - Epoch [22/50]-(20/22) Loss: 0.8474, Acc(1): 100.00, Acc(5): 100.00
2023-06-19 16:35:27,394 - AUGCON - INFO - 	Validation Loss: 1.0397, Acc(1): 75.00, Acc(5): 96.00, F1: 0.16, Recall: 0.15, Precision: 0.16
2023-06-19 16:35:27,394 - AUGCON - INFO - Epoch [23/50]-(0/22) Loss: 0.3383, Acc(1): 75.00, Acc(5): 100.00
2023-06-19 16:35:27,394 - AUGCON - INFO - Epoch [23/50]-(5/22) Loss: 0.5218, Acc(1): 75.00, Acc(5): 100.00
2023-06-19 16:35:27,394 - AUGCON - INFO - Epoch [23/50]-(10/22) Loss: 1.0709, Acc(1): 50.00, Acc(5): 100.00
2023-06-19 16:35:27,394 - AUGCON - INFO - Epoch [23/50]-(15/22) Loss: 1.1443, Acc(1): 25.00, Acc(5): 100.00
2023-06-19 16:35:27,394 - AUGCON - INFO - Epoch [23/50]-(20/22) Loss: 0.6130, Acc(1): 75.00, Acc(5): 100.00
2023-06-19 16:35:27,394 - AUGCON - INFO - 	Validation Loss: 1.0510, Acc(1): 75.00, Acc(5): 96.00, F1: 0.16, Recall: 0.15, Precision: 0.17
2023-06-19 16:35:27,394 - AUGCON - INFO - Epoch [24/50]-(0/22) Loss: 0.4839, Acc(1): 100.00, Acc(5): 100.00
2023-06-19 16:35:27,394 - AUGCON - INFO - Epoch [24/50]-(5/22) Loss: 1.1507, Acc(1): 50.00, Acc(5): 100.00
2023-06-19 16:35:27,394 - AUGCON - INFO - Epoch [24/50]-(10/22) Loss: 0.4096, Acc(1): 100.00, Acc(5): 100.00
2023-06-19 16:35:27,394 - AUGCON - INFO - Epoch [24/50]-(15/22) Loss: 1.4214, Acc(1): 50.00, Acc(5): 100.00
2023-06-19 16:35:27,395 - AUGCON - INFO - Epoch [24/50]-(20/22) Loss: 0.6133, Acc(1): 100.00, Acc(5): 100.00
2023-06-19 16:35:27,395 - AUGCON - INFO - 	Validation Loss: 1.0351, Acc(1): 78.00, Acc(5): 96.00, F1: 0.16, Recall: 0.15, Precision: 0.17
2023-06-19 16:35:27,395 - AUGCON - INFO - Epoch [25/50]-(0/22) Loss: 0.4729, Acc(1): 100.00, Acc(5): 100.00
2023-06-19 16:35:27,395 - AUGCON - INFO - Epoch [25/50]-(5/22) Loss: 1.0340, Acc(1): 75.00, Acc(5): 100.00
2023-06-19 16:35:27,395 - AUGCON - INFO - Epoch [25/50]-(10/22) Loss: 0.4535, Acc(1): 100.00, Acc(5): 100.00
2023-06-19 16:35:27,395 - AUGCON - INFO - Epoch [25/50]-(15/22) Loss: 1.2649, Acc(1): 25.00, Acc(5): 100.00
2023-06-19 16:35:27,395 - AUGCON - INFO - Epoch [25/50]-(20/22) Loss: 1.0315, Acc(1): 75.00, Acc(5): 100.00
2023-06-19 16:35:27,395 - AUGCON - INFO - 	Validation Loss: 1.0534, Acc(1): 73.00, Acc(5): 95.00, F1: 0.15, Recall: 0.14, Precision: 0.17
2023-06-19 16:35:27,395 - AUGCON - INFO - Epoch [26/50]-(0/22) Loss: 1.0424, Acc(1): 50.00, Acc(5): 100.00
2023-06-19 16:35:27,395 - AUGCON - INFO - Epoch [26/50]-(5/22) Loss: 0.6379, Acc(1): 75.00, Acc(5): 100.00
2023-06-19 16:35:27,395 - AUGCON - INFO - Epoch [26/50]-(10/22) Loss: 0.8743, Acc(1): 75.00, Acc(5): 100.00
2023-06-19 16:35:27,395 - AUGCON - INFO - Epoch [26/50]-(15/22) Loss: 0.0696, Acc(1): 100.00, Acc(5): 100.00
2023-06-19 16:35:27,396 - AUGCON - INFO - Epoch [26/50]-(20/22) Loss: 0.7867, Acc(1): 100.00, Acc(5): 100.00
2023-06-19 16:35:27,396 - AUGCON - INFO - 	Validation Loss: 1.0345, Acc(1): 79.00, Acc(5): 96.00, F1: 0.16, Recall: 0.16, Precision: 0.17
2023-06-19 16:35:27,396 - AUGCON - INFO - Epoch [27/50]-(0/22) Loss: 1.2352, Acc(1): 75.00, Acc(5): 100.00
2023-06-19 16:35:27,396 - AUGCON - INFO - Epoch [27/50]-(5/22) Loss: 0.5652, Acc(1): 75.00, Acc(5): 100.00
2023-06-19 16:35:27,396 - AUGCON - INFO - Epoch [27/50]-(10/22) Loss: 0.6597, Acc(1): 100.00, Acc(5): 100.00
2023-06-19 16:35:27,396 - AUGCON - INFO - Epoch [27/50]-(15/22) Loss: 0.2971, Acc(1): 100.00, Acc(5): 100.00
2023-06-19 16:35:27,396 - AUGCON - INFO - Epoch [27/50]-(20/22) Loss: 1.3372, Acc(1): 50.00, Acc(5): 100.00
2023-06-19 16:35:27,396 - AUGCON - INFO - 	Validation Loss: 1.0057, Acc(1): 74.00, Acc(5): 96.00, F1: 0.15, Recall: 0.15, Precision: 0.15
2023-06-19 16:35:27,396 - AUGCON - INFO - Epoch [28/50]-(0/22) Loss: 1.0773, Acc(1): 75.00, Acc(5): 100.00
2023-06-19 16:35:27,396 - AUGCON - INFO - Epoch [28/50]-(5/22) Loss: 1.5474, Acc(1): 25.00, Acc(5): 100.00
2023-06-19 16:35:27,396 - AUGCON - INFO - Epoch [28/50]-(10/22) Loss: 1.0249, Acc(1): 50.00, Acc(5): 100.00
2023-06-19 16:35:27,396 - AUGCON - INFO - Epoch [28/50]-(15/22) Loss: 0.6428, Acc(1): 100.00, Acc(5): 100.00
2023-06-19 16:35:27,397 - AUGCON - INFO - Epoch [28/50]-(20/22) Loss: 0.6394, Acc(1): 75.00, Acc(5): 100.00
2023-06-19 16:35:27,397 - AUGCON - INFO - 	Validation Loss: 1.0124, Acc(1): 75.00, Acc(5): 95.00, F1: 0.14, Recall: 0.15, Precision: 0.14
2023-06-19 16:35:27,397 - AUGCON - INFO - Epoch [29/50]-(0/22) Loss: 0.2371, Acc(1): 100.00, Acc(5): 100.00
2023-06-19 16:35:27,397 - AUGCON - INFO - Epoch [29/50]-(5/22) Loss: 0.8282, Acc(1): 75.00, Acc(5): 100.00
2023-06-19 16:35:27,397 - AUGCON - INFO - Epoch [29/50]-(10/22) Loss: 0.9878, Acc(1): 75.00, Acc(5): 100.00
2023-06-19 16:35:27,397 - AUGCON - INFO - Epoch [29/50]-(15/22) Loss: 0.6145, Acc(1): 100.00, Acc(5): 100.00
2023-06-19 16:35:27,397 - AUGCON - INFO - Epoch [29/50]-(20/22) Loss: 0.7326, Acc(1): 75.00, Acc(5): 100.00
2023-06-19 16:35:27,397 - AUGCON - INFO - 	Validation Loss: 1.0198, Acc(1): 73.00, Acc(5): 96.00, F1: 0.15, Recall: 0.14, Precision: 0.16
2023-06-19 16:35:27,397 - AUGCON - INFO - Epoch [30/50]-(0/22) Loss: 0.5212, Acc(1): 100.00, Acc(5): 100.00
2023-06-19 16:35:27,397 - AUGCON - INFO - Epoch [30/50]-(5/22) Loss: 0.7231, Acc(1): 75.00, Acc(5): 100.00
2023-06-19 16:35:27,397 - AUGCON - INFO - Epoch [30/50]-(10/22) Loss: 0.7687, Acc(1): 75.00, Acc(5): 100.00
2023-06-19 16:35:27,398 - AUGCON - INFO - Epoch [30/50]-(15/22) Loss: 0.6970, Acc(1): 50.00, Acc(5): 100.00
2023-06-19 16:35:27,398 - AUGCON - INFO - Epoch [30/50]-(20/22) Loss: 0.6717, Acc(1): 100.00, Acc(5): 100.00
2023-06-19 16:35:27,398 - AUGCON - INFO - 	Validation Loss: 1.0181, Acc(1): 78.00, Acc(5): 96.00, F1: 0.16, Recall: 0.16, Precision: 0.16
2023-06-19 16:35:27,398 - AUGCON - INFO - Epoch [31/50]-(0/22) Loss: 1.0613, Acc(1): 75.00, Acc(5): 100.00
2023-06-19 16:35:27,398 - AUGCON - INFO - Epoch [31/50]-(5/22) Loss: 0.6827, Acc(1): 100.00, Acc(5): 100.00
2023-06-19 16:35:27,398 - AUGCON - INFO - Epoch [31/50]-(10/22) Loss: 0.7407, Acc(1): 75.00, Acc(5): 100.00
2023-06-19 16:35:27,398 - AUGCON - INFO - Epoch [31/50]-(15/22) Loss: 0.7477, Acc(1): 75.00, Acc(5): 100.00
2023-06-19 16:35:27,398 - AUGCON - INFO - Epoch [31/50]-(20/22) Loss: 0.8893, Acc(1): 50.00, Acc(5): 100.00
2023-06-19 16:35:27,398 - AUGCON - INFO - 	Validation Loss: 1.0104, Acc(1): 76.00, Acc(5): 96.00, F1: 0.16, Recall: 0.15, Precision: 0.17
2023-06-19 16:35:27,398 - AUGCON - INFO - Epoch [32/50]-(0/22) Loss: 0.2317, Acc(1): 100.00, Acc(5): 100.00
2023-06-19 16:35:27,398 - AUGCON - INFO - Epoch [32/50]-(5/22) Loss: 0.5029, Acc(1): 100.00, Acc(5): 100.00
2023-06-19 16:35:27,398 - AUGCON - INFO - Epoch [32/50]-(10/22) Loss: 0.2474, Acc(1): 100.00, Acc(5): 100.00
2023-06-19 16:35:27,399 - AUGCON - INFO - Epoch [32/50]-(15/22) Loss: 0.3941, Acc(1): 100.00, Acc(5): 100.00
2023-06-19 16:35:27,399 - AUGCON - INFO - Epoch [32/50]-(20/22) Loss: 1.1734, Acc(1): 50.00, Acc(5): 100.00
2023-06-19 16:35:27,399 - AUGCON - INFO - 	Validation Loss: 1.0208, Acc(1): 75.00, Acc(5): 96.00, F1: 0.16, Recall: 0.15, Precision: 0.16
2023-06-19 16:35:27,399 - AUGCON - INFO - Epoch [33/50]-(0/22) Loss: 0.4677, Acc(1): 100.00, Acc(5): 100.00
2023-06-19 16:35:27,399 - AUGCON - INFO - Epoch [33/50]-(5/22) Loss: 1.0266, Acc(1): 75.00, Acc(5): 100.00
2023-06-19 16:35:27,399 - AUGCON - INFO - Epoch [33/50]-(10/22) Loss: 1.0205, Acc(1): 50.00, Acc(5): 100.00
2023-06-19 16:35:27,399 - AUGCON - INFO - Epoch [33/50]-(15/22) Loss: 0.9288, Acc(1): 50.00, Acc(5): 100.00
2023-06-19 16:35:27,399 - AUGCON - INFO - Epoch [33/50]-(20/22) Loss: 0.9273, Acc(1): 75.00, Acc(5): 100.00
2023-06-19 16:35:27,399 - AUGCON - INFO - 	Validation Loss: 1.0315, Acc(1): 78.00, Acc(5): 96.00, F1: 0.16, Recall: 0.15, Precision: 0.17
2023-06-19 16:35:27,399 - AUGCON - INFO - Epoch [34/50]-(0/22) Loss: 0.5263, Acc(1): 100.00, Acc(5): 100.00
2023-06-19 16:35:27,399 - AUGCON - INFO - Epoch [34/50]-(5/22) Loss: 0.3574, Acc(1): 100.00, Acc(5): 100.00
2023-06-19 16:35:27,400 - AUGCON - INFO - Epoch [34/50]-(10/22) Loss: 0.3537, Acc(1): 100.00, Acc(5): 100.00
2023-06-19 16:35:27,400 - AUGCON - INFO - Epoch [34/50]-(15/22) Loss: 1.0514, Acc(1): 50.00, Acc(5): 100.00
2023-06-19 16:35:27,400 - AUGCON - INFO - Epoch [34/50]-(20/22) Loss: 1.0541, Acc(1): 50.00, Acc(5): 100.00
2023-06-19 16:35:27,400 - AUGCON - INFO - 	Validation Loss: 1.0211, Acc(1): 76.00, Acc(5): 96.00, F1: 0.16, Recall: 0.15, Precision: 0.16
2023-06-19 16:35:27,400 - AUGCON - INFO - Epoch [35/50]-(0/22) Loss: 1.5539, Acc(1): 25.00, Acc(5): 100.00
2023-06-19 16:35:27,400 - AUGCON - INFO - Epoch [35/50]-(5/22) Loss: 0.7316, Acc(1): 75.00, Acc(5): 100.00
2023-06-19 16:35:27,400 - AUGCON - INFO - Epoch [35/50]-(10/22) Loss: 0.2862, Acc(1): 100.00, Acc(5): 100.00
2023-06-19 16:35:27,400 - AUGCON - INFO - Epoch [35/50]-(15/22) Loss: 0.6989, Acc(1): 100.00, Acc(5): 100.00
2023-06-19 16:35:27,400 - AUGCON - INFO - Epoch [35/50]-(20/22) Loss: 0.4926, Acc(1): 100.00, Acc(5): 100.00
2023-06-19 16:35:27,401 - AUGCON - INFO - 	Validation Loss: 1.0307, Acc(1): 73.00, Acc(5): 96.00, F1: 0.15, Recall: 0.15, Precision: 0.16
2023-06-19 16:35:27,401 - AUGCON - INFO - Epoch [36/50]-(0/22) Loss: 0.5165, Acc(1): 75.00, Acc(5): 100.00
2023-06-19 16:35:27,401 - AUGCON - INFO - Epoch [36/50]-(5/22) Loss: 0.8899, Acc(1): 75.00, Acc(5): 100.00
2023-06-19 16:35:27,401 - AUGCON - INFO - Epoch [36/50]-(10/22) Loss: 1.1231, Acc(1): 50.00, Acc(5): 100.00
2023-06-19 16:35:27,401 - AUGCON - INFO - Epoch [36/50]-(15/22) Loss: 0.9812, Acc(1): 50.00, Acc(5): 100.00
2023-06-19 16:35:27,401 - AUGCON - INFO - Epoch [36/50]-(20/22) Loss: 0.6864, Acc(1): 50.00, Acc(5): 100.00
2023-06-19 16:35:27,401 - AUGCON - INFO - 	Validation Loss: 1.0112, Acc(1): 74.00, Acc(5): 96.00, F1: 0.15, Recall: 0.15, Precision: 0.16
2023-06-19 16:35:27,401 - AUGCON - INFO - Epoch [37/50]-(0/22) Loss: 0.2255, Acc(1): 100.00, Acc(5): 100.00
2023-06-19 16:35:27,401 - AUGCON - INFO - Epoch [37/50]-(5/22) Loss: 0.8949, Acc(1): 75.00, Acc(5): 100.00
2023-06-19 16:35:27,401 - AUGCON - INFO - Epoch [37/50]-(10/22) Loss: 0.6012, Acc(1): 75.00, Acc(5): 100.00
2023-06-19 16:35:27,401 - AUGCON - INFO - Epoch [37/50]-(15/22) Loss: 0.3519, Acc(1): 100.00, Acc(5): 100.00
2023-06-19 16:35:27,401 - AUGCON - INFO - Epoch [37/50]-(20/22) Loss: 1.4285, Acc(1): 50.00, Acc(5): 100.00
2023-06-19 16:35:27,402 - AUGCON - INFO - 	Validation Loss: 1.0013, Acc(1): 81.00, Acc(5): 96.00, F1: 0.16, Recall: 0.16, Precision: 0.15
2023-06-19 16:35:27,402 - AUGCON - INFO - Epoch [38/50]-(0/22) Loss: 0.4627, Acc(1): 75.00, Acc(5): 100.00
2023-06-19 16:35:27,402 - AUGCON - INFO - Epoch [38/50]-(5/22) Loss: 0.4286, Acc(1): 75.00, Acc(5): 100.00
2023-06-19 16:35:27,402 - AUGCON - INFO - Epoch [38/50]-(10/22) Loss: 0.8969, Acc(1): 75.00, Acc(5): 100.00
2023-06-19 16:35:27,402 - AUGCON - INFO - Epoch [38/50]-(15/22) Loss: 0.6760, Acc(1): 75.00, Acc(5): 100.00
2023-06-19 16:35:27,402 - AUGCON - INFO - Epoch [38/50]-(20/22) Loss: 0.5201, Acc(1): 100.00, Acc(5): 100.00
2023-06-19 16:35:27,402 - AUGCON - INFO - 	Validation Loss: 1.0365, Acc(1): 74.00, Acc(5): 96.00, F1: 0.15, Recall: 0.15, Precision: 0.15
2023-06-19 16:35:27,402 - AUGCON - INFO - Epoch [39/50]-(0/22) Loss: 0.4947, Acc(1): 100.00, Acc(5): 100.00
2023-06-19 16:35:27,402 - AUGCON - INFO - Epoch [39/50]-(5/22) Loss: 0.5129, Acc(1): 75.00, Acc(5): 100.00
2023-06-19 16:35:27,402 - AUGCON - INFO - Epoch [39/50]-(10/22) Loss: 0.5689, Acc(1): 75.00, Acc(5): 100.00
2023-06-19 16:35:27,402 - AUGCON - INFO - Epoch [39/50]-(15/22) Loss: 0.6983, Acc(1): 75.00, Acc(5): 100.00
2023-06-19 16:35:27,402 - AUGCON - INFO - Epoch [39/50]-(20/22) Loss: 0.7159, Acc(1): 100.00, Acc(5): 100.00
2023-06-19 16:35:27,402 - AUGCON - INFO - 	Validation Loss: 1.0204, Acc(1): 78.00, Acc(5): 96.00, F1: 0.16, Recall: 0.16, Precision: 0.17
2023-06-19 16:35:27,403 - AUGCON - INFO - Epoch [40/50]-(0/22) Loss: 0.4600, Acc(1): 100.00, Acc(5): 100.00
2023-06-19 16:35:27,403 - AUGCON - INFO - Epoch [40/50]-(5/22) Loss: 0.5404, Acc(1): 75.00, Acc(5): 100.00
2023-06-19 16:35:27,403 - AUGCON - INFO - Epoch [40/50]-(10/22) Loss: 0.7975, Acc(1): 75.00, Acc(5): 100.00
2023-06-19 16:35:27,403 - AUGCON - INFO - Epoch [40/50]-(15/22) Loss: 0.6511, Acc(1): 50.00, Acc(5): 100.00
2023-06-19 16:35:27,403 - AUGCON - INFO - Epoch [40/50]-(20/22) Loss: 0.9763, Acc(1): 75.00, Acc(5): 100.00
2023-06-19 16:35:27,403 - AUGCON - INFO - 	Validation Loss: 0.9955, Acc(1): 77.00, Acc(5): 96.00, F1: 0.16, Recall: 0.15, Precision: 0.16
2023-06-19 16:35:27,403 - AUGCON - INFO - Epoch [41/50]-(0/22) Loss: 0.4712, Acc(1): 75.00, Acc(5): 100.00
2023-06-19 16:35:27,403 - AUGCON - INFO - Epoch [41/50]-(5/22) Loss: 0.4921, Acc(1): 100.00, Acc(5): 100.00
2023-06-19 16:35:27,403 - AUGCON - INFO - Epoch [41/50]-(10/22) Loss: 0.6759, Acc(1): 75.00, Acc(5): 100.00
2023-06-19 16:35:27,403 - AUGCON - INFO - Epoch [41/50]-(15/22) Loss: 0.6412, Acc(1): 75.00, Acc(5): 100.00
2023-06-19 16:35:27,403 - AUGCON - INFO - Epoch [41/50]-(20/22) Loss: 1.0478, Acc(1): 50.00, Acc(5): 100.00
2023-06-19 16:35:27,403 - AUGCON - INFO - 	Validation Loss: 0.9716, Acc(1): 78.00, Acc(5): 96.00, F1: 0.16, Recall: 0.15, Precision: 0.16
2023-06-19 16:35:27,404 - AUGCON - INFO - Epoch [42/50]-(0/22) Loss: 1.4855, Acc(1): 50.00, Acc(5): 100.00
2023-06-19 16:35:27,404 - AUGCON - INFO - Epoch [42/50]-(5/22) Loss: 0.3639, Acc(1): 75.00, Acc(5): 100.00
2023-06-19 16:35:27,404 - AUGCON - INFO - Epoch [42/50]-(10/22) Loss: 0.8111, Acc(1): 50.00, Acc(5): 100.00
2023-06-19 16:35:27,404 - AUGCON - INFO - Epoch [42/50]-(15/22) Loss: 0.6509, Acc(1): 75.00, Acc(5): 100.00
2023-06-19 16:35:27,404 - AUGCON - INFO - Epoch [42/50]-(20/22) Loss: 0.3933, Acc(1): 75.00, Acc(5): 100.00
2023-06-19 16:35:27,404 - AUGCON - INFO - 	Validation Loss: 0.9779, Acc(1): 80.00, Acc(5): 96.00, F1: 0.16, Recall: 0.16, Precision: 0.16
2023-06-19 16:35:27,404 - AUGCON - INFO - Epoch [43/50]-(0/22) Loss: 0.3083, Acc(1): 100.00, Acc(5): 100.00
2023-06-19 16:35:27,404 - AUGCON - INFO - Epoch [43/50]-(5/22) Loss: 0.2601, Acc(1): 100.00, Acc(5): 100.00
2023-06-19 16:35:27,404 - AUGCON - INFO - Epoch [43/50]-(10/22) Loss: 0.9361, Acc(1): 75.00, Acc(5): 100.00
2023-06-19 16:35:27,404 - AUGCON - INFO - Epoch [43/50]-(15/22) Loss: 0.6266, Acc(1): 75.00, Acc(5): 100.00
2023-06-19 16:35:27,404 - AUGCON - INFO - Epoch [43/50]-(20/22) Loss: 0.3264, Acc(1): 100.00, Acc(5): 100.00
2023-06-19 16:35:27,404 - AUGCON - INFO - 	Validation Loss: 1.0049, Acc(1): 80.00, Acc(5): 96.00, F1: 0.16, Recall: 0.16, Precision: 0.17
2023-06-19 16:35:27,405 - AUGCON - INFO - Epoch [44/50]-(0/22) Loss: 0.2279, Acc(1): 100.00, Acc(5): 100.00
2023-06-19 16:35:27,405 - AUGCON - INFO - Epoch [44/50]-(5/22) Loss: 0.5463, Acc(1): 75.00, Acc(5): 100.00
2023-06-19 16:35:27,405 - AUGCON - INFO - Epoch [44/50]-(10/22) Loss: 0.7392, Acc(1): 75.00, Acc(5): 100.00
2023-06-19 16:35:27,405 - AUGCON - INFO - Epoch [44/50]-(15/22) Loss: 0.5811, Acc(1): 100.00, Acc(5): 100.00
2023-06-19 16:35:27,405 - AUGCON - INFO - Epoch [44/50]-(20/22) Loss: 1.0648, Acc(1): 50.00, Acc(5): 100.00
2023-06-19 16:35:27,405 - AUGCON - INFO - 	Validation Loss: 0.9910, Acc(1): 77.00, Acc(5): 96.00, F1: 0.15, Recall: 0.15, Precision: 0.15
2023-06-19 16:35:27,405 - AUGCON - INFO - Epoch [45/50]-(0/22) Loss: 0.4432, Acc(1): 100.00, Acc(5): 100.00
2023-06-19 16:35:27,405 - AUGCON - INFO - Epoch [45/50]-(5/22) Loss: 1.1180, Acc(1): 50.00, Acc(5): 100.00
2023-06-19 16:35:27,405 - AUGCON - INFO - Epoch [45/50]-(10/22) Loss: 0.1437, Acc(1): 100.00, Acc(5): 100.00
2023-06-19 16:35:27,405 - AUGCON - INFO - Epoch [45/50]-(15/22) Loss: 0.7646, Acc(1): 75.00, Acc(5): 100.00
2023-06-19 16:35:27,405 - AUGCON - INFO - Epoch [45/50]-(20/22) Loss: 0.5560, Acc(1): 100.00, Acc(5): 100.00
2023-06-19 16:35:27,405 - AUGCON - INFO - 	Validation Loss: 1.0373, Acc(1): 72.00, Acc(5): 96.00, F1: 0.15, Recall: 0.14, Precision: 0.16
2023-06-19 16:35:27,405 - AUGCON - INFO - Epoch [46/50]-(0/22) Loss: 0.4702, Acc(1): 100.00, Acc(5): 100.00
2023-06-19 16:35:27,406 - AUGCON - INFO - Epoch [46/50]-(5/22) Loss: 0.2950, Acc(1): 100.00, Acc(5): 100.00
2023-06-19 16:35:27,406 - AUGCON - INFO - Epoch [46/50]-(10/22) Loss: 0.6077, Acc(1): 75.00, Acc(5): 100.00
2023-06-19 16:35:27,406 - AUGCON - INFO - Epoch [46/50]-(15/22) Loss: 0.8147, Acc(1): 50.00, Acc(5): 100.00
2023-06-19 16:35:27,406 - AUGCON - INFO - Epoch [46/50]-(20/22) Loss: 0.9228, Acc(1): 75.00, Acc(5): 100.00
2023-06-19 16:35:27,406 - AUGCON - INFO - 	Validation Loss: 0.9843, Acc(1): 80.00, Acc(5): 96.00, F1: 0.16, Recall: 0.16, Precision: 0.16
2023-06-19 16:35:27,406 - AUGCON - INFO - Epoch [47/50]-(0/22) Loss: 0.7476, Acc(1): 75.00, Acc(5): 100.00
2023-06-19 16:35:27,406 - AUGCON - INFO - Epoch [47/50]-(5/22) Loss: 0.2972, Acc(1): 100.00, Acc(5): 100.00
2023-06-19 16:35:27,406 - AUGCON - INFO - Epoch [47/50]-(10/22) Loss: 0.3456, Acc(1): 100.00, Acc(5): 100.00
2023-06-19 16:35:27,406 - AUGCON - INFO - Epoch [47/50]-(15/22) Loss: 1.1382, Acc(1): 25.00, Acc(5): 100.00
2023-06-19 16:35:27,406 - AUGCON - INFO - Epoch [47/50]-(20/22) Loss: 0.4829, Acc(1): 100.00, Acc(5): 100.00
2023-06-19 16:35:27,406 - AUGCON - INFO - 	Validation Loss: 1.0073, Acc(1): 79.00, Acc(5): 96.00, F1: 0.15, Recall: 0.16, Precision: 0.15
2023-06-19 16:35:27,406 - AUGCON - INFO - Epoch [48/50]-(0/22) Loss: 0.2783, Acc(1): 100.00, Acc(5): 100.00
2023-06-19 16:35:27,407 - AUGCON - INFO - Epoch [48/50]-(5/22) Loss: 0.3571, Acc(1): 100.00, Acc(5): 100.00
2023-06-19 16:35:27,407 - AUGCON - INFO - Epoch [48/50]-(10/22) Loss: 0.6074, Acc(1): 75.00, Acc(5): 100.00
2023-06-19 16:35:27,407 - AUGCON - INFO - Epoch [48/50]-(15/22) Loss: 0.4005, Acc(1): 100.00, Acc(5): 100.00
2023-06-19 16:35:27,407 - AUGCON - INFO - Epoch [48/50]-(20/22) Loss: 1.1181, Acc(1): 75.00, Acc(5): 100.00
2023-06-19 16:35:27,407 - AUGCON - INFO - 	Validation Loss: 1.0230, Acc(1): 80.00, Acc(5): 96.00, F1: 0.16, Recall: 0.16, Precision: 0.16
2023-06-19 16:35:27,407 - AUGCON - INFO - Epoch [49/50]-(0/22) Loss: 0.7302, Acc(1): 50.00, Acc(5): 100.00
2023-06-19 16:35:27,407 - AUGCON - INFO - Epoch [49/50]-(5/22) Loss: 0.6364, Acc(1): 75.00, Acc(5): 100.00
2023-06-19 16:35:27,407 - AUGCON - INFO - Epoch [49/50]-(10/22) Loss: 0.8977, Acc(1): 75.00, Acc(5): 100.00
2023-06-19 16:35:27,407 - AUGCON - INFO - Epoch [49/50]-(15/22) Loss: 0.0229, Acc(1): 100.00, Acc(5): 100.00
2023-06-19 16:35:27,407 - AUGCON - INFO - Epoch [49/50]-(20/22) Loss: 0.6638, Acc(1): 50.00, Acc(5): 100.00
2023-06-19 16:35:27,407 - AUGCON - INFO - 	Validation Loss: 0.9958, Acc(1): 79.00, Acc(5): 96.00, F1: 0.16, Recall: 0.16, Precision: 0.17
2023-06-19 16:35:27,407 - AUGCON - INFO - Epoch [50/50]-(0/22) Loss: 1.3118, Acc(1): 50.00, Acc(5): 100.00
2023-06-19 16:35:27,407 - AUGCON - INFO - Epoch [50/50]-(5/22) Loss: 0.4542, Acc(1): 100.00, Acc(5): 100.00
2023-06-19 16:35:27,408 - AUGCON - INFO - Epoch [50/50]-(10/22) Loss: 0.2290, Acc(1): 100.00, Acc(5): 100.00
2023-06-19 16:35:27,408 - AUGCON - INFO - Epoch [50/50]-(15/22) Loss: 0.2028, Acc(1): 100.00, Acc(5): 100.00
2023-06-19 16:35:27,408 - AUGCON - INFO - Epoch [50/50]-(20/22) Loss: 0.5369, Acc(1): 75.00, Acc(5): 100.00
2023-06-19 16:35:27,408 - AUGCON - INFO - 	Validation Loss: 1.0287, Acc(1): 75.00, Acc(5): 95.00, F1: 0.15, Recall: 0.15, Precision: 0.16
2023-06-19 16:35:27,408 - AUGCON - INFO - 	Validation Loss: 0.8737, Acc(1): 81.67, Acc(5): 97.00, F1: 0.19, Recall: 0.18, Precision: 0.20
