2023-06-19 16:22:11,995 - AUGCON - INFO - logger initialized (/home/hjyoon/projects/augcon/config/exp0/finetune_da_false/without_target_domain_PH0041-hmkim/cpc_random_8421/tgt_target_domain_PH0014-wjlee_seed0.yaml.log)
2023-06-19 16:22:11,996 - AUGCON - INFO - ================= Config =================
2023-06-19 16:22:11,996 - AUGCON - INFO -   mode: finetune
2023-06-19 16:22:11,996 - AUGCON - INFO -   seed: 0
2023-06-19 16:22:11,996 - AUGCON - INFO -   gpu: [5]
2023-06-19 16:22:11,996 - AUGCON - INFO -   num_workers: 1
2023-06-19 16:22:11,996 - AUGCON - INFO -   dist_url: tcp://localhost:10001
2023-06-19 16:22:11,996 - AUGCON - INFO -   dataset_name: ichar
2023-06-19 16:22:11,996 - AUGCON - INFO -   train_dataset_path: /mnt/sting/hjyoon/projects/cross/ICHAR/augcon/target_domain_PH0014-wjlee/finetune/10shot/target/train.pkl
2023-06-19 16:22:11,996 - AUGCON - INFO -   test_dataset_path: /mnt/sting/hjyoon/projects/cross/ICHAR/augcon/target_domain_PH0014-wjlee/finetune/10shot/target/test.pkl
2023-06-19 16:22:11,996 - AUGCON - INFO -   val_dataset_path: /mnt/sting/hjyoon/projects/cross/ICHAR/augcon/target_domain_PH0014-wjlee/finetune/10shot/target/val.pkl
2023-06-19 16:22:11,996 - AUGCON - INFO -   input_channels: 3
2023-06-19 16:22:11,996 - AUGCON - INFO -   num_cls: 9
2023-06-19 16:22:11,996 - AUGCON - INFO -   optimizer: adam
2023-06-19 16:22:11,996 - AUGCON - INFO -   criterion: crossentropy
2023-06-19 16:22:11,996 - AUGCON - INFO -   start_epoch: 0
2023-06-19 16:22:11,996 - AUGCON - INFO -   epochs: 50
2023-06-19 16:22:11,996 - AUGCON - INFO -   batch_size: 4
2023-06-19 16:22:11,996 - AUGCON - INFO -   lr: 0.001
2023-06-19 16:22:11,996 - AUGCON - INFO -   wd: 0.0
2023-06-19 16:22:11,996 - AUGCON - INFO -   resume: 
2023-06-19 16:22:11,996 - AUGCON - INFO -   pretrained: /mnt/sting/hjyoon/projects/augcontrast/models/exp0/pretrain/without_target_domain_PH0041-hmkim/cpc_random_8421//checkpoint_0099.pth.tar
2023-06-19 16:22:11,996 - AUGCON - INFO -   ckpt_dir: /mnt/sting/hjyoon/projects/augcontrast/models/exp0/finetune_da_false/without_target_domain_PH0041-hmkim/cpc_random_8421/tgt_target_domain_PH0014-wjlee_seed0
2023-06-19 16:22:11,996 - AUGCON - INFO -   log_freq: 5
2023-06-19 16:22:11,996 - AUGCON - INFO -   save_freq: 10
2023-06-19 16:22:11,996 - AUGCON - INFO -   pretext: metacpc
2023-06-19 16:22:11,996 - AUGCON - INFO -   enc_blocks: 4
2023-06-19 16:22:11,996 - AUGCON - INFO -   kernel_sizes: [8, 4, 2, 1]
2023-06-19 16:22:11,996 - AUGCON - INFO -   strides: [4, 2, 1, 1]
2023-06-19 16:22:11,996 - AUGCON - INFO -   agg_blocks: 5
2023-06-19 16:22:11,996 - AUGCON - INFO -   z_dim: 256
2023-06-19 16:22:11,996 - AUGCON - INFO -   pooling: mean
2023-06-19 16:22:11,996 - AUGCON - INFO -   pred_steps: 12
2023-06-19 16:22:11,996 - AUGCON - INFO -   n_negatives: 15
2023-06-19 16:22:11,996 - AUGCON - INFO -   offset: 4
2023-06-19 16:22:11,996 - AUGCON - INFO -   domain_adaptation: False
2023-06-19 16:22:11,996 - AUGCON - INFO -   task_steps: 10
2023-06-19 16:22:11,996 - AUGCON - INFO -   task_lr: 0.001
2023-06-19 16:22:11,996 - AUGCON - INFO -   reg_lambda: 0
2023-06-19 16:22:11,997 - AUGCON - INFO -   mlp: False
2023-06-19 16:22:11,997 - AUGCON - INFO -   freeze: True
2023-06-19 16:22:11,997 - AUGCON - INFO -   no_vars: True
2023-06-19 16:22:11,997 - AUGCON - INFO - ==========================================
2023-06-19 16:22:11,997 - AUGCON - INFO - Setting GPUs: [5]
2023-06-19 16:22:11,997 - AUGCON - INFO - GPUs [5] will be used
2023-06-19 16:22:11,997 - AUGCON - WARNING - You have chosen to seed training. 
2023-06-19 16:22:11,997 - AUGCON - WARNING - This will turn on the CUDNN deterministic setting, 
2023-06-19 16:22:11,997 - AUGCON - WARNING - which can slow down your training considerably! 
2023-06-19 16:22:11,997 - AUGCON - WARNING - You may see unexpected behavior when restarting 
2023-06-19 16:22:11,997 - AUGCON - WARNING - from checkpoints.
2023-06-19 16:22:12,027 - AUGCON - INFO - Executing MetaCPC
2023-06-19 16:22:12,028 - AUGCON - INFO - Logs are skipped during training
2023-06-19 16:22:28,475 - AUGCON - INFO - Single GPU is used for training - training 90 instances for each worker
2023-06-19 16:22:28,475 - AUGCON - INFO - Loading pretrained model from checkpoint - /mnt/sting/hjyoon/projects/augcontrast/models/exp0/pretrain/without_target_domain_PH0041-hmkim/cpc_random_8421//checkpoint_0099.pth.tar
2023-06-19 16:22:28,475 - AUGCON - INFO - Missing keys: ['predictor.vars.0', 'predictor.vars.1']
2023-06-19 16:22:28,475 - AUGCON - INFO - Loading encoder parameters to the classifier
2023-06-19 16:22:28,475 - AUGCON - INFO - Missing keys: ['classifier.block.0.weight', 'classifier.block.0.bias']
2023-06-19 16:22:28,476 - AUGCON - INFO - Epoch [1/50]-(0/22) Loss: 2.1978, Acc(1): 0.00, Acc(5): 100.00
2023-06-19 16:22:28,476 - AUGCON - INFO - Epoch [1/50]-(5/22) Loss: 2.0840, Acc(1): 25.00, Acc(5): 75.00
2023-06-19 16:22:28,476 - AUGCON - INFO - Epoch [1/50]-(10/22) Loss: 2.4896, Acc(1): 0.00, Acc(5): 50.00
2023-06-19 16:22:28,476 - AUGCON - INFO - Epoch [1/50]-(15/22) Loss: 1.7812, Acc(1): 50.00, Acc(5): 50.00
2023-06-19 16:22:28,476 - AUGCON - INFO - Epoch [1/50]-(20/22) Loss: 2.0891, Acc(1): 0.00, Acc(5): 75.00
2023-06-19 16:22:28,476 - AUGCON - INFO - 	Validation Loss: 1.7451, Acc(1): 33.00, Acc(5): 89.00, F1: 0.07, Recall: 0.06, Precision: 0.08
2023-06-19 16:22:28,476 - AUGCON - INFO - Epoch [2/50]-(0/22) Loss: 2.0916, Acc(1): 0.00, Acc(5): 100.00
2023-06-19 16:22:28,476 - AUGCON - INFO - Epoch [2/50]-(5/22) Loss: 2.1670, Acc(1): 25.00, Acc(5): 75.00
2023-06-19 16:22:28,476 - AUGCON - INFO - Epoch [2/50]-(10/22) Loss: 1.3936, Acc(1): 50.00, Acc(5): 100.00
2023-06-19 16:22:28,476 - AUGCON - INFO - Epoch [2/50]-(15/22) Loss: 1.5591, Acc(1): 25.00, Acc(5): 100.00
2023-06-19 16:22:28,477 - AUGCON - INFO - Epoch [2/50]-(20/22) Loss: 1.2870, Acc(1): 50.00, Acc(5): 100.00
2023-06-19 16:22:28,477 - AUGCON - INFO - 	Validation Loss: 1.4581, Acc(1): 56.00, Acc(5): 97.00, F1: 0.11, Recall: 0.11, Precision: 0.11
2023-06-19 16:22:28,477 - AUGCON - INFO - Epoch [3/50]-(0/22) Loss: 1.7781, Acc(1): 50.00, Acc(5): 75.00
2023-06-19 16:22:28,477 - AUGCON - INFO - Epoch [3/50]-(5/22) Loss: 1.6847, Acc(1): 50.00, Acc(5): 100.00
2023-06-19 16:22:28,477 - AUGCON - INFO - Epoch [3/50]-(10/22) Loss: 1.7045, Acc(1): 0.00, Acc(5): 100.00
2023-06-19 16:22:28,477 - AUGCON - INFO - Epoch [3/50]-(15/22) Loss: 1.6512, Acc(1): 25.00, Acc(5): 100.00
2023-06-19 16:22:28,477 - AUGCON - INFO - Epoch [3/50]-(20/22) Loss: 1.1368, Acc(1): 50.00, Acc(5): 100.00
2023-06-19 16:22:28,477 - AUGCON - INFO - 	Validation Loss: 1.3676, Acc(1): 60.00, Acc(5): 97.00, F1: 0.13, Recall: 0.11, Precision: 0.17
2023-06-19 16:22:28,477 - AUGCON - INFO - Epoch [4/50]-(0/22) Loss: 1.1423, Acc(1): 100.00, Acc(5): 100.00
2023-06-19 16:22:28,477 - AUGCON - INFO - Epoch [4/50]-(5/22) Loss: 1.0095, Acc(1): 75.00, Acc(5): 100.00
2023-06-19 16:22:28,477 - AUGCON - INFO - Epoch [4/50]-(10/22) Loss: 1.0279, Acc(1): 75.00, Acc(5): 100.00
2023-06-19 16:22:28,477 - AUGCON - INFO - Epoch [4/50]-(15/22) Loss: 1.2253, Acc(1): 75.00, Acc(5): 100.00
2023-06-19 16:22:28,477 - AUGCON - INFO - Epoch [4/50]-(20/22) Loss: 1.3469, Acc(1): 50.00, Acc(5): 100.00
2023-06-19 16:22:28,478 - AUGCON - INFO - 	Validation Loss: 1.2926, Acc(1): 66.00, Acc(5): 96.00, F1: 0.12, Recall: 0.13, Precision: 0.12
2023-06-19 16:22:28,484 - AUGCON - INFO - Epoch [5/50]-(0/22) Loss: 1.1197, Acc(1): 75.00, Acc(5): 100.00
2023-06-19 16:22:28,484 - AUGCON - INFO - Epoch [5/50]-(5/22) Loss: 0.7592, Acc(1): 100.00, Acc(5): 100.00
2023-06-19 16:22:28,484 - AUGCON - INFO - Epoch [5/50]-(10/22) Loss: 0.6521, Acc(1): 100.00, Acc(5): 100.00
2023-06-19 16:22:28,484 - AUGCON - INFO - Epoch [5/50]-(15/22) Loss: 1.0766, Acc(1): 75.00, Acc(5): 100.00
2023-06-19 16:22:28,484 - AUGCON - INFO - Epoch [5/50]-(20/22) Loss: 0.9476, Acc(1): 100.00, Acc(5): 100.00
2023-06-19 16:22:28,484 - AUGCON - INFO - 	Validation Loss: 1.2812, Acc(1): 67.00, Acc(5): 97.00, F1: 0.14, Recall: 0.13, Precision: 0.15
2023-06-19 16:22:28,484 - AUGCON - INFO - Epoch [6/50]-(0/22) Loss: 1.2263, Acc(1): 75.00, Acc(5): 100.00
2023-06-19 16:22:28,485 - AUGCON - INFO - Epoch [6/50]-(5/22) Loss: 1.1561, Acc(1): 75.00, Acc(5): 100.00
2023-06-19 16:22:28,485 - AUGCON - INFO - Epoch [6/50]-(10/22) Loss: 1.0927, Acc(1): 25.00, Acc(5): 100.00
2023-06-19 16:22:28,485 - AUGCON - INFO - Epoch [6/50]-(15/22) Loss: 0.6744, Acc(1): 100.00, Acc(5): 100.00
2023-06-19 16:22:28,485 - AUGCON - INFO - Epoch [6/50]-(20/22) Loss: 0.9623, Acc(1): 50.00, Acc(5): 100.00
2023-06-19 16:22:28,485 - AUGCON - INFO - 	Validation Loss: 1.2494, Acc(1): 67.00, Acc(5): 97.00, F1: 0.14, Recall: 0.13, Precision: 0.16
2023-06-19 16:22:28,485 - AUGCON - INFO - Epoch [7/50]-(0/22) Loss: 1.0685, Acc(1): 75.00, Acc(5): 100.00
2023-06-19 16:22:28,485 - AUGCON - INFO - Epoch [7/50]-(5/22) Loss: 1.0361, Acc(1): 50.00, Acc(5): 100.00
2023-06-19 16:22:28,485 - AUGCON - INFO - Epoch [7/50]-(10/22) Loss: 1.4826, Acc(1): 50.00, Acc(5): 100.00
2023-06-19 16:22:28,485 - AUGCON - INFO - Epoch [7/50]-(15/22) Loss: 0.8811, Acc(1): 75.00, Acc(5): 100.00
2023-06-19 16:22:28,485 - AUGCON - INFO - Epoch [7/50]-(20/22) Loss: 1.7401, Acc(1): 50.00, Acc(5): 75.00
2023-06-19 16:22:28,485 - AUGCON - INFO - 	Validation Loss: 1.2010, Acc(1): 68.00, Acc(5): 96.00, F1: 0.13, Recall: 0.13, Precision: 0.14
2023-06-19 16:22:28,485 - AUGCON - INFO - Epoch [8/50]-(0/22) Loss: 0.8626, Acc(1): 75.00, Acc(5): 100.00
2023-06-19 16:22:28,485 - AUGCON - INFO - Epoch [8/50]-(5/22) Loss: 0.8513, Acc(1): 75.00, Acc(5): 100.00
2023-06-19 16:22:28,485 - AUGCON - INFO - Epoch [8/50]-(10/22) Loss: 1.2773, Acc(1): 25.00, Acc(5): 100.00
2023-06-19 16:22:28,485 - AUGCON - INFO - Epoch [8/50]-(15/22) Loss: 1.1776, Acc(1): 50.00, Acc(5): 100.00
2023-06-19 16:22:28,486 - AUGCON - INFO - Epoch [8/50]-(20/22) Loss: 1.4500, Acc(1): 25.00, Acc(5): 100.00
2023-06-19 16:22:28,486 - AUGCON - INFO - 	Validation Loss: 1.1870, Acc(1): 68.00, Acc(5): 95.00, F1: 0.14, Recall: 0.13, Precision: 0.15
2023-06-19 16:22:28,486 - AUGCON - INFO - Epoch [9/50]-(0/22) Loss: 0.9000, Acc(1): 100.00, Acc(5): 100.00
2023-06-19 16:22:28,486 - AUGCON - INFO - Epoch [9/50]-(5/22) Loss: 0.5548, Acc(1): 100.00, Acc(5): 100.00
2023-06-19 16:22:28,486 - AUGCON - INFO - Epoch [9/50]-(10/22) Loss: 0.4567, Acc(1): 100.00, Acc(5): 100.00
2023-06-19 16:22:28,486 - AUGCON - INFO - Epoch [9/50]-(15/22) Loss: 1.1662, Acc(1): 50.00, Acc(5): 100.00
2023-06-19 16:22:28,486 - AUGCON - INFO - Epoch [9/50]-(20/22) Loss: 1.1042, Acc(1): 75.00, Acc(5): 100.00
2023-06-19 16:22:28,486 - AUGCON - INFO - 	Validation Loss: 1.1971, Acc(1): 69.00, Acc(5): 95.00, F1: 0.14, Recall: 0.13, Precision: 0.16
2023-06-19 16:22:28,486 - AUGCON - INFO - Epoch [10/50]-(0/22) Loss: 0.8836, Acc(1): 75.00, Acc(5): 100.00
2023-06-19 16:22:28,486 - AUGCON - INFO - Epoch [10/50]-(5/22) Loss: 0.7611, Acc(1): 75.00, Acc(5): 100.00
2023-06-19 16:22:28,486 - AUGCON - INFO - Epoch [10/50]-(10/22) Loss: 0.7681, Acc(1): 75.00, Acc(5): 100.00
2023-06-19 16:22:28,486 - AUGCON - INFO - Epoch [10/50]-(15/22) Loss: 0.5585, Acc(1): 100.00, Acc(5): 100.00
2023-06-19 16:22:28,486 - AUGCON - INFO - Epoch [10/50]-(20/22) Loss: 1.5040, Acc(1): 50.00, Acc(5): 100.00
2023-06-19 16:22:28,486 - AUGCON - INFO - 	Validation Loss: 1.1594, Acc(1): 71.00, Acc(5): 95.00, F1: 0.15, Recall: 0.14, Precision: 0.15
2023-06-19 16:22:28,486 - AUGCON - INFO - Epoch [11/50]-(0/22) Loss: 1.2362, Acc(1): 25.00, Acc(5): 100.00
2023-06-19 16:22:28,486 - AUGCON - INFO - Epoch [11/50]-(5/22) Loss: 0.6891, Acc(1): 100.00, Acc(5): 100.00
2023-06-19 16:22:28,487 - AUGCON - INFO - Epoch [11/50]-(10/22) Loss: 0.9751, Acc(1): 50.00, Acc(5): 100.00
2023-06-19 16:22:28,487 - AUGCON - INFO - Epoch [11/50]-(15/22) Loss: 0.4565, Acc(1): 100.00, Acc(5): 100.00
2023-06-19 16:22:28,487 - AUGCON - INFO - Epoch [11/50]-(20/22) Loss: 0.9610, Acc(1): 75.00, Acc(5): 100.00
2023-06-19 16:22:28,487 - AUGCON - INFO - 	Validation Loss: 1.1560, Acc(1): 68.00, Acc(5): 95.00, F1: 0.14, Recall: 0.13, Precision: 0.15
2023-06-19 16:22:28,487 - AUGCON - INFO - Epoch [12/50]-(0/22) Loss: 0.7852, Acc(1): 100.00, Acc(5): 100.00
2023-06-19 16:22:28,487 - AUGCON - INFO - Epoch [12/50]-(5/22) Loss: 0.7421, Acc(1): 100.00, Acc(5): 100.00
2023-06-19 16:22:28,487 - AUGCON - INFO - Epoch [12/50]-(10/22) Loss: 0.6478, Acc(1): 100.00, Acc(5): 100.00
2023-06-19 16:22:28,487 - AUGCON - INFO - Epoch [12/50]-(15/22) Loss: 0.8241, Acc(1): 100.00, Acc(5): 100.00
2023-06-19 16:22:28,488 - AUGCON - INFO - Epoch [12/50]-(20/22) Loss: 1.0215, Acc(1): 75.00, Acc(5): 100.00
2023-06-19 16:22:28,488 - AUGCON - INFO - 	Validation Loss: 1.1361, Acc(1): 72.00, Acc(5): 95.00, F1: 0.15, Recall: 0.14, Precision: 0.17
2023-06-19 16:22:28,488 - AUGCON - INFO - Epoch [13/50]-(0/22) Loss: 0.7181, Acc(1): 100.00, Acc(5): 100.00
2023-06-19 16:22:28,488 - AUGCON - INFO - Epoch [13/50]-(5/22) Loss: 0.5942, Acc(1): 100.00, Acc(5): 100.00
2023-06-19 16:22:28,488 - AUGCON - INFO - Epoch [13/50]-(10/22) Loss: 1.4356, Acc(1): 75.00, Acc(5): 100.00
2023-06-19 16:22:28,488 - AUGCON - INFO - Epoch [13/50]-(15/22) Loss: 1.1747, Acc(1): 50.00, Acc(5): 100.00
2023-06-19 16:22:28,488 - AUGCON - INFO - Epoch [13/50]-(20/22) Loss: 0.6624, Acc(1): 75.00, Acc(5): 100.00
2023-06-19 16:22:28,488 - AUGCON - INFO - 	Validation Loss: 1.1592, Acc(1): 67.00, Acc(5): 95.00, F1: 0.14, Recall: 0.13, Precision: 0.15
2023-06-19 16:22:28,488 - AUGCON - INFO - Epoch [14/50]-(0/22) Loss: 0.7437, Acc(1): 75.00, Acc(5): 100.00
2023-06-19 16:22:28,488 - AUGCON - INFO - Epoch [14/50]-(5/22) Loss: 0.8998, Acc(1): 50.00, Acc(5): 100.00
2023-06-19 16:22:28,488 - AUGCON - INFO - Epoch [14/50]-(10/22) Loss: 0.5564, Acc(1): 75.00, Acc(5): 100.00
2023-06-19 16:22:28,488 - AUGCON - INFO - Epoch [14/50]-(15/22) Loss: 1.0078, Acc(1): 75.00, Acc(5): 100.00
2023-06-19 16:22:28,488 - AUGCON - INFO - Epoch [14/50]-(20/22) Loss: 0.5284, Acc(1): 100.00, Acc(5): 100.00
2023-06-19 16:22:28,489 - AUGCON - INFO - 	Validation Loss: 1.1417, Acc(1): 69.00, Acc(5): 95.00, F1: 0.14, Recall: 0.13, Precision: 0.15
2023-06-19 16:22:28,489 - AUGCON - INFO - Epoch [15/50]-(0/22) Loss: 0.5751, Acc(1): 100.00, Acc(5): 100.00
2023-06-19 16:22:28,489 - AUGCON - INFO - Epoch [15/50]-(5/22) Loss: 0.9479, Acc(1): 75.00, Acc(5): 100.00
2023-06-19 16:22:28,489 - AUGCON - INFO - Epoch [15/50]-(10/22) Loss: 1.1825, Acc(1): 75.00, Acc(5): 100.00
2023-06-19 16:22:28,489 - AUGCON - INFO - Epoch [15/50]-(15/22) Loss: 1.2453, Acc(1): 50.00, Acc(5): 100.00
2023-06-19 16:22:28,489 - AUGCON - INFO - Epoch [15/50]-(20/22) Loss: 0.4437, Acc(1): 100.00, Acc(5): 100.00
2023-06-19 16:22:28,489 - AUGCON - INFO - 	Validation Loss: 1.1440, Acc(1): 66.00, Acc(5): 95.00, F1: 0.13, Recall: 0.13, Precision: 0.14
2023-06-19 16:22:28,489 - AUGCON - INFO - Epoch [16/50]-(0/22) Loss: 0.4977, Acc(1): 100.00, Acc(5): 100.00
2023-06-19 16:22:28,489 - AUGCON - INFO - Epoch [16/50]-(5/22) Loss: 0.4200, Acc(1): 100.00, Acc(5): 100.00
2023-06-19 16:22:28,489 - AUGCON - INFO - Epoch [16/50]-(10/22) Loss: 0.8443, Acc(1): 75.00, Acc(5): 100.00
2023-06-19 16:22:28,489 - AUGCON - INFO - Epoch [16/50]-(15/22) Loss: 1.3460, Acc(1): 50.00, Acc(5): 100.00
2023-06-19 16:22:28,489 - AUGCON - INFO - Epoch [16/50]-(20/22) Loss: 1.0265, Acc(1): 75.00, Acc(5): 100.00
2023-06-19 16:22:28,489 - AUGCON - INFO - 	Validation Loss: 1.1333, Acc(1): 70.00, Acc(5): 95.00, F1: 0.14, Recall: 0.14, Precision: 0.15
2023-06-19 16:22:28,489 - AUGCON - INFO - Epoch [17/50]-(0/22) Loss: 0.3761, Acc(1): 100.00, Acc(5): 100.00
2023-06-19 16:22:28,489 - AUGCON - INFO - Epoch [17/50]-(5/22) Loss: 0.5794, Acc(1): 75.00, Acc(5): 100.00
2023-06-19 16:22:28,490 - AUGCON - INFO - Epoch [17/50]-(10/22) Loss: 1.2408, Acc(1): 75.00, Acc(5): 100.00
2023-06-19 16:22:28,490 - AUGCON - INFO - Epoch [17/50]-(15/22) Loss: 1.8612, Acc(1): 75.00, Acc(5): 75.00
2023-06-19 16:22:28,490 - AUGCON - INFO - Epoch [17/50]-(20/22) Loss: 0.6903, Acc(1): 100.00, Acc(5): 100.00
2023-06-19 16:22:28,490 - AUGCON - INFO - 	Validation Loss: 1.1429, Acc(1): 66.00, Acc(5): 95.00, F1: 0.14, Recall: 0.13, Precision: 0.15
2023-06-19 16:22:28,490 - AUGCON - INFO - Epoch [18/50]-(0/22) Loss: 0.8669, Acc(1): 75.00, Acc(5): 100.00
2023-06-19 16:22:28,490 - AUGCON - INFO - Epoch [18/50]-(5/22) Loss: 1.5382, Acc(1): 50.00, Acc(5): 100.00
2023-06-19 16:22:28,490 - AUGCON - INFO - Epoch [18/50]-(10/22) Loss: 0.4322, Acc(1): 100.00, Acc(5): 100.00
2023-06-19 16:22:28,490 - AUGCON - INFO - Epoch [18/50]-(15/22) Loss: 1.6937, Acc(1): 50.00, Acc(5): 100.00
2023-06-19 16:22:28,490 - AUGCON - INFO - Epoch [18/50]-(20/22) Loss: 0.6099, Acc(1): 100.00, Acc(5): 100.00
2023-06-19 16:22:28,490 - AUGCON - INFO - 	Validation Loss: 1.1336, Acc(1): 65.00, Acc(5): 95.00, F1: 0.13, Recall: 0.13, Precision: 0.14
2023-06-19 16:22:28,490 - AUGCON - INFO - Epoch [19/50]-(0/22) Loss: 0.3543, Acc(1): 100.00, Acc(5): 100.00
2023-06-19 16:22:28,490 - AUGCON - INFO - Epoch [19/50]-(5/22) Loss: 1.1833, Acc(1): 75.00, Acc(5): 100.00
2023-06-19 16:22:28,491 - AUGCON - INFO - Epoch [19/50]-(10/22) Loss: 0.8763, Acc(1): 75.00, Acc(5): 100.00
2023-06-19 16:22:28,491 - AUGCON - INFO - Epoch [19/50]-(15/22) Loss: 0.6697, Acc(1): 75.00, Acc(5): 100.00
2023-06-19 16:22:28,491 - AUGCON - INFO - Epoch [19/50]-(20/22) Loss: 0.6676, Acc(1): 100.00, Acc(5): 100.00
2023-06-19 16:22:28,491 - AUGCON - INFO - 	Validation Loss: 1.1424, Acc(1): 68.00, Acc(5): 94.00, F1: 0.14, Recall: 0.13, Precision: 0.16
2023-06-19 16:22:28,491 - AUGCON - INFO - Epoch [20/50]-(0/22) Loss: 0.6512, Acc(1): 100.00, Acc(5): 100.00
2023-06-19 16:22:28,491 - AUGCON - INFO - Epoch [20/50]-(5/22) Loss: 0.3289, Acc(1): 100.00, Acc(5): 100.00
2023-06-19 16:22:28,491 - AUGCON - INFO - Epoch [20/50]-(10/22) Loss: 0.4839, Acc(1): 100.00, Acc(5): 100.00
2023-06-19 16:22:28,491 - AUGCON - INFO - Epoch [20/50]-(15/22) Loss: 1.6185, Acc(1): 50.00, Acc(5): 100.00
2023-06-19 16:22:28,491 - AUGCON - INFO - Epoch [20/50]-(20/22) Loss: 0.9375, Acc(1): 75.00, Acc(5): 100.00
2023-06-19 16:22:28,491 - AUGCON - INFO - 	Validation Loss: 1.0904, Acc(1): 69.00, Acc(5): 95.00, F1: 0.14, Recall: 0.13, Precision: 0.15
2023-06-19 16:22:28,491 - AUGCON - INFO - Epoch [21/50]-(0/22) Loss: 0.6202, Acc(1): 100.00, Acc(5): 100.00
2023-06-19 16:22:28,491 - AUGCON - INFO - Epoch [21/50]-(5/22) Loss: 0.5469, Acc(1): 100.00, Acc(5): 100.00
2023-06-19 16:22:28,491 - AUGCON - INFO - Epoch [21/50]-(10/22) Loss: 0.8717, Acc(1): 75.00, Acc(5): 100.00
2023-06-19 16:22:28,491 - AUGCON - INFO - Epoch [21/50]-(15/22) Loss: 0.5989, Acc(1): 100.00, Acc(5): 100.00
2023-06-19 16:22:28,491 - AUGCON - INFO - Epoch [21/50]-(20/22) Loss: 1.1047, Acc(1): 25.00, Acc(5): 100.00
2023-06-19 16:22:28,492 - AUGCON - INFO - 	Validation Loss: 1.0892, Acc(1): 70.00, Acc(5): 94.00, F1: 0.14, Recall: 0.14, Precision: 0.14
2023-06-19 16:22:28,492 - AUGCON - INFO - Epoch [22/50]-(0/22) Loss: 0.8269, Acc(1): 75.00, Acc(5): 100.00
2023-06-19 16:22:28,492 - AUGCON - INFO - Epoch [22/50]-(5/22) Loss: 0.4911, Acc(1): 75.00, Acc(5): 100.00
2023-06-19 16:22:28,492 - AUGCON - INFO - Epoch [22/50]-(10/22) Loss: 0.8530, Acc(1): 75.00, Acc(5): 100.00
2023-06-19 16:22:28,492 - AUGCON - INFO - Epoch [22/50]-(15/22) Loss: 1.6767, Acc(1): 75.00, Acc(5): 75.00
2023-06-19 16:22:28,492 - AUGCON - INFO - Epoch [22/50]-(20/22) Loss: 0.6539, Acc(1): 75.00, Acc(5): 100.00
2023-06-19 16:22:28,492 - AUGCON - INFO - 	Validation Loss: 1.1051, Acc(1): 67.00, Acc(5): 95.00, F1: 0.14, Recall: 0.13, Precision: 0.15
2023-06-19 16:22:28,492 - AUGCON - INFO - Epoch [23/50]-(0/22) Loss: 0.2900, Acc(1): 100.00, Acc(5): 100.00
2023-06-19 16:22:28,492 - AUGCON - INFO - Epoch [23/50]-(5/22) Loss: 1.0288, Acc(1): 75.00, Acc(5): 100.00
2023-06-19 16:22:28,492 - AUGCON - INFO - Epoch [23/50]-(10/22) Loss: 0.4657, Acc(1): 100.00, Acc(5): 100.00
2023-06-19 16:22:28,492 - AUGCON - INFO - Epoch [23/50]-(15/22) Loss: 0.4737, Acc(1): 100.00, Acc(5): 100.00
2023-06-19 16:22:28,492 - AUGCON - INFO - Epoch [23/50]-(20/22) Loss: 0.6638, Acc(1): 75.00, Acc(5): 100.00
2023-06-19 16:22:28,493 - AUGCON - INFO - 	Validation Loss: 1.0812, Acc(1): 69.00, Acc(5): 95.00, F1: 0.14, Recall: 0.13, Precision: 0.14
2023-06-19 16:22:28,493 - AUGCON - INFO - Epoch [24/50]-(0/22) Loss: 0.5534, Acc(1): 75.00, Acc(5): 100.00
2023-06-19 16:22:28,493 - AUGCON - INFO - Epoch [24/50]-(5/22) Loss: 0.9109, Acc(1): 100.00, Acc(5): 100.00
2023-06-19 16:22:28,493 - AUGCON - INFO - Epoch [24/50]-(10/22) Loss: 0.3602, Acc(1): 100.00, Acc(5): 100.00
2023-06-19 16:22:28,493 - AUGCON - INFO - Epoch [24/50]-(15/22) Loss: 0.5266, Acc(1): 75.00, Acc(5): 100.00
2023-06-19 16:22:28,493 - AUGCON - INFO - Epoch [24/50]-(20/22) Loss: 0.4236, Acc(1): 100.00, Acc(5): 100.00
2023-06-19 16:22:28,493 - AUGCON - INFO - 	Validation Loss: 1.0980, Acc(1): 72.00, Acc(5): 95.00, F1: 0.15, Recall: 0.14, Precision: 0.16
2023-06-19 16:22:28,493 - AUGCON - INFO - Epoch [25/50]-(0/22) Loss: 0.4816, Acc(1): 75.00, Acc(5): 100.00
2023-06-19 16:22:28,500 - AUGCON - INFO - Epoch [25/50]-(5/22) Loss: 0.2760, Acc(1): 100.00, Acc(5): 100.00
2023-06-19 16:22:28,500 - AUGCON - INFO - Epoch [25/50]-(10/22) Loss: 0.5637, Acc(1): 100.00, Acc(5): 100.00
2023-06-19 16:22:28,500 - AUGCON - INFO - Epoch [25/50]-(15/22) Loss: 1.1400, Acc(1): 75.00, Acc(5): 100.00
2023-06-19 16:22:28,500 - AUGCON - INFO - Epoch [25/50]-(20/22) Loss: 0.4468, Acc(1): 75.00, Acc(5): 100.00
2023-06-19 16:22:28,500 - AUGCON - INFO - 	Validation Loss: 1.0900, Acc(1): 74.00, Acc(5): 95.00, F1: 0.15, Recall: 0.15, Precision: 0.16
2023-06-19 16:22:28,500 - AUGCON - INFO - Epoch [26/50]-(0/22) Loss: 0.4211, Acc(1): 100.00, Acc(5): 100.00
2023-06-19 16:22:28,500 - AUGCON - INFO - Epoch [26/50]-(5/22) Loss: 0.8673, Acc(1): 75.00, Acc(5): 100.00
2023-06-19 16:22:28,501 - AUGCON - INFO - Epoch [26/50]-(10/22) Loss: 0.3561, Acc(1): 100.00, Acc(5): 100.00
2023-06-19 16:22:28,501 - AUGCON - INFO - Epoch [26/50]-(15/22) Loss: 0.7065, Acc(1): 75.00, Acc(5): 100.00
2023-06-19 16:22:28,501 - AUGCON - INFO - Epoch [26/50]-(20/22) Loss: 0.8677, Acc(1): 50.00, Acc(5): 100.00
2023-06-19 16:22:28,501 - AUGCON - INFO - 	Validation Loss: 1.0623, Acc(1): 69.00, Acc(5): 95.00, F1: 0.14, Recall: 0.13, Precision: 0.14
2023-06-19 16:22:28,501 - AUGCON - INFO - Epoch [27/50]-(0/22) Loss: 0.5761, Acc(1): 75.00, Acc(5): 100.00
2023-06-19 16:22:28,501 - AUGCON - INFO - Epoch [27/50]-(5/22) Loss: 0.5439, Acc(1): 100.00, Acc(5): 100.00
2023-06-19 16:22:28,501 - AUGCON - INFO - Epoch [27/50]-(10/22) Loss: 0.6084, Acc(1): 75.00, Acc(5): 100.00
2023-06-19 16:22:28,501 - AUGCON - INFO - Epoch [27/50]-(15/22) Loss: 1.1413, Acc(1): 50.00, Acc(5): 100.00
2023-06-19 16:22:28,501 - AUGCON - INFO - Epoch [27/50]-(20/22) Loss: 0.3029, Acc(1): 100.00, Acc(5): 100.00
2023-06-19 16:22:28,501 - AUGCON - INFO - 	Validation Loss: 1.0682, Acc(1): 70.00, Acc(5): 95.00, F1: 0.14, Recall: 0.14, Precision: 0.15
2023-06-19 16:22:28,501 - AUGCON - INFO - Epoch [28/50]-(0/22) Loss: 0.7021, Acc(1): 75.00, Acc(5): 100.00
2023-06-19 16:22:28,501 - AUGCON - INFO - Epoch [28/50]-(5/22) Loss: 0.3477, Acc(1): 100.00, Acc(5): 100.00
2023-06-19 16:22:28,502 - AUGCON - INFO - Epoch [28/50]-(10/22) Loss: 0.4927, Acc(1): 75.00, Acc(5): 100.00
2023-06-19 16:22:28,502 - AUGCON - INFO - Epoch [28/50]-(15/22) Loss: 1.0770, Acc(1): 75.00, Acc(5): 100.00
2023-06-19 16:22:28,502 - AUGCON - INFO - Epoch [28/50]-(20/22) Loss: 1.7204, Acc(1): 50.00, Acc(5): 100.00
2023-06-19 16:22:28,502 - AUGCON - INFO - 	Validation Loss: 1.0752, Acc(1): 72.00, Acc(5): 95.00, F1: 0.15, Recall: 0.14, Precision: 0.16
2023-06-19 16:22:28,502 - AUGCON - INFO - Epoch [29/50]-(0/22) Loss: 0.4035, Acc(1): 100.00, Acc(5): 100.00
2023-06-19 16:22:28,502 - AUGCON - INFO - Epoch [29/50]-(5/22) Loss: 0.4949, Acc(1): 75.00, Acc(5): 100.00
2023-06-19 16:22:28,502 - AUGCON - INFO - Epoch [29/50]-(10/22) Loss: 0.6406, Acc(1): 100.00, Acc(5): 100.00
2023-06-19 16:22:28,502 - AUGCON - INFO - Epoch [29/50]-(15/22) Loss: 0.8670, Acc(1): 75.00, Acc(5): 100.00
2023-06-19 16:22:28,502 - AUGCON - INFO - Epoch [29/50]-(20/22) Loss: 0.7191, Acc(1): 100.00, Acc(5): 100.00
2023-06-19 16:22:28,502 - AUGCON - INFO - 	Validation Loss: 1.0902, Acc(1): 72.00, Acc(5): 95.00, F1: 0.15, Recall: 0.14, Precision: 0.16
2023-06-19 16:22:28,502 - AUGCON - INFO - Epoch [30/50]-(0/22) Loss: 0.6445, Acc(1): 100.00, Acc(5): 100.00
2023-06-19 16:22:28,502 - AUGCON - INFO - Epoch [30/50]-(5/22) Loss: 0.9376, Acc(1): 75.00, Acc(5): 100.00
2023-06-19 16:22:28,503 - AUGCON - INFO - Epoch [30/50]-(10/22) Loss: 0.3812, Acc(1): 100.00, Acc(5): 100.00
2023-06-19 16:22:28,503 - AUGCON - INFO - Epoch [30/50]-(15/22) Loss: 0.6040, Acc(1): 75.00, Acc(5): 100.00
2023-06-19 16:22:28,503 - AUGCON - INFO - Epoch [30/50]-(20/22) Loss: 0.4877, Acc(1): 100.00, Acc(5): 100.00
2023-06-19 16:22:28,503 - AUGCON - INFO - 	Validation Loss: 1.0708, Acc(1): 71.00, Acc(5): 94.00, F1: 0.15, Recall: 0.14, Precision: 0.17
2023-06-19 16:22:28,503 - AUGCON - INFO - Epoch [31/50]-(0/22) Loss: 0.4453, Acc(1): 100.00, Acc(5): 100.00
2023-06-19 16:22:28,503 - AUGCON - INFO - Epoch [31/50]-(5/22) Loss: 0.6620, Acc(1): 75.00, Acc(5): 100.00
2023-06-19 16:22:28,503 - AUGCON - INFO - Epoch [31/50]-(10/22) Loss: 0.9261, Acc(1): 50.00, Acc(5): 100.00
2023-06-19 16:22:28,503 - AUGCON - INFO - Epoch [31/50]-(15/22) Loss: 0.7586, Acc(1): 75.00, Acc(5): 100.00
2023-06-19 16:22:28,503 - AUGCON - INFO - Epoch [31/50]-(20/22) Loss: 0.6871, Acc(1): 75.00, Acc(5): 100.00
2023-06-19 16:22:28,503 - AUGCON - INFO - 	Validation Loss: 1.1090, Acc(1): 67.00, Acc(5): 94.00, F1: 0.14, Recall: 0.14, Precision: 0.14
2023-06-19 16:22:28,503 - AUGCON - INFO - Epoch [32/50]-(0/22) Loss: 1.0890, Acc(1): 50.00, Acc(5): 100.00
2023-06-19 16:22:28,503 - AUGCON - INFO - Epoch [32/50]-(5/22) Loss: 0.5402, Acc(1): 75.00, Acc(5): 100.00
2023-06-19 16:22:28,504 - AUGCON - INFO - Epoch [32/50]-(10/22) Loss: 0.6677, Acc(1): 75.00, Acc(5): 100.00
2023-06-19 16:22:28,504 - AUGCON - INFO - Epoch [32/50]-(15/22) Loss: 1.1340, Acc(1): 50.00, Acc(5): 100.00
2023-06-19 16:22:28,504 - AUGCON - INFO - Epoch [32/50]-(20/22) Loss: 1.1873, Acc(1): 75.00, Acc(5): 100.00
2023-06-19 16:22:28,504 - AUGCON - INFO - 	Validation Loss: 1.0967, Acc(1): 68.00, Acc(5): 95.00, F1: 0.14, Recall: 0.13, Precision: 0.15
2023-06-19 16:22:28,504 - AUGCON - INFO - Epoch [33/50]-(0/22) Loss: 0.3371, Acc(1): 100.00, Acc(5): 100.00
2023-06-19 16:22:28,504 - AUGCON - INFO - Epoch [33/50]-(5/22) Loss: 0.5380, Acc(1): 100.00, Acc(5): 100.00
2023-06-19 16:22:28,504 - AUGCON - INFO - Epoch [33/50]-(10/22) Loss: 0.5510, Acc(1): 75.00, Acc(5): 100.00
2023-06-19 16:22:28,504 - AUGCON - INFO - Epoch [33/50]-(15/22) Loss: 0.8268, Acc(1): 75.00, Acc(5): 100.00
2023-06-19 16:22:28,504 - AUGCON - INFO - Epoch [33/50]-(20/22) Loss: 1.5157, Acc(1): 75.00, Acc(5): 100.00
2023-06-19 16:22:28,504 - AUGCON - INFO - 	Validation Loss: 1.0461, Acc(1): 74.00, Acc(5): 95.00, F1: 0.16, Recall: 0.15, Precision: 0.17
2023-06-19 16:22:28,504 - AUGCON - INFO - Epoch [34/50]-(0/22) Loss: 0.4115, Acc(1): 100.00, Acc(5): 100.00
2023-06-19 16:22:28,504 - AUGCON - INFO - Epoch [34/50]-(5/22) Loss: 0.2800, Acc(1): 100.00, Acc(5): 100.00
2023-06-19 16:22:28,505 - AUGCON - INFO - Epoch [34/50]-(10/22) Loss: 0.4531, Acc(1): 100.00, Acc(5): 100.00
2023-06-19 16:22:28,505 - AUGCON - INFO - Epoch [34/50]-(15/22) Loss: 0.6942, Acc(1): 50.00, Acc(5): 100.00
2023-06-19 16:22:28,505 - AUGCON - INFO - Epoch [34/50]-(20/22) Loss: 0.8143, Acc(1): 100.00, Acc(5): 100.00
2023-06-19 16:22:28,505 - AUGCON - INFO - 	Validation Loss: 1.0725, Acc(1): 70.00, Acc(5): 95.00, F1: 0.14, Recall: 0.14, Precision: 0.15
2023-06-19 16:22:28,505 - AUGCON - INFO - Epoch [35/50]-(0/22) Loss: 1.0630, Acc(1): 50.00, Acc(5): 100.00
2023-06-19 16:22:28,505 - AUGCON - INFO - Epoch [35/50]-(5/22) Loss: 1.3046, Acc(1): 50.00, Acc(5): 100.00
2023-06-19 16:22:28,505 - AUGCON - INFO - Epoch [35/50]-(10/22) Loss: 0.5003, Acc(1): 100.00, Acc(5): 100.00
2023-06-19 16:22:28,505 - AUGCON - INFO - Epoch [35/50]-(15/22) Loss: 0.6609, Acc(1): 75.00, Acc(5): 100.00
2023-06-19 16:22:28,505 - AUGCON - INFO - Epoch [35/50]-(20/22) Loss: 1.4487, Acc(1): 75.00, Acc(5): 75.00
2023-06-19 16:22:28,505 - AUGCON - INFO - 	Validation Loss: 1.0631, Acc(1): 70.00, Acc(5): 95.00, F1: 0.14, Recall: 0.14, Precision: 0.14
2023-06-19 16:22:28,505 - AUGCON - INFO - Epoch [36/50]-(0/22) Loss: 0.5394, Acc(1): 100.00, Acc(5): 100.00
2023-06-19 16:22:28,505 - AUGCON - INFO - Epoch [36/50]-(5/22) Loss: 0.6688, Acc(1): 75.00, Acc(5): 100.00
2023-06-19 16:22:28,506 - AUGCON - INFO - Epoch [36/50]-(10/22) Loss: 0.2750, Acc(1): 100.00, Acc(5): 100.00
2023-06-19 16:22:28,506 - AUGCON - INFO - Epoch [36/50]-(15/22) Loss: 1.0969, Acc(1): 75.00, Acc(5): 100.00
2023-06-19 16:22:28,506 - AUGCON - INFO - Epoch [36/50]-(20/22) Loss: 1.3432, Acc(1): 25.00, Acc(5): 100.00
2023-06-19 16:22:28,506 - AUGCON - INFO - 	Validation Loss: 1.1134, Acc(1): 71.00, Acc(5): 95.00, F1: 0.15, Recall: 0.14, Precision: 0.16
2023-06-19 16:22:28,506 - AUGCON - INFO - Epoch [37/50]-(0/22) Loss: 1.0282, Acc(1): 75.00, Acc(5): 100.00
2023-06-19 16:22:28,506 - AUGCON - INFO - Epoch [37/50]-(5/22) Loss: 0.8287, Acc(1): 75.00, Acc(5): 100.00
2023-06-19 16:22:28,506 - AUGCON - INFO - Epoch [37/50]-(10/22) Loss: 0.4475, Acc(1): 100.00, Acc(5): 100.00
2023-06-19 16:22:28,506 - AUGCON - INFO - Epoch [37/50]-(15/22) Loss: 1.0402, Acc(1): 25.00, Acc(5): 100.00
2023-06-19 16:22:28,506 - AUGCON - INFO - Epoch [37/50]-(20/22) Loss: 0.6426, Acc(1): 75.00, Acc(5): 100.00
2023-06-19 16:22:28,506 - AUGCON - INFO - 	Validation Loss: 1.0735, Acc(1): 70.00, Acc(5): 95.00, F1: 0.15, Recall: 0.14, Precision: 0.16
2023-06-19 16:22:28,506 - AUGCON - INFO - Epoch [38/50]-(0/22) Loss: 0.5866, Acc(1): 75.00, Acc(5): 100.00
2023-06-19 16:22:28,507 - AUGCON - INFO - Epoch [38/50]-(5/22) Loss: 0.3613, Acc(1): 100.00, Acc(5): 100.00
2023-06-19 16:22:28,507 - AUGCON - INFO - Epoch [38/50]-(10/22) Loss: 0.9349, Acc(1): 50.00, Acc(5): 100.00
2023-06-19 16:22:28,507 - AUGCON - INFO - Epoch [38/50]-(15/22) Loss: 0.3045, Acc(1): 100.00, Acc(5): 100.00
2023-06-19 16:22:28,507 - AUGCON - INFO - Epoch [38/50]-(20/22) Loss: 2.1752, Acc(1): 25.00, Acc(5): 100.00
2023-06-19 16:22:28,508 - AUGCON - INFO - 	Validation Loss: 1.0679, Acc(1): 70.00, Acc(5): 95.00, F1: 0.14, Recall: 0.14, Precision: 0.14
2023-06-19 16:22:28,508 - AUGCON - INFO - Epoch [39/50]-(0/22) Loss: 0.6945, Acc(1): 75.00, Acc(5): 100.00
2023-06-19 16:22:28,508 - AUGCON - INFO - Epoch [39/50]-(5/22) Loss: 0.5436, Acc(1): 75.00, Acc(5): 100.00
2023-06-19 16:22:28,508 - AUGCON - INFO - Epoch [39/50]-(10/22) Loss: 0.4667, Acc(1): 75.00, Acc(5): 100.00
2023-06-19 16:22:28,508 - AUGCON - INFO - Epoch [39/50]-(15/22) Loss: 0.9872, Acc(1): 75.00, Acc(5): 100.00
2023-06-19 16:22:28,508 - AUGCON - INFO - Epoch [39/50]-(20/22) Loss: 0.2608, Acc(1): 100.00, Acc(5): 100.00
2023-06-19 16:22:28,508 - AUGCON - INFO - 	Validation Loss: 1.1118, Acc(1): 66.00, Acc(5): 95.00, F1: 0.14, Recall: 0.13, Precision: 0.15
2023-06-19 16:22:28,508 - AUGCON - INFO - Epoch [40/50]-(0/22) Loss: 0.9072, Acc(1): 50.00, Acc(5): 100.00
2023-06-19 16:22:28,508 - AUGCON - INFO - Epoch [40/50]-(5/22) Loss: 0.5573, Acc(1): 100.00, Acc(5): 100.00
2023-06-19 16:22:28,508 - AUGCON - INFO - Epoch [40/50]-(10/22) Loss: 0.8800, Acc(1): 100.00, Acc(5): 100.00
2023-06-19 16:22:28,508 - AUGCON - INFO - Epoch [40/50]-(15/22) Loss: 0.9249, Acc(1): 75.00, Acc(5): 100.00
2023-06-19 16:22:28,508 - AUGCON - INFO - Epoch [40/50]-(20/22) Loss: 0.5442, Acc(1): 75.00, Acc(5): 100.00
2023-06-19 16:22:28,509 - AUGCON - INFO - 	Validation Loss: 1.0553, Acc(1): 69.00, Acc(5): 94.00, F1: 0.13, Recall: 0.13, Precision: 0.13
2023-06-19 16:22:28,509 - AUGCON - INFO - Epoch [41/50]-(0/22) Loss: 0.4837, Acc(1): 100.00, Acc(5): 100.00
2023-06-19 16:22:28,509 - AUGCON - INFO - Epoch [41/50]-(5/22) Loss: 0.4223, Acc(1): 75.00, Acc(5): 100.00
2023-06-19 16:22:28,509 - AUGCON - INFO - Epoch [41/50]-(10/22) Loss: 0.3994, Acc(1): 100.00, Acc(5): 100.00
2023-06-19 16:22:28,509 - AUGCON - INFO - Epoch [41/50]-(15/22) Loss: 0.5365, Acc(1): 100.00, Acc(5): 100.00
2023-06-19 16:22:28,509 - AUGCON - INFO - Epoch [41/50]-(20/22) Loss: 0.5074, Acc(1): 100.00, Acc(5): 100.00
2023-06-19 16:22:28,509 - AUGCON - INFO - 	Validation Loss: 1.1225, Acc(1): 71.00, Acc(5): 95.00, F1: 0.14, Recall: 0.14, Precision: 0.15
2023-06-19 16:22:28,509 - AUGCON - INFO - Epoch [42/50]-(0/22) Loss: 0.3946, Acc(1): 100.00, Acc(5): 100.00
2023-06-19 16:22:28,509 - AUGCON - INFO - Epoch [42/50]-(5/22) Loss: 0.7822, Acc(1): 75.00, Acc(5): 100.00
2023-06-19 16:22:28,509 - AUGCON - INFO - Epoch [42/50]-(10/22) Loss: 0.4869, Acc(1): 75.00, Acc(5): 100.00
2023-06-19 16:22:28,509 - AUGCON - INFO - Epoch [42/50]-(15/22) Loss: 1.0480, Acc(1): 75.00, Acc(5): 75.00
2023-06-19 16:22:28,510 - AUGCON - INFO - Epoch [42/50]-(20/22) Loss: 0.8481, Acc(1): 50.00, Acc(5): 100.00
2023-06-19 16:22:28,510 - AUGCON - INFO - 	Validation Loss: 1.0649, Acc(1): 73.00, Acc(5): 93.00, F1: 0.15, Recall: 0.14, Precision: 0.15
2023-06-19 16:22:28,510 - AUGCON - INFO - Epoch [43/50]-(0/22) Loss: 0.9189, Acc(1): 75.00, Acc(5): 100.00
2023-06-19 16:22:28,510 - AUGCON - INFO - Epoch [43/50]-(5/22) Loss: 0.6204, Acc(1): 75.00, Acc(5): 100.00
2023-06-19 16:22:28,510 - AUGCON - INFO - Epoch [43/50]-(10/22) Loss: 0.2758, Acc(1): 100.00, Acc(5): 100.00
2023-06-19 16:22:28,510 - AUGCON - INFO - Epoch [43/50]-(15/22) Loss: 0.2149, Acc(1): 100.00, Acc(5): 100.00
2023-06-19 16:22:28,510 - AUGCON - INFO - Epoch [43/50]-(20/22) Loss: 0.6503, Acc(1): 75.00, Acc(5): 100.00
2023-06-19 16:22:28,510 - AUGCON - INFO - 	Validation Loss: 1.0638, Acc(1): 70.00, Acc(5): 94.00, F1: 0.14, Recall: 0.14, Precision: 0.15
2023-06-19 16:22:28,510 - AUGCON - INFO - Epoch [44/50]-(0/22) Loss: 0.5532, Acc(1): 75.00, Acc(5): 100.00
2023-06-19 16:22:28,510 - AUGCON - INFO - Epoch [44/50]-(5/22) Loss: 0.5231, Acc(1): 100.00, Acc(5): 100.00
2023-06-19 16:22:28,510 - AUGCON - INFO - Epoch [44/50]-(10/22) Loss: 0.4671, Acc(1): 75.00, Acc(5): 100.00
2023-06-19 16:22:28,511 - AUGCON - INFO - Epoch [44/50]-(15/22) Loss: 0.9615, Acc(1): 75.00, Acc(5): 100.00
2023-06-19 16:22:28,511 - AUGCON - INFO - Epoch [44/50]-(20/22) Loss: 0.1348, Acc(1): 100.00, Acc(5): 100.00
2023-06-19 16:22:28,511 - AUGCON - INFO - 	Validation Loss: 1.0715, Acc(1): 72.00, Acc(5): 94.00, F1: 0.15, Recall: 0.14, Precision: 0.15
2023-06-19 16:22:28,511 - AUGCON - INFO - Epoch [45/50]-(0/22) Loss: 0.6421, Acc(1): 100.00, Acc(5): 100.00
2023-06-19 16:22:28,511 - AUGCON - INFO - Epoch [45/50]-(5/22) Loss: 0.2497, Acc(1): 100.00, Acc(5): 100.00
2023-06-19 16:22:28,511 - AUGCON - INFO - Epoch [45/50]-(10/22) Loss: 0.1859, Acc(1): 100.00, Acc(5): 100.00
2023-06-19 16:22:28,511 - AUGCON - INFO - Epoch [45/50]-(15/22) Loss: 1.5807, Acc(1): 50.00, Acc(5): 100.00
2023-06-19 16:22:28,511 - AUGCON - INFO - Epoch [45/50]-(20/22) Loss: 0.4324, Acc(1): 100.00, Acc(5): 100.00
2023-06-19 16:22:28,511 - AUGCON - INFO - 	Validation Loss: 1.0492, Acc(1): 70.00, Acc(5): 95.00, F1: 0.14, Recall: 0.14, Precision: 0.14
2023-06-19 16:22:28,511 - AUGCON - INFO - Epoch [46/50]-(0/22) Loss: 0.6627, Acc(1): 75.00, Acc(5): 100.00
2023-06-19 16:22:28,511 - AUGCON - INFO - Epoch [46/50]-(5/22) Loss: 0.3688, Acc(1): 100.00, Acc(5): 100.00
2023-06-19 16:22:28,512 - AUGCON - INFO - Epoch [46/50]-(10/22) Loss: 0.2888, Acc(1): 100.00, Acc(5): 100.00
2023-06-19 16:22:28,512 - AUGCON - INFO - Epoch [46/50]-(15/22) Loss: 0.7442, Acc(1): 75.00, Acc(5): 100.00
2023-06-19 16:22:28,512 - AUGCON - INFO - Epoch [46/50]-(20/22) Loss: 0.3177, Acc(1): 100.00, Acc(5): 100.00
2023-06-19 16:22:28,512 - AUGCON - INFO - 	Validation Loss: 1.0892, Acc(1): 69.00, Acc(5): 93.00, F1: 0.14, Recall: 0.14, Precision: 0.15
2023-06-19 16:22:28,512 - AUGCON - INFO - Epoch [47/50]-(0/22) Loss: 0.2860, Acc(1): 100.00, Acc(5): 100.00
2023-06-19 16:22:28,512 - AUGCON - INFO - Epoch [47/50]-(5/22) Loss: 0.9204, Acc(1): 50.00, Acc(5): 100.00
2023-06-19 16:22:28,512 - AUGCON - INFO - Epoch [47/50]-(10/22) Loss: 0.3256, Acc(1): 100.00, Acc(5): 100.00
2023-06-19 16:22:28,512 - AUGCON - INFO - Epoch [47/50]-(15/22) Loss: 0.3631, Acc(1): 100.00, Acc(5): 100.00
2023-06-19 16:22:28,512 - AUGCON - INFO - Epoch [47/50]-(20/22) Loss: 0.4253, Acc(1): 100.00, Acc(5): 100.00
2023-06-19 16:22:28,512 - AUGCON - INFO - 	Validation Loss: 1.0634, Acc(1): 70.00, Acc(5): 93.00, F1: 0.14, Recall: 0.14, Precision: 0.14
2023-06-19 16:22:28,512 - AUGCON - INFO - Epoch [48/50]-(0/22) Loss: 0.3796, Acc(1): 100.00, Acc(5): 100.00
2023-06-19 16:22:28,512 - AUGCON - INFO - Epoch [48/50]-(5/22) Loss: 0.6676, Acc(1): 75.00, Acc(5): 100.00
2023-06-19 16:22:28,513 - AUGCON - INFO - Epoch [48/50]-(10/22) Loss: 0.5375, Acc(1): 75.00, Acc(5): 100.00
2023-06-19 16:22:28,513 - AUGCON - INFO - Epoch [48/50]-(15/22) Loss: 0.3367, Acc(1): 100.00, Acc(5): 100.00
2023-06-19 16:22:28,513 - AUGCON - INFO - Epoch [48/50]-(20/22) Loss: 0.5369, Acc(1): 75.00, Acc(5): 100.00
2023-06-19 16:22:28,513 - AUGCON - INFO - 	Validation Loss: 1.0611, Acc(1): 75.00, Acc(5): 93.00, F1: 0.16, Recall: 0.15, Precision: 0.17
2023-06-19 16:22:28,513 - AUGCON - INFO - Epoch [49/50]-(0/22) Loss: 0.6984, Acc(1): 75.00, Acc(5): 100.00
2023-06-19 16:22:28,513 - AUGCON - INFO - Epoch [49/50]-(5/22) Loss: 0.7587, Acc(1): 75.00, Acc(5): 100.00
2023-06-19 16:22:28,513 - AUGCON - INFO - Epoch [49/50]-(10/22) Loss: 0.4032, Acc(1): 75.00, Acc(5): 100.00
2023-06-19 16:22:28,513 - AUGCON - INFO - Epoch [49/50]-(15/22) Loss: 0.7013, Acc(1): 75.00, Acc(5): 100.00
2023-06-19 16:22:28,513 - AUGCON - INFO - Epoch [49/50]-(20/22) Loss: 0.3693, Acc(1): 100.00, Acc(5): 100.00
2023-06-19 16:22:28,513 - AUGCON - INFO - 	Validation Loss: 1.0934, Acc(1): 70.00, Acc(5): 95.00, F1: 0.14, Recall: 0.14, Precision: 0.14
2023-06-19 16:22:28,513 - AUGCON - INFO - Epoch [50/50]-(0/22) Loss: 0.6532, Acc(1): 100.00, Acc(5): 100.00
2023-06-19 16:22:28,514 - AUGCON - INFO - Epoch [50/50]-(5/22) Loss: 0.3947, Acc(1): 75.00, Acc(5): 100.00
2023-06-19 16:22:28,514 - AUGCON - INFO - Epoch [50/50]-(10/22) Loss: 0.7026, Acc(1): 100.00, Acc(5): 100.00
2023-06-19 16:22:28,514 - AUGCON - INFO - Epoch [50/50]-(15/22) Loss: 0.8994, Acc(1): 50.00, Acc(5): 100.00
2023-06-19 16:22:28,514 - AUGCON - INFO - Epoch [50/50]-(20/22) Loss: 0.1891, Acc(1): 100.00, Acc(5): 100.00
2023-06-19 16:22:28,514 - AUGCON - INFO - 	Validation Loss: 1.0605, Acc(1): 70.00, Acc(5): 96.00, F1: 0.14, Recall: 0.14, Precision: 0.14
2023-06-19 16:22:28,514 - AUGCON - INFO - 	Validation Loss: 0.8349, Acc(1): 77.33, Acc(5): 97.00, F1: 0.18, Recall: 0.17, Precision: 0.18
