2023-06-19 16:23:10,266 - AUGCON - INFO - logger initialized (/home/hjyoon/projects/augcon/config/exp0/finetune_da_false/without_target_domain_PH0041-hmkim/cpc_random_8421/tgt_target_domain_PH0041-hmkim_seed0.yaml.log)
2023-06-19 16:23:10,266 - AUGCON - INFO - ================= Config =================
2023-06-19 16:23:10,266 - AUGCON - INFO -   mode: finetune
2023-06-19 16:23:10,266 - AUGCON - INFO -   seed: 0
2023-06-19 16:23:10,266 - AUGCON - INFO -   gpu: [5]
2023-06-19 16:23:10,266 - AUGCON - INFO -   num_workers: 1
2023-06-19 16:23:10,266 - AUGCON - INFO -   dist_url: tcp://localhost:10001
2023-06-19 16:23:10,266 - AUGCON - INFO -   dataset_name: ichar
2023-06-19 16:23:10,266 - AUGCON - INFO -   train_dataset_path: /mnt/sting/hjyoon/projects/cross/ICHAR/augcon/target_domain_PH0041-hmkim/finetune/10shot/target/train.pkl
2023-06-19 16:23:10,266 - AUGCON - INFO -   test_dataset_path: /mnt/sting/hjyoon/projects/cross/ICHAR/augcon/target_domain_PH0041-hmkim/finetune/10shot/target/test.pkl
2023-06-19 16:23:10,266 - AUGCON - INFO -   val_dataset_path: /mnt/sting/hjyoon/projects/cross/ICHAR/augcon/target_domain_PH0041-hmkim/finetune/10shot/target/val.pkl
2023-06-19 16:23:10,266 - AUGCON - INFO -   input_channels: 3
2023-06-19 16:23:10,266 - AUGCON - INFO -   num_cls: 9
2023-06-19 16:23:10,266 - AUGCON - INFO -   optimizer: adam
2023-06-19 16:23:10,266 - AUGCON - INFO -   criterion: crossentropy
2023-06-19 16:23:10,266 - AUGCON - INFO -   start_epoch: 0
2023-06-19 16:23:10,266 - AUGCON - INFO -   epochs: 50
2023-06-19 16:23:10,266 - AUGCON - INFO -   batch_size: 4
2023-06-19 16:23:10,267 - AUGCON - INFO -   lr: 0.001
2023-06-19 16:23:10,267 - AUGCON - INFO -   wd: 0.0
2023-06-19 16:23:10,267 - AUGCON - INFO -   resume: 
2023-06-19 16:23:10,267 - AUGCON - INFO -   pretrained: /mnt/sting/hjyoon/projects/augcontrast/models/exp0/pretrain/without_target_domain_PH0041-hmkim/cpc_random_8421//checkpoint_0099.pth.tar
2023-06-19 16:23:10,267 - AUGCON - INFO -   ckpt_dir: /mnt/sting/hjyoon/projects/augcontrast/models/exp0/finetune_da_false/without_target_domain_PH0041-hmkim/cpc_random_8421/tgt_target_domain_PH0041-hmkim_seed0
2023-06-19 16:23:10,267 - AUGCON - INFO -   log_freq: 5
2023-06-19 16:23:10,267 - AUGCON - INFO -   save_freq: 10
2023-06-19 16:23:10,267 - AUGCON - INFO -   pretext: metacpc
2023-06-19 16:23:10,267 - AUGCON - INFO -   enc_blocks: 4
2023-06-19 16:23:10,267 - AUGCON - INFO -   kernel_sizes: [8, 4, 2, 1]
2023-06-19 16:23:10,267 - AUGCON - INFO -   strides: [4, 2, 1, 1]
2023-06-19 16:23:10,267 - AUGCON - INFO -   agg_blocks: 5
2023-06-19 16:23:10,267 - AUGCON - INFO -   z_dim: 256
2023-06-19 16:23:10,267 - AUGCON - INFO -   pooling: mean
2023-06-19 16:23:10,267 - AUGCON - INFO -   pred_steps: 12
2023-06-19 16:23:10,267 - AUGCON - INFO -   n_negatives: 15
2023-06-19 16:23:10,267 - AUGCON - INFO -   offset: 4
2023-06-19 16:23:10,267 - AUGCON - INFO -   domain_adaptation: False
2023-06-19 16:23:10,267 - AUGCON - INFO -   task_steps: 10
2023-06-19 16:23:10,267 - AUGCON - INFO -   task_lr: 0.001
2023-06-19 16:23:10,267 - AUGCON - INFO -   reg_lambda: 0
2023-06-19 16:23:10,267 - AUGCON - INFO -   mlp: False
2023-06-19 16:23:10,267 - AUGCON - INFO -   freeze: True
2023-06-19 16:23:10,267 - AUGCON - INFO -   no_vars: True
2023-06-19 16:23:10,267 - AUGCON - INFO - ==========================================
2023-06-19 16:23:10,267 - AUGCON - INFO - Setting GPUs: [5]
2023-06-19 16:23:10,267 - AUGCON - INFO - GPUs [5] will be used
2023-06-19 16:23:10,268 - AUGCON - WARNING - You have chosen to seed training. 
2023-06-19 16:23:10,268 - AUGCON - WARNING - This will turn on the CUDNN deterministic setting, 
2023-06-19 16:23:10,268 - AUGCON - WARNING - which can slow down your training considerably! 
2023-06-19 16:23:10,268 - AUGCON - WARNING - You may see unexpected behavior when restarting 
2023-06-19 16:23:10,268 - AUGCON - WARNING - from checkpoints.
2023-06-19 16:23:10,297 - AUGCON - INFO - Executing MetaCPC
2023-06-19 16:23:10,297 - AUGCON - INFO - Logs are skipped during training
2023-06-19 16:23:28,951 - AUGCON - INFO - Single GPU is used for training - training 90 instances for each worker
2023-06-19 16:23:28,951 - AUGCON - INFO - Loading pretrained model from checkpoint - /mnt/sting/hjyoon/projects/augcontrast/models/exp0/pretrain/without_target_domain_PH0041-hmkim/cpc_random_8421//checkpoint_0099.pth.tar
2023-06-19 16:23:28,951 - AUGCON - INFO - Missing keys: ['predictor.vars.0', 'predictor.vars.1']
2023-06-19 16:23:28,951 - AUGCON - INFO - Loading encoder parameters to the classifier
2023-06-19 16:23:28,951 - AUGCON - INFO - Missing keys: ['classifier.block.0.weight', 'classifier.block.0.bias']
2023-06-19 16:23:28,951 - AUGCON - INFO - Epoch [1/50]-(0/22) Loss: 2.1053, Acc(1): 0.00, Acc(5): 100.00
2023-06-19 16:23:28,951 - AUGCON - INFO - Epoch [1/50]-(5/22) Loss: 2.1949, Acc(1): 0.00, Acc(5): 75.00
2023-06-19 16:23:28,951 - AUGCON - INFO - Epoch [1/50]-(10/22) Loss: 2.8227, Acc(1): 0.00, Acc(5): 50.00
2023-06-19 16:23:28,952 - AUGCON - INFO - Epoch [1/50]-(15/22) Loss: 2.4606, Acc(1): 25.00, Acc(5): 50.00
2023-06-19 16:23:28,952 - AUGCON - INFO - Epoch [1/50]-(20/22) Loss: 2.5847, Acc(1): 0.00, Acc(5): 25.00
2023-06-19 16:23:28,952 - AUGCON - INFO - 	Validation Loss: 2.0477, Acc(1): 11.00, Acc(5): 85.00, F1: 0.02, Recall: 0.02, Precision: 0.02
2023-06-19 16:23:28,952 - AUGCON - INFO - Epoch [2/50]-(0/22) Loss: 2.3339, Acc(1): 0.00, Acc(5): 25.00
2023-06-19 16:23:28,952 - AUGCON - INFO - Epoch [2/50]-(5/22) Loss: 2.1706, Acc(1): 0.00, Acc(5): 50.00
2023-06-19 16:23:28,952 - AUGCON - INFO - Epoch [2/50]-(10/22) Loss: 2.1204, Acc(1): 0.00, Acc(5): 50.00
2023-06-19 16:23:28,952 - AUGCON - INFO - Epoch [2/50]-(15/22) Loss: 2.0612, Acc(1): 25.00, Acc(5): 75.00
2023-06-19 16:23:28,952 - AUGCON - INFO - Epoch [2/50]-(20/22) Loss: 1.9338, Acc(1): 25.00, Acc(5): 100.00
2023-06-19 16:23:28,952 - AUGCON - INFO - 	Validation Loss: 1.9875, Acc(1): 35.00, Acc(5): 82.00, F1: 0.09, Recall: 0.10, Precision: 0.08
2023-06-19 16:23:28,952 - AUGCON - INFO - Epoch [3/50]-(0/22) Loss: 1.8152, Acc(1): 50.00, Acc(5): 100.00
2023-06-19 16:23:28,952 - AUGCON - INFO - Epoch [3/50]-(5/22) Loss: 1.9039, Acc(1): 0.00, Acc(5): 100.00
2023-06-19 16:23:28,953 - AUGCON - INFO - Epoch [3/50]-(10/22) Loss: 2.1684, Acc(1): 25.00, Acc(5): 75.00
2023-06-19 16:23:28,953 - AUGCON - INFO - Epoch [3/50]-(15/22) Loss: 2.3006, Acc(1): 0.00, Acc(5): 75.00
2023-06-19 16:23:28,953 - AUGCON - INFO - Epoch [3/50]-(20/22) Loss: 1.7932, Acc(1): 25.00, Acc(5): 100.00
2023-06-19 16:23:28,953 - AUGCON - INFO - 	Validation Loss: 1.8920, Acc(1): 36.00, Acc(5): 85.00, F1: 0.09, Recall: 0.10, Precision: 0.08
2023-06-19 16:23:28,953 - AUGCON - INFO - Epoch [4/50]-(0/22) Loss: 1.6431, Acc(1): 25.00, Acc(5): 100.00
2023-06-19 16:23:28,953 - AUGCON - INFO - Epoch [4/50]-(5/22) Loss: 1.7189, Acc(1): 25.00, Acc(5): 100.00
2023-06-19 16:23:28,953 - AUGCON - INFO - Epoch [4/50]-(10/22) Loss: 1.6593, Acc(1): 0.00, Acc(5): 100.00
2023-06-19 16:23:28,953 - AUGCON - INFO - Epoch [4/50]-(15/22) Loss: 1.9918, Acc(1): 25.00, Acc(5): 75.00
2023-06-19 16:23:28,953 - AUGCON - INFO - Epoch [4/50]-(20/22) Loss: 1.6927, Acc(1): 25.00, Acc(5): 100.00
2023-06-19 16:23:28,954 - AUGCON - INFO - 	Validation Loss: 1.7938, Acc(1): 47.00, Acc(5): 88.00, F1: 0.13, Recall: 0.12, Precision: 0.13
2023-06-19 16:23:28,954 - AUGCON - INFO - Epoch [5/50]-(0/22) Loss: 1.6851, Acc(1): 50.00, Acc(5): 100.00
2023-06-19 16:23:28,954 - AUGCON - INFO - Epoch [5/50]-(5/22) Loss: 1.7009, Acc(1): 50.00, Acc(5): 75.00
2023-06-19 16:23:28,954 - AUGCON - INFO - Epoch [5/50]-(10/22) Loss: 1.6382, Acc(1): 75.00, Acc(5): 100.00
2023-06-19 16:23:28,954 - AUGCON - INFO - Epoch [5/50]-(15/22) Loss: 1.7618, Acc(1): 50.00, Acc(5): 100.00
2023-06-19 16:23:28,954 - AUGCON - INFO - Epoch [5/50]-(20/22) Loss: 1.5881, Acc(1): 25.00, Acc(5): 100.00
2023-06-19 16:23:28,954 - AUGCON - INFO - 	Validation Loss: 1.7081, Acc(1): 50.00, Acc(5): 90.00, F1: 0.12, Recall: 0.14, Precision: 0.11
2023-06-19 16:23:28,955 - AUGCON - INFO - Epoch [6/50]-(0/22) Loss: 1.6907, Acc(1): 75.00, Acc(5): 100.00
2023-06-19 16:23:28,955 - AUGCON - INFO - Epoch [6/50]-(5/22) Loss: 1.5159, Acc(1): 0.00, Acc(5): 100.00
2023-06-19 16:23:28,955 - AUGCON - INFO - Epoch [6/50]-(10/22) Loss: 1.6179, Acc(1): 25.00, Acc(5): 100.00
2023-06-19 16:23:28,955 - AUGCON - INFO - Epoch [6/50]-(15/22) Loss: 1.3287, Acc(1): 50.00, Acc(5): 100.00
2023-06-19 16:23:28,955 - AUGCON - INFO - Epoch [6/50]-(20/22) Loss: 1.5542, Acc(1): 25.00, Acc(5): 100.00
2023-06-19 16:23:28,955 - AUGCON - INFO - 	Validation Loss: 1.6646, Acc(1): 40.00, Acc(5): 89.00, F1: 0.12, Recall: 0.10, Precision: 0.14
2023-06-19 16:23:28,955 - AUGCON - INFO - Epoch [7/50]-(0/22) Loss: 1.5004, Acc(1): 75.00, Acc(5): 100.00
2023-06-19 16:23:28,955 - AUGCON - INFO - Epoch [7/50]-(5/22) Loss: 1.8309, Acc(1): 25.00, Acc(5): 75.00
2023-06-19 16:23:28,955 - AUGCON - INFO - Epoch [7/50]-(10/22) Loss: 1.5131, Acc(1): 50.00, Acc(5): 100.00
2023-06-19 16:23:28,955 - AUGCON - INFO - Epoch [7/50]-(15/22) Loss: 1.4797, Acc(1): 50.00, Acc(5): 100.00
2023-06-19 16:23:28,955 - AUGCON - INFO - Epoch [7/50]-(20/22) Loss: 1.4025, Acc(1): 75.00, Acc(5): 100.00
2023-06-19 16:23:28,955 - AUGCON - INFO - 	Validation Loss: 1.6077, Acc(1): 53.00, Acc(5): 90.00, F1: 0.13, Recall: 0.14, Precision: 0.12
2023-06-19 16:23:28,955 - AUGCON - INFO - Epoch [8/50]-(0/22) Loss: 1.6389, Acc(1): 0.00, Acc(5): 100.00
2023-06-19 16:23:28,955 - AUGCON - INFO - Epoch [8/50]-(5/22) Loss: 1.4323, Acc(1): 50.00, Acc(5): 100.00
2023-06-19 16:23:28,956 - AUGCON - INFO - Epoch [8/50]-(10/22) Loss: 1.6106, Acc(1): 50.00, Acc(5): 100.00
2023-06-19 16:23:28,956 - AUGCON - INFO - Epoch [8/50]-(15/22) Loss: 1.2792, Acc(1): 50.00, Acc(5): 100.00
2023-06-19 16:23:28,956 - AUGCON - INFO - Epoch [8/50]-(20/22) Loss: 1.9940, Acc(1): 0.00, Acc(5): 100.00
2023-06-19 16:23:28,956 - AUGCON - INFO - 	Validation Loss: 1.5558, Acc(1): 52.00, Acc(5): 93.00, F1: 0.13, Recall: 0.13, Precision: 0.12
2023-06-19 16:23:28,956 - AUGCON - INFO - Epoch [9/50]-(0/22) Loss: 1.5349, Acc(1): 25.00, Acc(5): 100.00
2023-06-19 16:23:28,956 - AUGCON - INFO - Epoch [9/50]-(5/22) Loss: 1.2186, Acc(1): 75.00, Acc(5): 100.00
2023-06-19 16:23:28,956 - AUGCON - INFO - Epoch [9/50]-(10/22) Loss: 1.0440, Acc(1): 75.00, Acc(5): 100.00
2023-06-19 16:23:28,956 - AUGCON - INFO - Epoch [9/50]-(15/22) Loss: 1.8805, Acc(1): 50.00, Acc(5): 100.00
2023-06-19 16:23:28,956 - AUGCON - INFO - Epoch [9/50]-(20/22) Loss: 1.6110, Acc(1): 50.00, Acc(5): 100.00
2023-06-19 16:23:28,956 - AUGCON - INFO - 	Validation Loss: 1.5193, Acc(1): 54.00, Acc(5): 92.00, F1: 0.13, Recall: 0.14, Precision: 0.11
2023-06-19 16:23:28,956 - AUGCON - INFO - Epoch [10/50]-(0/22) Loss: 1.4344, Acc(1): 25.00, Acc(5): 100.00
2023-06-19 16:23:28,956 - AUGCON - INFO - Epoch [10/50]-(5/22) Loss: 1.3698, Acc(1): 75.00, Acc(5): 100.00
2023-06-19 16:23:28,956 - AUGCON - INFO - Epoch [10/50]-(10/22) Loss: 1.1744, Acc(1): 100.00, Acc(5): 100.00
2023-06-19 16:23:28,956 - AUGCON - INFO - Epoch [10/50]-(15/22) Loss: 0.9695, Acc(1): 75.00, Acc(5): 100.00
2023-06-19 16:23:28,956 - AUGCON - INFO - Epoch [10/50]-(20/22) Loss: 1.6809, Acc(1): 25.00, Acc(5): 100.00
2023-06-19 16:23:28,957 - AUGCON - INFO - 	Validation Loss: 1.4811, Acc(1): 55.00, Acc(5): 93.00, F1: 0.14, Recall: 0.15, Precision: 0.14
2023-06-19 16:23:28,957 - AUGCON - INFO - Epoch [11/50]-(0/22) Loss: 1.4683, Acc(1): 50.00, Acc(5): 100.00
2023-06-19 16:23:28,957 - AUGCON - INFO - Epoch [11/50]-(5/22) Loss: 1.5149, Acc(1): 0.00, Acc(5): 100.00
2023-06-19 16:23:28,957 - AUGCON - INFO - Epoch [11/50]-(10/22) Loss: 1.7048, Acc(1): 50.00, Acc(5): 75.00
2023-06-19 16:23:28,957 - AUGCON - INFO - Epoch [11/50]-(15/22) Loss: 1.1116, Acc(1): 100.00, Acc(5): 100.00
2023-06-19 16:23:28,957 - AUGCON - INFO - Epoch [11/50]-(20/22) Loss: 1.3618, Acc(1): 75.00, Acc(5): 100.00
2023-06-19 16:23:28,957 - AUGCON - INFO - 	Validation Loss: 1.4432, Acc(1): 57.00, Acc(5): 92.00, F1: 0.15, Recall: 0.15, Precision: 0.14
2023-06-19 16:23:28,957 - AUGCON - INFO - Epoch [12/50]-(0/22) Loss: 1.3744, Acc(1): 75.00, Acc(5): 100.00
2023-06-19 16:23:28,957 - AUGCON - INFO - Epoch [12/50]-(5/22) Loss: 1.8249, Acc(1): 50.00, Acc(5): 75.00
2023-06-19 16:23:28,957 - AUGCON - INFO - Epoch [12/50]-(10/22) Loss: 1.2797, Acc(1): 75.00, Acc(5): 100.00
2023-06-19 16:23:28,957 - AUGCON - INFO - Epoch [12/50]-(15/22) Loss: 1.4638, Acc(1): 50.00, Acc(5): 100.00
2023-06-19 16:23:28,957 - AUGCON - INFO - Epoch [12/50]-(20/22) Loss: 1.5285, Acc(1): 75.00, Acc(5): 100.00
2023-06-19 16:23:28,957 - AUGCON - INFO - 	Validation Loss: 1.4422, Acc(1): 56.00, Acc(5): 90.00, F1: 0.15, Recall: 0.15, Precision: 0.15
2023-06-19 16:23:28,957 - AUGCON - INFO - Epoch [13/50]-(0/22) Loss: 1.5754, Acc(1): 25.00, Acc(5): 75.00
2023-06-19 16:23:28,957 - AUGCON - INFO - Epoch [13/50]-(5/22) Loss: 0.9833, Acc(1): 75.00, Acc(5): 100.00
2023-06-19 16:23:28,957 - AUGCON - INFO - Epoch [13/50]-(10/22) Loss: 1.6513, Acc(1): 50.00, Acc(5): 50.00
2023-06-19 16:23:28,958 - AUGCON - INFO - Epoch [13/50]-(15/22) Loss: 2.1547, Acc(1): 25.00, Acc(5): 75.00
2023-06-19 16:23:28,958 - AUGCON - INFO - Epoch [13/50]-(20/22) Loss: 1.2507, Acc(1): 25.00, Acc(5): 100.00
2023-06-19 16:23:28,958 - AUGCON - INFO - 	Validation Loss: 1.3844, Acc(1): 58.00, Acc(5): 94.00, F1: 0.14, Recall: 0.15, Precision: 0.13
2023-06-19 16:23:28,958 - AUGCON - INFO - Epoch [14/50]-(0/22) Loss: 1.0146, Acc(1): 75.00, Acc(5): 100.00
2023-06-19 16:23:28,958 - AUGCON - INFO - Epoch [14/50]-(5/22) Loss: 1.6445, Acc(1): 50.00, Acc(5): 100.00
2023-06-19 16:23:28,958 - AUGCON - INFO - Epoch [14/50]-(10/22) Loss: 1.1227, Acc(1): 100.00, Acc(5): 100.00
2023-06-19 16:23:28,958 - AUGCON - INFO - Epoch [14/50]-(15/22) Loss: 1.3350, Acc(1): 50.00, Acc(5): 100.00
2023-06-19 16:23:28,958 - AUGCON - INFO - Epoch [14/50]-(20/22) Loss: 1.4666, Acc(1): 50.00, Acc(5): 100.00
2023-06-19 16:23:28,958 - AUGCON - INFO - 	Validation Loss: 1.3851, Acc(1): 58.00, Acc(5): 93.00, F1: 0.15, Recall: 0.16, Precision: 0.15
2023-06-19 16:23:28,958 - AUGCON - INFO - Epoch [15/50]-(0/22) Loss: 1.0910, Acc(1): 75.00, Acc(5): 100.00
2023-06-19 16:23:28,958 - AUGCON - INFO - Epoch [15/50]-(5/22) Loss: 1.3827, Acc(1): 50.00, Acc(5): 100.00
2023-06-19 16:23:28,958 - AUGCON - INFO - Epoch [15/50]-(10/22) Loss: 0.8281, Acc(1): 75.00, Acc(5): 100.00
2023-06-19 16:23:28,958 - AUGCON - INFO - Epoch [15/50]-(15/22) Loss: 1.7007, Acc(1): 50.00, Acc(5): 75.00
2023-06-19 16:23:28,958 - AUGCON - INFO - Epoch [15/50]-(20/22) Loss: 1.6219, Acc(1): 0.00, Acc(5): 100.00
2023-06-19 16:23:28,958 - AUGCON - INFO - 	Validation Loss: 1.2904, Acc(1): 66.00, Acc(5): 98.00, F1: 0.17, Recall: 0.16, Precision: 0.18
2023-06-19 16:23:28,958 - AUGCON - INFO - Epoch [16/50]-(0/22) Loss: 1.3208, Acc(1): 75.00, Acc(5): 100.00
2023-06-19 16:23:28,959 - AUGCON - INFO - Epoch [16/50]-(5/22) Loss: 1.0970, Acc(1): 75.00, Acc(5): 100.00
2023-06-19 16:23:28,959 - AUGCON - INFO - Epoch [16/50]-(10/22) Loss: 1.2016, Acc(1): 50.00, Acc(5): 100.00
2023-06-19 16:23:28,959 - AUGCON - INFO - Epoch [16/50]-(15/22) Loss: 1.7107, Acc(1): 0.00, Acc(5): 100.00
2023-06-19 16:23:28,959 - AUGCON - INFO - Epoch [16/50]-(20/22) Loss: 1.3288, Acc(1): 25.00, Acc(5): 100.00
2023-06-19 16:23:28,959 - AUGCON - INFO - 	Validation Loss: 1.3566, Acc(1): 58.00, Acc(5): 95.00, F1: 0.16, Recall: 0.15, Precision: 0.16
2023-06-19 16:23:28,959 - AUGCON - INFO - Epoch [17/50]-(0/22) Loss: 0.8846, Acc(1): 75.00, Acc(5): 100.00
2023-06-19 16:23:28,959 - AUGCON - INFO - Epoch [17/50]-(5/22) Loss: 1.0120, Acc(1): 75.00, Acc(5): 100.00
2023-06-19 16:23:28,959 - AUGCON - INFO - Epoch [17/50]-(10/22) Loss: 1.4226, Acc(1): 75.00, Acc(5): 100.00
2023-06-19 16:23:28,959 - AUGCON - INFO - Epoch [17/50]-(15/22) Loss: 0.9710, Acc(1): 75.00, Acc(5): 100.00
2023-06-19 16:23:28,959 - AUGCON - INFO - Epoch [17/50]-(20/22) Loss: 1.4851, Acc(1): 25.00, Acc(5): 100.00
2023-06-19 16:23:28,959 - AUGCON - INFO - 	Validation Loss: 1.3041, Acc(1): 57.00, Acc(5): 95.00, F1: 0.14, Recall: 0.15, Precision: 0.14
2023-06-19 16:23:28,959 - AUGCON - INFO - Epoch [18/50]-(0/22) Loss: 1.4707, Acc(1): 25.00, Acc(5): 100.00
2023-06-19 16:23:28,959 - AUGCON - INFO - Epoch [18/50]-(5/22) Loss: 1.2099, Acc(1): 50.00, Acc(5): 100.00
2023-06-19 16:23:28,959 - AUGCON - INFO - Epoch [18/50]-(10/22) Loss: 1.0549, Acc(1): 75.00, Acc(5): 100.00
2023-06-19 16:23:28,959 - AUGCON - INFO - Epoch [18/50]-(15/22) Loss: 1.3939, Acc(1): 75.00, Acc(5): 100.00
2023-06-19 16:23:28,960 - AUGCON - INFO - Epoch [18/50]-(20/22) Loss: 0.9663, Acc(1): 75.00, Acc(5): 100.00
2023-06-19 16:23:28,960 - AUGCON - INFO - 	Validation Loss: 1.2652, Acc(1): 57.00, Acc(5): 94.00, F1: 0.15, Recall: 0.15, Precision: 0.15
2023-06-19 16:23:28,960 - AUGCON - INFO - Epoch [19/50]-(0/22) Loss: 0.9522, Acc(1): 100.00, Acc(5): 100.00
2023-06-19 16:23:28,960 - AUGCON - INFO - Epoch [19/50]-(5/22) Loss: 1.2734, Acc(1): 50.00, Acc(5): 100.00
2023-06-19 16:23:28,960 - AUGCON - INFO - Epoch [19/50]-(10/22) Loss: 1.0206, Acc(1): 100.00, Acc(5): 100.00
2023-06-19 16:23:28,960 - AUGCON - INFO - Epoch [19/50]-(15/22) Loss: 0.9947, Acc(1): 75.00, Acc(5): 100.00
2023-06-19 16:23:28,960 - AUGCON - INFO - Epoch [19/50]-(20/22) Loss: 1.5363, Acc(1): 50.00, Acc(5): 75.00
2023-06-19 16:23:28,960 - AUGCON - INFO - 	Validation Loss: 1.2787, Acc(1): 61.00, Acc(5): 93.00, F1: 0.15, Recall: 0.16, Precision: 0.14
2023-06-19 16:23:28,960 - AUGCON - INFO - Epoch [20/50]-(0/22) Loss: 0.8615, Acc(1): 100.00, Acc(5): 100.00
2023-06-19 16:23:28,960 - AUGCON - INFO - Epoch [20/50]-(5/22) Loss: 1.0719, Acc(1): 75.00, Acc(5): 100.00
2023-06-19 16:23:28,960 - AUGCON - INFO - Epoch [20/50]-(10/22) Loss: 1.0399, Acc(1): 50.00, Acc(5): 100.00
2023-06-19 16:23:28,960 - AUGCON - INFO - Epoch [20/50]-(15/22) Loss: 1.2661, Acc(1): 75.00, Acc(5): 75.00
2023-06-19 16:23:28,960 - AUGCON - INFO - Epoch [20/50]-(20/22) Loss: 1.0547, Acc(1): 75.00, Acc(5): 100.00
2023-06-19 16:23:28,960 - AUGCON - INFO - 	Validation Loss: 1.2348, Acc(1): 63.00, Acc(5): 97.00, F1: 0.16, Recall: 0.16, Precision: 0.16
2023-06-19 16:23:28,960 - AUGCON - INFO - Epoch [21/50]-(0/22) Loss: 1.1720, Acc(1): 75.00, Acc(5): 100.00
2023-06-19 16:23:28,961 - AUGCON - INFO - Epoch [21/50]-(5/22) Loss: 1.5643, Acc(1): 25.00, Acc(5): 100.00
2023-06-19 16:23:28,961 - AUGCON - INFO - Epoch [21/50]-(10/22) Loss: 1.1781, Acc(1): 50.00, Acc(5): 100.00
2023-06-19 16:23:28,961 - AUGCON - INFO - Epoch [21/50]-(15/22) Loss: 1.3505, Acc(1): 25.00, Acc(5): 100.00
2023-06-19 16:23:28,961 - AUGCON - INFO - Epoch [21/50]-(20/22) Loss: 1.1028, Acc(1): 50.00, Acc(5): 100.00
2023-06-19 16:23:28,961 - AUGCON - INFO - 	Validation Loss: 1.2404, Acc(1): 60.00, Acc(5): 93.00, F1: 0.16, Recall: 0.16, Precision: 0.16
2023-06-19 16:23:28,961 - AUGCON - INFO - Epoch [22/50]-(0/22) Loss: 0.9219, Acc(1): 100.00, Acc(5): 100.00
2023-06-19 16:23:28,961 - AUGCON - INFO - Epoch [22/50]-(5/22) Loss: 0.9820, Acc(1): 100.00, Acc(5): 100.00
2023-06-19 16:23:28,961 - AUGCON - INFO - Epoch [22/50]-(10/22) Loss: 1.1161, Acc(1): 75.00, Acc(5): 100.00
2023-06-19 16:23:28,961 - AUGCON - INFO - Epoch [22/50]-(15/22) Loss: 1.2543, Acc(1): 50.00, Acc(5): 100.00
2023-06-19 16:23:28,961 - AUGCON - INFO - Epoch [22/50]-(20/22) Loss: 1.6336, Acc(1): 25.00, Acc(5): 75.00
2023-06-19 16:23:28,961 - AUGCON - INFO - 	Validation Loss: 1.2322, Acc(1): 56.00, Acc(5): 94.00, F1: 0.15, Recall: 0.15, Precision: 0.14
2023-06-19 16:23:28,961 - AUGCON - INFO - Epoch [23/50]-(0/22) Loss: 1.0310, Acc(1): 50.00, Acc(5): 100.00
2023-06-19 16:23:28,961 - AUGCON - INFO - Epoch [23/50]-(5/22) Loss: 1.1649, Acc(1): 50.00, Acc(5): 100.00
2023-06-19 16:23:28,961 - AUGCON - INFO - Epoch [23/50]-(10/22) Loss: 1.5264, Acc(1): 25.00, Acc(5): 100.00
2023-06-19 16:23:28,961 - AUGCON - INFO - Epoch [23/50]-(15/22) Loss: 1.1753, Acc(1): 75.00, Acc(5): 100.00
2023-06-19 16:23:28,961 - AUGCON - INFO - Epoch [23/50]-(20/22) Loss: 0.9664, Acc(1): 75.00, Acc(5): 100.00
2023-06-19 16:23:28,962 - AUGCON - INFO - 	Validation Loss: 1.1775, Acc(1): 61.00, Acc(5): 95.00, F1: 0.15, Recall: 0.16, Precision: 0.14
2023-06-19 16:23:28,962 - AUGCON - INFO - Epoch [24/50]-(0/22) Loss: 1.1044, Acc(1): 75.00, Acc(5): 100.00
2023-06-19 16:23:28,962 - AUGCON - INFO - Epoch [24/50]-(5/22) Loss: 1.2737, Acc(1): 50.00, Acc(5): 100.00
2023-06-19 16:23:28,962 - AUGCON - INFO - Epoch [24/50]-(10/22) Loss: 0.7858, Acc(1): 100.00, Acc(5): 100.00
2023-06-19 16:23:28,962 - AUGCON - INFO - Epoch [24/50]-(15/22) Loss: 1.5111, Acc(1): 50.00, Acc(5): 100.00
2023-06-19 16:23:28,962 - AUGCON - INFO - Epoch [24/50]-(20/22) Loss: 1.2519, Acc(1): 75.00, Acc(5): 100.00
2023-06-19 16:23:28,962 - AUGCON - INFO - 	Validation Loss: 1.1934, Acc(1): 61.00, Acc(5): 98.00, F1: 0.16, Recall: 0.16, Precision: 0.16
2023-06-19 16:23:28,962 - AUGCON - INFO - Epoch [25/50]-(0/22) Loss: 1.0768, Acc(1): 75.00, Acc(5): 75.00
2023-06-19 16:23:28,962 - AUGCON - INFO - Epoch [25/50]-(5/22) Loss: 0.8504, Acc(1): 75.00, Acc(5): 100.00
2023-06-19 16:23:28,962 - AUGCON - INFO - Epoch [25/50]-(10/22) Loss: 0.9226, Acc(1): 75.00, Acc(5): 100.00
2023-06-19 16:23:28,962 - AUGCON - INFO - Epoch [25/50]-(15/22) Loss: 1.3791, Acc(1): 50.00, Acc(5): 100.00
2023-06-19 16:23:28,962 - AUGCON - INFO - Epoch [25/50]-(20/22) Loss: 0.8985, Acc(1): 75.00, Acc(5): 100.00
2023-06-19 16:23:28,962 - AUGCON - INFO - 	Validation Loss: 1.1410, Acc(1): 69.00, Acc(5): 97.00, F1: 0.17, Recall: 0.17, Precision: 0.17
2023-06-19 16:23:28,962 - AUGCON - INFO - Epoch [26/50]-(0/22) Loss: 1.2929, Acc(1): 75.00, Acc(5): 100.00
2023-06-19 16:23:28,962 - AUGCON - INFO - Epoch [26/50]-(5/22) Loss: 2.0618, Acc(1): 25.00, Acc(5): 100.00
2023-06-19 16:23:28,962 - AUGCON - INFO - Epoch [26/50]-(10/22) Loss: 0.9565, Acc(1): 50.00, Acc(5): 100.00
2023-06-19 16:23:28,963 - AUGCON - INFO - Epoch [26/50]-(15/22) Loss: 0.8756, Acc(1): 100.00, Acc(5): 100.00
2023-06-19 16:23:28,963 - AUGCON - INFO - Epoch [26/50]-(20/22) Loss: 1.2769, Acc(1): 50.00, Acc(5): 100.00
2023-06-19 16:23:28,963 - AUGCON - INFO - 	Validation Loss: 1.1622, Acc(1): 59.00, Acc(5): 96.00, F1: 0.16, Recall: 0.15, Precision: 0.16
2023-06-19 16:23:28,963 - AUGCON - INFO - Epoch [27/50]-(0/22) Loss: 1.1824, Acc(1): 75.00, Acc(5): 75.00
2023-06-19 16:23:28,963 - AUGCON - INFO - Epoch [27/50]-(5/22) Loss: 1.4065, Acc(1): 25.00, Acc(5): 100.00
2023-06-19 16:23:28,963 - AUGCON - INFO - Epoch [27/50]-(10/22) Loss: 0.8984, Acc(1): 75.00, Acc(5): 100.00
2023-06-19 16:23:28,963 - AUGCON - INFO - Epoch [27/50]-(15/22) Loss: 1.4845, Acc(1): 25.00, Acc(5): 100.00
2023-06-19 16:23:28,963 - AUGCON - INFO - Epoch [27/50]-(20/22) Loss: 0.8886, Acc(1): 50.00, Acc(5): 100.00
2023-06-19 16:23:28,963 - AUGCON - INFO - 	Validation Loss: 1.1241, Acc(1): 61.00, Acc(5): 98.00, F1: 0.16, Recall: 0.15, Precision: 0.16
2023-06-19 16:23:28,963 - AUGCON - INFO - Epoch [28/50]-(0/22) Loss: 0.7840, Acc(1): 100.00, Acc(5): 100.00
2023-06-19 16:23:28,963 - AUGCON - INFO - Epoch [28/50]-(5/22) Loss: 0.9066, Acc(1): 75.00, Acc(5): 100.00
2023-06-19 16:23:28,963 - AUGCON - INFO - Epoch [28/50]-(10/22) Loss: 1.0595, Acc(1): 50.00, Acc(5): 100.00
2023-06-19 16:23:28,963 - AUGCON - INFO - Epoch [28/50]-(15/22) Loss: 0.9576, Acc(1): 75.00, Acc(5): 100.00
2023-06-19 16:23:28,964 - AUGCON - INFO - Epoch [28/50]-(20/22) Loss: 1.5387, Acc(1): 50.00, Acc(5): 100.00
2023-06-19 16:23:28,964 - AUGCON - INFO - 	Validation Loss: 1.1261, Acc(1): 63.00, Acc(5): 99.00, F1: 0.16, Recall: 0.16, Precision: 0.16
2023-06-19 16:23:28,964 - AUGCON - INFO - Epoch [29/50]-(0/22) Loss: 1.0358, Acc(1): 100.00, Acc(5): 100.00
2023-06-19 16:23:28,964 - AUGCON - INFO - Epoch [29/50]-(5/22) Loss: 0.7096, Acc(1): 100.00, Acc(5): 100.00
2023-06-19 16:23:28,964 - AUGCON - INFO - Epoch [29/50]-(10/22) Loss: 1.1586, Acc(1): 50.00, Acc(5): 100.00
2023-06-19 16:23:28,964 - AUGCON - INFO - Epoch [29/50]-(15/22) Loss: 1.7492, Acc(1): 25.00, Acc(5): 100.00
2023-06-19 16:23:28,964 - AUGCON - INFO - Epoch [29/50]-(20/22) Loss: 1.1470, Acc(1): 75.00, Acc(5): 100.00
2023-06-19 16:23:28,964 - AUGCON - INFO - 	Validation Loss: 1.1562, Acc(1): 64.00, Acc(5): 98.00, F1: 0.16, Recall: 0.16, Precision: 0.16
2023-06-19 16:23:28,964 - AUGCON - INFO - Epoch [30/50]-(0/22) Loss: 0.9640, Acc(1): 75.00, Acc(5): 100.00
2023-06-19 16:23:28,964 - AUGCON - INFO - Epoch [30/50]-(5/22) Loss: 1.1352, Acc(1): 50.00, Acc(5): 100.00
2023-06-19 16:23:28,964 - AUGCON - INFO - Epoch [30/50]-(10/22) Loss: 0.6269, Acc(1): 75.00, Acc(5): 100.00
2023-06-19 16:23:28,964 - AUGCON - INFO - Epoch [30/50]-(15/22) Loss: 0.9925, Acc(1): 50.00, Acc(5): 100.00
2023-06-19 16:23:28,964 - AUGCON - INFO - Epoch [30/50]-(20/22) Loss: 1.0954, Acc(1): 50.00, Acc(5): 100.00
2023-06-19 16:23:28,964 - AUGCON - INFO - 	Validation Loss: 1.1385, Acc(1): 60.00, Acc(5): 99.00, F1: 0.16, Recall: 0.16, Precision: 0.16
2023-06-19 16:23:28,964 - AUGCON - INFO - Epoch [31/50]-(0/22) Loss: 0.8996, Acc(1): 100.00, Acc(5): 100.00
2023-06-19 16:23:28,965 - AUGCON - INFO - Epoch [31/50]-(5/22) Loss: 0.9941, Acc(1): 75.00, Acc(5): 100.00
2023-06-19 16:23:28,965 - AUGCON - INFO - Epoch [31/50]-(10/22) Loss: 1.0664, Acc(1): 50.00, Acc(5): 100.00
2023-06-19 16:23:28,965 - AUGCON - INFO - Epoch [31/50]-(15/22) Loss: 1.4158, Acc(1): 25.00, Acc(5): 100.00
2023-06-19 16:23:28,965 - AUGCON - INFO - Epoch [31/50]-(20/22) Loss: 0.6376, Acc(1): 75.00, Acc(5): 100.00
2023-06-19 16:23:28,965 - AUGCON - INFO - 	Validation Loss: 1.1419, Acc(1): 66.00, Acc(5): 97.00, F1: 0.16, Recall: 0.17, Precision: 0.16
2023-06-19 16:23:28,965 - AUGCON - INFO - Epoch [32/50]-(0/22) Loss: 0.7131, Acc(1): 100.00, Acc(5): 100.00
2023-06-19 16:23:28,965 - AUGCON - INFO - Epoch [32/50]-(5/22) Loss: 0.6680, Acc(1): 100.00, Acc(5): 100.00
2023-06-19 16:23:28,965 - AUGCON - INFO - Epoch [32/50]-(10/22) Loss: 1.1626, Acc(1): 50.00, Acc(5): 100.00
2023-06-19 16:23:28,965 - AUGCON - INFO - Epoch [32/50]-(15/22) Loss: 1.2660, Acc(1): 50.00, Acc(5): 100.00
2023-06-19 16:23:28,965 - AUGCON - INFO - Epoch [32/50]-(20/22) Loss: 0.8648, Acc(1): 75.00, Acc(5): 100.00
2023-06-19 16:23:28,965 - AUGCON - INFO - 	Validation Loss: 1.1463, Acc(1): 65.00, Acc(5): 96.00, F1: 0.16, Recall: 0.17, Precision: 0.16
2023-06-19 16:23:28,965 - AUGCON - INFO - Epoch [33/50]-(0/22) Loss: 0.9629, Acc(1): 75.00, Acc(5): 100.00
2023-06-19 16:23:28,965 - AUGCON - INFO - Epoch [33/50]-(5/22) Loss: 1.1631, Acc(1): 75.00, Acc(5): 100.00
2023-06-19 16:23:28,965 - AUGCON - INFO - Epoch [33/50]-(10/22) Loss: 0.7211, Acc(1): 100.00, Acc(5): 100.00
2023-06-19 16:23:28,965 - AUGCON - INFO - Epoch [33/50]-(15/22) Loss: 0.8691, Acc(1): 75.00, Acc(5): 100.00
2023-06-19 16:23:28,965 - AUGCON - INFO - Epoch [33/50]-(20/22) Loss: 1.2616, Acc(1): 50.00, Acc(5): 100.00
2023-06-19 16:23:28,966 - AUGCON - INFO - 	Validation Loss: 1.1462, Acc(1): 61.00, Acc(5): 96.00, F1: 0.16, Recall: 0.16, Precision: 0.15
2023-06-19 16:23:28,966 - AUGCON - INFO - Epoch [34/50]-(0/22) Loss: 1.0883, Acc(1): 75.00, Acc(5): 100.00
2023-06-19 16:23:28,966 - AUGCON - INFO - Epoch [34/50]-(5/22) Loss: 1.1219, Acc(1): 75.00, Acc(5): 100.00
2023-06-19 16:23:28,966 - AUGCON - INFO - Epoch [34/50]-(10/22) Loss: 0.9824, Acc(1): 75.00, Acc(5): 100.00
2023-06-19 16:23:28,966 - AUGCON - INFO - Epoch [34/50]-(15/22) Loss: 0.6043, Acc(1): 100.00, Acc(5): 100.00
2023-06-19 16:23:28,966 - AUGCON - INFO - Epoch [34/50]-(20/22) Loss: 1.0777, Acc(1): 50.00, Acc(5): 100.00
2023-06-19 16:23:28,966 - AUGCON - INFO - 	Validation Loss: 1.0303, Acc(1): 64.00, Acc(5): 99.00, F1: 0.16, Recall: 0.16, Precision: 0.16
2023-06-19 16:23:28,966 - AUGCON - INFO - Epoch [35/50]-(0/22) Loss: 1.1612, Acc(1): 75.00, Acc(5): 100.00
2023-06-19 16:23:28,966 - AUGCON - INFO - Epoch [35/50]-(5/22) Loss: 0.8724, Acc(1): 75.00, Acc(5): 100.00
2023-06-19 16:23:28,966 - AUGCON - INFO - Epoch [35/50]-(10/22) Loss: 1.3919, Acc(1): 25.00, Acc(5): 100.00
2023-06-19 16:23:28,966 - AUGCON - INFO - Epoch [35/50]-(15/22) Loss: 1.0221, Acc(1): 50.00, Acc(5): 100.00
2023-06-19 16:23:28,966 - AUGCON - INFO - Epoch [35/50]-(20/22) Loss: 0.8882, Acc(1): 75.00, Acc(5): 100.00
2023-06-19 16:23:28,966 - AUGCON - INFO - 	Validation Loss: 1.1176, Acc(1): 59.00, Acc(5): 96.00, F1: 0.15, Recall: 0.16, Precision: 0.15
2023-06-19 16:23:28,966 - AUGCON - INFO - Epoch [36/50]-(0/22) Loss: 1.5123, Acc(1): 50.00, Acc(5): 75.00
2023-06-19 16:23:28,966 - AUGCON - INFO - Epoch [36/50]-(5/22) Loss: 0.8088, Acc(1): 75.00, Acc(5): 100.00
2023-06-19 16:23:28,966 - AUGCON - INFO - Epoch [36/50]-(10/22) Loss: 0.9333, Acc(1): 75.00, Acc(5): 100.00
2023-06-19 16:23:28,967 - AUGCON - INFO - Epoch [36/50]-(15/22) Loss: 0.9040, Acc(1): 75.00, Acc(5): 100.00
2023-06-19 16:23:28,967 - AUGCON - INFO - Epoch [36/50]-(20/22) Loss: 0.7008, Acc(1): 100.00, Acc(5): 100.00
2023-06-19 16:23:28,967 - AUGCON - INFO - 	Validation Loss: 1.1108, Acc(1): 65.00, Acc(5): 100.00, F1: 0.17, Recall: 0.17, Precision: 0.16
2023-06-19 16:23:28,967 - AUGCON - INFO - Epoch [37/50]-(0/22) Loss: 0.8562, Acc(1): 100.00, Acc(5): 100.00
2023-06-19 16:23:28,967 - AUGCON - INFO - Epoch [37/50]-(5/22) Loss: 1.6368, Acc(1): 25.00, Acc(5): 75.00
2023-06-19 16:23:28,967 - AUGCON - INFO - Epoch [37/50]-(10/22) Loss: 1.2062, Acc(1): 50.00, Acc(5): 100.00
2023-06-19 16:23:28,967 - AUGCON - INFO - Epoch [37/50]-(15/22) Loss: 0.6597, Acc(1): 100.00, Acc(5): 100.00
2023-06-19 16:23:28,967 - AUGCON - INFO - Epoch [37/50]-(20/22) Loss: 0.7487, Acc(1): 75.00, Acc(5): 100.00
2023-06-19 16:23:28,967 - AUGCON - INFO - 	Validation Loss: 1.1697, Acc(1): 66.00, Acc(5): 95.00, F1: 0.17, Recall: 0.18, Precision: 0.16
2023-06-19 16:23:28,967 - AUGCON - INFO - Epoch [38/50]-(0/22) Loss: 1.2741, Acc(1): 25.00, Acc(5): 100.00
2023-06-19 16:23:28,967 - AUGCON - INFO - Epoch [38/50]-(5/22) Loss: 1.3294, Acc(1): 25.00, Acc(5): 100.00
2023-06-19 16:23:28,967 - AUGCON - INFO - Epoch [38/50]-(10/22) Loss: 0.8682, Acc(1): 50.00, Acc(5): 100.00
2023-06-19 16:23:28,967 - AUGCON - INFO - Epoch [38/50]-(15/22) Loss: 1.2309, Acc(1): 25.00, Acc(5): 100.00
2023-06-19 16:23:28,967 - AUGCON - INFO - Epoch [38/50]-(20/22) Loss: 1.1566, Acc(1): 50.00, Acc(5): 100.00
2023-06-19 16:23:28,967 - AUGCON - INFO - 	Validation Loss: 1.0704, Acc(1): 63.00, Acc(5): 97.00, F1: 0.16, Recall: 0.16, Precision: 0.16
2023-06-19 16:23:28,967 - AUGCON - INFO - Epoch [39/50]-(0/22) Loss: 0.6177, Acc(1): 100.00, Acc(5): 100.00
2023-06-19 16:23:28,968 - AUGCON - INFO - Epoch [39/50]-(5/22) Loss: 1.3553, Acc(1): 50.00, Acc(5): 75.00
2023-06-19 16:23:28,968 - AUGCON - INFO - Epoch [39/50]-(10/22) Loss: 1.0445, Acc(1): 75.00, Acc(5): 100.00
2023-06-19 16:23:28,968 - AUGCON - INFO - Epoch [39/50]-(15/22) Loss: 0.9173, Acc(1): 75.00, Acc(5): 100.00
2023-06-19 16:23:28,968 - AUGCON - INFO - Epoch [39/50]-(20/22) Loss: 0.9547, Acc(1): 50.00, Acc(5): 100.00
2023-06-19 16:23:28,968 - AUGCON - INFO - 	Validation Loss: 1.0701, Acc(1): 66.00, Acc(5): 98.00, F1: 0.16, Recall: 0.17, Precision: 0.15
2023-06-19 16:23:28,968 - AUGCON - INFO - Epoch [40/50]-(0/22) Loss: 1.2788, Acc(1): 50.00, Acc(5): 100.00
2023-06-19 16:23:28,968 - AUGCON - INFO - Epoch [40/50]-(5/22) Loss: 0.7485, Acc(1): 100.00, Acc(5): 100.00
2023-06-19 16:23:28,968 - AUGCON - INFO - Epoch [40/50]-(10/22) Loss: 0.7752, Acc(1): 75.00, Acc(5): 100.00
2023-06-19 16:23:28,968 - AUGCON - INFO - Epoch [40/50]-(15/22) Loss: 0.7180, Acc(1): 75.00, Acc(5): 100.00
2023-06-19 16:23:28,968 - AUGCON - INFO - Epoch [40/50]-(20/22) Loss: 1.6054, Acc(1): 25.00, Acc(5): 100.00
2023-06-19 16:23:28,968 - AUGCON - INFO - 	Validation Loss: 1.0378, Acc(1): 62.00, Acc(5): 98.00, F1: 0.16, Recall: 0.16, Precision: 0.17
2023-06-19 16:23:28,968 - AUGCON - INFO - Epoch [41/50]-(0/22) Loss: 1.0911, Acc(1): 75.00, Acc(5): 100.00
2023-06-19 16:23:28,969 - AUGCON - INFO - Epoch [41/50]-(5/22) Loss: 1.0604, Acc(1): 50.00, Acc(5): 100.00
2023-06-19 16:23:28,969 - AUGCON - INFO - Epoch [41/50]-(10/22) Loss: 0.6880, Acc(1): 100.00, Acc(5): 100.00
2023-06-19 16:23:28,969 - AUGCON - INFO - Epoch [41/50]-(15/22) Loss: 0.6709, Acc(1): 100.00, Acc(5): 100.00
2023-06-19 16:23:28,969 - AUGCON - INFO - Epoch [41/50]-(20/22) Loss: 1.0191, Acc(1): 75.00, Acc(5): 100.00
2023-06-19 16:23:28,969 - AUGCON - INFO - 	Validation Loss: 1.0840, Acc(1): 64.00, Acc(5): 97.00, F1: 0.16, Recall: 0.17, Precision: 0.16
2023-06-19 16:23:28,969 - AUGCON - INFO - Epoch [42/50]-(0/22) Loss: 1.1256, Acc(1): 75.00, Acc(5): 100.00
2023-06-19 16:23:28,969 - AUGCON - INFO - Epoch [42/50]-(5/22) Loss: 1.1612, Acc(1): 50.00, Acc(5): 100.00
2023-06-19 16:23:28,969 - AUGCON - INFO - Epoch [42/50]-(10/22) Loss: 0.9483, Acc(1): 75.00, Acc(5): 100.00
2023-06-19 16:23:28,969 - AUGCON - INFO - Epoch [42/50]-(15/22) Loss: 0.8355, Acc(1): 50.00, Acc(5): 100.00
2023-06-19 16:23:28,969 - AUGCON - INFO - Epoch [42/50]-(20/22) Loss: 0.9372, Acc(1): 75.00, Acc(5): 100.00
2023-06-19 16:23:28,969 - AUGCON - INFO - 	Validation Loss: 1.0629, Acc(1): 64.00, Acc(5): 98.00, F1: 0.17, Recall: 0.16, Precision: 0.17
2023-06-19 16:23:28,969 - AUGCON - INFO - Epoch [43/50]-(0/22) Loss: 0.8488, Acc(1): 75.00, Acc(5): 100.00
2023-06-19 16:23:28,969 - AUGCON - INFO - Epoch [43/50]-(5/22) Loss: 1.1557, Acc(1): 25.00, Acc(5): 100.00
2023-06-19 16:23:28,969 - AUGCON - INFO - Epoch [43/50]-(10/22) Loss: 1.0003, Acc(1): 75.00, Acc(5): 100.00
2023-06-19 16:23:28,970 - AUGCON - INFO - Epoch [43/50]-(15/22) Loss: 0.7576, Acc(1): 75.00, Acc(5): 100.00
2023-06-19 16:23:28,970 - AUGCON - INFO - Epoch [43/50]-(20/22) Loss: 1.2329, Acc(1): 50.00, Acc(5): 100.00
2023-06-19 16:23:28,970 - AUGCON - INFO - 	Validation Loss: 1.1242, Acc(1): 64.00, Acc(5): 99.00, F1: 0.16, Recall: 0.17, Precision: 0.16
2023-06-19 16:23:28,970 - AUGCON - INFO - Epoch [44/50]-(0/22) Loss: 0.9410, Acc(1): 75.00, Acc(5): 100.00
2023-06-19 16:23:28,970 - AUGCON - INFO - Epoch [44/50]-(5/22) Loss: 1.0534, Acc(1): 75.00, Acc(5): 100.00
2023-06-19 16:23:28,970 - AUGCON - INFO - Epoch [44/50]-(10/22) Loss: 1.7469, Acc(1): 50.00, Acc(5): 75.00
2023-06-19 16:23:28,970 - AUGCON - INFO - Epoch [44/50]-(15/22) Loss: 0.5474, Acc(1): 75.00, Acc(5): 100.00
2023-06-19 16:23:28,970 - AUGCON - INFO - Epoch [44/50]-(20/22) Loss: 1.4749, Acc(1): 25.00, Acc(5): 100.00
2023-06-19 16:23:28,970 - AUGCON - INFO - 	Validation Loss: 1.0269, Acc(1): 66.00, Acc(5): 99.00, F1: 0.16, Recall: 0.17, Precision: 0.16
2023-06-19 16:23:28,970 - AUGCON - INFO - Epoch [45/50]-(0/22) Loss: 0.8912, Acc(1): 75.00, Acc(5): 100.00
2023-06-19 16:23:28,970 - AUGCON - INFO - Epoch [45/50]-(5/22) Loss: 1.1446, Acc(1): 25.00, Acc(5): 100.00
2023-06-19 16:23:28,970 - AUGCON - INFO - Epoch [45/50]-(10/22) Loss: 0.7083, Acc(1): 75.00, Acc(5): 100.00
2023-06-19 16:23:28,970 - AUGCON - INFO - Epoch [45/50]-(15/22) Loss: 1.0272, Acc(1): 75.00, Acc(5): 100.00
2023-06-19 16:23:28,970 - AUGCON - INFO - Epoch [45/50]-(20/22) Loss: 0.8427, Acc(1): 100.00, Acc(5): 100.00
2023-06-19 16:23:28,970 - AUGCON - INFO - 	Validation Loss: 0.9973, Acc(1): 64.00, Acc(5): 98.00, F1: 0.17, Recall: 0.17, Precision: 0.17
2023-06-19 16:23:28,970 - AUGCON - INFO - Epoch [46/50]-(0/22) Loss: 0.6453, Acc(1): 100.00, Acc(5): 100.00
2023-06-19 16:23:28,971 - AUGCON - INFO - Epoch [46/50]-(5/22) Loss: 0.7533, Acc(1): 75.00, Acc(5): 100.00
2023-06-19 16:23:28,971 - AUGCON - INFO - Epoch [46/50]-(10/22) Loss: 0.5913, Acc(1): 100.00, Acc(5): 100.00
2023-06-19 16:23:28,971 - AUGCON - INFO - Epoch [46/50]-(15/22) Loss: 1.2745, Acc(1): 50.00, Acc(5): 100.00
2023-06-19 16:23:28,971 - AUGCON - INFO - Epoch [46/50]-(20/22) Loss: 0.7134, Acc(1): 100.00, Acc(5): 100.00
2023-06-19 16:23:28,971 - AUGCON - INFO - 	Validation Loss: 1.0241, Acc(1): 65.00, Acc(5): 99.00, F1: 0.17, Recall: 0.16, Precision: 0.17
2023-06-19 16:23:28,971 - AUGCON - INFO - Epoch [47/50]-(0/22) Loss: 0.6995, Acc(1): 100.00, Acc(5): 100.00
2023-06-19 16:23:28,971 - AUGCON - INFO - Epoch [47/50]-(5/22) Loss: 0.8645, Acc(1): 75.00, Acc(5): 100.00
2023-06-19 16:23:28,971 - AUGCON - INFO - Epoch [47/50]-(10/22) Loss: 0.6656, Acc(1): 75.00, Acc(5): 100.00
2023-06-19 16:23:28,971 - AUGCON - INFO - Epoch [47/50]-(15/22) Loss: 1.0527, Acc(1): 50.00, Acc(5): 100.00
2023-06-19 16:23:28,971 - AUGCON - INFO - Epoch [47/50]-(20/22) Loss: 0.6854, Acc(1): 75.00, Acc(5): 100.00
2023-06-19 16:23:28,971 - AUGCON - INFO - 	Validation Loss: 0.9923, Acc(1): 66.00, Acc(5): 100.00, F1: 0.16, Recall: 0.17, Precision: 0.15
2023-06-19 16:23:28,971 - AUGCON - INFO - Epoch [48/50]-(0/22) Loss: 0.7646, Acc(1): 75.00, Acc(5): 100.00
2023-06-19 16:23:28,971 - AUGCON - INFO - Epoch [48/50]-(5/22) Loss: 0.5397, Acc(1): 100.00, Acc(5): 100.00
2023-06-19 16:23:28,971 - AUGCON - INFO - Epoch [48/50]-(10/22) Loss: 1.1347, Acc(1): 50.00, Acc(5): 100.00
2023-06-19 16:23:28,971 - AUGCON - INFO - Epoch [48/50]-(15/22) Loss: 1.0311, Acc(1): 50.00, Acc(5): 100.00
2023-06-19 16:23:28,971 - AUGCON - INFO - Epoch [48/50]-(20/22) Loss: 0.7299, Acc(1): 75.00, Acc(5): 100.00
2023-06-19 16:23:28,972 - AUGCON - INFO - 	Validation Loss: 1.0463, Acc(1): 66.00, Acc(5): 98.00, F1: 0.17, Recall: 0.18, Precision: 0.16
2023-06-19 16:23:28,972 - AUGCON - INFO - Epoch [49/50]-(0/22) Loss: 1.1215, Acc(1): 50.00, Acc(5): 100.00
2023-06-19 16:23:28,972 - AUGCON - INFO - Epoch [49/50]-(5/22) Loss: 0.9774, Acc(1): 75.00, Acc(5): 100.00
2023-06-19 16:23:28,972 - AUGCON - INFO - Epoch [49/50]-(10/22) Loss: 0.8168, Acc(1): 75.00, Acc(5): 100.00
2023-06-19 16:23:28,972 - AUGCON - INFO - Epoch [49/50]-(15/22) Loss: 1.2101, Acc(1): 50.00, Acc(5): 100.00
2023-06-19 16:23:28,972 - AUGCON - INFO - Epoch [49/50]-(20/22) Loss: 1.4405, Acc(1): 25.00, Acc(5): 100.00
2023-06-19 16:23:28,972 - AUGCON - INFO - 	Validation Loss: 0.9915, Acc(1): 68.00, Acc(5): 99.00, F1: 0.17, Recall: 0.17, Precision: 0.17
2023-06-19 16:23:28,972 - AUGCON - INFO - Epoch [50/50]-(0/22) Loss: 0.7230, Acc(1): 100.00, Acc(5): 100.00
2023-06-19 16:23:28,972 - AUGCON - INFO - Epoch [50/50]-(5/22) Loss: 0.9497, Acc(1): 75.00, Acc(5): 100.00
2023-06-19 16:23:28,972 - AUGCON - INFO - Epoch [50/50]-(10/22) Loss: 1.2047, Acc(1): 50.00, Acc(5): 100.00
2023-06-19 16:23:28,972 - AUGCON - INFO - Epoch [50/50]-(15/22) Loss: 1.0138, Acc(1): 75.00, Acc(5): 100.00
2023-06-19 16:23:28,972 - AUGCON - INFO - Epoch [50/50]-(20/22) Loss: 0.7981, Acc(1): 100.00, Acc(5): 100.00
2023-06-19 16:23:28,972 - AUGCON - INFO - 	Validation Loss: 1.0250, Acc(1): 61.00, Acc(5): 99.00, F1: 0.16, Recall: 0.16, Precision: 0.16
2023-06-19 16:23:28,972 - AUGCON - INFO - 	Validation Loss: 0.9235, Acc(1): 65.67, Acc(5): 98.33, F1: 0.17, Recall: 0.16, Precision: 0.19
