2023-06-08 16:41:45,814 - AUGCON - INFO - logger initialized (/home/hjyoon/projects/augcon/config/exp0/pretrain/without_target_domain_PH0038-iygoo/metacpc_perdomain_8421.yaml.log)
2023-06-08 16:41:45,815 - AUGCON - INFO - ================= Config =================
2023-06-08 16:41:45,815 - AUGCON - INFO -   mode: pretrain
2023-06-08 16:41:45,815 - AUGCON - INFO -   seed: 0
2023-06-08 16:41:45,815 - AUGCON - INFO -   gpu: [0, 1, 2, 3]
2023-06-08 16:41:45,815 - AUGCON - INFO -   num_workers: 8
2023-06-08 16:41:45,815 - AUGCON - INFO -   dist_url: tcp://localhost:10001
2023-06-08 16:41:45,815 - AUGCON - INFO -   dataset_name: hhar
2023-06-08 16:41:45,815 - AUGCON - INFO -   train_dataset_path: /mnt/sting/hjyoon/projects/cross/ICHAR/augcon/target_domain_PH0038-iygoo/pretrain/train.pkl
2023-06-08 16:41:45,815 - AUGCON - INFO -   test_dataset_path: /mnt/sting/hjyoon/projects/cross/ICHAR/augcon/target_domain_PH0038-iygoo/pretrain/test.pkl
2023-06-08 16:41:45,815 - AUGCON - INFO -   val_dataset_path: /mnt/sting/hjyoon/projects/cross/ICHAR/augcon/target_domain_PH0038-iygoo/pretrain/val.pkl
2023-06-08 16:41:45,815 - AUGCON - INFO -   input_channels: 3
2023-06-08 16:41:45,815 - AUGCON - INFO -   num_cls: 9
2023-06-08 16:41:45,815 - AUGCON - INFO -   optimizer: adam
2023-06-08 16:41:45,815 - AUGCON - INFO -   criterion: crossentropy
2023-06-08 16:41:45,815 - AUGCON - INFO -   start_epoch: 0
2023-06-08 16:41:45,815 - AUGCON - INFO -   epochs: 100
2023-06-08 16:41:45,815 - AUGCON - INFO -   batch_size: 2048
2023-06-08 16:41:45,815 - AUGCON - INFO -   lr: 0.001
2023-06-08 16:41:45,815 - AUGCON - INFO -   wd: 0.0
2023-06-08 16:41:45,815 - AUGCON - INFO -   resume: 
2023-06-08 16:41:45,815 - AUGCON - INFO -   ckpt_dir: /mnt/sting/hjyoon/projects/augcontrast/models/exp0/pretrain/metacpc_perdomain_8421
2023-06-08 16:41:45,815 - AUGCON - INFO -   log_freq: 20
2023-06-08 16:41:45,815 - AUGCON - INFO -   save_freq: 100
2023-06-08 16:41:45,815 - AUGCON - INFO -   pretext: metacpc
2023-06-08 16:41:45,815 - AUGCON - INFO -   enc_blocks: 4
2023-06-08 16:41:45,815 - AUGCON - INFO -   kernel_sizes: [8, 4, 2, 1]
2023-06-08 16:41:45,815 - AUGCON - INFO -   strides: [4, 2, 1, 1]
2023-06-08 16:41:45,815 - AUGCON - INFO -   agg_blocks: 5
2023-06-08 16:41:45,815 - AUGCON - INFO -   z_dim: 256
2023-06-08 16:41:45,815 - AUGCON - INFO -   pooling: mean
2023-06-08 16:41:45,815 - AUGCON - INFO -   pred_steps: 12
2023-06-08 16:41:45,815 - AUGCON - INFO -   n_negatives: 15
2023-06-08 16:41:45,815 - AUGCON - INFO -   offset: 4
2023-06-08 16:41:45,815 - AUGCON - INFO -   task_per_domain: True
2023-06-08 16:41:45,815 - AUGCON - INFO -   num_task: 10
2023-06-08 16:41:45,815 - AUGCON - INFO -   multi_cond_num_task: 5
2023-06-08 16:41:45,815 - AUGCON - INFO -   task_size: 90
2023-06-08 16:41:45,815 - AUGCON - INFO -   task_steps: 10
2023-06-08 16:41:45,815 - AUGCON - INFO -   task_lr: 0.005
2023-06-08 16:41:45,815 - AUGCON - INFO -   reg_lambda: 0
2023-06-08 16:41:45,816 - AUGCON - INFO -   log_meta_train: False
2023-06-08 16:41:45,816 - AUGCON - INFO - ==========================================
2023-06-08 16:41:45,816 - AUGCON - INFO - Setting GPUs: [0, 1, 2, 3]
2023-06-08 16:41:45,816 - AUGCON - INFO - GPUs [0, 1, 2, 3] will be used
2023-06-08 16:41:45,816 - AUGCON - WARNING - You have chosen to seed training. 
2023-06-08 16:41:45,816 - AUGCON - WARNING - This will turn on the CUDNN deterministic setting, 
2023-06-08 16:41:45,816 - AUGCON - WARNING - which can slow down your training considerably! 
2023-06-08 16:41:45,816 - AUGCON - WARNING - You may see unexpected behavior when restarting 
2023-06-08 16:41:45,816 - AUGCON - WARNING - from checkpoints.
2023-06-08 16:41:45,933 - AUGCON - INFO - Executing MetaCPC
2023-06-08 16:41:45,933 - AUGCON - INFO - Logs are skipped during training
2023-06-08 16:58:01,033 - AUGCON - INFO - DDP is used for training - training 3750 instances for each worker
2023-06-08 16:58:01,033 - AUGCON - INFO - Epoch [1/100]
2023-06-08 16:58:01,033 - AUGCON - INFO - 	(0/15) Loss: 3.4418, Acc(1): 6.40, Acc(5): 31.26
2023-06-08 16:58:01,033 - AUGCON - INFO - Epoch [2/100]
2023-06-08 16:58:01,033 - AUGCON - INFO - 	(0/15) Loss: 3.1275, Acc(1): 6.21, Acc(5): 31.56
2023-06-08 16:58:01,033 - AUGCON - INFO - Epoch [3/100]
2023-06-08 16:58:01,034 - AUGCON - INFO - 	(0/15) Loss: 3.1654, Acc(1): 6.03, Acc(5): 31.38
2023-06-08 16:58:01,034 - AUGCON - INFO - Epoch [4/100]
2023-06-08 16:58:01,034 - AUGCON - INFO - 	(0/15) Loss: 2.9759, Acc(1): 6.23, Acc(5): 31.39
2023-06-08 16:58:01,034 - AUGCON - INFO - Epoch [5/100]
2023-06-08 16:58:01,034 - AUGCON - INFO - 	(0/15) Loss: 2.8855, Acc(1): 6.03, Acc(5): 31.06
2023-06-08 16:58:01,034 - AUGCON - INFO - Epoch [6/100]
2023-06-08 16:58:01,034 - AUGCON - INFO - 	(0/15) Loss: 2.9188, Acc(1): 6.18, Acc(5): 30.83
2023-06-08 16:58:01,034 - AUGCON - INFO - Epoch [7/100]
2023-06-08 16:58:01,034 - AUGCON - INFO - 	(0/15) Loss: 2.8507, Acc(1): 6.43, Acc(5): 31.74
2023-06-08 16:58:01,034 - AUGCON - INFO - Epoch [8/100]
2023-06-08 16:58:01,034 - AUGCON - INFO - 	(0/15) Loss: 2.8167, Acc(1): 6.59, Acc(5): 32.20
2023-06-08 16:58:01,034 - AUGCON - INFO - Epoch [9/100]
2023-06-08 16:58:01,034 - AUGCON - INFO - 	(0/15) Loss: 2.8853, Acc(1): 6.09, Acc(5): 31.22
2023-06-08 16:58:01,034 - AUGCON - INFO - Epoch [10/100]
2023-06-08 16:58:01,034 - AUGCON - INFO - 	(0/15) Loss: 2.8285, Acc(1): 6.42, Acc(5): 31.88
2023-06-08 16:58:01,034 - AUGCON - INFO - Epoch [11/100]
2023-06-08 16:58:01,035 - AUGCON - INFO - 	(0/15) Loss: 2.7867, Acc(1): 6.93, Acc(5): 33.71
2023-06-08 16:58:01,035 - AUGCON - INFO - Epoch [12/100]
2023-06-08 16:58:01,035 - AUGCON - INFO - 	(0/15) Loss: 2.7991, Acc(1): 6.22, Acc(5): 31.33
2023-06-08 16:58:01,035 - AUGCON - INFO - Epoch [13/100]
2023-06-08 16:58:01,035 - AUGCON - INFO - 	(0/15) Loss: 2.8349, Acc(1): 6.34, Acc(5): 31.89
2023-06-08 16:58:01,035 - AUGCON - INFO - Epoch [14/100]
2023-06-08 16:58:01,035 - AUGCON - INFO - 	(0/15) Loss: 2.7903, Acc(1): 6.39, Acc(5): 31.46
2023-06-08 16:58:01,035 - AUGCON - INFO - Epoch [15/100]
2023-06-08 16:58:01,035 - AUGCON - INFO - 	(0/15) Loss: 2.7903, Acc(1): 6.35, Acc(5): 31.83
2023-06-08 16:58:01,035 - AUGCON - INFO - Epoch [16/100]
2023-06-08 16:58:01,035 - AUGCON - INFO - 	(0/15) Loss: 2.8015, Acc(1): 6.65, Acc(5): 32.38
2023-06-08 16:58:01,035 - AUGCON - INFO - Epoch [17/100]
2023-06-08 16:58:01,035 - AUGCON - INFO - 	(0/15) Loss: 2.7911, Acc(1): 6.50, Acc(5): 31.51
2023-06-08 16:58:01,035 - AUGCON - INFO - Epoch [18/100]
2023-06-08 16:58:01,035 - AUGCON - INFO - 	(0/15) Loss: 2.7359, Acc(1): 8.97, Acc(5): 39.40
2023-06-08 16:58:01,035 - AUGCON - INFO - Epoch [19/100]
2023-06-08 16:58:01,035 - AUGCON - INFO - 	(0/15) Loss: 2.7870, Acc(1): 6.84, Acc(5): 32.56
2023-06-08 16:58:01,036 - AUGCON - INFO - Epoch [20/100]
2023-06-08 16:58:01,036 - AUGCON - INFO - 	(0/15) Loss: 2.7877, Acc(1): 6.36, Acc(5): 31.26
2023-06-08 16:58:01,036 - AUGCON - INFO - Epoch [21/100]
2023-06-08 16:58:01,036 - AUGCON - INFO - 	(0/15) Loss: 2.7981, Acc(1): 6.42, Acc(5): 32.53
2023-06-08 16:58:01,036 - AUGCON - INFO - Epoch [22/100]
2023-06-08 16:58:01,036 - AUGCON - INFO - 	(0/15) Loss: 2.7963, Acc(1): 6.49, Acc(5): 32.40
2023-06-08 16:58:01,036 - AUGCON - INFO - Epoch [23/100]
2023-06-08 16:58:01,036 - AUGCON - INFO - 	(0/15) Loss: 2.7891, Acc(1): 6.88, Acc(5): 33.74
2023-06-08 16:58:01,036 - AUGCON - INFO - Epoch [24/100]
2023-06-08 16:58:01,036 - AUGCON - INFO - 	(0/15) Loss: 2.7051, Acc(1): 9.40, Acc(5): 42.69
2023-06-08 16:58:01,036 - AUGCON - INFO - Epoch [25/100]
2023-06-08 16:58:01,036 - AUGCON - INFO - 	(0/15) Loss: 2.7983, Acc(1): 6.57, Acc(5): 31.70
2023-06-08 16:58:01,036 - AUGCON - INFO - Epoch [26/100]
2023-06-08 16:58:01,036 - AUGCON - INFO - 	(0/15) Loss: 2.6722, Acc(1): 10.55, Acc(5): 45.36
2023-06-08 16:58:01,036 - AUGCON - INFO - Epoch [27/100]
2023-06-08 16:58:01,036 - AUGCON - INFO - 	(0/15) Loss: 2.7481, Acc(1): 8.75, Acc(5): 39.92
2023-06-08 16:58:01,037 - AUGCON - INFO - Epoch [28/100]
2023-06-08 16:58:01,037 - AUGCON - INFO - 	(0/15) Loss: 2.7888, Acc(1): 6.54, Acc(5): 32.67
2023-06-08 16:58:01,037 - AUGCON - INFO - Epoch [29/100]
2023-06-08 16:58:01,037 - AUGCON - INFO - 	(0/15) Loss: 2.7320, Acc(1): 9.53, Acc(5): 40.50
2023-06-08 16:58:01,037 - AUGCON - INFO - Epoch [30/100]
2023-06-08 16:58:01,037 - AUGCON - INFO - 	(0/15) Loss: 2.8280, Acc(1): 6.62, Acc(5): 31.59
2023-06-08 16:58:01,037 - AUGCON - INFO - Epoch [31/100]
2023-06-08 16:58:01,037 - AUGCON - INFO - 	(0/15) Loss: 2.8193, Acc(1): 6.50, Acc(5): 31.79
2023-06-08 16:58:01,037 - AUGCON - INFO - Epoch [32/100]
2023-06-08 16:58:01,037 - AUGCON - INFO - 	(0/15) Loss: 2.7390, Acc(1): 9.10, Acc(5): 38.66
2023-06-08 16:58:01,037 - AUGCON - INFO - Epoch [33/100]
2023-06-08 16:58:01,037 - AUGCON - INFO - 	(0/15) Loss: 2.7590, Acc(1): 8.30, Acc(5): 37.89
2023-06-08 16:58:01,037 - AUGCON - INFO - Epoch [34/100]
2023-06-08 16:58:01,037 - AUGCON - INFO - 	(0/15) Loss: 2.5159, Acc(1): 13.62, Acc(5): 57.10
2023-06-08 16:58:01,037 - AUGCON - INFO - Epoch [35/100]
2023-06-08 16:58:01,037 - AUGCON - INFO - 	(0/15) Loss: 2.7768, Acc(1): 7.48, Acc(5): 35.45
2023-06-08 16:58:01,038 - AUGCON - INFO - Epoch [36/100]
2023-06-08 16:58:01,038 - AUGCON - INFO - 	(0/15) Loss: 2.7720, Acc(1): 7.44, Acc(5): 35.21
2023-06-08 16:58:01,038 - AUGCON - INFO - Epoch [37/100]
2023-06-08 16:58:01,038 - AUGCON - INFO - 	(0/15) Loss: 2.6297, Acc(1): 12.03, Acc(5): 49.42
2023-06-08 16:58:01,038 - AUGCON - INFO - Epoch [38/100]
2023-06-08 16:58:01,038 - AUGCON - INFO - 	(0/15) Loss: 2.4512, Acc(1): 14.99, Acc(5): 60.50
2023-06-08 16:58:01,038 - AUGCON - INFO - Epoch [39/100]
2023-06-08 16:58:01,038 - AUGCON - INFO - 	(0/15) Loss: 2.7027, Acc(1): 9.97, Acc(5): 41.38
2023-06-08 16:58:01,038 - AUGCON - INFO - Epoch [40/100]
2023-06-08 16:58:01,038 - AUGCON - INFO - 	(0/15) Loss: 2.3315, Acc(1): 15.08, Acc(5): 60.94
2023-06-08 16:58:01,038 - AUGCON - INFO - Epoch [41/100]
2023-06-08 16:58:01,038 - AUGCON - INFO - 	(0/15) Loss: 2.8136, Acc(1): 6.70, Acc(5): 32.32
2023-06-08 16:58:01,038 - AUGCON - INFO - Epoch [42/100]
2023-06-08 16:58:01,038 - AUGCON - INFO - 	(0/15) Loss: 2.7761, Acc(1): 6.92, Acc(5): 33.50
2023-06-08 16:58:01,038 - AUGCON - INFO - Epoch [43/100]
2023-06-08 16:58:01,038 - AUGCON - INFO - 	(0/15) Loss: 2.3084, Acc(1): 15.22, Acc(5): 61.61
2023-06-08 16:58:01,038 - AUGCON - INFO - Epoch [44/100]
2023-06-08 16:58:01,039 - AUGCON - INFO - 	(0/15) Loss: 2.7405, Acc(1): 8.60, Acc(5): 40.09
2023-06-08 16:58:01,039 - AUGCON - INFO - Epoch [45/100]
2023-06-08 16:58:01,039 - AUGCON - INFO - 	(0/15) Loss: 2.6402, Acc(1): 12.28, Acc(5): 46.14
2023-06-08 16:58:01,039 - AUGCON - INFO - Epoch [46/100]
2023-06-08 16:58:01,039 - AUGCON - INFO - 	(0/15) Loss: 2.7507, Acc(1): 8.07, Acc(5): 37.24
2023-06-08 16:58:01,039 - AUGCON - INFO - Epoch [47/100]
2023-06-08 16:58:01,039 - AUGCON - INFO - 	(0/15) Loss: 2.6392, Acc(1): 11.93, Acc(5): 46.79
2023-06-08 16:58:01,039 - AUGCON - INFO - Epoch [48/100]
2023-06-08 16:58:01,039 - AUGCON - INFO - 	(0/15) Loss: 2.4021, Acc(1): 15.46, Acc(5): 64.36
2023-06-08 16:58:01,039 - AUGCON - INFO - Epoch [49/100]
2023-06-08 16:58:01,039 - AUGCON - INFO - 	(0/15) Loss: 2.3541, Acc(1): 15.39, Acc(5): 65.94
2023-06-08 16:58:01,039 - AUGCON - INFO - Epoch [50/100]
2023-06-08 16:58:01,039 - AUGCON - INFO - 	(0/15) Loss: 2.7016, Acc(1): 9.42, Acc(5): 44.01
2023-06-08 16:58:01,039 - AUGCON - INFO - Epoch [51/100]
2023-06-08 16:58:01,039 - AUGCON - INFO - 	(0/15) Loss: 2.5579, Acc(1): 11.95, Acc(5): 52.82
2023-06-08 16:58:01,039 - AUGCON - INFO - Epoch [52/100]
2023-06-08 16:58:01,040 - AUGCON - INFO - 	(0/15) Loss: 2.7317, Acc(1): 9.81, Acc(5): 40.30
2023-06-08 16:58:01,040 - AUGCON - INFO - Epoch [53/100]
2023-06-08 16:58:01,040 - AUGCON - INFO - 	(0/15) Loss: 2.3196, Acc(1): 15.79, Acc(5): 66.43
2023-06-08 16:58:01,040 - AUGCON - INFO - Epoch [54/100]
2023-06-08 16:58:01,040 - AUGCON - INFO - 	(0/15) Loss: 2.7195, Acc(1): 9.17, Acc(5): 41.46
2023-06-08 16:58:01,040 - AUGCON - INFO - Epoch [55/100]
2023-06-08 16:58:01,040 - AUGCON - INFO - 	(0/15) Loss: 2.4819, Acc(1): 14.96, Acc(5): 59.76
2023-06-08 16:58:01,040 - AUGCON - INFO - Epoch [56/100]
2023-06-08 16:58:01,040 - AUGCON - INFO - 	(0/15) Loss: 2.4767, Acc(1): 15.10, Acc(5): 59.46
2023-06-08 16:58:01,040 - AUGCON - INFO - Epoch [57/100]
2023-06-08 16:58:01,040 - AUGCON - INFO - 	(0/15) Loss: 2.2950, Acc(1): 16.75, Acc(5): 66.68
2023-06-08 16:58:01,040 - AUGCON - INFO - Epoch [58/100]
2023-06-08 16:58:01,040 - AUGCON - INFO - 	(0/15) Loss: 2.2709, Acc(1): 18.61, Acc(5): 70.33
2023-06-08 16:58:01,040 - AUGCON - INFO - Epoch [59/100]
2023-06-08 16:58:01,040 - AUGCON - INFO - 	(0/15) Loss: 2.5201, Acc(1): 11.75, Acc(5): 55.37
2023-06-08 16:58:01,040 - AUGCON - INFO - Epoch [60/100]
2023-06-08 16:58:01,041 - AUGCON - INFO - 	(0/15) Loss: 2.7140, Acc(1): 9.66, Acc(5): 42.24
2023-06-08 16:58:01,041 - AUGCON - INFO - Epoch [61/100]
2023-06-08 16:58:01,041 - AUGCON - INFO - 	(0/15) Loss: 2.2259, Acc(1): 19.40, Acc(5): 71.14
2023-06-08 16:58:01,041 - AUGCON - INFO - Epoch [62/100]
2023-06-08 16:58:01,041 - AUGCON - INFO - 	(0/15) Loss: 2.2255, Acc(1): 18.61, Acc(5): 72.49
2023-06-08 16:58:01,041 - AUGCON - INFO - Epoch [63/100]
2023-06-08 16:58:01,041 - AUGCON - INFO - 	(0/15) Loss: 2.2423, Acc(1): 17.84, Acc(5): 68.87
2023-06-08 16:58:01,041 - AUGCON - INFO - Epoch [64/100]
2023-06-08 16:58:01,041 - AUGCON - INFO - 	(0/15) Loss: 2.2229, Acc(1): 18.24, Acc(5): 69.87
2023-06-08 16:58:01,041 - AUGCON - INFO - Epoch [65/100]
2023-06-08 16:58:01,041 - AUGCON - INFO - 	(0/15) Loss: 2.1437, Acc(1): 17.40, Acc(5): 66.40
2023-06-08 16:58:01,041 - AUGCON - INFO - Epoch [66/100]
2023-06-08 16:58:01,041 - AUGCON - INFO - 	(0/15) Loss: 2.3696, Acc(1): 17.24, Acc(5): 68.38
2023-06-08 16:58:01,041 - AUGCON - INFO - Epoch [67/100]
2023-06-08 16:58:01,041 - AUGCON - INFO - 	(0/15) Loss: 2.6257, Acc(1): 10.78, Acc(5): 50.75
2023-06-08 16:58:01,041 - AUGCON - INFO - Epoch [68/100]
2023-06-08 16:58:01,041 - AUGCON - INFO - 	(0/15) Loss: 2.1750, Acc(1): 19.48, Acc(5): 72.14
2023-06-08 16:58:01,042 - AUGCON - INFO - Epoch [69/100]
2023-06-08 16:58:01,042 - AUGCON - INFO - 	(0/15) Loss: 2.4123, Acc(1): 16.45, Acc(5): 61.79
2023-06-08 16:58:01,042 - AUGCON - INFO - Epoch [70/100]
2023-06-08 16:58:01,042 - AUGCON - INFO - 	(0/15) Loss: 2.3821, Acc(1): 16.84, Acc(5): 63.82
2023-06-08 16:58:01,042 - AUGCON - INFO - Epoch [71/100]
2023-06-08 16:58:01,042 - AUGCON - INFO - 	(0/15) Loss: 2.4510, Acc(1): 12.24, Acc(5): 59.09
2023-06-08 16:58:01,042 - AUGCON - INFO - Epoch [72/100]
2023-06-08 16:58:01,042 - AUGCON - INFO - 	(0/15) Loss: 2.7350, Acc(1): 7.72, Acc(5): 37.26
2023-06-08 16:58:01,042 - AUGCON - INFO - Epoch [73/100]
2023-06-08 16:58:01,042 - AUGCON - INFO - 	(0/15) Loss: 2.5815, Acc(1): 10.58, Acc(5): 53.96
2023-06-08 16:58:01,042 - AUGCON - INFO - Epoch [74/100]
2023-06-08 16:58:01,042 - AUGCON - INFO - 	(0/15) Loss: 2.1405, Acc(1): 17.94, Acc(5): 68.07
2023-06-08 16:58:01,042 - AUGCON - INFO - Epoch [75/100]
2023-06-08 16:58:01,042 - AUGCON - INFO - 	(0/15) Loss: 2.3861, Acc(1): 18.83, Acc(5): 63.33
2023-06-08 16:58:01,042 - AUGCON - INFO - Epoch [76/100]
2023-06-08 16:58:01,042 - AUGCON - INFO - 	(0/15) Loss: 2.6389, Acc(1): 11.37, Acc(5): 49.98
2023-06-08 16:58:01,043 - AUGCON - INFO - Epoch [77/100]
2023-06-08 16:58:01,043 - AUGCON - INFO - 	(0/15) Loss: 2.2601, Acc(1): 18.07, Acc(5): 70.94
2023-06-08 16:58:01,043 - AUGCON - INFO - Epoch [78/100]
2023-06-08 16:58:01,043 - AUGCON - INFO - 	(0/15) Loss: 2.4705, Acc(1): 13.15, Acc(5): 58.21
2023-06-08 16:58:01,043 - AUGCON - INFO - Epoch [79/100]
2023-06-08 16:58:01,043 - AUGCON - INFO - 	(0/15) Loss: 2.6274, Acc(1): 11.76, Acc(5): 50.28
2023-06-08 16:58:01,043 - AUGCON - INFO - Epoch [80/100]
2023-06-08 16:58:01,043 - AUGCON - INFO - 	(0/15) Loss: 2.3639, Acc(1): 18.21, Acc(5): 63.67
2023-06-08 16:58:01,043 - AUGCON - INFO - Epoch [81/100]
2023-06-08 16:58:01,043 - AUGCON - INFO - 	(0/15) Loss: 2.6017, Acc(1): 12.69, Acc(5): 52.24
2023-06-08 16:58:01,043 - AUGCON - INFO - Epoch [82/100]
2023-06-08 16:58:01,043 - AUGCON - INFO - 	(0/15) Loss: 2.2788, Acc(1): 17.19, Acc(5): 69.25
2023-06-08 16:58:01,043 - AUGCON - INFO - Epoch [83/100]
2023-06-08 16:58:01,043 - AUGCON - INFO - 	(0/15) Loss: 2.6992, Acc(1): 9.82, Acc(5): 41.00
2023-06-08 16:58:01,043 - AUGCON - INFO - Epoch [84/100]
2023-06-08 16:58:01,043 - AUGCON - INFO - 	(0/15) Loss: 2.1050, Acc(1): 20.27, Acc(5): 77.36
2023-06-08 16:58:01,044 - AUGCON - INFO - Epoch [85/100]
2023-06-08 16:58:01,044 - AUGCON - INFO - 	(0/15) Loss: 2.6717, Acc(1): 9.77, Acc(5): 42.08
2023-06-08 16:58:01,044 - AUGCON - INFO - Epoch [86/100]
2023-06-08 16:58:01,044 - AUGCON - INFO - 	(0/15) Loss: 2.0289, Acc(1): 22.25, Acc(5): 78.70
2023-06-08 16:58:01,044 - AUGCON - INFO - Epoch [87/100]
2023-06-08 16:58:01,044 - AUGCON - INFO - 	(0/15) Loss: 2.6446, Acc(1): 11.86, Acc(5): 45.79
2023-06-08 16:58:01,044 - AUGCON - INFO - Epoch [88/100]
2023-06-08 16:58:01,044 - AUGCON - INFO - 	(0/15) Loss: 2.2502, Acc(1): 17.05, Acc(5): 70.52
2023-06-08 16:58:01,044 - AUGCON - INFO - Epoch [89/100]
2023-06-08 16:58:01,044 - AUGCON - INFO - 	(0/15) Loss: 2.5134, Acc(1): 11.45, Acc(5): 57.63
2023-06-08 16:58:01,044 - AUGCON - INFO - Epoch [90/100]
2023-06-08 16:58:01,044 - AUGCON - INFO - 	(0/15) Loss: 2.2117, Acc(1): 18.61, Acc(5): 70.77
2023-06-08 16:58:01,044 - AUGCON - INFO - Epoch [91/100]
2023-06-08 16:58:01,044 - AUGCON - INFO - 	(0/15) Loss: 2.1104, Acc(1): 19.43, Acc(5): 72.09
2023-06-08 16:58:01,044 - AUGCON - INFO - Epoch [92/100]
2023-06-08 16:58:01,044 - AUGCON - INFO - 	(0/15) Loss: 2.5091, Acc(1): 13.56, Acc(5): 59.02
2023-06-08 16:58:01,045 - AUGCON - INFO - Epoch [93/100]
2023-06-08 16:58:01,045 - AUGCON - INFO - 	(0/15) Loss: 2.6267, Acc(1): 11.90, Acc(5): 45.42
2023-06-08 16:58:01,045 - AUGCON - INFO - Epoch [94/100]
2023-06-08 16:58:01,045 - AUGCON - INFO - 	(0/15) Loss: 2.4734, Acc(1): 12.99, Acc(5): 59.21
2023-06-08 16:58:01,045 - AUGCON - INFO - Epoch [95/100]
2023-06-08 16:58:01,045 - AUGCON - INFO - 	(0/15) Loss: 2.0844, Acc(1): 20.10, Acc(5): 71.31
2023-06-08 16:58:01,045 - AUGCON - INFO - Epoch [96/100]
2023-06-08 16:58:01,045 - AUGCON - INFO - 	(0/15) Loss: 2.5809, Acc(1): 12.61, Acc(5): 49.03
2023-06-08 16:58:01,045 - AUGCON - INFO - Epoch [97/100]
2023-06-08 16:58:01,045 - AUGCON - INFO - 	(0/15) Loss: 2.4630, Acc(1): 14.52, Acc(5): 61.28
2023-06-08 16:58:01,045 - AUGCON - INFO - Epoch [98/100]
2023-06-08 16:58:01,045 - AUGCON - INFO - 	(0/15) Loss: 2.4483, Acc(1): 14.79, Acc(5): 61.24
2023-06-08 16:58:01,045 - AUGCON - INFO - Epoch [99/100]
2023-06-08 16:58:01,045 - AUGCON - INFO - 	(0/15) Loss: 2.2640, Acc(1): 16.36, Acc(5): 67.42
2023-06-08 16:58:01,045 - AUGCON - INFO - Epoch [100/100]
2023-06-08 16:58:01,045 - AUGCON - INFO - 	(0/15) Loss: 2.3636, Acc(1): 17.26, Acc(5): 65.46
