2023-06-19 16:25:13,472 - AUGCON - INFO - logger initialized (/home/hjyoon/projects/augcon/config/exp0/finetune_da_false/without_target_domain_PH0045-sjlee/cpc_random_8421/tgt_target_domain_WA0002-bkkim_seed0.yaml.log)
2023-06-19 16:25:13,473 - AUGCON - INFO - ================= Config =================
2023-06-19 16:25:13,473 - AUGCON - INFO -   mode: finetune
2023-06-19 16:25:13,473 - AUGCON - INFO -   seed: 0
2023-06-19 16:25:13,473 - AUGCON - INFO -   gpu: [6]
2023-06-19 16:25:13,473 - AUGCON - INFO -   num_workers: 1
2023-06-19 16:25:13,473 - AUGCON - INFO -   dist_url: tcp://localhost:10001
2023-06-19 16:25:13,473 - AUGCON - INFO -   dataset_name: ichar
2023-06-19 16:25:13,473 - AUGCON - INFO -   train_dataset_path: /mnt/sting/hjyoon/projects/cross/ICHAR/augcon/target_domain_WA0002-bkkim/finetune/10shot/target/train.pkl
2023-06-19 16:25:13,473 - AUGCON - INFO -   test_dataset_path: /mnt/sting/hjyoon/projects/cross/ICHAR/augcon/target_domain_WA0002-bkkim/finetune/10shot/target/test.pkl
2023-06-19 16:25:13,473 - AUGCON - INFO -   val_dataset_path: /mnt/sting/hjyoon/projects/cross/ICHAR/augcon/target_domain_WA0002-bkkim/finetune/10shot/target/val.pkl
2023-06-19 16:25:13,473 - AUGCON - INFO -   input_channels: 3
2023-06-19 16:25:13,473 - AUGCON - INFO -   num_cls: 9
2023-06-19 16:25:13,473 - AUGCON - INFO -   optimizer: adam
2023-06-19 16:25:13,473 - AUGCON - INFO -   criterion: crossentropy
2023-06-19 16:25:13,473 - AUGCON - INFO -   start_epoch: 0
2023-06-19 16:25:13,473 - AUGCON - INFO -   epochs: 50
2023-06-19 16:25:13,473 - AUGCON - INFO -   batch_size: 4
2023-06-19 16:25:13,473 - AUGCON - INFO -   lr: 0.001
2023-06-19 16:25:13,473 - AUGCON - INFO -   wd: 0.0
2023-06-19 16:25:13,473 - AUGCON - INFO -   resume: 
2023-06-19 16:25:13,473 - AUGCON - INFO -   pretrained: /mnt/sting/hjyoon/projects/augcontrast/models/exp0/pretrain/without_target_domain_PH0045-sjlee/cpc_random_8421//checkpoint_0099.pth.tar
2023-06-19 16:25:13,473 - AUGCON - INFO -   ckpt_dir: /mnt/sting/hjyoon/projects/augcontrast/models/exp0/finetune_da_false/without_target_domain_PH0045-sjlee/cpc_random_8421/tgt_target_domain_WA0002-bkkim_seed0
2023-06-19 16:25:13,473 - AUGCON - INFO -   log_freq: 5
2023-06-19 16:25:13,473 - AUGCON - INFO -   save_freq: 10
2023-06-19 16:25:13,473 - AUGCON - INFO -   pretext: metacpc
2023-06-19 16:25:13,473 - AUGCON - INFO -   enc_blocks: 4
2023-06-19 16:25:13,473 - AUGCON - INFO -   kernel_sizes: [8, 4, 2, 1]
2023-06-19 16:25:13,473 - AUGCON - INFO -   strides: [4, 2, 1, 1]
2023-06-19 16:25:13,473 - AUGCON - INFO -   agg_blocks: 5
2023-06-19 16:25:13,473 - AUGCON - INFO -   z_dim: 256
2023-06-19 16:25:13,473 - AUGCON - INFO -   pooling: mean
2023-06-19 16:25:13,473 - AUGCON - INFO -   pred_steps: 12
2023-06-19 16:25:13,473 - AUGCON - INFO -   n_negatives: 15
2023-06-19 16:25:13,473 - AUGCON - INFO -   offset: 4
2023-06-19 16:25:13,473 - AUGCON - INFO -   domain_adaptation: False
2023-06-19 16:25:13,474 - AUGCON - INFO -   task_steps: 10
2023-06-19 16:25:13,474 - AUGCON - INFO -   task_lr: 0.001
2023-06-19 16:25:13,474 - AUGCON - INFO -   reg_lambda: 0
2023-06-19 16:25:13,474 - AUGCON - INFO -   mlp: False
2023-06-19 16:25:13,474 - AUGCON - INFO -   freeze: True
2023-06-19 16:25:13,474 - AUGCON - INFO -   no_vars: True
2023-06-19 16:25:13,474 - AUGCON - INFO - ==========================================
2023-06-19 16:25:13,474 - AUGCON - INFO - Setting GPUs: [6]
2023-06-19 16:25:13,474 - AUGCON - INFO - GPUs [6] will be used
2023-06-19 16:25:13,474 - AUGCON - WARNING - You have chosen to seed training. 
2023-06-19 16:25:13,474 - AUGCON - WARNING - This will turn on the CUDNN deterministic setting, 
2023-06-19 16:25:13,474 - AUGCON - WARNING - which can slow down your training considerably! 
2023-06-19 16:25:13,474 - AUGCON - WARNING - You may see unexpected behavior when restarting 
2023-06-19 16:25:13,474 - AUGCON - WARNING - from checkpoints.
2023-06-19 16:25:13,503 - AUGCON - INFO - Executing MetaCPC
2023-06-19 16:25:13,503 - AUGCON - INFO - Logs are skipped during training
2023-06-19 16:25:30,916 - AUGCON - INFO - Single GPU is used for training - training 90 instances for each worker
2023-06-19 16:25:30,916 - AUGCON - INFO - Loading pretrained model from checkpoint - /mnt/sting/hjyoon/projects/augcontrast/models/exp0/pretrain/without_target_domain_PH0045-sjlee/cpc_random_8421//checkpoint_0099.pth.tar
2023-06-19 16:25:30,916 - AUGCON - INFO - Missing keys: ['predictor.vars.0', 'predictor.vars.1']
2023-06-19 16:25:30,916 - AUGCON - INFO - Loading encoder parameters to the classifier
2023-06-19 16:25:30,916 - AUGCON - INFO - Missing keys: ['classifier.block.0.weight', 'classifier.block.0.bias']
2023-06-19 16:25:30,917 - AUGCON - INFO - Epoch [1/50]-(0/22) Loss: 2.8678, Acc(1): 0.00, Acc(5): 0.00
2023-06-19 16:25:30,917 - AUGCON - INFO - Epoch [1/50]-(5/22) Loss: 2.2007, Acc(1): 0.00, Acc(5): 100.00
2023-06-19 16:25:30,917 - AUGCON - INFO - Epoch [1/50]-(10/22) Loss: 2.6577, Acc(1): 0.00, Acc(5): 50.00
2023-06-19 16:25:30,917 - AUGCON - INFO - Epoch [1/50]-(15/22) Loss: 2.3598, Acc(1): 50.00, Acc(5): 50.00
2023-06-19 16:25:30,917 - AUGCON - INFO - Epoch [1/50]-(20/22) Loss: 2.1207, Acc(1): 25.00, Acc(5): 50.00
2023-06-19 16:25:30,917 - AUGCON - INFO - 	Validation Loss: 1.8453, Acc(1): 33.00, Acc(5): 95.00, F1: 0.10, Recall: 0.09, Precision: 0.11
2023-06-19 16:25:30,917 - AUGCON - INFO - Epoch [2/50]-(0/22) Loss: 1.8170, Acc(1): 25.00, Acc(5): 100.00
2023-06-19 16:25:30,917 - AUGCON - INFO - Epoch [2/50]-(5/22) Loss: 1.7494, Acc(1): 50.00, Acc(5): 100.00
2023-06-19 16:25:30,917 - AUGCON - INFO - Epoch [2/50]-(10/22) Loss: 1.8824, Acc(1): 25.00, Acc(5): 75.00
2023-06-19 16:25:30,917 - AUGCON - INFO - Epoch [2/50]-(15/22) Loss: 1.8500, Acc(1): 25.00, Acc(5): 75.00
2023-06-19 16:25:30,917 - AUGCON - INFO - Epoch [2/50]-(20/22) Loss: 1.3282, Acc(1): 50.00, Acc(5): 100.00
2023-06-19 16:25:30,917 - AUGCON - INFO - 	Validation Loss: 1.4247, Acc(1): 67.00, Acc(5): 97.00, F1: 0.15, Recall: 0.16, Precision: 0.15
2023-06-19 16:25:30,918 - AUGCON - INFO - Epoch [3/50]-(0/22) Loss: 1.1466, Acc(1): 100.00, Acc(5): 100.00
2023-06-19 16:25:30,918 - AUGCON - INFO - Epoch [3/50]-(5/22) Loss: 1.6162, Acc(1): 25.00, Acc(5): 100.00
2023-06-19 16:25:30,918 - AUGCON - INFO - Epoch [3/50]-(10/22) Loss: 1.2584, Acc(1): 50.00, Acc(5): 100.00
2023-06-19 16:25:30,918 - AUGCON - INFO - Epoch [3/50]-(15/22) Loss: 1.5339, Acc(1): 0.00, Acc(5): 100.00
2023-06-19 16:25:30,918 - AUGCON - INFO - Epoch [3/50]-(20/22) Loss: 1.3570, Acc(1): 50.00, Acc(5): 100.00
2023-06-19 16:25:30,918 - AUGCON - INFO - 	Validation Loss: 1.2456, Acc(1): 68.00, Acc(5): 100.00, F1: 0.16, Recall: 0.17, Precision: 0.15
2023-06-19 16:25:30,918 - AUGCON - INFO - Epoch [4/50]-(0/22) Loss: 1.5022, Acc(1): 25.00, Acc(5): 100.00
2023-06-19 16:25:30,918 - AUGCON - INFO - Epoch [4/50]-(5/22) Loss: 1.4099, Acc(1): 25.00, Acc(5): 100.00
2023-06-19 16:25:30,918 - AUGCON - INFO - Epoch [4/50]-(10/22) Loss: 1.0559, Acc(1): 50.00, Acc(5): 100.00
2023-06-19 16:25:30,918 - AUGCON - INFO - Epoch [4/50]-(15/22) Loss: 1.1894, Acc(1): 50.00, Acc(5): 100.00
2023-06-19 16:25:30,918 - AUGCON - INFO - Epoch [4/50]-(20/22) Loss: 1.0796, Acc(1): 75.00, Acc(5): 100.00
2023-06-19 16:25:30,918 - AUGCON - INFO - 	Validation Loss: 1.1126, Acc(1): 74.00, Acc(5): 99.00, F1: 0.18, Recall: 0.17, Precision: 0.19
2023-06-19 16:25:30,918 - AUGCON - INFO - Epoch [5/50]-(0/22) Loss: 0.9451, Acc(1): 100.00, Acc(5): 100.00
2023-06-19 16:25:30,919 - AUGCON - INFO - Epoch [5/50]-(5/22) Loss: 1.3030, Acc(1): 50.00, Acc(5): 100.00
2023-06-19 16:25:30,919 - AUGCON - INFO - Epoch [5/50]-(10/22) Loss: 1.0577, Acc(1): 75.00, Acc(5): 100.00
2023-06-19 16:25:30,919 - AUGCON - INFO - Epoch [5/50]-(15/22) Loss: 1.4609, Acc(1): 25.00, Acc(5): 100.00
2023-06-19 16:25:30,919 - AUGCON - INFO - Epoch [5/50]-(20/22) Loss: 1.2150, Acc(1): 50.00, Acc(5): 100.00
2023-06-19 16:25:30,919 - AUGCON - INFO - 	Validation Loss: 1.0687, Acc(1): 81.00, Acc(5): 100.00, F1: 0.20, Recall: 0.20, Precision: 0.20
2023-06-19 16:25:30,919 - AUGCON - INFO - Epoch [6/50]-(0/22) Loss: 1.0021, Acc(1): 100.00, Acc(5): 100.00
2023-06-19 16:25:30,919 - AUGCON - INFO - Epoch [6/50]-(5/22) Loss: 1.2485, Acc(1): 50.00, Acc(5): 100.00
2023-06-19 16:25:30,919 - AUGCON - INFO - Epoch [6/50]-(10/22) Loss: 1.1389, Acc(1): 75.00, Acc(5): 100.00
2023-06-19 16:25:30,919 - AUGCON - INFO - Epoch [6/50]-(15/22) Loss: 0.9892, Acc(1): 100.00, Acc(5): 100.00
2023-06-19 16:25:30,919 - AUGCON - INFO - Epoch [6/50]-(20/22) Loss: 1.3102, Acc(1): 25.00, Acc(5): 100.00
2023-06-19 16:25:30,919 - AUGCON - INFO - 	Validation Loss: 0.9767, Acc(1): 78.00, Acc(5): 100.00, F1: 0.18, Recall: 0.19, Precision: 0.18
2023-06-19 16:25:30,919 - AUGCON - INFO - Epoch [7/50]-(0/22) Loss: 0.9306, Acc(1): 100.00, Acc(5): 100.00
2023-06-19 16:25:30,919 - AUGCON - INFO - Epoch [7/50]-(5/22) Loss: 1.3058, Acc(1): 50.00, Acc(5): 100.00
2023-06-19 16:25:30,920 - AUGCON - INFO - Epoch [7/50]-(10/22) Loss: 0.9494, Acc(1): 75.00, Acc(5): 100.00
2023-06-19 16:25:30,920 - AUGCON - INFO - Epoch [7/50]-(15/22) Loss: 0.8707, Acc(1): 75.00, Acc(5): 100.00
2023-06-19 16:25:30,920 - AUGCON - INFO - Epoch [7/50]-(20/22) Loss: 0.8097, Acc(1): 100.00, Acc(5): 100.00
2023-06-19 16:25:30,920 - AUGCON - INFO - 	Validation Loss: 0.9277, Acc(1): 80.00, Acc(5): 100.00, F1: 0.19, Recall: 0.20, Precision: 0.19
2023-06-19 16:25:30,920 - AUGCON - INFO - Epoch [8/50]-(0/22) Loss: 0.5749, Acc(1): 100.00, Acc(5): 100.00
2023-06-19 16:25:30,920 - AUGCON - INFO - Epoch [8/50]-(5/22) Loss: 0.5928, Acc(1): 100.00, Acc(5): 100.00
2023-06-19 16:25:30,920 - AUGCON - INFO - Epoch [8/50]-(10/22) Loss: 1.2449, Acc(1): 50.00, Acc(5): 100.00
2023-06-19 16:25:30,920 - AUGCON - INFO - Epoch [8/50]-(15/22) Loss: 0.6248, Acc(1): 100.00, Acc(5): 100.00
2023-06-19 16:25:30,920 - AUGCON - INFO - Epoch [8/50]-(20/22) Loss: 1.1039, Acc(1): 50.00, Acc(5): 100.00
2023-06-19 16:25:30,920 - AUGCON - INFO - 	Validation Loss: 0.8723, Acc(1): 84.00, Acc(5): 100.00, F1: 0.20, Recall: 0.19, Precision: 0.20
2023-06-19 16:25:30,920 - AUGCON - INFO - Epoch [9/50]-(0/22) Loss: 0.5213, Acc(1): 100.00, Acc(5): 100.00
2023-06-19 16:25:30,920 - AUGCON - INFO - Epoch [9/50]-(5/22) Loss: 0.8323, Acc(1): 100.00, Acc(5): 100.00
2023-06-19 16:25:30,921 - AUGCON - INFO - Epoch [9/50]-(10/22) Loss: 1.1307, Acc(1): 75.00, Acc(5): 100.00
2023-06-19 16:25:30,921 - AUGCON - INFO - Epoch [9/50]-(15/22) Loss: 1.0922, Acc(1): 75.00, Acc(5): 100.00
2023-06-19 16:25:30,921 - AUGCON - INFO - Epoch [9/50]-(20/22) Loss: 1.1627, Acc(1): 75.00, Acc(5): 100.00
2023-06-19 16:25:30,921 - AUGCON - INFO - 	Validation Loss: 0.8527, Acc(1): 80.00, Acc(5): 100.00, F1: 0.20, Recall: 0.20, Precision: 0.20
2023-06-19 16:25:30,921 - AUGCON - INFO - Epoch [10/50]-(0/22) Loss: 0.9444, Acc(1): 75.00, Acc(5): 100.00
2023-06-19 16:25:30,921 - AUGCON - INFO - Epoch [10/50]-(5/22) Loss: 0.7220, Acc(1): 100.00, Acc(5): 100.00
2023-06-19 16:25:30,921 - AUGCON - INFO - Epoch [10/50]-(10/22) Loss: 0.8807, Acc(1): 75.00, Acc(5): 100.00
2023-06-19 16:25:30,921 - AUGCON - INFO - Epoch [10/50]-(15/22) Loss: 0.7730, Acc(1): 75.00, Acc(5): 100.00
2023-06-19 16:25:30,921 - AUGCON - INFO - Epoch [10/50]-(20/22) Loss: 0.8074, Acc(1): 100.00, Acc(5): 100.00
2023-06-19 16:25:30,921 - AUGCON - INFO - 	Validation Loss: 0.8166, Acc(1): 82.00, Acc(5): 100.00, F1: 0.21, Recall: 0.21, Precision: 0.20
2023-06-19 16:25:30,921 - AUGCON - INFO - Epoch [11/50]-(0/22) Loss: 0.6491, Acc(1): 100.00, Acc(5): 100.00
2023-06-19 16:25:30,921 - AUGCON - INFO - Epoch [11/50]-(5/22) Loss: 1.2236, Acc(1): 50.00, Acc(5): 100.00
2023-06-19 16:25:30,921 - AUGCON - INFO - Epoch [11/50]-(10/22) Loss: 0.6588, Acc(1): 75.00, Acc(5): 100.00
2023-06-19 16:25:30,922 - AUGCON - INFO - Epoch [11/50]-(15/22) Loss: 1.0016, Acc(1): 75.00, Acc(5): 100.00
2023-06-19 16:25:30,922 - AUGCON - INFO - Epoch [11/50]-(20/22) Loss: 0.7832, Acc(1): 100.00, Acc(5): 100.00
2023-06-19 16:25:30,922 - AUGCON - INFO - 	Validation Loss: 0.7616, Acc(1): 84.00, Acc(5): 100.00, F1: 0.21, Recall: 0.21, Precision: 0.21
2023-06-19 16:25:30,922 - AUGCON - INFO - Epoch [12/50]-(0/22) Loss: 0.5417, Acc(1): 100.00, Acc(5): 100.00
2023-06-19 16:25:30,922 - AUGCON - INFO - Epoch [12/50]-(5/22) Loss: 0.6549, Acc(1): 100.00, Acc(5): 100.00
2023-06-19 16:25:30,922 - AUGCON - INFO - Epoch [12/50]-(10/22) Loss: 0.6896, Acc(1): 100.00, Acc(5): 100.00
2023-06-19 16:25:30,922 - AUGCON - INFO - Epoch [12/50]-(15/22) Loss: 0.4776, Acc(1): 100.00, Acc(5): 100.00
2023-06-19 16:25:30,922 - AUGCON - INFO - Epoch [12/50]-(20/22) Loss: 0.7667, Acc(1): 75.00, Acc(5): 100.00
2023-06-19 16:25:30,922 - AUGCON - INFO - 	Validation Loss: 0.7840, Acc(1): 82.00, Acc(5): 100.00, F1: 0.20, Recall: 0.21, Precision: 0.20
2023-06-19 16:25:30,922 - AUGCON - INFO - Epoch [13/50]-(0/22) Loss: 0.8416, Acc(1): 75.00, Acc(5): 100.00
2023-06-19 16:25:30,922 - AUGCON - INFO - Epoch [13/50]-(5/22) Loss: 0.7225, Acc(1): 100.00, Acc(5): 100.00
2023-06-19 16:25:30,922 - AUGCON - INFO - Epoch [13/50]-(10/22) Loss: 0.4060, Acc(1): 100.00, Acc(5): 100.00
2023-06-19 16:25:30,922 - AUGCON - INFO - Epoch [13/50]-(15/22) Loss: 0.8302, Acc(1): 75.00, Acc(5): 100.00
2023-06-19 16:25:30,923 - AUGCON - INFO - Epoch [13/50]-(20/22) Loss: 0.7096, Acc(1): 100.00, Acc(5): 100.00
2023-06-19 16:25:30,923 - AUGCON - INFO - 	Validation Loss: 0.7152, Acc(1): 84.00, Acc(5): 100.00, F1: 0.21, Recall: 0.20, Precision: 0.21
2023-06-19 16:25:30,923 - AUGCON - INFO - Epoch [14/50]-(0/22) Loss: 0.8568, Acc(1): 75.00, Acc(5): 100.00
2023-06-19 16:25:30,923 - AUGCON - INFO - Epoch [14/50]-(5/22) Loss: 0.3039, Acc(1): 100.00, Acc(5): 100.00
2023-06-19 16:25:30,923 - AUGCON - INFO - Epoch [14/50]-(10/22) Loss: 0.7338, Acc(1): 100.00, Acc(5): 100.00
2023-06-19 16:25:30,923 - AUGCON - INFO - Epoch [14/50]-(15/22) Loss: 0.8829, Acc(1): 75.00, Acc(5): 100.00
2023-06-19 16:25:30,923 - AUGCON - INFO - Epoch [14/50]-(20/22) Loss: 0.7589, Acc(1): 100.00, Acc(5): 100.00
2023-06-19 16:25:30,923 - AUGCON - INFO - 	Validation Loss: 0.7136, Acc(1): 85.00, Acc(5): 100.00, F1: 0.21, Recall: 0.21, Precision: 0.21
2023-06-19 16:25:30,923 - AUGCON - INFO - Epoch [15/50]-(0/22) Loss: 0.7189, Acc(1): 100.00, Acc(5): 100.00
2023-06-19 16:25:30,923 - AUGCON - INFO - Epoch [15/50]-(5/22) Loss: 0.4529, Acc(1): 75.00, Acc(5): 100.00
2023-06-19 16:25:30,923 - AUGCON - INFO - Epoch [15/50]-(10/22) Loss: 0.7498, Acc(1): 50.00, Acc(5): 100.00
2023-06-19 16:25:30,923 - AUGCON - INFO - Epoch [15/50]-(15/22) Loss: 0.6609, Acc(1): 75.00, Acc(5): 100.00
2023-06-19 16:25:30,923 - AUGCON - INFO - Epoch [15/50]-(20/22) Loss: 0.3007, Acc(1): 100.00, Acc(5): 100.00
2023-06-19 16:25:30,923 - AUGCON - INFO - 	Validation Loss: 0.6633, Acc(1): 88.00, Acc(5): 100.00, F1: 0.21, Recall: 0.21, Precision: 0.22
2023-06-19 16:25:30,924 - AUGCON - INFO - Epoch [16/50]-(0/22) Loss: 0.7440, Acc(1): 75.00, Acc(5): 100.00
2023-06-19 16:25:30,924 - AUGCON - INFO - Epoch [16/50]-(5/22) Loss: 0.6730, Acc(1): 100.00, Acc(5): 100.00
2023-06-19 16:25:30,924 - AUGCON - INFO - Epoch [16/50]-(10/22) Loss: 0.8339, Acc(1): 75.00, Acc(5): 100.00
2023-06-19 16:25:30,924 - AUGCON - INFO - Epoch [16/50]-(15/22) Loss: 0.7420, Acc(1): 75.00, Acc(5): 100.00
2023-06-19 16:25:30,924 - AUGCON - INFO - Epoch [16/50]-(20/22) Loss: 0.4382, Acc(1): 100.00, Acc(5): 100.00
2023-06-19 16:25:30,924 - AUGCON - INFO - 	Validation Loss: 0.6617, Acc(1): 82.00, Acc(5): 100.00, F1: 0.20, Recall: 0.20, Precision: 0.20
2023-06-19 16:25:30,924 - AUGCON - INFO - Epoch [17/50]-(0/22) Loss: 1.0284, Acc(1): 50.00, Acc(5): 100.00
2023-06-19 16:25:30,924 - AUGCON - INFO - Epoch [17/50]-(5/22) Loss: 0.6617, Acc(1): 75.00, Acc(5): 100.00
2023-06-19 16:25:30,924 - AUGCON - INFO - Epoch [17/50]-(10/22) Loss: 0.3786, Acc(1): 100.00, Acc(5): 100.00
2023-06-19 16:25:30,924 - AUGCON - INFO - Epoch [17/50]-(15/22) Loss: 0.8661, Acc(1): 50.00, Acc(5): 100.00
2023-06-19 16:25:30,924 - AUGCON - INFO - Epoch [17/50]-(20/22) Loss: 0.7359, Acc(1): 100.00, Acc(5): 100.00
2023-06-19 16:25:30,924 - AUGCON - INFO - 	Validation Loss: 0.6660, Acc(1): 82.00, Acc(5): 100.00, F1: 0.20, Recall: 0.20, Precision: 0.20
2023-06-19 16:25:30,924 - AUGCON - INFO - Epoch [18/50]-(0/22) Loss: 0.6318, Acc(1): 75.00, Acc(5): 100.00
2023-06-19 16:25:30,924 - AUGCON - INFO - Epoch [18/50]-(5/22) Loss: 0.6401, Acc(1): 100.00, Acc(5): 100.00
2023-06-19 16:25:30,924 - AUGCON - INFO - Epoch [18/50]-(10/22) Loss: 0.4725, Acc(1): 100.00, Acc(5): 100.00
2023-06-19 16:25:30,925 - AUGCON - INFO - Epoch [18/50]-(15/22) Loss: 0.5493, Acc(1): 100.00, Acc(5): 100.00
2023-06-19 16:25:30,925 - AUGCON - INFO - Epoch [18/50]-(20/22) Loss: 0.6407, Acc(1): 100.00, Acc(5): 100.00
2023-06-19 16:25:30,925 - AUGCON - INFO - 	Validation Loss: 0.6530, Acc(1): 81.00, Acc(5): 100.00, F1: 0.20, Recall: 0.20, Precision: 0.20
2023-06-19 16:25:30,925 - AUGCON - INFO - Epoch [19/50]-(0/22) Loss: 0.6431, Acc(1): 100.00, Acc(5): 100.00
2023-06-19 16:25:30,925 - AUGCON - INFO - Epoch [19/50]-(5/22) Loss: 0.6498, Acc(1): 75.00, Acc(5): 100.00
2023-06-19 16:25:30,925 - AUGCON - INFO - Epoch [19/50]-(10/22) Loss: 0.6876, Acc(1): 75.00, Acc(5): 100.00
2023-06-19 16:25:30,925 - AUGCON - INFO - Epoch [19/50]-(15/22) Loss: 0.3290, Acc(1): 100.00, Acc(5): 100.00
2023-06-19 16:25:30,925 - AUGCON - INFO - Epoch [19/50]-(20/22) Loss: 0.3220, Acc(1): 100.00, Acc(5): 100.00
2023-06-19 16:25:30,925 - AUGCON - INFO - 	Validation Loss: 0.6341, Acc(1): 82.00, Acc(5): 100.00, F1: 0.20, Recall: 0.21, Precision: 0.20
2023-06-19 16:25:30,925 - AUGCON - INFO - Epoch [20/50]-(0/22) Loss: 0.3084, Acc(1): 100.00, Acc(5): 100.00
2023-06-19 16:25:30,925 - AUGCON - INFO - Epoch [20/50]-(5/22) Loss: 0.5582, Acc(1): 75.00, Acc(5): 100.00
2023-06-19 16:25:30,925 - AUGCON - INFO - Epoch [20/50]-(10/22) Loss: 0.4517, Acc(1): 100.00, Acc(5): 100.00
2023-06-19 16:25:30,925 - AUGCON - INFO - Epoch [20/50]-(15/22) Loss: 0.5390, Acc(1): 100.00, Acc(5): 100.00
2023-06-19 16:25:30,925 - AUGCON - INFO - Epoch [20/50]-(20/22) Loss: 0.5400, Acc(1): 75.00, Acc(5): 100.00
2023-06-19 16:25:30,925 - AUGCON - INFO - 	Validation Loss: 0.5989, Acc(1): 85.00, Acc(5): 100.00, F1: 0.21, Recall: 0.21, Precision: 0.21
2023-06-19 16:25:30,926 - AUGCON - INFO - Epoch [21/50]-(0/22) Loss: 0.3256, Acc(1): 100.00, Acc(5): 100.00
2023-06-19 16:25:30,926 - AUGCON - INFO - Epoch [21/50]-(5/22) Loss: 0.3036, Acc(1): 100.00, Acc(5): 100.00
2023-06-19 16:25:30,926 - AUGCON - INFO - Epoch [21/50]-(10/22) Loss: 0.6239, Acc(1): 75.00, Acc(5): 100.00
2023-06-19 16:25:30,926 - AUGCON - INFO - Epoch [21/50]-(15/22) Loss: 0.4034, Acc(1): 100.00, Acc(5): 100.00
2023-06-19 16:25:30,926 - AUGCON - INFO - Epoch [21/50]-(20/22) Loss: 0.6597, Acc(1): 75.00, Acc(5): 100.00
2023-06-19 16:25:30,926 - AUGCON - INFO - 	Validation Loss: 0.6363, Acc(1): 86.00, Acc(5): 100.00, F1: 0.21, Recall: 0.21, Precision: 0.21
2023-06-19 16:25:30,926 - AUGCON - INFO - Epoch [22/50]-(0/22) Loss: 0.4265, Acc(1): 100.00, Acc(5): 100.00
2023-06-19 16:25:30,926 - AUGCON - INFO - Epoch [22/50]-(5/22) Loss: 0.5910, Acc(1): 100.00, Acc(5): 100.00
2023-06-19 16:25:30,926 - AUGCON - INFO - Epoch [22/50]-(10/22) Loss: 0.3877, Acc(1): 75.00, Acc(5): 100.00
2023-06-19 16:25:30,926 - AUGCON - INFO - Epoch [22/50]-(15/22) Loss: 0.5999, Acc(1): 100.00, Acc(5): 100.00
2023-06-19 16:25:30,926 - AUGCON - INFO - Epoch [22/50]-(20/22) Loss: 0.2155, Acc(1): 100.00, Acc(5): 100.00
2023-06-19 16:25:30,926 - AUGCON - INFO - 	Validation Loss: 0.5761, Acc(1): 86.00, Acc(5): 100.00, F1: 0.21, Recall: 0.21, Precision: 0.21
2023-06-19 16:25:30,926 - AUGCON - INFO - Epoch [23/50]-(0/22) Loss: 0.1565, Acc(1): 100.00, Acc(5): 100.00
2023-06-19 16:25:30,926 - AUGCON - INFO - Epoch [23/50]-(5/22) Loss: 0.0957, Acc(1): 100.00, Acc(5): 100.00
2023-06-19 16:25:30,926 - AUGCON - INFO - Epoch [23/50]-(10/22) Loss: 0.6561, Acc(1): 100.00, Acc(5): 100.00
2023-06-19 16:25:30,926 - AUGCON - INFO - Epoch [23/50]-(15/22) Loss: 0.6124, Acc(1): 75.00, Acc(5): 100.00
2023-06-19 16:25:30,926 - AUGCON - INFO - Epoch [23/50]-(20/22) Loss: 0.5022, Acc(1): 100.00, Acc(5): 100.00
2023-06-19 16:25:30,927 - AUGCON - INFO - 	Validation Loss: 0.6125, Acc(1): 84.00, Acc(5): 100.00, F1: 0.20, Recall: 0.20, Precision: 0.20
2023-06-19 16:25:30,927 - AUGCON - INFO - Epoch [24/50]-(0/22) Loss: 0.2637, Acc(1): 100.00, Acc(5): 100.00
2023-06-19 16:25:30,927 - AUGCON - INFO - Epoch [24/50]-(5/22) Loss: 0.4956, Acc(1): 100.00, Acc(5): 100.00
2023-06-19 16:25:30,927 - AUGCON - INFO - Epoch [24/50]-(10/22) Loss: 0.3624, Acc(1): 100.00, Acc(5): 100.00
2023-06-19 16:25:30,927 - AUGCON - INFO - Epoch [24/50]-(15/22) Loss: 0.3364, Acc(1): 100.00, Acc(5): 100.00
2023-06-19 16:25:30,927 - AUGCON - INFO - Epoch [24/50]-(20/22) Loss: 0.4702, Acc(1): 100.00, Acc(5): 100.00
2023-06-19 16:25:30,927 - AUGCON - INFO - 	Validation Loss: 0.5895, Acc(1): 83.00, Acc(5): 100.00, F1: 0.21, Recall: 0.21, Precision: 0.20
2023-06-19 16:25:30,927 - AUGCON - INFO - Epoch [25/50]-(0/22) Loss: 0.2810, Acc(1): 100.00, Acc(5): 100.00
2023-06-19 16:25:30,927 - AUGCON - INFO - Epoch [25/50]-(5/22) Loss: 0.2381, Acc(1): 100.00, Acc(5): 100.00
2023-06-19 16:25:30,927 - AUGCON - INFO - Epoch [25/50]-(10/22) Loss: 0.3324, Acc(1): 100.00, Acc(5): 100.00
2023-06-19 16:25:30,927 - AUGCON - INFO - Epoch [25/50]-(15/22) Loss: 0.4542, Acc(1): 100.00, Acc(5): 100.00
2023-06-19 16:25:30,927 - AUGCON - INFO - Epoch [25/50]-(20/22) Loss: 0.3011, Acc(1): 100.00, Acc(5): 100.00
2023-06-19 16:25:30,927 - AUGCON - INFO - 	Validation Loss: 0.5671, Acc(1): 84.00, Acc(5): 100.00, F1: 0.21, Recall: 0.21, Precision: 0.21
2023-06-19 16:25:30,927 - AUGCON - INFO - Epoch [26/50]-(0/22) Loss: 0.5121, Acc(1): 100.00, Acc(5): 100.00
2023-06-19 16:25:30,927 - AUGCON - INFO - Epoch [26/50]-(5/22) Loss: 0.1389, Acc(1): 100.00, Acc(5): 100.00
2023-06-19 16:25:30,927 - AUGCON - INFO - Epoch [26/50]-(10/22) Loss: 0.6562, Acc(1): 100.00, Acc(5): 100.00
2023-06-19 16:25:30,928 - AUGCON - INFO - Epoch [26/50]-(15/22) Loss: 0.5708, Acc(1): 100.00, Acc(5): 100.00
2023-06-19 16:25:30,928 - AUGCON - INFO - Epoch [26/50]-(20/22) Loss: 0.3791, Acc(1): 75.00, Acc(5): 100.00
2023-06-19 16:25:30,928 - AUGCON - INFO - 	Validation Loss: 0.5773, Acc(1): 86.00, Acc(5): 100.00, F1: 0.21, Recall: 0.21, Precision: 0.21
2023-06-19 16:25:30,928 - AUGCON - INFO - Epoch [27/50]-(0/22) Loss: 0.4391, Acc(1): 100.00, Acc(5): 100.00
2023-06-19 16:25:30,928 - AUGCON - INFO - Epoch [27/50]-(5/22) Loss: 0.7894, Acc(1): 50.00, Acc(5): 100.00
2023-06-19 16:25:30,928 - AUGCON - INFO - Epoch [27/50]-(10/22) Loss: 0.2134, Acc(1): 100.00, Acc(5): 100.00
2023-06-19 16:25:30,928 - AUGCON - INFO - Epoch [27/50]-(15/22) Loss: 0.5000, Acc(1): 100.00, Acc(5): 100.00
2023-06-19 16:25:30,928 - AUGCON - INFO - Epoch [27/50]-(20/22) Loss: 0.3397, Acc(1): 100.00, Acc(5): 100.00
2023-06-19 16:25:30,928 - AUGCON - INFO - 	Validation Loss: 0.5670, Acc(1): 84.00, Acc(5): 100.00, F1: 0.21, Recall: 0.21, Precision: 0.21
2023-06-19 16:25:30,928 - AUGCON - INFO - Epoch [28/50]-(0/22) Loss: 0.5378, Acc(1): 100.00, Acc(5): 100.00
2023-06-19 16:25:30,928 - AUGCON - INFO - Epoch [28/50]-(5/22) Loss: 0.7381, Acc(1): 100.00, Acc(5): 100.00
2023-06-19 16:25:30,928 - AUGCON - INFO - Epoch [28/50]-(10/22) Loss: 0.1507, Acc(1): 100.00, Acc(5): 100.00
2023-06-19 16:25:30,928 - AUGCON - INFO - Epoch [28/50]-(15/22) Loss: 0.2679, Acc(1): 100.00, Acc(5): 100.00
2023-06-19 16:25:30,928 - AUGCON - INFO - Epoch [28/50]-(20/22) Loss: 0.1239, Acc(1): 100.00, Acc(5): 100.00
2023-06-19 16:25:30,928 - AUGCON - INFO - 	Validation Loss: 0.5391, Acc(1): 87.00, Acc(5): 100.00, F1: 0.21, Recall: 0.21, Precision: 0.21
2023-06-19 16:25:30,928 - AUGCON - INFO - Epoch [29/50]-(0/22) Loss: 0.5822, Acc(1): 100.00, Acc(5): 100.00
2023-06-19 16:25:30,929 - AUGCON - INFO - Epoch [29/50]-(5/22) Loss: 0.6340, Acc(1): 100.00, Acc(5): 100.00
2023-06-19 16:25:30,929 - AUGCON - INFO - Epoch [29/50]-(10/22) Loss: 0.1695, Acc(1): 100.00, Acc(5): 100.00
2023-06-19 16:25:30,929 - AUGCON - INFO - Epoch [29/50]-(15/22) Loss: 0.3968, Acc(1): 100.00, Acc(5): 100.00
2023-06-19 16:25:30,929 - AUGCON - INFO - Epoch [29/50]-(20/22) Loss: 0.4055, Acc(1): 100.00, Acc(5): 100.00
2023-06-19 16:25:30,929 - AUGCON - INFO - 	Validation Loss: 0.5491, Acc(1): 86.00, Acc(5): 100.00, F1: 0.21, Recall: 0.21, Precision: 0.21
2023-06-19 16:25:30,929 - AUGCON - INFO - Epoch [30/50]-(0/22) Loss: 0.2358, Acc(1): 100.00, Acc(5): 100.00
2023-06-19 16:25:30,929 - AUGCON - INFO - Epoch [30/50]-(5/22) Loss: 0.2558, Acc(1): 100.00, Acc(5): 100.00
2023-06-19 16:25:30,929 - AUGCON - INFO - Epoch [30/50]-(10/22) Loss: 0.2123, Acc(1): 100.00, Acc(5): 100.00
2023-06-19 16:25:30,929 - AUGCON - INFO - Epoch [30/50]-(15/22) Loss: 0.4710, Acc(1): 100.00, Acc(5): 100.00
2023-06-19 16:25:30,929 - AUGCON - INFO - Epoch [30/50]-(20/22) Loss: 0.3082, Acc(1): 100.00, Acc(5): 100.00
2023-06-19 16:25:30,929 - AUGCON - INFO - 	Validation Loss: 0.5104, Acc(1): 87.00, Acc(5): 100.00, F1: 0.21, Recall: 0.21, Precision: 0.22
2023-06-19 16:25:30,929 - AUGCON - INFO - Epoch [31/50]-(0/22) Loss: 0.5312, Acc(1): 100.00, Acc(5): 100.00
2023-06-19 16:25:30,929 - AUGCON - INFO - Epoch [31/50]-(5/22) Loss: 0.1869, Acc(1): 100.00, Acc(5): 100.00
2023-06-19 16:25:30,929 - AUGCON - INFO - Epoch [31/50]-(10/22) Loss: 0.8869, Acc(1): 75.00, Acc(5): 100.00
2023-06-19 16:25:30,929 - AUGCON - INFO - Epoch [31/50]-(15/22) Loss: 0.4713, Acc(1): 100.00, Acc(5): 100.00
2023-06-19 16:25:30,929 - AUGCON - INFO - Epoch [31/50]-(20/22) Loss: 0.4054, Acc(1): 100.00, Acc(5): 100.00
2023-06-19 16:25:30,930 - AUGCON - INFO - 	Validation Loss: 0.5763, Acc(1): 82.00, Acc(5): 100.00, F1: 0.20, Recall: 0.21, Precision: 0.20
2023-06-19 16:25:30,930 - AUGCON - INFO - Epoch [32/50]-(0/22) Loss: 0.5943, Acc(1): 75.00, Acc(5): 100.00
2023-06-19 16:25:30,930 - AUGCON - INFO - Epoch [32/50]-(5/22) Loss: 0.5035, Acc(1): 75.00, Acc(5): 100.00
2023-06-19 16:25:30,930 - AUGCON - INFO - Epoch [32/50]-(10/22) Loss: 0.1599, Acc(1): 100.00, Acc(5): 100.00
2023-06-19 16:25:30,930 - AUGCON - INFO - Epoch [32/50]-(15/22) Loss: 0.3073, Acc(1): 100.00, Acc(5): 100.00
2023-06-19 16:25:30,930 - AUGCON - INFO - Epoch [32/50]-(20/22) Loss: 0.1311, Acc(1): 100.00, Acc(5): 100.00
2023-06-19 16:25:30,930 - AUGCON - INFO - 	Validation Loss: 0.5449, Acc(1): 82.00, Acc(5): 100.00, F1: 0.20, Recall: 0.21, Precision: 0.20
2023-06-19 16:25:30,930 - AUGCON - INFO - Epoch [33/50]-(0/22) Loss: 0.3431, Acc(1): 100.00, Acc(5): 100.00
2023-06-19 16:25:30,930 - AUGCON - INFO - Epoch [33/50]-(5/22) Loss: 0.2180, Acc(1): 100.00, Acc(5): 100.00
2023-06-19 16:25:30,930 - AUGCON - INFO - Epoch [33/50]-(10/22) Loss: 0.5075, Acc(1): 100.00, Acc(5): 100.00
2023-06-19 16:25:30,930 - AUGCON - INFO - Epoch [33/50]-(15/22) Loss: 0.2311, Acc(1): 100.00, Acc(5): 100.00
2023-06-19 16:25:30,930 - AUGCON - INFO - Epoch [33/50]-(20/22) Loss: 0.3082, Acc(1): 100.00, Acc(5): 100.00
2023-06-19 16:25:30,930 - AUGCON - INFO - 	Validation Loss: 0.5314, Acc(1): 82.00, Acc(5): 100.00, F1: 0.20, Recall: 0.21, Precision: 0.20
2023-06-19 16:25:30,930 - AUGCON - INFO - Epoch [34/50]-(0/22) Loss: 0.2388, Acc(1): 100.00, Acc(5): 100.00
2023-06-19 16:25:30,930 - AUGCON - INFO - Epoch [34/50]-(5/22) Loss: 0.9182, Acc(1): 75.00, Acc(5): 100.00
2023-06-19 16:25:30,930 - AUGCON - INFO - Epoch [34/50]-(10/22) Loss: 0.5057, Acc(1): 100.00, Acc(5): 100.00
2023-06-19 16:25:30,931 - AUGCON - INFO - Epoch [34/50]-(15/22) Loss: 0.5920, Acc(1): 100.00, Acc(5): 100.00
2023-06-19 16:25:30,931 - AUGCON - INFO - Epoch [34/50]-(20/22) Loss: 1.0678, Acc(1): 50.00, Acc(5): 100.00
2023-06-19 16:25:30,931 - AUGCON - INFO - 	Validation Loss: 0.5446, Acc(1): 84.00, Acc(5): 100.00, F1: 0.21, Recall: 0.21, Precision: 0.21
2023-06-19 16:25:30,931 - AUGCON - INFO - Epoch [35/50]-(0/22) Loss: 0.3199, Acc(1): 100.00, Acc(5): 100.00
2023-06-19 16:25:30,931 - AUGCON - INFO - Epoch [35/50]-(5/22) Loss: 0.5323, Acc(1): 100.00, Acc(5): 100.00
2023-06-19 16:25:30,931 - AUGCON - INFO - Epoch [35/50]-(10/22) Loss: 0.4789, Acc(1): 100.00, Acc(5): 100.00
2023-06-19 16:25:30,931 - AUGCON - INFO - Epoch [35/50]-(15/22) Loss: 0.1851, Acc(1): 100.00, Acc(5): 100.00
2023-06-19 16:25:30,931 - AUGCON - INFO - Epoch [35/50]-(20/22) Loss: 0.4249, Acc(1): 100.00, Acc(5): 100.00
2023-06-19 16:25:30,931 - AUGCON - INFO - 	Validation Loss: 0.5230, Acc(1): 85.00, Acc(5): 100.00, F1: 0.21, Recall: 0.21, Precision: 0.21
2023-06-19 16:25:30,931 - AUGCON - INFO - Epoch [36/50]-(0/22) Loss: 0.4034, Acc(1): 100.00, Acc(5): 100.00
2023-06-19 16:25:30,931 - AUGCON - INFO - Epoch [36/50]-(5/22) Loss: 0.4938, Acc(1): 75.00, Acc(5): 100.00
2023-06-19 16:25:30,931 - AUGCON - INFO - Epoch [36/50]-(10/22) Loss: 0.1713, Acc(1): 100.00, Acc(5): 100.00
2023-06-19 16:25:30,931 - AUGCON - INFO - Epoch [36/50]-(15/22) Loss: 0.3226, Acc(1): 100.00, Acc(5): 100.00
2023-06-19 16:25:30,931 - AUGCON - INFO - Epoch [36/50]-(20/22) Loss: 0.3185, Acc(1): 100.00, Acc(5): 100.00
2023-06-19 16:25:30,931 - AUGCON - INFO - 	Validation Loss: 0.5260, Acc(1): 83.00, Acc(5): 100.00, F1: 0.20, Recall: 0.21, Precision: 0.20
2023-06-19 16:25:30,931 - AUGCON - INFO - Epoch [37/50]-(0/22) Loss: 0.4153, Acc(1): 75.00, Acc(5): 100.00
2023-06-19 16:25:30,932 - AUGCON - INFO - Epoch [37/50]-(5/22) Loss: 0.2984, Acc(1): 100.00, Acc(5): 100.00
2023-06-19 16:25:30,932 - AUGCON - INFO - Epoch [37/50]-(10/22) Loss: 0.2672, Acc(1): 100.00, Acc(5): 100.00
2023-06-19 16:25:30,932 - AUGCON - INFO - Epoch [37/50]-(15/22) Loss: 0.1183, Acc(1): 100.00, Acc(5): 100.00
2023-06-19 16:25:30,932 - AUGCON - INFO - Epoch [37/50]-(20/22) Loss: 0.2618, Acc(1): 100.00, Acc(5): 100.00
2023-06-19 16:25:30,932 - AUGCON - INFO - 	Validation Loss: 0.5243, Acc(1): 86.00, Acc(5): 100.00, F1: 0.21, Recall: 0.21, Precision: 0.21
2023-06-19 16:25:30,932 - AUGCON - INFO - Epoch [38/50]-(0/22) Loss: 0.1937, Acc(1): 100.00, Acc(5): 100.00
2023-06-19 16:25:30,932 - AUGCON - INFO - Epoch [38/50]-(5/22) Loss: 0.5190, Acc(1): 75.00, Acc(5): 100.00
2023-06-19 16:25:30,932 - AUGCON - INFO - Epoch [38/50]-(10/22) Loss: 0.4409, Acc(1): 100.00, Acc(5): 100.00
2023-06-19 16:25:30,932 - AUGCON - INFO - Epoch [38/50]-(15/22) Loss: 0.2173, Acc(1): 100.00, Acc(5): 100.00
2023-06-19 16:25:30,932 - AUGCON - INFO - Epoch [38/50]-(20/22) Loss: 0.1512, Acc(1): 100.00, Acc(5): 100.00
2023-06-19 16:25:30,932 - AUGCON - INFO - 	Validation Loss: 0.4896, Acc(1): 87.00, Acc(5): 100.00, F1: 0.21, Recall: 0.21, Precision: 0.21
2023-06-19 16:25:30,932 - AUGCON - INFO - Epoch [39/50]-(0/22) Loss: 0.3655, Acc(1): 100.00, Acc(5): 100.00
2023-06-19 16:25:30,932 - AUGCON - INFO - Epoch [39/50]-(5/22) Loss: 0.3346, Acc(1): 100.00, Acc(5): 100.00
2023-06-19 16:25:30,932 - AUGCON - INFO - Epoch [39/50]-(10/22) Loss: 0.7049, Acc(1): 75.00, Acc(5): 100.00
2023-06-19 16:25:30,932 - AUGCON - INFO - Epoch [39/50]-(15/22) Loss: 0.3145, Acc(1): 100.00, Acc(5): 100.00
2023-06-19 16:25:30,932 - AUGCON - INFO - Epoch [39/50]-(20/22) Loss: 0.0832, Acc(1): 100.00, Acc(5): 100.00
2023-06-19 16:25:30,933 - AUGCON - INFO - 	Validation Loss: 0.5632, Acc(1): 84.00, Acc(5): 100.00, F1: 0.21, Recall: 0.21, Precision: 0.21
2023-06-19 16:25:30,933 - AUGCON - INFO - Epoch [40/50]-(0/22) Loss: 0.2745, Acc(1): 100.00, Acc(5): 100.00
2023-06-19 16:25:30,933 - AUGCON - INFO - Epoch [40/50]-(5/22) Loss: 0.1567, Acc(1): 100.00, Acc(5): 100.00
2023-06-19 16:25:30,933 - AUGCON - INFO - Epoch [40/50]-(10/22) Loss: 0.3414, Acc(1): 100.00, Acc(5): 100.00
2023-06-19 16:25:30,933 - AUGCON - INFO - Epoch [40/50]-(15/22) Loss: 0.2982, Acc(1): 100.00, Acc(5): 100.00
2023-06-19 16:25:30,933 - AUGCON - INFO - Epoch [40/50]-(20/22) Loss: 0.1655, Acc(1): 100.00, Acc(5): 100.00
2023-06-19 16:25:30,933 - AUGCON - INFO - 	Validation Loss: 0.4942, Acc(1): 84.00, Acc(5): 100.00, F1: 0.21, Recall: 0.21, Precision: 0.20
2023-06-19 16:25:30,933 - AUGCON - INFO - Epoch [41/50]-(0/22) Loss: 0.1991, Acc(1): 100.00, Acc(5): 100.00
2023-06-19 16:25:30,933 - AUGCON - INFO - Epoch [41/50]-(5/22) Loss: 0.3121, Acc(1): 100.00, Acc(5): 100.00
2023-06-19 16:25:30,933 - AUGCON - INFO - Epoch [41/50]-(10/22) Loss: 0.1678, Acc(1): 100.00, Acc(5): 100.00
2023-06-19 16:25:30,933 - AUGCON - INFO - Epoch [41/50]-(15/22) Loss: 0.4884, Acc(1): 75.00, Acc(5): 100.00
2023-06-19 16:25:30,933 - AUGCON - INFO - Epoch [41/50]-(20/22) Loss: 0.1961, Acc(1): 100.00, Acc(5): 100.00
2023-06-19 16:25:30,933 - AUGCON - INFO - 	Validation Loss: 0.5091, Acc(1): 83.00, Acc(5): 100.00, F1: 0.20, Recall: 0.20, Precision: 0.20
2023-06-19 16:25:30,933 - AUGCON - INFO - Epoch [42/50]-(0/22) Loss: 0.5783, Acc(1): 75.00, Acc(5): 100.00
2023-06-19 16:25:30,933 - AUGCON - INFO - Epoch [42/50]-(5/22) Loss: 0.3431, Acc(1): 100.00, Acc(5): 100.00
2023-06-19 16:25:30,933 - AUGCON - INFO - Epoch [42/50]-(10/22) Loss: 0.2526, Acc(1): 100.00, Acc(5): 100.00
2023-06-19 16:25:30,934 - AUGCON - INFO - Epoch [42/50]-(15/22) Loss: 0.2615, Acc(1): 100.00, Acc(5): 100.00
2023-06-19 16:25:30,934 - AUGCON - INFO - Epoch [42/50]-(20/22) Loss: 0.1859, Acc(1): 100.00, Acc(5): 100.00
2023-06-19 16:25:30,934 - AUGCON - INFO - 	Validation Loss: 0.5147, Acc(1): 84.00, Acc(5): 100.00, F1: 0.21, Recall: 0.21, Precision: 0.21
2023-06-19 16:25:30,934 - AUGCON - INFO - Epoch [43/50]-(0/22) Loss: 0.0886, Acc(1): 100.00, Acc(5): 100.00
2023-06-19 16:25:30,934 - AUGCON - INFO - Epoch [43/50]-(5/22) Loss: 0.2584, Acc(1): 100.00, Acc(5): 100.00
2023-06-19 16:25:30,934 - AUGCON - INFO - Epoch [43/50]-(10/22) Loss: 0.1250, Acc(1): 100.00, Acc(5): 100.00
2023-06-19 16:25:30,934 - AUGCON - INFO - Epoch [43/50]-(15/22) Loss: 0.2014, Acc(1): 100.00, Acc(5): 100.00
2023-06-19 16:25:30,934 - AUGCON - INFO - Epoch [43/50]-(20/22) Loss: 0.2695, Acc(1): 100.00, Acc(5): 100.00
2023-06-19 16:25:30,934 - AUGCON - INFO - 	Validation Loss: 0.5124, Acc(1): 84.00, Acc(5): 100.00, F1: 0.21, Recall: 0.21, Precision: 0.21
2023-06-19 16:25:30,934 - AUGCON - INFO - Epoch [44/50]-(0/22) Loss: 0.1093, Acc(1): 100.00, Acc(5): 100.00
2023-06-19 16:25:30,934 - AUGCON - INFO - Epoch [44/50]-(5/22) Loss: 0.5047, Acc(1): 100.00, Acc(5): 100.00
2023-06-19 16:25:30,934 - AUGCON - INFO - Epoch [44/50]-(10/22) Loss: 0.4379, Acc(1): 75.00, Acc(5): 100.00
2023-06-19 16:25:30,934 - AUGCON - INFO - Epoch [44/50]-(15/22) Loss: 0.0501, Acc(1): 100.00, Acc(5): 100.00
2023-06-19 16:25:30,934 - AUGCON - INFO - Epoch [44/50]-(20/22) Loss: 0.1854, Acc(1): 100.00, Acc(5): 100.00
2023-06-19 16:25:30,935 - AUGCON - INFO - 	Validation Loss: 0.4998, Acc(1): 85.00, Acc(5): 100.00, F1: 0.21, Recall: 0.21, Precision: 0.21
2023-06-19 16:25:30,935 - AUGCON - INFO - Epoch [45/50]-(0/22) Loss: 0.3535, Acc(1): 100.00, Acc(5): 100.00
2023-06-19 16:25:30,935 - AUGCON - INFO - Epoch [45/50]-(5/22) Loss: 0.1563, Acc(1): 100.00, Acc(5): 100.00
2023-06-19 16:25:30,935 - AUGCON - INFO - Epoch [45/50]-(10/22) Loss: 0.0768, Acc(1): 100.00, Acc(5): 100.00
2023-06-19 16:25:30,935 - AUGCON - INFO - Epoch [45/50]-(15/22) Loss: 0.2375, Acc(1): 100.00, Acc(5): 100.00
2023-06-19 16:25:30,935 - AUGCON - INFO - Epoch [45/50]-(20/22) Loss: 0.2251, Acc(1): 100.00, Acc(5): 100.00
2023-06-19 16:25:30,935 - AUGCON - INFO - 	Validation Loss: 0.5277, Acc(1): 84.00, Acc(5): 100.00, F1: 0.21, Recall: 0.21, Precision: 0.21
2023-06-19 16:25:30,935 - AUGCON - INFO - Epoch [46/50]-(0/22) Loss: 0.3756, Acc(1): 75.00, Acc(5): 100.00
2023-06-19 16:25:30,935 - AUGCON - INFO - Epoch [46/50]-(5/22) Loss: 0.1521, Acc(1): 100.00, Acc(5): 100.00
2023-06-19 16:25:30,935 - AUGCON - INFO - Epoch [46/50]-(10/22) Loss: 0.1650, Acc(1): 100.00, Acc(5): 100.00
2023-06-19 16:25:30,935 - AUGCON - INFO - Epoch [46/50]-(15/22) Loss: 0.0995, Acc(1): 100.00, Acc(5): 100.00
2023-06-19 16:25:30,935 - AUGCON - INFO - Epoch [46/50]-(20/22) Loss: 0.3996, Acc(1): 100.00, Acc(5): 100.00
2023-06-19 16:25:30,935 - AUGCON - INFO - 	Validation Loss: 0.5233, Acc(1): 84.00, Acc(5): 100.00, F1: 0.21, Recall: 0.21, Precision: 0.20
2023-06-19 16:25:30,935 - AUGCON - INFO - Epoch [47/50]-(0/22) Loss: 0.2845, Acc(1): 100.00, Acc(5): 100.00
2023-06-19 16:25:30,935 - AUGCON - INFO - Epoch [47/50]-(5/22) Loss: 0.1487, Acc(1): 100.00, Acc(5): 100.00
2023-06-19 16:25:30,935 - AUGCON - INFO - Epoch [47/50]-(10/22) Loss: 0.0902, Acc(1): 100.00, Acc(5): 100.00
2023-06-19 16:25:30,936 - AUGCON - INFO - Epoch [47/50]-(15/22) Loss: 0.2411, Acc(1): 100.00, Acc(5): 100.00
2023-06-19 16:25:30,936 - AUGCON - INFO - Epoch [47/50]-(20/22) Loss: 0.0907, Acc(1): 100.00, Acc(5): 100.00
2023-06-19 16:25:30,936 - AUGCON - INFO - 	Validation Loss: 0.4639, Acc(1): 87.00, Acc(5): 100.00, F1: 0.21, Recall: 0.21, Precision: 0.21
2023-06-19 16:25:30,936 - AUGCON - INFO - Epoch [48/50]-(0/22) Loss: 0.1259, Acc(1): 100.00, Acc(5): 100.00
2023-06-19 16:25:30,936 - AUGCON - INFO - Epoch [48/50]-(5/22) Loss: 0.4006, Acc(1): 100.00, Acc(5): 100.00
2023-06-19 16:25:30,936 - AUGCON - INFO - Epoch [48/50]-(10/22) Loss: 0.2514, Acc(1): 100.00, Acc(5): 100.00
2023-06-19 16:25:30,936 - AUGCON - INFO - Epoch [48/50]-(15/22) Loss: 0.1164, Acc(1): 100.00, Acc(5): 100.00
2023-06-19 16:25:30,936 - AUGCON - INFO - Epoch [48/50]-(20/22) Loss: 0.3301, Acc(1): 100.00, Acc(5): 100.00
2023-06-19 16:25:30,936 - AUGCON - INFO - 	Validation Loss: 0.4805, Acc(1): 88.00, Acc(5): 100.00, F1: 0.21, Recall: 0.21, Precision: 0.22
2023-06-19 16:25:30,936 - AUGCON - INFO - Epoch [49/50]-(0/22) Loss: 0.1307, Acc(1): 100.00, Acc(5): 100.00
2023-06-19 16:25:30,936 - AUGCON - INFO - Epoch [49/50]-(5/22) Loss: 0.1536, Acc(1): 100.00, Acc(5): 100.00
2023-06-19 16:25:30,936 - AUGCON - INFO - Epoch [49/50]-(10/22) Loss: 0.3221, Acc(1): 100.00, Acc(5): 100.00
2023-06-19 16:25:30,936 - AUGCON - INFO - Epoch [49/50]-(15/22) Loss: 0.1342, Acc(1): 100.00, Acc(5): 100.00
2023-06-19 16:25:30,937 - AUGCON - INFO - Epoch [49/50]-(20/22) Loss: 0.1402, Acc(1): 100.00, Acc(5): 100.00
2023-06-19 16:25:30,937 - AUGCON - INFO - 	Validation Loss: 0.5245, Acc(1): 86.00, Acc(5): 100.00, F1: 0.21, Recall: 0.21, Precision: 0.21
2023-06-19 16:25:30,937 - AUGCON - INFO - Epoch [50/50]-(0/22) Loss: 0.1269, Acc(1): 100.00, Acc(5): 100.00
2023-06-19 16:25:30,937 - AUGCON - INFO - Epoch [50/50]-(5/22) Loss: 0.2896, Acc(1): 100.00, Acc(5): 100.00
2023-06-19 16:25:30,937 - AUGCON - INFO - Epoch [50/50]-(10/22) Loss: 0.0601, Acc(1): 100.00, Acc(5): 100.00
2023-06-19 16:25:30,937 - AUGCON - INFO - Epoch [50/50]-(15/22) Loss: 0.2131, Acc(1): 100.00, Acc(5): 100.00
2023-06-19 16:25:30,937 - AUGCON - INFO - Epoch [50/50]-(20/22) Loss: 0.2797, Acc(1): 100.00, Acc(5): 100.00
2023-06-19 16:25:30,937 - AUGCON - INFO - 	Validation Loss: 0.4948, Acc(1): 86.00, Acc(5): 100.00, F1: 0.21, Recall: 0.21, Precision: 0.21
2023-06-19 16:25:30,937 - AUGCON - INFO - 	Validation Loss: 0.4323, Acc(1): 88.00, Acc(5): 99.67, F1: 0.21, Recall: 0.21, Precision: 0.21
