2023-06-19 16:28:17,529 - AUGCON - INFO - logger initialized (/home/hjyoon/projects/augcon/config/exp0/finetune_da_false/without_target_domain_PH0012-thanh/metacpc_perdomain_8421/tgt_target_domain_WA0003-hskim_seed0.yaml.log)
2023-06-19 16:28:17,529 - AUGCON - INFO - ================= Config =================
2023-06-19 16:28:17,529 - AUGCON - INFO -   mode: finetune
2023-06-19 16:28:17,529 - AUGCON - INFO -   seed: 0
2023-06-19 16:28:17,529 - AUGCON - INFO -   gpu: [1]
2023-06-19 16:28:17,529 - AUGCON - INFO -   num_workers: 1
2023-06-19 16:28:17,529 - AUGCON - INFO -   dist_url: tcp://localhost:10001
2023-06-19 16:28:17,529 - AUGCON - INFO -   dataset_name: ichar
2023-06-19 16:28:17,529 - AUGCON - INFO -   train_dataset_path: /mnt/sting/hjyoon/projects/cross/ICHAR/augcon/target_domain_WA0003-hskim/finetune/10shot/target/train.pkl
2023-06-19 16:28:17,529 - AUGCON - INFO -   test_dataset_path: /mnt/sting/hjyoon/projects/cross/ICHAR/augcon/target_domain_WA0003-hskim/finetune/10shot/target/test.pkl
2023-06-19 16:28:17,529 - AUGCON - INFO -   val_dataset_path: /mnt/sting/hjyoon/projects/cross/ICHAR/augcon/target_domain_WA0003-hskim/finetune/10shot/target/val.pkl
2023-06-19 16:28:17,529 - AUGCON - INFO -   input_channels: 3
2023-06-19 16:28:17,529 - AUGCON - INFO -   num_cls: 9
2023-06-19 16:28:17,529 - AUGCON - INFO -   optimizer: adam
2023-06-19 16:28:17,529 - AUGCON - INFO -   criterion: crossentropy
2023-06-19 16:28:17,529 - AUGCON - INFO -   start_epoch: 0
2023-06-19 16:28:17,529 - AUGCON - INFO -   epochs: 50
2023-06-19 16:28:17,529 - AUGCON - INFO -   batch_size: 4
2023-06-19 16:28:17,529 - AUGCON - INFO -   lr: 0.001
2023-06-19 16:28:17,529 - AUGCON - INFO -   wd: 0.0
2023-06-19 16:28:17,529 - AUGCON - INFO -   resume: 
2023-06-19 16:28:17,529 - AUGCON - INFO -   pretrained: /mnt/sting/hjyoon/projects/augcontrast/models/exp0/pretrain/without_target_domain_PH0012-thanh/metacpc_perdomain_8421/checkpoint_0999.pth.tar
2023-06-19 16:28:17,529 - AUGCON - INFO -   ckpt_dir: /mnt/sting/hjyoon/projects/augcontrast/models/exp0/finetune_da_false/without_target_domain_PH0012-thanh/metacpc_perdomain_8421/tgt_target_domain_WA0003-hskim_seed0
2023-06-19 16:28:17,530 - AUGCON - INFO -   log_freq: 5
2023-06-19 16:28:17,530 - AUGCON - INFO -   save_freq: 10
2023-06-19 16:28:17,530 - AUGCON - INFO -   pretext: metacpc
2023-06-19 16:28:17,530 - AUGCON - INFO -   enc_blocks: 4
2023-06-19 16:28:17,530 - AUGCON - INFO -   kernel_sizes: [8, 4, 2, 1]
2023-06-19 16:28:17,530 - AUGCON - INFO -   strides: [4, 2, 1, 1]
2023-06-19 16:28:17,530 - AUGCON - INFO -   agg_blocks: 5
2023-06-19 16:28:17,530 - AUGCON - INFO -   z_dim: 256
2023-06-19 16:28:17,530 - AUGCON - INFO -   pooling: mean
2023-06-19 16:28:17,530 - AUGCON - INFO -   pred_steps: 12
2023-06-19 16:28:17,530 - AUGCON - INFO -   n_negatives: 15
2023-06-19 16:28:17,530 - AUGCON - INFO -   offset: 4
2023-06-19 16:28:17,530 - AUGCON - INFO -   domain_adaptation: False
2023-06-19 16:28:17,530 - AUGCON - INFO -   task_steps: 10
2023-06-19 16:28:17,530 - AUGCON - INFO -   task_lr: 0.001
2023-06-19 16:28:17,530 - AUGCON - INFO -   reg_lambda: 0
2023-06-19 16:28:17,530 - AUGCON - INFO -   mlp: False
2023-06-19 16:28:17,530 - AUGCON - INFO -   freeze: True
2023-06-19 16:28:17,530 - AUGCON - INFO -   no_vars: False
2023-06-19 16:28:17,530 - AUGCON - INFO - ==========================================
2023-06-19 16:28:17,530 - AUGCON - INFO - Setting GPUs: [1]
2023-06-19 16:28:17,530 - AUGCON - INFO - GPUs [1] will be used
2023-06-19 16:28:17,531 - AUGCON - WARNING - You have chosen to seed training. 
2023-06-19 16:28:17,531 - AUGCON - WARNING - This will turn on the CUDNN deterministic setting, 
2023-06-19 16:28:17,531 - AUGCON - WARNING - which can slow down your training considerably! 
2023-06-19 16:28:17,531 - AUGCON - WARNING - You may see unexpected behavior when restarting 
2023-06-19 16:28:17,531 - AUGCON - WARNING - from checkpoints.
2023-06-19 16:28:17,563 - AUGCON - INFO - Executing MetaCPC
2023-06-19 16:28:17,563 - AUGCON - INFO - Logs are skipped during training
2023-06-19 16:28:35,862 - AUGCON - INFO - Single GPU is used for training - training 90 instances for each worker
2023-06-19 16:28:35,862 - AUGCON - INFO - Loading pretrained model from checkpoint - /mnt/sting/hjyoon/projects/augcontrast/models/exp0/pretrain/without_target_domain_PH0012-thanh/metacpc_perdomain_8421/checkpoint_0999.pth.tar
2023-06-19 16:28:35,862 - AUGCON - INFO - Missing keys: []
2023-06-19 16:28:35,862 - AUGCON - INFO - Loading encoder parameters to the classifier
2023-06-19 16:28:35,863 - AUGCON - INFO - Missing keys: ['classifier.block.0.weight', 'classifier.block.0.bias']
2023-06-19 16:28:35,863 - AUGCON - INFO - Epoch [1/50]-(0/22) Loss: 2.2879, Acc(1): 0.00, Acc(5): 50.00
2023-06-19 16:28:35,863 - AUGCON - INFO - Epoch [1/50]-(5/22) Loss: 2.1594, Acc(1): 0.00, Acc(5): 75.00
2023-06-19 16:28:35,863 - AUGCON - INFO - Epoch [1/50]-(10/22) Loss: 2.7754, Acc(1): 0.00, Acc(5): 25.00
2023-06-19 16:28:35,863 - AUGCON - INFO - Epoch [1/50]-(15/22) Loss: 2.6561, Acc(1): 0.00, Acc(5): 50.00
2023-06-19 16:28:35,863 - AUGCON - INFO - Epoch [1/50]-(20/22) Loss: 2.6859, Acc(1): 0.00, Acc(5): 0.00
2023-06-19 16:28:35,863 - AUGCON - INFO - 	Validation Loss: 2.2495, Acc(1): 10.00, Acc(5): 47.00, F1: 0.03, Recall: 0.03, Precision: 0.03
2023-06-19 16:28:35,863 - AUGCON - INFO - Epoch [2/50]-(0/22) Loss: 2.3283, Acc(1): 0.00, Acc(5): 25.00
2023-06-19 16:28:35,863 - AUGCON - INFO - Epoch [2/50]-(5/22) Loss: 2.3233, Acc(1): 25.00, Acc(5): 25.00
2023-06-19 16:28:35,863 - AUGCON - INFO - Epoch [2/50]-(10/22) Loss: 2.4529, Acc(1): 0.00, Acc(5): 25.00
2023-06-19 16:28:35,863 - AUGCON - INFO - Epoch [2/50]-(15/22) Loss: 2.3417, Acc(1): 0.00, Acc(5): 50.00
2023-06-19 16:28:35,863 - AUGCON - INFO - Epoch [2/50]-(20/22) Loss: 2.2110, Acc(1): 25.00, Acc(5): 50.00
2023-06-19 16:28:35,863 - AUGCON - INFO - 	Validation Loss: 2.1927, Acc(1): 18.00, Acc(5): 54.00, F1: 0.05, Recall: 0.05, Precision: 0.05
2023-06-19 16:28:35,863 - AUGCON - INFO - Epoch [3/50]-(0/22) Loss: 2.0690, Acc(1): 25.00, Acc(5): 100.00
2023-06-19 16:28:35,863 - AUGCON - INFO - Epoch [3/50]-(5/22) Loss: 2.3338, Acc(1): 0.00, Acc(5): 25.00
2023-06-19 16:28:35,864 - AUGCON - INFO - Epoch [3/50]-(10/22) Loss: 2.2523, Acc(1): 0.00, Acc(5): 75.00
2023-06-19 16:28:35,864 - AUGCON - INFO - Epoch [3/50]-(15/22) Loss: 2.3407, Acc(1): 0.00, Acc(5): 25.00
2023-06-19 16:28:35,864 - AUGCON - INFO - Epoch [3/50]-(20/22) Loss: 2.2325, Acc(1): 25.00, Acc(5): 25.00
2023-06-19 16:28:35,864 - AUGCON - INFO - 	Validation Loss: 2.1348, Acc(1): 20.00, Acc(5): 80.00, F1: 0.04, Recall: 0.05, Precision: 0.03
2023-06-19 16:28:35,864 - AUGCON - INFO - Epoch [4/50]-(0/22) Loss: 2.1128, Acc(1): 0.00, Acc(5): 100.00
2023-06-19 16:28:35,864 - AUGCON - INFO - Epoch [4/50]-(5/22) Loss: 2.1300, Acc(1): 0.00, Acc(5): 100.00
2023-06-19 16:28:35,864 - AUGCON - INFO - Epoch [4/50]-(10/22) Loss: 2.1541, Acc(1): 0.00, Acc(5): 75.00
2023-06-19 16:28:35,864 - AUGCON - INFO - Epoch [4/50]-(15/22) Loss: 2.1795, Acc(1): 25.00, Acc(5): 75.00
2023-06-19 16:28:35,864 - AUGCON - INFO - Epoch [4/50]-(20/22) Loss: 2.2876, Acc(1): 0.00, Acc(5): 50.00
2023-06-19 16:28:35,864 - AUGCON - INFO - 	Validation Loss: 2.1526, Acc(1): 16.00, Acc(5): 69.00, F1: 0.04, Recall: 0.05, Precision: 0.04
2023-06-19 16:28:35,864 - AUGCON - INFO - Epoch [5/50]-(0/22) Loss: 2.0268, Acc(1): 50.00, Acc(5): 75.00
2023-06-19 16:28:35,864 - AUGCON - INFO - Epoch [5/50]-(5/22) Loss: 2.2760, Acc(1): 0.00, Acc(5): 50.00
2023-06-19 16:28:35,864 - AUGCON - INFO - Epoch [5/50]-(10/22) Loss: 2.0906, Acc(1): 0.00, Acc(5): 75.00
2023-06-19 16:28:35,864 - AUGCON - INFO - Epoch [5/50]-(15/22) Loss: 2.1394, Acc(1): 25.00, Acc(5): 100.00
2023-06-19 16:28:35,864 - AUGCON - INFO - Epoch [5/50]-(20/22) Loss: 2.1889, Acc(1): 0.00, Acc(5): 75.00
2023-06-19 16:28:35,865 - AUGCON - INFO - 	Validation Loss: 2.1073, Acc(1): 21.00, Acc(5): 81.00, F1: 0.05, Recall: 0.06, Precision: 0.05
2023-06-19 16:28:35,865 - AUGCON - INFO - Epoch [6/50]-(0/22) Loss: 1.9454, Acc(1): 50.00, Acc(5): 100.00
2023-06-19 16:28:35,865 - AUGCON - INFO - Epoch [6/50]-(5/22) Loss: 2.2255, Acc(1): 0.00, Acc(5): 100.00
2023-06-19 16:28:35,865 - AUGCON - INFO - Epoch [6/50]-(10/22) Loss: 2.1766, Acc(1): 25.00, Acc(5): 75.00
2023-06-19 16:28:35,865 - AUGCON - INFO - Epoch [6/50]-(15/22) Loss: 2.1402, Acc(1): 0.00, Acc(5): 50.00
2023-06-19 16:28:35,865 - AUGCON - INFO - Epoch [6/50]-(20/22) Loss: 2.4370, Acc(1): 0.00, Acc(5): 25.00
2023-06-19 16:28:35,865 - AUGCON - INFO - 	Validation Loss: 2.0687, Acc(1): 45.00, Acc(5): 75.00, F1: 0.13, Recall: 0.09, Precision: 0.21
2023-06-19 16:28:35,865 - AUGCON - INFO - Epoch [7/50]-(0/22) Loss: 2.0460, Acc(1): 50.00, Acc(5): 100.00
2023-06-19 16:28:35,865 - AUGCON - INFO - Epoch [7/50]-(5/22) Loss: 2.1802, Acc(1): 25.00, Acc(5): 50.00
2023-06-19 16:28:35,865 - AUGCON - INFO - Epoch [7/50]-(10/22) Loss: 1.9918, Acc(1): 50.00, Acc(5): 75.00
2023-06-19 16:28:35,865 - AUGCON - INFO - Epoch [7/50]-(15/22) Loss: 2.0872, Acc(1): 25.00, Acc(5): 75.00
2023-06-19 16:28:35,865 - AUGCON - INFO - Epoch [7/50]-(20/22) Loss: 2.2490, Acc(1): 0.00, Acc(5): 25.00
2023-06-19 16:28:35,865 - AUGCON - INFO - 	Validation Loss: 2.0680, Acc(1): 20.00, Acc(5): 87.00, F1: 0.04, Recall: 0.06, Precision: 0.03
2023-06-19 16:28:35,865 - AUGCON - INFO - Epoch [8/50]-(0/22) Loss: 2.1952, Acc(1): 0.00, Acc(5): 75.00
2023-06-19 16:28:35,865 - AUGCON - INFO - Epoch [8/50]-(5/22) Loss: 2.0106, Acc(1): 50.00, Acc(5): 50.00
2023-06-19 16:28:35,866 - AUGCON - INFO - Epoch [8/50]-(10/22) Loss: 2.2196, Acc(1): 0.00, Acc(5): 75.00
2023-06-19 16:28:35,866 - AUGCON - INFO - Epoch [8/50]-(15/22) Loss: 2.0333, Acc(1): 25.00, Acc(5): 75.00
2023-06-19 16:28:35,866 - AUGCON - INFO - Epoch [8/50]-(20/22) Loss: 2.2889, Acc(1): 0.00, Acc(5): 25.00
2023-06-19 16:28:35,866 - AUGCON - INFO - 	Validation Loss: 2.0463, Acc(1): 28.00, Acc(5): 76.00, F1: 0.06, Recall: 0.08, Precision: 0.05
2023-06-19 16:28:35,866 - AUGCON - INFO - Epoch [9/50]-(0/22) Loss: 2.0645, Acc(1): 25.00, Acc(5): 75.00
2023-06-19 16:28:35,866 - AUGCON - INFO - Epoch [9/50]-(5/22) Loss: 1.9810, Acc(1): 25.00, Acc(5): 75.00
2023-06-19 16:28:35,866 - AUGCON - INFO - Epoch [9/50]-(10/22) Loss: 1.9714, Acc(1): 50.00, Acc(5): 100.00
2023-06-19 16:28:35,866 - AUGCON - INFO - Epoch [9/50]-(15/22) Loss: 1.9892, Acc(1): 0.00, Acc(5): 100.00
2023-06-19 16:28:35,866 - AUGCON - INFO - Epoch [9/50]-(20/22) Loss: 2.0664, Acc(1): 0.00, Acc(5): 75.00
2023-06-19 16:28:35,866 - AUGCON - INFO - 	Validation Loss: 2.0304, Acc(1): 32.00, Acc(5): 82.00, F1: 0.08, Recall: 0.09, Precision: 0.07
2023-06-19 16:28:35,866 - AUGCON - INFO - Epoch [10/50]-(0/22) Loss: 1.9292, Acc(1): 50.00, Acc(5): 100.00
2023-06-19 16:28:35,866 - AUGCON - INFO - Epoch [10/50]-(5/22) Loss: 1.9200, Acc(1): 50.00, Acc(5): 100.00
2023-06-19 16:28:35,866 - AUGCON - INFO - Epoch [10/50]-(10/22) Loss: 1.8177, Acc(1): 25.00, Acc(5): 100.00
2023-06-19 16:28:35,866 - AUGCON - INFO - Epoch [10/50]-(15/22) Loss: 1.9788, Acc(1): 50.00, Acc(5): 100.00
2023-06-19 16:28:35,866 - AUGCON - INFO - Epoch [10/50]-(20/22) Loss: 2.2165, Acc(1): 0.00, Acc(5): 75.00
2023-06-19 16:28:35,866 - AUGCON - INFO - 	Validation Loss: 1.9859, Acc(1): 36.00, Acc(5): 87.00, F1: 0.11, Recall: 0.10, Precision: 0.12
2023-06-19 16:28:35,867 - AUGCON - INFO - Epoch [11/50]-(0/22) Loss: 2.1342, Acc(1): 25.00, Acc(5): 50.00
2023-06-19 16:28:35,867 - AUGCON - INFO - Epoch [11/50]-(5/22) Loss: 2.0342, Acc(1): 0.00, Acc(5): 100.00
2023-06-19 16:28:35,867 - AUGCON - INFO - Epoch [11/50]-(10/22) Loss: 1.8654, Acc(1): 50.00, Acc(5): 75.00
2023-06-19 16:28:35,867 - AUGCON - INFO - Epoch [11/50]-(15/22) Loss: 2.2076, Acc(1): 0.00, Acc(5): 50.00
2023-06-19 16:28:35,867 - AUGCON - INFO - Epoch [11/50]-(20/22) Loss: 1.9750, Acc(1): 50.00, Acc(5): 75.00
2023-06-19 16:28:35,867 - AUGCON - INFO - 	Validation Loss: 2.0034, Acc(1): 52.00, Acc(5): 84.00, F1: 0.12, Recall: 0.10, Precision: 0.15
2023-06-19 16:28:35,867 - AUGCON - INFO - Epoch [12/50]-(0/22) Loss: 2.1820, Acc(1): 0.00, Acc(5): 75.00
2023-06-19 16:28:35,867 - AUGCON - INFO - Epoch [12/50]-(5/22) Loss: 1.8209, Acc(1): 50.00, Acc(5): 100.00
2023-06-19 16:28:35,867 - AUGCON - INFO - Epoch [12/50]-(10/22) Loss: 1.8104, Acc(1): 50.00, Acc(5): 100.00
2023-06-19 16:28:35,867 - AUGCON - INFO - Epoch [12/50]-(15/22) Loss: 2.0524, Acc(1): 0.00, Acc(5): 50.00
2023-06-19 16:28:35,867 - AUGCON - INFO - Epoch [12/50]-(20/22) Loss: 2.1277, Acc(1): 0.00, Acc(5): 100.00
2023-06-19 16:28:35,867 - AUGCON - INFO - 	Validation Loss: 1.9376, Acc(1): 33.00, Acc(5): 93.00, F1: 0.07, Recall: 0.05, Precision: 0.14
2023-06-19 16:28:35,867 - AUGCON - INFO - Epoch [13/50]-(0/22) Loss: 1.9449, Acc(1): 50.00, Acc(5): 100.00
2023-06-19 16:28:35,867 - AUGCON - INFO - Epoch [13/50]-(5/22) Loss: 2.0402, Acc(1): 25.00, Acc(5): 100.00
2023-06-19 16:28:35,867 - AUGCON - INFO - Epoch [13/50]-(10/22) Loss: 2.1607, Acc(1): 0.00, Acc(5): 75.00
2023-06-19 16:28:35,868 - AUGCON - INFO - Epoch [13/50]-(15/22) Loss: 2.1042, Acc(1): 25.00, Acc(5): 50.00
2023-06-19 16:28:35,868 - AUGCON - INFO - Epoch [13/50]-(20/22) Loss: 1.7345, Acc(1): 75.00, Acc(5): 100.00
2023-06-19 16:28:35,868 - AUGCON - INFO - 	Validation Loss: 1.9394, Acc(1): 42.00, Acc(5): 86.00, F1: 0.11, Recall: 0.12, Precision: 0.10
2023-06-19 16:28:35,868 - AUGCON - INFO - Epoch [14/50]-(0/22) Loss: 2.0060, Acc(1): 25.00, Acc(5): 100.00
2023-06-19 16:28:35,868 - AUGCON - INFO - Epoch [14/50]-(5/22) Loss: 1.9812, Acc(1): 50.00, Acc(5): 100.00
2023-06-19 16:28:35,868 - AUGCON - INFO - Epoch [14/50]-(10/22) Loss: 1.8961, Acc(1): 50.00, Acc(5): 100.00
2023-06-19 16:28:35,868 - AUGCON - INFO - Epoch [14/50]-(15/22) Loss: 2.1440, Acc(1): 0.00, Acc(5): 75.00
2023-06-19 16:28:35,868 - AUGCON - INFO - Epoch [14/50]-(20/22) Loss: 2.0376, Acc(1): 25.00, Acc(5): 75.00
2023-06-19 16:28:35,868 - AUGCON - INFO - 	Validation Loss: 1.9552, Acc(1): 33.00, Acc(5): 87.00, F1: 0.08, Recall: 0.09, Precision: 0.07
2023-06-19 16:28:35,868 - AUGCON - INFO - Epoch [15/50]-(0/22) Loss: 1.8506, Acc(1): 50.00, Acc(5): 75.00
2023-06-19 16:28:35,868 - AUGCON - INFO - Epoch [15/50]-(5/22) Loss: 2.0974, Acc(1): 25.00, Acc(5): 100.00
2023-06-19 16:28:35,868 - AUGCON - INFO - Epoch [15/50]-(10/22) Loss: 1.6773, Acc(1): 50.00, Acc(5): 100.00
2023-06-19 16:28:35,868 - AUGCON - INFO - Epoch [15/50]-(15/22) Loss: 2.0035, Acc(1): 25.00, Acc(5): 50.00
2023-06-19 16:28:35,868 - AUGCON - INFO - Epoch [15/50]-(20/22) Loss: 2.3956, Acc(1): 0.00, Acc(5): 25.00
2023-06-19 16:28:35,868 - AUGCON - INFO - 	Validation Loss: 1.9224, Acc(1): 35.00, Acc(5): 87.00, F1: 0.09, Recall: 0.10, Precision: 0.09
2023-06-19 16:28:35,869 - AUGCON - INFO - Epoch [16/50]-(0/22) Loss: 1.8642, Acc(1): 0.00, Acc(5): 100.00
2023-06-19 16:28:35,869 - AUGCON - INFO - Epoch [16/50]-(5/22) Loss: 1.8667, Acc(1): 50.00, Acc(5): 75.00
2023-06-19 16:28:35,869 - AUGCON - INFO - Epoch [16/50]-(10/22) Loss: 2.0763, Acc(1): 0.00, Acc(5): 75.00
2023-06-19 16:28:35,869 - AUGCON - INFO - Epoch [16/50]-(15/22) Loss: 1.8575, Acc(1): 25.00, Acc(5): 100.00
2023-06-19 16:28:35,869 - AUGCON - INFO - Epoch [16/50]-(20/22) Loss: 1.8175, Acc(1): 75.00, Acc(5): 100.00
2023-06-19 16:28:35,869 - AUGCON - INFO - 	Validation Loss: 1.9282, Acc(1): 37.00, Acc(5): 87.00, F1: 0.09, Recall: 0.11, Precision: 0.08
2023-06-19 16:28:35,869 - AUGCON - INFO - Epoch [17/50]-(0/22) Loss: 1.8713, Acc(1): 50.00, Acc(5): 100.00
2023-06-19 16:28:35,869 - AUGCON - INFO - Epoch [17/50]-(5/22) Loss: 1.9414, Acc(1): 25.00, Acc(5): 100.00
2023-06-19 16:28:35,869 - AUGCON - INFO - Epoch [17/50]-(10/22) Loss: 2.2267, Acc(1): 0.00, Acc(5): 50.00
2023-06-19 16:28:35,869 - AUGCON - INFO - Epoch [17/50]-(15/22) Loss: 1.8052, Acc(1): 25.00, Acc(5): 75.00
2023-06-19 16:28:35,869 - AUGCON - INFO - Epoch [17/50]-(20/22) Loss: 1.6353, Acc(1): 75.00, Acc(5): 100.00
2023-06-19 16:28:35,869 - AUGCON - INFO - 	Validation Loss: 1.8582, Acc(1): 50.00, Acc(5): 92.00, F1: 0.14, Recall: 0.14, Precision: 0.14
2023-06-19 16:28:35,869 - AUGCON - INFO - Epoch [18/50]-(0/22) Loss: 1.7827, Acc(1): 50.00, Acc(5): 100.00
2023-06-19 16:28:35,869 - AUGCON - INFO - Epoch [18/50]-(5/22) Loss: 1.8810, Acc(1): 50.00, Acc(5): 75.00
2023-06-19 16:28:35,869 - AUGCON - INFO - Epoch [18/50]-(10/22) Loss: 2.0888, Acc(1): 0.00, Acc(5): 75.00
2023-06-19 16:28:35,869 - AUGCON - INFO - Epoch [18/50]-(15/22) Loss: 1.7167, Acc(1): 50.00, Acc(5): 100.00
2023-06-19 16:28:35,870 - AUGCON - INFO - Epoch [18/50]-(20/22) Loss: 1.6732, Acc(1): 75.00, Acc(5): 100.00
2023-06-19 16:28:35,870 - AUGCON - INFO - 	Validation Loss: 1.8850, Acc(1): 36.00, Acc(5): 94.00, F1: 0.09, Recall: 0.10, Precision: 0.07
2023-06-19 16:28:35,870 - AUGCON - INFO - Epoch [19/50]-(0/22) Loss: 1.8146, Acc(1): 50.00, Acc(5): 75.00
2023-06-19 16:28:35,870 - AUGCON - INFO - Epoch [19/50]-(5/22) Loss: 2.0879, Acc(1): 25.00, Acc(5): 75.00
2023-06-19 16:28:35,870 - AUGCON - INFO - Epoch [19/50]-(10/22) Loss: 2.1108, Acc(1): 25.00, Acc(5): 50.00
2023-06-19 16:28:35,870 - AUGCON - INFO - Epoch [19/50]-(15/22) Loss: 2.0022, Acc(1): 25.00, Acc(5): 100.00
2023-06-19 16:28:35,870 - AUGCON - INFO - Epoch [19/50]-(20/22) Loss: 1.6969, Acc(1): 50.00, Acc(5): 100.00
2023-06-19 16:28:35,870 - AUGCON - INFO - 	Validation Loss: 1.8201, Acc(1): 60.00, Acc(5): 94.00, F1: 0.16, Recall: 0.14, Precision: 0.17
2023-06-19 16:28:35,870 - AUGCON - INFO - Epoch [20/50]-(0/22) Loss: 1.9832, Acc(1): 0.00, Acc(5): 75.00
2023-06-19 16:28:35,870 - AUGCON - INFO - Epoch [20/50]-(5/22) Loss: 1.5384, Acc(1): 75.00, Acc(5): 100.00
2023-06-19 16:28:35,870 - AUGCON - INFO - Epoch [20/50]-(10/22) Loss: 1.7287, Acc(1): 50.00, Acc(5): 100.00
2023-06-19 16:28:35,870 - AUGCON - INFO - Epoch [20/50]-(15/22) Loss: 2.0313, Acc(1): 25.00, Acc(5): 75.00
2023-06-19 16:28:35,870 - AUGCON - INFO - Epoch [20/50]-(20/22) Loss: 1.7959, Acc(1): 25.00, Acc(5): 100.00
2023-06-19 16:28:35,870 - AUGCON - INFO - 	Validation Loss: 1.8357, Acc(1): 40.00, Acc(5): 93.00, F1: 0.12, Recall: 0.11, Precision: 0.12
2023-06-19 16:28:35,870 - AUGCON - INFO - Epoch [21/50]-(0/22) Loss: 1.7440, Acc(1): 75.00, Acc(5): 100.00
2023-06-19 16:28:35,870 - AUGCON - INFO - Epoch [21/50]-(5/22) Loss: 1.7901, Acc(1): 25.00, Acc(5): 100.00
2023-06-19 16:28:35,871 - AUGCON - INFO - Epoch [21/50]-(10/22) Loss: 1.7406, Acc(1): 50.00, Acc(5): 100.00
2023-06-19 16:28:35,871 - AUGCON - INFO - Epoch [21/50]-(15/22) Loss: 1.6898, Acc(1): 50.00, Acc(5): 100.00
2023-06-19 16:28:35,871 - AUGCON - INFO - Epoch [21/50]-(20/22) Loss: 1.9062, Acc(1): 25.00, Acc(5): 75.00
2023-06-19 16:28:35,871 - AUGCON - INFO - 	Validation Loss: 1.8294, Acc(1): 46.00, Acc(5): 90.00, F1: 0.12, Recall: 0.11, Precision: 0.13
2023-06-19 16:28:35,871 - AUGCON - INFO - Epoch [22/50]-(0/22) Loss: 1.8817, Acc(1): 50.00, Acc(5): 100.00
2023-06-19 16:28:35,871 - AUGCON - INFO - Epoch [22/50]-(5/22) Loss: 1.8641, Acc(1): 25.00, Acc(5): 100.00
2023-06-19 16:28:35,871 - AUGCON - INFO - Epoch [22/50]-(10/22) Loss: 1.8502, Acc(1): 0.00, Acc(5): 75.00
2023-06-19 16:28:35,871 - AUGCON - INFO - Epoch [22/50]-(15/22) Loss: 1.7389, Acc(1): 25.00, Acc(5): 100.00
2023-06-19 16:28:35,871 - AUGCON - INFO - Epoch [22/50]-(20/22) Loss: 1.8606, Acc(1): 25.00, Acc(5): 75.00
2023-06-19 16:28:35,871 - AUGCON - INFO - 	Validation Loss: 1.8187, Acc(1): 55.00, Acc(5): 96.00, F1: 0.14, Recall: 0.15, Precision: 0.13
2023-06-19 16:28:35,871 - AUGCON - INFO - Epoch [23/50]-(0/22) Loss: 1.7822, Acc(1): 100.00, Acc(5): 100.00
2023-06-19 16:28:35,871 - AUGCON - INFO - Epoch [23/50]-(5/22) Loss: 1.8881, Acc(1): 25.00, Acc(5): 100.00
2023-06-19 16:28:35,871 - AUGCON - INFO - Epoch [23/50]-(10/22) Loss: 1.3893, Acc(1): 75.00, Acc(5): 100.00
2023-06-19 16:28:35,871 - AUGCON - INFO - Epoch [23/50]-(15/22) Loss: 1.9881, Acc(1): 50.00, Acc(5): 75.00
2023-06-19 16:28:35,871 - AUGCON - INFO - Epoch [23/50]-(20/22) Loss: 1.9857, Acc(1): 25.00, Acc(5): 100.00
2023-06-19 16:28:35,871 - AUGCON - INFO - 	Validation Loss: 1.8140, Acc(1): 45.00, Acc(5): 97.00, F1: 0.12, Recall: 0.13, Precision: 0.10
2023-06-19 16:28:35,872 - AUGCON - INFO - Epoch [24/50]-(0/22) Loss: 1.8215, Acc(1): 50.00, Acc(5): 100.00
2023-06-19 16:28:35,872 - AUGCON - INFO - Epoch [24/50]-(5/22) Loss: 1.6792, Acc(1): 50.00, Acc(5): 100.00
2023-06-19 16:28:35,872 - AUGCON - INFO - Epoch [24/50]-(10/22) Loss: 1.6590, Acc(1): 50.00, Acc(5): 100.00
2023-06-19 16:28:35,872 - AUGCON - INFO - Epoch [24/50]-(15/22) Loss: 1.9474, Acc(1): 25.00, Acc(5): 100.00
2023-06-19 16:28:35,872 - AUGCON - INFO - Epoch [24/50]-(20/22) Loss: 1.6622, Acc(1): 25.00, Acc(5): 100.00
2023-06-19 16:28:35,872 - AUGCON - INFO - 	Validation Loss: 1.7564, Acc(1): 56.00, Acc(5): 97.00, F1: 0.14, Recall: 0.11, Precision: 0.17
2023-06-19 16:28:35,872 - AUGCON - INFO - Epoch [25/50]-(0/22) Loss: 1.5694, Acc(1): 75.00, Acc(5): 75.00
2023-06-19 16:28:35,872 - AUGCON - INFO - Epoch [25/50]-(5/22) Loss: 1.6913, Acc(1): 50.00, Acc(5): 100.00
2023-06-19 16:28:35,872 - AUGCON - INFO - Epoch [25/50]-(10/22) Loss: 1.6339, Acc(1): 25.00, Acc(5): 100.00
2023-06-19 16:28:35,872 - AUGCON - INFO - Epoch [25/50]-(15/22) Loss: 1.8426, Acc(1): 25.00, Acc(5): 100.00
2023-06-19 16:28:35,872 - AUGCON - INFO - Epoch [25/50]-(20/22) Loss: 1.5998, Acc(1): 25.00, Acc(5): 100.00
2023-06-19 16:28:35,872 - AUGCON - INFO - 	Validation Loss: 1.7690, Acc(1): 47.00, Acc(5): 90.00, F1: 0.12, Recall: 0.13, Precision: 0.11
2023-06-19 16:28:35,872 - AUGCON - INFO - Epoch [26/50]-(0/22) Loss: 1.3423, Acc(1): 100.00, Acc(5): 100.00
2023-06-19 16:28:35,872 - AUGCON - INFO - Epoch [26/50]-(5/22) Loss: 1.9282, Acc(1): 25.00, Acc(5): 100.00
2023-06-19 16:28:35,872 - AUGCON - INFO - Epoch [26/50]-(10/22) Loss: 1.7099, Acc(1): 25.00, Acc(5): 100.00
2023-06-19 16:28:35,873 - AUGCON - INFO - Epoch [26/50]-(15/22) Loss: 1.6032, Acc(1): 25.00, Acc(5): 100.00
2023-06-19 16:28:35,873 - AUGCON - INFO - Epoch [26/50]-(20/22) Loss: 1.9088, Acc(1): 25.00, Acc(5): 100.00
2023-06-19 16:28:35,873 - AUGCON - INFO - 	Validation Loss: 1.7770, Acc(1): 48.00, Acc(5): 98.00, F1: 0.12, Recall: 0.12, Precision: 0.12
2023-06-19 16:28:35,873 - AUGCON - INFO - Epoch [27/50]-(0/22) Loss: 1.6399, Acc(1): 50.00, Acc(5): 100.00
2023-06-19 16:28:35,873 - AUGCON - INFO - Epoch [27/50]-(5/22) Loss: 1.7202, Acc(1): 50.00, Acc(5): 100.00
2023-06-19 16:28:35,873 - AUGCON - INFO - Epoch [27/50]-(10/22) Loss: 1.9407, Acc(1): 25.00, Acc(5): 100.00
2023-06-19 16:28:35,873 - AUGCON - INFO - Epoch [27/50]-(15/22) Loss: 1.5310, Acc(1): 50.00, Acc(5): 100.00
2023-06-19 16:28:35,873 - AUGCON - INFO - Epoch [27/50]-(20/22) Loss: 1.7131, Acc(1): 50.00, Acc(5): 100.00
2023-06-19 16:28:35,873 - AUGCON - INFO - 	Validation Loss: 1.7302, Acc(1): 55.00, Acc(5): 96.00, F1: 0.15, Recall: 0.12, Precision: 0.19
2023-06-19 16:28:35,873 - AUGCON - INFO - Epoch [28/50]-(0/22) Loss: 1.4692, Acc(1): 75.00, Acc(5): 100.00
2023-06-19 16:28:35,873 - AUGCON - INFO - Epoch [28/50]-(5/22) Loss: 1.5930, Acc(1): 75.00, Acc(5): 100.00
2023-06-19 16:28:35,873 - AUGCON - INFO - Epoch [28/50]-(10/22) Loss: 1.6713, Acc(1): 50.00, Acc(5): 100.00
2023-06-19 16:28:35,873 - AUGCON - INFO - Epoch [28/50]-(15/22) Loss: 1.5475, Acc(1): 75.00, Acc(5): 100.00
2023-06-19 16:28:35,873 - AUGCON - INFO - Epoch [28/50]-(20/22) Loss: 2.0249, Acc(1): 25.00, Acc(5): 75.00
2023-06-19 16:28:35,873 - AUGCON - INFO - 	Validation Loss: 1.7190, Acc(1): 56.00, Acc(5): 98.00, F1: 0.15, Recall: 0.12, Precision: 0.20
2023-06-19 16:28:35,873 - AUGCON - INFO - Epoch [29/50]-(0/22) Loss: 1.1443, Acc(1): 75.00, Acc(5): 100.00
2023-06-19 16:28:35,874 - AUGCON - INFO - Epoch [29/50]-(5/22) Loss: 1.8049, Acc(1): 25.00, Acc(5): 100.00
2023-06-19 16:28:35,874 - AUGCON - INFO - Epoch [29/50]-(10/22) Loss: 1.6904, Acc(1): 50.00, Acc(5): 100.00
2023-06-19 16:28:35,874 - AUGCON - INFO - Epoch [29/50]-(15/22) Loss: 2.0639, Acc(1): 0.00, Acc(5): 100.00
2023-06-19 16:28:35,874 - AUGCON - INFO - Epoch [29/50]-(20/22) Loss: 1.6387, Acc(1): 50.00, Acc(5): 100.00
2023-06-19 16:28:35,874 - AUGCON - INFO - 	Validation Loss: 1.7107, Acc(1): 59.00, Acc(5): 95.00, F1: 0.14, Recall: 0.13, Precision: 0.15
2023-06-19 16:28:35,874 - AUGCON - INFO - Epoch [30/50]-(0/22) Loss: 1.7985, Acc(1): 50.00, Acc(5): 100.00
2023-06-19 16:28:35,874 - AUGCON - INFO - Epoch [30/50]-(5/22) Loss: 1.4425, Acc(1): 75.00, Acc(5): 100.00
2023-06-19 16:28:35,874 - AUGCON - INFO - Epoch [30/50]-(10/22) Loss: 1.8722, Acc(1): 25.00, Acc(5): 100.00
2023-06-19 16:28:35,874 - AUGCON - INFO - Epoch [30/50]-(15/22) Loss: 1.8577, Acc(1): 25.00, Acc(5): 100.00
2023-06-19 16:28:35,874 - AUGCON - INFO - Epoch [30/50]-(20/22) Loss: 1.5524, Acc(1): 50.00, Acc(5): 100.00
2023-06-19 16:28:35,874 - AUGCON - INFO - 	Validation Loss: 1.7006, Acc(1): 54.00, Acc(5): 92.00, F1: 0.15, Recall: 0.14, Precision: 0.16
2023-06-19 16:28:35,874 - AUGCON - INFO - Epoch [31/50]-(0/22) Loss: 1.4857, Acc(1): 100.00, Acc(5): 100.00
2023-06-19 16:28:35,874 - AUGCON - INFO - Epoch [31/50]-(5/22) Loss: 1.5948, Acc(1): 75.00, Acc(5): 100.00
2023-06-19 16:28:35,874 - AUGCON - INFO - Epoch [31/50]-(10/22) Loss: 1.4859, Acc(1): 75.00, Acc(5): 100.00
2023-06-19 16:28:35,874 - AUGCON - INFO - Epoch [31/50]-(15/22) Loss: 1.4240, Acc(1): 100.00, Acc(5): 100.00
2023-06-19 16:28:35,875 - AUGCON - INFO - Epoch [31/50]-(20/22) Loss: 2.3713, Acc(1): 0.00, Acc(5): 50.00
2023-06-19 16:28:35,875 - AUGCON - INFO - 	Validation Loss: 1.7265, Acc(1): 42.00, Acc(5): 94.00, F1: 0.11, Recall: 0.12, Precision: 0.10
2023-06-19 16:28:35,875 - AUGCON - INFO - Epoch [32/50]-(0/22) Loss: 1.2322, Acc(1): 100.00, Acc(5): 100.00
2023-06-19 16:28:35,875 - AUGCON - INFO - Epoch [32/50]-(5/22) Loss: 1.4444, Acc(1): 50.00, Acc(5): 100.00
2023-06-19 16:28:35,875 - AUGCON - INFO - Epoch [32/50]-(10/22) Loss: 2.0456, Acc(1): 0.00, Acc(5): 100.00
2023-06-19 16:28:35,875 - AUGCON - INFO - Epoch [32/50]-(15/22) Loss: 1.7844, Acc(1): 50.00, Acc(5): 100.00
2023-06-19 16:28:35,875 - AUGCON - INFO - Epoch [32/50]-(20/22) Loss: 2.0106, Acc(1): 0.00, Acc(5): 100.00
2023-06-19 16:28:35,875 - AUGCON - INFO - 	Validation Loss: 1.6665, Acc(1): 54.00, Acc(5): 97.00, F1: 0.15, Recall: 0.11, Precision: 0.25
2023-06-19 16:28:35,875 - AUGCON - INFO - Epoch [33/50]-(0/22) Loss: 1.9110, Acc(1): 0.00, Acc(5): 100.00
2023-06-19 16:28:35,875 - AUGCON - INFO - Epoch [33/50]-(5/22) Loss: 1.4891, Acc(1): 50.00, Acc(5): 100.00
2023-06-19 16:28:35,875 - AUGCON - INFO - Epoch [33/50]-(10/22) Loss: 1.2605, Acc(1): 25.00, Acc(5): 100.00
2023-06-19 16:28:35,875 - AUGCON - INFO - Epoch [33/50]-(15/22) Loss: 1.3590, Acc(1): 50.00, Acc(5): 100.00
2023-06-19 16:28:35,875 - AUGCON - INFO - Epoch [33/50]-(20/22) Loss: 1.5785, Acc(1): 25.00, Acc(5): 100.00
2023-06-19 16:28:35,876 - AUGCON - INFO - 	Validation Loss: 1.6954, Acc(1): 70.00, Acc(5): 91.00, F1: 0.18, Recall: 0.16, Precision: 0.20
2023-06-19 16:28:35,876 - AUGCON - INFO - Epoch [34/50]-(0/22) Loss: 1.6073, Acc(1): 100.00, Acc(5): 100.00
2023-06-19 16:28:35,876 - AUGCON - INFO - Epoch [34/50]-(5/22) Loss: 1.7835, Acc(1): 25.00, Acc(5): 75.00
2023-06-19 16:28:35,876 - AUGCON - INFO - Epoch [34/50]-(10/22) Loss: 1.8809, Acc(1): 0.00, Acc(5): 75.00
2023-06-19 16:28:35,876 - AUGCON - INFO - Epoch [34/50]-(15/22) Loss: 1.8438, Acc(1): 25.00, Acc(5): 75.00
2023-06-19 16:28:35,876 - AUGCON - INFO - Epoch [34/50]-(20/22) Loss: 1.4313, Acc(1): 75.00, Acc(5): 100.00
2023-06-19 16:28:35,876 - AUGCON - INFO - 	Validation Loss: 1.6765, Acc(1): 52.00, Acc(5): 98.00, F1: 0.13, Recall: 0.14, Precision: 0.12
2023-06-19 16:28:35,876 - AUGCON - INFO - Epoch [35/50]-(0/22) Loss: 1.7470, Acc(1): 75.00, Acc(5): 100.00
2023-06-19 16:28:35,876 - AUGCON - INFO - Epoch [35/50]-(5/22) Loss: 1.5050, Acc(1): 50.00, Acc(5): 100.00
2023-06-19 16:28:35,876 - AUGCON - INFO - Epoch [35/50]-(10/22) Loss: 1.4755, Acc(1): 75.00, Acc(5): 75.00
2023-06-19 16:28:35,876 - AUGCON - INFO - Epoch [35/50]-(15/22) Loss: 1.9376, Acc(1): 50.00, Acc(5): 75.00
2023-06-19 16:28:35,876 - AUGCON - INFO - Epoch [35/50]-(20/22) Loss: 1.6857, Acc(1): 50.00, Acc(5): 100.00
2023-06-19 16:28:35,876 - AUGCON - INFO - 	Validation Loss: 1.7359, Acc(1): 42.00, Acc(5): 90.00, F1: 0.10, Recall: 0.11, Precision: 0.09
2023-06-19 16:28:35,876 - AUGCON - INFO - Epoch [36/50]-(0/22) Loss: 1.7280, Acc(1): 50.00, Acc(5): 100.00
2023-06-19 16:28:35,876 - AUGCON - INFO - Epoch [36/50]-(5/22) Loss: 1.4416, Acc(1): 50.00, Acc(5): 100.00
2023-06-19 16:28:35,877 - AUGCON - INFO - Epoch [36/50]-(10/22) Loss: 1.5551, Acc(1): 25.00, Acc(5): 100.00
2023-06-19 16:28:35,877 - AUGCON - INFO - Epoch [36/50]-(15/22) Loss: 1.7195, Acc(1): 50.00, Acc(5): 100.00
2023-06-19 16:28:35,877 - AUGCON - INFO - Epoch [36/50]-(20/22) Loss: 1.7947, Acc(1): 25.00, Acc(5): 100.00
2023-06-19 16:28:35,877 - AUGCON - INFO - 	Validation Loss: 1.6521, Acc(1): 48.00, Acc(5): 94.00, F1: 0.12, Recall: 0.13, Precision: 0.11
2023-06-19 16:28:35,877 - AUGCON - INFO - Epoch [37/50]-(0/22) Loss: 1.3524, Acc(1): 75.00, Acc(5): 100.00
2023-06-19 16:28:35,877 - AUGCON - INFO - Epoch [37/50]-(5/22) Loss: 1.1745, Acc(1): 75.00, Acc(5): 100.00
2023-06-19 16:28:35,877 - AUGCON - INFO - Epoch [37/50]-(10/22) Loss: 1.4962, Acc(1): 75.00, Acc(5): 100.00
2023-06-19 16:28:35,877 - AUGCON - INFO - Epoch [37/50]-(15/22) Loss: 2.0077, Acc(1): 25.00, Acc(5): 100.00
2023-06-19 16:28:35,877 - AUGCON - INFO - Epoch [37/50]-(20/22) Loss: 1.5826, Acc(1): 75.00, Acc(5): 100.00
2023-06-19 16:28:35,877 - AUGCON - INFO - 	Validation Loss: 1.6525, Acc(1): 50.00, Acc(5): 93.00, F1: 0.13, Recall: 0.14, Precision: 0.11
2023-06-19 16:28:35,877 - AUGCON - INFO - Epoch [38/50]-(0/22) Loss: 1.5952, Acc(1): 50.00, Acc(5): 100.00
2023-06-19 16:28:35,877 - AUGCON - INFO - Epoch [38/50]-(5/22) Loss: 1.7539, Acc(1): 25.00, Acc(5): 75.00
2023-06-19 16:28:35,877 - AUGCON - INFO - Epoch [38/50]-(10/22) Loss: 1.8650, Acc(1): 25.00, Acc(5): 100.00
2023-06-19 16:28:35,877 - AUGCON - INFO - Epoch [38/50]-(15/22) Loss: 1.6605, Acc(1): 25.00, Acc(5): 100.00
2023-06-19 16:28:35,877 - AUGCON - INFO - Epoch [38/50]-(20/22) Loss: 1.6535, Acc(1): 50.00, Acc(5): 100.00
2023-06-19 16:28:35,877 - AUGCON - INFO - 	Validation Loss: 1.6513, Acc(1): 55.00, Acc(5): 96.00, F1: 0.13, Recall: 0.11, Precision: 0.15
2023-06-19 16:28:35,878 - AUGCON - INFO - Epoch [39/50]-(0/22) Loss: 1.6709, Acc(1): 75.00, Acc(5): 100.00
2023-06-19 16:28:35,878 - AUGCON - INFO - Epoch [39/50]-(5/22) Loss: 1.3821, Acc(1): 50.00, Acc(5): 100.00
2023-06-19 16:28:35,878 - AUGCON - INFO - Epoch [39/50]-(10/22) Loss: 1.4296, Acc(1): 75.00, Acc(5): 100.00
2023-06-19 16:28:35,878 - AUGCON - INFO - Epoch [39/50]-(15/22) Loss: 1.5411, Acc(1): 25.00, Acc(5): 100.00
2023-06-19 16:28:35,878 - AUGCON - INFO - Epoch [39/50]-(20/22) Loss: 1.9351, Acc(1): 25.00, Acc(5): 100.00
2023-06-19 16:28:35,878 - AUGCON - INFO - 	Validation Loss: 1.6581, Acc(1): 47.00, Acc(5): 96.00, F1: 0.12, Recall: 0.13, Precision: 0.11
2023-06-19 16:28:35,878 - AUGCON - INFO - Epoch [40/50]-(0/22) Loss: 1.8942, Acc(1): 25.00, Acc(5): 100.00
2023-06-19 16:28:35,878 - AUGCON - INFO - Epoch [40/50]-(5/22) Loss: 1.3504, Acc(1): 100.00, Acc(5): 100.00
2023-06-19 16:28:35,878 - AUGCON - INFO - Epoch [40/50]-(10/22) Loss: 1.4670, Acc(1): 50.00, Acc(5): 100.00
2023-06-19 16:28:35,878 - AUGCON - INFO - Epoch [40/50]-(15/22) Loss: 1.1915, Acc(1): 100.00, Acc(5): 100.00
2023-06-19 16:28:35,878 - AUGCON - INFO - Epoch [40/50]-(20/22) Loss: 1.8575, Acc(1): 25.00, Acc(5): 75.00
2023-06-19 16:28:35,878 - AUGCON - INFO - 	Validation Loss: 1.6216, Acc(1): 53.00, Acc(5): 95.00, F1: 0.13, Recall: 0.10, Precision: 0.18
2023-06-19 16:28:35,878 - AUGCON - INFO - Epoch [41/50]-(0/22) Loss: 1.8808, Acc(1): 25.00, Acc(5): 100.00
2023-06-19 16:28:35,878 - AUGCON - INFO - Epoch [41/50]-(5/22) Loss: 1.7481, Acc(1): 25.00, Acc(5): 100.00
2023-06-19 16:28:35,878 - AUGCON - INFO - Epoch [41/50]-(10/22) Loss: 1.7242, Acc(1): 50.00, Acc(5): 100.00
2023-06-19 16:28:35,878 - AUGCON - INFO - Epoch [41/50]-(15/22) Loss: 1.1570, Acc(1): 100.00, Acc(5): 100.00
2023-06-19 16:28:35,879 - AUGCON - INFO - Epoch [41/50]-(20/22) Loss: 2.0532, Acc(1): 0.00, Acc(5): 75.00
2023-06-19 16:28:35,879 - AUGCON - INFO - 	Validation Loss: 1.6221, Acc(1): 59.00, Acc(5): 96.00, F1: 0.13, Recall: 0.13, Precision: 0.12
2023-06-19 16:28:35,879 - AUGCON - INFO - Epoch [42/50]-(0/22) Loss: 1.4942, Acc(1): 75.00, Acc(5): 100.00
2023-06-19 16:28:35,879 - AUGCON - INFO - Epoch [42/50]-(5/22) Loss: 0.7646, Acc(1): 100.00, Acc(5): 100.00
2023-06-19 16:28:35,879 - AUGCON - INFO - Epoch [42/50]-(10/22) Loss: 1.5845, Acc(1): 50.00, Acc(5): 100.00
2023-06-19 16:28:35,879 - AUGCON - INFO - Epoch [42/50]-(15/22) Loss: 1.4498, Acc(1): 50.00, Acc(5): 100.00
2023-06-19 16:28:35,879 - AUGCON - INFO - Epoch [42/50]-(20/22) Loss: 1.6891, Acc(1): 25.00, Acc(5): 100.00
2023-06-19 16:28:35,879 - AUGCON - INFO - 	Validation Loss: 1.6189, Acc(1): 50.00, Acc(5): 94.00, F1: 0.13, Recall: 0.12, Precision: 0.13
2023-06-19 16:28:35,879 - AUGCON - INFO - Epoch [43/50]-(0/22) Loss: 1.3991, Acc(1): 75.00, Acc(5): 100.00
2023-06-19 16:28:35,879 - AUGCON - INFO - Epoch [43/50]-(5/22) Loss: 1.3739, Acc(1): 100.00, Acc(5): 100.00
2023-06-19 16:28:35,879 - AUGCON - INFO - Epoch [43/50]-(10/22) Loss: 1.2952, Acc(1): 100.00, Acc(5): 100.00
2023-06-19 16:28:35,879 - AUGCON - INFO - Epoch [43/50]-(15/22) Loss: 1.2102, Acc(1): 100.00, Acc(5): 100.00
2023-06-19 16:28:35,879 - AUGCON - INFO - Epoch [43/50]-(20/22) Loss: 2.0630, Acc(1): 25.00, Acc(5): 75.00
2023-06-19 16:28:35,879 - AUGCON - INFO - 	Validation Loss: 1.5867, Acc(1): 56.00, Acc(5): 97.00, F1: 0.14, Recall: 0.15, Precision: 0.14
2023-06-19 16:28:35,879 - AUGCON - INFO - Epoch [44/50]-(0/22) Loss: 1.6881, Acc(1): 50.00, Acc(5): 100.00
2023-06-19 16:28:35,879 - AUGCON - INFO - Epoch [44/50]-(5/22) Loss: 1.8016, Acc(1): 25.00, Acc(5): 100.00
2023-06-19 16:28:35,880 - AUGCON - INFO - Epoch [44/50]-(10/22) Loss: 1.5293, Acc(1): 50.00, Acc(5): 100.00
2023-06-19 16:28:35,880 - AUGCON - INFO - Epoch [44/50]-(15/22) Loss: 1.7022, Acc(1): 25.00, Acc(5): 100.00
2023-06-19 16:28:35,880 - AUGCON - INFO - Epoch [44/50]-(20/22) Loss: 1.4028, Acc(1): 50.00, Acc(5): 100.00
2023-06-19 16:28:35,880 - AUGCON - INFO - 	Validation Loss: 1.5986, Acc(1): 52.00, Acc(5): 99.00, F1: 0.12, Recall: 0.11, Precision: 0.14
2023-06-19 16:28:35,880 - AUGCON - INFO - Epoch [45/50]-(0/22) Loss: 1.4544, Acc(1): 50.00, Acc(5): 100.00
2023-06-19 16:28:35,880 - AUGCON - INFO - Epoch [45/50]-(5/22) Loss: 1.6242, Acc(1): 25.00, Acc(5): 100.00
2023-06-19 16:28:35,880 - AUGCON - INFO - Epoch [45/50]-(10/22) Loss: 1.6970, Acc(1): 50.00, Acc(5): 100.00
2023-06-19 16:28:35,880 - AUGCON - INFO - Epoch [45/50]-(15/22) Loss: 1.8568, Acc(1): 25.00, Acc(5): 75.00
2023-06-19 16:28:35,880 - AUGCON - INFO - Epoch [45/50]-(20/22) Loss: 1.4167, Acc(1): 75.00, Acc(5): 100.00
2023-06-19 16:28:35,880 - AUGCON - INFO - 	Validation Loss: 1.5753, Acc(1): 57.00, Acc(5): 96.00, F1: 0.15, Recall: 0.15, Precision: 0.16
2023-06-19 16:28:35,880 - AUGCON - INFO - Epoch [46/50]-(0/22) Loss: 1.4824, Acc(1): 75.00, Acc(5): 100.00
2023-06-19 16:28:35,880 - AUGCON - INFO - Epoch [46/50]-(5/22) Loss: 1.5068, Acc(1): 50.00, Acc(5): 100.00
2023-06-19 16:28:35,880 - AUGCON - INFO - Epoch [46/50]-(10/22) Loss: 1.0484, Acc(1): 100.00, Acc(5): 100.00
2023-06-19 16:28:35,880 - AUGCON - INFO - Epoch [46/50]-(15/22) Loss: 1.5867, Acc(1): 75.00, Acc(5): 100.00
2023-06-19 16:28:35,881 - AUGCON - INFO - Epoch [46/50]-(20/22) Loss: 1.4226, Acc(1): 50.00, Acc(5): 100.00
2023-06-19 16:28:35,881 - AUGCON - INFO - 	Validation Loss: 1.6371, Acc(1): 39.00, Acc(5): 95.00, F1: 0.09, Recall: 0.11, Precision: 0.08
2023-06-19 16:28:35,881 - AUGCON - INFO - Epoch [47/50]-(0/22) Loss: 1.6919, Acc(1): 50.00, Acc(5): 100.00
2023-06-19 16:28:35,881 - AUGCON - INFO - Epoch [47/50]-(5/22) Loss: 1.5574, Acc(1): 50.00, Acc(5): 100.00
2023-06-19 16:28:35,881 - AUGCON - INFO - Epoch [47/50]-(10/22) Loss: 1.8494, Acc(1): 25.00, Acc(5): 100.00
2023-06-19 16:28:35,881 - AUGCON - INFO - Epoch [47/50]-(15/22) Loss: 1.6005, Acc(1): 75.00, Acc(5): 100.00
2023-06-19 16:28:35,881 - AUGCON - INFO - Epoch [47/50]-(20/22) Loss: 1.5194, Acc(1): 75.00, Acc(5): 100.00
2023-06-19 16:28:35,881 - AUGCON - INFO - 	Validation Loss: 1.5696, Acc(1): 59.00, Acc(5): 96.00, F1: 0.16, Recall: 0.13, Precision: 0.22
2023-06-19 16:28:35,881 - AUGCON - INFO - Epoch [48/50]-(0/22) Loss: 1.1216, Acc(1): 100.00, Acc(5): 100.00
2023-06-19 16:28:35,881 - AUGCON - INFO - Epoch [48/50]-(5/22) Loss: 1.5569, Acc(1): 50.00, Acc(5): 100.00
2023-06-19 16:28:35,881 - AUGCON - INFO - Epoch [48/50]-(10/22) Loss: 1.6962, Acc(1): 25.00, Acc(5): 100.00
2023-06-19 16:28:35,881 - AUGCON - INFO - Epoch [48/50]-(15/22) Loss: 1.3940, Acc(1): 75.00, Acc(5): 100.00
2023-06-19 16:28:35,881 - AUGCON - INFO - Epoch [48/50]-(20/22) Loss: 1.5273, Acc(1): 25.00, Acc(5): 100.00
2023-06-19 16:28:35,881 - AUGCON - INFO - 	Validation Loss: 1.5961, Acc(1): 43.00, Acc(5): 94.00, F1: 0.10, Recall: 0.12, Precision: 0.09
2023-06-19 16:28:35,881 - AUGCON - INFO - Epoch [49/50]-(0/22) Loss: 1.6519, Acc(1): 50.00, Acc(5): 100.00
2023-06-19 16:28:35,882 - AUGCON - INFO - Epoch [49/50]-(5/22) Loss: 1.4160, Acc(1): 75.00, Acc(5): 100.00
2023-06-19 16:28:35,882 - AUGCON - INFO - Epoch [49/50]-(10/22) Loss: 1.3609, Acc(1): 75.00, Acc(5): 100.00
2023-06-19 16:28:35,882 - AUGCON - INFO - Epoch [49/50]-(15/22) Loss: 1.3950, Acc(1): 75.00, Acc(5): 100.00
2023-06-19 16:28:35,882 - AUGCON - INFO - Epoch [49/50]-(20/22) Loss: 1.6695, Acc(1): 75.00, Acc(5): 100.00
2023-06-19 16:28:35,882 - AUGCON - INFO - 	Validation Loss: 1.5384, Acc(1): 56.00, Acc(5): 96.00, F1: 0.15, Recall: 0.14, Precision: 0.16
2023-06-19 16:28:35,882 - AUGCON - INFO - Epoch [50/50]-(0/22) Loss: 1.6164, Acc(1): 50.00, Acc(5): 100.00
2023-06-19 16:28:35,882 - AUGCON - INFO - Epoch [50/50]-(5/22) Loss: 1.2896, Acc(1): 75.00, Acc(5): 100.00
2023-06-19 16:28:35,882 - AUGCON - INFO - Epoch [50/50]-(10/22) Loss: 1.6503, Acc(1): 75.00, Acc(5): 100.00
2023-06-19 16:28:35,882 - AUGCON - INFO - Epoch [50/50]-(15/22) Loss: 1.3491, Acc(1): 50.00, Acc(5): 100.00
2023-06-19 16:28:35,882 - AUGCON - INFO - Epoch [50/50]-(20/22) Loss: 1.3905, Acc(1): 75.00, Acc(5): 100.00
2023-06-19 16:28:35,882 - AUGCON - INFO - 	Validation Loss: 1.5665, Acc(1): 57.00, Acc(5): 92.00, F1: 0.16, Recall: 0.11, Precision: 0.24
2023-06-19 16:28:35,882 - AUGCON - INFO - 	Validation Loss: 1.4283, Acc(1): 62.67, Acc(5): 97.67, F1: 0.16, Recall: 0.13, Precision: 0.21
