2023-06-19 16:27:57,867 - AUGCON - INFO - logger initialized (/home/hjyoon/projects/augcon/config/exp0/finetune_da_false/without_target_domain_PH0012-thanh/metacpc_perdomain_8421/tgt_target_domain_WA0002-bkkim_seed0.yaml.log)
2023-06-19 16:27:57,867 - AUGCON - INFO - ================= Config =================
2023-06-19 16:27:57,867 - AUGCON - INFO -   mode: finetune
2023-06-19 16:27:57,867 - AUGCON - INFO -   seed: 0
2023-06-19 16:27:57,867 - AUGCON - INFO -   gpu: [1]
2023-06-19 16:27:57,868 - AUGCON - INFO -   num_workers: 1
2023-06-19 16:27:57,868 - AUGCON - INFO -   dist_url: tcp://localhost:10001
2023-06-19 16:27:57,868 - AUGCON - INFO -   dataset_name: ichar
2023-06-19 16:27:57,868 - AUGCON - INFO -   train_dataset_path: /mnt/sting/hjyoon/projects/cross/ICHAR/augcon/target_domain_WA0002-bkkim/finetune/10shot/target/train.pkl
2023-06-19 16:27:57,868 - AUGCON - INFO -   test_dataset_path: /mnt/sting/hjyoon/projects/cross/ICHAR/augcon/target_domain_WA0002-bkkim/finetune/10shot/target/test.pkl
2023-06-19 16:27:57,868 - AUGCON - INFO -   val_dataset_path: /mnt/sting/hjyoon/projects/cross/ICHAR/augcon/target_domain_WA0002-bkkim/finetune/10shot/target/val.pkl
2023-06-19 16:27:57,868 - AUGCON - INFO -   input_channels: 3
2023-06-19 16:27:57,868 - AUGCON - INFO -   num_cls: 9
2023-06-19 16:27:57,868 - AUGCON - INFO -   optimizer: adam
2023-06-19 16:27:57,868 - AUGCON - INFO -   criterion: crossentropy
2023-06-19 16:27:57,868 - AUGCON - INFO -   start_epoch: 0
2023-06-19 16:27:57,868 - AUGCON - INFO -   epochs: 50
2023-06-19 16:27:57,868 - AUGCON - INFO -   batch_size: 4
2023-06-19 16:27:57,868 - AUGCON - INFO -   lr: 0.001
2023-06-19 16:27:57,868 - AUGCON - INFO -   wd: 0.0
2023-06-19 16:27:57,868 - AUGCON - INFO -   resume: 
2023-06-19 16:27:57,868 - AUGCON - INFO -   pretrained: /mnt/sting/hjyoon/projects/augcontrast/models/exp0/pretrain/without_target_domain_PH0012-thanh/metacpc_perdomain_8421/checkpoint_0999.pth.tar
2023-06-19 16:27:57,868 - AUGCON - INFO -   ckpt_dir: /mnt/sting/hjyoon/projects/augcontrast/models/exp0/finetune_da_false/without_target_domain_PH0012-thanh/metacpc_perdomain_8421/tgt_target_domain_WA0002-bkkim_seed0
2023-06-19 16:27:57,868 - AUGCON - INFO -   log_freq: 5
2023-06-19 16:27:57,868 - AUGCON - INFO -   save_freq: 10
2023-06-19 16:27:57,868 - AUGCON - INFO -   pretext: metacpc
2023-06-19 16:27:57,868 - AUGCON - INFO -   enc_blocks: 4
2023-06-19 16:27:57,868 - AUGCON - INFO -   kernel_sizes: [8, 4, 2, 1]
2023-06-19 16:27:57,868 - AUGCON - INFO -   strides: [4, 2, 1, 1]
2023-06-19 16:27:57,868 - AUGCON - INFO -   agg_blocks: 5
2023-06-19 16:27:57,868 - AUGCON - INFO -   z_dim: 256
2023-06-19 16:27:57,868 - AUGCON - INFO -   pooling: mean
2023-06-19 16:27:57,868 - AUGCON - INFO -   pred_steps: 12
2023-06-19 16:27:57,868 - AUGCON - INFO -   n_negatives: 15
2023-06-19 16:27:57,868 - AUGCON - INFO -   offset: 4
2023-06-19 16:27:57,868 - AUGCON - INFO -   domain_adaptation: False
2023-06-19 16:27:57,868 - AUGCON - INFO -   task_steps: 10
2023-06-19 16:27:57,868 - AUGCON - INFO -   task_lr: 0.001
2023-06-19 16:27:57,868 - AUGCON - INFO -   reg_lambda: 0
2023-06-19 16:27:57,868 - AUGCON - INFO -   mlp: False
2023-06-19 16:27:57,868 - AUGCON - INFO -   freeze: True
2023-06-19 16:27:57,868 - AUGCON - INFO -   no_vars: False
2023-06-19 16:27:57,869 - AUGCON - INFO - ==========================================
2023-06-19 16:27:57,869 - AUGCON - INFO - Setting GPUs: [1]
2023-06-19 16:27:57,869 - AUGCON - INFO - GPUs [1] will be used
2023-06-19 16:27:57,869 - AUGCON - WARNING - You have chosen to seed training. 
2023-06-19 16:27:57,869 - AUGCON - WARNING - This will turn on the CUDNN deterministic setting, 
2023-06-19 16:27:57,869 - AUGCON - WARNING - which can slow down your training considerably! 
2023-06-19 16:27:57,869 - AUGCON - WARNING - You may see unexpected behavior when restarting 
2023-06-19 16:27:57,869 - AUGCON - WARNING - from checkpoints.
2023-06-19 16:27:57,895 - AUGCON - INFO - Executing MetaCPC
2023-06-19 16:27:57,896 - AUGCON - INFO - Logs are skipped during training
2023-06-19 16:28:15,423 - AUGCON - INFO - Single GPU is used for training - training 90 instances for each worker
2023-06-19 16:28:15,424 - AUGCON - INFO - Loading pretrained model from checkpoint - /mnt/sting/hjyoon/projects/augcontrast/models/exp0/pretrain/without_target_domain_PH0012-thanh/metacpc_perdomain_8421/checkpoint_0999.pth.tar
2023-06-19 16:28:15,424 - AUGCON - INFO - Missing keys: []
2023-06-19 16:28:15,424 - AUGCON - INFO - Loading encoder parameters to the classifier
2023-06-19 16:28:15,424 - AUGCON - INFO - Missing keys: ['classifier.block.0.weight', 'classifier.block.0.bias']
2023-06-19 16:28:15,424 - AUGCON - INFO - Epoch [1/50]-(0/22) Loss: 2.1869, Acc(1): 25.00, Acc(5): 75.00
2023-06-19 16:28:15,424 - AUGCON - INFO - Epoch [1/50]-(5/22) Loss: 2.1022, Acc(1): 0.00, Acc(5): 75.00
2023-06-19 16:28:15,424 - AUGCON - INFO - Epoch [1/50]-(10/22) Loss: 2.8589, Acc(1): 0.00, Acc(5): 25.00
2023-06-19 16:28:15,424 - AUGCON - INFO - Epoch [1/50]-(15/22) Loss: 2.7100, Acc(1): 25.00, Acc(5): 50.00
2023-06-19 16:28:15,424 - AUGCON - INFO - Epoch [1/50]-(20/22) Loss: 2.6812, Acc(1): 0.00, Acc(5): 25.00
2023-06-19 16:28:15,424 - AUGCON - INFO - 	Validation Loss: 2.2849, Acc(1): 15.00, Acc(5): 46.00, F1: 0.05, Recall: 0.04, Precision: 0.05
2023-06-19 16:28:15,425 - AUGCON - INFO - Epoch [2/50]-(0/22) Loss: 2.3223, Acc(1): 0.00, Acc(5): 50.00
2023-06-19 16:28:15,425 - AUGCON - INFO - Epoch [2/50]-(5/22) Loss: 2.2563, Acc(1): 0.00, Acc(5): 50.00
2023-06-19 16:28:15,425 - AUGCON - INFO - Epoch [2/50]-(10/22) Loss: 2.5720, Acc(1): 0.00, Acc(5): 25.00
2023-06-19 16:28:15,425 - AUGCON - INFO - Epoch [2/50]-(15/22) Loss: 2.4732, Acc(1): 0.00, Acc(5): 25.00
2023-06-19 16:28:15,425 - AUGCON - INFO - Epoch [2/50]-(20/22) Loss: 2.1101, Acc(1): 0.00, Acc(5): 75.00
2023-06-19 16:28:15,425 - AUGCON - INFO - 	Validation Loss: 2.1380, Acc(1): 15.00, Acc(5): 65.00, F1: 0.03, Recall: 0.02, Precision: 0.04
2023-06-19 16:28:15,425 - AUGCON - INFO - Epoch [3/50]-(0/22) Loss: 2.0907, Acc(1): 0.00, Acc(5): 100.00
2023-06-19 16:28:15,425 - AUGCON - INFO - Epoch [3/50]-(5/22) Loss: 2.3481, Acc(1): 0.00, Acc(5): 25.00
2023-06-19 16:28:15,425 - AUGCON - INFO - Epoch [3/50]-(10/22) Loss: 2.1806, Acc(1): 0.00, Acc(5): 75.00
2023-06-19 16:28:15,425 - AUGCON - INFO - Epoch [3/50]-(15/22) Loss: 2.2787, Acc(1): 0.00, Acc(5): 50.00
2023-06-19 16:28:15,425 - AUGCON - INFO - Epoch [3/50]-(20/22) Loss: 2.1833, Acc(1): 25.00, Acc(5): 50.00
2023-06-19 16:28:15,425 - AUGCON - INFO - 	Validation Loss: 2.1307, Acc(1): 16.00, Acc(5): 81.00, F1: 0.04, Recall: 0.04, Precision: 0.03
2023-06-19 16:28:15,425 - AUGCON - INFO - Epoch [4/50]-(0/22) Loss: 2.1239, Acc(1): 0.00, Acc(5): 75.00
2023-06-19 16:28:15,425 - AUGCON - INFO - Epoch [4/50]-(5/22) Loss: 2.1846, Acc(1): 0.00, Acc(5): 100.00
2023-06-19 16:28:15,426 - AUGCON - INFO - Epoch [4/50]-(10/22) Loss: 1.9876, Acc(1): 0.00, Acc(5): 100.00
2023-06-19 16:28:15,426 - AUGCON - INFO - Epoch [4/50]-(15/22) Loss: 2.2474, Acc(1): 25.00, Acc(5): 50.00
2023-06-19 16:28:15,426 - AUGCON - INFO - Epoch [4/50]-(20/22) Loss: 2.1883, Acc(1): 25.00, Acc(5): 50.00
2023-06-19 16:28:15,426 - AUGCON - INFO - 	Validation Loss: 2.0615, Acc(1): 40.00, Acc(5): 77.00, F1: 0.09, Recall: 0.07, Precision: 0.14
2023-06-19 16:28:15,426 - AUGCON - INFO - Epoch [5/50]-(0/22) Loss: 2.0788, Acc(1): 50.00, Acc(5): 75.00
2023-06-19 16:28:15,426 - AUGCON - INFO - Epoch [5/50]-(5/22) Loss: 2.3437, Acc(1): 0.00, Acc(5): 25.00
2023-06-19 16:28:15,426 - AUGCON - INFO - Epoch [5/50]-(10/22) Loss: 2.1772, Acc(1): 0.00, Acc(5): 75.00
2023-06-19 16:28:15,426 - AUGCON - INFO - Epoch [5/50]-(15/22) Loss: 2.2933, Acc(1): 25.00, Acc(5): 25.00
2023-06-19 16:28:15,426 - AUGCON - INFO - Epoch [5/50]-(20/22) Loss: 2.2125, Acc(1): 0.00, Acc(5): 25.00
2023-06-19 16:28:15,426 - AUGCON - INFO - 	Validation Loss: 2.1348, Acc(1): 26.00, Acc(5): 54.00, F1: 0.07, Recall: 0.07, Precision: 0.07
2023-06-19 16:28:15,426 - AUGCON - INFO - Epoch [6/50]-(0/22) Loss: 2.0969, Acc(1): 50.00, Acc(5): 75.00
2023-06-19 16:28:15,426 - AUGCON - INFO - Epoch [6/50]-(5/22) Loss: 2.3004, Acc(1): 0.00, Acc(5): 25.00
2023-06-19 16:28:15,426 - AUGCON - INFO - Epoch [6/50]-(10/22) Loss: 2.2280, Acc(1): 25.00, Acc(5): 75.00
2023-06-19 16:28:15,426 - AUGCON - INFO - Epoch [6/50]-(15/22) Loss: 2.1262, Acc(1): 25.00, Acc(5): 75.00
2023-06-19 16:28:15,427 - AUGCON - INFO - Epoch [6/50]-(20/22) Loss: 2.3459, Acc(1): 25.00, Acc(5): 25.00
2023-06-19 16:28:15,427 - AUGCON - INFO - 	Validation Loss: 2.0378, Acc(1): 47.00, Acc(5): 76.00, F1: 0.11, Recall: 0.13, Precision: 0.10
2023-06-19 16:28:15,427 - AUGCON - INFO - Epoch [7/50]-(0/22) Loss: 1.9788, Acc(1): 75.00, Acc(5): 100.00
2023-06-19 16:28:15,427 - AUGCON - INFO - Epoch [7/50]-(5/22) Loss: 2.2676, Acc(1): 0.00, Acc(5): 50.00
2023-06-19 16:28:15,427 - AUGCON - INFO - Epoch [7/50]-(10/22) Loss: 1.8584, Acc(1): 25.00, Acc(5): 100.00
2023-06-19 16:28:15,427 - AUGCON - INFO - Epoch [7/50]-(15/22) Loss: 1.8805, Acc(1): 25.00, Acc(5): 75.00
2023-06-19 16:28:15,427 - AUGCON - INFO - Epoch [7/50]-(20/22) Loss: 2.2568, Acc(1): 0.00, Acc(5): 25.00
2023-06-19 16:28:15,427 - AUGCON - INFO - 	Validation Loss: 2.0405, Acc(1): 19.00, Acc(5): 91.00, F1: 0.04, Recall: 0.05, Precision: 0.04
2023-06-19 16:28:15,427 - AUGCON - INFO - Epoch [8/50]-(0/22) Loss: 1.9076, Acc(1): 25.00, Acc(5): 75.00
2023-06-19 16:28:15,427 - AUGCON - INFO - Epoch [8/50]-(5/22) Loss: 2.0379, Acc(1): 50.00, Acc(5): 75.00
2023-06-19 16:28:15,427 - AUGCON - INFO - Epoch [8/50]-(10/22) Loss: 2.4041, Acc(1): 0.00, Acc(5): 25.00
2023-06-19 16:28:15,427 - AUGCON - INFO - Epoch [8/50]-(15/22) Loss: 2.0359, Acc(1): 25.00, Acc(5): 75.00
2023-06-19 16:28:15,427 - AUGCON - INFO - Epoch [8/50]-(20/22) Loss: 1.9350, Acc(1): 50.00, Acc(5): 50.00
2023-06-19 16:28:15,428 - AUGCON - INFO - 	Validation Loss: 2.0294, Acc(1): 39.00, Acc(5): 84.00, F1: 0.10, Recall: 0.11, Precision: 0.10
2023-06-19 16:28:15,428 - AUGCON - INFO - Epoch [9/50]-(0/22) Loss: 2.0497, Acc(1): 25.00, Acc(5): 100.00
2023-06-19 16:28:15,428 - AUGCON - INFO - Epoch [9/50]-(5/22) Loss: 1.9944, Acc(1): 50.00, Acc(5): 75.00
2023-06-19 16:28:15,428 - AUGCON - INFO - Epoch [9/50]-(10/22) Loss: 2.0209, Acc(1): 25.00, Acc(5): 75.00
2023-06-19 16:28:15,428 - AUGCON - INFO - Epoch [9/50]-(15/22) Loss: 2.2044, Acc(1): 25.00, Acc(5): 75.00
2023-06-19 16:28:15,428 - AUGCON - INFO - Epoch [9/50]-(20/22) Loss: 2.2052, Acc(1): 0.00, Acc(5): 25.00
2023-06-19 16:28:15,428 - AUGCON - INFO - 	Validation Loss: 1.9907, Acc(1): 45.00, Acc(5): 88.00, F1: 0.13, Recall: 0.12, Precision: 0.13
2023-06-19 16:28:15,428 - AUGCON - INFO - Epoch [10/50]-(0/22) Loss: 1.8176, Acc(1): 25.00, Acc(5): 100.00
2023-06-19 16:28:15,428 - AUGCON - INFO - Epoch [10/50]-(5/22) Loss: 2.0176, Acc(1): 50.00, Acc(5): 75.00
2023-06-19 16:28:15,428 - AUGCON - INFO - Epoch [10/50]-(10/22) Loss: 1.7722, Acc(1): 50.00, Acc(5): 100.00
2023-06-19 16:28:15,428 - AUGCON - INFO - Epoch [10/50]-(15/22) Loss: 1.9881, Acc(1): 25.00, Acc(5): 75.00
2023-06-19 16:28:15,428 - AUGCON - INFO - Epoch [10/50]-(20/22) Loss: 2.2149, Acc(1): 0.00, Acc(5): 75.00
2023-06-19 16:28:15,428 - AUGCON - INFO - 	Validation Loss: 1.9788, Acc(1): 22.00, Acc(5): 92.00, F1: 0.07, Recall: 0.06, Precision: 0.08
2023-06-19 16:28:15,428 - AUGCON - INFO - Epoch [11/50]-(0/22) Loss: 1.5001, Acc(1): 75.00, Acc(5): 100.00
2023-06-19 16:28:15,429 - AUGCON - INFO - Epoch [11/50]-(5/22) Loss: 2.3163, Acc(1): 0.00, Acc(5): 25.00
2023-06-19 16:28:15,429 - AUGCON - INFO - Epoch [11/50]-(10/22) Loss: 1.6718, Acc(1): 75.00, Acc(5): 100.00
2023-06-19 16:28:15,429 - AUGCON - INFO - Epoch [11/50]-(15/22) Loss: 2.3249, Acc(1): 0.00, Acc(5): 50.00
2023-06-19 16:28:15,429 - AUGCON - INFO - Epoch [11/50]-(20/22) Loss: 2.1592, Acc(1): 0.00, Acc(5): 50.00
2023-06-19 16:28:15,429 - AUGCON - INFO - 	Validation Loss: 1.9490, Acc(1): 43.00, Acc(5): 88.00, F1: 0.11, Recall: 0.10, Precision: 0.11
2023-06-19 16:28:15,429 - AUGCON - INFO - Epoch [12/50]-(0/22) Loss: 1.7829, Acc(1): 50.00, Acc(5): 75.00
2023-06-19 16:28:15,429 - AUGCON - INFO - Epoch [12/50]-(5/22) Loss: 1.7295, Acc(1): 50.00, Acc(5): 100.00
2023-06-19 16:28:15,429 - AUGCON - INFO - Epoch [12/50]-(10/22) Loss: 1.9852, Acc(1): 50.00, Acc(5): 100.00
2023-06-19 16:28:15,429 - AUGCON - INFO - Epoch [12/50]-(15/22) Loss: 2.0507, Acc(1): 25.00, Acc(5): 100.00
2023-06-19 16:28:15,429 - AUGCON - INFO - Epoch [12/50]-(20/22) Loss: 2.1214, Acc(1): 25.00, Acc(5): 50.00
2023-06-19 16:28:15,429 - AUGCON - INFO - 	Validation Loss: 1.9820, Acc(1): 27.00, Acc(5): 85.00, F1: 0.06, Recall: 0.07, Precision: 0.06
2023-06-19 16:28:15,429 - AUGCON - INFO - Epoch [13/50]-(0/22) Loss: 1.6850, Acc(1): 50.00, Acc(5): 100.00
2023-06-19 16:28:15,429 - AUGCON - INFO - Epoch [13/50]-(5/22) Loss: 2.0400, Acc(1): 25.00, Acc(5): 75.00
2023-06-19 16:28:15,430 - AUGCON - INFO - Epoch [13/50]-(10/22) Loss: 1.7414, Acc(1): 25.00, Acc(5): 100.00
2023-06-19 16:28:15,430 - AUGCON - INFO - Epoch [13/50]-(15/22) Loss: 1.8958, Acc(1): 25.00, Acc(5): 50.00
2023-06-19 16:28:15,430 - AUGCON - INFO - Epoch [13/50]-(20/22) Loss: 1.9640, Acc(1): 50.00, Acc(5): 75.00
2023-06-19 16:28:15,430 - AUGCON - INFO - 	Validation Loss: 1.8743, Acc(1): 42.00, Acc(5): 86.00, F1: 0.12, Recall: 0.11, Precision: 0.14
2023-06-19 16:28:15,430 - AUGCON - INFO - Epoch [14/50]-(0/22) Loss: 1.8880, Acc(1): 25.00, Acc(5): 100.00
2023-06-19 16:28:15,430 - AUGCON - INFO - Epoch [14/50]-(5/22) Loss: 1.5494, Acc(1): 100.00, Acc(5): 100.00
2023-06-19 16:28:15,430 - AUGCON - INFO - Epoch [14/50]-(10/22) Loss: 1.9009, Acc(1): 50.00, Acc(5): 100.00
2023-06-19 16:28:15,430 - AUGCON - INFO - Epoch [14/50]-(15/22) Loss: 2.2871, Acc(1): 0.00, Acc(5): 50.00
2023-06-19 16:28:15,430 - AUGCON - INFO - Epoch [14/50]-(20/22) Loss: 2.2707, Acc(1): 0.00, Acc(5): 50.00
2023-06-19 16:28:15,430 - AUGCON - INFO - 	Validation Loss: 1.9149, Acc(1): 39.00, Acc(5): 83.00, F1: 0.09, Recall: 0.08, Precision: 0.10
2023-06-19 16:28:15,430 - AUGCON - INFO - Epoch [15/50]-(0/22) Loss: 2.0765, Acc(1): 0.00, Acc(5): 100.00
2023-06-19 16:28:15,430 - AUGCON - INFO - Epoch [15/50]-(5/22) Loss: 1.6203, Acc(1): 50.00, Acc(5): 75.00
2023-06-19 16:28:15,430 - AUGCON - INFO - Epoch [15/50]-(10/22) Loss: 1.8272, Acc(1): 50.00, Acc(5): 75.00
2023-06-19 16:28:15,430 - AUGCON - INFO - Epoch [15/50]-(15/22) Loss: 1.7974, Acc(1): 25.00, Acc(5): 75.00
2023-06-19 16:28:15,431 - AUGCON - INFO - Epoch [15/50]-(20/22) Loss: 2.3411, Acc(1): 0.00, Acc(5): 50.00
2023-06-19 16:28:15,431 - AUGCON - INFO - 	Validation Loss: 1.8827, Acc(1): 30.00, Acc(5): 89.00, F1: 0.10, Recall: 0.08, Precision: 0.11
2023-06-19 16:28:15,431 - AUGCON - INFO - Epoch [16/50]-(0/22) Loss: 2.0153, Acc(1): 0.00, Acc(5): 100.00
2023-06-19 16:28:15,431 - AUGCON - INFO - Epoch [16/50]-(5/22) Loss: 2.0784, Acc(1): 25.00, Acc(5): 50.00
2023-06-19 16:28:15,431 - AUGCON - INFO - Epoch [16/50]-(10/22) Loss: 1.8810, Acc(1): 25.00, Acc(5): 50.00
2023-06-19 16:28:15,431 - AUGCON - INFO - Epoch [16/50]-(15/22) Loss: 1.8300, Acc(1): 25.00, Acc(5): 50.00
2023-06-19 16:28:15,431 - AUGCON - INFO - Epoch [16/50]-(20/22) Loss: 1.9191, Acc(1): 50.00, Acc(5): 100.00
2023-06-19 16:28:15,431 - AUGCON - INFO - 	Validation Loss: 1.8840, Acc(1): 38.00, Acc(5): 86.00, F1: 0.08, Recall: 0.09, Precision: 0.08
2023-06-19 16:28:15,431 - AUGCON - INFO - Epoch [17/50]-(0/22) Loss: 2.1044, Acc(1): 0.00, Acc(5): 75.00
2023-06-19 16:28:15,431 - AUGCON - INFO - Epoch [17/50]-(5/22) Loss: 1.6403, Acc(1): 25.00, Acc(5): 100.00
2023-06-19 16:28:15,431 - AUGCON - INFO - Epoch [17/50]-(10/22) Loss: 1.7371, Acc(1): 25.00, Acc(5): 75.00
2023-06-19 16:28:15,431 - AUGCON - INFO - Epoch [17/50]-(15/22) Loss: 2.0810, Acc(1): 25.00, Acc(5): 100.00
2023-06-19 16:28:15,431 - AUGCON - INFO - Epoch [17/50]-(20/22) Loss: 1.7358, Acc(1): 25.00, Acc(5): 50.00
2023-06-19 16:28:15,431 - AUGCON - INFO - 	Validation Loss: 1.8559, Acc(1): 32.00, Acc(5): 93.00, F1: 0.10, Recall: 0.09, Precision: 0.12
2023-06-19 16:28:15,432 - AUGCON - INFO - Epoch [18/50]-(0/22) Loss: 1.5202, Acc(1): 50.00, Acc(5): 100.00
2023-06-19 16:28:15,432 - AUGCON - INFO - Epoch [18/50]-(5/22) Loss: 1.8915, Acc(1): 25.00, Acc(5): 100.00
2023-06-19 16:28:15,432 - AUGCON - INFO - Epoch [18/50]-(10/22) Loss: 2.2713, Acc(1): 0.00, Acc(5): 75.00
2023-06-19 16:28:15,432 - AUGCON - INFO - Epoch [18/50]-(15/22) Loss: 1.5887, Acc(1): 50.00, Acc(5): 100.00
2023-06-19 16:28:15,432 - AUGCON - INFO - Epoch [18/50]-(20/22) Loss: 1.9021, Acc(1): 50.00, Acc(5): 75.00
2023-06-19 16:28:15,432 - AUGCON - INFO - 	Validation Loss: 1.8538, Acc(1): 35.00, Acc(5): 93.00, F1: 0.10, Recall: 0.10, Precision: 0.11
2023-06-19 16:28:15,432 - AUGCON - INFO - Epoch [19/50]-(0/22) Loss: 1.9288, Acc(1): 50.00, Acc(5): 100.00
2023-06-19 16:28:15,432 - AUGCON - INFO - Epoch [19/50]-(5/22) Loss: 2.1519, Acc(1): 25.00, Acc(5): 75.00
2023-06-19 16:28:15,432 - AUGCON - INFO - Epoch [19/50]-(10/22) Loss: 2.0390, Acc(1): 0.00, Acc(5): 100.00
2023-06-19 16:28:15,432 - AUGCON - INFO - Epoch [19/50]-(15/22) Loss: 1.7281, Acc(1): 25.00, Acc(5): 100.00
2023-06-19 16:28:15,432 - AUGCON - INFO - Epoch [19/50]-(20/22) Loss: 1.4304, Acc(1): 75.00, Acc(5): 100.00
2023-06-19 16:28:15,432 - AUGCON - INFO - 	Validation Loss: 1.8095, Acc(1): 41.00, Acc(5): 84.00, F1: 0.11, Recall: 0.11, Precision: 0.11
2023-06-19 16:28:15,433 - AUGCON - INFO - Epoch [20/50]-(0/22) Loss: 1.8542, Acc(1): 50.00, Acc(5): 100.00
2023-06-19 16:28:15,433 - AUGCON - INFO - Epoch [20/50]-(5/22) Loss: 1.7916, Acc(1): 75.00, Acc(5): 100.00
2023-06-19 16:28:15,433 - AUGCON - INFO - Epoch [20/50]-(10/22) Loss: 1.6736, Acc(1): 50.00, Acc(5): 100.00
2023-06-19 16:28:15,433 - AUGCON - INFO - Epoch [20/50]-(15/22) Loss: 1.7803, Acc(1): 50.00, Acc(5): 75.00
2023-06-19 16:28:15,433 - AUGCON - INFO - Epoch [20/50]-(20/22) Loss: 1.8501, Acc(1): 25.00, Acc(5): 100.00
2023-06-19 16:28:15,433 - AUGCON - INFO - 	Validation Loss: 1.8343, Acc(1): 33.00, Acc(5): 94.00, F1: 0.10, Recall: 0.09, Precision: 0.12
2023-06-19 16:28:15,433 - AUGCON - INFO - Epoch [21/50]-(0/22) Loss: 1.2985, Acc(1): 75.00, Acc(5): 100.00
2023-06-19 16:28:15,433 - AUGCON - INFO - Epoch [21/50]-(5/22) Loss: 1.5165, Acc(1): 25.00, Acc(5): 100.00
2023-06-19 16:28:15,433 - AUGCON - INFO - Epoch [21/50]-(10/22) Loss: 1.9769, Acc(1): 0.00, Acc(5): 100.00
2023-06-19 16:28:15,433 - AUGCON - INFO - Epoch [21/50]-(15/22) Loss: 1.5032, Acc(1): 75.00, Acc(5): 100.00
2023-06-19 16:28:15,433 - AUGCON - INFO - Epoch [21/50]-(20/22) Loss: 1.7005, Acc(1): 25.00, Acc(5): 100.00
2023-06-19 16:28:15,433 - AUGCON - INFO - 	Validation Loss: 1.7597, Acc(1): 41.00, Acc(5): 95.00, F1: 0.11, Recall: 0.11, Precision: 0.11
2023-06-19 16:28:15,433 - AUGCON - INFO - Epoch [22/50]-(0/22) Loss: 1.5889, Acc(1): 25.00, Acc(5): 100.00
2023-06-19 16:28:15,434 - AUGCON - INFO - Epoch [22/50]-(5/22) Loss: 1.9738, Acc(1): 25.00, Acc(5): 100.00
2023-06-19 16:28:15,434 - AUGCON - INFO - Epoch [22/50]-(10/22) Loss: 1.6974, Acc(1): 75.00, Acc(5): 100.00
2023-06-19 16:28:15,434 - AUGCON - INFO - Epoch [22/50]-(15/22) Loss: 2.0669, Acc(1): 0.00, Acc(5): 100.00
2023-06-19 16:28:15,434 - AUGCON - INFO - Epoch [22/50]-(20/22) Loss: 1.4634, Acc(1): 75.00, Acc(5): 100.00
2023-06-19 16:28:15,434 - AUGCON - INFO - 	Validation Loss: 1.7721, Acc(1): 57.00, Acc(5): 95.00, F1: 0.13, Recall: 0.13, Precision: 0.13
2023-06-19 16:28:15,434 - AUGCON - INFO - Epoch [23/50]-(0/22) Loss: 1.7159, Acc(1): 75.00, Acc(5): 100.00
2023-06-19 16:28:15,434 - AUGCON - INFO - Epoch [23/50]-(5/22) Loss: 0.9810, Acc(1): 100.00, Acc(5): 100.00
2023-06-19 16:28:15,434 - AUGCON - INFO - Epoch [23/50]-(10/22) Loss: 1.9985, Acc(1): 0.00, Acc(5): 100.00
2023-06-19 16:28:15,434 - AUGCON - INFO - Epoch [23/50]-(15/22) Loss: 2.0163, Acc(1): 0.00, Acc(5): 100.00
2023-06-19 16:28:15,434 - AUGCON - INFO - Epoch [23/50]-(20/22) Loss: 1.8023, Acc(1): 25.00, Acc(5): 100.00
2023-06-19 16:28:15,434 - AUGCON - INFO - 	Validation Loss: 1.7855, Acc(1): 40.00, Acc(5): 95.00, F1: 0.09, Recall: 0.10, Precision: 0.08
2023-06-19 16:28:15,434 - AUGCON - INFO - Epoch [24/50]-(0/22) Loss: 1.7444, Acc(1): 25.00, Acc(5): 100.00
2023-06-19 16:28:15,435 - AUGCON - INFO - Epoch [24/50]-(5/22) Loss: 1.5093, Acc(1): 50.00, Acc(5): 100.00
2023-06-19 16:28:15,435 - AUGCON - INFO - Epoch [24/50]-(10/22) Loss: 1.9788, Acc(1): 25.00, Acc(5): 100.00
2023-06-19 16:28:15,435 - AUGCON - INFO - Epoch [24/50]-(15/22) Loss: 1.6366, Acc(1): 25.00, Acc(5): 100.00
2023-06-19 16:28:15,435 - AUGCON - INFO - Epoch [24/50]-(20/22) Loss: 1.4828, Acc(1): 50.00, Acc(5): 100.00
2023-06-19 16:28:15,435 - AUGCON - INFO - 	Validation Loss: 1.7842, Acc(1): 37.00, Acc(5): 98.00, F1: 0.11, Recall: 0.10, Precision: 0.12
2023-06-19 16:28:15,435 - AUGCON - INFO - Epoch [25/50]-(0/22) Loss: 1.7787, Acc(1): 100.00, Acc(5): 100.00
2023-06-19 16:28:15,435 - AUGCON - INFO - Epoch [25/50]-(5/22) Loss: 1.7464, Acc(1): 50.00, Acc(5): 100.00
2023-06-19 16:28:15,435 - AUGCON - INFO - Epoch [25/50]-(10/22) Loss: 1.4144, Acc(1): 25.00, Acc(5): 100.00
2023-06-19 16:28:15,435 - AUGCON - INFO - Epoch [25/50]-(15/22) Loss: 1.6050, Acc(1): 50.00, Acc(5): 75.00
2023-06-19 16:28:15,435 - AUGCON - INFO - Epoch [25/50]-(20/22) Loss: 1.7979, Acc(1): 75.00, Acc(5): 100.00
2023-06-19 16:28:15,435 - AUGCON - INFO - 	Validation Loss: 1.7427, Acc(1): 57.00, Acc(5): 95.00, F1: 0.15, Recall: 0.16, Precision: 0.14
2023-06-19 16:28:15,435 - AUGCON - INFO - Epoch [26/50]-(0/22) Loss: 1.9176, Acc(1): 50.00, Acc(5): 100.00
2023-06-19 16:28:15,435 - AUGCON - INFO - Epoch [26/50]-(5/22) Loss: 1.0036, Acc(1): 75.00, Acc(5): 100.00
2023-06-19 16:28:15,435 - AUGCON - INFO - Epoch [26/50]-(10/22) Loss: 2.1673, Acc(1): 0.00, Acc(5): 75.00
2023-06-19 16:28:15,436 - AUGCON - INFO - Epoch [26/50]-(15/22) Loss: 1.8657, Acc(1): 50.00, Acc(5): 100.00
2023-06-19 16:28:15,436 - AUGCON - INFO - Epoch [26/50]-(20/22) Loss: 1.3236, Acc(1): 75.00, Acc(5): 100.00
2023-06-19 16:28:15,436 - AUGCON - INFO - 	Validation Loss: 1.7693, Acc(1): 38.00, Acc(5): 96.00, F1: 0.09, Recall: 0.07, Precision: 0.14
2023-06-19 16:28:15,436 - AUGCON - INFO - Epoch [27/50]-(0/22) Loss: 1.4380, Acc(1): 50.00, Acc(5): 75.00
2023-06-19 16:28:15,436 - AUGCON - INFO - Epoch [27/50]-(5/22) Loss: 2.0384, Acc(1): 25.00, Acc(5): 50.00
2023-06-19 16:28:15,436 - AUGCON - INFO - Epoch [27/50]-(10/22) Loss: 1.5271, Acc(1): 50.00, Acc(5): 100.00
2023-06-19 16:28:15,436 - AUGCON - INFO - Epoch [27/50]-(15/22) Loss: 2.0977, Acc(1): 25.00, Acc(5): 50.00
2023-06-19 16:28:15,436 - AUGCON - INFO - Epoch [27/50]-(20/22) Loss: 1.8779, Acc(1): 0.00, Acc(5): 100.00
2023-06-19 16:28:15,436 - AUGCON - INFO - 	Validation Loss: 1.7136, Acc(1): 51.00, Acc(5): 98.00, F1: 0.12, Recall: 0.11, Precision: 0.14
2023-06-19 16:28:15,436 - AUGCON - INFO - Epoch [28/50]-(0/22) Loss: 1.8392, Acc(1): 25.00, Acc(5): 100.00
2023-06-19 16:28:15,436 - AUGCON - INFO - Epoch [28/50]-(5/22) Loss: 1.9047, Acc(1): 0.00, Acc(5): 100.00
2023-06-19 16:28:15,437 - AUGCON - INFO - Epoch [28/50]-(10/22) Loss: 1.4338, Acc(1): 75.00, Acc(5): 100.00
2023-06-19 16:28:15,437 - AUGCON - INFO - Epoch [28/50]-(15/22) Loss: 1.7305, Acc(1): 25.00, Acc(5): 100.00
2023-06-19 16:28:15,437 - AUGCON - INFO - Epoch [28/50]-(20/22) Loss: 1.2101, Acc(1): 75.00, Acc(5): 100.00
2023-06-19 16:28:15,437 - AUGCON - INFO - 	Validation Loss: 1.7102, Acc(1): 50.00, Acc(5): 95.00, F1: 0.13, Recall: 0.14, Precision: 0.13
2023-06-19 16:28:15,437 - AUGCON - INFO - Epoch [29/50]-(0/22) Loss: 1.8555, Acc(1): 75.00, Acc(5): 100.00
2023-06-19 16:28:15,437 - AUGCON - INFO - Epoch [29/50]-(5/22) Loss: 2.0890, Acc(1): 0.00, Acc(5): 100.00
2023-06-19 16:28:15,437 - AUGCON - INFO - Epoch [29/50]-(10/22) Loss: 1.8994, Acc(1): 25.00, Acc(5): 100.00
2023-06-19 16:28:15,437 - AUGCON - INFO - Epoch [29/50]-(15/22) Loss: 1.9800, Acc(1): 0.00, Acc(5): 75.00
2023-06-19 16:28:15,437 - AUGCON - INFO - Epoch [29/50]-(20/22) Loss: 1.4559, Acc(1): 25.00, Acc(5): 100.00
2023-06-19 16:28:15,437 - AUGCON - INFO - 	Validation Loss: 1.6794, Acc(1): 46.00, Acc(5): 91.00, F1: 0.12, Recall: 0.13, Precision: 0.12
2023-06-19 16:28:15,437 - AUGCON - INFO - Epoch [30/50]-(0/22) Loss: 1.6688, Acc(1): 75.00, Acc(5): 100.00
2023-06-19 16:28:15,437 - AUGCON - INFO - Epoch [30/50]-(5/22) Loss: 1.8578, Acc(1): 25.00, Acc(5): 75.00
2023-06-19 16:28:15,437 - AUGCON - INFO - Epoch [30/50]-(10/22) Loss: 1.7918, Acc(1): 0.00, Acc(5): 100.00
2023-06-19 16:28:15,438 - AUGCON - INFO - Epoch [30/50]-(15/22) Loss: 1.4678, Acc(1): 25.00, Acc(5): 100.00
2023-06-19 16:28:15,438 - AUGCON - INFO - Epoch [30/50]-(20/22) Loss: 1.8786, Acc(1): 25.00, Acc(5): 75.00
2023-06-19 16:28:15,438 - AUGCON - INFO - 	Validation Loss: 1.6713, Acc(1): 55.00, Acc(5): 90.00, F1: 0.16, Recall: 0.15, Precision: 0.16
2023-06-19 16:28:15,438 - AUGCON - INFO - Epoch [31/50]-(0/22) Loss: 1.7737, Acc(1): 25.00, Acc(5): 100.00
2023-06-19 16:28:15,438 - AUGCON - INFO - Epoch [31/50]-(5/22) Loss: 1.6371, Acc(1): 50.00, Acc(5): 100.00
2023-06-19 16:28:15,438 - AUGCON - INFO - Epoch [31/50]-(10/22) Loss: 1.9871, Acc(1): 25.00, Acc(5): 75.00
2023-06-19 16:28:15,438 - AUGCON - INFO - Epoch [31/50]-(15/22) Loss: 2.0419, Acc(1): 0.00, Acc(5): 100.00
2023-06-19 16:28:15,438 - AUGCON - INFO - Epoch [31/50]-(20/22) Loss: 2.0416, Acc(1): 25.00, Acc(5): 75.00
2023-06-19 16:28:15,438 - AUGCON - INFO - 	Validation Loss: 1.7071, Acc(1): 42.00, Acc(5): 91.00, F1: 0.11, Recall: 0.12, Precision: 0.10
2023-06-19 16:28:15,438 - AUGCON - INFO - Epoch [32/50]-(0/22) Loss: 1.4183, Acc(1): 50.00, Acc(5): 100.00
2023-06-19 16:28:15,438 - AUGCON - INFO - Epoch [32/50]-(5/22) Loss: 1.8268, Acc(1): 50.00, Acc(5): 100.00
2023-06-19 16:28:15,438 - AUGCON - INFO - Epoch [32/50]-(10/22) Loss: 1.4423, Acc(1): 75.00, Acc(5): 100.00
2023-06-19 16:28:15,438 - AUGCON - INFO - Epoch [32/50]-(15/22) Loss: 1.5709, Acc(1): 50.00, Acc(5): 100.00
2023-06-19 16:28:15,438 - AUGCON - INFO - Epoch [32/50]-(20/22) Loss: 1.6849, Acc(1): 25.00, Acc(5): 100.00
2023-06-19 16:28:15,439 - AUGCON - INFO - 	Validation Loss: 1.6752, Acc(1): 37.00, Acc(5): 99.00, F1: 0.09, Recall: 0.10, Precision: 0.08
2023-06-19 16:28:15,439 - AUGCON - INFO - Epoch [33/50]-(0/22) Loss: 1.8167, Acc(1): 0.00, Acc(5): 100.00
2023-06-19 16:28:15,439 - AUGCON - INFO - Epoch [33/50]-(5/22) Loss: 1.2989, Acc(1): 50.00, Acc(5): 100.00
2023-06-19 16:28:15,439 - AUGCON - INFO - Epoch [33/50]-(10/22) Loss: 1.7672, Acc(1): 25.00, Acc(5): 100.00
2023-06-19 16:28:15,439 - AUGCON - INFO - Epoch [33/50]-(15/22) Loss: 2.0250, Acc(1): 25.00, Acc(5): 50.00
2023-06-19 16:28:15,439 - AUGCON - INFO - Epoch [33/50]-(20/22) Loss: 1.5239, Acc(1): 50.00, Acc(5): 75.00
2023-06-19 16:28:15,439 - AUGCON - INFO - 	Validation Loss: 1.6993, Acc(1): 59.00, Acc(5): 94.00, F1: 0.14, Recall: 0.13, Precision: 0.14
2023-06-19 16:28:15,439 - AUGCON - INFO - Epoch [34/50]-(0/22) Loss: 1.5579, Acc(1): 50.00, Acc(5): 75.00
2023-06-19 16:28:15,439 - AUGCON - INFO - Epoch [34/50]-(5/22) Loss: 2.0836, Acc(1): 0.00, Acc(5): 100.00
2023-06-19 16:28:15,439 - AUGCON - INFO - Epoch [34/50]-(10/22) Loss: 2.1606, Acc(1): 0.00, Acc(5): 100.00
2023-06-19 16:28:15,439 - AUGCON - INFO - Epoch [34/50]-(15/22) Loss: 1.9707, Acc(1): 0.00, Acc(5): 100.00
2023-06-19 16:28:15,439 - AUGCON - INFO - Epoch [34/50]-(20/22) Loss: 2.0291, Acc(1): 0.00, Acc(5): 100.00
2023-06-19 16:28:15,440 - AUGCON - INFO - 	Validation Loss: 1.6709, Acc(1): 58.00, Acc(5): 93.00, F1: 0.14, Recall: 0.14, Precision: 0.14
2023-06-19 16:28:15,440 - AUGCON - INFO - Epoch [35/50]-(0/22) Loss: 1.3867, Acc(1): 75.00, Acc(5): 100.00
2023-06-19 16:28:15,440 - AUGCON - INFO - Epoch [35/50]-(5/22) Loss: 1.9750, Acc(1): 25.00, Acc(5): 100.00
2023-06-19 16:28:15,440 - AUGCON - INFO - Epoch [35/50]-(10/22) Loss: 1.3964, Acc(1): 50.00, Acc(5): 100.00
2023-06-19 16:28:15,440 - AUGCON - INFO - Epoch [35/50]-(15/22) Loss: 1.6608, Acc(1): 75.00, Acc(5): 100.00
2023-06-19 16:28:15,440 - AUGCON - INFO - Epoch [35/50]-(20/22) Loss: 1.9037, Acc(1): 25.00, Acc(5): 75.00
2023-06-19 16:28:15,440 - AUGCON - INFO - 	Validation Loss: 1.6863, Acc(1): 45.00, Acc(5): 86.00, F1: 0.09, Recall: 0.09, Precision: 0.10
2023-06-19 16:28:15,440 - AUGCON - INFO - Epoch [36/50]-(0/22) Loss: 1.8492, Acc(1): 25.00, Acc(5): 100.00
2023-06-19 16:28:15,440 - AUGCON - INFO - Epoch [36/50]-(5/22) Loss: 1.9568, Acc(1): 0.00, Acc(5): 75.00
2023-06-19 16:28:15,440 - AUGCON - INFO - Epoch [36/50]-(10/22) Loss: 1.6157, Acc(1): 50.00, Acc(5): 100.00
2023-06-19 16:28:15,440 - AUGCON - INFO - Epoch [36/50]-(15/22) Loss: 1.8402, Acc(1): 0.00, Acc(5): 100.00
2023-06-19 16:28:15,440 - AUGCON - INFO - Epoch [36/50]-(20/22) Loss: 1.6803, Acc(1): 50.00, Acc(5): 100.00
2023-06-19 16:28:15,440 - AUGCON - INFO - 	Validation Loss: 1.6619, Acc(1): 53.00, Acc(5): 92.00, F1: 0.15, Recall: 0.15, Precision: 0.15
2023-06-19 16:28:15,441 - AUGCON - INFO - Epoch [37/50]-(0/22) Loss: 1.5356, Acc(1): 75.00, Acc(5): 100.00
2023-06-19 16:28:15,441 - AUGCON - INFO - Epoch [37/50]-(5/22) Loss: 1.4104, Acc(1): 75.00, Acc(5): 100.00
2023-06-19 16:28:15,441 - AUGCON - INFO - Epoch [37/50]-(10/22) Loss: 1.8911, Acc(1): 25.00, Acc(5): 100.00
2023-06-19 16:28:15,441 - AUGCON - INFO - Epoch [37/50]-(15/22) Loss: 1.2507, Acc(1): 100.00, Acc(5): 100.00
2023-06-19 16:28:15,441 - AUGCON - INFO - Epoch [37/50]-(20/22) Loss: 1.7066, Acc(1): 25.00, Acc(5): 100.00
2023-06-19 16:28:15,441 - AUGCON - INFO - 	Validation Loss: 1.6531, Acc(1): 48.00, Acc(5): 94.00, F1: 0.12, Recall: 0.13, Precision: 0.11
2023-06-19 16:28:15,441 - AUGCON - INFO - Epoch [38/50]-(0/22) Loss: 1.1939, Acc(1): 75.00, Acc(5): 100.00
2023-06-19 16:28:15,441 - AUGCON - INFO - Epoch [38/50]-(5/22) Loss: 1.8835, Acc(1): 25.00, Acc(5): 75.00
2023-06-19 16:28:15,441 - AUGCON - INFO - Epoch [38/50]-(10/22) Loss: 1.9477, Acc(1): 25.00, Acc(5): 75.00
2023-06-19 16:28:15,441 - AUGCON - INFO - Epoch [38/50]-(15/22) Loss: 1.4650, Acc(1): 75.00, Acc(5): 100.00
2023-06-19 16:28:15,441 - AUGCON - INFO - Epoch [38/50]-(20/22) Loss: 1.4086, Acc(1): 25.00, Acc(5): 75.00
2023-06-19 16:28:15,441 - AUGCON - INFO - 	Validation Loss: 1.6624, Acc(1): 35.00, Acc(5): 99.00, F1: 0.08, Recall: 0.08, Precision: 0.08
2023-06-19 16:28:15,441 - AUGCON - INFO - Epoch [39/50]-(0/22) Loss: 1.4834, Acc(1): 50.00, Acc(5): 100.00
2023-06-19 16:28:15,441 - AUGCON - INFO - Epoch [39/50]-(5/22) Loss: 1.2487, Acc(1): 75.00, Acc(5): 100.00
2023-06-19 16:28:15,442 - AUGCON - INFO - Epoch [39/50]-(10/22) Loss: 1.6525, Acc(1): 75.00, Acc(5): 100.00
2023-06-19 16:28:15,442 - AUGCON - INFO - Epoch [39/50]-(15/22) Loss: 1.4430, Acc(1): 50.00, Acc(5): 100.00
2023-06-19 16:28:15,442 - AUGCON - INFO - Epoch [39/50]-(20/22) Loss: 1.6491, Acc(1): 75.00, Acc(5): 100.00
2023-06-19 16:28:15,442 - AUGCON - INFO - 	Validation Loss: 1.6689, Acc(1): 60.00, Acc(5): 93.00, F1: 0.17, Recall: 0.17, Precision: 0.17
2023-06-19 16:28:15,442 - AUGCON - INFO - Epoch [40/50]-(0/22) Loss: 1.2438, Acc(1): 50.00, Acc(5): 100.00
2023-06-19 16:28:15,442 - AUGCON - INFO - Epoch [40/50]-(5/22) Loss: 1.6278, Acc(1): 25.00, Acc(5): 100.00
2023-06-19 16:28:15,442 - AUGCON - INFO - Epoch [40/50]-(10/22) Loss: 1.3563, Acc(1): 75.00, Acc(5): 100.00
2023-06-19 16:28:15,442 - AUGCON - INFO - Epoch [40/50]-(15/22) Loss: 1.6283, Acc(1): 50.00, Acc(5): 100.00
2023-06-19 16:28:15,442 - AUGCON - INFO - Epoch [40/50]-(20/22) Loss: 1.7221, Acc(1): 25.00, Acc(5): 100.00
2023-06-19 16:28:15,442 - AUGCON - INFO - 	Validation Loss: 1.5816, Acc(1): 55.00, Acc(5): 99.00, F1: 0.14, Recall: 0.12, Precision: 0.17
2023-06-19 16:28:15,442 - AUGCON - INFO - Epoch [41/50]-(0/22) Loss: 1.3051, Acc(1): 50.00, Acc(5): 100.00
2023-06-19 16:28:15,442 - AUGCON - INFO - Epoch [41/50]-(5/22) Loss: 1.4573, Acc(1): 50.00, Acc(5): 100.00
2023-06-19 16:28:15,442 - AUGCON - INFO - Epoch [41/50]-(10/22) Loss: 1.2481, Acc(1): 50.00, Acc(5): 100.00
2023-06-19 16:28:15,443 - AUGCON - INFO - Epoch [41/50]-(15/22) Loss: 1.7458, Acc(1): 50.00, Acc(5): 100.00
2023-06-19 16:28:15,443 - AUGCON - INFO - Epoch [41/50]-(20/22) Loss: 1.8698, Acc(1): 0.00, Acc(5): 100.00
2023-06-19 16:28:15,443 - AUGCON - INFO - 	Validation Loss: 1.6482, Acc(1): 43.00, Acc(5): 94.00, F1: 0.09, Recall: 0.10, Precision: 0.09
2023-06-19 16:28:15,443 - AUGCON - INFO - Epoch [42/50]-(0/22) Loss: 1.5312, Acc(1): 75.00, Acc(5): 100.00
2023-06-19 16:28:15,443 - AUGCON - INFO - Epoch [42/50]-(5/22) Loss: 1.7000, Acc(1): 75.00, Acc(5): 100.00
2023-06-19 16:28:15,443 - AUGCON - INFO - Epoch [42/50]-(10/22) Loss: 1.8401, Acc(1): 25.00, Acc(5): 100.00
2023-06-19 16:28:15,443 - AUGCON - INFO - Epoch [42/50]-(15/22) Loss: 1.7515, Acc(1): 50.00, Acc(5): 75.00
2023-06-19 16:28:15,443 - AUGCON - INFO - Epoch [42/50]-(20/22) Loss: 1.3327, Acc(1): 50.00, Acc(5): 100.00
2023-06-19 16:28:15,443 - AUGCON - INFO - 	Validation Loss: 1.6000, Acc(1): 53.00, Acc(5): 93.00, F1: 0.15, Recall: 0.15, Precision: 0.16
2023-06-19 16:28:15,443 - AUGCON - INFO - Epoch [43/50]-(0/22) Loss: 1.4543, Acc(1): 100.00, Acc(5): 100.00
2023-06-19 16:28:15,443 - AUGCON - INFO - Epoch [43/50]-(5/22) Loss: 1.7287, Acc(1): 25.00, Acc(5): 75.00
2023-06-19 16:28:15,443 - AUGCON - INFO - Epoch [43/50]-(10/22) Loss: 1.5893, Acc(1): 50.00, Acc(5): 75.00
2023-06-19 16:28:15,443 - AUGCON - INFO - Epoch [43/50]-(15/22) Loss: 1.7213, Acc(1): 50.00, Acc(5): 100.00
2023-06-19 16:28:15,443 - AUGCON - INFO - Epoch [43/50]-(20/22) Loss: 1.3536, Acc(1): 25.00, Acc(5): 100.00
2023-06-19 16:28:15,444 - AUGCON - INFO - 	Validation Loss: 1.5773, Acc(1): 56.00, Acc(5): 95.00, F1: 0.14, Recall: 0.15, Precision: 0.14
2023-06-19 16:28:15,444 - AUGCON - INFO - Epoch [44/50]-(0/22) Loss: 1.2769, Acc(1): 100.00, Acc(5): 100.00
2023-06-19 16:28:15,444 - AUGCON - INFO - Epoch [44/50]-(5/22) Loss: 1.8788, Acc(1): 25.00, Acc(5): 100.00
2023-06-19 16:28:15,444 - AUGCON - INFO - Epoch [44/50]-(10/22) Loss: 1.5589, Acc(1): 50.00, Acc(5): 100.00
2023-06-19 16:28:15,444 - AUGCON - INFO - Epoch [44/50]-(15/22) Loss: 1.0528, Acc(1): 75.00, Acc(5): 100.00
2023-06-19 16:28:15,444 - AUGCON - INFO - Epoch [44/50]-(20/22) Loss: 1.7816, Acc(1): 25.00, Acc(5): 100.00
2023-06-19 16:28:15,444 - AUGCON - INFO - 	Validation Loss: 1.6455, Acc(1): 36.00, Acc(5): 98.00, F1: 0.10, Recall: 0.10, Precision: 0.10
2023-06-19 16:28:15,444 - AUGCON - INFO - Epoch [45/50]-(0/22) Loss: 1.3485, Acc(1): 25.00, Acc(5): 100.00
2023-06-19 16:28:15,444 - AUGCON - INFO - Epoch [45/50]-(5/22) Loss: 1.3267, Acc(1): 25.00, Acc(5): 100.00
2023-06-19 16:28:15,444 - AUGCON - INFO - Epoch [45/50]-(10/22) Loss: 1.4179, Acc(1): 75.00, Acc(5): 100.00
2023-06-19 16:28:15,444 - AUGCON - INFO - Epoch [45/50]-(15/22) Loss: 1.3548, Acc(1): 25.00, Acc(5): 100.00
2023-06-19 16:28:15,444 - AUGCON - INFO - Epoch [45/50]-(20/22) Loss: 1.1330, Acc(1): 50.00, Acc(5): 100.00
2023-06-19 16:28:15,445 - AUGCON - INFO - 	Validation Loss: 1.5731, Acc(1): 52.00, Acc(5): 94.00, F1: 0.12, Recall: 0.12, Precision: 0.13
2023-06-19 16:28:15,445 - AUGCON - INFO - Epoch [46/50]-(0/22) Loss: 1.6925, Acc(1): 50.00, Acc(5): 100.00
2023-06-19 16:28:15,445 - AUGCON - INFO - Epoch [46/50]-(5/22) Loss: 1.8936, Acc(1): 0.00, Acc(5): 100.00
2023-06-19 16:28:15,445 - AUGCON - INFO - Epoch [46/50]-(10/22) Loss: 1.4758, Acc(1): 75.00, Acc(5): 100.00
2023-06-19 16:28:15,445 - AUGCON - INFO - Epoch [46/50]-(15/22) Loss: 1.4725, Acc(1): 25.00, Acc(5): 100.00
2023-06-19 16:28:15,445 - AUGCON - INFO - Epoch [46/50]-(20/22) Loss: 1.9971, Acc(1): 25.00, Acc(5): 75.00
2023-06-19 16:28:15,445 - AUGCON - INFO - 	Validation Loss: 1.5951, Acc(1): 49.00, Acc(5): 93.00, F1: 0.14, Recall: 0.13, Precision: 0.14
2023-06-19 16:28:15,445 - AUGCON - INFO - Epoch [47/50]-(0/22) Loss: 1.5380, Acc(1): 75.00, Acc(5): 100.00
2023-06-19 16:28:15,445 - AUGCON - INFO - Epoch [47/50]-(5/22) Loss: 1.0842, Acc(1): 50.00, Acc(5): 100.00
2023-06-19 16:28:15,445 - AUGCON - INFO - Epoch [47/50]-(10/22) Loss: 1.5764, Acc(1): 25.00, Acc(5): 100.00
2023-06-19 16:28:15,445 - AUGCON - INFO - Epoch [47/50]-(15/22) Loss: 1.6722, Acc(1): 50.00, Acc(5): 100.00
2023-06-19 16:28:15,445 - AUGCON - INFO - Epoch [47/50]-(20/22) Loss: 1.5201, Acc(1): 50.00, Acc(5): 100.00
2023-06-19 16:28:15,445 - AUGCON - INFO - 	Validation Loss: 1.5745, Acc(1): 49.00, Acc(5): 97.00, F1: 0.12, Recall: 0.12, Precision: 0.12
2023-06-19 16:28:15,446 - AUGCON - INFO - Epoch [48/50]-(0/22) Loss: 1.7061, Acc(1): 50.00, Acc(5): 100.00
2023-06-19 16:28:15,446 - AUGCON - INFO - Epoch [48/50]-(5/22) Loss: 1.7830, Acc(1): 25.00, Acc(5): 100.00
2023-06-19 16:28:15,446 - AUGCON - INFO - Epoch [48/50]-(10/22) Loss: 1.2423, Acc(1): 75.00, Acc(5): 100.00
2023-06-19 16:28:15,446 - AUGCON - INFO - Epoch [48/50]-(15/22) Loss: 1.4442, Acc(1): 100.00, Acc(5): 100.00
2023-06-19 16:28:15,446 - AUGCON - INFO - Epoch [48/50]-(20/22) Loss: 1.4863, Acc(1): 75.00, Acc(5): 75.00
2023-06-19 16:28:15,446 - AUGCON - INFO - 	Validation Loss: 1.6003, Acc(1): 51.00, Acc(5): 93.00, F1: 0.13, Recall: 0.10, Precision: 0.17
2023-06-19 16:28:15,446 - AUGCON - INFO - Epoch [49/50]-(0/22) Loss: 1.1119, Acc(1): 75.00, Acc(5): 100.00
2023-06-19 16:28:15,446 - AUGCON - INFO - Epoch [49/50]-(5/22) Loss: 1.1572, Acc(1): 75.00, Acc(5): 100.00
2023-06-19 16:28:15,446 - AUGCON - INFO - Epoch [49/50]-(10/22) Loss: 2.0196, Acc(1): 0.00, Acc(5): 100.00
2023-06-19 16:28:15,446 - AUGCON - INFO - Epoch [49/50]-(15/22) Loss: 1.2573, Acc(1): 50.00, Acc(5): 100.00
2023-06-19 16:28:15,446 - AUGCON - INFO - Epoch [49/50]-(20/22) Loss: 1.5781, Acc(1): 0.00, Acc(5): 100.00
2023-06-19 16:28:15,446 - AUGCON - INFO - 	Validation Loss: 1.5566, Acc(1): 44.00, Acc(5): 94.00, F1: 0.13, Recall: 0.12, Precision: 0.14
2023-06-19 16:28:15,446 - AUGCON - INFO - Epoch [50/50]-(0/22) Loss: 0.7830, Acc(1): 75.00, Acc(5): 100.00
2023-06-19 16:28:15,446 - AUGCON - INFO - Epoch [50/50]-(5/22) Loss: 1.3685, Acc(1): 25.00, Acc(5): 100.00
2023-06-19 16:28:15,447 - AUGCON - INFO - Epoch [50/50]-(10/22) Loss: 0.7910, Acc(1): 100.00, Acc(5): 100.00
2023-06-19 16:28:15,447 - AUGCON - INFO - Epoch [50/50]-(15/22) Loss: 1.2788, Acc(1): 50.00, Acc(5): 100.00
2023-06-19 16:28:15,447 - AUGCON - INFO - Epoch [50/50]-(20/22) Loss: 1.6666, Acc(1): 0.00, Acc(5): 100.00
2023-06-19 16:28:15,447 - AUGCON - INFO - 	Validation Loss: 1.5395, Acc(1): 50.00, Acc(5): 98.00, F1: 0.11, Recall: 0.12, Precision: 0.11
2023-06-19 16:28:15,447 - AUGCON - INFO - 	Validation Loss: 1.5044, Acc(1): 51.00, Acc(5): 98.00, F1: 0.11, Recall: 0.11, Precision: 0.11
