2023-06-19 16:37:34,797 - AUGCON - INFO - logger initialized (/home/hjyoon/projects/augcon/config/exp0/finetune_da_true/without_target_domain_PH0041-hmkim/cpc_random_8421/tgt_target_domain_PH0045-sjlee_seed0.yaml.log)
2023-06-19 16:37:34,797 - AUGCON - INFO - ================= Config =================
2023-06-19 16:37:34,797 - AUGCON - INFO -   mode: finetune
2023-06-19 16:37:34,797 - AUGCON - INFO -   seed: 0
2023-06-19 16:37:34,798 - AUGCON - INFO -   gpu: [5]
2023-06-19 16:37:34,798 - AUGCON - INFO -   num_workers: 1
2023-06-19 16:37:34,798 - AUGCON - INFO -   dist_url: tcp://localhost:10001
2023-06-19 16:37:34,798 - AUGCON - INFO -   dataset_name: ichar
2023-06-19 16:37:34,798 - AUGCON - INFO -   train_dataset_path: /mnt/sting/hjyoon/projects/cross/ICHAR/augcon/target_domain_PH0045-sjlee/finetune/10shot/target/train.pkl
2023-06-19 16:37:34,798 - AUGCON - INFO -   test_dataset_path: /mnt/sting/hjyoon/projects/cross/ICHAR/augcon/target_domain_PH0045-sjlee/finetune/10shot/target/test.pkl
2023-06-19 16:37:34,798 - AUGCON - INFO -   val_dataset_path: /mnt/sting/hjyoon/projects/cross/ICHAR/augcon/target_domain_PH0045-sjlee/finetune/10shot/target/val.pkl
2023-06-19 16:37:34,798 - AUGCON - INFO -   input_channels: 3
2023-06-19 16:37:34,798 - AUGCON - INFO -   num_cls: 9
2023-06-19 16:37:34,798 - AUGCON - INFO -   optimizer: adam
2023-06-19 16:37:34,798 - AUGCON - INFO -   criterion: crossentropy
2023-06-19 16:37:34,798 - AUGCON - INFO -   start_epoch: 0
2023-06-19 16:37:34,798 - AUGCON - INFO -   epochs: 50
2023-06-19 16:37:34,798 - AUGCON - INFO -   batch_size: 4
2023-06-19 16:37:34,798 - AUGCON - INFO -   lr: 0.001
2023-06-19 16:37:34,798 - AUGCON - INFO -   wd: 0.0
2023-06-19 16:37:34,798 - AUGCON - INFO -   resume: 
2023-06-19 16:37:34,798 - AUGCON - INFO -   pretrained: /mnt/sting/hjyoon/projects/augcontrast/models/exp0/pretrain/without_target_domain_PH0041-hmkim/cpc_random_8421//checkpoint_0099.pth.tar
2023-06-19 16:37:34,798 - AUGCON - INFO -   ckpt_dir: /mnt/sting/hjyoon/projects/augcontrast/models/exp0/finetune_da_true/without_target_domain_PH0041-hmkim/cpc_random_8421/tgt_target_domain_PH0045-sjlee_seed0
2023-06-19 16:37:34,798 - AUGCON - INFO -   log_freq: 5
2023-06-19 16:37:34,798 - AUGCON - INFO -   save_freq: 10
2023-06-19 16:37:34,798 - AUGCON - INFO -   pretext: metacpc
2023-06-19 16:37:34,798 - AUGCON - INFO -   enc_blocks: 4
2023-06-19 16:37:34,798 - AUGCON - INFO -   kernel_sizes: [8, 4, 2, 1]
2023-06-19 16:37:34,798 - AUGCON - INFO -   strides: [4, 2, 1, 1]
2023-06-19 16:37:34,798 - AUGCON - INFO -   agg_blocks: 5
2023-06-19 16:37:34,798 - AUGCON - INFO -   z_dim: 256
2023-06-19 16:37:34,798 - AUGCON - INFO -   pooling: mean
2023-06-19 16:37:34,798 - AUGCON - INFO -   pred_steps: 12
2023-06-19 16:37:34,798 - AUGCON - INFO -   n_negatives: 15
2023-06-19 16:37:34,798 - AUGCON - INFO -   offset: 4
2023-06-19 16:37:34,798 - AUGCON - INFO -   domain_adaptation: True
2023-06-19 16:37:34,798 - AUGCON - INFO -   task_steps: 10
2023-06-19 16:37:34,798 - AUGCON - INFO -   task_lr: 0.001
2023-06-19 16:37:34,798 - AUGCON - INFO -   reg_lambda: 0
2023-06-19 16:37:34,798 - AUGCON - INFO -   mlp: False
2023-06-19 16:37:34,798 - AUGCON - INFO -   freeze: True
2023-06-19 16:37:34,798 - AUGCON - INFO -   no_vars: True
2023-06-19 16:37:34,799 - AUGCON - INFO - ==========================================
2023-06-19 16:37:34,799 - AUGCON - INFO - Setting GPUs: [5]
2023-06-19 16:37:34,799 - AUGCON - INFO - GPUs [5] will be used
2023-06-19 16:37:34,799 - AUGCON - WARNING - You have chosen to seed training. 
2023-06-19 16:37:34,799 - AUGCON - WARNING - This will turn on the CUDNN deterministic setting, 
2023-06-19 16:37:34,799 - AUGCON - WARNING - which can slow down your training considerably! 
2023-06-19 16:37:34,799 - AUGCON - WARNING - You may see unexpected behavior when restarting 
2023-06-19 16:37:34,799 - AUGCON - WARNING - from checkpoints.
2023-06-19 16:37:34,823 - AUGCON - INFO - Executing MetaCPC
2023-06-19 16:37:34,823 - AUGCON - INFO - Logs are skipped during training
2023-06-19 16:37:54,458 - AUGCON - INFO - Single GPU is used for training - training 90 instances for each worker
2023-06-19 16:37:54,460 - AUGCON - INFO - Loading pretrained model from checkpoint - /mnt/sting/hjyoon/projects/augcontrast/models/exp0/pretrain/without_target_domain_PH0041-hmkim/cpc_random_8421//checkpoint_0099.pth.tar
2023-06-19 16:37:54,460 - AUGCON - INFO - Missing keys: ['predictor.vars.0', 'predictor.vars.1']
2023-06-19 16:37:54,460 - AUGCON - INFO - Perform domain adaptation step
2023-06-19 16:37:54,460 - AUGCON - INFO - 	meta-train [0/10] Loss: 2.8088, Acc(1): 6.70, Acc(5): 32.45
2023-06-19 16:37:54,460 - AUGCON - INFO - 	meta-train [1/10] Loss: 2.8110, Acc(1): 6.61, Acc(5): 32.12
2023-06-19 16:37:54,460 - AUGCON - INFO - 	meta-train [2/10] Loss: 2.8064, Acc(1): 6.48, Acc(5): 32.34
2023-06-19 16:37:54,460 - AUGCON - INFO - 	meta-train [3/10] Loss: 2.8069, Acc(1): 6.59, Acc(5): 32.80
2023-06-19 16:37:54,461 - AUGCON - INFO - 	meta-train [4/10] Loss: 2.8015, Acc(1): 6.72, Acc(5): 33.01
2023-06-19 16:37:54,461 - AUGCON - INFO - 	meta-train [5/10] Loss: 2.8007, Acc(1): 6.76, Acc(5): 32.42
2023-06-19 16:37:54,461 - AUGCON - INFO - 	meta-train [6/10] Loss: 2.7989, Acc(1): 6.89, Acc(5): 32.52
2023-06-19 16:37:54,461 - AUGCON - INFO - 	meta-train [7/10] Loss: 2.7999, Acc(1): 6.74, Acc(5): 32.59
2023-06-19 16:37:54,461 - AUGCON - INFO - 	meta-train [8/10] Loss: 2.7953, Acc(1): 6.85, Acc(5): 32.93
2023-06-19 16:37:54,461 - AUGCON - INFO - 	meta-train [9/10] Loss: 2.7939, Acc(1): 7.01, Acc(5): 32.74
2023-06-19 16:37:54,461 - AUGCON - INFO - Loading encoder parameters to the classifier
2023-06-19 16:37:54,461 - AUGCON - INFO - Missing keys: ['classifier.block.0.weight', 'classifier.block.0.bias']
2023-06-19 16:37:54,461 - AUGCON - INFO - Epoch [1/50]-(0/22) Loss: 2.5530, Acc(1): 0.00, Acc(5): 25.00
2023-06-19 16:37:54,461 - AUGCON - INFO - Epoch [1/50]-(5/22) Loss: 2.0986, Acc(1): 0.00, Acc(5): 75.00
2023-06-19 16:37:54,461 - AUGCON - INFO - Epoch [1/50]-(10/22) Loss: 2.3668, Acc(1): 0.00, Acc(5): 50.00
2023-06-19 16:37:54,461 - AUGCON - INFO - Epoch [1/50]-(15/22) Loss: 2.0539, Acc(1): 25.00, Acc(5): 75.00
2023-06-19 16:37:54,461 - AUGCON - INFO - Epoch [1/50]-(20/22) Loss: 2.1732, Acc(1): 25.00, Acc(5): 25.00
2023-06-19 16:37:54,461 - AUGCON - INFO - 	Validation Loss: 2.0836, Acc(1): 12.00, Acc(5): 80.00, F1: 0.03, Recall: 0.03, Precision: 0.03
2023-06-19 16:37:54,461 - AUGCON - INFO - Epoch [2/50]-(0/22) Loss: 2.0458, Acc(1): 25.00, Acc(5): 75.00
2023-06-19 16:37:54,462 - AUGCON - INFO - Epoch [2/50]-(5/22) Loss: 2.1623, Acc(1): 0.00, Acc(5): 50.00
2023-06-19 16:37:54,462 - AUGCON - INFO - Epoch [2/50]-(10/22) Loss: 2.1485, Acc(1): 25.00, Acc(5): 50.00
2023-06-19 16:37:54,462 - AUGCON - INFO - Epoch [2/50]-(15/22) Loss: 2.2338, Acc(1): 25.00, Acc(5): 75.00
2023-06-19 16:37:54,462 - AUGCON - INFO - Epoch [2/50]-(20/22) Loss: 2.1929, Acc(1): 0.00, Acc(5): 75.00
2023-06-19 16:37:54,462 - AUGCON - INFO - 	Validation Loss: 1.9102, Acc(1): 25.00, Acc(5): 89.00, F1: 0.05, Recall: 0.07, Precision: 0.04
2023-06-19 16:37:54,462 - AUGCON - INFO - Epoch [3/50]-(0/22) Loss: 1.6211, Acc(1): 50.00, Acc(5): 100.00
2023-06-19 16:37:54,462 - AUGCON - INFO - Epoch [3/50]-(5/22) Loss: 1.6488, Acc(1): 50.00, Acc(5): 100.00
2023-06-19 16:37:54,462 - AUGCON - INFO - Epoch [3/50]-(10/22) Loss: 2.2272, Acc(1): 0.00, Acc(5): 50.00
2023-06-19 16:37:54,462 - AUGCON - INFO - Epoch [3/50]-(15/22) Loss: 2.0899, Acc(1): 25.00, Acc(5): 75.00
2023-06-19 16:37:54,462 - AUGCON - INFO - Epoch [3/50]-(20/22) Loss: 1.9190, Acc(1): 0.00, Acc(5): 75.00
2023-06-19 16:37:54,462 - AUGCON - INFO - 	Validation Loss: 1.7800, Acc(1): 39.00, Acc(5): 97.00, F1: 0.11, Recall: 0.11, Precision: 0.11
2023-06-19 16:37:54,462 - AUGCON - INFO - Epoch [4/50]-(0/22) Loss: 1.8209, Acc(1): 0.00, Acc(5): 100.00
2023-06-19 16:37:54,462 - AUGCON - INFO - Epoch [4/50]-(5/22) Loss: 1.6737, Acc(1): 50.00, Acc(5): 100.00
2023-06-19 16:37:54,462 - AUGCON - INFO - Epoch [4/50]-(10/22) Loss: 2.1370, Acc(1): 25.00, Acc(5): 50.00
2023-06-19 16:37:54,462 - AUGCON - INFO - Epoch [4/50]-(15/22) Loss: 1.9235, Acc(1): 25.00, Acc(5): 100.00
2023-06-19 16:37:54,463 - AUGCON - INFO - Epoch [4/50]-(20/22) Loss: 1.5631, Acc(1): 25.00, Acc(5): 100.00
2023-06-19 16:37:54,463 - AUGCON - INFO - 	Validation Loss: 1.7064, Acc(1): 35.00, Acc(5): 100.00, F1: 0.05, Recall: 0.06, Precision: 0.05
2023-06-19 16:37:54,463 - AUGCON - INFO - Epoch [5/50]-(0/22) Loss: 1.8720, Acc(1): 25.00, Acc(5): 100.00
2023-06-19 16:37:54,463 - AUGCON - INFO - Epoch [5/50]-(5/22) Loss: 1.8107, Acc(1): 0.00, Acc(5): 100.00
2023-06-19 16:37:54,463 - AUGCON - INFO - Epoch [5/50]-(10/22) Loss: 1.6713, Acc(1): 75.00, Acc(5): 100.00
2023-06-19 16:37:54,463 - AUGCON - INFO - Epoch [5/50]-(15/22) Loss: 1.6383, Acc(1): 50.00, Acc(5): 100.00
2023-06-19 16:37:54,463 - AUGCON - INFO - Epoch [5/50]-(20/22) Loss: 1.5307, Acc(1): 25.00, Acc(5): 100.00
2023-06-19 16:37:54,463 - AUGCON - INFO - 	Validation Loss: 1.6391, Acc(1): 52.00, Acc(5): 99.00, F1: 0.14, Recall: 0.15, Precision: 0.14
2023-06-19 16:37:54,463 - AUGCON - INFO - Epoch [6/50]-(0/22) Loss: 1.5273, Acc(1): 25.00, Acc(5): 100.00
2023-06-19 16:37:54,463 - AUGCON - INFO - Epoch [6/50]-(5/22) Loss: 1.2908, Acc(1): 75.00, Acc(5): 100.00
2023-06-19 16:37:54,463 - AUGCON - INFO - Epoch [6/50]-(10/22) Loss: 1.8561, Acc(1): 50.00, Acc(5): 50.00
2023-06-19 16:37:54,463 - AUGCON - INFO - Epoch [6/50]-(15/22) Loss: 1.5388, Acc(1): 50.00, Acc(5): 100.00
2023-06-19 16:37:54,464 - AUGCON - INFO - Epoch [6/50]-(20/22) Loss: 1.5129, Acc(1): 50.00, Acc(5): 100.00
2023-06-19 16:37:54,464 - AUGCON - INFO - 	Validation Loss: 1.5572, Acc(1): 38.00, Acc(5): 98.00, F1: 0.10, Recall: 0.11, Precision: 0.09
2023-06-19 16:37:54,464 - AUGCON - INFO - Epoch [7/50]-(0/22) Loss: 1.7774, Acc(1): 0.00, Acc(5): 100.00
2023-06-19 16:37:54,464 - AUGCON - INFO - Epoch [7/50]-(5/22) Loss: 1.5197, Acc(1): 75.00, Acc(5): 100.00
2023-06-19 16:37:54,464 - AUGCON - INFO - Epoch [7/50]-(10/22) Loss: 1.6835, Acc(1): 50.00, Acc(5): 100.00
2023-06-19 16:37:54,464 - AUGCON - INFO - Epoch [7/50]-(15/22) Loss: 1.5557, Acc(1): 0.00, Acc(5): 100.00
2023-06-19 16:37:54,465 - AUGCON - INFO - Epoch [7/50]-(20/22) Loss: 1.6606, Acc(1): 25.00, Acc(5): 100.00
2023-06-19 16:37:54,465 - AUGCON - INFO - 	Validation Loss: 1.5353, Acc(1): 50.00, Acc(5): 100.00, F1: 0.11, Recall: 0.14, Precision: 0.09
2023-06-19 16:37:54,465 - AUGCON - INFO - Epoch [8/50]-(0/22) Loss: 2.1019, Acc(1): 25.00, Acc(5): 75.00
2023-06-19 16:37:54,465 - AUGCON - INFO - Epoch [8/50]-(5/22) Loss: 1.7299, Acc(1): 0.00, Acc(5): 100.00
2023-06-19 16:37:54,465 - AUGCON - INFO - Epoch [8/50]-(10/22) Loss: 1.5130, Acc(1): 25.00, Acc(5): 100.00
2023-06-19 16:37:54,465 - AUGCON - INFO - Epoch [8/50]-(15/22) Loss: 1.1847, Acc(1): 75.00, Acc(5): 100.00
2023-06-19 16:37:54,465 - AUGCON - INFO - Epoch [8/50]-(20/22) Loss: 1.3384, Acc(1): 75.00, Acc(5): 75.00
2023-06-19 16:37:54,465 - AUGCON - INFO - 	Validation Loss: 1.4551, Acc(1): 42.00, Acc(5): 95.00, F1: 0.12, Recall: 0.12, Precision: 0.12
2023-06-19 16:37:54,465 - AUGCON - INFO - Epoch [9/50]-(0/22) Loss: 0.8488, Acc(1): 75.00, Acc(5): 100.00
2023-06-19 16:37:54,465 - AUGCON - INFO - Epoch [9/50]-(5/22) Loss: 1.9060, Acc(1): 0.00, Acc(5): 100.00
2023-06-19 16:37:54,465 - AUGCON - INFO - Epoch [9/50]-(10/22) Loss: 1.7673, Acc(1): 0.00, Acc(5): 100.00
2023-06-19 16:37:54,465 - AUGCON - INFO - Epoch [9/50]-(15/22) Loss: 1.6543, Acc(1): 0.00, Acc(5): 100.00
2023-06-19 16:37:54,466 - AUGCON - INFO - Epoch [9/50]-(20/22) Loss: 1.4100, Acc(1): 50.00, Acc(5): 100.00
2023-06-19 16:37:54,466 - AUGCON - INFO - 	Validation Loss: 1.4626, Acc(1): 50.00, Acc(5): 100.00, F1: 0.10, Recall: 0.13, Precision: 0.08
2023-06-19 16:37:54,466 - AUGCON - INFO - Epoch [10/50]-(0/22) Loss: 1.4287, Acc(1): 50.00, Acc(5): 100.00
2023-06-19 16:37:54,466 - AUGCON - INFO - Epoch [10/50]-(5/22) Loss: 1.6042, Acc(1): 75.00, Acc(5): 100.00
2023-06-19 16:37:54,466 - AUGCON - INFO - Epoch [10/50]-(10/22) Loss: 1.4296, Acc(1): 25.00, Acc(5): 100.00
2023-06-19 16:37:54,466 - AUGCON - INFO - Epoch [10/50]-(15/22) Loss: 1.4004, Acc(1): 50.00, Acc(5): 100.00
2023-06-19 16:37:54,466 - AUGCON - INFO - Epoch [10/50]-(20/22) Loss: 1.4984, Acc(1): 25.00, Acc(5): 100.00
2023-06-19 16:37:54,466 - AUGCON - INFO - 	Validation Loss: 1.4210, Acc(1): 50.00, Acc(5): 100.00, F1: 0.13, Recall: 0.12, Precision: 0.13
2023-06-19 16:37:54,466 - AUGCON - INFO - Epoch [11/50]-(0/22) Loss: 1.3066, Acc(1): 50.00, Acc(5): 100.00
2023-06-19 16:37:54,466 - AUGCON - INFO - Epoch [11/50]-(5/22) Loss: 1.4558, Acc(1): 50.00, Acc(5): 100.00
2023-06-19 16:37:54,466 - AUGCON - INFO - Epoch [11/50]-(10/22) Loss: 1.3106, Acc(1): 75.00, Acc(5): 100.00
2023-06-19 16:37:54,466 - AUGCON - INFO - Epoch [11/50]-(15/22) Loss: 1.1859, Acc(1): 100.00, Acc(5): 100.00
2023-06-19 16:37:54,466 - AUGCON - INFO - Epoch [11/50]-(20/22) Loss: 1.3663, Acc(1): 75.00, Acc(5): 100.00
2023-06-19 16:37:54,466 - AUGCON - INFO - 	Validation Loss: 1.3889, Acc(1): 58.00, Acc(5): 100.00, F1: 0.13, Recall: 0.15, Precision: 0.11
2023-06-19 16:37:54,466 - AUGCON - INFO - Epoch [12/50]-(0/22) Loss: 1.3608, Acc(1): 50.00, Acc(5): 100.00
2023-06-19 16:37:54,466 - AUGCON - INFO - Epoch [12/50]-(5/22) Loss: 1.6944, Acc(1): 25.00, Acc(5): 100.00
2023-06-19 16:37:54,467 - AUGCON - INFO - Epoch [12/50]-(10/22) Loss: 1.4493, Acc(1): 25.00, Acc(5): 100.00
2023-06-19 16:37:54,467 - AUGCON - INFO - Epoch [12/50]-(15/22) Loss: 1.5386, Acc(1): 75.00, Acc(5): 100.00
2023-06-19 16:37:54,467 - AUGCON - INFO - Epoch [12/50]-(20/22) Loss: 1.6423, Acc(1): 50.00, Acc(5): 100.00
2023-06-19 16:37:54,467 - AUGCON - INFO - 	Validation Loss: 1.3412, Acc(1): 59.00, Acc(5): 100.00, F1: 0.15, Recall: 0.15, Precision: 0.14
2023-06-19 16:37:54,467 - AUGCON - INFO - Epoch [13/50]-(0/22) Loss: 1.2629, Acc(1): 50.00, Acc(5): 100.00
2023-06-19 16:37:54,467 - AUGCON - INFO - Epoch [13/50]-(5/22) Loss: 1.3801, Acc(1): 75.00, Acc(5): 100.00
2023-06-19 16:37:54,467 - AUGCON - INFO - Epoch [13/50]-(10/22) Loss: 1.3596, Acc(1): 0.00, Acc(5): 100.00
2023-06-19 16:37:54,467 - AUGCON - INFO - Epoch [13/50]-(15/22) Loss: 1.3057, Acc(1): 50.00, Acc(5): 100.00
2023-06-19 16:37:54,467 - AUGCON - INFO - Epoch [13/50]-(20/22) Loss: 1.2996, Acc(1): 100.00, Acc(5): 100.00
2023-06-19 16:37:54,467 - AUGCON - INFO - 	Validation Loss: 1.3404, Acc(1): 63.00, Acc(5): 100.00, F1: 0.17, Recall: 0.18, Precision: 0.15
2023-06-19 16:37:54,467 - AUGCON - INFO - Epoch [14/50]-(0/22) Loss: 1.0615, Acc(1): 100.00, Acc(5): 100.00
2023-06-19 16:37:54,467 - AUGCON - INFO - Epoch [14/50]-(5/22) Loss: 1.4849, Acc(1): 25.00, Acc(5): 100.00
2023-06-19 16:37:54,467 - AUGCON - INFO - Epoch [14/50]-(10/22) Loss: 1.1737, Acc(1): 75.00, Acc(5): 100.00
2023-06-19 16:37:54,467 - AUGCON - INFO - Epoch [14/50]-(15/22) Loss: 0.9518, Acc(1): 100.00, Acc(5): 100.00
2023-06-19 16:37:54,468 - AUGCON - INFO - Epoch [14/50]-(20/22) Loss: 1.2557, Acc(1): 50.00, Acc(5): 100.00
2023-06-19 16:37:54,468 - AUGCON - INFO - 	Validation Loss: 1.3334, Acc(1): 58.00, Acc(5): 100.00, F1: 0.16, Recall: 0.17, Precision: 0.16
2023-06-19 16:37:54,468 - AUGCON - INFO - Epoch [15/50]-(0/22) Loss: 1.1203, Acc(1): 100.00, Acc(5): 100.00
2023-06-19 16:37:54,468 - AUGCON - INFO - Epoch [15/50]-(5/22) Loss: 1.2504, Acc(1): 75.00, Acc(5): 100.00
2023-06-19 16:37:54,468 - AUGCON - INFO - Epoch [15/50]-(10/22) Loss: 1.1409, Acc(1): 75.00, Acc(5): 100.00
2023-06-19 16:37:54,468 - AUGCON - INFO - Epoch [15/50]-(15/22) Loss: 1.4573, Acc(1): 25.00, Acc(5): 100.00
2023-06-19 16:37:54,468 - AUGCON - INFO - Epoch [15/50]-(20/22) Loss: 1.3022, Acc(1): 50.00, Acc(5): 100.00
2023-06-19 16:37:54,468 - AUGCON - INFO - 	Validation Loss: 1.2883, Acc(1): 59.00, Acc(5): 100.00, F1: 0.13, Recall: 0.16, Precision: 0.11
2023-06-19 16:37:54,468 - AUGCON - INFO - Epoch [16/50]-(0/22) Loss: 1.0916, Acc(1): 75.00, Acc(5): 100.00
2023-06-19 16:37:54,468 - AUGCON - INFO - Epoch [16/50]-(5/22) Loss: 1.1738, Acc(1): 25.00, Acc(5): 100.00
2023-06-19 16:37:54,468 - AUGCON - INFO - Epoch [16/50]-(10/22) Loss: 1.1385, Acc(1): 50.00, Acc(5): 100.00
2023-06-19 16:37:54,468 - AUGCON - INFO - Epoch [16/50]-(15/22) Loss: 1.2422, Acc(1): 50.00, Acc(5): 100.00
2023-06-19 16:37:54,468 - AUGCON - INFO - Epoch [16/50]-(20/22) Loss: 1.6236, Acc(1): 25.00, Acc(5): 100.00
2023-06-19 16:37:54,468 - AUGCON - INFO - 	Validation Loss: 1.3139, Acc(1): 57.00, Acc(5): 100.00, F1: 0.12, Recall: 0.15, Precision: 0.11
2023-06-19 16:37:54,469 - AUGCON - INFO - Epoch [17/50]-(0/22) Loss: 1.2124, Acc(1): 100.00, Acc(5): 100.00
2023-06-19 16:37:54,469 - AUGCON - INFO - Epoch [17/50]-(5/22) Loss: 1.5834, Acc(1): 25.00, Acc(5): 100.00
2023-06-19 16:37:54,469 - AUGCON - INFO - Epoch [17/50]-(10/22) Loss: 2.2042, Acc(1): 25.00, Acc(5): 75.00
2023-06-19 16:37:54,469 - AUGCON - INFO - Epoch [17/50]-(15/22) Loss: 1.3260, Acc(1): 75.00, Acc(5): 100.00
2023-06-19 16:37:54,469 - AUGCON - INFO - Epoch [17/50]-(20/22) Loss: 0.9698, Acc(1): 75.00, Acc(5): 100.00
2023-06-19 16:37:54,469 - AUGCON - INFO - 	Validation Loss: 1.2633, Acc(1): 61.00, Acc(5): 100.00, F1: 0.17, Recall: 0.17, Precision: 0.16
2023-06-19 16:37:54,469 - AUGCON - INFO - Epoch [18/50]-(0/22) Loss: 1.4193, Acc(1): 75.00, Acc(5): 100.00
2023-06-19 16:37:54,469 - AUGCON - INFO - Epoch [18/50]-(5/22) Loss: 1.2044, Acc(1): 50.00, Acc(5): 100.00
2023-06-19 16:37:54,469 - AUGCON - INFO - Epoch [18/50]-(10/22) Loss: 1.7645, Acc(1): 0.00, Acc(5): 100.00
2023-06-19 16:37:54,469 - AUGCON - INFO - Epoch [18/50]-(15/22) Loss: 1.3702, Acc(1): 50.00, Acc(5): 100.00
2023-06-19 16:37:54,469 - AUGCON - INFO - Epoch [18/50]-(20/22) Loss: 1.2806, Acc(1): 75.00, Acc(5): 100.00
2023-06-19 16:37:54,469 - AUGCON - INFO - 	Validation Loss: 1.2542, Acc(1): 58.00, Acc(5): 100.00, F1: 0.13, Recall: 0.15, Precision: 0.12
2023-06-19 16:37:54,469 - AUGCON - INFO - Epoch [19/50]-(0/22) Loss: 1.8586, Acc(1): 50.00, Acc(5): 100.00
2023-06-19 16:37:54,470 - AUGCON - INFO - Epoch [19/50]-(5/22) Loss: 1.2416, Acc(1): 25.00, Acc(5): 100.00
2023-06-19 16:37:54,470 - AUGCON - INFO - Epoch [19/50]-(10/22) Loss: 0.8358, Acc(1): 75.00, Acc(5): 100.00
2023-06-19 16:37:54,470 - AUGCON - INFO - Epoch [19/50]-(15/22) Loss: 1.4455, Acc(1): 25.00, Acc(5): 100.00
2023-06-19 16:37:54,470 - AUGCON - INFO - Epoch [19/50]-(20/22) Loss: 1.2531, Acc(1): 25.00, Acc(5): 100.00
2023-06-19 16:37:54,470 - AUGCON - INFO - 	Validation Loss: 1.2235, Acc(1): 69.00, Acc(5): 100.00, F1: 0.17, Recall: 0.20, Precision: 0.15
2023-06-19 16:37:54,470 - AUGCON - INFO - Epoch [20/50]-(0/22) Loss: 0.9377, Acc(1): 100.00, Acc(5): 100.00
2023-06-19 16:37:54,470 - AUGCON - INFO - Epoch [20/50]-(5/22) Loss: 1.2025, Acc(1): 50.00, Acc(5): 100.00
2023-06-19 16:37:54,470 - AUGCON - INFO - Epoch [20/50]-(10/22) Loss: 1.3418, Acc(1): 25.00, Acc(5): 100.00
2023-06-19 16:37:54,470 - AUGCON - INFO - Epoch [20/50]-(15/22) Loss: 1.1596, Acc(1): 75.00, Acc(5): 100.00
2023-06-19 16:37:54,470 - AUGCON - INFO - Epoch [20/50]-(20/22) Loss: 1.3875, Acc(1): 25.00, Acc(5): 100.00
2023-06-19 16:37:54,470 - AUGCON - INFO - 	Validation Loss: 1.2004, Acc(1): 62.00, Acc(5): 100.00, F1: 0.15, Recall: 0.17, Precision: 0.13
2023-06-19 16:37:54,470 - AUGCON - INFO - Epoch [21/50]-(0/22) Loss: 1.4928, Acc(1): 50.00, Acc(5): 75.00
2023-06-19 16:37:54,470 - AUGCON - INFO - Epoch [21/50]-(5/22) Loss: 1.3548, Acc(1): 50.00, Acc(5): 100.00
2023-06-19 16:37:54,471 - AUGCON - INFO - Epoch [21/50]-(10/22) Loss: 1.2469, Acc(1): 50.00, Acc(5): 100.00
2023-06-19 16:37:54,471 - AUGCON - INFO - Epoch [21/50]-(15/22) Loss: 0.7318, Acc(1): 100.00, Acc(5): 100.00
2023-06-19 16:37:54,471 - AUGCON - INFO - Epoch [21/50]-(20/22) Loss: 1.3664, Acc(1): 25.00, Acc(5): 100.00
2023-06-19 16:37:54,471 - AUGCON - INFO - 	Validation Loss: 1.1883, Acc(1): 62.00, Acc(5): 100.00, F1: 0.15, Recall: 0.16, Precision: 0.15
2023-06-19 16:37:54,471 - AUGCON - INFO - Epoch [22/50]-(0/22) Loss: 1.4486, Acc(1): 25.00, Acc(5): 100.00
2023-06-19 16:37:54,471 - AUGCON - INFO - Epoch [22/50]-(5/22) Loss: 0.8368, Acc(1): 75.00, Acc(5): 100.00
2023-06-19 16:37:54,471 - AUGCON - INFO - Epoch [22/50]-(10/22) Loss: 1.5858, Acc(1): 25.00, Acc(5): 100.00
2023-06-19 16:37:54,471 - AUGCON - INFO - Epoch [22/50]-(15/22) Loss: 1.5329, Acc(1): 25.00, Acc(5): 100.00
2023-06-19 16:37:54,471 - AUGCON - INFO - Epoch [22/50]-(20/22) Loss: 1.5124, Acc(1): 0.00, Acc(5): 100.00
2023-06-19 16:37:54,471 - AUGCON - INFO - 	Validation Loss: 1.1865, Acc(1): 58.00, Acc(5): 100.00, F1: 0.15, Recall: 0.16, Precision: 0.14
2023-06-19 16:37:54,471 - AUGCON - INFO - Epoch [23/50]-(0/22) Loss: 0.6857, Acc(1): 75.00, Acc(5): 100.00
2023-06-19 16:37:54,471 - AUGCON - INFO - Epoch [23/50]-(5/22) Loss: 0.9238, Acc(1): 75.00, Acc(5): 100.00
2023-06-19 16:37:54,472 - AUGCON - INFO - Epoch [23/50]-(10/22) Loss: 1.3864, Acc(1): 50.00, Acc(5): 100.00
2023-06-19 16:37:54,472 - AUGCON - INFO - Epoch [23/50]-(15/22) Loss: 1.5534, Acc(1): 25.00, Acc(5): 100.00
2023-06-19 16:37:54,472 - AUGCON - INFO - Epoch [23/50]-(20/22) Loss: 0.8354, Acc(1): 100.00, Acc(5): 100.00
2023-06-19 16:37:54,472 - AUGCON - INFO - 	Validation Loss: 1.2368, Acc(1): 51.00, Acc(5): 100.00, F1: 0.12, Recall: 0.15, Precision: 0.10
2023-06-19 16:37:54,472 - AUGCON - INFO - Epoch [24/50]-(0/22) Loss: 1.5140, Acc(1): 25.00, Acc(5): 100.00
2023-06-19 16:37:54,472 - AUGCON - INFO - Epoch [24/50]-(5/22) Loss: 1.2579, Acc(1): 50.00, Acc(5): 100.00
2023-06-19 16:37:54,472 - AUGCON - INFO - Epoch [24/50]-(10/22) Loss: 2.0791, Acc(1): 25.00, Acc(5): 75.00
2023-06-19 16:37:54,472 - AUGCON - INFO - Epoch [24/50]-(15/22) Loss: 0.9816, Acc(1): 75.00, Acc(5): 100.00
2023-06-19 16:37:54,472 - AUGCON - INFO - Epoch [24/50]-(20/22) Loss: 1.5632, Acc(1): 25.00, Acc(5): 100.00
2023-06-19 16:37:54,472 - AUGCON - INFO - 	Validation Loss: 1.1892, Acc(1): 52.00, Acc(5): 100.00, F1: 0.14, Recall: 0.15, Precision: 0.13
2023-06-19 16:37:54,472 - AUGCON - INFO - Epoch [25/50]-(0/22) Loss: 1.2438, Acc(1): 50.00, Acc(5): 100.00
2023-06-19 16:37:54,472 - AUGCON - INFO - Epoch [25/50]-(5/22) Loss: 1.2316, Acc(1): 50.00, Acc(5): 100.00
2023-06-19 16:37:54,472 - AUGCON - INFO - Epoch [25/50]-(10/22) Loss: 0.8254, Acc(1): 75.00, Acc(5): 100.00
2023-06-19 16:37:54,472 - AUGCON - INFO - Epoch [25/50]-(15/22) Loss: 1.6254, Acc(1): 25.00, Acc(5): 100.00
2023-06-19 16:37:54,473 - AUGCON - INFO - Epoch [25/50]-(20/22) Loss: 2.0999, Acc(1): 50.00, Acc(5): 75.00
2023-06-19 16:37:54,473 - AUGCON - INFO - 	Validation Loss: 1.1622, Acc(1): 69.00, Acc(5): 100.00, F1: 0.15, Recall: 0.17, Precision: 0.13
2023-06-19 16:37:54,473 - AUGCON - INFO - Epoch [26/50]-(0/22) Loss: 0.9818, Acc(1): 75.00, Acc(5): 100.00
2023-06-19 16:37:54,473 - AUGCON - INFO - Epoch [26/50]-(5/22) Loss: 1.0709, Acc(1): 75.00, Acc(5): 100.00
2023-06-19 16:37:54,473 - AUGCON - INFO - Epoch [26/50]-(10/22) Loss: 1.5385, Acc(1): 25.00, Acc(5): 100.00
2023-06-19 16:37:54,473 - AUGCON - INFO - Epoch [26/50]-(15/22) Loss: 0.8072, Acc(1): 100.00, Acc(5): 100.00
2023-06-19 16:37:54,473 - AUGCON - INFO - Epoch [26/50]-(20/22) Loss: 1.1819, Acc(1): 50.00, Acc(5): 100.00
2023-06-19 16:37:54,473 - AUGCON - INFO - 	Validation Loss: 1.1176, Acc(1): 71.00, Acc(5): 100.00, F1: 0.18, Recall: 0.19, Precision: 0.18
2023-06-19 16:37:54,473 - AUGCON - INFO - Epoch [27/50]-(0/22) Loss: 1.1792, Acc(1): 25.00, Acc(5): 100.00
2023-06-19 16:37:54,473 - AUGCON - INFO - Epoch [27/50]-(5/22) Loss: 1.4570, Acc(1): 75.00, Acc(5): 100.00
2023-06-19 16:37:54,473 - AUGCON - INFO - Epoch [27/50]-(10/22) Loss: 0.8307, Acc(1): 75.00, Acc(5): 100.00
2023-06-19 16:37:54,473 - AUGCON - INFO - Epoch [27/50]-(15/22) Loss: 0.8351, Acc(1): 100.00, Acc(5): 100.00
2023-06-19 16:37:54,474 - AUGCON - INFO - Epoch [27/50]-(20/22) Loss: 1.7773, Acc(1): 0.00, Acc(5): 75.00
2023-06-19 16:37:54,474 - AUGCON - INFO - 	Validation Loss: 1.1661, Acc(1): 56.00, Acc(5): 100.00, F1: 0.14, Recall: 0.15, Precision: 0.14
2023-06-19 16:37:54,474 - AUGCON - INFO - Epoch [28/50]-(0/22) Loss: 0.9813, Acc(1): 50.00, Acc(5): 100.00
2023-06-19 16:37:54,474 - AUGCON - INFO - Epoch [28/50]-(5/22) Loss: 1.4348, Acc(1): 25.00, Acc(5): 100.00
2023-06-19 16:37:54,474 - AUGCON - INFO - Epoch [28/50]-(10/22) Loss: 1.3191, Acc(1): 50.00, Acc(5): 100.00
2023-06-19 16:37:54,474 - AUGCON - INFO - Epoch [28/50]-(15/22) Loss: 1.0158, Acc(1): 75.00, Acc(5): 100.00
2023-06-19 16:37:54,474 - AUGCON - INFO - Epoch [28/50]-(20/22) Loss: 1.1729, Acc(1): 50.00, Acc(5): 100.00
2023-06-19 16:37:54,474 - AUGCON - INFO - 	Validation Loss: 1.1104, Acc(1): 72.00, Acc(5): 100.00, F1: 0.19, Recall: 0.19, Precision: 0.19
2023-06-19 16:37:54,474 - AUGCON - INFO - Epoch [29/50]-(0/22) Loss: 0.7996, Acc(1): 100.00, Acc(5): 100.00
2023-06-19 16:37:54,474 - AUGCON - INFO - Epoch [29/50]-(5/22) Loss: 1.1554, Acc(1): 25.00, Acc(5): 100.00
2023-06-19 16:37:54,474 - AUGCON - INFO - Epoch [29/50]-(10/22) Loss: 1.0527, Acc(1): 100.00, Acc(5): 100.00
2023-06-19 16:37:54,474 - AUGCON - INFO - Epoch [29/50]-(15/22) Loss: 0.7813, Acc(1): 75.00, Acc(5): 100.00
2023-06-19 16:37:54,474 - AUGCON - INFO - Epoch [29/50]-(20/22) Loss: 1.3398, Acc(1): 75.00, Acc(5): 100.00
2023-06-19 16:37:54,474 - AUGCON - INFO - 	Validation Loss: 1.1458, Acc(1): 55.00, Acc(5): 100.00, F1: 0.12, Recall: 0.15, Precision: 0.11
2023-06-19 16:37:54,475 - AUGCON - INFO - Epoch [30/50]-(0/22) Loss: 1.0203, Acc(1): 75.00, Acc(5): 100.00
2023-06-19 16:37:54,475 - AUGCON - INFO - Epoch [30/50]-(5/22) Loss: 1.1862, Acc(1): 100.00, Acc(5): 100.00
2023-06-19 16:37:54,475 - AUGCON - INFO - Epoch [30/50]-(10/22) Loss: 0.7362, Acc(1): 75.00, Acc(5): 100.00
2023-06-19 16:37:54,475 - AUGCON - INFO - Epoch [30/50]-(15/22) Loss: 1.3648, Acc(1): 0.00, Acc(5): 100.00
2023-06-19 16:37:54,475 - AUGCON - INFO - Epoch [30/50]-(20/22) Loss: 0.9473, Acc(1): 50.00, Acc(5): 100.00
2023-06-19 16:37:54,475 - AUGCON - INFO - 	Validation Loss: 1.0961, Acc(1): 66.00, Acc(5): 100.00, F1: 0.17, Recall: 0.19, Precision: 0.16
2023-06-19 16:37:54,475 - AUGCON - INFO - Epoch [31/50]-(0/22) Loss: 0.9902, Acc(1): 75.00, Acc(5): 100.00
2023-06-19 16:37:54,475 - AUGCON - INFO - Epoch [31/50]-(5/22) Loss: 1.0830, Acc(1): 75.00, Acc(5): 100.00
2023-06-19 16:37:54,475 - AUGCON - INFO - Epoch [31/50]-(10/22) Loss: 1.0739, Acc(1): 100.00, Acc(5): 100.00
2023-06-19 16:37:54,475 - AUGCON - INFO - Epoch [31/50]-(15/22) Loss: 0.9850, Acc(1): 75.00, Acc(5): 100.00
2023-06-19 16:37:54,475 - AUGCON - INFO - Epoch [31/50]-(20/22) Loss: 0.9929, Acc(1): 25.00, Acc(5): 100.00
2023-06-19 16:37:54,475 - AUGCON - INFO - 	Validation Loss: 1.1018, Acc(1): 61.00, Acc(5): 100.00, F1: 0.14, Recall: 0.16, Precision: 0.12
2023-06-19 16:37:54,475 - AUGCON - INFO - Epoch [32/50]-(0/22) Loss: 1.0584, Acc(1): 100.00, Acc(5): 100.00
2023-06-19 16:37:54,476 - AUGCON - INFO - Epoch [32/50]-(5/22) Loss: 1.1432, Acc(1): 50.00, Acc(5): 100.00
2023-06-19 16:37:54,476 - AUGCON - INFO - Epoch [32/50]-(10/22) Loss: 0.9269, Acc(1): 100.00, Acc(5): 100.00
2023-06-19 16:37:54,476 - AUGCON - INFO - Epoch [32/50]-(15/22) Loss: 1.2993, Acc(1): 50.00, Acc(5): 100.00
2023-06-19 16:37:54,476 - AUGCON - INFO - Epoch [32/50]-(20/22) Loss: 1.2050, Acc(1): 75.00, Acc(5): 100.00
2023-06-19 16:37:54,476 - AUGCON - INFO - 	Validation Loss: 1.0964, Acc(1): 69.00, Acc(5): 100.00, F1: 0.16, Recall: 0.18, Precision: 0.15
2023-06-19 16:37:54,476 - AUGCON - INFO - Epoch [33/50]-(0/22) Loss: 1.1432, Acc(1): 50.00, Acc(5): 100.00
2023-06-19 16:37:54,476 - AUGCON - INFO - Epoch [33/50]-(5/22) Loss: 1.0499, Acc(1): 100.00, Acc(5): 100.00
2023-06-19 16:37:54,476 - AUGCON - INFO - Epoch [33/50]-(10/22) Loss: 0.9176, Acc(1): 75.00, Acc(5): 100.00
2023-06-19 16:37:54,476 - AUGCON - INFO - Epoch [33/50]-(15/22) Loss: 1.1878, Acc(1): 25.00, Acc(5): 100.00
2023-06-19 16:37:54,476 - AUGCON - INFO - Epoch [33/50]-(20/22) Loss: 1.2491, Acc(1): 50.00, Acc(5): 100.00
2023-06-19 16:37:54,476 - AUGCON - INFO - 	Validation Loss: 1.0536, Acc(1): 64.00, Acc(5): 100.00, F1: 0.15, Recall: 0.16, Precision: 0.15
2023-06-19 16:37:54,476 - AUGCON - INFO - Epoch [34/50]-(0/22) Loss: 0.7458, Acc(1): 100.00, Acc(5): 100.00
2023-06-19 16:37:54,476 - AUGCON - INFO - Epoch [34/50]-(5/22) Loss: 1.3814, Acc(1): 50.00, Acc(5): 100.00
2023-06-19 16:37:54,477 - AUGCON - INFO - Epoch [34/50]-(10/22) Loss: 0.4870, Acc(1): 100.00, Acc(5): 100.00
2023-06-19 16:37:54,477 - AUGCON - INFO - Epoch [34/50]-(15/22) Loss: 1.2471, Acc(1): 50.00, Acc(5): 100.00
2023-06-19 16:37:54,477 - AUGCON - INFO - Epoch [34/50]-(20/22) Loss: 1.0811, Acc(1): 100.00, Acc(5): 100.00
2023-06-19 16:37:54,477 - AUGCON - INFO - 	Validation Loss: 1.0846, Acc(1): 61.00, Acc(5): 100.00, F1: 0.14, Recall: 0.17, Precision: 0.12
2023-06-19 16:37:54,477 - AUGCON - INFO - Epoch [35/50]-(0/22) Loss: 1.1487, Acc(1): 25.00, Acc(5): 100.00
2023-06-19 16:37:54,477 - AUGCON - INFO - Epoch [35/50]-(5/22) Loss: 1.2910, Acc(1): 25.00, Acc(5): 100.00
2023-06-19 16:37:54,477 - AUGCON - INFO - Epoch [35/50]-(10/22) Loss: 1.0197, Acc(1): 100.00, Acc(5): 100.00
2023-06-19 16:37:54,477 - AUGCON - INFO - Epoch [35/50]-(15/22) Loss: 1.3487, Acc(1): 25.00, Acc(5): 100.00
2023-06-19 16:37:54,477 - AUGCON - INFO - Epoch [35/50]-(20/22) Loss: 0.9804, Acc(1): 75.00, Acc(5): 100.00
2023-06-19 16:37:54,477 - AUGCON - INFO - 	Validation Loss: 1.0886, Acc(1): 62.00, Acc(5): 100.00, F1: 0.14, Recall: 0.16, Precision: 0.12
2023-06-19 16:37:54,477 - AUGCON - INFO - Epoch [36/50]-(0/22) Loss: 0.9235, Acc(1): 75.00, Acc(5): 100.00
2023-06-19 16:37:54,477 - AUGCON - INFO - Epoch [36/50]-(5/22) Loss: 1.1297, Acc(1): 50.00, Acc(5): 100.00
2023-06-19 16:37:54,477 - AUGCON - INFO - Epoch [36/50]-(10/22) Loss: 1.0693, Acc(1): 50.00, Acc(5): 100.00
2023-06-19 16:37:54,478 - AUGCON - INFO - Epoch [36/50]-(15/22) Loss: 0.8847, Acc(1): 50.00, Acc(5): 100.00
2023-06-19 16:37:54,478 - AUGCON - INFO - Epoch [36/50]-(20/22) Loss: 1.4288, Acc(1): 0.00, Acc(5): 100.00
2023-06-19 16:37:54,478 - AUGCON - INFO - 	Validation Loss: 1.0207, Acc(1): 74.00, Acc(5): 100.00, F1: 0.16, Recall: 0.18, Precision: 0.15
2023-06-19 16:37:54,478 - AUGCON - INFO - Epoch [37/50]-(0/22) Loss: 0.5173, Acc(1): 100.00, Acc(5): 100.00
2023-06-19 16:37:54,478 - AUGCON - INFO - Epoch [37/50]-(5/22) Loss: 0.9504, Acc(1): 50.00, Acc(5): 100.00
2023-06-19 16:37:54,478 - AUGCON - INFO - Epoch [37/50]-(10/22) Loss: 0.8631, Acc(1): 100.00, Acc(5): 100.00
2023-06-19 16:37:54,478 - AUGCON - INFO - Epoch [37/50]-(15/22) Loss: 0.7754, Acc(1): 100.00, Acc(5): 100.00
2023-06-19 16:37:54,478 - AUGCON - INFO - Epoch [37/50]-(20/22) Loss: 1.3751, Acc(1): 50.00, Acc(5): 100.00
2023-06-19 16:37:54,478 - AUGCON - INFO - 	Validation Loss: 1.0392, Acc(1): 66.00, Acc(5): 100.00, F1: 0.18, Recall: 0.17, Precision: 0.18
2023-06-19 16:37:54,478 - AUGCON - INFO - Epoch [38/50]-(0/22) Loss: 1.1499, Acc(1): 50.00, Acc(5): 100.00
2023-06-19 16:37:54,478 - AUGCON - INFO - Epoch [38/50]-(5/22) Loss: 0.7218, Acc(1): 50.00, Acc(5): 100.00
2023-06-19 16:37:54,478 - AUGCON - INFO - Epoch [38/50]-(10/22) Loss: 0.9417, Acc(1): 100.00, Acc(5): 100.00
2023-06-19 16:37:54,478 - AUGCON - INFO - Epoch [38/50]-(15/22) Loss: 1.0244, Acc(1): 75.00, Acc(5): 100.00
2023-06-19 16:37:54,478 - AUGCON - INFO - Epoch [38/50]-(20/22) Loss: 1.2824, Acc(1): 75.00, Acc(5): 100.00
2023-06-19 16:37:54,479 - AUGCON - INFO - 	Validation Loss: 1.0274, Acc(1): 64.00, Acc(5): 100.00, F1: 0.14, Recall: 0.15, Precision: 0.13
2023-06-19 16:37:54,479 - AUGCON - INFO - Epoch [39/50]-(0/22) Loss: 1.1050, Acc(1): 50.00, Acc(5): 100.00
2023-06-19 16:37:54,479 - AUGCON - INFO - Epoch [39/50]-(5/22) Loss: 0.9730, Acc(1): 50.00, Acc(5): 100.00
2023-06-19 16:37:54,479 - AUGCON - INFO - Epoch [39/50]-(10/22) Loss: 1.1581, Acc(1): 25.00, Acc(5): 100.00
2023-06-19 16:37:54,479 - AUGCON - INFO - Epoch [39/50]-(15/22) Loss: 0.6209, Acc(1): 75.00, Acc(5): 100.00
2023-06-19 16:37:54,479 - AUGCON - INFO - Epoch [39/50]-(20/22) Loss: 1.4425, Acc(1): 25.00, Acc(5): 100.00
2023-06-19 16:37:54,479 - AUGCON - INFO - 	Validation Loss: 1.0052, Acc(1): 70.00, Acc(5): 100.00, F1: 0.15, Recall: 0.15, Precision: 0.15
2023-06-19 16:37:54,479 - AUGCON - INFO - Epoch [40/50]-(0/22) Loss: 0.8422, Acc(1): 100.00, Acc(5): 100.00
2023-06-19 16:37:54,479 - AUGCON - INFO - Epoch [40/50]-(5/22) Loss: 2.1721, Acc(1): 25.00, Acc(5): 100.00
2023-06-19 16:37:54,479 - AUGCON - INFO - Epoch [40/50]-(10/22) Loss: 1.0795, Acc(1): 50.00, Acc(5): 100.00
2023-06-19 16:37:54,479 - AUGCON - INFO - Epoch [40/50]-(15/22) Loss: 1.1409, Acc(1): 50.00, Acc(5): 100.00
2023-06-19 16:37:54,479 - AUGCON - INFO - Epoch [40/50]-(20/22) Loss: 1.1293, Acc(1): 50.00, Acc(5): 100.00
2023-06-19 16:37:54,479 - AUGCON - INFO - 	Validation Loss: 1.0055, Acc(1): 73.00, Acc(5): 100.00, F1: 0.18, Recall: 0.19, Precision: 0.18
2023-06-19 16:37:54,480 - AUGCON - INFO - Epoch [41/50]-(0/22) Loss: 1.1390, Acc(1): 25.00, Acc(5): 100.00
2023-06-19 16:37:54,480 - AUGCON - INFO - Epoch [41/50]-(5/22) Loss: 0.6871, Acc(1): 75.00, Acc(5): 100.00
2023-06-19 16:37:54,480 - AUGCON - INFO - Epoch [41/50]-(10/22) Loss: 1.1230, Acc(1): 75.00, Acc(5): 100.00
2023-06-19 16:37:54,480 - AUGCON - INFO - Epoch [41/50]-(15/22) Loss: 0.8760, Acc(1): 75.00, Acc(5): 100.00
2023-06-19 16:37:54,480 - AUGCON - INFO - Epoch [41/50]-(20/22) Loss: 0.8991, Acc(1): 75.00, Acc(5): 100.00
2023-06-19 16:37:54,480 - AUGCON - INFO - 	Validation Loss: 1.0038, Acc(1): 65.00, Acc(5): 100.00, F1: 0.16, Recall: 0.18, Precision: 0.14
2023-06-19 16:37:54,480 - AUGCON - INFO - Epoch [42/50]-(0/22) Loss: 1.4755, Acc(1): 50.00, Acc(5): 100.00
2023-06-19 16:37:54,480 - AUGCON - INFO - Epoch [42/50]-(5/22) Loss: 1.0139, Acc(1): 50.00, Acc(5): 100.00
2023-06-19 16:37:54,480 - AUGCON - INFO - Epoch [42/50]-(10/22) Loss: 0.7105, Acc(1): 75.00, Acc(5): 100.00
2023-06-19 16:37:54,480 - AUGCON - INFO - Epoch [42/50]-(15/22) Loss: 0.8499, Acc(1): 75.00, Acc(5): 100.00
2023-06-19 16:37:54,480 - AUGCON - INFO - Epoch [42/50]-(20/22) Loss: 0.7868, Acc(1): 100.00, Acc(5): 100.00
2023-06-19 16:37:54,480 - AUGCON - INFO - 	Validation Loss: 0.9689, Acc(1): 72.00, Acc(5): 100.00, F1: 0.18, Recall: 0.17, Precision: 0.19
2023-06-19 16:37:54,481 - AUGCON - INFO - Epoch [43/50]-(0/22) Loss: 2.1886, Acc(1): 50.00, Acc(5): 100.00
2023-06-19 16:37:54,481 - AUGCON - INFO - Epoch [43/50]-(5/22) Loss: 0.7575, Acc(1): 75.00, Acc(5): 100.00
2023-06-19 16:37:54,481 - AUGCON - INFO - Epoch [43/50]-(10/22) Loss: 0.7846, Acc(1): 75.00, Acc(5): 100.00
2023-06-19 16:37:54,481 - AUGCON - INFO - Epoch [43/50]-(15/22) Loss: 1.1591, Acc(1): 50.00, Acc(5): 100.00
2023-06-19 16:37:54,481 - AUGCON - INFO - Epoch [43/50]-(20/22) Loss: 0.9840, Acc(1): 75.00, Acc(5): 100.00
2023-06-19 16:37:54,481 - AUGCON - INFO - 	Validation Loss: 1.0257, Acc(1): 67.00, Acc(5): 100.00, F1: 0.16, Recall: 0.17, Precision: 0.15
2023-06-19 16:37:54,481 - AUGCON - INFO - Epoch [44/50]-(0/22) Loss: 0.6068, Acc(1): 100.00, Acc(5): 100.00
2023-06-19 16:37:54,481 - AUGCON - INFO - Epoch [44/50]-(5/22) Loss: 0.7696, Acc(1): 100.00, Acc(5): 100.00
2023-06-19 16:37:54,481 - AUGCON - INFO - Epoch [44/50]-(10/22) Loss: 0.7272, Acc(1): 75.00, Acc(5): 100.00
2023-06-19 16:37:54,481 - AUGCON - INFO - Epoch [44/50]-(15/22) Loss: 0.8020, Acc(1): 100.00, Acc(5): 100.00
2023-06-19 16:37:54,481 - AUGCON - INFO - Epoch [44/50]-(20/22) Loss: 1.3759, Acc(1): 75.00, Acc(5): 100.00
2023-06-19 16:37:54,481 - AUGCON - INFO - 	Validation Loss: 1.0083, Acc(1): 62.00, Acc(5): 100.00, F1: 0.17, Recall: 0.18, Precision: 0.16
2023-06-19 16:37:54,481 - AUGCON - INFO - Epoch [45/50]-(0/22) Loss: 1.1530, Acc(1): 50.00, Acc(5): 100.00
2023-06-19 16:37:54,481 - AUGCON - INFO - Epoch [45/50]-(5/22) Loss: 0.8955, Acc(1): 25.00, Acc(5): 100.00
2023-06-19 16:37:54,482 - AUGCON - INFO - Epoch [45/50]-(10/22) Loss: 0.7815, Acc(1): 50.00, Acc(5): 100.00
2023-06-19 16:37:54,482 - AUGCON - INFO - Epoch [45/50]-(15/22) Loss: 1.3775, Acc(1): 50.00, Acc(5): 100.00
2023-06-19 16:37:54,482 - AUGCON - INFO - Epoch [45/50]-(20/22) Loss: 1.0776, Acc(1): 75.00, Acc(5): 100.00
2023-06-19 16:37:54,482 - AUGCON - INFO - 	Validation Loss: 0.9723, Acc(1): 69.00, Acc(5): 100.00, F1: 0.14, Recall: 0.15, Precision: 0.13
2023-06-19 16:37:54,482 - AUGCON - INFO - Epoch [46/50]-(0/22) Loss: 0.7615, Acc(1): 100.00, Acc(5): 100.00
2023-06-19 16:37:54,482 - AUGCON - INFO - Epoch [46/50]-(5/22) Loss: 0.7417, Acc(1): 75.00, Acc(5): 100.00
2023-06-19 16:37:54,482 - AUGCON - INFO - Epoch [46/50]-(10/22) Loss: 1.0047, Acc(1): 50.00, Acc(5): 100.00
2023-06-19 16:37:54,482 - AUGCON - INFO - Epoch [46/50]-(15/22) Loss: 0.7426, Acc(1): 75.00, Acc(5): 100.00
2023-06-19 16:37:54,482 - AUGCON - INFO - Epoch [46/50]-(20/22) Loss: 0.9796, Acc(1): 75.00, Acc(5): 100.00
2023-06-19 16:37:54,482 - AUGCON - INFO - 	Validation Loss: 0.9972, Acc(1): 64.00, Acc(5): 100.00, F1: 0.17, Recall: 0.18, Precision: 0.17
2023-06-19 16:37:54,482 - AUGCON - INFO - Epoch [47/50]-(0/22) Loss: 1.1362, Acc(1): 25.00, Acc(5): 100.00
2023-06-19 16:37:54,482 - AUGCON - INFO - Epoch [47/50]-(5/22) Loss: 0.8832, Acc(1): 50.00, Acc(5): 100.00
2023-06-19 16:37:54,482 - AUGCON - INFO - Epoch [47/50]-(10/22) Loss: 1.9081, Acc(1): 50.00, Acc(5): 100.00
2023-06-19 16:37:54,483 - AUGCON - INFO - Epoch [47/50]-(15/22) Loss: 0.7852, Acc(1): 75.00, Acc(5): 100.00
2023-06-19 16:37:54,483 - AUGCON - INFO - Epoch [47/50]-(20/22) Loss: 0.6737, Acc(1): 75.00, Acc(5): 100.00
2023-06-19 16:37:54,483 - AUGCON - INFO - 	Validation Loss: 0.9711, Acc(1): 68.00, Acc(5): 100.00, F1: 0.18, Recall: 0.17, Precision: 0.18
2023-06-19 16:37:54,483 - AUGCON - INFO - Epoch [48/50]-(0/22) Loss: 0.9184, Acc(1): 75.00, Acc(5): 100.00
2023-06-19 16:37:54,483 - AUGCON - INFO - Epoch [48/50]-(5/22) Loss: 0.9888, Acc(1): 75.00, Acc(5): 100.00
2023-06-19 16:37:54,483 - AUGCON - INFO - Epoch [48/50]-(10/22) Loss: 1.0813, Acc(1): 50.00, Acc(5): 100.00
2023-06-19 16:37:54,483 - AUGCON - INFO - Epoch [48/50]-(15/22) Loss: 0.8519, Acc(1): 75.00, Acc(5): 100.00
2023-06-19 16:37:54,483 - AUGCON - INFO - Epoch [48/50]-(20/22) Loss: 0.8448, Acc(1): 75.00, Acc(5): 100.00
2023-06-19 16:37:54,483 - AUGCON - INFO - 	Validation Loss: 0.9335, Acc(1): 73.00, Acc(5): 100.00, F1: 0.18, Recall: 0.18, Precision: 0.18
2023-06-19 16:37:54,483 - AUGCON - INFO - Epoch [49/50]-(0/22) Loss: 0.7273, Acc(1): 50.00, Acc(5): 100.00
2023-06-19 16:37:54,483 - AUGCON - INFO - Epoch [49/50]-(5/22) Loss: 1.1136, Acc(1): 50.00, Acc(5): 100.00
2023-06-19 16:37:54,483 - AUGCON - INFO - Epoch [49/50]-(10/22) Loss: 1.0065, Acc(1): 50.00, Acc(5): 100.00
2023-06-19 16:37:54,483 - AUGCON - INFO - Epoch [49/50]-(15/22) Loss: 0.7724, Acc(1): 75.00, Acc(5): 100.00
2023-06-19 16:37:54,484 - AUGCON - INFO - Epoch [49/50]-(20/22) Loss: 0.7915, Acc(1): 75.00, Acc(5): 100.00
2023-06-19 16:37:54,484 - AUGCON - INFO - 	Validation Loss: 0.9965, Acc(1): 64.00, Acc(5): 100.00, F1: 0.16, Recall: 0.17, Precision: 0.16
2023-06-19 16:37:54,484 - AUGCON - INFO - Epoch [50/50]-(0/22) Loss: 0.7983, Acc(1): 50.00, Acc(5): 100.00
2023-06-19 16:37:54,484 - AUGCON - INFO - Epoch [50/50]-(5/22) Loss: 1.2023, Acc(1): 50.00, Acc(5): 100.00
2023-06-19 16:37:54,484 - AUGCON - INFO - Epoch [50/50]-(10/22) Loss: 1.1907, Acc(1): 50.00, Acc(5): 100.00
2023-06-19 16:37:54,484 - AUGCON - INFO - Epoch [50/50]-(15/22) Loss: 1.1411, Acc(1): 50.00, Acc(5): 100.00
2023-06-19 16:37:54,484 - AUGCON - INFO - Epoch [50/50]-(20/22) Loss: 0.9134, Acc(1): 100.00, Acc(5): 100.00
2023-06-19 16:37:54,484 - AUGCON - INFO - 	Validation Loss: 0.9373, Acc(1): 77.00, Acc(5): 100.00, F1: 0.17, Recall: 0.18, Precision: 0.16
2023-06-19 16:37:54,484 - AUGCON - INFO - 	Validation Loss: 0.9210, Acc(1): 76.33, Acc(5): 100.00, F1: 0.18, Recall: 0.18, Precision: 0.18
