2023-06-07 22:02:21,671 - AUGCON - INFO - logger initialized (config/finetune/new_preliminary_global/cpc_perdomain_indomain.yaml.log)
2023-06-07 22:02:21,671 - AUGCON - INFO - ================= Config =================
2023-06-07 22:02:21,671 - AUGCON - INFO -   mode: finetune
2023-06-07 22:02:21,671 - AUGCON - INFO -   seed: 0
2023-06-07 22:02:21,671 - AUGCON - INFO -   gpu: [1]
2023-06-07 22:02:21,671 - AUGCON - INFO -   num_workers: 4
2023-06-07 22:02:21,671 - AUGCON - INFO -   dist_url: tcp://localhost:10001
2023-06-07 22:02:21,671 - AUGCON - INFO -   dataset_name: hhar
2023-06-07 22:02:21,671 - AUGCON - INFO -   train_dataset_path: /mnt/sting/hjyoon/projects/cross/ICHAR/augcon/target_domain_PH0007-jskim/finetune/10shot/target/train.pkl
2023-06-07 22:02:21,671 - AUGCON - INFO -   test_dataset_path: /mnt/sting/hjyoon/projects/cross/ICHAR/augcon/target_domain_PH0007-jskim/finetune/10shot/target/test.pkl
2023-06-07 22:02:21,671 - AUGCON - INFO -   val_dataset_path: /mnt/sting/hjyoon/projects/cross/ICHAR/augcon/target_domain_PH0007-jskim/finetune/10shot/target/val.pkl
2023-06-07 22:02:21,671 - AUGCON - INFO -   input_channels: 3
2023-06-07 22:02:21,671 - AUGCON - INFO -   num_cls: 9
2023-06-07 22:02:21,671 - AUGCON - INFO -   optimizer: adam
2023-06-07 22:02:21,671 - AUGCON - INFO -   criterion: crossentropy
2023-06-07 22:02:21,671 - AUGCON - INFO -   start_epoch: 0
2023-06-07 22:02:21,671 - AUGCON - INFO -   epochs: 50
2023-06-07 22:02:21,672 - AUGCON - INFO -   batch_size: 4
2023-06-07 22:02:21,672 - AUGCON - INFO -   lr: 0.001
2023-06-07 22:02:21,672 - AUGCON - INFO -   wd: 0.0
2023-06-07 22:02:21,672 - AUGCON - INFO -   resume: 
2023-06-07 22:02:21,672 - AUGCON - INFO -   pretrained: /mnt/sting/hjyoon/projects/augcontrast/models/0605_preliminary_global/pretrain/cpc_perdomain/checkpoint_0099.pth.tar
2023-06-07 22:02:21,672 - AUGCON - INFO -   ckpt_dir: /mnt/sting/hjyoon/projects/augcontrast/models/0605_preliminary_global/finetune/cpc_random
2023-06-07 22:02:21,672 - AUGCON - INFO -   log_freq: 5
2023-06-07 22:02:21,672 - AUGCON - INFO -   save_freq: 10
2023-06-07 22:02:21,672 - AUGCON - INFO -   pretext: cpc
2023-06-07 22:02:21,672 - AUGCON - INFO -   enc_blocks: 4
2023-06-07 22:02:21,672 - AUGCON - INFO -   kernel_sizes: [8, 4, 4, 1]
2023-06-07 22:02:21,672 - AUGCON - INFO -   strides: [4, 2, 2, 1]
2023-06-07 22:02:21,672 - AUGCON - INFO -   agg_blocks: 5
2023-06-07 22:02:21,672 - AUGCON - INFO -   z_dim: 256
2023-06-07 22:02:21,672 - AUGCON - INFO -   pooling: mean
2023-06-07 22:02:21,672 - AUGCON - INFO -   pred_steps: 4
2023-06-07 22:02:21,672 - AUGCON - INFO -   n_negatives: 15
2023-06-07 22:02:21,672 - AUGCON - INFO -   offset: 4
2023-06-07 22:02:21,672 - AUGCON - INFO -   neg_per_domain: False
2023-06-07 22:02:21,672 - AUGCON - INFO -   mlp: False
2023-06-07 22:02:21,672 - AUGCON - INFO -   freeze: True
2023-06-07 22:02:21,672 - AUGCON - INFO - ==========================================
2023-06-07 22:02:21,672 - AUGCON - INFO - Setting GPUs: [1]
2023-06-07 22:02:21,672 - AUGCON - INFO - GPUs [1] will be used
2023-06-07 22:02:21,673 - AUGCON - WARNING - You have chosen to seed training. 
2023-06-07 22:02:21,673 - AUGCON - WARNING - This will turn on the CUDNN deterministic setting, 
2023-06-07 22:02:21,673 - AUGCON - WARNING - which can slow down your training considerably! 
2023-06-07 22:02:21,673 - AUGCON - WARNING - You may see unexpected behavior when restarting 
2023-06-07 22:02:21,673 - AUGCON - WARNING - from checkpoints.
2023-06-07 22:02:21,722 - AUGCON - INFO - Executing CPC
2023-06-07 22:02:21,723 - AUGCON - INFO - Logs are skipped during training
2023-06-07 22:02:59,373 - AUGCON - INFO - Single GPU is used for training - training 90 instances for each worker
2023-06-07 22:02:59,373 - AUGCON - INFO - Loading pretrained model from checkpoint - /mnt/sting/hjyoon/projects/augcontrast/models/0605_preliminary_global/pretrain/cpc_perdomain/checkpoint_0099.pth.tar
2023-06-07 22:02:59,374 - AUGCON - INFO - Missing keys: ['classifier.block.0.weight', 'classifier.block.0.bias']
2023-06-07 22:02:59,374 - AUGCON - INFO - Freezing the encoder
2023-06-07 22:02:59,374 - AUGCON - INFO - Epoch [1/50]-(0/22) Loss: 2.4502, Acc(1): 0.00, Acc(5): 25.00
2023-06-07 22:02:59,374 - AUGCON - INFO - Epoch [1/50]-(5/22) Loss: 2.1029, Acc(1): 0.00, Acc(5): 75.00
2023-06-07 22:02:59,374 - AUGCON - INFO - Epoch [1/50]-(10/22) Loss: 2.0836, Acc(1): 25.00, Acc(5): 50.00
2023-06-07 22:02:59,375 - AUGCON - INFO - Epoch [1/50]-(15/22) Loss: 2.1483, Acc(1): 25.00, Acc(5): 75.00
2023-06-07 22:02:59,375 - AUGCON - INFO - Epoch [1/50]-(20/22) Loss: 1.9718, Acc(1): 0.00, Acc(5): 100.00
2023-06-07 22:02:59,375 - AUGCON - INFO - Validation Loss: 1.7637, Acc(1): 47.00, Acc(5): 95.00, F1: 0.15, Recall: 0.13, Precision: 0.17
2023-06-07 22:02:59,375 - AUGCON - INFO - Epoch [2/50]-(0/22) Loss: 1.7288, Acc(1): 50.00, Acc(5): 100.00
2023-06-07 22:02:59,375 - AUGCON - INFO - Epoch [2/50]-(5/22) Loss: 1.8974, Acc(1): 50.00, Acc(5): 75.00
2023-06-07 22:02:59,375 - AUGCON - INFO - Epoch [2/50]-(10/22) Loss: 1.9836, Acc(1): 50.00, Acc(5): 50.00
2023-06-07 22:02:59,376 - AUGCON - INFO - Epoch [2/50]-(15/22) Loss: 1.5192, Acc(1): 75.00, Acc(5): 100.00
2023-06-07 22:02:59,376 - AUGCON - INFO - Epoch [2/50]-(20/22) Loss: 1.1385, Acc(1): 100.00, Acc(5): 100.00
2023-06-07 22:02:59,376 - AUGCON - INFO - Validation Loss: 1.4937, Acc(1): 62.00, Acc(5): 97.00, F1: 0.20, Recall: 0.20, Precision: 0.20
2023-06-07 22:02:59,376 - AUGCON - INFO - Epoch [3/50]-(0/22) Loss: 1.5440, Acc(1): 50.00, Acc(5): 100.00
2023-06-07 22:02:59,376 - AUGCON - INFO - Epoch [3/50]-(5/22) Loss: 1.4726, Acc(1): 50.00, Acc(5): 75.00
2023-06-07 22:02:59,376 - AUGCON - INFO - Epoch [3/50]-(10/22) Loss: 1.3955, Acc(1): 75.00, Acc(5): 100.00
2023-06-07 22:02:59,377 - AUGCON - INFO - Epoch [3/50]-(15/22) Loss: 1.0522, Acc(1): 75.00, Acc(5): 100.00
2023-06-07 22:02:59,377 - AUGCON - INFO - Epoch [3/50]-(20/22) Loss: 1.1575, Acc(1): 75.00, Acc(5): 100.00
2023-06-07 22:02:59,377 - AUGCON - INFO - Validation Loss: 1.3270, Acc(1): 60.00, Acc(5): 99.00, F1: 0.19, Recall: 0.19, Precision: 0.19
2023-06-07 22:02:59,377 - AUGCON - INFO - Epoch [4/50]-(0/22) Loss: 1.3614, Acc(1): 50.00, Acc(5): 100.00
2023-06-07 22:02:59,377 - AUGCON - INFO - Epoch [4/50]-(5/22) Loss: 1.3096, Acc(1): 100.00, Acc(5): 100.00
2023-06-07 22:02:59,377 - AUGCON - INFO - Epoch [4/50]-(10/22) Loss: 1.4061, Acc(1): 75.00, Acc(5): 100.00
2023-06-07 22:02:59,378 - AUGCON - INFO - Epoch [4/50]-(15/22) Loss: 0.9168, Acc(1): 100.00, Acc(5): 100.00
2023-06-07 22:02:59,378 - AUGCON - INFO - Epoch [4/50]-(20/22) Loss: 1.8197, Acc(1): 25.00, Acc(5): 100.00
2023-06-07 22:02:59,378 - AUGCON - INFO - Validation Loss: 1.2741, Acc(1): 66.00, Acc(5): 95.00, F1: 0.20, Recall: 0.21, Precision: 0.19
2023-06-07 22:02:59,378 - AUGCON - INFO - Epoch [5/50]-(0/22) Loss: 1.2774, Acc(1): 75.00, Acc(5): 100.00
2023-06-07 22:02:59,378 - AUGCON - INFO - Epoch [5/50]-(5/22) Loss: 1.6652, Acc(1): 50.00, Acc(5): 100.00
2023-06-07 22:02:59,378 - AUGCON - INFO - Epoch [5/50]-(10/22) Loss: 1.6162, Acc(1): 25.00, Acc(5): 100.00
2023-06-07 22:02:59,378 - AUGCON - INFO - Epoch [5/50]-(15/22) Loss: 0.8078, Acc(1): 75.00, Acc(5): 100.00
2023-06-07 22:02:59,378 - AUGCON - INFO - Epoch [5/50]-(20/22) Loss: 1.3001, Acc(1): 50.00, Acc(5): 100.00
2023-06-07 22:02:59,378 - AUGCON - INFO - Validation Loss: 1.1537, Acc(1): 64.00, Acc(5): 99.00, F1: 0.19, Recall: 0.19, Precision: 0.19
2023-06-07 22:02:59,379 - AUGCON - INFO - Epoch [6/50]-(0/22) Loss: 1.3281, Acc(1): 50.00, Acc(5): 100.00
2023-06-07 22:02:59,379 - AUGCON - INFO - Epoch [6/50]-(5/22) Loss: 1.4942, Acc(1): 25.00, Acc(5): 100.00
2023-06-07 22:02:59,379 - AUGCON - INFO - Epoch [6/50]-(10/22) Loss: 1.1689, Acc(1): 50.00, Acc(5): 100.00
2023-06-07 22:02:59,379 - AUGCON - INFO - Epoch [6/50]-(15/22) Loss: 1.6633, Acc(1): 25.00, Acc(5): 75.00
2023-06-07 22:02:59,379 - AUGCON - INFO - Epoch [6/50]-(20/22) Loss: 1.7229, Acc(1): 0.00, Acc(5): 100.00
2023-06-07 22:02:59,379 - AUGCON - INFO - Validation Loss: 1.0939, Acc(1): 65.00, Acc(5): 95.00, F1: 0.20, Recall: 0.20, Precision: 0.21
2023-06-07 22:02:59,379 - AUGCON - INFO - Epoch [7/50]-(0/22) Loss: 1.2276, Acc(1): 25.00, Acc(5): 100.00
2023-06-07 22:02:59,379 - AUGCON - INFO - Epoch [7/50]-(5/22) Loss: 1.4133, Acc(1): 25.00, Acc(5): 100.00
2023-06-07 22:02:59,379 - AUGCON - INFO - Epoch [7/50]-(10/22) Loss: 1.5477, Acc(1): 50.00, Acc(5): 100.00
2023-06-07 22:02:59,379 - AUGCON - INFO - Epoch [7/50]-(15/22) Loss: 1.2499, Acc(1): 50.00, Acc(5): 100.00
2023-06-07 22:02:59,380 - AUGCON - INFO - Epoch [7/50]-(20/22) Loss: 0.5787, Acc(1): 75.00, Acc(5): 100.00
2023-06-07 22:02:59,380 - AUGCON - INFO - Validation Loss: 1.1025, Acc(1): 66.00, Acc(5): 99.00, F1: 0.20, Recall: 0.20, Precision: 0.20
2023-06-07 22:02:59,380 - AUGCON - INFO - Epoch [8/50]-(0/22) Loss: 0.7975, Acc(1): 100.00, Acc(5): 100.00
2023-06-07 22:02:59,380 - AUGCON - INFO - Epoch [8/50]-(5/22) Loss: 0.8623, Acc(1): 75.00, Acc(5): 100.00
2023-06-07 22:02:59,380 - AUGCON - INFO - Epoch [8/50]-(10/22) Loss: 1.5169, Acc(1): 50.00, Acc(5): 100.00
2023-06-07 22:02:59,380 - AUGCON - INFO - Epoch [8/50]-(15/22) Loss: 0.9083, Acc(1): 75.00, Acc(5): 100.00
2023-06-07 22:02:59,380 - AUGCON - INFO - Epoch [8/50]-(20/22) Loss: 1.2776, Acc(1): 25.00, Acc(5): 100.00
2023-06-07 22:02:59,380 - AUGCON - INFO - Validation Loss: 1.0465, Acc(1): 65.00, Acc(5): 95.00, F1: 0.19, Recall: 0.20, Precision: 0.19
2023-06-07 22:02:59,380 - AUGCON - INFO - Epoch [9/50]-(0/22) Loss: 0.3117, Acc(1): 100.00, Acc(5): 100.00
2023-06-07 22:02:59,380 - AUGCON - INFO - Epoch [9/50]-(5/22) Loss: 0.9146, Acc(1): 50.00, Acc(5): 100.00
2023-06-07 22:02:59,381 - AUGCON - INFO - Epoch [9/50]-(10/22) Loss: 0.6434, Acc(1): 75.00, Acc(5): 100.00
2023-06-07 22:02:59,381 - AUGCON - INFO - Epoch [9/50]-(15/22) Loss: 1.3424, Acc(1): 50.00, Acc(5): 100.00
2023-06-07 22:02:59,381 - AUGCON - INFO - Epoch [9/50]-(20/22) Loss: 1.6103, Acc(1): 25.00, Acc(5): 75.00
2023-06-07 22:02:59,381 - AUGCON - INFO - Validation Loss: 1.0404, Acc(1): 69.00, Acc(5): 95.00, F1: 0.20, Recall: 0.22, Precision: 0.18
2023-06-07 22:02:59,381 - AUGCON - INFO - Epoch [10/50]-(0/22) Loss: 1.2315, Acc(1): 75.00, Acc(5): 75.00
2023-06-07 22:02:59,381 - AUGCON - INFO - Epoch [10/50]-(5/22) Loss: 1.4093, Acc(1): 50.00, Acc(5): 100.00
2023-06-07 22:02:59,381 - AUGCON - INFO - Epoch [10/50]-(10/22) Loss: 1.1845, Acc(1): 75.00, Acc(5): 100.00
2023-06-07 22:02:59,381 - AUGCON - INFO - Epoch [10/50]-(15/22) Loss: 0.5169, Acc(1): 75.00, Acc(5): 100.00
2023-06-07 22:02:59,381 - AUGCON - INFO - Epoch [10/50]-(20/22) Loss: 0.7684, Acc(1): 75.00, Acc(5): 100.00
2023-06-07 22:02:59,381 - AUGCON - INFO - Validation Loss: 1.0132, Acc(1): 69.00, Acc(5): 99.00, F1: 0.20, Recall: 0.20, Precision: 0.20
2023-06-07 22:02:59,382 - AUGCON - INFO - Epoch [11/50]-(0/22) Loss: 1.4841, Acc(1): 25.00, Acc(5): 100.00
2023-06-07 22:02:59,382 - AUGCON - INFO - Epoch [11/50]-(5/22) Loss: 1.2606, Acc(1): 50.00, Acc(5): 100.00
2023-06-07 22:02:59,382 - AUGCON - INFO - Epoch [11/50]-(10/22) Loss: 1.3149, Acc(1): 50.00, Acc(5): 100.00
2023-06-07 22:02:59,382 - AUGCON - INFO - Epoch [11/50]-(15/22) Loss: 1.3101, Acc(1): 50.00, Acc(5): 75.00
2023-06-07 22:02:59,382 - AUGCON - INFO - Epoch [11/50]-(20/22) Loss: 1.5515, Acc(1): 25.00, Acc(5): 100.00
2023-06-07 22:02:59,382 - AUGCON - INFO - Validation Loss: 0.9797, Acc(1): 65.00, Acc(5): 99.00, F1: 0.19, Recall: 0.21, Precision: 0.18
2023-06-07 22:02:59,382 - AUGCON - INFO - Epoch [12/50]-(0/22) Loss: 0.8491, Acc(1): 75.00, Acc(5): 100.00
2023-06-07 22:02:59,382 - AUGCON - INFO - Epoch [12/50]-(5/22) Loss: 0.6747, Acc(1): 75.00, Acc(5): 100.00
2023-06-07 22:02:59,382 - AUGCON - INFO - Epoch [12/50]-(10/22) Loss: 0.5299, Acc(1): 100.00, Acc(5): 100.00
2023-06-07 22:02:59,382 - AUGCON - INFO - Epoch [12/50]-(15/22) Loss: 1.1533, Acc(1): 50.00, Acc(5): 75.00
2023-06-07 22:02:59,383 - AUGCON - INFO - Epoch [12/50]-(20/22) Loss: 0.9093, Acc(1): 75.00, Acc(5): 100.00
2023-06-07 22:02:59,383 - AUGCON - INFO - Validation Loss: 0.9639, Acc(1): 73.00, Acc(5): 99.00, F1: 0.21, Recall: 0.21, Precision: 0.21
2023-06-07 22:02:59,383 - AUGCON - INFO - Epoch [13/50]-(0/22) Loss: 0.5536, Acc(1): 100.00, Acc(5): 100.00
2023-06-07 22:02:59,383 - AUGCON - INFO - Epoch [13/50]-(5/22) Loss: 0.5941, Acc(1): 75.00, Acc(5): 100.00
2023-06-07 22:02:59,383 - AUGCON - INFO - Epoch [13/50]-(10/22) Loss: 1.7485, Acc(1): 50.00, Acc(5): 100.00
2023-06-07 22:02:59,383 - AUGCON - INFO - Epoch [13/50]-(15/22) Loss: 0.5038, Acc(1): 100.00, Acc(5): 100.00
2023-06-07 22:02:59,383 - AUGCON - INFO - Epoch [13/50]-(20/22) Loss: 1.0680, Acc(1): 75.00, Acc(5): 100.00
2023-06-07 22:02:59,383 - AUGCON - INFO - Validation Loss: 0.9274, Acc(1): 70.00, Acc(5): 99.00, F1: 0.20, Recall: 0.21, Precision: 0.19
2023-06-07 22:02:59,383 - AUGCON - INFO - Epoch [14/50]-(0/22) Loss: 0.7554, Acc(1): 75.00, Acc(5): 100.00
2023-06-07 22:02:59,383 - AUGCON - INFO - Epoch [14/50]-(5/22) Loss: 0.9629, Acc(1): 75.00, Acc(5): 75.00
2023-06-07 22:02:59,383 - AUGCON - INFO - Epoch [14/50]-(10/22) Loss: 1.4230, Acc(1): 75.00, Acc(5): 100.00
2023-06-07 22:02:59,384 - AUGCON - INFO - Epoch [14/50]-(15/22) Loss: 1.5719, Acc(1): 50.00, Acc(5): 100.00
2023-06-07 22:02:59,384 - AUGCON - INFO - Epoch [14/50]-(20/22) Loss: 1.2005, Acc(1): 25.00, Acc(5): 100.00
2023-06-07 22:02:59,384 - AUGCON - INFO - Validation Loss: 0.9179, Acc(1): 71.00, Acc(5): 99.00, F1: 0.20, Recall: 0.21, Precision: 0.19
2023-06-07 22:02:59,384 - AUGCON - INFO - Epoch [15/50]-(0/22) Loss: 0.7825, Acc(1): 50.00, Acc(5): 100.00
2023-06-07 22:02:59,384 - AUGCON - INFO - Epoch [15/50]-(5/22) Loss: 1.3203, Acc(1): 50.00, Acc(5): 100.00
2023-06-07 22:02:59,384 - AUGCON - INFO - Epoch [15/50]-(10/22) Loss: 0.9908, Acc(1): 50.00, Acc(5): 100.00
2023-06-07 22:02:59,384 - AUGCON - INFO - Epoch [15/50]-(15/22) Loss: 0.5669, Acc(1): 75.00, Acc(5): 100.00
2023-06-07 22:02:59,384 - AUGCON - INFO - Epoch [15/50]-(20/22) Loss: 0.9582, Acc(1): 50.00, Acc(5): 100.00
2023-06-07 22:02:59,384 - AUGCON - INFO - Validation Loss: 0.9603, Acc(1): 74.00, Acc(5): 99.00, F1: 0.21, Recall: 0.22, Precision: 0.20
2023-06-07 22:02:59,384 - AUGCON - INFO - Epoch [16/50]-(0/22) Loss: 0.7652, Acc(1): 75.00, Acc(5): 100.00
2023-06-07 22:02:59,384 - AUGCON - INFO - Epoch [16/50]-(5/22) Loss: 0.9646, Acc(1): 50.00, Acc(5): 100.00
2023-06-07 22:02:59,384 - AUGCON - INFO - Epoch [16/50]-(10/22) Loss: 0.5064, Acc(1): 100.00, Acc(5): 100.00
2023-06-07 22:02:59,385 - AUGCON - INFO - Epoch [16/50]-(15/22) Loss: 1.2009, Acc(1): 50.00, Acc(5): 100.00
2023-06-07 22:02:59,385 - AUGCON - INFO - Epoch [16/50]-(20/22) Loss: 0.8515, Acc(1): 75.00, Acc(5): 100.00
2023-06-07 22:02:59,385 - AUGCON - INFO - Validation Loss: 0.8827, Acc(1): 77.00, Acc(5): 99.00, F1: 0.21, Recall: 0.22, Precision: 0.21
2023-06-07 22:02:59,385 - AUGCON - INFO - Epoch [17/50]-(0/22) Loss: 1.2500, Acc(1): 50.00, Acc(5): 100.00
2023-06-07 22:02:59,385 - AUGCON - INFO - Epoch [17/50]-(5/22) Loss: 1.3666, Acc(1): 50.00, Acc(5): 100.00
2023-06-07 22:02:59,385 - AUGCON - INFO - Epoch [17/50]-(10/22) Loss: 0.6335, Acc(1): 100.00, Acc(5): 100.00
2023-06-07 22:02:59,385 - AUGCON - INFO - Epoch [17/50]-(15/22) Loss: 1.6645, Acc(1): 50.00, Acc(5): 100.00
2023-06-07 22:02:59,385 - AUGCON - INFO - Epoch [17/50]-(20/22) Loss: 1.1588, Acc(1): 75.00, Acc(5): 100.00
2023-06-07 22:02:59,385 - AUGCON - INFO - Validation Loss: 0.9362, Acc(1): 75.00, Acc(5): 99.00, F1: 0.21, Recall: 0.22, Precision: 0.20
2023-06-07 22:02:59,385 - AUGCON - INFO - Epoch [18/50]-(0/22) Loss: 0.8241, Acc(1): 75.00, Acc(5): 100.00
2023-06-07 22:02:59,385 - AUGCON - INFO - Epoch [18/50]-(5/22) Loss: 0.8226, Acc(1): 75.00, Acc(5): 100.00
2023-06-07 22:02:59,386 - AUGCON - INFO - Epoch [18/50]-(10/22) Loss: 0.9813, Acc(1): 25.00, Acc(5): 100.00
2023-06-07 22:02:59,386 - AUGCON - INFO - Epoch [18/50]-(15/22) Loss: 0.6072, Acc(1): 75.00, Acc(5): 100.00
2023-06-07 22:02:59,386 - AUGCON - INFO - Epoch [18/50]-(20/22) Loss: 1.0213, Acc(1): 50.00, Acc(5): 100.00
2023-06-07 22:02:59,386 - AUGCON - INFO - Validation Loss: 0.8504, Acc(1): 75.00, Acc(5): 99.00, F1: 0.21, Recall: 0.21, Precision: 0.21
2023-06-07 22:02:59,386 - AUGCON - INFO - Epoch [19/50]-(0/22) Loss: 2.1095, Acc(1): 25.00, Acc(5): 100.00
2023-06-07 22:02:59,386 - AUGCON - INFO - Epoch [19/50]-(5/22) Loss: 0.6205, Acc(1): 100.00, Acc(5): 100.00
2023-06-07 22:02:59,386 - AUGCON - INFO - Epoch [19/50]-(10/22) Loss: 0.5067, Acc(1): 100.00, Acc(5): 100.00
2023-06-07 22:02:59,386 - AUGCON - INFO - Epoch [19/50]-(15/22) Loss: 1.4475, Acc(1): 25.00, Acc(5): 100.00
2023-06-07 22:02:59,386 - AUGCON - INFO - Epoch [19/50]-(20/22) Loss: 0.8444, Acc(1): 75.00, Acc(5): 100.00
2023-06-07 22:02:59,386 - AUGCON - INFO - Validation Loss: 0.8635, Acc(1): 79.00, Acc(5): 99.00, F1: 0.22, Recall: 0.22, Precision: 0.21
2023-06-07 22:02:59,386 - AUGCON - INFO - Epoch [20/50]-(0/22) Loss: 0.5486, Acc(1): 100.00, Acc(5): 100.00
2023-06-07 22:02:59,386 - AUGCON - INFO - Epoch [20/50]-(5/22) Loss: 0.4513, Acc(1): 100.00, Acc(5): 100.00
2023-06-07 22:02:59,387 - AUGCON - INFO - Epoch [20/50]-(10/22) Loss: 0.7052, Acc(1): 75.00, Acc(5): 100.00
2023-06-07 22:02:59,387 - AUGCON - INFO - Epoch [20/50]-(15/22) Loss: 0.6087, Acc(1): 75.00, Acc(5): 100.00
2023-06-07 22:02:59,387 - AUGCON - INFO - Epoch [20/50]-(20/22) Loss: 1.1519, Acc(1): 50.00, Acc(5): 100.00
2023-06-07 22:02:59,387 - AUGCON - INFO - Validation Loss: 0.8530, Acc(1): 77.00, Acc(5): 99.00, F1: 0.21, Recall: 0.22, Precision: 0.20
2023-06-07 22:02:59,387 - AUGCON - INFO - Epoch [21/50]-(0/22) Loss: 1.3155, Acc(1): 50.00, Acc(5): 100.00
2023-06-07 22:02:59,387 - AUGCON - INFO - Epoch [21/50]-(5/22) Loss: 0.7268, Acc(1): 75.00, Acc(5): 100.00
2023-06-07 22:02:59,387 - AUGCON - INFO - Epoch [21/50]-(10/22) Loss: 0.8547, Acc(1): 75.00, Acc(5): 100.00
2023-06-07 22:02:59,387 - AUGCON - INFO - Epoch [21/50]-(15/22) Loss: 0.5541, Acc(1): 75.00, Acc(5): 100.00
2023-06-07 22:02:59,387 - AUGCON - INFO - Epoch [21/50]-(20/22) Loss: 1.3380, Acc(1): 50.00, Acc(5): 100.00
2023-06-07 22:02:59,387 - AUGCON - INFO - Validation Loss: 0.8367, Acc(1): 79.00, Acc(5): 99.00, F1: 0.22, Recall: 0.22, Precision: 0.23
2023-06-07 22:02:59,387 - AUGCON - INFO - Epoch [22/50]-(0/22) Loss: 1.0141, Acc(1): 50.00, Acc(5): 100.00
2023-06-07 22:02:59,387 - AUGCON - INFO - Epoch [22/50]-(5/22) Loss: 0.9274, Acc(1): 75.00, Acc(5): 100.00
2023-06-07 22:02:59,388 - AUGCON - INFO - Epoch [22/50]-(10/22) Loss: 1.3371, Acc(1): 50.00, Acc(5): 100.00
2023-06-07 22:02:59,388 - AUGCON - INFO - Epoch [22/50]-(15/22) Loss: 0.7055, Acc(1): 50.00, Acc(5): 100.00
2023-06-07 22:02:59,388 - AUGCON - INFO - Epoch [22/50]-(20/22) Loss: 0.8971, Acc(1): 75.00, Acc(5): 100.00
2023-06-07 22:02:59,388 - AUGCON - INFO - Validation Loss: 0.8353, Acc(1): 74.00, Acc(5): 99.00, F1: 0.20, Recall: 0.21, Precision: 0.20
2023-06-07 22:02:59,388 - AUGCON - INFO - Epoch [23/50]-(0/22) Loss: 1.0458, Acc(1): 50.00, Acc(5): 100.00
2023-06-07 22:02:59,388 - AUGCON - INFO - Epoch [23/50]-(5/22) Loss: 1.1985, Acc(1): 75.00, Acc(5): 100.00
2023-06-07 22:02:59,388 - AUGCON - INFO - Epoch [23/50]-(10/22) Loss: 0.7691, Acc(1): 75.00, Acc(5): 100.00
2023-06-07 22:02:59,389 - AUGCON - INFO - Epoch [23/50]-(15/22) Loss: 0.7589, Acc(1): 75.00, Acc(5): 100.00
2023-06-07 22:02:59,389 - AUGCON - INFO - Epoch [23/50]-(20/22) Loss: 0.7102, Acc(1): 75.00, Acc(5): 100.00
2023-06-07 22:02:59,389 - AUGCON - INFO - Validation Loss: 0.8516, Acc(1): 77.00, Acc(5): 99.00, F1: 0.21, Recall: 0.22, Precision: 0.20
2023-06-07 22:02:59,389 - AUGCON - INFO - Epoch [24/50]-(0/22) Loss: 0.8631, Acc(1): 75.00, Acc(5): 100.00
2023-06-07 22:02:59,389 - AUGCON - INFO - Epoch [24/50]-(5/22) Loss: 1.2444, Acc(1): 25.00, Acc(5): 100.00
2023-06-07 22:02:59,389 - AUGCON - INFO - Epoch [24/50]-(10/22) Loss: 0.7698, Acc(1): 100.00, Acc(5): 100.00
2023-06-07 22:02:59,390 - AUGCON - INFO - Epoch [24/50]-(15/22) Loss: 1.2296, Acc(1): 50.00, Acc(5): 100.00
2023-06-07 22:02:59,390 - AUGCON - INFO - Epoch [24/50]-(20/22) Loss: 0.7395, Acc(1): 100.00, Acc(5): 100.00
2023-06-07 22:02:59,390 - AUGCON - INFO - Validation Loss: 0.8103, Acc(1): 80.00, Acc(5): 99.00, F1: 0.22, Recall: 0.22, Precision: 0.22
2023-06-07 22:02:59,390 - AUGCON - INFO - Epoch [25/50]-(0/22) Loss: 0.9248, Acc(1): 75.00, Acc(5): 100.00
2023-06-07 22:02:59,390 - AUGCON - INFO - Epoch [25/50]-(5/22) Loss: 0.9215, Acc(1): 50.00, Acc(5): 100.00
2023-06-07 22:02:59,391 - AUGCON - INFO - Epoch [25/50]-(10/22) Loss: 0.8736, Acc(1): 75.00, Acc(5): 100.00
2023-06-07 22:02:59,391 - AUGCON - INFO - Epoch [25/50]-(15/22) Loss: 0.9436, Acc(1): 75.00, Acc(5): 100.00
2023-06-07 22:02:59,391 - AUGCON - INFO - Epoch [25/50]-(20/22) Loss: 0.6730, Acc(1): 100.00, Acc(5): 100.00
2023-06-07 22:02:59,391 - AUGCON - INFO - Validation Loss: 0.8157, Acc(1): 80.00, Acc(5): 99.00, F1: 0.22, Recall: 0.22, Precision: 0.22
2023-06-07 22:02:59,391 - AUGCON - INFO - Epoch [26/50]-(0/22) Loss: 0.6102, Acc(1): 75.00, Acc(5): 100.00
2023-06-07 22:02:59,391 - AUGCON - INFO - Epoch [26/50]-(5/22) Loss: 1.2769, Acc(1): 50.00, Acc(5): 100.00
2023-06-07 22:02:59,392 - AUGCON - INFO - Epoch [26/50]-(10/22) Loss: 0.5911, Acc(1): 75.00, Acc(5): 100.00
2023-06-07 22:02:59,392 - AUGCON - INFO - Epoch [26/50]-(15/22) Loss: 0.8173, Acc(1): 50.00, Acc(5): 100.00
2023-06-07 22:02:59,392 - AUGCON - INFO - Epoch [26/50]-(20/22) Loss: 0.7580, Acc(1): 75.00, Acc(5): 100.00
2023-06-07 22:02:59,392 - AUGCON - INFO - Validation Loss: 0.8078, Acc(1): 76.00, Acc(5): 99.00, F1: 0.21, Recall: 0.22, Precision: 0.21
2023-06-07 22:02:59,392 - AUGCON - INFO - Epoch [27/50]-(0/22) Loss: 0.5772, Acc(1): 75.00, Acc(5): 100.00
2023-06-07 22:02:59,392 - AUGCON - INFO - Epoch [27/50]-(5/22) Loss: 0.8878, Acc(1): 50.00, Acc(5): 100.00
2023-06-07 22:02:59,392 - AUGCON - INFO - Epoch [27/50]-(10/22) Loss: 0.8697, Acc(1): 75.00, Acc(5): 100.00
2023-06-07 22:02:59,393 - AUGCON - INFO - Epoch [27/50]-(15/22) Loss: 0.5610, Acc(1): 75.00, Acc(5): 100.00
2023-06-07 22:02:59,393 - AUGCON - INFO - Epoch [27/50]-(20/22) Loss: 1.3435, Acc(1): 50.00, Acc(5): 100.00
2023-06-07 22:02:59,393 - AUGCON - INFO - Validation Loss: 0.7921, Acc(1): 73.00, Acc(5): 99.00, F1: 0.20, Recall: 0.21, Precision: 0.20
2023-06-07 22:02:59,393 - AUGCON - INFO - Epoch [28/50]-(0/22) Loss: 0.5516, Acc(1): 100.00, Acc(5): 100.00
2023-06-07 22:02:59,393 - AUGCON - INFO - Epoch [28/50]-(5/22) Loss: 0.5109, Acc(1): 100.00, Acc(5): 100.00
2023-06-07 22:02:59,393 - AUGCON - INFO - Epoch [28/50]-(10/22) Loss: 0.7626, Acc(1): 75.00, Acc(5): 100.00
2023-06-07 22:02:59,394 - AUGCON - INFO - Epoch [28/50]-(15/22) Loss: 0.7219, Acc(1): 75.00, Acc(5): 100.00
2023-06-07 22:02:59,394 - AUGCON - INFO - Epoch [28/50]-(20/22) Loss: 1.4126, Acc(1): 25.00, Acc(5): 100.00
2023-06-07 22:02:59,394 - AUGCON - INFO - Validation Loss: 0.8076, Acc(1): 80.00, Acc(5): 99.00, F1: 0.22, Recall: 0.22, Precision: 0.22
2023-06-07 22:02:59,394 - AUGCON - INFO - Epoch [29/50]-(0/22) Loss: 1.1401, Acc(1): 50.00, Acc(5): 100.00
2023-06-07 22:02:59,394 - AUGCON - INFO - Epoch [29/50]-(5/22) Loss: 0.8051, Acc(1): 75.00, Acc(5): 100.00
2023-06-07 22:02:59,394 - AUGCON - INFO - Epoch [29/50]-(10/22) Loss: 1.0255, Acc(1): 50.00, Acc(5): 100.00
2023-06-07 22:02:59,394 - AUGCON - INFO - Epoch [29/50]-(15/22) Loss: 1.0699, Acc(1): 75.00, Acc(5): 100.00
2023-06-07 22:02:59,395 - AUGCON - INFO - Epoch [29/50]-(20/22) Loss: 0.7054, Acc(1): 75.00, Acc(5): 100.00
2023-06-07 22:02:59,395 - AUGCON - INFO - Validation Loss: 0.7722, Acc(1): 79.00, Acc(5): 99.00, F1: 0.22, Recall: 0.22, Precision: 0.21
2023-06-07 22:02:59,395 - AUGCON - INFO - Epoch [30/50]-(0/22) Loss: 0.6223, Acc(1): 75.00, Acc(5): 100.00
2023-06-07 22:02:59,395 - AUGCON - INFO - Epoch [30/50]-(5/22) Loss: 0.7095, Acc(1): 75.00, Acc(5): 100.00
2023-06-07 22:02:59,395 - AUGCON - INFO - Epoch [30/50]-(10/22) Loss: 0.6200, Acc(1): 75.00, Acc(5): 100.00
2023-06-07 22:02:59,395 - AUGCON - INFO - Epoch [30/50]-(15/22) Loss: 2.0082, Acc(1): 0.00, Acc(5): 100.00
2023-06-07 22:02:59,396 - AUGCON - INFO - Epoch [30/50]-(20/22) Loss: 0.5689, Acc(1): 75.00, Acc(5): 100.00
2023-06-07 22:02:59,396 - AUGCON - INFO - Validation Loss: 0.8134, Acc(1): 78.00, Acc(5): 99.00, F1: 0.21, Recall: 0.22, Precision: 0.20
2023-06-07 22:02:59,396 - AUGCON - INFO - Epoch [31/50]-(0/22) Loss: 0.8557, Acc(1): 75.00, Acc(5): 100.00
2023-06-07 22:02:59,396 - AUGCON - INFO - Epoch [31/50]-(5/22) Loss: 0.8910, Acc(1): 75.00, Acc(5): 100.00
2023-06-07 22:02:59,396 - AUGCON - INFO - Epoch [31/50]-(10/22) Loss: 0.9305, Acc(1): 50.00, Acc(5): 100.00
2023-06-07 22:02:59,396 - AUGCON - INFO - Epoch [31/50]-(15/22) Loss: 1.4847, Acc(1): 50.00, Acc(5): 100.00
2023-06-07 22:02:59,397 - AUGCON - INFO - Epoch [31/50]-(20/22) Loss: 0.1989, Acc(1): 100.00, Acc(5): 100.00
2023-06-07 22:02:59,397 - AUGCON - INFO - Validation Loss: 0.7782, Acc(1): 78.00, Acc(5): 99.00, F1: 0.21, Recall: 0.22, Precision: 0.21
2023-06-07 22:02:59,397 - AUGCON - INFO - Epoch [32/50]-(0/22) Loss: 0.8699, Acc(1): 75.00, Acc(5): 100.00
2023-06-07 22:02:59,397 - AUGCON - INFO - Epoch [32/50]-(5/22) Loss: 0.7958, Acc(1): 75.00, Acc(5): 100.00
2023-06-07 22:02:59,397 - AUGCON - INFO - Epoch [32/50]-(10/22) Loss: 0.7333, Acc(1): 75.00, Acc(5): 100.00
2023-06-07 22:02:59,397 - AUGCON - INFO - Epoch [32/50]-(15/22) Loss: 1.0603, Acc(1): 25.00, Acc(5): 100.00
2023-06-07 22:02:59,397 - AUGCON - INFO - Epoch [32/50]-(20/22) Loss: 0.8447, Acc(1): 75.00, Acc(5): 100.00
2023-06-07 22:02:59,398 - AUGCON - INFO - Validation Loss: 0.7763, Acc(1): 80.00, Acc(5): 99.00, F1: 0.22, Recall: 0.22, Precision: 0.21
2023-06-07 22:02:59,398 - AUGCON - INFO - Epoch [33/50]-(0/22) Loss: 1.0124, Acc(1): 50.00, Acc(5): 100.00
2023-06-07 22:02:59,398 - AUGCON - INFO - Epoch [33/50]-(5/22) Loss: 0.4875, Acc(1): 75.00, Acc(5): 100.00
2023-06-07 22:02:59,398 - AUGCON - INFO - Epoch [33/50]-(10/22) Loss: 0.4991, Acc(1): 75.00, Acc(5): 100.00
2023-06-07 22:02:59,398 - AUGCON - INFO - Epoch [33/50]-(15/22) Loss: 1.3749, Acc(1): 75.00, Acc(5): 100.00
2023-06-07 22:02:59,398 - AUGCON - INFO - Epoch [33/50]-(20/22) Loss: 0.5763, Acc(1): 50.00, Acc(5): 100.00
2023-06-07 22:02:59,399 - AUGCON - INFO - Validation Loss: 0.7785, Acc(1): 73.00, Acc(5): 99.00, F1: 0.20, Recall: 0.21, Precision: 0.19
2023-06-07 22:02:59,399 - AUGCON - INFO - Epoch [34/50]-(0/22) Loss: 1.0952, Acc(1): 50.00, Acc(5): 100.00
2023-06-07 22:02:59,399 - AUGCON - INFO - Epoch [34/50]-(5/22) Loss: 0.8475, Acc(1): 75.00, Acc(5): 100.00
2023-06-07 22:02:59,399 - AUGCON - INFO - Epoch [34/50]-(10/22) Loss: 0.5538, Acc(1): 75.00, Acc(5): 100.00
2023-06-07 22:02:59,399 - AUGCON - INFO - Epoch [34/50]-(15/22) Loss: 1.1509, Acc(1): 25.00, Acc(5): 100.00
2023-06-07 22:02:59,399 - AUGCON - INFO - Epoch [34/50]-(20/22) Loss: 0.8683, Acc(1): 75.00, Acc(5): 100.00
2023-06-07 22:02:59,400 - AUGCON - INFO - Validation Loss: 0.7602, Acc(1): 73.00, Acc(5): 99.00, F1: 0.20, Recall: 0.21, Precision: 0.20
2023-06-07 22:02:59,400 - AUGCON - INFO - Epoch [35/50]-(0/22) Loss: 0.6334, Acc(1): 75.00, Acc(5): 100.00
2023-06-07 22:02:59,400 - AUGCON - INFO - Epoch [35/50]-(5/22) Loss: 0.5075, Acc(1): 75.00, Acc(5): 100.00
2023-06-07 22:02:59,400 - AUGCON - INFO - Epoch [35/50]-(10/22) Loss: 1.0093, Acc(1): 75.00, Acc(5): 100.00
2023-06-07 22:02:59,400 - AUGCON - INFO - Epoch [35/50]-(15/22) Loss: 0.6728, Acc(1): 75.00, Acc(5): 100.00
2023-06-07 22:02:59,400 - AUGCON - INFO - Epoch [35/50]-(20/22) Loss: 1.0950, Acc(1): 75.00, Acc(5): 100.00
2023-06-07 22:02:59,400 - AUGCON - INFO - Validation Loss: 0.7668, Acc(1): 78.00, Acc(5): 99.00, F1: 0.22, Recall: 0.21, Precision: 0.23
2023-06-07 22:02:59,400 - AUGCON - INFO - Epoch [36/50]-(0/22) Loss: 1.0212, Acc(1): 50.00, Acc(5): 100.00
2023-06-07 22:02:59,400 - AUGCON - INFO - Epoch [36/50]-(5/22) Loss: 1.1366, Acc(1): 50.00, Acc(5): 100.00
2023-06-07 22:02:59,400 - AUGCON - INFO - Epoch [36/50]-(10/22) Loss: 0.5304, Acc(1): 100.00, Acc(5): 100.00
2023-06-07 22:02:59,401 - AUGCON - INFO - Epoch [36/50]-(15/22) Loss: 0.8930, Acc(1): 50.00, Acc(5): 100.00
2023-06-07 22:02:59,401 - AUGCON - INFO - Epoch [36/50]-(20/22) Loss: 0.8663, Acc(1): 75.00, Acc(5): 100.00
2023-06-07 22:02:59,401 - AUGCON - INFO - Validation Loss: 0.7545, Acc(1): 80.00, Acc(5): 99.00, F1: 0.22, Recall: 0.22, Precision: 0.22
2023-06-07 22:02:59,401 - AUGCON - INFO - Epoch [37/50]-(0/22) Loss: 0.9475, Acc(1): 75.00, Acc(5): 100.00
2023-06-07 22:02:59,401 - AUGCON - INFO - Epoch [37/50]-(5/22) Loss: 0.6437, Acc(1): 75.00, Acc(5): 100.00
2023-06-07 22:02:59,401 - AUGCON - INFO - Epoch [37/50]-(10/22) Loss: 0.7968, Acc(1): 75.00, Acc(5): 100.00
2023-06-07 22:02:59,401 - AUGCON - INFO - Epoch [37/50]-(15/22) Loss: 1.5676, Acc(1): 50.00, Acc(5): 100.00
2023-06-07 22:02:59,401 - AUGCON - INFO - Epoch [37/50]-(20/22) Loss: 0.3387, Acc(1): 100.00, Acc(5): 100.00
2023-06-07 22:02:59,401 - AUGCON - INFO - Validation Loss: 0.7538, Acc(1): 77.00, Acc(5): 99.00, F1: 0.21, Recall: 0.21, Precision: 0.21
2023-06-07 22:02:59,401 - AUGCON - INFO - Epoch [38/50]-(0/22) Loss: 0.3957, Acc(1): 100.00, Acc(5): 100.00
2023-06-07 22:02:59,401 - AUGCON - INFO - Epoch [38/50]-(5/22) Loss: 0.3535, Acc(1): 100.00, Acc(5): 100.00
2023-06-07 22:02:59,402 - AUGCON - INFO - Epoch [38/50]-(10/22) Loss: 1.5272, Acc(1): 25.00, Acc(5): 100.00
2023-06-07 22:02:59,402 - AUGCON - INFO - Epoch [38/50]-(15/22) Loss: 0.7495, Acc(1): 75.00, Acc(5): 100.00
2023-06-07 22:02:59,402 - AUGCON - INFO - Epoch [38/50]-(20/22) Loss: 0.8610, Acc(1): 75.00, Acc(5): 100.00
2023-06-07 22:02:59,402 - AUGCON - INFO - Validation Loss: 0.7646, Acc(1): 77.00, Acc(5): 99.00, F1: 0.21, Recall: 0.21, Precision: 0.21
2023-06-07 22:02:59,402 - AUGCON - INFO - Epoch [39/50]-(0/22) Loss: 0.9102, Acc(1): 50.00, Acc(5): 100.00
2023-06-07 22:02:59,402 - AUGCON - INFO - Epoch [39/50]-(5/22) Loss: 1.0730, Acc(1): 75.00, Acc(5): 100.00
2023-06-07 22:02:59,402 - AUGCON - INFO - Epoch [39/50]-(10/22) Loss: 0.6881, Acc(1): 75.00, Acc(5): 100.00
2023-06-07 22:02:59,402 - AUGCON - INFO - Epoch [39/50]-(15/22) Loss: 0.8019, Acc(1): 75.00, Acc(5): 100.00
2023-06-07 22:02:59,402 - AUGCON - INFO - Epoch [39/50]-(20/22) Loss: 0.7771, Acc(1): 50.00, Acc(5): 100.00
2023-06-07 22:02:59,402 - AUGCON - INFO - Validation Loss: 0.7554, Acc(1): 78.00, Acc(5): 99.00, F1: 0.21, Recall: 0.22, Precision: 0.21
2023-06-07 22:02:59,402 - AUGCON - INFO - Epoch [40/50]-(0/22) Loss: 0.9321, Acc(1): 75.00, Acc(5): 100.00
2023-06-07 22:02:59,402 - AUGCON - INFO - Epoch [40/50]-(5/22) Loss: 0.3338, Acc(1): 100.00, Acc(5): 100.00
2023-06-07 22:02:59,403 - AUGCON - INFO - Epoch [40/50]-(10/22) Loss: 0.4326, Acc(1): 100.00, Acc(5): 100.00
2023-06-07 22:02:59,403 - AUGCON - INFO - Epoch [40/50]-(15/22) Loss: 1.2960, Acc(1): 50.00, Acc(5): 100.00
2023-06-07 22:02:59,403 - AUGCON - INFO - Epoch [40/50]-(20/22) Loss: 0.2494, Acc(1): 100.00, Acc(5): 100.00
2023-06-07 22:02:59,403 - AUGCON - INFO - Validation Loss: 0.7790, Acc(1): 82.00, Acc(5): 99.00, F1: 0.23, Recall: 0.22, Precision: 0.23
2023-06-07 22:02:59,403 - AUGCON - INFO - Epoch [41/50]-(0/22) Loss: 0.5969, Acc(1): 75.00, Acc(5): 100.00
2023-06-07 22:02:59,403 - AUGCON - INFO - Epoch [41/50]-(5/22) Loss: 0.7024, Acc(1): 75.00, Acc(5): 100.00
2023-06-07 22:02:59,403 - AUGCON - INFO - Epoch [41/50]-(10/22) Loss: 0.5665, Acc(1): 100.00, Acc(5): 100.00
2023-06-07 22:02:59,403 - AUGCON - INFO - Epoch [41/50]-(15/22) Loss: 0.6316, Acc(1): 75.00, Acc(5): 100.00
2023-06-07 22:02:59,403 - AUGCON - INFO - Epoch [41/50]-(20/22) Loss: 0.9213, Acc(1): 50.00, Acc(5): 100.00
2023-06-07 22:02:59,403 - AUGCON - INFO - Validation Loss: 0.7323, Acc(1): 81.00, Acc(5): 99.00, F1: 0.22, Recall: 0.22, Precision: 0.22
2023-06-07 22:02:59,403 - AUGCON - INFO - Epoch [42/50]-(0/22) Loss: 0.4955, Acc(1): 100.00, Acc(5): 100.00
2023-06-07 22:02:59,403 - AUGCON - INFO - Epoch [42/50]-(5/22) Loss: 1.2825, Acc(1): 50.00, Acc(5): 100.00
2023-06-07 22:02:59,404 - AUGCON - INFO - Epoch [42/50]-(10/22) Loss: 1.3420, Acc(1): 25.00, Acc(5): 100.00
2023-06-07 22:02:59,404 - AUGCON - INFO - Epoch [42/50]-(15/22) Loss: 0.3477, Acc(1): 100.00, Acc(5): 100.00
2023-06-07 22:02:59,404 - AUGCON - INFO - Epoch [42/50]-(20/22) Loss: 0.9492, Acc(1): 75.00, Acc(5): 100.00
2023-06-07 22:02:59,404 - AUGCON - INFO - Validation Loss: 0.7302, Acc(1): 78.00, Acc(5): 99.00, F1: 0.21, Recall: 0.21, Precision: 0.21
2023-06-07 22:02:59,404 - AUGCON - INFO - Epoch [43/50]-(0/22) Loss: 0.3684, Acc(1): 100.00, Acc(5): 100.00
2023-06-07 22:02:59,404 - AUGCON - INFO - Epoch [43/50]-(5/22) Loss: 1.0353, Acc(1): 50.00, Acc(5): 100.00
2023-06-07 22:02:59,404 - AUGCON - INFO - Epoch [43/50]-(10/22) Loss: 1.1007, Acc(1): 50.00, Acc(5): 100.00
2023-06-07 22:02:59,404 - AUGCON - INFO - Epoch [43/50]-(15/22) Loss: 0.8991, Acc(1): 50.00, Acc(5): 100.00
2023-06-07 22:02:59,404 - AUGCON - INFO - Epoch [43/50]-(20/22) Loss: 1.4945, Acc(1): 50.00, Acc(5): 100.00
2023-06-07 22:02:59,404 - AUGCON - INFO - Validation Loss: 0.7395, Acc(1): 79.00, Acc(5): 98.00, F1: 0.22, Recall: 0.22, Precision: 0.21
2023-06-07 22:02:59,404 - AUGCON - INFO - Epoch [44/50]-(0/22) Loss: 1.4171, Acc(1): 50.00, Acc(5): 100.00
2023-06-07 22:02:59,404 - AUGCON - INFO - Epoch [44/50]-(5/22) Loss: 0.2348, Acc(1): 100.00, Acc(5): 100.00
2023-06-07 22:02:59,405 - AUGCON - INFO - Epoch [44/50]-(10/22) Loss: 0.6397, Acc(1): 75.00, Acc(5): 100.00
2023-06-07 22:02:59,405 - AUGCON - INFO - Epoch [44/50]-(15/22) Loss: 0.3287, Acc(1): 100.00, Acc(5): 100.00
2023-06-07 22:02:59,405 - AUGCON - INFO - Epoch [44/50]-(20/22) Loss: 0.5284, Acc(1): 75.00, Acc(5): 100.00
2023-06-07 22:02:59,405 - AUGCON - INFO - Validation Loss: 0.7087, Acc(1): 76.00, Acc(5): 99.00, F1: 0.21, Recall: 0.21, Precision: 0.21
2023-06-07 22:02:59,405 - AUGCON - INFO - Epoch [45/50]-(0/22) Loss: 0.6664, Acc(1): 75.00, Acc(5): 100.00
2023-06-07 22:02:59,405 - AUGCON - INFO - Epoch [45/50]-(5/22) Loss: 0.8387, Acc(1): 75.00, Acc(5): 100.00
2023-06-07 22:02:59,405 - AUGCON - INFO - Epoch [45/50]-(10/22) Loss: 0.6512, Acc(1): 75.00, Acc(5): 100.00
2023-06-07 22:02:59,405 - AUGCON - INFO - Epoch [45/50]-(15/22) Loss: 0.3686, Acc(1): 75.00, Acc(5): 100.00
2023-06-07 22:02:59,405 - AUGCON - INFO - Epoch [45/50]-(20/22) Loss: 0.4594, Acc(1): 75.00, Acc(5): 100.00
2023-06-07 22:02:59,405 - AUGCON - INFO - Validation Loss: 0.7488, Acc(1): 78.00, Acc(5): 99.00, F1: 0.21, Recall: 0.22, Precision: 0.21
2023-06-07 22:02:59,405 - AUGCON - INFO - Epoch [46/50]-(0/22) Loss: 1.2088, Acc(1): 50.00, Acc(5): 100.00
2023-06-07 22:02:59,405 - AUGCON - INFO - Epoch [46/50]-(5/22) Loss: 1.1321, Acc(1): 50.00, Acc(5): 100.00
2023-06-07 22:02:59,406 - AUGCON - INFO - Epoch [46/50]-(10/22) Loss: 0.7007, Acc(1): 50.00, Acc(5): 100.00
2023-06-07 22:02:59,406 - AUGCON - INFO - Epoch [46/50]-(15/22) Loss: 1.1298, Acc(1): 75.00, Acc(5): 100.00
2023-06-07 22:02:59,406 - AUGCON - INFO - Epoch [46/50]-(20/22) Loss: 1.4494, Acc(1): 25.00, Acc(5): 100.00
2023-06-07 22:02:59,406 - AUGCON - INFO - Validation Loss: 0.7189, Acc(1): 82.00, Acc(5): 99.00, F1: 0.22, Recall: 0.22, Precision: 0.22
2023-06-07 22:02:59,406 - AUGCON - INFO - Epoch [47/50]-(0/22) Loss: 0.4467, Acc(1): 100.00, Acc(5): 100.00
2023-06-07 22:02:59,406 - AUGCON - INFO - Epoch [47/50]-(5/22) Loss: 0.9490, Acc(1): 50.00, Acc(5): 100.00
2023-06-07 22:02:59,406 - AUGCON - INFO - Epoch [47/50]-(10/22) Loss: 0.1126, Acc(1): 100.00, Acc(5): 100.00
2023-06-07 22:02:59,406 - AUGCON - INFO - Epoch [47/50]-(15/22) Loss: 0.6928, Acc(1): 75.00, Acc(5): 100.00
2023-06-07 22:02:59,406 - AUGCON - INFO - Epoch [47/50]-(20/22) Loss: 1.0995, Acc(1): 25.00, Acc(5): 100.00
2023-06-07 22:02:59,406 - AUGCON - INFO - Validation Loss: 0.7289, Acc(1): 81.00, Acc(5): 99.00, F1: 0.22, Recall: 0.23, Precision: 0.22
2023-06-07 22:02:59,406 - AUGCON - INFO - Epoch [48/50]-(0/22) Loss: 0.9021, Acc(1): 75.00, Acc(5): 100.00
2023-06-07 22:02:59,406 - AUGCON - INFO - Epoch [48/50]-(5/22) Loss: 0.2849, Acc(1): 100.00, Acc(5): 100.00
2023-06-07 22:02:59,407 - AUGCON - INFO - Epoch [48/50]-(10/22) Loss: 0.2964, Acc(1): 100.00, Acc(5): 100.00
2023-06-07 22:02:59,407 - AUGCON - INFO - Epoch [48/50]-(15/22) Loss: 2.0029, Acc(1): 25.00, Acc(5): 100.00
2023-06-07 22:02:59,407 - AUGCON - INFO - Epoch [48/50]-(20/22) Loss: 0.4366, Acc(1): 100.00, Acc(5): 100.00
2023-06-07 22:02:59,407 - AUGCON - INFO - Validation Loss: 0.7337, Acc(1): 80.00, Acc(5): 99.00, F1: 0.22, Recall: 0.22, Precision: 0.22
2023-06-07 22:02:59,407 - AUGCON - INFO - Epoch [49/50]-(0/22) Loss: 0.8458, Acc(1): 75.00, Acc(5): 100.00
2023-06-07 22:02:59,407 - AUGCON - INFO - Epoch [49/50]-(5/22) Loss: 0.3728, Acc(1): 100.00, Acc(5): 100.00
2023-06-07 22:02:59,407 - AUGCON - INFO - Epoch [49/50]-(10/22) Loss: 0.9801, Acc(1): 75.00, Acc(5): 100.00
2023-06-07 22:02:59,407 - AUGCON - INFO - Epoch [49/50]-(15/22) Loss: 1.0930, Acc(1): 50.00, Acc(5): 100.00
2023-06-07 22:02:59,407 - AUGCON - INFO - Epoch [49/50]-(20/22) Loss: 0.5201, Acc(1): 100.00, Acc(5): 100.00
2023-06-07 22:02:59,407 - AUGCON - INFO - Validation Loss: 0.7038, Acc(1): 79.00, Acc(5): 99.00, F1: 0.22, Recall: 0.22, Precision: 0.21
2023-06-07 22:02:59,407 - AUGCON - INFO - Epoch [50/50]-(0/22) Loss: 0.8933, Acc(1): 75.00, Acc(5): 100.00
2023-06-07 22:02:59,408 - AUGCON - INFO - Epoch [50/50]-(5/22) Loss: 0.9631, Acc(1): 50.00, Acc(5): 100.00
2023-06-07 22:02:59,408 - AUGCON - INFO - Epoch [50/50]-(10/22) Loss: 0.8174, Acc(1): 75.00, Acc(5): 100.00
2023-06-07 22:02:59,408 - AUGCON - INFO - Epoch [50/50]-(15/22) Loss: 0.5757, Acc(1): 75.00, Acc(5): 100.00
2023-06-07 22:02:59,408 - AUGCON - INFO - Epoch [50/50]-(20/22) Loss: 0.6567, Acc(1): 100.00, Acc(5): 100.00
2023-06-07 22:02:59,408 - AUGCON - INFO - Validation Loss: 0.7182, Acc(1): 80.00, Acc(5): 99.00, F1: 0.22, Recall: 0.22, Precision: 0.22
2023-06-07 22:02:59,408 - AUGCON - INFO - Validation Loss: 0.9973, Acc(1): 70.00, Acc(5): 97.33, F1: 0.17, Recall: 0.16, Precision: 0.17
