2023-06-19 16:44:33,623 - AUGCON - INFO - logger initialized (/home/hjyoon/projects/augcon/config/exp0/finetune_da_true/without_target_domain_PH0045-sjlee/metacpc_random_8421/tgt_target_domain_PH0012-thanh_seed0.yaml.log)
2023-06-19 16:44:33,623 - AUGCON - INFO - ================= Config =================
2023-06-19 16:44:33,623 - AUGCON - INFO -   mode: finetune
2023-06-19 16:44:33,623 - AUGCON - INFO -   seed: 0
2023-06-19 16:44:33,623 - AUGCON - INFO -   gpu: [6]
2023-06-19 16:44:33,623 - AUGCON - INFO -   num_workers: 1
2023-06-19 16:44:33,623 - AUGCON - INFO -   dist_url: tcp://localhost:10001
2023-06-19 16:44:33,623 - AUGCON - INFO -   dataset_name: ichar
2023-06-19 16:44:33,623 - AUGCON - INFO -   train_dataset_path: /mnt/sting/hjyoon/projects/cross/ICHAR/augcon/target_domain_PH0012-thanh/finetune/10shot/target/train.pkl
2023-06-19 16:44:33,623 - AUGCON - INFO -   test_dataset_path: /mnt/sting/hjyoon/projects/cross/ICHAR/augcon/target_domain_PH0012-thanh/finetune/10shot/target/test.pkl
2023-06-19 16:44:33,623 - AUGCON - INFO -   val_dataset_path: /mnt/sting/hjyoon/projects/cross/ICHAR/augcon/target_domain_PH0012-thanh/finetune/10shot/target/val.pkl
2023-06-19 16:44:33,623 - AUGCON - INFO -   input_channels: 3
2023-06-19 16:44:33,623 - AUGCON - INFO -   num_cls: 9
2023-06-19 16:44:33,623 - AUGCON - INFO -   optimizer: adam
2023-06-19 16:44:33,623 - AUGCON - INFO -   criterion: crossentropy
2023-06-19 16:44:33,624 - AUGCON - INFO -   start_epoch: 0
2023-06-19 16:44:33,624 - AUGCON - INFO -   epochs: 50
2023-06-19 16:44:33,624 - AUGCON - INFO -   batch_size: 4
2023-06-19 16:44:33,624 - AUGCON - INFO -   lr: 0.001
2023-06-19 16:44:33,624 - AUGCON - INFO -   wd: 0.0
2023-06-19 16:44:33,624 - AUGCON - INFO -   resume: 
2023-06-19 16:44:33,624 - AUGCON - INFO -   pretrained: /mnt/sting/hjyoon/projects/augcontrast/models/exp0/pretrain/without_target_domain_PH0045-sjlee/metacpc_random_8421/checkpoint_0999.pth.tar
2023-06-19 16:44:33,624 - AUGCON - INFO -   ckpt_dir: /mnt/sting/hjyoon/projects/augcontrast/models/exp0/finetune_da_true/without_target_domain_PH0045-sjlee/metacpc_random_8421/tgt_target_domain_PH0012-thanh_seed0
2023-06-19 16:44:33,624 - AUGCON - INFO -   log_freq: 5
2023-06-19 16:44:33,624 - AUGCON - INFO -   save_freq: 10
2023-06-19 16:44:33,624 - AUGCON - INFO -   pretext: metacpc
2023-06-19 16:44:33,624 - AUGCON - INFO -   enc_blocks: 4
2023-06-19 16:44:33,624 - AUGCON - INFO -   kernel_sizes: [8, 4, 2, 1]
2023-06-19 16:44:33,624 - AUGCON - INFO -   strides: [4, 2, 1, 1]
2023-06-19 16:44:33,624 - AUGCON - INFO -   agg_blocks: 5
2023-06-19 16:44:33,624 - AUGCON - INFO -   z_dim: 256
2023-06-19 16:44:33,624 - AUGCON - INFO -   pooling: mean
2023-06-19 16:44:33,624 - AUGCON - INFO -   pred_steps: 12
2023-06-19 16:44:33,624 - AUGCON - INFO -   n_negatives: 15
2023-06-19 16:44:33,624 - AUGCON - INFO -   offset: 4
2023-06-19 16:44:33,624 - AUGCON - INFO -   domain_adaptation: True
2023-06-19 16:44:33,624 - AUGCON - INFO -   task_steps: 10
2023-06-19 16:44:33,624 - AUGCON - INFO -   task_lr: 0.001
2023-06-19 16:44:33,624 - AUGCON - INFO -   reg_lambda: 0
2023-06-19 16:44:33,624 - AUGCON - INFO -   mlp: False
2023-06-19 16:44:33,625 - AUGCON - INFO -   freeze: True
2023-06-19 16:44:33,625 - AUGCON - INFO -   no_vars: False
2023-06-19 16:44:33,625 - AUGCON - INFO - ==========================================
2023-06-19 16:44:33,625 - AUGCON - INFO - Setting GPUs: [6]
2023-06-19 16:44:33,625 - AUGCON - INFO - GPUs [6] will be used
2023-06-19 16:44:33,625 - AUGCON - WARNING - You have chosen to seed training. 
2023-06-19 16:44:33,625 - AUGCON - WARNING - This will turn on the CUDNN deterministic setting, 
2023-06-19 16:44:33,625 - AUGCON - WARNING - which can slow down your training considerably! 
2023-06-19 16:44:33,626 - AUGCON - WARNING - You may see unexpected behavior when restarting 
2023-06-19 16:44:33,626 - AUGCON - WARNING - from checkpoints.
2023-06-19 16:44:33,656 - AUGCON - INFO - Executing MetaCPC
2023-06-19 16:44:33,656 - AUGCON - INFO - Logs are skipped during training
2023-06-19 16:44:53,599 - AUGCON - INFO - Single GPU is used for training - training 90 instances for each worker
2023-06-19 16:44:53,599 - AUGCON - INFO - Loading pretrained model from checkpoint - /mnt/sting/hjyoon/projects/augcontrast/models/exp0/pretrain/without_target_domain_PH0045-sjlee/metacpc_random_8421/checkpoint_0999.pth.tar
2023-06-19 16:44:53,599 - AUGCON - INFO - Missing keys: []
2023-06-19 16:44:53,599 - AUGCON - INFO - Perform domain adaptation step
2023-06-19 16:44:53,599 - AUGCON - INFO - 	meta-train [0/10] Loss: 1.3519, Acc(1): 47.77, Acc(5): 93.41
2023-06-19 16:44:53,599 - AUGCON - INFO - 	meta-train [1/10] Loss: 1.2603, Acc(1): 51.18, Acc(5): 94.45
2023-06-19 16:44:53,599 - AUGCON - INFO - 	meta-train [2/10] Loss: 1.2637, Acc(1): 50.27, Acc(5): 95.21
2023-06-19 16:44:53,599 - AUGCON - INFO - 	meta-train [3/10] Loss: 1.2244, Acc(1): 52.03, Acc(5): 95.62
2023-06-19 16:44:53,599 - AUGCON - INFO - 	meta-train [4/10] Loss: 1.2501, Acc(1): 51.38, Acc(5): 94.59
2023-06-19 16:44:53,599 - AUGCON - INFO - 	meta-train [5/10] Loss: 1.2263, Acc(1): 52.54, Acc(5): 95.57
2023-06-19 16:44:53,599 - AUGCON - INFO - 	meta-train [6/10] Loss: 1.2160, Acc(1): 51.46, Acc(5): 95.19
2023-06-19 16:44:53,600 - AUGCON - INFO - 	meta-train [7/10] Loss: 1.2576, Acc(1): 50.65, Acc(5): 94.79
2023-06-19 16:44:53,600 - AUGCON - INFO - 	meta-train [8/10] Loss: 1.2594, Acc(1): 50.60, Acc(5): 94.98
2023-06-19 16:44:53,600 - AUGCON - INFO - 	meta-train [9/10] Loss: 1.2197, Acc(1): 52.15, Acc(5): 95.47
2023-06-19 16:44:53,600 - AUGCON - INFO - Loading encoder parameters to the classifier
2023-06-19 16:44:53,600 - AUGCON - INFO - Missing keys: ['classifier.block.0.weight', 'classifier.block.0.bias']
2023-06-19 16:44:53,600 - AUGCON - INFO - Epoch [1/50]-(0/22) Loss: 2.0772, Acc(1): 25.00, Acc(5): 75.00
2023-06-19 16:44:53,600 - AUGCON - INFO - Epoch [1/50]-(5/22) Loss: 2.1543, Acc(1): 25.00, Acc(5): 100.00
2023-06-19 16:44:53,600 - AUGCON - INFO - Epoch [1/50]-(10/22) Loss: 2.7489, Acc(1): 0.00, Acc(5): 25.00
2023-06-19 16:44:53,600 - AUGCON - INFO - Epoch [1/50]-(15/22) Loss: 1.9055, Acc(1): 50.00, Acc(5): 75.00
2023-06-19 16:44:53,600 - AUGCON - INFO - Epoch [1/50]-(20/22) Loss: 2.0785, Acc(1): 25.00, Acc(5): 50.00
2023-06-19 16:44:53,600 - AUGCON - INFO - 	Validation Loss: 1.9545, Acc(1): 40.00, Acc(5): 89.00, F1: 0.10, Recall: 0.12, Precision: 0.08
2023-06-19 16:44:53,600 - AUGCON - INFO - Epoch [2/50]-(0/22) Loss: 2.1701, Acc(1): 0.00, Acc(5): 100.00
2023-06-19 16:44:53,600 - AUGCON - INFO - Epoch [2/50]-(5/22) Loss: 1.9785, Acc(1): 0.00, Acc(5): 100.00
2023-06-19 16:44:53,600 - AUGCON - INFO - Epoch [2/50]-(10/22) Loss: 1.8350, Acc(1): 25.00, Acc(5): 100.00
2023-06-19 16:44:53,601 - AUGCON - INFO - Epoch [2/50]-(15/22) Loss: 2.0792, Acc(1): 50.00, Acc(5): 75.00
2023-06-19 16:44:53,601 - AUGCON - INFO - Epoch [2/50]-(20/22) Loss: 1.7717, Acc(1): 50.00, Acc(5): 75.00
2023-06-19 16:44:53,601 - AUGCON - INFO - 	Validation Loss: 1.6519, Acc(1): 59.00, Acc(5): 92.00, F1: 0.15, Recall: 0.17, Precision: 0.14
2023-06-19 16:44:53,601 - AUGCON - INFO - Epoch [3/50]-(0/22) Loss: 1.7292, Acc(1): 50.00, Acc(5): 100.00
2023-06-19 16:44:53,601 - AUGCON - INFO - Epoch [3/50]-(5/22) Loss: 1.5685, Acc(1): 50.00, Acc(5): 100.00
2023-06-19 16:44:53,601 - AUGCON - INFO - Epoch [3/50]-(10/22) Loss: 1.6195, Acc(1): 25.00, Acc(5): 100.00
2023-06-19 16:44:53,601 - AUGCON - INFO - Epoch [3/50]-(15/22) Loss: 1.7076, Acc(1): 50.00, Acc(5): 100.00
2023-06-19 16:44:53,601 - AUGCON - INFO - Epoch [3/50]-(20/22) Loss: 1.5293, Acc(1): 50.00, Acc(5): 100.00
2023-06-19 16:44:53,601 - AUGCON - INFO - 	Validation Loss: 1.4856, Acc(1): 61.00, Acc(5): 95.00, F1: 0.16, Recall: 0.18, Precision: 0.14
2023-06-19 16:44:53,601 - AUGCON - INFO - Epoch [4/50]-(0/22) Loss: 1.6038, Acc(1): 75.00, Acc(5): 100.00
2023-06-19 16:44:53,601 - AUGCON - INFO - Epoch [4/50]-(5/22) Loss: 1.6039, Acc(1): 25.00, Acc(5): 100.00
2023-06-19 16:44:53,601 - AUGCON - INFO - Epoch [4/50]-(10/22) Loss: 1.1953, Acc(1): 100.00, Acc(5): 100.00
2023-06-19 16:44:53,601 - AUGCON - INFO - Epoch [4/50]-(15/22) Loss: 1.5211, Acc(1): 75.00, Acc(5): 100.00
2023-06-19 16:44:53,602 - AUGCON - INFO - Epoch [4/50]-(20/22) Loss: 1.2467, Acc(1): 100.00, Acc(5): 100.00
2023-06-19 16:44:53,602 - AUGCON - INFO - 	Validation Loss: 1.3394, Acc(1): 77.00, Acc(5): 96.00, F1: 0.19, Recall: 0.18, Precision: 0.19
2023-06-19 16:44:53,602 - AUGCON - INFO - Epoch [5/50]-(0/22) Loss: 1.3500, Acc(1): 75.00, Acc(5): 100.00
2023-06-19 16:44:53,602 - AUGCON - INFO - Epoch [5/50]-(5/22) Loss: 1.2288, Acc(1): 75.00, Acc(5): 100.00
2023-06-19 16:44:53,602 - AUGCON - INFO - Epoch [5/50]-(10/22) Loss: 1.1687, Acc(1): 100.00, Acc(5): 100.00
2023-06-19 16:44:53,602 - AUGCON - INFO - Epoch [5/50]-(15/22) Loss: 1.3743, Acc(1): 75.00, Acc(5): 100.00
2023-06-19 16:44:53,602 - AUGCON - INFO - Epoch [5/50]-(20/22) Loss: 1.2126, Acc(1): 50.00, Acc(5): 100.00
2023-06-19 16:44:53,602 - AUGCON - INFO - 	Validation Loss: 1.1861, Acc(1): 82.00, Acc(5): 96.00, F1: 0.20, Recall: 0.19, Precision: 0.21
2023-06-19 16:44:53,602 - AUGCON - INFO - Epoch [6/50]-(0/22) Loss: 1.0213, Acc(1): 100.00, Acc(5): 100.00
2023-06-19 16:44:53,602 - AUGCON - INFO - Epoch [6/50]-(5/22) Loss: 0.9555, Acc(1): 75.00, Acc(5): 100.00
2023-06-19 16:44:53,602 - AUGCON - INFO - Epoch [6/50]-(10/22) Loss: 1.5036, Acc(1): 25.00, Acc(5): 75.00
2023-06-19 16:44:53,602 - AUGCON - INFO - Epoch [6/50]-(15/22) Loss: 0.7329, Acc(1): 75.00, Acc(5): 100.00
2023-06-19 16:44:53,603 - AUGCON - INFO - Epoch [6/50]-(20/22) Loss: 0.9729, Acc(1): 75.00, Acc(5): 100.00
2023-06-19 16:44:53,603 - AUGCON - INFO - 	Validation Loss: 1.1420, Acc(1): 86.00, Acc(5): 96.00, F1: 0.21, Recall: 0.21, Precision: 0.20
2023-06-19 16:44:53,603 - AUGCON - INFO - Epoch [7/50]-(0/22) Loss: 1.5869, Acc(1): 50.00, Acc(5): 100.00
2023-06-19 16:44:53,603 - AUGCON - INFO - Epoch [7/50]-(5/22) Loss: 1.2716, Acc(1): 75.00, Acc(5): 100.00
2023-06-19 16:44:53,603 - AUGCON - INFO - Epoch [7/50]-(10/22) Loss: 1.5012, Acc(1): 50.00, Acc(5): 100.00
2023-06-19 16:44:53,603 - AUGCON - INFO - Epoch [7/50]-(15/22) Loss: 1.0432, Acc(1): 50.00, Acc(5): 100.00
2023-06-19 16:44:53,603 - AUGCON - INFO - Epoch [7/50]-(20/22) Loss: 0.8517, Acc(1): 100.00, Acc(5): 100.00
2023-06-19 16:44:53,603 - AUGCON - INFO - 	Validation Loss: 1.0672, Acc(1): 83.00, Acc(5): 96.00, F1: 0.20, Recall: 0.20, Precision: 0.21
2023-06-19 16:44:53,603 - AUGCON - INFO - Epoch [8/50]-(0/22) Loss: 0.4751, Acc(1): 100.00, Acc(5): 100.00
2023-06-19 16:44:53,603 - AUGCON - INFO - Epoch [8/50]-(5/22) Loss: 1.2352, Acc(1): 100.00, Acc(5): 100.00
2023-06-19 16:44:53,603 - AUGCON - INFO - Epoch [8/50]-(10/22) Loss: 1.2256, Acc(1): 50.00, Acc(5): 100.00
2023-06-19 16:44:53,603 - AUGCON - INFO - Epoch [8/50]-(15/22) Loss: 1.3830, Acc(1): 75.00, Acc(5): 100.00
2023-06-19 16:44:53,604 - AUGCON - INFO - Epoch [8/50]-(20/22) Loss: 1.2377, Acc(1): 25.00, Acc(5): 100.00
2023-06-19 16:44:53,604 - AUGCON - INFO - 	Validation Loss: 1.0292, Acc(1): 74.00, Acc(5): 96.00, F1: 0.18, Recall: 0.21, Precision: 0.16
2023-06-19 16:44:53,604 - AUGCON - INFO - Epoch [9/50]-(0/22) Loss: 0.8066, Acc(1): 100.00, Acc(5): 100.00
2023-06-19 16:44:53,604 - AUGCON - INFO - Epoch [9/50]-(5/22) Loss: 1.5842, Acc(1): 25.00, Acc(5): 100.00
2023-06-19 16:44:53,604 - AUGCON - INFO - Epoch [9/50]-(10/22) Loss: 0.9456, Acc(1): 75.00, Acc(5): 100.00
2023-06-19 16:44:53,604 - AUGCON - INFO - Epoch [9/50]-(15/22) Loss: 1.0908, Acc(1): 75.00, Acc(5): 100.00
2023-06-19 16:44:53,604 - AUGCON - INFO - Epoch [9/50]-(20/22) Loss: 0.7563, Acc(1): 75.00, Acc(5): 100.00
2023-06-19 16:44:53,604 - AUGCON - INFO - 	Validation Loss: 0.9804, Acc(1): 83.00, Acc(5): 96.00, F1: 0.20, Recall: 0.20, Precision: 0.21
2023-06-19 16:44:53,604 - AUGCON - INFO - Epoch [10/50]-(0/22) Loss: 0.9549, Acc(1): 100.00, Acc(5): 100.00
2023-06-19 16:44:53,604 - AUGCON - INFO - Epoch [10/50]-(5/22) Loss: 1.1080, Acc(1): 75.00, Acc(5): 100.00
2023-06-19 16:44:53,604 - AUGCON - INFO - Epoch [10/50]-(10/22) Loss: 0.6876, Acc(1): 75.00, Acc(5): 100.00
2023-06-19 16:44:53,605 - AUGCON - INFO - Epoch [10/50]-(15/22) Loss: 0.8772, Acc(1): 75.00, Acc(5): 100.00
2023-06-19 16:44:53,605 - AUGCON - INFO - Epoch [10/50]-(20/22) Loss: 1.2123, Acc(1): 50.00, Acc(5): 100.00
2023-06-19 16:44:53,605 - AUGCON - INFO - 	Validation Loss: 0.9171, Acc(1): 80.00, Acc(5): 96.00, F1: 0.20, Recall: 0.19, Precision: 0.21
2023-06-19 16:44:53,605 - AUGCON - INFO - Epoch [11/50]-(0/22) Loss: 0.8797, Acc(1): 75.00, Acc(5): 100.00
2023-06-19 16:44:53,605 - AUGCON - INFO - Epoch [11/50]-(5/22) Loss: 1.0312, Acc(1): 100.00, Acc(5): 100.00
2023-06-19 16:44:53,605 - AUGCON - INFO - Epoch [11/50]-(10/22) Loss: 1.0533, Acc(1): 50.00, Acc(5): 100.00
2023-06-19 16:44:53,605 - AUGCON - INFO - Epoch [11/50]-(15/22) Loss: 0.5168, Acc(1): 100.00, Acc(5): 100.00
2023-06-19 16:44:53,605 - AUGCON - INFO - Epoch [11/50]-(20/22) Loss: 0.7954, Acc(1): 100.00, Acc(5): 100.00
2023-06-19 16:44:53,605 - AUGCON - INFO - 	Validation Loss: 0.9017, Acc(1): 81.00, Acc(5): 96.00, F1: 0.20, Recall: 0.19, Precision: 0.21
2023-06-19 16:44:53,605 - AUGCON - INFO - Epoch [12/50]-(0/22) Loss: 0.7441, Acc(1): 75.00, Acc(5): 100.00
2023-06-19 16:44:53,605 - AUGCON - INFO - Epoch [12/50]-(5/22) Loss: 1.1299, Acc(1): 50.00, Acc(5): 100.00
2023-06-19 16:44:53,605 - AUGCON - INFO - Epoch [12/50]-(10/22) Loss: 0.6662, Acc(1): 75.00, Acc(5): 100.00
2023-06-19 16:44:53,606 - AUGCON - INFO - Epoch [12/50]-(15/22) Loss: 0.9408, Acc(1): 75.00, Acc(5): 100.00
2023-06-19 16:44:53,606 - AUGCON - INFO - Epoch [12/50]-(20/22) Loss: 1.1141, Acc(1): 50.00, Acc(5): 100.00
2023-06-19 16:44:53,606 - AUGCON - INFO - 	Validation Loss: 0.8721, Acc(1): 89.00, Acc(5): 96.00, F1: 0.21, Recall: 0.22, Precision: 0.21
2023-06-19 16:44:53,606 - AUGCON - INFO - Epoch [13/50]-(0/22) Loss: 0.8187, Acc(1): 75.00, Acc(5): 100.00
2023-06-19 16:44:53,606 - AUGCON - INFO - Epoch [13/50]-(5/22) Loss: 0.8801, Acc(1): 100.00, Acc(5): 100.00
2023-06-19 16:44:53,606 - AUGCON - INFO - Epoch [13/50]-(10/22) Loss: 1.4352, Acc(1): 50.00, Acc(5): 100.00
2023-06-19 16:44:53,606 - AUGCON - INFO - Epoch [13/50]-(15/22) Loss: 0.8469, Acc(1): 100.00, Acc(5): 100.00
2023-06-19 16:44:53,606 - AUGCON - INFO - Epoch [13/50]-(20/22) Loss: 0.9494, Acc(1): 75.00, Acc(5): 100.00
2023-06-19 16:44:53,606 - AUGCON - INFO - 	Validation Loss: 0.8541, Acc(1): 85.00, Acc(5): 96.00, F1: 0.20, Recall: 0.20, Precision: 0.20
2023-06-19 16:44:53,606 - AUGCON - INFO - Epoch [14/50]-(0/22) Loss: 0.5210, Acc(1): 100.00, Acc(5): 100.00
2023-06-19 16:44:53,606 - AUGCON - INFO - Epoch [14/50]-(5/22) Loss: 0.8564, Acc(1): 100.00, Acc(5): 100.00
2023-06-19 16:44:53,606 - AUGCON - INFO - Epoch [14/50]-(10/22) Loss: 0.7686, Acc(1): 75.00, Acc(5): 100.00
2023-06-19 16:44:53,607 - AUGCON - INFO - Epoch [14/50]-(15/22) Loss: 1.2074, Acc(1): 75.00, Acc(5): 100.00
2023-06-19 16:44:53,607 - AUGCON - INFO - Epoch [14/50]-(20/22) Loss: 0.6019, Acc(1): 100.00, Acc(5): 100.00
2023-06-19 16:44:53,607 - AUGCON - INFO - 	Validation Loss: 0.8104, Acc(1): 84.00, Acc(5): 96.00, F1: 0.20, Recall: 0.20, Precision: 0.21
2023-06-19 16:44:53,607 - AUGCON - INFO - Epoch [15/50]-(0/22) Loss: 0.5568, Acc(1): 100.00, Acc(5): 100.00
2023-06-19 16:44:53,607 - AUGCON - INFO - Epoch [15/50]-(5/22) Loss: 0.7356, Acc(1): 75.00, Acc(5): 100.00
2023-06-19 16:44:53,607 - AUGCON - INFO - Epoch [15/50]-(10/22) Loss: 0.5772, Acc(1): 100.00, Acc(5): 100.00
2023-06-19 16:44:53,607 - AUGCON - INFO - Epoch [15/50]-(15/22) Loss: 1.0488, Acc(1): 75.00, Acc(5): 100.00
2023-06-19 16:44:53,607 - AUGCON - INFO - Epoch [15/50]-(20/22) Loss: 0.5879, Acc(1): 100.00, Acc(5): 100.00
2023-06-19 16:44:53,607 - AUGCON - INFO - 	Validation Loss: 0.8222, Acc(1): 86.00, Acc(5): 96.00, F1: 0.20, Recall: 0.20, Precision: 0.20
2023-06-19 16:44:53,607 - AUGCON - INFO - Epoch [16/50]-(0/22) Loss: 0.3499, Acc(1): 100.00, Acc(5): 100.00
2023-06-19 16:44:53,608 - AUGCON - INFO - Epoch [16/50]-(5/22) Loss: 0.8295, Acc(1): 75.00, Acc(5): 100.00
2023-06-19 16:44:53,608 - AUGCON - INFO - Epoch [16/50]-(10/22) Loss: 0.4710, Acc(1): 100.00, Acc(5): 100.00
2023-06-19 16:44:53,608 - AUGCON - INFO - Epoch [16/50]-(15/22) Loss: 1.2647, Acc(1): 50.00, Acc(5): 100.00
2023-06-19 16:44:53,608 - AUGCON - INFO - Epoch [16/50]-(20/22) Loss: 0.6273, Acc(1): 75.00, Acc(5): 100.00
2023-06-19 16:44:53,608 - AUGCON - INFO - 	Validation Loss: 0.7783, Acc(1): 86.00, Acc(5): 96.00, F1: 0.20, Recall: 0.20, Precision: 0.20
2023-06-19 16:44:53,608 - AUGCON - INFO - Epoch [17/50]-(0/22) Loss: 0.4823, Acc(1): 100.00, Acc(5): 100.00
2023-06-19 16:44:53,608 - AUGCON - INFO - Epoch [17/50]-(5/22) Loss: 1.0939, Acc(1): 75.00, Acc(5): 100.00
2023-06-19 16:44:53,608 - AUGCON - INFO - Epoch [17/50]-(10/22) Loss: 0.5802, Acc(1): 100.00, Acc(5): 100.00
2023-06-19 16:44:53,608 - AUGCON - INFO - Epoch [17/50]-(15/22) Loss: 0.9021, Acc(1): 75.00, Acc(5): 100.00
2023-06-19 16:44:53,608 - AUGCON - INFO - Epoch [17/50]-(20/22) Loss: 1.0189, Acc(1): 75.00, Acc(5): 100.00
2023-06-19 16:44:53,608 - AUGCON - INFO - 	Validation Loss: 0.8126, Acc(1): 85.00, Acc(5): 96.00, F1: 0.20, Recall: 0.20, Precision: 0.20
2023-06-19 16:44:53,609 - AUGCON - INFO - Epoch [18/50]-(0/22) Loss: 0.8325, Acc(1): 100.00, Acc(5): 100.00
2023-06-19 16:44:53,609 - AUGCON - INFO - Epoch [18/50]-(5/22) Loss: 0.6117, Acc(1): 100.00, Acc(5): 100.00
2023-06-19 16:44:53,609 - AUGCON - INFO - Epoch [18/50]-(10/22) Loss: 0.8982, Acc(1): 50.00, Acc(5): 100.00
2023-06-19 16:44:53,609 - AUGCON - INFO - Epoch [18/50]-(15/22) Loss: 0.4695, Acc(1): 100.00, Acc(5): 100.00
2023-06-19 16:44:53,609 - AUGCON - INFO - Epoch [18/50]-(20/22) Loss: 0.6734, Acc(1): 100.00, Acc(5): 100.00
2023-06-19 16:44:53,609 - AUGCON - INFO - 	Validation Loss: 0.7472, Acc(1): 85.00, Acc(5): 96.00, F1: 0.20, Recall: 0.20, Precision: 0.21
2023-06-19 16:44:53,609 - AUGCON - INFO - Epoch [19/50]-(0/22) Loss: 0.4970, Acc(1): 100.00, Acc(5): 100.00
2023-06-19 16:44:53,609 - AUGCON - INFO - Epoch [19/50]-(5/22) Loss: 0.6922, Acc(1): 75.00, Acc(5): 100.00
2023-06-19 16:44:53,609 - AUGCON - INFO - Epoch [19/50]-(10/22) Loss: 0.4653, Acc(1): 100.00, Acc(5): 100.00
2023-06-19 16:44:53,609 - AUGCON - INFO - Epoch [19/50]-(15/22) Loss: 0.9958, Acc(1): 50.00, Acc(5): 100.00
2023-06-19 16:44:53,609 - AUGCON - INFO - Epoch [19/50]-(20/22) Loss: 0.7473, Acc(1): 100.00, Acc(5): 100.00
2023-06-19 16:44:53,609 - AUGCON - INFO - 	Validation Loss: 0.7437, Acc(1): 85.00, Acc(5): 96.00, F1: 0.20, Recall: 0.20, Precision: 0.20
2023-06-19 16:44:53,610 - AUGCON - INFO - Epoch [20/50]-(0/22) Loss: 0.6180, Acc(1): 100.00, Acc(5): 100.00
2023-06-19 16:44:53,610 - AUGCON - INFO - Epoch [20/50]-(5/22) Loss: 0.4023, Acc(1): 100.00, Acc(5): 100.00
2023-06-19 16:44:53,610 - AUGCON - INFO - Epoch [20/50]-(10/22) Loss: 0.7013, Acc(1): 75.00, Acc(5): 100.00
2023-06-19 16:44:53,610 - AUGCON - INFO - Epoch [20/50]-(15/22) Loss: 0.7108, Acc(1): 100.00, Acc(5): 100.00
2023-06-19 16:44:53,610 - AUGCON - INFO - Epoch [20/50]-(20/22) Loss: 0.5181, Acc(1): 75.00, Acc(5): 100.00
2023-06-19 16:44:53,610 - AUGCON - INFO - 	Validation Loss: 0.7470, Acc(1): 86.00, Acc(5): 96.00, F1: 0.21, Recall: 0.20, Precision: 0.21
2023-06-19 16:44:53,610 - AUGCON - INFO - Epoch [21/50]-(0/22) Loss: 0.4053, Acc(1): 100.00, Acc(5): 100.00
2023-06-19 16:44:53,610 - AUGCON - INFO - Epoch [21/50]-(5/22) Loss: 0.6697, Acc(1): 100.00, Acc(5): 100.00
2023-06-19 16:44:53,610 - AUGCON - INFO - Epoch [21/50]-(10/22) Loss: 0.6249, Acc(1): 100.00, Acc(5): 100.00
2023-06-19 16:44:53,610 - AUGCON - INFO - Epoch [21/50]-(15/22) Loss: 1.0479, Acc(1): 75.00, Acc(5): 100.00
2023-06-19 16:44:53,611 - AUGCON - INFO - Epoch [21/50]-(20/22) Loss: 0.7964, Acc(1): 50.00, Acc(5): 100.00
2023-06-19 16:44:53,611 - AUGCON - INFO - 	Validation Loss: 0.7238, Acc(1): 82.00, Acc(5): 96.00, F1: 0.20, Recall: 0.19, Precision: 0.20
2023-06-19 16:44:53,611 - AUGCON - INFO - Epoch [22/50]-(0/22) Loss: 0.5298, Acc(1): 100.00, Acc(5): 100.00
2023-06-19 16:44:53,611 - AUGCON - INFO - Epoch [22/50]-(5/22) Loss: 0.4892, Acc(1): 100.00, Acc(5): 100.00
2023-06-19 16:44:53,611 - AUGCON - INFO - Epoch [22/50]-(10/22) Loss: 0.7939, Acc(1): 100.00, Acc(5): 100.00
2023-06-19 16:44:53,611 - AUGCON - INFO - Epoch [22/50]-(15/22) Loss: 0.4296, Acc(1): 100.00, Acc(5): 100.00
2023-06-19 16:44:53,611 - AUGCON - INFO - Epoch [22/50]-(20/22) Loss: 0.6202, Acc(1): 75.00, Acc(5): 100.00
2023-06-19 16:44:53,611 - AUGCON - INFO - 	Validation Loss: 0.7069, Acc(1): 87.00, Acc(5): 96.00, F1: 0.20, Recall: 0.21, Precision: 0.20
2023-06-19 16:44:53,611 - AUGCON - INFO - Epoch [23/50]-(0/22) Loss: 0.5316, Acc(1): 100.00, Acc(5): 100.00
2023-06-19 16:44:53,611 - AUGCON - INFO - Epoch [23/50]-(5/22) Loss: 0.4343, Acc(1): 100.00, Acc(5): 100.00
2023-06-19 16:44:53,611 - AUGCON - INFO - Epoch [23/50]-(10/22) Loss: 0.7253, Acc(1): 100.00, Acc(5): 100.00
2023-06-19 16:44:53,612 - AUGCON - INFO - Epoch [23/50]-(15/22) Loss: 0.4873, Acc(1): 100.00, Acc(5): 100.00
2023-06-19 16:44:53,612 - AUGCON - INFO - Epoch [23/50]-(20/22) Loss: 0.7127, Acc(1): 75.00, Acc(5): 100.00
2023-06-19 16:44:53,612 - AUGCON - INFO - 	Validation Loss: 0.7245, Acc(1): 84.00, Acc(5): 96.00, F1: 0.20, Recall: 0.20, Precision: 0.20
2023-06-19 16:44:53,612 - AUGCON - INFO - Epoch [24/50]-(0/22) Loss: 0.6628, Acc(1): 75.00, Acc(5): 100.00
2023-06-19 16:44:53,612 - AUGCON - INFO - Epoch [24/50]-(5/22) Loss: 0.4724, Acc(1): 75.00, Acc(5): 100.00
2023-06-19 16:44:53,612 - AUGCON - INFO - Epoch [24/50]-(10/22) Loss: 0.5200, Acc(1): 100.00, Acc(5): 100.00
2023-06-19 16:44:53,612 - AUGCON - INFO - Epoch [24/50]-(15/22) Loss: 0.5808, Acc(1): 100.00, Acc(5): 100.00
2023-06-19 16:44:53,612 - AUGCON - INFO - Epoch [24/50]-(20/22) Loss: 0.4688, Acc(1): 75.00, Acc(5): 100.00
2023-06-19 16:44:53,613 - AUGCON - INFO - 	Validation Loss: 0.7189, Acc(1): 82.00, Acc(5): 96.00, F1: 0.20, Recall: 0.19, Precision: 0.20
2023-06-19 16:44:53,613 - AUGCON - INFO - Epoch [25/50]-(0/22) Loss: 0.3187, Acc(1): 100.00, Acc(5): 100.00
2023-06-19 16:44:53,613 - AUGCON - INFO - Epoch [25/50]-(5/22) Loss: 0.6397, Acc(1): 75.00, Acc(5): 100.00
2023-06-19 16:44:53,613 - AUGCON - INFO - Epoch [25/50]-(10/22) Loss: 0.3762, Acc(1): 100.00, Acc(5): 100.00
2023-06-19 16:44:53,613 - AUGCON - INFO - Epoch [25/50]-(15/22) Loss: 0.7149, Acc(1): 100.00, Acc(5): 100.00
2023-06-19 16:44:53,613 - AUGCON - INFO - Epoch [25/50]-(20/22) Loss: 0.5830, Acc(1): 100.00, Acc(5): 100.00
2023-06-19 16:44:53,613 - AUGCON - INFO - 	Validation Loss: 0.6941, Acc(1): 86.00, Acc(5): 96.00, F1: 0.20, Recall: 0.20, Precision: 0.20
2023-06-19 16:44:53,613 - AUGCON - INFO - Epoch [26/50]-(0/22) Loss: 0.7808, Acc(1): 75.00, Acc(5): 100.00
2023-06-19 16:44:53,613 - AUGCON - INFO - Epoch [26/50]-(5/22) Loss: 0.9907, Acc(1): 75.00, Acc(5): 100.00
2023-06-19 16:44:53,614 - AUGCON - INFO - Epoch [26/50]-(10/22) Loss: 0.9553, Acc(1): 50.00, Acc(5): 100.00
2023-06-19 16:44:53,614 - AUGCON - INFO - Epoch [26/50]-(15/22) Loss: 0.6259, Acc(1): 75.00, Acc(5): 100.00
2023-06-19 16:44:53,614 - AUGCON - INFO - Epoch [26/50]-(20/22) Loss: 0.2833, Acc(1): 100.00, Acc(5): 100.00
2023-06-19 16:44:53,614 - AUGCON - INFO - 	Validation Loss: 0.7137, Acc(1): 83.00, Acc(5): 96.00, F1: 0.19, Recall: 0.20, Precision: 0.19
2023-06-19 16:44:53,614 - AUGCON - INFO - Epoch [27/50]-(0/22) Loss: 0.6732, Acc(1): 75.00, Acc(5): 100.00
2023-06-19 16:44:53,614 - AUGCON - INFO - Epoch [27/50]-(5/22) Loss: 0.6525, Acc(1): 75.00, Acc(5): 100.00
2023-06-19 16:44:53,614 - AUGCON - INFO - Epoch [27/50]-(10/22) Loss: 0.3704, Acc(1): 100.00, Acc(5): 100.00
2023-06-19 16:44:53,614 - AUGCON - INFO - Epoch [27/50]-(15/22) Loss: 0.8050, Acc(1): 100.00, Acc(5): 100.00
2023-06-19 16:44:53,614 - AUGCON - INFO - Epoch [27/50]-(20/22) Loss: 0.7173, Acc(1): 75.00, Acc(5): 100.00
2023-06-19 16:44:53,614 - AUGCON - INFO - 	Validation Loss: 0.6760, Acc(1): 86.00, Acc(5): 96.00, F1: 0.20, Recall: 0.20, Precision: 0.20
2023-06-19 16:44:53,615 - AUGCON - INFO - Epoch [28/50]-(0/22) Loss: 0.8858, Acc(1): 75.00, Acc(5): 100.00
2023-06-19 16:44:53,615 - AUGCON - INFO - Epoch [28/50]-(5/22) Loss: 0.7649, Acc(1): 100.00, Acc(5): 100.00
2023-06-19 16:44:53,615 - AUGCON - INFO - Epoch [28/50]-(10/22) Loss: 0.6689, Acc(1): 75.00, Acc(5): 100.00
2023-06-19 16:44:53,615 - AUGCON - INFO - Epoch [28/50]-(15/22) Loss: 0.4177, Acc(1): 100.00, Acc(5): 100.00
2023-06-19 16:44:53,615 - AUGCON - INFO - Epoch [28/50]-(20/22) Loss: 0.5659, Acc(1): 75.00, Acc(5): 100.00
2023-06-19 16:44:53,615 - AUGCON - INFO - 	Validation Loss: 0.7012, Acc(1): 86.00, Acc(5): 96.00, F1: 0.20, Recall: 0.20, Precision: 0.20
2023-06-19 16:44:53,615 - AUGCON - INFO - Epoch [29/50]-(0/22) Loss: 0.5242, Acc(1): 100.00, Acc(5): 100.00
2023-06-19 16:44:53,615 - AUGCON - INFO - Epoch [29/50]-(5/22) Loss: 0.6665, Acc(1): 75.00, Acc(5): 100.00
2023-06-19 16:44:53,615 - AUGCON - INFO - Epoch [29/50]-(10/22) Loss: 0.5192, Acc(1): 100.00, Acc(5): 100.00
2023-06-19 16:44:53,615 - AUGCON - INFO - Epoch [29/50]-(15/22) Loss: 0.2322, Acc(1): 100.00, Acc(5): 100.00
2023-06-19 16:44:53,615 - AUGCON - INFO - Epoch [29/50]-(20/22) Loss: 0.8487, Acc(1): 50.00, Acc(5): 100.00
2023-06-19 16:44:53,616 - AUGCON - INFO - 	Validation Loss: 0.7022, Acc(1): 83.00, Acc(5): 96.00, F1: 0.20, Recall: 0.20, Precision: 0.20
2023-06-19 16:44:53,616 - AUGCON - INFO - Epoch [30/50]-(0/22) Loss: 0.6524, Acc(1): 75.00, Acc(5): 100.00
2023-06-19 16:44:53,616 - AUGCON - INFO - Epoch [30/50]-(5/22) Loss: 0.8859, Acc(1): 75.00, Acc(5): 100.00
2023-06-19 16:44:53,616 - AUGCON - INFO - Epoch [30/50]-(10/22) Loss: 0.4434, Acc(1): 100.00, Acc(5): 100.00
2023-06-19 16:44:53,616 - AUGCON - INFO - Epoch [30/50]-(15/22) Loss: 0.5255, Acc(1): 75.00, Acc(5): 100.00
2023-06-19 16:44:53,616 - AUGCON - INFO - Epoch [30/50]-(20/22) Loss: 0.4643, Acc(1): 100.00, Acc(5): 100.00
2023-06-19 16:44:53,616 - AUGCON - INFO - 	Validation Loss: 0.6629, Acc(1): 85.00, Acc(5): 96.00, F1: 0.20, Recall: 0.20, Precision: 0.20
2023-06-19 16:44:53,616 - AUGCON - INFO - Epoch [31/50]-(0/22) Loss: 0.2494, Acc(1): 100.00, Acc(5): 100.00
2023-06-19 16:44:53,617 - AUGCON - INFO - Epoch [31/50]-(5/22) Loss: 0.6781, Acc(1): 75.00, Acc(5): 100.00
2023-06-19 16:44:53,617 - AUGCON - INFO - Epoch [31/50]-(10/22) Loss: 0.5505, Acc(1): 100.00, Acc(5): 100.00
2023-06-19 16:44:53,617 - AUGCON - INFO - Epoch [31/50]-(15/22) Loss: 0.4231, Acc(1): 75.00, Acc(5): 100.00
2023-06-19 16:44:53,617 - AUGCON - INFO - Epoch [31/50]-(20/22) Loss: 0.1134, Acc(1): 100.00, Acc(5): 100.00
2023-06-19 16:44:53,617 - AUGCON - INFO - 	Validation Loss: 0.6721, Acc(1): 86.00, Acc(5): 96.00, F1: 0.21, Recall: 0.20, Precision: 0.21
2023-06-19 16:44:53,617 - AUGCON - INFO - Epoch [32/50]-(0/22) Loss: 0.5018, Acc(1): 75.00, Acc(5): 100.00
2023-06-19 16:44:53,618 - AUGCON - INFO - Epoch [32/50]-(5/22) Loss: 0.4659, Acc(1): 100.00, Acc(5): 100.00
2023-06-19 16:44:53,618 - AUGCON - INFO - Epoch [32/50]-(10/22) Loss: 0.6601, Acc(1): 100.00, Acc(5): 100.00
2023-06-19 16:44:53,618 - AUGCON - INFO - Epoch [32/50]-(15/22) Loss: 0.4577, Acc(1): 100.00, Acc(5): 100.00
2023-06-19 16:44:53,618 - AUGCON - INFO - Epoch [32/50]-(20/22) Loss: 0.2200, Acc(1): 100.00, Acc(5): 100.00
2023-06-19 16:44:53,618 - AUGCON - INFO - 	Validation Loss: 0.6380, Acc(1): 85.00, Acc(5): 96.00, F1: 0.20, Recall: 0.20, Precision: 0.20
2023-06-19 16:44:53,618 - AUGCON - INFO - Epoch [33/50]-(0/22) Loss: 0.3717, Acc(1): 75.00, Acc(5): 100.00
2023-06-19 16:44:53,619 - AUGCON - INFO - Epoch [33/50]-(5/22) Loss: 0.5485, Acc(1): 100.00, Acc(5): 100.00
2023-06-19 16:44:53,619 - AUGCON - INFO - Epoch [33/50]-(10/22) Loss: 0.4359, Acc(1): 100.00, Acc(5): 100.00
2023-06-19 16:44:53,619 - AUGCON - INFO - Epoch [33/50]-(15/22) Loss: 0.3635, Acc(1): 100.00, Acc(5): 100.00
2023-06-19 16:44:53,619 - AUGCON - INFO - Epoch [33/50]-(20/22) Loss: 0.6268, Acc(1): 75.00, Acc(5): 100.00
2023-06-19 16:44:53,619 - AUGCON - INFO - 	Validation Loss: 0.6529, Acc(1): 85.00, Acc(5): 96.00, F1: 0.20, Recall: 0.20, Precision: 0.21
2023-06-19 16:44:53,619 - AUGCON - INFO - Epoch [34/50]-(0/22) Loss: 0.1709, Acc(1): 100.00, Acc(5): 100.00
2023-06-19 16:44:53,619 - AUGCON - INFO - Epoch [34/50]-(5/22) Loss: 0.9668, Acc(1): 50.00, Acc(5): 100.00
2023-06-19 16:44:53,619 - AUGCON - INFO - Epoch [34/50]-(10/22) Loss: 0.1872, Acc(1): 100.00, Acc(5): 100.00
2023-06-19 16:44:53,619 - AUGCON - INFO - Epoch [34/50]-(15/22) Loss: 0.5284, Acc(1): 100.00, Acc(5): 100.00
2023-06-19 16:44:53,619 - AUGCON - INFO - Epoch [34/50]-(20/22) Loss: 0.3264, Acc(1): 100.00, Acc(5): 100.00
2023-06-19 16:44:53,619 - AUGCON - INFO - 	Validation Loss: 0.6455, Acc(1): 84.00, Acc(5): 96.00, F1: 0.20, Recall: 0.20, Precision: 0.20
2023-06-19 16:44:53,620 - AUGCON - INFO - Epoch [35/50]-(0/22) Loss: 0.0832, Acc(1): 100.00, Acc(5): 100.00
2023-06-19 16:44:53,620 - AUGCON - INFO - Epoch [35/50]-(5/22) Loss: 0.7375, Acc(1): 100.00, Acc(5): 100.00
2023-06-19 16:44:53,620 - AUGCON - INFO - Epoch [35/50]-(10/22) Loss: 0.6313, Acc(1): 75.00, Acc(5): 100.00
2023-06-19 16:44:53,620 - AUGCON - INFO - Epoch [35/50]-(15/22) Loss: 0.7794, Acc(1): 50.00, Acc(5): 100.00
2023-06-19 16:44:53,620 - AUGCON - INFO - Epoch [35/50]-(20/22) Loss: 0.3196, Acc(1): 100.00, Acc(5): 100.00
2023-06-19 16:44:53,620 - AUGCON - INFO - 	Validation Loss: 0.6516, Acc(1): 86.00, Acc(5): 96.00, F1: 0.21, Recall: 0.20, Precision: 0.21
2023-06-19 16:44:53,620 - AUGCON - INFO - Epoch [36/50]-(0/22) Loss: 0.2636, Acc(1): 100.00, Acc(5): 100.00
2023-06-19 16:44:53,620 - AUGCON - INFO - Epoch [36/50]-(5/22) Loss: 0.7766, Acc(1): 50.00, Acc(5): 100.00
2023-06-19 16:44:53,620 - AUGCON - INFO - Epoch [36/50]-(10/22) Loss: 0.5604, Acc(1): 75.00, Acc(5): 100.00
2023-06-19 16:44:53,620 - AUGCON - INFO - Epoch [36/50]-(15/22) Loss: 0.4462, Acc(1): 100.00, Acc(5): 100.00
2023-06-19 16:44:53,620 - AUGCON - INFO - Epoch [36/50]-(20/22) Loss: 0.3506, Acc(1): 100.00, Acc(5): 100.00
2023-06-19 16:44:53,621 - AUGCON - INFO - 	Validation Loss: 0.6527, Acc(1): 87.00, Acc(5): 96.00, F1: 0.20, Recall: 0.21, Precision: 0.20
2023-06-19 16:44:53,621 - AUGCON - INFO - Epoch [37/50]-(0/22) Loss: 0.1981, Acc(1): 100.00, Acc(5): 100.00
2023-06-19 16:44:53,621 - AUGCON - INFO - Epoch [37/50]-(5/22) Loss: 0.6672, Acc(1): 75.00, Acc(5): 100.00
2023-06-19 16:44:53,621 - AUGCON - INFO - Epoch [37/50]-(10/22) Loss: 0.3535, Acc(1): 75.00, Acc(5): 100.00
2023-06-19 16:44:53,621 - AUGCON - INFO - Epoch [37/50]-(15/22) Loss: 0.3449, Acc(1): 75.00, Acc(5): 100.00
2023-06-19 16:44:53,621 - AUGCON - INFO - Epoch [37/50]-(20/22) Loss: 0.3129, Acc(1): 100.00, Acc(5): 100.00
2023-06-19 16:44:53,621 - AUGCON - INFO - 	Validation Loss: 0.6406, Acc(1): 85.00, Acc(5): 96.00, F1: 0.20, Recall: 0.20, Precision: 0.20
2023-06-19 16:44:53,621 - AUGCON - INFO - Epoch [38/50]-(0/22) Loss: 0.4741, Acc(1): 100.00, Acc(5): 100.00
2023-06-19 16:44:53,621 - AUGCON - INFO - Epoch [38/50]-(5/22) Loss: 0.0727, Acc(1): 100.00, Acc(5): 100.00
2023-06-19 16:44:53,621 - AUGCON - INFO - Epoch [38/50]-(10/22) Loss: 0.2601, Acc(1): 100.00, Acc(5): 100.00
2023-06-19 16:44:53,621 - AUGCON - INFO - Epoch [38/50]-(15/22) Loss: 0.3547, Acc(1): 100.00, Acc(5): 100.00
2023-06-19 16:44:53,621 - AUGCON - INFO - Epoch [38/50]-(20/22) Loss: 0.2938, Acc(1): 100.00, Acc(5): 100.00
2023-06-19 16:44:53,622 - AUGCON - INFO - 	Validation Loss: 0.6405, Acc(1): 84.00, Acc(5): 96.00, F1: 0.19, Recall: 0.20, Precision: 0.19
2023-06-19 16:44:53,622 - AUGCON - INFO - Epoch [39/50]-(0/22) Loss: 0.3621, Acc(1): 100.00, Acc(5): 100.00
2023-06-19 16:44:53,622 - AUGCON - INFO - Epoch [39/50]-(5/22) Loss: 0.6378, Acc(1): 50.00, Acc(5): 100.00
2023-06-19 16:44:53,622 - AUGCON - INFO - Epoch [39/50]-(10/22) Loss: 0.7696, Acc(1): 50.00, Acc(5): 100.00
2023-06-19 16:44:53,622 - AUGCON - INFO - Epoch [39/50]-(15/22) Loss: 0.1090, Acc(1): 100.00, Acc(5): 100.00
2023-06-19 16:44:53,622 - AUGCON - INFO - Epoch [39/50]-(20/22) Loss: 0.7508, Acc(1): 50.00, Acc(5): 100.00
2023-06-19 16:44:53,622 - AUGCON - INFO - 	Validation Loss: 0.6386, Acc(1): 85.00, Acc(5): 96.00, F1: 0.20, Recall: 0.20, Precision: 0.20
2023-06-19 16:44:53,622 - AUGCON - INFO - Epoch [40/50]-(0/22) Loss: 0.5154, Acc(1): 100.00, Acc(5): 100.00
2023-06-19 16:44:53,622 - AUGCON - INFO - Epoch [40/50]-(5/22) Loss: 0.5237, Acc(1): 75.00, Acc(5): 100.00
2023-06-19 16:44:53,622 - AUGCON - INFO - Epoch [40/50]-(10/22) Loss: 0.4342, Acc(1): 100.00, Acc(5): 100.00
2023-06-19 16:44:53,622 - AUGCON - INFO - Epoch [40/50]-(15/22) Loss: 0.5344, Acc(1): 75.00, Acc(5): 100.00
2023-06-19 16:44:53,623 - AUGCON - INFO - Epoch [40/50]-(20/22) Loss: 0.4603, Acc(1): 75.00, Acc(5): 100.00
2023-06-19 16:44:53,623 - AUGCON - INFO - 	Validation Loss: 0.6409, Acc(1): 88.00, Acc(5): 96.00, F1: 0.21, Recall: 0.21, Precision: 0.21
2023-06-19 16:44:53,623 - AUGCON - INFO - Epoch [41/50]-(0/22) Loss: 0.3460, Acc(1): 100.00, Acc(5): 100.00
2023-06-19 16:44:53,623 - AUGCON - INFO - Epoch [41/50]-(5/22) Loss: 0.4238, Acc(1): 100.00, Acc(5): 100.00
2023-06-19 16:44:53,623 - AUGCON - INFO - Epoch [41/50]-(10/22) Loss: 0.5757, Acc(1): 100.00, Acc(5): 100.00
2023-06-19 16:44:53,623 - AUGCON - INFO - Epoch [41/50]-(15/22) Loss: 0.5775, Acc(1): 75.00, Acc(5): 100.00
2023-06-19 16:44:53,623 - AUGCON - INFO - Epoch [41/50]-(20/22) Loss: 0.3768, Acc(1): 100.00, Acc(5): 100.00
2023-06-19 16:44:53,623 - AUGCON - INFO - 	Validation Loss: 0.6203, Acc(1): 85.00, Acc(5): 96.00, F1: 0.20, Recall: 0.20, Precision: 0.20
2023-06-19 16:44:53,623 - AUGCON - INFO - Epoch [42/50]-(0/22) Loss: 0.5859, Acc(1): 100.00, Acc(5): 100.00
2023-06-19 16:44:53,623 - AUGCON - INFO - Epoch [42/50]-(5/22) Loss: 0.1589, Acc(1): 100.00, Acc(5): 100.00
2023-06-19 16:44:53,623 - AUGCON - INFO - Epoch [42/50]-(10/22) Loss: 0.1615, Acc(1): 100.00, Acc(5): 100.00
2023-06-19 16:44:53,623 - AUGCON - INFO - Epoch [42/50]-(15/22) Loss: 0.4357, Acc(1): 100.00, Acc(5): 100.00
2023-06-19 16:44:53,624 - AUGCON - INFO - Epoch [42/50]-(20/22) Loss: 0.3686, Acc(1): 75.00, Acc(5): 100.00
2023-06-19 16:44:53,624 - AUGCON - INFO - 	Validation Loss: 0.6246, Acc(1): 86.00, Acc(5): 96.00, F1: 0.20, Recall: 0.20, Precision: 0.20
2023-06-19 16:44:53,624 - AUGCON - INFO - Epoch [43/50]-(0/22) Loss: 0.3061, Acc(1): 100.00, Acc(5): 100.00
2023-06-19 16:44:53,624 - AUGCON - INFO - Epoch [43/50]-(5/22) Loss: 0.4606, Acc(1): 100.00, Acc(5): 100.00
2023-06-19 16:44:53,624 - AUGCON - INFO - Epoch [43/50]-(10/22) Loss: 0.7420, Acc(1): 75.00, Acc(5): 100.00
2023-06-19 16:44:53,624 - AUGCON - INFO - Epoch [43/50]-(15/22) Loss: 0.5913, Acc(1): 75.00, Acc(5): 100.00
2023-06-19 16:44:53,624 - AUGCON - INFO - Epoch [43/50]-(20/22) Loss: 0.5598, Acc(1): 75.00, Acc(5): 100.00
2023-06-19 16:44:53,624 - AUGCON - INFO - 	Validation Loss: 0.6172, Acc(1): 84.00, Acc(5): 96.00, F1: 0.20, Recall: 0.20, Precision: 0.20
2023-06-19 16:44:53,624 - AUGCON - INFO - Epoch [44/50]-(0/22) Loss: 0.2567, Acc(1): 100.00, Acc(5): 100.00
2023-06-19 16:44:53,624 - AUGCON - INFO - Epoch [44/50]-(5/22) Loss: 0.3648, Acc(1): 100.00, Acc(5): 100.00
2023-06-19 16:44:53,624 - AUGCON - INFO - Epoch [44/50]-(10/22) Loss: 0.5803, Acc(1): 100.00, Acc(5): 100.00
2023-06-19 16:44:53,625 - AUGCON - INFO - Epoch [44/50]-(15/22) Loss: 0.2583, Acc(1): 100.00, Acc(5): 100.00
2023-06-19 16:44:53,625 - AUGCON - INFO - Epoch [44/50]-(20/22) Loss: 0.2035, Acc(1): 100.00, Acc(5): 100.00
2023-06-19 16:44:53,625 - AUGCON - INFO - 	Validation Loss: 0.6605, Acc(1): 83.00, Acc(5): 96.00, F1: 0.19, Recall: 0.20, Precision: 0.19
2023-06-19 16:44:53,625 - AUGCON - INFO - Epoch [45/50]-(0/22) Loss: 0.7602, Acc(1): 75.00, Acc(5): 100.00
2023-06-19 16:44:53,625 - AUGCON - INFO - Epoch [45/50]-(5/22) Loss: 0.1028, Acc(1): 100.00, Acc(5): 100.00
2023-06-19 16:44:53,625 - AUGCON - INFO - Epoch [45/50]-(10/22) Loss: 0.1246, Acc(1): 100.00, Acc(5): 100.00
2023-06-19 16:44:53,625 - AUGCON - INFO - Epoch [45/50]-(15/22) Loss: 0.5533, Acc(1): 75.00, Acc(5): 100.00
2023-06-19 16:44:53,625 - AUGCON - INFO - Epoch [45/50]-(20/22) Loss: 0.3080, Acc(1): 100.00, Acc(5): 100.00
2023-06-19 16:44:53,625 - AUGCON - INFO - 	Validation Loss: 0.6303, Acc(1): 85.00, Acc(5): 96.00, F1: 0.20, Recall: 0.20, Precision: 0.20
2023-06-19 16:44:53,625 - AUGCON - INFO - Epoch [46/50]-(0/22) Loss: 0.4121, Acc(1): 100.00, Acc(5): 100.00
2023-06-19 16:44:53,625 - AUGCON - INFO - Epoch [46/50]-(5/22) Loss: 0.2108, Acc(1): 100.00, Acc(5): 100.00
2023-06-19 16:44:53,625 - AUGCON - INFO - Epoch [46/50]-(10/22) Loss: 0.1771, Acc(1): 100.00, Acc(5): 100.00
2023-06-19 16:44:53,626 - AUGCON - INFO - Epoch [46/50]-(15/22) Loss: 0.4362, Acc(1): 100.00, Acc(5): 100.00
2023-06-19 16:44:53,626 - AUGCON - INFO - Epoch [46/50]-(20/22) Loss: 0.5931, Acc(1): 100.00, Acc(5): 100.00
2023-06-19 16:44:53,626 - AUGCON - INFO - 	Validation Loss: 0.6326, Acc(1): 85.00, Acc(5): 96.00, F1: 0.20, Recall: 0.20, Precision: 0.19
2023-06-19 16:44:53,626 - AUGCON - INFO - Epoch [47/50]-(0/22) Loss: 0.3161, Acc(1): 100.00, Acc(5): 100.00
2023-06-19 16:44:53,626 - AUGCON - INFO - Epoch [47/50]-(5/22) Loss: 0.1623, Acc(1): 100.00, Acc(5): 100.00
2023-06-19 16:44:53,626 - AUGCON - INFO - Epoch [47/50]-(10/22) Loss: 0.1890, Acc(1): 100.00, Acc(5): 100.00
2023-06-19 16:44:53,626 - AUGCON - INFO - Epoch [47/50]-(15/22) Loss: 0.3591, Acc(1): 100.00, Acc(5): 100.00
2023-06-19 16:44:53,626 - AUGCON - INFO - Epoch [47/50]-(20/22) Loss: 0.6295, Acc(1): 100.00, Acc(5): 100.00
2023-06-19 16:44:53,626 - AUGCON - INFO - 	Validation Loss: 0.6363, Acc(1): 86.00, Acc(5): 96.00, F1: 0.20, Recall: 0.20, Precision: 0.20
2023-06-19 16:44:53,626 - AUGCON - INFO - Epoch [48/50]-(0/22) Loss: 0.4101, Acc(1): 100.00, Acc(5): 100.00
2023-06-19 16:44:53,626 - AUGCON - INFO - Epoch [48/50]-(5/22) Loss: 0.1651, Acc(1): 100.00, Acc(5): 100.00
2023-06-19 16:44:53,627 - AUGCON - INFO - Epoch [48/50]-(10/22) Loss: 0.1637, Acc(1): 100.00, Acc(5): 100.00
2023-06-19 16:44:53,627 - AUGCON - INFO - Epoch [48/50]-(15/22) Loss: 0.5393, Acc(1): 75.00, Acc(5): 100.00
2023-06-19 16:44:53,627 - AUGCON - INFO - Epoch [48/50]-(20/22) Loss: 0.2817, Acc(1): 100.00, Acc(5): 100.00
2023-06-19 16:44:53,627 - AUGCON - INFO - 	Validation Loss: 0.6387, Acc(1): 85.00, Acc(5): 96.00, F1: 0.20, Recall: 0.20, Precision: 0.19
2023-06-19 16:44:53,627 - AUGCON - INFO - Epoch [49/50]-(0/22) Loss: 0.1781, Acc(1): 100.00, Acc(5): 100.00
2023-06-19 16:44:53,627 - AUGCON - INFO - Epoch [49/50]-(5/22) Loss: 0.6100, Acc(1): 75.00, Acc(5): 100.00
2023-06-19 16:44:53,627 - AUGCON - INFO - Epoch [49/50]-(10/22) Loss: 0.2341, Acc(1): 100.00, Acc(5): 100.00
2023-06-19 16:44:53,627 - AUGCON - INFO - Epoch [49/50]-(15/22) Loss: 0.7024, Acc(1): 75.00, Acc(5): 100.00
2023-06-19 16:44:53,627 - AUGCON - INFO - Epoch [49/50]-(20/22) Loss: 0.2627, Acc(1): 100.00, Acc(5): 100.00
2023-06-19 16:44:53,627 - AUGCON - INFO - 	Validation Loss: 0.6367, Acc(1): 84.00, Acc(5): 96.00, F1: 0.20, Recall: 0.20, Precision: 0.19
2023-06-19 16:44:53,627 - AUGCON - INFO - Epoch [50/50]-(0/22) Loss: 0.5446, Acc(1): 75.00, Acc(5): 100.00
2023-06-19 16:44:53,628 - AUGCON - INFO - Epoch [50/50]-(5/22) Loss: 0.4018, Acc(1): 100.00, Acc(5): 100.00
2023-06-19 16:44:53,628 - AUGCON - INFO - Epoch [50/50]-(10/22) Loss: 0.5401, Acc(1): 75.00, Acc(5): 100.00
2023-06-19 16:44:53,628 - AUGCON - INFO - Epoch [50/50]-(15/22) Loss: 0.8857, Acc(1): 50.00, Acc(5): 100.00
2023-06-19 16:44:53,628 - AUGCON - INFO - Epoch [50/50]-(20/22) Loss: 0.3205, Acc(1): 100.00, Acc(5): 100.00
2023-06-19 16:44:53,628 - AUGCON - INFO - 	Validation Loss: 0.6171, Acc(1): 85.00, Acc(5): 96.00, F1: 0.20, Recall: 0.20, Precision: 0.20
2023-06-19 16:44:53,628 - AUGCON - INFO - 	Validation Loss: 0.9191, Acc(1): 80.00, Acc(5): 91.33, F1: 0.19, Recall: 0.20, Precision: 0.18
