2023-06-19 16:50:28,835 - AUGCON - INFO - logger initialized (/home/hjyoon/projects/augcon/config/exp0/finetune_da_true/without_target_domain_WA4697-jhryu/metacpc_random_8421/tgt_target_domain_WA4697-jhryu_seed0.yaml.log)
2023-06-19 16:50:28,836 - AUGCON - INFO - ================= Config =================
2023-06-19 16:50:28,836 - AUGCON - INFO -   mode: finetune
2023-06-19 16:50:28,836 - AUGCON - INFO -   seed: 0
2023-06-19 16:50:28,836 - AUGCON - INFO -   gpu: [1]
2023-06-19 16:50:28,836 - AUGCON - INFO -   num_workers: 1
2023-06-19 16:50:28,836 - AUGCON - INFO -   dist_url: tcp://localhost:10001
2023-06-19 16:50:28,836 - AUGCON - INFO -   dataset_name: ichar
2023-06-19 16:50:28,836 - AUGCON - INFO -   train_dataset_path: /mnt/sting/hjyoon/projects/cross/ICHAR/augcon/target_domain_WA4697-jhryu/finetune/10shot/target/train.pkl
2023-06-19 16:50:28,836 - AUGCON - INFO -   test_dataset_path: /mnt/sting/hjyoon/projects/cross/ICHAR/augcon/target_domain_WA4697-jhryu/finetune/10shot/target/test.pkl
2023-06-19 16:50:28,836 - AUGCON - INFO -   val_dataset_path: /mnt/sting/hjyoon/projects/cross/ICHAR/augcon/target_domain_WA4697-jhryu/finetune/10shot/target/val.pkl
2023-06-19 16:50:28,836 - AUGCON - INFO -   input_channels: 3
2023-06-19 16:50:28,836 - AUGCON - INFO -   num_cls: 9
2023-06-19 16:50:28,836 - AUGCON - INFO -   optimizer: adam
2023-06-19 16:50:28,836 - AUGCON - INFO -   criterion: crossentropy
2023-06-19 16:50:28,836 - AUGCON - INFO -   start_epoch: 0
2023-06-19 16:50:28,836 - AUGCON - INFO -   epochs: 50
2023-06-19 16:50:28,836 - AUGCON - INFO -   batch_size: 4
2023-06-19 16:50:28,836 - AUGCON - INFO -   lr: 0.001
2023-06-19 16:50:28,836 - AUGCON - INFO -   wd: 0.0
2023-06-19 16:50:28,836 - AUGCON - INFO -   resume: 
2023-06-19 16:50:28,836 - AUGCON - INFO -   pretrained: /mnt/sting/hjyoon/projects/augcontrast/models/exp0/pretrain/without_target_domain_WA4697-jhryu/metacpc_random_8421/checkpoint_0999.pth.tar
2023-06-19 16:50:28,836 - AUGCON - INFO -   ckpt_dir: /mnt/sting/hjyoon/projects/augcontrast/models/exp0/finetune_da_true/without_target_domain_WA4697-jhryu/metacpc_random_8421/tgt_target_domain_WA4697-jhryu_seed0
2023-06-19 16:50:28,836 - AUGCON - INFO -   log_freq: 5
2023-06-19 16:50:28,836 - AUGCON - INFO -   save_freq: 10
2023-06-19 16:50:28,836 - AUGCON - INFO -   pretext: metacpc
2023-06-19 16:50:28,836 - AUGCON - INFO -   enc_blocks: 4
2023-06-19 16:50:28,836 - AUGCON - INFO -   kernel_sizes: [8, 4, 2, 1]
2023-06-19 16:50:28,836 - AUGCON - INFO -   strides: [4, 2, 1, 1]
2023-06-19 16:50:28,836 - AUGCON - INFO -   agg_blocks: 5
2023-06-19 16:50:28,836 - AUGCON - INFO -   z_dim: 256
2023-06-19 16:50:28,836 - AUGCON - INFO -   pooling: mean
2023-06-19 16:50:28,836 - AUGCON - INFO -   pred_steps: 12
2023-06-19 16:50:28,836 - AUGCON - INFO -   n_negatives: 15
2023-06-19 16:50:28,836 - AUGCON - INFO -   offset: 4
2023-06-19 16:50:28,836 - AUGCON - INFO -   domain_adaptation: True
2023-06-19 16:50:28,837 - AUGCON - INFO -   task_steps: 10
2023-06-19 16:50:28,837 - AUGCON - INFO -   task_lr: 0.001
2023-06-19 16:50:28,837 - AUGCON - INFO -   reg_lambda: 0
2023-06-19 16:50:28,837 - AUGCON - INFO -   mlp: False
2023-06-19 16:50:28,837 - AUGCON - INFO -   freeze: True
2023-06-19 16:50:28,837 - AUGCON - INFO -   no_vars: False
2023-06-19 16:50:28,837 - AUGCON - INFO - ==========================================
2023-06-19 16:50:28,837 - AUGCON - INFO - Setting GPUs: [1]
2023-06-19 16:50:28,837 - AUGCON - INFO - GPUs [1] will be used
2023-06-19 16:50:28,837 - AUGCON - WARNING - You have chosen to seed training. 
2023-06-19 16:50:28,837 - AUGCON - WARNING - This will turn on the CUDNN deterministic setting, 
2023-06-19 16:50:28,837 - AUGCON - WARNING - which can slow down your training considerably! 
2023-06-19 16:50:28,837 - AUGCON - WARNING - You may see unexpected behavior when restarting 
2023-06-19 16:50:28,837 - AUGCON - WARNING - from checkpoints.
2023-06-19 16:50:28,869 - AUGCON - INFO - Executing MetaCPC
2023-06-19 16:50:28,870 - AUGCON - INFO - Logs are skipped during training
2023-06-19 16:50:47,328 - AUGCON - INFO - Single GPU is used for training - training 90 instances for each worker
2023-06-19 16:50:47,329 - AUGCON - INFO - Loading pretrained model from checkpoint - /mnt/sting/hjyoon/projects/augcontrast/models/exp0/pretrain/without_target_domain_WA4697-jhryu/metacpc_random_8421/checkpoint_0999.pth.tar
2023-06-19 16:50:47,329 - AUGCON - INFO - Missing keys: []
2023-06-19 16:50:47,329 - AUGCON - INFO - Perform domain adaptation step
2023-06-19 16:50:47,329 - AUGCON - INFO - 	meta-train [0/10] Loss: 3.5511, Acc(1): 9.69, Acc(5): 39.95
2023-06-19 16:50:47,329 - AUGCON - INFO - 	meta-train [1/10] Loss: 2.9118, Acc(1): 12.28, Acc(5): 46.01
2023-06-19 16:50:47,329 - AUGCON - INFO - 	meta-train [2/10] Loss: 2.6894, Acc(1): 14.06, Acc(5): 51.62
2023-06-19 16:50:47,329 - AUGCON - INFO - 	meta-train [3/10] Loss: 2.5931, Acc(1): 14.62, Acc(5): 55.74
2023-06-19 16:50:47,329 - AUGCON - INFO - 	meta-train [4/10] Loss: 2.5369, Acc(1): 16.13, Acc(5): 57.62
2023-06-19 16:50:47,329 - AUGCON - INFO - 	meta-train [5/10] Loss: 2.3983, Acc(1): 19.72, Acc(5): 64.08
2023-06-19 16:50:47,329 - AUGCON - INFO - 	meta-train [6/10] Loss: 2.3373, Acc(1): 20.26, Acc(5): 66.22
2023-06-19 16:50:47,329 - AUGCON - INFO - 	meta-train [7/10] Loss: 2.2877, Acc(1): 21.39, Acc(5): 68.52
2023-06-19 16:50:47,330 - AUGCON - INFO - 	meta-train [8/10] Loss: 2.1996, Acc(1): 22.95, Acc(5): 71.99
2023-06-19 16:50:47,330 - AUGCON - INFO - 	meta-train [9/10] Loss: 2.1545, Acc(1): 23.84, Acc(5): 73.25
2023-06-19 16:50:47,330 - AUGCON - INFO - Loading encoder parameters to the classifier
2023-06-19 16:50:47,330 - AUGCON - INFO - Missing keys: ['classifier.block.0.weight', 'classifier.block.0.bias']
2023-06-19 16:50:47,330 - AUGCON - INFO - Epoch [1/50]-(0/22) Loss: 2.2116, Acc(1): 25.00, Acc(5): 50.00
2023-06-19 16:50:47,330 - AUGCON - INFO - Epoch [1/50]-(5/22) Loss: 2.2239, Acc(1): 0.00, Acc(5): 75.00
2023-06-19 16:50:47,330 - AUGCON - INFO - Epoch [1/50]-(10/22) Loss: 2.6169, Acc(1): 0.00, Acc(5): 50.00
2023-06-19 16:50:47,330 - AUGCON - INFO - Epoch [1/50]-(15/22) Loss: 2.0695, Acc(1): 25.00, Acc(5): 75.00
2023-06-19 16:50:47,330 - AUGCON - INFO - Epoch [1/50]-(20/22) Loss: 2.3440, Acc(1): 0.00, Acc(5): 25.00
2023-06-19 16:50:47,330 - AUGCON - INFO - 	Validation Loss: 2.0940, Acc(1): 22.00, Acc(5): 74.00, F1: 0.06, Recall: 0.06, Precision: 0.05
2023-06-19 16:50:47,330 - AUGCON - INFO - Epoch [2/50]-(0/22) Loss: 2.1756, Acc(1): 0.00, Acc(5): 50.00
2023-06-19 16:50:47,330 - AUGCON - INFO - Epoch [2/50]-(5/22) Loss: 2.4797, Acc(1): 0.00, Acc(5): 50.00
2023-06-19 16:50:47,331 - AUGCON - INFO - Epoch [2/50]-(10/22) Loss: 2.1726, Acc(1): 25.00, Acc(5): 75.00
2023-06-19 16:50:47,331 - AUGCON - INFO - Epoch [2/50]-(15/22) Loss: 2.1966, Acc(1): 25.00, Acc(5): 75.00
2023-06-19 16:50:47,331 - AUGCON - INFO - Epoch [2/50]-(20/22) Loss: 2.2978, Acc(1): 25.00, Acc(5): 50.00
2023-06-19 16:50:47,331 - AUGCON - INFO - 	Validation Loss: 2.0482, Acc(1): 24.00, Acc(5): 87.00, F1: 0.07, Recall: 0.06, Precision: 0.07
2023-06-19 16:50:47,331 - AUGCON - INFO - Epoch [3/50]-(0/22) Loss: 2.0371, Acc(1): 25.00, Acc(5): 100.00
2023-06-19 16:50:47,331 - AUGCON - INFO - Epoch [3/50]-(5/22) Loss: 1.9173, Acc(1): 50.00, Acc(5): 100.00
2023-06-19 16:50:47,331 - AUGCON - INFO - Epoch [3/50]-(10/22) Loss: 2.3892, Acc(1): 0.00, Acc(5): 25.00
2023-06-19 16:50:47,331 - AUGCON - INFO - Epoch [3/50]-(15/22) Loss: 2.0885, Acc(1): 0.00, Acc(5): 100.00
2023-06-19 16:50:47,331 - AUGCON - INFO - Epoch [3/50]-(20/22) Loss: 2.0394, Acc(1): 25.00, Acc(5): 75.00
2023-06-19 16:50:47,331 - AUGCON - INFO - 	Validation Loss: 1.9860, Acc(1): 39.00, Acc(5): 92.00, F1: 0.09, Recall: 0.09, Precision: 0.10
2023-06-19 16:50:47,331 - AUGCON - INFO - Epoch [4/50]-(0/22) Loss: 2.0475, Acc(1): 0.00, Acc(5): 75.00
2023-06-19 16:50:47,331 - AUGCON - INFO - Epoch [4/50]-(5/22) Loss: 1.9811, Acc(1): 0.00, Acc(5): 100.00
2023-06-19 16:50:47,332 - AUGCON - INFO - Epoch [4/50]-(10/22) Loss: 2.0888, Acc(1): 0.00, Acc(5): 50.00
2023-06-19 16:50:47,332 - AUGCON - INFO - Epoch [4/50]-(15/22) Loss: 1.7618, Acc(1): 50.00, Acc(5): 100.00
2023-06-19 16:50:47,332 - AUGCON - INFO - Epoch [4/50]-(20/22) Loss: 2.0800, Acc(1): 25.00, Acc(5): 100.00
2023-06-19 16:50:47,332 - AUGCON - INFO - 	Validation Loss: 1.9511, Acc(1): 29.00, Acc(5): 86.00, F1: 0.06, Recall: 0.05, Precision: 0.09
2023-06-19 16:50:47,332 - AUGCON - INFO - Epoch [5/50]-(0/22) Loss: 1.8412, Acc(1): 50.00, Acc(5): 100.00
2023-06-19 16:50:47,332 - AUGCON - INFO - Epoch [5/50]-(5/22) Loss: 1.9225, Acc(1): 50.00, Acc(5): 75.00
2023-06-19 16:50:47,332 - AUGCON - INFO - Epoch [5/50]-(10/22) Loss: 1.9478, Acc(1): 0.00, Acc(5): 100.00
2023-06-19 16:50:47,332 - AUGCON - INFO - Epoch [5/50]-(15/22) Loss: 1.7999, Acc(1): 100.00, Acc(5): 100.00
2023-06-19 16:50:47,332 - AUGCON - INFO - Epoch [5/50]-(20/22) Loss: 2.3059, Acc(1): 25.00, Acc(5): 25.00
2023-06-19 16:50:47,332 - AUGCON - INFO - 	Validation Loss: 1.8542, Acc(1): 50.00, Acc(5): 89.00, F1: 0.15, Recall: 0.10, Precision: 0.25
2023-06-19 16:50:47,332 - AUGCON - INFO - Epoch [6/50]-(0/22) Loss: 1.9615, Acc(1): 50.00, Acc(5): 75.00
2023-06-19 16:50:47,333 - AUGCON - INFO - Epoch [6/50]-(5/22) Loss: 2.0085, Acc(1): 25.00, Acc(5): 75.00
2023-06-19 16:50:47,333 - AUGCON - INFO - Epoch [6/50]-(10/22) Loss: 1.9787, Acc(1): 25.00, Acc(5): 100.00
2023-06-19 16:50:47,333 - AUGCON - INFO - Epoch [6/50]-(15/22) Loss: 1.8283, Acc(1): 25.00, Acc(5): 75.00
2023-06-19 16:50:47,333 - AUGCON - INFO - Epoch [6/50]-(20/22) Loss: 1.7010, Acc(1): 50.00, Acc(5): 100.00
2023-06-19 16:50:47,333 - AUGCON - INFO - 	Validation Loss: 1.8331, Acc(1): 41.00, Acc(5): 89.00, F1: 0.09, Recall: 0.08, Precision: 0.11
2023-06-19 16:50:47,333 - AUGCON - INFO - Epoch [7/50]-(0/22) Loss: 1.7169, Acc(1): 50.00, Acc(5): 100.00
2023-06-19 16:50:47,333 - AUGCON - INFO - Epoch [7/50]-(5/22) Loss: 1.7921, Acc(1): 50.00, Acc(5): 75.00
2023-06-19 16:50:47,333 - AUGCON - INFO - Epoch [7/50]-(10/22) Loss: 2.2428, Acc(1): 25.00, Acc(5): 50.00
2023-06-19 16:50:47,333 - AUGCON - INFO - Epoch [7/50]-(15/22) Loss: 1.7757, Acc(1): 25.00, Acc(5): 100.00
2023-06-19 16:50:47,333 - AUGCON - INFO - Epoch [7/50]-(20/22) Loss: 1.9262, Acc(1): 25.00, Acc(5): 75.00
2023-06-19 16:50:47,333 - AUGCON - INFO - 	Validation Loss: 1.7906, Acc(1): 41.00, Acc(5): 93.00, F1: 0.10, Recall: 0.09, Precision: 0.10
2023-06-19 16:50:47,333 - AUGCON - INFO - Epoch [8/50]-(0/22) Loss: 1.7956, Acc(1): 50.00, Acc(5): 75.00
2023-06-19 16:50:47,334 - AUGCON - INFO - Epoch [8/50]-(5/22) Loss: 1.4418, Acc(1): 100.00, Acc(5): 100.00
2023-06-19 16:50:47,334 - AUGCON - INFO - Epoch [8/50]-(10/22) Loss: 2.1229, Acc(1): 0.00, Acc(5): 75.00
2023-06-19 16:50:47,334 - AUGCON - INFO - Epoch [8/50]-(15/22) Loss: 1.8652, Acc(1): 25.00, Acc(5): 100.00
2023-06-19 16:50:47,334 - AUGCON - INFO - Epoch [8/50]-(20/22) Loss: 1.8887, Acc(1): 50.00, Acc(5): 100.00
2023-06-19 16:50:47,334 - AUGCON - INFO - 	Validation Loss: 1.7406, Acc(1): 36.00, Acc(5): 96.00, F1: 0.09, Recall: 0.09, Precision: 0.08
2023-06-19 16:50:47,334 - AUGCON - INFO - Epoch [9/50]-(0/22) Loss: 1.8024, Acc(1): 75.00, Acc(5): 100.00
2023-06-19 16:50:47,334 - AUGCON - INFO - Epoch [9/50]-(5/22) Loss: 1.6930, Acc(1): 75.00, Acc(5): 100.00
2023-06-19 16:50:47,334 - AUGCON - INFO - Epoch [9/50]-(10/22) Loss: 1.8078, Acc(1): 0.00, Acc(5): 100.00
2023-06-19 16:50:47,334 - AUGCON - INFO - Epoch [9/50]-(15/22) Loss: 2.2460, Acc(1): 0.00, Acc(5): 50.00
2023-06-19 16:50:47,334 - AUGCON - INFO - Epoch [9/50]-(20/22) Loss: 1.8723, Acc(1): 25.00, Acc(5): 100.00
2023-06-19 16:50:47,334 - AUGCON - INFO - 	Validation Loss: 1.7040, Acc(1): 58.00, Acc(5): 91.00, F1: 0.16, Recall: 0.13, Precision: 0.23
2023-06-19 16:50:47,335 - AUGCON - INFO - Epoch [10/50]-(0/22) Loss: 1.6300, Acc(1): 50.00, Acc(5): 100.00
2023-06-19 16:50:47,335 - AUGCON - INFO - Epoch [10/50]-(5/22) Loss: 1.1732, Acc(1): 75.00, Acc(5): 100.00
2023-06-19 16:50:47,335 - AUGCON - INFO - Epoch [10/50]-(10/22) Loss: 1.7917, Acc(1): 25.00, Acc(5): 100.00
2023-06-19 16:50:47,335 - AUGCON - INFO - Epoch [10/50]-(15/22) Loss: 1.7346, Acc(1): 25.00, Acc(5): 100.00
2023-06-19 16:50:47,335 - AUGCON - INFO - Epoch [10/50]-(20/22) Loss: 1.6168, Acc(1): 75.00, Acc(5): 100.00
2023-06-19 16:50:47,335 - AUGCON - INFO - 	Validation Loss: 1.6772, Acc(1): 45.00, Acc(5): 97.00, F1: 0.10, Recall: 0.10, Precision: 0.11
2023-06-19 16:50:47,335 - AUGCON - INFO - Epoch [11/50]-(0/22) Loss: 1.8296, Acc(1): 25.00, Acc(5): 75.00
2023-06-19 16:50:47,335 - AUGCON - INFO - Epoch [11/50]-(5/22) Loss: 1.5191, Acc(1): 50.00, Acc(5): 100.00
2023-06-19 16:50:47,335 - AUGCON - INFO - Epoch [11/50]-(10/22) Loss: 1.6039, Acc(1): 75.00, Acc(5): 100.00
2023-06-19 16:50:47,335 - AUGCON - INFO - Epoch [11/50]-(15/22) Loss: 1.9880, Acc(1): 25.00, Acc(5): 75.00
2023-06-19 16:50:47,335 - AUGCON - INFO - Epoch [11/50]-(20/22) Loss: 2.1861, Acc(1): 0.00, Acc(5): 75.00
2023-06-19 16:50:47,336 - AUGCON - INFO - 	Validation Loss: 1.6698, Acc(1): 38.00, Acc(5): 88.00, F1: 0.11, Recall: 0.07, Precision: 0.21
2023-06-19 16:50:47,336 - AUGCON - INFO - Epoch [12/50]-(0/22) Loss: 1.7470, Acc(1): 50.00, Acc(5): 100.00
2023-06-19 16:50:47,336 - AUGCON - INFO - Epoch [12/50]-(5/22) Loss: 1.2608, Acc(1): 100.00, Acc(5): 100.00
2023-06-19 16:50:47,336 - AUGCON - INFO - Epoch [12/50]-(10/22) Loss: 1.8061, Acc(1): 25.00, Acc(5): 100.00
2023-06-19 16:50:47,336 - AUGCON - INFO - Epoch [12/50]-(15/22) Loss: 1.6885, Acc(1): 50.00, Acc(5): 75.00
2023-06-19 16:50:47,336 - AUGCON - INFO - Epoch [12/50]-(20/22) Loss: 1.5347, Acc(1): 50.00, Acc(5): 100.00
2023-06-19 16:50:47,336 - AUGCON - INFO - 	Validation Loss: 1.5878, Acc(1): 58.00, Acc(5): 96.00, F1: 0.16, Recall: 0.15, Precision: 0.17
2023-06-19 16:50:47,336 - AUGCON - INFO - Epoch [13/50]-(0/22) Loss: 1.5811, Acc(1): 50.00, Acc(5): 100.00
2023-06-19 16:50:47,336 - AUGCON - INFO - Epoch [13/50]-(5/22) Loss: 1.6865, Acc(1): 50.00, Acc(5): 100.00
2023-06-19 16:50:47,336 - AUGCON - INFO - Epoch [13/50]-(10/22) Loss: 1.7709, Acc(1): 25.00, Acc(5): 100.00
2023-06-19 16:50:47,336 - AUGCON - INFO - Epoch [13/50]-(15/22) Loss: 1.5732, Acc(1): 75.00, Acc(5): 100.00
2023-06-19 16:50:47,337 - AUGCON - INFO - Epoch [13/50]-(20/22) Loss: 1.3231, Acc(1): 50.00, Acc(5): 100.00
2023-06-19 16:50:47,337 - AUGCON - INFO - 	Validation Loss: 1.6179, Acc(1): 41.00, Acc(5): 98.00, F1: 0.10, Recall: 0.08, Precision: 0.11
2023-06-19 16:50:47,337 - AUGCON - INFO - Epoch [14/50]-(0/22) Loss: 1.9351, Acc(1): 0.00, Acc(5): 100.00
2023-06-19 16:50:47,337 - AUGCON - INFO - Epoch [14/50]-(5/22) Loss: 1.7117, Acc(1): 25.00, Acc(5): 100.00
2023-06-19 16:50:47,337 - AUGCON - INFO - Epoch [14/50]-(10/22) Loss: 1.6937, Acc(1): 25.00, Acc(5): 100.00
2023-06-19 16:50:47,337 - AUGCON - INFO - Epoch [14/50]-(15/22) Loss: 1.5567, Acc(1): 50.00, Acc(5): 100.00
2023-06-19 16:50:47,337 - AUGCON - INFO - Epoch [14/50]-(20/22) Loss: 1.7950, Acc(1): 25.00, Acc(5): 100.00
2023-06-19 16:50:47,337 - AUGCON - INFO - 	Validation Loss: 1.5634, Acc(1): 51.00, Acc(5): 96.00, F1: 0.15, Recall: 0.11, Precision: 0.25
2023-06-19 16:50:47,337 - AUGCON - INFO - Epoch [15/50]-(0/22) Loss: 1.6434, Acc(1): 50.00, Acc(5): 100.00
2023-06-19 16:50:47,337 - AUGCON - INFO - Epoch [15/50]-(5/22) Loss: 1.4881, Acc(1): 75.00, Acc(5): 100.00
2023-06-19 16:50:47,337 - AUGCON - INFO - Epoch [15/50]-(10/22) Loss: 1.6750, Acc(1): 50.00, Acc(5): 100.00
2023-06-19 16:50:47,337 - AUGCON - INFO - Epoch [15/50]-(15/22) Loss: 1.4572, Acc(1): 50.00, Acc(5): 100.00
2023-06-19 16:50:47,338 - AUGCON - INFO - Epoch [15/50]-(20/22) Loss: 1.7186, Acc(1): 50.00, Acc(5): 100.00
2023-06-19 16:50:47,338 - AUGCON - INFO - 	Validation Loss: 1.5811, Acc(1): 47.00, Acc(5): 97.00, F1: 0.10, Recall: 0.10, Precision: 0.11
2023-06-19 16:50:47,338 - AUGCON - INFO - Epoch [16/50]-(0/22) Loss: 1.5688, Acc(1): 25.00, Acc(5): 100.00
2023-06-19 16:50:47,338 - AUGCON - INFO - Epoch [16/50]-(5/22) Loss: 1.5406, Acc(1): 50.00, Acc(5): 100.00
2023-06-19 16:50:47,338 - AUGCON - INFO - Epoch [16/50]-(10/22) Loss: 1.6948, Acc(1): 25.00, Acc(5): 100.00
2023-06-19 16:50:47,338 - AUGCON - INFO - Epoch [16/50]-(15/22) Loss: 1.3374, Acc(1): 50.00, Acc(5): 100.00
2023-06-19 16:50:47,338 - AUGCON - INFO - Epoch [16/50]-(20/22) Loss: 2.5051, Acc(1): 25.00, Acc(5): 50.00
2023-06-19 16:50:47,338 - AUGCON - INFO - 	Validation Loss: 1.4995, Acc(1): 53.00, Acc(5): 95.00, F1: 0.15, Recall: 0.13, Precision: 0.17
2023-06-19 16:50:47,338 - AUGCON - INFO - Epoch [17/50]-(0/22) Loss: 1.3440, Acc(1): 75.00, Acc(5): 100.00
2023-06-19 16:50:47,338 - AUGCON - INFO - Epoch [17/50]-(5/22) Loss: 1.2352, Acc(1): 75.00, Acc(5): 100.00
2023-06-19 16:50:47,338 - AUGCON - INFO - Epoch [17/50]-(10/22) Loss: 1.4826, Acc(1): 75.00, Acc(5): 100.00
2023-06-19 16:50:47,339 - AUGCON - INFO - Epoch [17/50]-(15/22) Loss: 0.9009, Acc(1): 75.00, Acc(5): 100.00
2023-06-19 16:50:47,339 - AUGCON - INFO - Epoch [17/50]-(20/22) Loss: 1.7217, Acc(1): 25.00, Acc(5): 100.00
2023-06-19 16:50:47,339 - AUGCON - INFO - 	Validation Loss: 1.5376, Acc(1): 60.00, Acc(5): 97.00, F1: 0.15, Recall: 0.15, Precision: 0.15
2023-06-19 16:50:47,339 - AUGCON - INFO - Epoch [18/50]-(0/22) Loss: 1.3160, Acc(1): 75.00, Acc(5): 100.00
2023-06-19 16:50:47,339 - AUGCON - INFO - Epoch [18/50]-(5/22) Loss: 1.7372, Acc(1): 50.00, Acc(5): 100.00
2023-06-19 16:50:47,339 - AUGCON - INFO - Epoch [18/50]-(10/22) Loss: 1.1569, Acc(1): 75.00, Acc(5): 100.00
2023-06-19 16:50:47,339 - AUGCON - INFO - Epoch [18/50]-(15/22) Loss: 1.9228, Acc(1): 25.00, Acc(5): 100.00
2023-06-19 16:50:47,339 - AUGCON - INFO - Epoch [18/50]-(20/22) Loss: 1.7055, Acc(1): 50.00, Acc(5): 75.00
2023-06-19 16:50:47,339 - AUGCON - INFO - 	Validation Loss: 1.5249, Acc(1): 37.00, Acc(5): 96.00, F1: 0.09, Recall: 0.10, Precision: 0.08
2023-06-19 16:50:47,339 - AUGCON - INFO - Epoch [19/50]-(0/22) Loss: 1.2632, Acc(1): 75.00, Acc(5): 100.00
2023-06-19 16:50:47,339 - AUGCON - INFO - Epoch [19/50]-(5/22) Loss: 1.8044, Acc(1): 25.00, Acc(5): 75.00
2023-06-19 16:50:47,340 - AUGCON - INFO - Epoch [19/50]-(10/22) Loss: 1.6615, Acc(1): 50.00, Acc(5): 100.00
2023-06-19 16:50:47,340 - AUGCON - INFO - Epoch [19/50]-(15/22) Loss: 1.4667, Acc(1): 50.00, Acc(5): 100.00
2023-06-19 16:50:47,340 - AUGCON - INFO - Epoch [19/50]-(20/22) Loss: 1.5727, Acc(1): 25.00, Acc(5): 100.00
2023-06-19 16:50:47,340 - AUGCON - INFO - 	Validation Loss: 1.4944, Acc(1): 44.00, Acc(5): 97.00, F1: 0.12, Recall: 0.09, Precision: 0.18
2023-06-19 16:50:47,340 - AUGCON - INFO - Epoch [20/50]-(0/22) Loss: 1.2621, Acc(1): 75.00, Acc(5): 100.00
2023-06-19 16:50:47,340 - AUGCON - INFO - Epoch [20/50]-(5/22) Loss: 1.6206, Acc(1): 0.00, Acc(5): 100.00
2023-06-19 16:50:47,340 - AUGCON - INFO - Epoch [20/50]-(10/22) Loss: 1.3151, Acc(1): 50.00, Acc(5): 100.00
2023-06-19 16:50:47,340 - AUGCON - INFO - Epoch [20/50]-(15/22) Loss: 1.4544, Acc(1): 75.00, Acc(5): 100.00
2023-06-19 16:50:47,340 - AUGCON - INFO - Epoch [20/50]-(20/22) Loss: 1.4216, Acc(1): 50.00, Acc(5): 100.00
2023-06-19 16:50:47,340 - AUGCON - INFO - 	Validation Loss: 1.4782, Acc(1): 49.00, Acc(5): 92.00, F1: 0.13, Recall: 0.13, Precision: 0.13
2023-06-19 16:50:47,340 - AUGCON - INFO - Epoch [21/50]-(0/22) Loss: 1.4722, Acc(1): 50.00, Acc(5): 100.00
2023-06-19 16:50:47,340 - AUGCON - INFO - Epoch [21/50]-(5/22) Loss: 1.5175, Acc(1): 75.00, Acc(5): 75.00
2023-06-19 16:50:47,341 - AUGCON - INFO - Epoch [21/50]-(10/22) Loss: 1.4227, Acc(1): 50.00, Acc(5): 100.00
2023-06-19 16:50:47,341 - AUGCON - INFO - Epoch [21/50]-(15/22) Loss: 1.7057, Acc(1): 50.00, Acc(5): 100.00
2023-06-19 16:50:47,341 - AUGCON - INFO - Epoch [21/50]-(20/22) Loss: 1.4950, Acc(1): 50.00, Acc(5): 100.00
2023-06-19 16:50:47,341 - AUGCON - INFO - 	Validation Loss: 1.4622, Acc(1): 49.00, Acc(5): 97.00, F1: 0.14, Recall: 0.10, Precision: 0.21
2023-06-19 16:50:47,341 - AUGCON - INFO - Epoch [22/50]-(0/22) Loss: 1.2120, Acc(1): 50.00, Acc(5): 100.00
2023-06-19 16:50:47,341 - AUGCON - INFO - Epoch [22/50]-(5/22) Loss: 1.8036, Acc(1): 0.00, Acc(5): 100.00
2023-06-19 16:50:47,341 - AUGCON - INFO - Epoch [22/50]-(10/22) Loss: 1.3311, Acc(1): 75.00, Acc(5): 100.00
2023-06-19 16:50:47,341 - AUGCON - INFO - Epoch [22/50]-(15/22) Loss: 1.7274, Acc(1): 50.00, Acc(5): 100.00
2023-06-19 16:50:47,341 - AUGCON - INFO - Epoch [22/50]-(20/22) Loss: 1.5409, Acc(1): 50.00, Acc(5): 100.00
2023-06-19 16:50:47,341 - AUGCON - INFO - 	Validation Loss: 1.4281, Acc(1): 49.00, Acc(5): 97.00, F1: 0.12, Recall: 0.13, Precision: 0.12
2023-06-19 16:50:47,341 - AUGCON - INFO - Epoch [23/50]-(0/22) Loss: 1.3270, Acc(1): 75.00, Acc(5): 100.00
2023-06-19 16:50:47,342 - AUGCON - INFO - Epoch [23/50]-(5/22) Loss: 1.8156, Acc(1): 50.00, Acc(5): 75.00
2023-06-19 16:50:47,342 - AUGCON - INFO - Epoch [23/50]-(10/22) Loss: 1.3912, Acc(1): 75.00, Acc(5): 75.00
2023-06-19 16:50:47,342 - AUGCON - INFO - Epoch [23/50]-(15/22) Loss: 1.4771, Acc(1): 50.00, Acc(5): 100.00
2023-06-19 16:50:47,342 - AUGCON - INFO - Epoch [23/50]-(20/22) Loss: 1.4534, Acc(1): 50.00, Acc(5): 100.00
2023-06-19 16:50:47,342 - AUGCON - INFO - 	Validation Loss: 1.4471, Acc(1): 59.00, Acc(5): 95.00, F1: 0.16, Recall: 0.13, Precision: 0.20
2023-06-19 16:50:47,342 - AUGCON - INFO - Epoch [24/50]-(0/22) Loss: 1.2900, Acc(1): 75.00, Acc(5): 100.00
2023-06-19 16:50:47,342 - AUGCON - INFO - Epoch [24/50]-(5/22) Loss: 1.3591, Acc(1): 50.00, Acc(5): 100.00
2023-06-19 16:50:47,342 - AUGCON - INFO - Epoch [24/50]-(10/22) Loss: 1.5300, Acc(1): 50.00, Acc(5): 100.00
2023-06-19 16:50:47,342 - AUGCON - INFO - Epoch [24/50]-(15/22) Loss: 1.5780, Acc(1): 75.00, Acc(5): 100.00
2023-06-19 16:50:47,342 - AUGCON - INFO - Epoch [24/50]-(20/22) Loss: 1.1936, Acc(1): 75.00, Acc(5): 100.00
2023-06-19 16:50:47,342 - AUGCON - INFO - 	Validation Loss: 1.4100, Acc(1): 59.00, Acc(5): 95.00, F1: 0.15, Recall: 0.15, Precision: 0.14
2023-06-19 16:50:47,343 - AUGCON - INFO - Epoch [25/50]-(0/22) Loss: 1.3378, Acc(1): 75.00, Acc(5): 100.00
2023-06-19 16:50:47,343 - AUGCON - INFO - Epoch [25/50]-(5/22) Loss: 1.4535, Acc(1): 25.00, Acc(5): 100.00
2023-06-19 16:50:47,343 - AUGCON - INFO - Epoch [25/50]-(10/22) Loss: 1.3639, Acc(1): 50.00, Acc(5): 100.00
2023-06-19 16:50:47,343 - AUGCON - INFO - Epoch [25/50]-(15/22) Loss: 1.4222, Acc(1): 25.00, Acc(5): 100.00
2023-06-19 16:50:47,343 - AUGCON - INFO - Epoch [25/50]-(20/22) Loss: 1.2020, Acc(1): 75.00, Acc(5): 100.00
2023-06-19 16:50:47,343 - AUGCON - INFO - 	Validation Loss: 1.3851, Acc(1): 63.00, Acc(5): 96.00, F1: 0.16, Recall: 0.14, Precision: 0.18
2023-06-19 16:50:47,343 - AUGCON - INFO - Epoch [26/50]-(0/22) Loss: 1.2613, Acc(1): 75.00, Acc(5): 100.00
2023-06-19 16:50:47,343 - AUGCON - INFO - Epoch [26/50]-(5/22) Loss: 0.8938, Acc(1): 75.00, Acc(5): 100.00
2023-06-19 16:50:47,343 - AUGCON - INFO - Epoch [26/50]-(10/22) Loss: 1.7796, Acc(1): 50.00, Acc(5): 75.00
2023-06-19 16:50:47,343 - AUGCON - INFO - Epoch [26/50]-(15/22) Loss: 1.1332, Acc(1): 50.00, Acc(5): 100.00
2023-06-19 16:50:47,343 - AUGCON - INFO - Epoch [26/50]-(20/22) Loss: 1.6940, Acc(1): 50.00, Acc(5): 100.00
2023-06-19 16:50:47,343 - AUGCON - INFO - 	Validation Loss: 1.4021, Acc(1): 48.00, Acc(5): 97.00, F1: 0.12, Recall: 0.13, Precision: 0.11
2023-06-19 16:50:47,344 - AUGCON - INFO - Epoch [27/50]-(0/22) Loss: 1.0225, Acc(1): 75.00, Acc(5): 100.00
2023-06-19 16:50:47,344 - AUGCON - INFO - Epoch [27/50]-(5/22) Loss: 1.1410, Acc(1): 75.00, Acc(5): 100.00
2023-06-19 16:50:47,344 - AUGCON - INFO - Epoch [27/50]-(10/22) Loss: 1.9937, Acc(1): 25.00, Acc(5): 75.00
2023-06-19 16:50:47,344 - AUGCON - INFO - Epoch [27/50]-(15/22) Loss: 1.4859, Acc(1): 75.00, Acc(5): 100.00
2023-06-19 16:50:47,344 - AUGCON - INFO - Epoch [27/50]-(20/22) Loss: 1.5505, Acc(1): 25.00, Acc(5): 100.00
2023-06-19 16:50:47,344 - AUGCON - INFO - 	Validation Loss: 1.3713, Acc(1): 60.00, Acc(5): 94.00, F1: 0.15, Recall: 0.16, Precision: 0.15
2023-06-19 16:50:47,344 - AUGCON - INFO - Epoch [28/50]-(0/22) Loss: 1.7847, Acc(1): 25.00, Acc(5): 100.00
2023-06-19 16:50:47,344 - AUGCON - INFO - Epoch [28/50]-(5/22) Loss: 0.9481, Acc(1): 75.00, Acc(5): 100.00
2023-06-19 16:50:47,344 - AUGCON - INFO - Epoch [28/50]-(10/22) Loss: 1.0460, Acc(1): 75.00, Acc(5): 100.00
2023-06-19 16:50:47,344 - AUGCON - INFO - Epoch [28/50]-(15/22) Loss: 1.6214, Acc(1): 50.00, Acc(5): 100.00
2023-06-19 16:50:47,344 - AUGCON - INFO - Epoch [28/50]-(20/22) Loss: 1.3552, Acc(1): 50.00, Acc(5): 100.00
2023-06-19 16:50:47,345 - AUGCON - INFO - 	Validation Loss: 1.3672, Acc(1): 57.00, Acc(5): 96.00, F1: 0.16, Recall: 0.12, Precision: 0.22
2023-06-19 16:50:47,345 - AUGCON - INFO - Epoch [29/50]-(0/22) Loss: 1.1011, Acc(1): 50.00, Acc(5): 100.00
2023-06-19 16:50:47,345 - AUGCON - INFO - Epoch [29/50]-(5/22) Loss: 1.3776, Acc(1): 50.00, Acc(5): 100.00
2023-06-19 16:50:47,345 - AUGCON - INFO - Epoch [29/50]-(10/22) Loss: 1.4479, Acc(1): 25.00, Acc(5): 100.00
2023-06-19 16:50:47,345 - AUGCON - INFO - Epoch [29/50]-(15/22) Loss: 1.8248, Acc(1): 25.00, Acc(5): 100.00
2023-06-19 16:50:47,345 - AUGCON - INFO - Epoch [29/50]-(20/22) Loss: 1.0195, Acc(1): 100.00, Acc(5): 100.00
2023-06-19 16:50:47,345 - AUGCON - INFO - 	Validation Loss: 1.3524, Acc(1): 60.00, Acc(5): 97.00, F1: 0.15, Recall: 0.16, Precision: 0.15
2023-06-19 16:50:47,345 - AUGCON - INFO - Epoch [30/50]-(0/22) Loss: 1.3373, Acc(1): 50.00, Acc(5): 100.00
2023-06-19 16:50:47,345 - AUGCON - INFO - Epoch [30/50]-(5/22) Loss: 0.7129, Acc(1): 100.00, Acc(5): 100.00
2023-06-19 16:50:47,345 - AUGCON - INFO - Epoch [30/50]-(10/22) Loss: 1.1769, Acc(1): 75.00, Acc(5): 100.00
2023-06-19 16:50:47,345 - AUGCON - INFO - Epoch [30/50]-(15/22) Loss: 1.9185, Acc(1): 25.00, Acc(5): 75.00
2023-06-19 16:50:47,345 - AUGCON - INFO - Epoch [30/50]-(20/22) Loss: 1.8019, Acc(1): 0.00, Acc(5): 100.00
2023-06-19 16:50:47,346 - AUGCON - INFO - 	Validation Loss: 1.3357, Acc(1): 58.00, Acc(5): 97.00, F1: 0.16, Recall: 0.13, Precision: 0.23
2023-06-19 16:50:47,346 - AUGCON - INFO - Epoch [31/50]-(0/22) Loss: 2.0404, Acc(1): 25.00, Acc(5): 75.00
2023-06-19 16:50:47,346 - AUGCON - INFO - Epoch [31/50]-(5/22) Loss: 1.6733, Acc(1): 50.00, Acc(5): 100.00
2023-06-19 16:50:47,346 - AUGCON - INFO - Epoch [31/50]-(10/22) Loss: 1.1919, Acc(1): 100.00, Acc(5): 100.00
2023-06-19 16:50:47,346 - AUGCON - INFO - Epoch [31/50]-(15/22) Loss: 1.4003, Acc(1): 50.00, Acc(5): 100.00
2023-06-19 16:50:47,346 - AUGCON - INFO - Epoch [31/50]-(20/22) Loss: 1.6370, Acc(1): 0.00, Acc(5): 100.00
2023-06-19 16:50:47,346 - AUGCON - INFO - 	Validation Loss: 1.3057, Acc(1): 63.00, Acc(5): 96.00, F1: 0.16, Recall: 0.14, Precision: 0.20
2023-06-19 16:50:47,346 - AUGCON - INFO - Epoch [32/50]-(0/22) Loss: 0.9754, Acc(1): 100.00, Acc(5): 100.00
2023-06-19 16:50:47,346 - AUGCON - INFO - Epoch [32/50]-(5/22) Loss: 1.0853, Acc(1): 75.00, Acc(5): 100.00
2023-06-19 16:50:47,346 - AUGCON - INFO - Epoch [32/50]-(10/22) Loss: 1.2008, Acc(1): 50.00, Acc(5): 100.00
2023-06-19 16:50:47,346 - AUGCON - INFO - Epoch [32/50]-(15/22) Loss: 1.3378, Acc(1): 50.00, Acc(5): 100.00
2023-06-19 16:50:47,346 - AUGCON - INFO - Epoch [32/50]-(20/22) Loss: 1.8490, Acc(1): 25.00, Acc(5): 100.00
2023-06-19 16:50:47,346 - AUGCON - INFO - 	Validation Loss: 1.3103, Acc(1): 64.00, Acc(5): 95.00, F1: 0.16, Recall: 0.14, Precision: 0.19
2023-06-19 16:50:47,347 - AUGCON - INFO - Epoch [33/50]-(0/22) Loss: 1.2757, Acc(1): 75.00, Acc(5): 100.00
2023-06-19 16:50:47,347 - AUGCON - INFO - Epoch [33/50]-(5/22) Loss: 1.0082, Acc(1): 75.00, Acc(5): 100.00
2023-06-19 16:50:47,347 - AUGCON - INFO - Epoch [33/50]-(10/22) Loss: 1.2463, Acc(1): 75.00, Acc(5): 100.00
2023-06-19 16:50:47,347 - AUGCON - INFO - Epoch [33/50]-(15/22) Loss: 1.1982, Acc(1): 50.00, Acc(5): 100.00
2023-06-19 16:50:47,347 - AUGCON - INFO - Epoch [33/50]-(20/22) Loss: 1.1071, Acc(1): 75.00, Acc(5): 100.00
2023-06-19 16:50:47,347 - AUGCON - INFO - 	Validation Loss: 1.3287, Acc(1): 59.00, Acc(5): 96.00, F1: 0.15, Recall: 0.15, Precision: 0.16
2023-06-19 16:50:47,347 - AUGCON - INFO - Epoch [34/50]-(0/22) Loss: 1.6990, Acc(1): 50.00, Acc(5): 100.00
2023-06-19 16:50:47,347 - AUGCON - INFO - Epoch [34/50]-(5/22) Loss: 0.6152, Acc(1): 100.00, Acc(5): 100.00
2023-06-19 16:50:47,347 - AUGCON - INFO - Epoch [34/50]-(10/22) Loss: 1.6935, Acc(1): 0.00, Acc(5): 100.00
2023-06-19 16:50:47,347 - AUGCON - INFO - Epoch [34/50]-(15/22) Loss: 1.6185, Acc(1): 25.00, Acc(5): 100.00
2023-06-19 16:50:47,347 - AUGCON - INFO - Epoch [34/50]-(20/22) Loss: 1.5582, Acc(1): 50.00, Acc(5): 75.00
2023-06-19 16:50:47,347 - AUGCON - INFO - 	Validation Loss: 1.2963, Acc(1): 62.00, Acc(5): 94.00, F1: 0.16, Recall: 0.14, Precision: 0.20
2023-06-19 16:50:47,348 - AUGCON - INFO - Epoch [35/50]-(0/22) Loss: 1.9405, Acc(1): 25.00, Acc(5): 75.00
2023-06-19 16:50:47,348 - AUGCON - INFO - Epoch [35/50]-(5/22) Loss: 0.6185, Acc(1): 100.00, Acc(5): 100.00
2023-06-19 16:50:47,348 - AUGCON - INFO - Epoch [35/50]-(10/22) Loss: 1.3887, Acc(1): 75.00, Acc(5): 100.00
2023-06-19 16:50:47,348 - AUGCON - INFO - Epoch [35/50]-(15/22) Loss: 1.6232, Acc(1): 50.00, Acc(5): 75.00
2023-06-19 16:50:47,348 - AUGCON - INFO - Epoch [35/50]-(20/22) Loss: 1.3642, Acc(1): 50.00, Acc(5): 100.00
2023-06-19 16:50:47,348 - AUGCON - INFO - 	Validation Loss: 1.3449, Acc(1): 64.00, Acc(5): 95.00, F1: 0.16, Recall: 0.14, Precision: 0.19
2023-06-19 16:50:47,348 - AUGCON - INFO - Epoch [36/50]-(0/22) Loss: 1.3354, Acc(1): 75.00, Acc(5): 100.00
2023-06-19 16:50:47,348 - AUGCON - INFO - Epoch [36/50]-(5/22) Loss: 1.1213, Acc(1): 50.00, Acc(5): 100.00
2023-06-19 16:50:47,348 - AUGCON - INFO - Epoch [36/50]-(10/22) Loss: 1.2470, Acc(1): 75.00, Acc(5): 100.00
2023-06-19 16:50:47,348 - AUGCON - INFO - Epoch [36/50]-(15/22) Loss: 1.2982, Acc(1): 50.00, Acc(5): 100.00
2023-06-19 16:50:47,348 - AUGCON - INFO - Epoch [36/50]-(20/22) Loss: 1.5654, Acc(1): 25.00, Acc(5): 100.00
2023-06-19 16:50:47,348 - AUGCON - INFO - 	Validation Loss: 1.3443, Acc(1): 49.00, Acc(5): 98.00, F1: 0.12, Recall: 0.13, Precision: 0.11
2023-06-19 16:50:47,349 - AUGCON - INFO - Epoch [37/50]-(0/22) Loss: 1.5631, Acc(1): 50.00, Acc(5): 100.00
2023-06-19 16:50:47,349 - AUGCON - INFO - Epoch [37/50]-(5/22) Loss: 1.3717, Acc(1): 25.00, Acc(5): 100.00
2023-06-19 16:50:47,349 - AUGCON - INFO - Epoch [37/50]-(10/22) Loss: 1.0601, Acc(1): 50.00, Acc(5): 100.00
2023-06-19 16:50:47,349 - AUGCON - INFO - Epoch [37/50]-(15/22) Loss: 1.0178, Acc(1): 75.00, Acc(5): 100.00
2023-06-19 16:50:47,349 - AUGCON - INFO - Epoch [37/50]-(20/22) Loss: 1.5269, Acc(1): 25.00, Acc(5): 100.00
2023-06-19 16:50:47,349 - AUGCON - INFO - 	Validation Loss: 1.2910, Acc(1): 68.00, Acc(5): 93.00, F1: 0.17, Recall: 0.15, Precision: 0.20
2023-06-19 16:50:47,349 - AUGCON - INFO - Epoch [38/50]-(0/22) Loss: 1.2394, Acc(1): 75.00, Acc(5): 100.00
2023-06-19 16:50:47,349 - AUGCON - INFO - Epoch [38/50]-(5/22) Loss: 1.1571, Acc(1): 75.00, Acc(5): 100.00
2023-06-19 16:50:47,349 - AUGCON - INFO - Epoch [38/50]-(10/22) Loss: 1.4938, Acc(1): 50.00, Acc(5): 100.00
2023-06-19 16:50:47,349 - AUGCON - INFO - Epoch [38/50]-(15/22) Loss: 1.3959, Acc(1): 50.00, Acc(5): 100.00
2023-06-19 16:50:47,349 - AUGCON - INFO - Epoch [38/50]-(20/22) Loss: 1.1596, Acc(1): 75.00, Acc(5): 100.00
2023-06-19 16:50:47,349 - AUGCON - INFO - 	Validation Loss: 1.2627, Acc(1): 59.00, Acc(5): 97.00, F1: 0.16, Recall: 0.15, Precision: 0.16
2023-06-19 16:50:47,350 - AUGCON - INFO - Epoch [39/50]-(0/22) Loss: 1.6638, Acc(1): 25.00, Acc(5): 75.00
2023-06-19 16:50:47,350 - AUGCON - INFO - Epoch [39/50]-(5/22) Loss: 1.0712, Acc(1): 75.00, Acc(5): 100.00
2023-06-19 16:50:47,350 - AUGCON - INFO - Epoch [39/50]-(10/22) Loss: 1.1382, Acc(1): 50.00, Acc(5): 100.00
2023-06-19 16:50:47,350 - AUGCON - INFO - Epoch [39/50]-(15/22) Loss: 2.0811, Acc(1): 25.00, Acc(5): 75.00
2023-06-19 16:50:47,350 - AUGCON - INFO - Epoch [39/50]-(20/22) Loss: 0.9780, Acc(1): 75.00, Acc(5): 100.00
2023-06-19 16:50:47,350 - AUGCON - INFO - 	Validation Loss: 1.2815, Acc(1): 55.00, Acc(5): 98.00, F1: 0.14, Recall: 0.14, Precision: 0.14
2023-06-19 16:50:47,350 - AUGCON - INFO - Epoch [40/50]-(0/22) Loss: 1.2568, Acc(1): 50.00, Acc(5): 100.00
2023-06-19 16:50:47,350 - AUGCON - INFO - Epoch [40/50]-(5/22) Loss: 0.9155, Acc(1): 75.00, Acc(5): 100.00
2023-06-19 16:50:47,350 - AUGCON - INFO - Epoch [40/50]-(10/22) Loss: 1.0642, Acc(1): 100.00, Acc(5): 100.00
2023-06-19 16:50:47,350 - AUGCON - INFO - Epoch [40/50]-(15/22) Loss: 0.9812, Acc(1): 75.00, Acc(5): 100.00
2023-06-19 16:50:47,350 - AUGCON - INFO - Epoch [40/50]-(20/22) Loss: 1.0575, Acc(1): 75.00, Acc(5): 100.00
2023-06-19 16:50:47,350 - AUGCON - INFO - 	Validation Loss: 1.2760, Acc(1): 66.00, Acc(5): 96.00, F1: 0.17, Recall: 0.17, Precision: 0.17
2023-06-19 16:50:47,351 - AUGCON - INFO - Epoch [41/50]-(0/22) Loss: 0.8932, Acc(1): 100.00, Acc(5): 100.00
2023-06-19 16:50:47,351 - AUGCON - INFO - Epoch [41/50]-(5/22) Loss: 1.1327, Acc(1): 75.00, Acc(5): 100.00
2023-06-19 16:50:47,351 - AUGCON - INFO - Epoch [41/50]-(10/22) Loss: 0.9446, Acc(1): 75.00, Acc(5): 100.00
2023-06-19 16:50:47,351 - AUGCON - INFO - Epoch [41/50]-(15/22) Loss: 1.5244, Acc(1): 25.00, Acc(5): 100.00
2023-06-19 16:50:47,351 - AUGCON - INFO - Epoch [41/50]-(20/22) Loss: 1.1167, Acc(1): 75.00, Acc(5): 100.00
2023-06-19 16:50:47,351 - AUGCON - INFO - 	Validation Loss: 1.2362, Acc(1): 63.00, Acc(5): 97.00, F1: 0.17, Recall: 0.14, Precision: 0.23
2023-06-19 16:50:47,351 - AUGCON - INFO - Epoch [42/50]-(0/22) Loss: 0.8626, Acc(1): 75.00, Acc(5): 100.00
2023-06-19 16:50:47,351 - AUGCON - INFO - Epoch [42/50]-(5/22) Loss: 1.3102, Acc(1): 50.00, Acc(5): 100.00
2023-06-19 16:50:47,351 - AUGCON - INFO - Epoch [42/50]-(10/22) Loss: 1.6701, Acc(1): 50.00, Acc(5): 100.00
2023-06-19 16:50:47,351 - AUGCON - INFO - Epoch [42/50]-(15/22) Loss: 1.7348, Acc(1): 25.00, Acc(5): 100.00
2023-06-19 16:50:47,351 - AUGCON - INFO - Epoch [42/50]-(20/22) Loss: 1.2624, Acc(1): 75.00, Acc(5): 100.00
2023-06-19 16:50:47,351 - AUGCON - INFO - 	Validation Loss: 1.2659, Acc(1): 53.00, Acc(5): 97.00, F1: 0.13, Recall: 0.13, Precision: 0.13
2023-06-19 16:50:47,352 - AUGCON - INFO - Epoch [43/50]-(0/22) Loss: 0.8213, Acc(1): 100.00, Acc(5): 100.00
2023-06-19 16:50:47,352 - AUGCON - INFO - Epoch [43/50]-(5/22) Loss: 0.8277, Acc(1): 50.00, Acc(5): 100.00
2023-06-19 16:50:47,352 - AUGCON - INFO - Epoch [43/50]-(10/22) Loss: 1.5077, Acc(1): 50.00, Acc(5): 100.00
2023-06-19 16:50:47,352 - AUGCON - INFO - Epoch [43/50]-(15/22) Loss: 0.8158, Acc(1): 75.00, Acc(5): 100.00
2023-06-19 16:50:47,352 - AUGCON - INFO - Epoch [43/50]-(20/22) Loss: 1.4434, Acc(1): 50.00, Acc(5): 75.00
2023-06-19 16:50:47,352 - AUGCON - INFO - 	Validation Loss: 1.2199, Acc(1): 62.00, Acc(5): 97.00, F1: 0.16, Recall: 0.14, Precision: 0.21
2023-06-19 16:50:47,352 - AUGCON - INFO - Epoch [44/50]-(0/22) Loss: 1.9985, Acc(1): 25.00, Acc(5): 75.00
2023-06-19 16:50:47,352 - AUGCON - INFO - Epoch [44/50]-(5/22) Loss: 1.4804, Acc(1): 50.00, Acc(5): 100.00
2023-06-19 16:50:47,352 - AUGCON - INFO - Epoch [44/50]-(10/22) Loss: 1.0097, Acc(1): 75.00, Acc(5): 100.00
2023-06-19 16:50:47,352 - AUGCON - INFO - Epoch [44/50]-(15/22) Loss: 1.6684, Acc(1): 25.00, Acc(5): 100.00
2023-06-19 16:50:47,352 - AUGCON - INFO - Epoch [44/50]-(20/22) Loss: 1.3310, Acc(1): 25.00, Acc(5): 100.00
2023-06-19 16:50:47,352 - AUGCON - INFO - 	Validation Loss: 1.2318, Acc(1): 69.00, Acc(5): 97.00, F1: 0.17, Recall: 0.18, Precision: 0.17
2023-06-19 16:50:47,353 - AUGCON - INFO - Epoch [45/50]-(0/22) Loss: 0.6861, Acc(1): 75.00, Acc(5): 100.00
2023-06-19 16:50:47,353 - AUGCON - INFO - Epoch [45/50]-(5/22) Loss: 1.7287, Acc(1): 25.00, Acc(5): 75.00
2023-06-19 16:50:47,353 - AUGCON - INFO - Epoch [45/50]-(10/22) Loss: 2.1632, Acc(1): 0.00, Acc(5): 100.00
2023-06-19 16:50:47,353 - AUGCON - INFO - Epoch [45/50]-(15/22) Loss: 1.0554, Acc(1): 75.00, Acc(5): 100.00
2023-06-19 16:50:47,353 - AUGCON - INFO - Epoch [45/50]-(20/22) Loss: 1.7227, Acc(1): 25.00, Acc(5): 75.00
2023-06-19 16:50:47,353 - AUGCON - INFO - 	Validation Loss: 1.2338, Acc(1): 65.00, Acc(5): 94.00, F1: 0.17, Recall: 0.14, Precision: 0.22
2023-06-19 16:50:47,353 - AUGCON - INFO - Epoch [46/50]-(0/22) Loss: 0.9270, Acc(1): 50.00, Acc(5): 100.00
2023-06-19 16:50:47,353 - AUGCON - INFO - Epoch [46/50]-(5/22) Loss: 1.3745, Acc(1): 50.00, Acc(5): 100.00
2023-06-19 16:50:47,353 - AUGCON - INFO - Epoch [46/50]-(10/22) Loss: 1.5035, Acc(1): 25.00, Acc(5): 100.00
2023-06-19 16:50:47,353 - AUGCON - INFO - Epoch [46/50]-(15/22) Loss: 1.5940, Acc(1): 50.00, Acc(5): 75.00
2023-06-19 16:50:47,353 - AUGCON - INFO - Epoch [46/50]-(20/22) Loss: 0.7105, Acc(1): 100.00, Acc(5): 100.00
2023-06-19 16:50:47,353 - AUGCON - INFO - 	Validation Loss: 1.2273, Acc(1): 64.00, Acc(5): 98.00, F1: 0.17, Recall: 0.14, Precision: 0.20
2023-06-19 16:50:47,353 - AUGCON - INFO - Epoch [47/50]-(0/22) Loss: 1.4430, Acc(1): 25.00, Acc(5): 100.00
2023-06-19 16:50:47,354 - AUGCON - INFO - Epoch [47/50]-(5/22) Loss: 1.2509, Acc(1): 50.00, Acc(5): 100.00
2023-06-19 16:50:47,354 - AUGCON - INFO - Epoch [47/50]-(10/22) Loss: 1.2507, Acc(1): 50.00, Acc(5): 100.00
2023-06-19 16:50:47,354 - AUGCON - INFO - Epoch [47/50]-(15/22) Loss: 1.3292, Acc(1): 75.00, Acc(5): 75.00
2023-06-19 16:50:47,354 - AUGCON - INFO - Epoch [47/50]-(20/22) Loss: 1.0834, Acc(1): 50.00, Acc(5): 100.00
2023-06-19 16:50:47,354 - AUGCON - INFO - 	Validation Loss: 1.2110, Acc(1): 68.00, Acc(5): 95.00, F1: 0.18, Recall: 0.15, Precision: 0.22
2023-06-19 16:50:47,354 - AUGCON - INFO - Epoch [48/50]-(0/22) Loss: 0.9067, Acc(1): 75.00, Acc(5): 100.00
2023-06-19 16:50:47,354 - AUGCON - INFO - Epoch [48/50]-(5/22) Loss: 1.7774, Acc(1): 50.00, Acc(5): 75.00
2023-06-19 16:50:47,354 - AUGCON - INFO - Epoch [48/50]-(10/22) Loss: 1.1951, Acc(1): 75.00, Acc(5): 100.00
2023-06-19 16:50:47,354 - AUGCON - INFO - Epoch [48/50]-(15/22) Loss: 0.8625, Acc(1): 100.00, Acc(5): 100.00
2023-06-19 16:50:47,354 - AUGCON - INFO - Epoch [48/50]-(20/22) Loss: 1.4289, Acc(1): 50.00, Acc(5): 100.00
2023-06-19 16:50:47,354 - AUGCON - INFO - 	Validation Loss: 1.2012, Acc(1): 67.00, Acc(5): 96.00, F1: 0.16, Recall: 0.16, Precision: 0.17
2023-06-19 16:50:47,354 - AUGCON - INFO - Epoch [49/50]-(0/22) Loss: 1.4117, Acc(1): 75.00, Acc(5): 100.00
2023-06-19 16:50:47,355 - AUGCON - INFO - Epoch [49/50]-(5/22) Loss: 0.7506, Acc(1): 100.00, Acc(5): 100.00
2023-06-19 16:50:47,355 - AUGCON - INFO - Epoch [49/50]-(10/22) Loss: 1.4089, Acc(1): 75.00, Acc(5): 100.00
2023-06-19 16:50:47,355 - AUGCON - INFO - Epoch [49/50]-(15/22) Loss: 0.7315, Acc(1): 100.00, Acc(5): 100.00
2023-06-19 16:50:47,355 - AUGCON - INFO - Epoch [49/50]-(20/22) Loss: 1.3216, Acc(1): 50.00, Acc(5): 100.00
2023-06-19 16:50:47,355 - AUGCON - INFO - 	Validation Loss: 1.2199, Acc(1): 63.00, Acc(5): 95.00, F1: 0.16, Recall: 0.14, Precision: 0.18
2023-06-19 16:50:47,355 - AUGCON - INFO - Epoch [50/50]-(0/22) Loss: 1.5235, Acc(1): 75.00, Acc(5): 75.00
2023-06-19 16:50:47,355 - AUGCON - INFO - Epoch [50/50]-(5/22) Loss: 1.1989, Acc(1): 50.00, Acc(5): 100.00
2023-06-19 16:50:47,355 - AUGCON - INFO - Epoch [50/50]-(10/22) Loss: 1.0105, Acc(1): 75.00, Acc(5): 75.00
2023-06-19 16:50:47,355 - AUGCON - INFO - Epoch [50/50]-(15/22) Loss: 0.8535, Acc(1): 75.00, Acc(5): 100.00
2023-06-19 16:50:47,355 - AUGCON - INFO - Epoch [50/50]-(20/22) Loss: 1.2349, Acc(1): 50.00, Acc(5): 100.00
2023-06-19 16:50:47,355 - AUGCON - INFO - 	Validation Loss: 1.2146, Acc(1): 65.00, Acc(5): 95.00, F1: 0.16, Recall: 0.15, Precision: 0.18
2023-06-19 16:50:47,355 - AUGCON - INFO - 	Validation Loss: 1.2875, Acc(1): 64.67, Acc(5): 96.33, F1: 0.17, Recall: 0.14, Precision: 0.20
