2023-06-19 16:48:55,784 - AUGCON - INFO - logger initialized (/home/hjyoon/projects/augcon/config/exp0/finetune_da_true/without_target_domain_WA4697-jhryu/metacpc_random_8421/tgt_target_domain_PH0038-iygoo_seed0.yaml.log)
2023-06-19 16:48:55,785 - AUGCON - INFO - ================= Config =================
2023-06-19 16:48:55,785 - AUGCON - INFO -   mode: finetune
2023-06-19 16:48:55,785 - AUGCON - INFO -   seed: 0
2023-06-19 16:48:55,785 - AUGCON - INFO -   gpu: [1]
2023-06-19 16:48:55,785 - AUGCON - INFO -   num_workers: 1
2023-06-19 16:48:55,785 - AUGCON - INFO -   dist_url: tcp://localhost:10001
2023-06-19 16:48:55,785 - AUGCON - INFO -   dataset_name: ichar
2023-06-19 16:48:55,785 - AUGCON - INFO -   train_dataset_path: /mnt/sting/hjyoon/projects/cross/ICHAR/augcon/target_domain_PH0038-iygoo/finetune/10shot/target/train.pkl
2023-06-19 16:48:55,785 - AUGCON - INFO -   test_dataset_path: /mnt/sting/hjyoon/projects/cross/ICHAR/augcon/target_domain_PH0038-iygoo/finetune/10shot/target/test.pkl
2023-06-19 16:48:55,785 - AUGCON - INFO -   val_dataset_path: /mnt/sting/hjyoon/projects/cross/ICHAR/augcon/target_domain_PH0038-iygoo/finetune/10shot/target/val.pkl
2023-06-19 16:48:55,785 - AUGCON - INFO -   input_channels: 3
2023-06-19 16:48:55,785 - AUGCON - INFO -   num_cls: 9
2023-06-19 16:48:55,785 - AUGCON - INFO -   optimizer: adam
2023-06-19 16:48:55,785 - AUGCON - INFO -   criterion: crossentropy
2023-06-19 16:48:55,785 - AUGCON - INFO -   start_epoch: 0
2023-06-19 16:48:55,786 - AUGCON - INFO -   epochs: 50
2023-06-19 16:48:55,786 - AUGCON - INFO -   batch_size: 4
2023-06-19 16:48:55,786 - AUGCON - INFO -   lr: 0.001
2023-06-19 16:48:55,786 - AUGCON - INFO -   wd: 0.0
2023-06-19 16:48:55,786 - AUGCON - INFO -   resume: 
2023-06-19 16:48:55,786 - AUGCON - INFO -   pretrained: /mnt/sting/hjyoon/projects/augcontrast/models/exp0/pretrain/without_target_domain_WA4697-jhryu/metacpc_random_8421/checkpoint_0999.pth.tar
2023-06-19 16:48:55,786 - AUGCON - INFO -   ckpt_dir: /mnt/sting/hjyoon/projects/augcontrast/models/exp0/finetune_da_true/without_target_domain_WA4697-jhryu/metacpc_random_8421/tgt_target_domain_PH0038-iygoo_seed0
2023-06-19 16:48:55,786 - AUGCON - INFO -   log_freq: 5
2023-06-19 16:48:55,786 - AUGCON - INFO -   save_freq: 10
2023-06-19 16:48:55,786 - AUGCON - INFO -   pretext: metacpc
2023-06-19 16:48:55,786 - AUGCON - INFO -   enc_blocks: 4
2023-06-19 16:48:55,786 - AUGCON - INFO -   kernel_sizes: [8, 4, 2, 1]
2023-06-19 16:48:55,786 - AUGCON - INFO -   strides: [4, 2, 1, 1]
2023-06-19 16:48:55,786 - AUGCON - INFO -   agg_blocks: 5
2023-06-19 16:48:55,786 - AUGCON - INFO -   z_dim: 256
2023-06-19 16:48:55,786 - AUGCON - INFO -   pooling: mean
2023-06-19 16:48:55,786 - AUGCON - INFO -   pred_steps: 12
2023-06-19 16:48:55,786 - AUGCON - INFO -   n_negatives: 15
2023-06-19 16:48:55,786 - AUGCON - INFO -   offset: 4
2023-06-19 16:48:55,786 - AUGCON - INFO -   domain_adaptation: True
2023-06-19 16:48:55,786 - AUGCON - INFO -   task_steps: 10
2023-06-19 16:48:55,786 - AUGCON - INFO -   task_lr: 0.001
2023-06-19 16:48:55,786 - AUGCON - INFO -   reg_lambda: 0
2023-06-19 16:48:55,786 - AUGCON - INFO -   mlp: False
2023-06-19 16:48:55,786 - AUGCON - INFO -   freeze: True
2023-06-19 16:48:55,786 - AUGCON - INFO -   no_vars: False
2023-06-19 16:48:55,786 - AUGCON - INFO - ==========================================
2023-06-19 16:48:55,786 - AUGCON - INFO - Setting GPUs: [1]
2023-06-19 16:48:55,786 - AUGCON - INFO - GPUs [1] will be used
2023-06-19 16:48:55,787 - AUGCON - WARNING - You have chosen to seed training. 
2023-06-19 16:48:55,787 - AUGCON - WARNING - This will turn on the CUDNN deterministic setting, 
2023-06-19 16:48:55,787 - AUGCON - WARNING - which can slow down your training considerably! 
2023-06-19 16:48:55,787 - AUGCON - WARNING - You may see unexpected behavior when restarting 
2023-06-19 16:48:55,787 - AUGCON - WARNING - from checkpoints.
2023-06-19 16:48:55,832 - AUGCON - INFO - Executing MetaCPC
2023-06-19 16:48:55,832 - AUGCON - INFO - Logs are skipped during training
2023-06-19 16:49:12,790 - AUGCON - INFO - Single GPU is used for training - training 90 instances for each worker
2023-06-19 16:49:12,791 - AUGCON - INFO - Loading pretrained model from checkpoint - /mnt/sting/hjyoon/projects/augcontrast/models/exp0/pretrain/without_target_domain_WA4697-jhryu/metacpc_random_8421/checkpoint_0999.pth.tar
2023-06-19 16:49:12,791 - AUGCON - INFO - Missing keys: []
2023-06-19 16:49:12,791 - AUGCON - INFO - Perform domain adaptation step
2023-06-19 16:49:12,791 - AUGCON - INFO - 	meta-train [0/10] Loss: 2.6532, Acc(1): 21.96, Acc(5): 69.80
2023-06-19 16:49:12,791 - AUGCON - INFO - 	meta-train [1/10] Loss: 2.0710, Acc(1): 27.93, Acc(5): 80.52
2023-06-19 16:49:12,791 - AUGCON - INFO - 	meta-train [2/10] Loss: 1.7526, Acc(1): 34.25, Acc(5): 87.76
2023-06-19 16:49:12,791 - AUGCON - INFO - 	meta-train [3/10] Loss: 1.4649, Acc(1): 42.25, Acc(5): 92.73
2023-06-19 16:49:12,791 - AUGCON - INFO - 	meta-train [4/10] Loss: 1.1783, Acc(1): 52.25, Acc(5): 97.11
2023-06-19 16:49:12,791 - AUGCON - INFO - 	meta-train [5/10] Loss: 0.9746, Acc(1): 58.68, Acc(5): 98.29
2023-06-19 16:49:12,792 - AUGCON - INFO - 	meta-train [6/10] Loss: 0.9628, Acc(1): 59.22, Acc(5): 98.23
2023-06-19 16:49:12,792 - AUGCON - INFO - 	meta-train [7/10] Loss: 0.9165, Acc(1): 60.63, Acc(5): 98.69
2023-06-19 16:49:12,792 - AUGCON - INFO - 	meta-train [8/10] Loss: 0.9216, Acc(1): 60.66, Acc(5): 98.61
2023-06-19 16:49:12,792 - AUGCON - INFO - 	meta-train [9/10] Loss: 0.9405, Acc(1): 59.60, Acc(5): 98.62
2023-06-19 16:49:12,792 - AUGCON - INFO - Loading encoder parameters to the classifier
2023-06-19 16:49:12,792 - AUGCON - INFO - Missing keys: ['classifier.block.0.weight', 'classifier.block.0.bias']
2023-06-19 16:49:12,792 - AUGCON - INFO - Epoch [1/50]-(0/22) Loss: 2.3111, Acc(1): 25.00, Acc(5): 50.00
2023-06-19 16:49:12,792 - AUGCON - INFO - Epoch [1/50]-(5/22) Loss: 2.2656, Acc(1): 0.00, Acc(5): 75.00
2023-06-19 16:49:12,792 - AUGCON - INFO - Epoch [1/50]-(10/22) Loss: 2.5758, Acc(1): 0.00, Acc(5): 50.00
2023-06-19 16:49:12,792 - AUGCON - INFO - Epoch [1/50]-(15/22) Loss: 1.7839, Acc(1): 50.00, Acc(5): 75.00
2023-06-19 16:49:12,793 - AUGCON - INFO - Epoch [1/50]-(20/22) Loss: 2.0943, Acc(1): 0.00, Acc(5): 75.00
2023-06-19 16:49:12,793 - AUGCON - INFO - 	Validation Loss: 1.8524, Acc(1): 46.00, Acc(5): 87.00, F1: 0.11, Recall: 0.08, Precision: 0.16
2023-06-19 16:49:12,793 - AUGCON - INFO - Epoch [2/50]-(0/22) Loss: 1.8468, Acc(1): 0.00, Acc(5): 100.00
2023-06-19 16:49:12,793 - AUGCON - INFO - Epoch [2/50]-(5/22) Loss: 1.8238, Acc(1): 50.00, Acc(5): 75.00
2023-06-19 16:49:12,793 - AUGCON - INFO - Epoch [2/50]-(10/22) Loss: 1.5976, Acc(1): 25.00, Acc(5): 100.00
2023-06-19 16:49:12,793 - AUGCON - INFO - Epoch [2/50]-(15/22) Loss: 1.6825, Acc(1): 50.00, Acc(5): 75.00
2023-06-19 16:49:12,793 - AUGCON - INFO - Epoch [2/50]-(20/22) Loss: 1.5887, Acc(1): 50.00, Acc(5): 100.00
2023-06-19 16:49:12,793 - AUGCON - INFO - 	Validation Loss: 1.4475, Acc(1): 71.00, Acc(5): 95.00, F1: 0.17, Recall: 0.15, Precision: 0.19
2023-06-19 16:49:12,793 - AUGCON - INFO - Epoch [3/50]-(0/22) Loss: 1.4898, Acc(1): 50.00, Acc(5): 100.00
2023-06-19 16:49:12,793 - AUGCON - INFO - Epoch [3/50]-(5/22) Loss: 1.0989, Acc(1): 75.00, Acc(5): 100.00
2023-06-19 16:49:12,793 - AUGCON - INFO - Epoch [3/50]-(10/22) Loss: 1.2641, Acc(1): 100.00, Acc(5): 100.00
2023-06-19 16:49:12,794 - AUGCON - INFO - Epoch [3/50]-(15/22) Loss: 1.2496, Acc(1): 75.00, Acc(5): 100.00
2023-06-19 16:49:12,794 - AUGCON - INFO - Epoch [3/50]-(20/22) Loss: 1.0766, Acc(1): 100.00, Acc(5): 100.00
2023-06-19 16:49:12,794 - AUGCON - INFO - 	Validation Loss: 1.2427, Acc(1): 78.00, Acc(5): 94.00, F1: 0.18, Recall: 0.17, Precision: 0.20
2023-06-19 16:49:12,794 - AUGCON - INFO - Epoch [4/50]-(0/22) Loss: 1.0313, Acc(1): 100.00, Acc(5): 100.00
2023-06-19 16:49:12,794 - AUGCON - INFO - Epoch [4/50]-(5/22) Loss: 1.3560, Acc(1): 75.00, Acc(5): 75.00
2023-06-19 16:49:12,794 - AUGCON - INFO - Epoch [4/50]-(10/22) Loss: 0.9156, Acc(1): 100.00, Acc(5): 100.00
2023-06-19 16:49:12,794 - AUGCON - INFO - Epoch [4/50]-(15/22) Loss: 1.0958, Acc(1): 50.00, Acc(5): 100.00
2023-06-19 16:49:12,794 - AUGCON - INFO - Epoch [4/50]-(20/22) Loss: 0.9239, Acc(1): 75.00, Acc(5): 100.00
2023-06-19 16:49:12,794 - AUGCON - INFO - 	Validation Loss: 1.1301, Acc(1): 78.00, Acc(5): 93.00, F1: 0.18, Recall: 0.17, Precision: 0.19
2023-06-19 16:49:12,794 - AUGCON - INFO - Epoch [5/50]-(0/22) Loss: 0.9645, Acc(1): 75.00, Acc(5): 100.00
2023-06-19 16:49:12,794 - AUGCON - INFO - Epoch [5/50]-(5/22) Loss: 0.7309, Acc(1): 100.00, Acc(5): 100.00
2023-06-19 16:49:12,795 - AUGCON - INFO - Epoch [5/50]-(10/22) Loss: 0.8083, Acc(1): 100.00, Acc(5): 100.00
2023-06-19 16:49:12,795 - AUGCON - INFO - Epoch [5/50]-(15/22) Loss: 0.8293, Acc(1): 75.00, Acc(5): 100.00
2023-06-19 16:49:12,795 - AUGCON - INFO - Epoch [5/50]-(20/22) Loss: 0.8375, Acc(1): 75.00, Acc(5): 100.00
2023-06-19 16:49:12,795 - AUGCON - INFO - 	Validation Loss: 1.0433, Acc(1): 78.00, Acc(5): 94.00, F1: 0.18, Recall: 0.17, Precision: 0.19
2023-06-19 16:49:12,795 - AUGCON - INFO - Epoch [6/50]-(0/22) Loss: 0.5371, Acc(1): 100.00, Acc(5): 100.00
2023-06-19 16:49:12,795 - AUGCON - INFO - Epoch [6/50]-(5/22) Loss: 0.5375, Acc(1): 100.00, Acc(5): 100.00
2023-06-19 16:49:12,795 - AUGCON - INFO - Epoch [6/50]-(10/22) Loss: 1.0400, Acc(1): 50.00, Acc(5): 100.00
2023-06-19 16:49:12,795 - AUGCON - INFO - Epoch [6/50]-(15/22) Loss: 0.5826, Acc(1): 75.00, Acc(5): 100.00
2023-06-19 16:49:12,795 - AUGCON - INFO - Epoch [6/50]-(20/22) Loss: 0.6197, Acc(1): 75.00, Acc(5): 100.00
2023-06-19 16:49:12,795 - AUGCON - INFO - 	Validation Loss: 1.0075, Acc(1): 80.00, Acc(5): 94.00, F1: 0.18, Recall: 0.18, Precision: 0.19
2023-06-19 16:49:12,795 - AUGCON - INFO - Epoch [7/50]-(0/22) Loss: 0.9323, Acc(1): 75.00, Acc(5): 100.00
2023-06-19 16:49:12,795 - AUGCON - INFO - Epoch [7/50]-(5/22) Loss: 0.6944, Acc(1): 100.00, Acc(5): 100.00
2023-06-19 16:49:12,796 - AUGCON - INFO - Epoch [7/50]-(10/22) Loss: 0.7991, Acc(1): 50.00, Acc(5): 100.00
2023-06-19 16:49:12,796 - AUGCON - INFO - Epoch [7/50]-(15/22) Loss: 0.5828, Acc(1): 100.00, Acc(5): 100.00
2023-06-19 16:49:12,796 - AUGCON - INFO - Epoch [7/50]-(20/22) Loss: 0.4881, Acc(1): 100.00, Acc(5): 100.00
2023-06-19 16:49:12,796 - AUGCON - INFO - 	Validation Loss: 0.9759, Acc(1): 86.00, Acc(5): 93.00, F1: 0.19, Recall: 0.19, Precision: 0.19
2023-06-19 16:49:12,796 - AUGCON - INFO - Epoch [8/50]-(0/22) Loss: 0.4313, Acc(1): 100.00, Acc(5): 100.00
2023-06-19 16:49:12,796 - AUGCON - INFO - Epoch [8/50]-(5/22) Loss: 0.9367, Acc(1): 75.00, Acc(5): 100.00
2023-06-19 16:49:12,796 - AUGCON - INFO - Epoch [8/50]-(10/22) Loss: 0.6622, Acc(1): 75.00, Acc(5): 100.00
2023-06-19 16:49:12,796 - AUGCON - INFO - Epoch [8/50]-(15/22) Loss: 0.6768, Acc(1): 75.00, Acc(5): 100.00
2023-06-19 16:49:12,796 - AUGCON - INFO - Epoch [8/50]-(20/22) Loss: 0.7126, Acc(1): 75.00, Acc(5): 100.00
2023-06-19 16:49:12,796 - AUGCON - INFO - 	Validation Loss: 0.9482, Acc(1): 78.00, Acc(5): 94.00, F1: 0.18, Recall: 0.17, Precision: 0.19
2023-06-19 16:49:12,796 - AUGCON - INFO - Epoch [9/50]-(0/22) Loss: 0.5701, Acc(1): 75.00, Acc(5): 100.00
2023-06-19 16:49:12,797 - AUGCON - INFO - Epoch [9/50]-(5/22) Loss: 0.7474, Acc(1): 100.00, Acc(5): 100.00
2023-06-19 16:49:12,797 - AUGCON - INFO - Epoch [9/50]-(10/22) Loss: 1.0643, Acc(1): 50.00, Acc(5): 100.00
2023-06-19 16:49:12,797 - AUGCON - INFO - Epoch [9/50]-(15/22) Loss: 0.7035, Acc(1): 75.00, Acc(5): 100.00
2023-06-19 16:49:12,797 - AUGCON - INFO - Epoch [9/50]-(20/22) Loss: 0.5292, Acc(1): 100.00, Acc(5): 100.00
2023-06-19 16:49:12,797 - AUGCON - INFO - 	Validation Loss: 0.9668, Acc(1): 82.00, Acc(5): 94.00, F1: 0.19, Recall: 0.18, Precision: 0.19
2023-06-19 16:49:12,797 - AUGCON - INFO - Epoch [10/50]-(0/22) Loss: 0.5273, Acc(1): 100.00, Acc(5): 100.00
2023-06-19 16:49:12,797 - AUGCON - INFO - Epoch [10/50]-(5/22) Loss: 0.5483, Acc(1): 100.00, Acc(5): 100.00
2023-06-19 16:49:12,797 - AUGCON - INFO - Epoch [10/50]-(10/22) Loss: 0.5740, Acc(1): 75.00, Acc(5): 100.00
2023-06-19 16:49:12,797 - AUGCON - INFO - Epoch [10/50]-(15/22) Loss: 0.4374, Acc(1): 100.00, Acc(5): 100.00
2023-06-19 16:49:12,797 - AUGCON - INFO - Epoch [10/50]-(20/22) Loss: 0.4389, Acc(1): 75.00, Acc(5): 100.00
2023-06-19 16:49:12,797 - AUGCON - INFO - 	Validation Loss: 0.9303, Acc(1): 83.00, Acc(5): 94.00, F1: 0.19, Recall: 0.18, Precision: 0.19
2023-06-19 16:49:12,798 - AUGCON - INFO - Epoch [11/50]-(0/22) Loss: 0.3989, Acc(1): 100.00, Acc(5): 100.00
2023-06-19 16:49:12,798 - AUGCON - INFO - Epoch [11/50]-(5/22) Loss: 0.3366, Acc(1): 100.00, Acc(5): 100.00
2023-06-19 16:49:12,798 - AUGCON - INFO - Epoch [11/50]-(10/22) Loss: 0.5120, Acc(1): 75.00, Acc(5): 100.00
2023-06-19 16:49:12,798 - AUGCON - INFO - Epoch [11/50]-(15/22) Loss: 0.3806, Acc(1): 100.00, Acc(5): 100.00
2023-06-19 16:49:12,798 - AUGCON - INFO - Epoch [11/50]-(20/22) Loss: 0.4606, Acc(1): 100.00, Acc(5): 100.00
2023-06-19 16:49:12,798 - AUGCON - INFO - 	Validation Loss: 0.9512, Acc(1): 85.00, Acc(5): 94.00, F1: 0.19, Recall: 0.19, Precision: 0.19
2023-06-19 16:49:12,798 - AUGCON - INFO - Epoch [12/50]-(0/22) Loss: 0.5109, Acc(1): 100.00, Acc(5): 100.00
2023-06-19 16:49:12,798 - AUGCON - INFO - Epoch [12/50]-(5/22) Loss: 0.6575, Acc(1): 75.00, Acc(5): 100.00
2023-06-19 16:49:12,798 - AUGCON - INFO - Epoch [12/50]-(10/22) Loss: 0.2978, Acc(1): 100.00, Acc(5): 100.00
2023-06-19 16:49:12,798 - AUGCON - INFO - Epoch [12/50]-(15/22) Loss: 0.3525, Acc(1): 100.00, Acc(5): 100.00
2023-06-19 16:49:12,798 - AUGCON - INFO - Epoch [12/50]-(20/22) Loss: 0.6439, Acc(1): 75.00, Acc(5): 100.00
2023-06-19 16:49:12,799 - AUGCON - INFO - 	Validation Loss: 0.9226, Acc(1): 79.00, Acc(5): 94.00, F1: 0.18, Recall: 0.17, Precision: 0.19
2023-06-19 16:49:12,799 - AUGCON - INFO - Epoch [13/50]-(0/22) Loss: 0.2595, Acc(1): 100.00, Acc(5): 100.00
2023-06-19 16:49:12,799 - AUGCON - INFO - Epoch [13/50]-(5/22) Loss: 0.3531, Acc(1): 100.00, Acc(5): 100.00
2023-06-19 16:49:12,799 - AUGCON - INFO - Epoch [13/50]-(10/22) Loss: 1.0449, Acc(1): 25.00, Acc(5): 100.00
2023-06-19 16:49:12,799 - AUGCON - INFO - Epoch [13/50]-(15/22) Loss: 0.3613, Acc(1): 100.00, Acc(5): 100.00
2023-06-19 16:49:12,799 - AUGCON - INFO - Epoch [13/50]-(20/22) Loss: 0.3833, Acc(1): 100.00, Acc(5): 100.00
2023-06-19 16:49:12,799 - AUGCON - INFO - 	Validation Loss: 0.9652, Acc(1): 84.00, Acc(5): 92.00, F1: 0.19, Recall: 0.19, Precision: 0.19
2023-06-19 16:49:12,799 - AUGCON - INFO - Epoch [14/50]-(0/22) Loss: 0.5091, Acc(1): 100.00, Acc(5): 100.00
2023-06-19 16:49:12,799 - AUGCON - INFO - Epoch [14/50]-(5/22) Loss: 0.4596, Acc(1): 75.00, Acc(5): 100.00
2023-06-19 16:49:12,799 - AUGCON - INFO - Epoch [14/50]-(10/22) Loss: 0.2605, Acc(1): 100.00, Acc(5): 100.00
2023-06-19 16:49:12,799 - AUGCON - INFO - Epoch [14/50]-(15/22) Loss: 0.3809, Acc(1): 75.00, Acc(5): 100.00
2023-06-19 16:49:12,799 - AUGCON - INFO - Epoch [14/50]-(20/22) Loss: 0.2476, Acc(1): 100.00, Acc(5): 100.00
2023-06-19 16:49:12,800 - AUGCON - INFO - 	Validation Loss: 0.9352, Acc(1): 83.00, Acc(5): 94.00, F1: 0.19, Recall: 0.19, Precision: 0.18
2023-06-19 16:49:12,800 - AUGCON - INFO - Epoch [15/50]-(0/22) Loss: 0.3543, Acc(1): 75.00, Acc(5): 100.00
2023-06-19 16:49:12,800 - AUGCON - INFO - Epoch [15/50]-(5/22) Loss: 0.5630, Acc(1): 75.00, Acc(5): 100.00
2023-06-19 16:49:12,800 - AUGCON - INFO - Epoch [15/50]-(10/22) Loss: 0.5964, Acc(1): 75.00, Acc(5): 100.00
2023-06-19 16:49:12,800 - AUGCON - INFO - Epoch [15/50]-(15/22) Loss: 0.3980, Acc(1): 100.00, Acc(5): 100.00
2023-06-19 16:49:12,800 - AUGCON - INFO - Epoch [15/50]-(20/22) Loss: 0.2455, Acc(1): 100.00, Acc(5): 100.00
2023-06-19 16:49:12,800 - AUGCON - INFO - 	Validation Loss: 0.9510, Acc(1): 85.00, Acc(5): 93.00, F1: 0.19, Recall: 0.19, Precision: 0.18
2023-06-19 16:49:12,800 - AUGCON - INFO - Epoch [16/50]-(0/22) Loss: 0.2338, Acc(1): 100.00, Acc(5): 100.00
2023-06-19 16:49:12,800 - AUGCON - INFO - Epoch [16/50]-(5/22) Loss: 0.3486, Acc(1): 75.00, Acc(5): 100.00
2023-06-19 16:49:12,800 - AUGCON - INFO - Epoch [16/50]-(10/22) Loss: 0.1993, Acc(1): 100.00, Acc(5): 100.00
2023-06-19 16:49:12,800 - AUGCON - INFO - Epoch [16/50]-(15/22) Loss: 0.3523, Acc(1): 100.00, Acc(5): 100.00
2023-06-19 16:49:12,801 - AUGCON - INFO - Epoch [16/50]-(20/22) Loss: 0.2421, Acc(1): 100.00, Acc(5): 100.00
2023-06-19 16:49:12,801 - AUGCON - INFO - 	Validation Loss: 0.9568, Acc(1): 81.00, Acc(5): 92.00, F1: 0.19, Recall: 0.18, Precision: 0.20
2023-06-19 16:49:12,801 - AUGCON - INFO - Epoch [17/50]-(0/22) Loss: 0.2858, Acc(1): 100.00, Acc(5): 100.00
2023-06-19 16:49:12,801 - AUGCON - INFO - Epoch [17/50]-(5/22) Loss: 0.3956, Acc(1): 100.00, Acc(5): 100.00
2023-06-19 16:49:12,801 - AUGCON - INFO - Epoch [17/50]-(10/22) Loss: 0.2820, Acc(1): 100.00, Acc(5): 100.00
2023-06-19 16:49:12,801 - AUGCON - INFO - Epoch [17/50]-(15/22) Loss: 0.2832, Acc(1): 100.00, Acc(5): 100.00
2023-06-19 16:49:12,801 - AUGCON - INFO - Epoch [17/50]-(20/22) Loss: 0.3825, Acc(1): 75.00, Acc(5): 100.00
2023-06-19 16:49:12,801 - AUGCON - INFO - 	Validation Loss: 0.9442, Acc(1): 85.00, Acc(5): 93.00, F1: 0.19, Recall: 0.19, Precision: 0.19
2023-06-19 16:49:12,801 - AUGCON - INFO - Epoch [18/50]-(0/22) Loss: 0.4497, Acc(1): 100.00, Acc(5): 100.00
2023-06-19 16:49:12,801 - AUGCON - INFO - Epoch [18/50]-(5/22) Loss: 0.4603, Acc(1): 100.00, Acc(5): 100.00
2023-06-19 16:49:12,801 - AUGCON - INFO - Epoch [18/50]-(10/22) Loss: 0.4391, Acc(1): 100.00, Acc(5): 100.00
2023-06-19 16:49:12,801 - AUGCON - INFO - Epoch [18/50]-(15/22) Loss: 0.2800, Acc(1): 100.00, Acc(5): 100.00
2023-06-19 16:49:12,802 - AUGCON - INFO - Epoch [18/50]-(20/22) Loss: 0.2708, Acc(1): 100.00, Acc(5): 100.00
2023-06-19 16:49:12,802 - AUGCON - INFO - 	Validation Loss: 0.9330, Acc(1): 82.00, Acc(5): 94.00, F1: 0.19, Recall: 0.18, Precision: 0.20
2023-06-19 16:49:12,802 - AUGCON - INFO - Epoch [19/50]-(0/22) Loss: 0.3557, Acc(1): 100.00, Acc(5): 100.00
2023-06-19 16:49:12,802 - AUGCON - INFO - Epoch [19/50]-(5/22) Loss: 0.2824, Acc(1): 100.00, Acc(5): 100.00
2023-06-19 16:49:12,802 - AUGCON - INFO - Epoch [19/50]-(10/22) Loss: 0.2492, Acc(1): 100.00, Acc(5): 100.00
2023-06-19 16:49:12,802 - AUGCON - INFO - Epoch [19/50]-(15/22) Loss: 0.1710, Acc(1): 100.00, Acc(5): 100.00
2023-06-19 16:49:12,802 - AUGCON - INFO - Epoch [19/50]-(20/22) Loss: 0.4361, Acc(1): 100.00, Acc(5): 100.00
2023-06-19 16:49:12,802 - AUGCON - INFO - 	Validation Loss: 0.9757, Acc(1): 80.00, Acc(5): 93.00, F1: 0.18, Recall: 0.19, Precision: 0.18
2023-06-19 16:49:12,802 - AUGCON - INFO - Epoch [20/50]-(0/22) Loss: 0.1568, Acc(1): 100.00, Acc(5): 100.00
2023-06-19 16:49:12,802 - AUGCON - INFO - Epoch [20/50]-(5/22) Loss: 0.1921, Acc(1): 100.00, Acc(5): 100.00
2023-06-19 16:49:12,802 - AUGCON - INFO - Epoch [20/50]-(10/22) Loss: 0.3911, Acc(1): 100.00, Acc(5): 100.00
2023-06-19 16:49:12,803 - AUGCON - INFO - Epoch [20/50]-(15/22) Loss: 0.5679, Acc(1): 50.00, Acc(5): 100.00
2023-06-19 16:49:12,803 - AUGCON - INFO - Epoch [20/50]-(20/22) Loss: 0.5106, Acc(1): 75.00, Acc(5): 100.00
2023-06-19 16:49:12,803 - AUGCON - INFO - 	Validation Loss: 0.9561, Acc(1): 86.00, Acc(5): 92.00, F1: 0.19, Recall: 0.19, Precision: 0.19
2023-06-19 16:49:12,803 - AUGCON - INFO - Epoch [21/50]-(0/22) Loss: 0.1398, Acc(1): 100.00, Acc(5): 100.00
2023-06-19 16:49:12,803 - AUGCON - INFO - Epoch [21/50]-(5/22) Loss: 0.3638, Acc(1): 100.00, Acc(5): 100.00
2023-06-19 16:49:12,803 - AUGCON - INFO - Epoch [21/50]-(10/22) Loss: 0.7435, Acc(1): 50.00, Acc(5): 100.00
2023-06-19 16:49:12,803 - AUGCON - INFO - Epoch [21/50]-(15/22) Loss: 0.5486, Acc(1): 50.00, Acc(5): 100.00
2023-06-19 16:49:12,803 - AUGCON - INFO - Epoch [21/50]-(20/22) Loss: 0.2123, Acc(1): 100.00, Acc(5): 100.00
2023-06-19 16:49:12,803 - AUGCON - INFO - 	Validation Loss: 0.9857, Acc(1): 83.00, Acc(5): 93.00, F1: 0.19, Recall: 0.19, Precision: 0.18
2023-06-19 16:49:12,803 - AUGCON - INFO - Epoch [22/50]-(0/22) Loss: 0.4091, Acc(1): 75.00, Acc(5): 100.00
2023-06-19 16:49:12,803 - AUGCON - INFO - Epoch [22/50]-(5/22) Loss: 0.1832, Acc(1): 100.00, Acc(5): 100.00
2023-06-19 16:49:12,803 - AUGCON - INFO - Epoch [22/50]-(10/22) Loss: 0.9821, Acc(1): 50.00, Acc(5): 100.00
2023-06-19 16:49:12,804 - AUGCON - INFO - Epoch [22/50]-(15/22) Loss: 0.2353, Acc(1): 100.00, Acc(5): 100.00
2023-06-19 16:49:12,804 - AUGCON - INFO - Epoch [22/50]-(20/22) Loss: 0.5499, Acc(1): 75.00, Acc(5): 100.00
2023-06-19 16:49:12,804 - AUGCON - INFO - 	Validation Loss: 0.9624, Acc(1): 84.00, Acc(5): 93.00, F1: 0.19, Recall: 0.19, Precision: 0.19
2023-06-19 16:49:12,804 - AUGCON - INFO - Epoch [23/50]-(0/22) Loss: 0.1150, Acc(1): 100.00, Acc(5): 100.00
2023-06-19 16:49:12,804 - AUGCON - INFO - Epoch [23/50]-(5/22) Loss: 0.2150, Acc(1): 100.00, Acc(5): 100.00
2023-06-19 16:49:12,804 - AUGCON - INFO - Epoch [23/50]-(10/22) Loss: 0.2638, Acc(1): 100.00, Acc(5): 100.00
2023-06-19 16:49:12,804 - AUGCON - INFO - Epoch [23/50]-(15/22) Loss: 1.0521, Acc(1): 75.00, Acc(5): 100.00
2023-06-19 16:49:12,804 - AUGCON - INFO - Epoch [23/50]-(20/22) Loss: 0.0732, Acc(1): 100.00, Acc(5): 100.00
2023-06-19 16:49:12,804 - AUGCON - INFO - 	Validation Loss: 1.0114, Acc(1): 83.00, Acc(5): 92.00, F1: 0.19, Recall: 0.19, Precision: 0.18
2023-06-19 16:49:12,804 - AUGCON - INFO - Epoch [24/50]-(0/22) Loss: 0.6011, Acc(1): 75.00, Acc(5): 100.00
2023-06-19 16:49:12,804 - AUGCON - INFO - Epoch [24/50]-(5/22) Loss: 0.1572, Acc(1): 100.00, Acc(5): 100.00
2023-06-19 16:49:12,805 - AUGCON - INFO - Epoch [24/50]-(10/22) Loss: 0.2264, Acc(1): 100.00, Acc(5): 100.00
2023-06-19 16:49:12,805 - AUGCON - INFO - Epoch [24/50]-(15/22) Loss: 0.4181, Acc(1): 75.00, Acc(5): 100.00
2023-06-19 16:49:12,805 - AUGCON - INFO - Epoch [24/50]-(20/22) Loss: 0.1701, Acc(1): 100.00, Acc(5): 100.00
2023-06-19 16:49:12,805 - AUGCON - INFO - 	Validation Loss: 0.9818, Acc(1): 84.00, Acc(5): 92.00, F1: 0.19, Recall: 0.19, Precision: 0.19
2023-06-19 16:49:12,805 - AUGCON - INFO - Epoch [25/50]-(0/22) Loss: 0.5854, Acc(1): 75.00, Acc(5): 100.00
2023-06-19 16:49:12,805 - AUGCON - INFO - Epoch [25/50]-(5/22) Loss: 0.4074, Acc(1): 75.00, Acc(5): 100.00
2023-06-19 16:49:12,805 - AUGCON - INFO - Epoch [25/50]-(10/22) Loss: 0.2636, Acc(1): 100.00, Acc(5): 100.00
2023-06-19 16:49:12,805 - AUGCON - INFO - Epoch [25/50]-(15/22) Loss: 0.4334, Acc(1): 75.00, Acc(5): 100.00
2023-06-19 16:49:12,805 - AUGCON - INFO - Epoch [25/50]-(20/22) Loss: 0.1558, Acc(1): 100.00, Acc(5): 100.00
2023-06-19 16:49:12,805 - AUGCON - INFO - 	Validation Loss: 0.9725, Acc(1): 85.00, Acc(5): 92.00, F1: 0.19, Recall: 0.19, Precision: 0.19
2023-06-19 16:49:12,805 - AUGCON - INFO - Epoch [26/50]-(0/22) Loss: 0.7716, Acc(1): 50.00, Acc(5): 100.00
2023-06-19 16:49:12,806 - AUGCON - INFO - Epoch [26/50]-(5/22) Loss: 0.1689, Acc(1): 100.00, Acc(5): 100.00
2023-06-19 16:49:12,806 - AUGCON - INFO - Epoch [26/50]-(10/22) Loss: 0.2181, Acc(1): 100.00, Acc(5): 100.00
2023-06-19 16:49:12,806 - AUGCON - INFO - Epoch [26/50]-(15/22) Loss: 0.1404, Acc(1): 100.00, Acc(5): 100.00
2023-06-19 16:49:12,806 - AUGCON - INFO - Epoch [26/50]-(20/22) Loss: 0.1255, Acc(1): 100.00, Acc(5): 100.00
2023-06-19 16:49:12,806 - AUGCON - INFO - 	Validation Loss: 0.9762, Acc(1): 85.00, Acc(5): 93.00, F1: 0.19, Recall: 0.19, Precision: 0.19
2023-06-19 16:49:12,806 - AUGCON - INFO - Epoch [27/50]-(0/22) Loss: 0.3528, Acc(1): 75.00, Acc(5): 100.00
2023-06-19 16:49:12,806 - AUGCON - INFO - Epoch [27/50]-(5/22) Loss: 0.1835, Acc(1): 100.00, Acc(5): 100.00
2023-06-19 16:49:12,806 - AUGCON - INFO - Epoch [27/50]-(10/22) Loss: 0.3528, Acc(1): 75.00, Acc(5): 100.00
2023-06-19 16:49:12,806 - AUGCON - INFO - Epoch [27/50]-(15/22) Loss: 0.0770, Acc(1): 100.00, Acc(5): 100.00
2023-06-19 16:49:12,806 - AUGCON - INFO - Epoch [27/50]-(20/22) Loss: 0.5572, Acc(1): 75.00, Acc(5): 100.00
2023-06-19 16:49:12,806 - AUGCON - INFO - 	Validation Loss: 0.9901, Acc(1): 83.00, Acc(5): 93.00, F1: 0.19, Recall: 0.18, Precision: 0.20
2023-06-19 16:49:12,806 - AUGCON - INFO - Epoch [28/50]-(0/22) Loss: 0.8532, Acc(1): 25.00, Acc(5): 100.00
2023-06-19 16:49:12,807 - AUGCON - INFO - Epoch [28/50]-(5/22) Loss: 0.3473, Acc(1): 100.00, Acc(5): 100.00
2023-06-19 16:49:12,807 - AUGCON - INFO - Epoch [28/50]-(10/22) Loss: 0.3958, Acc(1): 75.00, Acc(5): 100.00
2023-06-19 16:49:12,807 - AUGCON - INFO - Epoch [28/50]-(15/22) Loss: 0.5361, Acc(1): 75.00, Acc(5): 100.00
2023-06-19 16:49:12,807 - AUGCON - INFO - Epoch [28/50]-(20/22) Loss: 0.2081, Acc(1): 100.00, Acc(5): 100.00
2023-06-19 16:49:12,807 - AUGCON - INFO - 	Validation Loss: 0.9926, Acc(1): 85.00, Acc(5): 93.00, F1: 0.19, Recall: 0.19, Precision: 0.19
2023-06-19 16:49:12,807 - AUGCON - INFO - Epoch [29/50]-(0/22) Loss: 0.0822, Acc(1): 100.00, Acc(5): 100.00
2023-06-19 16:49:12,807 - AUGCON - INFO - Epoch [29/50]-(5/22) Loss: 0.5532, Acc(1): 75.00, Acc(5): 100.00
2023-06-19 16:49:12,807 - AUGCON - INFO - Epoch [29/50]-(10/22) Loss: 0.3232, Acc(1): 100.00, Acc(5): 100.00
2023-06-19 16:49:12,807 - AUGCON - INFO - Epoch [29/50]-(15/22) Loss: 0.2733, Acc(1): 100.00, Acc(5): 100.00
2023-06-19 16:49:12,807 - AUGCON - INFO - Epoch [29/50]-(20/22) Loss: 0.2335, Acc(1): 100.00, Acc(5): 100.00
2023-06-19 16:49:12,807 - AUGCON - INFO - 	Validation Loss: 0.9696, Acc(1): 83.00, Acc(5): 93.00, F1: 0.19, Recall: 0.18, Precision: 0.19
2023-06-19 16:49:12,808 - AUGCON - INFO - Epoch [30/50]-(0/22) Loss: 0.3619, Acc(1): 75.00, Acc(5): 100.00
2023-06-19 16:49:12,808 - AUGCON - INFO - Epoch [30/50]-(5/22) Loss: 0.2966, Acc(1): 100.00, Acc(5): 100.00
2023-06-19 16:49:12,808 - AUGCON - INFO - Epoch [30/50]-(10/22) Loss: 0.5135, Acc(1): 75.00, Acc(5): 100.00
2023-06-19 16:49:12,808 - AUGCON - INFO - Epoch [30/50]-(15/22) Loss: 0.1726, Acc(1): 100.00, Acc(5): 100.00
2023-06-19 16:49:12,808 - AUGCON - INFO - Epoch [30/50]-(20/22) Loss: 0.0859, Acc(1): 100.00, Acc(5): 100.00
2023-06-19 16:49:12,808 - AUGCON - INFO - 	Validation Loss: 1.0175, Acc(1): 84.00, Acc(5): 93.00, F1: 0.19, Recall: 0.19, Precision: 0.19
2023-06-19 16:49:12,808 - AUGCON - INFO - Epoch [31/50]-(0/22) Loss: 0.3141, Acc(1): 75.00, Acc(5): 100.00
2023-06-19 16:49:12,808 - AUGCON - INFO - Epoch [31/50]-(5/22) Loss: 0.1953, Acc(1): 100.00, Acc(5): 100.00
2023-06-19 16:49:12,808 - AUGCON - INFO - Epoch [31/50]-(10/22) Loss: 0.5188, Acc(1): 75.00, Acc(5): 100.00
2023-06-19 16:49:12,808 - AUGCON - INFO - Epoch [31/50]-(15/22) Loss: 0.3496, Acc(1): 75.00, Acc(5): 100.00
2023-06-19 16:49:12,809 - AUGCON - INFO - Epoch [31/50]-(20/22) Loss: 0.1109, Acc(1): 100.00, Acc(5): 100.00
2023-06-19 16:49:12,809 - AUGCON - INFO - 	Validation Loss: 1.0036, Acc(1): 84.00, Acc(5): 93.00, F1: 0.19, Recall: 0.19, Precision: 0.19
2023-06-19 16:49:12,809 - AUGCON - INFO - Epoch [32/50]-(0/22) Loss: 0.1457, Acc(1): 100.00, Acc(5): 100.00
2023-06-19 16:49:12,809 - AUGCON - INFO - Epoch [32/50]-(5/22) Loss: 0.1681, Acc(1): 100.00, Acc(5): 100.00
2023-06-19 16:49:12,809 - AUGCON - INFO - Epoch [32/50]-(10/22) Loss: 0.1330, Acc(1): 100.00, Acc(5): 100.00
2023-06-19 16:49:12,809 - AUGCON - INFO - Epoch [32/50]-(15/22) Loss: 0.6111, Acc(1): 50.00, Acc(5): 100.00
2023-06-19 16:49:12,809 - AUGCON - INFO - Epoch [32/50]-(20/22) Loss: 0.1794, Acc(1): 100.00, Acc(5): 100.00
2023-06-19 16:49:12,809 - AUGCON - INFO - 	Validation Loss: 1.0225, Acc(1): 85.00, Acc(5): 92.00, F1: 0.19, Recall: 0.19, Precision: 0.18
2023-06-19 16:49:12,809 - AUGCON - INFO - Epoch [33/50]-(0/22) Loss: 0.1564, Acc(1): 100.00, Acc(5): 100.00
2023-06-19 16:49:12,809 - AUGCON - INFO - Epoch [33/50]-(5/22) Loss: 0.2763, Acc(1): 100.00, Acc(5): 100.00
2023-06-19 16:49:12,809 - AUGCON - INFO - Epoch [33/50]-(10/22) Loss: 0.6903, Acc(1): 75.00, Acc(5): 100.00
2023-06-19 16:49:12,809 - AUGCON - INFO - Epoch [33/50]-(15/22) Loss: 0.0476, Acc(1): 100.00, Acc(5): 100.00
2023-06-19 16:49:12,809 - AUGCON - INFO - Epoch [33/50]-(20/22) Loss: 0.8771, Acc(1): 75.00, Acc(5): 100.00
2023-06-19 16:49:12,810 - AUGCON - INFO - 	Validation Loss: 1.0284, Acc(1): 85.00, Acc(5): 93.00, F1: 0.19, Recall: 0.19, Precision: 0.19
2023-06-19 16:49:12,810 - AUGCON - INFO - Epoch [34/50]-(0/22) Loss: 0.3068, Acc(1): 100.00, Acc(5): 100.00
2023-06-19 16:49:12,810 - AUGCON - INFO - Epoch [34/50]-(5/22) Loss: 0.2429, Acc(1): 100.00, Acc(5): 100.00
2023-06-19 16:49:12,810 - AUGCON - INFO - Epoch [34/50]-(10/22) Loss: 0.1562, Acc(1): 100.00, Acc(5): 100.00
2023-06-19 16:49:12,810 - AUGCON - INFO - Epoch [34/50]-(15/22) Loss: 0.3886, Acc(1): 100.00, Acc(5): 100.00
2023-06-19 16:49:12,810 - AUGCON - INFO - Epoch [34/50]-(20/22) Loss: 0.0989, Acc(1): 100.00, Acc(5): 100.00
2023-06-19 16:49:12,810 - AUGCON - INFO - 	Validation Loss: 1.0153, Acc(1): 85.00, Acc(5): 93.00, F1: 0.19, Recall: 0.19, Precision: 0.19
2023-06-19 16:49:12,810 - AUGCON - INFO - Epoch [35/50]-(0/22) Loss: 0.0821, Acc(1): 100.00, Acc(5): 100.00
2023-06-19 16:49:12,810 - AUGCON - INFO - Epoch [35/50]-(5/22) Loss: 0.6774, Acc(1): 75.00, Acc(5): 100.00
2023-06-19 16:49:12,810 - AUGCON - INFO - Epoch [35/50]-(10/22) Loss: 0.2758, Acc(1): 75.00, Acc(5): 100.00
2023-06-19 16:49:12,811 - AUGCON - INFO - Epoch [35/50]-(15/22) Loss: 0.1921, Acc(1): 100.00, Acc(5): 100.00
2023-06-19 16:49:12,811 - AUGCON - INFO - Epoch [35/50]-(20/22) Loss: 0.1980, Acc(1): 100.00, Acc(5): 100.00
2023-06-19 16:49:12,811 - AUGCON - INFO - 	Validation Loss: 1.0523, Acc(1): 84.00, Acc(5): 93.00, F1: 0.19, Recall: 0.19, Precision: 0.18
2023-06-19 16:49:12,811 - AUGCON - INFO - Epoch [36/50]-(0/22) Loss: 0.3846, Acc(1): 75.00, Acc(5): 100.00
2023-06-19 16:49:12,811 - AUGCON - INFO - Epoch [36/50]-(5/22) Loss: 0.4165, Acc(1): 100.00, Acc(5): 100.00
2023-06-19 16:49:12,811 - AUGCON - INFO - Epoch [36/50]-(10/22) Loss: 0.1922, Acc(1): 100.00, Acc(5): 100.00
2023-06-19 16:49:12,811 - AUGCON - INFO - Epoch [36/50]-(15/22) Loss: 1.1369, Acc(1): 50.00, Acc(5): 100.00
2023-06-19 16:49:12,811 - AUGCON - INFO - Epoch [36/50]-(20/22) Loss: 0.2063, Acc(1): 100.00, Acc(5): 100.00
2023-06-19 16:49:12,811 - AUGCON - INFO - 	Validation Loss: 1.0492, Acc(1): 84.00, Acc(5): 93.00, F1: 0.19, Recall: 0.19, Precision: 0.19
2023-06-19 16:49:12,811 - AUGCON - INFO - Epoch [37/50]-(0/22) Loss: 0.1975, Acc(1): 100.00, Acc(5): 100.00
2023-06-19 16:49:12,811 - AUGCON - INFO - Epoch [37/50]-(5/22) Loss: 0.3197, Acc(1): 100.00, Acc(5): 100.00
2023-06-19 16:49:12,811 - AUGCON - INFO - Epoch [37/50]-(10/22) Loss: 0.0650, Acc(1): 100.00, Acc(5): 100.00
2023-06-19 16:49:12,812 - AUGCON - INFO - Epoch [37/50]-(15/22) Loss: 0.2007, Acc(1): 100.00, Acc(5): 100.00
2023-06-19 16:49:12,812 - AUGCON - INFO - Epoch [37/50]-(20/22) Loss: 0.6760, Acc(1): 50.00, Acc(5): 100.00
2023-06-19 16:49:12,812 - AUGCON - INFO - 	Validation Loss: 1.0368, Acc(1): 84.00, Acc(5): 93.00, F1: 0.19, Recall: 0.19, Precision: 0.18
2023-06-19 16:49:12,812 - AUGCON - INFO - Epoch [38/50]-(0/22) Loss: 0.2634, Acc(1): 100.00, Acc(5): 100.00
2023-06-19 16:49:12,812 - AUGCON - INFO - Epoch [38/50]-(5/22) Loss: 0.1057, Acc(1): 100.00, Acc(5): 100.00
2023-06-19 16:49:12,812 - AUGCON - INFO - Epoch [38/50]-(10/22) Loss: 0.1737, Acc(1): 100.00, Acc(5): 100.00
2023-06-19 16:49:12,812 - AUGCON - INFO - Epoch [38/50]-(15/22) Loss: 0.5320, Acc(1): 75.00, Acc(5): 100.00
2023-06-19 16:49:12,812 - AUGCON - INFO - Epoch [38/50]-(20/22) Loss: 0.1135, Acc(1): 100.00, Acc(5): 100.00
2023-06-19 16:49:12,812 - AUGCON - INFO - 	Validation Loss: 1.0283, Acc(1): 85.00, Acc(5): 93.00, F1: 0.19, Recall: 0.19, Precision: 0.19
2023-06-19 16:49:12,812 - AUGCON - INFO - Epoch [39/50]-(0/22) Loss: 0.1036, Acc(1): 100.00, Acc(5): 100.00
2023-06-19 16:49:12,813 - AUGCON - INFO - Epoch [39/50]-(5/22) Loss: 0.0843, Acc(1): 100.00, Acc(5): 100.00
2023-06-19 16:49:12,813 - AUGCON - INFO - Epoch [39/50]-(10/22) Loss: 0.4946, Acc(1): 75.00, Acc(5): 100.00
2023-06-19 16:49:12,813 - AUGCON - INFO - Epoch [39/50]-(15/22) Loss: 0.0576, Acc(1): 100.00, Acc(5): 100.00
2023-06-19 16:49:12,813 - AUGCON - INFO - Epoch [39/50]-(20/22) Loss: 0.2827, Acc(1): 100.00, Acc(5): 100.00
2023-06-19 16:49:12,813 - AUGCON - INFO - 	Validation Loss: 1.0551, Acc(1): 86.00, Acc(5): 93.00, F1: 0.19, Recall: 0.19, Precision: 0.19
2023-06-19 16:49:12,813 - AUGCON - INFO - Epoch [40/50]-(0/22) Loss: 0.6043, Acc(1): 50.00, Acc(5): 100.00
2023-06-19 16:49:12,813 - AUGCON - INFO - Epoch [40/50]-(5/22) Loss: 0.1722, Acc(1): 100.00, Acc(5): 100.00
2023-06-19 16:49:12,813 - AUGCON - INFO - Epoch [40/50]-(10/22) Loss: 0.6895, Acc(1): 50.00, Acc(5): 100.00
2023-06-19 16:49:12,813 - AUGCON - INFO - Epoch [40/50]-(15/22) Loss: 0.2687, Acc(1): 100.00, Acc(5): 100.00
2023-06-19 16:49:12,813 - AUGCON - INFO - Epoch [40/50]-(20/22) Loss: 0.0808, Acc(1): 100.00, Acc(5): 100.00
2023-06-19 16:49:12,813 - AUGCON - INFO - 	Validation Loss: 1.0394, Acc(1): 82.00, Acc(5): 93.00, F1: 0.19, Recall: 0.18, Precision: 0.20
2023-06-19 16:49:12,813 - AUGCON - INFO - Epoch [41/50]-(0/22) Loss: 0.0829, Acc(1): 100.00, Acc(5): 100.00
2023-06-19 16:49:12,814 - AUGCON - INFO - Epoch [41/50]-(5/22) Loss: 0.0901, Acc(1): 100.00, Acc(5): 100.00
2023-06-19 16:49:12,814 - AUGCON - INFO - Epoch [41/50]-(10/22) Loss: 0.5526, Acc(1): 75.00, Acc(5): 100.00
2023-06-19 16:49:12,814 - AUGCON - INFO - Epoch [41/50]-(15/22) Loss: 0.0997, Acc(1): 100.00, Acc(5): 100.00
2023-06-19 16:49:12,814 - AUGCON - INFO - Epoch [41/50]-(20/22) Loss: 0.0580, Acc(1): 100.00, Acc(5): 100.00
2023-06-19 16:49:12,814 - AUGCON - INFO - 	Validation Loss: 1.0531, Acc(1): 85.00, Acc(5): 93.00, F1: 0.19, Recall: 0.19, Precision: 0.19
2023-06-19 16:49:12,814 - AUGCON - INFO - Epoch [42/50]-(0/22) Loss: 0.5766, Acc(1): 75.00, Acc(5): 100.00
2023-06-19 16:49:12,814 - AUGCON - INFO - Epoch [42/50]-(5/22) Loss: 0.0949, Acc(1): 100.00, Acc(5): 100.00
2023-06-19 16:49:12,814 - AUGCON - INFO - Epoch [42/50]-(10/22) Loss: 0.3603, Acc(1): 75.00, Acc(5): 100.00
2023-06-19 16:49:12,814 - AUGCON - INFO - Epoch [42/50]-(15/22) Loss: 0.8995, Acc(1): 50.00, Acc(5): 100.00
2023-06-19 16:49:12,814 - AUGCON - INFO - Epoch [42/50]-(20/22) Loss: 0.0752, Acc(1): 100.00, Acc(5): 100.00
2023-06-19 16:49:12,814 - AUGCON - INFO - 	Validation Loss: 1.0551, Acc(1): 84.00, Acc(5): 93.00, F1: 0.19, Recall: 0.19, Precision: 0.19
2023-06-19 16:49:12,814 - AUGCON - INFO - Epoch [43/50]-(0/22) Loss: 0.1711, Acc(1): 100.00, Acc(5): 100.00
2023-06-19 16:49:12,815 - AUGCON - INFO - Epoch [43/50]-(5/22) Loss: 0.0486, Acc(1): 100.00, Acc(5): 100.00
2023-06-19 16:49:12,815 - AUGCON - INFO - Epoch [43/50]-(10/22) Loss: 0.2218, Acc(1): 100.00, Acc(5): 100.00
2023-06-19 16:49:12,815 - AUGCON - INFO - Epoch [43/50]-(15/22) Loss: 0.6381, Acc(1): 75.00, Acc(5): 100.00
2023-06-19 16:49:12,815 - AUGCON - INFO - Epoch [43/50]-(20/22) Loss: 0.0697, Acc(1): 100.00, Acc(5): 100.00
2023-06-19 16:49:12,815 - AUGCON - INFO - 	Validation Loss: 1.0613, Acc(1): 86.00, Acc(5): 93.00, F1: 0.19, Recall: 0.19, Precision: 0.19
2023-06-19 16:49:12,815 - AUGCON - INFO - Epoch [44/50]-(0/22) Loss: 0.1597, Acc(1): 100.00, Acc(5): 100.00
2023-06-19 16:49:12,815 - AUGCON - INFO - Epoch [44/50]-(5/22) Loss: 0.1611, Acc(1): 100.00, Acc(5): 100.00
2023-06-19 16:49:12,815 - AUGCON - INFO - Epoch [44/50]-(10/22) Loss: 0.1688, Acc(1): 100.00, Acc(5): 100.00
2023-06-19 16:49:12,815 - AUGCON - INFO - Epoch [44/50]-(15/22) Loss: 0.1929, Acc(1): 100.00, Acc(5): 100.00
2023-06-19 16:49:12,815 - AUGCON - INFO - Epoch [44/50]-(20/22) Loss: 0.1223, Acc(1): 100.00, Acc(5): 100.00
2023-06-19 16:49:12,815 - AUGCON - INFO - 	Validation Loss: 1.0764, Acc(1): 87.00, Acc(5): 93.00, F1: 0.19, Recall: 0.20, Precision: 0.19
2023-06-19 16:49:12,815 - AUGCON - INFO - Epoch [45/50]-(0/22) Loss: 0.2144, Acc(1): 100.00, Acc(5): 100.00
2023-06-19 16:49:12,816 - AUGCON - INFO - Epoch [45/50]-(5/22) Loss: 0.3863, Acc(1): 75.00, Acc(5): 100.00
2023-06-19 16:49:12,816 - AUGCON - INFO - Epoch [45/50]-(10/22) Loss: 0.0484, Acc(1): 100.00, Acc(5): 100.00
2023-06-19 16:49:12,816 - AUGCON - INFO - Epoch [45/50]-(15/22) Loss: 0.2423, Acc(1): 100.00, Acc(5): 100.00
2023-06-19 16:49:12,816 - AUGCON - INFO - Epoch [45/50]-(20/22) Loss: 0.2378, Acc(1): 75.00, Acc(5): 100.00
2023-06-19 16:49:12,816 - AUGCON - INFO - 	Validation Loss: 1.0869, Acc(1): 84.00, Acc(5): 93.00, F1: 0.19, Recall: 0.19, Precision: 0.18
2023-06-19 16:49:12,816 - AUGCON - INFO - Epoch [46/50]-(0/22) Loss: 0.5229, Acc(1): 75.00, Acc(5): 100.00
2023-06-19 16:49:12,816 - AUGCON - INFO - Epoch [46/50]-(5/22) Loss: 0.3333, Acc(1): 75.00, Acc(5): 100.00
2023-06-19 16:49:12,816 - AUGCON - INFO - Epoch [46/50]-(10/22) Loss: 0.1989, Acc(1): 100.00, Acc(5): 100.00
2023-06-19 16:49:12,816 - AUGCON - INFO - Epoch [46/50]-(15/22) Loss: 0.3665, Acc(1): 75.00, Acc(5): 100.00
2023-06-19 16:49:12,816 - AUGCON - INFO - Epoch [46/50]-(20/22) Loss: 0.2616, Acc(1): 100.00, Acc(5): 100.00
2023-06-19 16:49:12,816 - AUGCON - INFO - 	Validation Loss: 1.0892, Acc(1): 85.00, Acc(5): 93.00, F1: 0.19, Recall: 0.19, Precision: 0.19
2023-06-19 16:49:12,817 - AUGCON - INFO - Epoch [47/50]-(0/22) Loss: 0.3508, Acc(1): 100.00, Acc(5): 100.00
2023-06-19 16:49:12,817 - AUGCON - INFO - Epoch [47/50]-(5/22) Loss: 0.1233, Acc(1): 100.00, Acc(5): 100.00
2023-06-19 16:49:12,817 - AUGCON - INFO - Epoch [47/50]-(10/22) Loss: 0.2575, Acc(1): 100.00, Acc(5): 100.00
2023-06-19 16:49:12,817 - AUGCON - INFO - Epoch [47/50]-(15/22) Loss: 0.2961, Acc(1): 100.00, Acc(5): 100.00
2023-06-19 16:49:12,817 - AUGCON - INFO - Epoch [47/50]-(20/22) Loss: 0.1810, Acc(1): 100.00, Acc(5): 100.00
2023-06-19 16:49:12,817 - AUGCON - INFO - 	Validation Loss: 1.1000, Acc(1): 87.00, Acc(5): 93.00, F1: 0.19, Recall: 0.20, Precision: 0.19
2023-06-19 16:49:12,817 - AUGCON - INFO - Epoch [48/50]-(0/22) Loss: 0.2369, Acc(1): 100.00, Acc(5): 100.00
2023-06-19 16:49:12,817 - AUGCON - INFO - Epoch [48/50]-(5/22) Loss: 0.0972, Acc(1): 100.00, Acc(5): 100.00
2023-06-19 16:49:12,817 - AUGCON - INFO - Epoch [48/50]-(10/22) Loss: 0.3729, Acc(1): 75.00, Acc(5): 100.00
2023-06-19 16:49:12,817 - AUGCON - INFO - Epoch [48/50]-(15/22) Loss: 0.0538, Acc(1): 100.00, Acc(5): 100.00
2023-06-19 16:49:12,817 - AUGCON - INFO - Epoch [48/50]-(20/22) Loss: 0.2689, Acc(1): 75.00, Acc(5): 100.00
2023-06-19 16:49:12,817 - AUGCON - INFO - 	Validation Loss: 1.1142, Acc(1): 84.00, Acc(5): 93.00, F1: 0.19, Recall: 0.19, Precision: 0.19
2023-06-19 16:49:12,818 - AUGCON - INFO - Epoch [49/50]-(0/22) Loss: 0.3534, Acc(1): 75.00, Acc(5): 100.00
2023-06-19 16:49:12,818 - AUGCON - INFO - Epoch [49/50]-(5/22) Loss: 0.0882, Acc(1): 100.00, Acc(5): 100.00
2023-06-19 16:49:12,818 - AUGCON - INFO - Epoch [49/50]-(10/22) Loss: 0.1973, Acc(1): 100.00, Acc(5): 100.00
2023-06-19 16:49:12,818 - AUGCON - INFO - Epoch [49/50]-(15/22) Loss: 0.0609, Acc(1): 100.00, Acc(5): 100.00
2023-06-19 16:49:12,818 - AUGCON - INFO - Epoch [49/50]-(20/22) Loss: 0.6020, Acc(1): 75.00, Acc(5): 100.00
2023-06-19 16:49:12,819 - AUGCON - INFO - 	Validation Loss: 1.1072, Acc(1): 83.00, Acc(5): 93.00, F1: 0.19, Recall: 0.18, Precision: 0.19
2023-06-19 16:49:12,819 - AUGCON - INFO - Epoch [50/50]-(0/22) Loss: 1.1822, Acc(1): 25.00, Acc(5): 100.00
2023-06-19 16:49:12,819 - AUGCON - INFO - Epoch [50/50]-(5/22) Loss: 0.4515, Acc(1): 75.00, Acc(5): 100.00
2023-06-19 16:49:12,819 - AUGCON - INFO - Epoch [50/50]-(10/22) Loss: 0.2568, Acc(1): 75.00, Acc(5): 100.00
2023-06-19 16:49:12,819 - AUGCON - INFO - Epoch [50/50]-(15/22) Loss: 0.1506, Acc(1): 100.00, Acc(5): 100.00
2023-06-19 16:49:12,819 - AUGCON - INFO - Epoch [50/50]-(20/22) Loss: 0.2739, Acc(1): 75.00, Acc(5): 100.00
2023-06-19 16:49:12,819 - AUGCON - INFO - 	Validation Loss: 1.1358, Acc(1): 84.00, Acc(5): 93.00, F1: 0.19, Recall: 0.19, Precision: 0.19
2023-06-19 16:49:12,819 - AUGCON - INFO - 	Validation Loss: 1.0141, Acc(1): 80.00, Acc(5): 93.33, F1: 0.18, Recall: 0.18, Precision: 0.18
