2023-06-19 16:49:14,761 - AUGCON - INFO - logger initialized (/home/hjyoon/projects/augcon/config/exp0/finetune_da_true/without_target_domain_WA4697-jhryu/metacpc_random_8421/tgt_target_domain_PH0041-hmkim_seed0.yaml.log)
2023-06-19 16:49:14,761 - AUGCON - INFO - ================= Config =================
2023-06-19 16:49:14,761 - AUGCON - INFO -   mode: finetune
2023-06-19 16:49:14,762 - AUGCON - INFO -   seed: 0
2023-06-19 16:49:14,762 - AUGCON - INFO -   gpu: [1]
2023-06-19 16:49:14,762 - AUGCON - INFO -   num_workers: 1
2023-06-19 16:49:14,762 - AUGCON - INFO -   dist_url: tcp://localhost:10001
2023-06-19 16:49:14,762 - AUGCON - INFO -   dataset_name: ichar
2023-06-19 16:49:14,762 - AUGCON - INFO -   train_dataset_path: /mnt/sting/hjyoon/projects/cross/ICHAR/augcon/target_domain_PH0041-hmkim/finetune/10shot/target/train.pkl
2023-06-19 16:49:14,762 - AUGCON - INFO -   test_dataset_path: /mnt/sting/hjyoon/projects/cross/ICHAR/augcon/target_domain_PH0041-hmkim/finetune/10shot/target/test.pkl
2023-06-19 16:49:14,762 - AUGCON - INFO -   val_dataset_path: /mnt/sting/hjyoon/projects/cross/ICHAR/augcon/target_domain_PH0041-hmkim/finetune/10shot/target/val.pkl
2023-06-19 16:49:14,762 - AUGCON - INFO -   input_channels: 3
2023-06-19 16:49:14,762 - AUGCON - INFO -   num_cls: 9
2023-06-19 16:49:14,762 - AUGCON - INFO -   optimizer: adam
2023-06-19 16:49:14,762 - AUGCON - INFO -   criterion: crossentropy
2023-06-19 16:49:14,762 - AUGCON - INFO -   start_epoch: 0
2023-06-19 16:49:14,762 - AUGCON - INFO -   epochs: 50
2023-06-19 16:49:14,762 - AUGCON - INFO -   batch_size: 4
2023-06-19 16:49:14,762 - AUGCON - INFO -   lr: 0.001
2023-06-19 16:49:14,762 - AUGCON - INFO -   wd: 0.0
2023-06-19 16:49:14,762 - AUGCON - INFO -   resume: 
2023-06-19 16:49:14,762 - AUGCON - INFO -   pretrained: /mnt/sting/hjyoon/projects/augcontrast/models/exp0/pretrain/without_target_domain_WA4697-jhryu/metacpc_random_8421/checkpoint_0999.pth.tar
2023-06-19 16:49:14,762 - AUGCON - INFO -   ckpt_dir: /mnt/sting/hjyoon/projects/augcontrast/models/exp0/finetune_da_true/without_target_domain_WA4697-jhryu/metacpc_random_8421/tgt_target_domain_PH0041-hmkim_seed0
2023-06-19 16:49:14,762 - AUGCON - INFO -   log_freq: 5
2023-06-19 16:49:14,762 - AUGCON - INFO -   save_freq: 10
2023-06-19 16:49:14,762 - AUGCON - INFO -   pretext: metacpc
2023-06-19 16:49:14,762 - AUGCON - INFO -   enc_blocks: 4
2023-06-19 16:49:14,762 - AUGCON - INFO -   kernel_sizes: [8, 4, 2, 1]
2023-06-19 16:49:14,762 - AUGCON - INFO -   strides: [4, 2, 1, 1]
2023-06-19 16:49:14,762 - AUGCON - INFO -   agg_blocks: 5
2023-06-19 16:49:14,762 - AUGCON - INFO -   z_dim: 256
2023-06-19 16:49:14,762 - AUGCON - INFO -   pooling: mean
2023-06-19 16:49:14,762 - AUGCON - INFO -   pred_steps: 12
2023-06-19 16:49:14,762 - AUGCON - INFO -   n_negatives: 15
2023-06-19 16:49:14,762 - AUGCON - INFO -   offset: 4
2023-06-19 16:49:14,762 - AUGCON - INFO -   domain_adaptation: True
2023-06-19 16:49:14,762 - AUGCON - INFO -   task_steps: 10
2023-06-19 16:49:14,762 - AUGCON - INFO -   task_lr: 0.001
2023-06-19 16:49:14,762 - AUGCON - INFO -   reg_lambda: 0
2023-06-19 16:49:14,762 - AUGCON - INFO -   mlp: False
2023-06-19 16:49:14,762 - AUGCON - INFO -   freeze: True
2023-06-19 16:49:14,762 - AUGCON - INFO -   no_vars: False
2023-06-19 16:49:14,763 - AUGCON - INFO - ==========================================
2023-06-19 16:49:14,763 - AUGCON - INFO - Setting GPUs: [1]
2023-06-19 16:49:14,763 - AUGCON - INFO - GPUs [1] will be used
2023-06-19 16:49:14,763 - AUGCON - WARNING - You have chosen to seed training. 
2023-06-19 16:49:14,763 - AUGCON - WARNING - This will turn on the CUDNN deterministic setting, 
2023-06-19 16:49:14,763 - AUGCON - WARNING - which can slow down your training considerably! 
2023-06-19 16:49:14,763 - AUGCON - WARNING - You may see unexpected behavior when restarting 
2023-06-19 16:49:14,763 - AUGCON - WARNING - from checkpoints.
2023-06-19 16:49:14,793 - AUGCON - INFO - Executing MetaCPC
2023-06-19 16:49:14,793 - AUGCON - INFO - Logs are skipped during training
2023-06-19 16:49:31,949 - AUGCON - INFO - Single GPU is used for training - training 90 instances for each worker
2023-06-19 16:49:31,950 - AUGCON - INFO - Loading pretrained model from checkpoint - /mnt/sting/hjyoon/projects/augcontrast/models/exp0/pretrain/without_target_domain_WA4697-jhryu/metacpc_random_8421/checkpoint_0999.pth.tar
2023-06-19 16:49:31,950 - AUGCON - INFO - Missing keys: []
2023-06-19 16:49:31,950 - AUGCON - INFO - Perform domain adaptation step
2023-06-19 16:49:31,950 - AUGCON - INFO - 	meta-train [0/10] Loss: 3.6443, Acc(1): 10.57, Acc(5): 41.67
2023-06-19 16:49:31,950 - AUGCON - INFO - 	meta-train [1/10] Loss: 2.6739, Acc(1): 16.82, Acc(5): 56.15
2023-06-19 16:49:31,950 - AUGCON - INFO - 	meta-train [2/10] Loss: 2.2491, Acc(1): 25.28, Acc(5): 69.43
2023-06-19 16:49:31,950 - AUGCON - INFO - 	meta-train [3/10] Loss: 1.7527, Acc(1): 35.87, Acc(5): 85.05
2023-06-19 16:49:31,951 - AUGCON - INFO - 	meta-train [4/10] Loss: 1.2094, Acc(1): 51.56, Acc(5): 95.86
2023-06-19 16:49:31,951 - AUGCON - INFO - 	meta-train [5/10] Loss: 1.1504, Acc(1): 53.21, Acc(5): 96.18
2023-06-19 16:49:31,951 - AUGCON - INFO - 	meta-train [6/10] Loss: 1.1529, Acc(1): 52.51, Acc(5): 96.59
2023-06-19 16:49:31,951 - AUGCON - INFO - 	meta-train [7/10] Loss: 1.1213, Acc(1): 55.21, Acc(5): 96.32
2023-06-19 16:49:31,951 - AUGCON - INFO - 	meta-train [8/10] Loss: 1.1071, Acc(1): 54.72, Acc(5): 96.98
2023-06-19 16:49:31,951 - AUGCON - INFO - 	meta-train [9/10] Loss: 1.1638, Acc(1): 53.40, Acc(5): 95.93
2023-06-19 16:49:31,951 - AUGCON - INFO - Loading encoder parameters to the classifier
2023-06-19 16:49:31,951 - AUGCON - INFO - Missing keys: ['classifier.block.0.weight', 'classifier.block.0.bias']
2023-06-19 16:49:31,951 - AUGCON - INFO - Epoch [1/50]-(0/22) Loss: 2.1944, Acc(1): 0.00, Acc(5): 75.00
2023-06-19 16:49:31,951 - AUGCON - INFO - Epoch [1/50]-(5/22) Loss: 2.2171, Acc(1): 25.00, Acc(5): 75.00
2023-06-19 16:49:31,951 - AUGCON - INFO - Epoch [1/50]-(10/22) Loss: 2.3674, Acc(1): 0.00, Acc(5): 50.00
2023-06-19 16:49:31,952 - AUGCON - INFO - Epoch [1/50]-(15/22) Loss: 1.9361, Acc(1): 50.00, Acc(5): 75.00
2023-06-19 16:49:31,952 - AUGCON - INFO - Epoch [1/50]-(20/22) Loss: 2.0117, Acc(1): 0.00, Acc(5): 100.00
2023-06-19 16:49:31,952 - AUGCON - INFO - 	Validation Loss: 1.7889, Acc(1): 48.00, Acc(5): 99.00, F1: 0.13, Recall: 0.12, Precision: 0.14
2023-06-19 16:49:31,952 - AUGCON - INFO - Epoch [2/50]-(0/22) Loss: 1.9116, Acc(1): 25.00, Acc(5): 100.00
2023-06-19 16:49:31,952 - AUGCON - INFO - Epoch [2/50]-(5/22) Loss: 1.7675, Acc(1): 50.00, Acc(5): 100.00
2023-06-19 16:49:31,952 - AUGCON - INFO - Epoch [2/50]-(10/22) Loss: 1.8615, Acc(1): 25.00, Acc(5): 100.00
2023-06-19 16:49:31,952 - AUGCON - INFO - Epoch [2/50]-(15/22) Loss: 1.6920, Acc(1): 75.00, Acc(5): 75.00
2023-06-19 16:49:31,952 - AUGCON - INFO - Epoch [2/50]-(20/22) Loss: 1.6383, Acc(1): 50.00, Acc(5): 75.00
2023-06-19 16:49:31,952 - AUGCON - INFO - 	Validation Loss: 1.4884, Acc(1): 63.00, Acc(5): 100.00, F1: 0.14, Recall: 0.14, Precision: 0.14
2023-06-19 16:49:31,952 - AUGCON - INFO - Epoch [3/50]-(0/22) Loss: 1.3661, Acc(1): 75.00, Acc(5): 100.00
2023-06-19 16:49:31,953 - AUGCON - INFO - Epoch [3/50]-(5/22) Loss: 1.0859, Acc(1): 100.00, Acc(5): 100.00
2023-06-19 16:49:31,953 - AUGCON - INFO - Epoch [3/50]-(10/22) Loss: 1.7138, Acc(1): 25.00, Acc(5): 100.00
2023-06-19 16:49:31,953 - AUGCON - INFO - Epoch [3/50]-(15/22) Loss: 1.4605, Acc(1): 25.00, Acc(5): 100.00
2023-06-19 16:49:31,953 - AUGCON - INFO - Epoch [3/50]-(20/22) Loss: 1.3264, Acc(1): 100.00, Acc(5): 100.00
2023-06-19 16:49:31,953 - AUGCON - INFO - 	Validation Loss: 1.3111, Acc(1): 66.00, Acc(5): 99.00, F1: 0.17, Recall: 0.17, Precision: 0.16
2023-06-19 16:49:31,953 - AUGCON - INFO - Epoch [4/50]-(0/22) Loss: 1.1558, Acc(1): 50.00, Acc(5): 100.00
2023-06-19 16:49:31,953 - AUGCON - INFO - Epoch [4/50]-(5/22) Loss: 1.5818, Acc(1): 25.00, Acc(5): 100.00
2023-06-19 16:49:31,953 - AUGCON - INFO - Epoch [4/50]-(10/22) Loss: 1.0641, Acc(1): 75.00, Acc(5): 100.00
2023-06-19 16:49:31,953 - AUGCON - INFO - Epoch [4/50]-(15/22) Loss: 1.3010, Acc(1): 50.00, Acc(5): 100.00
2023-06-19 16:49:31,953 - AUGCON - INFO - Epoch [4/50]-(20/22) Loss: 1.1533, Acc(1): 75.00, Acc(5): 100.00
2023-06-19 16:49:31,953 - AUGCON - INFO - 	Validation Loss: 1.1604, Acc(1): 80.00, Acc(5): 99.00, F1: 0.19, Recall: 0.18, Precision: 0.19
2023-06-19 16:49:31,953 - AUGCON - INFO - Epoch [5/50]-(0/22) Loss: 1.1521, Acc(1): 75.00, Acc(5): 100.00
2023-06-19 16:49:31,953 - AUGCON - INFO - Epoch [5/50]-(5/22) Loss: 1.1567, Acc(1): 100.00, Acc(5): 100.00
2023-06-19 16:49:31,953 - AUGCON - INFO - Epoch [5/50]-(10/22) Loss: 0.8420, Acc(1): 75.00, Acc(5): 100.00
2023-06-19 16:49:31,954 - AUGCON - INFO - Epoch [5/50]-(15/22) Loss: 0.7333, Acc(1): 75.00, Acc(5): 100.00
2023-06-19 16:49:31,954 - AUGCON - INFO - Epoch [5/50]-(20/22) Loss: 1.7064, Acc(1): 75.00, Acc(5): 100.00
2023-06-19 16:49:31,954 - AUGCON - INFO - 	Validation Loss: 1.1012, Acc(1): 72.00, Acc(5): 98.00, F1: 0.17, Recall: 0.18, Precision: 0.17
2023-06-19 16:49:31,954 - AUGCON - INFO - Epoch [6/50]-(0/22) Loss: 1.3227, Acc(1): 75.00, Acc(5): 100.00
2023-06-19 16:49:31,954 - AUGCON - INFO - Epoch [6/50]-(5/22) Loss: 0.8519, Acc(1): 75.00, Acc(5): 100.00
2023-06-19 16:49:31,954 - AUGCON - INFO - Epoch [6/50]-(10/22) Loss: 1.7574, Acc(1): 25.00, Acc(5): 100.00
2023-06-19 16:49:31,954 - AUGCON - INFO - Epoch [6/50]-(15/22) Loss: 0.8978, Acc(1): 100.00, Acc(5): 100.00
2023-06-19 16:49:31,954 - AUGCON - INFO - Epoch [6/50]-(20/22) Loss: 1.3522, Acc(1): 50.00, Acc(5): 100.00
2023-06-19 16:49:31,954 - AUGCON - INFO - 	Validation Loss: 1.0278, Acc(1): 72.00, Acc(5): 98.00, F1: 0.17, Recall: 0.18, Precision: 0.17
2023-06-19 16:49:31,954 - AUGCON - INFO - Epoch [7/50]-(0/22) Loss: 1.6645, Acc(1): 25.00, Acc(5): 100.00
2023-06-19 16:49:31,954 - AUGCON - INFO - Epoch [7/50]-(5/22) Loss: 1.1981, Acc(1): 50.00, Acc(5): 100.00
2023-06-19 16:49:31,954 - AUGCON - INFO - Epoch [7/50]-(10/22) Loss: 0.7762, Acc(1): 100.00, Acc(5): 100.00
2023-06-19 16:49:31,954 - AUGCON - INFO - Epoch [7/50]-(15/22) Loss: 1.0451, Acc(1): 75.00, Acc(5): 100.00
2023-06-19 16:49:31,955 - AUGCON - INFO - Epoch [7/50]-(20/22) Loss: 0.9195, Acc(1): 100.00, Acc(5): 100.00
2023-06-19 16:49:31,955 - AUGCON - INFO - 	Validation Loss: 0.9812, Acc(1): 75.00, Acc(5): 100.00, F1: 0.18, Recall: 0.18, Precision: 0.18
2023-06-19 16:49:31,955 - AUGCON - INFO - Epoch [8/50]-(0/22) Loss: 0.9660, Acc(1): 100.00, Acc(5): 100.00
2023-06-19 16:49:31,955 - AUGCON - INFO - Epoch [8/50]-(5/22) Loss: 1.2038, Acc(1): 75.00, Acc(5): 100.00
2023-06-19 16:49:31,955 - AUGCON - INFO - Epoch [8/50]-(10/22) Loss: 1.1339, Acc(1): 75.00, Acc(5): 100.00
2023-06-19 16:49:31,955 - AUGCON - INFO - Epoch [8/50]-(15/22) Loss: 0.9157, Acc(1): 75.00, Acc(5): 100.00
2023-06-19 16:49:31,955 - AUGCON - INFO - Epoch [8/50]-(20/22) Loss: 1.5525, Acc(1): 50.00, Acc(5): 75.00
2023-06-19 16:49:31,955 - AUGCON - INFO - 	Validation Loss: 0.9271, Acc(1): 73.00, Acc(5): 99.00, F1: 0.18, Recall: 0.19, Precision: 0.17
2023-06-19 16:49:31,955 - AUGCON - INFO - Epoch [9/50]-(0/22) Loss: 0.9730, Acc(1): 75.00, Acc(5): 100.00
2023-06-19 16:49:31,955 - AUGCON - INFO - Epoch [9/50]-(5/22) Loss: 1.9268, Acc(1): 0.00, Acc(5): 100.00
2023-06-19 16:49:31,955 - AUGCON - INFO - Epoch [9/50]-(10/22) Loss: 1.0892, Acc(1): 50.00, Acc(5): 100.00
2023-06-19 16:49:31,955 - AUGCON - INFO - Epoch [9/50]-(15/22) Loss: 0.7665, Acc(1): 75.00, Acc(5): 100.00
2023-06-19 16:49:31,955 - AUGCON - INFO - Epoch [9/50]-(20/22) Loss: 0.9365, Acc(1): 75.00, Acc(5): 100.00
2023-06-19 16:49:31,955 - AUGCON - INFO - 	Validation Loss: 0.8968, Acc(1): 74.00, Acc(5): 99.00, F1: 0.18, Recall: 0.19, Precision: 0.17
2023-06-19 16:49:31,956 - AUGCON - INFO - Epoch [10/50]-(0/22) Loss: 1.0187, Acc(1): 75.00, Acc(5): 100.00
2023-06-19 16:49:31,956 - AUGCON - INFO - Epoch [10/50]-(5/22) Loss: 1.3328, Acc(1): 75.00, Acc(5): 100.00
2023-06-19 16:49:31,956 - AUGCON - INFO - Epoch [10/50]-(10/22) Loss: 0.6403, Acc(1): 100.00, Acc(5): 100.00
2023-06-19 16:49:31,956 - AUGCON - INFO - Epoch [10/50]-(15/22) Loss: 0.9759, Acc(1): 50.00, Acc(5): 100.00
2023-06-19 16:49:31,956 - AUGCON - INFO - Epoch [10/50]-(20/22) Loss: 0.8556, Acc(1): 75.00, Acc(5): 100.00
2023-06-19 16:49:31,956 - AUGCON - INFO - 	Validation Loss: 0.8564, Acc(1): 77.00, Acc(5): 99.00, F1: 0.18, Recall: 0.18, Precision: 0.18
2023-06-19 16:49:31,956 - AUGCON - INFO - Epoch [11/50]-(0/22) Loss: 1.0685, Acc(1): 50.00, Acc(5): 100.00
2023-06-19 16:49:31,956 - AUGCON - INFO - Epoch [11/50]-(5/22) Loss: 0.7993, Acc(1): 100.00, Acc(5): 100.00
2023-06-19 16:49:31,956 - AUGCON - INFO - Epoch [11/50]-(10/22) Loss: 0.7409, Acc(1): 100.00, Acc(5): 100.00
2023-06-19 16:49:31,956 - AUGCON - INFO - Epoch [11/50]-(15/22) Loss: 0.3917, Acc(1): 100.00, Acc(5): 100.00
2023-06-19 16:49:31,956 - AUGCON - INFO - Epoch [11/50]-(20/22) Loss: 0.7404, Acc(1): 75.00, Acc(5): 100.00
2023-06-19 16:49:31,956 - AUGCON - INFO - 	Validation Loss: 0.8224, Acc(1): 77.00, Acc(5): 99.00, F1: 0.18, Recall: 0.19, Precision: 0.18
2023-06-19 16:49:31,956 - AUGCON - INFO - Epoch [12/50]-(0/22) Loss: 0.6272, Acc(1): 75.00, Acc(5): 100.00
2023-06-19 16:49:31,957 - AUGCON - INFO - Epoch [12/50]-(5/22) Loss: 0.8873, Acc(1): 75.00, Acc(5): 100.00
2023-06-19 16:49:31,957 - AUGCON - INFO - Epoch [12/50]-(10/22) Loss: 0.8478, Acc(1): 75.00, Acc(5): 100.00
2023-06-19 16:49:31,957 - AUGCON - INFO - Epoch [12/50]-(15/22) Loss: 0.7185, Acc(1): 100.00, Acc(5): 100.00
2023-06-19 16:49:31,957 - AUGCON - INFO - Epoch [12/50]-(20/22) Loss: 0.7949, Acc(1): 75.00, Acc(5): 100.00
2023-06-19 16:49:31,957 - AUGCON - INFO - 	Validation Loss: 0.7946, Acc(1): 75.00, Acc(5): 99.00, F1: 0.18, Recall: 0.18, Precision: 0.17
2023-06-19 16:49:31,957 - AUGCON - INFO - Epoch [13/50]-(0/22) Loss: 1.5611, Acc(1): 25.00, Acc(5): 100.00
2023-06-19 16:49:31,957 - AUGCON - INFO - Epoch [13/50]-(5/22) Loss: 0.4738, Acc(1): 100.00, Acc(5): 100.00
2023-06-19 16:49:31,957 - AUGCON - INFO - Epoch [13/50]-(10/22) Loss: 0.5622, Acc(1): 100.00, Acc(5): 100.00
2023-06-19 16:49:31,957 - AUGCON - INFO - Epoch [13/50]-(15/22) Loss: 0.7004, Acc(1): 75.00, Acc(5): 100.00
2023-06-19 16:49:31,957 - AUGCON - INFO - Epoch [13/50]-(20/22) Loss: 0.7689, Acc(1): 100.00, Acc(5): 100.00
2023-06-19 16:49:31,957 - AUGCON - INFO - 	Validation Loss: 0.8485, Acc(1): 73.00, Acc(5): 99.00, F1: 0.18, Recall: 0.19, Precision: 0.16
2023-06-19 16:49:31,957 - AUGCON - INFO - Epoch [14/50]-(0/22) Loss: 0.7753, Acc(1): 75.00, Acc(5): 100.00
2023-06-19 16:49:31,957 - AUGCON - INFO - Epoch [14/50]-(5/22) Loss: 0.5792, Acc(1): 75.00, Acc(5): 100.00
2023-06-19 16:49:31,958 - AUGCON - INFO - Epoch [14/50]-(10/22) Loss: 1.4624, Acc(1): 25.00, Acc(5): 100.00
2023-06-19 16:49:31,958 - AUGCON - INFO - Epoch [14/50]-(15/22) Loss: 0.8847, Acc(1): 75.00, Acc(5): 100.00
2023-06-19 16:49:31,958 - AUGCON - INFO - Epoch [14/50]-(20/22) Loss: 0.9385, Acc(1): 75.00, Acc(5): 100.00
2023-06-19 16:49:31,958 - AUGCON - INFO - 	Validation Loss: 0.7722, Acc(1): 75.00, Acc(5): 99.00, F1: 0.18, Recall: 0.19, Precision: 0.17
2023-06-19 16:49:31,958 - AUGCON - INFO - Epoch [15/50]-(0/22) Loss: 0.8889, Acc(1): 100.00, Acc(5): 100.00
2023-06-19 16:49:31,958 - AUGCON - INFO - Epoch [15/50]-(5/22) Loss: 0.5281, Acc(1): 100.00, Acc(5): 100.00
2023-06-19 16:49:31,958 - AUGCON - INFO - Epoch [15/50]-(10/22) Loss: 0.2680, Acc(1): 100.00, Acc(5): 100.00
2023-06-19 16:49:31,958 - AUGCON - INFO - Epoch [15/50]-(15/22) Loss: 1.2730, Acc(1): 50.00, Acc(5): 100.00
2023-06-19 16:49:31,958 - AUGCON - INFO - Epoch [15/50]-(20/22) Loss: 0.9040, Acc(1): 75.00, Acc(5): 100.00
2023-06-19 16:49:31,958 - AUGCON - INFO - 	Validation Loss: 0.7636, Acc(1): 74.00, Acc(5): 99.00, F1: 0.18, Recall: 0.19, Precision: 0.17
2023-06-19 16:49:31,958 - AUGCON - INFO - Epoch [16/50]-(0/22) Loss: 1.0232, Acc(1): 75.00, Acc(5): 100.00
2023-06-19 16:49:31,958 - AUGCON - INFO - Epoch [16/50]-(5/22) Loss: 0.7101, Acc(1): 75.00, Acc(5): 100.00
2023-06-19 16:49:31,958 - AUGCON - INFO - Epoch [16/50]-(10/22) Loss: 0.5245, Acc(1): 100.00, Acc(5): 100.00
2023-06-19 16:49:31,958 - AUGCON - INFO - Epoch [16/50]-(15/22) Loss: 0.8380, Acc(1): 75.00, Acc(5): 100.00
2023-06-19 16:49:31,959 - AUGCON - INFO - Epoch [16/50]-(20/22) Loss: 0.5652, Acc(1): 75.00, Acc(5): 100.00
2023-06-19 16:49:31,959 - AUGCON - INFO - 	Validation Loss: 0.7621, Acc(1): 77.00, Acc(5): 99.00, F1: 0.18, Recall: 0.19, Precision: 0.18
2023-06-19 16:49:31,959 - AUGCON - INFO - Epoch [17/50]-(0/22) Loss: 0.6499, Acc(1): 100.00, Acc(5): 100.00
2023-06-19 16:49:31,959 - AUGCON - INFO - Epoch [17/50]-(5/22) Loss: 0.6972, Acc(1): 100.00, Acc(5): 100.00
2023-06-19 16:49:31,959 - AUGCON - INFO - Epoch [17/50]-(10/22) Loss: 0.4164, Acc(1): 100.00, Acc(5): 100.00
2023-06-19 16:49:31,959 - AUGCON - INFO - Epoch [17/50]-(15/22) Loss: 1.0542, Acc(1): 75.00, Acc(5): 100.00
2023-06-19 16:49:31,959 - AUGCON - INFO - Epoch [17/50]-(20/22) Loss: 0.5297, Acc(1): 75.00, Acc(5): 100.00
2023-06-19 16:49:31,959 - AUGCON - INFO - 	Validation Loss: 0.7228, Acc(1): 71.00, Acc(5): 99.00, F1: 0.17, Recall: 0.19, Precision: 0.16
2023-06-19 16:49:31,959 - AUGCON - INFO - Epoch [18/50]-(0/22) Loss: 0.5755, Acc(1): 100.00, Acc(5): 100.00
2023-06-19 16:49:31,959 - AUGCON - INFO - Epoch [18/50]-(5/22) Loss: 0.7143, Acc(1): 75.00, Acc(5): 100.00
2023-06-19 16:49:31,959 - AUGCON - INFO - Epoch [18/50]-(10/22) Loss: 0.9846, Acc(1): 75.00, Acc(5): 100.00
2023-06-19 16:49:31,959 - AUGCON - INFO - Epoch [18/50]-(15/22) Loss: 0.9580, Acc(1): 75.00, Acc(5): 100.00
2023-06-19 16:49:31,959 - AUGCON - INFO - Epoch [18/50]-(20/22) Loss: 0.5117, Acc(1): 75.00, Acc(5): 100.00
2023-06-19 16:49:31,959 - AUGCON - INFO - 	Validation Loss: 0.7250, Acc(1): 75.00, Acc(5): 99.00, F1: 0.18, Recall: 0.19, Precision: 0.17
2023-06-19 16:49:31,960 - AUGCON - INFO - Epoch [19/50]-(0/22) Loss: 0.8411, Acc(1): 100.00, Acc(5): 100.00
2023-06-19 16:49:31,960 - AUGCON - INFO - Epoch [19/50]-(5/22) Loss: 0.3766, Acc(1): 100.00, Acc(5): 100.00
2023-06-19 16:49:31,960 - AUGCON - INFO - Epoch [19/50]-(10/22) Loss: 1.0949, Acc(1): 75.00, Acc(5): 75.00
2023-06-19 16:49:31,960 - AUGCON - INFO - Epoch [19/50]-(15/22) Loss: 0.4310, Acc(1): 100.00, Acc(5): 100.00
2023-06-19 16:49:31,960 - AUGCON - INFO - Epoch [19/50]-(20/22) Loss: 0.7490, Acc(1): 75.00, Acc(5): 100.00
2023-06-19 16:49:31,960 - AUGCON - INFO - 	Validation Loss: 0.6896, Acc(1): 74.00, Acc(5): 99.00, F1: 0.18, Recall: 0.19, Precision: 0.17
2023-06-19 16:49:31,960 - AUGCON - INFO - Epoch [20/50]-(0/22) Loss: 0.5541, Acc(1): 75.00, Acc(5): 100.00
2023-06-19 16:49:31,960 - AUGCON - INFO - Epoch [20/50]-(5/22) Loss: 0.5506, Acc(1): 100.00, Acc(5): 100.00
2023-06-19 16:49:31,960 - AUGCON - INFO - Epoch [20/50]-(10/22) Loss: 0.6186, Acc(1): 75.00, Acc(5): 100.00
2023-06-19 16:49:31,960 - AUGCON - INFO - Epoch [20/50]-(15/22) Loss: 1.2043, Acc(1): 50.00, Acc(5): 100.00
2023-06-19 16:49:31,960 - AUGCON - INFO - Epoch [20/50]-(20/22) Loss: 0.5777, Acc(1): 75.00, Acc(5): 100.00
2023-06-19 16:49:31,960 - AUGCON - INFO - 	Validation Loss: 0.6850, Acc(1): 75.00, Acc(5): 99.00, F1: 0.18, Recall: 0.19, Precision: 0.17
2023-06-19 16:49:31,960 - AUGCON - INFO - Epoch [21/50]-(0/22) Loss: 0.8636, Acc(1): 50.00, Acc(5): 100.00
2023-06-19 16:49:31,961 - AUGCON - INFO - Epoch [21/50]-(5/22) Loss: 0.5329, Acc(1): 75.00, Acc(5): 100.00
2023-06-19 16:49:31,961 - AUGCON - INFO - Epoch [21/50]-(10/22) Loss: 0.5686, Acc(1): 75.00, Acc(5): 100.00
2023-06-19 16:49:31,961 - AUGCON - INFO - Epoch [21/50]-(15/22) Loss: 0.3319, Acc(1): 100.00, Acc(5): 100.00
2023-06-19 16:49:31,961 - AUGCON - INFO - Epoch [21/50]-(20/22) Loss: 0.7469, Acc(1): 75.00, Acc(5): 100.00
2023-06-19 16:49:31,961 - AUGCON - INFO - 	Validation Loss: 0.6686, Acc(1): 77.00, Acc(5): 99.00, F1: 0.18, Recall: 0.19, Precision: 0.18
2023-06-19 16:49:31,961 - AUGCON - INFO - Epoch [22/50]-(0/22) Loss: 0.4173, Acc(1): 100.00, Acc(5): 100.00
2023-06-19 16:49:31,961 - AUGCON - INFO - Epoch [22/50]-(5/22) Loss: 0.7623, Acc(1): 75.00, Acc(5): 100.00
2023-06-19 16:49:31,961 - AUGCON - INFO - Epoch [22/50]-(10/22) Loss: 0.6451, Acc(1): 75.00, Acc(5): 100.00
2023-06-19 16:49:31,961 - AUGCON - INFO - Epoch [22/50]-(15/22) Loss: 0.8958, Acc(1): 75.00, Acc(5): 100.00
2023-06-19 16:49:31,961 - AUGCON - INFO - Epoch [22/50]-(20/22) Loss: 1.3014, Acc(1): 50.00, Acc(5): 100.00
2023-06-19 16:49:31,961 - AUGCON - INFO - 	Validation Loss: 0.6910, Acc(1): 74.00, Acc(5): 99.00, F1: 0.18, Recall: 0.19, Precision: 0.17
2023-06-19 16:49:31,961 - AUGCON - INFO - Epoch [23/50]-(0/22) Loss: 1.1375, Acc(1): 75.00, Acc(5): 100.00
2023-06-19 16:49:31,961 - AUGCON - INFO - Epoch [23/50]-(5/22) Loss: 0.3297, Acc(1): 100.00, Acc(5): 100.00
2023-06-19 16:49:31,961 - AUGCON - INFO - Epoch [23/50]-(10/22) Loss: 0.6830, Acc(1): 75.00, Acc(5): 100.00
2023-06-19 16:49:31,962 - AUGCON - INFO - Epoch [23/50]-(15/22) Loss: 0.9726, Acc(1): 50.00, Acc(5): 100.00
2023-06-19 16:49:31,962 - AUGCON - INFO - Epoch [23/50]-(20/22) Loss: 0.4946, Acc(1): 75.00, Acc(5): 100.00
2023-06-19 16:49:31,962 - AUGCON - INFO - 	Validation Loss: 0.7054, Acc(1): 70.00, Acc(5): 99.00, F1: 0.17, Recall: 0.19, Precision: 0.16
2023-06-19 16:49:31,962 - AUGCON - INFO - Epoch [24/50]-(0/22) Loss: 0.3939, Acc(1): 100.00, Acc(5): 100.00
2023-06-19 16:49:31,962 - AUGCON - INFO - Epoch [24/50]-(5/22) Loss: 0.4571, Acc(1): 100.00, Acc(5): 100.00
2023-06-19 16:49:31,962 - AUGCON - INFO - Epoch [24/50]-(10/22) Loss: 0.8356, Acc(1): 75.00, Acc(5): 100.00
2023-06-19 16:49:31,962 - AUGCON - INFO - Epoch [24/50]-(15/22) Loss: 0.2297, Acc(1): 100.00, Acc(5): 100.00
2023-06-19 16:49:31,962 - AUGCON - INFO - Epoch [24/50]-(20/22) Loss: 0.9852, Acc(1): 75.00, Acc(5): 100.00
2023-06-19 16:49:31,962 - AUGCON - INFO - 	Validation Loss: 0.6736, Acc(1): 73.00, Acc(5): 99.00, F1: 0.17, Recall: 0.19, Precision: 0.17
2023-06-19 16:49:31,962 - AUGCON - INFO - Epoch [25/50]-(0/22) Loss: 0.8606, Acc(1): 50.00, Acc(5): 100.00
2023-06-19 16:49:31,962 - AUGCON - INFO - Epoch [25/50]-(5/22) Loss: 1.0915, Acc(1): 50.00, Acc(5): 100.00
2023-06-19 16:49:31,962 - AUGCON - INFO - Epoch [25/50]-(10/22) Loss: 0.8180, Acc(1): 100.00, Acc(5): 100.00
2023-06-19 16:49:31,962 - AUGCON - INFO - Epoch [25/50]-(15/22) Loss: 0.5168, Acc(1): 75.00, Acc(5): 100.00
2023-06-19 16:49:31,962 - AUGCON - INFO - Epoch [25/50]-(20/22) Loss: 0.3962, Acc(1): 100.00, Acc(5): 100.00
2023-06-19 16:49:31,963 - AUGCON - INFO - 	Validation Loss: 0.6602, Acc(1): 74.00, Acc(5): 99.00, F1: 0.18, Recall: 0.18, Precision: 0.17
2023-06-19 16:49:31,963 - AUGCON - INFO - Epoch [26/50]-(0/22) Loss: 0.3466, Acc(1): 100.00, Acc(5): 100.00
2023-06-19 16:49:31,963 - AUGCON - INFO - Epoch [26/50]-(5/22) Loss: 0.6889, Acc(1): 75.00, Acc(5): 100.00
2023-06-19 16:49:31,963 - AUGCON - INFO - Epoch [26/50]-(10/22) Loss: 0.9048, Acc(1): 50.00, Acc(5): 100.00
2023-06-19 16:49:31,963 - AUGCON - INFO - Epoch [26/50]-(15/22) Loss: 0.7853, Acc(1): 50.00, Acc(5): 100.00
2023-06-19 16:49:31,963 - AUGCON - INFO - Epoch [26/50]-(20/22) Loss: 0.1500, Acc(1): 100.00, Acc(5): 100.00
2023-06-19 16:49:31,963 - AUGCON - INFO - 	Validation Loss: 0.6419, Acc(1): 73.00, Acc(5): 99.00, F1: 0.18, Recall: 0.19, Precision: 0.16
2023-06-19 16:49:31,963 - AUGCON - INFO - Epoch [27/50]-(0/22) Loss: 0.9053, Acc(1): 50.00, Acc(5): 100.00
2023-06-19 16:49:31,963 - AUGCON - INFO - Epoch [27/50]-(5/22) Loss: 0.4282, Acc(1): 100.00, Acc(5): 100.00
2023-06-19 16:49:31,963 - AUGCON - INFO - Epoch [27/50]-(10/22) Loss: 0.2259, Acc(1): 100.00, Acc(5): 100.00
2023-06-19 16:49:31,963 - AUGCON - INFO - Epoch [27/50]-(15/22) Loss: 0.3527, Acc(1): 100.00, Acc(5): 100.00
2023-06-19 16:49:31,963 - AUGCON - INFO - Epoch [27/50]-(20/22) Loss: 0.2484, Acc(1): 100.00, Acc(5): 100.00
2023-06-19 16:49:31,963 - AUGCON - INFO - 	Validation Loss: 0.6283, Acc(1): 75.00, Acc(5): 100.00, F1: 0.18, Recall: 0.19, Precision: 0.17
2023-06-19 16:49:31,964 - AUGCON - INFO - Epoch [28/50]-(0/22) Loss: 0.7256, Acc(1): 75.00, Acc(5): 100.00
2023-06-19 16:49:31,964 - AUGCON - INFO - Epoch [28/50]-(5/22) Loss: 0.7950, Acc(1): 75.00, Acc(5): 100.00
2023-06-19 16:49:31,964 - AUGCON - INFO - Epoch [28/50]-(10/22) Loss: 0.6423, Acc(1): 100.00, Acc(5): 100.00
2023-06-19 16:49:31,964 - AUGCON - INFO - Epoch [28/50]-(15/22) Loss: 0.2330, Acc(1): 100.00, Acc(5): 100.00
2023-06-19 16:49:31,964 - AUGCON - INFO - Epoch [28/50]-(20/22) Loss: 0.6852, Acc(1): 75.00, Acc(5): 100.00
2023-06-19 16:49:31,964 - AUGCON - INFO - 	Validation Loss: 0.6211, Acc(1): 76.00, Acc(5): 99.00, F1: 0.18, Recall: 0.19, Precision: 0.18
2023-06-19 16:49:31,964 - AUGCON - INFO - Epoch [29/50]-(0/22) Loss: 0.7320, Acc(1): 50.00, Acc(5): 100.00
2023-06-19 16:49:31,964 - AUGCON - INFO - Epoch [29/50]-(5/22) Loss: 1.1238, Acc(1): 75.00, Acc(5): 100.00
2023-06-19 16:49:31,964 - AUGCON - INFO - Epoch [29/50]-(10/22) Loss: 0.1271, Acc(1): 100.00, Acc(5): 100.00
2023-06-19 16:49:31,964 - AUGCON - INFO - Epoch [29/50]-(15/22) Loss: 1.0929, Acc(1): 50.00, Acc(5): 100.00
2023-06-19 16:49:31,964 - AUGCON - INFO - Epoch [29/50]-(20/22) Loss: 0.4836, Acc(1): 100.00, Acc(5): 100.00
2023-06-19 16:49:31,964 - AUGCON - INFO - 	Validation Loss: 0.6388, Acc(1): 73.00, Acc(5): 99.00, F1: 0.18, Recall: 0.19, Precision: 0.17
2023-06-19 16:49:31,964 - AUGCON - INFO - Epoch [30/50]-(0/22) Loss: 0.3198, Acc(1): 100.00, Acc(5): 100.00
2023-06-19 16:49:31,965 - AUGCON - INFO - Epoch [30/50]-(5/22) Loss: 0.6059, Acc(1): 100.00, Acc(5): 100.00
2023-06-19 16:49:31,965 - AUGCON - INFO - Epoch [30/50]-(10/22) Loss: 0.9924, Acc(1): 75.00, Acc(5): 100.00
2023-06-19 16:49:31,965 - AUGCON - INFO - Epoch [30/50]-(15/22) Loss: 0.6807, Acc(1): 75.00, Acc(5): 100.00
2023-06-19 16:49:31,965 - AUGCON - INFO - Epoch [30/50]-(20/22) Loss: 0.4446, Acc(1): 75.00, Acc(5): 100.00
2023-06-19 16:49:31,965 - AUGCON - INFO - 	Validation Loss: 0.6108, Acc(1): 73.00, Acc(5): 99.00, F1: 0.18, Recall: 0.19, Precision: 0.17
2023-06-19 16:49:31,965 - AUGCON - INFO - Epoch [31/50]-(0/22) Loss: 0.9691, Acc(1): 75.00, Acc(5): 100.00
2023-06-19 16:49:31,965 - AUGCON - INFO - Epoch [31/50]-(5/22) Loss: 0.4522, Acc(1): 75.00, Acc(5): 100.00
2023-06-19 16:49:31,965 - AUGCON - INFO - Epoch [31/50]-(10/22) Loss: 0.2769, Acc(1): 100.00, Acc(5): 100.00
2023-06-19 16:49:31,965 - AUGCON - INFO - Epoch [31/50]-(15/22) Loss: 0.8623, Acc(1): 50.00, Acc(5): 100.00
2023-06-19 16:49:31,965 - AUGCON - INFO - Epoch [31/50]-(20/22) Loss: 0.6670, Acc(1): 75.00, Acc(5): 100.00
2023-06-19 16:49:31,965 - AUGCON - INFO - 	Validation Loss: 0.6381, Acc(1): 74.00, Acc(5): 99.00, F1: 0.18, Recall: 0.19, Precision: 0.17
2023-06-19 16:49:31,965 - AUGCON - INFO - Epoch [32/50]-(0/22) Loss: 0.2699, Acc(1): 100.00, Acc(5): 100.00
2023-06-19 16:49:31,965 - AUGCON - INFO - Epoch [32/50]-(5/22) Loss: 0.3362, Acc(1): 100.00, Acc(5): 100.00
2023-06-19 16:49:31,965 - AUGCON - INFO - Epoch [32/50]-(10/22) Loss: 0.2067, Acc(1): 100.00, Acc(5): 100.00
2023-06-19 16:49:31,966 - AUGCON - INFO - Epoch [32/50]-(15/22) Loss: 0.4478, Acc(1): 75.00, Acc(5): 100.00
2023-06-19 16:49:31,966 - AUGCON - INFO - Epoch [32/50]-(20/22) Loss: 0.3228, Acc(1): 100.00, Acc(5): 100.00
2023-06-19 16:49:31,966 - AUGCON - INFO - 	Validation Loss: 0.6060, Acc(1): 79.00, Acc(5): 99.00, F1: 0.19, Recall: 0.20, Precision: 0.18
2023-06-19 16:49:31,966 - AUGCON - INFO - Epoch [33/50]-(0/22) Loss: 0.6462, Acc(1): 100.00, Acc(5): 100.00
2023-06-19 16:49:31,966 - AUGCON - INFO - Epoch [33/50]-(5/22) Loss: 0.6371, Acc(1): 75.00, Acc(5): 100.00
2023-06-19 16:49:31,966 - AUGCON - INFO - Epoch [33/50]-(10/22) Loss: 0.1280, Acc(1): 100.00, Acc(5): 100.00
2023-06-19 16:49:31,966 - AUGCON - INFO - Epoch [33/50]-(15/22) Loss: 0.8501, Acc(1): 50.00, Acc(5): 100.00
2023-06-19 16:49:31,966 - AUGCON - INFO - Epoch [33/50]-(20/22) Loss: 0.5935, Acc(1): 75.00, Acc(5): 100.00
2023-06-19 16:49:31,966 - AUGCON - INFO - 	Validation Loss: 0.6015, Acc(1): 74.00, Acc(5): 100.00, F1: 0.18, Recall: 0.19, Precision: 0.17
2023-06-19 16:49:31,966 - AUGCON - INFO - Epoch [34/50]-(0/22) Loss: 0.1962, Acc(1): 100.00, Acc(5): 100.00
2023-06-19 16:49:31,966 - AUGCON - INFO - Epoch [34/50]-(5/22) Loss: 0.7452, Acc(1): 75.00, Acc(5): 100.00
2023-06-19 16:49:31,966 - AUGCON - INFO - Epoch [34/50]-(10/22) Loss: 0.6343, Acc(1): 100.00, Acc(5): 100.00
2023-06-19 16:49:31,966 - AUGCON - INFO - Epoch [34/50]-(15/22) Loss: 0.4418, Acc(1): 75.00, Acc(5): 100.00
2023-06-19 16:49:31,966 - AUGCON - INFO - Epoch [34/50]-(20/22) Loss: 0.4919, Acc(1): 100.00, Acc(5): 100.00
2023-06-19 16:49:31,967 - AUGCON - INFO - 	Validation Loss: 0.5992, Acc(1): 75.00, Acc(5): 99.00, F1: 0.18, Recall: 0.19, Precision: 0.17
2023-06-19 16:49:31,967 - AUGCON - INFO - Epoch [35/50]-(0/22) Loss: 0.3013, Acc(1): 100.00, Acc(5): 100.00
2023-06-19 16:49:31,967 - AUGCON - INFO - Epoch [35/50]-(5/22) Loss: 1.0849, Acc(1): 50.00, Acc(5): 100.00
2023-06-19 16:49:31,967 - AUGCON - INFO - Epoch [35/50]-(10/22) Loss: 0.2068, Acc(1): 100.00, Acc(5): 100.00
2023-06-19 16:49:31,967 - AUGCON - INFO - Epoch [35/50]-(15/22) Loss: 0.6258, Acc(1): 50.00, Acc(5): 100.00
2023-06-19 16:49:31,967 - AUGCON - INFO - Epoch [35/50]-(20/22) Loss: 0.6381, Acc(1): 75.00, Acc(5): 100.00
2023-06-19 16:49:31,967 - AUGCON - INFO - 	Validation Loss: 0.6124, Acc(1): 74.00, Acc(5): 100.00, F1: 0.18, Recall: 0.19, Precision: 0.17
2023-06-19 16:49:31,967 - AUGCON - INFO - Epoch [36/50]-(0/22) Loss: 0.1284, Acc(1): 100.00, Acc(5): 100.00
2023-06-19 16:49:31,967 - AUGCON - INFO - Epoch [36/50]-(5/22) Loss: 0.7321, Acc(1): 75.00, Acc(5): 100.00
2023-06-19 16:49:31,967 - AUGCON - INFO - Epoch [36/50]-(10/22) Loss: 0.7000, Acc(1): 75.00, Acc(5): 100.00
2023-06-19 16:49:31,967 - AUGCON - INFO - Epoch [36/50]-(15/22) Loss: 0.6171, Acc(1): 50.00, Acc(5): 100.00
2023-06-19 16:49:31,967 - AUGCON - INFO - Epoch [36/50]-(20/22) Loss: 0.4264, Acc(1): 100.00, Acc(5): 100.00
2023-06-19 16:49:31,967 - AUGCON - INFO - 	Validation Loss: 0.5804, Acc(1): 79.00, Acc(5): 99.00, F1: 0.19, Recall: 0.20, Precision: 0.18
2023-06-19 16:49:31,968 - AUGCON - INFO - Epoch [37/50]-(0/22) Loss: 0.5023, Acc(1): 100.00, Acc(5): 100.00
2023-06-19 16:49:31,968 - AUGCON - INFO - Epoch [37/50]-(5/22) Loss: 0.1958, Acc(1): 100.00, Acc(5): 100.00
2023-06-19 16:49:31,968 - AUGCON - INFO - Epoch [37/50]-(10/22) Loss: 1.0506, Acc(1): 50.00, Acc(5): 100.00
2023-06-19 16:49:31,968 - AUGCON - INFO - Epoch [37/50]-(15/22) Loss: 0.4288, Acc(1): 100.00, Acc(5): 100.00
2023-06-19 16:49:31,968 - AUGCON - INFO - Epoch [37/50]-(20/22) Loss: 0.2688, Acc(1): 100.00, Acc(5): 100.00
2023-06-19 16:49:31,968 - AUGCON - INFO - 	Validation Loss: 0.5904, Acc(1): 80.00, Acc(5): 99.00, F1: 0.19, Recall: 0.20, Precision: 0.18
2023-06-19 16:49:31,968 - AUGCON - INFO - Epoch [38/50]-(0/22) Loss: 0.3489, Acc(1): 75.00, Acc(5): 100.00
2023-06-19 16:49:31,968 - AUGCON - INFO - Epoch [38/50]-(5/22) Loss: 0.5847, Acc(1): 75.00, Acc(5): 100.00
2023-06-19 16:49:31,968 - AUGCON - INFO - Epoch [38/50]-(10/22) Loss: 0.2357, Acc(1): 100.00, Acc(5): 100.00
2023-06-19 16:49:31,968 - AUGCON - INFO - Epoch [38/50]-(15/22) Loss: 0.8281, Acc(1): 75.00, Acc(5): 100.00
2023-06-19 16:49:31,968 - AUGCON - INFO - Epoch [38/50]-(20/22) Loss: 0.7331, Acc(1): 75.00, Acc(5): 100.00
2023-06-19 16:49:31,968 - AUGCON - INFO - 	Validation Loss: 0.5497, Acc(1): 78.00, Acc(5): 100.00, F1: 0.18, Recall: 0.19, Precision: 0.18
2023-06-19 16:49:31,968 - AUGCON - INFO - Epoch [39/50]-(0/22) Loss: 0.2287, Acc(1): 100.00, Acc(5): 100.00
2023-06-19 16:49:31,968 - AUGCON - INFO - Epoch [39/50]-(5/22) Loss: 0.2350, Acc(1): 100.00, Acc(5): 100.00
2023-06-19 16:49:31,969 - AUGCON - INFO - Epoch [39/50]-(10/22) Loss: 0.3560, Acc(1): 100.00, Acc(5): 100.00
2023-06-19 16:49:31,969 - AUGCON - INFO - Epoch [39/50]-(15/22) Loss: 0.5963, Acc(1): 75.00, Acc(5): 100.00
2023-06-19 16:49:31,969 - AUGCON - INFO - Epoch [39/50]-(20/22) Loss: 0.7310, Acc(1): 50.00, Acc(5): 100.00
2023-06-19 16:49:31,969 - AUGCON - INFO - 	Validation Loss: 0.5573, Acc(1): 80.00, Acc(5): 100.00, F1: 0.19, Recall: 0.19, Precision: 0.19
2023-06-19 16:49:31,969 - AUGCON - INFO - Epoch [40/50]-(0/22) Loss: 0.7483, Acc(1): 75.00, Acc(5): 100.00
2023-06-19 16:49:31,969 - AUGCON - INFO - Epoch [40/50]-(5/22) Loss: 0.4871, Acc(1): 100.00, Acc(5): 100.00
2023-06-19 16:49:31,969 - AUGCON - INFO - Epoch [40/50]-(10/22) Loss: 0.3410, Acc(1): 75.00, Acc(5): 100.00
2023-06-19 16:49:31,969 - AUGCON - INFO - Epoch [40/50]-(15/22) Loss: 0.2513, Acc(1): 100.00, Acc(5): 100.00
2023-06-19 16:49:31,969 - AUGCON - INFO - Epoch [40/50]-(20/22) Loss: 0.6834, Acc(1): 75.00, Acc(5): 100.00
2023-06-19 16:49:31,969 - AUGCON - INFO - 	Validation Loss: 0.5816, Acc(1): 77.00, Acc(5): 99.00, F1: 0.18, Recall: 0.20, Precision: 0.17
2023-06-19 16:49:31,969 - AUGCON - INFO - Epoch [41/50]-(0/22) Loss: 0.8343, Acc(1): 75.00, Acc(5): 100.00
2023-06-19 16:49:31,969 - AUGCON - INFO - Epoch [41/50]-(5/22) Loss: 0.2882, Acc(1): 100.00, Acc(5): 100.00
2023-06-19 16:49:31,969 - AUGCON - INFO - Epoch [41/50]-(10/22) Loss: 1.0775, Acc(1): 50.00, Acc(5): 100.00
2023-06-19 16:49:31,970 - AUGCON - INFO - Epoch [41/50]-(15/22) Loss: 0.5170, Acc(1): 100.00, Acc(5): 100.00
2023-06-19 16:49:31,970 - AUGCON - INFO - Epoch [41/50]-(20/22) Loss: 0.4186, Acc(1): 100.00, Acc(5): 100.00
2023-06-19 16:49:31,970 - AUGCON - INFO - 	Validation Loss: 0.5708, Acc(1): 75.00, Acc(5): 99.00, F1: 0.18, Recall: 0.19, Precision: 0.17
2023-06-19 16:49:31,970 - AUGCON - INFO - Epoch [42/50]-(0/22) Loss: 0.7207, Acc(1): 50.00, Acc(5): 100.00
2023-06-19 16:49:31,970 - AUGCON - INFO - Epoch [42/50]-(5/22) Loss: 0.7625, Acc(1): 50.00, Acc(5): 100.00
2023-06-19 16:49:31,970 - AUGCON - INFO - Epoch [42/50]-(10/22) Loss: 0.4673, Acc(1): 75.00, Acc(5): 100.00
2023-06-19 16:49:31,970 - AUGCON - INFO - Epoch [42/50]-(15/22) Loss: 0.1703, Acc(1): 100.00, Acc(5): 100.00
2023-06-19 16:49:31,970 - AUGCON - INFO - Epoch [42/50]-(20/22) Loss: 0.2779, Acc(1): 100.00, Acc(5): 100.00
2023-06-19 16:49:31,970 - AUGCON - INFO - 	Validation Loss: 0.5399, Acc(1): 81.00, Acc(5): 99.00, F1: 0.20, Recall: 0.20, Precision: 0.19
2023-06-19 16:49:31,970 - AUGCON - INFO - Epoch [43/50]-(0/22) Loss: 0.4959, Acc(1): 75.00, Acc(5): 100.00
2023-06-19 16:49:31,970 - AUGCON - INFO - Epoch [43/50]-(5/22) Loss: 0.7293, Acc(1): 75.00, Acc(5): 100.00
2023-06-19 16:49:31,970 - AUGCON - INFO - Epoch [43/50]-(10/22) Loss: 0.0904, Acc(1): 100.00, Acc(5): 100.00
2023-06-19 16:49:31,970 - AUGCON - INFO - Epoch [43/50]-(15/22) Loss: 0.3908, Acc(1): 75.00, Acc(5): 100.00
2023-06-19 16:49:31,970 - AUGCON - INFO - Epoch [43/50]-(20/22) Loss: 0.5916, Acc(1): 75.00, Acc(5): 100.00
2023-06-19 16:49:31,971 - AUGCON - INFO - 	Validation Loss: 0.5883, Acc(1): 76.00, Acc(5): 99.00, F1: 0.18, Recall: 0.19, Precision: 0.18
2023-06-19 16:49:31,971 - AUGCON - INFO - Epoch [44/50]-(0/22) Loss: 0.3995, Acc(1): 100.00, Acc(5): 100.00
2023-06-19 16:49:31,971 - AUGCON - INFO - Epoch [44/50]-(5/22) Loss: 0.2212, Acc(1): 100.00, Acc(5): 100.00
2023-06-19 16:49:31,971 - AUGCON - INFO - Epoch [44/50]-(10/22) Loss: 0.4466, Acc(1): 75.00, Acc(5): 100.00
2023-06-19 16:49:31,971 - AUGCON - INFO - Epoch [44/50]-(15/22) Loss: 0.6969, Acc(1): 75.00, Acc(5): 100.00
2023-06-19 16:49:31,971 - AUGCON - INFO - Epoch [44/50]-(20/22) Loss: 0.4883, Acc(1): 75.00, Acc(5): 100.00
2023-06-19 16:49:31,971 - AUGCON - INFO - 	Validation Loss: 0.5862, Acc(1): 80.00, Acc(5): 100.00, F1: 0.20, Recall: 0.21, Precision: 0.19
2023-06-19 16:49:31,971 - AUGCON - INFO - Epoch [45/50]-(0/22) Loss: 0.6070, Acc(1): 75.00, Acc(5): 100.00
2023-06-19 16:49:31,971 - AUGCON - INFO - Epoch [45/50]-(5/22) Loss: 0.3500, Acc(1): 100.00, Acc(5): 100.00
2023-06-19 16:49:31,971 - AUGCON - INFO - Epoch [45/50]-(10/22) Loss: 0.9072, Acc(1): 50.00, Acc(5): 100.00
2023-06-19 16:49:31,971 - AUGCON - INFO - Epoch [45/50]-(15/22) Loss: 0.4674, Acc(1): 75.00, Acc(5): 100.00
2023-06-19 16:49:31,971 - AUGCON - INFO - Epoch [45/50]-(20/22) Loss: 0.2955, Acc(1): 100.00, Acc(5): 100.00
2023-06-19 16:49:31,971 - AUGCON - INFO - 	Validation Loss: 0.5292, Acc(1): 80.00, Acc(5): 100.00, F1: 0.19, Recall: 0.20, Precision: 0.19
2023-06-19 16:49:31,972 - AUGCON - INFO - Epoch [46/50]-(0/22) Loss: 0.6095, Acc(1): 75.00, Acc(5): 100.00
2023-06-19 16:49:31,972 - AUGCON - INFO - Epoch [46/50]-(5/22) Loss: 0.4946, Acc(1): 75.00, Acc(5): 100.00
2023-06-19 16:49:31,972 - AUGCON - INFO - Epoch [46/50]-(10/22) Loss: 0.5865, Acc(1): 75.00, Acc(5): 100.00
2023-06-19 16:49:31,972 - AUGCON - INFO - Epoch [46/50]-(15/22) Loss: 0.2238, Acc(1): 100.00, Acc(5): 100.00
2023-06-19 16:49:31,972 - AUGCON - INFO - Epoch [46/50]-(20/22) Loss: 0.5709, Acc(1): 75.00, Acc(5): 100.00
2023-06-19 16:49:31,972 - AUGCON - INFO - 	Validation Loss: 0.5581, Acc(1): 75.00, Acc(5): 99.00, F1: 0.18, Recall: 0.19, Precision: 0.17
2023-06-19 16:49:31,972 - AUGCON - INFO - Epoch [47/50]-(0/22) Loss: 0.3217, Acc(1): 75.00, Acc(5): 100.00
2023-06-19 16:49:31,972 - AUGCON - INFO - Epoch [47/50]-(5/22) Loss: 0.2632, Acc(1): 100.00, Acc(5): 100.00
2023-06-19 16:49:31,972 - AUGCON - INFO - Epoch [47/50]-(10/22) Loss: 0.1697, Acc(1): 100.00, Acc(5): 100.00
2023-06-19 16:49:31,972 - AUGCON - INFO - Epoch [47/50]-(15/22) Loss: 0.2763, Acc(1): 100.00, Acc(5): 100.00
2023-06-19 16:49:31,972 - AUGCON - INFO - Epoch [47/50]-(20/22) Loss: 0.9038, Acc(1): 75.00, Acc(5): 100.00
2023-06-19 16:49:31,972 - AUGCON - INFO - 	Validation Loss: 0.5283, Acc(1): 86.00, Acc(5): 99.00, F1: 0.21, Recall: 0.22, Precision: 0.21
2023-06-19 16:49:31,972 - AUGCON - INFO - Epoch [48/50]-(0/22) Loss: 0.4252, Acc(1): 100.00, Acc(5): 100.00
2023-06-19 16:49:31,972 - AUGCON - INFO - Epoch [48/50]-(5/22) Loss: 0.3753, Acc(1): 75.00, Acc(5): 100.00
2023-06-19 16:49:31,973 - AUGCON - INFO - Epoch [48/50]-(10/22) Loss: 0.3370, Acc(1): 100.00, Acc(5): 100.00
2023-06-19 16:49:31,973 - AUGCON - INFO - Epoch [48/50]-(15/22) Loss: 0.1468, Acc(1): 100.00, Acc(5): 100.00
2023-06-19 16:49:31,973 - AUGCON - INFO - Epoch [48/50]-(20/22) Loss: 0.8504, Acc(1): 50.00, Acc(5): 100.00
2023-06-19 16:49:31,973 - AUGCON - INFO - 	Validation Loss: 0.5316, Acc(1): 82.00, Acc(5): 100.00, F1: 0.20, Recall: 0.21, Precision: 0.19
2023-06-19 16:49:31,973 - AUGCON - INFO - Epoch [49/50]-(0/22) Loss: 0.4079, Acc(1): 100.00, Acc(5): 100.00
2023-06-19 16:49:31,973 - AUGCON - INFO - Epoch [49/50]-(5/22) Loss: 0.2267, Acc(1): 100.00, Acc(5): 100.00
2023-06-19 16:49:31,973 - AUGCON - INFO - Epoch [49/50]-(10/22) Loss: 0.3350, Acc(1): 100.00, Acc(5): 100.00
2023-06-19 16:49:31,973 - AUGCON - INFO - Epoch [49/50]-(15/22) Loss: 0.2088, Acc(1): 100.00, Acc(5): 100.00
2023-06-19 16:49:31,973 - AUGCON - INFO - Epoch [49/50]-(20/22) Loss: 0.9355, Acc(1): 50.00, Acc(5): 100.00
2023-06-19 16:49:31,973 - AUGCON - INFO - 	Validation Loss: 0.5651, Acc(1): 77.00, Acc(5): 100.00, F1: 0.19, Recall: 0.20, Precision: 0.18
2023-06-19 16:49:31,973 - AUGCON - INFO - Epoch [50/50]-(0/22) Loss: 0.3730, Acc(1): 75.00, Acc(5): 100.00
2023-06-19 16:49:31,973 - AUGCON - INFO - Epoch [50/50]-(5/22) Loss: 0.7304, Acc(1): 75.00, Acc(5): 100.00
2023-06-19 16:49:31,973 - AUGCON - INFO - Epoch [50/50]-(10/22) Loss: 0.6881, Acc(1): 75.00, Acc(5): 100.00
2023-06-19 16:49:31,974 - AUGCON - INFO - Epoch [50/50]-(15/22) Loss: 0.6332, Acc(1): 100.00, Acc(5): 100.00
2023-06-19 16:49:31,974 - AUGCON - INFO - Epoch [50/50]-(20/22) Loss: 0.4628, Acc(1): 75.00, Acc(5): 100.00
2023-06-19 16:49:31,974 - AUGCON - INFO - 	Validation Loss: 0.5461, Acc(1): 81.00, Acc(5): 99.00, F1: 0.20, Recall: 0.21, Precision: 0.19
2023-06-19 16:49:31,974 - AUGCON - INFO - 	Validation Loss: 0.5057, Acc(1): 82.67, Acc(5): 100.00, F1: 0.21, Recall: 0.20, Precision: 0.21
