2023-06-19 16:47:58,106 - AUGCON - INFO - logger initialized (/home/hjyoon/projects/augcon/config/exp0/finetune_da_true/without_target_domain_WA4697-jhryu/metacpc_random_8421/tgt_target_domain_PH0012-thanh_seed0.yaml.log)
2023-06-19 16:47:58,106 - AUGCON - INFO - ================= Config =================
2023-06-19 16:47:58,106 - AUGCON - INFO -   mode: finetune
2023-06-19 16:47:58,106 - AUGCON - INFO -   seed: 0
2023-06-19 16:47:58,106 - AUGCON - INFO -   gpu: [1]
2023-06-19 16:47:58,106 - AUGCON - INFO -   num_workers: 1
2023-06-19 16:47:58,106 - AUGCON - INFO -   dist_url: tcp://localhost:10001
2023-06-19 16:47:58,106 - AUGCON - INFO -   dataset_name: ichar
2023-06-19 16:47:58,106 - AUGCON - INFO -   train_dataset_path: /mnt/sting/hjyoon/projects/cross/ICHAR/augcon/target_domain_PH0012-thanh/finetune/10shot/target/train.pkl
2023-06-19 16:47:58,106 - AUGCON - INFO -   test_dataset_path: /mnt/sting/hjyoon/projects/cross/ICHAR/augcon/target_domain_PH0012-thanh/finetune/10shot/target/test.pkl
2023-06-19 16:47:58,106 - AUGCON - INFO -   val_dataset_path: /mnt/sting/hjyoon/projects/cross/ICHAR/augcon/target_domain_PH0012-thanh/finetune/10shot/target/val.pkl
2023-06-19 16:47:58,106 - AUGCON - INFO -   input_channels: 3
2023-06-19 16:47:58,106 - AUGCON - INFO -   num_cls: 9
2023-06-19 16:47:58,106 - AUGCON - INFO -   optimizer: adam
2023-06-19 16:47:58,106 - AUGCON - INFO -   criterion: crossentropy
2023-06-19 16:47:58,106 - AUGCON - INFO -   start_epoch: 0
2023-06-19 16:47:58,106 - AUGCON - INFO -   epochs: 50
2023-06-19 16:47:58,106 - AUGCON - INFO -   batch_size: 4
2023-06-19 16:47:58,106 - AUGCON - INFO -   lr: 0.001
2023-06-19 16:47:58,106 - AUGCON - INFO -   wd: 0.0
2023-06-19 16:47:58,106 - AUGCON - INFO -   resume: 
2023-06-19 16:47:58,106 - AUGCON - INFO -   pretrained: /mnt/sting/hjyoon/projects/augcontrast/models/exp0/pretrain/without_target_domain_WA4697-jhryu/metacpc_random_8421/checkpoint_0999.pth.tar
2023-06-19 16:47:58,107 - AUGCON - INFO -   ckpt_dir: /mnt/sting/hjyoon/projects/augcontrast/models/exp0/finetune_da_true/without_target_domain_WA4697-jhryu/metacpc_random_8421/tgt_target_domain_PH0012-thanh_seed0
2023-06-19 16:47:58,107 - AUGCON - INFO -   log_freq: 5
2023-06-19 16:47:58,107 - AUGCON - INFO -   save_freq: 10
2023-06-19 16:47:58,107 - AUGCON - INFO -   pretext: metacpc
2023-06-19 16:47:58,107 - AUGCON - INFO -   enc_blocks: 4
2023-06-19 16:47:58,107 - AUGCON - INFO -   kernel_sizes: [8, 4, 2, 1]
2023-06-19 16:47:58,107 - AUGCON - INFO -   strides: [4, 2, 1, 1]
2023-06-19 16:47:58,107 - AUGCON - INFO -   agg_blocks: 5
2023-06-19 16:47:58,107 - AUGCON - INFO -   z_dim: 256
2023-06-19 16:47:58,107 - AUGCON - INFO -   pooling: mean
2023-06-19 16:47:58,107 - AUGCON - INFO -   pred_steps: 12
2023-06-19 16:47:58,107 - AUGCON - INFO -   n_negatives: 15
2023-06-19 16:47:58,107 - AUGCON - INFO -   offset: 4
2023-06-19 16:47:58,107 - AUGCON - INFO -   domain_adaptation: True
2023-06-19 16:47:58,107 - AUGCON - INFO -   task_steps: 10
2023-06-19 16:47:58,107 - AUGCON - INFO -   task_lr: 0.001
2023-06-19 16:47:58,107 - AUGCON - INFO -   reg_lambda: 0
2023-06-19 16:47:58,107 - AUGCON - INFO -   mlp: False
2023-06-19 16:47:58,107 - AUGCON - INFO -   freeze: True
2023-06-19 16:47:58,107 - AUGCON - INFO -   no_vars: False
2023-06-19 16:47:58,107 - AUGCON - INFO - ==========================================
2023-06-19 16:47:58,107 - AUGCON - INFO - Setting GPUs: [1]
2023-06-19 16:47:58,107 - AUGCON - INFO - GPUs [1] will be used
2023-06-19 16:47:58,108 - AUGCON - WARNING - You have chosen to seed training. 
2023-06-19 16:47:58,108 - AUGCON - WARNING - This will turn on the CUDNN deterministic setting, 
2023-06-19 16:47:58,108 - AUGCON - WARNING - which can slow down your training considerably! 
2023-06-19 16:47:58,108 - AUGCON - WARNING - You may see unexpected behavior when restarting 
2023-06-19 16:47:58,108 - AUGCON - WARNING - from checkpoints.
2023-06-19 16:47:58,136 - AUGCON - INFO - Executing MetaCPC
2023-06-19 16:47:58,137 - AUGCON - INFO - Logs are skipped during training
2023-06-19 16:48:15,878 - AUGCON - INFO - Single GPU is used for training - training 90 instances for each worker
2023-06-19 16:48:15,879 - AUGCON - INFO - Loading pretrained model from checkpoint - /mnt/sting/hjyoon/projects/augcontrast/models/exp0/pretrain/without_target_domain_WA4697-jhryu/metacpc_random_8421/checkpoint_0999.pth.tar
2023-06-19 16:48:15,879 - AUGCON - INFO - Missing keys: []
2023-06-19 16:48:15,879 - AUGCON - INFO - Perform domain adaptation step
2023-06-19 16:48:15,880 - AUGCON - INFO - 	meta-train [0/10] Loss: 3.8413, Acc(1): 16.58, Acc(5): 56.01
2023-06-19 16:48:15,880 - AUGCON - INFO - 	meta-train [1/10] Loss: 2.2250, Acc(1): 25.34, Acc(5): 70.43
2023-06-19 16:48:15,880 - AUGCON - INFO - 	meta-train [2/10] Loss: 1.8145, Acc(1): 33.71, Acc(5): 82.32
2023-06-19 16:48:15,880 - AUGCON - INFO - 	meta-train [3/10] Loss: 1.5347, Acc(1): 42.40, Acc(5): 90.29
2023-06-19 16:48:15,881 - AUGCON - INFO - 	meta-train [4/10] Loss: 1.1955, Acc(1): 51.63, Acc(5): 95.82
2023-06-19 16:48:15,881 - AUGCON - INFO - 	meta-train [5/10] Loss: 1.1423, Acc(1): 53.07, Acc(5): 97.14
2023-06-19 16:48:15,881 - AUGCON - INFO - 	meta-train [6/10] Loss: 1.1405, Acc(1): 53.95, Acc(5): 96.90
2023-06-19 16:48:15,881 - AUGCON - INFO - 	meta-train [7/10] Loss: 1.1553, Acc(1): 54.29, Acc(5): 96.76
2023-06-19 16:48:15,882 - AUGCON - INFO - 	meta-train [8/10] Loss: 1.1224, Acc(1): 53.90, Acc(5): 96.85
2023-06-19 16:48:15,882 - AUGCON - INFO - 	meta-train [9/10] Loss: 1.1345, Acc(1): 53.86, Acc(5): 96.95
2023-06-19 16:48:15,882 - AUGCON - INFO - Loading encoder parameters to the classifier
2023-06-19 16:48:15,882 - AUGCON - INFO - Missing keys: ['classifier.block.0.weight', 'classifier.block.0.bias']
2023-06-19 16:48:15,883 - AUGCON - INFO - Epoch [1/50]-(0/22) Loss: 1.9312, Acc(1): 0.00, Acc(5): 100.00
2023-06-19 16:48:15,883 - AUGCON - INFO - Epoch [1/50]-(5/22) Loss: 2.2340, Acc(1): 0.00, Acc(5): 50.00
2023-06-19 16:48:15,883 - AUGCON - INFO - Epoch [1/50]-(10/22) Loss: 2.4037, Acc(1): 0.00, Acc(5): 50.00
2023-06-19 16:48:15,883 - AUGCON - INFO - Epoch [1/50]-(15/22) Loss: 2.1116, Acc(1): 50.00, Acc(5): 75.00
2023-06-19 16:48:15,883 - AUGCON - INFO - Epoch [1/50]-(20/22) Loss: 2.0568, Acc(1): 0.00, Acc(5): 100.00
2023-06-19 16:48:15,884 - AUGCON - INFO - 	Validation Loss: 1.8747, Acc(1): 31.00, Acc(5): 98.00, F1: 0.07, Recall: 0.09, Precision: 0.06
2023-06-19 16:48:15,884 - AUGCON - INFO - Epoch [2/50]-(0/22) Loss: 1.9028, Acc(1): 25.00, Acc(5): 100.00
2023-06-19 16:48:15,884 - AUGCON - INFO - Epoch [2/50]-(5/22) Loss: 2.0334, Acc(1): 0.00, Acc(5): 100.00
2023-06-19 16:48:15,884 - AUGCON - INFO - Epoch [2/50]-(10/22) Loss: 1.9498, Acc(1): 25.00, Acc(5): 75.00
2023-06-19 16:48:15,884 - AUGCON - INFO - Epoch [2/50]-(15/22) Loss: 1.9525, Acc(1): 25.00, Acc(5): 75.00
2023-06-19 16:48:15,884 - AUGCON - INFO - Epoch [2/50]-(20/22) Loss: 1.7759, Acc(1): 50.00, Acc(5): 75.00
2023-06-19 16:48:15,884 - AUGCON - INFO - 	Validation Loss: 1.5880, Acc(1): 53.00, Acc(5): 96.00, F1: 0.13, Recall: 0.16, Precision: 0.11
2023-06-19 16:48:15,884 - AUGCON - INFO - Epoch [3/50]-(0/22) Loss: 1.5518, Acc(1): 50.00, Acc(5): 100.00
2023-06-19 16:48:15,884 - AUGCON - INFO - Epoch [3/50]-(5/22) Loss: 1.5253, Acc(1): 75.00, Acc(5): 100.00
2023-06-19 16:48:15,884 - AUGCON - INFO - Epoch [3/50]-(10/22) Loss: 1.6187, Acc(1): 25.00, Acc(5): 100.00
2023-06-19 16:48:15,884 - AUGCON - INFO - Epoch [3/50]-(15/22) Loss: 1.7005, Acc(1): 50.00, Acc(5): 100.00
2023-06-19 16:48:15,885 - AUGCON - INFO - Epoch [3/50]-(20/22) Loss: 1.5182, Acc(1): 50.00, Acc(5): 100.00
2023-06-19 16:48:15,885 - AUGCON - INFO - 	Validation Loss: 1.4325, Acc(1): 58.00, Acc(5): 96.00, F1: 0.15, Recall: 0.17, Precision: 0.13
2023-06-19 16:48:15,885 - AUGCON - INFO - Epoch [4/50]-(0/22) Loss: 1.5895, Acc(1): 50.00, Acc(5): 100.00
2023-06-19 16:48:15,885 - AUGCON - INFO - Epoch [4/50]-(5/22) Loss: 1.6091, Acc(1): 25.00, Acc(5): 100.00
2023-06-19 16:48:15,885 - AUGCON - INFO - Epoch [4/50]-(10/22) Loss: 1.0790, Acc(1): 100.00, Acc(5): 100.00
2023-06-19 16:48:15,885 - AUGCON - INFO - Epoch [4/50]-(15/22) Loss: 1.3799, Acc(1): 75.00, Acc(5): 100.00
2023-06-19 16:48:15,885 - AUGCON - INFO - Epoch [4/50]-(20/22) Loss: 1.2333, Acc(1): 100.00, Acc(5): 100.00
2023-06-19 16:48:15,885 - AUGCON - INFO - 	Validation Loss: 1.3064, Acc(1): 76.00, Acc(5): 97.00, F1: 0.20, Recall: 0.18, Precision: 0.22
2023-06-19 16:48:15,885 - AUGCON - INFO - Epoch [5/50]-(0/22) Loss: 1.4555, Acc(1): 75.00, Acc(5): 100.00
2023-06-19 16:48:15,885 - AUGCON - INFO - Epoch [5/50]-(5/22) Loss: 1.2318, Acc(1): 75.00, Acc(5): 100.00
2023-06-19 16:48:15,885 - AUGCON - INFO - Epoch [5/50]-(10/22) Loss: 1.0457, Acc(1): 100.00, Acc(5): 100.00
2023-06-19 16:48:15,886 - AUGCON - INFO - Epoch [5/50]-(15/22) Loss: 1.2112, Acc(1): 50.00, Acc(5): 100.00
2023-06-19 16:48:15,886 - AUGCON - INFO - Epoch [5/50]-(20/22) Loss: 1.2575, Acc(1): 50.00, Acc(5): 100.00
2023-06-19 16:48:15,886 - AUGCON - INFO - 	Validation Loss: 1.1745, Acc(1): 76.00, Acc(5): 96.00, F1: 0.19, Recall: 0.18, Precision: 0.21
2023-06-19 16:48:15,886 - AUGCON - INFO - Epoch [6/50]-(0/22) Loss: 0.9492, Acc(1): 75.00, Acc(5): 100.00
2023-06-19 16:48:15,886 - AUGCON - INFO - Epoch [6/50]-(5/22) Loss: 1.0666, Acc(1): 75.00, Acc(5): 100.00
2023-06-19 16:48:15,886 - AUGCON - INFO - Epoch [6/50]-(10/22) Loss: 1.5853, Acc(1): 25.00, Acc(5): 100.00
2023-06-19 16:48:15,886 - AUGCON - INFO - Epoch [6/50]-(15/22) Loss: 0.7472, Acc(1): 100.00, Acc(5): 100.00
2023-06-19 16:48:15,886 - AUGCON - INFO - Epoch [6/50]-(20/22) Loss: 0.9222, Acc(1): 75.00, Acc(5): 100.00
2023-06-19 16:48:15,886 - AUGCON - INFO - 	Validation Loss: 1.1288, Acc(1): 82.00, Acc(5): 96.00, F1: 0.20, Recall: 0.20, Precision: 0.20
2023-06-19 16:48:15,886 - AUGCON - INFO - Epoch [7/50]-(0/22) Loss: 1.4259, Acc(1): 50.00, Acc(5): 100.00
2023-06-19 16:48:15,886 - AUGCON - INFO - Epoch [7/50]-(5/22) Loss: 1.2737, Acc(1): 50.00, Acc(5): 100.00
2023-06-19 16:48:15,887 - AUGCON - INFO - Epoch [7/50]-(10/22) Loss: 1.5160, Acc(1): 50.00, Acc(5): 100.00
2023-06-19 16:48:15,887 - AUGCON - INFO - Epoch [7/50]-(15/22) Loss: 1.0609, Acc(1): 50.00, Acc(5): 100.00
2023-06-19 16:48:15,887 - AUGCON - INFO - Epoch [7/50]-(20/22) Loss: 0.9634, Acc(1): 50.00, Acc(5): 100.00
2023-06-19 16:48:15,887 - AUGCON - INFO - 	Validation Loss: 1.0723, Acc(1): 79.00, Acc(5): 96.00, F1: 0.19, Recall: 0.19, Precision: 0.19
2023-06-19 16:48:15,887 - AUGCON - INFO - Epoch [8/50]-(0/22) Loss: 0.5241, Acc(1): 100.00, Acc(5): 100.00
2023-06-19 16:48:15,887 - AUGCON - INFO - Epoch [8/50]-(5/22) Loss: 1.2712, Acc(1): 100.00, Acc(5): 100.00
2023-06-19 16:48:15,887 - AUGCON - INFO - Epoch [8/50]-(10/22) Loss: 1.2767, Acc(1): 50.00, Acc(5): 100.00
2023-06-19 16:48:15,887 - AUGCON - INFO - Epoch [8/50]-(15/22) Loss: 1.3053, Acc(1): 75.00, Acc(5): 100.00
2023-06-19 16:48:15,887 - AUGCON - INFO - Epoch [8/50]-(20/22) Loss: 1.2768, Acc(1): 25.00, Acc(5): 100.00
2023-06-19 16:48:15,887 - AUGCON - INFO - 	Validation Loss: 1.0269, Acc(1): 69.00, Acc(5): 96.00, F1: 0.17, Recall: 0.20, Precision: 0.14
2023-06-19 16:48:15,887 - AUGCON - INFO - Epoch [9/50]-(0/22) Loss: 0.8896, Acc(1): 75.00, Acc(5): 100.00
2023-06-19 16:48:15,887 - AUGCON - INFO - Epoch [9/50]-(5/22) Loss: 1.5201, Acc(1): 25.00, Acc(5): 100.00
2023-06-19 16:48:15,888 - AUGCON - INFO - Epoch [9/50]-(10/22) Loss: 0.9344, Acc(1): 50.00, Acc(5): 100.00
2023-06-19 16:48:15,888 - AUGCON - INFO - Epoch [9/50]-(15/22) Loss: 1.0559, Acc(1): 50.00, Acc(5): 100.00
2023-06-19 16:48:15,888 - AUGCON - INFO - Epoch [9/50]-(20/22) Loss: 0.8192, Acc(1): 75.00, Acc(5): 100.00
2023-06-19 16:48:15,888 - AUGCON - INFO - 	Validation Loss: 0.9830, Acc(1): 81.00, Acc(5): 96.00, F1: 0.20, Recall: 0.19, Precision: 0.20
2023-06-19 16:48:15,888 - AUGCON - INFO - Epoch [10/50]-(0/22) Loss: 1.0097, Acc(1): 100.00, Acc(5): 100.00
2023-06-19 16:48:15,888 - AUGCON - INFO - Epoch [10/50]-(5/22) Loss: 1.0593, Acc(1): 100.00, Acc(5): 100.00
2023-06-19 16:48:15,888 - AUGCON - INFO - Epoch [10/50]-(10/22) Loss: 0.9133, Acc(1): 50.00, Acc(5): 100.00
2023-06-19 16:48:15,888 - AUGCON - INFO - Epoch [10/50]-(15/22) Loss: 0.8782, Acc(1): 50.00, Acc(5): 100.00
2023-06-19 16:48:15,888 - AUGCON - INFO - Epoch [10/50]-(20/22) Loss: 1.1887, Acc(1): 50.00, Acc(5): 100.00
2023-06-19 16:48:15,888 - AUGCON - INFO - 	Validation Loss: 0.9316, Acc(1): 79.00, Acc(5): 96.00, F1: 0.19, Recall: 0.18, Precision: 0.20
2023-06-19 16:48:15,888 - AUGCON - INFO - Epoch [11/50]-(0/22) Loss: 0.8882, Acc(1): 75.00, Acc(5): 100.00
2023-06-19 16:48:15,889 - AUGCON - INFO - Epoch [11/50]-(5/22) Loss: 1.0066, Acc(1): 100.00, Acc(5): 100.00
2023-06-19 16:48:15,889 - AUGCON - INFO - Epoch [11/50]-(10/22) Loss: 1.0317, Acc(1): 75.00, Acc(5): 100.00
2023-06-19 16:48:15,889 - AUGCON - INFO - Epoch [11/50]-(15/22) Loss: 0.6730, Acc(1): 100.00, Acc(5): 100.00
2023-06-19 16:48:15,889 - AUGCON - INFO - Epoch [11/50]-(20/22) Loss: 0.7948, Acc(1): 50.00, Acc(5): 100.00
2023-06-19 16:48:15,889 - AUGCON - INFO - 	Validation Loss: 0.9047, Acc(1): 77.00, Acc(5): 96.00, F1: 0.20, Recall: 0.18, Precision: 0.23
2023-06-19 16:48:15,889 - AUGCON - INFO - Epoch [12/50]-(0/22) Loss: 0.7513, Acc(1): 75.00, Acc(5): 100.00
2023-06-19 16:48:15,889 - AUGCON - INFO - Epoch [12/50]-(5/22) Loss: 0.9575, Acc(1): 75.00, Acc(5): 100.00
2023-06-19 16:48:15,889 - AUGCON - INFO - Epoch [12/50]-(10/22) Loss: 0.8098, Acc(1): 75.00, Acc(5): 100.00
2023-06-19 16:48:15,889 - AUGCON - INFO - Epoch [12/50]-(15/22) Loss: 0.9613, Acc(1): 75.00, Acc(5): 100.00
2023-06-19 16:48:15,889 - AUGCON - INFO - Epoch [12/50]-(20/22) Loss: 1.1180, Acc(1): 75.00, Acc(5): 100.00
2023-06-19 16:48:15,889 - AUGCON - INFO - 	Validation Loss: 0.8820, Acc(1): 79.00, Acc(5): 96.00, F1: 0.19, Recall: 0.21, Precision: 0.17
2023-06-19 16:48:15,890 - AUGCON - INFO - Epoch [13/50]-(0/22) Loss: 0.8281, Acc(1): 75.00, Acc(5): 100.00
2023-06-19 16:48:15,890 - AUGCON - INFO - Epoch [13/50]-(5/22) Loss: 0.9956, Acc(1): 100.00, Acc(5): 100.00
2023-06-19 16:48:15,890 - AUGCON - INFO - Epoch [13/50]-(10/22) Loss: 1.5426, Acc(1): 0.00, Acc(5): 100.00
2023-06-19 16:48:15,890 - AUGCON - INFO - Epoch [13/50]-(15/22) Loss: 0.7872, Acc(1): 100.00, Acc(5): 100.00
2023-06-19 16:48:15,890 - AUGCON - INFO - Epoch [13/50]-(20/22) Loss: 0.9286, Acc(1): 50.00, Acc(5): 100.00
2023-06-19 16:48:15,890 - AUGCON - INFO - 	Validation Loss: 0.8461, Acc(1): 82.00, Acc(5): 96.00, F1: 0.20, Recall: 0.19, Precision: 0.21
2023-06-19 16:48:15,890 - AUGCON - INFO - Epoch [14/50]-(0/22) Loss: 0.7089, Acc(1): 100.00, Acc(5): 100.00
2023-06-19 16:48:15,890 - AUGCON - INFO - Epoch [14/50]-(5/22) Loss: 0.7464, Acc(1): 100.00, Acc(5): 100.00
2023-06-19 16:48:15,890 - AUGCON - INFO - Epoch [14/50]-(10/22) Loss: 0.7530, Acc(1): 75.00, Acc(5): 100.00
2023-06-19 16:48:15,890 - AUGCON - INFO - Epoch [14/50]-(15/22) Loss: 1.1665, Acc(1): 50.00, Acc(5): 100.00
2023-06-19 16:48:15,891 - AUGCON - INFO - Epoch [14/50]-(20/22) Loss: 0.7398, Acc(1): 75.00, Acc(5): 100.00
2023-06-19 16:48:15,891 - AUGCON - INFO - 	Validation Loss: 0.8269, Acc(1): 78.00, Acc(5): 96.00, F1: 0.19, Recall: 0.18, Precision: 0.21
2023-06-19 16:48:15,891 - AUGCON - INFO - Epoch [15/50]-(0/22) Loss: 0.5006, Acc(1): 100.00, Acc(5): 100.00
2023-06-19 16:48:15,891 - AUGCON - INFO - Epoch [15/50]-(5/22) Loss: 0.8687, Acc(1): 75.00, Acc(5): 100.00
2023-06-19 16:48:15,891 - AUGCON - INFO - Epoch [15/50]-(10/22) Loss: 0.6504, Acc(1): 100.00, Acc(5): 100.00
2023-06-19 16:48:15,891 - AUGCON - INFO - Epoch [15/50]-(15/22) Loss: 0.8965, Acc(1): 75.00, Acc(5): 100.00
2023-06-19 16:48:15,891 - AUGCON - INFO - Epoch [15/50]-(20/22) Loss: 0.8639, Acc(1): 75.00, Acc(5): 100.00
2023-06-19 16:48:15,891 - AUGCON - INFO - 	Validation Loss: 0.8323, Acc(1): 83.00, Acc(5): 96.00, F1: 0.19, Recall: 0.20, Precision: 0.19
2023-06-19 16:48:15,891 - AUGCON - INFO - Epoch [16/50]-(0/22) Loss: 0.5425, Acc(1): 100.00, Acc(5): 100.00
2023-06-19 16:48:15,891 - AUGCON - INFO - Epoch [16/50]-(5/22) Loss: 0.8706, Acc(1): 75.00, Acc(5): 100.00
2023-06-19 16:48:15,891 - AUGCON - INFO - Epoch [16/50]-(10/22) Loss: 0.5731, Acc(1): 75.00, Acc(5): 100.00
2023-06-19 16:48:15,892 - AUGCON - INFO - Epoch [16/50]-(15/22) Loss: 1.1314, Acc(1): 75.00, Acc(5): 100.00
2023-06-19 16:48:15,892 - AUGCON - INFO - Epoch [16/50]-(20/22) Loss: 0.7182, Acc(1): 75.00, Acc(5): 100.00
2023-06-19 16:48:15,892 - AUGCON - INFO - 	Validation Loss: 0.7903, Acc(1): 82.00, Acc(5): 96.00, F1: 0.20, Recall: 0.19, Precision: 0.20
2023-06-19 16:48:15,892 - AUGCON - INFO - Epoch [17/50]-(0/22) Loss: 0.3288, Acc(1): 100.00, Acc(5): 100.00
2023-06-19 16:48:15,892 - AUGCON - INFO - Epoch [17/50]-(5/22) Loss: 1.0723, Acc(1): 50.00, Acc(5): 100.00
2023-06-19 16:48:15,892 - AUGCON - INFO - Epoch [17/50]-(10/22) Loss: 0.4077, Acc(1): 75.00, Acc(5): 100.00
2023-06-19 16:48:15,892 - AUGCON - INFO - Epoch [17/50]-(15/22) Loss: 0.8328, Acc(1): 100.00, Acc(5): 100.00
2023-06-19 16:48:15,892 - AUGCON - INFO - Epoch [17/50]-(20/22) Loss: 0.9862, Acc(1): 75.00, Acc(5): 100.00
2023-06-19 16:48:15,892 - AUGCON - INFO - 	Validation Loss: 0.8130, Acc(1): 77.00, Acc(5): 96.00, F1: 0.18, Recall: 0.20, Precision: 0.17
2023-06-19 16:48:15,892 - AUGCON - INFO - Epoch [18/50]-(0/22) Loss: 0.7407, Acc(1): 75.00, Acc(5): 100.00
2023-06-19 16:48:15,892 - AUGCON - INFO - Epoch [18/50]-(5/22) Loss: 0.5057, Acc(1): 75.00, Acc(5): 100.00
2023-06-19 16:48:15,892 - AUGCON - INFO - Epoch [18/50]-(10/22) Loss: 0.7829, Acc(1): 50.00, Acc(5): 100.00
2023-06-19 16:48:15,893 - AUGCON - INFO - Epoch [18/50]-(15/22) Loss: 0.6226, Acc(1): 100.00, Acc(5): 100.00
2023-06-19 16:48:15,893 - AUGCON - INFO - Epoch [18/50]-(20/22) Loss: 0.5680, Acc(1): 100.00, Acc(5): 100.00
2023-06-19 16:48:15,893 - AUGCON - INFO - 	Validation Loss: 0.7881, Acc(1): 72.00, Acc(5): 96.00, F1: 0.17, Recall: 0.20, Precision: 0.15
2023-06-19 16:48:15,893 - AUGCON - INFO - Epoch [19/50]-(0/22) Loss: 0.4875, Acc(1): 100.00, Acc(5): 100.00
2023-06-19 16:48:15,893 - AUGCON - INFO - Epoch [19/50]-(5/22) Loss: 0.6266, Acc(1): 75.00, Acc(5): 100.00
2023-06-19 16:48:15,893 - AUGCON - INFO - Epoch [19/50]-(10/22) Loss: 0.3873, Acc(1): 100.00, Acc(5): 100.00
2023-06-19 16:48:15,893 - AUGCON - INFO - Epoch [19/50]-(15/22) Loss: 1.0408, Acc(1): 50.00, Acc(5): 100.00
2023-06-19 16:48:15,893 - AUGCON - INFO - Epoch [19/50]-(20/22) Loss: 0.6777, Acc(1): 100.00, Acc(5): 100.00
2023-06-19 16:48:15,893 - AUGCON - INFO - 	Validation Loss: 0.7436, Acc(1): 84.00, Acc(5): 96.00, F1: 0.20, Recall: 0.20, Precision: 0.20
2023-06-19 16:48:15,893 - AUGCON - INFO - Epoch [20/50]-(0/22) Loss: 0.7821, Acc(1): 75.00, Acc(5): 100.00
2023-06-19 16:48:15,893 - AUGCON - INFO - Epoch [20/50]-(5/22) Loss: 0.4499, Acc(1): 100.00, Acc(5): 100.00
2023-06-19 16:48:15,893 - AUGCON - INFO - Epoch [20/50]-(10/22) Loss: 0.8119, Acc(1): 75.00, Acc(5): 100.00
2023-06-19 16:48:15,894 - AUGCON - INFO - Epoch [20/50]-(15/22) Loss: 0.6591, Acc(1): 100.00, Acc(5): 100.00
2023-06-19 16:48:15,894 - AUGCON - INFO - Epoch [20/50]-(20/22) Loss: 0.6711, Acc(1): 75.00, Acc(5): 100.00
2023-06-19 16:48:15,894 - AUGCON - INFO - 	Validation Loss: 0.7623, Acc(1): 81.00, Acc(5): 96.00, F1: 0.19, Recall: 0.19, Precision: 0.19
2023-06-19 16:48:15,894 - AUGCON - INFO - Epoch [21/50]-(0/22) Loss: 0.5712, Acc(1): 75.00, Acc(5): 100.00
2023-06-19 16:48:15,894 - AUGCON - INFO - Epoch [21/50]-(5/22) Loss: 0.4956, Acc(1): 100.00, Acc(5): 100.00
2023-06-19 16:48:15,894 - AUGCON - INFO - Epoch [21/50]-(10/22) Loss: 0.7232, Acc(1): 100.00, Acc(5): 100.00
2023-06-19 16:48:15,894 - AUGCON - INFO - Epoch [21/50]-(15/22) Loss: 1.0499, Acc(1): 75.00, Acc(5): 100.00
2023-06-19 16:48:15,894 - AUGCON - INFO - Epoch [21/50]-(20/22) Loss: 0.6444, Acc(1): 50.00, Acc(5): 100.00
2023-06-19 16:48:15,894 - AUGCON - INFO - 	Validation Loss: 0.7361, Acc(1): 83.00, Acc(5): 96.00, F1: 0.20, Recall: 0.20, Precision: 0.20
2023-06-19 16:48:15,894 - AUGCON - INFO - Epoch [22/50]-(0/22) Loss: 0.4017, Acc(1): 100.00, Acc(5): 100.00
2023-06-19 16:48:15,894 - AUGCON - INFO - Epoch [22/50]-(5/22) Loss: 0.6636, Acc(1): 100.00, Acc(5): 100.00
2023-06-19 16:48:15,894 - AUGCON - INFO - Epoch [22/50]-(10/22) Loss: 0.6179, Acc(1): 100.00, Acc(5): 100.00
2023-06-19 16:48:15,894 - AUGCON - INFO - Epoch [22/50]-(15/22) Loss: 0.4284, Acc(1): 100.00, Acc(5): 100.00
2023-06-19 16:48:15,894 - AUGCON - INFO - Epoch [22/50]-(20/22) Loss: 0.6998, Acc(1): 75.00, Acc(5): 100.00
2023-06-19 16:48:15,894 - AUGCON - INFO - 	Validation Loss: 0.7226, Acc(1): 84.00, Acc(5): 96.00, F1: 0.20, Recall: 0.20, Precision: 0.20
2023-06-19 16:48:15,894 - AUGCON - INFO - Epoch [23/50]-(0/22) Loss: 0.6035, Acc(1): 100.00, Acc(5): 100.00
2023-06-19 16:48:15,895 - AUGCON - INFO - Epoch [23/50]-(5/22) Loss: 0.6186, Acc(1): 75.00, Acc(5): 100.00
2023-06-19 16:48:15,895 - AUGCON - INFO - Epoch [23/50]-(10/22) Loss: 0.5691, Acc(1): 100.00, Acc(5): 100.00
2023-06-19 16:48:15,895 - AUGCON - INFO - Epoch [23/50]-(15/22) Loss: 0.4598, Acc(1): 100.00, Acc(5): 100.00
2023-06-19 16:48:15,895 - AUGCON - INFO - Epoch [23/50]-(20/22) Loss: 0.7506, Acc(1): 75.00, Acc(5): 100.00
2023-06-19 16:48:15,895 - AUGCON - INFO - 	Validation Loss: 0.7522, Acc(1): 82.00, Acc(5): 96.00, F1: 0.20, Recall: 0.19, Precision: 0.20
2023-06-19 16:48:15,895 - AUGCON - INFO - Epoch [24/50]-(0/22) Loss: 0.6713, Acc(1): 75.00, Acc(5): 100.00
2023-06-19 16:48:15,895 - AUGCON - INFO - Epoch [24/50]-(5/22) Loss: 0.4854, Acc(1): 75.00, Acc(5): 100.00
2023-06-19 16:48:15,895 - AUGCON - INFO - Epoch [24/50]-(10/22) Loss: 0.4687, Acc(1): 75.00, Acc(5): 100.00
2023-06-19 16:48:15,895 - AUGCON - INFO - Epoch [24/50]-(15/22) Loss: 0.6212, Acc(1): 50.00, Acc(5): 100.00
2023-06-19 16:48:15,895 - AUGCON - INFO - Epoch [24/50]-(20/22) Loss: 0.7053, Acc(1): 75.00, Acc(5): 100.00
2023-06-19 16:48:15,895 - AUGCON - INFO - 	Validation Loss: 0.7173, Acc(1): 81.00, Acc(5): 96.00, F1: 0.19, Recall: 0.19, Precision: 0.19
2023-06-19 16:48:15,895 - AUGCON - INFO - Epoch [25/50]-(0/22) Loss: 0.5452, Acc(1): 75.00, Acc(5): 100.00
2023-06-19 16:48:15,895 - AUGCON - INFO - Epoch [25/50]-(5/22) Loss: 0.4654, Acc(1): 100.00, Acc(5): 100.00
2023-06-19 16:48:15,895 - AUGCON - INFO - Epoch [25/50]-(10/22) Loss: 0.4764, Acc(1): 100.00, Acc(5): 100.00
2023-06-19 16:48:15,895 - AUGCON - INFO - Epoch [25/50]-(15/22) Loss: 0.5770, Acc(1): 100.00, Acc(5): 100.00
2023-06-19 16:48:15,895 - AUGCON - INFO - Epoch [25/50]-(20/22) Loss: 0.4436, Acc(1): 75.00, Acc(5): 100.00
2023-06-19 16:48:15,896 - AUGCON - INFO - 	Validation Loss: 0.6877, Acc(1): 82.00, Acc(5): 96.00, F1: 0.20, Recall: 0.19, Precision: 0.20
2023-06-19 16:48:15,896 - AUGCON - INFO - Epoch [26/50]-(0/22) Loss: 0.8117, Acc(1): 75.00, Acc(5): 100.00
2023-06-19 16:48:15,896 - AUGCON - INFO - Epoch [26/50]-(5/22) Loss: 0.6792, Acc(1): 75.00, Acc(5): 100.00
2023-06-19 16:48:15,896 - AUGCON - INFO - Epoch [26/50]-(10/22) Loss: 0.9596, Acc(1): 25.00, Acc(5): 100.00
2023-06-19 16:48:15,896 - AUGCON - INFO - Epoch [26/50]-(15/22) Loss: 0.5641, Acc(1): 100.00, Acc(5): 100.00
2023-06-19 16:48:15,896 - AUGCON - INFO - Epoch [26/50]-(20/22) Loss: 0.4627, Acc(1): 100.00, Acc(5): 100.00
2023-06-19 16:48:15,896 - AUGCON - INFO - 	Validation Loss: 0.7218, Acc(1): 74.00, Acc(5): 96.00, F1: 0.17, Recall: 0.20, Precision: 0.16
2023-06-19 16:48:15,896 - AUGCON - INFO - Epoch [27/50]-(0/22) Loss: 0.6550, Acc(1): 100.00, Acc(5): 100.00
2023-06-19 16:48:15,896 - AUGCON - INFO - Epoch [27/50]-(5/22) Loss: 0.4965, Acc(1): 75.00, Acc(5): 100.00
2023-06-19 16:48:15,896 - AUGCON - INFO - Epoch [27/50]-(10/22) Loss: 0.5112, Acc(1): 75.00, Acc(5): 100.00
2023-06-19 16:48:15,896 - AUGCON - INFO - Epoch [27/50]-(15/22) Loss: 0.8019, Acc(1): 100.00, Acc(5): 100.00
2023-06-19 16:48:15,896 - AUGCON - INFO - Epoch [27/50]-(20/22) Loss: 0.7951, Acc(1): 75.00, Acc(5): 100.00
2023-06-19 16:48:15,896 - AUGCON - INFO - 	Validation Loss: 0.6877, Acc(1): 81.00, Acc(5): 96.00, F1: 0.19, Recall: 0.19, Precision: 0.19
2023-06-19 16:48:15,896 - AUGCON - INFO - Epoch [28/50]-(0/22) Loss: 0.9942, Acc(1): 75.00, Acc(5): 100.00
2023-06-19 16:48:15,896 - AUGCON - INFO - Epoch [28/50]-(5/22) Loss: 0.6372, Acc(1): 100.00, Acc(5): 100.00
2023-06-19 16:48:15,896 - AUGCON - INFO - Epoch [28/50]-(10/22) Loss: 0.5843, Acc(1): 75.00, Acc(5): 100.00
2023-06-19 16:48:15,897 - AUGCON - INFO - Epoch [28/50]-(15/22) Loss: 0.5868, Acc(1): 100.00, Acc(5): 100.00
2023-06-19 16:48:15,897 - AUGCON - INFO - Epoch [28/50]-(20/22) Loss: 0.5515, Acc(1): 75.00, Acc(5): 100.00
2023-06-19 16:48:15,897 - AUGCON - INFO - 	Validation Loss: 0.6832, Acc(1): 83.00, Acc(5): 96.00, F1: 0.20, Recall: 0.20, Precision: 0.20
2023-06-19 16:48:15,897 - AUGCON - INFO - Epoch [29/50]-(0/22) Loss: 0.4823, Acc(1): 75.00, Acc(5): 100.00
2023-06-19 16:48:15,897 - AUGCON - INFO - Epoch [29/50]-(5/22) Loss: 0.5412, Acc(1): 75.00, Acc(5): 100.00
2023-06-19 16:48:15,897 - AUGCON - INFO - Epoch [29/50]-(10/22) Loss: 0.7542, Acc(1): 75.00, Acc(5): 100.00
2023-06-19 16:48:15,897 - AUGCON - INFO - Epoch [29/50]-(15/22) Loss: 0.3262, Acc(1): 100.00, Acc(5): 100.00
2023-06-19 16:48:15,897 - AUGCON - INFO - Epoch [29/50]-(20/22) Loss: 0.6514, Acc(1): 50.00, Acc(5): 100.00
2023-06-19 16:48:15,897 - AUGCON - INFO - 	Validation Loss: 0.7003, Acc(1): 80.00, Acc(5): 96.00, F1: 0.19, Recall: 0.19, Precision: 0.18
2023-06-19 16:48:15,897 - AUGCON - INFO - Epoch [30/50]-(0/22) Loss: 0.6951, Acc(1): 100.00, Acc(5): 100.00
2023-06-19 16:48:15,897 - AUGCON - INFO - Epoch [30/50]-(5/22) Loss: 0.8847, Acc(1): 50.00, Acc(5): 100.00
2023-06-19 16:48:15,897 - AUGCON - INFO - Epoch [30/50]-(10/22) Loss: 0.4430, Acc(1): 100.00, Acc(5): 100.00
2023-06-19 16:48:15,897 - AUGCON - INFO - Epoch [30/50]-(15/22) Loss: 0.4341, Acc(1): 75.00, Acc(5): 100.00
2023-06-19 16:48:15,897 - AUGCON - INFO - Epoch [30/50]-(20/22) Loss: 0.4984, Acc(1): 100.00, Acc(5): 100.00
2023-06-19 16:48:15,897 - AUGCON - INFO - 	Validation Loss: 0.6611, Acc(1): 83.00, Acc(5): 96.00, F1: 0.20, Recall: 0.20, Precision: 0.20
2023-06-19 16:48:15,897 - AUGCON - INFO - Epoch [31/50]-(0/22) Loss: 0.2969, Acc(1): 100.00, Acc(5): 100.00
2023-06-19 16:48:15,898 - AUGCON - INFO - Epoch [31/50]-(5/22) Loss: 0.8091, Acc(1): 75.00, Acc(5): 100.00
2023-06-19 16:48:15,898 - AUGCON - INFO - Epoch [31/50]-(10/22) Loss: 0.4263, Acc(1): 100.00, Acc(5): 100.00
2023-06-19 16:48:15,898 - AUGCON - INFO - Epoch [31/50]-(15/22) Loss: 0.3068, Acc(1): 100.00, Acc(5): 100.00
2023-06-19 16:48:15,898 - AUGCON - INFO - Epoch [31/50]-(20/22) Loss: 0.2568, Acc(1): 100.00, Acc(5): 100.00
2023-06-19 16:48:15,898 - AUGCON - INFO - 	Validation Loss: 0.6556, Acc(1): 83.00, Acc(5): 96.00, F1: 0.20, Recall: 0.20, Precision: 0.20
2023-06-19 16:48:15,898 - AUGCON - INFO - Epoch [32/50]-(0/22) Loss: 0.3938, Acc(1): 100.00, Acc(5): 100.00
2023-06-19 16:48:15,898 - AUGCON - INFO - Epoch [32/50]-(5/22) Loss: 0.4562, Acc(1): 100.00, Acc(5): 100.00
2023-06-19 16:48:15,898 - AUGCON - INFO - Epoch [32/50]-(10/22) Loss: 0.6417, Acc(1): 100.00, Acc(5): 100.00
2023-06-19 16:48:15,898 - AUGCON - INFO - Epoch [32/50]-(15/22) Loss: 0.5017, Acc(1): 100.00, Acc(5): 100.00
2023-06-19 16:48:15,898 - AUGCON - INFO - Epoch [32/50]-(20/22) Loss: 0.3504, Acc(1): 100.00, Acc(5): 100.00
2023-06-19 16:48:15,898 - AUGCON - INFO - 	Validation Loss: 0.6468, Acc(1): 83.00, Acc(5): 96.00, F1: 0.20, Recall: 0.20, Precision: 0.20
2023-06-19 16:48:15,898 - AUGCON - INFO - Epoch [33/50]-(0/22) Loss: 0.3835, Acc(1): 75.00, Acc(5): 100.00
2023-06-19 16:48:15,898 - AUGCON - INFO - Epoch [33/50]-(5/22) Loss: 0.5404, Acc(1): 100.00, Acc(5): 100.00
2023-06-19 16:48:15,898 - AUGCON - INFO - Epoch [33/50]-(10/22) Loss: 0.3564, Acc(1): 100.00, Acc(5): 100.00
2023-06-19 16:48:15,898 - AUGCON - INFO - Epoch [33/50]-(15/22) Loss: 0.4130, Acc(1): 100.00, Acc(5): 100.00
2023-06-19 16:48:15,898 - AUGCON - INFO - Epoch [33/50]-(20/22) Loss: 0.4987, Acc(1): 100.00, Acc(5): 100.00
2023-06-19 16:48:15,899 - AUGCON - INFO - 	Validation Loss: 0.6491, Acc(1): 84.00, Acc(5): 96.00, F1: 0.20, Recall: 0.20, Precision: 0.20
2023-06-19 16:48:15,899 - AUGCON - INFO - Epoch [34/50]-(0/22) Loss: 0.5175, Acc(1): 100.00, Acc(5): 100.00
2023-06-19 16:48:15,899 - AUGCON - INFO - Epoch [34/50]-(5/22) Loss: 0.9141, Acc(1): 50.00, Acc(5): 100.00
2023-06-19 16:48:15,899 - AUGCON - INFO - Epoch [34/50]-(10/22) Loss: 0.4427, Acc(1): 75.00, Acc(5): 100.00
2023-06-19 16:48:15,899 - AUGCON - INFO - Epoch [34/50]-(15/22) Loss: 0.5078, Acc(1): 75.00, Acc(5): 100.00
2023-06-19 16:48:15,899 - AUGCON - INFO - Epoch [34/50]-(20/22) Loss: 0.2550, Acc(1): 100.00, Acc(5): 100.00
2023-06-19 16:48:15,899 - AUGCON - INFO - 	Validation Loss: 0.6500, Acc(1): 81.00, Acc(5): 96.00, F1: 0.19, Recall: 0.19, Precision: 0.20
2023-06-19 16:48:15,899 - AUGCON - INFO - Epoch [35/50]-(0/22) Loss: 0.1885, Acc(1): 100.00, Acc(5): 100.00
2023-06-19 16:48:15,899 - AUGCON - INFO - Epoch [35/50]-(5/22) Loss: 0.5690, Acc(1): 100.00, Acc(5): 100.00
2023-06-19 16:48:15,899 - AUGCON - INFO - Epoch [35/50]-(10/22) Loss: 0.6070, Acc(1): 75.00, Acc(5): 100.00
2023-06-19 16:48:15,899 - AUGCON - INFO - Epoch [35/50]-(15/22) Loss: 0.8362, Acc(1): 50.00, Acc(5): 100.00
2023-06-19 16:48:15,899 - AUGCON - INFO - Epoch [35/50]-(20/22) Loss: 0.2651, Acc(1): 100.00, Acc(5): 100.00
2023-06-19 16:48:15,899 - AUGCON - INFO - 	Validation Loss: 0.6640, Acc(1): 82.00, Acc(5): 96.00, F1: 0.19, Recall: 0.19, Precision: 0.19
2023-06-19 16:48:15,899 - AUGCON - INFO - Epoch [36/50]-(0/22) Loss: 0.3139, Acc(1): 100.00, Acc(5): 100.00
2023-06-19 16:48:15,899 - AUGCON - INFO - Epoch [36/50]-(5/22) Loss: 0.8149, Acc(1): 50.00, Acc(5): 100.00
2023-06-19 16:48:15,899 - AUGCON - INFO - Epoch [36/50]-(10/22) Loss: 0.3734, Acc(1): 75.00, Acc(5): 100.00
2023-06-19 16:48:15,899 - AUGCON - INFO - Epoch [36/50]-(15/22) Loss: 0.6636, Acc(1): 75.00, Acc(5): 100.00
2023-06-19 16:48:15,900 - AUGCON - INFO - Epoch [36/50]-(20/22) Loss: 0.1243, Acc(1): 100.00, Acc(5): 100.00
2023-06-19 16:48:15,900 - AUGCON - INFO - 	Validation Loss: 0.6600, Acc(1): 82.00, Acc(5): 96.00, F1: 0.19, Recall: 0.20, Precision: 0.19
2023-06-19 16:48:15,900 - AUGCON - INFO - Epoch [37/50]-(0/22) Loss: 0.3531, Acc(1): 100.00, Acc(5): 100.00
2023-06-19 16:48:15,900 - AUGCON - INFO - Epoch [37/50]-(5/22) Loss: 0.8687, Acc(1): 75.00, Acc(5): 100.00
2023-06-19 16:48:15,900 - AUGCON - INFO - Epoch [37/50]-(10/22) Loss: 0.4198, Acc(1): 100.00, Acc(5): 100.00
2023-06-19 16:48:15,900 - AUGCON - INFO - Epoch [37/50]-(15/22) Loss: 0.3231, Acc(1): 75.00, Acc(5): 100.00
2023-06-19 16:48:15,900 - AUGCON - INFO - Epoch [37/50]-(20/22) Loss: 0.2702, Acc(1): 100.00, Acc(5): 100.00
2023-06-19 16:48:15,900 - AUGCON - INFO - 	Validation Loss: 0.6544, Acc(1): 83.00, Acc(5): 96.00, F1: 0.20, Recall: 0.20, Precision: 0.20
2023-06-19 16:48:15,900 - AUGCON - INFO - Epoch [38/50]-(0/22) Loss: 0.5409, Acc(1): 100.00, Acc(5): 100.00
2023-06-19 16:48:15,900 - AUGCON - INFO - Epoch [38/50]-(5/22) Loss: 0.1141, Acc(1): 100.00, Acc(5): 100.00
2023-06-19 16:48:15,900 - AUGCON - INFO - Epoch [38/50]-(10/22) Loss: 0.4153, Acc(1): 100.00, Acc(5): 100.00
2023-06-19 16:48:15,900 - AUGCON - INFO - Epoch [38/50]-(15/22) Loss: 0.4645, Acc(1): 100.00, Acc(5): 100.00
2023-06-19 16:48:15,900 - AUGCON - INFO - Epoch [38/50]-(20/22) Loss: 0.2606, Acc(1): 100.00, Acc(5): 100.00
2023-06-19 16:48:15,900 - AUGCON - INFO - 	Validation Loss: 0.6544, Acc(1): 82.00, Acc(5): 96.00, F1: 0.19, Recall: 0.19, Precision: 0.19
2023-06-19 16:48:15,900 - AUGCON - INFO - Epoch [39/50]-(0/22) Loss: 0.4675, Acc(1): 100.00, Acc(5): 100.00
2023-06-19 16:48:15,901 - AUGCON - INFO - Epoch [39/50]-(5/22) Loss: 0.6089, Acc(1): 50.00, Acc(5): 100.00
2023-06-19 16:48:15,901 - AUGCON - INFO - Epoch [39/50]-(10/22) Loss: 0.6914, Acc(1): 75.00, Acc(5): 100.00
2023-06-19 16:48:15,901 - AUGCON - INFO - Epoch [39/50]-(15/22) Loss: 0.2081, Acc(1): 100.00, Acc(5): 100.00
2023-06-19 16:48:15,901 - AUGCON - INFO - Epoch [39/50]-(20/22) Loss: 0.8147, Acc(1): 50.00, Acc(5): 100.00
2023-06-19 16:48:15,901 - AUGCON - INFO - 	Validation Loss: 0.6433, Acc(1): 82.00, Acc(5): 96.00, F1: 0.19, Recall: 0.19, Precision: 0.19
2023-06-19 16:48:15,901 - AUGCON - INFO - Epoch [40/50]-(0/22) Loss: 0.4284, Acc(1): 75.00, Acc(5): 100.00
2023-06-19 16:48:15,901 - AUGCON - INFO - Epoch [40/50]-(5/22) Loss: 0.3632, Acc(1): 75.00, Acc(5): 100.00
2023-06-19 16:48:15,901 - AUGCON - INFO - Epoch [40/50]-(10/22) Loss: 0.3818, Acc(1): 100.00, Acc(5): 100.00
2023-06-19 16:48:15,901 - AUGCON - INFO - Epoch [40/50]-(15/22) Loss: 0.3482, Acc(1): 75.00, Acc(5): 100.00
2023-06-19 16:48:15,901 - AUGCON - INFO - Epoch [40/50]-(20/22) Loss: 0.3627, Acc(1): 75.00, Acc(5): 100.00
2023-06-19 16:48:15,901 - AUGCON - INFO - 	Validation Loss: 0.6865, Acc(1): 79.00, Acc(5): 96.00, F1: 0.19, Recall: 0.20, Precision: 0.18
2023-06-19 16:48:15,901 - AUGCON - INFO - Epoch [41/50]-(0/22) Loss: 0.3199, Acc(1): 100.00, Acc(5): 100.00
2023-06-19 16:48:15,901 - AUGCON - INFO - Epoch [41/50]-(5/22) Loss: 0.5415, Acc(1): 50.00, Acc(5): 100.00
2023-06-19 16:48:15,901 - AUGCON - INFO - Epoch [41/50]-(10/22) Loss: 0.5856, Acc(1): 100.00, Acc(5): 100.00
2023-06-19 16:48:15,901 - AUGCON - INFO - Epoch [41/50]-(15/22) Loss: 0.7425, Acc(1): 50.00, Acc(5): 100.00
2023-06-19 16:48:15,901 - AUGCON - INFO - Epoch [41/50]-(20/22) Loss: 0.5165, Acc(1): 100.00, Acc(5): 100.00
2023-06-19 16:48:15,902 - AUGCON - INFO - 	Validation Loss: 0.6429, Acc(1): 81.00, Acc(5): 96.00, F1: 0.19, Recall: 0.19, Precision: 0.19
2023-06-19 16:48:15,902 - AUGCON - INFO - Epoch [42/50]-(0/22) Loss: 0.4084, Acc(1): 100.00, Acc(5): 100.00
2023-06-19 16:48:15,902 - AUGCON - INFO - Epoch [42/50]-(5/22) Loss: 0.2903, Acc(1): 100.00, Acc(5): 100.00
2023-06-19 16:48:15,902 - AUGCON - INFO - Epoch [42/50]-(10/22) Loss: 0.3486, Acc(1): 100.00, Acc(5): 100.00
2023-06-19 16:48:15,902 - AUGCON - INFO - Epoch [42/50]-(15/22) Loss: 0.4061, Acc(1): 100.00, Acc(5): 100.00
2023-06-19 16:48:15,902 - AUGCON - INFO - Epoch [42/50]-(20/22) Loss: 0.4242, Acc(1): 75.00, Acc(5): 100.00
2023-06-19 16:48:15,902 - AUGCON - INFO - 	Validation Loss: 0.6322, Acc(1): 84.00, Acc(5): 96.00, F1: 0.20, Recall: 0.20, Precision: 0.20
2023-06-19 16:48:15,902 - AUGCON - INFO - Epoch [43/50]-(0/22) Loss: 0.2029, Acc(1): 100.00, Acc(5): 100.00
2023-06-19 16:48:15,902 - AUGCON - INFO - Epoch [43/50]-(5/22) Loss: 0.4959, Acc(1): 100.00, Acc(5): 100.00
2023-06-19 16:48:15,902 - AUGCON - INFO - Epoch [43/50]-(10/22) Loss: 0.8654, Acc(1): 75.00, Acc(5): 100.00
2023-06-19 16:48:15,902 - AUGCON - INFO - Epoch [43/50]-(15/22) Loss: 0.5370, Acc(1): 75.00, Acc(5): 100.00
2023-06-19 16:48:15,902 - AUGCON - INFO - Epoch [43/50]-(20/22) Loss: 0.6741, Acc(1): 75.00, Acc(5): 100.00
2023-06-19 16:48:15,902 - AUGCON - INFO - 	Validation Loss: 0.6193, Acc(1): 82.00, Acc(5): 96.00, F1: 0.19, Recall: 0.20, Precision: 0.19
2023-06-19 16:48:15,902 - AUGCON - INFO - Epoch [44/50]-(0/22) Loss: 0.3348, Acc(1): 100.00, Acc(5): 100.00
2023-06-19 16:48:15,902 - AUGCON - INFO - Epoch [44/50]-(5/22) Loss: 0.4329, Acc(1): 75.00, Acc(5): 100.00
2023-06-19 16:48:15,902 - AUGCON - INFO - Epoch [44/50]-(10/22) Loss: 0.6570, Acc(1): 75.00, Acc(5): 100.00
2023-06-19 16:48:15,902 - AUGCON - INFO - Epoch [44/50]-(15/22) Loss: 0.2796, Acc(1): 100.00, Acc(5): 100.00
2023-06-19 16:48:15,903 - AUGCON - INFO - Epoch [44/50]-(20/22) Loss: 0.4062, Acc(1): 100.00, Acc(5): 100.00
2023-06-19 16:48:15,903 - AUGCON - INFO - 	Validation Loss: 0.6569, Acc(1): 83.00, Acc(5): 96.00, F1: 0.19, Recall: 0.20, Precision: 0.19
2023-06-19 16:48:15,903 - AUGCON - INFO - Epoch [45/50]-(0/22) Loss: 0.8456, Acc(1): 50.00, Acc(5): 100.00
2023-06-19 16:48:15,903 - AUGCON - INFO - Epoch [45/50]-(5/22) Loss: 0.1140, Acc(1): 100.00, Acc(5): 100.00
2023-06-19 16:48:15,903 - AUGCON - INFO - Epoch [45/50]-(10/22) Loss: 0.1278, Acc(1): 100.00, Acc(5): 100.00
2023-06-19 16:48:15,903 - AUGCON - INFO - Epoch [45/50]-(15/22) Loss: 0.3949, Acc(1): 75.00, Acc(5): 100.00
2023-06-19 16:48:15,903 - AUGCON - INFO - Epoch [45/50]-(20/22) Loss: 0.3895, Acc(1): 100.00, Acc(5): 100.00
2023-06-19 16:48:15,903 - AUGCON - INFO - 	Validation Loss: 0.6182, Acc(1): 81.00, Acc(5): 96.00, F1: 0.19, Recall: 0.19, Precision: 0.20
2023-06-19 16:48:15,903 - AUGCON - INFO - Epoch [46/50]-(0/22) Loss: 0.3901, Acc(1): 100.00, Acc(5): 100.00
2023-06-19 16:48:15,903 - AUGCON - INFO - Epoch [46/50]-(5/22) Loss: 0.2070, Acc(1): 100.00, Acc(5): 100.00
2023-06-19 16:48:15,903 - AUGCON - INFO - Epoch [46/50]-(10/22) Loss: 0.1727, Acc(1): 100.00, Acc(5): 100.00
2023-06-19 16:48:15,903 - AUGCON - INFO - Epoch [46/50]-(15/22) Loss: 0.2651, Acc(1): 100.00, Acc(5): 100.00
2023-06-19 16:48:15,903 - AUGCON - INFO - Epoch [46/50]-(20/22) Loss: 0.4299, Acc(1): 100.00, Acc(5): 100.00
2023-06-19 16:48:15,903 - AUGCON - INFO - 	Validation Loss: 0.6610, Acc(1): 83.00, Acc(5): 96.00, F1: 0.19, Recall: 0.20, Precision: 0.19
2023-06-19 16:48:15,903 - AUGCON - INFO - Epoch [47/50]-(0/22) Loss: 0.4679, Acc(1): 100.00, Acc(5): 100.00
2023-06-19 16:48:15,903 - AUGCON - INFO - Epoch [47/50]-(5/22) Loss: 0.2954, Acc(1): 100.00, Acc(5): 100.00
2023-06-19 16:48:15,904 - AUGCON - INFO - Epoch [47/50]-(10/22) Loss: 0.2232, Acc(1): 100.00, Acc(5): 100.00
2023-06-19 16:48:15,904 - AUGCON - INFO - Epoch [47/50]-(15/22) Loss: 0.5382, Acc(1): 75.00, Acc(5): 100.00
2023-06-19 16:48:15,904 - AUGCON - INFO - Epoch [47/50]-(20/22) Loss: 0.5953, Acc(1): 100.00, Acc(5): 100.00
2023-06-19 16:48:15,904 - AUGCON - INFO - 	Validation Loss: 0.6420, Acc(1): 81.00, Acc(5): 96.00, F1: 0.19, Recall: 0.19, Precision: 0.19
2023-06-19 16:48:15,904 - AUGCON - INFO - Epoch [48/50]-(0/22) Loss: 0.3728, Acc(1): 100.00, Acc(5): 100.00
2023-06-19 16:48:15,904 - AUGCON - INFO - Epoch [48/50]-(5/22) Loss: 0.4148, Acc(1): 75.00, Acc(5): 100.00
2023-06-19 16:48:15,904 - AUGCON - INFO - Epoch [48/50]-(10/22) Loss: 0.1782, Acc(1): 100.00, Acc(5): 100.00
2023-06-19 16:48:15,904 - AUGCON - INFO - Epoch [48/50]-(15/22) Loss: 0.4218, Acc(1): 100.00, Acc(5): 100.00
2023-06-19 16:48:15,904 - AUGCON - INFO - Epoch [48/50]-(20/22) Loss: 0.1728, Acc(1): 100.00, Acc(5): 100.00
2023-06-19 16:48:15,904 - AUGCON - INFO - 	Validation Loss: 0.6450, Acc(1): 82.00, Acc(5): 96.00, F1: 0.19, Recall: 0.20, Precision: 0.19
2023-06-19 16:48:15,904 - AUGCON - INFO - Epoch [49/50]-(0/22) Loss: 0.2131, Acc(1): 100.00, Acc(5): 100.00
2023-06-19 16:48:15,904 - AUGCON - INFO - Epoch [49/50]-(5/22) Loss: 0.5171, Acc(1): 100.00, Acc(5): 100.00
2023-06-19 16:48:15,904 - AUGCON - INFO - Epoch [49/50]-(10/22) Loss: 0.1858, Acc(1): 100.00, Acc(5): 100.00
2023-06-19 16:48:15,904 - AUGCON - INFO - Epoch [49/50]-(15/22) Loss: 0.6545, Acc(1): 75.00, Acc(5): 100.00
2023-06-19 16:48:15,904 - AUGCON - INFO - Epoch [49/50]-(20/22) Loss: 0.4564, Acc(1): 100.00, Acc(5): 100.00
2023-06-19 16:48:15,904 - AUGCON - INFO - 	Validation Loss: 0.6433, Acc(1): 81.00, Acc(5): 96.00, F1: 0.19, Recall: 0.19, Precision: 0.19
2023-06-19 16:48:15,905 - AUGCON - INFO - Epoch [50/50]-(0/22) Loss: 0.5741, Acc(1): 75.00, Acc(5): 100.00
2023-06-19 16:48:15,905 - AUGCON - INFO - Epoch [50/50]-(5/22) Loss: 0.2907, Acc(1): 100.00, Acc(5): 100.00
2023-06-19 16:48:15,905 - AUGCON - INFO - Epoch [50/50]-(10/22) Loss: 0.4988, Acc(1): 75.00, Acc(5): 100.00
2023-06-19 16:48:15,905 - AUGCON - INFO - Epoch [50/50]-(15/22) Loss: 0.7421, Acc(1): 75.00, Acc(5): 100.00
2023-06-19 16:48:15,905 - AUGCON - INFO - Epoch [50/50]-(20/22) Loss: 0.3650, Acc(1): 100.00, Acc(5): 100.00
2023-06-19 16:48:15,905 - AUGCON - INFO - 	Validation Loss: 0.6222, Acc(1): 82.00, Acc(5): 96.00, F1: 0.19, Recall: 0.19, Precision: 0.19
2023-06-19 16:48:15,905 - AUGCON - INFO - 	Validation Loss: 0.8853, Acc(1): 78.67, Acc(5): 91.33, F1: 0.19, Recall: 0.19, Precision: 0.19
