2023-06-19 16:25:34,017 - AUGCON - INFO - logger initialized (/home/hjyoon/projects/augcon/config/exp0/finetune_da_false/without_target_domain_WA4697-jhryu/cpc_perdomain_8421/tgt_target_domain_WA0003-hskim_seed0.yaml.log)
2023-06-19 16:25:34,018 - AUGCON - INFO - ================= Config =================
2023-06-19 16:25:34,018 - AUGCON - INFO -   mode: finetune
2023-06-19 16:25:34,018 - AUGCON - INFO -   seed: 0
2023-06-19 16:25:34,018 - AUGCON - INFO -   gpu: [1]
2023-06-19 16:25:34,018 - AUGCON - INFO -   num_workers: 1
2023-06-19 16:25:34,018 - AUGCON - INFO -   dist_url: tcp://localhost:10001
2023-06-19 16:25:34,018 - AUGCON - INFO -   dataset_name: ichar
2023-06-19 16:25:34,018 - AUGCON - INFO -   train_dataset_path: /mnt/sting/hjyoon/projects/cross/ICHAR/augcon/target_domain_WA0003-hskim/finetune/10shot/target/train.pkl
2023-06-19 16:25:34,018 - AUGCON - INFO -   test_dataset_path: /mnt/sting/hjyoon/projects/cross/ICHAR/augcon/target_domain_WA0003-hskim/finetune/10shot/target/test.pkl
2023-06-19 16:25:34,018 - AUGCON - INFO -   val_dataset_path: /mnt/sting/hjyoon/projects/cross/ICHAR/augcon/target_domain_WA0003-hskim/finetune/10shot/target/val.pkl
2023-06-19 16:25:34,018 - AUGCON - INFO -   input_channels: 3
2023-06-19 16:25:34,018 - AUGCON - INFO -   num_cls: 9
2023-06-19 16:25:34,018 - AUGCON - INFO -   optimizer: adam
2023-06-19 16:25:34,018 - AUGCON - INFO -   criterion: crossentropy
2023-06-19 16:25:34,018 - AUGCON - INFO -   start_epoch: 0
2023-06-19 16:25:34,018 - AUGCON - INFO -   epochs: 50
2023-06-19 16:25:34,018 - AUGCON - INFO -   batch_size: 4
2023-06-19 16:25:34,018 - AUGCON - INFO -   lr: 0.001
2023-06-19 16:25:34,018 - AUGCON - INFO -   wd: 0.0
2023-06-19 16:25:34,018 - AUGCON - INFO -   resume: 
2023-06-19 16:25:34,018 - AUGCON - INFO -   pretrained: /mnt/sting/hjyoon/projects/augcontrast/models/exp0/pretrain/without_target_domain_WA4697-jhryu/cpc_perdomain_8421//checkpoint_0099.pth.tar
2023-06-19 16:25:34,018 - AUGCON - INFO -   ckpt_dir: /mnt/sting/hjyoon/projects/augcontrast/models/exp0/finetune_da_false/without_target_domain_WA4697-jhryu/cpc_perdomain_8421/tgt_target_domain_WA0003-hskim_seed0
2023-06-19 16:25:34,018 - AUGCON - INFO -   log_freq: 5
2023-06-19 16:25:34,018 - AUGCON - INFO -   save_freq: 10
2023-06-19 16:25:34,018 - AUGCON - INFO -   pretext: metacpc
2023-06-19 16:25:34,018 - AUGCON - INFO -   enc_blocks: 4
2023-06-19 16:25:34,018 - AUGCON - INFO -   kernel_sizes: [8, 4, 2, 1]
2023-06-19 16:25:34,018 - AUGCON - INFO -   strides: [4, 2, 1, 1]
2023-06-19 16:25:34,018 - AUGCON - INFO -   agg_blocks: 5
2023-06-19 16:25:34,018 - AUGCON - INFO -   z_dim: 256
2023-06-19 16:25:34,018 - AUGCON - INFO -   pooling: mean
2023-06-19 16:25:34,018 - AUGCON - INFO -   pred_steps: 12
2023-06-19 16:25:34,018 - AUGCON - INFO -   n_negatives: 15
2023-06-19 16:25:34,018 - AUGCON - INFO -   offset: 4
2023-06-19 16:25:34,018 - AUGCON - INFO -   domain_adaptation: False
2023-06-19 16:25:34,018 - AUGCON - INFO -   task_steps: 10
2023-06-19 16:25:34,018 - AUGCON - INFO -   task_lr: 0.001
2023-06-19 16:25:34,018 - AUGCON - INFO -   reg_lambda: 0
2023-06-19 16:25:34,018 - AUGCON - INFO -   mlp: False
2023-06-19 16:25:34,019 - AUGCON - INFO -   freeze: True
2023-06-19 16:25:34,019 - AUGCON - INFO -   no_vars: True
2023-06-19 16:25:34,019 - AUGCON - INFO - ==========================================
2023-06-19 16:25:34,019 - AUGCON - INFO - Setting GPUs: [1]
2023-06-19 16:25:34,019 - AUGCON - INFO - GPUs [1] will be used
2023-06-19 16:25:34,019 - AUGCON - WARNING - You have chosen to seed training. 
2023-06-19 16:25:34,019 - AUGCON - WARNING - This will turn on the CUDNN deterministic setting, 
2023-06-19 16:25:34,019 - AUGCON - WARNING - which can slow down your training considerably! 
2023-06-19 16:25:34,019 - AUGCON - WARNING - You may see unexpected behavior when restarting 
2023-06-19 16:25:34,019 - AUGCON - WARNING - from checkpoints.
2023-06-19 16:25:34,053 - AUGCON - INFO - Executing MetaCPC
2023-06-19 16:25:34,053 - AUGCON - INFO - Logs are skipped during training
2023-06-19 16:25:52,655 - AUGCON - INFO - Single GPU is used for training - training 90 instances for each worker
2023-06-19 16:25:52,655 - AUGCON - INFO - Loading pretrained model from checkpoint - /mnt/sting/hjyoon/projects/augcontrast/models/exp0/pretrain/without_target_domain_WA4697-jhryu/cpc_perdomain_8421//checkpoint_0099.pth.tar
2023-06-19 16:25:52,655 - AUGCON - INFO - Missing keys: ['predictor.vars.0', 'predictor.vars.1']
2023-06-19 16:25:52,655 - AUGCON - INFO - Loading encoder parameters to the classifier
2023-06-19 16:25:52,655 - AUGCON - INFO - Missing keys: ['classifier.block.0.weight', 'classifier.block.0.bias']
2023-06-19 16:25:52,655 - AUGCON - INFO - Epoch [1/50]-(0/22) Loss: 2.3520, Acc(1): 0.00, Acc(5): 50.00
2023-06-19 16:25:52,655 - AUGCON - INFO - Epoch [1/50]-(5/22) Loss: 1.8454, Acc(1): 50.00, Acc(5): 100.00
2023-06-19 16:25:52,656 - AUGCON - INFO - Epoch [1/50]-(10/22) Loss: 2.4096, Acc(1): 25.00, Acc(5): 50.00
2023-06-19 16:25:52,656 - AUGCON - INFO - Epoch [1/50]-(15/22) Loss: 1.7534, Acc(1): 50.00, Acc(5): 100.00
2023-06-19 16:25:52,656 - AUGCON - INFO - Epoch [1/50]-(20/22) Loss: 1.7062, Acc(1): 25.00, Acc(5): 75.00
2023-06-19 16:25:52,656 - AUGCON - INFO - 	Validation Loss: 1.5592, Acc(1): 30.00, Acc(5): 95.00, F1: 0.07, Recall: 0.09, Precision: 0.06
2023-06-19 16:25:52,656 - AUGCON - INFO - Epoch [2/50]-(0/22) Loss: 1.9003, Acc(1): 0.00, Acc(5): 75.00
2023-06-19 16:25:52,656 - AUGCON - INFO - Epoch [2/50]-(5/22) Loss: 1.5334, Acc(1): 25.00, Acc(5): 100.00
2023-06-19 16:25:52,656 - AUGCON - INFO - Epoch [2/50]-(10/22) Loss: 1.8042, Acc(1): 0.00, Acc(5): 100.00
2023-06-19 16:25:52,656 - AUGCON - INFO - Epoch [2/50]-(15/22) Loss: 1.6664, Acc(1): 25.00, Acc(5): 100.00
2023-06-19 16:25:52,656 - AUGCON - INFO - Epoch [2/50]-(20/22) Loss: 1.1319, Acc(1): 50.00, Acc(5): 100.00
2023-06-19 16:25:52,657 - AUGCON - INFO - 	Validation Loss: 1.2463, Acc(1): 54.00, Acc(5): 99.00, F1: 0.13, Recall: 0.15, Precision: 0.11
2023-06-19 16:25:52,657 - AUGCON - INFO - Epoch [3/50]-(0/22) Loss: 0.8493, Acc(1): 100.00, Acc(5): 100.00
2023-06-19 16:25:52,657 - AUGCON - INFO - Epoch [3/50]-(5/22) Loss: 1.6488, Acc(1): 25.00, Acc(5): 100.00
2023-06-19 16:25:52,657 - AUGCON - INFO - Epoch [3/50]-(10/22) Loss: 1.8444, Acc(1): 50.00, Acc(5): 100.00
2023-06-19 16:25:52,657 - AUGCON - INFO - Epoch [3/50]-(15/22) Loss: 1.4175, Acc(1): 25.00, Acc(5): 100.00
2023-06-19 16:25:52,657 - AUGCON - INFO - Epoch [3/50]-(20/22) Loss: 1.2893, Acc(1): 75.00, Acc(5): 100.00
2023-06-19 16:25:52,657 - AUGCON - INFO - 	Validation Loss: 1.0592, Acc(1): 73.00, Acc(5): 100.00, F1: 0.18, Recall: 0.16, Precision: 0.22
2023-06-19 16:25:52,657 - AUGCON - INFO - Epoch [4/50]-(0/22) Loss: 0.9254, Acc(1): 100.00, Acc(5): 100.00
2023-06-19 16:25:52,657 - AUGCON - INFO - Epoch [4/50]-(5/22) Loss: 1.2898, Acc(1): 25.00, Acc(5): 100.00
2023-06-19 16:25:52,657 - AUGCON - INFO - Epoch [4/50]-(10/22) Loss: 0.9631, Acc(1): 75.00, Acc(5): 100.00
2023-06-19 16:25:52,657 - AUGCON - INFO - Epoch [4/50]-(15/22) Loss: 1.1603, Acc(1): 50.00, Acc(5): 100.00
2023-06-19 16:25:52,657 - AUGCON - INFO - Epoch [4/50]-(20/22) Loss: 1.1663, Acc(1): 50.00, Acc(5): 100.00
2023-06-19 16:25:52,658 - AUGCON - INFO - 	Validation Loss: 0.9718, Acc(1): 75.00, Acc(5): 99.00, F1: 0.19, Recall: 0.17, Precision: 0.23
2023-06-19 16:25:52,658 - AUGCON - INFO - Epoch [5/50]-(0/22) Loss: 0.9201, Acc(1): 75.00, Acc(5): 100.00
2023-06-19 16:25:52,658 - AUGCON - INFO - Epoch [5/50]-(5/22) Loss: 1.0440, Acc(1): 75.00, Acc(5): 100.00
2023-06-19 16:25:52,658 - AUGCON - INFO - Epoch [5/50]-(10/22) Loss: 0.4637, Acc(1): 100.00, Acc(5): 100.00
2023-06-19 16:25:52,658 - AUGCON - INFO - Epoch [5/50]-(15/22) Loss: 1.1101, Acc(1): 50.00, Acc(5): 100.00
2023-06-19 16:25:52,658 - AUGCON - INFO - Epoch [5/50]-(20/22) Loss: 0.9730, Acc(1): 75.00, Acc(5): 100.00
2023-06-19 16:25:52,658 - AUGCON - INFO - 	Validation Loss: 0.8719, Acc(1): 85.00, Acc(5): 100.00, F1: 0.21, Recall: 0.20, Precision: 0.22
2023-06-19 16:25:52,658 - AUGCON - INFO - Epoch [6/50]-(0/22) Loss: 1.2432, Acc(1): 50.00, Acc(5): 100.00
2023-06-19 16:25:52,658 - AUGCON - INFO - Epoch [6/50]-(5/22) Loss: 0.9921, Acc(1): 50.00, Acc(5): 100.00
2023-06-19 16:25:52,658 - AUGCON - INFO - Epoch [6/50]-(10/22) Loss: 0.8905, Acc(1): 75.00, Acc(5): 100.00
2023-06-19 16:25:52,658 - AUGCON - INFO - Epoch [6/50]-(15/22) Loss: 0.4491, Acc(1): 100.00, Acc(5): 100.00
2023-06-19 16:25:52,658 - AUGCON - INFO - Epoch [6/50]-(20/22) Loss: 1.4880, Acc(1): 50.00, Acc(5): 100.00
2023-06-19 16:25:52,659 - AUGCON - INFO - 	Validation Loss: 0.8295, Acc(1): 76.00, Acc(5): 100.00, F1: 0.20, Recall: 0.17, Precision: 0.25
2023-06-19 16:25:52,659 - AUGCON - INFO - Epoch [7/50]-(0/22) Loss: 0.9711, Acc(1): 100.00, Acc(5): 100.00
2023-06-19 16:25:52,659 - AUGCON - INFO - Epoch [7/50]-(5/22) Loss: 1.4844, Acc(1): 50.00, Acc(5): 100.00
2023-06-19 16:25:52,659 - AUGCON - INFO - Epoch [7/50]-(10/22) Loss: 0.8076, Acc(1): 75.00, Acc(5): 100.00
2023-06-19 16:25:52,659 - AUGCON - INFO - Epoch [7/50]-(15/22) Loss: 0.8482, Acc(1): 75.00, Acc(5): 100.00
2023-06-19 16:25:52,659 - AUGCON - INFO - Epoch [7/50]-(20/22) Loss: 0.7871, Acc(1): 50.00, Acc(5): 100.00
2023-06-19 16:25:52,659 - AUGCON - INFO - 	Validation Loss: 0.7778, Acc(1): 89.00, Acc(5): 100.00, F1: 0.22, Recall: 0.21, Precision: 0.23
2023-06-19 16:25:52,659 - AUGCON - INFO - Epoch [8/50]-(0/22) Loss: 0.8398, Acc(1): 100.00, Acc(5): 100.00
2023-06-19 16:25:52,659 - AUGCON - INFO - Epoch [8/50]-(5/22) Loss: 0.3739, Acc(1): 100.00, Acc(5): 100.00
2023-06-19 16:25:52,659 - AUGCON - INFO - Epoch [8/50]-(10/22) Loss: 0.7085, Acc(1): 100.00, Acc(5): 100.00
2023-06-19 16:25:52,659 - AUGCON - INFO - Epoch [8/50]-(15/22) Loss: 0.7447, Acc(1): 100.00, Acc(5): 100.00
2023-06-19 16:25:52,660 - AUGCON - INFO - Epoch [8/50]-(20/22) Loss: 1.1702, Acc(1): 50.00, Acc(5): 100.00
2023-06-19 16:25:52,660 - AUGCON - INFO - 	Validation Loss: 0.7480, Acc(1): 84.00, Acc(5): 100.00, F1: 0.21, Recall: 0.19, Precision: 0.24
2023-06-19 16:25:52,660 - AUGCON - INFO - Epoch [9/50]-(0/22) Loss: 0.6829, Acc(1): 100.00, Acc(5): 100.00
2023-06-19 16:25:52,660 - AUGCON - INFO - Epoch [9/50]-(5/22) Loss: 0.6711, Acc(1): 100.00, Acc(5): 100.00
2023-06-19 16:25:52,660 - AUGCON - INFO - Epoch [9/50]-(10/22) Loss: 0.6892, Acc(1): 100.00, Acc(5): 100.00
2023-06-19 16:25:52,660 - AUGCON - INFO - Epoch [9/50]-(15/22) Loss: 0.8802, Acc(1): 75.00, Acc(5): 100.00
2023-06-19 16:25:52,660 - AUGCON - INFO - Epoch [9/50]-(20/22) Loss: 0.8524, Acc(1): 75.00, Acc(5): 100.00
2023-06-19 16:25:52,660 - AUGCON - INFO - 	Validation Loss: 0.7310, Acc(1): 84.00, Acc(5): 100.00, F1: 0.21, Recall: 0.20, Precision: 0.22
2023-06-19 16:25:52,660 - AUGCON - INFO - Epoch [10/50]-(0/22) Loss: 1.2152, Acc(1): 25.00, Acc(5): 100.00
2023-06-19 16:25:52,660 - AUGCON - INFO - Epoch [10/50]-(5/22) Loss: 0.6811, Acc(1): 75.00, Acc(5): 100.00
2023-06-19 16:25:52,660 - AUGCON - INFO - Epoch [10/50]-(10/22) Loss: 0.7938, Acc(1): 75.00, Acc(5): 100.00
2023-06-19 16:25:52,661 - AUGCON - INFO - Epoch [10/50]-(15/22) Loss: 0.3699, Acc(1): 100.00, Acc(5): 100.00
2023-06-19 16:25:52,661 - AUGCON - INFO - Epoch [10/50]-(20/22) Loss: 0.7231, Acc(1): 75.00, Acc(5): 100.00
2023-06-19 16:25:52,661 - AUGCON - INFO - 	Validation Loss: 0.6731, Acc(1): 86.00, Acc(5): 100.00, F1: 0.22, Recall: 0.20, Precision: 0.24
2023-06-19 16:25:52,661 - AUGCON - INFO - Epoch [11/50]-(0/22) Loss: 0.7539, Acc(1): 100.00, Acc(5): 100.00
2023-06-19 16:25:52,661 - AUGCON - INFO - Epoch [11/50]-(5/22) Loss: 0.6871, Acc(1): 100.00, Acc(5): 100.00
2023-06-19 16:25:52,661 - AUGCON - INFO - Epoch [11/50]-(10/22) Loss: 0.9945, Acc(1): 50.00, Acc(5): 100.00
2023-06-19 16:25:52,661 - AUGCON - INFO - Epoch [11/50]-(15/22) Loss: 0.8057, Acc(1): 75.00, Acc(5): 100.00
2023-06-19 16:25:52,661 - AUGCON - INFO - Epoch [11/50]-(20/22) Loss: 0.6312, Acc(1): 100.00, Acc(5): 100.00
2023-06-19 16:25:52,661 - AUGCON - INFO - 	Validation Loss: 0.6771, Acc(1): 88.00, Acc(5): 100.00, F1: 0.22, Recall: 0.20, Precision: 0.24
2023-06-19 16:25:52,661 - AUGCON - INFO - Epoch [12/50]-(0/22) Loss: 0.8507, Acc(1): 75.00, Acc(5): 100.00
2023-06-19 16:25:52,661 - AUGCON - INFO - Epoch [12/50]-(5/22) Loss: 0.4656, Acc(1): 100.00, Acc(5): 100.00
2023-06-19 16:25:52,661 - AUGCON - INFO - Epoch [12/50]-(10/22) Loss: 0.7464, Acc(1): 75.00, Acc(5): 100.00
2023-06-19 16:25:52,662 - AUGCON - INFO - Epoch [12/50]-(15/22) Loss: 0.4249, Acc(1): 100.00, Acc(5): 100.00
2023-06-19 16:25:52,662 - AUGCON - INFO - Epoch [12/50]-(20/22) Loss: 0.4947, Acc(1): 100.00, Acc(5): 100.00
2023-06-19 16:25:52,662 - AUGCON - INFO - 	Validation Loss: 0.6418, Acc(1): 82.00, Acc(5): 100.00, F1: 0.20, Recall: 0.19, Precision: 0.23
2023-06-19 16:25:52,662 - AUGCON - INFO - Epoch [13/50]-(0/22) Loss: 0.6595, Acc(1): 100.00, Acc(5): 100.00
2023-06-19 16:25:52,662 - AUGCON - INFO - Epoch [13/50]-(5/22) Loss: 0.3328, Acc(1): 100.00, Acc(5): 100.00
2023-06-19 16:25:52,662 - AUGCON - INFO - Epoch [13/50]-(10/22) Loss: 0.6526, Acc(1): 75.00, Acc(5): 100.00
2023-06-19 16:25:52,662 - AUGCON - INFO - Epoch [13/50]-(15/22) Loss: 0.7586, Acc(1): 75.00, Acc(5): 100.00
2023-06-19 16:25:52,662 - AUGCON - INFO - Epoch [13/50]-(20/22) Loss: 0.4900, Acc(1): 100.00, Acc(5): 100.00
2023-06-19 16:25:52,662 - AUGCON - INFO - 	Validation Loss: 0.6372, Acc(1): 86.00, Acc(5): 100.00, F1: 0.21, Recall: 0.20, Precision: 0.22
2023-06-19 16:25:52,662 - AUGCON - INFO - Epoch [14/50]-(0/22) Loss: 0.6533, Acc(1): 75.00, Acc(5): 100.00
2023-06-19 16:25:52,662 - AUGCON - INFO - Epoch [14/50]-(5/22) Loss: 0.6243, Acc(1): 50.00, Acc(5): 100.00
2023-06-19 16:25:52,662 - AUGCON - INFO - Epoch [14/50]-(10/22) Loss: 0.5428, Acc(1): 75.00, Acc(5): 100.00
2023-06-19 16:25:52,662 - AUGCON - INFO - Epoch [14/50]-(15/22) Loss: 0.6830, Acc(1): 75.00, Acc(5): 100.00
2023-06-19 16:25:52,663 - AUGCON - INFO - Epoch [14/50]-(20/22) Loss: 0.5559, Acc(1): 75.00, Acc(5): 100.00
2023-06-19 16:25:52,663 - AUGCON - INFO - 	Validation Loss: 0.6481, Acc(1): 89.00, Acc(5): 100.00, F1: 0.22, Recall: 0.21, Precision: 0.23
2023-06-19 16:25:52,663 - AUGCON - INFO - Epoch [15/50]-(0/22) Loss: 0.4286, Acc(1): 100.00, Acc(5): 100.00
2023-06-19 16:25:52,663 - AUGCON - INFO - Epoch [15/50]-(5/22) Loss: 0.5390, Acc(1): 100.00, Acc(5): 100.00
2023-06-19 16:25:52,663 - AUGCON - INFO - Epoch [15/50]-(10/22) Loss: 0.4541, Acc(1): 75.00, Acc(5): 100.00
2023-06-19 16:25:52,663 - AUGCON - INFO - Epoch [15/50]-(15/22) Loss: 0.4976, Acc(1): 75.00, Acc(5): 100.00
2023-06-19 16:25:52,663 - AUGCON - INFO - Epoch [15/50]-(20/22) Loss: 0.8501, Acc(1): 50.00, Acc(5): 100.00
2023-06-19 16:25:52,663 - AUGCON - INFO - 	Validation Loss: 0.6009, Acc(1): 88.00, Acc(5): 100.00, F1: 0.21, Recall: 0.20, Precision: 0.22
2023-06-19 16:25:52,663 - AUGCON - INFO - Epoch [16/50]-(0/22) Loss: 0.7508, Acc(1): 75.00, Acc(5): 100.00
2023-06-19 16:25:52,663 - AUGCON - INFO - Epoch [16/50]-(5/22) Loss: 0.3057, Acc(1): 100.00, Acc(5): 100.00
2023-06-19 16:25:52,663 - AUGCON - INFO - Epoch [16/50]-(10/22) Loss: 0.6019, Acc(1): 75.00, Acc(5): 100.00
2023-06-19 16:25:52,663 - AUGCON - INFO - Epoch [16/50]-(15/22) Loss: 0.5762, Acc(1): 75.00, Acc(5): 100.00
2023-06-19 16:25:52,663 - AUGCON - INFO - Epoch [16/50]-(20/22) Loss: 0.2177, Acc(1): 100.00, Acc(5): 100.00
2023-06-19 16:25:52,664 - AUGCON - INFO - 	Validation Loss: 0.5849, Acc(1): 90.00, Acc(5): 100.00, F1: 0.22, Recall: 0.21, Precision: 0.23
2023-06-19 16:25:52,664 - AUGCON - INFO - Epoch [17/50]-(0/22) Loss: 0.5594, Acc(1): 75.00, Acc(5): 100.00
2023-06-19 16:25:52,664 - AUGCON - INFO - Epoch [17/50]-(5/22) Loss: 0.8046, Acc(1): 100.00, Acc(5): 100.00
2023-06-19 16:25:52,664 - AUGCON - INFO - Epoch [17/50]-(10/22) Loss: 0.8571, Acc(1): 75.00, Acc(5): 100.00
2023-06-19 16:25:52,664 - AUGCON - INFO - Epoch [17/50]-(15/22) Loss: 0.3151, Acc(1): 100.00, Acc(5): 100.00
2023-06-19 16:25:52,664 - AUGCON - INFO - Epoch [17/50]-(20/22) Loss: 0.5747, Acc(1): 100.00, Acc(5): 100.00
2023-06-19 16:25:52,664 - AUGCON - INFO - 	Validation Loss: 0.5805, Acc(1): 89.00, Acc(5): 100.00, F1: 0.22, Recall: 0.21, Precision: 0.23
2023-06-19 16:25:52,664 - AUGCON - INFO - Epoch [18/50]-(0/22) Loss: 0.3842, Acc(1): 100.00, Acc(5): 100.00
2023-06-19 16:25:52,664 - AUGCON - INFO - Epoch [18/50]-(5/22) Loss: 1.1021, Acc(1): 75.00, Acc(5): 100.00
2023-06-19 16:25:52,664 - AUGCON - INFO - Epoch [18/50]-(10/22) Loss: 0.3285, Acc(1): 100.00, Acc(5): 100.00
2023-06-19 16:25:52,664 - AUGCON - INFO - Epoch [18/50]-(15/22) Loss: 0.7176, Acc(1): 75.00, Acc(5): 100.00
2023-06-19 16:25:52,664 - AUGCON - INFO - Epoch [18/50]-(20/22) Loss: 0.4965, Acc(1): 100.00, Acc(5): 100.00
2023-06-19 16:25:52,664 - AUGCON - INFO - 	Validation Loss: 0.5775, Acc(1): 90.00, Acc(5): 100.00, F1: 0.22, Recall: 0.21, Precision: 0.23
2023-06-19 16:25:52,664 - AUGCON - INFO - Epoch [19/50]-(0/22) Loss: 0.7648, Acc(1): 50.00, Acc(5): 100.00
2023-06-19 16:25:52,665 - AUGCON - INFO - Epoch [19/50]-(5/22) Loss: 0.5201, Acc(1): 100.00, Acc(5): 100.00
2023-06-19 16:25:52,665 - AUGCON - INFO - Epoch [19/50]-(10/22) Loss: 1.2217, Acc(1): 75.00, Acc(5): 100.00
2023-06-19 16:25:52,665 - AUGCON - INFO - Epoch [19/50]-(15/22) Loss: 0.5431, Acc(1): 100.00, Acc(5): 100.00
2023-06-19 16:25:52,665 - AUGCON - INFO - Epoch [19/50]-(20/22) Loss: 0.4389, Acc(1): 100.00, Acc(5): 100.00
2023-06-19 16:25:52,665 - AUGCON - INFO - 	Validation Loss: 0.5571, Acc(1): 91.00, Acc(5): 100.00, F1: 0.22, Recall: 0.21, Precision: 0.23
2023-06-19 16:25:52,665 - AUGCON - INFO - Epoch [20/50]-(0/22) Loss: 0.5246, Acc(1): 100.00, Acc(5): 100.00
2023-06-19 16:25:52,665 - AUGCON - INFO - Epoch [20/50]-(5/22) Loss: 0.2750, Acc(1): 100.00, Acc(5): 100.00
2023-06-19 16:25:52,665 - AUGCON - INFO - Epoch [20/50]-(10/22) Loss: 0.6590, Acc(1): 100.00, Acc(5): 100.00
2023-06-19 16:25:52,665 - AUGCON - INFO - Epoch [20/50]-(15/22) Loss: 0.5694, Acc(1): 75.00, Acc(5): 100.00
2023-06-19 16:25:52,665 - AUGCON - INFO - Epoch [20/50]-(20/22) Loss: 0.5516, Acc(1): 75.00, Acc(5): 100.00
2023-06-19 16:25:52,665 - AUGCON - INFO - 	Validation Loss: 0.5496, Acc(1): 88.00, Acc(5): 100.00, F1: 0.22, Recall: 0.20, Precision: 0.23
2023-06-19 16:25:52,665 - AUGCON - INFO - Epoch [21/50]-(0/22) Loss: 0.4321, Acc(1): 75.00, Acc(5): 100.00
2023-06-19 16:25:52,665 - AUGCON - INFO - Epoch [21/50]-(5/22) Loss: 0.3388, Acc(1): 100.00, Acc(5): 100.00
2023-06-19 16:25:52,665 - AUGCON - INFO - Epoch [21/50]-(10/22) Loss: 0.4180, Acc(1): 100.00, Acc(5): 100.00
2023-06-19 16:25:52,665 - AUGCON - INFO - Epoch [21/50]-(15/22) Loss: 0.7156, Acc(1): 75.00, Acc(5): 100.00
2023-06-19 16:25:52,666 - AUGCON - INFO - Epoch [21/50]-(20/22) Loss: 0.6275, Acc(1): 100.00, Acc(5): 100.00
2023-06-19 16:25:52,666 - AUGCON - INFO - 	Validation Loss: 0.5606, Acc(1): 86.00, Acc(5): 100.00, F1: 0.21, Recall: 0.20, Precision: 0.22
2023-06-19 16:25:52,666 - AUGCON - INFO - Epoch [22/50]-(0/22) Loss: 1.2495, Acc(1): 75.00, Acc(5): 100.00
2023-06-19 16:25:52,666 - AUGCON - INFO - Epoch [22/50]-(5/22) Loss: 0.6305, Acc(1): 100.00, Acc(5): 100.00
2023-06-19 16:25:52,666 - AUGCON - INFO - Epoch [22/50]-(10/22) Loss: 0.9056, Acc(1): 50.00, Acc(5): 100.00
2023-06-19 16:25:52,666 - AUGCON - INFO - Epoch [22/50]-(15/22) Loss: 0.3069, Acc(1): 100.00, Acc(5): 100.00
2023-06-19 16:25:52,666 - AUGCON - INFO - Epoch [22/50]-(20/22) Loss: 0.5508, Acc(1): 100.00, Acc(5): 100.00
2023-06-19 16:25:52,666 - AUGCON - INFO - 	Validation Loss: 0.5372, Acc(1): 91.00, Acc(5): 100.00, F1: 0.22, Recall: 0.21, Precision: 0.24
2023-06-19 16:25:52,666 - AUGCON - INFO - Epoch [23/50]-(0/22) Loss: 0.1237, Acc(1): 100.00, Acc(5): 100.00
2023-06-19 16:25:52,666 - AUGCON - INFO - Epoch [23/50]-(5/22) Loss: 0.4648, Acc(1): 100.00, Acc(5): 100.00
2023-06-19 16:25:52,666 - AUGCON - INFO - Epoch [23/50]-(10/22) Loss: 0.2326, Acc(1): 100.00, Acc(5): 100.00
2023-06-19 16:25:52,666 - AUGCON - INFO - Epoch [23/50]-(15/22) Loss: 0.6998, Acc(1): 75.00, Acc(5): 100.00
2023-06-19 16:25:52,666 - AUGCON - INFO - Epoch [23/50]-(20/22) Loss: 0.8297, Acc(1): 75.00, Acc(5): 100.00
2023-06-19 16:25:52,666 - AUGCON - INFO - 	Validation Loss: 0.5094, Acc(1): 87.00, Acc(5): 100.00, F1: 0.21, Recall: 0.20, Precision: 0.23
2023-06-19 16:25:52,666 - AUGCON - INFO - Epoch [24/50]-(0/22) Loss: 0.2314, Acc(1): 100.00, Acc(5): 100.00
2023-06-19 16:25:52,667 - AUGCON - INFO - Epoch [24/50]-(5/22) Loss: 1.2960, Acc(1): 75.00, Acc(5): 100.00
2023-06-19 16:25:52,667 - AUGCON - INFO - Epoch [24/50]-(10/22) Loss: 0.3880, Acc(1): 100.00, Acc(5): 100.00
2023-06-19 16:25:52,667 - AUGCON - INFO - Epoch [24/50]-(15/22) Loss: 0.5383, Acc(1): 100.00, Acc(5): 100.00
2023-06-19 16:25:52,667 - AUGCON - INFO - Epoch [24/50]-(20/22) Loss: 0.7796, Acc(1): 75.00, Acc(5): 100.00
2023-06-19 16:25:52,667 - AUGCON - INFO - 	Validation Loss: 0.5339, Acc(1): 87.00, Acc(5): 100.00, F1: 0.21, Recall: 0.20, Precision: 0.23
2023-06-19 16:25:52,667 - AUGCON - INFO - Epoch [25/50]-(0/22) Loss: 1.0521, Acc(1): 75.00, Acc(5): 100.00
2023-06-19 16:25:52,667 - AUGCON - INFO - Epoch [25/50]-(5/22) Loss: 0.1315, Acc(1): 100.00, Acc(5): 100.00
2023-06-19 16:25:52,667 - AUGCON - INFO - Epoch [25/50]-(10/22) Loss: 0.4929, Acc(1): 100.00, Acc(5): 100.00
2023-06-19 16:25:52,667 - AUGCON - INFO - Epoch [25/50]-(15/22) Loss: 0.6015, Acc(1): 75.00, Acc(5): 100.00
2023-06-19 16:25:52,667 - AUGCON - INFO - Epoch [25/50]-(20/22) Loss: 0.3528, Acc(1): 100.00, Acc(5): 100.00
2023-06-19 16:25:52,667 - AUGCON - INFO - 	Validation Loss: 0.5427, Acc(1): 88.00, Acc(5): 100.00, F1: 0.21, Recall: 0.20, Precision: 0.23
2023-06-19 16:25:52,667 - AUGCON - INFO - Epoch [26/50]-(0/22) Loss: 0.3067, Acc(1): 100.00, Acc(5): 100.00
2023-06-19 16:25:52,667 - AUGCON - INFO - Epoch [26/50]-(5/22) Loss: 0.6719, Acc(1): 75.00, Acc(5): 100.00
2023-06-19 16:25:52,667 - AUGCON - INFO - Epoch [26/50]-(10/22) Loss: 0.3413, Acc(1): 100.00, Acc(5): 100.00
2023-06-19 16:25:52,668 - AUGCON - INFO - Epoch [26/50]-(15/22) Loss: 1.0664, Acc(1): 75.00, Acc(5): 100.00
2023-06-19 16:25:52,668 - AUGCON - INFO - Epoch [26/50]-(20/22) Loss: 0.7378, Acc(1): 75.00, Acc(5): 100.00
2023-06-19 16:25:52,668 - AUGCON - INFO - 	Validation Loss: 0.5086, Acc(1): 89.00, Acc(5): 100.00, F1: 0.22, Recall: 0.21, Precision: 0.23
2023-06-19 16:25:52,668 - AUGCON - INFO - Epoch [27/50]-(0/22) Loss: 0.5284, Acc(1): 100.00, Acc(5): 100.00
2023-06-19 16:25:52,668 - AUGCON - INFO - Epoch [27/50]-(5/22) Loss: 0.1942, Acc(1): 100.00, Acc(5): 100.00
2023-06-19 16:25:52,668 - AUGCON - INFO - Epoch [27/50]-(10/22) Loss: 0.5738, Acc(1): 75.00, Acc(5): 100.00
2023-06-19 16:25:52,668 - AUGCON - INFO - Epoch [27/50]-(15/22) Loss: 0.1637, Acc(1): 100.00, Acc(5): 100.00
2023-06-19 16:25:52,668 - AUGCON - INFO - Epoch [27/50]-(20/22) Loss: 0.1719, Acc(1): 100.00, Acc(5): 100.00
2023-06-19 16:25:52,668 - AUGCON - INFO - 	Validation Loss: 0.5035, Acc(1): 89.00, Acc(5): 100.00, F1: 0.22, Recall: 0.21, Precision: 0.24
2023-06-19 16:25:52,668 - AUGCON - INFO - Epoch [28/50]-(0/22) Loss: 0.6126, Acc(1): 75.00, Acc(5): 100.00
2023-06-19 16:25:52,668 - AUGCON - INFO - Epoch [28/50]-(5/22) Loss: 0.2118, Acc(1): 100.00, Acc(5): 100.00
2023-06-19 16:25:52,668 - AUGCON - INFO - Epoch [28/50]-(10/22) Loss: 0.2871, Acc(1): 100.00, Acc(5): 100.00
2023-06-19 16:25:52,668 - AUGCON - INFO - Epoch [28/50]-(15/22) Loss: 0.2237, Acc(1): 100.00, Acc(5): 100.00
2023-06-19 16:25:52,668 - AUGCON - INFO - Epoch [28/50]-(20/22) Loss: 0.7040, Acc(1): 75.00, Acc(5): 100.00
2023-06-19 16:25:52,668 - AUGCON - INFO - 	Validation Loss: 0.5006, Acc(1): 90.00, Acc(5): 100.00, F1: 0.22, Recall: 0.21, Precision: 0.23
2023-06-19 16:25:52,668 - AUGCON - INFO - Epoch [29/50]-(0/22) Loss: 0.1665, Acc(1): 100.00, Acc(5): 100.00
2023-06-19 16:25:52,669 - AUGCON - INFO - Epoch [29/50]-(5/22) Loss: 0.7661, Acc(1): 50.00, Acc(5): 100.00
2023-06-19 16:25:52,669 - AUGCON - INFO - Epoch [29/50]-(10/22) Loss: 0.3897, Acc(1): 100.00, Acc(5): 100.00
2023-06-19 16:25:52,669 - AUGCON - INFO - Epoch [29/50]-(15/22) Loss: 0.2587, Acc(1): 100.00, Acc(5): 100.00
2023-06-19 16:25:52,669 - AUGCON - INFO - Epoch [29/50]-(20/22) Loss: 0.3444, Acc(1): 100.00, Acc(5): 100.00
2023-06-19 16:25:52,669 - AUGCON - INFO - 	Validation Loss: 0.5047, Acc(1): 90.00, Acc(5): 100.00, F1: 0.22, Recall: 0.21, Precision: 0.23
2023-06-19 16:25:52,669 - AUGCON - INFO - Epoch [30/50]-(0/22) Loss: 0.3848, Acc(1): 100.00, Acc(5): 100.00
2023-06-19 16:25:52,669 - AUGCON - INFO - Epoch [30/50]-(5/22) Loss: 0.2053, Acc(1): 100.00, Acc(5): 100.00
2023-06-19 16:25:52,669 - AUGCON - INFO - Epoch [30/50]-(10/22) Loss: 0.1144, Acc(1): 100.00, Acc(5): 100.00
2023-06-19 16:25:52,669 - AUGCON - INFO - Epoch [30/50]-(15/22) Loss: 0.8541, Acc(1): 75.00, Acc(5): 100.00
2023-06-19 16:25:52,669 - AUGCON - INFO - Epoch [30/50]-(20/22) Loss: 0.2739, Acc(1): 100.00, Acc(5): 100.00
2023-06-19 16:25:52,669 - AUGCON - INFO - 	Validation Loss: 0.5138, Acc(1): 87.00, Acc(5): 100.00, F1: 0.21, Recall: 0.20, Precision: 0.23
2023-06-19 16:25:52,669 - AUGCON - INFO - Epoch [31/50]-(0/22) Loss: 0.2053, Acc(1): 100.00, Acc(5): 100.00
2023-06-19 16:25:52,669 - AUGCON - INFO - Epoch [31/50]-(5/22) Loss: 0.3838, Acc(1): 100.00, Acc(5): 100.00
2023-06-19 16:25:52,669 - AUGCON - INFO - Epoch [31/50]-(10/22) Loss: 1.1128, Acc(1): 50.00, Acc(5): 100.00
2023-06-19 16:25:52,669 - AUGCON - INFO - Epoch [31/50]-(15/22) Loss: 0.2286, Acc(1): 100.00, Acc(5): 100.00
2023-06-19 16:25:52,670 - AUGCON - INFO - Epoch [31/50]-(20/22) Loss: 1.1764, Acc(1): 50.00, Acc(5): 100.00
2023-06-19 16:25:52,670 - AUGCON - INFO - 	Validation Loss: 0.5348, Acc(1): 91.00, Acc(5): 100.00, F1: 0.22, Recall: 0.21, Precision: 0.24
2023-06-19 16:25:52,670 - AUGCON - INFO - Epoch [32/50]-(0/22) Loss: 0.3374, Acc(1): 100.00, Acc(5): 100.00
2023-06-19 16:25:52,670 - AUGCON - INFO - Epoch [32/50]-(5/22) Loss: 0.2059, Acc(1): 100.00, Acc(5): 100.00
2023-06-19 16:25:52,670 - AUGCON - INFO - Epoch [32/50]-(10/22) Loss: 0.4528, Acc(1): 100.00, Acc(5): 100.00
2023-06-19 16:25:52,670 - AUGCON - INFO - Epoch [32/50]-(15/22) Loss: 0.4193, Acc(1): 100.00, Acc(5): 100.00
2023-06-19 16:25:52,670 - AUGCON - INFO - Epoch [32/50]-(20/22) Loss: 0.6324, Acc(1): 100.00, Acc(5): 100.00
2023-06-19 16:25:52,670 - AUGCON - INFO - 	Validation Loss: 0.4718, Acc(1): 90.00, Acc(5): 100.00, F1: 0.22, Recall: 0.21, Precision: 0.23
2023-06-19 16:25:52,670 - AUGCON - INFO - Epoch [33/50]-(0/22) Loss: 0.3645, Acc(1): 75.00, Acc(5): 100.00
2023-06-19 16:25:52,670 - AUGCON - INFO - Epoch [33/50]-(5/22) Loss: 0.3221, Acc(1): 100.00, Acc(5): 100.00
2023-06-19 16:25:52,670 - AUGCON - INFO - Epoch [33/50]-(10/22) Loss: 0.5184, Acc(1): 75.00, Acc(5): 100.00
2023-06-19 16:25:52,670 - AUGCON - INFO - Epoch [33/50]-(15/22) Loss: 0.3118, Acc(1): 100.00, Acc(5): 100.00
2023-06-19 16:25:52,670 - AUGCON - INFO - Epoch [33/50]-(20/22) Loss: 0.3826, Acc(1): 100.00, Acc(5): 100.00
2023-06-19 16:25:52,670 - AUGCON - INFO - 	Validation Loss: 0.5104, Acc(1): 89.00, Acc(5): 100.00, F1: 0.22, Recall: 0.21, Precision: 0.23
2023-06-19 16:25:52,670 - AUGCON - INFO - Epoch [34/50]-(0/22) Loss: 0.2519, Acc(1): 100.00, Acc(5): 100.00
2023-06-19 16:25:52,671 - AUGCON - INFO - Epoch [34/50]-(5/22) Loss: 0.7724, Acc(1): 50.00, Acc(5): 100.00
2023-06-19 16:25:52,671 - AUGCON - INFO - Epoch [34/50]-(10/22) Loss: 0.3985, Acc(1): 100.00, Acc(5): 100.00
2023-06-19 16:25:52,671 - AUGCON - INFO - Epoch [34/50]-(15/22) Loss: 0.1597, Acc(1): 100.00, Acc(5): 100.00
2023-06-19 16:25:52,671 - AUGCON - INFO - Epoch [34/50]-(20/22) Loss: 0.2196, Acc(1): 100.00, Acc(5): 100.00
2023-06-19 16:25:52,671 - AUGCON - INFO - 	Validation Loss: 0.5220, Acc(1): 90.00, Acc(5): 100.00, F1: 0.22, Recall: 0.21, Precision: 0.23
2023-06-19 16:25:52,671 - AUGCON - INFO - Epoch [35/50]-(0/22) Loss: 0.2165, Acc(1): 100.00, Acc(5): 100.00
2023-06-19 16:25:52,671 - AUGCON - INFO - Epoch [35/50]-(5/22) Loss: 0.3493, Acc(1): 100.00, Acc(5): 100.00
2023-06-19 16:25:52,671 - AUGCON - INFO - Epoch [35/50]-(10/22) Loss: 0.6599, Acc(1): 75.00, Acc(5): 100.00
2023-06-19 16:25:52,671 - AUGCON - INFO - Epoch [35/50]-(15/22) Loss: 0.9547, Acc(1): 75.00, Acc(5): 100.00
2023-06-19 16:25:52,671 - AUGCON - INFO - Epoch [35/50]-(20/22) Loss: 0.1029, Acc(1): 100.00, Acc(5): 100.00
2023-06-19 16:25:52,671 - AUGCON - INFO - 	Validation Loss: 0.5078, Acc(1): 90.00, Acc(5): 100.00, F1: 0.22, Recall: 0.21, Precision: 0.23
2023-06-19 16:25:52,671 - AUGCON - INFO - Epoch [36/50]-(0/22) Loss: 0.4455, Acc(1): 75.00, Acc(5): 100.00
2023-06-19 16:25:52,671 - AUGCON - INFO - Epoch [36/50]-(5/22) Loss: 0.3605, Acc(1): 100.00, Acc(5): 100.00
2023-06-19 16:25:52,671 - AUGCON - INFO - Epoch [36/50]-(10/22) Loss: 0.1946, Acc(1): 100.00, Acc(5): 100.00
2023-06-19 16:25:52,672 - AUGCON - INFO - Epoch [36/50]-(15/22) Loss: 0.5868, Acc(1): 100.00, Acc(5): 100.00
2023-06-19 16:25:52,672 - AUGCON - INFO - Epoch [36/50]-(20/22) Loss: 0.4173, Acc(1): 100.00, Acc(5): 100.00
2023-06-19 16:25:52,672 - AUGCON - INFO - 	Validation Loss: 0.4796, Acc(1): 91.00, Acc(5): 100.00, F1: 0.22, Recall: 0.21, Precision: 0.23
2023-06-19 16:25:52,672 - AUGCON - INFO - Epoch [37/50]-(0/22) Loss: 0.2945, Acc(1): 100.00, Acc(5): 100.00
2023-06-19 16:25:52,672 - AUGCON - INFO - Epoch [37/50]-(5/22) Loss: 0.2508, Acc(1): 100.00, Acc(5): 100.00
2023-06-19 16:25:52,672 - AUGCON - INFO - Epoch [37/50]-(10/22) Loss: 0.1567, Acc(1): 100.00, Acc(5): 100.00
2023-06-19 16:25:52,672 - AUGCON - INFO - Epoch [37/50]-(15/22) Loss: 0.9992, Acc(1): 75.00, Acc(5): 100.00
2023-06-19 16:25:52,672 - AUGCON - INFO - Epoch [37/50]-(20/22) Loss: 0.2957, Acc(1): 100.00, Acc(5): 100.00
2023-06-19 16:25:52,672 - AUGCON - INFO - 	Validation Loss: 0.5025, Acc(1): 90.00, Acc(5): 100.00, F1: 0.22, Recall: 0.21, Precision: 0.23
2023-06-19 16:25:52,672 - AUGCON - INFO - Epoch [38/50]-(0/22) Loss: 0.1596, Acc(1): 100.00, Acc(5): 100.00
2023-06-19 16:25:52,672 - AUGCON - INFO - Epoch [38/50]-(5/22) Loss: 0.2623, Acc(1): 100.00, Acc(5): 100.00
2023-06-19 16:25:52,672 - AUGCON - INFO - Epoch [38/50]-(10/22) Loss: 1.4690, Acc(1): 50.00, Acc(5): 100.00
2023-06-19 16:25:52,672 - AUGCON - INFO - Epoch [38/50]-(15/22) Loss: 0.2328, Acc(1): 100.00, Acc(5): 100.00
2023-06-19 16:25:52,672 - AUGCON - INFO - Epoch [38/50]-(20/22) Loss: 0.4916, Acc(1): 75.00, Acc(5): 100.00
2023-06-19 16:25:52,672 - AUGCON - INFO - 	Validation Loss: 0.4907, Acc(1): 92.00, Acc(5): 100.00, F1: 0.22, Recall: 0.21, Precision: 0.24
2023-06-19 16:25:52,673 - AUGCON - INFO - Epoch [39/50]-(0/22) Loss: 0.4058, Acc(1): 100.00, Acc(5): 100.00
2023-06-19 16:25:52,673 - AUGCON - INFO - Epoch [39/50]-(5/22) Loss: 0.3405, Acc(1): 100.00, Acc(5): 100.00
2023-06-19 16:25:52,673 - AUGCON - INFO - Epoch [39/50]-(10/22) Loss: 0.6503, Acc(1): 75.00, Acc(5): 100.00
2023-06-19 16:25:52,673 - AUGCON - INFO - Epoch [39/50]-(15/22) Loss: 0.3128, Acc(1): 100.00, Acc(5): 100.00
2023-06-19 16:25:52,673 - AUGCON - INFO - Epoch [39/50]-(20/22) Loss: 0.1728, Acc(1): 100.00, Acc(5): 100.00
2023-06-19 16:25:52,673 - AUGCON - INFO - 	Validation Loss: 0.4816, Acc(1): 90.00, Acc(5): 100.00, F1: 0.22, Recall: 0.21, Precision: 0.23
2023-06-19 16:25:52,673 - AUGCON - INFO - Epoch [40/50]-(0/22) Loss: 0.5253, Acc(1): 100.00, Acc(5): 100.00
2023-06-19 16:25:52,673 - AUGCON - INFO - Epoch [40/50]-(5/22) Loss: 0.1048, Acc(1): 100.00, Acc(5): 100.00
2023-06-19 16:25:52,673 - AUGCON - INFO - Epoch [40/50]-(10/22) Loss: 0.4178, Acc(1): 100.00, Acc(5): 100.00
2023-06-19 16:25:52,673 - AUGCON - INFO - Epoch [40/50]-(15/22) Loss: 0.2221, Acc(1): 100.00, Acc(5): 100.00
2023-06-19 16:25:52,673 - AUGCON - INFO - Epoch [40/50]-(20/22) Loss: 0.4247, Acc(1): 75.00, Acc(5): 100.00
2023-06-19 16:25:52,673 - AUGCON - INFO - 	Validation Loss: 0.5096, Acc(1): 89.00, Acc(5): 100.00, F1: 0.22, Recall: 0.21, Precision: 0.24
2023-06-19 16:25:52,673 - AUGCON - INFO - Epoch [41/50]-(0/22) Loss: 0.4900, Acc(1): 100.00, Acc(5): 100.00
2023-06-19 16:25:52,673 - AUGCON - INFO - Epoch [41/50]-(5/22) Loss: 0.2861, Acc(1): 100.00, Acc(5): 100.00
2023-06-19 16:25:52,673 - AUGCON - INFO - Epoch [41/50]-(10/22) Loss: 0.4463, Acc(1): 75.00, Acc(5): 100.00
2023-06-19 16:25:52,674 - AUGCON - INFO - Epoch [41/50]-(15/22) Loss: 0.4443, Acc(1): 100.00, Acc(5): 100.00
2023-06-19 16:25:52,674 - AUGCON - INFO - Epoch [41/50]-(20/22) Loss: 0.1168, Acc(1): 100.00, Acc(5): 100.00
2023-06-19 16:25:52,674 - AUGCON - INFO - 	Validation Loss: 0.4907, Acc(1): 89.00, Acc(5): 100.00, F1: 0.22, Recall: 0.21, Precision: 0.23
2023-06-19 16:25:52,674 - AUGCON - INFO - Epoch [42/50]-(0/22) Loss: 0.4613, Acc(1): 75.00, Acc(5): 100.00
2023-06-19 16:25:52,674 - AUGCON - INFO - Epoch [42/50]-(5/22) Loss: 0.1273, Acc(1): 100.00, Acc(5): 100.00
2023-06-19 16:25:52,674 - AUGCON - INFO - Epoch [42/50]-(10/22) Loss: 0.2702, Acc(1): 100.00, Acc(5): 100.00
2023-06-19 16:25:52,674 - AUGCON - INFO - Epoch [42/50]-(15/22) Loss: 0.0757, Acc(1): 100.00, Acc(5): 100.00
2023-06-19 16:25:52,674 - AUGCON - INFO - Epoch [42/50]-(20/22) Loss: 0.2209, Acc(1): 100.00, Acc(5): 100.00
2023-06-19 16:25:52,674 - AUGCON - INFO - 	Validation Loss: 0.4902, Acc(1): 90.00, Acc(5): 100.00, F1: 0.22, Recall: 0.21, Precision: 0.23
2023-06-19 16:25:52,674 - AUGCON - INFO - Epoch [43/50]-(0/22) Loss: 0.2697, Acc(1): 100.00, Acc(5): 100.00
2023-06-19 16:25:52,674 - AUGCON - INFO - Epoch [43/50]-(5/22) Loss: 0.1785, Acc(1): 100.00, Acc(5): 100.00
2023-06-19 16:25:52,674 - AUGCON - INFO - Epoch [43/50]-(10/22) Loss: 0.1637, Acc(1): 100.00, Acc(5): 100.00
2023-06-19 16:25:52,674 - AUGCON - INFO - Epoch [43/50]-(15/22) Loss: 0.2153, Acc(1): 100.00, Acc(5): 100.00
2023-06-19 16:25:52,674 - AUGCON - INFO - Epoch [43/50]-(20/22) Loss: 1.1330, Acc(1): 75.00, Acc(5): 100.00
2023-06-19 16:25:52,674 - AUGCON - INFO - 	Validation Loss: 0.4997, Acc(1): 89.00, Acc(5): 100.00, F1: 0.22, Recall: 0.21, Precision: 0.23
2023-06-19 16:25:52,674 - AUGCON - INFO - Epoch [44/50]-(0/22) Loss: 0.4366, Acc(1): 75.00, Acc(5): 100.00
2023-06-19 16:25:52,675 - AUGCON - INFO - Epoch [44/50]-(5/22) Loss: 0.6513, Acc(1): 75.00, Acc(5): 100.00
2023-06-19 16:25:52,675 - AUGCON - INFO - Epoch [44/50]-(10/22) Loss: 0.4194, Acc(1): 75.00, Acc(5): 100.00
2023-06-19 16:25:52,675 - AUGCON - INFO - Epoch [44/50]-(15/22) Loss: 0.3044, Acc(1): 100.00, Acc(5): 100.00
2023-06-19 16:25:52,675 - AUGCON - INFO - Epoch [44/50]-(20/22) Loss: 0.1349, Acc(1): 100.00, Acc(5): 100.00
2023-06-19 16:25:52,675 - AUGCON - INFO - 	Validation Loss: 0.4629, Acc(1): 91.00, Acc(5): 100.00, F1: 0.22, Recall: 0.21, Precision: 0.23
2023-06-19 16:25:52,675 - AUGCON - INFO - Epoch [45/50]-(0/22) Loss: 0.5011, Acc(1): 75.00, Acc(5): 100.00
2023-06-19 16:25:52,675 - AUGCON - INFO - Epoch [45/50]-(5/22) Loss: 0.1285, Acc(1): 100.00, Acc(5): 100.00
2023-06-19 16:25:52,675 - AUGCON - INFO - Epoch [45/50]-(10/22) Loss: 0.0792, Acc(1): 100.00, Acc(5): 100.00
2023-06-19 16:25:52,675 - AUGCON - INFO - Epoch [45/50]-(15/22) Loss: 0.4136, Acc(1): 100.00, Acc(5): 100.00
2023-06-19 16:25:52,675 - AUGCON - INFO - Epoch [45/50]-(20/22) Loss: 0.3883, Acc(1): 100.00, Acc(5): 100.00
2023-06-19 16:25:52,675 - AUGCON - INFO - 	Validation Loss: 0.4760, Acc(1): 90.00, Acc(5): 100.00, F1: 0.22, Recall: 0.21, Precision: 0.23
2023-06-19 16:25:52,675 - AUGCON - INFO - Epoch [46/50]-(0/22) Loss: 0.2690, Acc(1): 100.00, Acc(5): 100.00
2023-06-19 16:25:52,675 - AUGCON - INFO - Epoch [46/50]-(5/22) Loss: 0.1578, Acc(1): 100.00, Acc(5): 100.00
2023-06-19 16:25:52,675 - AUGCON - INFO - Epoch [46/50]-(10/22) Loss: 0.0374, Acc(1): 100.00, Acc(5): 100.00
2023-06-19 16:25:52,675 - AUGCON - INFO - Epoch [46/50]-(15/22) Loss: 0.2486, Acc(1): 100.00, Acc(5): 100.00
2023-06-19 16:25:52,675 - AUGCON - INFO - Epoch [46/50]-(20/22) Loss: 0.0913, Acc(1): 100.00, Acc(5): 100.00
2023-06-19 16:25:52,676 - AUGCON - INFO - 	Validation Loss: 0.5333, Acc(1): 91.00, Acc(5): 100.00, F1: 0.22, Recall: 0.21, Precision: 0.23
2023-06-19 16:25:52,676 - AUGCON - INFO - Epoch [47/50]-(0/22) Loss: 0.2780, Acc(1): 100.00, Acc(5): 100.00
2023-06-19 16:25:52,676 - AUGCON - INFO - Epoch [47/50]-(5/22) Loss: 0.2349, Acc(1): 100.00, Acc(5): 100.00
2023-06-19 16:25:52,676 - AUGCON - INFO - Epoch [47/50]-(10/22) Loss: 0.1214, Acc(1): 100.00, Acc(5): 100.00
2023-06-19 16:25:52,676 - AUGCON - INFO - Epoch [47/50]-(15/22) Loss: 0.0846, Acc(1): 100.00, Acc(5): 100.00
2023-06-19 16:25:52,676 - AUGCON - INFO - Epoch [47/50]-(20/22) Loss: 0.1680, Acc(1): 100.00, Acc(5): 100.00
2023-06-19 16:25:52,676 - AUGCON - INFO - 	Validation Loss: 0.4807, Acc(1): 90.00, Acc(5): 100.00, F1: 0.22, Recall: 0.21, Precision: 0.23
2023-06-19 16:25:52,676 - AUGCON - INFO - Epoch [48/50]-(0/22) Loss: 0.1506, Acc(1): 100.00, Acc(5): 100.00
2023-06-19 16:25:52,676 - AUGCON - INFO - Epoch [48/50]-(5/22) Loss: 0.2600, Acc(1): 100.00, Acc(5): 100.00
2023-06-19 16:25:52,676 - AUGCON - INFO - Epoch [48/50]-(10/22) Loss: 0.3813, Acc(1): 100.00, Acc(5): 100.00
2023-06-19 16:25:52,676 - AUGCON - INFO - Epoch [48/50]-(15/22) Loss: 0.1823, Acc(1): 100.00, Acc(5): 100.00
2023-06-19 16:25:52,676 - AUGCON - INFO - Epoch [48/50]-(20/22) Loss: 0.4242, Acc(1): 100.00, Acc(5): 100.00
2023-06-19 16:25:52,676 - AUGCON - INFO - 	Validation Loss: 0.5098, Acc(1): 92.00, Acc(5): 100.00, F1: 0.23, Recall: 0.21, Precision: 0.24
2023-06-19 16:25:52,677 - AUGCON - INFO - Epoch [49/50]-(0/22) Loss: 0.2594, Acc(1): 100.00, Acc(5): 100.00
2023-06-19 16:25:52,677 - AUGCON - INFO - Epoch [49/50]-(5/22) Loss: 0.1496, Acc(1): 100.00, Acc(5): 100.00
2023-06-19 16:25:52,677 - AUGCON - INFO - Epoch [49/50]-(10/22) Loss: 0.3079, Acc(1): 100.00, Acc(5): 100.00
2023-06-19 16:25:52,677 - AUGCON - INFO - Epoch [49/50]-(15/22) Loss: 0.3187, Acc(1): 100.00, Acc(5): 100.00
2023-06-19 16:25:52,677 - AUGCON - INFO - Epoch [49/50]-(20/22) Loss: 0.1159, Acc(1): 100.00, Acc(5): 100.00
2023-06-19 16:25:52,677 - AUGCON - INFO - 	Validation Loss: 0.5288, Acc(1): 92.00, Acc(5): 100.00, F1: 0.23, Recall: 0.21, Precision: 0.24
2023-06-19 16:25:52,677 - AUGCON - INFO - Epoch [50/50]-(0/22) Loss: 0.2680, Acc(1): 100.00, Acc(5): 100.00
2023-06-19 16:25:52,677 - AUGCON - INFO - Epoch [50/50]-(5/22) Loss: 0.3586, Acc(1): 100.00, Acc(5): 100.00
2023-06-19 16:25:52,677 - AUGCON - INFO - Epoch [50/50]-(10/22) Loss: 0.3234, Acc(1): 100.00, Acc(5): 100.00
2023-06-19 16:25:52,677 - AUGCON - INFO - Epoch [50/50]-(15/22) Loss: 0.1383, Acc(1): 100.00, Acc(5): 100.00
2023-06-19 16:25:52,677 - AUGCON - INFO - Epoch [50/50]-(20/22) Loss: 0.2384, Acc(1): 100.00, Acc(5): 100.00
2023-06-19 16:25:52,677 - AUGCON - INFO - 	Validation Loss: 0.4848, Acc(1): 91.00, Acc(5): 100.00, F1: 0.22, Recall: 0.21, Precision: 0.24
2023-06-19 16:25:52,677 - AUGCON - INFO - 	Validation Loss: 0.4630, Acc(1): 89.00, Acc(5): 99.67, F1: 0.21, Recall: 0.20, Precision: 0.22
