2023-06-19 16:19:16,471 - AUGCON - INFO - logger initialized (/home/hjyoon/projects/augcon/config/exp0/finetune_da_false/without_target_domain_PH0041-hmkim/cpc_perdomain_8421/tgt_target_domain_PH0014-wjlee_seed0.yaml.log)
2023-06-19 16:19:16,472 - AUGCON - INFO - ================= Config =================
2023-06-19 16:19:16,472 - AUGCON - INFO -   mode: finetune
2023-06-19 16:19:16,472 - AUGCON - INFO -   seed: 0
2023-06-19 16:19:16,472 - AUGCON - INFO -   gpu: [5]
2023-06-19 16:19:16,472 - AUGCON - INFO -   num_workers: 1
2023-06-19 16:19:16,472 - AUGCON - INFO -   dist_url: tcp://localhost:10001
2023-06-19 16:19:16,472 - AUGCON - INFO -   dataset_name: ichar
2023-06-19 16:19:16,472 - AUGCON - INFO -   train_dataset_path: /mnt/sting/hjyoon/projects/cross/ICHAR/augcon/target_domain_PH0014-wjlee/finetune/10shot/target/train.pkl
2023-06-19 16:19:16,472 - AUGCON - INFO -   test_dataset_path: /mnt/sting/hjyoon/projects/cross/ICHAR/augcon/target_domain_PH0014-wjlee/finetune/10shot/target/test.pkl
2023-06-19 16:19:16,472 - AUGCON - INFO -   val_dataset_path: /mnt/sting/hjyoon/projects/cross/ICHAR/augcon/target_domain_PH0014-wjlee/finetune/10shot/target/val.pkl
2023-06-19 16:19:16,472 - AUGCON - INFO -   input_channels: 3
2023-06-19 16:19:16,472 - AUGCON - INFO -   num_cls: 9
2023-06-19 16:19:16,472 - AUGCON - INFO -   optimizer: adam
2023-06-19 16:19:16,472 - AUGCON - INFO -   criterion: crossentropy
2023-06-19 16:19:16,472 - AUGCON - INFO -   start_epoch: 0
2023-06-19 16:19:16,472 - AUGCON - INFO -   epochs: 50
2023-06-19 16:19:16,472 - AUGCON - INFO -   batch_size: 4
2023-06-19 16:19:16,472 - AUGCON - INFO -   lr: 0.001
2023-06-19 16:19:16,472 - AUGCON - INFO -   wd: 0.0
2023-06-19 16:19:16,472 - AUGCON - INFO -   resume: 
2023-06-19 16:19:16,472 - AUGCON - INFO -   pretrained: /mnt/sting/hjyoon/projects/augcontrast/models/exp0/pretrain/without_target_domain_PH0041-hmkim/cpc_perdomain_8421//checkpoint_0099.pth.tar
2023-06-19 16:19:16,472 - AUGCON - INFO -   ckpt_dir: /mnt/sting/hjyoon/projects/augcontrast/models/exp0/finetune_da_false/without_target_domain_PH0041-hmkim/cpc_perdomain_8421/tgt_target_domain_PH0014-wjlee_seed0
2023-06-19 16:19:16,472 - AUGCON - INFO -   log_freq: 5
2023-06-19 16:19:16,472 - AUGCON - INFO -   save_freq: 10
2023-06-19 16:19:16,472 - AUGCON - INFO -   pretext: metacpc
2023-06-19 16:19:16,472 - AUGCON - INFO -   enc_blocks: 4
2023-06-19 16:19:16,472 - AUGCON - INFO -   kernel_sizes: [8, 4, 2, 1]
2023-06-19 16:19:16,472 - AUGCON - INFO -   strides: [4, 2, 1, 1]
2023-06-19 16:19:16,472 - AUGCON - INFO -   agg_blocks: 5
2023-06-19 16:19:16,472 - AUGCON - INFO -   z_dim: 256
2023-06-19 16:19:16,472 - AUGCON - INFO -   pooling: mean
2023-06-19 16:19:16,472 - AUGCON - INFO -   pred_steps: 12
2023-06-19 16:19:16,472 - AUGCON - INFO -   n_negatives: 15
2023-06-19 16:19:16,472 - AUGCON - INFO -   offset: 4
2023-06-19 16:19:16,472 - AUGCON - INFO -   domain_adaptation: False
2023-06-19 16:19:16,472 - AUGCON - INFO -   task_steps: 10
2023-06-19 16:19:16,473 - AUGCON - INFO -   task_lr: 0.001
2023-06-19 16:19:16,473 - AUGCON - INFO -   reg_lambda: 0
2023-06-19 16:19:16,473 - AUGCON - INFO -   mlp: False
2023-06-19 16:19:16,473 - AUGCON - INFO -   freeze: True
2023-06-19 16:19:16,473 - AUGCON - INFO -   no_vars: True
2023-06-19 16:19:16,473 - AUGCON - INFO - ==========================================
2023-06-19 16:19:16,473 - AUGCON - INFO - Setting GPUs: [5]
2023-06-19 16:19:16,473 - AUGCON - INFO - GPUs [5] will be used
2023-06-19 16:19:16,473 - AUGCON - WARNING - You have chosen to seed training. 
2023-06-19 16:19:16,473 - AUGCON - WARNING - This will turn on the CUDNN deterministic setting, 
2023-06-19 16:19:16,473 - AUGCON - WARNING - which can slow down your training considerably! 
2023-06-19 16:19:16,473 - AUGCON - WARNING - You may see unexpected behavior when restarting 
2023-06-19 16:19:16,473 - AUGCON - WARNING - from checkpoints.
2023-06-19 16:19:16,501 - AUGCON - INFO - Executing MetaCPC
2023-06-19 16:19:16,502 - AUGCON - INFO - Logs are skipped during training
2023-06-19 16:19:31,725 - AUGCON - INFO - Single GPU is used for training - training 90 instances for each worker
2023-06-19 16:19:31,725 - AUGCON - INFO - Loading pretrained model from checkpoint - /mnt/sting/hjyoon/projects/augcontrast/models/exp0/pretrain/without_target_domain_PH0041-hmkim/cpc_perdomain_8421//checkpoint_0099.pth.tar
2023-06-19 16:19:31,725 - AUGCON - INFO - Missing keys: ['predictor.vars.0', 'predictor.vars.1']
2023-06-19 16:19:31,725 - AUGCON - INFO - Loading encoder parameters to the classifier
2023-06-19 16:19:31,725 - AUGCON - INFO - Missing keys: ['classifier.block.0.weight', 'classifier.block.0.bias']
2023-06-19 16:19:31,725 - AUGCON - INFO - Epoch [1/50]-(0/22) Loss: 2.2256, Acc(1): 0.00, Acc(5): 75.00
2023-06-19 16:19:31,725 - AUGCON - INFO - Epoch [1/50]-(5/22) Loss: 2.0715, Acc(1): 0.00, Acc(5): 100.00
2023-06-19 16:19:31,725 - AUGCON - INFO - Epoch [1/50]-(10/22) Loss: 2.5725, Acc(1): 25.00, Acc(5): 50.00
2023-06-19 16:19:31,725 - AUGCON - INFO - Epoch [1/50]-(15/22) Loss: 2.2396, Acc(1): 25.00, Acc(5): 50.00
2023-06-19 16:19:31,725 - AUGCON - INFO - Epoch [1/50]-(20/22) Loss: 1.8852, Acc(1): 25.00, Acc(5): 75.00
2023-06-19 16:19:31,725 - AUGCON - INFO - 	Validation Loss: 1.7774, Acc(1): 30.00, Acc(5): 94.00, F1: 0.07, Recall: 0.07, Precision: 0.08
2023-06-19 16:19:31,726 - AUGCON - INFO - Epoch [2/50]-(0/22) Loss: 1.8463, Acc(1): 25.00, Acc(5): 100.00
2023-06-19 16:19:31,726 - AUGCON - INFO - Epoch [2/50]-(5/22) Loss: 2.1231, Acc(1): 25.00, Acc(5): 75.00
2023-06-19 16:19:31,726 - AUGCON - INFO - Epoch [2/50]-(10/22) Loss: 1.6855, Acc(1): 25.00, Acc(5): 100.00
2023-06-19 16:19:31,726 - AUGCON - INFO - Epoch [2/50]-(15/22) Loss: 1.7252, Acc(1): 25.00, Acc(5): 100.00
2023-06-19 16:19:31,726 - AUGCON - INFO - Epoch [2/50]-(20/22) Loss: 1.2064, Acc(1): 50.00, Acc(5): 100.00
2023-06-19 16:19:31,726 - AUGCON - INFO - 	Validation Loss: 1.5411, Acc(1): 46.00, Acc(5): 94.00, F1: 0.09, Recall: 0.09, Precision: 0.09
2023-06-19 16:19:31,726 - AUGCON - INFO - Epoch [3/50]-(0/22) Loss: 1.7119, Acc(1): 50.00, Acc(5): 75.00
2023-06-19 16:19:31,726 - AUGCON - INFO - Epoch [3/50]-(5/22) Loss: 1.9456, Acc(1): 25.00, Acc(5): 75.00
2023-06-19 16:19:31,726 - AUGCON - INFO - Epoch [3/50]-(10/22) Loss: 1.7082, Acc(1): 0.00, Acc(5): 100.00
2023-06-19 16:19:31,726 - AUGCON - INFO - Epoch [3/50]-(15/22) Loss: 1.6511, Acc(1): 25.00, Acc(5): 100.00
2023-06-19 16:19:31,726 - AUGCON - INFO - Epoch [3/50]-(20/22) Loss: 1.4833, Acc(1): 50.00, Acc(5): 100.00
2023-06-19 16:19:31,726 - AUGCON - INFO - 	Validation Loss: 1.4198, Acc(1): 57.00, Acc(5): 95.00, F1: 0.12, Recall: 0.11, Precision: 0.15
2023-06-19 16:19:31,726 - AUGCON - INFO - Epoch [4/50]-(0/22) Loss: 1.1431, Acc(1): 75.00, Acc(5): 100.00
2023-06-19 16:19:31,726 - AUGCON - INFO - Epoch [4/50]-(5/22) Loss: 1.2630, Acc(1): 50.00, Acc(5): 100.00
2023-06-19 16:19:31,726 - AUGCON - INFO - Epoch [4/50]-(10/22) Loss: 1.0743, Acc(1): 100.00, Acc(5): 100.00
2023-06-19 16:19:31,726 - AUGCON - INFO - Epoch [4/50]-(15/22) Loss: 1.1548, Acc(1): 75.00, Acc(5): 100.00
2023-06-19 16:19:31,727 - AUGCON - INFO - Epoch [4/50]-(20/22) Loss: 1.5011, Acc(1): 50.00, Acc(5): 100.00
2023-06-19 16:19:31,727 - AUGCON - INFO - 	Validation Loss: 1.3336, Acc(1): 61.00, Acc(5): 93.00, F1: 0.12, Recall: 0.12, Precision: 0.12
2023-06-19 16:19:31,727 - AUGCON - INFO - Epoch [5/50]-(0/22) Loss: 1.2481, Acc(1): 25.00, Acc(5): 100.00
2023-06-19 16:19:31,727 - AUGCON - INFO - Epoch [5/50]-(5/22) Loss: 0.9898, Acc(1): 75.00, Acc(5): 100.00
2023-06-19 16:19:31,727 - AUGCON - INFO - Epoch [5/50]-(10/22) Loss: 0.8622, Acc(1): 75.00, Acc(5): 100.00
2023-06-19 16:19:31,727 - AUGCON - INFO - Epoch [5/50]-(15/22) Loss: 1.1371, Acc(1): 50.00, Acc(5): 100.00
2023-06-19 16:19:31,727 - AUGCON - INFO - Epoch [5/50]-(20/22) Loss: 0.9340, Acc(1): 100.00, Acc(5): 100.00
2023-06-19 16:19:31,727 - AUGCON - INFO - 	Validation Loss: 1.2996, Acc(1): 58.00, Acc(5): 95.00, F1: 0.12, Recall: 0.11, Precision: 0.14
2023-06-19 16:19:31,727 - AUGCON - INFO - Epoch [6/50]-(0/22) Loss: 1.1658, Acc(1): 75.00, Acc(5): 100.00
2023-06-19 16:19:31,727 - AUGCON - INFO - Epoch [6/50]-(5/22) Loss: 1.5484, Acc(1): 25.00, Acc(5): 100.00
2023-06-19 16:19:31,727 - AUGCON - INFO - Epoch [6/50]-(10/22) Loss: 0.9932, Acc(1): 50.00, Acc(5): 100.00
2023-06-19 16:19:31,727 - AUGCON - INFO - Epoch [6/50]-(15/22) Loss: 1.3352, Acc(1): 75.00, Acc(5): 75.00
2023-06-19 16:19:31,727 - AUGCON - INFO - Epoch [6/50]-(20/22) Loss: 1.1385, Acc(1): 25.00, Acc(5): 100.00
2023-06-19 16:19:31,727 - AUGCON - INFO - 	Validation Loss: 1.2635, Acc(1): 59.00, Acc(5): 94.00, F1: 0.12, Recall: 0.11, Precision: 0.13
2023-06-19 16:19:31,727 - AUGCON - INFO - Epoch [7/50]-(0/22) Loss: 1.6269, Acc(1): 50.00, Acc(5): 100.00
2023-06-19 16:19:31,727 - AUGCON - INFO - Epoch [7/50]-(5/22) Loss: 1.2138, Acc(1): 50.00, Acc(5): 100.00
2023-06-19 16:19:31,728 - AUGCON - INFO - Epoch [7/50]-(10/22) Loss: 1.5020, Acc(1): 0.00, Acc(5): 100.00
2023-06-19 16:19:31,728 - AUGCON - INFO - Epoch [7/50]-(15/22) Loss: 1.0189, Acc(1): 75.00, Acc(5): 100.00
2023-06-19 16:19:31,728 - AUGCON - INFO - Epoch [7/50]-(20/22) Loss: 1.5343, Acc(1): 75.00, Acc(5): 75.00
2023-06-19 16:19:31,728 - AUGCON - INFO - 	Validation Loss: 1.2284, Acc(1): 61.00, Acc(5): 93.00, F1: 0.14, Recall: 0.12, Precision: 0.16
2023-06-19 16:19:31,728 - AUGCON - INFO - Epoch [8/50]-(0/22) Loss: 1.0039, Acc(1): 75.00, Acc(5): 100.00
2023-06-19 16:19:31,728 - AUGCON - INFO - Epoch [8/50]-(5/22) Loss: 0.7492, Acc(1): 75.00, Acc(5): 100.00
2023-06-19 16:19:31,728 - AUGCON - INFO - Epoch [8/50]-(10/22) Loss: 1.5239, Acc(1): 25.00, Acc(5): 100.00
2023-06-19 16:19:31,728 - AUGCON - INFO - Epoch [8/50]-(15/22) Loss: 1.1336, Acc(1): 75.00, Acc(5): 100.00
2023-06-19 16:19:31,728 - AUGCON - INFO - Epoch [8/50]-(20/22) Loss: 2.0055, Acc(1): 25.00, Acc(5): 75.00
2023-06-19 16:19:31,728 - AUGCON - INFO - 	Validation Loss: 1.2051, Acc(1): 63.00, Acc(5): 95.00, F1: 0.14, Recall: 0.12, Precision: 0.16
2023-06-19 16:19:31,728 - AUGCON - INFO - Epoch [9/50]-(0/22) Loss: 1.2040, Acc(1): 75.00, Acc(5): 100.00
2023-06-19 16:19:31,728 - AUGCON - INFO - Epoch [9/50]-(5/22) Loss: 0.7093, Acc(1): 100.00, Acc(5): 100.00
2023-06-19 16:19:31,728 - AUGCON - INFO - Epoch [9/50]-(10/22) Loss: 0.7055, Acc(1): 100.00, Acc(5): 100.00
2023-06-19 16:19:31,728 - AUGCON - INFO - Epoch [9/50]-(15/22) Loss: 1.2742, Acc(1): 50.00, Acc(5): 100.00
2023-06-19 16:19:31,728 - AUGCON - INFO - Epoch [9/50]-(20/22) Loss: 1.5826, Acc(1): 50.00, Acc(5): 100.00
2023-06-19 16:19:31,729 - AUGCON - INFO - 	Validation Loss: 1.1856, Acc(1): 65.00, Acc(5): 93.00, F1: 0.14, Recall: 0.12, Precision: 0.17
2023-06-19 16:19:31,729 - AUGCON - INFO - Epoch [10/50]-(0/22) Loss: 1.3257, Acc(1): 75.00, Acc(5): 100.00
2023-06-19 16:19:31,729 - AUGCON - INFO - Epoch [10/50]-(5/22) Loss: 0.9280, Acc(1): 50.00, Acc(5): 100.00
2023-06-19 16:19:31,729 - AUGCON - INFO - Epoch [10/50]-(10/22) Loss: 0.8706, Acc(1): 100.00, Acc(5): 100.00
2023-06-19 16:19:31,729 - AUGCON - INFO - Epoch [10/50]-(15/22) Loss: 0.7268, Acc(1): 75.00, Acc(5): 100.00
2023-06-19 16:19:31,729 - AUGCON - INFO - Epoch [10/50]-(20/22) Loss: 1.4163, Acc(1): 50.00, Acc(5): 100.00
2023-06-19 16:19:31,729 - AUGCON - INFO - 	Validation Loss: 1.1789, Acc(1): 61.00, Acc(5): 93.00, F1: 0.13, Recall: 0.12, Precision: 0.15
2023-06-19 16:19:31,729 - AUGCON - INFO - Epoch [11/50]-(0/22) Loss: 1.0690, Acc(1): 75.00, Acc(5): 100.00
2023-06-19 16:19:31,729 - AUGCON - INFO - Epoch [11/50]-(5/22) Loss: 1.0352, Acc(1): 75.00, Acc(5): 100.00
2023-06-19 16:19:31,729 - AUGCON - INFO - Epoch [11/50]-(10/22) Loss: 1.0125, Acc(1): 75.00, Acc(5): 100.00
2023-06-19 16:19:31,729 - AUGCON - INFO - Epoch [11/50]-(15/22) Loss: 0.8158, Acc(1): 100.00, Acc(5): 100.00
2023-06-19 16:19:31,729 - AUGCON - INFO - Epoch [11/50]-(20/22) Loss: 0.9808, Acc(1): 75.00, Acc(5): 100.00
2023-06-19 16:19:31,729 - AUGCON - INFO - 	Validation Loss: 1.1586, Acc(1): 66.00, Acc(5): 93.00, F1: 0.14, Recall: 0.13, Precision: 0.17
2023-06-19 16:19:31,729 - AUGCON - INFO - Epoch [12/50]-(0/22) Loss: 0.6890, Acc(1): 100.00, Acc(5): 100.00
2023-06-19 16:19:31,729 - AUGCON - INFO - Epoch [12/50]-(5/22) Loss: 0.7989, Acc(1): 75.00, Acc(5): 100.00
2023-06-19 16:19:31,730 - AUGCON - INFO - Epoch [12/50]-(10/22) Loss: 0.7796, Acc(1): 100.00, Acc(5): 100.00
2023-06-19 16:19:31,730 - AUGCON - INFO - Epoch [12/50]-(15/22) Loss: 1.1020, Acc(1): 75.00, Acc(5): 100.00
2023-06-19 16:19:31,730 - AUGCON - INFO - Epoch [12/50]-(20/22) Loss: 0.9648, Acc(1): 50.00, Acc(5): 100.00
2023-06-19 16:19:31,730 - AUGCON - INFO - 	Validation Loss: 1.1331, Acc(1): 64.00, Acc(5): 94.00, F1: 0.14, Recall: 0.12, Precision: 0.16
2023-06-19 16:19:31,730 - AUGCON - INFO - Epoch [13/50]-(0/22) Loss: 0.6892, Acc(1): 100.00, Acc(5): 100.00
2023-06-19 16:19:31,730 - AUGCON - INFO - Epoch [13/50]-(5/22) Loss: 0.7177, Acc(1): 75.00, Acc(5): 100.00
2023-06-19 16:19:31,730 - AUGCON - INFO - Epoch [13/50]-(10/22) Loss: 1.0709, Acc(1): 75.00, Acc(5): 100.00
2023-06-19 16:19:31,730 - AUGCON - INFO - Epoch [13/50]-(15/22) Loss: 1.2842, Acc(1): 50.00, Acc(5): 100.00
2023-06-19 16:19:31,730 - AUGCON - INFO - Epoch [13/50]-(20/22) Loss: 0.8111, Acc(1): 75.00, Acc(5): 100.00
2023-06-19 16:19:31,730 - AUGCON - INFO - 	Validation Loss: 1.1298, Acc(1): 68.00, Acc(5): 94.00, F1: 0.15, Recall: 0.13, Precision: 0.17
2023-06-19 16:19:31,730 - AUGCON - INFO - Epoch [14/50]-(0/22) Loss: 0.7465, Acc(1): 75.00, Acc(5): 100.00
2023-06-19 16:19:31,730 - AUGCON - INFO - Epoch [14/50]-(5/22) Loss: 0.8504, Acc(1): 75.00, Acc(5): 100.00
2023-06-19 16:19:31,730 - AUGCON - INFO - Epoch [14/50]-(10/22) Loss: 0.4964, Acc(1): 100.00, Acc(5): 100.00
2023-06-19 16:19:31,730 - AUGCON - INFO - Epoch [14/50]-(15/22) Loss: 1.3371, Acc(1): 50.00, Acc(5): 100.00
2023-06-19 16:19:31,730 - AUGCON - INFO - Epoch [14/50]-(20/22) Loss: 0.8450, Acc(1): 75.00, Acc(5): 100.00
2023-06-19 16:19:31,730 - AUGCON - INFO - 	Validation Loss: 1.1324, Acc(1): 65.00, Acc(5): 94.00, F1: 0.14, Recall: 0.13, Precision: 0.15
2023-06-19 16:19:31,731 - AUGCON - INFO - Epoch [15/50]-(0/22) Loss: 0.8025, Acc(1): 75.00, Acc(5): 100.00
2023-06-19 16:19:31,731 - AUGCON - INFO - Epoch [15/50]-(5/22) Loss: 0.8962, Acc(1): 50.00, Acc(5): 100.00
2023-06-19 16:19:31,731 - AUGCON - INFO - Epoch [15/50]-(10/22) Loss: 1.1650, Acc(1): 50.00, Acc(5): 100.00
2023-06-19 16:19:31,731 - AUGCON - INFO - Epoch [15/50]-(15/22) Loss: 1.2371, Acc(1): 75.00, Acc(5): 100.00
2023-06-19 16:19:31,731 - AUGCON - INFO - Epoch [15/50]-(20/22) Loss: 0.5235, Acc(1): 100.00, Acc(5): 100.00
2023-06-19 16:19:31,731 - AUGCON - INFO - 	Validation Loss: 1.1228, Acc(1): 66.00, Acc(5): 93.00, F1: 0.14, Recall: 0.13, Precision: 0.16
2023-06-19 16:19:31,731 - AUGCON - INFO - Epoch [16/50]-(0/22) Loss: 0.4318, Acc(1): 100.00, Acc(5): 100.00
2023-06-19 16:19:31,731 - AUGCON - INFO - Epoch [16/50]-(5/22) Loss: 0.9652, Acc(1): 75.00, Acc(5): 100.00
2023-06-19 16:19:31,731 - AUGCON - INFO - Epoch [16/50]-(10/22) Loss: 0.7429, Acc(1): 75.00, Acc(5): 100.00
2023-06-19 16:19:31,731 - AUGCON - INFO - Epoch [16/50]-(15/22) Loss: 1.4956, Acc(1): 50.00, Acc(5): 100.00
2023-06-19 16:19:31,731 - AUGCON - INFO - Epoch [16/50]-(20/22) Loss: 0.8068, Acc(1): 75.00, Acc(5): 100.00
2023-06-19 16:19:31,731 - AUGCON - INFO - 	Validation Loss: 1.1081, Acc(1): 65.00, Acc(5): 95.00, F1: 0.14, Recall: 0.13, Precision: 0.14
2023-06-19 16:19:31,731 - AUGCON - INFO - Epoch [17/50]-(0/22) Loss: 0.5749, Acc(1): 100.00, Acc(5): 100.00
2023-06-19 16:19:31,731 - AUGCON - INFO - Epoch [17/50]-(5/22) Loss: 0.6592, Acc(1): 100.00, Acc(5): 100.00
2023-06-19 16:19:31,731 - AUGCON - INFO - Epoch [17/50]-(10/22) Loss: 1.1587, Acc(1): 50.00, Acc(5): 100.00
2023-06-19 16:19:31,731 - AUGCON - INFO - Epoch [17/50]-(15/22) Loss: 1.6669, Acc(1): 50.00, Acc(5): 100.00
2023-06-19 16:19:31,732 - AUGCON - INFO - Epoch [17/50]-(20/22) Loss: 0.9337, Acc(1): 75.00, Acc(5): 100.00
2023-06-19 16:19:31,732 - AUGCON - INFO - 	Validation Loss: 1.1090, Acc(1): 67.00, Acc(5): 93.00, F1: 0.14, Recall: 0.13, Precision: 0.15
2023-06-19 16:19:31,732 - AUGCON - INFO - Epoch [18/50]-(0/22) Loss: 1.0309, Acc(1): 50.00, Acc(5): 100.00
2023-06-19 16:19:31,732 - AUGCON - INFO - Epoch [18/50]-(5/22) Loss: 1.4750, Acc(1): 25.00, Acc(5): 100.00
2023-06-19 16:19:31,732 - AUGCON - INFO - Epoch [18/50]-(10/22) Loss: 0.6028, Acc(1): 100.00, Acc(5): 100.00
2023-06-19 16:19:31,732 - AUGCON - INFO - Epoch [18/50]-(15/22) Loss: 1.3752, Acc(1): 50.00, Acc(5): 100.00
2023-06-19 16:19:31,732 - AUGCON - INFO - Epoch [18/50]-(20/22) Loss: 1.1921, Acc(1): 75.00, Acc(5): 100.00
2023-06-19 16:19:31,732 - AUGCON - INFO - 	Validation Loss: 1.0826, Acc(1): 66.00, Acc(5): 95.00, F1: 0.14, Recall: 0.13, Precision: 0.15
2023-06-19 16:19:31,732 - AUGCON - INFO - Epoch [19/50]-(0/22) Loss: 0.4504, Acc(1): 100.00, Acc(5): 100.00
2023-06-19 16:19:31,732 - AUGCON - INFO - Epoch [19/50]-(5/22) Loss: 1.3290, Acc(1): 50.00, Acc(5): 100.00
2023-06-19 16:19:31,732 - AUGCON - INFO - Epoch [19/50]-(10/22) Loss: 1.3621, Acc(1): 50.00, Acc(5): 100.00
2023-06-19 16:19:31,732 - AUGCON - INFO - Epoch [19/50]-(15/22) Loss: 0.5245, Acc(1): 100.00, Acc(5): 100.00
2023-06-19 16:19:31,732 - AUGCON - INFO - Epoch [19/50]-(20/22) Loss: 0.8219, Acc(1): 100.00, Acc(5): 100.00
2023-06-19 16:19:31,732 - AUGCON - INFO - 	Validation Loss: 1.1426, Acc(1): 65.00, Acc(5): 95.00, F1: 0.14, Recall: 0.13, Precision: 0.15
2023-06-19 16:19:31,732 - AUGCON - INFO - Epoch [20/50]-(0/22) Loss: 0.7126, Acc(1): 100.00, Acc(5): 100.00
2023-06-19 16:19:31,732 - AUGCON - INFO - Epoch [20/50]-(5/22) Loss: 0.3588, Acc(1): 100.00, Acc(5): 100.00
2023-06-19 16:19:31,733 - AUGCON - INFO - Epoch [20/50]-(10/22) Loss: 0.7467, Acc(1): 75.00, Acc(5): 100.00
2023-06-19 16:19:31,733 - AUGCON - INFO - Epoch [20/50]-(15/22) Loss: 1.4643, Acc(1): 25.00, Acc(5): 100.00
2023-06-19 16:19:31,733 - AUGCON - INFO - Epoch [20/50]-(20/22) Loss: 1.0283, Acc(1): 75.00, Acc(5): 100.00
2023-06-19 16:19:31,733 - AUGCON - INFO - 	Validation Loss: 1.0705, Acc(1): 68.00, Acc(5): 95.00, F1: 0.14, Recall: 0.13, Precision: 0.16
2023-06-19 16:19:31,733 - AUGCON - INFO - Epoch [21/50]-(0/22) Loss: 0.7387, Acc(1): 75.00, Acc(5): 100.00
2023-06-19 16:19:31,733 - AUGCON - INFO - Epoch [21/50]-(5/22) Loss: 0.5830, Acc(1): 100.00, Acc(5): 100.00
2023-06-19 16:19:31,733 - AUGCON - INFO - Epoch [21/50]-(10/22) Loss: 1.0243, Acc(1): 75.00, Acc(5): 100.00
2023-06-19 16:19:31,733 - AUGCON - INFO - Epoch [21/50]-(15/22) Loss: 0.5908, Acc(1): 75.00, Acc(5): 100.00
2023-06-19 16:19:31,733 - AUGCON - INFO - Epoch [21/50]-(20/22) Loss: 1.3180, Acc(1): 50.00, Acc(5): 100.00
2023-06-19 16:19:31,733 - AUGCON - INFO - 	Validation Loss: 1.0846, Acc(1): 66.00, Acc(5): 95.00, F1: 0.14, Recall: 0.13, Precision: 0.15
2023-06-19 16:19:31,733 - AUGCON - INFO - Epoch [22/50]-(0/22) Loss: 0.8965, Acc(1): 50.00, Acc(5): 100.00
2023-06-19 16:19:31,733 - AUGCON - INFO - Epoch [22/50]-(5/22) Loss: 0.6987, Acc(1): 75.00, Acc(5): 100.00
2023-06-19 16:19:31,733 - AUGCON - INFO - Epoch [22/50]-(10/22) Loss: 1.5563, Acc(1): 50.00, Acc(5): 100.00
2023-06-19 16:19:31,733 - AUGCON - INFO - Epoch [22/50]-(15/22) Loss: 1.6220, Acc(1): 50.00, Acc(5): 100.00
2023-06-19 16:19:31,733 - AUGCON - INFO - Epoch [22/50]-(20/22) Loss: 0.5625, Acc(1): 100.00, Acc(5): 100.00
2023-06-19 16:19:31,734 - AUGCON - INFO - 	Validation Loss: 1.0680, Acc(1): 68.00, Acc(5): 95.00, F1: 0.15, Recall: 0.13, Precision: 0.16
2023-06-19 16:19:31,734 - AUGCON - INFO - Epoch [23/50]-(0/22) Loss: 0.4062, Acc(1): 100.00, Acc(5): 100.00
2023-06-19 16:19:31,734 - AUGCON - INFO - Epoch [23/50]-(5/22) Loss: 1.0964, Acc(1): 75.00, Acc(5): 100.00
2023-06-19 16:19:31,734 - AUGCON - INFO - Epoch [23/50]-(10/22) Loss: 0.8538, Acc(1): 50.00, Acc(5): 100.00
2023-06-19 16:19:31,734 - AUGCON - INFO - Epoch [23/50]-(15/22) Loss: 0.7540, Acc(1): 75.00, Acc(5): 100.00
2023-06-19 16:19:31,734 - AUGCON - INFO - Epoch [23/50]-(20/22) Loss: 1.0386, Acc(1): 75.00, Acc(5): 100.00
2023-06-19 16:19:31,734 - AUGCON - INFO - 	Validation Loss: 1.0680, Acc(1): 66.00, Acc(5): 95.00, F1: 0.14, Recall: 0.13, Precision: 0.15
2023-06-19 16:19:31,734 - AUGCON - INFO - Epoch [24/50]-(0/22) Loss: 0.6394, Acc(1): 75.00, Acc(5): 100.00
2023-06-19 16:19:31,734 - AUGCON - INFO - Epoch [24/50]-(5/22) Loss: 1.3751, Acc(1): 50.00, Acc(5): 100.00
2023-06-19 16:19:31,734 - AUGCON - INFO - Epoch [24/50]-(10/22) Loss: 0.7252, Acc(1): 100.00, Acc(5): 100.00
2023-06-19 16:19:31,734 - AUGCON - INFO - Epoch [24/50]-(15/22) Loss: 0.6798, Acc(1): 75.00, Acc(5): 100.00
2023-06-19 16:19:31,734 - AUGCON - INFO - Epoch [24/50]-(20/22) Loss: 0.4488, Acc(1): 100.00, Acc(5): 100.00
2023-06-19 16:19:31,734 - AUGCON - INFO - 	Validation Loss: 1.0661, Acc(1): 66.00, Acc(5): 95.00, F1: 0.14, Recall: 0.13, Precision: 0.17
2023-06-19 16:19:31,734 - AUGCON - INFO - Epoch [25/50]-(0/22) Loss: 0.7651, Acc(1): 75.00, Acc(5): 100.00
2023-06-19 16:19:31,734 - AUGCON - INFO - Epoch [25/50]-(5/22) Loss: 0.4507, Acc(1): 100.00, Acc(5): 100.00
2023-06-19 16:19:31,734 - AUGCON - INFO - Epoch [25/50]-(10/22) Loss: 0.3695, Acc(1): 100.00, Acc(5): 100.00
2023-06-19 16:19:31,735 - AUGCON - INFO - Epoch [25/50]-(15/22) Loss: 1.5180, Acc(1): 50.00, Acc(5): 100.00
2023-06-19 16:19:31,735 - AUGCON - INFO - Epoch [25/50]-(20/22) Loss: 0.6824, Acc(1): 75.00, Acc(5): 100.00
2023-06-19 16:19:31,735 - AUGCON - INFO - 	Validation Loss: 1.0678, Acc(1): 64.00, Acc(5): 95.00, F1: 0.13, Recall: 0.13, Precision: 0.14
2023-06-19 16:19:31,735 - AUGCON - INFO - Epoch [26/50]-(0/22) Loss: 0.9079, Acc(1): 75.00, Acc(5): 100.00
2023-06-19 16:19:31,735 - AUGCON - INFO - Epoch [26/50]-(5/22) Loss: 0.7044, Acc(1): 100.00, Acc(5): 100.00
2023-06-19 16:19:31,735 - AUGCON - INFO - Epoch [26/50]-(10/22) Loss: 0.7174, Acc(1): 75.00, Acc(5): 100.00
2023-06-19 16:19:31,735 - AUGCON - INFO - Epoch [26/50]-(15/22) Loss: 0.8422, Acc(1): 75.00, Acc(5): 100.00
2023-06-19 16:19:31,735 - AUGCON - INFO - Epoch [26/50]-(20/22) Loss: 1.0129, Acc(1): 50.00, Acc(5): 100.00
2023-06-19 16:19:31,735 - AUGCON - INFO - 	Validation Loss: 1.0487, Acc(1): 67.00, Acc(5): 96.00, F1: 0.14, Recall: 0.13, Precision: 0.15
2023-06-19 16:19:31,735 - AUGCON - INFO - Epoch [27/50]-(0/22) Loss: 0.4665, Acc(1): 100.00, Acc(5): 100.00
2023-06-19 16:19:31,735 - AUGCON - INFO - Epoch [27/50]-(5/22) Loss: 1.0966, Acc(1): 50.00, Acc(5): 100.00
2023-06-19 16:19:31,735 - AUGCON - INFO - Epoch [27/50]-(10/22) Loss: 0.7073, Acc(1): 75.00, Acc(5): 100.00
2023-06-19 16:19:31,735 - AUGCON - INFO - Epoch [27/50]-(15/22) Loss: 1.2690, Acc(1): 25.00, Acc(5): 100.00
2023-06-19 16:19:31,735 - AUGCON - INFO - Epoch [27/50]-(20/22) Loss: 0.4289, Acc(1): 100.00, Acc(5): 100.00
2023-06-19 16:19:31,735 - AUGCON - INFO - 	Validation Loss: 1.0316, Acc(1): 64.00, Acc(5): 95.00, F1: 0.14, Recall: 0.12, Precision: 0.15
2023-06-19 16:19:31,735 - AUGCON - INFO - Epoch [28/50]-(0/22) Loss: 0.7157, Acc(1): 75.00, Acc(5): 100.00
2023-06-19 16:19:31,736 - AUGCON - INFO - Epoch [28/50]-(5/22) Loss: 0.4978, Acc(1): 75.00, Acc(5): 100.00
2023-06-19 16:19:31,736 - AUGCON - INFO - Epoch [28/50]-(10/22) Loss: 0.7373, Acc(1): 75.00, Acc(5): 100.00
2023-06-19 16:19:31,736 - AUGCON - INFO - Epoch [28/50]-(15/22) Loss: 1.3668, Acc(1): 50.00, Acc(5): 100.00
2023-06-19 16:19:31,736 - AUGCON - INFO - Epoch [28/50]-(20/22) Loss: 1.7787, Acc(1): 50.00, Acc(5): 100.00
2023-06-19 16:19:31,736 - AUGCON - INFO - 	Validation Loss: 1.0477, Acc(1): 67.00, Acc(5): 96.00, F1: 0.15, Recall: 0.13, Precision: 0.16
2023-06-19 16:19:31,736 - AUGCON - INFO - Epoch [29/50]-(0/22) Loss: 0.7414, Acc(1): 100.00, Acc(5): 100.00
2023-06-19 16:19:31,736 - AUGCON - INFO - Epoch [29/50]-(5/22) Loss: 0.5987, Acc(1): 75.00, Acc(5): 100.00
2023-06-19 16:19:31,736 - AUGCON - INFO - Epoch [29/50]-(10/22) Loss: 1.0937, Acc(1): 50.00, Acc(5): 100.00
2023-06-19 16:19:31,736 - AUGCON - INFO - Epoch [29/50]-(15/22) Loss: 0.8953, Acc(1): 50.00, Acc(5): 100.00
2023-06-19 16:19:31,736 - AUGCON - INFO - Epoch [29/50]-(20/22) Loss: 0.5320, Acc(1): 100.00, Acc(5): 100.00
2023-06-19 16:19:31,736 - AUGCON - INFO - 	Validation Loss: 1.0434, Acc(1): 66.00, Acc(5): 96.00, F1: 0.14, Recall: 0.13, Precision: 0.16
2023-06-19 16:19:31,736 - AUGCON - INFO - Epoch [30/50]-(0/22) Loss: 0.6171, Acc(1): 75.00, Acc(5): 100.00
2023-06-19 16:19:31,736 - AUGCON - INFO - Epoch [30/50]-(5/22) Loss: 0.8208, Acc(1): 75.00, Acc(5): 100.00
2023-06-19 16:19:31,736 - AUGCON - INFO - Epoch [30/50]-(10/22) Loss: 0.5297, Acc(1): 75.00, Acc(5): 100.00
2023-06-19 16:19:31,736 - AUGCON - INFO - Epoch [30/50]-(15/22) Loss: 0.6297, Acc(1): 75.00, Acc(5): 100.00
2023-06-19 16:19:31,737 - AUGCON - INFO - Epoch [30/50]-(20/22) Loss: 0.5155, Acc(1): 100.00, Acc(5): 100.00
2023-06-19 16:19:31,737 - AUGCON - INFO - 	Validation Loss: 1.0520, Acc(1): 65.00, Acc(5): 95.00, F1: 0.14, Recall: 0.12, Precision: 0.15
2023-06-19 16:19:31,737 - AUGCON - INFO - Epoch [31/50]-(0/22) Loss: 0.3491, Acc(1): 100.00, Acc(5): 100.00
2023-06-19 16:19:31,737 - AUGCON - INFO - Epoch [31/50]-(5/22) Loss: 0.7194, Acc(1): 50.00, Acc(5): 100.00
2023-06-19 16:19:31,737 - AUGCON - INFO - Epoch [31/50]-(10/22) Loss: 1.2812, Acc(1): 50.00, Acc(5): 100.00
2023-06-19 16:19:31,737 - AUGCON - INFO - Epoch [31/50]-(15/22) Loss: 0.6471, Acc(1): 100.00, Acc(5): 100.00
2023-06-19 16:19:31,737 - AUGCON - INFO - Epoch [31/50]-(20/22) Loss: 0.7365, Acc(1): 75.00, Acc(5): 100.00
2023-06-19 16:19:31,737 - AUGCON - INFO - 	Validation Loss: 1.0258, Acc(1): 68.00, Acc(5): 96.00, F1: 0.14, Recall: 0.13, Precision: 0.15
2023-06-19 16:19:31,737 - AUGCON - INFO - Epoch [32/50]-(0/22) Loss: 0.7776, Acc(1): 75.00, Acc(5): 100.00
2023-06-19 16:19:31,737 - AUGCON - INFO - Epoch [32/50]-(5/22) Loss: 0.7947, Acc(1): 50.00, Acc(5): 100.00
2023-06-19 16:19:31,737 - AUGCON - INFO - Epoch [32/50]-(10/22) Loss: 0.3937, Acc(1): 100.00, Acc(5): 100.00
2023-06-19 16:19:31,737 - AUGCON - INFO - Epoch [32/50]-(15/22) Loss: 1.5506, Acc(1): 50.00, Acc(5): 100.00
2023-06-19 16:19:31,737 - AUGCON - INFO - Epoch [32/50]-(20/22) Loss: 0.8024, Acc(1): 75.00, Acc(5): 100.00
2023-06-19 16:19:31,737 - AUGCON - INFO - 	Validation Loss: 1.0446, Acc(1): 67.00, Acc(5): 96.00, F1: 0.14, Recall: 0.13, Precision: 0.15
2023-06-19 16:19:31,737 - AUGCON - INFO - Epoch [33/50]-(0/22) Loss: 0.7966, Acc(1): 75.00, Acc(5): 100.00
2023-06-19 16:19:31,737 - AUGCON - INFO - Epoch [33/50]-(5/22) Loss: 0.6049, Acc(1): 100.00, Acc(5): 100.00
2023-06-19 16:19:31,738 - AUGCON - INFO - Epoch [33/50]-(10/22) Loss: 0.5243, Acc(1): 100.00, Acc(5): 100.00
2023-06-19 16:19:31,738 - AUGCON - INFO - Epoch [33/50]-(15/22) Loss: 0.9674, Acc(1): 75.00, Acc(5): 100.00
2023-06-19 16:19:31,738 - AUGCON - INFO - Epoch [33/50]-(20/22) Loss: 1.2185, Acc(1): 50.00, Acc(5): 100.00
2023-06-19 16:19:31,738 - AUGCON - INFO - 	Validation Loss: 1.0400, Acc(1): 67.00, Acc(5): 96.00, F1: 0.14, Recall: 0.13, Precision: 0.16
2023-06-19 16:19:31,738 - AUGCON - INFO - Epoch [34/50]-(0/22) Loss: 0.5493, Acc(1): 100.00, Acc(5): 100.00
2023-06-19 16:19:31,738 - AUGCON - INFO - Epoch [34/50]-(5/22) Loss: 0.4628, Acc(1): 100.00, Acc(5): 100.00
2023-06-19 16:19:31,738 - AUGCON - INFO - Epoch [34/50]-(10/22) Loss: 0.6582, Acc(1): 75.00, Acc(5): 100.00
2023-06-19 16:19:31,738 - AUGCON - INFO - Epoch [34/50]-(15/22) Loss: 0.7233, Acc(1): 75.00, Acc(5): 100.00
2023-06-19 16:19:31,738 - AUGCON - INFO - Epoch [34/50]-(20/22) Loss: 1.3589, Acc(1): 25.00, Acc(5): 100.00
2023-06-19 16:19:31,738 - AUGCON - INFO - 	Validation Loss: 1.0473, Acc(1): 65.00, Acc(5): 95.00, F1: 0.14, Recall: 0.13, Precision: 0.15
2023-06-19 16:19:31,738 - AUGCON - INFO - Epoch [35/50]-(0/22) Loss: 1.0284, Acc(1): 75.00, Acc(5): 100.00
2023-06-19 16:19:31,738 - AUGCON - INFO - Epoch [35/50]-(5/22) Loss: 1.3391, Acc(1): 50.00, Acc(5): 100.00
2023-06-19 16:19:31,738 - AUGCON - INFO - Epoch [35/50]-(10/22) Loss: 0.6746, Acc(1): 75.00, Acc(5): 100.00
2023-06-19 16:19:31,738 - AUGCON - INFO - Epoch [35/50]-(15/22) Loss: 0.8282, Acc(1): 50.00, Acc(5): 100.00
2023-06-19 16:19:31,738 - AUGCON - INFO - Epoch [35/50]-(20/22) Loss: 1.2209, Acc(1): 75.00, Acc(5): 100.00
2023-06-19 16:19:31,739 - AUGCON - INFO - 	Validation Loss: 1.0322, Acc(1): 66.00, Acc(5): 95.00, F1: 0.14, Recall: 0.13, Precision: 0.15
2023-06-19 16:19:31,739 - AUGCON - INFO - Epoch [36/50]-(0/22) Loss: 0.7783, Acc(1): 75.00, Acc(5): 100.00
2023-06-19 16:19:31,739 - AUGCON - INFO - Epoch [36/50]-(5/22) Loss: 1.0062, Acc(1): 50.00, Acc(5): 100.00
2023-06-19 16:19:31,739 - AUGCON - INFO - Epoch [36/50]-(10/22) Loss: 0.3049, Acc(1): 100.00, Acc(5): 100.00
2023-06-19 16:19:31,739 - AUGCON - INFO - Epoch [36/50]-(15/22) Loss: 1.4679, Acc(1): 50.00, Acc(5): 100.00
2023-06-19 16:19:31,739 - AUGCON - INFO - Epoch [36/50]-(20/22) Loss: 1.4856, Acc(1): 25.00, Acc(5): 100.00
2023-06-19 16:19:31,739 - AUGCON - INFO - 	Validation Loss: 1.0634, Acc(1): 67.00, Acc(5): 96.00, F1: 0.14, Recall: 0.13, Precision: 0.16
2023-06-19 16:19:31,739 - AUGCON - INFO - Epoch [37/50]-(0/22) Loss: 0.6880, Acc(1): 75.00, Acc(5): 100.00
2023-06-19 16:19:31,739 - AUGCON - INFO - Epoch [37/50]-(5/22) Loss: 0.7846, Acc(1): 75.00, Acc(5): 100.00
2023-06-19 16:19:31,739 - AUGCON - INFO - Epoch [37/50]-(10/22) Loss: 0.8181, Acc(1): 75.00, Acc(5): 100.00
2023-06-19 16:19:31,739 - AUGCON - INFO - Epoch [37/50]-(15/22) Loss: 1.4874, Acc(1): 25.00, Acc(5): 100.00
2023-06-19 16:19:31,739 - AUGCON - INFO - Epoch [37/50]-(20/22) Loss: 0.8255, Acc(1): 75.00, Acc(5): 100.00
2023-06-19 16:19:31,739 - AUGCON - INFO - 	Validation Loss: 1.0569, Acc(1): 64.00, Acc(5): 97.00, F1: 0.14, Recall: 0.12, Precision: 0.15
2023-06-19 16:19:31,739 - AUGCON - INFO - Epoch [38/50]-(0/22) Loss: 0.7957, Acc(1): 75.00, Acc(5): 100.00
2023-06-19 16:19:31,739 - AUGCON - INFO - Epoch [38/50]-(5/22) Loss: 0.8381, Acc(1): 75.00, Acc(5): 100.00
2023-06-19 16:19:31,739 - AUGCON - INFO - Epoch [38/50]-(10/22) Loss: 0.8450, Acc(1): 75.00, Acc(5): 100.00
2023-06-19 16:19:31,740 - AUGCON - INFO - Epoch [38/50]-(15/22) Loss: 0.5201, Acc(1): 75.00, Acc(5): 100.00
2023-06-19 16:19:31,740 - AUGCON - INFO - Epoch [38/50]-(20/22) Loss: 1.4677, Acc(1): 50.00, Acc(5): 100.00
2023-06-19 16:19:31,740 - AUGCON - INFO - 	Validation Loss: 1.0097, Acc(1): 68.00, Acc(5): 97.00, F1: 0.14, Recall: 0.13, Precision: 0.15
2023-06-19 16:19:31,740 - AUGCON - INFO - Epoch [39/50]-(0/22) Loss: 0.8255, Acc(1): 75.00, Acc(5): 100.00
2023-06-19 16:19:31,740 - AUGCON - INFO - Epoch [39/50]-(5/22) Loss: 0.2859, Acc(1): 100.00, Acc(5): 100.00
2023-06-19 16:19:31,740 - AUGCON - INFO - Epoch [39/50]-(10/22) Loss: 0.4328, Acc(1): 75.00, Acc(5): 100.00
2023-06-19 16:19:31,740 - AUGCON - INFO - Epoch [39/50]-(15/22) Loss: 1.0150, Acc(1): 75.00, Acc(5): 100.00
2023-06-19 16:19:31,740 - AUGCON - INFO - Epoch [39/50]-(20/22) Loss: 0.3900, Acc(1): 100.00, Acc(5): 100.00
2023-06-19 16:19:31,740 - AUGCON - INFO - 	Validation Loss: 1.0905, Acc(1): 63.00, Acc(5): 96.00, F1: 0.13, Recall: 0.12, Precision: 0.15
2023-06-19 16:19:31,740 - AUGCON - INFO - Epoch [40/50]-(0/22) Loss: 1.1877, Acc(1): 50.00, Acc(5): 100.00
2023-06-19 16:19:31,740 - AUGCON - INFO - Epoch [40/50]-(5/22) Loss: 0.5582, Acc(1): 100.00, Acc(5): 100.00
2023-06-19 16:19:31,740 - AUGCON - INFO - Epoch [40/50]-(10/22) Loss: 1.3263, Acc(1): 50.00, Acc(5): 100.00
2023-06-19 16:19:31,740 - AUGCON - INFO - Epoch [40/50]-(15/22) Loss: 0.7714, Acc(1): 75.00, Acc(5): 100.00
2023-06-19 16:19:31,740 - AUGCON - INFO - Epoch [40/50]-(20/22) Loss: 0.7311, Acc(1): 50.00, Acc(5): 100.00
2023-06-19 16:19:31,740 - AUGCON - INFO - 	Validation Loss: 1.0123, Acc(1): 67.00, Acc(5): 96.00, F1: 0.14, Recall: 0.13, Precision: 0.15
2023-06-19 16:19:31,741 - AUGCON - INFO - Epoch [41/50]-(0/22) Loss: 0.5358, Acc(1): 75.00, Acc(5): 100.00
2023-06-19 16:19:31,741 - AUGCON - INFO - Epoch [41/50]-(5/22) Loss: 0.5585, Acc(1): 100.00, Acc(5): 100.00
2023-06-19 16:19:31,741 - AUGCON - INFO - Epoch [41/50]-(10/22) Loss: 0.5489, Acc(1): 100.00, Acc(5): 100.00
2023-06-19 16:19:31,741 - AUGCON - INFO - Epoch [41/50]-(15/22) Loss: 1.2940, Acc(1): 50.00, Acc(5): 100.00
2023-06-19 16:19:31,741 - AUGCON - INFO - Epoch [41/50]-(20/22) Loss: 0.9542, Acc(1): 75.00, Acc(5): 100.00
2023-06-19 16:19:31,741 - AUGCON - INFO - 	Validation Loss: 1.0733, Acc(1): 64.00, Acc(5): 96.00, F1: 0.14, Recall: 0.13, Precision: 0.14
2023-06-19 16:19:31,741 - AUGCON - INFO - Epoch [42/50]-(0/22) Loss: 0.3936, Acc(1): 75.00, Acc(5): 100.00
2023-06-19 16:19:31,741 - AUGCON - INFO - Epoch [42/50]-(5/22) Loss: 0.8216, Acc(1): 75.00, Acc(5): 100.00
2023-06-19 16:19:31,741 - AUGCON - INFO - Epoch [42/50]-(10/22) Loss: 1.3136, Acc(1): 25.00, Acc(5): 100.00
2023-06-19 16:19:31,741 - AUGCON - INFO - Epoch [42/50]-(15/22) Loss: 0.9172, Acc(1): 75.00, Acc(5): 100.00
2023-06-19 16:19:31,741 - AUGCON - INFO - Epoch [42/50]-(20/22) Loss: 0.7283, Acc(1): 75.00, Acc(5): 100.00
2023-06-19 16:19:31,741 - AUGCON - INFO - 	Validation Loss: 0.9971, Acc(1): 68.00, Acc(5): 97.00, F1: 0.14, Recall: 0.13, Precision: 0.15
2023-06-19 16:19:31,741 - AUGCON - INFO - Epoch [43/50]-(0/22) Loss: 1.0131, Acc(1): 75.00, Acc(5): 100.00
2023-06-19 16:19:31,741 - AUGCON - INFO - Epoch [43/50]-(5/22) Loss: 0.6492, Acc(1): 75.00, Acc(5): 100.00
2023-06-19 16:19:31,741 - AUGCON - INFO - Epoch [43/50]-(10/22) Loss: 0.4834, Acc(1): 100.00, Acc(5): 100.00
2023-06-19 16:19:31,741 - AUGCON - INFO - Epoch [43/50]-(15/22) Loss: 0.3447, Acc(1): 100.00, Acc(5): 100.00
2023-06-19 16:19:31,742 - AUGCON - INFO - Epoch [43/50]-(20/22) Loss: 0.8189, Acc(1): 75.00, Acc(5): 100.00
2023-06-19 16:19:31,742 - AUGCON - INFO - 	Validation Loss: 1.0275, Acc(1): 70.00, Acc(5): 97.00, F1: 0.14, Recall: 0.14, Precision: 0.15
2023-06-19 16:19:31,742 - AUGCON - INFO - Epoch [44/50]-(0/22) Loss: 0.7055, Acc(1): 75.00, Acc(5): 100.00
2023-06-19 16:19:31,742 - AUGCON - INFO - Epoch [44/50]-(5/22) Loss: 0.7964, Acc(1): 75.00, Acc(5): 100.00
2023-06-19 16:19:31,742 - AUGCON - INFO - Epoch [44/50]-(10/22) Loss: 0.3625, Acc(1): 100.00, Acc(5): 100.00
2023-06-19 16:19:31,742 - AUGCON - INFO - Epoch [44/50]-(15/22) Loss: 1.0534, Acc(1): 75.00, Acc(5): 100.00
2023-06-19 16:19:31,742 - AUGCON - INFO - Epoch [44/50]-(20/22) Loss: 0.2357, Acc(1): 100.00, Acc(5): 100.00
2023-06-19 16:19:31,742 - AUGCON - INFO - 	Validation Loss: 1.0100, Acc(1): 65.00, Acc(5): 97.00, F1: 0.14, Recall: 0.13, Precision: 0.15
2023-06-19 16:19:31,742 - AUGCON - INFO - Epoch [45/50]-(0/22) Loss: 0.6852, Acc(1): 75.00, Acc(5): 100.00
2023-06-19 16:19:31,742 - AUGCON - INFO - Epoch [45/50]-(5/22) Loss: 0.2504, Acc(1): 100.00, Acc(5): 100.00
2023-06-19 16:19:31,742 - AUGCON - INFO - Epoch [45/50]-(10/22) Loss: 0.1926, Acc(1): 100.00, Acc(5): 100.00
2023-06-19 16:19:31,742 - AUGCON - INFO - Epoch [45/50]-(15/22) Loss: 1.1501, Acc(1): 50.00, Acc(5): 100.00
2023-06-19 16:19:31,742 - AUGCON - INFO - Epoch [45/50]-(20/22) Loss: 0.6193, Acc(1): 75.00, Acc(5): 100.00
2023-06-19 16:19:31,742 - AUGCON - INFO - 	Validation Loss: 0.9968, Acc(1): 70.00, Acc(5): 97.00, F1: 0.14, Recall: 0.14, Precision: 0.15
2023-06-19 16:19:31,742 - AUGCON - INFO - Epoch [46/50]-(0/22) Loss: 0.8746, Acc(1): 75.00, Acc(5): 100.00
2023-06-19 16:19:31,743 - AUGCON - INFO - Epoch [46/50]-(5/22) Loss: 0.3851, Acc(1): 100.00, Acc(5): 100.00
2023-06-19 16:19:31,743 - AUGCON - INFO - Epoch [46/50]-(10/22) Loss: 0.5006, Acc(1): 100.00, Acc(5): 100.00
2023-06-19 16:19:31,743 - AUGCON - INFO - Epoch [46/50]-(15/22) Loss: 1.2566, Acc(1): 50.00, Acc(5): 100.00
2023-06-19 16:19:31,743 - AUGCON - INFO - Epoch [46/50]-(20/22) Loss: 0.6049, Acc(1): 100.00, Acc(5): 100.00
2023-06-19 16:19:31,743 - AUGCON - INFO - 	Validation Loss: 1.0124, Acc(1): 67.00, Acc(5): 97.00, F1: 0.14, Recall: 0.14, Precision: 0.15
2023-06-19 16:19:31,743 - AUGCON - INFO - Epoch [47/50]-(0/22) Loss: 0.3464, Acc(1): 100.00, Acc(5): 100.00
2023-06-19 16:19:31,743 - AUGCON - INFO - Epoch [47/50]-(5/22) Loss: 1.0627, Acc(1): 50.00, Acc(5): 100.00
2023-06-19 16:19:31,743 - AUGCON - INFO - Epoch [47/50]-(10/22) Loss: 0.6007, Acc(1): 75.00, Acc(5): 100.00
2023-06-19 16:19:31,743 - AUGCON - INFO - Epoch [47/50]-(15/22) Loss: 0.7745, Acc(1): 75.00, Acc(5): 100.00
2023-06-19 16:19:31,743 - AUGCON - INFO - Epoch [47/50]-(20/22) Loss: 0.2924, Acc(1): 100.00, Acc(5): 100.00
2023-06-19 16:19:31,743 - AUGCON - INFO - 	Validation Loss: 0.9949, Acc(1): 69.00, Acc(5): 96.00, F1: 0.15, Recall: 0.14, Precision: 0.16
2023-06-19 16:19:31,743 - AUGCON - INFO - Epoch [48/50]-(0/22) Loss: 0.4882, Acc(1): 100.00, Acc(5): 100.00
2023-06-19 16:19:31,743 - AUGCON - INFO - Epoch [48/50]-(5/22) Loss: 1.1788, Acc(1): 50.00, Acc(5): 100.00
2023-06-19 16:19:31,743 - AUGCON - INFO - Epoch [48/50]-(10/22) Loss: 0.5231, Acc(1): 100.00, Acc(5): 100.00
2023-06-19 16:19:31,743 - AUGCON - INFO - Epoch [48/50]-(15/22) Loss: 0.2646, Acc(1): 100.00, Acc(5): 100.00
2023-06-19 16:19:31,743 - AUGCON - INFO - Epoch [48/50]-(20/22) Loss: 0.4276, Acc(1): 100.00, Acc(5): 100.00
2023-06-19 16:19:31,744 - AUGCON - INFO - 	Validation Loss: 1.0096, Acc(1): 64.00, Acc(5): 96.00, F1: 0.13, Recall: 0.12, Precision: 0.14
2023-06-19 16:19:31,744 - AUGCON - INFO - Epoch [49/50]-(0/22) Loss: 0.6080, Acc(1): 75.00, Acc(5): 100.00
2023-06-19 16:19:31,744 - AUGCON - INFO - Epoch [49/50]-(5/22) Loss: 0.7847, Acc(1): 75.00, Acc(5): 100.00
2023-06-19 16:19:31,744 - AUGCON - INFO - Epoch [49/50]-(10/22) Loss: 0.4892, Acc(1): 100.00, Acc(5): 100.00
2023-06-19 16:19:31,744 - AUGCON - INFO - Epoch [49/50]-(15/22) Loss: 0.7327, Acc(1): 75.00, Acc(5): 100.00
2023-06-19 16:19:31,744 - AUGCON - INFO - Epoch [49/50]-(20/22) Loss: 0.3404, Acc(1): 100.00, Acc(5): 100.00
2023-06-19 16:19:31,744 - AUGCON - INFO - 	Validation Loss: 1.0276, Acc(1): 65.00, Acc(5): 97.00, F1: 0.14, Recall: 0.13, Precision: 0.15
2023-06-19 16:19:31,744 - AUGCON - INFO - Epoch [50/50]-(0/22) Loss: 0.7076, Acc(1): 75.00, Acc(5): 100.00
2023-06-19 16:19:31,744 - AUGCON - INFO - Epoch [50/50]-(5/22) Loss: 0.4787, Acc(1): 100.00, Acc(5): 100.00
2023-06-19 16:19:31,744 - AUGCON - INFO - Epoch [50/50]-(10/22) Loss: 0.5997, Acc(1): 100.00, Acc(5): 100.00
2023-06-19 16:19:31,744 - AUGCON - INFO - Epoch [50/50]-(15/22) Loss: 0.6085, Acc(1): 75.00, Acc(5): 100.00
2023-06-19 16:19:31,744 - AUGCON - INFO - Epoch [50/50]-(20/22) Loss: 0.4150, Acc(1): 100.00, Acc(5): 100.00
2023-06-19 16:19:31,744 - AUGCON - INFO - 	Validation Loss: 1.0019, Acc(1): 67.00, Acc(5): 97.00, F1: 0.14, Recall: 0.13, Precision: 0.15
2023-06-19 16:19:31,744 - AUGCON - INFO - 	Validation Loss: 0.9253, Acc(1): 71.33, Acc(5): 96.67, F1: 0.17, Recall: 0.16, Precision: 0.18
