2023-06-19 16:34:58,552 - AUGCON - INFO - logger initialized (/home/hjyoon/projects/augcon/config/exp0/finetune_da_true/without_target_domain_PH0012-thanh/cpc_perdomain_8421/tgt_target_domain_WA0002-bkkim_seed0.yaml.log)
2023-06-19 16:34:58,552 - AUGCON - INFO - ================= Config =================
2023-06-19 16:34:58,552 - AUGCON - INFO -   mode: finetune
2023-06-19 16:34:58,552 - AUGCON - INFO -   seed: 0
2023-06-19 16:34:58,552 - AUGCON - INFO -   gpu: [1]
2023-06-19 16:34:58,552 - AUGCON - INFO -   num_workers: 1
2023-06-19 16:34:58,552 - AUGCON - INFO -   dist_url: tcp://localhost:10001
2023-06-19 16:34:58,552 - AUGCON - INFO -   dataset_name: ichar
2023-06-19 16:34:58,552 - AUGCON - INFO -   train_dataset_path: /mnt/sting/hjyoon/projects/cross/ICHAR/augcon/target_domain_WA0002-bkkim/finetune/10shot/target/train.pkl
2023-06-19 16:34:58,552 - AUGCON - INFO -   test_dataset_path: /mnt/sting/hjyoon/projects/cross/ICHAR/augcon/target_domain_WA0002-bkkim/finetune/10shot/target/test.pkl
2023-06-19 16:34:58,552 - AUGCON - INFO -   val_dataset_path: /mnt/sting/hjyoon/projects/cross/ICHAR/augcon/target_domain_WA0002-bkkim/finetune/10shot/target/val.pkl
2023-06-19 16:34:58,552 - AUGCON - INFO -   input_channels: 3
2023-06-19 16:34:58,552 - AUGCON - INFO -   num_cls: 9
2023-06-19 16:34:58,552 - AUGCON - INFO -   optimizer: adam
2023-06-19 16:34:58,552 - AUGCON - INFO -   criterion: crossentropy
2023-06-19 16:34:58,552 - AUGCON - INFO -   start_epoch: 0
2023-06-19 16:34:58,552 - AUGCON - INFO -   epochs: 50
2023-06-19 16:34:58,552 - AUGCON - INFO -   batch_size: 4
2023-06-19 16:34:58,552 - AUGCON - INFO -   lr: 0.001
2023-06-19 16:34:58,552 - AUGCON - INFO -   wd: 0.0
2023-06-19 16:34:58,552 - AUGCON - INFO -   resume: 
2023-06-19 16:34:58,552 - AUGCON - INFO -   pretrained: /mnt/sting/hjyoon/projects/augcontrast/models/exp0/pretrain/without_target_domain_PH0012-thanh/cpc_perdomain_8421//checkpoint_0099.pth.tar
2023-06-19 16:34:58,553 - AUGCON - INFO -   ckpt_dir: /mnt/sting/hjyoon/projects/augcontrast/models/exp0/finetune_da_true/without_target_domain_PH0012-thanh/cpc_perdomain_8421/tgt_target_domain_WA0002-bkkim_seed0
2023-06-19 16:34:58,553 - AUGCON - INFO -   log_freq: 5
2023-06-19 16:34:58,553 - AUGCON - INFO -   save_freq: 10
2023-06-19 16:34:58,553 - AUGCON - INFO -   pretext: metacpc
2023-06-19 16:34:58,553 - AUGCON - INFO -   enc_blocks: 4
2023-06-19 16:34:58,553 - AUGCON - INFO -   kernel_sizes: [8, 4, 2, 1]
2023-06-19 16:34:58,553 - AUGCON - INFO -   strides: [4, 2, 1, 1]
2023-06-19 16:34:58,553 - AUGCON - INFO -   agg_blocks: 5
2023-06-19 16:34:58,553 - AUGCON - INFO -   z_dim: 256
2023-06-19 16:34:58,553 - AUGCON - INFO -   pooling: mean
2023-06-19 16:34:58,553 - AUGCON - INFO -   pred_steps: 12
2023-06-19 16:34:58,553 - AUGCON - INFO -   n_negatives: 15
2023-06-19 16:34:58,553 - AUGCON - INFO -   offset: 4
2023-06-19 16:34:58,553 - AUGCON - INFO -   domain_adaptation: True
2023-06-19 16:34:58,553 - AUGCON - INFO -   task_steps: 10
2023-06-19 16:34:58,553 - AUGCON - INFO -   task_lr: 0.001
2023-06-19 16:34:58,553 - AUGCON - INFO -   reg_lambda: 0
2023-06-19 16:34:58,553 - AUGCON - INFO -   mlp: False
2023-06-19 16:34:58,553 - AUGCON - INFO -   freeze: True
2023-06-19 16:34:58,553 - AUGCON - INFO -   no_vars: True
2023-06-19 16:34:58,553 - AUGCON - INFO - ==========================================
2023-06-19 16:34:58,553 - AUGCON - INFO - Setting GPUs: [1]
2023-06-19 16:34:58,553 - AUGCON - INFO - GPUs [1] will be used
2023-06-19 16:34:58,554 - AUGCON - WARNING - You have chosen to seed training. 
2023-06-19 16:34:58,554 - AUGCON - WARNING - This will turn on the CUDNN deterministic setting, 
2023-06-19 16:34:58,554 - AUGCON - WARNING - which can slow down your training considerably! 
2023-06-19 16:34:58,554 - AUGCON - WARNING - You may see unexpected behavior when restarting 
2023-06-19 16:34:58,554 - AUGCON - WARNING - from checkpoints.
2023-06-19 16:34:58,599 - AUGCON - INFO - Executing MetaCPC
2023-06-19 16:34:58,600 - AUGCON - INFO - Logs are skipped during training
2023-06-19 16:35:18,364 - AUGCON - INFO - Single GPU is used for training - training 90 instances for each worker
2023-06-19 16:35:18,366 - AUGCON - INFO - Loading pretrained model from checkpoint - /mnt/sting/hjyoon/projects/augcontrast/models/exp0/pretrain/without_target_domain_PH0012-thanh/cpc_perdomain_8421//checkpoint_0099.pth.tar
2023-06-19 16:35:18,366 - AUGCON - INFO - Missing keys: ['predictor.vars.0', 'predictor.vars.1']
2023-06-19 16:35:18,366 - AUGCON - INFO - Perform domain adaptation step
2023-06-19 16:35:18,367 - AUGCON - INFO - 	meta-train [0/10] Loss: 2.9711, Acc(1): 7.24, Acc(5): 32.34
2023-06-19 16:35:18,367 - AUGCON - INFO - 	meta-train [1/10] Loss: 2.9134, Acc(1): 6.36, Acc(5): 31.56
2023-06-19 16:35:18,367 - AUGCON - INFO - 	meta-train [2/10] Loss: 2.9002, Acc(1): 6.89, Acc(5): 31.82
2023-06-19 16:35:18,367 - AUGCON - INFO - 	meta-train [3/10] Loss: 2.8820, Acc(1): 6.76, Acc(5): 31.91
2023-06-19 16:35:18,367 - AUGCON - INFO - 	meta-train [4/10] Loss: 2.8698, Acc(1): 7.03, Acc(5): 31.98
2023-06-19 16:35:18,367 - AUGCON - INFO - 	meta-train [5/10] Loss: 2.8742, Acc(1): 6.83, Acc(5): 32.00
2023-06-19 16:35:18,367 - AUGCON - INFO - 	meta-train [6/10] Loss: 2.8674, Acc(1): 6.41, Acc(5): 31.91
2023-06-19 16:35:18,367 - AUGCON - INFO - 	meta-train [7/10] Loss: 2.8609, Acc(1): 6.90, Acc(5): 32.17
2023-06-19 16:35:18,367 - AUGCON - INFO - 	meta-train [8/10] Loss: 2.8636, Acc(1): 6.95, Acc(5): 32.06
2023-06-19 16:35:18,367 - AUGCON - INFO - 	meta-train [9/10] Loss: 2.8576, Acc(1): 6.59, Acc(5): 31.97
2023-06-19 16:35:18,367 - AUGCON - INFO - Loading encoder parameters to the classifier
2023-06-19 16:35:18,367 - AUGCON - INFO - Missing keys: ['classifier.block.0.weight', 'classifier.block.0.bias']
2023-06-19 16:35:18,367 - AUGCON - INFO - Epoch [1/50]-(0/22) Loss: 2.2902, Acc(1): 0.00, Acc(5): 75.00
2023-06-19 16:35:18,367 - AUGCON - INFO - Epoch [1/50]-(5/22) Loss: 2.2284, Acc(1): 0.00, Acc(5): 100.00
2023-06-19 16:35:18,368 - AUGCON - INFO - Epoch [1/50]-(10/22) Loss: 2.5395, Acc(1): 0.00, Acc(5): 50.00
2023-06-19 16:35:18,368 - AUGCON - INFO - Epoch [1/50]-(15/22) Loss: 2.0814, Acc(1): 25.00, Acc(5): 75.00
2023-06-19 16:35:18,368 - AUGCON - INFO - Epoch [1/50]-(20/22) Loss: 2.0160, Acc(1): 25.00, Acc(5): 50.00
2023-06-19 16:35:18,368 - AUGCON - INFO - 	Validation Loss: 1.9964, Acc(1): 37.00, Acc(5): 79.00, F1: 0.09, Recall: 0.10, Precision: 0.08
2023-06-19 16:35:18,368 - AUGCON - INFO - Epoch [2/50]-(0/22) Loss: 2.0466, Acc(1): 25.00, Acc(5): 100.00
2023-06-19 16:35:18,368 - AUGCON - INFO - Epoch [2/50]-(5/22) Loss: 2.4859, Acc(1): 0.00, Acc(5): 50.00
2023-06-19 16:35:18,368 - AUGCON - INFO - Epoch [2/50]-(10/22) Loss: 2.2894, Acc(1): 25.00, Acc(5): 25.00
2023-06-19 16:35:18,368 - AUGCON - INFO - Epoch [2/50]-(15/22) Loss: 2.1646, Acc(1): 25.00, Acc(5): 75.00
2023-06-19 16:35:18,368 - AUGCON - INFO - Epoch [2/50]-(20/22) Loss: 2.1896, Acc(1): 25.00, Acc(5): 50.00
2023-06-19 16:35:18,368 - AUGCON - INFO - 	Validation Loss: 1.8235, Acc(1): 52.00, Acc(5): 79.00, F1: 0.15, Recall: 0.14, Precision: 0.16
2023-06-19 16:35:18,368 - AUGCON - INFO - Epoch [3/50]-(0/22) Loss: 1.6732, Acc(1): 75.00, Acc(5): 100.00
2023-06-19 16:35:18,368 - AUGCON - INFO - Epoch [3/50]-(5/22) Loss: 1.6863, Acc(1): 50.00, Acc(5): 100.00
2023-06-19 16:35:18,368 - AUGCON - INFO - Epoch [3/50]-(10/22) Loss: 2.2582, Acc(1): 0.00, Acc(5): 50.00
2023-06-19 16:35:18,368 - AUGCON - INFO - Epoch [3/50]-(15/22) Loss: 1.9887, Acc(1): 0.00, Acc(5): 100.00
2023-06-19 16:35:18,368 - AUGCON - INFO - Epoch [3/50]-(20/22) Loss: 1.8597, Acc(1): 25.00, Acc(5): 100.00
2023-06-19 16:35:18,368 - AUGCON - INFO - 	Validation Loss: 1.6520, Acc(1): 50.00, Acc(5): 99.00, F1: 0.13, Recall: 0.10, Precision: 0.21
2023-06-19 16:35:18,369 - AUGCON - INFO - Epoch [4/50]-(0/22) Loss: 1.9540, Acc(1): 50.00, Acc(5): 100.00
2023-06-19 16:35:18,369 - AUGCON - INFO - Epoch [4/50]-(5/22) Loss: 1.5847, Acc(1): 75.00, Acc(5): 100.00
2023-06-19 16:35:18,369 - AUGCON - INFO - Epoch [4/50]-(10/22) Loss: 2.0001, Acc(1): 0.00, Acc(5): 100.00
2023-06-19 16:35:18,369 - AUGCON - INFO - Epoch [4/50]-(15/22) Loss: 1.8517, Acc(1): 25.00, Acc(5): 100.00
2023-06-19 16:35:18,369 - AUGCON - INFO - Epoch [4/50]-(20/22) Loss: 1.6246, Acc(1): 50.00, Acc(5): 100.00
2023-06-19 16:35:18,369 - AUGCON - INFO - 	Validation Loss: 1.5857, Acc(1): 55.00, Acc(5): 94.00, F1: 0.16, Recall: 0.15, Precision: 0.18
2023-06-19 16:35:18,369 - AUGCON - INFO - Epoch [5/50]-(0/22) Loss: 1.5940, Acc(1): 50.00, Acc(5): 100.00
2023-06-19 16:35:18,369 - AUGCON - INFO - Epoch [5/50]-(5/22) Loss: 1.8362, Acc(1): 25.00, Acc(5): 100.00
2023-06-19 16:35:18,369 - AUGCON - INFO - Epoch [5/50]-(10/22) Loss: 1.8398, Acc(1): 25.00, Acc(5): 100.00
2023-06-19 16:35:18,369 - AUGCON - INFO - Epoch [5/50]-(15/22) Loss: 1.5479, Acc(1): 75.00, Acc(5): 75.00
2023-06-19 16:35:18,369 - AUGCON - INFO - Epoch [5/50]-(20/22) Loss: 1.5049, Acc(1): 75.00, Acc(5): 100.00
2023-06-19 16:35:18,369 - AUGCON - INFO - 	Validation Loss: 1.4744, Acc(1): 59.00, Acc(5): 96.00, F1: 0.16, Recall: 0.12, Precision: 0.23
2023-06-19 16:35:18,369 - AUGCON - INFO - Epoch [6/50]-(0/22) Loss: 1.4855, Acc(1): 25.00, Acc(5): 100.00
2023-06-19 16:35:18,369 - AUGCON - INFO - Epoch [6/50]-(5/22) Loss: 1.3724, Acc(1): 50.00, Acc(5): 100.00
2023-06-19 16:35:18,369 - AUGCON - INFO - Epoch [6/50]-(10/22) Loss: 1.8478, Acc(1): 25.00, Acc(5): 100.00
2023-06-19 16:35:18,370 - AUGCON - INFO - Epoch [6/50]-(15/22) Loss: 1.7895, Acc(1): 25.00, Acc(5): 75.00
2023-06-19 16:35:18,370 - AUGCON - INFO - Epoch [6/50]-(20/22) Loss: 1.5960, Acc(1): 50.00, Acc(5): 100.00
2023-06-19 16:35:18,370 - AUGCON - INFO - 	Validation Loss: 1.4210, Acc(1): 50.00, Acc(5): 99.00, F1: 0.14, Recall: 0.14, Precision: 0.13
2023-06-19 16:35:18,370 - AUGCON - INFO - Epoch [7/50]-(0/22) Loss: 1.5687, Acc(1): 50.00, Acc(5): 100.00
2023-06-19 16:35:18,370 - AUGCON - INFO - Epoch [7/50]-(5/22) Loss: 1.5917, Acc(1): 50.00, Acc(5): 75.00
2023-06-19 16:35:18,370 - AUGCON - INFO - Epoch [7/50]-(10/22) Loss: 1.6540, Acc(1): 50.00, Acc(5): 50.00
2023-06-19 16:35:18,370 - AUGCON - INFO - Epoch [7/50]-(15/22) Loss: 1.5272, Acc(1): 50.00, Acc(5): 100.00
2023-06-19 16:35:18,370 - AUGCON - INFO - Epoch [7/50]-(20/22) Loss: 1.5066, Acc(1): 50.00, Acc(5): 100.00
2023-06-19 16:35:18,370 - AUGCON - INFO - 	Validation Loss: 1.3604, Acc(1): 57.00, Acc(5): 98.00, F1: 0.16, Recall: 0.15, Precision: 0.17
2023-06-19 16:35:18,370 - AUGCON - INFO - Epoch [8/50]-(0/22) Loss: 1.7390, Acc(1): 50.00, Acc(5): 100.00
2023-06-19 16:35:18,370 - AUGCON - INFO - Epoch [8/50]-(5/22) Loss: 1.7369, Acc(1): 50.00, Acc(5): 100.00
2023-06-19 16:35:18,370 - AUGCON - INFO - Epoch [8/50]-(10/22) Loss: 1.3622, Acc(1): 50.00, Acc(5): 100.00
2023-06-19 16:35:18,370 - AUGCON - INFO - Epoch [8/50]-(15/22) Loss: 1.1724, Acc(1): 100.00, Acc(5): 100.00
2023-06-19 16:35:18,370 - AUGCON - INFO - Epoch [8/50]-(20/22) Loss: 1.1315, Acc(1): 75.00, Acc(5): 100.00
2023-06-19 16:35:18,370 - AUGCON - INFO - 	Validation Loss: 1.3170, Acc(1): 60.00, Acc(5): 98.00, F1: 0.17, Recall: 0.12, Precision: 0.25
2023-06-19 16:35:18,371 - AUGCON - INFO - Epoch [9/50]-(0/22) Loss: 0.5582, Acc(1): 100.00, Acc(5): 100.00
2023-06-19 16:35:18,371 - AUGCON - INFO - Epoch [9/50]-(5/22) Loss: 1.6358, Acc(1): 25.00, Acc(5): 100.00
2023-06-19 16:35:18,371 - AUGCON - INFO - Epoch [9/50]-(10/22) Loss: 1.4410, Acc(1): 50.00, Acc(5): 100.00
2023-06-19 16:35:18,371 - AUGCON - INFO - Epoch [9/50]-(15/22) Loss: 1.7460, Acc(1): 25.00, Acc(5): 100.00
2023-06-19 16:35:18,371 - AUGCON - INFO - Epoch [9/50]-(20/22) Loss: 1.5779, Acc(1): 50.00, Acc(5): 100.00
2023-06-19 16:35:18,371 - AUGCON - INFO - 	Validation Loss: 1.3167, Acc(1): 58.00, Acc(5): 95.00, F1: 0.16, Recall: 0.16, Precision: 0.17
2023-06-19 16:35:18,371 - AUGCON - INFO - Epoch [10/50]-(0/22) Loss: 1.4179, Acc(1): 50.00, Acc(5): 100.00
2023-06-19 16:35:18,371 - AUGCON - INFO - Epoch [10/50]-(5/22) Loss: 1.7439, Acc(1): 0.00, Acc(5): 100.00
2023-06-19 16:35:18,371 - AUGCON - INFO - Epoch [10/50]-(10/22) Loss: 1.2417, Acc(1): 50.00, Acc(5): 100.00
2023-06-19 16:35:18,371 - AUGCON - INFO - Epoch [10/50]-(15/22) Loss: 1.5001, Acc(1): 25.00, Acc(5): 100.00
2023-06-19 16:35:18,371 - AUGCON - INFO - Epoch [10/50]-(20/22) Loss: 1.5257, Acc(1): 25.00, Acc(5): 100.00
2023-06-19 16:35:18,371 - AUGCON - INFO - 	Validation Loss: 1.2584, Acc(1): 66.00, Acc(5): 99.00, F1: 0.18, Recall: 0.15, Precision: 0.22
2023-06-19 16:35:18,371 - AUGCON - INFO - Epoch [11/50]-(0/22) Loss: 1.4972, Acc(1): 25.00, Acc(5): 100.00
2023-06-19 16:35:18,371 - AUGCON - INFO - Epoch [11/50]-(5/22) Loss: 1.4079, Acc(1): 50.00, Acc(5): 100.00
2023-06-19 16:35:18,371 - AUGCON - INFO - Epoch [11/50]-(10/22) Loss: 1.0837, Acc(1): 75.00, Acc(5): 100.00
2023-06-19 16:35:18,371 - AUGCON - INFO - Epoch [11/50]-(15/22) Loss: 1.4762, Acc(1): 50.00, Acc(5): 100.00
2023-06-19 16:35:18,371 - AUGCON - INFO - Epoch [11/50]-(20/22) Loss: 1.4117, Acc(1): 50.00, Acc(5): 100.00
2023-06-19 16:35:18,372 - AUGCON - INFO - 	Validation Loss: 1.2576, Acc(1): 56.00, Acc(5): 98.00, F1: 0.16, Recall: 0.15, Precision: 0.17
2023-06-19 16:35:18,372 - AUGCON - INFO - Epoch [12/50]-(0/22) Loss: 1.3311, Acc(1): 50.00, Acc(5): 100.00
2023-06-19 16:35:18,372 - AUGCON - INFO - Epoch [12/50]-(5/22) Loss: 1.5398, Acc(1): 50.00, Acc(5): 100.00
2023-06-19 16:35:18,372 - AUGCON - INFO - Epoch [12/50]-(10/22) Loss: 1.9034, Acc(1): 0.00, Acc(5): 100.00
2023-06-19 16:35:18,372 - AUGCON - INFO - Epoch [12/50]-(15/22) Loss: 1.7245, Acc(1): 0.00, Acc(5): 100.00
2023-06-19 16:35:18,372 - AUGCON - INFO - Epoch [12/50]-(20/22) Loss: 1.4927, Acc(1): 25.00, Acc(5): 100.00
2023-06-19 16:35:18,372 - AUGCON - INFO - 	Validation Loss: 1.2206, Acc(1): 58.00, Acc(5): 99.00, F1: 0.15, Recall: 0.16, Precision: 0.14
2023-06-19 16:35:18,372 - AUGCON - INFO - Epoch [13/50]-(0/22) Loss: 1.0835, Acc(1): 50.00, Acc(5): 100.00
2023-06-19 16:35:18,372 - AUGCON - INFO - Epoch [13/50]-(5/22) Loss: 1.7984, Acc(1): 0.00, Acc(5): 100.00
2023-06-19 16:35:18,372 - AUGCON - INFO - Epoch [13/50]-(10/22) Loss: 0.9713, Acc(1): 75.00, Acc(5): 100.00
2023-06-19 16:35:18,372 - AUGCON - INFO - Epoch [13/50]-(15/22) Loss: 0.9722, Acc(1): 75.00, Acc(5): 100.00
2023-06-19 16:35:18,372 - AUGCON - INFO - Epoch [13/50]-(20/22) Loss: 1.6827, Acc(1): 25.00, Acc(5): 100.00
2023-06-19 16:35:18,372 - AUGCON - INFO - 	Validation Loss: 1.2435, Acc(1): 57.00, Acc(5): 98.00, F1: 0.14, Recall: 0.16, Precision: 0.13
2023-06-19 16:35:18,372 - AUGCON - INFO - Epoch [14/50]-(0/22) Loss: 1.1222, Acc(1): 50.00, Acc(5): 100.00
2023-06-19 16:35:18,372 - AUGCON - INFO - Epoch [14/50]-(5/22) Loss: 1.0859, Acc(1): 75.00, Acc(5): 100.00
2023-06-19 16:35:18,373 - AUGCON - INFO - Epoch [14/50]-(10/22) Loss: 1.1305, Acc(1): 50.00, Acc(5): 100.00
2023-06-19 16:35:18,373 - AUGCON - INFO - Epoch [14/50]-(15/22) Loss: 0.6526, Acc(1): 100.00, Acc(5): 100.00
2023-06-19 16:35:18,373 - AUGCON - INFO - Epoch [14/50]-(20/22) Loss: 1.4506, Acc(1): 25.00, Acc(5): 100.00
2023-06-19 16:35:18,373 - AUGCON - INFO - 	Validation Loss: 1.1878, Acc(1): 59.00, Acc(5): 99.00, F1: 0.16, Recall: 0.12, Precision: 0.24
2023-06-19 16:35:18,373 - AUGCON - INFO - Epoch [15/50]-(0/22) Loss: 0.8109, Acc(1): 75.00, Acc(5): 100.00
2023-06-19 16:35:18,373 - AUGCON - INFO - Epoch [15/50]-(5/22) Loss: 1.0319, Acc(1): 50.00, Acc(5): 100.00
2023-06-19 16:35:18,373 - AUGCON - INFO - Epoch [15/50]-(10/22) Loss: 0.8943, Acc(1): 100.00, Acc(5): 100.00
2023-06-19 16:35:18,373 - AUGCON - INFO - Epoch [15/50]-(15/22) Loss: 1.2653, Acc(1): 50.00, Acc(5): 100.00
2023-06-19 16:35:18,373 - AUGCON - INFO - Epoch [15/50]-(20/22) Loss: 1.5748, Acc(1): 50.00, Acc(5): 100.00
2023-06-19 16:35:18,373 - AUGCON - INFO - 	Validation Loss: 1.1663, Acc(1): 65.00, Acc(5): 99.00, F1: 0.17, Recall: 0.15, Precision: 0.20
2023-06-19 16:35:18,373 - AUGCON - INFO - Epoch [16/50]-(0/22) Loss: 1.1896, Acc(1): 100.00, Acc(5): 100.00
2023-06-19 16:35:18,373 - AUGCON - INFO - Epoch [16/50]-(5/22) Loss: 1.0557, Acc(1): 50.00, Acc(5): 100.00
2023-06-19 16:35:18,373 - AUGCON - INFO - Epoch [16/50]-(10/22) Loss: 0.9933, Acc(1): 75.00, Acc(5): 75.00
2023-06-19 16:35:18,373 - AUGCON - INFO - Epoch [16/50]-(15/22) Loss: 1.0410, Acc(1): 50.00, Acc(5): 100.00
2023-06-19 16:35:18,373 - AUGCON - INFO - Epoch [16/50]-(20/22) Loss: 2.0094, Acc(1): 0.00, Acc(5): 100.00
2023-06-19 16:35:18,373 - AUGCON - INFO - 	Validation Loss: 1.1960, Acc(1): 55.00, Acc(5): 96.00, F1: 0.16, Recall: 0.15, Precision: 0.16
2023-06-19 16:35:18,374 - AUGCON - INFO - Epoch [17/50]-(0/22) Loss: 0.7512, Acc(1): 100.00, Acc(5): 100.00
2023-06-19 16:35:18,374 - AUGCON - INFO - Epoch [17/50]-(5/22) Loss: 1.6505, Acc(1): 50.00, Acc(5): 100.00
2023-06-19 16:35:18,374 - AUGCON - INFO - Epoch [17/50]-(10/22) Loss: 1.6086, Acc(1): 25.00, Acc(5): 100.00
2023-06-19 16:35:18,374 - AUGCON - INFO - Epoch [17/50]-(15/22) Loss: 1.5676, Acc(1): 75.00, Acc(5): 100.00
2023-06-19 16:35:18,374 - AUGCON - INFO - Epoch [17/50]-(20/22) Loss: 0.3147, Acc(1): 100.00, Acc(5): 100.00
2023-06-19 16:35:18,374 - AUGCON - INFO - 	Validation Loss: 1.1499, Acc(1): 60.00, Acc(5): 99.00, F1: 0.17, Recall: 0.12, Precision: 0.25
2023-06-19 16:35:18,374 - AUGCON - INFO - Epoch [18/50]-(0/22) Loss: 1.6637, Acc(1): 25.00, Acc(5): 100.00
2023-06-19 16:35:18,374 - AUGCON - INFO - Epoch [18/50]-(5/22) Loss: 0.9909, Acc(1): 50.00, Acc(5): 100.00
2023-06-19 16:35:18,374 - AUGCON - INFO - Epoch [18/50]-(10/22) Loss: 1.5719, Acc(1): 25.00, Acc(5): 100.00
2023-06-19 16:35:18,374 - AUGCON - INFO - Epoch [18/50]-(15/22) Loss: 1.3441, Acc(1): 25.00, Acc(5): 100.00
2023-06-19 16:35:18,374 - AUGCON - INFO - Epoch [18/50]-(20/22) Loss: 1.3640, Acc(1): 50.00, Acc(5): 100.00
2023-06-19 16:35:18,374 - AUGCON - INFO - 	Validation Loss: 1.1506, Acc(1): 59.00, Acc(5): 99.00, F1: 0.17, Recall: 0.16, Precision: 0.17
2023-06-19 16:35:18,374 - AUGCON - INFO - Epoch [19/50]-(0/22) Loss: 0.9057, Acc(1): 75.00, Acc(5): 100.00
2023-06-19 16:35:18,374 - AUGCON - INFO - Epoch [19/50]-(5/22) Loss: 1.4827, Acc(1): 50.00, Acc(5): 100.00
2023-06-19 16:35:18,375 - AUGCON - INFO - Epoch [19/50]-(10/22) Loss: 0.7393, Acc(1): 75.00, Acc(5): 100.00
2023-06-19 16:35:18,375 - AUGCON - INFO - Epoch [19/50]-(15/22) Loss: 1.5973, Acc(1): 50.00, Acc(5): 100.00
2023-06-19 16:35:18,375 - AUGCON - INFO - Epoch [19/50]-(20/22) Loss: 0.8294, Acc(1): 75.00, Acc(5): 100.00
2023-06-19 16:35:18,375 - AUGCON - INFO - 	Validation Loss: 1.1116, Acc(1): 57.00, Acc(5): 99.00, F1: 0.14, Recall: 0.16, Precision: 0.13
2023-06-19 16:35:18,375 - AUGCON - INFO - Epoch [20/50]-(0/22) Loss: 1.1623, Acc(1): 75.00, Acc(5): 100.00
2023-06-19 16:35:18,375 - AUGCON - INFO - Epoch [20/50]-(5/22) Loss: 1.0540, Acc(1): 75.00, Acc(5): 100.00
2023-06-19 16:35:18,375 - AUGCON - INFO - Epoch [20/50]-(10/22) Loss: 1.0733, Acc(1): 50.00, Acc(5): 100.00
2023-06-19 16:35:18,375 - AUGCON - INFO - Epoch [20/50]-(15/22) Loss: 1.0682, Acc(1): 50.00, Acc(5): 100.00
2023-06-19 16:35:18,375 - AUGCON - INFO - Epoch [20/50]-(20/22) Loss: 1.4982, Acc(1): 25.00, Acc(5): 100.00
2023-06-19 16:35:18,375 - AUGCON - INFO - 	Validation Loss: 1.1382, Acc(1): 64.00, Acc(5): 99.00, F1: 0.16, Recall: 0.16, Precision: 0.17
2023-06-19 16:35:18,375 - AUGCON - INFO - Epoch [21/50]-(0/22) Loss: 0.5936, Acc(1): 100.00, Acc(5): 100.00
2023-06-19 16:35:18,375 - AUGCON - INFO - Epoch [21/50]-(5/22) Loss: 1.2895, Acc(1): 50.00, Acc(5): 100.00
2023-06-19 16:35:18,375 - AUGCON - INFO - Epoch [21/50]-(10/22) Loss: 0.9691, Acc(1): 75.00, Acc(5): 100.00
2023-06-19 16:35:18,375 - AUGCON - INFO - Epoch [21/50]-(15/22) Loss: 0.7303, Acc(1): 100.00, Acc(5): 100.00
2023-06-19 16:35:18,375 - AUGCON - INFO - Epoch [21/50]-(20/22) Loss: 1.2115, Acc(1): 50.00, Acc(5): 100.00
2023-06-19 16:35:18,375 - AUGCON - INFO - 	Validation Loss: 1.0711, Acc(1): 68.00, Acc(5): 99.00, F1: 0.18, Recall: 0.17, Precision: 0.19
2023-06-19 16:35:18,375 - AUGCON - INFO - Epoch [22/50]-(0/22) Loss: 1.4976, Acc(1): 75.00, Acc(5): 100.00
2023-06-19 16:35:18,376 - AUGCON - INFO - Epoch [22/50]-(5/22) Loss: 0.9830, Acc(1): 50.00, Acc(5): 100.00
2023-06-19 16:35:18,376 - AUGCON - INFO - Epoch [22/50]-(10/22) Loss: 1.0574, Acc(1): 75.00, Acc(5): 100.00
2023-06-19 16:35:18,376 - AUGCON - INFO - Epoch [22/50]-(15/22) Loss: 1.1856, Acc(1): 50.00, Acc(5): 100.00
2023-06-19 16:35:18,376 - AUGCON - INFO - Epoch [22/50]-(20/22) Loss: 1.3610, Acc(1): 25.00, Acc(5): 100.00
2023-06-19 16:35:18,376 - AUGCON - INFO - 	Validation Loss: 1.1135, Acc(1): 56.00, Acc(5): 99.00, F1: 0.14, Recall: 0.15, Precision: 0.13
2023-06-19 16:35:18,376 - AUGCON - INFO - Epoch [23/50]-(0/22) Loss: 0.4357, Acc(1): 100.00, Acc(5): 100.00
2023-06-19 16:35:18,376 - AUGCON - INFO - Epoch [23/50]-(5/22) Loss: 1.3056, Acc(1): 50.00, Acc(5): 100.00
2023-06-19 16:35:18,376 - AUGCON - INFO - Epoch [23/50]-(10/22) Loss: 1.4492, Acc(1): 50.00, Acc(5): 100.00
2023-06-19 16:35:18,376 - AUGCON - INFO - Epoch [23/50]-(15/22) Loss: 1.1984, Acc(1): 50.00, Acc(5): 100.00
2023-06-19 16:35:18,376 - AUGCON - INFO - Epoch [23/50]-(20/22) Loss: 0.8393, Acc(1): 50.00, Acc(5): 100.00
2023-06-19 16:35:18,376 - AUGCON - INFO - 	Validation Loss: 1.1114, Acc(1): 53.00, Acc(5): 100.00, F1: 0.13, Recall: 0.15, Precision: 0.11
2023-06-19 16:35:18,376 - AUGCON - INFO - Epoch [24/50]-(0/22) Loss: 1.0651, Acc(1): 50.00, Acc(5): 100.00
2023-06-19 16:35:18,376 - AUGCON - INFO - Epoch [24/50]-(5/22) Loss: 1.5350, Acc(1): 25.00, Acc(5): 100.00
2023-06-19 16:35:18,376 - AUGCON - INFO - Epoch [24/50]-(10/22) Loss: 1.0608, Acc(1): 50.00, Acc(5): 100.00
2023-06-19 16:35:18,376 - AUGCON - INFO - Epoch [24/50]-(15/22) Loss: 0.5483, Acc(1): 100.00, Acc(5): 100.00
2023-06-19 16:35:18,377 - AUGCON - INFO - Epoch [24/50]-(20/22) Loss: 1.6572, Acc(1): 25.00, Acc(5): 100.00
2023-06-19 16:35:18,377 - AUGCON - INFO - 	Validation Loss: 1.0562, Acc(1): 60.00, Acc(5): 100.00, F1: 0.16, Recall: 0.12, Precision: 0.25
2023-06-19 16:35:18,377 - AUGCON - INFO - Epoch [25/50]-(0/22) Loss: 1.3107, Acc(1): 25.00, Acc(5): 100.00
2023-06-19 16:35:18,377 - AUGCON - INFO - Epoch [25/50]-(5/22) Loss: 1.0167, Acc(1): 75.00, Acc(5): 100.00
2023-06-19 16:35:18,377 - AUGCON - INFO - Epoch [25/50]-(10/22) Loss: 0.8576, Acc(1): 50.00, Acc(5): 100.00
2023-06-19 16:35:18,377 - AUGCON - INFO - Epoch [25/50]-(15/22) Loss: 1.2460, Acc(1): 75.00, Acc(5): 100.00
2023-06-19 16:35:18,377 - AUGCON - INFO - Epoch [25/50]-(20/22) Loss: 1.2565, Acc(1): 75.00, Acc(5): 100.00
2023-06-19 16:35:18,377 - AUGCON - INFO - 	Validation Loss: 1.0468, Acc(1): 61.00, Acc(5): 99.00, F1: 0.16, Recall: 0.17, Precision: 0.16
2023-06-19 16:35:18,377 - AUGCON - INFO - Epoch [26/50]-(0/22) Loss: 0.6210, Acc(1): 75.00, Acc(5): 100.00
2023-06-19 16:35:18,377 - AUGCON - INFO - Epoch [26/50]-(5/22) Loss: 1.1882, Acc(1): 75.00, Acc(5): 100.00
2023-06-19 16:35:18,377 - AUGCON - INFO - Epoch [26/50]-(10/22) Loss: 1.8447, Acc(1): 0.00, Acc(5): 100.00
2023-06-19 16:35:18,377 - AUGCON - INFO - Epoch [26/50]-(15/22) Loss: 0.6979, Acc(1): 100.00, Acc(5): 100.00
2023-06-19 16:35:18,377 - AUGCON - INFO - Epoch [26/50]-(20/22) Loss: 1.1530, Acc(1): 50.00, Acc(5): 100.00
2023-06-19 16:35:18,377 - AUGCON - INFO - 	Validation Loss: 1.0762, Acc(1): 59.00, Acc(5): 99.00, F1: 0.15, Recall: 0.16, Precision: 0.14
2023-06-19 16:35:18,377 - AUGCON - INFO - Epoch [27/50]-(0/22) Loss: 0.8718, Acc(1): 50.00, Acc(5): 100.00
2023-06-19 16:35:18,377 - AUGCON - INFO - Epoch [27/50]-(5/22) Loss: 1.1407, Acc(1): 50.00, Acc(5): 100.00
2023-06-19 16:35:18,378 - AUGCON - INFO - Epoch [27/50]-(10/22) Loss: 1.0569, Acc(1): 75.00, Acc(5): 100.00
2023-06-19 16:35:18,378 - AUGCON - INFO - Epoch [27/50]-(15/22) Loss: 1.0507, Acc(1): 75.00, Acc(5): 100.00
2023-06-19 16:35:18,378 - AUGCON - INFO - Epoch [27/50]-(20/22) Loss: 0.5299, Acc(1): 75.00, Acc(5): 100.00
2023-06-19 16:35:18,378 - AUGCON - INFO - 	Validation Loss: 1.0492, Acc(1): 60.00, Acc(5): 98.00, F1: 0.17, Recall: 0.12, Precision: 0.25
2023-06-19 16:35:18,378 - AUGCON - INFO - Epoch [28/50]-(0/22) Loss: 0.6228, Acc(1): 75.00, Acc(5): 100.00
2023-06-19 16:35:18,378 - AUGCON - INFO - Epoch [28/50]-(5/22) Loss: 1.0258, Acc(1): 50.00, Acc(5): 100.00
2023-06-19 16:35:18,378 - AUGCON - INFO - Epoch [28/50]-(10/22) Loss: 1.4765, Acc(1): 25.00, Acc(5): 100.00
2023-06-19 16:35:18,378 - AUGCON - INFO - Epoch [28/50]-(15/22) Loss: 1.0116, Acc(1): 75.00, Acc(5): 100.00
2023-06-19 16:35:18,378 - AUGCON - INFO - Epoch [28/50]-(20/22) Loss: 1.1658, Acc(1): 25.00, Acc(5): 100.00
2023-06-19 16:35:18,378 - AUGCON - INFO - 	Validation Loss: 1.0573, Acc(1): 62.00, Acc(5): 99.00, F1: 0.15, Recall: 0.17, Precision: 0.14
2023-06-19 16:35:18,378 - AUGCON - INFO - Epoch [29/50]-(0/22) Loss: 1.2093, Acc(1): 75.00, Acc(5): 100.00
2023-06-19 16:35:18,378 - AUGCON - INFO - Epoch [29/50]-(5/22) Loss: 1.1730, Acc(1): 50.00, Acc(5): 100.00
2023-06-19 16:35:18,378 - AUGCON - INFO - Epoch [29/50]-(10/22) Loss: 0.9944, Acc(1): 75.00, Acc(5): 100.00
2023-06-19 16:35:18,378 - AUGCON - INFO - Epoch [29/50]-(15/22) Loss: 0.9512, Acc(1): 50.00, Acc(5): 100.00
2023-06-19 16:35:18,378 - AUGCON - INFO - Epoch [29/50]-(20/22) Loss: 1.1836, Acc(1): 50.00, Acc(5): 100.00
2023-06-19 16:35:18,378 - AUGCON - INFO - 	Validation Loss: 1.0283, Acc(1): 68.00, Acc(5): 99.00, F1: 0.18, Recall: 0.15, Precision: 0.24
2023-06-19 16:35:18,378 - AUGCON - INFO - Epoch [30/50]-(0/22) Loss: 0.9356, Acc(1): 75.00, Acc(5): 100.00
2023-06-19 16:35:18,379 - AUGCON - INFO - Epoch [30/50]-(5/22) Loss: 1.1039, Acc(1): 50.00, Acc(5): 100.00
2023-06-19 16:35:18,379 - AUGCON - INFO - Epoch [30/50]-(10/22) Loss: 0.5104, Acc(1): 75.00, Acc(5): 100.00
2023-06-19 16:35:18,379 - AUGCON - INFO - Epoch [30/50]-(15/22) Loss: 1.8209, Acc(1): 0.00, Acc(5): 100.00
2023-06-19 16:35:18,379 - AUGCON - INFO - Epoch [30/50]-(20/22) Loss: 0.6465, Acc(1): 75.00, Acc(5): 100.00
2023-06-19 16:35:18,379 - AUGCON - INFO - 	Validation Loss: 1.0585, Acc(1): 59.00, Acc(5): 99.00, F1: 0.14, Recall: 0.16, Precision: 0.13
2023-06-19 16:35:18,379 - AUGCON - INFO - Epoch [31/50]-(0/22) Loss: 1.3234, Acc(1): 25.00, Acc(5): 100.00
2023-06-19 16:35:18,379 - AUGCON - INFO - Epoch [31/50]-(5/22) Loss: 1.2872, Acc(1): 25.00, Acc(5): 100.00
2023-06-19 16:35:18,379 - AUGCON - INFO - Epoch [31/50]-(10/22) Loss: 0.9241, Acc(1): 75.00, Acc(5): 100.00
2023-06-19 16:35:18,379 - AUGCON - INFO - Epoch [31/50]-(15/22) Loss: 0.6772, Acc(1): 75.00, Acc(5): 100.00
2023-06-19 16:35:18,379 - AUGCON - INFO - Epoch [31/50]-(20/22) Loss: 1.2985, Acc(1): 25.00, Acc(5): 100.00
2023-06-19 16:35:18,379 - AUGCON - INFO - 	Validation Loss: 1.0566, Acc(1): 59.00, Acc(5): 99.00, F1: 0.16, Recall: 0.16, Precision: 0.17
2023-06-19 16:35:18,379 - AUGCON - INFO - Epoch [32/50]-(0/22) Loss: 0.9604, Acc(1): 75.00, Acc(5): 100.00
2023-06-19 16:35:18,379 - AUGCON - INFO - Epoch [32/50]-(5/22) Loss: 0.9052, Acc(1): 75.00, Acc(5): 100.00
2023-06-19 16:35:18,379 - AUGCON - INFO - Epoch [32/50]-(10/22) Loss: 1.1577, Acc(1): 75.00, Acc(5): 100.00
2023-06-19 16:35:18,379 - AUGCON - INFO - Epoch [32/50]-(15/22) Loss: 0.7652, Acc(1): 75.00, Acc(5): 100.00
2023-06-19 16:35:18,379 - AUGCON - INFO - Epoch [32/50]-(20/22) Loss: 1.6009, Acc(1): 0.00, Acc(5): 100.00
2023-06-19 16:35:18,380 - AUGCON - INFO - 	Validation Loss: 1.0580, Acc(1): 56.00, Acc(5): 100.00, F1: 0.14, Recall: 0.15, Precision: 0.13
2023-06-19 16:35:18,380 - AUGCON - INFO - Epoch [33/50]-(0/22) Loss: 1.1955, Acc(1): 25.00, Acc(5): 100.00
2023-06-19 16:35:18,380 - AUGCON - INFO - Epoch [33/50]-(5/22) Loss: 1.2076, Acc(1): 25.00, Acc(5): 100.00
2023-06-19 16:35:18,380 - AUGCON - INFO - Epoch [33/50]-(10/22) Loss: 0.4114, Acc(1): 100.00, Acc(5): 100.00
2023-06-19 16:35:18,380 - AUGCON - INFO - Epoch [33/50]-(15/22) Loss: 1.1829, Acc(1): 25.00, Acc(5): 100.00
2023-06-19 16:35:18,380 - AUGCON - INFO - Epoch [33/50]-(20/22) Loss: 1.3954, Acc(1): 50.00, Acc(5): 100.00
2023-06-19 16:35:18,380 - AUGCON - INFO - 	Validation Loss: 1.0223, Acc(1): 66.00, Acc(5): 99.00, F1: 0.18, Recall: 0.15, Precision: 0.24
2023-06-19 16:35:18,380 - AUGCON - INFO - Epoch [34/50]-(0/22) Loss: 0.7516, Acc(1): 100.00, Acc(5): 100.00
2023-06-19 16:35:18,380 - AUGCON - INFO - Epoch [34/50]-(5/22) Loss: 1.6203, Acc(1): 50.00, Acc(5): 100.00
2023-06-19 16:35:18,380 - AUGCON - INFO - Epoch [34/50]-(10/22) Loss: 0.5415, Acc(1): 75.00, Acc(5): 100.00
2023-06-19 16:35:18,380 - AUGCON - INFO - Epoch [34/50]-(15/22) Loss: 0.4442, Acc(1): 75.00, Acc(5): 100.00
2023-06-19 16:35:18,380 - AUGCON - INFO - Epoch [34/50]-(20/22) Loss: 1.6744, Acc(1): 0.00, Acc(5): 100.00
2023-06-19 16:35:18,380 - AUGCON - INFO - 	Validation Loss: 1.0613, Acc(1): 57.00, Acc(5): 98.00, F1: 0.14, Recall: 0.16, Precision: 0.13
2023-06-19 16:35:18,380 - AUGCON - INFO - Epoch [35/50]-(0/22) Loss: 1.4720, Acc(1): 0.00, Acc(5): 100.00
2023-06-19 16:35:18,380 - AUGCON - INFO - Epoch [35/50]-(5/22) Loss: 1.2341, Acc(1): 50.00, Acc(5): 100.00
2023-06-19 16:35:18,381 - AUGCON - INFO - Epoch [35/50]-(10/22) Loss: 1.4099, Acc(1): 25.00, Acc(5): 100.00
2023-06-19 16:35:18,381 - AUGCON - INFO - Epoch [35/50]-(15/22) Loss: 1.4796, Acc(1): 25.00, Acc(5): 75.00
2023-06-19 16:35:18,381 - AUGCON - INFO - Epoch [35/50]-(20/22) Loss: 0.7721, Acc(1): 75.00, Acc(5): 100.00
2023-06-19 16:35:18,381 - AUGCON - INFO - 	Validation Loss: 1.0455, Acc(1): 58.00, Acc(5): 99.00, F1: 0.17, Recall: 0.16, Precision: 0.17
2023-06-19 16:35:18,381 - AUGCON - INFO - Epoch [36/50]-(0/22) Loss: 0.7139, Acc(1): 75.00, Acc(5): 100.00
2023-06-19 16:35:18,381 - AUGCON - INFO - Epoch [36/50]-(5/22) Loss: 1.0433, Acc(1): 50.00, Acc(5): 100.00
2023-06-19 16:35:18,381 - AUGCON - INFO - Epoch [36/50]-(10/22) Loss: 0.9083, Acc(1): 75.00, Acc(5): 100.00
2023-06-19 16:35:18,381 - AUGCON - INFO - Epoch [36/50]-(15/22) Loss: 0.4938, Acc(1): 75.00, Acc(5): 100.00
2023-06-19 16:35:18,381 - AUGCON - INFO - Epoch [36/50]-(20/22) Loss: 1.3564, Acc(1): 50.00, Acc(5): 100.00
2023-06-19 16:35:18,381 - AUGCON - INFO - 	Validation Loss: 1.0009, Acc(1): 58.00, Acc(5): 99.00, F1: 0.15, Recall: 0.16, Precision: 0.13
2023-06-19 16:35:18,381 - AUGCON - INFO - Epoch [37/50]-(0/22) Loss: 0.3021, Acc(1): 100.00, Acc(5): 100.00
2023-06-19 16:35:18,381 - AUGCON - INFO - Epoch [37/50]-(5/22) Loss: 0.4582, Acc(1): 100.00, Acc(5): 100.00
2023-06-19 16:35:18,381 - AUGCON - INFO - Epoch [37/50]-(10/22) Loss: 1.1232, Acc(1): 75.00, Acc(5): 100.00
2023-06-19 16:35:18,381 - AUGCON - INFO - Epoch [37/50]-(15/22) Loss: 0.7488, Acc(1): 75.00, Acc(5): 100.00
2023-06-19 16:35:18,381 - AUGCON - INFO - Epoch [37/50]-(20/22) Loss: 0.9563, Acc(1): 75.00, Acc(5): 100.00
2023-06-19 16:35:18,381 - AUGCON - INFO - 	Validation Loss: 1.0051, Acc(1): 61.00, Acc(5): 99.00, F1: 0.17, Recall: 0.13, Precision: 0.25
2023-06-19 16:35:18,382 - AUGCON - INFO - Epoch [38/50]-(0/22) Loss: 0.4692, Acc(1): 75.00, Acc(5): 100.00
2023-06-19 16:35:18,382 - AUGCON - INFO - Epoch [38/50]-(5/22) Loss: 0.7851, Acc(1): 50.00, Acc(5): 100.00
2023-06-19 16:35:18,382 - AUGCON - INFO - Epoch [38/50]-(10/22) Loss: 0.7183, Acc(1): 75.00, Acc(5): 100.00
2023-06-19 16:35:18,382 - AUGCON - INFO - Epoch [38/50]-(15/22) Loss: 0.8640, Acc(1): 75.00, Acc(5): 100.00
2023-06-19 16:35:18,382 - AUGCON - INFO - Epoch [38/50]-(20/22) Loss: 1.1134, Acc(1): 75.00, Acc(5): 100.00
2023-06-19 16:35:18,382 - AUGCON - INFO - 	Validation Loss: 1.0086, Acc(1): 65.00, Acc(5): 99.00, F1: 0.17, Recall: 0.18, Precision: 0.17
2023-06-19 16:35:18,382 - AUGCON - INFO - Epoch [39/50]-(0/22) Loss: 1.1184, Acc(1): 50.00, Acc(5): 100.00
2023-06-19 16:35:18,382 - AUGCON - INFO - Epoch [39/50]-(5/22) Loss: 1.3399, Acc(1): 50.00, Acc(5): 100.00
2023-06-19 16:35:18,382 - AUGCON - INFO - Epoch [39/50]-(10/22) Loss: 0.9525, Acc(1): 50.00, Acc(5): 100.00
2023-06-19 16:35:18,382 - AUGCON - INFO - Epoch [39/50]-(15/22) Loss: 0.6551, Acc(1): 100.00, Acc(5): 100.00
2023-06-19 16:35:18,382 - AUGCON - INFO - Epoch [39/50]-(20/22) Loss: 0.9125, Acc(1): 50.00, Acc(5): 100.00
2023-06-19 16:35:18,382 - AUGCON - INFO - 	Validation Loss: 1.0073, Acc(1): 60.00, Acc(5): 99.00, F1: 0.17, Recall: 0.17, Precision: 0.18
2023-06-19 16:35:18,382 - AUGCON - INFO - Epoch [40/50]-(0/22) Loss: 0.5839, Acc(1): 75.00, Acc(5): 100.00
2023-06-19 16:35:18,383 - AUGCON - INFO - Epoch [40/50]-(5/22) Loss: 0.9167, Acc(1): 75.00, Acc(5): 100.00
2023-06-19 16:35:18,383 - AUGCON - INFO - Epoch [40/50]-(10/22) Loss: 0.5656, Acc(1): 100.00, Acc(5): 100.00
2023-06-19 16:35:18,383 - AUGCON - INFO - Epoch [40/50]-(15/22) Loss: 1.1837, Acc(1): 50.00, Acc(5): 100.00
2023-06-19 16:35:18,383 - AUGCON - INFO - Epoch [40/50]-(20/22) Loss: 0.9732, Acc(1): 50.00, Acc(5): 100.00
2023-06-19 16:35:18,383 - AUGCON - INFO - 	Validation Loss: 1.0369, Acc(1): 64.00, Acc(5): 99.00, F1: 0.15, Recall: 0.15, Precision: 0.15
2023-06-19 16:35:18,383 - AUGCON - INFO - Epoch [41/50]-(0/22) Loss: 1.1970, Acc(1): 25.00, Acc(5): 100.00
2023-06-19 16:35:18,384 - AUGCON - INFO - Epoch [41/50]-(5/22) Loss: 0.7659, Acc(1): 75.00, Acc(5): 100.00
2023-06-19 16:35:18,384 - AUGCON - INFO - Epoch [41/50]-(10/22) Loss: 1.4068, Acc(1): 25.00, Acc(5): 100.00
2023-06-19 16:35:18,384 - AUGCON - INFO - Epoch [41/50]-(15/22) Loss: 1.2366, Acc(1): 50.00, Acc(5): 100.00
2023-06-19 16:35:18,384 - AUGCON - INFO - Epoch [41/50]-(20/22) Loss: 1.1154, Acc(1): 50.00, Acc(5): 100.00
2023-06-19 16:35:18,384 - AUGCON - INFO - 	Validation Loss: 1.0046, Acc(1): 61.00, Acc(5): 99.00, F1: 0.17, Recall: 0.13, Precision: 0.26
2023-06-19 16:35:18,384 - AUGCON - INFO - Epoch [42/50]-(0/22) Loss: 1.0905, Acc(1): 50.00, Acc(5): 100.00
2023-06-19 16:35:18,384 - AUGCON - INFO - Epoch [42/50]-(5/22) Loss: 0.8186, Acc(1): 50.00, Acc(5): 100.00
2023-06-19 16:35:18,384 - AUGCON - INFO - Epoch [42/50]-(10/22) Loss: 0.7599, Acc(1): 75.00, Acc(5): 100.00
2023-06-19 16:35:18,384 - AUGCON - INFO - Epoch [42/50]-(15/22) Loss: 0.4947, Acc(1): 75.00, Acc(5): 100.00
2023-06-19 16:35:18,384 - AUGCON - INFO - Epoch [42/50]-(20/22) Loss: 1.0278, Acc(1): 75.00, Acc(5): 100.00
2023-06-19 16:35:18,384 - AUGCON - INFO - 	Validation Loss: 0.9907, Acc(1): 62.00, Acc(5): 99.00, F1: 0.17, Recall: 0.17, Precision: 0.17
2023-06-19 16:35:18,384 - AUGCON - INFO - Epoch [43/50]-(0/22) Loss: 1.2134, Acc(1): 75.00, Acc(5): 100.00
2023-06-19 16:35:18,384 - AUGCON - INFO - Epoch [43/50]-(5/22) Loss: 0.7426, Acc(1): 50.00, Acc(5): 100.00
2023-06-19 16:35:18,384 - AUGCON - INFO - Epoch [43/50]-(10/22) Loss: 0.7284, Acc(1): 75.00, Acc(5): 100.00
2023-06-19 16:35:18,385 - AUGCON - INFO - Epoch [43/50]-(15/22) Loss: 1.0712, Acc(1): 75.00, Acc(5): 100.00
2023-06-19 16:35:18,385 - AUGCON - INFO - Epoch [43/50]-(20/22) Loss: 1.2209, Acc(1): 50.00, Acc(5): 100.00
2023-06-19 16:35:18,385 - AUGCON - INFO - 	Validation Loss: 0.9983, Acc(1): 66.00, Acc(5): 99.00, F1: 0.17, Recall: 0.18, Precision: 0.16
2023-06-19 16:35:18,385 - AUGCON - INFO - Epoch [44/50]-(0/22) Loss: 0.4711, Acc(1): 75.00, Acc(5): 100.00
2023-06-19 16:35:18,385 - AUGCON - INFO - Epoch [44/50]-(5/22) Loss: 0.8659, Acc(1): 50.00, Acc(5): 100.00
2023-06-19 16:35:18,385 - AUGCON - INFO - Epoch [44/50]-(10/22) Loss: 1.0818, Acc(1): 50.00, Acc(5): 100.00
2023-06-19 16:35:18,385 - AUGCON - INFO - Epoch [44/50]-(15/22) Loss: 0.6281, Acc(1): 100.00, Acc(5): 100.00
2023-06-19 16:35:18,385 - AUGCON - INFO - Epoch [44/50]-(20/22) Loss: 0.9008, Acc(1): 75.00, Acc(5): 100.00
2023-06-19 16:35:18,385 - AUGCON - INFO - 	Validation Loss: 1.0025, Acc(1): 63.00, Acc(5): 99.00, F1: 0.16, Recall: 0.13, Precision: 0.22
2023-06-19 16:35:18,385 - AUGCON - INFO - Epoch [45/50]-(0/22) Loss: 1.4389, Acc(1): 25.00, Acc(5): 100.00
2023-06-19 16:35:18,385 - AUGCON - INFO - Epoch [45/50]-(5/22) Loss: 0.9178, Acc(1): 50.00, Acc(5): 100.00
2023-06-19 16:35:18,385 - AUGCON - INFO - Epoch [45/50]-(10/22) Loss: 0.1844, Acc(1): 100.00, Acc(5): 100.00
2023-06-19 16:35:18,385 - AUGCON - INFO - Epoch [45/50]-(15/22) Loss: 0.7167, Acc(1): 75.00, Acc(5): 100.00
2023-06-19 16:35:18,385 - AUGCON - INFO - Epoch [45/50]-(20/22) Loss: 0.6164, Acc(1): 100.00, Acc(5): 100.00
2023-06-19 16:35:18,386 - AUGCON - INFO - 	Validation Loss: 1.0272, Acc(1): 59.00, Acc(5): 99.00, F1: 0.17, Recall: 0.16, Precision: 0.17
2023-06-19 16:35:18,386 - AUGCON - INFO - Epoch [46/50]-(0/22) Loss: 1.0934, Acc(1): 50.00, Acc(5): 100.00
2023-06-19 16:35:18,386 - AUGCON - INFO - Epoch [46/50]-(5/22) Loss: 0.2546, Acc(1): 100.00, Acc(5): 100.00
2023-06-19 16:35:18,386 - AUGCON - INFO - Epoch [46/50]-(10/22) Loss: 0.8895, Acc(1): 50.00, Acc(5): 100.00
2023-06-19 16:35:18,386 - AUGCON - INFO - Epoch [46/50]-(15/22) Loss: 0.8018, Acc(1): 50.00, Acc(5): 100.00
2023-06-19 16:35:18,386 - AUGCON - INFO - Epoch [46/50]-(20/22) Loss: 0.8328, Acc(1): 75.00, Acc(5): 100.00
2023-06-19 16:35:18,386 - AUGCON - INFO - 	Validation Loss: 0.9965, Acc(1): 62.00, Acc(5): 99.00, F1: 0.15, Recall: 0.16, Precision: 0.15
2023-06-19 16:35:18,386 - AUGCON - INFO - Epoch [47/50]-(0/22) Loss: 0.6943, Acc(1): 75.00, Acc(5): 100.00
2023-06-19 16:35:18,386 - AUGCON - INFO - Epoch [47/50]-(5/22) Loss: 0.9571, Acc(1): 50.00, Acc(5): 100.00
2023-06-19 16:35:18,386 - AUGCON - INFO - Epoch [47/50]-(10/22) Loss: 0.9172, Acc(1): 75.00, Acc(5): 100.00
2023-06-19 16:35:18,386 - AUGCON - INFO - Epoch [47/50]-(15/22) Loss: 0.8346, Acc(1): 75.00, Acc(5): 100.00
2023-06-19 16:35:18,386 - AUGCON - INFO - Epoch [47/50]-(20/22) Loss: 0.8091, Acc(1): 50.00, Acc(5): 100.00
2023-06-19 16:35:18,386 - AUGCON - INFO - 	Validation Loss: 0.9845, Acc(1): 68.00, Acc(5): 99.00, F1: 0.19, Recall: 0.15, Precision: 0.27
2023-06-19 16:35:18,386 - AUGCON - INFO - Epoch [48/50]-(0/22) Loss: 0.8247, Acc(1): 50.00, Acc(5): 100.00
2023-06-19 16:35:18,386 - AUGCON - INFO - Epoch [48/50]-(5/22) Loss: 0.8500, Acc(1): 75.00, Acc(5): 100.00
2023-06-19 16:35:18,387 - AUGCON - INFO - Epoch [48/50]-(10/22) Loss: 0.9033, Acc(1): 75.00, Acc(5): 100.00
2023-06-19 16:35:18,387 - AUGCON - INFO - Epoch [48/50]-(15/22) Loss: 1.1802, Acc(1): 25.00, Acc(5): 100.00
2023-06-19 16:35:18,387 - AUGCON - INFO - Epoch [48/50]-(20/22) Loss: 0.4444, Acc(1): 75.00, Acc(5): 100.00
2023-06-19 16:35:18,387 - AUGCON - INFO - 	Validation Loss: 0.9691, Acc(1): 57.00, Acc(5): 100.00, F1: 0.14, Recall: 0.16, Precision: 0.13
2023-06-19 16:35:18,387 - AUGCON - INFO - Epoch [49/50]-(0/22) Loss: 0.4949, Acc(1): 75.00, Acc(5): 100.00
2023-06-19 16:35:18,387 - AUGCON - INFO - Epoch [49/50]-(5/22) Loss: 1.1316, Acc(1): 75.00, Acc(5): 100.00
2023-06-19 16:35:18,387 - AUGCON - INFO - Epoch [49/50]-(10/22) Loss: 0.6968, Acc(1): 75.00, Acc(5): 100.00
2023-06-19 16:35:18,387 - AUGCON - INFO - Epoch [49/50]-(15/22) Loss: 1.1121, Acc(1): 25.00, Acc(5): 100.00
2023-06-19 16:35:18,387 - AUGCON - INFO - Epoch [49/50]-(20/22) Loss: 1.0329, Acc(1): 75.00, Acc(5): 100.00
2023-06-19 16:35:18,387 - AUGCON - INFO - 	Validation Loss: 1.0027, Acc(1): 66.00, Acc(5): 99.00, F1: 0.17, Recall: 0.18, Precision: 0.16
2023-06-19 16:35:18,387 - AUGCON - INFO - Epoch [50/50]-(0/22) Loss: 0.7578, Acc(1): 75.00, Acc(5): 100.00
2023-06-19 16:35:18,387 - AUGCON - INFO - Epoch [50/50]-(5/22) Loss: 0.8825, Acc(1): 50.00, Acc(5): 100.00
2023-06-19 16:35:18,387 - AUGCON - INFO - Epoch [50/50]-(10/22) Loss: 1.2458, Acc(1): 50.00, Acc(5): 100.00
2023-06-19 16:35:18,387 - AUGCON - INFO - Epoch [50/50]-(15/22) Loss: 1.3600, Acc(1): 25.00, Acc(5): 100.00
2023-06-19 16:35:18,387 - AUGCON - INFO - Epoch [50/50]-(20/22) Loss: 1.2529, Acc(1): 25.00, Acc(5): 100.00
2023-06-19 16:35:18,387 - AUGCON - INFO - 	Validation Loss: 1.0010, Acc(1): 66.00, Acc(5): 100.00, F1: 0.17, Recall: 0.18, Precision: 0.16
2023-06-19 16:35:18,388 - AUGCON - INFO - 	Validation Loss: 0.9474, Acc(1): 65.00, Acc(5): 100.00, F1: 0.17, Recall: 0.17, Precision: 0.17
