2023-06-19 16:32:47,553 - AUGCON - INFO - logger initialized (/home/hjyoon/projects/augcon/config/exp0/finetune_da_true/without_target_domain_PH0012-thanh/cpc_perdomain_8421/tgt_target_domain_PH0012-thanh_seed0.yaml.log)
2023-06-19 16:32:47,553 - AUGCON - INFO - ================= Config =================
2023-06-19 16:32:47,553 - AUGCON - INFO -   mode: finetune
2023-06-19 16:32:47,553 - AUGCON - INFO -   seed: 0
2023-06-19 16:32:47,553 - AUGCON - INFO -   gpu: [1]
2023-06-19 16:32:47,553 - AUGCON - INFO -   num_workers: 1
2023-06-19 16:32:47,553 - AUGCON - INFO -   dist_url: tcp://localhost:10001
2023-06-19 16:32:47,553 - AUGCON - INFO -   dataset_name: ichar
2023-06-19 16:32:47,553 - AUGCON - INFO -   train_dataset_path: /mnt/sting/hjyoon/projects/cross/ICHAR/augcon/target_domain_PH0012-thanh/finetune/10shot/target/train.pkl
2023-06-19 16:32:47,553 - AUGCON - INFO -   test_dataset_path: /mnt/sting/hjyoon/projects/cross/ICHAR/augcon/target_domain_PH0012-thanh/finetune/10shot/target/test.pkl
2023-06-19 16:32:47,553 - AUGCON - INFO -   val_dataset_path: /mnt/sting/hjyoon/projects/cross/ICHAR/augcon/target_domain_PH0012-thanh/finetune/10shot/target/val.pkl
2023-06-19 16:32:47,553 - AUGCON - INFO -   input_channels: 3
2023-06-19 16:32:47,553 - AUGCON - INFO -   num_cls: 9
2023-06-19 16:32:47,553 - AUGCON - INFO -   optimizer: adam
2023-06-19 16:32:47,553 - AUGCON - INFO -   criterion: crossentropy
2023-06-19 16:32:47,553 - AUGCON - INFO -   start_epoch: 0
2023-06-19 16:32:47,553 - AUGCON - INFO -   epochs: 50
2023-06-19 16:32:47,553 - AUGCON - INFO -   batch_size: 4
2023-06-19 16:32:47,553 - AUGCON - INFO -   lr: 0.001
2023-06-19 16:32:47,553 - AUGCON - INFO -   wd: 0.0
2023-06-19 16:32:47,553 - AUGCON - INFO -   resume: 
2023-06-19 16:32:47,553 - AUGCON - INFO -   pretrained: /mnt/sting/hjyoon/projects/augcontrast/models/exp0/pretrain/without_target_domain_PH0012-thanh/cpc_perdomain_8421//checkpoint_0099.pth.tar
2023-06-19 16:32:47,553 - AUGCON - INFO -   ckpt_dir: /mnt/sting/hjyoon/projects/augcontrast/models/exp0/finetune_da_true/without_target_domain_PH0012-thanh/cpc_perdomain_8421/tgt_target_domain_PH0012-thanh_seed0
2023-06-19 16:32:47,553 - AUGCON - INFO -   log_freq: 5
2023-06-19 16:32:47,553 - AUGCON - INFO -   save_freq: 10
2023-06-19 16:32:47,554 - AUGCON - INFO -   pretext: metacpc
2023-06-19 16:32:47,554 - AUGCON - INFO -   enc_blocks: 4
2023-06-19 16:32:47,554 - AUGCON - INFO -   kernel_sizes: [8, 4, 2, 1]
2023-06-19 16:32:47,554 - AUGCON - INFO -   strides: [4, 2, 1, 1]
2023-06-19 16:32:47,554 - AUGCON - INFO -   agg_blocks: 5
2023-06-19 16:32:47,554 - AUGCON - INFO -   z_dim: 256
2023-06-19 16:32:47,554 - AUGCON - INFO -   pooling: mean
2023-06-19 16:32:47,554 - AUGCON - INFO -   pred_steps: 12
2023-06-19 16:32:47,554 - AUGCON - INFO -   n_negatives: 15
2023-06-19 16:32:47,554 - AUGCON - INFO -   offset: 4
2023-06-19 16:32:47,554 - AUGCON - INFO -   domain_adaptation: True
2023-06-19 16:32:47,554 - AUGCON - INFO -   task_steps: 10
2023-06-19 16:32:47,554 - AUGCON - INFO -   task_lr: 0.001
2023-06-19 16:32:47,554 - AUGCON - INFO -   reg_lambda: 0
2023-06-19 16:32:47,554 - AUGCON - INFO -   mlp: False
2023-06-19 16:32:47,554 - AUGCON - INFO -   freeze: True
2023-06-19 16:32:47,554 - AUGCON - INFO -   no_vars: True
2023-06-19 16:32:47,554 - AUGCON - INFO - ==========================================
2023-06-19 16:32:47,554 - AUGCON - INFO - Setting GPUs: [1]
2023-06-19 16:32:47,554 - AUGCON - INFO - GPUs [1] will be used
2023-06-19 16:32:47,555 - AUGCON - WARNING - You have chosen to seed training. 
2023-06-19 16:32:47,555 - AUGCON - WARNING - This will turn on the CUDNN deterministic setting, 
2023-06-19 16:32:47,555 - AUGCON - WARNING - which can slow down your training considerably! 
2023-06-19 16:32:47,555 - AUGCON - WARNING - You may see unexpected behavior when restarting 
2023-06-19 16:32:47,555 - AUGCON - WARNING - from checkpoints.
2023-06-19 16:32:47,578 - AUGCON - INFO - Executing MetaCPC
2023-06-19 16:32:47,578 - AUGCON - INFO - Logs are skipped during training
2023-06-19 16:33:06,968 - AUGCON - INFO - Single GPU is used for training - training 90 instances for each worker
2023-06-19 16:33:06,969 - AUGCON - INFO - Loading pretrained model from checkpoint - /mnt/sting/hjyoon/projects/augcontrast/models/exp0/pretrain/without_target_domain_PH0012-thanh/cpc_perdomain_8421//checkpoint_0099.pth.tar
2023-06-19 16:33:06,969 - AUGCON - INFO - Missing keys: ['predictor.vars.0', 'predictor.vars.1']
2023-06-19 16:33:06,969 - AUGCON - INFO - Perform domain adaptation step
2023-06-19 16:33:06,969 - AUGCON - INFO - 	meta-train [0/10] Loss: 3.1961, Acc(1): 6.95, Acc(5): 34.26
2023-06-19 16:33:06,969 - AUGCON - INFO - 	meta-train [1/10] Loss: 3.0443, Acc(1): 6.72, Acc(5): 33.38
2023-06-19 16:33:06,969 - AUGCON - INFO - 	meta-train [2/10] Loss: 3.0045, Acc(1): 7.09, Acc(5): 33.89
2023-06-19 16:33:06,969 - AUGCON - INFO - 	meta-train [3/10] Loss: 2.9723, Acc(1): 6.78, Acc(5): 33.33
2023-06-19 16:33:06,969 - AUGCON - INFO - 	meta-train [4/10] Loss: 2.9463, Acc(1): 6.89, Acc(5): 33.36
2023-06-19 16:33:06,970 - AUGCON - INFO - 	meta-train [5/10] Loss: 2.9304, Acc(1): 6.87, Acc(5): 33.42
2023-06-19 16:33:06,970 - AUGCON - INFO - 	meta-train [6/10] Loss: 2.9072, Acc(1): 7.06, Acc(5): 33.47
2023-06-19 16:33:06,970 - AUGCON - INFO - 	meta-train [7/10] Loss: 2.9013, Acc(1): 6.93, Acc(5): 33.27
2023-06-19 16:33:06,970 - AUGCON - INFO - 	meta-train [8/10] Loss: 2.8887, Acc(1): 7.01, Acc(5): 33.61
2023-06-19 16:33:06,970 - AUGCON - INFO - 	meta-train [9/10] Loss: 2.8818, Acc(1): 6.91, Acc(5): 33.52
2023-06-19 16:33:06,970 - AUGCON - INFO - Loading encoder parameters to the classifier
2023-06-19 16:33:06,970 - AUGCON - INFO - Missing keys: ['classifier.block.0.weight', 'classifier.block.0.bias']
2023-06-19 16:33:06,970 - AUGCON - INFO - Epoch [1/50]-(0/22) Loss: 1.8942, Acc(1): 50.00, Acc(5): 100.00
2023-06-19 16:33:06,970 - AUGCON - INFO - Epoch [1/50]-(5/22) Loss: 2.3574, Acc(1): 25.00, Acc(5): 50.00
2023-06-19 16:33:06,970 - AUGCON - INFO - Epoch [1/50]-(10/22) Loss: 2.6307, Acc(1): 0.00, Acc(5): 50.00
2023-06-19 16:33:06,971 - AUGCON - INFO - Epoch [1/50]-(15/22) Loss: 2.0147, Acc(1): 50.00, Acc(5): 75.00
2023-06-19 16:33:06,971 - AUGCON - INFO - Epoch [1/50]-(20/22) Loss: 2.3639, Acc(1): 0.00, Acc(5): 25.00
2023-06-19 16:33:06,971 - AUGCON - INFO - 	Validation Loss: 2.0440, Acc(1): 23.00, Acc(5): 88.00, F1: 0.07, Recall: 0.07, Precision: 0.07
2023-06-19 16:33:06,971 - AUGCON - INFO - Epoch [2/50]-(0/22) Loss: 1.9798, Acc(1): 25.00, Acc(5): 100.00
2023-06-19 16:33:06,971 - AUGCON - INFO - Epoch [2/50]-(5/22) Loss: 2.1272, Acc(1): 25.00, Acc(5): 50.00
2023-06-19 16:33:06,971 - AUGCON - INFO - Epoch [2/50]-(10/22) Loss: 2.1131, Acc(1): 25.00, Acc(5): 50.00
2023-06-19 16:33:06,971 - AUGCON - INFO - Epoch [2/50]-(15/22) Loss: 2.1098, Acc(1): 25.00, Acc(5): 75.00
2023-06-19 16:33:06,971 - AUGCON - INFO - Epoch [2/50]-(20/22) Loss: 2.0463, Acc(1): 25.00, Acc(5): 75.00
2023-06-19 16:33:06,971 - AUGCON - INFO - 	Validation Loss: 1.8315, Acc(1): 52.00, Acc(5): 91.00, F1: 0.11, Recall: 0.10, Precision: 0.11
2023-06-19 16:33:06,971 - AUGCON - INFO - Epoch [3/50]-(0/22) Loss: 1.7496, Acc(1): 75.00, Acc(5): 100.00
2023-06-19 16:33:06,971 - AUGCON - INFO - Epoch [3/50]-(5/22) Loss: 1.7739, Acc(1): 50.00, Acc(5): 75.00
2023-06-19 16:33:06,972 - AUGCON - INFO - Epoch [3/50]-(10/22) Loss: 1.9678, Acc(1): 0.00, Acc(5): 75.00
2023-06-19 16:33:06,972 - AUGCON - INFO - Epoch [3/50]-(15/22) Loss: 1.9202, Acc(1): 0.00, Acc(5): 100.00
2023-06-19 16:33:06,972 - AUGCON - INFO - Epoch [3/50]-(20/22) Loss: 1.8689, Acc(1): 25.00, Acc(5): 100.00
2023-06-19 16:33:06,972 - AUGCON - INFO - 	Validation Loss: 1.7071, Acc(1): 56.00, Acc(5): 98.00, F1: 0.16, Recall: 0.14, Precision: 0.19
2023-06-19 16:33:06,972 - AUGCON - INFO - Epoch [4/50]-(0/22) Loss: 1.7755, Acc(1): 50.00, Acc(5): 100.00
2023-06-19 16:33:06,972 - AUGCON - INFO - Epoch [4/50]-(5/22) Loss: 1.7523, Acc(1): 25.00, Acc(5): 100.00
2023-06-19 16:33:06,972 - AUGCON - INFO - Epoch [4/50]-(10/22) Loss: 1.5304, Acc(1): 100.00, Acc(5): 100.00
2023-06-19 16:33:06,972 - AUGCON - INFO - Epoch [4/50]-(15/22) Loss: 1.5579, Acc(1): 50.00, Acc(5): 100.00
2023-06-19 16:33:06,972 - AUGCON - INFO - Epoch [4/50]-(20/22) Loss: 1.5597, Acc(1): 50.00, Acc(5): 100.00
2023-06-19 16:33:06,972 - AUGCON - INFO - 	Validation Loss: 1.6058, Acc(1): 63.00, Acc(5): 96.00, F1: 0.16, Recall: 0.14, Precision: 0.20
2023-06-19 16:33:06,973 - AUGCON - INFO - Epoch [5/50]-(0/22) Loss: 1.5817, Acc(1): 50.00, Acc(5): 100.00
2023-06-19 16:33:06,973 - AUGCON - INFO - Epoch [5/50]-(5/22) Loss: 1.5817, Acc(1): 75.00, Acc(5): 100.00
2023-06-19 16:33:06,973 - AUGCON - INFO - Epoch [5/50]-(10/22) Loss: 1.3903, Acc(1): 75.00, Acc(5): 100.00
2023-06-19 16:33:06,973 - AUGCON - INFO - Epoch [5/50]-(15/22) Loss: 1.3025, Acc(1): 75.00, Acc(5): 100.00
2023-06-19 16:33:06,973 - AUGCON - INFO - Epoch [5/50]-(20/22) Loss: 1.6455, Acc(1): 50.00, Acc(5): 100.00
2023-06-19 16:33:06,973 - AUGCON - INFO - 	Validation Loss: 1.4666, Acc(1): 68.00, Acc(5): 98.00, F1: 0.18, Recall: 0.15, Precision: 0.22
2023-06-19 16:33:06,973 - AUGCON - INFO - Epoch [6/50]-(0/22) Loss: 1.5113, Acc(1): 50.00, Acc(5): 100.00
2023-06-19 16:33:06,973 - AUGCON - INFO - Epoch [6/50]-(5/22) Loss: 1.4061, Acc(1): 75.00, Acc(5): 100.00
2023-06-19 16:33:06,973 - AUGCON - INFO - Epoch [6/50]-(10/22) Loss: 2.1686, Acc(1): 25.00, Acc(5): 75.00
2023-06-19 16:33:06,973 - AUGCON - INFO - Epoch [6/50]-(15/22) Loss: 1.1756, Acc(1): 100.00, Acc(5): 100.00
2023-06-19 16:33:06,974 - AUGCON - INFO - Epoch [6/50]-(20/22) Loss: 1.4430, Acc(1): 50.00, Acc(5): 100.00
2023-06-19 16:33:06,974 - AUGCON - INFO - 	Validation Loss: 1.4530, Acc(1): 70.00, Acc(5): 96.00, F1: 0.18, Recall: 0.16, Precision: 0.20
2023-06-19 16:33:06,974 - AUGCON - INFO - Epoch [7/50]-(0/22) Loss: 1.7063, Acc(1): 25.00, Acc(5): 100.00
2023-06-19 16:33:06,974 - AUGCON - INFO - Epoch [7/50]-(5/22) Loss: 1.6244, Acc(1): 50.00, Acc(5): 100.00
2023-06-19 16:33:06,974 - AUGCON - INFO - Epoch [7/50]-(10/22) Loss: 1.8607, Acc(1): 25.00, Acc(5): 75.00
2023-06-19 16:33:06,974 - AUGCON - INFO - Epoch [7/50]-(15/22) Loss: 1.6047, Acc(1): 50.00, Acc(5): 100.00
2023-06-19 16:33:06,974 - AUGCON - INFO - Epoch [7/50]-(20/22) Loss: 1.3339, Acc(1): 75.00, Acc(5): 100.00
2023-06-19 16:33:06,974 - AUGCON - INFO - 	Validation Loss: 1.4264, Acc(1): 72.00, Acc(5): 98.00, F1: 0.18, Recall: 0.16, Precision: 0.20
2023-06-19 16:33:06,974 - AUGCON - INFO - Epoch [8/50]-(0/22) Loss: 1.0457, Acc(1): 100.00, Acc(5): 100.00
2023-06-19 16:33:06,974 - AUGCON - INFO - Epoch [8/50]-(5/22) Loss: 1.3924, Acc(1): 100.00, Acc(5): 100.00
2023-06-19 16:33:06,974 - AUGCON - INFO - Epoch [8/50]-(10/22) Loss: 1.6663, Acc(1): 25.00, Acc(5): 100.00
2023-06-19 16:33:06,975 - AUGCON - INFO - Epoch [8/50]-(15/22) Loss: 1.4588, Acc(1): 50.00, Acc(5): 100.00
2023-06-19 16:33:06,975 - AUGCON - INFO - Epoch [8/50]-(20/22) Loss: 1.6465, Acc(1): 25.00, Acc(5): 100.00
2023-06-19 16:33:06,975 - AUGCON - INFO - 	Validation Loss: 1.3608, Acc(1): 69.00, Acc(5): 97.00, F1: 0.17, Recall: 0.16, Precision: 0.20
2023-06-19 16:33:06,975 - AUGCON - INFO - Epoch [9/50]-(0/22) Loss: 1.6629, Acc(1): 25.00, Acc(5): 100.00
2023-06-19 16:33:06,975 - AUGCON - INFO - Epoch [9/50]-(5/22) Loss: 1.9336, Acc(1): 0.00, Acc(5): 100.00
2023-06-19 16:33:06,975 - AUGCON - INFO - Epoch [9/50]-(10/22) Loss: 1.0060, Acc(1): 100.00, Acc(5): 100.00
2023-06-19 16:33:06,975 - AUGCON - INFO - Epoch [9/50]-(15/22) Loss: 1.1580, Acc(1): 75.00, Acc(5): 100.00
2023-06-19 16:33:06,975 - AUGCON - INFO - Epoch [9/50]-(20/22) Loss: 1.4666, Acc(1): 50.00, Acc(5): 100.00
2023-06-19 16:33:06,975 - AUGCON - INFO - 	Validation Loss: 1.3247, Acc(1): 71.00, Acc(5): 97.00, F1: 0.18, Recall: 0.16, Precision: 0.20
2023-06-19 16:33:06,975 - AUGCON - INFO - Epoch [10/50]-(0/22) Loss: 1.5719, Acc(1): 50.00, Acc(5): 75.00
2023-06-19 16:33:06,976 - AUGCON - INFO - Epoch [10/50]-(5/22) Loss: 1.3720, Acc(1): 75.00, Acc(5): 100.00
2023-06-19 16:33:06,976 - AUGCON - INFO - Epoch [10/50]-(10/22) Loss: 1.0536, Acc(1): 75.00, Acc(5): 100.00
2023-06-19 16:33:06,976 - AUGCON - INFO - Epoch [10/50]-(15/22) Loss: 1.3716, Acc(1): 50.00, Acc(5): 100.00
2023-06-19 16:33:06,976 - AUGCON - INFO - Epoch [10/50]-(20/22) Loss: 1.4034, Acc(1): 50.00, Acc(5): 100.00
2023-06-19 16:33:06,976 - AUGCON - INFO - 	Validation Loss: 1.2727, Acc(1): 70.00, Acc(5): 98.00, F1: 0.18, Recall: 0.16, Precision: 0.20
2023-06-19 16:33:06,976 - AUGCON - INFO - Epoch [11/50]-(0/22) Loss: 1.5750, Acc(1): 25.00, Acc(5): 100.00
2023-06-19 16:33:06,976 - AUGCON - INFO - Epoch [11/50]-(5/22) Loss: 1.5216, Acc(1): 50.00, Acc(5): 75.00
2023-06-19 16:33:06,976 - AUGCON - INFO - Epoch [11/50]-(10/22) Loss: 1.4466, Acc(1): 25.00, Acc(5): 100.00
2023-06-19 16:33:06,976 - AUGCON - INFO - Epoch [11/50]-(15/22) Loss: 0.8015, Acc(1): 100.00, Acc(5): 100.00
2023-06-19 16:33:06,976 - AUGCON - INFO - Epoch [11/50]-(20/22) Loss: 1.0435, Acc(1): 75.00, Acc(5): 100.00
2023-06-19 16:33:06,976 - AUGCON - INFO - 	Validation Loss: 1.2567, Acc(1): 68.00, Acc(5): 97.00, F1: 0.17, Recall: 0.15, Precision: 0.19
2023-06-19 16:33:06,977 - AUGCON - INFO - Epoch [12/50]-(0/22) Loss: 0.8784, Acc(1): 75.00, Acc(5): 100.00
2023-06-19 16:33:06,977 - AUGCON - INFO - Epoch [12/50]-(5/22) Loss: 1.1310, Acc(1): 50.00, Acc(5): 100.00
2023-06-19 16:33:06,977 - AUGCON - INFO - Epoch [12/50]-(10/22) Loss: 1.1152, Acc(1): 75.00, Acc(5): 100.00
2023-06-19 16:33:06,977 - AUGCON - INFO - Epoch [12/50]-(15/22) Loss: 1.3141, Acc(1): 50.00, Acc(5): 75.00
2023-06-19 16:33:06,977 - AUGCON - INFO - Epoch [12/50]-(20/22) Loss: 1.2107, Acc(1): 75.00, Acc(5): 100.00
2023-06-19 16:33:06,977 - AUGCON - INFO - 	Validation Loss: 1.2372, Acc(1): 76.00, Acc(5): 97.00, F1: 0.18, Recall: 0.18, Precision: 0.19
2023-06-19 16:33:06,977 - AUGCON - INFO - Epoch [13/50]-(0/22) Loss: 1.5272, Acc(1): 50.00, Acc(5): 100.00
2023-06-19 16:33:06,977 - AUGCON - INFO - Epoch [13/50]-(5/22) Loss: 1.0214, Acc(1): 100.00, Acc(5): 100.00
2023-06-19 16:33:06,977 - AUGCON - INFO - Epoch [13/50]-(10/22) Loss: 1.4415, Acc(1): 50.00, Acc(5): 100.00
2023-06-19 16:33:06,977 - AUGCON - INFO - Epoch [13/50]-(15/22) Loss: 1.2639, Acc(1): 75.00, Acc(5): 100.00
2023-06-19 16:33:06,978 - AUGCON - INFO - Epoch [13/50]-(20/22) Loss: 1.1130, Acc(1): 50.00, Acc(5): 100.00
2023-06-19 16:33:06,978 - AUGCON - INFO - 	Validation Loss: 1.1880, Acc(1): 73.00, Acc(5): 98.00, F1: 0.19, Recall: 0.17, Precision: 0.21
2023-06-19 16:33:06,978 - AUGCON - INFO - Epoch [14/50]-(0/22) Loss: 1.0478, Acc(1): 50.00, Acc(5): 100.00
2023-06-19 16:33:06,978 - AUGCON - INFO - Epoch [14/50]-(5/22) Loss: 1.0231, Acc(1): 75.00, Acc(5): 100.00
2023-06-19 16:33:06,978 - AUGCON - INFO - Epoch [14/50]-(10/22) Loss: 1.4419, Acc(1): 25.00, Acc(5): 100.00
2023-06-19 16:33:06,978 - AUGCON - INFO - Epoch [14/50]-(15/22) Loss: 1.3650, Acc(1): 50.00, Acc(5): 100.00
2023-06-19 16:33:06,978 - AUGCON - INFO - Epoch [14/50]-(20/22) Loss: 1.1974, Acc(1): 50.00, Acc(5): 100.00
2023-06-19 16:33:06,978 - AUGCON - INFO - 	Validation Loss: 1.1879, Acc(1): 69.00, Acc(5): 97.00, F1: 0.18, Recall: 0.15, Precision: 0.21
2023-06-19 16:33:06,978 - AUGCON - INFO - Epoch [15/50]-(0/22) Loss: 1.3667, Acc(1): 75.00, Acc(5): 100.00
2023-06-19 16:33:06,978 - AUGCON - INFO - Epoch [15/50]-(5/22) Loss: 0.8538, Acc(1): 75.00, Acc(5): 100.00
2023-06-19 16:33:06,978 - AUGCON - INFO - Epoch [15/50]-(10/22) Loss: 0.6560, Acc(1): 100.00, Acc(5): 100.00
2023-06-19 16:33:06,979 - AUGCON - INFO - Epoch [15/50]-(15/22) Loss: 1.2742, Acc(1): 50.00, Acc(5): 100.00
2023-06-19 16:33:06,979 - AUGCON - INFO - Epoch [15/50]-(20/22) Loss: 1.0072, Acc(1): 100.00, Acc(5): 100.00
2023-06-19 16:33:06,979 - AUGCON - INFO - 	Validation Loss: 1.1657, Acc(1): 74.00, Acc(5): 97.00, F1: 0.18, Recall: 0.17, Precision: 0.19
2023-06-19 16:33:06,979 - AUGCON - INFO - Epoch [16/50]-(0/22) Loss: 1.3242, Acc(1): 75.00, Acc(5): 75.00
2023-06-19 16:33:06,979 - AUGCON - INFO - Epoch [16/50]-(5/22) Loss: 1.1384, Acc(1): 75.00, Acc(5): 100.00
2023-06-19 16:33:06,979 - AUGCON - INFO - Epoch [16/50]-(10/22) Loss: 1.1489, Acc(1): 75.00, Acc(5): 100.00
2023-06-19 16:33:06,979 - AUGCON - INFO - Epoch [16/50]-(15/22) Loss: 1.2228, Acc(1): 75.00, Acc(5): 100.00
2023-06-19 16:33:06,979 - AUGCON - INFO - Epoch [16/50]-(20/22) Loss: 0.9825, Acc(1): 75.00, Acc(5): 100.00
2023-06-19 16:33:06,979 - AUGCON - INFO - 	Validation Loss: 1.2011, Acc(1): 74.00, Acc(5): 97.00, F1: 0.18, Recall: 0.17, Precision: 0.19
2023-06-19 16:33:06,979 - AUGCON - INFO - Epoch [17/50]-(0/22) Loss: 0.9694, Acc(1): 75.00, Acc(5): 100.00
2023-06-19 16:33:06,980 - AUGCON - INFO - Epoch [17/50]-(5/22) Loss: 1.1472, Acc(1): 50.00, Acc(5): 100.00
2023-06-19 16:33:06,980 - AUGCON - INFO - Epoch [17/50]-(10/22) Loss: 0.5496, Acc(1): 100.00, Acc(5): 100.00
2023-06-19 16:33:06,980 - AUGCON - INFO - Epoch [17/50]-(15/22) Loss: 1.0874, Acc(1): 75.00, Acc(5): 100.00
2023-06-19 16:33:06,980 - AUGCON - INFO - Epoch [17/50]-(20/22) Loss: 1.2677, Acc(1): 50.00, Acc(5): 100.00
2023-06-19 16:33:06,980 - AUGCON - INFO - 	Validation Loss: 1.1903, Acc(1): 73.00, Acc(5): 97.00, F1: 0.18, Recall: 0.17, Precision: 0.19
2023-06-19 16:33:06,980 - AUGCON - INFO - Epoch [18/50]-(0/22) Loss: 0.9861, Acc(1): 50.00, Acc(5): 100.00
2023-06-19 16:33:06,980 - AUGCON - INFO - Epoch [18/50]-(5/22) Loss: 0.8370, Acc(1): 75.00, Acc(5): 100.00
2023-06-19 16:33:06,980 - AUGCON - INFO - Epoch [18/50]-(10/22) Loss: 1.1193, Acc(1): 50.00, Acc(5): 100.00
2023-06-19 16:33:06,980 - AUGCON - INFO - Epoch [18/50]-(15/22) Loss: 0.6953, Acc(1): 75.00, Acc(5): 100.00
2023-06-19 16:33:06,980 - AUGCON - INFO - Epoch [18/50]-(20/22) Loss: 0.8425, Acc(1): 75.00, Acc(5): 100.00
2023-06-19 16:33:06,980 - AUGCON - INFO - 	Validation Loss: 1.1653, Acc(1): 70.00, Acc(5): 98.00, F1: 0.17, Recall: 0.16, Precision: 0.18
2023-06-19 16:33:06,981 - AUGCON - INFO - Epoch [19/50]-(0/22) Loss: 1.0036, Acc(1): 50.00, Acc(5): 100.00
2023-06-19 16:33:06,981 - AUGCON - INFO - Epoch [19/50]-(5/22) Loss: 0.7272, Acc(1): 75.00, Acc(5): 100.00
2023-06-19 16:33:06,981 - AUGCON - INFO - Epoch [19/50]-(10/22) Loss: 1.5735, Acc(1): 25.00, Acc(5): 100.00
2023-06-19 16:33:06,981 - AUGCON - INFO - Epoch [19/50]-(15/22) Loss: 1.2883, Acc(1): 50.00, Acc(5): 100.00
2023-06-19 16:33:06,981 - AUGCON - INFO - Epoch [19/50]-(20/22) Loss: 1.3196, Acc(1): 50.00, Acc(5): 100.00
2023-06-19 16:33:06,981 - AUGCON - INFO - 	Validation Loss: 1.1230, Acc(1): 77.00, Acc(5): 97.00, F1: 0.19, Recall: 0.18, Precision: 0.19
2023-06-19 16:33:06,981 - AUGCON - INFO - Epoch [20/50]-(0/22) Loss: 0.9921, Acc(1): 75.00, Acc(5): 100.00
2023-06-19 16:33:06,981 - AUGCON - INFO - Epoch [20/50]-(5/22) Loss: 0.9094, Acc(1): 50.00, Acc(5): 100.00
2023-06-19 16:33:06,981 - AUGCON - INFO - Epoch [20/50]-(10/22) Loss: 1.2150, Acc(1): 50.00, Acc(5): 100.00
2023-06-19 16:33:06,981 - AUGCON - INFO - Epoch [20/50]-(15/22) Loss: 0.9456, Acc(1): 75.00, Acc(5): 100.00
2023-06-19 16:33:06,982 - AUGCON - INFO - Epoch [20/50]-(20/22) Loss: 0.8334, Acc(1): 75.00, Acc(5): 100.00
2023-06-19 16:33:06,982 - AUGCON - INFO - 	Validation Loss: 1.1579, Acc(1): 76.00, Acc(5): 97.00, F1: 0.18, Recall: 0.18, Precision: 0.19
2023-06-19 16:33:06,982 - AUGCON - INFO - Epoch [21/50]-(0/22) Loss: 0.9991, Acc(1): 75.00, Acc(5): 100.00
2023-06-19 16:33:06,982 - AUGCON - INFO - Epoch [21/50]-(5/22) Loss: 0.7014, Acc(1): 75.00, Acc(5): 100.00
2023-06-19 16:33:06,982 - AUGCON - INFO - Epoch [21/50]-(10/22) Loss: 0.9738, Acc(1): 100.00, Acc(5): 100.00
2023-06-19 16:33:06,982 - AUGCON - INFO - Epoch [21/50]-(15/22) Loss: 1.6223, Acc(1): 25.00, Acc(5): 100.00
2023-06-19 16:33:06,982 - AUGCON - INFO - Epoch [21/50]-(20/22) Loss: 1.1009, Acc(1): 75.00, Acc(5): 100.00
2023-06-19 16:33:06,982 - AUGCON - INFO - 	Validation Loss: 1.0969, Acc(1): 74.00, Acc(5): 97.00, F1: 0.18, Recall: 0.17, Precision: 0.20
2023-06-19 16:33:06,982 - AUGCON - INFO - Epoch [22/50]-(0/22) Loss: 0.6196, Acc(1): 100.00, Acc(5): 100.00
2023-06-19 16:33:06,982 - AUGCON - INFO - Epoch [22/50]-(5/22) Loss: 1.0328, Acc(1): 50.00, Acc(5): 100.00
2023-06-19 16:33:06,982 - AUGCON - INFO - Epoch [22/50]-(10/22) Loss: 0.9479, Acc(1): 75.00, Acc(5): 100.00
2023-06-19 16:33:06,983 - AUGCON - INFO - Epoch [22/50]-(15/22) Loss: 0.7336, Acc(1): 75.00, Acc(5): 100.00
2023-06-19 16:33:06,983 - AUGCON - INFO - Epoch [22/50]-(20/22) Loss: 1.6882, Acc(1): 50.00, Acc(5): 75.00
2023-06-19 16:33:06,983 - AUGCON - INFO - 	Validation Loss: 1.1259, Acc(1): 75.00, Acc(5): 97.00, F1: 0.19, Recall: 0.17, Precision: 0.21
2023-06-19 16:33:06,983 - AUGCON - INFO - Epoch [23/50]-(0/22) Loss: 1.3795, Acc(1): 75.00, Acc(5): 100.00
2023-06-19 16:33:06,983 - AUGCON - INFO - Epoch [23/50]-(5/22) Loss: 0.8918, Acc(1): 50.00, Acc(5): 100.00
2023-06-19 16:33:06,983 - AUGCON - INFO - Epoch [23/50]-(10/22) Loss: 0.8718, Acc(1): 75.00, Acc(5): 100.00
2023-06-19 16:33:06,983 - AUGCON - INFO - Epoch [23/50]-(15/22) Loss: 0.6651, Acc(1): 75.00, Acc(5): 100.00
2023-06-19 16:33:06,983 - AUGCON - INFO - Epoch [23/50]-(20/22) Loss: 1.2921, Acc(1): 25.00, Acc(5): 100.00
2023-06-19 16:33:06,983 - AUGCON - INFO - 	Validation Loss: 1.1669, Acc(1): 69.00, Acc(5): 97.00, F1: 0.16, Recall: 0.15, Precision: 0.17
2023-06-19 16:33:06,983 - AUGCON - INFO - Epoch [24/50]-(0/22) Loss: 0.9263, Acc(1): 50.00, Acc(5): 100.00
2023-06-19 16:33:06,983 - AUGCON - INFO - Epoch [24/50]-(5/22) Loss: 0.6933, Acc(1): 75.00, Acc(5): 100.00
2023-06-19 16:33:06,984 - AUGCON - INFO - Epoch [24/50]-(10/22) Loss: 1.6008, Acc(1): 50.00, Acc(5): 75.00
2023-06-19 16:33:06,984 - AUGCON - INFO - Epoch [24/50]-(15/22) Loss: 0.6706, Acc(1): 75.00, Acc(5): 100.00
2023-06-19 16:33:06,984 - AUGCON - INFO - Epoch [24/50]-(20/22) Loss: 0.9549, Acc(1): 75.00, Acc(5): 100.00
2023-06-19 16:33:06,984 - AUGCON - INFO - 	Validation Loss: 1.1211, Acc(1): 74.00, Acc(5): 98.00, F1: 0.18, Recall: 0.17, Precision: 0.20
2023-06-19 16:33:06,984 - AUGCON - INFO - Epoch [25/50]-(0/22) Loss: 1.2530, Acc(1): 50.00, Acc(5): 100.00
2023-06-19 16:33:06,984 - AUGCON - INFO - Epoch [25/50]-(5/22) Loss: 0.8003, Acc(1): 75.00, Acc(5): 100.00
2023-06-19 16:33:06,984 - AUGCON - INFO - Epoch [25/50]-(10/22) Loss: 0.7701, Acc(1): 75.00, Acc(5): 100.00
2023-06-19 16:33:06,984 - AUGCON - INFO - Epoch [25/50]-(15/22) Loss: 1.1069, Acc(1): 50.00, Acc(5): 100.00
2023-06-19 16:33:06,984 - AUGCON - INFO - Epoch [25/50]-(20/22) Loss: 0.5483, Acc(1): 100.00, Acc(5): 100.00
2023-06-19 16:33:06,984 - AUGCON - INFO - 	Validation Loss: 1.1031, Acc(1): 72.00, Acc(5): 97.00, F1: 0.18, Recall: 0.16, Precision: 0.19
2023-06-19 16:33:06,984 - AUGCON - INFO - Epoch [26/50]-(0/22) Loss: 0.7980, Acc(1): 75.00, Acc(5): 100.00
2023-06-19 16:33:06,984 - AUGCON - INFO - Epoch [26/50]-(5/22) Loss: 1.7737, Acc(1): 50.00, Acc(5): 75.00
2023-06-19 16:33:06,984 - AUGCON - INFO - Epoch [26/50]-(10/22) Loss: 1.2590, Acc(1): 50.00, Acc(5): 100.00
2023-06-19 16:33:06,985 - AUGCON - INFO - Epoch [26/50]-(15/22) Loss: 1.0883, Acc(1): 50.00, Acc(5): 100.00
2023-06-19 16:33:06,985 - AUGCON - INFO - Epoch [26/50]-(20/22) Loss: 1.1907, Acc(1): 75.00, Acc(5): 75.00
2023-06-19 16:33:06,985 - AUGCON - INFO - 	Validation Loss: 1.1077, Acc(1): 74.00, Acc(5): 97.00, F1: 0.18, Recall: 0.17, Precision: 0.19
2023-06-19 16:33:06,985 - AUGCON - INFO - Epoch [27/50]-(0/22) Loss: 1.2988, Acc(1): 50.00, Acc(5): 100.00
2023-06-19 16:33:06,985 - AUGCON - INFO - Epoch [27/50]-(5/22) Loss: 0.8934, Acc(1): 75.00, Acc(5): 100.00
2023-06-19 16:33:06,985 - AUGCON - INFO - Epoch [27/50]-(10/22) Loss: 0.4647, Acc(1): 75.00, Acc(5): 100.00
2023-06-19 16:33:06,985 - AUGCON - INFO - Epoch [27/50]-(15/22) Loss: 1.5519, Acc(1): 25.00, Acc(5): 100.00
2023-06-19 16:33:06,985 - AUGCON - INFO - Epoch [27/50]-(20/22) Loss: 0.9981, Acc(1): 75.00, Acc(5): 100.00
2023-06-19 16:33:06,985 - AUGCON - INFO - 	Validation Loss: 1.0714, Acc(1): 74.00, Acc(5): 98.00, F1: 0.18, Recall: 0.17, Precision: 0.19
2023-06-19 16:33:06,985 - AUGCON - INFO - Epoch [28/50]-(0/22) Loss: 1.0207, Acc(1): 75.00, Acc(5): 100.00
2023-06-19 16:33:06,985 - AUGCON - INFO - Epoch [28/50]-(5/22) Loss: 0.9950, Acc(1): 50.00, Acc(5): 100.00
2023-06-19 16:33:06,985 - AUGCON - INFO - Epoch [28/50]-(10/22) Loss: 0.7564, Acc(1): 50.00, Acc(5): 100.00
2023-06-19 16:33:06,985 - AUGCON - INFO - Epoch [28/50]-(15/22) Loss: 0.3130, Acc(1): 100.00, Acc(5): 100.00
2023-06-19 16:33:06,985 - AUGCON - INFO - Epoch [28/50]-(20/22) Loss: 0.9207, Acc(1): 75.00, Acc(5): 100.00
2023-06-19 16:33:06,986 - AUGCON - INFO - 	Validation Loss: 1.0776, Acc(1): 73.00, Acc(5): 98.00, F1: 0.18, Recall: 0.17, Precision: 0.21
2023-06-19 16:33:06,986 - AUGCON - INFO - Epoch [29/50]-(0/22) Loss: 1.0539, Acc(1): 50.00, Acc(5): 100.00
2023-06-19 16:33:06,986 - AUGCON - INFO - Epoch [29/50]-(5/22) Loss: 0.7892, Acc(1): 75.00, Acc(5): 100.00
2023-06-19 16:33:06,986 - AUGCON - INFO - Epoch [29/50]-(10/22) Loss: 1.1210, Acc(1): 75.00, Acc(5): 75.00
2023-06-19 16:33:06,986 - AUGCON - INFO - Epoch [29/50]-(15/22) Loss: 0.8941, Acc(1): 75.00, Acc(5): 100.00
2023-06-19 16:33:06,986 - AUGCON - INFO - Epoch [29/50]-(20/22) Loss: 0.9401, Acc(1): 75.00, Acc(5): 100.00
2023-06-19 16:33:06,986 - AUGCON - INFO - 	Validation Loss: 1.1117, Acc(1): 74.00, Acc(5): 98.00, F1: 0.18, Recall: 0.17, Precision: 0.19
2023-06-19 16:33:06,986 - AUGCON - INFO - Epoch [30/50]-(0/22) Loss: 0.7583, Acc(1): 75.00, Acc(5): 100.00
2023-06-19 16:33:06,986 - AUGCON - INFO - Epoch [30/50]-(5/22) Loss: 1.1737, Acc(1): 50.00, Acc(5): 100.00
2023-06-19 16:33:06,986 - AUGCON - INFO - Epoch [30/50]-(10/22) Loss: 1.4312, Acc(1): 50.00, Acc(5): 100.00
2023-06-19 16:33:06,986 - AUGCON - INFO - Epoch [30/50]-(15/22) Loss: 0.8747, Acc(1): 75.00, Acc(5): 100.00
2023-06-19 16:33:06,986 - AUGCON - INFO - Epoch [30/50]-(20/22) Loss: 0.8967, Acc(1): 75.00, Acc(5): 100.00
2023-06-19 16:33:06,986 - AUGCON - INFO - 	Validation Loss: 1.0729, Acc(1): 70.00, Acc(5): 97.00, F1: 0.17, Recall: 0.16, Precision: 0.19
2023-06-19 16:33:06,986 - AUGCON - INFO - Epoch [31/50]-(0/22) Loss: 0.5832, Acc(1): 75.00, Acc(5): 100.00
2023-06-19 16:33:06,987 - AUGCON - INFO - Epoch [31/50]-(5/22) Loss: 0.7588, Acc(1): 75.00, Acc(5): 100.00
2023-06-19 16:33:06,987 - AUGCON - INFO - Epoch [31/50]-(10/22) Loss: 0.5655, Acc(1): 100.00, Acc(5): 100.00
2023-06-19 16:33:06,987 - AUGCON - INFO - Epoch [31/50]-(15/22) Loss: 1.1573, Acc(1): 25.00, Acc(5): 100.00
2023-06-19 16:33:06,987 - AUGCON - INFO - Epoch [31/50]-(20/22) Loss: 0.7961, Acc(1): 75.00, Acc(5): 100.00
2023-06-19 16:33:06,987 - AUGCON - INFO - 	Validation Loss: 1.0893, Acc(1): 76.00, Acc(5): 97.00, F1: 0.18, Recall: 0.18, Precision: 0.19
2023-06-19 16:33:06,987 - AUGCON - INFO - Epoch [32/50]-(0/22) Loss: 0.4976, Acc(1): 100.00, Acc(5): 100.00
2023-06-19 16:33:06,987 - AUGCON - INFO - Epoch [32/50]-(5/22) Loss: 0.9529, Acc(1): 75.00, Acc(5): 100.00
2023-06-19 16:33:06,987 - AUGCON - INFO - Epoch [32/50]-(10/22) Loss: 0.8233, Acc(1): 75.00, Acc(5): 100.00
2023-06-19 16:33:06,987 - AUGCON - INFO - Epoch [32/50]-(15/22) Loss: 0.7249, Acc(1): 100.00, Acc(5): 100.00
2023-06-19 16:33:06,987 - AUGCON - INFO - Epoch [32/50]-(20/22) Loss: 0.3844, Acc(1): 100.00, Acc(5): 100.00
2023-06-19 16:33:06,987 - AUGCON - INFO - 	Validation Loss: 1.0627, Acc(1): 73.00, Acc(5): 96.00, F1: 0.18, Recall: 0.17, Precision: 0.19
2023-06-19 16:33:06,987 - AUGCON - INFO - Epoch [33/50]-(0/22) Loss: 1.0325, Acc(1): 50.00, Acc(5): 100.00
2023-06-19 16:33:06,987 - AUGCON - INFO - Epoch [33/50]-(5/22) Loss: 0.9495, Acc(1): 75.00, Acc(5): 100.00
2023-06-19 16:33:06,987 - AUGCON - INFO - Epoch [33/50]-(10/22) Loss: 0.3891, Acc(1): 100.00, Acc(5): 100.00
2023-06-19 16:33:06,988 - AUGCON - INFO - Epoch [33/50]-(15/22) Loss: 0.7073, Acc(1): 100.00, Acc(5): 100.00
2023-06-19 16:33:06,988 - AUGCON - INFO - Epoch [33/50]-(20/22) Loss: 1.1398, Acc(1): 50.00, Acc(5): 75.00
2023-06-19 16:33:06,988 - AUGCON - INFO - 	Validation Loss: 1.0921, Acc(1): 74.00, Acc(5): 98.00, F1: 0.18, Recall: 0.17, Precision: 0.19
2023-06-19 16:33:06,988 - AUGCON - INFO - Epoch [34/50]-(0/22) Loss: 0.2672, Acc(1): 100.00, Acc(5): 100.00
2023-06-19 16:33:06,988 - AUGCON - INFO - Epoch [34/50]-(5/22) Loss: 1.0446, Acc(1): 75.00, Acc(5): 100.00
2023-06-19 16:33:06,988 - AUGCON - INFO - Epoch [34/50]-(10/22) Loss: 1.6334, Acc(1): 50.00, Acc(5): 75.00
2023-06-19 16:33:06,988 - AUGCON - INFO - Epoch [34/50]-(15/22) Loss: 1.2161, Acc(1): 50.00, Acc(5): 100.00
2023-06-19 16:33:06,988 - AUGCON - INFO - Epoch [34/50]-(20/22) Loss: 0.5263, Acc(1): 75.00, Acc(5): 100.00
2023-06-19 16:33:06,988 - AUGCON - INFO - 	Validation Loss: 1.0986, Acc(1): 72.00, Acc(5): 98.00, F1: 0.18, Recall: 0.16, Precision: 0.19
2023-06-19 16:33:06,988 - AUGCON - INFO - Epoch [35/50]-(0/22) Loss: 0.3428, Acc(1): 100.00, Acc(5): 100.00
2023-06-19 16:33:06,988 - AUGCON - INFO - Epoch [35/50]-(5/22) Loss: 0.9108, Acc(1): 50.00, Acc(5): 100.00
2023-06-19 16:33:06,988 - AUGCON - INFO - Epoch [35/50]-(10/22) Loss: 0.6155, Acc(1): 100.00, Acc(5): 100.00
2023-06-19 16:33:06,988 - AUGCON - INFO - Epoch [35/50]-(15/22) Loss: 1.2105, Acc(1): 50.00, Acc(5): 100.00
2023-06-19 16:33:06,988 - AUGCON - INFO - Epoch [35/50]-(20/22) Loss: 0.5406, Acc(1): 100.00, Acc(5): 100.00
2023-06-19 16:33:06,988 - AUGCON - INFO - 	Validation Loss: 1.0425, Acc(1): 76.00, Acc(5): 97.00, F1: 0.18, Recall: 0.18, Precision: 0.19
2023-06-19 16:33:06,989 - AUGCON - INFO - Epoch [36/50]-(0/22) Loss: 0.4818, Acc(1): 100.00, Acc(5): 100.00
2023-06-19 16:33:06,989 - AUGCON - INFO - Epoch [36/50]-(5/22) Loss: 1.2345, Acc(1): 25.00, Acc(5): 100.00
2023-06-19 16:33:06,989 - AUGCON - INFO - Epoch [36/50]-(10/22) Loss: 1.0042, Acc(1): 75.00, Acc(5): 100.00
2023-06-19 16:33:06,989 - AUGCON - INFO - Epoch [36/50]-(15/22) Loss: 0.6738, Acc(1): 100.00, Acc(5): 100.00
2023-06-19 16:33:06,989 - AUGCON - INFO - Epoch [36/50]-(20/22) Loss: 0.4779, Acc(1): 100.00, Acc(5): 100.00
2023-06-19 16:33:06,989 - AUGCON - INFO - 	Validation Loss: 1.0703, Acc(1): 76.00, Acc(5): 97.00, F1: 0.18, Recall: 0.18, Precision: 0.20
2023-06-19 16:33:06,989 - AUGCON - INFO - Epoch [37/50]-(0/22) Loss: 0.7711, Acc(1): 50.00, Acc(5): 100.00
2023-06-19 16:33:06,989 - AUGCON - INFO - Epoch [37/50]-(5/22) Loss: 1.0271, Acc(1): 50.00, Acc(5): 100.00
2023-06-19 16:33:06,989 - AUGCON - INFO - Epoch [37/50]-(10/22) Loss: 0.9512, Acc(1): 50.00, Acc(5): 100.00
2023-06-19 16:33:06,989 - AUGCON - INFO - Epoch [37/50]-(15/22) Loss: 0.6611, Acc(1): 75.00, Acc(5): 100.00
2023-06-19 16:33:06,989 - AUGCON - INFO - Epoch [37/50]-(20/22) Loss: 0.7801, Acc(1): 75.00, Acc(5): 100.00
2023-06-19 16:33:06,989 - AUGCON - INFO - 	Validation Loss: 1.0599, Acc(1): 74.00, Acc(5): 98.00, F1: 0.18, Recall: 0.17, Precision: 0.20
2023-06-19 16:33:06,989 - AUGCON - INFO - Epoch [38/50]-(0/22) Loss: 1.0730, Acc(1): 25.00, Acc(5): 100.00
2023-06-19 16:33:06,989 - AUGCON - INFO - Epoch [38/50]-(5/22) Loss: 0.9396, Acc(1): 50.00, Acc(5): 100.00
2023-06-19 16:33:06,990 - AUGCON - INFO - Epoch [38/50]-(10/22) Loss: 0.5431, Acc(1): 100.00, Acc(5): 100.00
2023-06-19 16:33:06,990 - AUGCON - INFO - Epoch [38/50]-(15/22) Loss: 0.9678, Acc(1): 50.00, Acc(5): 100.00
2023-06-19 16:33:06,990 - AUGCON - INFO - Epoch [38/50]-(20/22) Loss: 0.3443, Acc(1): 100.00, Acc(5): 100.00
2023-06-19 16:33:06,990 - AUGCON - INFO - 	Validation Loss: 1.0619, Acc(1): 74.00, Acc(5): 97.00, F1: 0.18, Recall: 0.17, Precision: 0.19
2023-06-19 16:33:06,990 - AUGCON - INFO - Epoch [39/50]-(0/22) Loss: 0.5160, Acc(1): 75.00, Acc(5): 100.00
2023-06-19 16:33:06,990 - AUGCON - INFO - Epoch [39/50]-(5/22) Loss: 0.9017, Acc(1): 50.00, Acc(5): 100.00
2023-06-19 16:33:06,990 - AUGCON - INFO - Epoch [39/50]-(10/22) Loss: 1.3456, Acc(1): 50.00, Acc(5): 100.00
2023-06-19 16:33:06,990 - AUGCON - INFO - Epoch [39/50]-(15/22) Loss: 1.4991, Acc(1): 50.00, Acc(5): 100.00
2023-06-19 16:33:06,990 - AUGCON - INFO - Epoch [39/50]-(20/22) Loss: 1.0563, Acc(1): 50.00, Acc(5): 100.00
2023-06-19 16:33:06,990 - AUGCON - INFO - 	Validation Loss: 1.0166, Acc(1): 76.00, Acc(5): 97.00, F1: 0.19, Recall: 0.18, Precision: 0.20
2023-06-19 16:33:06,990 - AUGCON - INFO - Epoch [40/50]-(0/22) Loss: 0.8756, Acc(1): 75.00, Acc(5): 100.00
2023-06-19 16:33:06,990 - AUGCON - INFO - Epoch [40/50]-(5/22) Loss: 0.8317, Acc(1): 75.00, Acc(5): 100.00
2023-06-19 16:33:06,990 - AUGCON - INFO - Epoch [40/50]-(10/22) Loss: 0.7446, Acc(1): 75.00, Acc(5): 100.00
2023-06-19 16:33:06,990 - AUGCON - INFO - Epoch [40/50]-(15/22) Loss: 0.6241, Acc(1): 75.00, Acc(5): 100.00
2023-06-19 16:33:06,990 - AUGCON - INFO - Epoch [40/50]-(20/22) Loss: 0.8673, Acc(1): 50.00, Acc(5): 100.00
2023-06-19 16:33:06,991 - AUGCON - INFO - 	Validation Loss: 1.0946, Acc(1): 75.00, Acc(5): 97.00, F1: 0.18, Recall: 0.17, Precision: 0.20
2023-06-19 16:33:06,991 - AUGCON - INFO - Epoch [41/50]-(0/22) Loss: 0.6849, Acc(1): 75.00, Acc(5): 100.00
2023-06-19 16:33:06,991 - AUGCON - INFO - Epoch [41/50]-(5/22) Loss: 0.5766, Acc(1): 100.00, Acc(5): 100.00
2023-06-19 16:33:06,991 - AUGCON - INFO - Epoch [41/50]-(10/22) Loss: 0.6698, Acc(1): 100.00, Acc(5): 100.00
2023-06-19 16:33:06,991 - AUGCON - INFO - Epoch [41/50]-(15/22) Loss: 1.8724, Acc(1): 25.00, Acc(5): 100.00
2023-06-19 16:33:06,991 - AUGCON - INFO - Epoch [41/50]-(20/22) Loss: 0.7190, Acc(1): 75.00, Acc(5): 100.00
2023-06-19 16:33:06,991 - AUGCON - INFO - 	Validation Loss: 1.0625, Acc(1): 73.00, Acc(5): 98.00, F1: 0.18, Recall: 0.17, Precision: 0.19
2023-06-19 16:33:06,991 - AUGCON - INFO - Epoch [42/50]-(0/22) Loss: 0.9710, Acc(1): 75.00, Acc(5): 100.00
2023-06-19 16:33:06,991 - AUGCON - INFO - Epoch [42/50]-(5/22) Loss: 1.4978, Acc(1): 50.00, Acc(5): 100.00
2023-06-19 16:33:06,991 - AUGCON - INFO - Epoch [42/50]-(10/22) Loss: 0.7686, Acc(1): 75.00, Acc(5): 100.00
2023-06-19 16:33:06,991 - AUGCON - INFO - Epoch [42/50]-(15/22) Loss: 0.3970, Acc(1): 100.00, Acc(5): 100.00
2023-06-19 16:33:06,991 - AUGCON - INFO - Epoch [42/50]-(20/22) Loss: 0.5550, Acc(1): 100.00, Acc(5): 100.00
2023-06-19 16:33:06,991 - AUGCON - INFO - 	Validation Loss: 1.0376, Acc(1): 78.00, Acc(5): 97.00, F1: 0.19, Recall: 0.18, Precision: 0.21
2023-06-19 16:33:06,991 - AUGCON - INFO - Epoch [43/50]-(0/22) Loss: 0.5676, Acc(1): 100.00, Acc(5): 100.00
2023-06-19 16:33:06,992 - AUGCON - INFO - Epoch [43/50]-(5/22) Loss: 1.3418, Acc(1): 25.00, Acc(5): 100.00
2023-06-19 16:33:06,992 - AUGCON - INFO - Epoch [43/50]-(10/22) Loss: 0.8738, Acc(1): 50.00, Acc(5): 100.00
2023-06-19 16:33:06,992 - AUGCON - INFO - Epoch [43/50]-(15/22) Loss: 0.8856, Acc(1): 75.00, Acc(5): 100.00
2023-06-19 16:33:06,992 - AUGCON - INFO - Epoch [43/50]-(20/22) Loss: 0.8907, Acc(1): 50.00, Acc(5): 100.00
2023-06-19 16:33:06,992 - AUGCON - INFO - 	Validation Loss: 1.0131, Acc(1): 75.00, Acc(5): 98.00, F1: 0.18, Recall: 0.17, Precision: 0.19
2023-06-19 16:33:06,992 - AUGCON - INFO - Epoch [44/50]-(0/22) Loss: 0.8322, Acc(1): 75.00, Acc(5): 100.00
2023-06-19 16:33:06,992 - AUGCON - INFO - Epoch [44/50]-(5/22) Loss: 1.7095, Acc(1): 50.00, Acc(5): 100.00
2023-06-19 16:33:06,992 - AUGCON - INFO - Epoch [44/50]-(10/22) Loss: 1.1786, Acc(1): 50.00, Acc(5): 100.00
2023-06-19 16:33:06,992 - AUGCON - INFO - Epoch [44/50]-(15/22) Loss: 0.4117, Acc(1): 100.00, Acc(5): 100.00
2023-06-19 16:33:06,992 - AUGCON - INFO - Epoch [44/50]-(20/22) Loss: 0.8452, Acc(1): 75.00, Acc(5): 100.00
2023-06-19 16:33:06,992 - AUGCON - INFO - 	Validation Loss: 1.0647, Acc(1): 78.00, Acc(5): 97.00, F1: 0.19, Recall: 0.18, Precision: 0.19
2023-06-19 16:33:06,992 - AUGCON - INFO - Epoch [45/50]-(0/22) Loss: 1.3057, Acc(1): 50.00, Acc(5): 100.00
2023-06-19 16:33:06,992 - AUGCON - INFO - Epoch [45/50]-(5/22) Loss: 0.7909, Acc(1): 75.00, Acc(5): 100.00
2023-06-19 16:33:06,992 - AUGCON - INFO - Epoch [45/50]-(10/22) Loss: 1.4383, Acc(1): 25.00, Acc(5): 100.00
2023-06-19 16:33:06,993 - AUGCON - INFO - Epoch [45/50]-(15/22) Loss: 1.3757, Acc(1): 50.00, Acc(5): 100.00
2023-06-19 16:33:06,993 - AUGCON - INFO - Epoch [45/50]-(20/22) Loss: 1.3868, Acc(1): 75.00, Acc(5): 100.00
2023-06-19 16:33:06,993 - AUGCON - INFO - 	Validation Loss: 1.0632, Acc(1): 75.00, Acc(5): 97.00, F1: 0.18, Recall: 0.17, Precision: 0.19
2023-06-19 16:33:06,993 - AUGCON - INFO - Epoch [46/50]-(0/22) Loss: 0.6501, Acc(1): 100.00, Acc(5): 100.00
2023-06-19 16:33:06,993 - AUGCON - INFO - Epoch [46/50]-(5/22) Loss: 0.8808, Acc(1): 50.00, Acc(5): 100.00
2023-06-19 16:33:06,993 - AUGCON - INFO - Epoch [46/50]-(10/22) Loss: 0.6989, Acc(1): 75.00, Acc(5): 100.00
2023-06-19 16:33:06,993 - AUGCON - INFO - Epoch [46/50]-(15/22) Loss: 0.7284, Acc(1): 75.00, Acc(5): 100.00
2023-06-19 16:33:06,993 - AUGCON - INFO - Epoch [46/50]-(20/22) Loss: 0.8442, Acc(1): 75.00, Acc(5): 100.00
2023-06-19 16:33:06,993 - AUGCON - INFO - 	Validation Loss: 1.0277, Acc(1): 75.00, Acc(5): 98.00, F1: 0.18, Recall: 0.17, Precision: 0.19
2023-06-19 16:33:06,993 - AUGCON - INFO - Epoch [47/50]-(0/22) Loss: 0.8348, Acc(1): 75.00, Acc(5): 100.00
2023-06-19 16:33:06,993 - AUGCON - INFO - Epoch [47/50]-(5/22) Loss: 1.1263, Acc(1): 75.00, Acc(5): 75.00
2023-06-19 16:33:06,993 - AUGCON - INFO - Epoch [47/50]-(10/22) Loss: 0.2985, Acc(1): 100.00, Acc(5): 100.00
2023-06-19 16:33:06,993 - AUGCON - INFO - Epoch [47/50]-(15/22) Loss: 0.4748, Acc(1): 75.00, Acc(5): 100.00
2023-06-19 16:33:06,993 - AUGCON - INFO - Epoch [47/50]-(20/22) Loss: 1.0884, Acc(1): 75.00, Acc(5): 100.00
2023-06-19 16:33:06,993 - AUGCON - INFO - 	Validation Loss: 1.0329, Acc(1): 72.00, Acc(5): 97.00, F1: 0.18, Recall: 0.16, Precision: 0.19
2023-06-19 16:33:06,994 - AUGCON - INFO - Epoch [48/50]-(0/22) Loss: 0.6688, Acc(1): 100.00, Acc(5): 100.00
2023-06-19 16:33:06,994 - AUGCON - INFO - Epoch [48/50]-(5/22) Loss: 0.4265, Acc(1): 75.00, Acc(5): 100.00
2023-06-19 16:33:06,994 - AUGCON - INFO - Epoch [48/50]-(10/22) Loss: 0.6162, Acc(1): 100.00, Acc(5): 100.00
2023-06-19 16:33:06,994 - AUGCON - INFO - Epoch [48/50]-(15/22) Loss: 0.8769, Acc(1): 75.00, Acc(5): 100.00
2023-06-19 16:33:06,994 - AUGCON - INFO - Epoch [48/50]-(20/22) Loss: 0.7774, Acc(1): 50.00, Acc(5): 100.00
2023-06-19 16:33:06,994 - AUGCON - INFO - 	Validation Loss: 1.0729, Acc(1): 77.00, Acc(5): 97.00, F1: 0.18, Recall: 0.18, Precision: 0.19
2023-06-19 16:33:06,994 - AUGCON - INFO - Epoch [49/50]-(0/22) Loss: 0.6364, Acc(1): 100.00, Acc(5): 100.00
2023-06-19 16:33:06,994 - AUGCON - INFO - Epoch [49/50]-(5/22) Loss: 0.6880, Acc(1): 75.00, Acc(5): 100.00
2023-06-19 16:33:06,994 - AUGCON - INFO - Epoch [49/50]-(10/22) Loss: 0.4988, Acc(1): 75.00, Acc(5): 100.00
2023-06-19 16:33:06,994 - AUGCON - INFO - Epoch [49/50]-(15/22) Loss: 1.7713, Acc(1): 50.00, Acc(5): 100.00
2023-06-19 16:33:06,994 - AUGCON - INFO - Epoch [49/50]-(20/22) Loss: 0.5683, Acc(1): 75.00, Acc(5): 100.00
2023-06-19 16:33:06,994 - AUGCON - INFO - 	Validation Loss: 1.0469, Acc(1): 77.00, Acc(5): 98.00, F1: 0.18, Recall: 0.18, Precision: 0.19
2023-06-19 16:33:06,994 - AUGCON - INFO - Epoch [50/50]-(0/22) Loss: 0.6175, Acc(1): 75.00, Acc(5): 100.00
2023-06-19 16:33:06,994 - AUGCON - INFO - Epoch [50/50]-(5/22) Loss: 0.5540, Acc(1): 100.00, Acc(5): 100.00
2023-06-19 16:33:06,995 - AUGCON - INFO - Epoch [50/50]-(10/22) Loss: 1.0456, Acc(1): 50.00, Acc(5): 100.00
2023-06-19 16:33:06,995 - AUGCON - INFO - Epoch [50/50]-(15/22) Loss: 1.9222, Acc(1): 0.00, Acc(5): 100.00
2023-06-19 16:33:06,995 - AUGCON - INFO - Epoch [50/50]-(20/22) Loss: 0.3203, Acc(1): 100.00, Acc(5): 100.00
2023-06-19 16:33:06,995 - AUGCON - INFO - 	Validation Loss: 1.0523, Acc(1): 75.00, Acc(5): 97.00, F1: 0.18, Recall: 0.17, Precision: 0.19
2023-06-19 16:33:06,995 - AUGCON - INFO - 	Validation Loss: 1.2514, Acc(1): 66.00, Acc(5): 95.33, F1: 0.16, Recall: 0.16, Precision: 0.16
