2023-06-19 16:42:57,633 - AUGCON - INFO - logger initialized (/home/hjyoon/projects/augcon/config/exp0/finetune_da_true/without_target_domain_WA4697-jhryu/cpc_random_8421/tgt_target_domain_WA0002-bkkim_seed0.yaml.log)
2023-06-19 16:42:57,633 - AUGCON - INFO - ================= Config =================
2023-06-19 16:42:57,634 - AUGCON - INFO -   mode: finetune
2023-06-19 16:42:57,634 - AUGCON - INFO -   seed: 0
2023-06-19 16:42:57,634 - AUGCON - INFO -   gpu: [1]
2023-06-19 16:42:57,634 - AUGCON - INFO -   num_workers: 1
2023-06-19 16:42:57,634 - AUGCON - INFO -   dist_url: tcp://localhost:10001
2023-06-19 16:42:57,634 - AUGCON - INFO -   dataset_name: ichar
2023-06-19 16:42:57,634 - AUGCON - INFO -   train_dataset_path: /mnt/sting/hjyoon/projects/cross/ICHAR/augcon/target_domain_WA0002-bkkim/finetune/10shot/target/train.pkl
2023-06-19 16:42:57,634 - AUGCON - INFO -   test_dataset_path: /mnt/sting/hjyoon/projects/cross/ICHAR/augcon/target_domain_WA0002-bkkim/finetune/10shot/target/test.pkl
2023-06-19 16:42:57,634 - AUGCON - INFO -   val_dataset_path: /mnt/sting/hjyoon/projects/cross/ICHAR/augcon/target_domain_WA0002-bkkim/finetune/10shot/target/val.pkl
2023-06-19 16:42:57,634 - AUGCON - INFO -   input_channels: 3
2023-06-19 16:42:57,634 - AUGCON - INFO -   num_cls: 9
2023-06-19 16:42:57,634 - AUGCON - INFO -   optimizer: adam
2023-06-19 16:42:57,634 - AUGCON - INFO -   criterion: crossentropy
2023-06-19 16:42:57,634 - AUGCON - INFO -   start_epoch: 0
2023-06-19 16:42:57,634 - AUGCON - INFO -   epochs: 50
2023-06-19 16:42:57,634 - AUGCON - INFO -   batch_size: 4
2023-06-19 16:42:57,634 - AUGCON - INFO -   lr: 0.001
2023-06-19 16:42:57,634 - AUGCON - INFO -   wd: 0.0
2023-06-19 16:42:57,634 - AUGCON - INFO -   resume: 
2023-06-19 16:42:57,634 - AUGCON - INFO -   pretrained: /mnt/sting/hjyoon/projects/augcontrast/models/exp0/pretrain/without_target_domain_WA4697-jhryu/cpc_random_8421//checkpoint_0099.pth.tar
2023-06-19 16:42:57,634 - AUGCON - INFO -   ckpt_dir: /mnt/sting/hjyoon/projects/augcontrast/models/exp0/finetune_da_true/without_target_domain_WA4697-jhryu/cpc_random_8421/tgt_target_domain_WA0002-bkkim_seed0
2023-06-19 16:42:57,634 - AUGCON - INFO -   log_freq: 5
2023-06-19 16:42:57,634 - AUGCON - INFO -   save_freq: 10
2023-06-19 16:42:57,634 - AUGCON - INFO -   pretext: metacpc
2023-06-19 16:42:57,634 - AUGCON - INFO -   enc_blocks: 4
2023-06-19 16:42:57,634 - AUGCON - INFO -   kernel_sizes: [8, 4, 2, 1]
2023-06-19 16:42:57,634 - AUGCON - INFO -   strides: [4, 2, 1, 1]
2023-06-19 16:42:57,634 - AUGCON - INFO -   agg_blocks: 5
2023-06-19 16:42:57,635 - AUGCON - INFO -   z_dim: 256
2023-06-19 16:42:57,635 - AUGCON - INFO -   pooling: mean
2023-06-19 16:42:57,635 - AUGCON - INFO -   pred_steps: 12
2023-06-19 16:42:57,635 - AUGCON - INFO -   n_negatives: 15
2023-06-19 16:42:57,635 - AUGCON - INFO -   offset: 4
2023-06-19 16:42:57,635 - AUGCON - INFO -   domain_adaptation: True
2023-06-19 16:42:57,635 - AUGCON - INFO -   task_steps: 10
2023-06-19 16:42:57,635 - AUGCON - INFO -   task_lr: 0.001
2023-06-19 16:42:57,635 - AUGCON - INFO -   reg_lambda: 0
2023-06-19 16:42:57,635 - AUGCON - INFO -   mlp: False
2023-06-19 16:42:57,635 - AUGCON - INFO -   freeze: True
2023-06-19 16:42:57,635 - AUGCON - INFO -   no_vars: True
2023-06-19 16:42:57,635 - AUGCON - INFO - ==========================================
2023-06-19 16:42:57,635 - AUGCON - INFO - Setting GPUs: [1]
2023-06-19 16:42:57,635 - AUGCON - INFO - GPUs [1] will be used
2023-06-19 16:42:57,636 - AUGCON - WARNING - You have chosen to seed training. 
2023-06-19 16:42:57,636 - AUGCON - WARNING - This will turn on the CUDNN deterministic setting, 
2023-06-19 16:42:57,636 - AUGCON - WARNING - which can slow down your training considerably! 
2023-06-19 16:42:57,636 - AUGCON - WARNING - You may see unexpected behavior when restarting 
2023-06-19 16:42:57,636 - AUGCON - WARNING - from checkpoints.
2023-06-19 16:42:57,670 - AUGCON - INFO - Executing MetaCPC
2023-06-19 16:42:57,670 - AUGCON - INFO - Logs are skipped during training
2023-06-19 16:43:17,028 - AUGCON - INFO - Single GPU is used for training - training 90 instances for each worker
2023-06-19 16:43:17,031 - AUGCON - INFO - Loading pretrained model from checkpoint - /mnt/sting/hjyoon/projects/augcontrast/models/exp0/pretrain/without_target_domain_WA4697-jhryu/cpc_random_8421//checkpoint_0099.pth.tar
2023-06-19 16:43:17,031 - AUGCON - INFO - Missing keys: ['predictor.vars.0', 'predictor.vars.1']
2023-06-19 16:43:17,031 - AUGCON - INFO - Perform domain adaptation step
2023-06-19 16:43:17,031 - AUGCON - INFO - 	meta-train [0/10] Loss: 2.8787, Acc(1): 6.43, Acc(5): 32.79
2023-06-19 16:43:17,031 - AUGCON - INFO - 	meta-train [1/10] Loss: 2.8653, Acc(1): 6.68, Acc(5): 33.11
2023-06-19 16:43:17,031 - AUGCON - INFO - 	meta-train [2/10] Loss: 2.8519, Acc(1): 6.59, Acc(5): 33.62
2023-06-19 16:43:17,031 - AUGCON - INFO - 	meta-train [3/10] Loss: 2.8496, Acc(1): 6.47, Acc(5): 33.08
2023-06-19 16:43:17,031 - AUGCON - INFO - 	meta-train [4/10] Loss: 2.8367, Acc(1): 6.83, Acc(5): 34.03
2023-06-19 16:43:17,032 - AUGCON - INFO - 	meta-train [5/10] Loss: 2.8344, Acc(1): 6.46, Acc(5): 33.83
2023-06-19 16:43:17,032 - AUGCON - INFO - 	meta-train [6/10] Loss: 2.8285, Acc(1): 6.81, Acc(5): 33.34
2023-06-19 16:43:17,032 - AUGCON - INFO - 	meta-train [7/10] Loss: 2.8269, Acc(1): 6.63, Acc(5): 33.99
2023-06-19 16:43:17,032 - AUGCON - INFO - 	meta-train [8/10] Loss: 2.8222, Acc(1): 6.65, Acc(5): 34.11
2023-06-19 16:43:17,032 - AUGCON - INFO - 	meta-train [9/10] Loss: 2.8217, Acc(1): 6.68, Acc(5): 33.88
2023-06-19 16:43:17,032 - AUGCON - INFO - Loading encoder parameters to the classifier
2023-06-19 16:43:17,032 - AUGCON - INFO - Missing keys: ['classifier.block.0.weight', 'classifier.block.0.bias']
2023-06-19 16:43:17,032 - AUGCON - INFO - Epoch [1/50]-(0/22) Loss: 2.6504, Acc(1): 0.00, Acc(5): 25.00
2023-06-19 16:43:17,032 - AUGCON - INFO - Epoch [1/50]-(5/22) Loss: 2.1739, Acc(1): 0.00, Acc(5): 100.00
2023-06-19 16:43:17,032 - AUGCON - INFO - Epoch [1/50]-(10/22) Loss: 2.1233, Acc(1): 50.00, Acc(5): 75.00
2023-06-19 16:43:17,032 - AUGCON - INFO - Epoch [1/50]-(15/22) Loss: 1.8703, Acc(1): 25.00, Acc(5): 100.00
2023-06-19 16:43:17,032 - AUGCON - INFO - Epoch [1/50]-(20/22) Loss: 1.9924, Acc(1): 25.00, Acc(5): 100.00
2023-06-19 16:43:17,033 - AUGCON - INFO - 	Validation Loss: 1.7254, Acc(1): 50.00, Acc(5): 96.00, F1: 0.12, Recall: 0.14, Precision: 0.10
2023-06-19 16:43:17,033 - AUGCON - INFO - Epoch [2/50]-(0/22) Loss: 1.5538, Acc(1): 100.00, Acc(5): 100.00
2023-06-19 16:43:17,033 - AUGCON - INFO - Epoch [2/50]-(5/22) Loss: 1.7991, Acc(1): 50.00, Acc(5): 100.00
2023-06-19 16:43:17,033 - AUGCON - INFO - Epoch [2/50]-(10/22) Loss: 1.7144, Acc(1): 25.00, Acc(5): 100.00
2023-06-19 16:43:17,033 - AUGCON - INFO - Epoch [2/50]-(15/22) Loss: 1.8047, Acc(1): 25.00, Acc(5): 75.00
2023-06-19 16:43:17,033 - AUGCON - INFO - Epoch [2/50]-(20/22) Loss: 1.7577, Acc(1): 50.00, Acc(5): 100.00
2023-06-19 16:43:17,033 - AUGCON - INFO - 	Validation Loss: 1.4765, Acc(1): 55.00, Acc(5): 97.00, F1: 0.15, Recall: 0.15, Precision: 0.16
2023-06-19 16:43:17,033 - AUGCON - INFO - Epoch [3/50]-(0/22) Loss: 1.2990, Acc(1): 75.00, Acc(5): 100.00
2023-06-19 16:43:17,033 - AUGCON - INFO - Epoch [3/50]-(5/22) Loss: 1.2714, Acc(1): 50.00, Acc(5): 100.00
2023-06-19 16:43:17,033 - AUGCON - INFO - Epoch [3/50]-(10/22) Loss: 1.6847, Acc(1): 0.00, Acc(5): 100.00
2023-06-19 16:43:17,033 - AUGCON - INFO - Epoch [3/50]-(15/22) Loss: 1.5115, Acc(1): 25.00, Acc(5): 100.00
2023-06-19 16:43:17,033 - AUGCON - INFO - Epoch [3/50]-(20/22) Loss: 1.4628, Acc(1): 25.00, Acc(5): 100.00
2023-06-19 16:43:17,034 - AUGCON - INFO - 	Validation Loss: 1.3118, Acc(1): 56.00, Acc(5): 100.00, F1: 0.14, Recall: 0.12, Precision: 0.19
2023-06-19 16:43:17,034 - AUGCON - INFO - Epoch [4/50]-(0/22) Loss: 1.2122, Acc(1): 50.00, Acc(5): 100.00
2023-06-19 16:43:17,034 - AUGCON - INFO - Epoch [4/50]-(5/22) Loss: 1.2441, Acc(1): 75.00, Acc(5): 100.00
2023-06-19 16:43:17,034 - AUGCON - INFO - Epoch [4/50]-(10/22) Loss: 1.1805, Acc(1): 100.00, Acc(5): 100.00
2023-06-19 16:43:17,034 - AUGCON - INFO - Epoch [4/50]-(15/22) Loss: 1.3005, Acc(1): 50.00, Acc(5): 100.00
2023-06-19 16:43:17,034 - AUGCON - INFO - Epoch [4/50]-(20/22) Loss: 1.3018, Acc(1): 50.00, Acc(5): 100.00
2023-06-19 16:43:17,034 - AUGCON - INFO - 	Validation Loss: 1.2716, Acc(1): 57.00, Acc(5): 100.00, F1: 0.16, Recall: 0.16, Precision: 0.16
2023-06-19 16:43:17,034 - AUGCON - INFO - Epoch [5/50]-(0/22) Loss: 1.2015, Acc(1): 50.00, Acc(5): 100.00
2023-06-19 16:43:17,034 - AUGCON - INFO - Epoch [5/50]-(5/22) Loss: 1.2864, Acc(1): 100.00, Acc(5): 100.00
2023-06-19 16:43:17,034 - AUGCON - INFO - Epoch [5/50]-(10/22) Loss: 0.9154, Acc(1): 100.00, Acc(5): 100.00
2023-06-19 16:43:17,034 - AUGCON - INFO - Epoch [5/50]-(15/22) Loss: 0.8784, Acc(1): 75.00, Acc(5): 100.00
2023-06-19 16:43:17,034 - AUGCON - INFO - Epoch [5/50]-(20/22) Loss: 1.4841, Acc(1): 25.00, Acc(5): 100.00
2023-06-19 16:43:17,034 - AUGCON - INFO - 	Validation Loss: 1.1594, Acc(1): 71.00, Acc(5): 100.00, F1: 0.16, Recall: 0.17, Precision: 0.16
2023-06-19 16:43:17,035 - AUGCON - INFO - Epoch [6/50]-(0/22) Loss: 1.2491, Acc(1): 75.00, Acc(5): 100.00
2023-06-19 16:43:17,035 - AUGCON - INFO - Epoch [6/50]-(5/22) Loss: 0.7452, Acc(1): 75.00, Acc(5): 100.00
2023-06-19 16:43:17,035 - AUGCON - INFO - Epoch [6/50]-(10/22) Loss: 1.5262, Acc(1): 50.00, Acc(5): 100.00
2023-06-19 16:43:17,035 - AUGCON - INFO - Epoch [6/50]-(15/22) Loss: 1.1458, Acc(1): 75.00, Acc(5): 100.00
2023-06-19 16:43:17,035 - AUGCON - INFO - Epoch [6/50]-(20/22) Loss: 1.2382, Acc(1): 50.00, Acc(5): 100.00
2023-06-19 16:43:17,035 - AUGCON - INFO - 	Validation Loss: 1.1024, Acc(1): 64.00, Acc(5): 100.00, F1: 0.15, Recall: 0.15, Precision: 0.16
2023-06-19 16:43:17,035 - AUGCON - INFO - Epoch [7/50]-(0/22) Loss: 1.3461, Acc(1): 50.00, Acc(5): 100.00
2023-06-19 16:43:17,035 - AUGCON - INFO - Epoch [7/50]-(5/22) Loss: 1.1607, Acc(1): 75.00, Acc(5): 100.00
2023-06-19 16:43:17,035 - AUGCON - INFO - Epoch [7/50]-(10/22) Loss: 0.8879, Acc(1): 50.00, Acc(5): 100.00
2023-06-19 16:43:17,035 - AUGCON - INFO - Epoch [7/50]-(15/22) Loss: 1.0155, Acc(1): 50.00, Acc(5): 100.00
2023-06-19 16:43:17,035 - AUGCON - INFO - Epoch [7/50]-(20/22) Loss: 1.1264, Acc(1): 75.00, Acc(5): 100.00
2023-06-19 16:43:17,035 - AUGCON - INFO - 	Validation Loss: 1.0684, Acc(1): 73.00, Acc(5): 100.00, F1: 0.19, Recall: 0.18, Precision: 0.20
2023-06-19 16:43:17,036 - AUGCON - INFO - Epoch [8/50]-(0/22) Loss: 1.2501, Acc(1): 75.00, Acc(5): 100.00
2023-06-19 16:43:17,036 - AUGCON - INFO - Epoch [8/50]-(5/22) Loss: 1.2119, Acc(1): 50.00, Acc(5): 100.00
2023-06-19 16:43:17,036 - AUGCON - INFO - Epoch [8/50]-(10/22) Loss: 0.9373, Acc(1): 50.00, Acc(5): 100.00
2023-06-19 16:43:17,036 - AUGCON - INFO - Epoch [8/50]-(15/22) Loss: 0.8897, Acc(1): 75.00, Acc(5): 100.00
2023-06-19 16:43:17,036 - AUGCON - INFO - Epoch [8/50]-(20/22) Loss: 0.9025, Acc(1): 75.00, Acc(5): 100.00
2023-06-19 16:43:17,036 - AUGCON - INFO - 	Validation Loss: 1.0113, Acc(1): 67.00, Acc(5): 100.00, F1: 0.16, Recall: 0.15, Precision: 0.18
2023-06-19 16:43:17,036 - AUGCON - INFO - Epoch [9/50]-(0/22) Loss: 0.4370, Acc(1): 100.00, Acc(5): 100.00
2023-06-19 16:43:17,036 - AUGCON - INFO - Epoch [9/50]-(5/22) Loss: 1.1376, Acc(1): 100.00, Acc(5): 100.00
2023-06-19 16:43:17,036 - AUGCON - INFO - Epoch [9/50]-(10/22) Loss: 0.9395, Acc(1): 50.00, Acc(5): 100.00
2023-06-19 16:43:17,036 - AUGCON - INFO - Epoch [9/50]-(15/22) Loss: 0.9091, Acc(1): 75.00, Acc(5): 100.00
2023-06-19 16:43:17,036 - AUGCON - INFO - Epoch [9/50]-(20/22) Loss: 1.3086, Acc(1): 50.00, Acc(5): 100.00
2023-06-19 16:43:17,036 - AUGCON - INFO - 	Validation Loss: 1.0386, Acc(1): 71.00, Acc(5): 100.00, F1: 0.18, Recall: 0.18, Precision: 0.18
2023-06-19 16:43:17,036 - AUGCON - INFO - Epoch [10/50]-(0/22) Loss: 0.9565, Acc(1): 100.00, Acc(5): 100.00
2023-06-19 16:43:17,037 - AUGCON - INFO - Epoch [10/50]-(5/22) Loss: 1.2050, Acc(1): 75.00, Acc(5): 100.00
2023-06-19 16:43:17,037 - AUGCON - INFO - Epoch [10/50]-(10/22) Loss: 1.0109, Acc(1): 50.00, Acc(5): 100.00
2023-06-19 16:43:17,037 - AUGCON - INFO - Epoch [10/50]-(15/22) Loss: 0.8802, Acc(1): 50.00, Acc(5): 100.00
2023-06-19 16:43:17,037 - AUGCON - INFO - Epoch [10/50]-(20/22) Loss: 1.1600, Acc(1): 25.00, Acc(5): 100.00
2023-06-19 16:43:17,037 - AUGCON - INFO - 	Validation Loss: 0.9897, Acc(1): 70.00, Acc(5): 100.00, F1: 0.17, Recall: 0.16, Precision: 0.19
2023-06-19 16:43:17,037 - AUGCON - INFO - Epoch [11/50]-(0/22) Loss: 0.9705, Acc(1): 100.00, Acc(5): 100.00
2023-06-19 16:43:17,037 - AUGCON - INFO - Epoch [11/50]-(5/22) Loss: 0.9569, Acc(1): 75.00, Acc(5): 100.00
2023-06-19 16:43:17,037 - AUGCON - INFO - Epoch [11/50]-(10/22) Loss: 0.6494, Acc(1): 100.00, Acc(5): 100.00
2023-06-19 16:43:17,037 - AUGCON - INFO - Epoch [11/50]-(15/22) Loss: 1.0368, Acc(1): 75.00, Acc(5): 100.00
2023-06-19 16:43:17,037 - AUGCON - INFO - Epoch [11/50]-(20/22) Loss: 0.3463, Acc(1): 100.00, Acc(5): 100.00
2023-06-19 16:43:17,037 - AUGCON - INFO - 	Validation Loss: 0.9881, Acc(1): 66.00, Acc(5): 100.00, F1: 0.17, Recall: 0.16, Precision: 0.19
2023-06-19 16:43:17,038 - AUGCON - INFO - Epoch [12/50]-(0/22) Loss: 0.5999, Acc(1): 100.00, Acc(5): 100.00
2023-06-19 16:43:17,038 - AUGCON - INFO - Epoch [12/50]-(5/22) Loss: 0.9548, Acc(1): 75.00, Acc(5): 100.00
2023-06-19 16:43:17,038 - AUGCON - INFO - Epoch [12/50]-(10/22) Loss: 1.2732, Acc(1): 50.00, Acc(5): 100.00
2023-06-19 16:43:17,038 - AUGCON - INFO - Epoch [12/50]-(15/22) Loss: 1.1880, Acc(1): 50.00, Acc(5): 100.00
2023-06-19 16:43:17,038 - AUGCON - INFO - Epoch [12/50]-(20/22) Loss: 0.7585, Acc(1): 75.00, Acc(5): 100.00
2023-06-19 16:43:17,038 - AUGCON - INFO - 	Validation Loss: 0.9605, Acc(1): 76.00, Acc(5): 100.00, F1: 0.19, Recall: 0.19, Precision: 0.19
2023-06-19 16:43:17,038 - AUGCON - INFO - Epoch [13/50]-(0/22) Loss: 0.7612, Acc(1): 100.00, Acc(5): 100.00
2023-06-19 16:43:17,038 - AUGCON - INFO - Epoch [13/50]-(5/22) Loss: 1.1529, Acc(1): 75.00, Acc(5): 100.00
2023-06-19 16:43:17,038 - AUGCON - INFO - Epoch [13/50]-(10/22) Loss: 0.5399, Acc(1): 100.00, Acc(5): 100.00
2023-06-19 16:43:17,038 - AUGCON - INFO - Epoch [13/50]-(15/22) Loss: 0.6822, Acc(1): 100.00, Acc(5): 100.00
2023-06-19 16:43:17,038 - AUGCON - INFO - Epoch [13/50]-(20/22) Loss: 1.2531, Acc(1): 25.00, Acc(5): 100.00
2023-06-19 16:43:17,038 - AUGCON - INFO - 	Validation Loss: 0.9594, Acc(1): 70.00, Acc(5): 100.00, F1: 0.17, Recall: 0.18, Precision: 0.17
2023-06-19 16:43:17,039 - AUGCON - INFO - Epoch [14/50]-(0/22) Loss: 0.8590, Acc(1): 75.00, Acc(5): 100.00
2023-06-19 16:43:17,039 - AUGCON - INFO - Epoch [14/50]-(5/22) Loss: 0.7555, Acc(1): 100.00, Acc(5): 100.00
2023-06-19 16:43:17,039 - AUGCON - INFO - Epoch [14/50]-(10/22) Loss: 0.6874, Acc(1): 75.00, Acc(5): 100.00
2023-06-19 16:43:17,039 - AUGCON - INFO - Epoch [14/50]-(15/22) Loss: 0.4669, Acc(1): 100.00, Acc(5): 100.00
2023-06-19 16:43:17,039 - AUGCON - INFO - Epoch [14/50]-(20/22) Loss: 0.9473, Acc(1): 75.00, Acc(5): 100.00
2023-06-19 16:43:17,039 - AUGCON - INFO - 	Validation Loss: 0.9005, Acc(1): 76.00, Acc(5): 100.00, F1: 0.19, Recall: 0.18, Precision: 0.20
2023-06-19 16:43:17,039 - AUGCON - INFO - Epoch [15/50]-(0/22) Loss: 0.4881, Acc(1): 100.00, Acc(5): 100.00
2023-06-19 16:43:17,039 - AUGCON - INFO - Epoch [15/50]-(5/22) Loss: 0.3668, Acc(1): 100.00, Acc(5): 100.00
2023-06-19 16:43:17,039 - AUGCON - INFO - Epoch [15/50]-(10/22) Loss: 0.5794, Acc(1): 75.00, Acc(5): 100.00
2023-06-19 16:43:17,039 - AUGCON - INFO - Epoch [15/50]-(15/22) Loss: 0.8946, Acc(1): 100.00, Acc(5): 100.00
2023-06-19 16:43:17,039 - AUGCON - INFO - Epoch [15/50]-(20/22) Loss: 0.7148, Acc(1): 100.00, Acc(5): 100.00
2023-06-19 16:43:17,039 - AUGCON - INFO - 	Validation Loss: 0.9022, Acc(1): 78.00, Acc(5): 100.00, F1: 0.20, Recall: 0.19, Precision: 0.21
2023-06-19 16:43:17,040 - AUGCON - INFO - Epoch [16/50]-(0/22) Loss: 0.7214, Acc(1): 100.00, Acc(5): 100.00
2023-06-19 16:43:17,040 - AUGCON - INFO - Epoch [16/50]-(5/22) Loss: 0.6349, Acc(1): 75.00, Acc(5): 100.00
2023-06-19 16:43:17,040 - AUGCON - INFO - Epoch [16/50]-(10/22) Loss: 0.6718, Acc(1): 75.00, Acc(5): 100.00
2023-06-19 16:43:17,040 - AUGCON - INFO - Epoch [16/50]-(15/22) Loss: 0.5950, Acc(1): 75.00, Acc(5): 100.00
2023-06-19 16:43:17,040 - AUGCON - INFO - Epoch [16/50]-(20/22) Loss: 1.5342, Acc(1): 75.00, Acc(5): 100.00
2023-06-19 16:43:17,040 - AUGCON - INFO - 	Validation Loss: 0.9257, Acc(1): 73.00, Acc(5): 100.00, F1: 0.18, Recall: 0.18, Precision: 0.18
2023-06-19 16:43:17,040 - AUGCON - INFO - Epoch [17/50]-(0/22) Loss: 0.4877, Acc(1): 100.00, Acc(5): 100.00
2023-06-19 16:43:17,040 - AUGCON - INFO - Epoch [17/50]-(5/22) Loss: 1.3689, Acc(1): 50.00, Acc(5): 100.00
2023-06-19 16:43:17,040 - AUGCON - INFO - Epoch [17/50]-(10/22) Loss: 0.6860, Acc(1): 75.00, Acc(5): 100.00
2023-06-19 16:43:17,040 - AUGCON - INFO - Epoch [17/50]-(15/22) Loss: 0.7894, Acc(1): 100.00, Acc(5): 100.00
2023-06-19 16:43:17,040 - AUGCON - INFO - Epoch [17/50]-(20/22) Loss: 0.2418, Acc(1): 100.00, Acc(5): 100.00
2023-06-19 16:43:17,040 - AUGCON - INFO - 	Validation Loss: 0.8928, Acc(1): 79.00, Acc(5): 100.00, F1: 0.21, Recall: 0.18, Precision: 0.24
2023-06-19 16:43:17,041 - AUGCON - INFO - Epoch [18/50]-(0/22) Loss: 1.2696, Acc(1): 50.00, Acc(5): 100.00
2023-06-19 16:43:17,041 - AUGCON - INFO - Epoch [18/50]-(5/22) Loss: 0.4142, Acc(1): 100.00, Acc(5): 100.00
2023-06-19 16:43:17,041 - AUGCON - INFO - Epoch [18/50]-(10/22) Loss: 0.7843, Acc(1): 100.00, Acc(5): 100.00
2023-06-19 16:43:17,041 - AUGCON - INFO - Epoch [18/50]-(15/22) Loss: 1.2056, Acc(1): 50.00, Acc(5): 100.00
2023-06-19 16:43:17,041 - AUGCON - INFO - Epoch [18/50]-(20/22) Loss: 0.9880, Acc(1): 75.00, Acc(5): 100.00
2023-06-19 16:43:17,041 - AUGCON - INFO - 	Validation Loss: 0.8644, Acc(1): 80.00, Acc(5): 100.00, F1: 0.20, Recall: 0.19, Precision: 0.22
2023-06-19 16:43:17,041 - AUGCON - INFO - Epoch [19/50]-(0/22) Loss: 0.6201, Acc(1): 100.00, Acc(5): 100.00
2023-06-19 16:43:17,041 - AUGCON - INFO - Epoch [19/50]-(5/22) Loss: 0.4944, Acc(1): 100.00, Acc(5): 100.00
2023-06-19 16:43:17,041 - AUGCON - INFO - Epoch [19/50]-(10/22) Loss: 0.7370, Acc(1): 100.00, Acc(5): 100.00
2023-06-19 16:43:17,041 - AUGCON - INFO - Epoch [19/50]-(15/22) Loss: 0.9362, Acc(1): 50.00, Acc(5): 100.00
2023-06-19 16:43:17,041 - AUGCON - INFO - Epoch [19/50]-(20/22) Loss: 0.6099, Acc(1): 100.00, Acc(5): 100.00
2023-06-19 16:43:17,041 - AUGCON - INFO - 	Validation Loss: 0.8326, Acc(1): 83.00, Acc(5): 100.00, F1: 0.20, Recall: 0.20, Precision: 0.21
2023-06-19 16:43:17,042 - AUGCON - INFO - Epoch [20/50]-(0/22) Loss: 0.4862, Acc(1): 100.00, Acc(5): 100.00
2023-06-19 16:43:17,042 - AUGCON - INFO - Epoch [20/50]-(5/22) Loss: 0.4579, Acc(1): 75.00, Acc(5): 100.00
2023-06-19 16:43:17,042 - AUGCON - INFO - Epoch [20/50]-(10/22) Loss: 0.6763, Acc(1): 100.00, Acc(5): 100.00
2023-06-19 16:43:17,042 - AUGCON - INFO - Epoch [20/50]-(15/22) Loss: 0.9114, Acc(1): 75.00, Acc(5): 100.00
2023-06-19 16:43:17,042 - AUGCON - INFO - Epoch [20/50]-(20/22) Loss: 1.0514, Acc(1): 75.00, Acc(5): 100.00
2023-06-19 16:43:17,042 - AUGCON - INFO - 	Validation Loss: 0.8479, Acc(1): 77.00, Acc(5): 100.00, F1: 0.19, Recall: 0.19, Precision: 0.20
2023-06-19 16:43:17,042 - AUGCON - INFO - Epoch [21/50]-(0/22) Loss: 0.5150, Acc(1): 75.00, Acc(5): 100.00
2023-06-19 16:43:17,042 - AUGCON - INFO - Epoch [21/50]-(5/22) Loss: 0.8727, Acc(1): 75.00, Acc(5): 100.00
2023-06-19 16:43:17,042 - AUGCON - INFO - Epoch [21/50]-(10/22) Loss: 0.4323, Acc(1): 100.00, Acc(5): 100.00
2023-06-19 16:43:17,042 - AUGCON - INFO - Epoch [21/50]-(15/22) Loss: 0.1638, Acc(1): 100.00, Acc(5): 100.00
2023-06-19 16:43:17,042 - AUGCON - INFO - Epoch [21/50]-(20/22) Loss: 0.8561, Acc(1): 50.00, Acc(5): 100.00
2023-06-19 16:43:17,043 - AUGCON - INFO - 	Validation Loss: 0.8261, Acc(1): 78.00, Acc(5): 99.00, F1: 0.19, Recall: 0.18, Precision: 0.20
2023-06-19 16:43:17,043 - AUGCON - INFO - Epoch [22/50]-(0/22) Loss: 0.7699, Acc(1): 75.00, Acc(5): 100.00
2023-06-19 16:43:17,043 - AUGCON - INFO - Epoch [22/50]-(5/22) Loss: 0.2938, Acc(1): 100.00, Acc(5): 100.00
2023-06-19 16:43:17,043 - AUGCON - INFO - Epoch [22/50]-(10/22) Loss: 0.4338, Acc(1): 100.00, Acc(5): 100.00
2023-06-19 16:43:17,043 - AUGCON - INFO - Epoch [22/50]-(15/22) Loss: 0.8495, Acc(1): 75.00, Acc(5): 100.00
2023-06-19 16:43:17,043 - AUGCON - INFO - Epoch [22/50]-(20/22) Loss: 0.8681, Acc(1): 75.00, Acc(5): 100.00
2023-06-19 16:43:17,043 - AUGCON - INFO - 	Validation Loss: 0.8205, Acc(1): 76.00, Acc(5): 100.00, F1: 0.19, Recall: 0.18, Precision: 0.19
2023-06-19 16:43:17,043 - AUGCON - INFO - Epoch [23/50]-(0/22) Loss: 0.3655, Acc(1): 100.00, Acc(5): 100.00
2023-06-19 16:43:17,043 - AUGCON - INFO - Epoch [23/50]-(5/22) Loss: 1.0725, Acc(1): 50.00, Acc(5): 100.00
2023-06-19 16:43:17,043 - AUGCON - INFO - Epoch [23/50]-(10/22) Loss: 0.8217, Acc(1): 100.00, Acc(5): 100.00
2023-06-19 16:43:17,043 - AUGCON - INFO - Epoch [23/50]-(15/22) Loss: 0.5115, Acc(1): 100.00, Acc(5): 100.00
2023-06-19 16:43:17,043 - AUGCON - INFO - Epoch [23/50]-(20/22) Loss: 0.8084, Acc(1): 75.00, Acc(5): 100.00
2023-06-19 16:43:17,044 - AUGCON - INFO - 	Validation Loss: 0.8401, Acc(1): 79.00, Acc(5): 100.00, F1: 0.20, Recall: 0.18, Precision: 0.21
2023-06-19 16:43:17,044 - AUGCON - INFO - Epoch [24/50]-(0/22) Loss: 0.7654, Acc(1): 75.00, Acc(5): 100.00
2023-06-19 16:43:17,044 - AUGCON - INFO - Epoch [24/50]-(5/22) Loss: 0.6409, Acc(1): 100.00, Acc(5): 100.00
2023-06-19 16:43:17,044 - AUGCON - INFO - Epoch [24/50]-(10/22) Loss: 0.7884, Acc(1): 75.00, Acc(5): 100.00
2023-06-19 16:43:17,044 - AUGCON - INFO - Epoch [24/50]-(15/22) Loss: 0.2507, Acc(1): 100.00, Acc(5): 100.00
2023-06-19 16:43:17,044 - AUGCON - INFO - Epoch [24/50]-(20/22) Loss: 1.0615, Acc(1): 75.00, Acc(5): 100.00
2023-06-19 16:43:17,044 - AUGCON - INFO - 	Validation Loss: 0.8352, Acc(1): 76.00, Acc(5): 100.00, F1: 0.19, Recall: 0.17, Precision: 0.21
2023-06-19 16:43:17,044 - AUGCON - INFO - Epoch [25/50]-(0/22) Loss: 0.7064, Acc(1): 100.00, Acc(5): 100.00
2023-06-19 16:43:17,044 - AUGCON - INFO - Epoch [25/50]-(5/22) Loss: 0.6864, Acc(1): 75.00, Acc(5): 100.00
2023-06-19 16:43:17,044 - AUGCON - INFO - Epoch [25/50]-(10/22) Loss: 0.7054, Acc(1): 75.00, Acc(5): 100.00
2023-06-19 16:43:17,044 - AUGCON - INFO - Epoch [25/50]-(15/22) Loss: 0.4428, Acc(1): 100.00, Acc(5): 100.00
2023-06-19 16:43:17,044 - AUGCON - INFO - Epoch [25/50]-(20/22) Loss: 0.6163, Acc(1): 100.00, Acc(5): 100.00
2023-06-19 16:43:17,045 - AUGCON - INFO - 	Validation Loss: 0.8045, Acc(1): 79.00, Acc(5): 99.00, F1: 0.20, Recall: 0.19, Precision: 0.21
2023-06-19 16:43:17,045 - AUGCON - INFO - Epoch [26/50]-(0/22) Loss: 0.3391, Acc(1): 100.00, Acc(5): 100.00
2023-06-19 16:43:17,045 - AUGCON - INFO - Epoch [26/50]-(5/22) Loss: 0.7043, Acc(1): 100.00, Acc(5): 100.00
2023-06-19 16:43:17,045 - AUGCON - INFO - Epoch [26/50]-(10/22) Loss: 1.0749, Acc(1): 50.00, Acc(5): 100.00
2023-06-19 16:43:17,045 - AUGCON - INFO - Epoch [26/50]-(15/22) Loss: 0.4613, Acc(1): 100.00, Acc(5): 100.00
2023-06-19 16:43:17,045 - AUGCON - INFO - Epoch [26/50]-(20/22) Loss: 0.6683, Acc(1): 75.00, Acc(5): 100.00
2023-06-19 16:43:17,045 - AUGCON - INFO - 	Validation Loss: 0.7904, Acc(1): 82.00, Acc(5): 99.00, F1: 0.20, Recall: 0.19, Precision: 0.22
2023-06-19 16:43:17,045 - AUGCON - INFO - Epoch [27/50]-(0/22) Loss: 0.6205, Acc(1): 100.00, Acc(5): 100.00
2023-06-19 16:43:17,045 - AUGCON - INFO - Epoch [27/50]-(5/22) Loss: 0.7068, Acc(1): 100.00, Acc(5): 100.00
2023-06-19 16:43:17,045 - AUGCON - INFO - Epoch [27/50]-(10/22) Loss: 0.6746, Acc(1): 75.00, Acc(5): 100.00
2023-06-19 16:43:17,045 - AUGCON - INFO - Epoch [27/50]-(15/22) Loss: 0.4657, Acc(1): 100.00, Acc(5): 100.00
2023-06-19 16:43:17,046 - AUGCON - INFO - Epoch [27/50]-(20/22) Loss: 0.5795, Acc(1): 100.00, Acc(5): 100.00
2023-06-19 16:43:17,046 - AUGCON - INFO - 	Validation Loss: 0.7897, Acc(1): 80.00, Acc(5): 100.00, F1: 0.20, Recall: 0.19, Precision: 0.20
2023-06-19 16:43:17,046 - AUGCON - INFO - Epoch [28/50]-(0/22) Loss: 0.2494, Acc(1): 100.00, Acc(5): 100.00
2023-06-19 16:43:17,046 - AUGCON - INFO - Epoch [28/50]-(5/22) Loss: 0.3220, Acc(1): 100.00, Acc(5): 100.00
2023-06-19 16:43:17,046 - AUGCON - INFO - Epoch [28/50]-(10/22) Loss: 0.6268, Acc(1): 75.00, Acc(5): 100.00
2023-06-19 16:43:17,046 - AUGCON - INFO - Epoch [28/50]-(15/22) Loss: 0.7457, Acc(1): 75.00, Acc(5): 100.00
2023-06-19 16:43:17,046 - AUGCON - INFO - Epoch [28/50]-(20/22) Loss: 0.6853, Acc(1): 100.00, Acc(5): 100.00
2023-06-19 16:43:17,046 - AUGCON - INFO - 	Validation Loss: 0.7706, Acc(1): 78.00, Acc(5): 100.00, F1: 0.19, Recall: 0.19, Precision: 0.20
2023-06-19 16:43:17,046 - AUGCON - INFO - Epoch [29/50]-(0/22) Loss: 0.7883, Acc(1): 100.00, Acc(5): 100.00
2023-06-19 16:43:17,046 - AUGCON - INFO - Epoch [29/50]-(5/22) Loss: 0.7871, Acc(1): 50.00, Acc(5): 100.00
2023-06-19 16:43:17,046 - AUGCON - INFO - Epoch [29/50]-(10/22) Loss: 0.5897, Acc(1): 75.00, Acc(5): 100.00
2023-06-19 16:43:17,046 - AUGCON - INFO - Epoch [29/50]-(15/22) Loss: 0.6822, Acc(1): 75.00, Acc(5): 100.00
2023-06-19 16:43:17,047 - AUGCON - INFO - Epoch [29/50]-(20/22) Loss: 0.4490, Acc(1): 100.00, Acc(5): 100.00
2023-06-19 16:43:17,047 - AUGCON - INFO - 	Validation Loss: 0.8092, Acc(1): 76.00, Acc(5): 100.00, F1: 0.20, Recall: 0.18, Precision: 0.21
2023-06-19 16:43:17,047 - AUGCON - INFO - Epoch [30/50]-(0/22) Loss: 0.5766, Acc(1): 75.00, Acc(5): 100.00
2023-06-19 16:43:17,047 - AUGCON - INFO - Epoch [30/50]-(5/22) Loss: 1.0607, Acc(1): 50.00, Acc(5): 100.00
2023-06-19 16:43:17,047 - AUGCON - INFO - Epoch [30/50]-(10/22) Loss: 0.2480, Acc(1): 100.00, Acc(5): 100.00
2023-06-19 16:43:17,047 - AUGCON - INFO - Epoch [30/50]-(15/22) Loss: 0.7088, Acc(1): 75.00, Acc(5): 100.00
2023-06-19 16:43:17,047 - AUGCON - INFO - Epoch [30/50]-(20/22) Loss: 0.5109, Acc(1): 75.00, Acc(5): 100.00
2023-06-19 16:43:17,047 - AUGCON - INFO - 	Validation Loss: 0.8111, Acc(1): 78.00, Acc(5): 100.00, F1: 0.19, Recall: 0.19, Precision: 0.20
2023-06-19 16:43:17,047 - AUGCON - INFO - Epoch [31/50]-(0/22) Loss: 1.2478, Acc(1): 50.00, Acc(5): 100.00
2023-06-19 16:43:17,047 - AUGCON - INFO - Epoch [31/50]-(5/22) Loss: 0.7764, Acc(1): 50.00, Acc(5): 100.00
2023-06-19 16:43:17,047 - AUGCON - INFO - Epoch [31/50]-(10/22) Loss: 0.4656, Acc(1): 75.00, Acc(5): 100.00
2023-06-19 16:43:17,047 - AUGCON - INFO - Epoch [31/50]-(15/22) Loss: 0.3011, Acc(1): 100.00, Acc(5): 100.00
2023-06-19 16:43:17,048 - AUGCON - INFO - Epoch [31/50]-(20/22) Loss: 0.4235, Acc(1): 100.00, Acc(5): 100.00
2023-06-19 16:43:17,048 - AUGCON - INFO - 	Validation Loss: 0.8155, Acc(1): 74.00, Acc(5): 100.00, F1: 0.19, Recall: 0.18, Precision: 0.20
2023-06-19 16:43:17,048 - AUGCON - INFO - Epoch [32/50]-(0/22) Loss: 0.5110, Acc(1): 100.00, Acc(5): 100.00
2023-06-19 16:43:17,048 - AUGCON - INFO - Epoch [32/50]-(5/22) Loss: 0.5364, Acc(1): 100.00, Acc(5): 100.00
2023-06-19 16:43:17,048 - AUGCON - INFO - Epoch [32/50]-(10/22) Loss: 0.4692, Acc(1): 100.00, Acc(5): 100.00
2023-06-19 16:43:17,048 - AUGCON - INFO - Epoch [32/50]-(15/22) Loss: 0.3987, Acc(1): 100.00, Acc(5): 100.00
2023-06-19 16:43:17,048 - AUGCON - INFO - Epoch [32/50]-(20/22) Loss: 0.7863, Acc(1): 75.00, Acc(5): 100.00
2023-06-19 16:43:17,048 - AUGCON - INFO - 	Validation Loss: 0.8225, Acc(1): 81.00, Acc(5): 100.00, F1: 0.20, Recall: 0.19, Precision: 0.21
2023-06-19 16:43:17,048 - AUGCON - INFO - Epoch [33/50]-(0/22) Loss: 0.4808, Acc(1): 100.00, Acc(5): 100.00
2023-06-19 16:43:17,049 - AUGCON - INFO - Epoch [33/50]-(5/22) Loss: 0.6065, Acc(1): 75.00, Acc(5): 100.00
2023-06-19 16:43:17,049 - AUGCON - INFO - Epoch [33/50]-(10/22) Loss: 0.1778, Acc(1): 100.00, Acc(5): 100.00
2023-06-19 16:43:17,049 - AUGCON - INFO - Epoch [33/50]-(15/22) Loss: 0.2851, Acc(1): 100.00, Acc(5): 100.00
2023-06-19 16:43:17,049 - AUGCON - INFO - Epoch [33/50]-(20/22) Loss: 0.7076, Acc(1): 100.00, Acc(5): 100.00
2023-06-19 16:43:17,049 - AUGCON - INFO - 	Validation Loss: 0.7964, Acc(1): 74.00, Acc(5): 100.00, F1: 0.19, Recall: 0.18, Precision: 0.20
2023-06-19 16:43:17,049 - AUGCON - INFO - Epoch [34/50]-(0/22) Loss: 0.4623, Acc(1): 75.00, Acc(5): 100.00
2023-06-19 16:43:17,049 - AUGCON - INFO - Epoch [34/50]-(5/22) Loss: 1.2097, Acc(1): 50.00, Acc(5): 100.00
2023-06-19 16:43:17,049 - AUGCON - INFO - Epoch [34/50]-(10/22) Loss: 0.1514, Acc(1): 100.00, Acc(5): 100.00
2023-06-19 16:43:17,049 - AUGCON - INFO - Epoch [34/50]-(15/22) Loss: 0.2785, Acc(1): 100.00, Acc(5): 100.00
2023-06-19 16:43:17,049 - AUGCON - INFO - Epoch [34/50]-(20/22) Loss: 0.5469, Acc(1): 100.00, Acc(5): 100.00
2023-06-19 16:43:17,049 - AUGCON - INFO - 	Validation Loss: 0.7798, Acc(1): 78.00, Acc(5): 100.00, F1: 0.20, Recall: 0.19, Precision: 0.21
2023-06-19 16:43:17,049 - AUGCON - INFO - Epoch [35/50]-(0/22) Loss: 0.9557, Acc(1): 75.00, Acc(5): 100.00
2023-06-19 16:43:17,049 - AUGCON - INFO - Epoch [35/50]-(5/22) Loss: 0.3269, Acc(1): 100.00, Acc(5): 100.00
2023-06-19 16:43:17,050 - AUGCON - INFO - Epoch [35/50]-(10/22) Loss: 0.7695, Acc(1): 50.00, Acc(5): 100.00
2023-06-19 16:43:17,050 - AUGCON - INFO - Epoch [35/50]-(15/22) Loss: 0.8011, Acc(1): 75.00, Acc(5): 100.00
2023-06-19 16:43:17,050 - AUGCON - INFO - Epoch [35/50]-(20/22) Loss: 0.2351, Acc(1): 100.00, Acc(5): 100.00
2023-06-19 16:43:17,050 - AUGCON - INFO - 	Validation Loss: 0.7795, Acc(1): 76.00, Acc(5): 100.00, F1: 0.19, Recall: 0.18, Precision: 0.21
2023-06-19 16:43:17,050 - AUGCON - INFO - Epoch [36/50]-(0/22) Loss: 0.5594, Acc(1): 75.00, Acc(5): 100.00
2023-06-19 16:43:17,050 - AUGCON - INFO - Epoch [36/50]-(5/22) Loss: 0.5564, Acc(1): 75.00, Acc(5): 100.00
2023-06-19 16:43:17,050 - AUGCON - INFO - Epoch [36/50]-(10/22) Loss: 0.4780, Acc(1): 100.00, Acc(5): 100.00
2023-06-19 16:43:17,050 - AUGCON - INFO - Epoch [36/50]-(15/22) Loss: 0.2427, Acc(1): 100.00, Acc(5): 100.00
2023-06-19 16:43:17,050 - AUGCON - INFO - Epoch [36/50]-(20/22) Loss: 0.2922, Acc(1): 100.00, Acc(5): 100.00
2023-06-19 16:43:17,050 - AUGCON - INFO - 	Validation Loss: 0.7939, Acc(1): 75.00, Acc(5): 99.00, F1: 0.19, Recall: 0.19, Precision: 0.20
2023-06-19 16:43:17,050 - AUGCON - INFO - Epoch [37/50]-(0/22) Loss: 0.3378, Acc(1): 75.00, Acc(5): 100.00
2023-06-19 16:43:17,050 - AUGCON - INFO - Epoch [37/50]-(5/22) Loss: 0.2312, Acc(1): 100.00, Acc(5): 100.00
2023-06-19 16:43:17,051 - AUGCON - INFO - Epoch [37/50]-(10/22) Loss: 0.3648, Acc(1): 100.00, Acc(5): 100.00
2023-06-19 16:43:17,051 - AUGCON - INFO - Epoch [37/50]-(15/22) Loss: 0.2179, Acc(1): 100.00, Acc(5): 100.00
2023-06-19 16:43:17,051 - AUGCON - INFO - Epoch [37/50]-(20/22) Loss: 0.3559, Acc(1): 100.00, Acc(5): 100.00
2023-06-19 16:43:17,051 - AUGCON - INFO - 	Validation Loss: 0.7720, Acc(1): 78.00, Acc(5): 99.00, F1: 0.20, Recall: 0.19, Precision: 0.21
2023-06-19 16:43:17,051 - AUGCON - INFO - Epoch [38/50]-(0/22) Loss: 0.5680, Acc(1): 75.00, Acc(5): 100.00
2023-06-19 16:43:17,051 - AUGCON - INFO - Epoch [38/50]-(5/22) Loss: 0.3011, Acc(1): 100.00, Acc(5): 100.00
2023-06-19 16:43:17,051 - AUGCON - INFO - Epoch [38/50]-(10/22) Loss: 0.2415, Acc(1): 100.00, Acc(5): 100.00
2023-06-19 16:43:17,051 - AUGCON - INFO - Epoch [38/50]-(15/22) Loss: 0.6523, Acc(1): 75.00, Acc(5): 100.00
2023-06-19 16:43:17,051 - AUGCON - INFO - Epoch [38/50]-(20/22) Loss: 0.3094, Acc(1): 100.00, Acc(5): 100.00
2023-06-19 16:43:17,051 - AUGCON - INFO - 	Validation Loss: 0.7934, Acc(1): 76.00, Acc(5): 99.00, F1: 0.20, Recall: 0.19, Precision: 0.21
2023-06-19 16:43:17,051 - AUGCON - INFO - Epoch [39/50]-(0/22) Loss: 0.7978, Acc(1): 50.00, Acc(5): 100.00
2023-06-19 16:43:17,052 - AUGCON - INFO - Epoch [39/50]-(5/22) Loss: 0.7605, Acc(1): 100.00, Acc(5): 100.00
2023-06-19 16:43:17,052 - AUGCON - INFO - Epoch [39/50]-(10/22) Loss: 0.5968, Acc(1): 50.00, Acc(5): 100.00
2023-06-19 16:43:17,052 - AUGCON - INFO - Epoch [39/50]-(15/22) Loss: 0.4257, Acc(1): 75.00, Acc(5): 100.00
2023-06-19 16:43:17,052 - AUGCON - INFO - Epoch [39/50]-(20/22) Loss: 0.4116, Acc(1): 100.00, Acc(5): 100.00
2023-06-19 16:43:17,052 - AUGCON - INFO - 	Validation Loss: 0.7942, Acc(1): 75.00, Acc(5): 100.00, F1: 0.20, Recall: 0.18, Precision: 0.21
2023-06-19 16:43:17,052 - AUGCON - INFO - Epoch [40/50]-(0/22) Loss: 0.3977, Acc(1): 75.00, Acc(5): 100.00
2023-06-19 16:43:17,052 - AUGCON - INFO - Epoch [40/50]-(5/22) Loss: 0.3786, Acc(1): 100.00, Acc(5): 100.00
2023-06-19 16:43:17,052 - AUGCON - INFO - Epoch [40/50]-(10/22) Loss: 0.2018, Acc(1): 100.00, Acc(5): 100.00
2023-06-19 16:43:17,052 - AUGCON - INFO - Epoch [40/50]-(15/22) Loss: 0.5394, Acc(1): 100.00, Acc(5): 100.00
2023-06-19 16:43:17,052 - AUGCON - INFO - Epoch [40/50]-(20/22) Loss: 0.4362, Acc(1): 100.00, Acc(5): 100.00
2023-06-19 16:43:17,053 - AUGCON - INFO - 	Validation Loss: 0.7742, Acc(1): 78.00, Acc(5): 100.00, F1: 0.20, Recall: 0.19, Precision: 0.22
2023-06-19 16:43:17,053 - AUGCON - INFO - Epoch [41/50]-(0/22) Loss: 0.5559, Acc(1): 100.00, Acc(5): 100.00
2023-06-19 16:43:17,053 - AUGCON - INFO - Epoch [41/50]-(5/22) Loss: 0.4929, Acc(1): 75.00, Acc(5): 100.00
2023-06-19 16:43:17,053 - AUGCON - INFO - Epoch [41/50]-(10/22) Loss: 0.4983, Acc(1): 100.00, Acc(5): 100.00
2023-06-19 16:43:17,053 - AUGCON - INFO - Epoch [41/50]-(15/22) Loss: 0.3487, Acc(1): 100.00, Acc(5): 100.00
2023-06-19 16:43:17,053 - AUGCON - INFO - Epoch [41/50]-(20/22) Loss: 0.4536, Acc(1): 100.00, Acc(5): 100.00
2023-06-19 16:43:17,053 - AUGCON - INFO - 	Validation Loss: 0.6898, Acc(1): 85.00, Acc(5): 100.00, F1: 0.21, Recall: 0.20, Precision: 0.23
2023-06-19 16:43:17,053 - AUGCON - INFO - Epoch [42/50]-(0/22) Loss: 0.5590, Acc(1): 75.00, Acc(5): 100.00
2023-06-19 16:43:17,053 - AUGCON - INFO - Epoch [42/50]-(5/22) Loss: 0.3956, Acc(1): 100.00, Acc(5): 100.00
2023-06-19 16:43:17,053 - AUGCON - INFO - Epoch [42/50]-(10/22) Loss: 0.3771, Acc(1): 100.00, Acc(5): 100.00
2023-06-19 16:43:17,054 - AUGCON - INFO - Epoch [42/50]-(15/22) Loss: 0.4675, Acc(1): 75.00, Acc(5): 100.00
2023-06-19 16:43:17,054 - AUGCON - INFO - Epoch [42/50]-(20/22) Loss: 0.4128, Acc(1): 100.00, Acc(5): 100.00
2023-06-19 16:43:17,054 - AUGCON - INFO - 	Validation Loss: 0.7759, Acc(1): 75.00, Acc(5): 100.00, F1: 0.19, Recall: 0.18, Precision: 0.20
2023-06-19 16:43:17,054 - AUGCON - INFO - Epoch [43/50]-(0/22) Loss: 0.8209, Acc(1): 75.00, Acc(5): 100.00
2023-06-19 16:43:17,054 - AUGCON - INFO - Epoch [43/50]-(5/22) Loss: 0.3868, Acc(1): 100.00, Acc(5): 100.00
2023-06-19 16:43:17,054 - AUGCON - INFO - Epoch [43/50]-(10/22) Loss: 0.4511, Acc(1): 100.00, Acc(5): 100.00
2023-06-19 16:43:17,054 - AUGCON - INFO - Epoch [43/50]-(15/22) Loss: 0.5295, Acc(1): 100.00, Acc(5): 100.00
2023-06-19 16:43:17,054 - AUGCON - INFO - Epoch [43/50]-(20/22) Loss: 0.4991, Acc(1): 100.00, Acc(5): 100.00
2023-06-19 16:43:17,054 - AUGCON - INFO - 	Validation Loss: 0.7767, Acc(1): 77.00, Acc(5): 99.00, F1: 0.19, Recall: 0.18, Precision: 0.20
2023-06-19 16:43:17,054 - AUGCON - INFO - Epoch [44/50]-(0/22) Loss: 0.1538, Acc(1): 100.00, Acc(5): 100.00
2023-06-19 16:43:17,054 - AUGCON - INFO - Epoch [44/50]-(5/22) Loss: 0.5761, Acc(1): 50.00, Acc(5): 100.00
2023-06-19 16:43:17,054 - AUGCON - INFO - Epoch [44/50]-(10/22) Loss: 0.3769, Acc(1): 100.00, Acc(5): 100.00
2023-06-19 16:43:17,055 - AUGCON - INFO - Epoch [44/50]-(15/22) Loss: 0.2734, Acc(1): 100.00, Acc(5): 100.00
2023-06-19 16:43:17,055 - AUGCON - INFO - Epoch [44/50]-(20/22) Loss: 0.5167, Acc(1): 75.00, Acc(5): 100.00
2023-06-19 16:43:17,055 - AUGCON - INFO - 	Validation Loss: 0.7681, Acc(1): 80.00, Acc(5): 100.00, F1: 0.20, Recall: 0.19, Precision: 0.20
2023-06-19 16:43:17,055 - AUGCON - INFO - Epoch [45/50]-(0/22) Loss: 0.9226, Acc(1): 75.00, Acc(5): 100.00
2023-06-19 16:43:17,055 - AUGCON - INFO - Epoch [45/50]-(5/22) Loss: 0.3262, Acc(1): 100.00, Acc(5): 100.00
2023-06-19 16:43:17,055 - AUGCON - INFO - Epoch [45/50]-(10/22) Loss: 0.0954, Acc(1): 100.00, Acc(5): 100.00
2023-06-19 16:43:17,055 - AUGCON - INFO - Epoch [45/50]-(15/22) Loss: 0.4258, Acc(1): 75.00, Acc(5): 100.00
2023-06-19 16:43:17,055 - AUGCON - INFO - Epoch [45/50]-(20/22) Loss: 0.7470, Acc(1): 75.00, Acc(5): 100.00
2023-06-19 16:43:17,055 - AUGCON - INFO - 	Validation Loss: 0.7413, Acc(1): 81.00, Acc(5): 100.00, F1: 0.20, Recall: 0.20, Precision: 0.21
2023-06-19 16:43:17,056 - AUGCON - INFO - Epoch [46/50]-(0/22) Loss: 0.4624, Acc(1): 100.00, Acc(5): 100.00
2023-06-19 16:43:17,056 - AUGCON - INFO - Epoch [46/50]-(5/22) Loss: 0.0930, Acc(1): 100.00, Acc(5): 100.00
2023-06-19 16:43:17,056 - AUGCON - INFO - Epoch [46/50]-(10/22) Loss: 0.3380, Acc(1): 100.00, Acc(5): 100.00
2023-06-19 16:43:17,056 - AUGCON - INFO - Epoch [46/50]-(15/22) Loss: 0.3028, Acc(1): 100.00, Acc(5): 100.00
2023-06-19 16:43:17,056 - AUGCON - INFO - Epoch [46/50]-(20/22) Loss: 0.5436, Acc(1): 75.00, Acc(5): 100.00
2023-06-19 16:43:17,056 - AUGCON - INFO - 	Validation Loss: 0.7857, Acc(1): 77.00, Acc(5): 99.00, F1: 0.20, Recall: 0.18, Precision: 0.21
2023-06-19 16:43:17,056 - AUGCON - INFO - Epoch [47/50]-(0/22) Loss: 0.5489, Acc(1): 75.00, Acc(5): 100.00
2023-06-19 16:43:17,056 - AUGCON - INFO - Epoch [47/50]-(5/22) Loss: 0.2230, Acc(1): 100.00, Acc(5): 100.00
2023-06-19 16:43:17,056 - AUGCON - INFO - Epoch [47/50]-(10/22) Loss: 0.4160, Acc(1): 100.00, Acc(5): 100.00
2023-06-19 16:43:17,056 - AUGCON - INFO - Epoch [47/50]-(15/22) Loss: 0.2330, Acc(1): 100.00, Acc(5): 100.00
2023-06-19 16:43:17,056 - AUGCON - INFO - Epoch [47/50]-(20/22) Loss: 0.5054, Acc(1): 100.00, Acc(5): 100.00
2023-06-19 16:43:17,057 - AUGCON - INFO - 	Validation Loss: 0.7532, Acc(1): 80.00, Acc(5): 100.00, F1: 0.20, Recall: 0.19, Precision: 0.21
2023-06-19 16:43:17,057 - AUGCON - INFO - Epoch [48/50]-(0/22) Loss: 0.3568, Acc(1): 100.00, Acc(5): 100.00
2023-06-19 16:43:17,057 - AUGCON - INFO - Epoch [48/50]-(5/22) Loss: 0.4752, Acc(1): 75.00, Acc(5): 100.00
2023-06-19 16:43:17,057 - AUGCON - INFO - Epoch [48/50]-(10/22) Loss: 0.2208, Acc(1): 100.00, Acc(5): 100.00
2023-06-19 16:43:17,057 - AUGCON - INFO - Epoch [48/50]-(15/22) Loss: 0.4461, Acc(1): 75.00, Acc(5): 100.00
2023-06-19 16:43:17,057 - AUGCON - INFO - Epoch [48/50]-(20/22) Loss: 0.1648, Acc(1): 100.00, Acc(5): 100.00
2023-06-19 16:43:17,057 - AUGCON - INFO - 	Validation Loss: 0.7501, Acc(1): 78.00, Acc(5): 100.00, F1: 0.20, Recall: 0.19, Precision: 0.21
2023-06-19 16:43:17,057 - AUGCON - INFO - Epoch [49/50]-(0/22) Loss: 0.1350, Acc(1): 100.00, Acc(5): 100.00
2023-06-19 16:43:17,057 - AUGCON - INFO - Epoch [49/50]-(5/22) Loss: 0.7814, Acc(1): 50.00, Acc(5): 100.00
2023-06-19 16:43:17,057 - AUGCON - INFO - Epoch [49/50]-(10/22) Loss: 0.4076, Acc(1): 100.00, Acc(5): 100.00
2023-06-19 16:43:17,057 - AUGCON - INFO - Epoch [49/50]-(15/22) Loss: 0.5771, Acc(1): 75.00, Acc(5): 100.00
2023-06-19 16:43:17,057 - AUGCON - INFO - Epoch [49/50]-(20/22) Loss: 0.2687, Acc(1): 100.00, Acc(5): 100.00
2023-06-19 16:43:17,057 - AUGCON - INFO - 	Validation Loss: 0.7899, Acc(1): 76.00, Acc(5): 100.00, F1: 0.19, Recall: 0.19, Precision: 0.19
2023-06-19 16:43:17,057 - AUGCON - INFO - Epoch [50/50]-(0/22) Loss: 0.2713, Acc(1): 100.00, Acc(5): 100.00
2023-06-19 16:43:17,058 - AUGCON - INFO - Epoch [50/50]-(5/22) Loss: 0.4375, Acc(1): 100.00, Acc(5): 100.00
2023-06-19 16:43:17,058 - AUGCON - INFO - Epoch [50/50]-(10/22) Loss: 0.3890, Acc(1): 100.00, Acc(5): 100.00
2023-06-19 16:43:17,058 - AUGCON - INFO - Epoch [50/50]-(15/22) Loss: 0.8454, Acc(1): 75.00, Acc(5): 100.00
2023-06-19 16:43:17,058 - AUGCON - INFO - Epoch [50/50]-(20/22) Loss: 0.6366, Acc(1): 75.00, Acc(5): 100.00
2023-06-19 16:43:17,058 - AUGCON - INFO - 	Validation Loss: 0.7617, Acc(1): 79.00, Acc(5): 100.00, F1: 0.20, Recall: 0.19, Precision: 0.20
2023-06-19 16:43:17,058 - AUGCON - INFO - 	Validation Loss: 0.6598, Acc(1): 83.00, Acc(5): 100.00, F1: 0.19, Recall: 0.19, Precision: 0.20
