2023-06-19 16:42:13,196 - AUGCON - INFO - logger initialized (/home/hjyoon/projects/augcon/config/exp0/finetune_da_true/without_target_domain_WA4697-jhryu/cpc_random_8421/tgt_target_domain_PH0041-hmkim_seed0.yaml.log)
2023-06-19 16:42:13,196 - AUGCON - INFO - ================= Config =================
2023-06-19 16:42:13,196 - AUGCON - INFO -   mode: finetune
2023-06-19 16:42:13,197 - AUGCON - INFO -   seed: 0
2023-06-19 16:42:13,197 - AUGCON - INFO -   gpu: [1]
2023-06-19 16:42:13,197 - AUGCON - INFO -   num_workers: 1
2023-06-19 16:42:13,197 - AUGCON - INFO -   dist_url: tcp://localhost:10001
2023-06-19 16:42:13,197 - AUGCON - INFO -   dataset_name: ichar
2023-06-19 16:42:13,197 - AUGCON - INFO -   train_dataset_path: /mnt/sting/hjyoon/projects/cross/ICHAR/augcon/target_domain_PH0041-hmkim/finetune/10shot/target/train.pkl
2023-06-19 16:42:13,197 - AUGCON - INFO -   test_dataset_path: /mnt/sting/hjyoon/projects/cross/ICHAR/augcon/target_domain_PH0041-hmkim/finetune/10shot/target/test.pkl
2023-06-19 16:42:13,197 - AUGCON - INFO -   val_dataset_path: /mnt/sting/hjyoon/projects/cross/ICHAR/augcon/target_domain_PH0041-hmkim/finetune/10shot/target/val.pkl
2023-06-19 16:42:13,197 - AUGCON - INFO -   input_channels: 3
2023-06-19 16:42:13,197 - AUGCON - INFO -   num_cls: 9
2023-06-19 16:42:13,197 - AUGCON - INFO -   optimizer: adam
2023-06-19 16:42:13,197 - AUGCON - INFO -   criterion: crossentropy
2023-06-19 16:42:13,197 - AUGCON - INFO -   start_epoch: 0
2023-06-19 16:42:13,197 - AUGCON - INFO -   epochs: 50
2023-06-19 16:42:13,197 - AUGCON - INFO -   batch_size: 4
2023-06-19 16:42:13,197 - AUGCON - INFO -   lr: 0.001
2023-06-19 16:42:13,197 - AUGCON - INFO -   wd: 0.0
2023-06-19 16:42:13,197 - AUGCON - INFO -   resume: 
2023-06-19 16:42:13,197 - AUGCON - INFO -   pretrained: /mnt/sting/hjyoon/projects/augcontrast/models/exp0/pretrain/without_target_domain_WA4697-jhryu/cpc_random_8421//checkpoint_0099.pth.tar
2023-06-19 16:42:13,197 - AUGCON - INFO -   ckpt_dir: /mnt/sting/hjyoon/projects/augcontrast/models/exp0/finetune_da_true/without_target_domain_WA4697-jhryu/cpc_random_8421/tgt_target_domain_PH0041-hmkim_seed0
2023-06-19 16:42:13,197 - AUGCON - INFO -   log_freq: 5
2023-06-19 16:42:13,197 - AUGCON - INFO -   save_freq: 10
2023-06-19 16:42:13,197 - AUGCON - INFO -   pretext: metacpc
2023-06-19 16:42:13,197 - AUGCON - INFO -   enc_blocks: 4
2023-06-19 16:42:13,197 - AUGCON - INFO -   kernel_sizes: [8, 4, 2, 1]
2023-06-19 16:42:13,198 - AUGCON - INFO -   strides: [4, 2, 1, 1]
2023-06-19 16:42:13,198 - AUGCON - INFO -   agg_blocks: 5
2023-06-19 16:42:13,198 - AUGCON - INFO -   z_dim: 256
2023-06-19 16:42:13,198 - AUGCON - INFO -   pooling: mean
2023-06-19 16:42:13,198 - AUGCON - INFO -   pred_steps: 12
2023-06-19 16:42:13,198 - AUGCON - INFO -   n_negatives: 15
2023-06-19 16:42:13,198 - AUGCON - INFO -   offset: 4
2023-06-19 16:42:13,198 - AUGCON - INFO -   domain_adaptation: True
2023-06-19 16:42:13,198 - AUGCON - INFO -   task_steps: 10
2023-06-19 16:42:13,198 - AUGCON - INFO -   task_lr: 0.001
2023-06-19 16:42:13,198 - AUGCON - INFO -   reg_lambda: 0
2023-06-19 16:42:13,198 - AUGCON - INFO -   mlp: False
2023-06-19 16:42:13,198 - AUGCON - INFO -   freeze: True
2023-06-19 16:42:13,198 - AUGCON - INFO -   no_vars: True
2023-06-19 16:42:13,198 - AUGCON - INFO - ==========================================
2023-06-19 16:42:13,198 - AUGCON - INFO - Setting GPUs: [1]
2023-06-19 16:42:13,198 - AUGCON - INFO - GPUs [1] will be used
2023-06-19 16:42:13,199 - AUGCON - WARNING - You have chosen to seed training. 
2023-06-19 16:42:13,199 - AUGCON - WARNING - This will turn on the CUDNN deterministic setting, 
2023-06-19 16:42:13,199 - AUGCON - WARNING - which can slow down your training considerably! 
2023-06-19 16:42:13,199 - AUGCON - WARNING - You may see unexpected behavior when restarting 
2023-06-19 16:42:13,199 - AUGCON - WARNING - from checkpoints.
2023-06-19 16:42:13,233 - AUGCON - INFO - Executing MetaCPC
2023-06-19 16:42:13,233 - AUGCON - INFO - Logs are skipped during training
2023-06-19 16:42:33,262 - AUGCON - INFO - Single GPU is used for training - training 90 instances for each worker
2023-06-19 16:42:33,262 - AUGCON - INFO - Loading pretrained model from checkpoint - /mnt/sting/hjyoon/projects/augcontrast/models/exp0/pretrain/without_target_domain_WA4697-jhryu/cpc_random_8421//checkpoint_0099.pth.tar
2023-06-19 16:42:33,262 - AUGCON - INFO - Missing keys: ['predictor.vars.0', 'predictor.vars.1']
2023-06-19 16:42:33,262 - AUGCON - INFO - Perform domain adaptation step
2023-06-19 16:42:33,262 - AUGCON - INFO - 	meta-train [0/10] Loss: 2.9111, Acc(1): 6.60, Acc(5): 32.56
2023-06-19 16:42:33,263 - AUGCON - INFO - 	meta-train [1/10] Loss: 2.8822, Acc(1): 6.61, Acc(5): 32.29
2023-06-19 16:42:33,263 - AUGCON - INFO - 	meta-train [2/10] Loss: 2.8487, Acc(1): 6.77, Acc(5): 32.45
2023-06-19 16:42:33,263 - AUGCON - INFO - 	meta-train [3/10] Loss: 2.8166, Acc(1): 6.64, Acc(5): 32.38
2023-06-19 16:42:33,263 - AUGCON - INFO - 	meta-train [4/10] Loss: 2.8093, Acc(1): 6.65, Acc(5): 32.29
2023-06-19 16:42:33,263 - AUGCON - INFO - 	meta-train [5/10] Loss: 2.8049, Acc(1): 6.76, Acc(5): 32.56
2023-06-19 16:42:33,263 - AUGCON - INFO - 	meta-train [6/10] Loss: 2.8035, Acc(1): 6.59, Acc(5): 32.10
2023-06-19 16:42:33,263 - AUGCON - INFO - 	meta-train [7/10] Loss: 2.8008, Acc(1): 6.57, Acc(5): 32.13
2023-06-19 16:42:33,263 - AUGCON - INFO - 	meta-train [8/10] Loss: 2.8020, Acc(1): 6.63, Acc(5): 32.03
2023-06-19 16:42:33,263 - AUGCON - INFO - 	meta-train [9/10] Loss: 2.8006, Acc(1): 6.69, Acc(5): 32.06
2023-06-19 16:42:33,263 - AUGCON - INFO - Loading encoder parameters to the classifier
2023-06-19 16:42:33,263 - AUGCON - INFO - Missing keys: ['classifier.block.0.weight', 'classifier.block.0.bias']
2023-06-19 16:42:33,263 - AUGCON - INFO - Epoch [1/50]-(0/22) Loss: 2.7624, Acc(1): 0.00, Acc(5): 25.00
2023-06-19 16:42:33,263 - AUGCON - INFO - Epoch [1/50]-(5/22) Loss: 2.1088, Acc(1): 0.00, Acc(5): 75.00
2023-06-19 16:42:33,263 - AUGCON - INFO - Epoch [1/50]-(10/22) Loss: 2.4391, Acc(1): 0.00, Acc(5): 50.00
2023-06-19 16:42:33,263 - AUGCON - INFO - Epoch [1/50]-(15/22) Loss: 2.0422, Acc(1): 25.00, Acc(5): 75.00
2023-06-19 16:42:33,264 - AUGCON - INFO - Epoch [1/50]-(20/22) Loss: 2.3282, Acc(1): 0.00, Acc(5): 50.00
2023-06-19 16:42:33,264 - AUGCON - INFO - 	Validation Loss: 2.0811, Acc(1): 20.00, Acc(5): 86.00, F1: 0.05, Recall: 0.06, Precision: 0.04
2023-06-19 16:42:33,264 - AUGCON - INFO - Epoch [2/50]-(0/22) Loss: 2.1477, Acc(1): 0.00, Acc(5): 100.00
2023-06-19 16:42:33,264 - AUGCON - INFO - Epoch [2/50]-(5/22) Loss: 2.2334, Acc(1): 25.00, Acc(5): 50.00
2023-06-19 16:42:33,264 - AUGCON - INFO - Epoch [2/50]-(10/22) Loss: 2.1314, Acc(1): 25.00, Acc(5): 25.00
2023-06-19 16:42:33,264 - AUGCON - INFO - Epoch [2/50]-(15/22) Loss: 2.0549, Acc(1): 0.00, Acc(5): 75.00
2023-06-19 16:42:33,264 - AUGCON - INFO - Epoch [2/50]-(20/22) Loss: 2.1575, Acc(1): 25.00, Acc(5): 50.00
2023-06-19 16:42:33,264 - AUGCON - INFO - 	Validation Loss: 1.9340, Acc(1): 48.00, Acc(5): 81.00, F1: 0.11, Recall: 0.10, Precision: 0.11
2023-06-19 16:42:33,264 - AUGCON - INFO - Epoch [3/50]-(0/22) Loss: 1.8278, Acc(1): 50.00, Acc(5): 75.00
2023-06-19 16:42:33,264 - AUGCON - INFO - Epoch [3/50]-(5/22) Loss: 1.7091, Acc(1): 50.00, Acc(5): 100.00
2023-06-19 16:42:33,264 - AUGCON - INFO - Epoch [3/50]-(10/22) Loss: 2.1419, Acc(1): 0.00, Acc(5): 100.00
2023-06-19 16:42:33,264 - AUGCON - INFO - Epoch [3/50]-(15/22) Loss: 1.9062, Acc(1): 0.00, Acc(5): 100.00
2023-06-19 16:42:33,264 - AUGCON - INFO - Epoch [3/50]-(20/22) Loss: 1.7463, Acc(1): 25.00, Acc(5): 100.00
2023-06-19 16:42:33,264 - AUGCON - INFO - 	Validation Loss: 1.8142, Acc(1): 51.00, Acc(5): 93.00, F1: 0.15, Recall: 0.13, Precision: 0.17
2023-06-19 16:42:33,264 - AUGCON - INFO - Epoch [4/50]-(0/22) Loss: 1.6904, Acc(1): 50.00, Acc(5): 100.00
2023-06-19 16:42:33,264 - AUGCON - INFO - Epoch [4/50]-(5/22) Loss: 2.0879, Acc(1): 0.00, Acc(5): 100.00
2023-06-19 16:42:33,265 - AUGCON - INFO - Epoch [4/50]-(10/22) Loss: 1.7804, Acc(1): 25.00, Acc(5): 100.00
2023-06-19 16:42:33,265 - AUGCON - INFO - Epoch [4/50]-(15/22) Loss: 1.7509, Acc(1): 50.00, Acc(5): 100.00
2023-06-19 16:42:33,265 - AUGCON - INFO - Epoch [4/50]-(20/22) Loss: 1.7850, Acc(1): 25.00, Acc(5): 100.00
2023-06-19 16:42:33,265 - AUGCON - INFO - 	Validation Loss: 1.7297, Acc(1): 57.00, Acc(5): 97.00, F1: 0.13, Recall: 0.13, Precision: 0.14
2023-06-19 16:42:33,265 - AUGCON - INFO - Epoch [5/50]-(0/22) Loss: 1.7000, Acc(1): 75.00, Acc(5): 75.00
2023-06-19 16:42:33,265 - AUGCON - INFO - Epoch [5/50]-(5/22) Loss: 1.7466, Acc(1): 50.00, Acc(5): 100.00
2023-06-19 16:42:33,265 - AUGCON - INFO - Epoch [5/50]-(10/22) Loss: 1.5296, Acc(1): 75.00, Acc(5): 100.00
2023-06-19 16:42:33,265 - AUGCON - INFO - Epoch [5/50]-(15/22) Loss: 1.4598, Acc(1): 75.00, Acc(5): 100.00
2023-06-19 16:42:33,265 - AUGCON - INFO - Epoch [5/50]-(20/22) Loss: 2.1619, Acc(1): 0.00, Acc(5): 50.00
2023-06-19 16:42:33,265 - AUGCON - INFO - 	Validation Loss: 1.6549, Acc(1): 46.00, Acc(5): 95.00, F1: 0.12, Recall: 0.12, Precision: 0.12
2023-06-19 16:42:33,265 - AUGCON - INFO - Epoch [6/50]-(0/22) Loss: 1.7661, Acc(1): 50.00, Acc(5): 100.00
2023-06-19 16:42:33,265 - AUGCON - INFO - Epoch [6/50]-(5/22) Loss: 1.4742, Acc(1): 75.00, Acc(5): 100.00
2023-06-19 16:42:33,265 - AUGCON - INFO - Epoch [6/50]-(10/22) Loss: 2.1557, Acc(1): 25.00, Acc(5): 50.00
2023-06-19 16:42:33,265 - AUGCON - INFO - Epoch [6/50]-(15/22) Loss: 1.5019, Acc(1): 75.00, Acc(5): 100.00
2023-06-19 16:42:33,265 - AUGCON - INFO - Epoch [6/50]-(20/22) Loss: 1.7790, Acc(1): 50.00, Acc(5): 75.00
2023-06-19 16:42:33,266 - AUGCON - INFO - 	Validation Loss: 1.5882, Acc(1): 63.00, Acc(5): 93.00, F1: 0.16, Recall: 0.16, Precision: 0.15
2023-06-19 16:42:33,266 - AUGCON - INFO - Epoch [7/50]-(0/22) Loss: 1.9534, Acc(1): 25.00, Acc(5): 75.00
2023-06-19 16:42:33,266 - AUGCON - INFO - Epoch [7/50]-(5/22) Loss: 1.5562, Acc(1): 50.00, Acc(5): 100.00
2023-06-19 16:42:33,266 - AUGCON - INFO - Epoch [7/50]-(10/22) Loss: 1.5860, Acc(1): 25.00, Acc(5): 100.00
2023-06-19 16:42:33,266 - AUGCON - INFO - Epoch [7/50]-(15/22) Loss: 1.7043, Acc(1): 50.00, Acc(5): 100.00
2023-06-19 16:42:33,266 - AUGCON - INFO - Epoch [7/50]-(20/22) Loss: 1.3519, Acc(1): 75.00, Acc(5): 100.00
2023-06-19 16:42:33,266 - AUGCON - INFO - 	Validation Loss: 1.5416, Acc(1): 61.00, Acc(5): 98.00, F1: 0.15, Recall: 0.15, Precision: 0.15
2023-06-19 16:42:33,266 - AUGCON - INFO - Epoch [8/50]-(0/22) Loss: 1.2835, Acc(1): 75.00, Acc(5): 100.00
2023-06-19 16:42:33,266 - AUGCON - INFO - Epoch [8/50]-(5/22) Loss: 1.6166, Acc(1): 25.00, Acc(5): 100.00
2023-06-19 16:42:33,266 - AUGCON - INFO - Epoch [8/50]-(10/22) Loss: 1.7623, Acc(1): 50.00, Acc(5): 100.00
2023-06-19 16:42:33,266 - AUGCON - INFO - Epoch [8/50]-(15/22) Loss: 1.3604, Acc(1): 75.00, Acc(5): 100.00
2023-06-19 16:42:33,266 - AUGCON - INFO - Epoch [8/50]-(20/22) Loss: 1.8694, Acc(1): 25.00, Acc(5): 100.00
2023-06-19 16:42:33,266 - AUGCON - INFO - 	Validation Loss: 1.5094, Acc(1): 58.00, Acc(5): 95.00, F1: 0.15, Recall: 0.15, Precision: 0.16
2023-06-19 16:42:33,266 - AUGCON - INFO - Epoch [9/50]-(0/22) Loss: 1.5439, Acc(1): 25.00, Acc(5): 100.00
2023-06-19 16:42:33,266 - AUGCON - INFO - Epoch [9/50]-(5/22) Loss: 2.3482, Acc(1): 0.00, Acc(5): 75.00
2023-06-19 16:42:33,267 - AUGCON - INFO - Epoch [9/50]-(10/22) Loss: 1.7024, Acc(1): 25.00, Acc(5): 100.00
2023-06-19 16:42:33,267 - AUGCON - INFO - Epoch [9/50]-(15/22) Loss: 1.4849, Acc(1): 50.00, Acc(5): 100.00
2023-06-19 16:42:33,267 - AUGCON - INFO - Epoch [9/50]-(20/22) Loss: 1.6293, Acc(1): 50.00, Acc(5): 100.00
2023-06-19 16:42:33,267 - AUGCON - INFO - 	Validation Loss: 1.4621, Acc(1): 60.00, Acc(5): 96.00, F1: 0.14, Recall: 0.15, Precision: 0.13
2023-06-19 16:42:33,267 - AUGCON - INFO - Epoch [10/50]-(0/22) Loss: 1.3474, Acc(1): 75.00, Acc(5): 100.00
2023-06-19 16:42:33,267 - AUGCON - INFO - Epoch [10/50]-(5/22) Loss: 1.7035, Acc(1): 25.00, Acc(5): 100.00
2023-06-19 16:42:33,267 - AUGCON - INFO - Epoch [10/50]-(10/22) Loss: 1.3068, Acc(1): 75.00, Acc(5): 100.00
2023-06-19 16:42:33,267 - AUGCON - INFO - Epoch [10/50]-(15/22) Loss: 1.2354, Acc(1): 75.00, Acc(5): 100.00
2023-06-19 16:42:33,267 - AUGCON - INFO - Epoch [10/50]-(20/22) Loss: 1.3785, Acc(1): 50.00, Acc(5): 100.00
2023-06-19 16:42:33,267 - AUGCON - INFO - 	Validation Loss: 1.3975, Acc(1): 65.00, Acc(5): 94.00, F1: 0.16, Recall: 0.16, Precision: 0.17
2023-06-19 16:42:33,267 - AUGCON - INFO - Epoch [11/50]-(0/22) Loss: 1.4528, Acc(1): 50.00, Acc(5): 100.00
2023-06-19 16:42:33,267 - AUGCON - INFO - Epoch [11/50]-(5/22) Loss: 1.2242, Acc(1): 100.00, Acc(5): 100.00
2023-06-19 16:42:33,267 - AUGCON - INFO - Epoch [11/50]-(10/22) Loss: 1.2373, Acc(1): 50.00, Acc(5): 100.00
2023-06-19 16:42:33,267 - AUGCON - INFO - Epoch [11/50]-(15/22) Loss: 1.1300, Acc(1): 100.00, Acc(5): 100.00
2023-06-19 16:42:33,267 - AUGCON - INFO - Epoch [11/50]-(20/22) Loss: 1.1008, Acc(1): 75.00, Acc(5): 100.00
2023-06-19 16:42:33,267 - AUGCON - INFO - 	Validation Loss: 1.3283, Acc(1): 67.00, Acc(5): 98.00, F1: 0.16, Recall: 0.16, Precision: 0.16
2023-06-19 16:42:33,268 - AUGCON - INFO - Epoch [12/50]-(0/22) Loss: 0.9836, Acc(1): 75.00, Acc(5): 100.00
2023-06-19 16:42:33,268 - AUGCON - INFO - Epoch [12/50]-(5/22) Loss: 1.2926, Acc(1): 75.00, Acc(5): 100.00
2023-06-19 16:42:33,268 - AUGCON - INFO - Epoch [12/50]-(10/22) Loss: 1.3445, Acc(1): 50.00, Acc(5): 100.00
2023-06-19 16:42:33,268 - AUGCON - INFO - Epoch [12/50]-(15/22) Loss: 1.1491, Acc(1): 100.00, Acc(5): 100.00
2023-06-19 16:42:33,268 - AUGCON - INFO - Epoch [12/50]-(20/22) Loss: 1.1917, Acc(1): 75.00, Acc(5): 100.00
2023-06-19 16:42:33,268 - AUGCON - INFO - 	Validation Loss: 1.3117, Acc(1): 70.00, Acc(5): 96.00, F1: 0.17, Recall: 0.17, Precision: 0.17
2023-06-19 16:42:33,268 - AUGCON - INFO - Epoch [13/50]-(0/22) Loss: 2.0247, Acc(1): 0.00, Acc(5): 100.00
2023-06-19 16:42:33,268 - AUGCON - INFO - Epoch [13/50]-(5/22) Loss: 0.7704, Acc(1): 100.00, Acc(5): 100.00
2023-06-19 16:42:33,268 - AUGCON - INFO - Epoch [13/50]-(10/22) Loss: 1.3964, Acc(1): 75.00, Acc(5): 100.00
2023-06-19 16:42:33,268 - AUGCON - INFO - Epoch [13/50]-(15/22) Loss: 1.6890, Acc(1): 25.00, Acc(5): 100.00
2023-06-19 16:42:33,268 - AUGCON - INFO - Epoch [13/50]-(20/22) Loss: 1.3421, Acc(1): 75.00, Acc(5): 100.00
2023-06-19 16:42:33,268 - AUGCON - INFO - 	Validation Loss: 1.3554, Acc(1): 58.00, Acc(5): 95.00, F1: 0.13, Recall: 0.14, Precision: 0.12
2023-06-19 16:42:33,268 - AUGCON - INFO - Epoch [14/50]-(0/22) Loss: 1.4017, Acc(1): 50.00, Acc(5): 100.00
2023-06-19 16:42:33,268 - AUGCON - INFO - Epoch [14/50]-(5/22) Loss: 1.1772, Acc(1): 75.00, Acc(5): 100.00
2023-06-19 16:42:33,268 - AUGCON - INFO - Epoch [14/50]-(10/22) Loss: 1.8396, Acc(1): 25.00, Acc(5): 100.00
2023-06-19 16:42:33,269 - AUGCON - INFO - Epoch [14/50]-(15/22) Loss: 1.4054, Acc(1): 50.00, Acc(5): 100.00
2023-06-19 16:42:33,269 - AUGCON - INFO - Epoch [14/50]-(20/22) Loss: 1.3005, Acc(1): 50.00, Acc(5): 100.00
2023-06-19 16:42:33,269 - AUGCON - INFO - 	Validation Loss: 1.2628, Acc(1): 70.00, Acc(5): 96.00, F1: 0.17, Recall: 0.17, Precision: 0.17
2023-06-19 16:42:33,269 - AUGCON - INFO - Epoch [15/50]-(0/22) Loss: 1.3882, Acc(1): 50.00, Acc(5): 100.00
2023-06-19 16:42:33,269 - AUGCON - INFO - Epoch [15/50]-(5/22) Loss: 0.9736, Acc(1): 75.00, Acc(5): 100.00
2023-06-19 16:42:33,269 - AUGCON - INFO - Epoch [15/50]-(10/22) Loss: 0.8102, Acc(1): 100.00, Acc(5): 100.00
2023-06-19 16:42:33,269 - AUGCON - INFO - Epoch [15/50]-(15/22) Loss: 1.8384, Acc(1): 25.00, Acc(5): 100.00
2023-06-19 16:42:33,269 - AUGCON - INFO - Epoch [15/50]-(20/22) Loss: 1.1380, Acc(1): 50.00, Acc(5): 75.00
2023-06-19 16:42:33,269 - AUGCON - INFO - 	Validation Loss: 1.2405, Acc(1): 66.00, Acc(5): 96.00, F1: 0.17, Recall: 0.17, Precision: 0.16
2023-06-19 16:42:33,269 - AUGCON - INFO - Epoch [16/50]-(0/22) Loss: 1.3698, Acc(1): 50.00, Acc(5): 100.00
2023-06-19 16:42:33,269 - AUGCON - INFO - Epoch [16/50]-(5/22) Loss: 1.2311, Acc(1): 75.00, Acc(5): 100.00
2023-06-19 16:42:33,269 - AUGCON - INFO - Epoch [16/50]-(10/22) Loss: 1.3748, Acc(1): 25.00, Acc(5): 100.00
2023-06-19 16:42:33,269 - AUGCON - INFO - Epoch [16/50]-(15/22) Loss: 1.4721, Acc(1): 75.00, Acc(5): 100.00
2023-06-19 16:42:33,269 - AUGCON - INFO - Epoch [16/50]-(20/22) Loss: 1.3812, Acc(1): 25.00, Acc(5): 100.00
2023-06-19 16:42:33,269 - AUGCON - INFO - 	Validation Loss: 1.2803, Acc(1): 60.00, Acc(5): 97.00, F1: 0.14, Recall: 0.14, Precision: 0.13
2023-06-19 16:42:33,269 - AUGCON - INFO - Epoch [17/50]-(0/22) Loss: 0.9801, Acc(1): 75.00, Acc(5): 100.00
2023-06-19 16:42:33,270 - AUGCON - INFO - Epoch [17/50]-(5/22) Loss: 1.0728, Acc(1): 100.00, Acc(5): 100.00
2023-06-19 16:42:33,270 - AUGCON - INFO - Epoch [17/50]-(10/22) Loss: 0.7235, Acc(1): 100.00, Acc(5): 100.00
2023-06-19 16:42:33,270 - AUGCON - INFO - Epoch [17/50]-(15/22) Loss: 1.3629, Acc(1): 75.00, Acc(5): 100.00
2023-06-19 16:42:33,270 - AUGCON - INFO - Epoch [17/50]-(20/22) Loss: 1.4388, Acc(1): 50.00, Acc(5): 100.00
2023-06-19 16:42:33,270 - AUGCON - INFO - 	Validation Loss: 1.2034, Acc(1): 65.00, Acc(5): 94.00, F1: 0.17, Recall: 0.16, Precision: 0.18
2023-06-19 16:42:33,270 - AUGCON - INFO - Epoch [18/50]-(0/22) Loss: 0.9918, Acc(1): 75.00, Acc(5): 100.00
2023-06-19 16:42:33,270 - AUGCON - INFO - Epoch [18/50]-(5/22) Loss: 1.2214, Acc(1): 50.00, Acc(5): 100.00
2023-06-19 16:42:33,270 - AUGCON - INFO - Epoch [18/50]-(10/22) Loss: 1.5384, Acc(1): 50.00, Acc(5): 100.00
2023-06-19 16:42:33,270 - AUGCON - INFO - Epoch [18/50]-(15/22) Loss: 1.2267, Acc(1): 75.00, Acc(5): 100.00
2023-06-19 16:42:33,270 - AUGCON - INFO - Epoch [18/50]-(20/22) Loss: 1.0009, Acc(1): 50.00, Acc(5): 100.00
2023-06-19 16:42:33,270 - AUGCON - INFO - 	Validation Loss: 1.2286, Acc(1): 69.00, Acc(5): 94.00, F1: 0.17, Recall: 0.17, Precision: 0.17
2023-06-19 16:42:33,270 - AUGCON - INFO - Epoch [19/50]-(0/22) Loss: 1.6330, Acc(1): 25.00, Acc(5): 100.00
2023-06-19 16:42:33,270 - AUGCON - INFO - Epoch [19/50]-(5/22) Loss: 1.0225, Acc(1): 100.00, Acc(5): 100.00
2023-06-19 16:42:33,271 - AUGCON - INFO - Epoch [19/50]-(10/22) Loss: 1.5463, Acc(1): 50.00, Acc(5): 100.00
2023-06-19 16:42:33,271 - AUGCON - INFO - Epoch [19/50]-(15/22) Loss: 0.8568, Acc(1): 100.00, Acc(5): 100.00
2023-06-19 16:42:33,271 - AUGCON - INFO - Epoch [19/50]-(20/22) Loss: 1.2977, Acc(1): 50.00, Acc(5): 100.00
2023-06-19 16:42:33,271 - AUGCON - INFO - 	Validation Loss: 1.1726, Acc(1): 66.00, Acc(5): 97.00, F1: 0.16, Recall: 0.17, Precision: 0.16
2023-06-19 16:42:33,271 - AUGCON - INFO - Epoch [20/50]-(0/22) Loss: 0.9147, Acc(1): 75.00, Acc(5): 100.00
2023-06-19 16:42:33,271 - AUGCON - INFO - Epoch [20/50]-(5/22) Loss: 1.0166, Acc(1): 75.00, Acc(5): 100.00
2023-06-19 16:42:33,271 - AUGCON - INFO - Epoch [20/50]-(10/22) Loss: 1.3605, Acc(1): 50.00, Acc(5): 100.00
2023-06-19 16:42:33,271 - AUGCON - INFO - Epoch [20/50]-(15/22) Loss: 1.3969, Acc(1): 50.00, Acc(5): 100.00
2023-06-19 16:42:33,271 - AUGCON - INFO - Epoch [20/50]-(20/22) Loss: 0.8545, Acc(1): 100.00, Acc(5): 100.00
2023-06-19 16:42:33,271 - AUGCON - INFO - 	Validation Loss: 1.1742, Acc(1): 70.00, Acc(5): 98.00, F1: 0.17, Recall: 0.17, Precision: 0.17
2023-06-19 16:42:33,271 - AUGCON - INFO - Epoch [21/50]-(0/22) Loss: 1.2890, Acc(1): 50.00, Acc(5): 100.00
2023-06-19 16:42:33,271 - AUGCON - INFO - Epoch [21/50]-(5/22) Loss: 1.1543, Acc(1): 50.00, Acc(5): 100.00
2023-06-19 16:42:33,272 - AUGCON - INFO - Epoch [21/50]-(10/22) Loss: 1.0729, Acc(1): 75.00, Acc(5): 100.00
2023-06-19 16:42:33,272 - AUGCON - INFO - Epoch [21/50]-(15/22) Loss: 1.0174, Acc(1): 75.00, Acc(5): 100.00
2023-06-19 16:42:33,272 - AUGCON - INFO - Epoch [21/50]-(20/22) Loss: 1.4074, Acc(1): 50.00, Acc(5): 100.00
2023-06-19 16:42:33,272 - AUGCON - INFO - 	Validation Loss: 1.1298, Acc(1): 66.00, Acc(5): 98.00, F1: 0.16, Recall: 0.17, Precision: 0.16
2023-06-19 16:42:33,272 - AUGCON - INFO - Epoch [22/50]-(0/22) Loss: 0.8900, Acc(1): 100.00, Acc(5): 100.00
2023-06-19 16:42:33,272 - AUGCON - INFO - Epoch [22/50]-(5/22) Loss: 1.0901, Acc(1): 50.00, Acc(5): 100.00
2023-06-19 16:42:33,272 - AUGCON - INFO - Epoch [22/50]-(10/22) Loss: 1.2877, Acc(1): 75.00, Acc(5): 100.00
2023-06-19 16:42:33,272 - AUGCON - INFO - Epoch [22/50]-(15/22) Loss: 1.2275, Acc(1): 75.00, Acc(5): 100.00
2023-06-19 16:42:33,272 - AUGCON - INFO - Epoch [22/50]-(20/22) Loss: 1.2282, Acc(1): 50.00, Acc(5): 100.00
2023-06-19 16:42:33,272 - AUGCON - INFO - 	Validation Loss: 1.1945, Acc(1): 67.00, Acc(5): 97.00, F1: 0.16, Recall: 0.17, Precision: 0.16
2023-06-19 16:42:33,272 - AUGCON - INFO - Epoch [23/50]-(0/22) Loss: 1.6854, Acc(1): 75.00, Acc(5): 100.00
2023-06-19 16:42:33,272 - AUGCON - INFO - Epoch [23/50]-(5/22) Loss: 0.8326, Acc(1): 100.00, Acc(5): 100.00
2023-06-19 16:42:33,272 - AUGCON - INFO - Epoch [23/50]-(10/22) Loss: 1.1626, Acc(1): 75.00, Acc(5): 100.00
2023-06-19 16:42:33,273 - AUGCON - INFO - Epoch [23/50]-(15/22) Loss: 1.4778, Acc(1): 50.00, Acc(5): 100.00
2023-06-19 16:42:33,273 - AUGCON - INFO - Epoch [23/50]-(20/22) Loss: 1.0594, Acc(1): 75.00, Acc(5): 100.00
2023-06-19 16:42:33,273 - AUGCON - INFO - 	Validation Loss: 1.1072, Acc(1): 67.00, Acc(5): 96.00, F1: 0.17, Recall: 0.17, Precision: 0.16
2023-06-19 16:42:33,273 - AUGCON - INFO - Epoch [24/50]-(0/22) Loss: 1.1997, Acc(1): 75.00, Acc(5): 100.00
2023-06-19 16:42:33,273 - AUGCON - INFO - Epoch [24/50]-(5/22) Loss: 0.9417, Acc(1): 100.00, Acc(5): 100.00
2023-06-19 16:42:33,273 - AUGCON - INFO - Epoch [24/50]-(10/22) Loss: 1.5507, Acc(1): 25.00, Acc(5): 100.00
2023-06-19 16:42:33,273 - AUGCON - INFO - Epoch [24/50]-(15/22) Loss: 1.1740, Acc(1): 75.00, Acc(5): 100.00
2023-06-19 16:42:33,273 - AUGCON - INFO - Epoch [24/50]-(20/22) Loss: 1.3127, Acc(1): 50.00, Acc(5): 100.00
2023-06-19 16:42:33,273 - AUGCON - INFO - 	Validation Loss: 1.1529, Acc(1): 66.00, Acc(5): 96.00, F1: 0.17, Recall: 0.17, Precision: 0.16
2023-06-19 16:42:33,273 - AUGCON - INFO - Epoch [25/50]-(0/22) Loss: 1.1595, Acc(1): 50.00, Acc(5): 75.00
2023-06-19 16:42:33,273 - AUGCON - INFO - Epoch [25/50]-(5/22) Loss: 1.2841, Acc(1): 50.00, Acc(5): 100.00
2023-06-19 16:42:33,274 - AUGCON - INFO - Epoch [25/50]-(10/22) Loss: 1.2566, Acc(1): 50.00, Acc(5): 100.00
2023-06-19 16:42:33,274 - AUGCON - INFO - Epoch [25/50]-(15/22) Loss: 0.7631, Acc(1): 75.00, Acc(5): 100.00
2023-06-19 16:42:33,274 - AUGCON - INFO - Epoch [25/50]-(20/22) Loss: 0.6899, Acc(1): 100.00, Acc(5): 100.00
2023-06-19 16:42:33,274 - AUGCON - INFO - 	Validation Loss: 1.1096, Acc(1): 66.00, Acc(5): 97.00, F1: 0.16, Recall: 0.16, Precision: 0.16
2023-06-19 16:42:33,274 - AUGCON - INFO - Epoch [26/50]-(0/22) Loss: 1.1265, Acc(1): 75.00, Acc(5): 100.00
2023-06-19 16:42:33,274 - AUGCON - INFO - Epoch [26/50]-(5/22) Loss: 1.2965, Acc(1): 50.00, Acc(5): 100.00
2023-06-19 16:42:33,274 - AUGCON - INFO - Epoch [26/50]-(10/22) Loss: 1.3788, Acc(1): 50.00, Acc(5): 100.00
2023-06-19 16:42:33,274 - AUGCON - INFO - Epoch [26/50]-(15/22) Loss: 1.2133, Acc(1): 50.00, Acc(5): 100.00
2023-06-19 16:42:33,274 - AUGCON - INFO - Epoch [26/50]-(20/22) Loss: 0.8207, Acc(1): 75.00, Acc(5): 100.00
2023-06-19 16:42:33,274 - AUGCON - INFO - 	Validation Loss: 1.0833, Acc(1): 69.00, Acc(5): 96.00, F1: 0.17, Recall: 0.17, Precision: 0.17
2023-06-19 16:42:33,274 - AUGCON - INFO - Epoch [27/50]-(0/22) Loss: 1.9463, Acc(1): 0.00, Acc(5): 100.00
2023-06-19 16:42:33,275 - AUGCON - INFO - Epoch [27/50]-(5/22) Loss: 1.0727, Acc(1): 100.00, Acc(5): 100.00
2023-06-19 16:42:33,275 - AUGCON - INFO - Epoch [27/50]-(10/22) Loss: 0.6343, Acc(1): 100.00, Acc(5): 100.00
2023-06-19 16:42:33,275 - AUGCON - INFO - Epoch [27/50]-(15/22) Loss: 0.7141, Acc(1): 100.00, Acc(5): 100.00
2023-06-19 16:42:33,275 - AUGCON - INFO - Epoch [27/50]-(20/22) Loss: 1.1054, Acc(1): 75.00, Acc(5): 100.00
2023-06-19 16:42:33,275 - AUGCON - INFO - 	Validation Loss: 1.0577, Acc(1): 69.00, Acc(5): 96.00, F1: 0.17, Recall: 0.17, Precision: 0.17
2023-06-19 16:42:33,275 - AUGCON - INFO - Epoch [28/50]-(0/22) Loss: 0.9148, Acc(1): 75.00, Acc(5): 100.00
2023-06-19 16:42:33,275 - AUGCON - INFO - Epoch [28/50]-(5/22) Loss: 1.2287, Acc(1): 75.00, Acc(5): 100.00
2023-06-19 16:42:33,275 - AUGCON - INFO - Epoch [28/50]-(10/22) Loss: 1.2069, Acc(1): 25.00, Acc(5): 100.00
2023-06-19 16:42:33,275 - AUGCON - INFO - Epoch [28/50]-(15/22) Loss: 0.6045, Acc(1): 75.00, Acc(5): 100.00
2023-06-19 16:42:33,275 - AUGCON - INFO - Epoch [28/50]-(20/22) Loss: 1.0523, Acc(1): 50.00, Acc(5): 100.00
2023-06-19 16:42:33,275 - AUGCON - INFO - 	Validation Loss: 1.0599, Acc(1): 66.00, Acc(5): 95.00, F1: 0.16, Recall: 0.17, Precision: 0.16
2023-06-19 16:42:33,276 - AUGCON - INFO - Epoch [29/50]-(0/22) Loss: 1.0579, Acc(1): 50.00, Acc(5): 100.00
2023-06-19 16:42:33,276 - AUGCON - INFO - Epoch [29/50]-(5/22) Loss: 1.4357, Acc(1): 50.00, Acc(5): 100.00
2023-06-19 16:42:33,276 - AUGCON - INFO - Epoch [29/50]-(10/22) Loss: 0.6391, Acc(1): 100.00, Acc(5): 100.00
2023-06-19 16:42:33,276 - AUGCON - INFO - Epoch [29/50]-(15/22) Loss: 1.3756, Acc(1): 50.00, Acc(5): 100.00
2023-06-19 16:42:33,276 - AUGCON - INFO - Epoch [29/50]-(20/22) Loss: 0.8982, Acc(1): 100.00, Acc(5): 100.00
2023-06-19 16:42:33,276 - AUGCON - INFO - 	Validation Loss: 1.0768, Acc(1): 68.00, Acc(5): 96.00, F1: 0.17, Recall: 0.17, Precision: 0.16
2023-06-19 16:42:33,276 - AUGCON - INFO - Epoch [30/50]-(0/22) Loss: 0.8359, Acc(1): 75.00, Acc(5): 100.00
2023-06-19 16:42:33,276 - AUGCON - INFO - Epoch [30/50]-(5/22) Loss: 1.3720, Acc(1): 25.00, Acc(5): 100.00
2023-06-19 16:42:33,276 - AUGCON - INFO - Epoch [30/50]-(10/22) Loss: 1.7037, Acc(1): 25.00, Acc(5): 100.00
2023-06-19 16:42:33,276 - AUGCON - INFO - Epoch [30/50]-(15/22) Loss: 1.2991, Acc(1): 75.00, Acc(5): 100.00
2023-06-19 16:42:33,276 - AUGCON - INFO - Epoch [30/50]-(20/22) Loss: 1.1290, Acc(1): 50.00, Acc(5): 100.00
2023-06-19 16:42:33,276 - AUGCON - INFO - 	Validation Loss: 1.0545, Acc(1): 69.00, Acc(5): 95.00, F1: 0.17, Recall: 0.17, Precision: 0.16
2023-06-19 16:42:33,277 - AUGCON - INFO - Epoch [31/50]-(0/22) Loss: 1.0960, Acc(1): 75.00, Acc(5): 100.00
2023-06-19 16:42:33,277 - AUGCON - INFO - Epoch [31/50]-(5/22) Loss: 0.5906, Acc(1): 75.00, Acc(5): 100.00
2023-06-19 16:42:33,277 - AUGCON - INFO - Epoch [31/50]-(10/22) Loss: 0.6806, Acc(1): 100.00, Acc(5): 100.00
2023-06-19 16:42:33,277 - AUGCON - INFO - Epoch [31/50]-(15/22) Loss: 1.1705, Acc(1): 50.00, Acc(5): 100.00
2023-06-19 16:42:33,277 - AUGCON - INFO - Epoch [31/50]-(20/22) Loss: 1.2802, Acc(1): 50.00, Acc(5): 100.00
2023-06-19 16:42:33,277 - AUGCON - INFO - 	Validation Loss: 1.0493, Acc(1): 68.00, Acc(5): 97.00, F1: 0.16, Recall: 0.16, Precision: 0.16
2023-06-19 16:42:33,277 - AUGCON - INFO - Epoch [32/50]-(0/22) Loss: 0.5509, Acc(1): 100.00, Acc(5): 100.00
2023-06-19 16:42:33,277 - AUGCON - INFO - Epoch [32/50]-(5/22) Loss: 0.5798, Acc(1): 100.00, Acc(5): 100.00
2023-06-19 16:42:33,277 - AUGCON - INFO - Epoch [32/50]-(10/22) Loss: 0.4659, Acc(1): 100.00, Acc(5): 100.00
2023-06-19 16:42:33,277 - AUGCON - INFO - Epoch [32/50]-(15/22) Loss: 1.1168, Acc(1): 50.00, Acc(5): 100.00
2023-06-19 16:42:33,277 - AUGCON - INFO - Epoch [32/50]-(20/22) Loss: 0.4996, Acc(1): 100.00, Acc(5): 100.00
2023-06-19 16:42:33,278 - AUGCON - INFO - 	Validation Loss: 1.0408, Acc(1): 66.00, Acc(5): 97.00, F1: 0.16, Recall: 0.17, Precision: 0.16
2023-06-19 16:42:33,278 - AUGCON - INFO - Epoch [33/50]-(0/22) Loss: 1.1283, Acc(1): 100.00, Acc(5): 100.00
2023-06-19 16:42:33,278 - AUGCON - INFO - Epoch [33/50]-(5/22) Loss: 1.3097, Acc(1): 50.00, Acc(5): 100.00
2023-06-19 16:42:33,278 - AUGCON - INFO - Epoch [33/50]-(10/22) Loss: 0.4835, Acc(1): 100.00, Acc(5): 100.00
2023-06-19 16:42:33,278 - AUGCON - INFO - Epoch [33/50]-(15/22) Loss: 1.4865, Acc(1): 25.00, Acc(5): 100.00
2023-06-19 16:42:33,278 - AUGCON - INFO - Epoch [33/50]-(20/22) Loss: 0.8276, Acc(1): 75.00, Acc(5): 100.00
2023-06-19 16:42:33,278 - AUGCON - INFO - 	Validation Loss: 0.9803, Acc(1): 69.00, Acc(5): 98.00, F1: 0.17, Recall: 0.17, Precision: 0.17
2023-06-19 16:42:33,278 - AUGCON - INFO - Epoch [34/50]-(0/22) Loss: 0.4072, Acc(1): 100.00, Acc(5): 100.00
2023-06-19 16:42:33,278 - AUGCON - INFO - Epoch [34/50]-(5/22) Loss: 1.2516, Acc(1): 50.00, Acc(5): 100.00
2023-06-19 16:42:33,278 - AUGCON - INFO - Epoch [34/50]-(10/22) Loss: 1.2485, Acc(1): 50.00, Acc(5): 100.00
2023-06-19 16:42:33,278 - AUGCON - INFO - Epoch [34/50]-(15/22) Loss: 1.3969, Acc(1): 50.00, Acc(5): 100.00
2023-06-19 16:42:33,278 - AUGCON - INFO - Epoch [34/50]-(20/22) Loss: 1.1655, Acc(1): 75.00, Acc(5): 100.00
2023-06-19 16:42:33,279 - AUGCON - INFO - 	Validation Loss: 1.0210, Acc(1): 69.00, Acc(5): 96.00, F1: 0.17, Recall: 0.17, Precision: 0.17
2023-06-19 16:42:33,279 - AUGCON - INFO - Epoch [35/50]-(0/22) Loss: 0.8093, Acc(1): 75.00, Acc(5): 100.00
2023-06-19 16:42:33,279 - AUGCON - INFO - Epoch [35/50]-(5/22) Loss: 1.3703, Acc(1): 50.00, Acc(5): 100.00
2023-06-19 16:42:33,279 - AUGCON - INFO - Epoch [35/50]-(10/22) Loss: 0.7820, Acc(1): 100.00, Acc(5): 100.00
2023-06-19 16:42:33,279 - AUGCON - INFO - Epoch [35/50]-(15/22) Loss: 1.1509, Acc(1): 25.00, Acc(5): 100.00
2023-06-19 16:42:33,279 - AUGCON - INFO - Epoch [35/50]-(20/22) Loss: 1.0811, Acc(1): 75.00, Acc(5): 100.00
2023-06-19 16:42:33,279 - AUGCON - INFO - 	Validation Loss: 1.0159, Acc(1): 68.00, Acc(5): 98.00, F1: 0.16, Recall: 0.17, Precision: 0.16
2023-06-19 16:42:33,279 - AUGCON - INFO - Epoch [36/50]-(0/22) Loss: 0.6724, Acc(1): 100.00, Acc(5): 100.00
2023-06-19 16:42:33,279 - AUGCON - INFO - Epoch [36/50]-(5/22) Loss: 1.2463, Acc(1): 50.00, Acc(5): 100.00
2023-06-19 16:42:33,279 - AUGCON - INFO - Epoch [36/50]-(10/22) Loss: 1.0389, Acc(1): 100.00, Acc(5): 100.00
2023-06-19 16:42:33,279 - AUGCON - INFO - Epoch [36/50]-(15/22) Loss: 1.2471, Acc(1): 50.00, Acc(5): 100.00
2023-06-19 16:42:33,279 - AUGCON - INFO - Epoch [36/50]-(20/22) Loss: 0.7263, Acc(1): 100.00, Acc(5): 100.00
2023-06-19 16:42:33,280 - AUGCON - INFO - 	Validation Loss: 1.0402, Acc(1): 70.00, Acc(5): 98.00, F1: 0.17, Recall: 0.17, Precision: 0.17
2023-06-19 16:42:33,280 - AUGCON - INFO - Epoch [37/50]-(0/22) Loss: 0.9296, Acc(1): 50.00, Acc(5): 100.00
2023-06-19 16:42:33,280 - AUGCON - INFO - Epoch [37/50]-(5/22) Loss: 0.7220, Acc(1): 75.00, Acc(5): 100.00
2023-06-19 16:42:33,280 - AUGCON - INFO - Epoch [37/50]-(10/22) Loss: 1.3400, Acc(1): 0.00, Acc(5): 100.00
2023-06-19 16:42:33,280 - AUGCON - INFO - Epoch [37/50]-(15/22) Loss: 0.9944, Acc(1): 75.00, Acc(5): 100.00
2023-06-19 16:42:33,280 - AUGCON - INFO - Epoch [37/50]-(20/22) Loss: 0.8326, Acc(1): 75.00, Acc(5): 100.00
2023-06-19 16:42:33,280 - AUGCON - INFO - 	Validation Loss: 1.0479, Acc(1): 65.00, Acc(5): 94.00, F1: 0.16, Recall: 0.17, Precision: 0.16
2023-06-19 16:42:33,280 - AUGCON - INFO - Epoch [38/50]-(0/22) Loss: 1.3944, Acc(1): 25.00, Acc(5): 100.00
2023-06-19 16:42:33,280 - AUGCON - INFO - Epoch [38/50]-(5/22) Loss: 0.9985, Acc(1): 75.00, Acc(5): 100.00
2023-06-19 16:42:33,280 - AUGCON - INFO - Epoch [38/50]-(10/22) Loss: 0.4761, Acc(1): 100.00, Acc(5): 100.00
2023-06-19 16:42:33,280 - AUGCON - INFO - Epoch [38/50]-(15/22) Loss: 1.2232, Acc(1): 75.00, Acc(5): 100.00
2023-06-19 16:42:33,281 - AUGCON - INFO - Epoch [38/50]-(20/22) Loss: 0.8441, Acc(1): 75.00, Acc(5): 100.00
2023-06-19 16:42:33,281 - AUGCON - INFO - 	Validation Loss: 0.9734, Acc(1): 72.00, Acc(5): 99.00, F1: 0.17, Recall: 0.18, Precision: 0.17
2023-06-19 16:42:33,281 - AUGCON - INFO - Epoch [39/50]-(0/22) Loss: 0.7486, Acc(1): 100.00, Acc(5): 100.00
2023-06-19 16:42:33,281 - AUGCON - INFO - Epoch [39/50]-(5/22) Loss: 0.7457, Acc(1): 100.00, Acc(5): 100.00
2023-06-19 16:42:33,281 - AUGCON - INFO - Epoch [39/50]-(10/22) Loss: 1.3499, Acc(1): 50.00, Acc(5): 100.00
2023-06-19 16:42:33,281 - AUGCON - INFO - Epoch [39/50]-(15/22) Loss: 1.1118, Acc(1): 50.00, Acc(5): 100.00
2023-06-19 16:42:33,281 - AUGCON - INFO - Epoch [39/50]-(20/22) Loss: 1.4063, Acc(1): 25.00, Acc(5): 100.00
2023-06-19 16:42:33,281 - AUGCON - INFO - 	Validation Loss: 1.0101, Acc(1): 67.00, Acc(5): 98.00, F1: 0.17, Recall: 0.17, Precision: 0.16
2023-06-19 16:42:33,281 - AUGCON - INFO - Epoch [40/50]-(0/22) Loss: 0.9311, Acc(1): 75.00, Acc(5): 100.00
2023-06-19 16:42:33,281 - AUGCON - INFO - Epoch [40/50]-(5/22) Loss: 1.1349, Acc(1): 75.00, Acc(5): 100.00
2023-06-19 16:42:33,281 - AUGCON - INFO - Epoch [40/50]-(10/22) Loss: 0.8269, Acc(1): 100.00, Acc(5): 100.00
2023-06-19 16:42:33,281 - AUGCON - INFO - Epoch [40/50]-(15/22) Loss: 0.6687, Acc(1): 100.00, Acc(5): 100.00
2023-06-19 16:42:33,281 - AUGCON - INFO - Epoch [40/50]-(20/22) Loss: 0.8032, Acc(1): 75.00, Acc(5): 100.00
2023-06-19 16:42:33,282 - AUGCON - INFO - 	Validation Loss: 0.9928, Acc(1): 69.00, Acc(5): 99.00, F1: 0.17, Recall: 0.17, Precision: 0.16
2023-06-19 16:42:33,282 - AUGCON - INFO - Epoch [41/50]-(0/22) Loss: 1.1071, Acc(1): 75.00, Acc(5): 100.00
2023-06-19 16:42:33,282 - AUGCON - INFO - Epoch [41/50]-(5/22) Loss: 0.7811, Acc(1): 75.00, Acc(5): 100.00
2023-06-19 16:42:33,282 - AUGCON - INFO - Epoch [41/50]-(10/22) Loss: 1.1286, Acc(1): 75.00, Acc(5): 100.00
2023-06-19 16:42:33,282 - AUGCON - INFO - Epoch [41/50]-(15/22) Loss: 0.8580, Acc(1): 75.00, Acc(5): 100.00
2023-06-19 16:42:33,282 - AUGCON - INFO - Epoch [41/50]-(20/22) Loss: 1.0080, Acc(1): 75.00, Acc(5): 100.00
2023-06-19 16:42:33,282 - AUGCON - INFO - 	Validation Loss: 0.9803, Acc(1): 71.00, Acc(5): 98.00, F1: 0.17, Recall: 0.18, Precision: 0.17
2023-06-19 16:42:33,282 - AUGCON - INFO - Epoch [42/50]-(0/22) Loss: 1.2103, Acc(1): 75.00, Acc(5): 100.00
2023-06-19 16:42:33,282 - AUGCON - INFO - Epoch [42/50]-(5/22) Loss: 1.0702, Acc(1): 50.00, Acc(5): 100.00
2023-06-19 16:42:33,283 - AUGCON - INFO - Epoch [42/50]-(10/22) Loss: 0.8711, Acc(1): 50.00, Acc(5): 100.00
2023-06-19 16:42:33,283 - AUGCON - INFO - Epoch [42/50]-(15/22) Loss: 0.5525, Acc(1): 100.00, Acc(5): 100.00
2023-06-19 16:42:33,283 - AUGCON - INFO - Epoch [42/50]-(20/22) Loss: 0.7128, Acc(1): 75.00, Acc(5): 100.00
2023-06-19 16:42:33,283 - AUGCON - INFO - 	Validation Loss: 0.9736, Acc(1): 70.00, Acc(5): 96.00, F1: 0.17, Recall: 0.17, Precision: 0.17
2023-06-19 16:42:33,283 - AUGCON - INFO - Epoch [43/50]-(0/22) Loss: 0.7881, Acc(1): 75.00, Acc(5): 100.00
2023-06-19 16:42:33,283 - AUGCON - INFO - Epoch [43/50]-(5/22) Loss: 1.3705, Acc(1): 25.00, Acc(5): 100.00
2023-06-19 16:42:33,283 - AUGCON - INFO - Epoch [43/50]-(10/22) Loss: 0.4861, Acc(1): 100.00, Acc(5): 100.00
2023-06-19 16:42:33,283 - AUGCON - INFO - Epoch [43/50]-(15/22) Loss: 0.9781, Acc(1): 50.00, Acc(5): 100.00
2023-06-19 16:42:33,283 - AUGCON - INFO - Epoch [43/50]-(20/22) Loss: 1.0495, Acc(1): 75.00, Acc(5): 100.00
2023-06-19 16:42:33,283 - AUGCON - INFO - 	Validation Loss: 0.9852, Acc(1): 72.00, Acc(5): 97.00, F1: 0.17, Recall: 0.18, Precision: 0.17
2023-06-19 16:42:33,284 - AUGCON - INFO - Epoch [44/50]-(0/22) Loss: 0.8921, Acc(1): 75.00, Acc(5): 100.00
2023-06-19 16:42:33,284 - AUGCON - INFO - Epoch [44/50]-(5/22) Loss: 0.5813, Acc(1): 75.00, Acc(5): 100.00
2023-06-19 16:42:33,284 - AUGCON - INFO - Epoch [44/50]-(10/22) Loss: 0.8404, Acc(1): 50.00, Acc(5): 100.00
2023-06-19 16:42:33,284 - AUGCON - INFO - Epoch [44/50]-(15/22) Loss: 0.7078, Acc(1): 75.00, Acc(5): 100.00
2023-06-19 16:42:33,284 - AUGCON - INFO - Epoch [44/50]-(20/22) Loss: 1.3736, Acc(1): 50.00, Acc(5): 100.00
2023-06-19 16:42:33,284 - AUGCON - INFO - 	Validation Loss: 1.0500, Acc(1): 66.00, Acc(5): 94.00, F1: 0.16, Recall: 0.18, Precision: 0.15
2023-06-19 16:42:33,284 - AUGCON - INFO - Epoch [45/50]-(0/22) Loss: 1.0570, Acc(1): 50.00, Acc(5): 100.00
2023-06-19 16:42:33,284 - AUGCON - INFO - Epoch [45/50]-(5/22) Loss: 1.2078, Acc(1): 75.00, Acc(5): 100.00
2023-06-19 16:42:33,284 - AUGCON - INFO - Epoch [45/50]-(10/22) Loss: 1.8827, Acc(1): 25.00, Acc(5): 100.00
2023-06-19 16:42:33,285 - AUGCON - INFO - Epoch [45/50]-(15/22) Loss: 0.9399, Acc(1): 75.00, Acc(5): 100.00
2023-06-19 16:42:33,285 - AUGCON - INFO - Epoch [45/50]-(20/22) Loss: 1.0962, Acc(1): 50.00, Acc(5): 100.00
2023-06-19 16:42:33,285 - AUGCON - INFO - 	Validation Loss: 0.9421, Acc(1): 70.00, Acc(5): 98.00, F1: 0.17, Recall: 0.17, Precision: 0.16
2023-06-19 16:42:33,285 - AUGCON - INFO - Epoch [46/50]-(0/22) Loss: 1.0667, Acc(1): 50.00, Acc(5): 100.00
2023-06-19 16:42:33,285 - AUGCON - INFO - Epoch [46/50]-(5/22) Loss: 0.9743, Acc(1): 75.00, Acc(5): 100.00
2023-06-19 16:42:33,285 - AUGCON - INFO - Epoch [46/50]-(10/22) Loss: 0.9159, Acc(1): 50.00, Acc(5): 100.00
2023-06-19 16:42:33,286 - AUGCON - INFO - Epoch [46/50]-(15/22) Loss: 0.9393, Acc(1): 100.00, Acc(5): 100.00
2023-06-19 16:42:33,286 - AUGCON - INFO - Epoch [46/50]-(20/22) Loss: 1.0283, Acc(1): 75.00, Acc(5): 100.00
2023-06-19 16:42:33,286 - AUGCON - INFO - 	Validation Loss: 0.9691, Acc(1): 68.00, Acc(5): 98.00, F1: 0.17, Recall: 0.17, Precision: 0.16
2023-06-19 16:42:33,286 - AUGCON - INFO - Epoch [47/50]-(0/22) Loss: 1.3299, Acc(1): 25.00, Acc(5): 100.00
2023-06-19 16:42:33,287 - AUGCON - INFO - Epoch [47/50]-(5/22) Loss: 0.9317, Acc(1): 75.00, Acc(5): 100.00
2023-06-19 16:42:33,287 - AUGCON - INFO - Epoch [47/50]-(10/22) Loss: 0.2797, Acc(1): 100.00, Acc(5): 100.00
2023-06-19 16:42:33,287 - AUGCON - INFO - Epoch [47/50]-(15/22) Loss: 0.7848, Acc(1): 100.00, Acc(5): 100.00
2023-06-19 16:42:33,287 - AUGCON - INFO - Epoch [47/50]-(20/22) Loss: 1.4928, Acc(1): 50.00, Acc(5): 100.00
2023-06-19 16:42:33,287 - AUGCON - INFO - 	Validation Loss: 0.9403, Acc(1): 70.00, Acc(5): 98.00, F1: 0.17, Recall: 0.18, Precision: 0.17
2023-06-19 16:42:33,287 - AUGCON - INFO - Epoch [48/50]-(0/22) Loss: 0.9316, Acc(1): 50.00, Acc(5): 100.00
2023-06-19 16:42:33,287 - AUGCON - INFO - Epoch [48/50]-(5/22) Loss: 0.5915, Acc(1): 75.00, Acc(5): 100.00
2023-06-19 16:42:33,287 - AUGCON - INFO - Epoch [48/50]-(10/22) Loss: 0.6092, Acc(1): 100.00, Acc(5): 100.00
2023-06-19 16:42:33,288 - AUGCON - INFO - Epoch [48/50]-(15/22) Loss: 0.5676, Acc(1): 100.00, Acc(5): 100.00
2023-06-19 16:42:33,288 - AUGCON - INFO - Epoch [48/50]-(20/22) Loss: 0.9693, Acc(1): 75.00, Acc(5): 100.00
2023-06-19 16:42:33,288 - AUGCON - INFO - 	Validation Loss: 0.9233, Acc(1): 75.00, Acc(5): 96.00, F1: 0.19, Recall: 0.19, Precision: 0.19
2023-06-19 16:42:33,288 - AUGCON - INFO - Epoch [49/50]-(0/22) Loss: 1.3283, Acc(1): 25.00, Acc(5): 100.00
2023-06-19 16:42:33,288 - AUGCON - INFO - Epoch [49/50]-(5/22) Loss: 0.6996, Acc(1): 75.00, Acc(5): 100.00
2023-06-19 16:42:33,288 - AUGCON - INFO - Epoch [49/50]-(10/22) Loss: 0.5918, Acc(1): 75.00, Acc(5): 100.00
2023-06-19 16:42:33,288 - AUGCON - INFO - Epoch [49/50]-(15/22) Loss: 0.6421, Acc(1): 100.00, Acc(5): 100.00
2023-06-19 16:42:33,288 - AUGCON - INFO - Epoch [49/50]-(20/22) Loss: 1.3887, Acc(1): 25.00, Acc(5): 100.00
2023-06-19 16:42:33,288 - AUGCON - INFO - 	Validation Loss: 0.9537, Acc(1): 68.00, Acc(5): 98.00, F1: 0.17, Recall: 0.17, Precision: 0.16
2023-06-19 16:42:33,289 - AUGCON - INFO - Epoch [50/50]-(0/22) Loss: 0.9274, Acc(1): 75.00, Acc(5): 100.00
2023-06-19 16:42:33,289 - AUGCON - INFO - Epoch [50/50]-(5/22) Loss: 0.8625, Acc(1): 75.00, Acc(5): 100.00
2023-06-19 16:42:33,289 - AUGCON - INFO - Epoch [50/50]-(10/22) Loss: 1.0779, Acc(1): 75.00, Acc(5): 100.00
2023-06-19 16:42:33,289 - AUGCON - INFO - Epoch [50/50]-(15/22) Loss: 1.5005, Acc(1): 25.00, Acc(5): 100.00
2023-06-19 16:42:33,289 - AUGCON - INFO - Epoch [50/50]-(20/22) Loss: 0.5724, Acc(1): 75.00, Acc(5): 100.00
2023-06-19 16:42:33,289 - AUGCON - INFO - 	Validation Loss: 0.9222, Acc(1): 71.00, Acc(5): 97.00, F1: 0.17, Recall: 0.18, Precision: 0.17
2023-06-19 16:42:33,289 - AUGCON - INFO - 	Validation Loss: 0.9751, Acc(1): 69.00, Acc(5): 96.67, F1: 0.18, Recall: 0.17, Precision: 0.18
